solve_message =
'filterSQP (20020316): QP infeasible (ifail = 4), objective = 2401.02578895531\
71 iterations (70 for feasibility)\
Evals: obj = 1, constr = 119, grad = 48, Hes = 69'

:      _varname          _var         :=
1     'F[2]'           0
2     'F[3]'           0
3     'F[4]'           0
4     'F[5]'           0
5     'F[6]'           0
6     'F[7]'           0
7     'F[8]'         100
8     'F[9]'           0
9     'F[10]'          0
10    'F[11]'          0
11    'F[12]'          0
12    'F[13]'          0
13    'F[14]'          0
14    'Vs[1]'       1332.5
15    'Vs[2]'       1068.53
16    'y[1,1,1]'       4.26667e-07
17    'y[1,1,2]'       0.0063537
18    'y[1,1,3]'       0.993646
19    'y[1,2,1]'       2.47868e-06
20    'y[1,2,2]'       0.0142877
21    'y[1,2,3]'       0.98571
22    'y[1,3,1]'       1.42128e-05
23    'y[1,3,2]'       0.0316394
24    'y[1,3,3]'       0.968346
25    'y[1,4,1]'       7.97273e-05
26    'y[1,4,2]'       0.0684156
27    'y[1,4,3]'       0.931505
28    'y[1,5,1]'       0.000427894
29    'y[1,5,2]'       0.141405
30    'y[1,5,3]'       0.858167
31    'y[1,6,1]'       0.0021134
32    'y[1,6,2]'       0.268839
33    'y[1,6,3]'       0.729048
34    'y[1,7,1]'       0.00912751
35    'y[1,7,2]'       0.446843
36    'y[1,7,3]'       0.544029
37    'y[1,8,1]'       0.0330668
38    'y[1,8,2]'       0.622942
39    'y[1,8,3]'       0.343992
40    'y[1,9,1]'       0.0356074
41    'y[1,9,2]'       0.769869
42    'y[1,9,3]'       0.194524
43    'y[1,10,1]'      0.0396311
44    'y[1,10,2]'      0.861708
45    'y[1,10,3]'      0.0986609
46    'y[1,11,1]'      0.0483982
47    'y[1,11,2]'      0.904872
48    'y[1,11,3]'      0.0467299
49    'y[1,12,1]'      0.0698925
50    'y[1,12,2]'      0.908985
51    'y[1,12,3]'      0.0211221
52    'y[1,13,1]'      0.121756
53    'y[1,13,2]'      0.869172
54    'y[1,13,3]'      0.00907163
55    'y[1,14,1]'      0.234254
56    'y[1,14,2]'      0.762181
57    'y[1,14,3]'      0.00356453
58    'y[1,15,1]'      0.428572
59    'y[1,15,2]'      0.570239
60    'y[1,15,3]'      0.00118816
61    'y[2,1,1]'       0.00215081
62    'y[2,1,2]'       0.996943
63    'y[2,1,3]'       0.000906091
64    'y[2,2,1]'       0.00545053
65    'y[2,2,2]'       0.994137
66    'y[2,2,3]'       0.000412016
67    'y[2,3,1]'       0.0136212
68    'y[2,3,2]'       0.986175
69    'y[2,3,3]'       0.000204035
70    'y[2,4,1]'       0.0335025
71    'y[2,4,2]'       0.966382
72    'y[2,4,3]'       0.000115944
73    'y[2,5,1]'       0.0798895
74    'y[2,5,2]'       0.920033
75    'y[2,5,3]'       7.7383e-05
76    'y[2,6,1]'       0.178277
77    'y[2,6,2]'       0.821665
78    'y[2,6,3]'       5.8037e-05
79    'y[2,7,1]'       0.350426
80    'y[2,7,2]'       0.649529
81    'y[2,7,3]'       4.47594e-05
82    'y[2,8,1]'       0.570084
83    'y[2,8,2]'       0.429883
84    'y[2,8,3]'       3.34274e-05
85    'y[2,9,1]'       0.760263
86    'y[2,9,2]'       0.239712
87    'y[2,9,3]'       2.48702e-05
88    'y[2,10,1]'      0.877028
89    'y[2,10,2]'      0.122952
90    'y[2,10,3]'      1.98588e-05
91    'y[2,11,1]'      0.934296
92    'y[2,11,2]'      0.0656864
93    'y[2,11,3]'      1.74442e-05
94    'y[2,12,1]'      0.972885
95    'y[2,12,2]'      0.0271122
96    'y[2,12,3]'      3.13889e-06
97    'y[2,13,1]'      0.989098
98    'y[2,13,2]'      0.0109012
99    'y[2,13,3]'      5.50703e-07
100   'y[2,14,1]'      0.995673
101   'y[2,14,2]'      0.00432642
102   'y[2,14,3]'      9.55533e-08
103   'y[2,15,1]'      0.998302
104   'y[2,15,2]'      0.00169847
105   'y[2,15,3]'      1.64444e-08
106   'Ls[1]'       1362.5
107   'Ls[2]'       1108.51
108   'x[1,1,1]'       7.17749e-08
109   'x[1,1,2]'       0.00277791
110   'x[1,1,3]'       0.997222
111   'x[1,2,1]'       4.18853e-07
112   'x[1,2,2]'       0.00627496
113   'x[1,2,3]'       0.993725
114   'x[1,3,1]'       2.42569e-06
115   'x[1,3,2]'       0.0140343
116   'x[1,3,3]'       0.985963
117   'x[1,4,1]'       1.39015e-05
118   'x[1,4,2]'       0.031004
119   'x[1,4,3]'       0.968982
120   'x[1,5,1]'       7.79734e-05
121   'x[1,5,2]'       0.0669703
122   'x[1,5,3]'       0.932952
123   'x[1,6,1]'       0.000418474
124   'x[1,6,2]'       0.138352
125   'x[1,6,3]'       0.861229
126   'x[1,7,1]'       0.00206687
127   'x[1,7,2]'       0.262981
128   'x[1,7,3]'       0.734952
129   'x[1,8,1]'       0.00892654
130   'x[1,8,2]'       0.437066
131   'x[1,8,3]'       0.554008
132   'x[1,9,1]'       0.0111377
133   'x[1,9,2]'       0.625864
134   'x[1,9,3]'       0.362998
135   'x[1,10,1]'      0.0138193
136   'x[1,10,2]'      0.780937
137   'x[1,10,3]'      0.205244
138   'x[1,11,1]'      0.0180661
139   'x[1,11,2]'      0.877869
140   'x[1,11,3]'      0.104065
141   'x[1,12,1]'      0.0273192
142   'x[1,12,2]'      0.923426
143   'x[1,12,3]'      0.049255
144   'x[1,13,1]'      0.0500053
145   'x[1,13,2]'      0.927767
146   'x[1,13,3]'      0.0222273
147   'x[1,14,1]'      0.104744
148   'x[1,14,2]'      0.885747
149   'x[1,14,3]'      0.00950873
150   'x[1,15,1]'      0.22348
151   'x[1,15,2]'      0.772823
152   'x[1,15,3]'      0.00369629
153   'x[2,1,1]'       0.000827673
154   'x[2,1,2]'       0.997092
155   'x[2,1,3]'       0.0020802
156   'x[2,2,1]'       0.00210309
157   'x[2,2,2]'       0.996948
158   'x[2,2,3]'       0.000948439
159   'x[2,3,1]'       0.00528379
160   'x[2,3,2]'       0.994244
161   'x[2,3,3]'       0.000472185
162   'x[2,4,1]'       0.0131597
163   'x[2,4,2]'       0.986569
164   'x[2,4,3]'       0.000271705
165   'x[2,5,1]'       0.032324
166   'x[2,5,2]'       0.967489
167   'x[2,5,3]'       0.000186791
168   'x[2,6,1]'       0.0770379
169   'x[2,6,2]'       0.922812
170   'x[2,6,3]'       0.000149621
171   'x[2,7,1]'       0.171876
172   'x[2,7,2]'       0.827993
173   'x[2,7,3]'       0.000130973
174   'x[2,8,1]'       0.337817
175   'x[2,8,2]'       0.662065
176   'x[2,8,3]'       0.000118174
177   'x[2,9,1]'       0.549552
178   'x[2,9,2]'       0.450341
179   'x[2,9,3]'       0.000107251
180   'x[2,10,1]'      0.732872
181   'x[2,10,2]'      0.267029
182   'x[2,10,3]'      9.90021e-05
183   'x[2,11,1]'      0.845425
184   'x[2,11,2]'      0.154481
185   'x[2,11,3]'      9.41714e-05
186   'x[2,12,1]'      0.932446
187   'x[2,12,2]'      0.0675359
188   'x[2,12,3]'      1.7948e-05
189   'x[2,13,1]'      0.97215
190   'x[2,13,2]'      0.0278468
191   'x[2,13,3]'      3.22915e-06
192   'x[2,14,1]'      0.988832
193   'x[2,14,2]'      0.0111672
194   'x[2,14,3]'      5.66145e-07
195   'x[2,15,1]'      0.995598
196   'x[2,15,2]'      0.00440239
197   'x[2,15,3]'      9.78399e-08
198   'CC[2]'          0
199   'CC[3]'          0
200   'CC[4]'          0
201   'CC[5]'          0
202   'CC[6]'          0
203   'CC[7]'          0
204   'CC[8]'          0
205   'CC[9]'          0
206   'CC[10]'         0
207   'CC[11]'        69.9998
208   'CC[12]'         0
209   'CC[13]'         0
210   'CC[14]'         0
211   'CR[2]'          0
212   'CR[3]'          0
213   'CR[4]'          0
214   'CR[5]'          0
215   'CR[6]'          0
216   'CR[7]'          0
217   'CR[8]'          0
218   'CR[9]'          0
219   'CR[10]'         0
220   'CR[11]'         0
221   'CR[12]'         0
222   'CR[13]'         0
223   'CR[14]'         0
224   'PC[1]'          0
225   'PC[2]'         30.0179
226   'PR[1]'         30.0002
227   'PR[2]'         39.9819
228   'PS[2]'          0
229   'PS[3]'          0
230   'PS[4]'          0
231   'PS[5]'          0
232   'PS[6]'          0
233   'PS[7]'          0
234   'PS[8]'          0
235   'PS[9]'          0
236   'PS[10]'         0
237   'PS[11]'         0
238   'PS[12]'         0
239   'PS[13]'         0
240   'PS[14]'         0
241   Vap           2401.03
242   Sep             99.5
;

