solve_message = 'SNOPT 7.6.1 : Optimal solution found.\
231 iterations, objective 125.53295221810185\
Nonlin evals: constrs = 34, Jac = 33.'

:     _varname        _var         :=
1     'F[2]'        0
2     'F[3]'        0
3     'F[4]'        0
4     'F[5]'        0
5     'F[6]'        0
6     'F[7]'        0
7     'F[8]'      100
8     'F[9]'        0
9     'F[10]'       0
10    'F[11]'       0
11    'F[12]'       0
12    'F[13]'       0
13    'F[14]'       0
14    Vs          125.533
15    'y[1,1]'      0.00011649
16    'y[1,2]'      0.13872
17    'y[1,3]'      0.861163
18    'y[2,1]'      0.000502576
19    'y[2,2]'      0.245857
20    'y[2,3]'      0.753641
21    'y[3,1]'      0.00191151
22    'y[3,2]'      0.379221
23    'y[3,3]'      0.618867
24    'y[4,1]'      0.00648078
25    'y[4,2]'      0.514091
26    'y[4,3]'      0.479429
27    'y[5,1]'      0.019724
28    'y[5,2]'      0.620167
29    'y[5,3]'      0.360109
30    'y[6,1]'      0.0543664
31    'y[6,2]'      0.674434
32    'y[6,3]'      0.271199
33    'y[7,1]'      0.134746
34    'y[7,2]'      0.658288
35    'y[7,3]'      0.206966
36    'y[8,1]'      0.288601
37    'y[8,2]'      0.555596
38    'y[8,3]'      0.155803
39    'y[9,1]'      0.29014
40    'y[9,2]'      0.568883
41    'y[9,3]'      0.140977
42    'y[10,1]'     0.292022
43    'y[10,2]'     0.584536
44    'y[10,3]'     0.123442
45    'y[11,1]'     0.294422
46    'y[11,2]'     0.601853
47    'y[11,3]'     0.103725
48    'y[12,1]'     0.298212
49    'y[12,2]'     0.619049
50    'y[12,3]'     0.0827387
51    'y[13,1]'     0.307213
52    'y[13,2]'     0.631248
53    'y[13,3]'     0.0615387
54    'y[14,1]'     0.336214
55    'y[14,2]'     0.622831
56    'y[14,3]'     0.0409552
57    'y[15,1]'     0.431649
58    'y[15,2]'     0.546768
59    'y[15,3]'     0.0215829
60    Ls          156.034
61    'x[1,1]'      2.11866e-05
62    'x[1,2]'      0.0655724
63    'x[1,3]'      0.934406
64    'x[2,1]'      9.78604e-05
65    'x[2,2]'      0.124422
66    'x[2,3]'      0.875481
67    'x[3,1]'      0.000408476
68    'x[3,2]'      0.210616
69    'x[3,3]'      0.788976
70    'x[4,1]'      0.001542
71    'x[4,2]'      0.317911
72    'x[4,3]'      0.680547
73    'x[5,1]'      0.00521809
74    'x[5,2]'      0.426417
75    'x[5,3]'      0.568365
76    'x[6,1]'      0.0158726
77    'x[6,2]'      0.511758
78    'x[6,3]'      0.472369
79    'x[7,1]'      0.0437433
80    'x[7,2]'      0.555417
81    'x[7,3]'      0.400839
82    'x[8,1]'      0.108411
83    'x[8,2]'      0.542427
84    'x[8,3]'      0.349162
85    'x[9,1]'      0.111176
86    'x[9,2]'      0.566546
87    'x[9,3]'      0.322278
88    'x[10,1]'     0.114623
89    'x[10,2]'     0.596313
90    'x[10,3]'     0.289064
91    'x[11,1]'     0.11884
92    'x[11,2]'     0.631381
93    'x[11,3]'     0.249779
94    'x[12,1]'     0.124217
95    'x[12,2]'     0.670175
96    'x[12,3]'     0.205608
97    'x[13,1]'     0.132707
98    'x[13,2]'     0.708701
99    'x[13,3]'     0.158592
100   'x[14,1]'     0.152874
101   'x[14,2]'     0.73603
102   'x[14,3]'     0.111097
103   'x[15,1]'     0.217843
104   'x[15,2]'     0.717173
105   'x[15,3]'     0.0649831
106   PC           69.4994
107   PR           30.5006
108   Vap         125.533
;

