solve_message =
'CONOPT 3.17A: Locally infeasible; objective 16894.396177395436\
21 iterations; evals: nf = 3, ng = 0, nc = 486, nJ = 44, nH = 0, nHv = 17'

:          _varname              _var          :=
1     'F[2]'                    0
2     'F[3]'                    0
3     'F[4]'                    0
4     'F[5]'                    0
5     'F[6]'                    0
6     'F[7]'                    0
7     'F[8]'                  200
8     'F[9]'                    0
9     'F[10]'                   0
10    'F[11]'                   0
11    'F[12]'                   0
12    'F[13]'                   0
13    'F[14]'                   0
14    'V[1]'                16894.4
15    'V[2]'                17058.6
16    'V[3]'                17174.2
17    'V[4]'                17249.2
18    'V[5]'                17307.3
19    'V[6]'                17373
20    'V[7]'                17465.9
21    'V[8]'                17594.7
22    'V[9]'                17748.7
23    'V[10]'               17896.7
24    'V[11]'               18018.4
25    'V[12]'               18106.9
26    'V[13]'               18166.1
27    'V[14]'               18203.7
28    'V[15]'                   0
29    'y[1,1]'                  0.0102269
30    'y[1,2]'                  0.729276
31    'y[1,3]'                  0.260497
32    'y[2,1]'                  0.0211422
33    'y[2,2]'                  0.838968
34    'y[2,3]'                  0.13989
35    'y[3,1]'                  0.0406199
36    'y[3,2]'                  0.88978
37    'y[3,3]'                  0.0695997
38    'y[4,1]'                  0.0741061
39    'y[4,2]'                  0.892518
40    'y[4,3]'                  0.0333761
41    'y[5,1]'                  0.129169
42    'y[5,2]'                  0.85485
43    'y[5,3]'                  0.015981
44    'y[6,1]'                  0.213571
45    'y[6,2]'                  0.778469
46    'y[6,3]'                  0.00796008
47    'y[7,1]'                  0.32991
48    'y[7,2]'                  0.665747
49    'y[7,3]'                  0.0043429
50    'y[8,1]'                  0.468978
51    'y[8,2]'                  0.528313
52    'y[8,3]'                  0.00270956
53    'y[9,1]'                  0.611058
54    'y[9,2]'                  0.388075
55    'y[9,3]'                  0.000867028
56    'y[10,1]'                 0.734505
57    'y[10,2]'                 0.265241
58    'y[10,3]'                 0.000254535
59    'y[11,1]'                 0.828403
60    'y[11,2]'                 0.171527
61    'y[11,3]'                 6.98737e-05
62    'y[12,1]'                 0.893224
63    'y[12,2]'                 0.106758
64    'y[12,3]'                 1.83015e-05
65    'y[13,1]'                 0.935179
66    'y[13,2]'                 0.0648165
67    'y[13,3]'                 4.64913e-06
68    'y[14,1]'                 0.961257
69    'y[14,2]'                 0.0387415
70    'y[14,3]'                 1.15858e-06
71    'y[15,1]'                 0.977073
72    'y[15,2]'                 0.0229268
73    'y[15,3]'                 2.85232e-07
74    'L[1]'                    0
75    'L[2]'                17033.6
76    'L[3]'                17197.8
77    'L[4]'                17313.5
78    'L[5]'                17388.4
79    'L[6]'                17446.6
80    'L[7]'                17512.2
81    'L[8]'                17605.1
82    'L[9]'                17534
83    'L[10]'               17687.9
84    'L[11]'               17836
85    'L[12]'               17957.6
86    'L[13]'               18046.1
87    'L[14]'               18105.3
88    'L[15]'               18142.9
89    'x[1,1]'                  0.0044537
90    'x[1,2]'                  0.564595
91    'x[1,3]'                  0.430952
92    'x[2,1]'                  0.0101797
93    'x[2,2]'                  0.72793
94    'x[2,3]'                  0.26189
95    'x[3,1]'                  0.0210071
96    'x[3,2]'                  0.836746
97    'x[3,3]'                  0.142246
98    'x[4,1]'                  0.0403291
99    'x[4,2]'                  0.887165
100   'x[4,3]'                  0.0725055
101   'x[5,1]'                  0.0735484
102   'x[5,2]'                  0.889892
103   'x[5,3]'                  0.0365595
104   'x[6,1]'                  0.128173
105   'x[6,2]'                  0.852534
106   'x[6,3]'                  0.0192925
107   'x[7,1]'                  0.211909
108   'x[7,2]'                  0.776768
109   'x[7,3]'                  0.011323
110   'x[8,1]'                  0.327336
111   'x[8,2]'                  0.664947
112   'x[8,3]'                  0.00771665
113   'x[9,1]'                  0.467217
114   'x[9,2]'                  0.530064
115   'x[9,3]'                  0.00271896
116   'x[10,1]'                 0.6098
117   'x[10,2]'                 0.38933
118   'x[10,3]'                 0.000870006
119   'x[11,1]'                 0.733678
120   'x[11,2]'                 0.266066
121   'x[11,3]'                 0.000255401
122   'x[12,1]'                 0.8279
123   'x[12,2]'                 0.17203
124   'x[12,3]'                 7.01092e-05
125   'x[13,1]'                 0.892941
126   'x[13,2]'                 0.10704
127   'x[13,3]'                 1.83622e-05
128   'x[14,1]'                 0.935038
129   'x[14,2]'                 0.0649571
130   'x[14,3]'                 4.66378e-06
131   'x[15,1]'                 0.961204
132   'x[15,2]'                 0.0387945
133   'x[15,3]'                 1.1615e-06
134   PC                       60.7733
135   PR                      139.227
136   'T[1]'                  377.513
137   'T[2]'                  374.377
138   'T[3]'                  372.201
139   'T[4]'                  370.721
140   'T[5]'                  369.495
141   'T[6]'                  368.153
142   'T[7]'                  366.474
143   'T[8]'                  364.454
144   'T[9]'                  362.251
145   'T[10]'                 360.268
146   'T[11]'                 358.702
147   'T[12]'                 357.591
148   'T[13]'                 356.858
149   'T[14]'                 356.397
150   'T[15]'                 356.115
151   TF                      368.932
152   QC                   199975
153   QR                    2e+05
154   'H[1,1]'                  2.12139
155   'H[1,2]'                  2.0393
156   'H[1,3]'                  2.55735
157   'H[2,1]'                  2.03117
158   'H[2,2]'                  1.95302
159   'H[2,3]'                  2.4481
160   'H[3,1]'                  1.96891
161   'H[3,2]'                  1.89346
162   'H[3,3]'                  2.37273
163   'H[4,1]'                  1.9267
164   'H[4,2]'                  1.85307
165   'H[4,3]'                  2.32166
166   'H[5,1]'                  1.89186
167   'H[5,2]'                  1.81973
168   'H[5,3]'                  2.27951
169   'H[6,1]'                  1.85379
170   'H[6,2]'                  1.78329
171   'H[6,3]'                  2.23346
172   'H[7,1]'                  1.80631
173   'H[7,2]'                  1.73784
174   'H[7,3]'                  2.17604
175   'H[8,1]'                  1.7494
176   'H[8,2]'                  1.68335
177   'H[8,3]'                  2.10724
178   'H[9,1]'                  1.6876
179   'H[9,2]'                  1.62416
180   'H[9,3]'                  2.03255
181   'H[10,1]'                 1.63219
182   'H[10,2]'                 1.57108
183   'H[10,3]'                 1.9656
184   'H[11,1]'                 1.58862
185   'H[11,2]'                 1.52934
186   'H[11,3]'                 1.91297
187   'H[12,1]'                 1.55776
188   'H[12,2]'                 1.49977
189   'H[12,3]'                 1.87571
190   'H[13,1]'                 1.53744
191   'H[13,2]'                 1.4803
192   'H[13,3]'                 1.85118
193   'H[14,1]'                 1.52468
194   'H[14,2]'                 1.46806
195   'H[14,3]'                 1.83577
196   'H[15,1]'                 1.51689
197   'H[15,2]'                 1.46059
198   'H[15,3]'                 1.82636
199   'HF[1]'                   1.87586
200   'HF[2]'                   1.80442
201   'HF[3]'                   2.26016
202   'h[1,1]'                 -8.1864
203   'h[1,2]'                 -9.35775
204   'h[1,3]'                 -9.89411
205   'h[2,1]'                 -8.37297
206   'h[2,2]'                 -9.52351
207   'h[2,3]'                -10.099
208   'h[3,1]'                 -8.50127
209   'h[3,2]'                 -9.63763
210   'h[3,3]'                -10.2399
211   'h[4,1]'                 -8.58804
212   'h[4,2]'                 -9.71486
213   'h[4,3]'                -10.3353
214   'h[5,1]'                 -8.65955
215   'h[5,2]'                 -9.77855
216   'h[5,3]'                -10.4139
217   'h[6,1]'                 -8.73758
218   'h[6,2]'                 -9.84808
219   'h[6,3]'                -10.4997
220   'h[7,1]'                 -8.83469
221   'h[7,2]'                 -9.93466
222   'h[7,3]'                -10.6065
223   'h[8,1]'                 -8.95085
224   'h[8,2]'                -10.0383
225   'h[8,3]'                -10.7343
226   'h[9,1]'                 -9.0767
227   'h[9,2]'                -10.1507
228   'h[9,3]'                -10.8728
229   'h[10,1]'                -9.18927
230   'h[10,2]'               -10.2513
231   'h[10,3]'               -10.9968
232   'h[11,1]'                -9.27762
233   'h[11,2]'               -10.3303
234   'h[11,3]'               -11.094
235   'h[12,1]'                -9.3401
236   'h[12,2]'               -10.3862
237   'h[12,3]'               -11.1628
238   'h[13,1]'                -9.3812
239   'h[13,2]'               -10.4229
240   'h[13,3]'               -11.2081
241   'h[14,1]'                -9.40701
242   'h[14,2]'               -10.446
243   'h[14,3]'               -11.2365
244   'h[15,1]'                -9.42276
245   'h[15,2]'               -10.4601
246   'h[15,3]'               -11.2539
247   'hF[1]'                  -8.69236
248   'hF[2]'                  -9.80778
249   'hF[3]'                 -10.45
250   'tauGamma[1,1,1]'     1e-06
251   'tauGamma[1,1,2]'         0.0242503
252   'tauGamma[1,1,3]'     1e-06
253   'tauGamma[1,2,1]'         0.0245609
254   'tauGamma[1,2,2]'     1e-06
255   'tauGamma[1,2,3]'     1e-06
256   'tauGamma[1,3,1]'     1e-06
257   'tauGamma[1,3,2]'     1e-06
258   'tauGamma[1,3,3]'     1e-06
259   'tauGamma[2,1,1]'     1e-06
260   'tauGamma[2,1,2]'         0.0244535
261   'tauGamma[2,1,3]'     1e-06
262   'tauGamma[2,2,1]'         0.0247666
263   'tauGamma[2,2,2]'     1e-06
264   'tauGamma[2,2,3]'     1e-06
265   'tauGamma[2,3,1]'     1e-06
266   'tauGamma[2,3,2]'     1e-06
267   'tauGamma[2,3,3]'     1e-06
268   'tauGamma[3,1,1]'     1e-06
269   'tauGamma[3,1,2]'         0.0245964
270   'tauGamma[3,1,3]'     1e-06
271   'tauGamma[3,2,1]'         0.0249114
272   'tauGamma[3,2,2]'     1e-06
273   'tauGamma[3,2,3]'     1e-06
274   'tauGamma[3,3,1]'     1e-06
275   'tauGamma[3,3,2]'     1e-06
276   'tauGamma[3,3,3]'     1e-06
277   'tauGamma[4,1,1]'     1e-06
278   'tauGamma[4,1,2]'         0.0246946
279   'tauGamma[4,1,3]'     1e-06
280   'tauGamma[4,2,1]'         0.0250109
281   'tauGamma[4,2,2]'     1e-06
282   'tauGamma[4,2,3]'     1e-06
283   'tauGamma[4,3,1]'     1e-06
284   'tauGamma[4,3,2]'     1e-06
285   'tauGamma[4,3,3]'     1e-06
286   'tauGamma[5,1,1]'     1e-06
287   'tauGamma[5,1,2]'         0.0247765
288   'tauGamma[5,1,3]'     1e-06
289   'tauGamma[5,2,1]'         0.0250938
290   'tauGamma[5,2,2]'     1e-06
291   'tauGamma[5,2,3]'     1e-06
292   'tauGamma[5,3,1]'     1e-06
293   'tauGamma[5,3,2]'     1e-06
294   'tauGamma[5,3,3]'     1e-06
295   'tauGamma[6,1,1]'     1e-06
296   'tauGamma[6,1,2]'         0.0248669
297   'tauGamma[6,1,3]'     1e-06
298   'tauGamma[6,2,1]'         0.0251853
299   'tauGamma[6,2,2]'     1e-06
300   'tauGamma[6,2,3]'     1e-06
301   'tauGamma[6,3,1]'     1e-06
302   'tauGamma[6,3,2]'     1e-06
303   'tauGamma[6,3,3]'     1e-06
304   'tauGamma[7,1,1]'     1e-06
305   'tauGamma[7,1,2]'         0.0249808
306   'tauGamma[7,1,3]'     1e-06
307   'tauGamma[7,2,1]'         0.0253007
308   'tauGamma[7,2,2]'     1e-06
309   'tauGamma[7,2,3]'     1e-06
310   'tauGamma[7,3,1]'     1e-06
311   'tauGamma[7,3,2]'     1e-06
312   'tauGamma[7,3,3]'     1e-06
313   'tauGamma[8,1,1]'     1e-06
314   'tauGamma[8,1,2]'         0.0251193
315   'tauGamma[8,1,3]'     1e-06
316   'tauGamma[8,2,1]'         0.0254409
317   'tauGamma[8,2,2]'     1e-06
318   'tauGamma[8,2,3]'     1e-06
319   'tauGamma[8,3,1]'     1e-06
320   'tauGamma[8,3,2]'     1e-06
321   'tauGamma[8,3,3]'     1e-06
322   'tauGamma[9,1,1]'     1e-06
323   'tauGamma[9,1,2]'         0.025272
324   'tauGamma[9,1,3]'     1e-06
325   'tauGamma[9,2,1]'         0.0255957
326   'tauGamma[9,2,2]'     1e-06
327   'tauGamma[9,2,3]'     1e-06
328   'tauGamma[9,3,1]'     1e-06
329   'tauGamma[9,3,2]'     1e-06
330   'tauGamma[9,3,3]'     1e-06
331   'tauGamma[10,1,1]'    1e-06
332   'tauGamma[10,1,2]'        0.0254112
333   'tauGamma[10,1,3]'    1e-06
334   'tauGamma[10,2,1]'        0.0257366
335   'tauGamma[10,2,2]'    1e-06
336   'tauGamma[10,2,3]'    1e-06
337   'tauGamma[10,3,1]'    1e-06
338   'tauGamma[10,3,2]'    1e-06
339   'tauGamma[10,3,3]'    1e-06
340   'tauGamma[11,1,1]'    1e-06
341   'tauGamma[11,1,2]'        0.025522
342   'tauGamma[11,1,3]'    1e-06
343   'tauGamma[11,2,1]'        0.0258489
344   'tauGamma[11,2,2]'    1e-06
345   'tauGamma[11,2,3]'    1e-06
346   'tauGamma[11,3,1]'    1e-06
347   'tauGamma[11,3,2]'    1e-06
348   'tauGamma[11,3,3]'    1e-06
349   'tauGamma[12,1,1]'    1e-06
350   'tauGamma[12,1,2]'        0.0256014
351   'tauGamma[12,1,3]'    1e-06
352   'tauGamma[12,2,1]'        0.0259292
353   'tauGamma[12,2,2]'    1e-06
354   'tauGamma[12,2,3]'    1e-06
355   'tauGamma[12,3,1]'    1e-06
356   'tauGamma[12,3,2]'    1e-06
357   'tauGamma[12,3,3]'    1e-06
358   'tauGamma[13,1,1]'    1e-06
359   'tauGamma[13,1,2]'        0.0256539
360   'tauGamma[13,1,3]'    1e-06
361   'tauGamma[13,2,1]'        0.0259825
362   'tauGamma[13,2,2]'    1e-06
363   'tauGamma[13,2,3]'    1e-06
364   'tauGamma[13,3,1]'    1e-06
365   'tauGamma[13,3,2]'    1e-06
366   'tauGamma[13,3,3]'    1e-06
367   'tauGamma[14,1,1]'    1e-06
368   'tauGamma[14,1,2]'        0.0256871
369   'tauGamma[14,1,3]'    1e-06
370   'tauGamma[14,2,1]'        0.0260161
371   'tauGamma[14,2,2]'    1e-06
372   'tauGamma[14,2,3]'    1e-06
373   'tauGamma[14,3,1]'    1e-06
374   'tauGamma[14,3,2]'    1e-06
375   'tauGamma[14,3,3]'    1e-06
376   'tauGamma[15,1,1]'    1e-06
377   'tauGamma[15,1,2]'        0.0257075
378   'tauGamma[15,1,3]'    1e-06
379   'tauGamma[15,2,1]'        0.0260367
380   'tauGamma[15,2,2]'    1e-06
381   'tauGamma[15,2,3]'    1e-06
382   'tauGamma[15,3,1]'    1e-06
383   'tauGamma[15,3,2]'    1e-06
384   'tauGamma[15,3,3]'    1e-06
385   'PGamma[1,1,1]'           1
386   'PGamma[1,1,2]'           0.992751
387   'PGamma[1,1,3]'           1
388   'PGamma[1,2,1]'           0.992659
389   'PGamma[1,2,2]'           1
390   'PGamma[1,2,3]'           1
391   'PGamma[1,3,1]'           1
392   'PGamma[1,3,2]'           1
393   'PGamma[1,3,3]'           1
394   'PGamma[2,1,1]'           1
395   'PGamma[2,1,2]'           0.992691
396   'PGamma[2,1,3]'           1
397   'PGamma[2,2,1]'           0.992598
398   'PGamma[2,2,2]'           1
399   'PGamma[2,2,3]'           1
400   'PGamma[2,3,1]'           1
401   'PGamma[2,3,2]'           1
402   'PGamma[2,3,3]'           1
403   'PGamma[3,1,1]'           1
404   'PGamma[3,1,2]'           0.992648
405   'PGamma[3,1,3]'           1
406   'PGamma[3,2,1]'           0.992554
407   'PGamma[3,2,2]'           1
408   'PGamma[3,2,3]'           1
409   'PGamma[3,3,1]'           1
410   'PGamma[3,3,2]'           1
411   'PGamma[3,3,3]'           1
412   'PGamma[4,1,1]'           1
413   'PGamma[4,1,2]'           0.992619
414   'PGamma[4,1,3]'           1
415   'PGamma[4,2,1]'           0.992525
416   'PGamma[4,2,2]'           1
417   'PGamma[4,2,3]'           1
418   'PGamma[4,3,1]'           1
419   'PGamma[4,3,2]'           1
420   'PGamma[4,3,3]'           1
421   'PGamma[5,1,1]'           1
422   'PGamma[5,1,2]'           0.992595
423   'PGamma[5,1,3]'           1
424   'PGamma[5,2,1]'           0.9925
425   'PGamma[5,2,2]'           1
426   'PGamma[5,2,3]'           1
427   'PGamma[5,3,1]'           1
428   'PGamma[5,3,2]'           1
429   'PGamma[5,3,3]'           1
430   'PGamma[6,1,1]'           1
431   'PGamma[6,1,2]'           0.992568
432   'PGamma[6,1,3]'           1
433   'PGamma[6,2,1]'           0.992473
434   'PGamma[6,2,2]'           1
435   'PGamma[6,2,3]'           1
436   'PGamma[6,3,1]'           1
437   'PGamma[6,3,2]'           1
438   'PGamma[6,3,3]'           1
439   'PGamma[7,1,1]'           1
440   'PGamma[7,1,2]'           0.992534
441   'PGamma[7,1,3]'           1
442   'PGamma[7,2,1]'           0.992439
443   'PGamma[7,2,2]'           1
444   'PGamma[7,2,3]'           1
445   'PGamma[7,3,1]'           1
446   'PGamma[7,3,2]'           1
447   'PGamma[7,3,3]'           1
448   'PGamma[8,1,1]'           1
449   'PGamma[8,1,2]'           0.992493
450   'PGamma[8,1,3]'           1
451   'PGamma[8,2,1]'           0.992397
452   'PGamma[8,2,2]'           1
453   'PGamma[8,2,3]'           1
454   'PGamma[8,3,1]'           1
455   'PGamma[8,3,2]'           1
456   'PGamma[8,3,3]'           1
457   'PGamma[9,1,1]'           1
458   'PGamma[9,1,2]'           0.992447
459   'PGamma[9,1,3]'           1
460   'PGamma[9,2,1]'           0.992351
461   'PGamma[9,2,2]'           1
462   'PGamma[9,2,3]'           1
463   'PGamma[9,3,1]'           1
464   'PGamma[9,3,2]'           1
465   'PGamma[9,3,3]'           1
466   'PGamma[10,1,1]'          1
467   'PGamma[10,1,2]'          0.992406
468   'PGamma[10,1,3]'          1
469   'PGamma[10,2,1]'          0.992309
470   'PGamma[10,2,2]'          1
471   'PGamma[10,2,3]'          1
472   'PGamma[10,3,1]'          1
473   'PGamma[10,3,2]'          1
474   'PGamma[10,3,3]'          1
475   'PGamma[11,1,1]'          1
476   'PGamma[11,1,2]'          0.992373
477   'PGamma[11,1,3]'          1
478   'PGamma[11,2,1]'          0.992275
479   'PGamma[11,2,2]'          1
480   'PGamma[11,2,3]'          1
481   'PGamma[11,3,1]'          1
482   'PGamma[11,3,2]'          1
483   'PGamma[11,3,3]'          1
484   'PGamma[12,1,1]'          1
485   'PGamma[12,1,2]'          0.992349
486   'PGamma[12,1,3]'          1
487   'PGamma[12,2,1]'          0.992251
488   'PGamma[12,2,2]'          1
489   'PGamma[12,2,3]'          1
490   'PGamma[12,3,1]'          1
491   'PGamma[12,3,2]'          1
492   'PGamma[12,3,3]'          1
493   'PGamma[13,1,1]'          1
494   'PGamma[13,1,2]'          0.992333
495   'PGamma[13,1,3]'          1
496   'PGamma[13,2,1]'          0.992236
497   'PGamma[13,2,2]'          1
498   'PGamma[13,2,3]'          1
499   'PGamma[13,3,1]'          1
500   'PGamma[13,3,2]'          1
501   'PGamma[13,3,3]'          1
502   'PGamma[14,1,1]'          1
503   'PGamma[14,1,2]'          0.992323
504   'PGamma[14,1,3]'          1
505   'PGamma[14,2,1]'          0.992226
506   'PGamma[14,2,2]'          1
507   'PGamma[14,2,3]'          1
508   'PGamma[14,3,1]'          1
509   'PGamma[14,3,2]'          1
510   'PGamma[14,3,3]'          1
511   'PGamma[15,1,1]'          1
512   'PGamma[15,1,2]'          0.992317
513   'PGamma[15,1,3]'          1
514   'PGamma[15,2,1]'          0.992219
515   'PGamma[15,2,2]'          1
516   'PGamma[15,2,3]'          1
517   'PGamma[15,3,1]'          1
518   'PGamma[15,3,2]'          1
519   'PGamma[15,3,3]'          1
520   'SGamma1[1,1]'            0.0137656
521   'SGamma1[1,2]'            0.000108216
522   'SGamma1[1,3]'        1e-06
523   'SGamma1[2,1]'            0.0178952
524   'SGamma1[2,2]'            0.000248099
525   'SGamma1[2,3]'        1e-06
526   'SGamma1[3,1]'            0.0206895
527   'SGamma1[3,2]'            0.00051388
528   'SGamma1[3,3]'        1e-06
529   'SGamma1[4,1]'            0.022023
530   'SGamma1[4,2]'            0.000989521
531   'SGamma1[4,3]'        1e-06
532   'SGamma1[5,1]'            0.0221634
533   'SGamma1[5,2]'            0.00180971
534   'SGamma1[5,3]'        1e-06
535   'SGamma1[6,1]'            0.0213099
536   'SGamma1[6,2]'            0.00316445
537   'SGamma1[6,3]'        1e-06
538   'SGamma1[7,1]'            0.0195044
539   'SGamma1[7,2]'            0.00525492
540   'SGamma1[7,3]'        1e-06
541   'SGamma1[8,1]'            0.0167886
542   'SGamma1[8,2]'            0.00816139
543   'SGamma1[8,3]'        1e-06
544   'SGamma1[9,1]'            0.013464
545   'SGamma1[9,2]'            0.0117189
546   'SGamma1[9,3]'        1e-06
547   'SGamma1[10,1]'           0.00994356
548   'SGamma1[10,2]'           0.0153784
549   'SGamma1[10,3]'       1e-06
550   'SGamma1[11,1]'           0.00682512
551   'SGamma1[11,2]'           0.0185824
552   'SGamma1[11,3]'       1e-06
553   'SGamma1[12,1]'           0.00442687
554   'SGamma1[12,2]'           0.0210334
555   'SGamma1[12,3]'       1e-06
556   'SGamma1[13,1]'           0.00276047
557   'SGamma1[13,2]'           0.022732
558   'SGamma1[13,3]'       1e-06
559   'SGamma1[14,1]'           0.00167773
560   'SGamma1[14,2]'           0.0238341
561   'SGamma1[14,3]'       1e-06
562   'SGamma1[15,1]'           0.00100318
563   'SGamma1[15,2]'           0.0245203
564   'SGamma1[15,3]'       1e-06
565   'SGamma2[1,1]'            0.995855
566   'SGamma2[1,2]'            0.999968
567   'SGamma2[1,3]'            1
568   'SGamma2[2,1]'            0.994612
569   'SGamma2[2,2]'            0.999926
570   'SGamma2[2,3]'            1
571   'SGamma2[3,1]'            0.99377
572   'SGamma2[3,2]'            0.999846
573   'SGamma2[3,3]'            1
574   'SGamma2[4,1]'            0.993368
575   'SGamma2[4,2]'            0.999702
576   'SGamma2[4,3]'            1
577   'SGamma2[5,1]'            0.993326
578   'SGamma2[5,2]'            0.999455
579   'SGamma2[5,3]'            1
580   'SGamma2[6,1]'            0.993583
581   'SGamma2[6,2]'            0.999047
582   'SGamma2[6,3]'            1
583   'SGamma2[7,1]'            0.994126
584   'SGamma2[7,2]'            0.998418
585   'SGamma2[7,3]'            1
586   'SGamma2[8,1]'            0.994944
587   'SGamma2[8,2]'            0.997543
588   'SGamma2[8,3]'            1
589   'SGamma2[9,1]'            0.995945
590   'SGamma2[9,2]'            0.996471
591   'SGamma2[9,3]'            1
592   'SGamma2[10,1]'           0.997006
593   'SGamma2[10,2]'           0.995369
594   'SGamma2[10,3]'           1
595   'SGamma2[11,1]'           0.997945
596   'SGamma2[11,2]'           0.994404
597   'SGamma2[11,3]'           1
598   'SGamma2[12,1]'           0.998667
599   'SGamma2[12,2]'           0.993666
600   'SGamma2[12,3]'           1
601   'SGamma2[13,1]'           0.999169
602   'SGamma2[13,2]'           0.993154
603   'SGamma2[13,3]'           1
604   'SGamma2[14,1]'           0.999495
605   'SGamma2[14,2]'           0.992822
606   'SGamma2[14,3]'           1
607   'SGamma2[15,1]'           0.999698
608   'SGamma2[15,2]'           0.992615
609   'SGamma2[15,3]'           1
610   'gamma[1,1]'              1.02767
611   'gamma[1,2]'              1.0001
612   'gamma[1,3]'              0.999879
613   'gamma[2,1]'              1.03593
614   'gamma[2,2]'              1.00014
615   'gamma[2,3]'              0.999637
616   'gamma[3,1]'              1.04121
617   'gamma[3,2]'              1.00017
618   'gamma[3,3]'              0.999132
619   'gamma[4,1]'              1.04305
620   'gamma[4,2]'              1.00023
621   'gamma[4,3]'              0.998225
622   'gamma[5,1]'              1.04181
623   'gamma[5,2]'              1.0004
624   'gamma[5,3]'              0.996743
625   'gamma[6,1]'              1.03776
626   'gamma[6,2]'              1.00094
627   'gamma[6,3]'              0.994547
628   'gamma[7,1]'              1.03114
629   'gamma[7,2]'              1.00237
630   'gamma[7,3]'              0.991759
631   'gamma[8,1]'              1.02278
632   'gamma[8,2]'              1.00554
633   'gamma[8,3]'              0.989057
634   'gamma[9,1]'              1.01441
635   'gamma[9,2]'              1.01119
636   'gamma[9,3]'              0.987483
637   'gamma[10,1]'             1.00777
638   'gamma[10,2]'             1.01916
639   'gamma[10,3]'             0.987932
640   'gamma[11,1]'             1.00363
641   'gamma[11,2]'             1.02794
642   'gamma[11,3]'             0.990024
643   'gamma[12,1]'             1.00152
644   'gamma[12,2]'             1.03581
645   'gamma[12,3]'             0.992689
646   'gamma[13,1]'             1.00059
647   'gamma[13,2]'             1.04186
648   'gamma[13,3]'             0.995078
649   'gamma[14,1]'             1.00022
650   'gamma[14,2]'             1.04606
651   'gamma[14,3]'             0.996866
652   'gamma[15,1]'             1.00008
653   'gamma[15,2]'             1.04877
654   'gamma[15,3]'             0.998074
655   'PrS[1,1]'           226404
656   'PrS[1,2]'           130867
657   'PrS[1,3]'            61255.3
658   'PrS[2,1]'           203143
659   'PrS[2,2]'           116765
660   'PrS[2,3]'            54142.9
661   'PrS[3,1]'           188170
662   'PrS[3,2]'           107729
663   'PrS[3,3]'            49620.3
664   'PrS[4,1]'           178503
665   'PrS[4,2]'           101913
666   'PrS[4,3]'            46725.4
667   'PrS[5,1]'           170810
668   'PrS[5,2]'            97295.8
669   'PrS[5,3]'            44436.3
670   'PrS[6,1]'           162692
671   'PrS[6,2]'            92434.9
672   'PrS[6,3]'            42035.8
673   'PrS[7,1]'           152984
674   'PrS[7,2]'            86637.2
675   'PrS[7,3]'            39186
676   'PrS[8,1]'           141935
677   'PrS[8,2]'            80061
678   'PrS[8,3]'            35972.1
679   'PrS[9,1]'           130637
680   'PrS[9,2]'            73362
681   'PrS[9,3]'            32720.3
682   'PrS[10,1]'          121105
683   'PrS[10,2]'           67732.8
684   'PrS[10,3]'           30006.4
685   'PrS[11,1]'          113993
686   'PrS[11,2]'           63546.7
687   'PrS[11,3]'           28000.3
688   'PrS[12,1]'          109154
689   'PrS[12,2]'           60706
690   'PrS[12,3]'           26645
691   'PrS[13,1]'          106055
692   'PrS[13,2]'           58890.2
693   'PrS[13,3]'           25781.4
694   'PrS[14,1]'          104143
695   'PrS[14,2]'           57771.3
696   'PrS[14,3]'           25250.4
697   'PrS[15,1]'          102990
698   'PrS[15,2]'           57096.5
699   'PrS[15,3]'           24930.5
700   'PrSF[1]'            167362
701   'PrSF[2]'             95229.8
702   'PrSF[3]'             43414.8
703   Vap                   16894.4
;

