solve_message = 'CONOPT 3.17A: Locally optimal; objective 233.46749355030852\
18 iterations; evals: nf = 6, ng = 0, nc = 477, nJ = 36, nH = 0, nHv = 0'

:           _varname              _var          :=
1      'F[2]'                    0
2      'F[3]'                    0
3      'F[4]'                    0
4      'F[5]'                    0
5      'F[6]'                    0
6      'F[7]'                    0
7      'F[8]'                    0
8      'F[9]'                    0
9      'F[10]'                   0
10     'F[11]'                   0
11     'F[12]'                   0
12     'F[13]'                   0
13     'F[14]'                   0
14     'F[15]'                 200
15     'F[16]'                   0
16     'F[17]'                   0
17     'F[18]'                   0
18     'F[19]'                   0
19     'F[20]'                   0
20     'F[21]'                   0
21     'F[22]'                   0
22     'F[23]'                   0
23     'F[24]'                   0
24     'F[25]'                   0
25     'F[26]'                   0
26     'F[27]'                   0
27     'F[28]'                   0
28     'F[29]'                   0
29     'V[1]'                  233.467
30     'V[2]'                  234.901
31     'V[3]'                  235.639
32     'V[4]'                  236.064
33     'V[5]'                  236.385
34     'V[6]'                  236.691
35     'V[7]'                  237.009
36     'V[8]'                  237.334
37     'V[9]'                  237.652
38     'V[10]'                 237.948
39     'V[11]'                 238.21
40     'V[12]'                 238.433
41     'V[13]'                 238.616
42     'V[14]'                 238.764
43     'V[15]'                 239.29
44     'V[16]'                 240.831
45     'V[17]'                 241.73
46     'V[18]'                 242.253
47     'V[19]'                 242.606
48     'V[20]'                 242.916
49     'V[21]'                 243.253
50     'V[22]'                 243.661
51     'V[23]'                 244.166
52     'V[24]'                 244.776
53     'V[25]'                 245.482
54     'V[26]'                 246.257
55     'V[27]'                 247.056
56     'V[28]'                 247.832
57     'V[29]'                 248.546
58     'V[30]'                   0
59     'y[1,1]'                  0.0487316
60     'y[1,2]'                  0.695043
61     'y[1,3]'                  0.256225
62     'y[2,1]'                  0.0805771
63     'y[2,2]'                  0.745712
64     'y[2,3]'                  0.173711
65     'y[3,1]'                  0.116881
66     'y[3,2]'                  0.74527
67     'y[3,3]'                  0.137849
68     'y[4,1]'                  0.157314
69     'y[4,2]'                  0.721023
70     'y[4,3]'                  0.121662
71     'y[5,1]'                  0.200898
72     'y[5,2]'                  0.686019
73     'y[5,3]'                  0.113083
74     'y[6,1]'                  0.245989
75     'y[6,2]'                  0.646663
76     'y[6,3]'                  0.107349
77     'y[7,1]'                  0.290569
78     'y[7,2]'                  0.606673
79     'y[7,3]'                  0.102757
80     'y[8,1]'                  0.33266
81     'y[8,2]'                  0.56855
82     'y[8,3]'                  0.0987902
83     'y[9,1]'                  0.370693
84     'y[9,2]'                  0.533973
85     'y[9,3]'                  0.0953344
86     'y[10,1]'                 0.40372
87     'y[10,2]'                 0.503897
88     'y[10,3]'                 0.0923829
89     'y[11,1]'                 0.431428
90     'y[11,2]'                 0.478643
91     'y[11,3]'                 0.0899287
92     'y[12,1]'                 0.454014
93     'y[12,2]'                 0.458046
94     'y[12,3]'                 0.0879398
95     'y[13,1]'                 0.471996
96     'y[13,2]'                 0.441641
97     'y[13,3]'                 0.086363
98     'y[14,1]'                 0.486049
99     'y[14,2]'                 0.428816
100    'y[14,3]'                 0.0851348
101    'y[15,1]'                 0.496873
102    'y[15,2]'                 0.418935
103    'y[15,3]'                 0.0841912
104    'y[16,1]'                 0.512571
105    'y[16,2]'                 0.446075
106    'y[16,3]'                 0.0413535
107    'y[17,1]'                 0.524748
108    'y[17,2]'                 0.4559
109    'y[17,3]'                 0.0193519
110    'y[18,1]'                 0.536425
111    'y[18,2]'                 0.45477
112    'y[18,3]'                 0.00880449
113    'y[19,1]'                 0.549857
114    'y[19,2]'                 0.446211
115    'y[19,3]'                 0.00393153
116    'y[20,1]'                 0.566716
117    'y[20,2]'                 0.431556
118    'y[20,3]'                 0.00172798
119    'y[21,1]'                 0.588303
120    'y[21,2]'                 0.41095
121    'y[21,3]'                 0.000746894
122    'y[22,1]'                 0.615556
123    'y[22,2]'                 0.384128
124    'y[22,3]'                 0.000316558
125    'y[23,1]'                 0.648876
126    'y[23,2]'                 0.350993
127    'y[23,3]'                 0.000131038
128    'y[24,1]'                 0.687886
129    'y[24,2]'                 0.312062
130    'y[24,3]'                 5.27569e-05
131    'y[25,1]'                 0.731264
132    'y[25,2]'                 0.268716
133    'y[25,3]'                 2.05839e-05
134    'y[26,1]'                 0.776851
135    'y[26,2]'                 0.223141
136    'y[26,3]'                 7.76351e-06
137    'y[27,1]'                 0.822062
138    'y[27,2]'                 0.177936
139    'y[27,3]'                 2.82642e-06
140    'y[28,1]'                 0.864455
141    'y[28,2]'                 0.135544
142    'y[28,3]'                 9.91288e-07
143    'y[29,1]'                 0.902228
144    'y[29,2]'                 0.097772
145    'y[29,3]'                 3.32277e-07
146    'y[30,1]'                 0.934426
147    'y[30,2]'                 0.0655738
148    'y[30,3]'                 1.03061e-07
149    'L[1]'                    0
150    'L[2]'                  372.467
151    'L[3]'                  373.901
152    'L[4]'                  374.639
153    'L[5]'                  375.064
154    'L[6]'                  375.385
155    'L[7]'                  375.691
156    'L[8]'                  376.009
157    'L[9]'                  376.334
158    'L[10]'                 376.652
159    'L[11]'                 376.948
160    'L[12]'                 377.21
161    'L[13]'                 377.433
162    'L[14]'                 377.616
163    'L[15]'                 377.764
164    'L[16]'                 178.29
165    'L[17]'                 179.831
166    'L[18]'                 180.73
167    'L[19]'                 181.253
168    'L[20]'                 181.606
169    'L[21]'                 181.916
170    'L[22]'                 182.253
171    'L[23]'                 182.661
172    'L[24]'                 183.166
173    'L[25]'                 183.776
174    'L[26]'                 184.482
175    'L[27]'                 185.257
176    'L[28]'                 186.056
177    'L[29]'                 186.832
178    'L[30]'                 187.546
179    'x[1,1]'                  0.0215827
180    'x[1,2]'                  0.546763
181    'x[1,3]'                  0.431655
182    'x[2,1]'                  0.0386
183    'x[2,2]'                  0.639707
184    'x[2,3]'                  0.321693
185    'x[3,1]'                  0.0586456
186    'x[3,2]'                  0.671751
187    'x[3,3]'                  0.269603
188    'x[4,1]'                  0.0815233
189    'x[4,2]'                  0.671619
190    'x[4,3]'                  0.246858
191    'x[5,1]'                  0.107012
192    'x[5,2]'                  0.656442
193    'x[5,3]'                  0.236547
194    'x[6,1]'                  0.1345
195    'x[6,2]'                  0.634454
196    'x[6,3]'                  0.231046
197    'x[7,1]'                  0.162962
198    'x[7,2]'                  0.609701
199    'x[7,3]'                  0.227337
200    'x[8,1]'                  0.191133
201    'x[8,2]'                  0.584526
202    'x[8,3]'                  0.224341
203    'x[9,1]'                  0.217763
204    'x[9,2]'                  0.560503
205    'x[9,3]'                  0.221735
206    'x[10,1]'                 0.241857
207    'x[10,2]'                 0.538693
208    'x[10,3]'                 0.21945
209    'x[11,1]'                 0.262806
210    'x[11,2]'                 0.519704
211    'x[11,3]'                 0.21749
212    'x[12,1]'                 0.280402
213    'x[12,2]'                 0.503745
214    'x[12,3]'                 0.215853
215    'x[13,1]'                 0.294759
216    'x[13,2]'                 0.490719
217    'x[13,3]'                 0.214522
218    'x[14,1]'                 0.3062
219    'x[14,2]'                 0.480336
220    'x[14,3]'                 0.213464
221    'x[15,1]'                 0.315147
222    'x[15,2]'                 0.472215
223    'x[15,3]'                 0.212638
224    'x[16,1]'                 0.347169
225    'x[16,2]'                 0.539835
226    'x[16,3]'                 0.112996
227    'x[17,1]'                 0.369475
228    'x[17,2]'                 0.575144
229    'x[17,3]'                 0.0553808
230    'x[18,1]'                 0.386473
231    'x[18,2]'                 0.587643
232    'x[18,3]'                 0.0258836
233    'x[19,1]'                 0.40248
234    'x[19,2]'                 0.585753
235    'x[19,3]'                 0.0117676
236    'x[20,1]'                 0.420684
237    'x[20,2]'                 0.574064
238    'x[20,3]'                 0.00525206
239    'x[21,1]'                 0.443416
240    'x[21,2]'                 0.554277
241    'x[21,3]'                 0.00230737
242    'x[22,1]'                 0.472456
243    'x[22,2]'                 0.526547
244    'x[22,3]'                 0.000996845
245    'x[23,1]'                 0.509068
246    'x[23,2]'                 0.49051
247    'x[23,3]'                 0.000422238
248    'x[24,1]'                 0.553779
249    'x[24,2]'                 0.446046
250    'x[24,3]'                 0.000174644
251    'x[25,1]'                 0.606053
252    'x[25,2]'                 0.393877
253    'x[25,3]'                 7.02341e-05
254    'x[26,1]'                 0.664087
255    'x[26,2]'                 0.335886
256    'x[26,3]'                 2.7356e-05
257    'x[27,1]'                 0.724966
258    'x[27,2]'                 0.275023
259    'x[27,3]'                 1.02859e-05
260    'x[28,1]'                 0.785222
261    'x[28,2]'                 0.214774
262    'x[28,3]'                 3.71929e-06
263    'x[29,1]'                 0.84161
264    'x[29,2]'                 0.158389
265    'x[29,3]'                 1.28129e-06
266    'x[30,1]'                 0.891755
267    'x[30,2]'                 0.108245
268    'x[30,3]'                 4.06831e-07
269    PC                       61
270    PR                      139
271    'T[1]'                  377.059
272    'T[2]'                  374.671
273    'T[3]'                  373.321
274    'T[4]'                  372.426
275    'T[5]'                  371.692
276    'T[6]'                  371.009
277    'T[7]'                  370.352
278    'T[8]'                  369.73
279    'T[9]'                  369.162
280    'T[10]'                 368.662
281    'T[11]'                 368.237
282    'T[12]'                 367.887
283    'T[13]'                 367.605
284    'T[14]'                 367.384
285    'T[15]'                 367.212
286    'T[16]'                 365.391
287    'T[17]'                 364.334
288    'T[18]'                 363.724
289    'T[19]'                 363.316
290    'T[20]'                 362.966
291    'T[21]'                 362.595
292    'T[22]'                 362.157
293    'T[23]'                 361.629
294    'T[24]'                 361.008
295    'T[25]'                 360.309
296    'T[26]'                 359.561
297    'T[27]'                 358.806
298    'T[28]'                 358.086
299    'T[29]'                 357.434
300    'T[30]'                 356.871
301    TF                      368.932
302    QC                     2741.48
303    QR                     2765.17
304    'H[1,1]'                  2.10829
305    'H[1,2]'                  2.02677
306    'H[1,3]'                  2.54148
307    'H[2,1]'                  2.03962
308    'H[2,2]'                  1.9611
309    'H[2,3]'                  2.45833
310    'H[3,1]'                  2.00094
311    'H[3,2]'                  1.9241
312    'H[3,3]'                  2.4115
313    'H[4,1]'                  1.97533
314    'H[4,2]'                  1.8996
315    'H[4,3]'                  2.3805
316    'H[5,1]'                  1.95438
317    'H[5,2]'                  1.87955
318    'H[5,3]'                  2.35514
319    'H[6,1]'                  1.9349
320    'H[6,2]'                  1.86092
321    'H[6,3]'                  2.33158
322    'H[7,1]'                  1.9162
323    'H[7,2]'                  1.84302
324    'H[7,3]'                  2.30896
325    'H[8,1]'                  1.89854
326    'H[8,2]'                  1.82612
327    'H[8,3]'                  2.28758
328    'H[9,1]'                  1.88241
329    'H[9,2]'                  1.81068
330    'H[9,3]'                  2.26807
331    'H[10,1]'                 1.86822
332    'H[10,2]'                 1.7971
333    'H[10,3]'                 2.25091
334    'H[11,1]'                 1.85617
335    'H[11,2]'                 1.78557
336    'H[11,3]'                 2.23634
337    'H[12,1]'                 1.84625
338    'H[12,2]'                 1.77608
339    'H[12,3]'                 2.22434
340    'H[13,1]'                 1.83829
341    'H[13,2]'                 1.76845
342    'H[13,3]'                 2.21471
343    'H[14,1]'                 1.83202
344    'H[14,2]'                 1.76245
345    'H[14,3]'                 2.20713
346    'H[15,1]'                 1.82716
347    'H[15,2]'                 1.7578
348    'H[15,3]'                 2.20126
349    'H[16,1]'                 1.77576
350    'H[16,2]'                 1.70859
351    'H[16,3]'                 2.13911
352    'H[17,1]'                 1.74604
353    'H[17,2]'                 1.68013
354    'H[17,3]'                 2.10318
355    'H[18,1]'                 1.72888
356    'H[18,2]'                 1.6637
357    'H[18,3]'                 2.08243
358    'H[19,1]'                 1.71743
359    'H[19,2]'                 1.65274
360    'H[19,3]'                 2.0686
361    'H[20,1]'                 1.70764
362    'H[20,2]'                 1.64335
363    'H[20,3]'                 2.05676
364    'H[21,1]'                 1.69723
365    'H[21,2]'                 1.63339
366    'H[21,3]'                 2.04418
367    'H[22,1]'                 1.68495
368    'H[22,2]'                 1.62163
369    'H[22,3]'                 2.02935
370    'H[23,1]'                 1.6702
371    'H[23,2]'                 1.60749
372    'H[23,3]'                 2.01152
373    'H[24,1]'                 1.65285
374    'H[24,2]'                 1.59088
375    'H[24,3]'                 1.99057
376    'H[25,1]'                 1.63333
377    'H[25,2]'                 1.57218
378    'H[25,3]'                 1.96698
379    'H[26,1]'                 1.6125
380    'H[26,2]'                 1.55222
381    'H[26,3]'                 1.94182
382    'H[27,1]'                 1.59149
383    'H[27,2]'                 1.53209
384    'H[27,3]'                 1.91645
385    'H[28,1]'                 1.57148
386    'H[28,2]'                 1.51292
387    'H[28,3]'                 1.89228
388    'H[29,1]'                 1.5534
389    'H[29,2]'                 1.49559
390    'H[29,3]'                 1.87045
391    'H[30,1]'                 1.5378
392    'H[30,2]'                 1.48064
393    'H[30,3]'                 1.85161
394    'HF[1]'                   1.87586
395    'HF[2]'                   1.80442
396    'HF[3]'                   2.26016
397    'h[1,1]'                 -8.21355
398    'h[1,2]'                 -9.38185
399    'h[1,3]'                 -9.92391
400    'h[2,1]'                 -8.35553
401    'h[2,2]'                 -9.508
402    'h[2,3]'                -10.0798
403    'h[3,1]'                 -8.43532
404    'h[3,2]'                 -9.57895
405    'h[3,3]'                -10.1675
406    'h[4,1]'                 -8.48806
407    'h[4,2]'                 -9.62587
408    'h[4,3]'                -10.2254
409    'h[5,1]'                 -8.53117
410    'h[5,2]'                 -9.66424
411    'h[5,3]'                -10.2728
412    'h[6,1]'                 -8.5712
413    'h[6,2]'                 -9.69987
414    'h[6,3]'                -10.3168
415    'h[7,1]'                 -8.60961
416    'h[7,2]'                 -9.73407
417    'h[7,3]'                -10.359
418    'h[8,1]'                 -8.64587
419    'h[8,2]'                 -9.76636
420    'h[8,3]'                -10.3989
421    'h[9,1]'                 -8.67895
422    'h[9,2]'                 -9.79583
423    'h[9,3]'                -10.4352
424    'h[10,1]'                -8.70802
425    'h[10,2]'                -9.82174
426    'h[10,3]'               -10.4672
427    'h[11,1]'                -8.73269
428    'h[11,2]'                -9.84372
429    'h[11,3]'               -10.4943
430    'h[12,1]'                -8.753
431    'h[12,2]'                -9.86183
432    'h[12,3]'               -10.5167
433    'h[13,1]'                -8.76931
434    'h[13,2]'                -9.87636
435    'h[13,3]'               -10.5346
436    'h[14,1]'                -8.78213
437    'h[14,2]'                -9.8878
438    'h[14,3]'               -10.5487
439    'h[15,1]'                -8.79206
440    'h[15,2]'                -9.89665
441    'h[15,3]'               -10.5596
442    'h[16,1]'                -8.89708
443    'h[16,2]'                -9.99032
444    'h[16,3]'               -10.6752
445    'h[17,1]'                -8.95771
446    'h[17,2]'               -10.0444
447    'h[17,3]'               -10.7419
448    'h[18,1]'                -8.99268
449    'h[18,2]'               -10.0756
450    'h[18,3]'               -10.7804
451    'h[19,1]'                -9.01599
452    'h[19,2]'               -10.0965
453    'h[19,3]'               -10.806
454    'h[20,1]'                -9.03594
455    'h[20,2]'               -10.1143
456    'h[20,3]'               -10.828
457    'h[21,1]'                -9.05712
458    'h[21,2]'               -10.1332
459    'h[21,3]'               -10.8513
460    'h[22,1]'                -9.08208
461    'h[22,2]'               -10.1555
462    'h[22,3]'               -10.8787
463    'h[23,1]'                -9.11208
464    'h[23,2]'               -10.1823
465    'h[23,3]'               -10.9118
466    'h[24,1]'                -9.14732
467    'h[24,2]'               -10.2138
468    'h[24,3]'               -10.9506
469    'h[25,1]'                -9.18695
470    'h[25,2]'               -10.2492
471    'h[25,3]'               -10.9942
472    'h[26,1]'                -9.22922
473    'h[26,2]'               -10.287
474    'h[26,3]'               -11.0407
475    'h[27,1]'                -9.2718
476    'h[27,2]'               -10.3251
477    'h[27,3]'               -11.0876
478    'h[28,1]'                -9.31233
479    'h[28,2]'               -10.3613
480    'h[28,3]'               -11.1323
481    'h[29,1]'                -9.34892
482    'h[29,2]'               -10.394
483    'h[29,3]'               -11.1726
484    'h[30,1]'                -9.38048
485    'h[30,2]'               -10.4223
486    'h[30,3]'               -11.2073
487    'hF[1]'                  -8.69236
488    'hF[2]'                  -9.80778
489    'hF[3]'                 -10.45
490    'tauGamma[1,1,1]'     1e-06
491    'tauGamma[1,1,2]'         0.0242795
492    'tauGamma[1,1,3]'     1e-06
493    'tauGamma[1,2,1]'         0.0245905
494    'tauGamma[1,2,2]'     1e-06
495    'tauGamma[1,2,3]'     1e-06
496    'tauGamma[1,3,1]'     1e-06
497    'tauGamma[1,3,2]'     1e-06
498    'tauGamma[1,3,3]'     1e-06
499    'tauGamma[2,1,1]'     1e-06
500    'tauGamma[2,1,2]'         0.0244342
501    'tauGamma[2,1,3]'     1e-06
502    'tauGamma[2,2,1]'         0.0247472
503    'tauGamma[2,2,2]'     1e-06
504    'tauGamma[2,2,3]'     1e-06
505    'tauGamma[2,3,1]'     1e-06
506    'tauGamma[2,3,2]'     1e-06
507    'tauGamma[2,3,3]'     1e-06
508    'tauGamma[3,1,1]'     1e-06
509    'tauGamma[3,1,2]'         0.0245226
510    'tauGamma[3,1,3]'     1e-06
511    'tauGamma[3,2,1]'         0.0248367
512    'tauGamma[3,2,2]'     1e-06
513    'tauGamma[3,2,3]'     1e-06
514    'tauGamma[3,3,1]'     1e-06
515    'tauGamma[3,3,2]'     1e-06
516    'tauGamma[3,3,3]'     1e-06
517    'tauGamma[4,1,1]'     1e-06
518    'tauGamma[4,1,2]'         0.0245816
519    'tauGamma[4,1,3]'     1e-06
520    'tauGamma[4,2,1]'         0.0248964
521    'tauGamma[4,2,2]'     1e-06
522    'tauGamma[4,2,3]'     1e-06
523    'tauGamma[4,3,1]'     1e-06
524    'tauGamma[4,3,2]'     1e-06
525    'tauGamma[4,3,3]'     1e-06
526    'tauGamma[5,1,1]'     1e-06
527    'tauGamma[5,1,2]'         0.0246301
528    'tauGamma[5,1,3]'     1e-06
529    'tauGamma[5,2,1]'         0.0249456
530    'tauGamma[5,2,2]'     1e-06
531    'tauGamma[5,2,3]'     1e-06
532    'tauGamma[5,3,1]'     1e-06
533    'tauGamma[5,3,2]'     1e-06
534    'tauGamma[5,3,3]'     1e-06
535    'tauGamma[6,1,1]'     1e-06
536    'tauGamma[6,1,2]'         0.0246755
537    'tauGamma[6,1,3]'     1e-06
538    'tauGamma[6,2,1]'         0.0249915
539    'tauGamma[6,2,2]'     1e-06
540    'tauGamma[6,2,3]'     1e-06
541    'tauGamma[6,3,1]'     1e-06
542    'tauGamma[6,3,2]'     1e-06
543    'tauGamma[6,3,3]'     1e-06
544    'tauGamma[7,1,1]'     1e-06
545    'tauGamma[7,1,2]'         0.0247192
546    'tauGamma[7,1,3]'     1e-06
547    'tauGamma[7,2,1]'         0.0250358
548    'tauGamma[7,2,2]'     1e-06
549    'tauGamma[7,2,3]'     1e-06
550    'tauGamma[7,3,1]'     1e-06
551    'tauGamma[7,3,2]'     1e-06
552    'tauGamma[7,3,3]'     1e-06
553    'tauGamma[8,1,1]'     1e-06
554    'tauGamma[8,1,2]'         0.0247608
555    'tauGamma[8,1,3]'     1e-06
556    'tauGamma[8,2,1]'         0.0250779
557    'tauGamma[8,2,2]'     1e-06
558    'tauGamma[8,2,3]'     1e-06
559    'tauGamma[8,3,1]'     1e-06
560    'tauGamma[8,3,2]'     1e-06
561    'tauGamma[8,3,3]'     1e-06
562    'tauGamma[9,1,1]'     1e-06
563    'tauGamma[9,1,2]'         0.0247989
564    'tauGamma[9,1,3]'     1e-06
565    'tauGamma[9,2,1]'         0.0251165
566    'tauGamma[9,2,2]'     1e-06
567    'tauGamma[9,2,3]'     1e-06
568    'tauGamma[9,3,1]'     1e-06
569    'tauGamma[9,3,2]'     1e-06
570    'tauGamma[9,3,3]'     1e-06
571    'tauGamma[10,1,1]'    1e-06
572    'tauGamma[10,1,2]'        0.0248325
573    'tauGamma[10,1,3]'    1e-06
574    'tauGamma[10,2,1]'        0.0251505
575    'tauGamma[10,2,2]'    1e-06
576    'tauGamma[10,2,3]'    1e-06
577    'tauGamma[10,3,1]'    1e-06
578    'tauGamma[10,3,2]'    1e-06
579    'tauGamma[10,3,3]'    1e-06
580    'tauGamma[11,1,1]'    1e-06
581    'tauGamma[11,1,2]'        0.0248612
582    'tauGamma[11,1,3]'    1e-06
583    'tauGamma[11,2,1]'        0.0251796
584    'tauGamma[11,2,2]'    1e-06
585    'tauGamma[11,2,3]'    1e-06
586    'tauGamma[11,3,1]'    1e-06
587    'tauGamma[11,3,2]'    1e-06
588    'tauGamma[11,3,3]'    1e-06
589    'tauGamma[12,1,1]'    1e-06
590    'tauGamma[12,1,2]'        0.0248849
591    'tauGamma[12,1,3]'    1e-06
592    'tauGamma[12,2,1]'        0.0252036
593    'tauGamma[12,2,2]'    1e-06
594    'tauGamma[12,2,3]'    1e-06
595    'tauGamma[12,3,1]'    1e-06
596    'tauGamma[12,3,2]'    1e-06
597    'tauGamma[12,3,3]'    1e-06
598    'tauGamma[13,1,1]'    1e-06
599    'tauGamma[13,1,2]'        0.0249039
600    'tauGamma[13,1,3]'    1e-06
601    'tauGamma[13,2,1]'        0.0252229
602    'tauGamma[13,2,2]'    1e-06
603    'tauGamma[13,2,3]'    1e-06
604    'tauGamma[13,3,1]'    1e-06
605    'tauGamma[13,3,2]'    1e-06
606    'tauGamma[13,3,3]'    1e-06
607    'tauGamma[14,1,1]'    1e-06
608    'tauGamma[14,1,2]'        0.0249189
609    'tauGamma[14,1,3]'    1e-06
610    'tauGamma[14,2,1]'        0.0252381
611    'tauGamma[14,2,2]'    1e-06
612    'tauGamma[14,2,3]'    1e-06
613    'tauGamma[14,3,1]'    1e-06
614    'tauGamma[14,3,2]'    1e-06
615    'tauGamma[14,3,3]'    1e-06
616    'tauGamma[15,1,1]'    1e-06
617    'tauGamma[15,1,2]'        0.0249306
618    'tauGamma[15,1,3]'    1e-06
619    'tauGamma[15,2,1]'        0.0252499
620    'tauGamma[15,2,2]'    1e-06
621    'tauGamma[15,2,3]'    1e-06
622    'tauGamma[15,3,1]'    1e-06
623    'tauGamma[15,3,2]'    1e-06
624    'tauGamma[15,3,3]'    1e-06
625    'tauGamma[16,1,1]'    1e-06
626    'tauGamma[16,1,2]'        0.0250549
627    'tauGamma[16,1,3]'    1e-06
628    'tauGamma[16,2,1]'        0.0253757
629    'tauGamma[16,2,2]'    1e-06
630    'tauGamma[16,2,3]'    1e-06
631    'tauGamma[16,3,1]'    1e-06
632    'tauGamma[16,3,2]'    1e-06
633    'tauGamma[16,3,3]'    1e-06
634    'tauGamma[17,1,1]'    1e-06
635    'tauGamma[17,1,2]'        0.0251275
636    'tauGamma[17,1,3]'    1e-06
637    'tauGamma[17,2,1]'        0.0254493
638    'tauGamma[17,2,2]'    1e-06
639    'tauGamma[17,2,3]'    1e-06
640    'tauGamma[17,3,1]'    1e-06
641    'tauGamma[17,3,2]'    1e-06
642    'tauGamma[17,3,3]'    1e-06
643    'tauGamma[18,1,1]'    1e-06
644    'tauGamma[18,1,2]'        0.0251697
645    'tauGamma[18,1,3]'    1e-06
646    'tauGamma[18,2,1]'        0.0254921
647    'tauGamma[18,2,2]'    1e-06
648    'tauGamma[18,2,3]'    1e-06
649    'tauGamma[18,3,1]'    1e-06
650    'tauGamma[18,3,2]'    1e-06
651    'tauGamma[18,3,3]'    1e-06
652    'tauGamma[19,1,1]'    1e-06
653    'tauGamma[19,1,2]'        0.025198
654    'tauGamma[19,1,3]'    1e-06
655    'tauGamma[19,2,1]'        0.0255207
656    'tauGamma[19,2,2]'    1e-06
657    'tauGamma[19,2,3]'    1e-06
658    'tauGamma[19,3,1]'    1e-06
659    'tauGamma[19,3,2]'    1e-06
660    'tauGamma[19,3,3]'    1e-06
661    'tauGamma[20,1,1]'    1e-06
662    'tauGamma[20,1,2]'        0.0252222
663    'tauGamma[20,1,3]'    1e-06
664    'tauGamma[20,2,1]'        0.0255452
665    'tauGamma[20,2,2]'    1e-06
666    'tauGamma[20,2,3]'    1e-06
667    'tauGamma[20,3,1]'    1e-06
668    'tauGamma[20,3,2]'    1e-06
669    'tauGamma[20,3,3]'    1e-06
670    'tauGamma[21,1,1]'    1e-06
671    'tauGamma[21,1,2]'        0.0252481
672    'tauGamma[21,1,3]'    1e-06
673    'tauGamma[21,2,1]'        0.0255714
674    'tauGamma[21,2,2]'    1e-06
675    'tauGamma[21,2,3]'    1e-06
676    'tauGamma[21,3,1]'    1e-06
677    'tauGamma[21,3,2]'    1e-06
678    'tauGamma[21,3,3]'    1e-06
679    'tauGamma[22,1,1]'    1e-06
680    'tauGamma[22,1,2]'        0.0252786
681    'tauGamma[22,1,3]'    1e-06
682    'tauGamma[22,2,1]'        0.0256024
683    'tauGamma[22,2,2]'    1e-06
684    'tauGamma[22,2,3]'    1e-06
685    'tauGamma[22,3,1]'    1e-06
686    'tauGamma[22,3,2]'    1e-06
687    'tauGamma[22,3,3]'    1e-06
688    'tauGamma[23,1,1]'    1e-06
689    'tauGamma[23,1,2]'        0.0253155
690    'tauGamma[23,1,3]'    1e-06
691    'tauGamma[23,2,1]'        0.0256397
692    'tauGamma[23,2,2]'    1e-06
693    'tauGamma[23,2,3]'    1e-06
694    'tauGamma[23,3,1]'    1e-06
695    'tauGamma[23,3,2]'    1e-06
696    'tauGamma[23,3,3]'    1e-06
697    'tauGamma[24,1,1]'    1e-06
698    'tauGamma[24,1,2]'        0.025359
699    'tauGamma[24,1,3]'    1e-06
700    'tauGamma[24,2,1]'        0.0256838
701    'tauGamma[24,2,2]'    1e-06
702    'tauGamma[24,2,3]'    1e-06
703    'tauGamma[24,3,1]'    1e-06
704    'tauGamma[24,3,2]'    1e-06
705    'tauGamma[24,3,3]'    1e-06
706    'tauGamma[25,1,1]'    1e-06
707    'tauGamma[25,1,2]'        0.0254083
708    'tauGamma[25,1,3]'    1e-06
709    'tauGamma[25,2,1]'        0.0257337
710    'tauGamma[25,2,2]'    1e-06
711    'tauGamma[25,2,3]'    1e-06
712    'tauGamma[25,3,1]'    1e-06
713    'tauGamma[25,3,2]'    1e-06
714    'tauGamma[25,3,3]'    1e-06
715    'tauGamma[26,1,1]'    1e-06
716    'tauGamma[26,1,2]'        0.0254611
717    'tauGamma[26,1,3]'    1e-06
718    'tauGamma[26,2,1]'        0.0257872
719    'tauGamma[26,2,2]'    1e-06
720    'tauGamma[26,2,3]'    1e-06
721    'tauGamma[26,3,1]'    1e-06
722    'tauGamma[26,3,2]'    1e-06
723    'tauGamma[26,3,3]'    1e-06
724    'tauGamma[27,1,1]'    1e-06
725    'tauGamma[27,1,2]'        0.0255147
726    'tauGamma[27,1,3]'    1e-06
727    'tauGamma[27,2,1]'        0.0258414
728    'tauGamma[27,2,2]'    1e-06
729    'tauGamma[27,2,3]'    1e-06
730    'tauGamma[27,3,1]'    1e-06
731    'tauGamma[27,3,2]'    1e-06
732    'tauGamma[27,3,3]'    1e-06
733    'tauGamma[28,1,1]'    1e-06
734    'tauGamma[28,1,2]'        0.025566
735    'tauGamma[28,1,3]'    1e-06
736    'tauGamma[28,2,1]'        0.0258934
737    'tauGamma[28,2,2]'    1e-06
738    'tauGamma[28,2,3]'    1e-06
739    'tauGamma[28,3,1]'    1e-06
740    'tauGamma[28,3,2]'    1e-06
741    'tauGamma[28,3,3]'    1e-06
742    'tauGamma[29,1,1]'    1e-06
743    'tauGamma[29,1,2]'        0.0256126
744    'tauGamma[29,1,3]'    1e-06
745    'tauGamma[29,2,1]'        0.0259406
746    'tauGamma[29,2,2]'    1e-06
747    'tauGamma[29,2,3]'    1e-06
748    'tauGamma[29,3,1]'    1e-06
749    'tauGamma[29,3,2]'    1e-06
750    'tauGamma[29,3,3]'    1e-06
751    'tauGamma[30,1,1]'    1e-06
752    'tauGamma[30,1,2]'        0.025653
753    'tauGamma[30,1,3]'    1e-06
754    'tauGamma[30,2,1]'        0.0259815
755    'tauGamma[30,2,2]'    1e-06
756    'tauGamma[30,2,3]'    1e-06
757    'tauGamma[30,3,1]'    1e-06
758    'tauGamma[30,3,2]'    1e-06
759    'tauGamma[30,3,3]'    1e-06
760    'PGamma[1,1,1]'           1
761    'PGamma[1,1,2]'           0.992743
762    'PGamma[1,1,3]'           1
763    'PGamma[1,2,1]'           0.99265
764    'PGamma[1,2,2]'           1
765    'PGamma[1,2,3]'           1
766    'PGamma[1,3,1]'           1
767    'PGamma[1,3,2]'           1
768    'PGamma[1,3,3]'           1
769    'PGamma[2,1,1]'           1
770    'PGamma[2,1,2]'           0.992697
771    'PGamma[2,1,3]'           1
772    'PGamma[2,2,1]'           0.992603
773    'PGamma[2,2,2]'           1
774    'PGamma[2,2,3]'           1
775    'PGamma[2,3,1]'           1
776    'PGamma[2,3,2]'           1
777    'PGamma[2,3,3]'           1
778    'PGamma[3,1,1]'           1
779    'PGamma[3,1,2]'           0.99267
780    'PGamma[3,1,3]'           1
781    'PGamma[3,2,1]'           0.992577
782    'PGamma[3,2,2]'           1
783    'PGamma[3,2,3]'           1
784    'PGamma[3,3,1]'           1
785    'PGamma[3,3,2]'           1
786    'PGamma[3,3,3]'           1
787    'PGamma[4,1,1]'           1
788    'PGamma[4,1,2]'           0.992653
789    'PGamma[4,1,3]'           1
790    'PGamma[4,2,1]'           0.992559
791    'PGamma[4,2,2]'           1
792    'PGamma[4,2,3]'           1
793    'PGamma[4,3,1]'           1
794    'PGamma[4,3,2]'           1
795    'PGamma[4,3,3]'           1
796    'PGamma[5,1,1]'           1
797    'PGamma[5,1,2]'           0.992638
798    'PGamma[5,1,3]'           1
799    'PGamma[5,2,1]'           0.992544
800    'PGamma[5,2,2]'           1
801    'PGamma[5,2,3]'           1
802    'PGamma[5,3,1]'           1
803    'PGamma[5,3,2]'           1
804    'PGamma[5,3,3]'           1
805    'PGamma[6,1,1]'           1
806    'PGamma[6,1,2]'           0.992625
807    'PGamma[6,1,3]'           1
808    'PGamma[6,2,1]'           0.992531
809    'PGamma[6,2,2]'           1
810    'PGamma[6,2,3]'           1
811    'PGamma[6,3,1]'           1
812    'PGamma[6,3,2]'           1
813    'PGamma[6,3,3]'           1
814    'PGamma[7,1,1]'           1
815    'PGamma[7,1,2]'           0.992612
816    'PGamma[7,1,3]'           1
817    'PGamma[7,2,1]'           0.992517
818    'PGamma[7,2,2]'           1
819    'PGamma[7,2,3]'           1
820    'PGamma[7,3,1]'           1
821    'PGamma[7,3,2]'           1
822    'PGamma[7,3,3]'           1
823    'PGamma[8,1,1]'           1
824    'PGamma[8,1,2]'           0.992599
825    'PGamma[8,1,3]'           1
826    'PGamma[8,2,1]'           0.992505
827    'PGamma[8,2,2]'           1
828    'PGamma[8,2,3]'           1
829    'PGamma[8,3,1]'           1
830    'PGamma[8,3,2]'           1
831    'PGamma[8,3,3]'           1
832    'PGamma[9,1,1]'           1
833    'PGamma[9,1,2]'           0.992588
834    'PGamma[9,1,3]'           1
835    'PGamma[9,2,1]'           0.992493
836    'PGamma[9,2,2]'           1
837    'PGamma[9,2,3]'           1
838    'PGamma[9,3,1]'           1
839    'PGamma[9,3,2]'           1
840    'PGamma[9,3,3]'           1
841    'PGamma[10,1,1]'          1
842    'PGamma[10,1,2]'          0.992578
843    'PGamma[10,1,3]'          1
844    'PGamma[10,2,1]'          0.992483
845    'PGamma[10,2,2]'          1
846    'PGamma[10,2,3]'          1
847    'PGamma[10,3,1]'          1
848    'PGamma[10,3,2]'          1
849    'PGamma[10,3,3]'          1
850    'PGamma[11,1,1]'          1
851    'PGamma[11,1,2]'          0.992569
852    'PGamma[11,1,3]'          1
853    'PGamma[11,2,1]'          0.992475
854    'PGamma[11,2,2]'          1
855    'PGamma[11,2,3]'          1
856    'PGamma[11,3,1]'          1
857    'PGamma[11,3,2]'          1
858    'PGamma[11,3,3]'          1
859    'PGamma[12,1,1]'          1
860    'PGamma[12,1,2]'          0.992562
861    'PGamma[12,1,3]'          1
862    'PGamma[12,2,1]'          0.992467
863    'PGamma[12,2,2]'          1
864    'PGamma[12,2,3]'          1
865    'PGamma[12,3,1]'          1
866    'PGamma[12,3,2]'          1
867    'PGamma[12,3,3]'          1
868    'PGamma[13,1,1]'          1
869    'PGamma[13,1,2]'          0.992557
870    'PGamma[13,1,3]'          1
871    'PGamma[13,2,1]'          0.992462
872    'PGamma[13,2,2]'          1
873    'PGamma[13,2,3]'          1
874    'PGamma[13,3,1]'          1
875    'PGamma[13,3,2]'          1
876    'PGamma[13,3,3]'          1
877    'PGamma[14,1,1]'          1
878    'PGamma[14,1,2]'          0.992552
879    'PGamma[14,1,3]'          1
880    'PGamma[14,2,1]'          0.992457
881    'PGamma[14,2,2]'          1
882    'PGamma[14,2,3]'          1
883    'PGamma[14,3,1]'          1
884    'PGamma[14,3,2]'          1
885    'PGamma[14,3,3]'          1
886    'PGamma[15,1,1]'          1
887    'PGamma[15,1,2]'          0.992549
888    'PGamma[15,1,3]'          1
889    'PGamma[15,2,1]'          0.992454
890    'PGamma[15,2,2]'          1
891    'PGamma[15,2,3]'          1
892    'PGamma[15,3,1]'          1
893    'PGamma[15,3,2]'          1
894    'PGamma[15,3,3]'          1
895    'PGamma[16,1,1]'          1
896    'PGamma[16,1,2]'          0.992512
897    'PGamma[16,1,3]'          1
898    'PGamma[16,2,1]'          0.992416
899    'PGamma[16,2,2]'          1
900    'PGamma[16,2,3]'          1
901    'PGamma[16,3,1]'          1
902    'PGamma[16,3,2]'          1
903    'PGamma[16,3,3]'          1
904    'PGamma[17,1,1]'          1
905    'PGamma[17,1,2]'          0.99249
906    'PGamma[17,1,3]'          1
907    'PGamma[17,2,1]'          0.992394
908    'PGamma[17,2,2]'          1
909    'PGamma[17,2,3]'          1
910    'PGamma[17,3,1]'          1
911    'PGamma[17,3,2]'          1
912    'PGamma[17,3,3]'          1
913    'PGamma[18,1,1]'          1
914    'PGamma[18,1,2]'          0.992478
915    'PGamma[18,1,3]'          1
916    'PGamma[18,2,1]'          0.992382
917    'PGamma[18,2,2]'          1
918    'PGamma[18,2,3]'          1
919    'PGamma[18,3,1]'          1
920    'PGamma[18,3,2]'          1
921    'PGamma[18,3,3]'          1
922    'PGamma[19,1,1]'          1
923    'PGamma[19,1,2]'          0.992469
924    'PGamma[19,1,3]'          1
925    'PGamma[19,2,1]'          0.992373
926    'PGamma[19,2,2]'          1
927    'PGamma[19,2,3]'          1
928    'PGamma[19,3,1]'          1
929    'PGamma[19,3,2]'          1
930    'PGamma[19,3,3]'          1
931    'PGamma[20,1,1]'          1
932    'PGamma[20,1,2]'          0.992462
933    'PGamma[20,1,3]'          1
934    'PGamma[20,2,1]'          0.992366
935    'PGamma[20,2,2]'          1
936    'PGamma[20,2,3]'          1
937    'PGamma[20,3,1]'          1
938    'PGamma[20,3,2]'          1
939    'PGamma[20,3,3]'          1
940    'PGamma[21,1,1]'          1
941    'PGamma[21,1,2]'          0.992454
942    'PGamma[21,1,3]'          1
943    'PGamma[21,2,1]'          0.992358
944    'PGamma[21,2,2]'          1
945    'PGamma[21,2,3]'          1
946    'PGamma[21,3,1]'          1
947    'PGamma[21,3,2]'          1
948    'PGamma[21,3,3]'          1
949    'PGamma[22,1,1]'          1
950    'PGamma[22,1,2]'          0.992445
951    'PGamma[22,1,3]'          1
952    'PGamma[22,2,1]'          0.992349
953    'PGamma[22,2,2]'          1
954    'PGamma[22,2,3]'          1
955    'PGamma[22,3,1]'          1
956    'PGamma[22,3,2]'          1
957    'PGamma[22,3,3]'          1
958    'PGamma[23,1,1]'          1
959    'PGamma[23,1,2]'          0.992434
960    'PGamma[23,1,3]'          1
961    'PGamma[23,2,1]'          0.992338
962    'PGamma[23,2,2]'          1
963    'PGamma[23,2,3]'          1
964    'PGamma[23,3,1]'          1
965    'PGamma[23,3,2]'          1
966    'PGamma[23,3,3]'          1
967    'PGamma[24,1,1]'          1
968    'PGamma[24,1,2]'          0.992421
969    'PGamma[24,1,3]'          1
970    'PGamma[24,2,1]'          0.992324
971    'PGamma[24,2,2]'          1
972    'PGamma[24,2,3]'          1
973    'PGamma[24,3,1]'          1
974    'PGamma[24,3,2]'          1
975    'PGamma[24,3,3]'          1
976    'PGamma[25,1,1]'          1
977    'PGamma[25,1,2]'          0.992406
978    'PGamma[25,1,3]'          1
979    'PGamma[25,2,1]'          0.99231
980    'PGamma[25,2,2]'          1
981    'PGamma[25,2,3]'          1
982    'PGamma[25,3,1]'          1
983    'PGamma[25,3,2]'          1
984    'PGamma[25,3,3]'          1
985    'PGamma[26,1,1]'          1
986    'PGamma[26,1,2]'          0.992391
987    'PGamma[26,1,3]'          1
988    'PGamma[26,2,1]'          0.992294
989    'PGamma[26,2,2]'          1
990    'PGamma[26,2,3]'          1
991    'PGamma[26,3,1]'          1
992    'PGamma[26,3,2]'          1
993    'PGamma[26,3,3]'          1
994    'PGamma[27,1,1]'          1
995    'PGamma[27,1,2]'          0.992375
996    'PGamma[27,1,3]'          1
997    'PGamma[27,2,1]'          0.992278
998    'PGamma[27,2,2]'          1
999    'PGamma[27,2,3]'          1
1000   'PGamma[27,3,1]'          1
1001   'PGamma[27,3,2]'          1
1002   'PGamma[27,3,3]'          1
1003   'PGamma[28,1,1]'          1
1004   'PGamma[28,1,2]'          0.99236
1005   'PGamma[28,1,3]'          1
1006   'PGamma[28,2,1]'          0.992262
1007   'PGamma[28,2,2]'          1
1008   'PGamma[28,2,3]'          1
1009   'PGamma[28,3,1]'          1
1010   'PGamma[28,3,2]'          1
1011   'PGamma[28,3,3]'          1
1012   'PGamma[29,1,1]'          1
1013   'PGamma[29,1,2]'          0.992346
1014   'PGamma[29,1,3]'          1
1015   'PGamma[29,2,1]'          0.992248
1016   'PGamma[29,2,2]'          1
1017   'PGamma[29,2,3]'          1
1018   'PGamma[29,3,1]'          1
1019   'PGamma[29,3,2]'          1
1020   'PGamma[29,3,3]'          1
1021   'PGamma[30,1,1]'          1
1022   'PGamma[30,1,2]'          0.992334
1023   'PGamma[30,1,3]'          1
1024   'PGamma[30,2,1]'          0.992236
1025   'PGamma[30,2,2]'          1
1026   'PGamma[30,2,3]'          1
1027   'PGamma[30,3,1]'          1
1028   'PGamma[30,3,2]'          1
1029   'PGamma[30,3,3]'          1
1030   'SGamma1[1,1]'            0.0133468
1031   'SGamma1[1,2]'            0.000521194
1032   'SGamma1[1,3]'        1e-06
1033   'SGamma1[2,1]'            0.0157142
1034   'SGamma1[2,2]'            0.000937234
1035   'SGamma1[2,3]'        1e-06
1036   'SGamma1[3,1]'            0.0165605
1037   'SGamma1[3,2]'            0.00142854
1038   'SGamma1[3,3]'        1e-06
1039   'SGamma1[4,1]'            0.0165968
1040   'SGamma1[4,2]'            0.00199017
1041   'SGamma1[4,3]'        1e-06
1042   'SGamma1[5,1]'            0.0162536
1043   'SGamma1[5,2]'            0.0026172
1044   'SGamma1[5,3]'        1e-06
1045   'SGamma1[6,1]'            0.0157379
1046   'SGamma1[6,2]'            0.00329524
1047   'SGamma1[6,3]'        1e-06
1048   'SGamma1[7,1]'            0.0151505
1049   'SGamma1[7,2]'            0.00399937
1050   'SGamma1[7,3]'        1e-06
1051   'SGamma1[8,1]'            0.0145492
1052   'SGamma1[8,2]'            0.00469838
1053   'SGamma1[8,3]'        1e-06
1054   'SGamma1[9,1]'            0.0139726
1055   'SGamma1[9,2]'            0.00536103
1056   'SGamma1[9,3]'        1e-06
1057   'SGamma1[10,1]'           0.013447
1058   'SGamma1[10,2]'           0.0059621
1059   'SGamma1[10,3]'       1e-06
1060   'SGamma1[11,1]'           0.0129879
1061   'SGamma1[11,2]'           0.00648586
1062   'SGamma1[11,3]'       1e-06
1063   'SGamma1[12,1]'           0.012601
1064   'SGamma1[12,2]'           0.00692659
1065   'SGamma1[12,3]'       1e-06
1066   'SGamma1[13,1]'           0.0122845
1067   'SGamma1[13,2]'           0.00728673
1068   'SGamma1[13,3]'       1e-06
1069   'SGamma1[14,1]'           0.0120318
1070   'SGamma1[14,2]'           0.00757404
1071   'SGamma1[14,3]'       1e-06
1072   'SGamma1[15,1]'           0.0118339
1073   'SGamma1[15,2]'           0.00779893
1074   'SGamma1[15,3]'       1e-06
1075   'SGamma1[16,1]'           0.0135953
1076   'SGamma1[16,2]'           0.00863379
1077   'SGamma1[16,3]'       1e-06
1078   'SGamma1[17,1]'           0.0145261
1079   'SGamma1[17,2]'           0.0092149
1080   'SGamma1[17,3]'       1e-06
1081   'SGamma1[18,1]'           0.0148665
1082   'SGamma1[18,2]'           0.00965486
1083   'SGamma1[18,3]'       1e-06
1084   'SGamma1[19,1]'           0.0148352
1085   'SGamma1[19,2]'           0.0100659
1086   'SGamma1[19,3]'       1e-06
1087   'SGamma1[20,1]'           0.0145531
1088   'SGamma1[20,2]'           0.0105312
1089   'SGamma1[20,3]'       1e-06
1090   'SGamma1[21,1]'           0.0140658
1091   'SGamma1[21,2]'           0.0111115
1092   'SGamma1[21,3]'       1e-06
1093   'SGamma1[22,1]'           0.0133782
1094   'SGamma1[22,2]'           0.0118533
1095   'SGamma1[22,3]'       1e-06
1096   'SGamma1[23,1]'           0.0124807
1097   'SGamma1[23,2]'           0.0127903
1098   'SGamma1[23,3]'       1e-06
1099   'SGamma1[24,1]'           0.0113688
1100   'SGamma1[24,2]'           0.0139373
1101   'SGamma1[24,3]'       1e-06
1102   'SGamma1[25,1]'           0.0100586
1103   'SGamma1[25,2]'           0.0152822
1104   'SGamma1[25,3]'       1e-06
1105   'SGamma1[26,1]'           0.00859546
1106   'SGamma1[26,2]'           0.0167801
1107   'SGamma1[26,3]'       1e-06
1108   'SGamma1[27,1]'           0.00705284
1109   'SGamma1[27,2]'           0.0183565
1110   'SGamma1[27,3]'       1e-06
1111   'SGamma1[28,1]'           0.00551899
1112   'SGamma1[28,2]'           0.0199218
1113   'SGamma1[28,3]'       1e-06
1114   'SGamma1[29,1]'           0.0040777
1115   'SGamma1[29,2]'           0.021391
1116   'SGamma1[29,3]'       1e-06
1117   'SGamma1[30,1]'           0.00279142
1118   'SGamma1[30,2]'           0.0227009
1119   'SGamma1[30,3]'       1e-06
1120   'SGamma2[1,1]'            0.995981
1121   'SGamma2[1,2]'            0.999843
1122   'SGamma2[1,3]'            1
1123   'SGamma2[2,1]'            0.995268
1124   'SGamma2[2,2]'            0.999718
1125   'SGamma2[2,3]'            1
1126   'SGamma2[3,1]'            0.995013
1127   'SGamma2[3,2]'            0.99957
1128   'SGamma2[3,3]'            1
1129   'SGamma2[4,1]'            0.995002
1130   'SGamma2[4,2]'            0.999401
1131   'SGamma2[4,3]'            1
1132   'SGamma2[5,1]'            0.995106
1133   'SGamma2[5,2]'            0.999212
1134   'SGamma2[5,3]'            1
1135   'SGamma2[6,1]'            0.995261
1136   'SGamma2[6,2]'            0.999008
1137   'SGamma2[6,3]'            1
1138   'SGamma2[7,1]'            0.995438
1139   'SGamma2[7,2]'            0.998796
1140   'SGamma2[7,3]'            1
1141   'SGamma2[8,1]'            0.995619
1142   'SGamma2[8,2]'            0.998585
1143   'SGamma2[8,3]'            1
1144   'SGamma2[9,1]'            0.995793
1145   'SGamma2[9,2]'            0.998386
1146   'SGamma2[9,3]'            1
1147   'SGamma2[10,1]'           0.995951
1148   'SGamma2[10,2]'           0.998205
1149   'SGamma2[10,3]'           1
1150   'SGamma2[11,1]'           0.996089
1151   'SGamma2[11,2]'           0.998047
1152   'SGamma2[11,3]'           1
1153   'SGamma2[12,1]'           0.996206
1154   'SGamma2[12,2]'           0.997914
1155   'SGamma2[12,3]'           1
1156   'SGamma2[13,1]'           0.996301
1157   'SGamma2[13,2]'           0.997806
1158   'SGamma2[13,3]'           1
1159   'SGamma2[14,1]'           0.996377
1160   'SGamma2[14,2]'           0.997719
1161   'SGamma2[14,3]'           1
1162   'SGamma2[15,1]'           0.996437
1163   'SGamma2[15,2]'           0.997652
1164   'SGamma2[15,3]'           1
1165   'SGamma2[16,1]'           0.995906
1166   'SGamma2[16,2]'           0.9974
1167   'SGamma2[16,3]'           1
1168   'SGamma2[17,1]'           0.995626
1169   'SGamma2[17,2]'           0.997225
1170   'SGamma2[17,3]'           1
1171   'SGamma2[18,1]'           0.995523
1172   'SGamma2[18,2]'           0.997093
1173   'SGamma2[18,3]'           1
1174   'SGamma2[19,1]'           0.995532
1175   'SGamma2[19,2]'           0.996969
1176   'SGamma2[19,3]'           1
1177   'SGamma2[20,1]'           0.995617
1178   'SGamma2[20,2]'           0.996829
1179   'SGamma2[20,3]'           1
1180   'SGamma2[21,1]'           0.995764
1181   'SGamma2[21,2]'           0.996654
1182   'SGamma2[21,3]'           1
1183   'SGamma2[22,1]'           0.995971
1184   'SGamma2[22,2]'           0.996431
1185   'SGamma2[22,3]'           1
1186   'SGamma2[23,1]'           0.996242
1187   'SGamma2[23,2]'           0.996148
1188   'SGamma2[23,3]'           1
1189   'SGamma2[24,1]'           0.996576
1190   'SGamma2[24,2]'           0.995803
1191   'SGamma2[24,3]'           1
1192   'SGamma2[25,1]'           0.996971
1193   'SGamma2[25,2]'           0.995398
1194   'SGamma2[25,3]'           1
1195   'SGamma2[26,1]'           0.997412
1196   'SGamma2[26,2]'           0.994947
1197   'SGamma2[26,3]'           1
1198   'SGamma2[27,1]'           0.997876
1199   'SGamma2[27,2]'           0.994472
1200   'SGamma2[27,3]'           1
1201   'SGamma2[28,1]'           0.998338
1202   'SGamma2[28,2]'           0.994001
1203   'SGamma2[28,3]'           1
1204   'SGamma2[29,1]'           0.998772
1205   'SGamma2[29,2]'           0.993558
1206   'SGamma2[29,3]'           1
1207   'SGamma2[30,1]'           0.99916
1208   'SGamma2[30,2]'           0.993163
1209   'SGamma2[30,3]'           1
1210   'gamma[1,1]'              1.02635
1211   'gamma[1,2]'              1.00048
1212   'gamma[1,3]'              0.999426
1213   'gamma[2,1]'              1.03056
1214   'gamma[2,2]'              1.00068
1215   'gamma[2,3]'              0.99879
1216   'gamma[3,1]'              1.03156
1217   'gamma[3,2]'              1.00095
1218   'gamma[3,3]'              0.998062
1219   'gamma[4,1]'              1.03085
1220   'gamma[4,2]'              1.00132
1221   'gamma[4,3]'              0.997301
1222   'gamma[5,1]'              1.02935
1223   'gamma[5,2]'              1.00182
1224   'gamma[5,3]'              0.996531
1225   'gamma[6,1]'              1.02752
1226   'gamma[6,2]'              1.00244
1227   'gamma[6,3]'              0.995779
1228   'gamma[7,1]'              1.0256
1229   'gamma[7,2]'              1.00316
1230   'gamma[7,3]'              0.995078
1231   'gamma[8,1]'              1.02374
1232   'gamma[8,2]'              1.00395
1233   'gamma[8,3]'              0.994458
1234   'gamma[9,1]'              1.02203
1235   'gamma[9,2]'              1.00477
1236   'gamma[9,3]'              0.993937
1237   'gamma[10,1]'             1.02053
1238   'gamma[10,2]'             1.00557
1239   'gamma[10,3]'             0.993521
1240   'gamma[11,1]'             1.01927
1241   'gamma[11,2]'             1.00631
1242   'gamma[11,3]'             0.993201
1243   'gamma[12,1]'             1.01824
1244   'gamma[12,2]'             1.00697
1245   'gamma[12,3]'             0.992963
1246   'gamma[13,1]'             1.01742
1247   'gamma[13,2]'             1.00753
1248   'gamma[13,3]'             0.992789
1249   'gamma[14,1]'             1.01678
1250   'gamma[14,2]'             1.00798
1251   'gamma[14,3]'             0.992663
1252   'gamma[15,1]'             1.01629
1253   'gamma[15,2]'             1.00835
1254   'gamma[15,3]'             0.992573
1255   'gamma[16,1]'             1.01786
1256   'gamma[16,2]'             1.00806
1257   'gamma[16,3]'             0.990602
1258   'gamma[17,1]'             1.01844
1259   'gamma[17,2]'             1.00794
1260   'gamma[17,3]'             0.989316
1261   'gamma[18,1]'             1.01836
1262   'gamma[18,2]'             1.00808
1263   'gamma[18,3]'             0.988564
1264   'gamma[19,1]'             1.01784
1265   'gamma[19,2]'             1.00846
1266   'gamma[19,3]'             0.988117
1267   'gamma[20,1]'             1.01696
1268   'gamma[20,2]'             1.0091
1269   'gamma[20,3]'             0.987816
1270   'gamma[21,1]'             1.01574
1271   'gamma[21,2]'             1.01006
1272   'gamma[21,3]'             0.987589
1273   'gamma[22,1]'             1.01418
1274   'gamma[22,2]'             1.0114
1275   'gamma[22,3]'             0.987424
1276   'gamma[23,1]'             1.0123
1277   'gamma[23,2]'             1.01325
1278   'gamma[23,3]'             0.987359
1279   'gamma[24,1]'             1.01017
1280   'gamma[24,2]'             1.01572
1281   'gamma[24,3]'             0.987473
1282   'gamma[25,1]'             1.00794
1283   'gamma[25,2]'             1.01889
1284   'gamma[25,3]'             0.987868
1285   'gamma[26,1]'             1.00578
1286   'gamma[26,2]'             1.02277
1287   'gamma[26,3]'             0.988636
1288   'gamma[27,1]'             1.00388
1289   'gamma[27,2]'             1.02725
1290   'gamma[27,3]'             0.989815
1291   'gamma[28,1]'             1.00237
1292   'gamma[28,2]'             1.03211
1293   'gamma[28,3]'             0.991361
1294   'gamma[29,1]'             1.00129
1295   'gamma[29,2]'             1.03704
1296   'gamma[29,3]'             0.993153
1297   'gamma[30,1]'             1.0006
1298   'gamma[30,2]'             1.04175
1299   'gamma[30,3]'             0.99503
1300   'PrS[1,1]'           222908
1301   'PrS[1,2]'           128743
1302   'PrS[1,3]'            60179.9
1303   'PrS[2,1]'           205243
1304   'PrS[2,2]'           118035
1305   'PrS[2,3]'            54780.7
1306   'PrS[3,1]'           195764
1307   'PrS[3,2]'           112308
1308   'PrS[3,3]'            51908.5
1309   'PrS[4,1]'           189674
1310   'PrS[4,2]'           108635
1311   'PrS[4,3]'            50072.5
1312   'PrS[5,1]'           184797
1313   'PrS[5,2]'           105698
1314   'PrS[5,3]'            48608
1315   'PrS[6,1]'           180351
1316   'PrS[6,2]'           103024
1317   'PrS[6,3]'            47277.2
1318   'PrS[7,1]'           176157
1319   'PrS[7,2]'           100504
1320   'PrS[7,3]'            46026
1321   'PrS[8,1]'           172264
1322   'PrS[8,2]'            98167.5
1323   'PrS[8,3]'            44867.8
1324   'PrS[9,1]'           168765
1325   'PrS[9,2]'            96070.5
1326   'PrS[9,3]'            43830.3
1327   'PrS[10,1]'          165734
1328   'PrS[10,2]'           94254.9
1329   'PrS[10,3]'           42933.4
1330   'PrS[11,1]'          163192
1331   'PrS[11,2]'           92733.9
1332   'PrS[11,3]'           42183.1
1333   'PrS[12,1]'          161121
1334   'PrS[12,2]'           91495.4
1335   'PrS[12,3]'           41573
1336   'PrS[13,1]'          159472
1337   'PrS[13,2]'           90510.1
1338   'PrS[13,3]'           41088
1339   'PrS[14,1]'          158184
1340   'PrS[14,2]'           89740.6
1341   'PrS[14,3]'           40709.6
1342   'PrS[15,1]'          157192
1343   'PrS[15,2]'           89148.2
1344   'PrS[15,3]'           40418.4
1345   'PrS[16,1]'          146975
1346   'PrS[16,2]'           83057.3
1347   'PrS[16,3]'           37433.9
1348   'PrS[17,1]'          141302
1349   'PrS[17,2]'           79684.5
1350   'PrS[17,3]'           35788.8
1351   'PrS[18,1]'          138103
1352   'PrS[18,2]'           77785.9
1353   'PrS[18,3]'           34865.2
1354   'PrS[19,1]'          136001
1355   'PrS[19,2]'           76539.2
1356   'PrS[19,3]'           34259.7
1357   'PrS[20,1]'          134221
1358   'PrS[20,2]'           75484.4
1359   'PrS[20,3]'           33748
1360   'PrS[21,1]'          132350
1361   'PrS[21,2]'           74376
1362   'PrS[21,3]'           33211
1363   'PrS[22,1]'          130169
1364   'PrS[22,2]'           73085.4
1365   'PrS[22,3]'           32586.5
1366   'PrS[23,1]'          127583
1367   'PrS[23,2]'           71556.5
1368   'PrS[23,3]'           31847.9
1369   'PrS[24,1]'          124595
1370   'PrS[24,2]'           69791.5
1371   'PrS[24,3]'           30996.9
1372   'PrS[25,1]'          121296
1373   'PrS[25,2]'           67845.5
1374   'PrS[25,3]'           30060.6
1375   'PrS[26,1]'          117850
1376   'PrS[26,2]'           65815.1
1377   'PrS[26,3]'           29086.1
1378   'PrS[27,1]'          114452
1379   'PrS[27,2]'           63816.4
1380   'PrS[27,3]'           28129.2
1381   'PrS[28,1]'          111286
1382   'PrS[28,2]'           61956.7
1383   'PrS[28,3]'           27241.1
1384   'PrS[29,1]'          108483
1385   'PrS[29,2]'           60312.7
1386   'PrS[29,3]'           26457.8
1387   'PrS[30,1]'          106109
1388   'PrS[30,2]'           58922
1389   'PrS[30,3]'           25796.5
1390   'PrSF[1]'            167362
1391   'PrSF[2]'             95229.8
1392   'PrSF[3]'             43414.8
1393   Vap                     233.467
;

