solve_message = 'LOQO 7.00: optimal solution (27 iterations, 28 evaluations)\
primal objective 259.04213122105824\
  dual objective 259.04213056802615'

:     _varname        _var         :=
1     'F[2]'        0
2     'F[3]'        0
3     'F[4]'        0
4     'F[5]'        0
5     'F[6]'        0
6     'F[7]'        0
7     'F[8]'        0
8     'F[9]'        0
9     'F[10]'       0
10    'F[11]'       0
11    'F[12]'       0
12    'F[13]'       0
13    'F[14]'       0
14    'F[15]'     200
15    'F[16]'       0
16    'F[17]'       0
17    'F[18]'       0
18    'F[19]'       0
19    'F[20]'       0
20    'F[21]'       0
21    'F[22]'       0
22    'F[23]'       0
23    'F[24]'       0
24    'F[25]'       0
25    'F[26]'       0
26    'F[27]'       0
27    'F[28]'       0
28    'F[29]'       0
29    Vs          259.042
30    'y[1,1]'      5.81321e-05
31    'y[1,2]'      0.128433
32    'y[1,3]'      0.871509
33    'y[2,1]'      0.000160665
34    'y[2,2]'      0.216754
35    'y[2,3]'      0.783085
36    'y[3,1]'      0.00039768
37    'y[3,2]'      0.326964
38    'y[3,3]'      0.672638
39    'y[4,1]'      0.000896569
40    'y[4,2]'      0.445736
41    'y[4,3]'      0.553367
42    'y[5,1]'      0.00185793
43    'y[5,2]'      0.554959
44    'y[5,3]'      0.443183
45    'y[6,1]'      0.0035889
46    'y[6,2]'      0.641322
47    'y[6,3]'      0.355089
48    'y[7,1]'      0.00657497
49    'y[7,2]'      0.701075
50    'y[7,3]'      0.29235
51    'y[8,1]'      0.0116057
52    'y[8,2]'      0.737316
53    'y[8,3]'      0.251078
54    'y[9,1]'      0.0199624
55    'y[9,2]'      0.75502
56    'y[9,3]'      0.225017
57    'y[10,1]'     0.0336686
58    'y[10,2]'     0.757864
59    'y[10,3]'     0.208467
60    'y[11,1]'     0.0557681
61    'y[11,2]'     0.747096
62    'y[11,3]'     0.197136
63    'y[12,1]'     0.0904704
64    'y[12,2]'     0.721551
65    'y[12,3]'     0.187978
66    'y[13,1]'     0.142766
67    'y[13,2]'     0.678389
68    'y[13,3]'     0.178845
69    'y[14,1]'     0.216875
70    'y[14,2]'     0.614812
71    'y[14,3]'     0.168313
72    'y[15,1]'     0.313226
73    'y[15,2]'     0.530974
74    'y[15,3]'     0.1558
75    'y[16,1]'     0.313563
76    'y[16,2]'     0.532511
77    'y[16,3]'     0.153926
78    'y[17,1]'     0.313998
79    'y[17,2]'     0.534492
80    'y[17,3]'     0.151511
81    'y[18,1]'     0.314554
82    'y[18,2]'     0.537029
83    'y[18,3]'     0.148418
84    'y[19,1]'     0.31526
85    'y[19,2]'     0.540252
86    'y[19,3]'     0.144488
87    'y[20,1]'     0.31615
88    'y[20,2]'     0.544306
89    'y[20,3]'     0.139544
90    'y[21,1]'     0.317257
91    'y[21,2]'     0.549337
92    'y[21,3]'     0.133406
93    'y[22,1]'     0.318617
94    'y[22,2]'     0.555481
95    'y[22,3]'     0.125902
96    'y[23,1]'     0.320269
97    'y[23,2]'     0.562828
98    'y[23,3]'     0.116903
99    'y[24,1]'     0.322271
100   'y[24,2]'     0.571373
101   'y[24,3]'     0.106356
102   'y[25,1]'     0.324761
103   'y[25,2]'     0.580926
104   'y[25,3]'     0.094313
105   'y[26,1]'     0.328137
106   'y[26,2]'     0.590902
107   'y[26,3]'     0.0809609
108   'y[27,1]'     0.333581
109   'y[27,2]'     0.599812
110   'y[27,3]'     0.0666073
111   'y[28,1]'     0.344474
112   'y[28,2]'     0.603886
113   'y[28,3]'     0.0516396
114   'y[29,1]'     0.36989
115   'y[29,2]'     0.59364
116   'y[29,3]'     0.0364704
117   'y[30,1]'     0.43165
118   'y[30,2]'     0.546767
119   'y[30,3]'     0.0215829
120   Ls          320.043
121   'x[1,1]'      1.73133e-05
122   'x[1,2]'      0.0655726
123   'x[1,3]'      0.93441
124   'x[2,1]'      5.03519e-05
125   'x[2,2]'      0.116452
126   'x[2,3]'      0.883498
127   'x[3,1]'      0.000133342
128   'x[3,2]'      0.187939
129   'x[3,3]'      0.811928
130   'x[4,1]'      0.000325181
131   'x[4,2]'      0.277142
132   'x[4,3]'      0.722533
133   'x[5,1]'      0.000728981
134   'x[5,2]'      0.373276
135   'x[5,3]'      0.625995
136   'x[6,1]'      0.00150711
137   'x[6,2]'      0.461681
138   'x[6,3]'      0.536812
139   'x[7,1]'      0.00290815
140   'x[7,2]'      0.531583
141   'x[7,3]'      0.465509
142   'x[8,1]'      0.00532506
143   'x[8,2]'      0.579947
144   'x[8,3]'      0.414728
145   'x[9,1]'      0.00939696
146   'x[9,2]'      0.60928
147   'x[9,3]'      0.381323
148   'x[10,1]'     0.0161608
149   'x[10,2]'     0.62361
150   'x[10,3]'     0.360229
151   'x[11,1]'     0.0272545
152   'x[11,2]'     0.625912
153   'x[11,3]'     0.346834
154   'x[12,1]'     0.0451418
155   'x[12,2]'     0.617196
156   'x[12,3]'     0.337662
157   'x[13,1]'     0.0732298
158   'x[13,2]'     0.59652
159   'x[13,3]'     0.33025
160   'x[14,1]'     0.115558
161   'x[14,2]'     0.561584
162   'x[14,3]'     0.322858
163   'x[15,1]'     0.175541
164   'x[15,2]'     0.510125
165   'x[15,3]'     0.314333
166   'x[16,1]'     0.176103
167   'x[16,2]'     0.512686
168   'x[16,3]'     0.311211
169   'x[17,1]'     0.176829
170   'x[17,2]'     0.516003
171   'x[17,3]'     0.307167
172   'x[18,1]'     0.177766
173   'x[18,2]'     0.520278
174   'x[18,3]'     0.301955
175   'x[19,1]'     0.178966
176   'x[19,2]'     0.525753
177   'x[19,3]'     0.295281
178   'x[20,1]'     0.180492
179   'x[20,2]'     0.532709
180   'x[20,3]'     0.2868
181   'x[21,1]'     0.182411
182   'x[21,2]'     0.541456
183   'x[21,3]'     0.276133
184   'x[22,1]'     0.1848
185   'x[22,2]'     0.552314
186   'x[22,3]'     0.262887
187   'x[23,1]'     0.187734
188   'x[23,2]'     0.565572
189   'x[23,3]'     0.246694
190   'x[24,1]'     0.191299
191   'x[24,2]'     0.581425
192   'x[24,3]'     0.227276
193   'x[25,1]'     0.19562
194   'x[25,2]'     0.599865
195   'x[25,3]'     0.204514
196   'x[26,1]'     0.200994
197   'x[26,2]'     0.620478
198   'x[26,3]'     0.178528
199   'x[27,1]'     0.208278
200   'x[27,2]'     0.642007
201   'x[27,3]'     0.149715
202   'x[28,1]'     0.220026
203   'x[28,2]'     0.661233
204   'x[28,3]'     0.118741
205   'x[29,1]'     0.243532
206   'x[29,2]'     0.670025
207   'x[29,3]'     0.0864425
208   'x[30,1]'     0.298377
209   'x[30,2]'     0.647915
210   'x[30,3]'     0.0537087
211   PC          138.999
212   PR           61.0011
213   Vap         259.042
;

