solve_message = 'CONOPT 3.17A: Locally optimal; objective 409.7308683064689\
284 iterations; evals: nf = 55, ng = 0, nc = 1574, nJ = 144, nH = 2, nHv = 41'

:            _varname                 _var            :=
1      'F[2]'                      0
2      'F[3]'                      0
3      'F[4]'                      0
4      'F[5]'                      0
5      'F[6]'                      0
6      'F[7]'                      0
7      'F[8]'                    100
8      'F[9]'                      0
9      'F[10]'                     0
10     'F[11]'                     0
11     'F[12]'                     0
12     'F[13]'                     0
13     'F[14]'                     0
14     'V[1,1]'                  109.7689952
15     'V[1,2]'                  110.5394798
16     'V[1,3]'                  110.6362619
17     'V[1,4]'                  110.4336973
18     'V[1,5]'                  110.2521042
19     'V[1,6]'                  110.3531542
20     'V[1,7]'                  110.7915769
21     'V[1,8]'                  111.7328187
22     'V[1,9]'                  114.2794316
23     'V[1,10]'                 116.3852455
24     'V[1,11]'                 117.8648902
25     'V[1,12]'                 118.7359389
26     'V[1,13]'                 119.1850492
27     'V[1,14]'                 119.3990987
28     'V[1,15]'                   0
29     'V[2,1]'                  299.9618732
30     'V[2,2]'                  300.9041684
31     'V[2,3]'                  303.380693
32     'V[2,4]'                  307.2384368
33     'V[2,5]'                  311.289618
34     'V[2,6]'                  315.2998045
35     'V[2,7]'                  318.2375752
36     'V[2,8]'                  319.9783415
37     'V[2,9]'                  320.7030436
38     'V[2,10]'                 320.8124355
39     'V[2,11]'                 320.5277582
40     'V[2,12]'                 320.5665909
41     'V[2,13]'                 323.3385726
42     'V[2,14]'                 330.7422781
43     'V[2,15]'                   0
44     'y[1,1,1]'                  0.02197871413
45     'y[1,1,2]'                  0.7372243901
46     'y[1,1,3]'                  0.2407968957
47     'y[1,2,1]'                  0.04940006833
48     'y[1,2,2]'                  0.7915819935
49     'y[1,2,3]'                  0.1590179382
50     'y[1,3,1]'                  0.09581218601
51     'y[1,3,2]'                  0.7797792438
52     'y[1,3,3]'                  0.1244085702
53     'y[1,4,1]'                  0.1690498381
54     'y[1,4,2]'                  0.724336857
55     'y[1,4,3]'                  0.1066133049
56     'y[1,5,1]'                  0.2720694701
57     'y[1,5,2]'                  0.6348780839
58     'y[1,5,3]'                  0.09305244599
59     'y[1,6,1]'                  0.3950889665
60     'y[1,6,2]'                  0.524918433
61     'y[1,6,3]'                  0.07999260055
62     'y[1,7,1]'                  0.5156344001
63     'y[1,7,2]'                  0.416450117
64     'y[1,7,3]'                  0.06791548289
65     'y[1,8,1]'                  0.6124734736
66     'y[1,8,2]'                  0.329195495
67     'y[1,8,3]'                  0.05833103137
68     'y[1,9,1]'                  0.7384143418
69     'y[1,9,2]'                  0.2443953657
70     'y[1,9,3]'                  0.01719029245
71     'y[1,10,1]'                 0.848019794
72     'y[1,10,2]'                 0.1479339478
73     'y[1,10,3]'                 0.004046258195
74     'y[1,11,1]'                 0.9218553315
75     'y[1,11,2]'                 0.07733302109
76     'y[1,11,3]'                 0.0008116474337
77     'y[1,12,1]'                 0.9629574252
78     'y[1,12,2]'                 0.03689470337
79     'y[1,12,3]'                 0.0001478714559
80     'y[1,13,1]'                 0.9833288969
81     'y[1,13,2]'                 0.01664551073
82     'y[1,13,3]'                 2.559237674e-05
83     'y[1,14,1]'                 0.992825196
84     'y[1,14,2]'                 0.007170504823
85     'y[1,14,3]'                 4.299197973e-06
86     'y[1,15,1]'                 0.9971223121
87     'y[1,15,2]'                 0.002876997508
88     'y[1,15,3]'                 6.903694308e-07
89     'y[2,1,1]'                  1.22181923e-05
90     'y[2,1,2]'                  0.1667712125
91     'y[2,1,3]'                  0.8332165693
92     'y[2,2,1]'                  5.269872446e-05
93     'y[2,2,2]'                  0.2956965751
94     'y[2,2,3]'                  0.7042507262
95     'y[2,3,1]'                  0.0002035026347
96     'y[2,3,2]'                  0.4614093764
97     'y[2,3,3]'                  0.538387121
98     'y[2,4,1]'                  0.0007001954916
99     'y[2,4,2]'                  0.6288160036
100    'y[2,4,3]'                  0.3704838009
101    'y[2,5,1]'                  0.002170756832
102    'y[2,5,2]'                  0.759560655
103    'y[2,5,3]'                  0.2382685882
104    'y[2,6,1]'                  0.002490309219
105    'y[2,6,2]'                  0.8640374387
106    'y[2,6,3]'                  0.1334722521
107    'y[2,7,1]'                  0.003437139606
108    'y[2,7,2]'                  0.9300484081
109    'y[2,7,3]'                  0.06651445228
110    'y[2,8,1]'                  0.006323395605
111    'y[2,8,2]'                  0.9644088452
112    'y[2,8,3]'                  0.02926775919
113    'y[2,9,1]'                  0.013976152
114    'y[2,9,2]'                  0.9735228307
115    'y[2,9,3]'                  0.01250101726
116    'y[2,10,1]'                 0.03393774503
117    'y[2,10,2]'                 0.9608540932
118    'y[2,10,3]'                 0.005208161818
119    'y[2,11,1]'                 0.08390391876
120    'y[2,11,2]'                 0.9140130364
121    'y[2,11,3]'                 0.002083044859
122    'y[2,12,1]'                 0.197028694
123    'y[2,12,2]'                 0.802209197
124    'y[2,12,3]'                 0.0007621089952
125    'y[2,13,1]'                 0.4025440247
126    'y[2,13,2]'                 0.5972236066
127    'y[2,13,3]'                 0.0002323686722
128    'y[2,14,1]'                 0.6559106237
129    'y[2,14,2]'                 0.3440360522
130    'y[2,14,3]'                 5.332405674e-05
131    'y[2,15,1]'                 0.8473411688
132    'y[2,15,2]'                 0.1526496698
133    'y[2,15,3]'                 9.161434395e-06
134    'L[1,1]'                    0
135    'L[1,2]'                  180.1413249
136    'L[1,3]'                  180.9118096
137    'L[1,4]'                  181.0085916
138    'L[1,5]'                  180.806027
139    'L[1,6]'                  180.624434
140    'L[1,7]'                  180.725484
141    'L[1,8]'                  181.1639066
142    'L[1,9]'                   82.10514844
143    'L[1,10]'                  84.65176138
144    'L[1,11]'                  86.75757525
145    'L[1,12]'                  88.23721995
146    'L[1,13]'                  89.10826861
147    'L[1,14]'                  89.55737897
148    'L[1,15]'                  89.77142847
149    'L[2,1]'                    0
150    'L[2,2]'                  329.7754027
151    'L[2,3]'                  330.717698
152    'L[2,4]'                  333.1942226
153    'L[2,5]'                  337.0519664
154    'L[2,6]'                  270.7308178
155    'L[2,7]'                  274.7410044
156    'L[2,8]'                  277.678775
157    'L[2,9]'                  319.5469188
158    'L[2,10]'                 320.2716209
159    'L[2,11]'                 320.3810128
160    'L[2,12]'                 320.0963355
161    'L[2,13]'                 320.1351682
162    'L[2,14]'                 322.90715
163    'L[2,15]'                 330.3108555
164    'x[1,1,1]'                  0.00650239832
165    'x[1,1,2]'                  0.5671939727
166    'x[1,1,3]'                  0.426303629
167    'x[1,2,1]'                  0.01593288095
168    'x[1,2,2]'                  0.6708018932
169    'x[1,2,3]'                  0.3132652259
170    'x[1,3,1]'                  0.03271343529
171    'x[1,3,2]'                  0.7042979857
172    'x[1,3,3]'                  0.262988579
173    'x[1,4,1]'                  0.06109042076
174    'x[1,4,2]'                  0.6971305659
175    'x[1,4,3]'                  0.2417790134
176    'x[1,5,1]'                  0.1057840155
177    'x[1,5,2]'                  0.6631745658
178    'x[1,5,3]'                  0.2310414187
179    'x[1,6,1]'                  0.1686029948
180    'x[1,6,2]'                  0.6085079606
181    'x[1,6,3]'                  0.2228890446
182    'x[1,7,1]'                  0.2437780307
183    'x[1,7,2]'                  0.5413800197
184    'x[1,7,3]'                  0.2148419497
185    'x[1,8,1]'                  0.3178642936
186    'x[1,8,2]'                  0.4750059106
187    'x[1,8,3]'                  0.2071297959
188    'x[1,9,1]'                  0.4736728116
189    'x[1,9,2]'                  0.446947634
190    'x[1,9,3]'                  0.07937955442
191    'x[1,10,1]'                 0.6478679159
192    'x[1,10,2]'                 0.3289255215
193    'x[1,10,3]'                 0.02320656257
194    'x[1,11,1]'                 0.7971013557
195    'x[1,11,2]'                 0.1974708266
196    'x[1,11,3]'                 0.005427817664
197    'x[1,12,1]'                 0.8965827165
198    'x[1,12,2]'                 0.1023333386
199    'x[1,12,3]'                 0.001083944867
200    'x[1,13,1]'                 0.9515979181
201    'x[1,13,2]'                 0.04820527408
202    'x[1,13,3]'                 0.0001968077978
203    'x[1,14,1]'                 0.9787657133
204    'x[1,14,2]'                 0.02120045611
205    'x[1,14,3]'                 3.38305417e-05
206    'x[1,15,1]'                 0.9914069993
207    'x[1,15,2]'                 0.008587510447
208    'x[1,15,3]'                 5.490235968e-06
209    'x[2,1,1]'                  2.459867064e-06
210    'x[2,1,2]'                  0.08339012388
211    'x[2,1,3]'                  0.9166074163
212    'x[2,2,1]'                  1.133598546e-05
213    'x[2,2,2]'                  0.1592330986
214    'x[2,2,3]'                  0.8407555654
215    'x[2,3,1]'                  4.816979339e-05
216    'x[2,3,2]'                  0.2765575792
217    'x[2,3,3]'                  0.723394251
218    'x[2,4,1]'                  0.0001855137439
219    'x[2,4,2]'                  0.4275849959
220    'x[2,4,3]'                  0.5722294903
221    'x[2,5,1]'                  0.0006384781194
222    'x[2,5,2]'                  0.5805710081
223    'x[2,5,3]'                  0.4187905138
224    'x[2,6,1]'                  0.0008060348848
225    'x[2,6,2]'                  0.7351019008
226    'x[2,6,3]'                  0.2640920643
227    'x[2,7,1]'                  0.001192681193
228    'x[2,7,2]'                  0.8553591362
229    'x[2,7,3]'                  0.1434481826
230    'x[2,8,1]'                  0.00229153774
231    'x[2,8,2]'                  0.9311037289
232    'x[2,8,3]'                  0.06660473339
233    'x[2,9,1]'                  0.005187931284
234    'x[2,9,2]'                  0.9655048073
235    'x[2,9,3]'                  0.02930726144
236    'x[2,10,1]'                 0.01285356564
237    'x[2,10,2]'                 0.9746285899
238    'x[2,10,3]'                 0.01251784444
239    'x[2,11,1]'                 0.0328424221
240    'x[2,11,2]'                 0.9619424151
241    'x[2,11,3]'                 0.005215162753
242    'x[2,12,1]'                 0.08287496562
243    'x[2,12,2]'                 0.9150391944
244    'x[2,12,3]'                 0.002085840019
245    'x[2,13,1]'                 0.1961523156
246    'x[2,13,2]'                 0.8030845607
247    'x[2,13,3]'                 0.0007631236873
248    'x[2,14,1]'                 0.40194975
249    'x[2,14,2]'                 0.5978175831
250    'x[2,14,3]'                 0.00023266689
251    'x[2,15,1]'                 0.6556605942
252    'x[2,15,2]'                 0.3442860241
253    'x[2,15,3]'                 5.338173803e-05
254    'CC[2]'                     0
255    'CC[3]'                     0
256    'CC[4]'                     0
257    'CC[5]'                     0
258    'CC[6]'                     0
259    'CC[7]'                     0
260    'CC[8]'                     0
261    'CC[9]'                     0
262    'CC[10]'                    0
263    'CC[11]'                    0
264    'CC[12]'                    0
265    'CC[13]'                    0
266    'CC[14]'                    0
267    'CR[2]'                     0
268    'CR[3]'                     0
269    'CR[4]'                     0
270    'CR[5]'                    70.37232973
271    'CR[6]'                     0
272    'CR[7]'                     0
273    'CR[8]'                     0
274    'CR[9]'                     0
275    'CR[10]'                    0
276    'CR[11]'                    0
277    'CR[12]'                    0
278    'CR[13]'                    0
279    'CR[14]'                    0
280    'PC[1]'                    29.62767027
281    'PC[2]'                     0.4314226604
282    'PR[1]'                     0
283    'PR[2]'                    29.81352958
284    'PS[2]'                     0
285    'PS[3]'                     0
286    'PS[4]'                     0
287    'PS[5]'                     0
288    'PS[6]'                     0
289    'PS[7]'                     0
290    'PS[8]'                    40.12737749
291    'PS[9]'                     0
292    'PS[10]'                    0
293    'PS[11]'                    0
294    'PS[12]'                    0
295    'PS[13]'                    0
296    'PS[14]'                    0
297    'T[1,1]'                  353.6870771
298    'T[1,2]'                  350.9029719
299    'T[1,3]'                  349.094332
300    'T[1,4]'                  347.3138209
301    'T[1,5]'                  345.0500035
302    'T[1,6]'                  342.2203447
303    'T[1,7]'                  339.1701636
304    'T[1,8]'                  336.4486878
305    'T[1,9]'                  330.4545634
306    'T[1,10]'                 325.6988426
307    'T[1,11]'                 322.4275553
308    'T[1,12]'                 320.5099292
309    'T[1,13]'                 319.5198438
310    'T[1,14]'                 319.0471435
311    'T[1,15]'                 318.8306149
312    'T[2,1]'                  366.7646614
313    'T[2,2]'                  364.4343057
314    'T[2,3]'                  361.1281149
315    'T[2,4]'                  357.3219949
316    'T[2,5]'                  353.8773061
317    'T[2,6]'                  350.7901891
318    'T[2,7]'                  348.5849911
319    'T[2,8]'                  347.2263902
320    'T[2,9]'                  346.4800282
321    'T[2,10]'                 345.857951
322    'T[2,11]'                 344.8442854
323    'T[2,12]'                 342.656005
324    'T[2,13]'                 338.2823428
325    'T[2,14]'                 331.7259588
326    'T[2,15]'                 325.3581068
327    TF                        338.1587438
328    'QC[1]'                  1087.048213
329    'QC[2]'                  3164.994858
330    'QR[1]'                  1120.007514
331    'QR[2]'                  3173.912452
332    'H[1,1,1]'                  1.413558323
333    'H[1,1,2]'                  1.753334148
334    'H[1,1,3]'                  2.098415746
335    'H[1,2,1]'                  1.33640722
336    'H[1,2,2]'                  1.65920305
337    'H[1,2,3]'                  1.985167932
338    'H[1,3,1]'                  1.286644008
339    'H[1,3,2]'                  1.598418768
340    'H[1,3,3]'                  1.912081307
341    'H[1,4,1]'                  1.237929988
342    'H[1,4,2]'                  1.538861397
343    'H[1,4,3]'                  1.84050175
344    'H[1,5,1]'                  1.176388537
345    'H[1,5,2]'                  1.463540843
346    'H[1,5,3]'                  1.750021854
347    'H[1,6,1]'                  1.100089893
348    'H[1,6,2]'                  1.370028335
349    'H[1,6,3]'                  1.637757418
350    'H[1,7,1]'                  1.018626274
351    'H[1,7,2]'                  1.270017145
352    'H[1,7,3]'                  1.517774057
353    'H[1,8,1]'                  0.9466288052
354    'H[1,8,2]'                  1.181474327
355    'H[1,8,3]'                  1.411619241
356    'H[1,9,1]'                  0.7903509119
357    'H[1,9,2]'                  0.9887514034
358    'H[1,9,3]'                  1.180780098
359    'H[1,10,1]'                 0.6686235232
360    'H[1,10,2]'                 0.8380896405
361    'H[1,10,3]'                 1.00051678
362    'H[1,11,1]'                 0.5860609326
363    'H[1,11,2]'                 0.7356066804
364    'H[1,11,3]'                 0.8779886051
365    'H[1,12,1]'                 0.5381075913
366    'H[1,12,2]'                 0.6759675288
367    'H[1,12,3]'                 0.8067154585
368    'H[1,13,1]'                 0.5134778777
369    'H[1,13,2]'                 0.6453015644
370    'H[1,13,3]'                 0.7700758156
371    'H[1,14,1]'                 0.5017498319
372    'H[1,14,2]'                 0.6306909024
373    'H[1,14,3]'                 0.7526209647
374    'H[1,15,1]'                 0.4963842946
375    'H[1,15,2]'                 0.6240047766
376    'H[1,15,3]'                 0.7446336928
377    'H[2,1,1]'                  1.784766027
378    'H[2,1,2]'                  2.204644644
379    'H[2,1,3]'                  2.642489402
380    'H[2,2,1]'                  1.717563589
381    'H[2,2,2]'                  2.123117173
382    'H[2,2,3]'                  2.544068972
383    'H[2,3,1]'                  1.623001754
384    'H[2,3,2]'                  2.008273728
385    'H[2,3,3]'                  2.405530558
386    'H[2,4,1]'                  1.515283191
387    'H[2,4,2]'                  1.877260486
388    'H[2,4,3]'                  2.247631285
389    'H[2,5,1]'                  1.418854027
390    'H[2,5,2]'                  1.759790774
391    'H[2,5,3]'                  2.106186537
392    'H[2,6,1]'                  1.333295876
393    'H[2,6,2]'                  1.65540425
394    'H[2,6,3]'                  1.980599314
395    'H[2,7,1]'                  1.272680737
396    'H[2,7,2]'                  1.581353001
397    'H[2,7,3]'                  1.89156745
398    'H[2,8,1]'                  1.23554497
399    'H[2,8,2]'                  1.535944068
400    'H[2,8,3]'                  1.836996339
401    'H[2,9,1]'                  1.215211895
402    'H[2,9,2]'                  1.511067379
403    'H[2,9,3]'                  1.807107988
404    'H[2,10,1]'                 1.19830152
405    'H[2,10,2]'                 1.490370659
406    'H[2,10,3]'                 1.782245848
407    'H[2,11,1]'                 1.170818132
408    'H[2,11,2]'                 1.456718664
409    'H[2,11,3]'                 1.741829068
410    'H[2,12,1]'                 1.111791648
411    'H[2,12,2]'                 1.384379826
412    'H[2,12,3]'                 1.654981886
413    'H[2,13,1]'                 0.9950673486
414    'H[2,13,2]'                 1.241060472
415    'H[2,13,3]'                 1.483050486
416    'H[2,14,1]'                 0.8232334454
417    'H[2,14,2]'                 1.029365617
418    'H[2,14,3]'                 1.229402766
419    'H[2,15,1]'                 0.6599792869
420    'H[2,15,2]'                 0.8273712718
421    'H[2,15,3]'                 0.9876986457
422    'HF[1]'                     0.9917930392
423    'HF[2]'                     1.237034729
424    'HF[3]'                     1.478223544
425    'h[1,1,1]'                 -7.114249535
426    'h[1,1,2]'                 -7.973855315
427    'h[1,1,3]'                 -8.732883536
428    'h[1,2,1]'                 -7.237419451
429    'h[1,2,2]'                 -8.111753528
430    'h[1,2,3]'                 -8.891595198
431    'h[1,3,1]'                 -7.316963987
432    'h[1,3,2]'                 -8.200880614
433    'h[1,3,3]'                 -8.994200392
434    'h[1,4,1]'                 -7.394911004
435    'h[1,4,2]'                 -8.288273925
436    'h[1,4,3]'                 -9.094831303
437    'h[1,5,1]'                 -7.493501698
438    'h[1,5,2]'                 -8.398895383
439    'h[1,5,3]'                 -9.222242262
440    'h[1,6,1]'                 -7.61592869
441    'h[1,6,2]'                 -8.536396027
442    'h[1,6,3]'                 -9.380669382
443    'h[1,7,1]'                 -7.746898044
444    'h[1,7,2]'                 -8.683663847
445    'h[1,7,3]'                 -9.550428825
446    'h[1,8,1]'                 -7.862883028
447    'h[1,8,2]'                 -8.814239846
448    'h[1,8,3]'                 -9.701023116
449    'h[1,9,1]'                 -8.115467182
450    'h[1,9,2]'                 -9.099146864
451    'h[1,9,3]'                -10.02989458
452    'h[1,10,1]'                -8.313072635
453    'h[1,10,2]'                -9.322604048
454    'h[1,10,3]'               -10.28815437
455    'h[1,11,1]'                -8.447573567
456    'h[1,11,2]'                -9.475006698
457    'h[1,11,3]'               -10.46448129
458    'h[1,12,1]'                -8.525880794
459    'h[1,12,2]'                -9.563856447
460    'h[1,12,3]'               -10.56735678
461    'h[1,13,1]'                -8.566156523
462    'h[1,13,2]'                -9.609589996
463    'h[1,13,3]'               -10.62033362
464    'h[1,14,1]'                -8.585348378
465    'h[1,14,2]'                -9.631391188
466    'h[1,14,3]'               -10.6455936
467    'h[1,15,1]'                -8.59413153
468    'h[1,15,2]'                -9.641370375
469    'h[1,15,3]'               -10.65715728
470    'h[2,1,1]'                 -6.523799463
471    'h[2,1,2]'                 -7.314450147
472    'h[2,1,3]'                 -7.974459155
473    'h[2,2,1]'                 -6.630464786
474    'h[2,2,2]'                 -7.433387981
475    'h[2,2,3]'                 -8.111208938
476    'h[2,3,1]'                 -6.780710866
477    'h[2,3,2]'                 -7.601051732
478    'h[2,3,3]'                 -8.304012661
479    'h[2,4,1]'                 -6.952110692
480    'h[2,4,2]'                 -7.792521005
481    'h[2,4,3]'                 -8.52424484
482    'h[2,5,1]'                 -7.105801587
483    'h[2,5,2]'                 -7.964401921
484    'h[2,5,3]'                 -8.722004961
485    'h[2,6,1]'                 -7.24239048
486    'h[2,6,2]'                 -8.117321746
487    'h[2,6,3]'                 -8.89800484
488    'h[2,7,1]'                 -7.339298317
489    'h[2,7,2]'                 -8.225915841
490    'h[2,7,3]'                 -9.023025474
491    'h[2,8,1]'                 -7.398729347
492    'h[2,8,2]'                 -8.29255647
493    'h[2,8,3]'                 -9.099763115
494    'h[2,9,1]'                 -7.431290097
495    'h[2,9,2]'                 -8.329081333
496    'h[2,9,3]'                 -9.14182771
497    'h[2,10,1]'                -7.458381032
498    'h[2,10,2]'                -8.359478227
499    'h[2,10,3]'                -9.176838101
500    'h[2,11,1]'                -7.502432381
501    'h[2,11,2]'                -8.40892054
502    'h[2,11,3]'                -9.233790943
503    'h[2,12,1]'                -7.597137766
504    'h[2,12,2]'                -8.515281556
505    'h[2,12,3]'                -9.35633706
506    'h[2,13,1]'                -7.784825561
507    'h[2,13,2]'                -8.726346041
508    'h[2,13,3]'                -9.599646281
509    'h[2,14,1]'                -8.062221544
510    'h[2,14,2]'                -9.039022328
511    'h[2,14,3]'                -9.96045654
512    'h[2,15,1]'                -8.327136226
513    'h[2,15,2]'                -9.338527564
514    'h[2,15,3]'               -10.30657004
515    'hF[1]'                    -7.790098768
516    'hF[2]'                    -8.732281577
517    'hF[3]'                    -9.606491254
518    'tauGamma[1,1,1,1]'     1e-06
519    'tauGamma[1,1,1,2]'     1e-06
520    'tauGamma[1,1,1,3]'     1e-06
521    'tauGamma[1,1,2,1]'     1e-06
522    'tauGamma[1,1,2,2]'     1e-06
523    'tauGamma[1,1,2,3]'     1e-06
524    'tauGamma[1,1,3,1]'     1e-06
525    'tauGamma[1,1,3,2]'     1e-06
526    'tauGamma[1,1,3,3]'     1e-06
527    'tauGamma[1,2,1,1]'     1e-06
528    'tauGamma[1,2,1,2]'     1e-06
529    'tauGamma[1,2,1,3]'     1e-06
530    'tauGamma[1,2,2,1]'     1e-06
531    'tauGamma[1,2,2,2]'     1e-06
532    'tauGamma[1,2,2,3]'     1e-06
533    'tauGamma[1,2,3,1]'     1e-06
534    'tauGamma[1,2,3,2]'     1e-06
535    'tauGamma[1,2,3,3]'     1e-06
536    'tauGamma[1,3,1,1]'     1e-06
537    'tauGamma[1,3,1,2]'     1e-06
538    'tauGamma[1,3,1,3]'     1e-06
539    'tauGamma[1,3,2,1]'     1e-06
540    'tauGamma[1,3,2,2]'     1e-06
541    'tauGamma[1,3,2,3]'     1e-06
542    'tauGamma[1,3,3,1]'     1e-06
543    'tauGamma[1,3,3,2]'     1e-06
544    'tauGamma[1,3,3,3]'     1e-06
545    'tauGamma[1,4,1,1]'     1e-06
546    'tauGamma[1,4,1,2]'     1e-06
547    'tauGamma[1,4,1,3]'     1e-06
548    'tauGamma[1,4,2,1]'     1e-06
549    'tauGamma[1,4,2,2]'     1e-06
550    'tauGamma[1,4,2,3]'     1e-06
551    'tauGamma[1,4,3,1]'     1e-06
552    'tauGamma[1,4,3,2]'     1e-06
553    'tauGamma[1,4,3,3]'     1e-06
554    'tauGamma[1,5,1,1]'     1e-06
555    'tauGamma[1,5,1,2]'     1e-06
556    'tauGamma[1,5,1,3]'     1e-06
557    'tauGamma[1,5,2,1]'     1e-06
558    'tauGamma[1,5,2,2]'     1e-06
559    'tauGamma[1,5,2,3]'     1e-06
560    'tauGamma[1,5,3,1]'     1e-06
561    'tauGamma[1,5,3,2]'     1e-06
562    'tauGamma[1,5,3,3]'     1e-06
563    'tauGamma[1,6,1,1]'     1e-06
564    'tauGamma[1,6,1,2]'     1e-06
565    'tauGamma[1,6,1,3]'     1e-06
566    'tauGamma[1,6,2,1]'     1e-06
567    'tauGamma[1,6,2,2]'     1e-06
568    'tauGamma[1,6,2,3]'     1e-06
569    'tauGamma[1,6,3,1]'     1e-06
570    'tauGamma[1,6,3,2]'     1e-06
571    'tauGamma[1,6,3,3]'     1e-06
572    'tauGamma[1,7,1,1]'     1e-06
573    'tauGamma[1,7,1,2]'     1e-06
574    'tauGamma[1,7,1,3]'     1e-06
575    'tauGamma[1,7,2,1]'     1e-06
576    'tauGamma[1,7,2,2]'     1e-06
577    'tauGamma[1,7,2,3]'     1e-06
578    'tauGamma[1,7,3,1]'     1e-06
579    'tauGamma[1,7,3,2]'     1e-06
580    'tauGamma[1,7,3,3]'     1e-06
581    'tauGamma[1,8,1,1]'     1e-06
582    'tauGamma[1,8,1,2]'     1e-06
583    'tauGamma[1,8,1,3]'     1e-06
584    'tauGamma[1,8,2,1]'     1e-06
585    'tauGamma[1,8,2,2]'     1e-06
586    'tauGamma[1,8,2,3]'     1e-06
587    'tauGamma[1,8,3,1]'     1e-06
588    'tauGamma[1,8,3,2]'     1e-06
589    'tauGamma[1,8,3,3]'     1e-06
590    'tauGamma[1,9,1,1]'     1e-06
591    'tauGamma[1,9,1,2]'     1e-06
592    'tauGamma[1,9,1,3]'     1e-06
593    'tauGamma[1,9,2,1]'     1e-06
594    'tauGamma[1,9,2,2]'     1e-06
595    'tauGamma[1,9,2,3]'     1e-06
596    'tauGamma[1,9,3,1]'     1e-06
597    'tauGamma[1,9,3,2]'     1e-06
598    'tauGamma[1,9,3,3]'     1e-06
599    'tauGamma[1,10,1,1]'    1e-06
600    'tauGamma[1,10,1,2]'    1e-06
601    'tauGamma[1,10,1,3]'    1e-06
602    'tauGamma[1,10,2,1]'    1e-06
603    'tauGamma[1,10,2,2]'    1e-06
604    'tauGamma[1,10,2,3]'    1e-06
605    'tauGamma[1,10,3,1]'    1e-06
606    'tauGamma[1,10,3,2]'    1e-06
607    'tauGamma[1,10,3,3]'    1e-06
608    'tauGamma[1,11,1,1]'    1e-06
609    'tauGamma[1,11,1,2]'    1e-06
610    'tauGamma[1,11,1,3]'    1e-06
611    'tauGamma[1,11,2,1]'    1e-06
612    'tauGamma[1,11,2,2]'    1e-06
613    'tauGamma[1,11,2,3]'    1e-06
614    'tauGamma[1,11,3,1]'    1e-06
615    'tauGamma[1,11,3,2]'    1e-06
616    'tauGamma[1,11,3,3]'    1e-06
617    'tauGamma[1,12,1,1]'    1e-06
618    'tauGamma[1,12,1,2]'    1e-06
619    'tauGamma[1,12,1,3]'    1e-06
620    'tauGamma[1,12,2,1]'    1e-06
621    'tauGamma[1,12,2,2]'    1e-06
622    'tauGamma[1,12,2,3]'    1e-06
623    'tauGamma[1,12,3,1]'    1e-06
624    'tauGamma[1,12,3,2]'    1e-06
625    'tauGamma[1,12,3,3]'    1e-06
626    'tauGamma[1,13,1,1]'    1e-06
627    'tauGamma[1,13,1,2]'    1e-06
628    'tauGamma[1,13,1,3]'    1e-06
629    'tauGamma[1,13,2,1]'    1e-06
630    'tauGamma[1,13,2,2]'    1e-06
631    'tauGamma[1,13,2,3]'    1e-06
632    'tauGamma[1,13,3,1]'    1e-06
633    'tauGamma[1,13,3,2]'    1e-06
634    'tauGamma[1,13,3,3]'    1e-06
635    'tauGamma[1,14,1,1]'    1e-06
636    'tauGamma[1,14,1,2]'    1e-06
637    'tauGamma[1,14,1,3]'    1e-06
638    'tauGamma[1,14,2,1]'    1e-06
639    'tauGamma[1,14,2,2]'    1e-06
640    'tauGamma[1,14,2,3]'    1e-06
641    'tauGamma[1,14,3,1]'    1e-06
642    'tauGamma[1,14,3,2]'    1e-06
643    'tauGamma[1,14,3,3]'    1e-06
644    'tauGamma[1,15,1,1]'    1e-06
645    'tauGamma[1,15,1,2]'    1e-06
646    'tauGamma[1,15,1,3]'    1e-06
647    'tauGamma[1,15,2,1]'    1e-06
648    'tauGamma[1,15,2,2]'    1e-06
649    'tauGamma[1,15,2,3]'    1e-06
650    'tauGamma[1,15,3,1]'    1e-06
651    'tauGamma[1,15,3,2]'    1e-06
652    'tauGamma[1,15,3,3]'    1e-06
653    'tauGamma[2,1,1,1]'     1e-06
654    'tauGamma[2,1,1,2]'     1e-06
655    'tauGamma[2,1,1,3]'     1e-06
656    'tauGamma[2,1,2,1]'     1e-06
657    'tauGamma[2,1,2,2]'     1e-06
658    'tauGamma[2,1,2,3]'     1e-06
659    'tauGamma[2,1,3,1]'     1e-06
660    'tauGamma[2,1,3,2]'     1e-06
661    'tauGamma[2,1,3,3]'     1e-06
662    'tauGamma[2,2,1,1]'     1e-06
663    'tauGamma[2,2,1,2]'     1e-06
664    'tauGamma[2,2,1,3]'     1e-06
665    'tauGamma[2,2,2,1]'     1e-06
666    'tauGamma[2,2,2,2]'     1e-06
667    'tauGamma[2,2,2,3]'     1e-06
668    'tauGamma[2,2,3,1]'     1e-06
669    'tauGamma[2,2,3,2]'     1e-06
670    'tauGamma[2,2,3,3]'     1e-06
671    'tauGamma[2,3,1,1]'     1e-06
672    'tauGamma[2,3,1,2]'     1e-06
673    'tauGamma[2,3,1,3]'     1e-06
674    'tauGamma[2,3,2,1]'     1e-06
675    'tauGamma[2,3,2,2]'     1e-06
676    'tauGamma[2,3,2,3]'     1e-06
677    'tauGamma[2,3,3,1]'     1e-06
678    'tauGamma[2,3,3,2]'     1e-06
679    'tauGamma[2,3,3,3]'     1e-06
680    'tauGamma[2,4,1,1]'     1e-06
681    'tauGamma[2,4,1,2]'     1e-06
682    'tauGamma[2,4,1,3]'     1e-06
683    'tauGamma[2,4,2,1]'     1e-06
684    'tauGamma[2,4,2,2]'     1e-06
685    'tauGamma[2,4,2,3]'     1e-06
686    'tauGamma[2,4,3,1]'     1e-06
687    'tauGamma[2,4,3,2]'     1e-06
688    'tauGamma[2,4,3,3]'     1e-06
689    'tauGamma[2,5,1,1]'     1e-06
690    'tauGamma[2,5,1,2]'     1e-06
691    'tauGamma[2,5,1,3]'     1e-06
692    'tauGamma[2,5,2,1]'     1e-06
693    'tauGamma[2,5,2,2]'     1e-06
694    'tauGamma[2,5,2,3]'     1e-06
695    'tauGamma[2,5,3,1]'     1e-06
696    'tauGamma[2,5,3,2]'     1e-06
697    'tauGamma[2,5,3,3]'     1e-06
698    'tauGamma[2,6,1,1]'     1e-06
699    'tauGamma[2,6,1,2]'     1e-06
700    'tauGamma[2,6,1,3]'     1e-06
701    'tauGamma[2,6,2,1]'     1e-06
702    'tauGamma[2,6,2,2]'     1e-06
703    'tauGamma[2,6,2,3]'     1e-06
704    'tauGamma[2,6,3,1]'     1e-06
705    'tauGamma[2,6,3,2]'     1e-06
706    'tauGamma[2,6,3,3]'     1e-06
707    'tauGamma[2,7,1,1]'     1e-06
708    'tauGamma[2,7,1,2]'     1e-06
709    'tauGamma[2,7,1,3]'     1e-06
710    'tauGamma[2,7,2,1]'     1e-06
711    'tauGamma[2,7,2,2]'     1e-06
712    'tauGamma[2,7,2,3]'     1e-06
713    'tauGamma[2,7,3,1]'     1e-06
714    'tauGamma[2,7,3,2]'     1e-06
715    'tauGamma[2,7,3,3]'     1e-06
716    'tauGamma[2,8,1,1]'     1e-06
717    'tauGamma[2,8,1,2]'     1e-06
718    'tauGamma[2,8,1,3]'     1e-06
719    'tauGamma[2,8,2,1]'     1e-06
720    'tauGamma[2,8,2,2]'     1e-06
721    'tauGamma[2,8,2,3]'     1e-06
722    'tauGamma[2,8,3,1]'     1e-06
723    'tauGamma[2,8,3,2]'     1e-06
724    'tauGamma[2,8,3,3]'     1e-06
725    'tauGamma[2,9,1,1]'     1e-06
726    'tauGamma[2,9,1,2]'     1e-06
727    'tauGamma[2,9,1,3]'     1e-06
728    'tauGamma[2,9,2,1]'     1e-06
729    'tauGamma[2,9,2,2]'     1e-06
730    'tauGamma[2,9,2,3]'     1e-06
731    'tauGamma[2,9,3,1]'     1e-06
732    'tauGamma[2,9,3,2]'     1e-06
733    'tauGamma[2,9,3,3]'     1e-06
734    'tauGamma[2,10,1,1]'    1e-06
735    'tauGamma[2,10,1,2]'    1e-06
736    'tauGamma[2,10,1,3]'    1e-06
737    'tauGamma[2,10,2,1]'    1e-06
738    'tauGamma[2,10,2,2]'    1e-06
739    'tauGamma[2,10,2,3]'    1e-06
740    'tauGamma[2,10,3,1]'    1e-06
741    'tauGamma[2,10,3,2]'    1e-06
742    'tauGamma[2,10,3,3]'    1e-06
743    'tauGamma[2,11,1,1]'    1e-06
744    'tauGamma[2,11,1,2]'    1e-06
745    'tauGamma[2,11,1,3]'    1e-06
746    'tauGamma[2,11,2,1]'    1e-06
747    'tauGamma[2,11,2,2]'    1e-06
748    'tauGamma[2,11,2,3]'    1e-06
749    'tauGamma[2,11,3,1]'    1e-06
750    'tauGamma[2,11,3,2]'    1e-06
751    'tauGamma[2,11,3,3]'    1e-06
752    'tauGamma[2,12,1,1]'    1e-06
753    'tauGamma[2,12,1,2]'    1e-06
754    'tauGamma[2,12,1,3]'    1e-06
755    'tauGamma[2,12,2,1]'    1e-06
756    'tauGamma[2,12,2,2]'    1e-06
757    'tauGamma[2,12,2,3]'    1e-06
758    'tauGamma[2,12,3,1]'    1e-06
759    'tauGamma[2,12,3,2]'    1e-06
760    'tauGamma[2,12,3,3]'    1e-06
761    'tauGamma[2,13,1,1]'    1e-06
762    'tauGamma[2,13,1,2]'    1e-06
763    'tauGamma[2,13,1,3]'    1e-06
764    'tauGamma[2,13,2,1]'    1e-06
765    'tauGamma[2,13,2,2]'    1e-06
766    'tauGamma[2,13,2,3]'    1e-06
767    'tauGamma[2,13,3,1]'    1e-06
768    'tauGamma[2,13,3,2]'    1e-06
769    'tauGamma[2,13,3,3]'    1e-06
770    'tauGamma[2,14,1,1]'    1e-06
771    'tauGamma[2,14,1,2]'    1e-06
772    'tauGamma[2,14,1,3]'    1e-06
773    'tauGamma[2,14,2,1]'    1e-06
774    'tauGamma[2,14,2,2]'    1e-06
775    'tauGamma[2,14,2,3]'    1e-06
776    'tauGamma[2,14,3,1]'    1e-06
777    'tauGamma[2,14,3,2]'    1e-06
778    'tauGamma[2,14,3,3]'    1e-06
779    'tauGamma[2,15,1,1]'    1e-06
780    'tauGamma[2,15,1,2]'    1e-06
781    'tauGamma[2,15,1,3]'    1e-06
782    'tauGamma[2,15,2,1]'    1e-06
783    'tauGamma[2,15,2,2]'    1e-06
784    'tauGamma[2,15,2,3]'    1e-06
785    'tauGamma[2,15,3,1]'    1e-06
786    'tauGamma[2,15,3,2]'    1e-06
787    'tauGamma[2,15,3,3]'    1e-06
788    'PGamma[1,1,1,1]'           1
789    'PGamma[1,1,1,2]'           1
790    'PGamma[1,1,1,3]'           1
791    'PGamma[1,1,2,1]'           1
792    'PGamma[1,1,2,2]'           1
793    'PGamma[1,1,2,3]'           1
794    'PGamma[1,1,3,1]'           1
795    'PGamma[1,1,3,2]'           1
796    'PGamma[1,1,3,3]'           1
797    'PGamma[1,2,1,1]'           1
798    'PGamma[1,2,1,2]'           1
799    'PGamma[1,2,1,3]'           1
800    'PGamma[1,2,2,1]'           1
801    'PGamma[1,2,2,2]'           1
802    'PGamma[1,2,2,3]'           1
803    'PGamma[1,2,3,1]'           1
804    'PGamma[1,2,3,2]'           1
805    'PGamma[1,2,3,3]'           1
806    'PGamma[1,3,1,1]'           1
807    'PGamma[1,3,1,2]'           1
808    'PGamma[1,3,1,3]'           1
809    'PGamma[1,3,2,1]'           1
810    'PGamma[1,3,2,2]'           1
811    'PGamma[1,3,2,3]'           1
812    'PGamma[1,3,3,1]'           1
813    'PGamma[1,3,3,2]'           1
814    'PGamma[1,3,3,3]'           1
815    'PGamma[1,4,1,1]'           1
816    'PGamma[1,4,1,2]'           1
817    'PGamma[1,4,1,3]'           1
818    'PGamma[1,4,2,1]'           1
819    'PGamma[1,4,2,2]'           1
820    'PGamma[1,4,2,3]'           1
821    'PGamma[1,4,3,1]'           1
822    'PGamma[1,4,3,2]'           1
823    'PGamma[1,4,3,3]'           1
824    'PGamma[1,5,1,1]'           1
825    'PGamma[1,5,1,2]'           1
826    'PGamma[1,5,1,3]'           1
827    'PGamma[1,5,2,1]'           1
828    'PGamma[1,5,2,2]'           1
829    'PGamma[1,5,2,3]'           1
830    'PGamma[1,5,3,1]'           1
831    'PGamma[1,5,3,2]'           1
832    'PGamma[1,5,3,3]'           1
833    'PGamma[1,6,1,1]'           1
834    'PGamma[1,6,1,2]'           1
835    'PGamma[1,6,1,3]'           1
836    'PGamma[1,6,2,1]'           1
837    'PGamma[1,6,2,2]'           1
838    'PGamma[1,6,2,3]'           1
839    'PGamma[1,6,3,1]'           1
840    'PGamma[1,6,3,2]'           1
841    'PGamma[1,6,3,3]'           1
842    'PGamma[1,7,1,1]'           1
843    'PGamma[1,7,1,2]'           1
844    'PGamma[1,7,1,3]'           1
845    'PGamma[1,7,2,1]'           1
846    'PGamma[1,7,2,2]'           1
847    'PGamma[1,7,2,3]'           1
848    'PGamma[1,7,3,1]'           1
849    'PGamma[1,7,3,2]'           1
850    'PGamma[1,7,3,3]'           1
851    'PGamma[1,8,1,1]'           1
852    'PGamma[1,8,1,2]'           1
853    'PGamma[1,8,1,3]'           1
854    'PGamma[1,8,2,1]'           1
855    'PGamma[1,8,2,2]'           1
856    'PGamma[1,8,2,3]'           1
857    'PGamma[1,8,3,1]'           1
858    'PGamma[1,8,3,2]'           1
859    'PGamma[1,8,3,3]'           1
860    'PGamma[1,9,1,1]'           1
861    'PGamma[1,9,1,2]'           1
862    'PGamma[1,9,1,3]'           1
863    'PGamma[1,9,2,1]'           1
864    'PGamma[1,9,2,2]'           1
865    'PGamma[1,9,2,3]'           1
866    'PGamma[1,9,3,1]'           1
867    'PGamma[1,9,3,2]'           1
868    'PGamma[1,9,3,3]'           1
869    'PGamma[1,10,1,1]'          1
870    'PGamma[1,10,1,2]'          1
871    'PGamma[1,10,1,3]'          1
872    'PGamma[1,10,2,1]'          1
873    'PGamma[1,10,2,2]'          1
874    'PGamma[1,10,2,3]'          1
875    'PGamma[1,10,3,1]'          1
876    'PGamma[1,10,3,2]'          1
877    'PGamma[1,10,3,3]'          1
878    'PGamma[1,11,1,1]'          1
879    'PGamma[1,11,1,2]'          1
880    'PGamma[1,11,1,3]'          1
881    'PGamma[1,11,2,1]'          1
882    'PGamma[1,11,2,2]'          1
883    'PGamma[1,11,2,3]'          1
884    'PGamma[1,11,3,1]'          1
885    'PGamma[1,11,3,2]'          1
886    'PGamma[1,11,3,3]'          1
887    'PGamma[1,12,1,1]'          1
888    'PGamma[1,12,1,2]'          1
889    'PGamma[1,12,1,3]'          1
890    'PGamma[1,12,2,1]'          1
891    'PGamma[1,12,2,2]'          1
892    'PGamma[1,12,2,3]'          1
893    'PGamma[1,12,3,1]'          1
894    'PGamma[1,12,3,2]'          1
895    'PGamma[1,12,3,3]'          1
896    'PGamma[1,13,1,1]'          1
897    'PGamma[1,13,1,2]'          1
898    'PGamma[1,13,1,3]'          1
899    'PGamma[1,13,2,1]'          1
900    'PGamma[1,13,2,2]'          1
901    'PGamma[1,13,2,3]'          1
902    'PGamma[1,13,3,1]'          1
903    'PGamma[1,13,3,2]'          1
904    'PGamma[1,13,3,3]'          1
905    'PGamma[1,14,1,1]'          1
906    'PGamma[1,14,1,2]'          1
907    'PGamma[1,14,1,3]'          1
908    'PGamma[1,14,2,1]'          1
909    'PGamma[1,14,2,2]'          1
910    'PGamma[1,14,2,3]'          1
911    'PGamma[1,14,3,1]'          1
912    'PGamma[1,14,3,2]'          1
913    'PGamma[1,14,3,3]'          1
914    'PGamma[1,15,1,1]'          1
915    'PGamma[1,15,1,2]'          1
916    'PGamma[1,15,1,3]'          1
917    'PGamma[1,15,2,1]'          1
918    'PGamma[1,15,2,2]'          1
919    'PGamma[1,15,2,3]'          1
920    'PGamma[1,15,3,1]'          1
921    'PGamma[1,15,3,2]'          1
922    'PGamma[1,15,3,3]'          1
923    'PGamma[2,1,1,1]'           1
924    'PGamma[2,1,1,2]'           1
925    'PGamma[2,1,1,3]'           1
926    'PGamma[2,1,2,1]'           1
927    'PGamma[2,1,2,2]'           1
928    'PGamma[2,1,2,3]'           1
929    'PGamma[2,1,3,1]'           1
930    'PGamma[2,1,3,2]'           1
931    'PGamma[2,1,3,3]'           1
932    'PGamma[2,2,1,1]'           1
933    'PGamma[2,2,1,2]'           1
934    'PGamma[2,2,1,3]'           1
935    'PGamma[2,2,2,1]'           1
936    'PGamma[2,2,2,2]'           1
937    'PGamma[2,2,2,3]'           1
938    'PGamma[2,2,3,1]'           1
939    'PGamma[2,2,3,2]'           1
940    'PGamma[2,2,3,3]'           1
941    'PGamma[2,3,1,1]'           1
942    'PGamma[2,3,1,2]'           1
943    'PGamma[2,3,1,3]'           1
944    'PGamma[2,3,2,1]'           1
945    'PGamma[2,3,2,2]'           1
946    'PGamma[2,3,2,3]'           1
947    'PGamma[2,3,3,1]'           1
948    'PGamma[2,3,3,2]'           1
949    'PGamma[2,3,3,3]'           1
950    'PGamma[2,4,1,1]'           1
951    'PGamma[2,4,1,2]'           1
952    'PGamma[2,4,1,3]'           1
953    'PGamma[2,4,2,1]'           1
954    'PGamma[2,4,2,2]'           1
955    'PGamma[2,4,2,3]'           1
956    'PGamma[2,4,3,1]'           1
957    'PGamma[2,4,3,2]'           1
958    'PGamma[2,4,3,3]'           1
959    'PGamma[2,5,1,1]'           1
960    'PGamma[2,5,1,2]'           1
961    'PGamma[2,5,1,3]'           1
962    'PGamma[2,5,2,1]'           1
963    'PGamma[2,5,2,2]'           1
964    'PGamma[2,5,2,3]'           1
965    'PGamma[2,5,3,1]'           1
966    'PGamma[2,5,3,2]'           1
967    'PGamma[2,5,3,3]'           1
968    'PGamma[2,6,1,1]'           1
969    'PGamma[2,6,1,2]'           1
970    'PGamma[2,6,1,3]'           1
971    'PGamma[2,6,2,1]'           1
972    'PGamma[2,6,2,2]'           1
973    'PGamma[2,6,2,3]'           1
974    'PGamma[2,6,3,1]'           1
975    'PGamma[2,6,3,2]'           1
976    'PGamma[2,6,3,3]'           1
977    'PGamma[2,7,1,1]'           1
978    'PGamma[2,7,1,2]'           1
979    'PGamma[2,7,1,3]'           1
980    'PGamma[2,7,2,1]'           1
981    'PGamma[2,7,2,2]'           1
982    'PGamma[2,7,2,3]'           1
983    'PGamma[2,7,3,1]'           1
984    'PGamma[2,7,3,2]'           1
985    'PGamma[2,7,3,3]'           1
986    'PGamma[2,8,1,1]'           1
987    'PGamma[2,8,1,2]'           1
988    'PGamma[2,8,1,3]'           1
989    'PGamma[2,8,2,1]'           1
990    'PGamma[2,8,2,2]'           1
991    'PGamma[2,8,2,3]'           1
992    'PGamma[2,8,3,1]'           1
993    'PGamma[2,8,3,2]'           1
994    'PGamma[2,8,3,3]'           1
995    'PGamma[2,9,1,1]'           1
996    'PGamma[2,9,1,2]'           1
997    'PGamma[2,9,1,3]'           1
998    'PGamma[2,9,2,1]'           1
999    'PGamma[2,9,2,2]'           1
1000   'PGamma[2,9,2,3]'           1
1001   'PGamma[2,9,3,1]'           1
1002   'PGamma[2,9,3,2]'           1
1003   'PGamma[2,9,3,3]'           1
1004   'PGamma[2,10,1,1]'          1
1005   'PGamma[2,10,1,2]'          1
1006   'PGamma[2,10,1,3]'          1
1007   'PGamma[2,10,2,1]'          1
1008   'PGamma[2,10,2,2]'          1
1009   'PGamma[2,10,2,3]'          1
1010   'PGamma[2,10,3,1]'          1
1011   'PGamma[2,10,3,2]'          1
1012   'PGamma[2,10,3,3]'          1
1013   'PGamma[2,11,1,1]'          1
1014   'PGamma[2,11,1,2]'          1
1015   'PGamma[2,11,1,3]'          1
1016   'PGamma[2,11,2,1]'          1
1017   'PGamma[2,11,2,2]'          1
1018   'PGamma[2,11,2,3]'          1
1019   'PGamma[2,11,3,1]'          1
1020   'PGamma[2,11,3,2]'          1
1021   'PGamma[2,11,3,3]'          1
1022   'PGamma[2,12,1,1]'          1
1023   'PGamma[2,12,1,2]'          1
1024   'PGamma[2,12,1,3]'          1
1025   'PGamma[2,12,2,1]'          1
1026   'PGamma[2,12,2,2]'          1
1027   'PGamma[2,12,2,3]'          1
1028   'PGamma[2,12,3,1]'          1
1029   'PGamma[2,12,3,2]'          1
1030   'PGamma[2,12,3,3]'          1
1031   'PGamma[2,13,1,1]'          1
1032   'PGamma[2,13,1,2]'          1
1033   'PGamma[2,13,1,3]'          1
1034   'PGamma[2,13,2,1]'          1
1035   'PGamma[2,13,2,2]'          1
1036   'PGamma[2,13,2,3]'          1
1037   'PGamma[2,13,3,1]'          1
1038   'PGamma[2,13,3,2]'          1
1039   'PGamma[2,13,3,3]'          1
1040   'PGamma[2,14,1,1]'          1
1041   'PGamma[2,14,1,2]'          1
1042   'PGamma[2,14,1,3]'          1
1043   'PGamma[2,14,2,1]'          1
1044   'PGamma[2,14,2,2]'          1
1045   'PGamma[2,14,2,3]'          1
1046   'PGamma[2,14,3,1]'          1
1047   'PGamma[2,14,3,2]'          1
1048   'PGamma[2,14,3,3]'          1
1049   'PGamma[2,15,1,1]'          1
1050   'PGamma[2,15,1,2]'          1
1051   'PGamma[2,15,1,3]'          1
1052   'PGamma[2,15,2,1]'          1
1053   'PGamma[2,15,2,2]'          1
1054   'PGamma[2,15,2,3]'          1
1055   'PGamma[2,15,3,1]'          1
1056   'PGamma[2,15,3,2]'          1
1057   'PGamma[2,15,3,3]'          1
1058   'SGamma1[1,1,1]'        1e-06
1059   'SGamma1[1,1,2]'        1e-06
1060   'SGamma1[1,1,3]'        1e-06
1061   'SGamma1[1,2,1]'        1e-06
1062   'SGamma1[1,2,2]'        1e-06
1063   'SGamma1[1,2,3]'        1e-06
1064   'SGamma1[1,3,1]'        1e-06
1065   'SGamma1[1,3,2]'        1e-06
1066   'SGamma1[1,3,3]'        1e-06
1067   'SGamma1[1,4,1]'        1e-06
1068   'SGamma1[1,4,2]'        1e-06
1069   'SGamma1[1,4,3]'        1e-06
1070   'SGamma1[1,5,1]'        1e-06
1071   'SGamma1[1,5,2]'        1e-06
1072   'SGamma1[1,5,3]'        1e-06
1073   'SGamma1[1,6,1]'        1e-06
1074   'SGamma1[1,6,2]'        1e-06
1075   'SGamma1[1,6,3]'        1e-06
1076   'SGamma1[1,7,1]'        1e-06
1077   'SGamma1[1,7,2]'        1e-06
1078   'SGamma1[1,7,3]'        1e-06
1079   'SGamma1[1,8,1]'        1e-06
1080   'SGamma1[1,8,2]'        1e-06
1081   'SGamma1[1,8,3]'        1e-06
1082   'SGamma1[1,9,1]'        1e-06
1083   'SGamma1[1,9,2]'        1e-06
1084   'SGamma1[1,9,3]'        1e-06
1085   'SGamma1[1,10,1]'       1e-06
1086   'SGamma1[1,10,2]'       1e-06
1087   'SGamma1[1,10,3]'       1e-06
1088   'SGamma1[1,11,1]'       1e-06
1089   'SGamma1[1,11,2]'       1e-06
1090   'SGamma1[1,11,3]'       1e-06
1091   'SGamma1[1,12,1]'       1e-06
1092   'SGamma1[1,12,2]'       1e-06
1093   'SGamma1[1,12,3]'       1e-06
1094   'SGamma1[1,13,1]'       1e-06
1095   'SGamma1[1,13,2]'       1e-06
1096   'SGamma1[1,13,3]'       1e-06
1097   'SGamma1[1,14,1]'       1e-06
1098   'SGamma1[1,14,2]'       1e-06
1099   'SGamma1[1,14,3]'       1e-06
1100   'SGamma1[1,15,1]'       1e-06
1101   'SGamma1[1,15,2]'       1e-06
1102   'SGamma1[1,15,3]'       1e-06
1103   'SGamma1[2,1,1]'        1e-06
1104   'SGamma1[2,1,2]'        1e-06
1105   'SGamma1[2,1,3]'        1e-06
1106   'SGamma1[2,2,1]'        1e-06
1107   'SGamma1[2,2,2]'        1e-06
1108   'SGamma1[2,2,3]'        1e-06
1109   'SGamma1[2,3,1]'        1e-06
1110   'SGamma1[2,3,2]'        1e-06
1111   'SGamma1[2,3,3]'        1e-06
1112   'SGamma1[2,4,1]'        1e-06
1113   'SGamma1[2,4,2]'        1e-06
1114   'SGamma1[2,4,3]'        1e-06
1115   'SGamma1[2,5,1]'        1e-06
1116   'SGamma1[2,5,2]'        1e-06
1117   'SGamma1[2,5,3]'        1e-06
1118   'SGamma1[2,6,1]'        1e-06
1119   'SGamma1[2,6,2]'        1e-06
1120   'SGamma1[2,6,3]'        1e-06
1121   'SGamma1[2,7,1]'        1e-06
1122   'SGamma1[2,7,2]'        1e-06
1123   'SGamma1[2,7,3]'        1e-06
1124   'SGamma1[2,8,1]'        1e-06
1125   'SGamma1[2,8,2]'        1e-06
1126   'SGamma1[2,8,3]'        1e-06
1127   'SGamma1[2,9,1]'        1e-06
1128   'SGamma1[2,9,2]'        1e-06
1129   'SGamma1[2,9,3]'        1e-06
1130   'SGamma1[2,10,1]'       1e-06
1131   'SGamma1[2,10,2]'       1e-06
1132   'SGamma1[2,10,3]'       1e-06
1133   'SGamma1[2,11,1]'       1e-06
1134   'SGamma1[2,11,2]'       1e-06
1135   'SGamma1[2,11,3]'       1e-06
1136   'SGamma1[2,12,1]'       1e-06
1137   'SGamma1[2,12,2]'       1e-06
1138   'SGamma1[2,12,3]'       1e-06
1139   'SGamma1[2,13,1]'       1e-06
1140   'SGamma1[2,13,2]'       1e-06
1141   'SGamma1[2,13,3]'       1e-06
1142   'SGamma1[2,14,1]'       1e-06
1143   'SGamma1[2,14,2]'       1e-06
1144   'SGamma1[2,14,3]'       1e-06
1145   'SGamma1[2,15,1]'       1e-06
1146   'SGamma1[2,15,2]'       1e-06
1147   'SGamma1[2,15,3]'       1e-06
1148   'SGamma2[1,1,1]'            1
1149   'SGamma2[1,1,2]'            1
1150   'SGamma2[1,1,3]'            1
1151   'SGamma2[1,2,1]'            1
1152   'SGamma2[1,2,2]'            1
1153   'SGamma2[1,2,3]'            1
1154   'SGamma2[1,3,1]'            1
1155   'SGamma2[1,3,2]'            1
1156   'SGamma2[1,3,3]'            1
1157   'SGamma2[1,4,1]'            1
1158   'SGamma2[1,4,2]'            1
1159   'SGamma2[1,4,3]'            1
1160   'SGamma2[1,5,1]'            1
1161   'SGamma2[1,5,2]'            1
1162   'SGamma2[1,5,3]'            1
1163   'SGamma2[1,6,1]'            1
1164   'SGamma2[1,6,2]'            1
1165   'SGamma2[1,6,3]'            1
1166   'SGamma2[1,7,1]'            1
1167   'SGamma2[1,7,2]'            1
1168   'SGamma2[1,7,3]'            1
1169   'SGamma2[1,8,1]'            1
1170   'SGamma2[1,8,2]'            1
1171   'SGamma2[1,8,3]'            1
1172   'SGamma2[1,9,1]'            1
1173   'SGamma2[1,9,2]'            1
1174   'SGamma2[1,9,3]'            1
1175   'SGamma2[1,10,1]'           1
1176   'SGamma2[1,10,2]'           1
1177   'SGamma2[1,10,3]'           1
1178   'SGamma2[1,11,1]'           1
1179   'SGamma2[1,11,2]'           1
1180   'SGamma2[1,11,3]'           1
1181   'SGamma2[1,12,1]'           1
1182   'SGamma2[1,12,2]'           1
1183   'SGamma2[1,12,3]'           1
1184   'SGamma2[1,13,1]'           1
1185   'SGamma2[1,13,2]'           1
1186   'SGamma2[1,13,3]'           1
1187   'SGamma2[1,14,1]'           1
1188   'SGamma2[1,14,2]'           1
1189   'SGamma2[1,14,3]'           1
1190   'SGamma2[1,15,1]'           1
1191   'SGamma2[1,15,2]'           1
1192   'SGamma2[1,15,3]'           1
1193   'SGamma2[2,1,1]'            1
1194   'SGamma2[2,1,2]'            1
1195   'SGamma2[2,1,3]'            1
1196   'SGamma2[2,2,1]'            1
1197   'SGamma2[2,2,2]'            1
1198   'SGamma2[2,2,3]'            1
1199   'SGamma2[2,3,1]'            1
1200   'SGamma2[2,3,2]'            1
1201   'SGamma2[2,3,3]'            1
1202   'SGamma2[2,4,1]'            1
1203   'SGamma2[2,4,2]'            1
1204   'SGamma2[2,4,3]'            1
1205   'SGamma2[2,5,1]'            1
1206   'SGamma2[2,5,2]'            1
1207   'SGamma2[2,5,3]'            1
1208   'SGamma2[2,6,1]'            1
1209   'SGamma2[2,6,2]'            1
1210   'SGamma2[2,6,3]'            1
1211   'SGamma2[2,7,1]'            1
1212   'SGamma2[2,7,2]'            1
1213   'SGamma2[2,7,3]'            1
1214   'SGamma2[2,8,1]'            1
1215   'SGamma2[2,8,2]'            1
1216   'SGamma2[2,8,3]'            1
1217   'SGamma2[2,9,1]'            1
1218   'SGamma2[2,9,2]'            1
1219   'SGamma2[2,9,3]'            1
1220   'SGamma2[2,10,1]'           1
1221   'SGamma2[2,10,2]'           1
1222   'SGamma2[2,10,3]'           1
1223   'SGamma2[2,11,1]'           1
1224   'SGamma2[2,11,2]'           1
1225   'SGamma2[2,11,3]'           1
1226   'SGamma2[2,12,1]'           1
1227   'SGamma2[2,12,2]'           1
1228   'SGamma2[2,12,3]'           1
1229   'SGamma2[2,13,1]'           1
1230   'SGamma2[2,13,2]'           1
1231   'SGamma2[2,13,3]'           1
1232   'SGamma2[2,14,1]'           1
1233   'SGamma2[2,14,2]'           1
1234   'SGamma2[2,14,3]'           1
1235   'SGamma2[2,15,1]'           1
1236   'SGamma2[2,15,2]'           1
1237   'SGamma2[2,15,3]'           1
1238   'gamma[1,1,1]'              1.000001
1239   'gamma[1,1,2]'              1.000001
1240   'gamma[1,1,3]'              1.000001
1241   'gamma[1,2,1]'              1.000001
1242   'gamma[1,2,2]'              1.000001
1243   'gamma[1,2,3]'              1.000001
1244   'gamma[1,3,1]'              1.000001
1245   'gamma[1,3,2]'              1.000001
1246   'gamma[1,3,3]'              1.000001
1247   'gamma[1,4,1]'              1.000001
1248   'gamma[1,4,2]'              1.000001
1249   'gamma[1,4,3]'              1.000001
1250   'gamma[1,5,1]'              1.000001
1251   'gamma[1,5,2]'              1.000001
1252   'gamma[1,5,3]'              1.000001
1253   'gamma[1,6,1]'              1.000001
1254   'gamma[1,6,2]'              1.000001
1255   'gamma[1,6,3]'              1.000001
1256   'gamma[1,7,1]'              1.000001
1257   'gamma[1,7,2]'              1.000001
1258   'gamma[1,7,3]'              1.000001
1259   'gamma[1,8,1]'              1.000001
1260   'gamma[1,8,2]'              1.000001
1261   'gamma[1,8,3]'              1.000001
1262   'gamma[1,9,1]'              1.000001
1263   'gamma[1,9,2]'              1.000001
1264   'gamma[1,9,3]'              1.000001
1265   'gamma[1,10,1]'             1.000001
1266   'gamma[1,10,2]'             1.000001
1267   'gamma[1,10,3]'             1.000001
1268   'gamma[1,11,1]'             1.000001
1269   'gamma[1,11,2]'             1.000001
1270   'gamma[1,11,3]'             1.000001
1271   'gamma[1,12,1]'             1.000001
1272   'gamma[1,12,2]'             1.000001
1273   'gamma[1,12,3]'             1.000001
1274   'gamma[1,13,1]'             1.000001
1275   'gamma[1,13,2]'             1.000001
1276   'gamma[1,13,3]'             1.000001
1277   'gamma[1,14,1]'             1.000001
1278   'gamma[1,14,2]'             1.000001
1279   'gamma[1,14,3]'             1.000001
1280   'gamma[1,15,1]'             1.000001
1281   'gamma[1,15,2]'             1.000001
1282   'gamma[1,15,3]'             1.000001
1283   'gamma[2,1,1]'              1.000001
1284   'gamma[2,1,2]'              1.000001
1285   'gamma[2,1,3]'              1.000001
1286   'gamma[2,2,1]'              1.000001
1287   'gamma[2,2,2]'              1.000001
1288   'gamma[2,2,3]'              1.000001
1289   'gamma[2,3,1]'              1.000001
1290   'gamma[2,3,2]'              1.000001
1291   'gamma[2,3,3]'              1.000001
1292   'gamma[2,4,1]'              1.000001
1293   'gamma[2,4,2]'              1.000001
1294   'gamma[2,4,3]'              1.000001
1295   'gamma[2,5,1]'              1.000001
1296   'gamma[2,5,2]'              1.000001
1297   'gamma[2,5,3]'              1.000001
1298   'gamma[2,6,1]'              1.000001
1299   'gamma[2,6,2]'              1.000001
1300   'gamma[2,6,3]'              1.000001
1301   'gamma[2,7,1]'              1.000001
1302   'gamma[2,7,2]'              1.000001
1303   'gamma[2,7,3]'              1.000001
1304   'gamma[2,8,1]'              1.000001
1305   'gamma[2,8,2]'              1.000001
1306   'gamma[2,8,3]'              1.000001
1307   'gamma[2,9,1]'              1.000001
1308   'gamma[2,9,2]'              1.000001
1309   'gamma[2,9,3]'              1.000001
1310   'gamma[2,10,1]'             1.000001
1311   'gamma[2,10,2]'             1.000001
1312   'gamma[2,10,3]'             1.000001
1313   'gamma[2,11,1]'             1.000001
1314   'gamma[2,11,2]'             1.000001
1315   'gamma[2,11,3]'             1.000001
1316   'gamma[2,12,1]'             1.000001
1317   'gamma[2,12,2]'             1.000001
1318   'gamma[2,12,3]'             1.000001
1319   'gamma[2,13,1]'             1.000001
1320   'gamma[2,13,2]'             1.000001
1321   'gamma[2,13,3]'             1.000001
1322   'gamma[2,14,1]'             1.000001
1323   'gamma[2,14,2]'             1.000001
1324   'gamma[2,14,3]'             1.000001
1325   'gamma[2,15,1]'             1.000001
1326   'gamma[2,15,2]'             1.000001
1327   'gamma[2,15,3]'             1.000001
1328   'PrS[1,1,1]'           102746.2886
1329   'PrS[1,1,2]'            39509.86271
1330   'PrS[1,1,3]'            17169.96014
1331   'PrS[1,2,1]'            94247.68066
1332   'PrS[1,2,2]'            35870.63458
1333   'PrS[1,2,3]'            15430.19315
1334   'PrS[1,3,1]'            89029.10947
1335   'PrS[1,3,2]'            33655.23733
1336   'PrS[1,3,3]'            14379.7337
1337   'PrS[1,4,1]'            84116.08975
1338   'PrS[1,4,2]'            31583.76446
1339   'PrS[1,4,3]'            13403.87096
1340   'PrS[1,5,1]'            78180.27522
1341   'PrS[1,5,2]'            29100.46352
1342   'PrS[1,5,3]'            12242.64859
1343   'PrS[1,6,1]'            71230.67337
1344   'PrS[1,6,2]'            26221.82969
1345   'PrS[1,6,3]'            10909.34123
1346   'PrS[1,7,1]'            64296.1179
1347   'PrS[1,7,2]'            23382.8906
1348   'PrS[1,7,3]'             9609.19797
1349   'PrS[1,8,1]'            58571.04486
1350   'PrS[1,8,2]'            21066.49587
1351   'PrS[1,8,3]'             8560.408924
1352   'PrS[1,9,1]'            47386.98731
1353   'PrS[1,9,2]'            16621.63559
1354   'PrS[1,9,3]'             6582.820928
1355   'PrS[1,10,1]'           39788.44341
1356   'PrS[1,10,2]'           13671.23372
1357   'PrS[1,10,3]'            5300.052954
1358   'PrS[1,11,1]'           35154.96394
1359   'PrS[1,11,2]'           11904.17946
1360   'PrS[1,11,3]'            4545.478445
1361   'PrS[1,12,1]'           32647.81768
1362   'PrS[1,12,2]'           10959.33778
1363   'PrS[1,12,3]'            4146.81431
1364   'PrS[1,13,1]'           31411.07151
1365   'PrS[1,13,2]'           10496.39103
1366   'PrS[1,13,3]'            3952.808287
1367   'PrS[1,14,1]'           30834.11413
1368   'PrS[1,14,2]'           10281.15627
1369   'PrS[1,14,3]'            3862.921878
1370   'PrS[1,15,1]'           30572.70646
1371   'PrS[1,15,2]'           10183.79481
1372   'PrS[1,15,3]'            3822.328204
1373   'PrS[2,1,1]'           150984.6344
1374   'PrS[2,1,2]'            60791.64568
1375   'PrS[2,1,3]'            27631.97732
1376   'PrS[2,2,1]'           141311.744
1377   'PrS[2,2,2]'            56448.23677
1378   'PrS[2,2,3]'            25462.14491
1379   'PrS[2,3,1]'           128420.0059
1380   'PrS[2,3,2]'            50715.21647
1381   'PrS[2,3,3]'            22623.35666
1382   'PrS[2,4,1]'           114730.9667
1383   'PrS[2,4,2]'            44703.19478
1384   'PrS[2,4,3]'            19680.51327
1385   'PrS[2,5,1]'           103348.1224
1386   'PrS[2,5,2]'            39768.9888
1387   'PrS[2,5,3]'            17294.47523
1388   'PrS[2,6,1]'            93915.41262
1389   'PrS[2,6,2]'            35729.13055
1390   'PrS[2,6,3]'            15362.89527
1391   'PrS[2,7,1]'            87601.23606
1392   'PrS[2,7,2]'            33051.7522
1393   'PrS[2,7,3]'            14094.78325
1394   'PrS[2,8,1]'            83880.45386
1395   'PrS[2,8,2]'            31484.77194
1396   'PrS[2,8,3]'            13357.39632
1397   'PrS[2,9,1]'            81889.99283
1398   'PrS[2,9,2]'            30649.90504
1399   'PrS[2,9,3]'            12966.04573
1400   'PrS[2,10,1]'           80259.56389
1401   'PrS[2,10,2]'           29967.85995
1402   'PrS[2,10,3]'           12647.14075
1403   'PrS[2,11,1]'           77657.69565
1404   'PrS[2,11,2]'           28882.89678
1405   'PrS[2,11,3]'           12141.38384
1406   'PrS[2,12,1]'           72267.58637
1407   'PrS[2,12,2]'           26649.27342
1408   'PrS[2,12,3]'           11106.40548
1409   'PrS[2,13,1]'           62381.72472
1410   'PrS[2,13,2]'           22605.44819
1411   'PrS[2,13,3]'            9255.930287
1412   'PrS[2,14,1]'           49603.27316
1413   'PrS[2,14,2]'           17493.33866
1414   'PrS[2,14,3]'            6966.682683
1415   'PrS[2,15,1]'           39284.08638
1416   'PrS[2,15,2]'           13477.64177
1417   'PrS[2,15,3]'            5216.848193
1418   'PrSF[1]'               62118.83661
1419   'PrSF[2]'               22498.90966
1420   'PrSF[3]'                9207.617175
1421   Vap                       409.7308683
1422   Sep                        90
;

