solve_message =
'filterSQP (20020316): Optimal solution found, objective = 406.91552409206764\
23 iterations (19 for feasibility)\
Evals: obj = 7, constr = 35, grad = 19, Hes = 24'

:     _varname        _var         :=
1     'F[2]'        0
2     'F[3]'        0
3     'F[4]'        0
4     'F[5]'        0
5     'F[6]'        0
6     'F[7]'        0
7     'F[8]'        0
8     'F[9]'        0
9     'F[10]'       0
10    'F[11]'       0
11    'F[12]'       0
12    'F[13]'       0
13    'F[14]'       0
14    'F[15]'     200
15    'F[16]'       0
16    'F[17]'       0
17    'F[18]'       0
18    'F[19]'       0
19    'F[20]'       0
20    'F[21]'       0
21    'F[22]'       0
22    'F[23]'       0
23    'F[24]'       0
24    'F[25]'       0
25    'F[26]'       0
26    'F[27]'       0
27    'F[28]'       0
28    'F[29]'       0
29    Vs          406.916
30    'y[1,1]'      2.19076e-06
31    'y[1,2]'      0.0981011
32    'y[1,3]'      0.901897
33    'y[2,1]'      6.07859e-06
34    'y[2,2]'      0.138342
35    'y[2,3]'      0.861652
36    'y[3,1]'      1.60723e-05
37    'y[3,2]'      0.186506
38    'y[3,3]'      0.813478
39    'y[4,1]'      4.11564e-05
40    'y[4,2]'      0.241922
41    'y[4,3]'      0.758037
42    'y[5,1]'      0.000102479
43    'y[5,2]'      0.302853
44    'y[5,3]'      0.697044
45    'y[6,1]'      0.000248295
46    'y[6,2]'      0.36658
47    'y[6,3]'      0.633171
48    'y[7,1]'      0.000585559
49    'y[7,2]'      0.429793
50    'y[7,3]'      0.569621
51    'y[8,1]'      0.0013454
52    'y[8,2]'      0.489175
53    'y[8,3]'      0.509479
54    'y[9,1]'      0.00301658
55    'y[9,2]'      0.541895
56    'y[9,3]'      0.455088
57    'y[10,1]'     0.00661193
58    'y[10,2]'     0.585738
59    'y[10,3]'     0.40765
60    'y[11,1]'     0.0141812
61    'y[11,2]'     0.618713
62    'y[11,3]'     0.367106
63    'y[12,1]'     0.0297222
64    'y[12,2]'     0.638091
65    'y[12,3]'     0.332186
66    'y[13,1]'     0.0605167
67    'y[13,2]'     0.638994
68    'y[13,3]'     0.300489
69    'y[14,1]'     0.118089
70    'y[14,2]'     0.613256
71    'y[14,3]'     0.268655
72    'y[15,1]'     0.215638
73    'y[15,2]'     0.55112
74    'y[15,3]'     0.233242
75    'y[16,1]'     0.216295
76    'y[16,2]'     0.559809
77    'y[16,3]'     0.223897
78    'y[17,1]'     0.217038
79    'y[17,2]'     0.569645
80    'y[17,3]'     0.213317
81    'y[18,1]'     0.21787
82    'y[18,2]'     0.580634
83    'y[18,3]'     0.201496
84    'y[19,1]'     0.218789
85    'y[19,2]'     0.592734
86    'y[19,3]'     0.188478
87    'y[20,1]'     0.219792
88    'y[20,2]'     0.605839
89    'y[20,3]'     0.174369
90    'y[21,1]'     0.220881
91    'y[21,2]'     0.619778
92    'y[21,3]'     0.159341
93    'y[22,1]'     0.222072
94    'y[22,2]'     0.634305
95    'y[22,3]'     0.143623
96    'y[23,1]'     0.223435
97    'y[23,2]'     0.649075
98    'y[23,3]'     0.12749
99    'y[24,1]'     0.225172
100   'y[24,2]'     0.663591
101   'y[24,3]'     0.111237
102   'y[25,1]'     0.227829
103   'y[25,2]'     0.677026
104   'y[25,3]'     0.0951447
105   'y[26,1]'     0.232795
106   'y[26,2]'     0.687764
107   'y[26,3]'     0.0794406
108   'y[27,1]'     0.24347
109   'y[27,2]'     0.692282
110   'y[27,3]'     0.0642484
111   'y[28,1]'     0.267724
112   'y[28,2]'     0.682719
113   'y[28,3]'     0.0495573
114   'y[29,1]'     0.32186
115   'y[29,2]'     0.642862
116   'y[29,3]'     0.0352781
117   'y[30,1]'     0.431654
118   'y[30,2]'     0.546763
119   'y[30,3]'     0.0215827
120   Ls          467.916
121   'x[1,1]'      7.09305e-07
122   'x[1,2]'      0.0655737
123   'x[1,3]'      0.934426
124   'x[2,1]'      1.99763e-06
125   'x[2,2]'      0.0938606
126   'x[2,3]'      0.906137
127   'x[3,1]'      5.37862e-06
128   'x[3,2]'      0.128855
129   'x[3,3]'      0.871139
130   'x[4,1]'      1.40695e-05
131   'x[4,2]'      0.17074
132   'x[4,3]'      0.829246
133   'x[5,1]'      3.58835e-05
134   'x[5,2]'      0.218932
135   'x[5,3]'      0.781032
136   'x[6,1]'      8.92119e-05
137   'x[6,2]'      0.27192
138   'x[6,3]'      0.72799
139   'x[7,1]'      0.000216019
140   'x[7,2]'      0.327339
141   'x[7,3]'      0.672445
142   'x[8,1]'      0.000509315
143   'x[8,2]'      0.382312
144   'x[8,3]'      0.617179
145   'x[9,1]'      0.0011701
146   'x[9,2]'      0.433952
147   'x[9,3]'      0.564878
148   'x[10,1]'     0.00262341
149   'x[10,2]'     0.479799
150   'x[10,3]'     0.517577
151   'x[11,1]'     0.00575006
152   'x[11,2]'     0.517927
153   'x[11,3]'     0.476323
154   'x[12,1]'     0.0123325
155   'x[12,2]'     0.546603
156   'x[12,3]'     0.441065
157   'x[13,1]'     0.0258475
158   'x[13,2]'     0.563455
159   'x[13,3]'     0.410698
160   'x[14,1]'     0.0526275
161   'x[14,2]'     0.56424
162   'x[14,3]'     0.383132
163   'x[15,1]'     0.102694
164   'x[15,2]'     0.541857
165   'x[15,3]'     0.355449
166   'x[16,1]'     0.103565
167   'x[16,2]'     0.553381
168   'x[16,3]'     0.343055
169   'x[17,1]'     0.104562
170   'x[17,2]'     0.566577
171   'x[17,3]'     0.328861
172   'x[18,1]'     0.105691
173   'x[18,2]'     0.581516
174   'x[18,3]'     0.312793
175   'x[19,1]'     0.106955
176   'x[19,2]'     0.598207
177   'x[19,3]'     0.294838
178   'x[20,1]'     0.10835
179   'x[20,2]'     0.616584
180   'x[20,3]'     0.275066
181   'x[21,1]'     0.109874
182   'x[21,2]'     0.636488
183   'x[21,3]'     0.253638
184   'x[22,1]'     0.111527
185   'x[22,2]'     0.65766
186   'x[22,3]'     0.230813
187   'x[23,1]'     0.113336
188   'x[23,2]'     0.679723
189   'x[23,3]'     0.206941
190   'x[24,1]'     0.115406
191   'x[24,2]'     0.702157
192   'x[24,3]'     0.182437
193   'x[25,1]'     0.118045
194   'x[25,2]'     0.724204
195   'x[25,3]'     0.157751
196   'x[26,1]'     0.12208
197   'x[26,2]'     0.74461
198   'x[26,3]'     0.13331
199   'x[27,1]'     0.129623
200   'x[27,2]'     0.760919
201   'x[27,3]'     0.109458
202   'x[28,1]'     0.145835
203   'x[28,2]'     0.76778
204   'x[28,3]'     0.0863842
205   'x[29,1]'     0.182673
206   'x[29,2]'     0.753256
207   'x[29,3]'     0.064071
208   'x[30,1]'     0.264897
209   'x[30,2]'     0.69272
210   'x[30,3]'     0.0423835
211   PC          139
212   PR           61
213   Vap         406.916
;

