solve_message =
'filterSQP (20020316): Nonlinear constraints locally infeasible\
174 iterations (173 for feasibility)\
Evals: obj = 1, constr = 355, grad = 97, Hes = 174'

:     _varname         _var          :=
1     'F[2]'          0
2     'F[3]'          0
3     'F[4]'          0
4     'F[5]'          0
5     'F[6]'          0
6     'F[7]'          0
7     'F[8]'        200
8     'F[9]'          0
9     'F[10]'         0
10    'F[11]'         0
11    'F[12]'         0
12    'F[13]'         0
13    'F[14]'         0
14    Vs          75900.6
15    'y[1,1]'        1.22604e-06
16    'y[1,2]'        0.0230243
17    'y[1,3]'        0.976975
18    'y[2,1]'        3.8724e-06
19    'y[2,2]'        0.0352327
20    'y[2,3]'        0.964763
21    'y[3,1]'        1.21484e-05
22    'y[3,2]'        0.0535508
23    'y[3,3]'        0.946437
24    'y[4,1]'        3.77366e-05
25    'y[4,2]'        0.0805873
26    'y[4,3]'        0.919375
27    'y[5,1]'        0.000115545
28    'y[5,2]'        0.119534
29    'y[5,3]'        0.880351
30    'y[6,1]'        0.000346623
31    'y[6,2]'        0.173706
32    'y[6,3]'        0.825947
33    'y[7,1]'        0.00101111
34    'y[7,2]'        0.24545
35    'y[7,3]'        0.753539
36    'y[8,1]'        0.00284335
37    'y[8,2]'        0.334347
38    'y[8,3]'        0.66281
39    'y[9,1]'        0.00553934
40    'y[9,2]'        0.435635
41    'y[9,3]'        0.558826
42    'y[10,1]'       0.012181
43    'y[10,2]'       0.539955
44    'y[10,3]'       0.447864
45    'y[11,1]'       0.0276231
46    'y[11,2]'       0.633039
47    'y[11,3]'       0.339338
48    'y[12,1]'       0.0611265
49    'y[12,2]'       0.697369
50    'y[12,3]'       0.241505
51    'y[13,1]'       0.127544
52    'y[13,2]'       0.712983
53    'y[13,3]'       0.159472
54    'y[14,1]'       0.243101
55    'y[14,2]'       0.661379
56    'y[14,3]'       0.0955204
57    'y[15,1]'       0.409322
58    'y[15,2]'       0.540305
59    'y[15,3]'       0.0503728
60    Ls          75954
61    'x[1,1]'        3.86294e-07
62    'x[1,2]'        0.0149767
63    'x[1,3]'        0.985023
64    'x[2,1]'        1.22545e-06
65    'x[2,2]'        0.0230186
66    'x[2,3]'        0.97698
67    'x[3,1]'        3.86995e-06
68    'x[3,2]'        0.0352184
69    'x[3,3]'        0.964778
70    'x[4,1]'        1.21402e-05
71    'x[4,2]'        0.0535237
72    'x[4,3]'        0.946464
73    'x[5,1]'        3.77103e-05
74    'x[5,2]'        0.0805411
75    'x[5,3]'        0.919421
76    'x[6,1]'        0.000115464
77    'x[6,2]'        0.11946
78    'x[6,3]'        0.880424
79    'x[7,1]'        0.000346379
80    'x[7,2]'        0.173595
81    'x[7,3]'        0.826059
82    'x[8,1]'        0.0010104
83    'x[8,2]'        0.245288
84    'x[8,3]'        0.753702
85    'x[9,1]'        0.00205682
86    'x[9,2]'        0.333948
87    'x[9,3]'        0.663995
88    'x[10,1]'       0.00475802
89    'x[10,2]'       0.435432
90    'x[10,3]'       0.55981
91    'x[11,1]'       0.0114125
92    'x[11,2]'       0.539954
93    'x[11,3]'       0.448633
94    'x[12,1]'       0.0268845
95    'x[12,2]'       0.633218
96    'x[12,3]'       0.339897
97    'x[13,1]'       0.0604527
98    'x[13,2]'       0.697673
99    'x[13,3]'       0.241874
100   'x[14,1]'       0.126999
101   'x[14,2]'       0.713317
102   'x[14,3]'       0.159684
103   'x[15,1]'       0.242779
104   'x[15,2]'       0.661613
105   'x[15,3]'       0.0956077
106   PC            146.584
107   PR             53.4162
108   Vap         75900.6
;

