solve_message =
'filterSQP (20020316): Optimal solution found, objective = 230.33181807563057\
7 iterations (2 for feasibility)\
Evals: obj = 7, constr = 8, grad = 8, Hes = 8'

:     _varname        _var         :=
1     'F[2]'        0
2     'F[3]'        0
3     'F[4]'        0
4     'F[5]'        0
5     'F[6]'        0
6     'F[7]'        0
7     'F[8]'        0
8     'F[9]'        0
9     'F[10]'       0
10    'F[11]'       0
11    'F[12]'       0
12    'F[13]'       0
13    'F[14]'       0
14    'F[15]'     200
15    'F[16]'       0
16    'F[17]'       0
17    'F[18]'       0
18    'F[19]'       0
19    'F[20]'       0
20    'F[21]'       0
21    'F[22]'       0
22    'F[23]'       0
23    'F[24]'       0
24    'F[25]'       0
25    'F[26]'       0
26    'F[27]'       0
27    'F[28]'       0
28    'F[29]'       0
29    Vs          230.332
30    'y[1,1]'      0.0103964
31    'y[1,2]'      0.664719
32    'y[1,3]'      0.324884
33    'y[2,1]'      0.0189951
34    'y[2,2]'      0.713742
35    'y[2,3]'      0.267263
36    'y[3,1]'      0.0309104
37    'y[3,2]'      0.733079
38    'y[3,3]'      0.236011
39    'y[4,1]'      0.047184
40    'y[4,2]'      0.734381
41    'y[4,3]'      0.218435
42    'y[5,1]'      0.0689863
43    'y[5,2]'      0.723642
44    'y[5,3]'      0.207371
45    'y[6,1]'      0.0974208
46    'y[6,2]'      0.703622
47    'y[6,3]'      0.198958
48    'y[7,1]'      0.133195
49    'y[7,2]'      0.675616
50    'y[7,3]'      0.191189
51    'y[8,1]'      0.176191
52    'y[8,2]'      0.640677
53    'y[8,3]'      0.183132
54    'y[9,1]'      0.225096
55    'y[9,2]'      0.600372
56    'y[9,3]'      0.174532
57    'y[10,1]'     0.277344
58    'y[10,2]'     0.557072
59    'y[10,3]'     0.165584
60    'y[11,1]'     0.329552
61    'y[11,2]'     0.513707
62    'y[11,3]'     0.156741
63    'y[12,1]'     0.378345
64    'y[12,2]'     0.47314
65    'y[12,3]'     0.148515
66    'y[13,1]'     0.421174
67    'y[13,2]'     0.437515
68    'y[13,3]'     0.141311
69    'y[14,1]'     0.456749
70    'y[14,2]'     0.40792
71    'y[14,3]'     0.135332
72    'y[15,1]'     0.484966
73    'y[15,2]'     0.384443
74    'y[15,3]'     0.130592
75    'y[16,1]'     0.501918
76    'y[16,2]'     0.407879
77    'y[16,3]'     0.0902024
78    'y[17,1]'     0.521318
79    'y[17,2]'     0.418466
80    'y[17,3]'     0.0602168
81    'y[18,1]'     0.54511
82    'y[18,2]'     0.415952
83    'y[18,3]'     0.0389379
84    'y[19,1]'     0.575383
85    'y[19,2]'     0.400242
86    'y[19,3]'     0.0243746
87    'y[20,1]'     0.613758
88    'y[20,2]'     0.371519
89    'y[20,3]'     0.0147234
90    'y[21,1]'     0.660556
91    'y[21,2]'     0.330905
92    'y[21,3]'     0.0085391
93    'y[22,1]'     0.714032
94    'y[22,2]'     0.281237
95    'y[22,3]'     0.00473063
96    'y[23,1]'     0.7703
97    'y[23,2]'     0.227204
98    'y[23,3]'     0.00249529
99    'y[24,1]'     0.824395
100   'y[24,2]'     0.174351
101   'y[24,3]'     0.00125342
102   'y[25,1]'     0.871996
103   'y[25,2]'     0.127402
104   'y[25,3]'     0.000601834
105   'y[26,1]'     0.910702
106   'y[26,2]'     0.0890199
107   'y[26,3]'     0.000277865
108   'y[27,1]'     0.940198
109   'y[27,2]'     0.0596781
110   'y[27,3]'     0.000124047
111   'y[28,1]'     0.961579
112   'y[28,2]'     0.0383672
113   'y[28,3]'     5.36416e-05
114   'y[29,1]'     0.976523
115   'y[29,2]'     0.0234548
116   'y[29,3]'     2.22877e-05
117   'y[30,1]'     0.986702
118   'y[30,2]'     0.0132889
119   'y[30,3]'     8.59869e-06
120   Ls          370.131
121   'x[1,1]'      0.00429186
122   'x[1,2]'      0.566526
123   'x[1,3]'      0.429182
124   'x[2,1]'      0.0080907
125   'x[2,2]'      0.627631
126   'x[2,3]'      0.364278
127   'x[3,1]'      0.0134416
128   'x[3,2]'      0.658138
129   'x[3,3]'      0.32842
130   'x[4,1]'      0.0208565
131   'x[4,2]'      0.670171
132   'x[4,3]'      0.308972
133   'x[5,1]'      0.0309835
134   'x[5,2]'      0.670981
135   'x[5,3]'      0.298035
136   'x[6,1]'      0.044551
137   'x[6,2]'      0.664299
138   'x[6,3]'      0.29115
139   'x[7,1]'      0.0622458
140   'x[7,2]'      0.65184
141   'x[7,3]'      0.285914
142   'x[8,1]'      0.0845078
143   'x[8,2]'      0.634412
144   'x[8,3]'      0.28108
145   'x[9,1]'      0.111264
146   'x[9,2]'      0.61267
147   'x[9,3]'      0.276066
148   'x[10,1]'     0.141698
149   'x[10,2]'     0.587588
150   'x[10,3]'     0.270714
151   'x[11,1]'     0.174212
152   'x[11,2]'     0.560643
153   'x[11,3]'     0.265146
154   'x[12,1]'     0.206701
155   'x[12,2]'     0.533657
156   'x[12,3]'     0.259643
157   'x[13,1]'     0.237064
158   'x[13,2]'     0.508412
159   'x[13,3]'     0.254524
160   'x[14,1]'     0.263717
161   'x[14,2]'     0.486243
162   'x[14,3]'     0.25004
163   'x[15,1]'     0.285855
164   'x[15,2]'     0.467826
165   'x[15,3]'     0.24632
166   'x[16,1]'     0.307427
167   'x[16,2]'     0.515774
168   'x[16,3]'     0.176798
169   'x[17,1]'     0.330379
170   'x[17,2]'     0.547504
171   'x[17,3]'     0.122117
172   'x[18,1]'     0.356642
173   'x[18,2]'     0.561836
174   'x[18,3]'     0.0815213
175   'x[19,1]'     0.388854
176   'x[19,2]'     0.558433
177   'x[19,3]'     0.0527129
178   'x[20,1]'     0.429839
179   'x[20,2]'     0.537165
180   'x[20,3]'     0.0329964
181   'x[21,1]'     0.481792
182   'x[21,2]'     0.498277
183   'x[21,3]'     0.0199302
184   'x[22,1]'     0.54515
185   'x[22,2]'     0.443292
186   'x[22,3]'     0.0115576
187   'x[23,1]'     0.617548
188   'x[23,2]'     0.37605
189   'x[23,3]'     0.0064015
190   'x[24,1]'     0.693727
191   'x[24,2]'     0.302898
192   'x[24,3]'     0.0033752
193   'x[25,1]'     0.766963
194   'x[25,2]'     0.231343
195   'x[25,3]'     0.0016939
196   'x[26,1]'     0.831407
197   'x[26,2]'     0.167781
198   'x[26,3]'     0.000811749
199   'x[27,1]'     0.88381
200   'x[27,2]'     0.115817
201   'x[27,3]'     0.000373145
202   'x[28,1]'     0.923742
203   'x[28,2]'     0.0760928
204   'x[28,3]'     0.000164899
205   'x[29,1]'     0.952689
206   'x[29,2]'     0.047241
207   'x[29,3]'     6.95799e-05
208   'x[30,1]'     0.972921
209   'x[30,2]'     0.027052
210   'x[30,3]'     2.71315e-05
211   PC           60.2005
212   PR          139.799
213   Vap         230.332
;

