solve_message = 'MINOS 5.51: infeasible problem (or bad starting guess).\
735 iterations\
Nonlin evals: constrs = 268, Jac = 268.'

:          _varname             _var          :=
1     'F[2]'                   0
2     'F[3]'                   0
3     'F[4]'                   0
4     'F[5]'                   0
5     'F[6]'                   0
6     'F[7]'                   0
7     'F[8]'                 100
8     'F[9]'                   0
9     'F[10]'                  0
10    'F[11]'                  0
11    'F[12]'                  0
12    'F[13]'                  0
13    'F[14]'                  0
14    'V[1]'                 104.841
15    'V[2]'                 104.943
16    'V[3]'                 104.995
17    'V[4]'                 105.071
18    'V[5]'                 105.211
19    'V[6]'                 105.412
20    'V[7]'                 105.642
21    'V[8]'                 105.874
22    'V[9]'                 106.114
23    'V[10]'                106.396
24    'V[11]'                106.754
25    'V[12]'                107.268
26    'V[13]'                108.105
27    'V[14]'                109.475
28    'V[15]'                  0
29    'y[1,1]'                 0.0479087
30    'y[1,2]'                 0.59038
31    'y[1,3]'                 0.361712
32    'y[2,1]'                 0.0886219
33    'y[2,2]'                 0.601512
34    'y[2,3]'                 0.309866
35    'y[3,1]'                 0.142935
36    'y[3,2]'                 0.583527
37    'y[3,3]'                 0.273539
38    'y[4,1]'                 0.20859
39    'y[4,2]'                 0.546279
40    'y[4,3]'                 0.245131
41    'y[5,1]'                 0.279792
42    'y[5,2]'                 0.499035
43    'y[5,3]'                 0.221173
44    'y[6,1]'                 0.349172
45    'y[6,2]'                 0.450152
46    'y[6,3]'                 0.200675
47    'y[7,1]'                 0.410596
48    'y[7,2]'                 0.405756
49    'y[7,3]'                 0.183647
50    'y[8,1]'                 0.460826
51    'y[8,2]'                 0.369035
52    'y[8,3]'                 0.170139
53    'y[9,1]'                 0.47104
54    'y[9,2]'                 0.391444
55    'y[9,3]'                 0.137516
56    'y[10,1]'                0.488672
57    'y[10,2]'                0.408023
58    'y[10,3]'                0.103305
59    'y[11,1]'                0.52063
60    'y[11,2]'                0.411271
61    'y[11,3]'                0.0680989
62    'y[12,1]'                0.578102
63    'y[12,2]'                0.388937
64    'y[12,3]'                0.0329609
65    'y[13,1]'                0.673355
66    'y[13,2]'                0.325924
67    'y[13,3]'                0.000720971
68    'y[14,1]'                0.803384
69    'y[14,2]'                0.218507
70    'y[14,3]'               -0.0218906
71    'y[15,1]'                0.923828
72    'y[15,2]'                0.101873
73    'y[15,3]'               -0.0257008
74    'L[1]'                   0
75    'L[2]'                 175.638
76    'L[3]'                 175.741
77    'L[4]'                 175.793
78    'L[5]'                 175.869
79    'L[6]'                 176.008
80    'L[7]'                 176.209
81    'L[8]'                 176.439
82    'L[9]'                  76.6707
83    'L[10]'                 76.9111
84    'L[11]'                 77.1935
85    'L[12]'                 77.5513
86    'L[13]'                 78.0649
87    'L[14]'                 78.9026
88    'L[15]'                 80.2724
89    'x[1,1]'                 0.0197023
90    'x[1,2]'                 0.537998
91    'x[1,3]'                 0.4423
92    'x[2,1]'                 0.0373867
93    'x[2,2]'                 0.568998
94    'x[2,3]'                 0.393616
95    'x[3,1]'                 0.062512
96    'x[3,2]'                 0.575188
97    'x[3,3]'                 0.3623
98    'x[4,1]'                 0.0955799
99    'x[4,2]'                 0.56402
100   'x[4,3]'                 0.3404
101   'x[5,1]'                 0.135166
102   'x[5,2]'                 0.541519
103   'x[5,3]'                 0.323316
104   'x[6,1]'                 0.177846
105   'x[6,2]'                 0.513232
106   'x[6,3]'                 0.308922
107   'x[7,1]'                 0.219321
108   'x[7,2]'                 0.484084
109   'x[7,3]'                 0.296595
110   'x[8,1]'                 0.256016
111   'x[8,2]'                 0.457652
112   'x[8,3]'                 0.286332
113   'x[9,1]'                 0.267412
114   'x[9,2]'                 0.496041
115   'x[9,3]'                 0.236547
116   'x[10,1]'                0.284932
117   'x[10,2]'                0.530863
118   'x[10,3]'                0.184205
119   'x[11,1]'                0.314451
120   'x[11,2]'                0.555125
121   'x[11,3]'                0.130423
122   'x[12,1]'                0.366737
123   'x[12,2]'                0.556609
124   'x[12,3]'                0.0766533
125   'x[13,1]'                0.458322
126   'x[13,2]'                0.516257
127   'x[13,3]'                0.0254209
128   'x[14,1]'                0.604249
129   'x[14,2]'                0.413168
130   'x[14,3]'               -0.0174167
131   'x[15,1]'                0.788062
132   'x[15,2]'                0.251264
133   'x[15,3]'               -0.0393256
134   PC                      29.2028
135   PR                      70.7972
136   'T[1]'                 372.302
137   'T[2]'                 371.238
138   'T[3]'                 370.076
139   'T[4]'                 368.758
140   'T[5]'                 367.321
141   'T[6]'                 365.874
142   'T[7]'                 364.54
143   'T[8]'                 363.407
144   'T[9]'                 362.782
145   'T[10]'                361.978
146   'T[11]'                360.85
147   'T[12]'                359.146
148   'T[13]'                356.539
149   'T[14]'                352.932
150   'T[15]'                349.188
151   TF                     362.254
152   QC                    1112.69
153   QR                    1131.71
154   'H[1,1]'                 2.40029
155   'H[1,2]'                 2.87891
156   'H[1,3]'                 2.73093
157   'H[2,1]'                 2.36248
158   'H[2,2]'                 2.8332
159   'H[2,3]'                 2.6873
160   'H[3,1]'                 2.32132
161   'H[3,2]'                 2.78345
162   'H[3,3]'                 2.63983
163   'H[4,1]'                 2.27476
164   'H[4,2]'                 2.72718
165   'H[4,3]'                 2.58614
166   'H[5,1]'                 2.22418
167   'H[5,2]'                 2.66608
168   'H[5,3]'                 2.52785
169   'H[6,1]'                 2.17342
170   'H[6,2]'                 2.60478
171   'H[6,3]'                 2.46938
172   'H[7,1]'                 2.1268
173   'H[7,2]'                 2.54851
174   'H[7,3]'                 2.41571
175   'H[8,1]'                 2.08734
176   'H[8,2]'                 2.5009
177   'H[8,3]'                 2.37031
178   'H[9,1]'                 2.0656
179   'H[9,2]'                 2.47467
180   'H[9,3]'                 2.3453
181   'H[10,1]'                2.0377
182   'H[10,2]'                2.44102
183   'H[10,3]'                2.31322
184   'H[11,1]'                1.99867
185   'H[11,2]'                2.39395
186   'H[11,3]'                2.26835
187   'H[12,1]'                1.9399
188   'H[12,2]'                2.3231
189   'H[12,3]'                2.20082
190   'H[13,1]'                1.85046
191   'H[13,2]'                2.21535
192   'H[13,3]'                2.09816
193   'H[14,1]'                1.72772
194   'H[14,2]'                2.06759
195   'H[14,3]'                1.95743
196   'H[15,1]'                1.60156
197   'H[15,2]'                1.91585
198   'H[15,3]'                1.81299
199   'HF[1]'                  2.04726
200   'HF[2]'                  2.45255
201   'HF[3]'                  2.32421
202   'h[1,1]'                -7.02928
203   'h[1,2]'                -7.64664
204   'h[1,3]'                -8.39935
205   'h[2,1]'                -7.08436
206   'h[2,2]'                -7.70995
207   'h[2,3]'                -8.46116
208   'h[3,1]'                -7.14434
209   'h[3,2]'                -7.7789
210   'h[3,3]'                -8.52844
211   'h[4,1]'                -7.21221
212   'h[4,2]'                -7.85692
213   'h[4,3]'                -8.60455
214   'h[5,1]'                -7.28596
215   'h[5,2]'                -7.94171
216   'h[5,3]'                -8.6872
217   'h[6,1]'                -7.36
218   'h[6,2]'                -8.02683
219   'h[6,3]'                -8.77013
220   'h[7,1]'                -7.42802
221   'h[7,2]'                -8.10503
222   'h[7,3]'                -8.84627
223   'h[8,1]'                -7.48561
224   'h[8,2]'                -8.17125
225   'h[8,3]'                -8.9107
226   'h[9,1]'                -7.51734
227   'h[9,2]'                -8.20774
228   'h[9,3]'                -8.94619
229   'h[10,1]'               -7.55807
230   'h[10,2]'               -8.25459
231   'h[10,3]'               -8.99174
232   'h[11,1]'               -7.61508
233   'h[11,2]'               -8.32015
234   'h[11,3]'               -9.05546
235   'h[12,1]'               -7.70095
236   'h[12,2]'               -8.41891
237   'h[12,3]'               -9.15136
238   'h[13,1]'               -7.83171
239   'h[13,2]'               -8.56933
240   'h[13,3]'               -9.29726
241   'h[14,1]'               -8.01136
242   'h[14,2]'               -8.77605
243   'h[14,3]'               -9.49741
244   'h[15,1]'               -8.19628
245   'h[15,2]'               -8.9889
246   'h[15,3]'               -9.70304
247   'hF[1]'                 -7.54411
248   'hF[2]'                 -8.23853
249   'hF[3]'                 -8.97613
250   'tauGamma[1,1,1]'    1e-06
251   'tauGamma[1,1,2]'    1e-06
252   'tauGamma[1,1,3]'    1e-06
253   'tauGamma[1,2,1]'    1e-06
254   'tauGamma[1,2,2]'    1e-06
255   'tauGamma[1,2,3]'    1e-06
256   'tauGamma[1,3,1]'    1e-06
257   'tauGamma[1,3,2]'    1e-06
258   'tauGamma[1,3,3]'    1e-06
259   'tauGamma[2,1,1]'    1e-06
260   'tauGamma[2,1,2]'    1e-06
261   'tauGamma[2,1,3]'    1e-06
262   'tauGamma[2,2,1]'    1e-06
263   'tauGamma[2,2,2]'    1e-06
264   'tauGamma[2,2,3]'    1e-06
265   'tauGamma[2,3,1]'    1e-06
266   'tauGamma[2,3,2]'    1e-06
267   'tauGamma[2,3,3]'    1e-06
268   'tauGamma[3,1,1]'    1e-06
269   'tauGamma[3,1,2]'    1e-06
270   'tauGamma[3,1,3]'    1e-06
271   'tauGamma[3,2,1]'    1e-06
272   'tauGamma[3,2,2]'    1e-06
273   'tauGamma[3,2,3]'    1e-06
274   'tauGamma[3,3,1]'    1e-06
275   'tauGamma[3,3,2]'    1e-06
276   'tauGamma[3,3,3]'    1e-06
277   'tauGamma[4,1,1]'    1e-06
278   'tauGamma[4,1,2]'    1e-06
279   'tauGamma[4,1,3]'    1e-06
280   'tauGamma[4,2,1]'    1e-06
281   'tauGamma[4,2,2]'    1e-06
282   'tauGamma[4,2,3]'    1e-06
283   'tauGamma[4,3,1]'    1e-06
284   'tauGamma[4,3,2]'    1e-06
285   'tauGamma[4,3,3]'    1e-06
286   'tauGamma[5,1,1]'    1e-06
287   'tauGamma[5,1,2]'    1e-06
288   'tauGamma[5,1,3]'    1e-06
289   'tauGamma[5,2,1]'    1e-06
290   'tauGamma[5,2,2]'    1e-06
291   'tauGamma[5,2,3]'    1e-06
292   'tauGamma[5,3,1]'    1e-06
293   'tauGamma[5,3,2]'    1e-06
294   'tauGamma[5,3,3]'    1e-06
295   'tauGamma[6,1,1]'    1e-06
296   'tauGamma[6,1,2]'    1e-06
297   'tauGamma[6,1,3]'    1e-06
298   'tauGamma[6,2,1]'    1e-06
299   'tauGamma[6,2,2]'    1e-06
300   'tauGamma[6,2,3]'    1e-06
301   'tauGamma[6,3,1]'    1e-06
302   'tauGamma[6,3,2]'    1e-06
303   'tauGamma[6,3,3]'    1e-06
304   'tauGamma[7,1,1]'    1e-06
305   'tauGamma[7,1,2]'    1e-06
306   'tauGamma[7,1,3]'    1e-06
307   'tauGamma[7,2,1]'    1e-06
308   'tauGamma[7,2,2]'    1e-06
309   'tauGamma[7,2,3]'    1e-06
310   'tauGamma[7,3,1]'    1e-06
311   'tauGamma[7,3,2]'    1e-06
312   'tauGamma[7,3,3]'    1e-06
313   'tauGamma[8,1,1]'    1e-06
314   'tauGamma[8,1,2]'    1e-06
315   'tauGamma[8,1,3]'    1e-06
316   'tauGamma[8,2,1]'    1e-06
317   'tauGamma[8,2,2]'    1e-06
318   'tauGamma[8,2,3]'    1e-06
319   'tauGamma[8,3,1]'    1e-06
320   'tauGamma[8,3,2]'    1e-06
321   'tauGamma[8,3,3]'    1e-06
322   'tauGamma[9,1,1]'    1e-06
323   'tauGamma[9,1,2]'    1e-06
324   'tauGamma[9,1,3]'    1e-06
325   'tauGamma[9,2,1]'    1e-06
326   'tauGamma[9,2,2]'    1e-06
327   'tauGamma[9,2,3]'    1e-06
328   'tauGamma[9,3,1]'    1e-06
329   'tauGamma[9,3,2]'    1e-06
330   'tauGamma[9,3,3]'    1e-06
331   'tauGamma[10,1,1]'   1e-06
332   'tauGamma[10,1,2]'   1e-06
333   'tauGamma[10,1,3]'   1e-06
334   'tauGamma[10,2,1]'   1e-06
335   'tauGamma[10,2,2]'   1e-06
336   'tauGamma[10,2,3]'   1e-06
337   'tauGamma[10,3,1]'   1e-06
338   'tauGamma[10,3,2]'   1e-06
339   'tauGamma[10,3,3]'   1e-06
340   'tauGamma[11,1,1]'   1e-06
341   'tauGamma[11,1,2]'   1e-06
342   'tauGamma[11,1,3]'   1e-06
343   'tauGamma[11,2,1]'   1e-06
344   'tauGamma[11,2,2]'   1e-06
345   'tauGamma[11,2,3]'   1e-06
346   'tauGamma[11,3,1]'   1e-06
347   'tauGamma[11,3,2]'   1e-06
348   'tauGamma[11,3,3]'   1e-06
349   'tauGamma[12,1,1]'   1e-06
350   'tauGamma[12,1,2]'   1e-06
351   'tauGamma[12,1,3]'   1e-06
352   'tauGamma[12,2,1]'   1e-06
353   'tauGamma[12,2,2]'   1e-06
354   'tauGamma[12,2,3]'   1e-06
355   'tauGamma[12,3,1]'   1e-06
356   'tauGamma[12,3,2]'   1e-06
357   'tauGamma[12,3,3]'   1e-06
358   'tauGamma[13,1,1]'   1e-06
359   'tauGamma[13,1,2]'   1e-06
360   'tauGamma[13,1,3]'   1e-06
361   'tauGamma[13,2,1]'   1e-06
362   'tauGamma[13,2,2]'   1e-06
363   'tauGamma[13,2,3]'   1e-06
364   'tauGamma[13,3,1]'   1e-06
365   'tauGamma[13,3,2]'   1e-06
366   'tauGamma[13,3,3]'   1e-06
367   'tauGamma[14,1,1]'   1e-06
368   'tauGamma[14,1,2]'   1e-06
369   'tauGamma[14,1,3]'   1e-06
370   'tauGamma[14,2,1]'   1e-06
371   'tauGamma[14,2,2]'   1e-06
372   'tauGamma[14,2,3]'   1e-06
373   'tauGamma[14,3,1]'   1e-06
374   'tauGamma[14,3,2]'   1e-06
375   'tauGamma[14,3,3]'   1e-06
376   'tauGamma[15,1,1]'   1e-06
377   'tauGamma[15,1,2]'   1e-06
378   'tauGamma[15,1,3]'   1e-06
379   'tauGamma[15,2,1]'   1e-06
380   'tauGamma[15,2,2]'   1e-06
381   'tauGamma[15,2,3]'   1e-06
382   'tauGamma[15,3,1]'   1e-06
383   'tauGamma[15,3,2]'   1e-06
384   'tauGamma[15,3,3]'   1e-06
385   'PGamma[1,1,1]'          1
386   'PGamma[1,1,2]'          1
387   'PGamma[1,1,3]'          1
388   'PGamma[1,2,1]'          1
389   'PGamma[1,2,2]'          1
390   'PGamma[1,2,3]'          1
391   'PGamma[1,3,1]'          1
392   'PGamma[1,3,2]'          1
393   'PGamma[1,3,3]'          1
394   'PGamma[2,1,1]'          1
395   'PGamma[2,1,2]'          1
396   'PGamma[2,1,3]'          1
397   'PGamma[2,2,1]'          1
398   'PGamma[2,2,2]'          1
399   'PGamma[2,2,3]'          1
400   'PGamma[2,3,1]'          1
401   'PGamma[2,3,2]'          1
402   'PGamma[2,3,3]'          1
403   'PGamma[3,1,1]'          1
404   'PGamma[3,1,2]'          1
405   'PGamma[3,1,3]'          1
406   'PGamma[3,2,1]'          1
407   'PGamma[3,2,2]'          1
408   'PGamma[3,2,3]'          1
409   'PGamma[3,3,1]'          1
410   'PGamma[3,3,2]'          1
411   'PGamma[3,3,3]'          1
412   'PGamma[4,1,1]'          1
413   'PGamma[4,1,2]'          1
414   'PGamma[4,1,3]'          1
415   'PGamma[4,2,1]'          1
416   'PGamma[4,2,2]'          1
417   'PGamma[4,2,3]'          1
418   'PGamma[4,3,1]'          1
419   'PGamma[4,3,2]'          1
420   'PGamma[4,3,3]'          1
421   'PGamma[5,1,1]'          1
422   'PGamma[5,1,2]'          1
423   'PGamma[5,1,3]'          1
424   'PGamma[5,2,1]'          1
425   'PGamma[5,2,2]'          1
426   'PGamma[5,2,3]'          1
427   'PGamma[5,3,1]'          1
428   'PGamma[5,3,2]'          1
429   'PGamma[5,3,3]'          1
430   'PGamma[6,1,1]'          1
431   'PGamma[6,1,2]'          1
432   'PGamma[6,1,3]'          1
433   'PGamma[6,2,1]'          1
434   'PGamma[6,2,2]'          1
435   'PGamma[6,2,3]'          1
436   'PGamma[6,3,1]'          1
437   'PGamma[6,3,2]'          1
438   'PGamma[6,3,3]'          1
439   'PGamma[7,1,1]'          1
440   'PGamma[7,1,2]'          1
441   'PGamma[7,1,3]'          1
442   'PGamma[7,2,1]'          1
443   'PGamma[7,2,2]'          1
444   'PGamma[7,2,3]'          1
445   'PGamma[7,3,1]'          1
446   'PGamma[7,3,2]'          1
447   'PGamma[7,3,3]'          1
448   'PGamma[8,1,1]'          1
449   'PGamma[8,1,2]'          1
450   'PGamma[8,1,3]'          1
451   'PGamma[8,2,1]'          1
452   'PGamma[8,2,2]'          1
453   'PGamma[8,2,3]'          1
454   'PGamma[8,3,1]'          1
455   'PGamma[8,3,2]'          1
456   'PGamma[8,3,3]'          1
457   'PGamma[9,1,1]'          1
458   'PGamma[9,1,2]'          1
459   'PGamma[9,1,3]'          1
460   'PGamma[9,2,1]'          1
461   'PGamma[9,2,2]'          1
462   'PGamma[9,2,3]'          1
463   'PGamma[9,3,1]'          1
464   'PGamma[9,3,2]'          1
465   'PGamma[9,3,3]'          1
466   'PGamma[10,1,1]'         1
467   'PGamma[10,1,2]'         1
468   'PGamma[10,1,3]'         1
469   'PGamma[10,2,1]'         1
470   'PGamma[10,2,2]'         1
471   'PGamma[10,2,3]'         1
472   'PGamma[10,3,1]'         1
473   'PGamma[10,3,2]'         1
474   'PGamma[10,3,3]'         1
475   'PGamma[11,1,1]'         1
476   'PGamma[11,1,2]'         1
477   'PGamma[11,1,3]'         1
478   'PGamma[11,2,1]'         1
479   'PGamma[11,2,2]'         1
480   'PGamma[11,2,3]'         1
481   'PGamma[11,3,1]'         1
482   'PGamma[11,3,2]'         1
483   'PGamma[11,3,3]'         1
484   'PGamma[12,1,1]'         1
485   'PGamma[12,1,2]'         1
486   'PGamma[12,1,3]'         1
487   'PGamma[12,2,1]'         1
488   'PGamma[12,2,2]'         1
489   'PGamma[12,2,3]'         1
490   'PGamma[12,3,1]'         1
491   'PGamma[12,3,2]'         1
492   'PGamma[12,3,3]'         1
493   'PGamma[13,1,1]'         1
494   'PGamma[13,1,2]'         1
495   'PGamma[13,1,3]'         1
496   'PGamma[13,2,1]'         1
497   'PGamma[13,2,2]'         1
498   'PGamma[13,2,3]'         1
499   'PGamma[13,3,1]'         1
500   'PGamma[13,3,2]'         1
501   'PGamma[13,3,3]'         1
502   'PGamma[14,1,1]'         1
503   'PGamma[14,1,2]'         1
504   'PGamma[14,1,3]'         1
505   'PGamma[14,2,1]'         1
506   'PGamma[14,2,2]'         1
507   'PGamma[14,2,3]'         1
508   'PGamma[14,3,1]'         1
509   'PGamma[14,3,2]'         1
510   'PGamma[14,3,3]'         1
511   'PGamma[15,1,1]'         1
512   'PGamma[15,1,2]'         1
513   'PGamma[15,1,3]'         1
514   'PGamma[15,2,1]'         1
515   'PGamma[15,2,2]'         1
516   'PGamma[15,2,3]'         1
517   'PGamma[15,3,1]'         1
518   'PGamma[15,3,2]'         1
519   'PGamma[15,3,3]'         1
520   'SGamma1[1,1]'       1e-06
521   'SGamma1[1,2]'       1e-06
522   'SGamma1[1,3]'       1e-06
523   'SGamma1[2,1]'       1e-06
524   'SGamma1[2,2]'       1e-06
525   'SGamma1[2,3]'       1e-06
526   'SGamma1[3,1]'       1e-06
527   'SGamma1[3,2]'       1e-06
528   'SGamma1[3,3]'       1e-06
529   'SGamma1[4,1]'       1e-06
530   'SGamma1[4,2]'       1e-06
531   'SGamma1[4,3]'       1e-06
532   'SGamma1[5,1]'       1e-06
533   'SGamma1[5,2]'       1e-06
534   'SGamma1[5,3]'       1e-06
535   'SGamma1[6,1]'       1e-06
536   'SGamma1[6,2]'       1e-06
537   'SGamma1[6,3]'       1e-06
538   'SGamma1[7,1]'       1e-06
539   'SGamma1[7,2]'       1e-06
540   'SGamma1[7,3]'       1e-06
541   'SGamma1[8,1]'       1e-06
542   'SGamma1[8,2]'       1e-06
543   'SGamma1[8,3]'       1e-06
544   'SGamma1[9,1]'       1e-06
545   'SGamma1[9,2]'       1e-06
546   'SGamma1[9,3]'       1e-06
547   'SGamma1[10,1]'      1e-06
548   'SGamma1[10,2]'      1e-06
549   'SGamma1[10,3]'      1e-06
550   'SGamma1[11,1]'      1e-06
551   'SGamma1[11,2]'      1e-06
552   'SGamma1[11,3]'      1e-06
553   'SGamma1[12,1]'      1e-06
554   'SGamma1[12,2]'      1e-06
555   'SGamma1[12,3]'      1e-06
556   'SGamma1[13,1]'      1e-06
557   'SGamma1[13,2]'      1e-06
558   'SGamma1[13,3]'      1e-06
559   'SGamma1[14,1]'      1e-06
560   'SGamma1[14,2]'      1e-06
561   'SGamma1[14,3]'      1e-06
562   'SGamma1[15,1]'      1e-06
563   'SGamma1[15,2]'      1e-06
564   'SGamma1[15,3]'      1e-06
565   'SGamma2[1,1]'           1
566   'SGamma2[1,2]'           1
567   'SGamma2[1,3]'           1
568   'SGamma2[2,1]'           1
569   'SGamma2[2,2]'           1
570   'SGamma2[2,3]'           1
571   'SGamma2[3,1]'           1
572   'SGamma2[3,2]'           1
573   'SGamma2[3,3]'           1
574   'SGamma2[4,1]'           1
575   'SGamma2[4,2]'           1
576   'SGamma2[4,3]'           1
577   'SGamma2[5,1]'           1
578   'SGamma2[5,2]'           1
579   'SGamma2[5,3]'           1
580   'SGamma2[6,1]'           1
581   'SGamma2[6,2]'           1
582   'SGamma2[6,3]'           1
583   'SGamma2[7,1]'           1
584   'SGamma2[7,2]'           1
585   'SGamma2[7,3]'           1
586   'SGamma2[8,1]'           1
587   'SGamma2[8,2]'           1
588   'SGamma2[8,3]'           1
589   'SGamma2[9,1]'           1
590   'SGamma2[9,2]'           1
591   'SGamma2[9,3]'           1
592   'SGamma2[10,1]'          1
593   'SGamma2[10,2]'          1
594   'SGamma2[10,3]'          1
595   'SGamma2[11,1]'          1
596   'SGamma2[11,2]'          1
597   'SGamma2[11,3]'          1
598   'SGamma2[12,1]'          1
599   'SGamma2[12,2]'          1
600   'SGamma2[12,3]'          1
601   'SGamma2[13,1]'          1
602   'SGamma2[13,2]'          1
603   'SGamma2[13,3]'          1
604   'SGamma2[14,1]'          1
605   'SGamma2[14,2]'          1
606   'SGamma2[14,3]'          1
607   'SGamma2[15,1]'          1
608   'SGamma2[15,2]'          1
609   'SGamma2[15,3]'          1
610   'gamma[1,1]'             1
611   'gamma[1,2]'             1
612   'gamma[1,3]'             1
613   'gamma[2,1]'             1
614   'gamma[2,2]'             1
615   'gamma[2,3]'             1
616   'gamma[3,1]'             1
617   'gamma[3,2]'             1
618   'gamma[3,3]'             1
619   'gamma[4,1]'             1
620   'gamma[4,2]'             1
621   'gamma[4,3]'             1
622   'gamma[5,1]'             1
623   'gamma[5,2]'             1
624   'gamma[5,3]'             1
625   'gamma[6,1]'             1
626   'gamma[6,2]'             1
627   'gamma[6,3]'             1
628   'gamma[7,1]'             1
629   'gamma[7,2]'             1
630   'gamma[7,3]'             1
631   'gamma[8,1]'             1
632   'gamma[8,2]'             1
633   'gamma[8,3]'             1
634   'gamma[9,1]'             1
635   'gamma[9,2]'             1
636   'gamma[9,3]'             1
637   'gamma[10,1]'            1
638   'gamma[10,2]'            1
639   'gamma[10,3]'            1
640   'gamma[11,1]'            1
641   'gamma[11,2]'            1
642   'gamma[11,3]'            1
643   'gamma[12,1]'            1
644   'gamma[12,2]'            1
645   'gamma[12,3]'            1
646   'gamma[13,1]'            1
647   'gamma[13,2]'            1
648   'gamma[13,3]'            1
649   'gamma[14,1]'            1
650   'gamma[14,2]'            1
651   'gamma[14,3]'            1
652   'gamma[15,1]'            1
653   'gamma[15,2]'            1
654   'gamma[15,3]'            1
655   'PrS[1,1]'           72185.5
656   'PrS[1,2]'           33393.7
657   'PrS[1,3]'           24871.1
658   'PrS[2,1]'           69873.9
659   'PrS[2,2]'           32217.2
660   'PrS[2,3]'           23961
661   'PrS[3,1]'           67418.1
662   'PrS[3,2]'           30971.3
663   'PrS[3,3]'           22998.5
664   'PrS[4,1]'           64714.9
665   'PrS[4,2]'           29605
666   'PrS[4,3]'           21944.7
667   'PrS[5,1]'           61867
668   'PrS[5,2]'           28171.6
669   'PrS[5,3]'           20841
670   'PrS[6,1]'           59100.6
671   'PrS[6,2]'           26785.3
672   'PrS[6,3]'           19775.7
673   'PrS[7,1]'           56639.3
674   'PrS[7,2]'           25557.3
675   'PrS[7,3]'           18833.7
676   'PrS[8,1]'           54614.5
677   'PrS[8,2]'           24550.9
678   'PrS[8,3]'           18063.1
679   'PrS[9,1]'           53521.7
680   'PrS[9,2]'           24009.3
681   'PrS[9,3]'           17648.8
682   'PrS[10,1]'          52142.2
683   'PrS[10,2]'          23327.1
684   'PrS[10,3]'          17127.5
685   'PrS[11,1]'          50255.6
686   'PrS[11,2]'          22397.1
687   'PrS[11,3]'          16417.7
688   'PrS[12,1]'          47509
689   'PrS[12,2]'          21049.3
690   'PrS[12,3]'          15391.2
691   'PrS[13,1]'          43540.5
692   'PrS[13,2]'          19115.7
693   'PrS[13,3]'          13922.9
694   'PrS[14,1]'          38494.1
695   'PrS[14,2]'          16682.6
696   'PrS[14,3]'          12083.4
697   'PrS[15,1]'          33767.1
698   'PrS[15,2]'          14432.6
699   'PrS[15,3]'          10391.6
700   'PrSF[1]'            52612
701   'PrSF[2]'            23559.3
702   'PrSF[3]'            17304.8
;

