solve_message = 'MINOS 5.51: infeasible problem (or bad starting guess).\
2538 iterations\
Nonlin evals: constrs = 372, Jac = 372.'

:           _varname             _var         :=
1      'F[2]'                   0
2      'F[3]'                   0
3      'F[4]'                   0
4      'F[5]'                   0
5      'F[6]'                   0
6      'F[7]'                   0
7      'F[8]'                   0
8      'F[9]'                   0
9      'F[10]'                  0
10     'F[11]'                  0
11     'F[12]'                  0
12     'F[13]'                  0
13     'F[14]'                  0
14     'F[15]'                100
15     'F[16]'                  0
16     'F[17]'                  0
17     'F[18]'                  0
18     'F[19]'                  0
19     'F[20]'                  0
20     'F[21]'                  0
21     'F[22]'                  0
22     'F[23]'                  0
23     'F[24]'                  0
24     'F[25]'                  0
25     'F[26]'                  0
26     'F[27]'                  0
27     'F[28]'                  0
28     'F[29]'                  0
29     'V[1]'                  99.52
30     'V[2]'                 102.18
31     'V[3]'                 105.108
32     'V[4]'                 100.926
33     'V[5]'                  99.8248
34     'V[6]'                  97.4686
35     'V[7]'                  96.8208
36     'V[8]'                  96.5098
37     'V[9]'                  95.9902
38     'V[10]'                 93.0809
39     'V[11]'                 92.4166
40     'V[12]'                 94.2573
41     'V[13]'                 92.7669
42     'V[14]'                 93.469
43     'V[15]'                 94.4006
44     'V[16]'                 94.4207
45     'V[17]'                 94.4542
46     'V[18]'                 94.4418
47     'V[19]'                 94.4368
48     'V[20]'                 94.4407
49     'V[21]'                 94.4405
50     'V[22]'                 94.452
51     'V[23]'                 94.4424
52     'V[24]'                 94.4443
53     'V[25]'                 94.4438
54     'V[26]'                 94.4423
55     'V[27]'                 94.4527
56     'V[28]'                 94.4502
57     'V[29]'                 94.4423
58     'V[30]'                  0
59     'y[1,1]'                 0.00250771
60     'y[1,2]'                 0.243288
61     'y[1,3]'                 0.754204
62     'y[2,1]'                 0.0169768
63     'y[2,2]'                 0.841513
64     'y[2,3]'                 0.14151
65     'y[3,1]'                 0.110838
66     'y[3,2]'                 0.767148
67     'y[3,3]'                 0.122014
68     'y[4,1]'                 0.0171044
69     'y[4,2]'                 0.681477
70     'y[4,3]'                 0.301418
71     'y[5,1]'                 0.087271
72     'y[5,2]'                 0.338439
73     'y[5,3]'                 0.57429
74     'y[6,1]'                 0.00472034
75     'y[6,2]'                 0.340387
76     'y[6,3]'                 0.654893
77     'y[7,1]'                 0.0161816
78     'y[7,2]'                 0.287657
79     'y[7,3]'                 0.696161
80     'y[8,1]'                 0.0201933
81     'y[8,2]'                 0.337046
82     'y[8,3]'                 0.64276
83     'y[9,1]'                 0.0545961
84     'y[9,2]'                 0.376033
85     'y[9,3]'                 0.569371
86     'y[10,1]'                0.118509
87     'y[10,2]'                0.364781
88     'y[10,3]'                0.51671
89     'y[11,1]'                0.128754
90     'y[11,2]'                0.42442
91     'y[11,3]'                0.446825
92     'y[12,1]'                0.165503
93     'y[12,2]'                0.463291
94     'y[12,3]'                0.371206
95     'y[13,1]'                0.161147
96     'y[13,2]'                0.450749
97     'y[13,3]'                0.388104
98     'y[14,1]'                0.255384
99     'y[14,2]'                0.420925
100    'y[14,3]'                0.323691
101    'y[15,1]'                0.359772
102    'y[15,2]'                0.395307
103    'y[15,3]'                0.244921
104    'y[16,1]'                0.358476
105    'y[16,2]'                0.39449
106    'y[16,3]'                0.247034
107    'y[17,1]'                0.362634
108    'y[17,2]'                0.391598
109    'y[17,3]'                0.245768
110    'y[18,1]'                0.360435
111    'y[18,2]'                0.393971
112    'y[18,3]'                0.245594
113    'y[19,1]'                0.360155
114    'y[19,2]'                0.395217
115    'y[19,3]'                0.244627
116    'y[20,1]'                0.361086
117    'y[20,2]'                0.394575
118    'y[20,3]'                0.244339
119    'y[21,1]'                0.361304
120    'y[21,2]'                0.394439
121    'y[21,3]'                0.244257
122    'y[22,1]'                0.360022
123    'y[22,2]'                0.39383
124    'y[22,3]'                0.246148
125    'y[23,1]'                0.3598
126    'y[23,2]'                0.394268
127    'y[23,3]'                0.245932
128    'y[24,1]'                0.36056
129    'y[24,2]'                0.393897
130    'y[24,3]'                0.245543
131    'y[25,1]'                0.360834
132    'y[25,2]'                0.394436
133    'y[25,3]'                0.244729
134    'y[26,1]'                0.361063
135    'y[26,2]'                0.394376
136    'y[26,3]'                0.244561
137    'y[27,1]'                0.360133
138    'y[27,2]'                0.393427
139    'y[27,3]'                0.246441
140    'y[28,1]'                0.360481
141    'y[28,2]'                0.393453
142    'y[28,3]'                0.246066
143    'y[29,1]'                0.36293
144    'y[29,2]'                0.390975
145    'y[29,3]'                0.246095
146    'y[30,1]'                0.329385
147    'y[30,2]'                0.411364
148    'y[30,3]'                0.259251
149    'L[1]'                   0
150    'L[2]'                 100.117
151    'L[3]'                 102.776
152    'L[4]'                 105.704
153    'L[5]'                 101.523
154    'L[6]'                 100.422
155    'L[7]'                  98.0655
156    'L[8]'                  97.4177
157    'L[9]'                  97.1067
158    'L[10]'                 96.587
159    'L[11]'                 98.6803
160    'L[12]'                 98.016
161    'L[13]'                 99.8567
162    'L[14]'                 98.3663
163    'L[15]'                 99.0684
164    'L[16]'                  0
165    'L[17]'                  0.0201267
166    'L[18]'                  0.0536012
167    'L[19]'                  0.0412327
168    'L[20]'                  0.036184
169    'L[21]'                  0.0400857
170    'L[22]'                  0.0399154
171    'L[23]'                  0.0513632
172    'L[24]'                  0.0418434
173    'L[25]'                  0.0437077
174    'L[26]'                  0.043218
175    'L[27]'                  0.0417507
176    'L[28]'                  0.0521045
177    'L[29]'                  0.0495808
178    'L[30]'                  0.0416887
179    'x[1,1]'                 0.00052811
180    'x[1,2]'                 0.586749
181    'x[1,3]'                 0.412723
182    'x[2,1]'                 0.00310971
183    'x[2,2]'                 0.306818
184    'x[2,3]'                 0.690073
185    'x[3,1]'                 0.0208221
186    'x[3,2]'                 0.813137
187    'x[3,3]'                 0.16604
188    'x[4,1]'                 0.114404
189    'x[4,2]'                 0.720511
190    'x[4,3]'                 0.165085
191    'x[5,1]'                 0.021768
192    'x[5,2]'                 0.59245
193    'x[5,3]'                 0.385782
194    'x[6,1]'                 0.0897219
195    'x[6,2]'                 0.2178
196    'x[6,3]'                 0.692478
197    'x[7,1]'                 0.0057126
198    'x[7,2]'                 0.263185
199    'x[7,3]'                 0.731102
200    'x[8,1]'                 0.00815187
201    'x[8,2]'                 0.262011
202    'x[8,3]'                 0.729838
203    'x[9,1]'                 0.0245994
204    'x[9,2]'                 0.272147
205    'x[9,3]'                 0.703254
206    'x[10,1]'                0.0076252
207    'x[10,2]'                0.33054
208    'x[10,3]'                0.661835
209    'x[11,1]'                0.0663566
210    'x[11,2]'                0.320324
211    'x[11,3]'                0.61332
212    'x[12,1]'                0
213    'x[12,2]'                0.459951
214    'x[12,3]'                0.540049
215    'x[13,1]'                0.0870346
216    'x[13,2]'                0.463128
217    'x[13,3]'                0.449838
218    'x[14,1]'                0.0990832
219    'x[14,2]'                0.41969
220    'x[14,3]'                0.481227
221    'x[15,1]'                0.168908
222    'x[15,2]'                0.445739
223    'x[15,3]'                0.385353
224    'x[16,1]'                0.165609
225    'x[16,2]'                0.450949
226    'x[16,3]'                0.383442
227    'x[17,1]'                0.171027
228    'x[17,2]'                0.449352
229    'x[17,3]'                0.379621
230    'x[18,1]'                0.169736
231    'x[18,2]'                0.448979
232    'x[18,3]'                0.381285
233    'x[19,1]'                0.169636
234    'x[19,2]'                0.449657
235    'x[19,3]'                0.380706
236    'x[20,1]'                0.170009
237    'x[20,2]'                0.449964
238    'x[20,3]'                0.380027
239    'x[21,1]'                0.17039
240    'x[21,2]'                0.449635
241    'x[21,3]'                0.379975
242    'x[22,1]'                0.170628
243    'x[22,2]'                0.449195
244    'x[22,3]'                0.380176
245    'x[23,1]'                0.17028
246    'x[23,2]'                0.448761
247    'x[23,3]'                0.380959
248    'x[24,1]'                0.170069
249    'x[24,2]'                0.449435
250    'x[24,3]'                0.380496
251    'x[25,1]'                0.170381
252    'x[25,2]'                0.449451
253    'x[25,3]'                0.380168
254    'x[26,1]'                0.170193
255    'x[26,2]'                0.44985
256    'x[26,3]'                0.379958
257    'x[27,1]'                0.170722
258    'x[27,2]'                0.448831
259    'x[27,3]'                0.380447
260    'x[28,1]'                0.170692
261    'x[28,2]'                0.449005
262    'x[28,3]'                0.380303
263    'x[29,1]'                0.17033
264    'x[29,2]'                0.448266
265    'x[29,3]'                0.381405
266    'x[30,1]'                0.143692
267    'x[30,2]'                0.466894
268    'x[30,3]'                0.389414
269    PC                      94.4006
270    PR                       0.59687
271    'T[1]'                 380.349
272    'T[2]'                 380.67
273    'T[3]'                 378.816
274    'T[4]'                 377.852
275    'T[5]'                 376.47
276    'T[6]'                 376.038
277    'T[7]'                 375.66
278    'T[8]'                 375.159
279    'T[9]'                 374.31
280    'T[10]'                373.266
281    'T[11]'                372.507
282    'T[12]'                371.554
283    'T[13]'                371.645
284    'T[14]'                369.44
285    'T[15]'                366.435
286    'T[16]'                366.451
287    'T[17]'                366.358
288    'T[18]'                366.393
289    'T[19]'                366.393
290    'T[20]'                366.377
291    'T[21]'                366.374
292    'T[22]'                366.391
293    'T[23]'                366.401
294    'T[24]'                366.388
295    'T[25]'                366.379
296    'T[26]'                366.377
297    'T[27]'                366.391
298    'T[28]'                366.387
299    'T[29]'                366.37
300    'T[30]'                367.193
301    TF                     362.252
302    QC                     983.917
303    QR                    1056.18
304    'H[1,1]'                 2.68947
305    'H[1,2]'                 3.22898
306    'H[1,3]'                 3.06515
307    'H[2,1]'                 2.70112
308    'H[2,2]'                 3.2431
309    'H[2,3]'                 3.07863
310    'H[3,1]'                 2.63393
311    'H[3,2]'                 3.16169
312    'H[3,3]'                 3.00089
313    'H[4,1]'                 2.5991
314    'H[4,2]'                 3.11951
315    'H[4,3]'                 2.96061
316    'H[5,1]'                 2.54936
317    'H[5,2]'                 3.05929
318    'H[5,3]'                 2.90311
319    'H[6,1]'                 2.53384
320    'H[6,2]'                 3.0405
321    'H[6,3]'                 2.88517
322    'H[7,1]'                 2.52027
323    'H[7,2]'                 3.02406
324    'H[7,3]'                 2.86948
325    'H[8,1]'                 2.5023
326    'H[8,2]'                 3.00232
327    'H[8,3]'                 2.84873
328    'H[9,1]'                 2.47193
329    'H[9,2]'                 2.96557
330    'H[9,3]'                 2.81365
331    'H[10,1]'                2.43465
332    'H[10,2]'                2.92047
333    'H[10,3]'                2.77059
334    'H[11,1]'                2.4076
335    'H[11,2]'                2.88775
336    'H[11,3]'                2.73937
337    'H[12,1]'                2.3737
338    'H[12,2]'                2.84676
339    'H[12,3]'                2.70024
340    'H[13,1]'                2.37695
341    'H[13,2]'                2.85069
342    'H[13,3]'                2.704
343    'H[14,1]'                2.29883
344    'H[14,2]'                2.75627
345    'H[14,3]'                2.61389
346    'H[15,1]'                2.19307
347    'H[15,2]'                2.62851
348    'H[15,3]'                2.49201
349    'H[16,1]'                2.19363
350    'H[16,2]'                2.62919
351    'H[16,3]'                2.49266
352    'H[17,1]'                2.19039
353    'H[17,2]'                2.62528
354    'H[17,3]'                2.48893
355    'H[18,1]'                2.19162
356    'H[18,2]'                2.62676
357    'H[18,3]'                2.49034
358    'H[19,1]'                2.19162
359    'H[19,2]'                2.62676
360    'H[19,3]'                2.49034
361    'H[20,1]'                2.19105
362    'H[20,2]'                2.62607
363    'H[20,3]'                2.48968
364    'H[21,1]'                2.19093
365    'H[21,2]'                2.62593
366    'H[21,3]'                2.48955
367    'H[22,1]'                2.19153
368    'H[22,2]'                2.62666
369    'H[22,3]'                2.49024
370    'H[23,1]'                2.19188
371    'H[23,2]'                2.62707
372    'H[23,3]'                2.49064
373    'H[24,1]'                2.19145
374    'H[24,2]'                2.62655
375    'H[24,3]'                2.49014
376    'H[25,1]'                2.19113
377    'H[25,2]'                2.62617
378    'H[25,3]'                2.48978
379    'H[26,1]'                2.19106
380    'H[26,2]'                2.62608
381    'H[26,3]'                2.48969
382    'H[27,1]'                2.19155
383    'H[27,2]'                2.62667
384    'H[27,3]'                2.49026
385    'H[28,1]'                2.19139
386    'H[28,2]'                2.62649
387    'H[28,3]'                2.49008
388    'H[29,1]'                2.19081
389    'H[29,2]'                2.62578
390    'H[29,3]'                2.48941
391    'H[30,1]'                2.21966
392    'H[30,2]'                2.66063
393    'H[30,3]'                2.52265
394    'HF[1]'                  2.04722
395    'HF[2]'                  2.4525
396    'HF[3]'                  2.32416
397    'h[1,1]'                -6.60823
398    'h[1,2]'                -7.16272
399    'h[1,3]'                -7.92612
400    'h[2,1]'                -6.59128
401    'h[2,2]'                -7.14324
402    'h[2,3]'                -7.90704
403    'h[3,1]'                -6.68907
404    'h[3,2]'                -7.25562
405    'h[3,3]'                -8.01706
406    'h[4,1]'                -6.73977
407    'h[4,2]'                -7.31389
408    'h[4,3]'                -8.07408
409    'h[5,1]'                -6.81217
410    'h[5,2]'                -7.3971
411    'h[5,3]'                -8.15548
412    'h[6,1]'                -6.83477
413    'h[6,2]'                -7.42308
414    'h[6,3]'                -8.18088
415    'h[7,1]'                -6.85454
416    'h[7,2]'                -7.4458
417    'h[7,3]'                -8.20309
418    'h[8,1]'                -6.8807
419    'h[8,2]'                -7.47586
420    'h[8,3]'                -8.23248
421    'h[9,1]'                -6.92493
422    'h[9,2]'                -7.52669
423    'h[9,3]'                -8.28217
424    'h[10,1]'               -6.97923
425    'h[10,2]'               -7.58911
426    'h[10,3]'               -8.34316
427    'h[11,1]'               -7.01863
428    'h[11,2]'               -7.6344
429    'h[11,3]'               -8.38739
430    'h[12,1]'               -7.06802
431    'h[12,2]'               -7.69117
432    'h[12,3]'               -8.44283
433    'h[13,1]'               -7.06328
434    'h[13,2]'               -7.68572
435    'h[13,3]'               -8.4375
436    'h[14,1]'               -7.17712
437    'h[14,2]'               -7.81658
438    'h[14,3]'               -8.56521
439    'h[15,1]'               -7.33133
440    'h[15,2]'               -7.99387
441    'h[15,3]'               -8.73803
442    'h[16,1]'               -7.33052
443    'h[16,2]'               -7.99293
444    'h[16,3]'               -8.73712
445    'h[17,1]'               -7.33524
446    'h[17,2]'               -7.99836
447    'h[17,3]'               -8.7424
448    'h[18,1]'               -7.33345
449    'h[18,2]'               -7.9963
450    'h[18,3]'               -8.7404
451    'h[19,1]'               -7.33345
452    'h[19,2]'               -7.99631
453    'h[19,3]'               -8.7404
454    'h[20,1]'               -7.33428
455    'h[20,2]'               -7.99726
456    'h[20,3]'               -8.74133
457    'h[21,1]'               -7.33445
458    'h[21,2]'               -7.99745
459    'h[21,3]'               -8.74151
460    'h[22,1]'               -7.33358
461    'h[22,2]'               -7.99645
462    'h[22,3]'               -8.74054
463    'h[23,1]'               -7.33307
464    'h[23,2]'               -7.99587
465    'h[23,3]'               -8.73998
466    'h[24,1]'               -7.3337
467    'h[24,2]'               -7.99659
468    'h[24,3]'               -8.74068
469    'h[25,1]'               -7.33416
470    'h[25,2]'               -7.99712
471    'h[25,3]'               -8.7412
472    'h[26,1]'               -7.33427
473    'h[26,2]'               -7.99725
474    'h[26,3]'               -8.74132
475    'h[27,1]'               -7.33355
476    'h[27,2]'               -7.99642
477    'h[27,3]'               -8.74051
478    'h[28,1]'               -7.33378
479    'h[28,2]'               -7.99668
480    'h[28,3]'               -8.74076
481    'h[29,1]'               -7.33463
482    'h[29,2]'               -7.99766
483    'h[29,3]'               -8.74172
484    'h[30,1]'               -7.29254
485    'h[30,2]'               -7.94927
486    'h[30,3]'               -8.69458
487    'hF[1]'                 -7.54417
488    'hF[2]'                 -8.2386
489    'hF[3]'                 -8.9762
490    'tauGamma[1,1,1]'    1e-06
491    'tauGamma[1,1,2]'    1e-06
492    'tauGamma[1,1,3]'    1e-06
493    'tauGamma[1,2,1]'    1e-06
494    'tauGamma[1,2,2]'    1e-06
495    'tauGamma[1,2,3]'    1e-06
496    'tauGamma[1,3,1]'    1e-06
497    'tauGamma[1,3,2]'    1e-06
498    'tauGamma[1,3,3]'    1e-06
499    'tauGamma[2,1,1]'    1e-06
500    'tauGamma[2,1,2]'    1e-06
501    'tauGamma[2,1,3]'    1e-06
502    'tauGamma[2,2,1]'    1e-06
503    'tauGamma[2,2,2]'    1e-06
504    'tauGamma[2,2,3]'    1e-06
505    'tauGamma[2,3,1]'    1e-06
506    'tauGamma[2,3,2]'    1e-06
507    'tauGamma[2,3,3]'    1e-06
508    'tauGamma[3,1,1]'    1e-06
509    'tauGamma[3,1,2]'    1e-06
510    'tauGamma[3,1,3]'    1e-06
511    'tauGamma[3,2,1]'    1e-06
512    'tauGamma[3,2,2]'    1e-06
513    'tauGamma[3,2,3]'    1e-06
514    'tauGamma[3,3,1]'    1e-06
515    'tauGamma[3,3,2]'    1e-06
516    'tauGamma[3,3,3]'    1e-06
517    'tauGamma[4,1,1]'    1e-06
518    'tauGamma[4,1,2]'    1e-06
519    'tauGamma[4,1,3]'    1e-06
520    'tauGamma[4,2,1]'    1e-06
521    'tauGamma[4,2,2]'    1e-06
522    'tauGamma[4,2,3]'    1e-06
523    'tauGamma[4,3,1]'    1e-06
524    'tauGamma[4,3,2]'    1e-06
525    'tauGamma[4,3,3]'    1e-06
526    'tauGamma[5,1,1]'    1e-06
527    'tauGamma[5,1,2]'    1e-06
528    'tauGamma[5,1,3]'    1e-06
529    'tauGamma[5,2,1]'    1e-06
530    'tauGamma[5,2,2]'    1e-06
531    'tauGamma[5,2,3]'    1e-06
532    'tauGamma[5,3,1]'    1e-06
533    'tauGamma[5,3,2]'    1e-06
534    'tauGamma[5,3,3]'    1e-06
535    'tauGamma[6,1,1]'    1e-06
536    'tauGamma[6,1,2]'    1e-06
537    'tauGamma[6,1,3]'    1e-06
538    'tauGamma[6,2,1]'    1e-06
539    'tauGamma[6,2,2]'    1e-06
540    'tauGamma[6,2,3]'    1e-06
541    'tauGamma[6,3,1]'    1e-06
542    'tauGamma[6,3,2]'    1e-06
543    'tauGamma[6,3,3]'    1e-06
544    'tauGamma[7,1,1]'    1e-06
545    'tauGamma[7,1,2]'    1e-06
546    'tauGamma[7,1,3]'    1e-06
547    'tauGamma[7,2,1]'    1e-06
548    'tauGamma[7,2,2]'    1e-06
549    'tauGamma[7,2,3]'    1e-06
550    'tauGamma[7,3,1]'    1e-06
551    'tauGamma[7,3,2]'    1e-06
552    'tauGamma[7,3,3]'    1e-06
553    'tauGamma[8,1,1]'    1e-06
554    'tauGamma[8,1,2]'    1e-06
555    'tauGamma[8,1,3]'    1e-06
556    'tauGamma[8,2,1]'    1e-06
557    'tauGamma[8,2,2]'    1e-06
558    'tauGamma[8,2,3]'    1e-06
559    'tauGamma[8,3,1]'    1e-06
560    'tauGamma[8,3,2]'    1e-06
561    'tauGamma[8,3,3]'    1e-06
562    'tauGamma[9,1,1]'    1e-06
563    'tauGamma[9,1,2]'    1e-06
564    'tauGamma[9,1,3]'    1e-06
565    'tauGamma[9,2,1]'    1e-06
566    'tauGamma[9,2,2]'    1e-06
567    'tauGamma[9,2,3]'    1e-06
568    'tauGamma[9,3,1]'    1e-06
569    'tauGamma[9,3,2]'    1e-06
570    'tauGamma[9,3,3]'    1e-06
571    'tauGamma[10,1,1]'   1e-06
572    'tauGamma[10,1,2]'   1e-06
573    'tauGamma[10,1,3]'   1e-06
574    'tauGamma[10,2,1]'   1e-06
575    'tauGamma[10,2,2]'   1e-06
576    'tauGamma[10,2,3]'   1e-06
577    'tauGamma[10,3,1]'   1e-06
578    'tauGamma[10,3,2]'   1e-06
579    'tauGamma[10,3,3]'   1e-06
580    'tauGamma[11,1,1]'   1e-06
581    'tauGamma[11,1,2]'   1e-06
582    'tauGamma[11,1,3]'   1e-06
583    'tauGamma[11,2,1]'   1e-06
584    'tauGamma[11,2,2]'   1e-06
585    'tauGamma[11,2,3]'   1e-06
586    'tauGamma[11,3,1]'   1e-06
587    'tauGamma[11,3,2]'   1e-06
588    'tauGamma[11,3,3]'   1e-06
589    'tauGamma[12,1,1]'   1e-06
590    'tauGamma[12,1,2]'   1e-06
591    'tauGamma[12,1,3]'   1e-06
592    'tauGamma[12,2,1]'   1e-06
593    'tauGamma[12,2,2]'   1e-06
594    'tauGamma[12,2,3]'   1e-06
595    'tauGamma[12,3,1]'   1e-06
596    'tauGamma[12,3,2]'   1e-06
597    'tauGamma[12,3,3]'   1e-06
598    'tauGamma[13,1,1]'   1e-06
599    'tauGamma[13,1,2]'   1e-06
600    'tauGamma[13,1,3]'   1e-06
601    'tauGamma[13,2,1]'   1e-06
602    'tauGamma[13,2,2]'   1e-06
603    'tauGamma[13,2,3]'   1e-06
604    'tauGamma[13,3,1]'   1e-06
605    'tauGamma[13,3,2]'   1e-06
606    'tauGamma[13,3,3]'   1e-06
607    'tauGamma[14,1,1]'   1e-06
608    'tauGamma[14,1,2]'   1e-06
609    'tauGamma[14,1,3]'   1e-06
610    'tauGamma[14,2,1]'   1e-06
611    'tauGamma[14,2,2]'   1e-06
612    'tauGamma[14,2,3]'   1e-06
613    'tauGamma[14,3,1]'   1e-06
614    'tauGamma[14,3,2]'   1e-06
615    'tauGamma[14,3,3]'   1e-06
616    'tauGamma[15,1,1]'   1e-06
617    'tauGamma[15,1,2]'   1e-06
618    'tauGamma[15,1,3]'   1e-06
619    'tauGamma[15,2,1]'   1e-06
620    'tauGamma[15,2,2]'   1e-06
621    'tauGamma[15,2,3]'   1e-06
622    'tauGamma[15,3,1]'   1e-06
623    'tauGamma[15,3,2]'   1e-06
624    'tauGamma[15,3,3]'   1e-06
625    'tauGamma[16,1,1]'   1e-06
626    'tauGamma[16,1,2]'   1e-06
627    'tauGamma[16,1,3]'   1e-06
628    'tauGamma[16,2,1]'   1e-06
629    'tauGamma[16,2,2]'   1e-06
630    'tauGamma[16,2,3]'   1e-06
631    'tauGamma[16,3,1]'   1e-06
632    'tauGamma[16,3,2]'   1e-06
633    'tauGamma[16,3,3]'   1e-06
634    'tauGamma[17,1,1]'   1e-06
635    'tauGamma[17,1,2]'   1e-06
636    'tauGamma[17,1,3]'   1e-06
637    'tauGamma[17,2,1]'   1e-06
638    'tauGamma[17,2,2]'   1e-06
639    'tauGamma[17,2,3]'   1e-06
640    'tauGamma[17,3,1]'   1e-06
641    'tauGamma[17,3,2]'   1e-06
642    'tauGamma[17,3,3]'   1e-06
643    'tauGamma[18,1,1]'   1e-06
644    'tauGamma[18,1,2]'   1e-06
645    'tauGamma[18,1,3]'   1e-06
646    'tauGamma[18,2,1]'   1e-06
647    'tauGamma[18,2,2]'   1e-06
648    'tauGamma[18,2,3]'   1e-06
649    'tauGamma[18,3,1]'   1e-06
650    'tauGamma[18,3,2]'   1e-06
651    'tauGamma[18,3,3]'   1e-06
652    'tauGamma[19,1,1]'   1e-06
653    'tauGamma[19,1,2]'   1e-06
654    'tauGamma[19,1,3]'   1e-06
655    'tauGamma[19,2,1]'   1e-06
656    'tauGamma[19,2,2]'   1e-06
657    'tauGamma[19,2,3]'   1e-06
658    'tauGamma[19,3,1]'   1e-06
659    'tauGamma[19,3,2]'   1e-06
660    'tauGamma[19,3,3]'   1e-06
661    'tauGamma[20,1,1]'   1e-06
662    'tauGamma[20,1,2]'   1e-06
663    'tauGamma[20,1,3]'   1e-06
664    'tauGamma[20,2,1]'   1e-06
665    'tauGamma[20,2,2]'   1e-06
666    'tauGamma[20,2,3]'   1e-06
667    'tauGamma[20,3,1]'   1e-06
668    'tauGamma[20,3,2]'   1e-06
669    'tauGamma[20,3,3]'   1e-06
670    'tauGamma[21,1,1]'   1e-06
671    'tauGamma[21,1,2]'   1e-06
672    'tauGamma[21,1,3]'   1e-06
673    'tauGamma[21,2,1]'   1e-06
674    'tauGamma[21,2,2]'   1e-06
675    'tauGamma[21,2,3]'   1e-06
676    'tauGamma[21,3,1]'   1e-06
677    'tauGamma[21,3,2]'   1e-06
678    'tauGamma[21,3,3]'   1e-06
679    'tauGamma[22,1,1]'   1e-06
680    'tauGamma[22,1,2]'   1e-06
681    'tauGamma[22,1,3]'   1e-06
682    'tauGamma[22,2,1]'   1e-06
683    'tauGamma[22,2,2]'   1e-06
684    'tauGamma[22,2,3]'   1e-06
685    'tauGamma[22,3,1]'   1e-06
686    'tauGamma[22,3,2]'   1e-06
687    'tauGamma[22,3,3]'   1e-06
688    'tauGamma[23,1,1]'   1e-06
689    'tauGamma[23,1,2]'   1e-06
690    'tauGamma[23,1,3]'   1e-06
691    'tauGamma[23,2,1]'   1e-06
692    'tauGamma[23,2,2]'   1e-06
693    'tauGamma[23,2,3]'   1e-06
694    'tauGamma[23,3,1]'   1e-06
695    'tauGamma[23,3,2]'   1e-06
696    'tauGamma[23,3,3]'   1e-06
697    'tauGamma[24,1,1]'   1e-06
698    'tauGamma[24,1,2]'   1e-06
699    'tauGamma[24,1,3]'   1e-06
700    'tauGamma[24,2,1]'   1e-06
701    'tauGamma[24,2,2]'   1e-06
702    'tauGamma[24,2,3]'   1e-06
703    'tauGamma[24,3,1]'   1e-06
704    'tauGamma[24,3,2]'   1e-06
705    'tauGamma[24,3,3]'   1e-06
706    'tauGamma[25,1,1]'   1e-06
707    'tauGamma[25,1,2]'   1e-06
708    'tauGamma[25,1,3]'   1e-06
709    'tauGamma[25,2,1]'   1e-06
710    'tauGamma[25,2,2]'   1e-06
711    'tauGamma[25,2,3]'   1e-06
712    'tauGamma[25,3,1]'   1e-06
713    'tauGamma[25,3,2]'   1e-06
714    'tauGamma[25,3,3]'   1e-06
715    'tauGamma[26,1,1]'   1e-06
716    'tauGamma[26,1,2]'   1e-06
717    'tauGamma[26,1,3]'   1e-06
718    'tauGamma[26,2,1]'   1e-06
719    'tauGamma[26,2,2]'   1e-06
720    'tauGamma[26,2,3]'   1e-06
721    'tauGamma[26,3,1]'   1e-06
722    'tauGamma[26,3,2]'   1e-06
723    'tauGamma[26,3,3]'   1e-06
724    'tauGamma[27,1,1]'   1e-06
725    'tauGamma[27,1,2]'   1e-06
726    'tauGamma[27,1,3]'   1e-06
727    'tauGamma[27,2,1]'   1e-06
728    'tauGamma[27,2,2]'   1e-06
729    'tauGamma[27,2,3]'   1e-06
730    'tauGamma[27,3,1]'   1e-06
731    'tauGamma[27,3,2]'   1e-06
732    'tauGamma[27,3,3]'   1e-06
733    'tauGamma[28,1,1]'   1e-06
734    'tauGamma[28,1,2]'   1e-06
735    'tauGamma[28,1,3]'   1e-06
736    'tauGamma[28,2,1]'   1e-06
737    'tauGamma[28,2,2]'   1e-06
738    'tauGamma[28,2,3]'   1e-06
739    'tauGamma[28,3,1]'   1e-06
740    'tauGamma[28,3,2]'   1e-06
741    'tauGamma[28,3,3]'   1e-06
742    'tauGamma[29,1,1]'   1e-06
743    'tauGamma[29,1,2]'   1e-06
744    'tauGamma[29,1,3]'   1e-06
745    'tauGamma[29,2,1]'   1e-06
746    'tauGamma[29,2,2]'   1e-06
747    'tauGamma[29,2,3]'   1e-06
748    'tauGamma[29,3,1]'   1e-06
749    'tauGamma[29,3,2]'   1e-06
750    'tauGamma[29,3,3]'   1e-06
751    'tauGamma[30,1,1]'   1e-06
752    'tauGamma[30,1,2]'   1e-06
753    'tauGamma[30,1,3]'   1e-06
754    'tauGamma[30,2,1]'   1e-06
755    'tauGamma[30,2,2]'   1e-06
756    'tauGamma[30,2,3]'   1e-06
757    'tauGamma[30,3,1]'   1e-06
758    'tauGamma[30,3,2]'   1e-06
759    'tauGamma[30,3,3]'   1e-06
760    'PGamma[1,1,1]'          1
761    'PGamma[1,1,2]'          1
762    'PGamma[1,1,3]'          1
763    'PGamma[1,2,1]'          1
764    'PGamma[1,2,2]'          1
765    'PGamma[1,2,3]'          1
766    'PGamma[1,3,1]'          1
767    'PGamma[1,3,2]'          1
768    'PGamma[1,3,3]'          1
769    'PGamma[2,1,1]'          1
770    'PGamma[2,1,2]'          1
771    'PGamma[2,1,3]'          1
772    'PGamma[2,2,1]'          1
773    'PGamma[2,2,2]'          1
774    'PGamma[2,2,3]'          1
775    'PGamma[2,3,1]'          1
776    'PGamma[2,3,2]'          1
777    'PGamma[2,3,3]'          1
778    'PGamma[3,1,1]'          1
779    'PGamma[3,1,2]'          1
780    'PGamma[3,1,3]'          1
781    'PGamma[3,2,1]'          1
782    'PGamma[3,2,2]'          1
783    'PGamma[3,2,3]'          1
784    'PGamma[3,3,1]'          1
785    'PGamma[3,3,2]'          1
786    'PGamma[3,3,3]'          1
787    'PGamma[4,1,1]'          1
788    'PGamma[4,1,2]'          1
789    'PGamma[4,1,3]'          1
790    'PGamma[4,2,1]'          1
791    'PGamma[4,2,2]'          1
792    'PGamma[4,2,3]'          1
793    'PGamma[4,3,1]'          1
794    'PGamma[4,3,2]'          1
795    'PGamma[4,3,3]'          1
796    'PGamma[5,1,1]'          1
797    'PGamma[5,1,2]'          1
798    'PGamma[5,1,3]'          1
799    'PGamma[5,2,1]'          1
800    'PGamma[5,2,2]'          1
801    'PGamma[5,2,3]'          1
802    'PGamma[5,3,1]'          1
803    'PGamma[5,3,2]'          1
804    'PGamma[5,3,3]'          1
805    'PGamma[6,1,1]'          1
806    'PGamma[6,1,2]'          1
807    'PGamma[6,1,3]'          1
808    'PGamma[6,2,1]'          1
809    'PGamma[6,2,2]'          1
810    'PGamma[6,2,3]'          1
811    'PGamma[6,3,1]'          1
812    'PGamma[6,3,2]'          1
813    'PGamma[6,3,3]'          1
814    'PGamma[7,1,1]'          1
815    'PGamma[7,1,2]'          1
816    'PGamma[7,1,3]'          1
817    'PGamma[7,2,1]'          1
818    'PGamma[7,2,2]'          1
819    'PGamma[7,2,3]'          1
820    'PGamma[7,3,1]'          1
821    'PGamma[7,3,2]'          1
822    'PGamma[7,3,3]'          1
823    'PGamma[8,1,1]'          1
824    'PGamma[8,1,2]'          1
825    'PGamma[8,1,3]'          1
826    'PGamma[8,2,1]'          1
827    'PGamma[8,2,2]'          1
828    'PGamma[8,2,3]'          1
829    'PGamma[8,3,1]'          1
830    'PGamma[8,3,2]'          1
831    'PGamma[8,3,3]'          1
832    'PGamma[9,1,1]'          1
833    'PGamma[9,1,2]'          1
834    'PGamma[9,1,3]'          1
835    'PGamma[9,2,1]'          1
836    'PGamma[9,2,2]'          1
837    'PGamma[9,2,3]'          1
838    'PGamma[9,3,1]'          1
839    'PGamma[9,3,2]'          1
840    'PGamma[9,3,3]'          1
841    'PGamma[10,1,1]'         1
842    'PGamma[10,1,2]'         1
843    'PGamma[10,1,3]'         1
844    'PGamma[10,2,1]'         1
845    'PGamma[10,2,2]'         1
846    'PGamma[10,2,3]'         1
847    'PGamma[10,3,1]'         1
848    'PGamma[10,3,2]'         1
849    'PGamma[10,3,3]'         1
850    'PGamma[11,1,1]'         1
851    'PGamma[11,1,2]'         1
852    'PGamma[11,1,3]'         1
853    'PGamma[11,2,1]'         1
854    'PGamma[11,2,2]'         1
855    'PGamma[11,2,3]'         1
856    'PGamma[11,3,1]'         1
857    'PGamma[11,3,2]'         1
858    'PGamma[11,3,3]'         1
859    'PGamma[12,1,1]'         1
860    'PGamma[12,1,2]'         1
861    'PGamma[12,1,3]'         1
862    'PGamma[12,2,1]'         1
863    'PGamma[12,2,2]'         1
864    'PGamma[12,2,3]'         1
865    'PGamma[12,3,1]'         1
866    'PGamma[12,3,2]'         1
867    'PGamma[12,3,3]'         1
868    'PGamma[13,1,1]'         1
869    'PGamma[13,1,2]'         1
870    'PGamma[13,1,3]'         1
871    'PGamma[13,2,1]'         1
872    'PGamma[13,2,2]'         1
873    'PGamma[13,2,3]'         1
874    'PGamma[13,3,1]'         1
875    'PGamma[13,3,2]'         1
876    'PGamma[13,3,3]'         1
877    'PGamma[14,1,1]'         1
878    'PGamma[14,1,2]'         1
879    'PGamma[14,1,3]'         1
880    'PGamma[14,2,1]'         1
881    'PGamma[14,2,2]'         1
882    'PGamma[14,2,3]'         1
883    'PGamma[14,3,1]'         1
884    'PGamma[14,3,2]'         1
885    'PGamma[14,3,3]'         1
886    'PGamma[15,1,1]'         1
887    'PGamma[15,1,2]'         1
888    'PGamma[15,1,3]'         1
889    'PGamma[15,2,1]'         1
890    'PGamma[15,2,2]'         1
891    'PGamma[15,2,3]'         1
892    'PGamma[15,3,1]'         1
893    'PGamma[15,3,2]'         1
894    'PGamma[15,3,3]'         1
895    'PGamma[16,1,1]'         1
896    'PGamma[16,1,2]'         1
897    'PGamma[16,1,3]'         1
898    'PGamma[16,2,1]'         1
899    'PGamma[16,2,2]'         1
900    'PGamma[16,2,3]'         1
901    'PGamma[16,3,1]'         1
902    'PGamma[16,3,2]'         1
903    'PGamma[16,3,3]'         1
904    'PGamma[17,1,1]'         1
905    'PGamma[17,1,2]'         1
906    'PGamma[17,1,3]'         1
907    'PGamma[17,2,1]'         1
908    'PGamma[17,2,2]'         1
909    'PGamma[17,2,3]'         1
910    'PGamma[17,3,1]'         1
911    'PGamma[17,3,2]'         1
912    'PGamma[17,3,3]'         1
913    'PGamma[18,1,1]'         1
914    'PGamma[18,1,2]'         1
915    'PGamma[18,1,3]'         1
916    'PGamma[18,2,1]'         1
917    'PGamma[18,2,2]'         1
918    'PGamma[18,2,3]'         1
919    'PGamma[18,3,1]'         1
920    'PGamma[18,3,2]'         1
921    'PGamma[18,3,3]'         1
922    'PGamma[19,1,1]'         1
923    'PGamma[19,1,2]'         1
924    'PGamma[19,1,3]'         1
925    'PGamma[19,2,1]'         1
926    'PGamma[19,2,2]'         1
927    'PGamma[19,2,3]'         1
928    'PGamma[19,3,1]'         1
929    'PGamma[19,3,2]'         1
930    'PGamma[19,3,3]'         1
931    'PGamma[20,1,1]'         1
932    'PGamma[20,1,2]'         1
933    'PGamma[20,1,3]'         1
934    'PGamma[20,2,1]'         1
935    'PGamma[20,2,2]'         1
936    'PGamma[20,2,3]'         1
937    'PGamma[20,3,1]'         1
938    'PGamma[20,3,2]'         1
939    'PGamma[20,3,3]'         1
940    'PGamma[21,1,1]'         1
941    'PGamma[21,1,2]'         1
942    'PGamma[21,1,3]'         1
943    'PGamma[21,2,1]'         1
944    'PGamma[21,2,2]'         1
945    'PGamma[21,2,3]'         1
946    'PGamma[21,3,1]'         1
947    'PGamma[21,3,2]'         1
948    'PGamma[21,3,3]'         1
949    'PGamma[22,1,1]'         1
950    'PGamma[22,1,2]'         1
951    'PGamma[22,1,3]'         1
952    'PGamma[22,2,1]'         1
953    'PGamma[22,2,2]'         1
954    'PGamma[22,2,3]'         1
955    'PGamma[22,3,1]'         1
956    'PGamma[22,3,2]'         1
957    'PGamma[22,3,3]'         1
958    'PGamma[23,1,1]'         1
959    'PGamma[23,1,2]'         1
960    'PGamma[23,1,3]'         1
961    'PGamma[23,2,1]'         1
962    'PGamma[23,2,2]'         1
963    'PGamma[23,2,3]'         1
964    'PGamma[23,3,1]'         1
965    'PGamma[23,3,2]'         1
966    'PGamma[23,3,3]'         1
967    'PGamma[24,1,1]'         1
968    'PGamma[24,1,2]'         1
969    'PGamma[24,1,3]'         1
970    'PGamma[24,2,1]'         1
971    'PGamma[24,2,2]'         1
972    'PGamma[24,2,3]'         1
973    'PGamma[24,3,1]'         1
974    'PGamma[24,3,2]'         1
975    'PGamma[24,3,3]'         1
976    'PGamma[25,1,1]'         1
977    'PGamma[25,1,2]'         1
978    'PGamma[25,1,3]'         1
979    'PGamma[25,2,1]'         1
980    'PGamma[25,2,2]'         1
981    'PGamma[25,2,3]'         1
982    'PGamma[25,3,1]'         1
983    'PGamma[25,3,2]'         1
984    'PGamma[25,3,3]'         1
985    'PGamma[26,1,1]'         1
986    'PGamma[26,1,2]'         1
987    'PGamma[26,1,3]'         1
988    'PGamma[26,2,1]'         1
989    'PGamma[26,2,2]'         1
990    'PGamma[26,2,3]'         1
991    'PGamma[26,3,1]'         1
992    'PGamma[26,3,2]'         1
993    'PGamma[26,3,3]'         1
994    'PGamma[27,1,1]'         1
995    'PGamma[27,1,2]'         1
996    'PGamma[27,1,3]'         1
997    'PGamma[27,2,1]'         1
998    'PGamma[27,2,2]'         1
999    'PGamma[27,2,3]'         1
1000   'PGamma[27,3,1]'         1
1001   'PGamma[27,3,2]'         1
1002   'PGamma[27,3,3]'         1
1003   'PGamma[28,1,1]'         1
1004   'PGamma[28,1,2]'         1
1005   'PGamma[28,1,3]'         1
1006   'PGamma[28,2,1]'         1
1007   'PGamma[28,2,2]'         1
1008   'PGamma[28,2,3]'         1
1009   'PGamma[28,3,1]'         1
1010   'PGamma[28,3,2]'         1
1011   'PGamma[28,3,3]'         1
1012   'PGamma[29,1,1]'         1
1013   'PGamma[29,1,2]'         1
1014   'PGamma[29,1,3]'         1
1015   'PGamma[29,2,1]'         1
1016   'PGamma[29,2,2]'         1
1017   'PGamma[29,2,3]'         1
1018   'PGamma[29,3,1]'         1
1019   'PGamma[29,3,2]'         1
1020   'PGamma[29,3,3]'         1
1021   'PGamma[30,1,1]'         1
1022   'PGamma[30,1,2]'         1
1023   'PGamma[30,1,3]'         1
1024   'PGamma[30,2,1]'         1
1025   'PGamma[30,2,2]'         1
1026   'PGamma[30,2,3]'         1
1027   'PGamma[30,3,1]'         1
1028   'PGamma[30,3,2]'         1
1029   'PGamma[30,3,3]'         1
1030   'SGamma1[1,1]'       1e-06
1031   'SGamma1[1,2]'       1e-06
1032   'SGamma1[1,3]'       1e-06
1033   'SGamma1[2,1]'       1e-06
1034   'SGamma1[2,2]'       1e-06
1035   'SGamma1[2,3]'       1e-06
1036   'SGamma1[3,1]'       1e-06
1037   'SGamma1[3,2]'       1e-06
1038   'SGamma1[3,3]'       1e-06
1039   'SGamma1[4,1]'       1e-06
1040   'SGamma1[4,2]'       1e-06
1041   'SGamma1[4,3]'       1e-06
1042   'SGamma1[5,1]'       1e-06
1043   'SGamma1[5,2]'       1e-06
1044   'SGamma1[5,3]'       1e-06
1045   'SGamma1[6,1]'       1e-06
1046   'SGamma1[6,2]'       1e-06
1047   'SGamma1[6,3]'       1e-06
1048   'SGamma1[7,1]'       1e-06
1049   'SGamma1[7,2]'       1e-06
1050   'SGamma1[7,3]'       1e-06
1051   'SGamma1[8,1]'       1e-06
1052   'SGamma1[8,2]'       1e-06
1053   'SGamma1[8,3]'       1e-06
1054   'SGamma1[9,1]'       1e-06
1055   'SGamma1[9,2]'       1e-06
1056   'SGamma1[9,3]'       1e-06
1057   'SGamma1[10,1]'      1e-06
1058   'SGamma1[10,2]'      1e-06
1059   'SGamma1[10,3]'      1e-06
1060   'SGamma1[11,1]'      1e-06
1061   'SGamma1[11,2]'      1e-06
1062   'SGamma1[11,3]'      1e-06
1063   'SGamma1[12,1]'      1e-06
1064   'SGamma1[12,2]'      1e-06
1065   'SGamma1[12,3]'      1e-06
1066   'SGamma1[13,1]'      1e-06
1067   'SGamma1[13,2]'      1e-06
1068   'SGamma1[13,3]'      1e-06
1069   'SGamma1[14,1]'      1e-06
1070   'SGamma1[14,2]'      1e-06
1071   'SGamma1[14,3]'      1e-06
1072   'SGamma1[15,1]'      1e-06
1073   'SGamma1[15,2]'      1e-06
1074   'SGamma1[15,3]'      1e-06
1075   'SGamma1[16,1]'      1e-06
1076   'SGamma1[16,2]'      1e-06
1077   'SGamma1[16,3]'      1e-06
1078   'SGamma1[17,1]'      1e-06
1079   'SGamma1[17,2]'      1e-06
1080   'SGamma1[17,3]'      1e-06
1081   'SGamma1[18,1]'      1e-06
1082   'SGamma1[18,2]'      1e-06
1083   'SGamma1[18,3]'      1e-06
1084   'SGamma1[19,1]'      1e-06
1085   'SGamma1[19,2]'      1e-06
1086   'SGamma1[19,3]'      1e-06
1087   'SGamma1[20,1]'      1e-06
1088   'SGamma1[20,2]'      1e-06
1089   'SGamma1[20,3]'      1e-06
1090   'SGamma1[21,1]'      1e-06
1091   'SGamma1[21,2]'      1e-06
1092   'SGamma1[21,3]'      1e-06
1093   'SGamma1[22,1]'      1e-06
1094   'SGamma1[22,2]'      1e-06
1095   'SGamma1[22,3]'      1e-06
1096   'SGamma1[23,1]'      1e-06
1097   'SGamma1[23,2]'      1e-06
1098   'SGamma1[23,3]'      1e-06
1099   'SGamma1[24,1]'      1e-06
1100   'SGamma1[24,2]'      1e-06
1101   'SGamma1[24,3]'      1e-06
1102   'SGamma1[25,1]'      1e-06
1103   'SGamma1[25,2]'      1e-06
1104   'SGamma1[25,3]'      1e-06
1105   'SGamma1[26,1]'      1e-06
1106   'SGamma1[26,2]'      1e-06
1107   'SGamma1[26,3]'      1e-06
1108   'SGamma1[27,1]'      1e-06
1109   'SGamma1[27,2]'      1e-06
1110   'SGamma1[27,3]'      1e-06
1111   'SGamma1[28,1]'      1e-06
1112   'SGamma1[28,2]'      1e-06
1113   'SGamma1[28,3]'      1e-06
1114   'SGamma1[29,1]'      1e-06
1115   'SGamma1[29,2]'      1e-06
1116   'SGamma1[29,3]'      1e-06
1117   'SGamma1[30,1]'      1e-06
1118   'SGamma1[30,2]'      1e-06
1119   'SGamma1[30,3]'      1e-06
1120   'SGamma2[1,1]'           1
1121   'SGamma2[1,2]'           1
1122   'SGamma2[1,3]'           1
1123   'SGamma2[2,1]'           1
1124   'SGamma2[2,2]'           1
1125   'SGamma2[2,3]'           1
1126   'SGamma2[3,1]'           1
1127   'SGamma2[3,2]'           1
1128   'SGamma2[3,3]'           1
1129   'SGamma2[4,1]'           1
1130   'SGamma2[4,2]'           1
1131   'SGamma2[4,3]'           1
1132   'SGamma2[5,1]'           1
1133   'SGamma2[5,2]'           1
1134   'SGamma2[5,3]'           1
1135   'SGamma2[6,1]'           1
1136   'SGamma2[6,2]'           1
1137   'SGamma2[6,3]'           1
1138   'SGamma2[7,1]'           1
1139   'SGamma2[7,2]'           1
1140   'SGamma2[7,3]'           1
1141   'SGamma2[8,1]'           1
1142   'SGamma2[8,2]'           1
1143   'SGamma2[8,3]'           1
1144   'SGamma2[9,1]'           1
1145   'SGamma2[9,2]'           1
1146   'SGamma2[9,3]'           1
1147   'SGamma2[10,1]'          1
1148   'SGamma2[10,2]'          1
1149   'SGamma2[10,3]'          1
1150   'SGamma2[11,1]'          1
1151   'SGamma2[11,2]'          1
1152   'SGamma2[11,3]'          1
1153   'SGamma2[12,1]'          1
1154   'SGamma2[12,2]'          1
1155   'SGamma2[12,3]'          1
1156   'SGamma2[13,1]'          1
1157   'SGamma2[13,2]'          1
1158   'SGamma2[13,3]'          1
1159   'SGamma2[14,1]'          1
1160   'SGamma2[14,2]'          1
1161   'SGamma2[14,3]'          1
1162   'SGamma2[15,1]'          1
1163   'SGamma2[15,2]'          1
1164   'SGamma2[15,3]'          1
1165   'SGamma2[16,1]'          1
1166   'SGamma2[16,2]'          1
1167   'SGamma2[16,3]'          1
1168   'SGamma2[17,1]'          1
1169   'SGamma2[17,2]'          1
1170   'SGamma2[17,3]'          1
1171   'SGamma2[18,1]'          1
1172   'SGamma2[18,2]'          1
1173   'SGamma2[18,3]'          1
1174   'SGamma2[19,1]'          1
1175   'SGamma2[19,2]'          1
1176   'SGamma2[19,3]'          1
1177   'SGamma2[20,1]'          1
1178   'SGamma2[20,2]'          1
1179   'SGamma2[20,3]'          1
1180   'SGamma2[21,1]'          1
1181   'SGamma2[21,2]'          1
1182   'SGamma2[21,3]'          1
1183   'SGamma2[22,1]'          1
1184   'SGamma2[22,2]'          1
1185   'SGamma2[22,3]'          1
1186   'SGamma2[23,1]'          1
1187   'SGamma2[23,2]'          1
1188   'SGamma2[23,3]'          1
1189   'SGamma2[24,1]'          1
1190   'SGamma2[24,2]'          1
1191   'SGamma2[24,3]'          1
1192   'SGamma2[25,1]'          1
1193   'SGamma2[25,2]'          1
1194   'SGamma2[25,3]'          1
1195   'SGamma2[26,1]'          1
1196   'SGamma2[26,2]'          1
1197   'SGamma2[26,3]'          1
1198   'SGamma2[27,1]'          1
1199   'SGamma2[27,2]'          1
1200   'SGamma2[27,3]'          1
1201   'SGamma2[28,1]'          1
1202   'SGamma2[28,2]'          1
1203   'SGamma2[28,3]'          1
1204   'SGamma2[29,1]'          1
1205   'SGamma2[29,2]'          1
1206   'SGamma2[29,3]'          1
1207   'SGamma2[30,1]'          1
1208   'SGamma2[30,2]'          1
1209   'SGamma2[30,3]'          1
1210   'gamma[1,1]'             1
1211   'gamma[1,2]'             1
1212   'gamma[1,3]'             1
1213   'gamma[2,1]'             1
1214   'gamma[2,2]'             1
1215   'gamma[2,3]'             1
1216   'gamma[3,1]'             1
1217   'gamma[3,2]'             1
1218   'gamma[3,3]'             1
1219   'gamma[4,1]'             1
1220   'gamma[4,2]'             1
1221   'gamma[4,3]'             1
1222   'gamma[5,1]'             1
1223   'gamma[5,2]'             1
1224   'gamma[5,3]'             1
1225   'gamma[6,1]'             1
1226   'gamma[6,2]'             1
1227   'gamma[6,3]'             1
1228   'gamma[7,1]'             1
1229   'gamma[7,2]'             1
1230   'gamma[7,3]'             1
1231   'gamma[8,1]'             1
1232   'gamma[8,2]'             1
1233   'gamma[8,3]'             1
1234   'gamma[9,1]'             1
1235   'gamma[9,2]'             1
1236   'gamma[9,3]'             1
1237   'gamma[10,1]'            1
1238   'gamma[10,2]'            1
1239   'gamma[10,3]'            1
1240   'gamma[11,1]'            1
1241   'gamma[11,2]'            1
1242   'gamma[11,3]'            1
1243   'gamma[12,1]'            1
1244   'gamma[12,2]'            1
1245   'gamma[12,3]'            1
1246   'gamma[13,1]'            1
1247   'gamma[13,2]'            1
1248   'gamma[13,3]'            1
1249   'gamma[14,1]'            1
1250   'gamma[14,2]'            1
1251   'gamma[14,3]'            1
1252   'gamma[15,1]'            1
1253   'gamma[15,2]'            1
1254   'gamma[15,3]'            1
1255   'gamma[16,1]'            1
1256   'gamma[16,2]'            1
1257   'gamma[16,3]'            1
1258   'gamma[17,1]'            1
1259   'gamma[17,2]'            1
1260   'gamma[17,3]'            1
1261   'gamma[18,1]'            1
1262   'gamma[18,2]'            1
1263   'gamma[18,3]'            1
1264   'gamma[19,1]'            1
1265   'gamma[19,2]'            1
1266   'gamma[19,3]'            1
1267   'gamma[20,1]'            1
1268   'gamma[20,2]'            1
1269   'gamma[20,3]'            1
1270   'gamma[21,1]'            1
1271   'gamma[21,2]'            1
1272   'gamma[21,3]'            1
1273   'gamma[22,1]'            1
1274   'gamma[22,2]'            1
1275   'gamma[22,3]'            1
1276   'gamma[23,1]'            1
1277   'gamma[23,2]'            1
1278   'gamma[23,3]'            1
1279   'gamma[24,1]'            1
1280   'gamma[24,2]'            1
1281   'gamma[24,3]'            1
1282   'gamma[25,1]'            1
1283   'gamma[25,2]'            1
1284   'gamma[25,3]'            1
1285   'gamma[26,1]'            1
1286   'gamma[26,2]'            1
1287   'gamma[26,3]'            1
1288   'gamma[27,1]'            1
1289   'gamma[27,2]'            1
1290   'gamma[27,3]'            1
1291   'gamma[28,1]'            1
1292   'gamma[28,2]'            1
1293   'gamma[28,3]'            1
1294   'gamma[29,1]'            1
1295   'gamma[29,2]'            1
1296   'gamma[29,3]'            1
1297   'gamma[30,1]'            1
1298   'gamma[30,2]'            1
1299   'gamma[30,3]'            1
1300   'PrS[1,1]'           91700.8
1301   'PrS[1,2]'           43461.1
1302   'PrS[1,3]'           32704.5
1303   'PrS[2,1]'           92557.2
1304   'PrS[2,2]'           43908
1305   'PrS[2,3]'           33053.8
1306   'PrS[3,1]'           87693.8
1307   'PrS[3,2]'           41375.8
1308   'PrS[3,3]'           31075.8
1309   'PrS[4,1]'           85245.1
1310   'PrS[4,2]'           40105.8
1311   'PrS[4,3]'           30085.4
1312   'PrS[5,1]'           81832.7
1313   'PrS[5,2]'           38341.9
1314   'PrS[5,3]'           28711.7
1315   'PrS[6,1]'           80787.8
1316   'PrS[6,2]'           37803.1
1317   'PrS[6,3]'           28292.6
1318   'PrS[7,1]'           79881.8
1319   'PrS[7,2]'           37336.5
1320   'PrS[7,3]'           27929.8
1321   'PrS[8,1]'           78694.1
1322   'PrS[8,2]'           36725.6
1323   'PrS[8,3]'           27455.1
1324   'PrS[9,1]'           76714.4
1325   'PrS[9,2]'           35709.3
1326   'PrS[9,3]'           26665.9
1327   'PrS[10,1]'          74332.9
1328   'PrS[10,2]'          34490
1329   'PrS[10,3]'          25720.3
1330   'PrS[11,1]'          72638.6
1331   'PrS[11,2]'          33624.8
1332   'PrS[11,3]'          25050
1333   'PrS[12,1]'          70554
1334   'PrS[12,2]'          32562.9
1335   'PrS[12,3]'          24228.3
1336   'PrS[13,1]'          70752.3
1337   'PrS[13,2]'          32663.8
1338   'PrS[13,3]'          24306.3
1339   'PrS[14,1]'          66102.4
1340   'PrS[14,2]'          30305.6
1341   'PrS[14,3]'          22484.8
1342   'PrS[15,1]'          60160.8
1343   'PrS[15,2]'          27315.9
1344   'PrS[15,3]'          20183.2
1345   'PrS[16,1]'          60191.1
1346   'PrS[16,2]'          27331
1347   'PrS[16,3]'          20194.9
1348   'PrS[17,1]'          60015.7
1349   'PrS[17,2]'          27243.2
1350   'PrS[17,3]'          20127.4
1351   'PrS[18,1]'          60082.1
1352   'PrS[18,2]'          27276.4
1353   'PrS[18,3]'          20152.9
1354   'PrS[19,1]'          60081.9
1355   'PrS[19,2]'          27276.4
1356   'PrS[19,3]'          20152.9
1357   'PrS[20,1]'          60051.1
1358   'PrS[20,2]'          27260.9
1359   'PrS[20,3]'          20141
1360   'PrS[21,1]'          60045
1361   'PrS[21,2]'          27257.9
1362   'PrS[21,3]'          20138.6
1363   'PrS[22,1]'          60077.4
1364   'PrS[22,2]'          27274.1
1365   'PrS[22,3]'          20151.1
1366   'PrS[23,1]'          60096
1367   'PrS[23,2]'          27283.4
1368   'PrS[23,3]'          20158.3
1369   'PrS[24,1]'          60072.8
1370   'PrS[24,2]'          27271.8
1371   'PrS[24,3]'          20149.3
1372   'PrS[25,1]'          60055.5
1373   'PrS[25,2]'          27263.1
1374   'PrS[25,3]'          20142.7
1375   'PrS[26,1]'          60051.5
1376   'PrS[26,2]'          27261.1
1377   'PrS[26,3]'          20141.2
1378   'PrS[27,1]'          60078.2
1379   'PrS[27,2]'          27274.5
1380   'PrS[27,3]'          20151.4
1381   'PrS[28,1]'          60070
1382   'PrS[28,2]'          27270.4
1383   'PrS[28,3]'          20148.2
1384   'PrS[29,1]'          60038
1385   'PrS[29,2]'          27254.4
1386   'PrS[29,3]'          20136
1387   'PrS[30,1]'          61617.3
1388   'PrS[30,2]'          28046.2
1389   'PrS[30,3]'          20744.6
1390   'PrSF[1]'            52610
1391   'PrSF[2]'            23558.2
1392   'PrSF[3]'            17304
;

