solve_message = 'CONOPT 3.17A: Locally infeasible; objective 23888480.4827772\
74 iterations; evals: nf = 3, ng = 0, nc = 1455, nJ = 116, nH = 0, nHv = 45'

:      _varname            _var           :=
1     'F[2]'               0
2     'F[3]'               0
3     'F[4]'               0
4     'F[5]'               0
5     'F[6]'               0
6     'F[7]'               0
7     'F[8]'             100
8     'F[9]'               0
9     'F[10]'              0
10    'F[11]'              0
11    'F[12]'              0
12    'F[13]'              0
13    'F[14]'              0
14    'Vs[1]'       23888500
15    'Vs[2]'              0
16    'y[1,1,1]'           0.00136286
17    'y[1,1,2]'           0.752584
18    'y[1,1,3]'           0.246053
19    'y[1,2,1]'           0.00410288
20    'y[1,2,2]'           0.871735
21    'y[1,2,3]'           0.124162
22    'y[1,3,1]'           0.0113866
23    'y[1,3,2]'           0.930854
24    'y[1,3,3]'           0.0577593
25    'y[1,4,1]'           0.0300258
26    'y[1,4,2]'           0.944444
27    'y[1,4,3]'           0.0255303
28    'y[1,5,1]'           0.0755003
29    'y[1,5,2]'           0.913739
30    'y[1,5,3]'           0.010761
31    'y[1,6,1]'           0.176042
32    'y[1,6,2]'           0.819752
33    'y[1,6,3]'           0.00420626
34    'y[1,7,1]'           0.357695
35    'y[1,7,2]'           0.640872
36    'y[1,7,3]'           0.001433
37    'y[1,8,1]'           0.591701
38    'y[1,8,2]'           0.407901
39    'y[1,8,3]'           0.000397685
40    'y[1,9,1]'           0.790291
41    'y[1,9,2]'           0.20962
42    'y[1,9,3]'           8.90325e-05
43    'y[1,10,1]'          0.907379
44    'y[1,10,2]'          0.0926034
45    'y[1,10,3]'          1.71346e-05
46    'y[1,11,1]'          0.962213
47    'y[1,11,2]'          0.0377835
48    'y[1,11,3]'          3.04566e-06
49    'y[1,12,1]'          0.985116
50    'y[1,12,2]'          0.0148837
51    'y[1,12,3]'          5.22662e-07
52    'y[1,13,1]'          0.99422
53    'y[1,13,2]'          0.0057796
54    'y[1,13,3]'          8.84178e-08
55    'y[1,14,1]'          0.997768
56    'y[1,14,2]'          0.00223171
57    'y[1,14,3]'          1.48734e-08
58    'y[1,15,1]'          0.99914
59    'y[1,15,2]'          0.000859858
60    'y[1,15,3]'          2.4965e-09
61    'y[2,1,1]'           0.00136286
62    'y[2,1,2]'           0.752584
63    'y[2,1,3]'           0.246053
64    'y[2,2,1]'           0.00136286
65    'y[2,2,2]'           0.752584
66    'y[2,2,3]'           0.246053
67    'y[2,3,1]'           0.00136286
68    'y[2,3,2]'           0.752584
69    'y[2,3,3]'           0.246053
70    'y[2,4,1]'           0.00136286
71    'y[2,4,2]'           0.752584
72    'y[2,4,3]'           0.246053
73    'y[2,5,1]'           0.00136286
74    'y[2,5,2]'           0.752584
75    'y[2,5,3]'           0.246053
76    'y[2,6,1]'           0.0508453
77    'y[2,6,2]'           0.669679
78    'y[2,6,3]'           0.279476
79    'y[2,7,1]'           0.0931174
80    'y[2,7,2]'           0.686281
81    'y[2,7,3]'           0.220602
82    'y[2,8,1]'           0.357629
83    'y[2,8,2]'           0.549966
84    'y[2,8,3]'           0.092405
85    'y[2,9,1]'           0.605592
86    'y[2,9,2]'           0.352031
87    'y[2,9,3]'           0.0423769
88    'y[2,10,1]'          0.73543
89    'y[2,10,2]'          0.236351
90    'y[2,10,3]'          0.0282197
91    'y[2,11,1]'          0.781288
92    'y[2,11,2]'          0.193851
93    'y[2,11,3]'          0.0248615
94    'y[2,12,1]'          0.771313
95    'y[2,12,2]'          0.203397
96    'y[2,12,3]'          0.0252904
97    'y[2,13,1]'          0.761819
98    'y[2,13,2]'          0.21245
99    'y[2,13,3]'          0.0257303
100   'y[2,14,1]'          0.75643
101   'y[2,14,2]'          0.217593
102   'y[2,14,3]'          0.0259767
103   'y[2,15,1]'          0.754224
104   'y[2,15,2]'          0.219817
105   'y[2,15,3]'          0.0259591
106   'Ls[1]'       23888600
107   'Ls[2]'             70.0021
108   'x[1,1,1]'           0.000397885
109   'x[1,1,2]'           0.571043
110   'x[1,1,3]'           0.428559
111   'x[1,2,1]'           0.00136286
112   'x[1,2,2]'           0.752584
113   'x[1,2,3]'           0.246053
114   'x[1,3,1]'           0.00410287
115   'x[1,3,2]'           0.871734
116   'x[1,3,3]'           0.124163
117   'x[1,4,1]'           0.0113866
118   'x[1,4,2]'           0.930853
119   'x[1,4,3]'           0.0577604
120   'x[1,5,1]'           0.0300258
121   'x[1,5,2]'           0.944443
122   'x[1,5,3]'           0.0255315
123   'x[1,6,1]'           0.0755
124   'x[1,6,2]'           0.913738
125   'x[1,6,3]'           0.0107623
126   'x[1,7,1]'           0.176041
127   'x[1,7,2]'           0.819751
128   'x[1,7,3]'           0.0042075
129   'x[1,8,1]'           0.357694
130   'x[1,8,2]'           0.640872
131   'x[1,8,3]'           0.00143425
132   'x[1,9,1]'           0.591701
133   'x[1,9,2]'           0.407902
134   'x[1,9,3]'           0.000397686
135   'x[1,10,1]'          0.790291
136   'x[1,10,2]'          0.20962
137   'x[1,10,3]'          8.90326e-05
138   'x[1,11,1]'          0.907379
139   'x[1,11,2]'          0.0926035
140   'x[1,11,3]'          1.71346e-05
141   'x[1,12,1]'          0.962213
142   'x[1,12,2]'          0.0377835
143   'x[1,12,3]'          3.04566e-06
144   'x[1,13,1]'          0.985116
145   'x[1,13,2]'          0.0148837
146   'x[1,13,3]'          5.22662e-07
147   'x[1,14,1]'          0.99422
148   'x[1,14,2]'          0.00577961
149   'x[1,14,3]'          8.84179e-08
150   'x[1,15,1]'          0.997768
151   'x[1,15,2]'          0.00223171
152   'x[1,15,3]'          1.48734e-08
153   'x[2,1,1]'           0.000397885
154   'x[2,1,2]'           0.571043
155   'x[2,1,3]'           0.428559
156   'x[2,2,1]'           0.000397885
157   'x[2,2,2]'           0.571043
158   'x[2,2,3]'           0.428559
159   'x[2,3,1]'           0.000397885
160   'x[2,3,2]'           0.571043
161   'x[2,3,3]'           0.428559
162   'x[2,4,1]'           0.000397885
163   'x[2,4,2]'           0.571043
164   'x[2,4,3]'           0.428559
165   'x[2,5,1]'           0.000397885
166   'x[2,5,2]'           0.571043
167   'x[2,5,3]'           0.428559
168   'x[2,6,1]'           0.0147008
169   'x[2,6,2]'           0.503228
170   'x[2,6,3]'           0.482071
171   'x[2,7,1]'           0.0291643
172   'x[2,7,2]'           0.558638
173   'x[2,7,3]'           0.412198
174   'x[2,8,1]'           0.152946
175   'x[2,8,2]'           0.611291
176   'x[2,8,3]'           0.235763
177   'x[2,9,1]'           0.341498
178   'x[2,9,2]'           0.515937
179   'x[2,9,3]'           0.142565
180   'x[2,10,1]'          0.484453
181   'x[2,10,2]'          0.404646
182   'x[2,10,3]'          0.110902
183   'x[2,11,1]'          0.545048
184   'x[2,11,2]'          0.351479
185   'x[2,11,3]'          0.103473
186   'x[2,12,1]'          0.531638
187   'x[2,12,2]'          0.364366
188   'x[2,12,3]'          0.103996
189   'x[2,13,1]'          0.519133
190   'x[2,13,2]'          0.376263
191   'x[2,13,3]'          0.104604
192   'x[2,14,1]'          0.512163
193   'x[2,14,2]'          0.382907
194   'x[2,14,3]'          0.10493
195   'x[2,15,1]'          0.509473
196   'x[2,15,2]'          0.385913
197   'x[2,15,3]'          0.104613
198   'CC[2]'              0
199   'CC[3]'              0
200   'CC[4]'              0
201   'CC[5]'              0
202   'CC[6]'              0
203   'CC[7]'              0
204   'CC[8]'              0
205   'CC[9]'              0
206   'CC[10]'             0
207   'CC[11]'             0
208   'CC[12]'             0
209   'CC[13]'             0
210   'CC[14]'             0
211   'CR[2]'              0
212   'CR[3]'              0
213   'CR[4]'              0
214   'CR[5]'             70.0021
215   'CR[6]'              0
216   'CR[7]'              0
217   'CR[8]'              0
218   'CR[9]'              0
219   'CR[10]'             0
220   'CR[11]'             0
221   'CR[12]'             0
222   'CR[13]'             0
223   'CR[14]'             0
224   'PC[1]'             29.9979
225   'PC[2]'              0
226   'PR[1]'              0
227   'PR[2]'             70.0021
228   'PS[2]'              0
229   'PS[3]'              0
230   'PS[4]'              0
231   'PS[5]'              0
232   'PS[6]'              0
233   'PS[7]'              0
234   'PS[8]'              0
235   'PS[9]'              0
236   'PS[10]'             0
237   'PS[11]'             0
238   'PS[12]'             0
239   'PS[13]'             0
240   'PS[14]'             0
241   Vap           23888500
242   Sep                 65.6302
;

