solve_message = 'CONOPT 3.17A: Locally infeasible; objective 181864211.9538334\
42 iterations; evals: nf = 3, ng = 0, nc = 1622, nJ = 140, nH = 0, nHv = 27'

:     _varname           _var            :=
1     'F[2]'              0
2     'F[3]'              0
3     'F[4]'              0
4     'F[5]'              0
5     'F[6]'              0
6     'F[7]'              0
7     'F[8]'              0
8     'F[9]'              0
9     'F[10]'             0
10    'F[11]'             0
11    'F[12]'             0
12    'F[13]'             0
13    'F[14]'             0
14    'F[15]'           100
15    'F[16]'             0
16    'F[17]'             0
17    'F[18]'             0
18    'F[19]'             0
19    'F[20]'             0
20    'F[21]'             0
21    'F[22]'             0
22    'F[23]'             0
23    'F[24]'             0
24    'F[25]'             0
25    'F[26]'             0
26    'F[27]'             0
27    'F[28]'             0
28    'F[29]'             0
29    Vs          181864000
30    'y[1,1]'            7.62725e-13
31    'y[1,2]'            0.0263478
32    'y[1,3]'            0.973652
33    'y[2,1]'            2.32833e-12
34    'y[2,2]'            0.0349926
35    'y[2,3]'            0.965007
36    'y[3,1]'            7.08695e-12
37    'y[3,2]'            0.0463388
38    'y[3,3]'            0.953661
39    'y[4,1]'            2.14892e-11
40    'y[4,2]'            0.0611308
41    'y[4,3]'            0.938869
42    'y[5,1]'            6.48392e-11
43    'y[5,2]'            0.0802474
44    'y[5,3]'            0.919753
45    'y[6,1]'            1.94401e-10
46    'y[6,2]'            0.104676
47    'y[6,3]'            0.895324
48    'y[7,1]'            5.78177e-10
49    'y[7,2]'            0.135445
50    'y[7,3]'            0.864555
51    'y[8,1]'            1.70239e-09
52    'y[8,2]'            0.173506
53    'y[8,3]'            0.826494
54    'y[9,1]'            4.95127e-09
55    'y[9,2]'            0.219546
56    'y[9,3]'            0.780454
57    'y[10,1]'           1.41906e-08
58    'y[10,2]'           0.273757
59    'y[10,3]'           0.726243
60    'y[11,1]'           3.99854e-08
61    'y[11,2]'           0.335598
62    'y[11,3]'           0.664402
63    'y[12,1]'           1.10542e-07
64    'y[12,2]'           0.403644
65    'y[12,3]'           0.596356
66    'y[13,1]'           2.99382e-07
67    'y[13,2]'           0.47561
68    'y[13,3]'           0.524389
69    'y[14,1]'           7.93742e-07
70    'y[14,2]'           0.548604
71    'y[14,3]'           0.451395
72    'y[15,1]'           2.0604e-06
73    'y[15,2]'           0.619564
74    'y[15,3]'           0.380434
75    'y[16,1]'           4.82216e-06
76    'y[16,2]'           0.685757
77    'y[16,3]'           0.314238
78    'y[17,1]'           1.1632e-05
79    'y[17,2]'           0.745166
80    'y[17,3]'           0.254822
81    'y[18,1]'           2.81786e-05
82    'y[18,2]'           0.796664
83    'y[18,3]'           0.203308
84    'y[19,1]'           6.78891e-05
85    'y[19,2]'           0.839963
86    'y[19,3]'           0.159969
87    'y[20,1]'           0.000162235
88    'y[20,2]'           0.875419
89    'y[20,3]'           0.124419
90    'y[21,1]'           0.00038458
91    'y[21,2]'           0.90376
92    'y[21,3]'           0.0958557
93    'y[22,1]'           0.000905143
94    'y[22,2]'           0.925815
95    'y[22,3]'           0.0732799
96    'y[23,1]'           0.00211697
97    'y[23,2]'           0.942227
98    'y[23,3]'           0.0556559
99    'y[24,1]'           0.00492148
100   'y[24,2]'           0.953066
101   'y[24,3]'           0.0420121
102   'y[25,1]'           0.0113602
103   'y[25,2]'           0.957153
104   'y[25,3]'           0.0314867
105   'y[26,1]'           0.0259357
106   'y[26,2]'           0.950725
107   'y[26,3]'           0.0233398
108   'y[27,1]'           0.0580032
109   'y[27,2]'           0.925049
110   'y[27,3]'           0.0169473
111   'y[28,1]'           0.12448
112   'y[28,2]'           0.863711
113   'y[28,3]'           0.0118087
114   'y[29,1]'           0.246943
115   'y[29,2]'           0.745451
116   'y[29,3]'           0.00760583
117   'y[30,1]'           0.430415
118   'y[30,2]'           0.565281
119   'y[30,3]'           0.00430415
120   Ls          181864000
121   'x[1,1]'            2.49305e-13
122   'x[1,2]'            0.0197949
123   'x[1,3]'            0.980205
124   'x[2,1]'            7.62725e-13
125   'x[2,2]'            0.0263478
126   'x[2,3]'            0.973652
127   'x[3,1]'            2.32833e-12
128   'x[3,2]'            0.0349926
129   'x[3,3]'            0.965007
130   'x[4,1]'            7.08695e-12
131   'x[4,2]'            0.0463388
132   'x[4,3]'            0.953661
133   'x[5,1]'            2.14892e-11
134   'x[5,2]'            0.0611308
135   'x[5,3]'            0.938869
136   'x[6,1]'            6.48392e-11
137   'x[6,2]'            0.0802474
138   'x[6,3]'            0.919753
139   'x[7,1]'            1.94401e-10
140   'x[7,2]'            0.104675
141   'x[7,3]'            0.895325
142   'x[8,1]'            5.78177e-10
143   'x[8,2]'            0.135445
144   'x[8,3]'            0.864555
145   'x[9,1]'            1.70239e-09
146   'x[9,2]'            0.173506
147   'x[9,3]'            0.826494
148   'x[10,1]'           4.95127e-09
149   'x[10,2]'           0.219546
150   'x[10,3]'           0.780454
151   'x[11,1]'           1.41906e-08
152   'x[11,2]'           0.273757
153   'x[11,3]'           0.726243
154   'x[12,1]'           3.99854e-08
155   'x[12,2]'           0.335598
156   'x[12,3]'           0.664402
157   'x[13,1]'           1.10542e-07
158   'x[13,2]'           0.403644
159   'x[13,3]'           0.596356
160   'x[14,1]'           2.99382e-07
161   'x[14,2]'           0.47561
162   'x[14,3]'           0.524389
163   'x[15,1]'           7.93741e-07
164   'x[15,2]'           0.548604
165   'x[15,3]'           0.451395
166   'x[16,1]'           1.89545e-06
167   'x[16,2]'           0.619564
168   'x[16,3]'           0.380434
169   'x[17,1]'           4.6572e-06
170   'x[17,2]'           0.685757
171   'x[17,3]'           0.314238
172   'x[18,1]'           1.1467e-05
173   'x[18,2]'           0.745166
174   'x[18,3]'           0.254822
175   'x[19,1]'           2.80136e-05
176   'x[19,2]'           0.796664
177   'x[19,3]'           0.203308
178   'x[20,1]'           6.77242e-05
179   'x[20,2]'           0.839964
180   'x[20,3]'           0.159969
181   'x[21,1]'           0.00016207
182   'x[21,2]'           0.875419
183   'x[21,3]'           0.124419
184   'x[22,1]'           0.000384415
185   'x[22,2]'           0.90376
186   'x[22,3]'           0.0958558
187   'x[23,1]'           0.000904979
188   'x[23,2]'           0.925815
189   'x[23,3]'           0.0732799
190   'x[24,1]'           0.00211681
191   'x[24,2]'           0.942227
192   'x[24,3]'           0.0556559
193   'x[25,1]'           0.00492131
194   'x[25,2]'           0.953067
195   'x[25,3]'           0.0420121
196   'x[26,1]'           0.01136
197   'x[26,2]'           0.957153
198   'x[26,3]'           0.0314867
199   'x[27,1]'           0.0259356
200   'x[27,2]'           0.950725
201   'x[27,3]'           0.0233398
202   'x[28,1]'           0.058003
203   'x[28,2]'           0.92505
204   'x[28,3]'           0.0169474
205   'x[29,1]'           0.12448
206   'x[29,2]'           0.863711
207   'x[29,3]'           0.0118087
208   'x[30,1]'           0.246943
209   'x[30,2]'           0.745452
210   'x[30,3]'           0.00760583
211   PC                 69.7002
212   PR                 30.2998
213   Vap         181864000
;

