solve_message = 'CONOPT 3.17A: Locally optimal; objective 401.43571680138484\
26 iterations; evals: nf = 5, ng = 0, nc = 831, nJ = 52, nH = 0, nHv = 0'

:     _varname        _var         :=
1     'F[2]'        0
2     'F[3]'        0
3     'F[4]'        0
4     'F[5]'        0
5     'F[6]'        0
6     'F[7]'        0
7     'F[8]'        0
8     'F[9]'        0
9     'F[10]'       0
10    'F[11]'       0
11    'F[12]'       0
12    'F[13]'       0
13    'F[14]'       0
14    'F[15]'     100
15    'F[16]'       0
16    'F[17]'       0
17    'F[18]'       0
18    'F[19]'       0
19    'F[20]'       0
20    'F[21]'       0
21    'F[22]'       0
22    'F[23]'       0
23    'F[24]'       0
24    'F[25]'       0
25    'F[26]'       0
26    'F[27]'       0
27    'F[28]'       0
28    'F[29]'       0
29    Vs          401.436
30    'y[1,1]'      2.00292e-07
31    'y[1,2]'      0.0859525
32    'y[1,3]'      0.914047
33    'y[2,1]'      5.71378e-07
34    'y[2,2]'      0.110085
35    'y[2,3]'      0.889915
36    'y[3,1]'      1.59214e-06
37    'y[3,2]'      0.138274
38    'y[3,3]'      0.861724
39    'y[4,1]'      4.37398e-06
40    'y[4,2]'      0.170682
41    'y[4,3]'      0.829314
42    'y[5,1]'      1.18757e-05
43    'y[5,2]'      0.207261
44    'y[5,3]'      0.792727
45    'y[6,1]'      3.18707e-05
46    'y[6,2]'      0.247705
47    'y[6,3]'      0.752263
48    'y[7,1]'      8.4493e-05
49    'y[7,2]'      0.291406
50    'y[7,3]'      0.70851
51    'y[8,1]'      0.000221131
52    'y[8,2]'      0.337455
53    'y[8,3]'      0.662323
54    'y[9,1]'      0.000570976
55    'y[9,2]'      0.384675
56    'y[9,3]'      0.614754
57    'y[10,1]'     0.00145383
58    'y[10,2]'     0.431647
59    'y[10,3]'     0.566899
60    'y[11,1]'     0.00364804
61    'y[11,2]'     0.476663
62    'y[11,3]'     0.519689
63    'y[12,1]'     0.00900807
64    'y[12,2]'     0.517431
65    'y[12,3]'     0.47356
66    'y[13,1]'     0.0218063
67    'y[13,2]'     0.550197
68    'y[13,3]'     0.427997
69    'y[14,1]'     0.051266
70    'y[14,2]'     0.567851
71    'y[14,3]'     0.380883
72    'y[15,1]'     0.114638
73    'y[15,2]'     0.55729
74    'y[15,3]'     0.328072
75    'y[16,1]'     0.115174
76    'y[16,2]'     0.580905
77    'y[16,3]'     0.303921
78    'y[17,1]'     0.115731
79    'y[17,2]'     0.605369
80    'y[17,3]'     0.2789
81    'y[18,1]'     0.116301
82    'y[18,2]'     0.630277
83    'y[18,3]'     0.253422
84    'y[19,1]'     0.116879
85    'y[19,2]'     0.655191
86    'y[19,3]'     0.22793
87    'y[20,1]'     0.117465
88    'y[20,2]'     0.679667
89    'y[20,3]'     0.202869
90    'y[21,1]'     0.118079
91    'y[21,2]'     0.703273
92    'y[21,3]'     0.178649
93    'y[22,1]'     0.118784
94    'y[22,2]'     0.725595
95    'y[22,3]'     0.155621
96    'y[23,1]'     0.119751
97    'y[23,2]'     0.746196
98    'y[23,3]'     0.134053
99    'y[24,1]'     0.121415
100   'y[24,2]'     0.764476
101   'y[24,3]'     0.114109
102   'y[25,1]'     0.124844
103   'y[25,2]'     0.779323
104   'y[25,3]'     0.0958337
105   'y[26,1]'     0.132611
106   'y[26,2]'     0.78826
107   'y[26,3]'     0.0791287
108   'y[27,1]'     0.150682
109   'y[27,2]'     0.785593
110   'y[27,3]'     0.0637251
111   'y[28,1]'     0.19178
112   'y[28,2]'     0.75904
113   'y[28,3]'     0.0491804
114   'y[29,1]'     0.278122
115   'y[29,2]'     0.686819
116   'y[29,3]'     0.0350587
117   'y[30,1]'     0.431655
118   'y[30,2]'     0.546763
119   'y[30,3]'     0.0215827
120   Ls          431.936
121   'x[1,1]'      6.64797e-08
122   'x[1,2]'      0.0655738
123   'x[1,3]'      0.934426
124   'x[2,1]'      1.90843e-07
125   'x[2,2]'      0.0845135
126   'x[2,3]'      0.915486
127   'x[3,1]'      5.35726e-07
128   'x[3,2]'      0.106942
129   'x[3,3]'      0.893058
130   'x[4,1]'      1.48441e-06
131   'x[4,2]'      0.133141
132   'x[4,3]'      0.866858
133   'x[5,1]'      4.06982e-06
134   'x[5,2]'      0.16326
135   'x[5,3]'      0.836736
136   'x[6,1]'      1.10419e-05
137   'x[6,2]'      0.197257
138   'x[6,3]'      0.802732
139   'x[7,1]'      2.96249e-05
140   'x[7,2]'      0.234844
141   'x[7,3]'      0.765126
142   'x[8,1]'      7.85315e-05
143   'x[8,2]'      0.275459
144   'x[8,3]'      0.724462
145   'x[9,1]'      0.000205521
146   'x[9,2]'      0.318257
147   'x[9,3]'      0.681537
148   'x[10,1]'     0.000530663
149   'x[10,2]'     0.362143
150   'x[10,3]'     0.637326
151   'x[11,1]'     0.00135117
152   'x[11,2]'     0.405798
153   'x[11,3]'     0.592851
154   'x[12,1]'     0.00339045
155   'x[12,2]'     0.447635
156   'x[12,3]'     0.548974
157   'x[13,1]'     0.00837199
158   'x[13,2]'     0.485525
159   'x[13,3]'     0.506103
160   'x[14,1]'     0.0202665
161   'x[14,2]'     0.515976
162   'x[14,3]'     0.463757
163   'x[15,1]'     0.047646
164   'x[15,2]'     0.532384
165   'x[15,3]'     0.41997
166   'x[16,1]'     0.0482615
167   'x[16,2]'     0.559494
168   'x[16,3]'     0.392244
169   'x[17,1]'     0.0489105
170   'x[17,2]'     0.588053
171   'x[17,3]'     0.363036
172   'x[18,1]'     0.0495841
173   'x[18,2]'     0.617639
174   'x[18,3]'     0.332776
175   'x[19,1]'     0.0502733
176   'x[19,2]'     0.647763
177   'x[19,3]'     0.301964
178   'x[20,1]'     0.0509714
179   'x[20,2]'     0.677894
180   'x[20,3]'     0.271135
181   'x[21,1]'     0.0516802
182   'x[21,2]'     0.707494
183   'x[21,3]'     0.240826
184   'x[22,1]'     0.0524227
185   'x[22,2]'     0.736042
186   'x[22,3]'     0.211535
187   'x[23,1]'     0.0532755
188   'x[23,2]'     0.763039
189   'x[23,3]'     0.183686
190   'x[24,1]'     0.0544455
191   'x[24,2]'     0.787953
192   'x[24,3]'     0.157602
193   'x[25,1]'     0.0564574
194   'x[25,2]'     0.81006
195   'x[25,3]'     0.133482
196   'x[26,1]'     0.0606044
197   'x[26,2]'     0.828015
198   'x[26,3]'     0.11138
199   'x[27,1]'     0.0699984
200   'x[27,2]'     0.838824
201   'x[27,3]'     0.0911776
202   'x[28,1]'     0.0918522
203   'x[28,2]'     0.835599
204   'x[28,3]'     0.0725487
205   'x[29,1]'     0.141555
206   'x[29,2]'     0.803486
207   'x[29,3]'     0.0549587
208   'x[30,1]'     0.245976
209   'x[30,2]'     0.716144
210   'x[30,3]'     0.0378803
211   PC           69.5
212   PR           30.5
213   Vap         401.436
;

