solve_message = 'CONOPT 3.17A: Locally optimal; objective 193.04144431565484\
11 iterations; evals: nf = 4, ng = 0, nc = 144, nJ = 14, nH = 0, nHv = 3'

:     _varname        _var         :=
1     'F[2]'        0
2     'F[3]'        0
3     'F[4]'        0
4     'F[5]'        0
5     'F[6]'        0
6     'F[7]'        0
7     'F[8]'      100
8     'F[9]'        0
9     'F[10]'       0
10    'F[11]'       0
11    'F[12]'       0
12    'F[13]'       0
13    'F[14]'       0
14    Vs          193.041
15    'y[1,1]'      0.011004
16    'y[1,2]'      0.631945
17    'y[1,3]'      0.357051
18    'y[2,1]'      0.0231232
19    'y[2,2]'      0.670574
20    'y[2,3]'      0.306303
21    'y[3,1]'      0.0444201
22    'y[3,2]'      0.6858
23    'y[3,3]'      0.26978
24    'y[4,1]'      0.0804298
25    'y[4,2]'      0.678117
26    'y[4,3]'      0.241454
27    'y[5,1]'      0.13777
28    'y[5,2]'      0.645754
29    'y[5,3]'      0.216476
30    'y[6,1]'      0.22107
31    'y[6,2]'      0.587396
32    'y[6,3]'      0.191534
33    'y[7,1]'      0.32737
34    'y[7,2]'      0.507034
35    'y[7,3]'      0.165596
36    'y[8,1]'      0.442724
37    'y[8,2]'      0.417039
38    'y[8,3]'      0.140238
39    'y[9,1]'      0.561014
40    'y[9,2]'      0.35062
41    'y[9,3]'      0.088366
42    'y[10,1]'     0.693086
43    'y[10,2]'     0.25813
44    'y[10,3]'     0.0487844
45    'y[11,1]'     0.809121
46    'y[11,2]'     0.167159
47    'y[11,3]'     0.0237196
48    'y[12,1]'     0.891811
49    'y[12,2]'     0.0977507
50    'y[12,3]'     0.0104385
51    'y[13,1]'     0.942545
52    'y[13,2]'     0.0531666
53    'y[13,3]'     0.00428868
54    'y[14,1]'     0.970958
55    'y[14,2]'     0.0273667
56    'y[14,3]'     0.00167563
57    'y[15,1]'     0.9861
58    'y[15,2]'     0.0132808
59    'y[15,3]'     0.000618731
60    Ls          262.923
61    'x[1,1]'      0.00429299
62    'x[1,2]'      0.566675
63    'x[1,3]'      0.429032
64    'x[2,1]'      0.00922031
65    'x[2,2]'      0.614597
66    'x[2,3]'      0.376183
67    'x[3,1]'      0.0181184
68    'x[3,2]'      0.642959
69    'x[3,3]'      0.338923
70    'x[4,1]'      0.0337549
71    'x[4,2]'      0.654138
72    'x[4,3]'      0.312107
73    'x[5,1]'      0.0601937
74    'x[5,2]'      0.648497
75    'x[5,3]'      0.29131
76    'x[6,1]'      0.102294
77    'x[6,2]'      0.624736
78    'x[6,3]'      0.27297
79    'x[7,1]'      0.163454
80    'x[7,2]'      0.581889
81    'x[7,3]'      0.254658
82    'x[8,1]'      0.2415
83    'x[8,2]'      0.522886
84    'x[8,3]'      0.235614
85    'x[9,1]'      0.342273
86    'x[9,2]'      0.491679
87    'x[9,3]'      0.166048
88    'x[10,1]'     0.48243
89    'x[10,2]'     0.412982
90    'x[10,3]'     0.104587
91    'x[11,1]'     0.638918
92    'x[11,2]'     0.303394
93    'x[11,3]'     0.0576886
94    'x[12,1]'     0.776404
95    'x[12,2]'     0.195605
96    'x[12,3]'     0.0279902
97    'x[13,1]'     0.87438
98    'x[13,2]'     0.113366
99    'x[13,3]'     0.0122539
100   'x[14,1]'     0.934493
101   'x[14,2]'     0.0605401
102   'x[14,3]'     0.00496713
103   'x[15,1]'     0.968158
104   'x[15,2]'     0.0299706
105   'x[15,3]'     0.00187102
106   PC           30.1186
107   PR           69.8814
108   Vap         193.041
;

