solve_message =
'CONOPT 3.17A: Locally infeasible; objective 1937630526.2351804\
55 iterations; evals: nf = 5, ng = 0, nc = 331, nJ = 45, nH = 0, nHv = 2'

:     _varname            _var            :=
1     'F[2]'               0
2     'F[3]'               0
3     'F[4]'               0
4     'F[5]'               0
5     'F[6]'               0
6     'F[7]'               0
7     'F[8]'             100
8     'F[9]'               0
9     'F[10]'              0
10    'F[11]'              0
11    'F[12]'              0
12    'F[13]'              0
13    'F[14]'              0
14    Vs          1937630000
15    'y[1,1]'             1.39381e-07
16    'y[1,2]'             0.021093
17    'y[1,3]'             0.978907
18    'y[2,1]'             4.26237e-07
19    'y[2,2]'             0.0280633
20    'y[2,3]'             0.971936
21    'y[3,1]'             1.3004e-06
22    'y[3,2]'             0.0372494
23    'y[3,3]'             0.962749
24    'y[4,1]'             3.95513e-06
25    'y[4,2]'             0.0492898
26    'y[4,3]'             0.950706
27    'y[5,1]'             1.19809e-05
28    'y[5,2]'             0.0649591
29    'y[5,3]'             0.935029
30    'y[6,1]'             3.6103e-05
31    'y[6,2]'             0.0851622
32    'y[6,3]'             0.914802
33    'y[7,1]'             0.00010806
34    'y[7,2]'             0.110898
35    'y[7,3]'             0.888994
36    'y[8,1]'             0.000320663
37    'y[8,2]'             0.143173
38    'y[8,3]'             0.856507
39    'y[9,1]'             0.000941151
40    'y[9,2]'             0.18283
41    'y[9,3]'             0.816229
42    'y[10,1]'            0.00272403
43    'y[10,2]'            0.230229
44    'y[10,3]'            0.767047
45    'y[11,1]'            0.00774023
46    'y[11,2]'            0.284616
47    'y[11,3]'            0.707644
48    'y[12,1]'            0.021422
49    'y[12,2]'            0.342704
50    'y[12,3]'            0.635874
51    'y[13,1]'            0.0568263
52    'y[13,2]'            0.395515
53    'y[13,3]'            0.547658
54    'y[14,1]'            0.139721
55    'y[14,2]'            0.423087
56    'y[14,3]'            0.437192
57    'y[15,1]'            0.3
58    'y[15,2]'            0.395224
59    'y[15,3]'            0.304776
60    Ls          1937630000
61    'x[1,1]'             4.54971e-08
62    'x[1,2]'             0.0158257
63    'x[1,3]'             0.984174
64    'x[2,1]'             1.39381e-07
65    'x[2,2]'             0.021093
66    'x[2,3]'             0.978907
67    'x[3,1]'             4.26237e-07
68    'x[3,2]'             0.0280633
69    'x[3,3]'             0.971936
70    'x[4,1]'             1.3004e-06
71    'x[4,2]'             0.0372494
72    'x[4,3]'             0.962749
73    'x[5,1]'             3.95513e-06
74    'x[5,2]'             0.0492898
75    'x[5,3]'             0.950706
76    'x[6,1]'             1.19809e-05
77    'x[6,2]'             0.0649591
78    'x[6,3]'             0.935029
79    'x[7,1]'             3.6103e-05
80    'x[7,2]'             0.0851622
81    'x[7,3]'             0.914802
82    'x[8,1]'             0.00010806
83    'x[8,2]'             0.110898
84    'x[8,3]'             0.888994
85    'x[9,1]'             0.000320647
86    'x[9,2]'             0.143173
87    'x[9,3]'             0.856507
88    'x[10,1]'            0.000941136
89    'x[10,2]'            0.18283
90    'x[10,3]'            0.816229
91    'x[11,1]'            0.00272402
92    'x[11,2]'            0.230229
93    'x[11,3]'            0.767047
94    'x[12,1]'            0.00774022
95    'x[12,2]'            0.284616
96    'x[12,3]'            0.707644
97    'x[13,1]'            0.021422
98    'x[13,2]'            0.342704
99    'x[13,3]'            0.635874
100   'x[14,1]'            0.0568263
101   'x[14,2]'            0.395515
102   'x[14,3]'            0.547658
103   'x[15,1]'            0.139721
104   'x[15,2]'            0.423087
105   'x[15,3]'            0.437192
106   PC                 100
107   PR                  30.1776
108   Vap         1937630000
;

