solve_message =
'CONOPT 3.17A: Locally infeasible; objective 328939565.83008146\
65 iterations; evals: nf = 3, ng = 0, nc = 2344, nJ = 246, nH = 1, nHv = 78'

:     _varname           _var            :=
1     'F[2]'              0
2     'F[3]'              0
3     'F[4]'              0
4     'F[5]'              0
5     'F[6]'              0
6     'F[7]'              0
7     'F[8]'            100
8     'F[9]'              0
9     'F[10]'             0
10    'F[11]'             0
11    'F[12]'             0
12    'F[13]'             0
13    'F[14]'             0
14    Vs          328940000
15    'y[1,1]'            1.4629e-06
16    'y[1,2]'            0.195928
17    'y[1,3]'            0.80407
18    'y[2,1]'            4.22432e-06
19    'y[2,2]'            0.246146
20    'y[2,3]'            0.75385
21    'y[3,1]'            1.2006e-05
22    'y[3,2]'            0.304361
23    'y[3,3]'            0.695627
24    'y[4,1]'            3.351e-05
25    'y[4,2]'            0.369589
26    'y[4,3]'            0.630378
27    'y[5,1]'            9.16834e-05
28    'y[5,2]'            0.439936
29    'y[5,3]'            0.559973
30    'y[6,1]'            0.000245601
31    'y[6,2]'            0.512724
32    'y[6,3]'            0.487031
33    'y[7,1]'            0.000643878
34    'y[7,2]'            0.584804
35    'y[7,3]'            0.414552
36    'y[8,1]'            0.00165238
37    'y[8,2]'            0.652938
38    'y[8,3]'            0.34541
39    'y[9,1]'            0.00415286
40    'y[9,2]'            0.71398
41    'y[9,3]'            0.281867
42    'y[10,1]'           0.010221
43    'y[10,2]'           0.764536
44    'y[10,3]'           0.225243
45    'y[11,1]'           0.0245711
46    'y[11,2]'           0.799623
47    'y[11,3]'           0.175806
48    'y[12,1]'           0.0572033
49    'y[12,2]'           0.80991
50    'y[12,3]'           0.132887
51    'y[13,1]'           0.126357
52    'y[13,2]'           0.77834
53    'y[13,3]'           0.0953035
54    'y[14,1]'           0.254789
55    'y[14,2]'           0.682818
56    'y[14,3]'           0.0623935
57    'y[15,1]'           0.445344
58    'y[15,2]'           0.519248
59    'y[15,3]'           0.0354083
60    Ls          328940000
61    'x[1,1]'            4.99816e-07
62    'x[1,2]'            0.153864
63    'x[1,3]'            0.846135
64    'x[2,1]'            1.4629e-06
65    'x[2,2]'            0.195928
66    'x[2,3]'            0.80407
67    'x[3,1]'            4.22432e-06
68    'x[3,2]'            0.246146
69    'x[3,3]'            0.75385
70    'x[4,1]'            1.2006e-05
71    'x[4,2]'            0.304361
72    'x[4,3]'            0.695627
73    'x[5,1]'            3.351e-05
74    'x[5,2]'            0.369589
75    'x[5,3]'            0.630378
76    'x[6,1]'            9.16834e-05
77    'x[6,2]'            0.439936
78    'x[6,3]'            0.559973
79    'x[7,1]'            0.000245601
80    'x[7,2]'            0.512724
81    'x[7,3]'            0.487031
82    'x[8,1]'            0.000643878
83    'x[8,2]'            0.584804
84    'x[8,3]'            0.414552
85    'x[9,1]'            0.00165229
86    'x[9,2]'            0.652938
87    'x[9,3]'            0.34541
88    'x[10,1]'           0.00415277
89    'x[10,2]'           0.71398
90    'x[10,3]'           0.281867
91    'x[11,1]'           0.010221
92    'x[11,2]'           0.764536
93    'x[11,3]'           0.225243
94    'x[12,1]'           0.024571
95    'x[12,2]'           0.799623
96    'x[12,3]'           0.175806
97    'x[13,1]'           0.0572032
98    'x[13,2]'           0.80991
99    'x[13,3]'           0.132887
100   'x[14,1]'           0.126357
101   'x[14,2]'           0.77834
102   'x[14,3]'           0.0953035
103   'x[15,1]'           0.254788
104   'x[15,2]'           0.682818
105   'x[15,3]'           0.0623935
106   PC                 67.3636
107   PR                 32.6364
108   Vap         328940000
;

