solve_message = 'CONOPT 3.17A: Locally optimal; objective 88.46342988838995\
17 iterations; evals: nf = 4, ng = 0, nc = 501, nJ = 35, nH = 0, nHv = 0'

:     _varname        _var         :=
1     'F[2]'        0
2     'F[3]'        0
3     'F[4]'        0
4     'F[5]'        0
5     'F[6]'        0
6     'F[7]'        0
7     'F[8]'        0
8     'F[9]'        0
9     'F[10]'       0
10    'F[11]'       0
11    'F[12]'       0
12    'F[13]'       0
13    'F[14]'       0
14    'F[15]'     100
15    'F[16]'       0
16    'F[17]'       0
17    'F[18]'       0
18    'F[19]'       0
19    'F[20]'       0
20    'F[21]'       0
21    'F[22]'       0
22    'F[23]'       0
23    'F[24]'       0
24    'F[25]'       0
25    'F[26]'       0
26    'F[27]'       0
27    'F[28]'       0
28    'F[29]'       0
29    Vs           88.4634
30    'y[1,1]'      0.0540277
31    'y[1,2]'      0.595474
32    'y[1,3]'      0.350498
33    'y[2,1]'      0.0958286
34    'y[2,2]'      0.602041
35    'y[2,3]'      0.30213
36    'y[3,1]'      0.146532
37    'y[3,2]'      0.583106
38    'y[3,3]'      0.270362
39    'y[4,1]'      0.203891
40    'y[4,2]'      0.549451
41    'y[4,3]'      0.246658
42    'y[5,1]'      0.263898
43    'y[5,2]'      0.508962
44    'y[5,3]'      0.22714
45    'y[6,1]'      0.321742
46    'y[6,2]'      0.46776
47    'y[6,3]'      0.210498
48    'y[7,1]'      0.373248
49    'y[7,2]'      0.430214
50    'y[7,3]'      0.196537
51    'y[8,1]'      0.415964
52    'y[8,2]'      0.398749
53    'y[8,3]'      0.185286
54    'y[9,1]'      0.449346
55    'y[9,2]'      0.374039
56    'y[9,3]'      0.176615
57    'y[10,1]'     0.47424
58    'y[10,2]'     0.355568
59    'y[10,3]'     0.170192
60    'y[11,1]'     0.492164
61    'y[11,2]'     0.342253
62    'y[11,3]'     0.165584
63    'y[12,1]'     0.504744
64    'y[12,2]'     0.332901
65    'y[12,3]'     0.162355
66    'y[13,1]'     0.513418
67    'y[13,2]'     0.326452
68    'y[13,3]'     0.16013
69    'y[14,1]'     0.519324
70    'y[14,2]'     0.32206
71    'y[14,3]'     0.158617
72    'y[15,1]'     0.523311
73    'y[15,2]'     0.319094
74    'y[15,3]'     0.157595
75    'y[16,1]'     0.527663
76    'y[16,2]'     0.338382
77    'y[16,3]'     0.133955
78    'y[17,1]'     0.532007
79    'y[17,2]'     0.355667
80    'y[17,3]'     0.112327
81    'y[18,1]'     0.536527
82    'y[18,2]'     0.370491
83    'y[18,3]'     0.0929817
84    'y[19,1]'     0.541591
85    'y[19,2]'     0.382398
86    'y[19,3]'     0.0760115
87    'y[20,1]'     0.547833
88    'y[20,2]'     0.390811
89    'y[20,3]'     0.0613567
90    'y[21,1]'     0.556272
91    'y[21,2]'     0.394878
92    'y[21,3]'     0.04885
93    'y[22,1]'     0.568461
94    'y[22,2]'     0.393279
95    'y[22,3]'     0.0382606
96    'y[23,1]'     0.586584
97    'y[23,2]'     0.384078
98    'y[23,3]'     0.0293383
99    'y[24,1]'     0.613352
100   'y[24,2]'     0.364793
101   'y[24,3]'     0.0218548
102   'y[25,1]'     0.651348
103   'y[25,2]'     0.333011
104   'y[25,3]'     0.0156401
105   'y[26,1]'     0.701578
106   'y[26,2]'     0.28782
107   'y[26,3]'     0.0106014
108   'y[27,1]'     0.761665
109   'y[27,2]'     0.231633
110   'y[27,3]'     0.00670145
111   'y[28,1]'     0.825334
112   'y[28,2]'     0.170775
113   'y[28,3]'     0.00389102
114   'y[29,1]'     0.884629
115   'y[29,2]'     0.113333
116   'y[29,3]'     0.0020386
117   'y[30,1]'     0.933561
118   'y[30,2]'     0.065513
119   'y[30,3]'     0.000926312
120   Ls          157.935
121   'x[1,1]'      0.0215915
122   'x[1,2]'      0.546985
123   'x[1,3]'      0.431423
124   'x[2,1]'      0.0397598
125   'x[2,2]'      0.574145
126   'x[2,3]'      0.386095
127   'x[3,1]'      0.0631735
128   'x[3,2]'      0.577823
129   'x[3,3]'      0.359003
130   'x[4,1]'      0.091574
131   'x[4,2]'      0.567217
132   'x[4,3]'      0.341209
133   'x[5,1]'      0.123702
134   'x[5,2]'      0.548366
135   'x[5,3]'      0.327932
136   'x[6,1]'      0.157314
137   'x[6,2]'      0.525687
138   'x[6,3]'      0.316999
139   'x[7,1]'      0.189713
140   'x[7,2]'      0.502609
141   'x[7,3]'      0.307678
142   'x[8,1]'      0.218563
143   'x[8,2]'      0.481579
144   'x[8,3]'      0.299858
145   'x[9,1]'      0.24249
146   'x[9,2]'      0.463955
147   'x[9,3]'      0.293556
148   'x[10,1]'     0.261187
149   'x[10,2]'     0.450114
150   'x[10,3]'     0.288699
151   'x[11,1]'     0.275131
152   'x[11,2]'     0.439767
153   'x[11,3]'     0.285101
154   'x[12,1]'     0.285171
155   'x[12,2]'     0.432309
156   'x[12,3]'     0.28252
157   'x[13,1]'     0.292217
158   'x[13,2]'     0.427071
159   'x[13,3]'     0.280711
160   'x[14,1]'     0.297076
161   'x[14,2]'     0.423459
162   'x[14,3]'     0.279465
163   'x[15,1]'     0.300384
164   'x[15,2]'     0.420999
165   'x[15,3]'     0.278617
166   'x[16,1]'     0.307135
167   'x[16,2]'     0.452716
168   'x[16,3]'     0.240149
169   'x[17,1]'     0.31378
170   'x[17,2]'     0.482167
171   'x[17,3]'     0.204052
172   'x[18,1]'     0.320413
173   'x[18,2]'     0.50856
174   'x[18,3]'     0.171028
175   'x[19,1]'     0.327315
176   'x[19,2]'     0.531196
177   'x[19,3]'     0.141489
178   'x[20,1]'     0.335047
179   'x[20,2]'     0.549376
180   'x[20,3]'     0.115577
181   'x[21,1]'     0.344578
182   'x[21,2]'     0.562222
183   'x[21,3]'     0.0931998
184   'x[22,1]'     0.357464
185   'x[22,2]'     0.568433
186   'x[22,3]'     0.0741029
187   'x[23,1]'     0.376075
188   'x[23,2]'     0.565991
189   'x[23,3]'     0.0579335
190   'x[24,1]'     0.403748
191   'x[24,2]'     0.551942
192   'x[24,3]'     0.0443096
193   'x[25,1]'     0.444622
194   'x[25,2]'     0.522495
195   'x[25,3]'     0.0328828
196   'x[26,1]'     0.50264
197   'x[26,2]'     0.473967
198   'x[26,3]'     0.0233934
199   'x[27,1]'     0.579338
200   'x[27,2]'     0.404962
201   'x[27,3]'     0.0156995
202   'x[28,1]'     0.671087
203   'x[28,2]'     0.319169
204   'x[28,3]'     0.00974459
205   'x[29,1]'     0.768305
206   'x[29,2]'     0.226242
207   'x[29,3]'     0.00545324
208   'x[30,1]'     0.858845
209   'x[30,2]'     0.138531
210   'x[30,3]'     0.0026247
211   PC           30.5283
212   PR           69.4717
213   Vap          88.4634
;

