solve_message = 'MINOS 5.51: infeasible problem (or bad starting guess).\
918 iterations\
Nonlin evals: constrs = 217, Jac = 217.'

:     _varname        _var         :=
1     'F[2]'        0
2     'F[3]'        0
3     'F[4]'        0
4     'F[5]'        0
5     'F[6]'        0
6     'F[7]'        0
7     'F[8]'        0
8     'F[9]'        0
9     'F[10]'       0
10    'F[11]'       0
11    'F[12]'       0
12    'F[13]'       0
13    'F[14]'       0
14    'F[15]'     100
15    'F[16]'       0
16    'F[17]'       0
17    'F[18]'       0
18    'F[19]'       0
19    'F[20]'       0
20    'F[21]'       0
21    'F[22]'       0
22    'F[23]'       0
23    'F[24]'       0
24    'F[25]'       0
25    'F[26]'       0
26    'F[27]'       0
27    'F[28]'       0
28    'F[29]'       0
29    Vs           70.777
30    'y[1,1]'      0.0713853
31    'y[1,2]'      0.690962
32    'y[1,3]'      0.237653
33    'y[2,1]'      0.138584
34    'y[2,2]'      0.697642
35    'y[2,3]'      0.163774
36    'y[3,1]'      0.220521
37    'y[3,2]'      0.645488
38    'y[3,3]'      0.133991
39    'y[4,1]'      0.308943
40    'y[4,2]'      0.573054
41    'y[4,3]'      0.118002
42    'y[5,1]'      0.391967
43    'y[5,2]'      0.50121
44    'y[5,3]'      0.106823
45    'y[6,1]'      0.460184
46    'y[6,2]'      0.441345
47    'y[6,3]'      0.0984708
48    'y[7,1]'      0.510416
49    'y[7,2]'      0.397093
50    'y[7,3]'      0.0924916
51    'y[8,1]'      0.544545
52    'y[8,2]'      0.36699
53    'y[8,3]'      0.0884642
54    'y[9,1]'      0.566502
55    'y[9,2]'      0.347616
56    'y[9,3]'      0.0858816
57    'y[10,1]'     0.580145
58    'y[10,2]'     0.335576
59    'y[10,3]'     0.0842791
60    'y[11,1]'     0.588417
61    'y[11,2]'     0.328278
62    'y[11,3]'     0.0833049
63    'y[12,1]'     0.593476
64    'y[12,2]'     0.323807
65    'y[12,3]'     0.0827168
66    'y[13,1]'     0.596541
67    'y[13,2]'     0.321099
68    'y[13,3]'     0.0823603
69    'y[14,1]'     0.598384
70    'y[14,2]'     0.31947
71    'y[14,3]'     0.0821454
72    'y[15,1]'     0.599488
73    'y[15,2]'     0.318497
74    'y[15,3]'     0.0820156
75    'y[16,1]'     0.611538
76    'y[16,2]'     0.345592
77    'y[16,3]'     0.0428705
78    'y[17,1]'     0.61836
79    'y[17,2]'     0.360095
80    'y[17,3]'     0.0215445
81    'y[18,1]'     0.622268
82    'y[18,2]'     0.366996
83    'y[18,3]'     0.0107355
84    'y[19,1]'     0.624884
85    'y[19,2]'     0.369636
86    'y[19,3]'     0.00547978
87    'y[20,1]'     0.627368
88    'y[20,2]'     0.369753
89    'y[20,3]'     0.00287943
90    'y[21,1]'     0.630616
91    'y[21,2]'     0.367828
92    'y[21,3]'     0.00155579
93    'y[22,1]'     0.635607
94    'y[22,2]'     0.363482
95    'y[22,3]'     0.000910704
96    'y[23,1]'     0.643874
97    'y[23,2]'     0.355555
98    'y[23,3]'     0.000570942
99    'y[24,1]'     0.657621
100   'y[24,2]'     0.342
101   'y[24,3]'     0.000379808
102   'y[25,1]'     0.679963
103   'y[25,2]'     0.319825
104   'y[25,3]'     0.000212029
105   'y[26,1]'     0.714635
106   'y[26,2]'     0.285304
107   'y[26,3]'     6.1146e-05
108   'y[27,1]'     0.763375
109   'y[27,2]'     0.236631
110   'y[27,3]'    -5.93579e-06
111   'y[28,1]'     0.823054
112   'y[28,2]'     0.177157
113   'y[28,3]'    -0.000210185
114   'y[29,1]'     0.883491
115   'y[29,2]'     0.116881
116   'y[29,3]'    -0.000371705
117   'y[30,1]'     0.934699
118   'y[30,2]'     0.0655694
119   'y[30,3]'    -0.000267965
120   Ls          140.284
121   'x[1,1]'      0.0216014
122   'x[1,2]'      0.546701
123   'x[1,3]'      0.431697
124   'x[2,1]'      0.0469574
125   'x[2,2]'      0.619339
126   'x[2,3]'      0.333704
127   'x[3,1]'      0.0810954
128   'x[3,2]'      0.622486
129   'x[3,3]'      0.296419
130   'x[4,1]'      0.122612
131   'x[4,2]'      0.595998
132   'x[4,3]'      0.281391
133   'x[5,1]'      0.167289
134   'x[5,2]'      0.559382
135   'x[5,3]'      0.273328
136   'x[6,1]'      0.209128
137   'x[6,2]'      0.523174
138   'x[6,3]'      0.267697
139   'x[7,1]'      0.243435
140   'x[7,2]'      0.493072
141   'x[7,3]'      0.263494
142   'x[8,1]'      0.268653
143   'x[8,2]'      0.470859
144   'x[8,3]'      0.260488
145   'x[9,1]'      0.285755
146   'x[9,2]'      0.455779
147   'x[9,3]'      0.258466
148   'x[10,1]'     0.296735
149   'x[10,2]'     0.446092
150   'x[10,3]'     0.257174
151   'x[11,1]'     0.303542
152   'x[11,2]'     0.440081
153   'x[11,3]'     0.256377
154   'x[12,1]'     0.307749
155   'x[12,2]'     0.436356
156   'x[12,3]'     0.255895
157   'x[13,1]'     0.310319
158   'x[13,2]'     0.434083
159   'x[13,3]'     0.255598
160   'x[14,1]'     0.311873
161   'x[14,2]'     0.432709
162   'x[14,3]'     0.255418
163   'x[15,1]'     0.312806
164   'x[15,2]'     0.431887
165   'x[15,3]'     0.255307
166   'x[16,1]'     0.346347
167   'x[16,2]'     0.508755
168   'x[16,3]'     0.144898
169   'x[17,1]'     0.367296
170   'x[17,2]'     0.556111
171   'x[17,3]'     0.0765929
172   'x[18,1]'     0.379125
173   'x[18,2]'     0.58152
174   'x[18,3]'     0.039355
175   'x[19,1]'     0.385935
176   'x[19,2]'     0.593805
177   'x[19,3]'     0.0202606
178   'x[20,1]'     0.390645
179   'x[20,2]'     0.598737
180   'x[20,3]'     0.0106178
181   'x[21,1]'     0.395075
182   'x[21,2]'     0.599169
183   'x[21,3]'     0.00575619
184   'x[22,1]'     0.400778
185   'x[22,2]'     0.59586
186   'x[22,3]'     0.00336194
187   'x[23,1]'     0.40975
188   'x[23,2]'     0.588107
189   'x[23,3]'     0.00214341
190   'x[24,1]'     0.424578
191   'x[24,2]'     0.57391
192   'x[24,3]'     0.00151253
193   'x[25,1]'     0.449157
194   'x[25,2]'     0.549686
195   'x[25,3]'     0.00115625
196   'x[26,1]'     0.489125
197   'x[26,2]'     0.510219
198   'x[26,3]'     0.000655414
199   'x[27,1]'     0.550583
200   'x[27,2]'     0.448851
201   'x[27,3]'     0.000566224
202   'x[28,1]'     0.636623
203   'x[28,2]'     0.362937
204   'x[28,3]'     0.000439817
205   'x[29,1]'     0.741241
206   'x[29,2]'     0.25887
207   'x[29,3]'    -0.000111097
208   'x[30,1]'     0.845938
209   'x[30,2]'     0.154533
210   'x[30,3]'    -0.000470548
211   PC           30.4928
212   PR           69.5072
;

