solve_message = 'MINOS 5.51: infeasible problem (or bad starting guess).\
559 iterations\
Nonlin evals: constrs = 265, Jac = 265.'

:     _varname        _var        :=
1     'F[2]'        0
2     'F[3]'        0
3     'F[4]'        0
4     'F[5]'        0
5     'F[6]'        0
6     'F[7]'        0
7     'F[8]'      100
8     'F[9]'        0
9     'F[10]'       0
10    'F[11]'       0
11    'F[12]'       0
12    'F[13]'       0
13    'F[14]'       0
14    Vs           93.3216
15    'y[1,1]'      0.971204
16    'y[1,2]'     -0.716015
17    'y[1,3]'      0.74481
18    'y[2,1]'      0.783207
19    'y[2,2]'     -0.0760941
20    'y[2,3]'      0.292887
21    'y[3,1]'      0.364179
22    'y[3,2]'      0.359495
23    'y[3,3]'      0.276326
24    'y[4,1]'      0.405387
25    'y[4,2]'      0.201083
26    'y[4,3]'      0.39353
27    'y[5,1]'      0.806471
28    'y[5,2]'      0.0675214
29    'y[5,3]'      0.126008
30    'y[6,1]'      0.893864
31    'y[6,2]'      0.0284016
32    'y[6,3]'      0.0777349
33    'y[7,1]'      0.89354
34    'y[7,2]'      0.0324446
35    'y[7,3]'      0.0740158
36    'y[8,1]'      0.862864
37    'y[8,2]'      0.139463
38    'y[8,3]'     -0.00232703
39    'y[9,1]'      0.862959
40    'y[9,2]'      0.135777
41    'y[9,3]'      0.00126326
42    'y[10,1]'     0.863056
43    'y[10,2]'     0.132094
44    'y[10,3]'     0.00484977
45    'y[11,1]'     0.866726
46    'y[11,2]'     0.128409
47    'y[11,3]'     0.00486561
48    'y[12,1]'     0.866817
49    'y[12,2]'     0.124728
50    'y[12,3]'     0.0084546
51    'y[13,1]'     0.87049
52    'y[13,2]'     0.121038
53    'y[13,3]'     0.00847214
54    'y[14,1]'     0.870503
55    'y[14,2]'     0.11735
56    'y[14,3]'     0.0121466
57    'y[15,1]'     0.861681
58    'y[15,2]'     0.129366
59    'y[15,3]'     0.00895347
60    Ls          100
61    'x[1,1]'     -0.138757
62    'x[1,2]'      0.0866293
63    'x[1,3]'      1.05213
64    'x[2,1]'      0.383794
65    'x[2,2]'     -0.239885
66    'x[2,3]'      0.856091
67    'x[3,1]'      0.154121
68    'x[3,2]'      0.413956
69    'x[3,3]'      0.431923
70    'x[4,1]'      0
71    'x[4,2]'      0.201908
72    'x[4,3]'      0.798092
73    'x[5,1]'      0.348348
74    'x[5,2]'      0.122227
75    'x[5,3]'      0.529425
76    'x[6,1]'      0.596504
77    'x[6,2]'      0.0550307
78    'x[6,3]'      0.348466
79    'x[7,1]'      0.640471
80    'x[7,2]'      0.0352879
81    'x[7,3]'      0.324242
82    'x[8,1]'      0.473272
83    'x[8,2]'      0.203969
84    'x[8,3]'      0.32276
85    'x[9,1]'      0.42709
86    'x[9,2]'      0.529932
87    'x[9,3]'      0.0429776
88    'x[10,1]'     0.425931
89    'x[10,2]'     0.526784
90    'x[10,3]'     0.0472852
91    'x[11,1]'     0.365694
92    'x[11,2]'     0.581686
93    'x[11,3]'     0.0526204
94    'x[12,1]'     0.366654
95    'x[12,2]'     0.5793
96    'x[12,3]'     0.0540459
97    'x[13,1]'     0.378695
98    'x[13,2]'     0.567681
99    'x[13,3]'     0.0536235
100   'x[14,1]'     0.36838
101   'x[14,2]'     0.575963
102   'x[14,3]'     0.0556572
103   'x[15,1]'     0.403403
104   'x[15,2]'     0.543709
105   'x[15,3]'     0.0528885
106   PC           93.3216
107   PR            6.6784
;

