solve_message = 'MINOS 5.51: infeasible problem (or bad starting guess).\
430 iterations\
Nonlin evals: constrs = 235, Jac = 235.'

:     _varname        _var         :=
1     'F[2]'        0
2     'F[3]'        0
3     'F[4]'        0
4     'F[5]'        0
5     'F[6]'        0
6     'F[7]'        0
7     'F[8]'      100
8     'F[9]'        0
9     'F[10]'       0
10    'F[11]'       0
11    'F[12]'       0
12    'F[13]'       0
13    'F[14]'       0
14    Vs          101.402
15    'y[1,1]'      0.0145833
16    'y[1,2]'      0.740899
17    'y[1,3]'      0.244518
18    'y[2,1]'      0.0321377
19    'y[2,2]'      0.801627
20    'y[2,3]'      0.166235
21    'y[3,1]'      0.0633374
22    'y[3,2]'      0.801724
23    'y[3,3]'      0.134939
24    'y[4,1]'      0.119628
25    'y[4,2]'      0.760579
26    'y[4,3]'      0.119793
27    'y[5,1]'      0.209792
28    'y[5,2]'      0.682209
29    'y[5,3]'      0.107999
30    'y[6,1]'      0.324471
31    'y[6,2]'      0.579527
32    'y[6,3]'      0.0960025
33    'y[7,1]'      0.438771
34    'y[7,2]'      0.476721
35    'y[7,3]'      0.0845079
36    'y[8,1]'      0.53236
37    'y[8,2]'      0.392534
38    'y[8,3]'      0.0751051
39    'y[9,1]'      0.603357
40    'y[9,2]'      0.366772
41    'y[9,3]'      0.0298711
42    'y[10,1]'     0.691053
43    'y[10,2]'     0.299033
44    'y[10,3]'     0.00991417
45    'y[11,1]'     0.787087
46    'y[11,2]'     0.210363
47    'y[11,3]'     0.00254955
48    'y[12,1]'     0.872728
49    'y[12,2]'     0.12697
50    'y[12,3]'     0.000301972
51    'y[13,1]'     0.933075
52    'y[13,2]'     0.0670372
53    'y[13,3]'    -0.000111707
54    'y[14,1]'     0.968243
55    'y[14,2]'     0.0318082
56    'y[14,3]'    -5.06875e-05
57    'y[15,1]'     0.986461
58    'y[15,2]'     0.0135913
59    'y[15,3]'    -5.23217e-05
60    Ls          171.303
61    'x[1,1]'      0.00429159
62    'x[1,2]'      0.566524
63    'x[1,3]'      0.429184
64    'x[2,1]'      0.0103476
65    'x[2,2]'      0.670483
66    'x[2,3]'      0.319169
67    'x[3,1]'      0.0212326
68    'x[3,2]'      0.706175
69    'x[3,3]'      0.272593
70    'x[4,1]'      0.0411077
71    'x[4,2]'      0.70501
72    'x[4,3]'      0.253882
73    'x[5,1]'      0.0763982
74    'x[5,2]'      0.678894
75    'x[5,3]'      0.244708
76    'x[6,1]'      0.131154
77    'x[6,2]'      0.631269
78    'x[6,3]'      0.237577
79    'x[7,1]'      0.199097
80    'x[7,2]'      0.570458
81    'x[7,3]'      0.230445
82    'x[8,1]'      0.265819
83    'x[8,2]'      0.510454
84    'x[8,3]'      0.223726
85    'x[9,1]'      0.347731
86    'x[9,2]'      0.549263
87    'x[9,3]'      0.103006
88    'x[10,1]'     0.450483
89    'x[10,2]'     0.509863
90    'x[10,3]'     0.0396536
91    'x[11,1]'     0.576907
92    'x[11,2]'     0.410681
93    'x[11,3]'     0.012412
94    'x[12,1]'     0.714055
95    'x[12,2]'     0.283566
96    'x[12,3]'     0.00237951
97    'x[13,1]'     0.834077
98    'x[13,2]'     0.166234
99    'x[13,3]'    -0.000311001
100   'x[14,1]'     0.916692
101   'x[14,2]'     0.0835725
102   'x[14,3]'    -0.000264783
103   'x[15,1]'     0.963827
104   'x[15,2]'     0.0364486
105   'x[15,3]'    -0.000275999
106   PC           30.0984
107   PR           69.9016
;

