solve_message = 'MINOS 5.51: infeasible problem (or bad starting guess).\
1060 iterations\
Nonlin evals: constrs = 290, Jac = 290.'

:     _varname        _var         :=
1     'F[2]'        0
2     'F[3]'        0
3     'F[4]'        0
4     'F[5]'        0
5     'F[6]'        0
6     'F[7]'        0
7     'F[8]'        0
8     'F[9]'        0
9     'F[10]'       0
10    'F[11]'       0
11    'F[12]'       0
12    'F[13]'       0
13    'F[14]'       0
14    'F[15]'     100
15    'F[16]'       0
16    'F[17]'       0
17    'F[18]'       0
18    'F[19]'       0
19    'F[20]'       0
20    'F[21]'       0
21    'F[22]'       0
22    'F[23]'       0
23    'F[24]'       0
24    'F[25]'       0
25    'F[26]'       0
26    'F[27]'       0
27    'F[28]'       0
28    'F[29]'       0
29    Vs           69.9356
30    'y[1,1]'      0.303435
31    'y[1,2]'      0.213284
32    'y[1,3]'      0.483281
33    'y[2,1]'      0.392325
34    'y[2,2]'      0.343743
35    'y[2,3]'      0.263932
36    'y[3,1]'      0.000387079
37    'y[3,2]'      0.134323
38    'y[3,3]'      0.86529
39    'y[4,1]'      0.0432392
40    'y[4,2]'      0.114657
41    'y[4,3]'      0.842103
42    'y[5,1]'      0.155275
43    'y[5,2]'      0.169681
44    'y[5,3]'      0.675044
45    'y[6,1]'      0.421234
46    'y[6,2]'      0.192353
47    'y[6,3]'      0.386413
48    'y[7,1]'      0.660761
49    'y[7,2]'      0.101432
50    'y[7,3]'      0.237807
51    'y[8,1]'      0.810795
52    'y[8,2]'      0.052909
53    'y[8,3]'      0.136296
54    'y[9,1]'      0.872979
55    'y[9,2]'      0.025412
56    'y[9,3]'      0.101609
57    'y[10,1]'     0.897837
58    'y[10,2]'     0.0105915
59    'y[10,3]'     0.0915712
60    'y[11,1]'     0.908687
61    'y[11,2]'     0.00329381
62    'y[11,3]'     0.0880196
63    'y[12,1]'     0.91296
64    'y[12,2]'     0
65    'y[12,3]'     0.0870395
66    'y[13,1]'     0.915987
67    'y[13,2]'     0.00590959
68    'y[13,3]'     0.0781031
69    'y[14,1]'     0.922103
70    'y[14,2]'     0
71    'y[14,3]'     0.0778966
72    'y[15,1]'     0.431751
73    'y[15,2]'     0.568434
74    'y[15,3]'    -0.000184521
75    'y[16,1]'     0.432255
76    'y[16,2]'     0.56818
77    'y[16,3]'    -0.000435746
78    'y[17,1]'     0.432715
79    'y[17,2]'     0.567781
80    'y[17,3]'    -0.000496114
81    'y[18,1]'     0.432727
82    'y[18,2]'     0.567397
83    'y[18,3]'    -0.000124055
84    'y[19,1]'     0.433513
85    'y[19,2]'     0.566487
86    'y[19,3]'     0
87    'y[20,1]'     0.433313
88    'y[20,2]'     0.566201
89    'y[20,3]'     0.000485745
90    'y[21,1]'     0.433729
91    'y[21,2]'     0.565695
92    'y[21,3]'     0.00057639
93    'y[22,1]'     0.434138
94    'y[22,2]'     0.565545
95    'y[22,3]'     0.000317834
96    'y[23,1]'     0.434125
97    'y[23,2]'     0.565172
98    'y[23,3]'     0.00070274
99    'y[24,1]'     0.434459
100   'y[24,2]'     0.564793
101   'y[24,3]'     0.000748367
102   'y[25,1]'     0.434789
103   'y[25,2]'     0.564662
104   'y[25,3]'     0.000549129
105   'y[26,1]'     0.434997
106   'y[26,2]'     0.56421
107   'y[26,3]'     0.000792936
108   'y[27,1]'     0.435148
109   'y[27,2]'     0.564093
110   'y[27,3]'     0.000759117
111   'y[28,1]'     0.435541
112   'y[28,2]'     0.563669
113   'y[28,3]'     0.000789681
114   'y[29,1]'     0.436313
115   'y[29,2]'     0.56303
116   'y[29,3]'     0.000656963
117   'y[30,1]'     0.435528
118   'y[30,2]'     0.563792
119   'y[30,3]'     0.000679334
120   Ls          100
121   'x[1,1]'      0.0321381
122   'x[1,2]'      0.0254641
123   'x[1,3]'      0.942398
124   'x[2,1]'      0.227534
125   'x[2,2]'      0.171217
126   'x[2,3]'      0.601249
127   'x[3,1]'      0.246632
128   'x[3,2]'      0.270561
129   'x[3,3]'      0.482807
130   'x[4,1]'      0.0178239
131   'x[4,2]'      0.122839
132   'x[4,3]'      0.859337
133   'x[5,1]'      0.0268652
134   'x[5,2]'      0.0761824
135   'x[5,3]'      0.896952
136   'x[6,1]'      0.0974831
137   'x[6,2]'      0.110822
138   'x[6,3]'      0.791695
139   'x[7,1]'      0.281734
140   'x[7,2]'      0.13147
141   'x[7,3]'      0.586796
142   'x[8,1]'      0.459889
143   'x[8,2]'      0.0794602
144   'x[8,3]'      0.460651
145   'x[9,1]'      0.561425
146   'x[9,2]'      0.0484422
147   'x[9,3]'      0.390133
148   'x[10,1]'     0.602924
149   'x[10,2]'     0.0296898
150   'x[10,3]'     0.367386
151   'x[11,1]'     0.619423
152   'x[11,2]'     0.0201835
153   'x[11,3]'     0.360393
154   'x[12,1]'     0.626183
155   'x[12,2]'     0.0154484
156   'x[12,3]'     0.358369
157   'x[13,1]'     0.628946
158   'x[13,2]'     0.013468
159   'x[13,3]'     0.357586
160   'x[14,1]'     0.630397
161   'x[14,2]'     0.023433
162   'x[14,3]'     0.34617
163   'x[15,1]'     0.620351
164   'x[15,2]'     0.0211427
165   'x[15,3]'     0.358506
166   'x[16,1]'     0.218559
167   'x[16,2]'     0.751576
168   'x[16,3]'     0.0298656
169   'x[17,1]'     0.218103
170   'x[17,2]'     0.751618
171   'x[17,3]'     0.030279
172   'x[18,1]'     0.217836
173   'x[18,2]'     0.751772
174   'x[18,3]'     0.0303921
175   'x[19,1]'     0.215937
176   'x[19,2]'     0.750499
177   'x[19,3]'     0.0335645
178   'x[20,1]'     0.224565
179   'x[20,2]'     0.766773
180   'x[20,3]'     0.00866234
181   'x[21,1]'     0.224587
182   'x[21,2]'     0.766434
183   'x[21,3]'     0.00897923
184   'x[22,1]'     0.224677
185   'x[22,2]'     0.7665
186   'x[22,3]'     0.00882301
187   'x[23,1]'     0.228127
188   'x[23,2]'     0.770857
189   'x[23,3]'     0.0010152
190   'x[24,1]'     0.224312
191   'x[24,2]'     0.765522
192   'x[24,3]'     0.0101665
193   'x[25,1]'     0.224421
194   'x[25,2]'     0.765632
195   'x[25,3]'     0.00994757
196   'x[26,1]'     0.228368
197   'x[26,2]'     0.76947
198   'x[26,3]'     0.00216127
199   'x[27,1]'     0.228614
200   'x[27,2]'     0.769574
201   'x[27,3]'     0.00181186
202   'x[28,1]'     0.228844
203   'x[28,2]'     0.769141
204   'x[28,3]'     0.00201448
205   'x[29,1]'     0.229227
206   'x[29,2]'     0.768744
207   'x[29,3]'     0.00202902
208   'x[30,1]'     0.223261
209   'x[30,2]'     0.764149
210   'x[30,3]'     0.0125894
211   PC           69.9356
212   PR           30.0644
;

