solve_message = 'MINOS 5.51: infeasible problem (or bad starting guess).\
1638 iterations\
Nonlin evals: constrs = 270, Jac = 270.'

:           _varname              _var          :=
1      'F[2]'                    0
2      'F[3]'                    0
3      'F[4]'                    0
4      'F[5]'                    0
5      'F[6]'                    0
6      'F[7]'                    0
7      'F[8]'                    0
8      'F[9]'                    0
9      'F[10]'                   0
10     'F[11]'                   0
11     'F[12]'                   0
12     'F[13]'                   0
13     'F[14]'                   0
14     'F[15]'                 200
15     'F[16]'                   0
16     'F[17]'                   0
17     'F[18]'                   0
18     'F[19]'                   0
19     'F[20]'                   0
20     'F[21]'                   0
21     'F[22]'                   0
22     'F[23]'                   0
23     'F[24]'                   0
24     'F[25]'                   0
25     'F[26]'                   0
26     'F[27]'                   0
27     'F[28]'                   0
28     'F[29]'                   0
29     'V[1]'                  157.154
30     'V[2]'                  182.227
31     'V[3]'                  184.857
32     'V[4]'                  159.603
33     'V[5]'                  148.642
34     'V[6]'                  161.136
35     'V[7]'                  164.974
36     'V[8]'                  144.113
37     'V[9]'                  155.978
38     'V[10]'                 149.503
39     'V[11]'                 147.364
40     'V[12]'                 147.374
41     'V[13]'                 144.457
42     'V[14]'                 141.273
43     'V[15]'                 140.6
44     'V[16]'                 141.427
45     'V[17]'                 142.232
46     'V[18]'                 142.401
47     'V[19]'                 142.953
48     'V[20]'                 141.984
49     'V[21]'                 142.045
50     'V[22]'                 141.761
51     'V[23]'                 143.687
52     'V[24]'                 142.201
53     'V[25]'                 142.645
54     'V[26]'                 141.973
55     'V[27]'                 142.16
56     'V[28]'                 142.116
57     'V[29]'                 142.112
58     'V[30]'                   0
59     'y[1,1]'                  0.0565484
60     'y[1,2]'                  0.808391
61     'y[1,3]'                  0.13506
62     'y[2,1]'                  1.15103e-06
63     'y[2,2]'                  1.2441
64     'y[2,3]'                 -0.244099
65     'y[3,1]'                  1.75779e-05
66     'y[3,2]'                  1.00197
67     'y[3,3]'                 -0.00199238
68     'y[4,1]'                  0.0002588
69     'y[4,2]'                  0.124903
70     'y[4,3]'                  0.874838
71     'y[5,1]'                  0.00321957
72     'y[5,2]'                  0.551024
73     'y[5,3]'                  0.445757
74     'y[6,1]'                  0.0309339
75     'y[6,2]'                  1.32468
76     'y[6,3]'                 -0.355613
77     'y[7,1]'                  0.000876404
78     'y[7,2]'                  1.15206
79     'y[7,3]'                 -0.152934
80     'y[8,1]'                  0.00503733
81     'y[8,2]'                  1.20627
82     'y[8,3]'                 -0.211311
83     'y[9,1]'                  0.0222927
84     'y[9,2]'                  1.29074
85     'y[9,3]'                 -0.313028
86     'y[10,1]'                 0.0785692
87     'y[10,2]'                 1.27711
88     'y[10,3]'                -0.35568
89     'y[11,1]'                 0.174101
90     'y[11,2]'                 1.09216
91     'y[11,3]'                -0.266257
92     'y[12,1]'                 0.334986
93     'y[12,2]'                 0.856933
94     'y[12,3]'                -0.191919
95     'y[13,1]'                 0.384027
96     'y[13,2]'                 0.638074
97     'y[13,3]'                -0.0221006
98     'y[14,1]'                 0.367541
99     'y[14,2]'                 0.516135
100    'y[14,3]'                 0.116324
101    'y[15,1]'                 0.407098
102    'y[15,2]'                 0.436318
103    'y[15,3]'                 0.156584
104    'y[16,1]'                 0.437261
105    'y[16,2]'                 0.463616
106    'y[16,3]'                 0.0991236
107    'y[17,1]'                 0.469331
108    'y[17,2]'                 0.477713
109    'y[17,3]'                 0.0529563
110    'y[18,1]'                 0.48867
111    'y[18,2]'                 0.461276
112    'y[18,3]'                 0.0500539
113    'y[19,1]'                 0.52673
114    'y[19,2]'                 0.388745
115    'y[19,3]'                 0.0845246
116    'y[20,1]'                 0.464158
117    'y[20,2]'                 0.455939
118    'y[20,3]'                 0.0799035
119    'y[21,1]'                 0.471895
120    'y[21,2]'                 0.452484
121    'y[21,3]'                 0.0756213
122    'y[22,1]'                 0.415857
123    'y[22,2]'                 0.545069
124    'y[22,3]'                 0.0390741
125    'y[23,1]'                 0.554143
126    'y[23,2]'                 0.435416
127    'y[23,3]'                 0.010441
128    'y[24,1]'                 0.452241
129    'y[24,2]'                 0.521834
130    'y[24,3]'                 0.025925
131    'y[25,1]'                 0.498481
132    'y[25,2]'                 0.445119
133    'y[25,3]'                 0.0564008
134    'y[26,1]'                 0.461455
135    'y[26,2]'                 0.458239
136    'y[26,3]'                 0.0803064
137    'y[27,1]'                 0.473017
138    'y[27,2]'                 0.455779
139    'y[27,3]'                 0.0712046
140    'y[28,1]'                 0.470905
141    'y[28,2]'                 0.455122
142    'y[28,3]'                 0.0739734
143    'y[29,1]'                 0.47062
144    'y[29,2]'                 0.455127
145    'y[29,3]'                 0.0742535
146    'y[30,1]'                 0.457448
147    'y[30,2]'                 0.491655
148    'y[30,3]'                 0.0508969
149    'L[1]'                    0
150    'L[2]'                  216.554
151    'L[3]'                  241.627
152    'L[4]'                  244.258
153    'L[5]'                  219.003
154    'L[6]'                  208.042
155    'L[7]'                  220.536
156    'L[8]'                  224.374
157    'L[9]'                  203.513
158    'L[10]'                 215.379
159    'L[11]'                 208.903
160    'L[12]'                 206.765
161    'L[13]'                 206.774
162    'L[14]'                 203.857
163    'L[15]'                 200.674
164    'L[16]'                   0
165    'L[17]'                   0.827043
166    'L[18]'                   1.63278
167    'L[19]'                   1.80121
168    'L[20]'                   2.35387
169    'L[21]'                   1.38475
170    'L[22]'                   1.44546
171    'L[23]'                   1.1614
172    'L[24]'                   3.08698
173    'L[25]'                   1.60154
174    'L[26]'                   2.04518
175    'L[27]'                   1.37296
176    'L[28]'                   1.56032
177    'L[29]'                   1.51646
178    'L[30]'                   1.51279
179    'x[1,1]'                  0.00684572
180    'x[1,2]'                  0.262152
181    'x[1,3]'                  0.731002
182    'x[2,1]'                  9.691e-08
183    'x[2,2]'                  0.586308
184    'x[2,3]'                  0.413692
185    'x[3,1]'                  1.29365e-06
186    'x[3,2]'                  1.00059
187    'x[3,3]'                 -0.000588427
188    'x[4,1]'                  1.91511e-05
189    'x[4,2]'                  0.741529
190    'x[4,3]'                  0.258452
191    'x[5,1]'                  0.000278521
192    'x[5,2]'                  0.13474
193    'x[5,3]'                  0.864981
194    'x[6,1]'                  0.00341497
195    'x[6,2]'                  0.397266
196    'x[6,3]'                  0.599319
197    'x[7,1]'                  0.000131479
198    'x[7,2]'                  1.0809
199    'x[7,3]'                 -0.0810269
200    'x[8,1]'                  0.00113618
201    'x[8,2]'                  1.16073
202    'x[8,3]'                 -0.161863
203    'x[9,1]'                  0.00632715
204    'x[9,2]'                  0.983206
205    'x[9,3]'                  0.0104667
206    'x[10,1]'                 0.0279894
207    'x[10,2]'                 1.39411
208    'x[10,3]'                -0.422095
209    'x[11,1]'                 0.0932837
210    'x[11,2]'                 1.24491
211    'x[11,3]'                -0.338191
212    'x[12,1]'                 0.20899
213    'x[12,2]'                 1.03501
214    'x[12,3]'                -0.243998
215    'x[13,1]'                 0.206808
216    'x[13,2]'                 0.831053
217    'x[13,3]'                -0.037861
218    'x[14,1]'                 0.194839
219    'x[14,2]'                 0.63486
220    'x[14,3]'                 0.170301
221    'x[15,1]'                 0.18905
222    'x[15,2]'                 0.518227
223    'x[15,3]'                 0.292723
224    'x[16,1]'                 0.21406
225    'x[16,2]'                 0.603322
226    'x[16,3]'                 0.182618
227    'x[17,1]'                 0.257406
228    'x[17,2]'                 0.64239
229    'x[17,3]'                 0.100204
230    'x[18,1]'                 0.267553
231    'x[18,2]'                 0.632685
232    'x[18,3]'                 0.0997623
233    'x[19,1]'                 0.29184
234    'x[19,2]'                 0.515528
235    'x[19,3]'                 0.192633
236    'x[20,1]'                 0.246437
237    'x[20,2]'                 0.604752
238    'x[20,3]'                 0.148812
239    'x[21,1]'                 0.253939
240    'x[21,2]'                 0.603956
241    'x[21,3]'                 0.142105
242    'x[22,1]'                 0.22022
243    'x[22,2]'                 0.709472
244    'x[22,3]'                 0.070308
245    'x[23,1]'                 0.355641
246    'x[23,2]'                 0.56864
247    'x[23,3]'                 0.0757189
248    'x[24,1]'                 0.245951
249    'x[24,2]'                 0.704982
250    'x[24,3]'                 0.0490668
251    'x[25,1]'                 0.294978
252    'x[25,2]'                 0.58773
253    'x[25,3]'                 0.117292
254    'x[26,1]'                 0.246618
255    'x[26,2]'                 0.607848
256    'x[26,3]'                 0.145534
257    'x[27,1]'                 0.255826
258    'x[27,2]'                 0.610362
259    'x[27,3]'                 0.133812
260    'x[28,1]'                 0.253782
261    'x[28,2]'                 0.608218
262    'x[28,3]'                 0.138
263    'x[29,1]'                 0.253521
264    'x[29,2]'                 0.607973
265    'x[29,3]'                 0.138507
266    'x[30,1]'                 0.247664
267    'x[30,2]'                 0.65887
268    'x[30,3]'                 0.0934654
269    PC                      140.6
270    PR                       59.4004
271    'T[1]'                  398.044
272    'T[2]'                  402.601
273    'T[3]'                  407.842
274    'T[4]'                  412.7
275    'T[5]'                  406.904
276    'T[6]'                  399.709
277    'T[7]'                  390.245
278    'T[8]'                  383.245
279    'T[9]'                  379.468
280    'T[10]'                 376.753
281    'T[11]'                 374.677
282    'T[12]'                 371.98
283    'T[13]'                 373.605
284    'T[14]'                 375.648
285    'T[15]'                 375.634
286    'T[16]'                 374.273
287    'T[17]'                 372.751
288    'T[18]'                 372.292
289    'T[19]'                 371.582
290    'T[20]'                 373.271
291    'T[21]'                 373.074
292    'T[22]'                 373.739
293    'T[23]'                 369.827
294    'T[24]'                 372.832
295    'T[25]'                 371.953
296    'T[26]'                 373.258
297    'T[27]'                 372.896
298    'T[28]'                 372.975
299    'T[29]'                 372.987
300    'T[30]'                 372.895
301    TF                      372.396
302    QC                     1604.2
303    QR                     1811.16
304    'H[1,1]'                  2.72598
305    'H[1,2]'                  1.52282
306    'H[1,3]'                  3.29102
307    'H[2,1]'                  2.8635
308    'H[2,2]'                  1.57893
309    'H[2,3]'                  3.45828
310    'H[3,1]'                  3.02315
311    'H[3,2]'                  1.64233
312    'H[3,3]'                  3.65265
313    'H[4,1]'                  3.17258
314    'H[4,2]'                  1.70006
315    'H[4,3]'                  3.83475
316    'H[5,1]'                  2.99446
317    'H[5,2]'                  1.63107
318    'H[5,3]'                  3.61771
319    'H[6,1]'                  2.77609
320    'H[6,2]'                  1.54343
321    'H[6,3]'                  3.35195
322    'H[7,1]'                  2.49344
323    'H[7,2]'                  1.42458
324    'H[7,3]'                  3.00851
325    'H[8,1]'                  2.28773
326    'H[8,2]'                  1.33388
327    'H[8,3]'                  2.75894
328    'H[9,1]'                  2.17791
329    'H[9,2]'                  1.28391
330    'H[9,3]'                  2.62582
331    'H[10,1]'                 2.09948
332    'H[10,2]'                 1.24752
333    'H[10,3]'                 2.53081
334    'H[11,1]'                 2.03978
335    'H[11,2]'                 1.21943
336    'H[11,3]'                 2.45851
337    'H[12,1]'                 1.9626
338    'H[12,2]'                 1.1826
339    'H[12,3]'                 2.3651
340    'H[13,1]'                 2.00907
341    'H[13,2]'                 1.20485
342    'H[13,3]'                 2.42134
343    'H[14,1]'                 2.06767
344    'H[14,2]'                 1.2326
345    'H[14,3]'                 2.49228
346    'H[15,1]'                 2.06728
347    'H[15,2]'                 1.23242
348    'H[15,3]'                 2.49181
349    'H[16,1]'                 2.02819
350    'H[16,2]'                 1.21394
351    'H[16,3]'                 2.44448
352    'H[17,1]'                 1.98462
353    'H[17,2]'                 1.19317
354    'H[17,3]'                 2.39175
355    'H[18,1]'                 1.97151
356    'H[18,2]'                 1.18688
357    'H[18,3]'                 2.37588
358    'H[19,1]'                 1.95123
359    'H[19,2]'                 1.17712
360    'H[19,3]'                 2.35134
361    'H[20,1]'                 1.99948
362    'H[20,2]'                 1.20028
363    'H[20,3]'                 2.40974
364    'H[21,1]'                 1.99387
365    'H[21,2]'                 1.19759
366    'H[21,3]'                 2.40294
367    'H[22,1]'                 2.01288
368    'H[22,2]'                 1.20667
369    'H[22,3]'                 2.42596
370    'H[23,1]'                 1.90129
371    'H[23,2]'                 1.15291
372    'H[23,3]'                 2.29091
373    'H[24,1]'                 1.98695
374    'H[24,2]'                 1.19428
375    'H[24,3]'                 2.39457
376    'H[25,1]'                 1.96183
377    'H[25,2]'                 1.18223
378    'H[25,3]'                 2.36417
379    'H[26,1]'                 1.99911
380    'H[26,2]'                 1.2001
381    'H[26,3]'                 2.40929
382    'H[27,1]'                 1.98876
383    'H[27,2]'                 1.19515
384    'H[27,3]'                 2.39676
385    'H[28,1]'                 1.99104
386    'H[28,2]'                 1.19624
387    'H[28,3]'                 2.39951
388    'H[29,1]'                 1.99138
389    'H[29,2]'                 1.1964
390    'H[29,3]'                 2.39993
391    'H[30,1]'                 1.98875
392    'H[30,2]'                 1.19514
393    'H[30,3]'                 2.39674
394    'HF[1]'                   1.97448
395    'HF[2]'                   1.18831
396    'HF[3]'                   2.37948
397    'h[1,1]'                 -6.91338
398    'h[1,2]'                 -9.47318
399    'h[1,3]'                 -8.50152
400    'h[2,1]'                 -6.61742
401    'h[2,2]'                 -9.24693
402    'h[2,3]'                 -8.17957
403    'h[3,1]'                 -6.27033
404    'h[3,2]'                 -8.98455
405    'h[3,3]'                 -7.80316
406    'h[4,1]'                 -5.94179
407    'h[4,2]'                 -8.73904
408    'h[4,3]'                 -7.44821
409    'h[5,1]'                 -6.33299
410    'h[5,2]'                 -9.03168
411    'h[5,3]'                 -7.87101
412    'h[6,1]'                 -6.80584
413    'h[6,2]'                 -9.39069
414    'h[6,3]'                 -8.38444
415    'h[7,1]'                 -7.40808
416    'h[7,2]'                 -9.85675
417    'h[7,3]'                 -9.04139
418    'h[8,1]'                 -7.84028
419    'h[8,2]'                -10.1977
420    'h[8,3]'                 -9.51447
421    'h[9,1]'                 -8.06911
422    'h[9,2]'                -10.3804
423    'h[9,3]'                 -9.7654
424    'h[10,1]'                -8.23179
425    'h[10,2]'               -10.5114
426    'h[10,3]'                -9.94393
427    'h[11,1]'                -8.35521
428    'h[11,2]'               -10.6113
429    'h[11,3]'               -10.0795
430    'h[12,1]'                -8.51425
431    'h[12,2]'               -10.7407
432    'h[12,3]'               -10.2542
433    'h[13,1]'                -8.41857
434    'h[13,2]'               -10.6627
435    'h[13,3]'               -10.149
436    'h[14,1]'                -8.29759
437    'h[14,2]'               -10.5646
438    'h[14,3]'               -10.0162
439    'h[15,1]'                -8.2984
440    'h[15,2]'               -10.5652
441    'h[15,3]'               -10.0171
442    'h[16,1]'                -8.37913
443    'h[16,2]'               -10.6307
444    'h[16,3]'               -10.1057
445    'h[17,1]'                -8.46892
446    'h[17,2]'               -10.7038
447    'h[17,3]'               -10.2044
448    'h[18,1]'                -8.49592
449    'h[18,2]'               -10.7258
450    'h[18,3]'               -10.234
451    'h[19,1]'                -8.53764
452    'h[19,2]'               -10.7599
453    'h[19,3]'               -10.2799
454    'h[20,1]'                -8.43832
455    'h[20,2]'               -10.6788
456    'h[20,3]'               -10.1707
457    'h[21,1]'                -8.44989
458    'h[21,2]'               -10.6882
459    'h[21,3]'               -10.1835
460    'h[22,1]'                -8.41069
461    'h[22,2]'               -10.6563
462    'h[22,3]'               -10.1404
463    'h[23,1]'                -8.64022
464    'h[23,2]'               -10.8439
465    'h[23,3]'               -10.3927
466    'h[24,1]'                -8.46413
467    'h[24,2]'               -10.6999
468    'h[24,3]'               -10.1991
469    'h[25,1]'                -8.51584
470    'h[25,2]'               -10.742
471    'h[25,3]'               -10.2559
472    'h[26,1]'                -8.43908
473    'h[26,2]'               -10.6794
474    'h[26,3]'               -10.1716
475    'h[27,1]'                -8.46041
476    'h[27,2]'               -10.6968
477    'h[27,3]'               -10.195
478    'h[28,1]'                -8.45572
479    'h[28,2]'               -10.693
480    'h[28,3]'               -10.1899
481    'h[29,1]'                -8.45501
482    'h[29,2]'               -10.6924
483    'h[29,3]'               -10.1891
484    'h[30,1]'                -8.46044
485    'h[30,2]'               -10.6968
486    'h[30,3]'               -10.1951
487    'hF[1]'                  -8.4898
488    'hF[2]'                 -10.7208
489    'hF[3]'                 -10.2273
490    'tauGamma[1,1,1]'     1e-06
491    'tauGamma[1,1,2]'        -0.360464
492    'tauGamma[1,1,3]'     1e-06
493    'tauGamma[1,2,1]'         0.378532
494    'tauGamma[1,2,2]'     1e-06
495    'tauGamma[1,2,3]'         0.292818
496    'tauGamma[1,3,1]'     1e-06
497    'tauGamma[1,3,2]'        -0.298299
498    'tauGamma[1,3,3]'     1e-06
499    'tauGamma[2,1,1]'     1e-06
500    'tauGamma[2,1,2]'        -0.356384
501    'tauGamma[2,1,3]'     1e-06
502    'tauGamma[2,2,1]'         0.374247
503    'tauGamma[2,2,2]'     1e-06
504    'tauGamma[2,2,3]'         0.342536
505    'tauGamma[2,3,1]'     1e-06
506    'tauGamma[2,3,2]'        -0.365314
507    'tauGamma[2,3,3]'     1e-06
508    'tauGamma[3,1,1]'     1e-06
509    'tauGamma[3,1,2]'        -0.351804
510    'tauGamma[3,1,3]'     1e-06
511    'tauGamma[3,2,1]'         0.369438
512    'tauGamma[3,2,2]'     1e-06
513    'tauGamma[3,2,3]'         0.39834
514    'tauGamma[3,3,1]'     1e-06
515    'tauGamma[3,3,2]'        -0.440534
516    'tauGamma[3,3,3]'     1e-06
517    'tauGamma[4,1,1]'     1e-06
518    'tauGamma[4,1,2]'        -0.347663
519    'tauGamma[4,1,3]'     1e-06
520    'tauGamma[4,2,1]'         0.365089
521    'tauGamma[4,2,2]'     1e-06
522    'tauGamma[4,2,3]'         0.448801
523    'tauGamma[4,3,1]'     1e-06
524    'tauGamma[4,3,2]'        -0.50855
525    'tauGamma[4,3,3]'     1e-06
526    'tauGamma[5,1,1]'     1e-06
527    'tauGamma[5,1,2]'        -0.352615
528    'tauGamma[5,1,3]'     1e-06
529    'tauGamma[5,2,1]'         0.370289
530    'tauGamma[5,2,2]'     1e-06
531    'tauGamma[5,2,3]'         0.38846
532    'tauGamma[5,3,1]'     1e-06
533    'tauGamma[5,3,2]'        -0.427216
534    'tauGamma[5,3,3]'     1e-06
535    'tauGamma[6,1,1]'     1e-06
536    'tauGamma[6,1,2]'        -0.358962
537    'tauGamma[6,1,3]'     1e-06
538    'tauGamma[6,2,1]'         0.376955
539    'tauGamma[6,2,2]'     1e-06
540    'tauGamma[6,2,3]'         0.311118
541    'tauGamma[6,3,1]'     1e-06
542    'tauGamma[6,3,2]'        -0.322965
543    'tauGamma[6,3,3]'     1e-06
544    'tauGamma[7,1,1]'     1e-06
545    'tauGamma[7,1,2]'        -0.367668
546    'tauGamma[7,1,3]'     1e-06
547    'tauGamma[7,2,1]'         0.386097
548    'tauGamma[7,2,2]'     1e-06
549    'tauGamma[7,2,3]'         0.205039
550    'tauGamma[7,3,1]'     1e-06
551    'tauGamma[7,3,2]'        -0.17998
552    'tauGamma[7,3,3]'     1e-06
553    'tauGamma[8,1,1]'     1e-06
554    'tauGamma[8,1,2]'        -0.374383
555    'tauGamma[8,1,3]'     1e-06
556    'tauGamma[8,2,1]'         0.393149
557    'tauGamma[8,2,2]'     1e-06
558    'tauGamma[8,2,3]'         0.123209
559    'tauGamma[8,3,1]'     1e-06
560    'tauGamma[8,3,2]'        -0.0696815
561    'tauGamma[8,3,3]'     1e-06
562    'tauGamma[9,1,1]'     1e-06
563    'tauGamma[9,1,2]'        -0.37811
564    'tauGamma[9,1,3]'     1e-06
565    'tauGamma[9,2,1]'         0.397062
566    'tauGamma[9,2,2]'     1e-06
567    'tauGamma[9,2,3]'         0.0778025
568    'tauGamma[9,3,1]'     1e-06
569    'tauGamma[9,3,2]'        -0.00847763
570    'tauGamma[9,3,3]'     1e-06
571    'tauGamma[10,1,1]'    1e-06
572    'tauGamma[10,1,2]'       -0.380834
573    'tauGamma[10,1,3]'    1e-06
574    'tauGamma[10,2,1]'        0.399923
575    'tauGamma[10,2,2]'    1e-06
576    'tauGamma[10,2,3]'        0.0446031
577    'tauGamma[10,3,1]'    1e-06
578    'tauGamma[10,3,2]'        0.0362722
579    'tauGamma[10,3,3]'    1e-06
580    'tauGamma[11,1,1]'    1e-06
581    'tauGamma[11,1,2]'       -0.382945
582    'tauGamma[11,1,3]'    1e-06
583    'tauGamma[11,2,1]'        0.402139
584    'tauGamma[11,2,2]'    1e-06
585    'tauGamma[11,2,3]'        0.0188869
586    'tauGamma[11,3,1]'    1e-06
587    'tauGamma[11,3,2]'        0.0709353
588    'tauGamma[11,3,3]'    1e-06
589    'tauGamma[12,1,1]'    1e-06
590    'tauGamma[12,1,2]'       -0.385721
591    'tauGamma[12,1,3]'    1e-06
592    'tauGamma[12,2,1]'        0.405055
593    'tauGamma[12,2,2]'    1e-06
594    'tauGamma[12,2,3]'       -0.0149418
595    'tauGamma[12,3,1]'    1e-06
596    'tauGamma[12,3,2]'        0.116533
597    'tauGamma[12,3,3]'    1e-06
598    'tauGamma[13,1,1]'    1e-06
599    'tauGamma[13,1,2]'       -0.384043
600    'tauGamma[13,1,3]'    1e-06
601    'tauGamma[13,2,1]'        0.403292
602    'tauGamma[13,2,2]'    1e-06
603    'tauGamma[13,2,3]'        0.00550558
604    'tauGamma[13,3,1]'    1e-06
605    'tauGamma[13,3,2]'        0.0889721
606    'tauGamma[13,3,3]'    1e-06
607    'tauGamma[14,1,1]'    1e-06
608    'tauGamma[14,1,2]'       -0.381955
609    'tauGamma[14,1,3]'    1e-06
610    'tauGamma[14,2,1]'        0.4011
611    'tauGamma[14,2,2]'    1e-06
612    'tauGamma[14,2,3]'        0.0309492
613    'tauGamma[14,3,1]'    1e-06
614    'tauGamma[14,3,2]'        0.0546764
615    'tauGamma[14,3,3]'    1e-06
616    'tauGamma[15,1,1]'    1e-06
617    'tauGamma[15,1,2]'       -0.381968
618    'tauGamma[15,1,3]'    1e-06
619    'tauGamma[15,2,1]'        0.401114
620    'tauGamma[15,2,2]'    1e-06
621    'tauGamma[15,2,3]'        0.0307812
622    'tauGamma[15,3,1]'    1e-06
623    'tauGamma[15,3,2]'        0.0549028
624    'tauGamma[15,3,3]'    1e-06
625    'tauGamma[16,1,1]'    1e-06
626    'tauGamma[16,1,2]'       -0.383358
627    'tauGamma[16,1,3]'    1e-06
628    'tauGamma[16,2,1]'        0.402573
629    'tauGamma[16,2,2]'    1e-06
630    'tauGamma[16,2,3]'        0.0138497
631    'tauGamma[16,3,1]'    1e-06
632    'tauGamma[16,3,2]'        0.077725
633    'tauGamma[16,3,3]'    1e-06
634    'tauGamma[17,1,1]'    1e-06
635    'tauGamma[17,1,2]'       -0.384923
636    'tauGamma[17,1,3]'    1e-06
637    'tauGamma[17,2,1]'        0.404217
638    'tauGamma[17,2,2]'    1e-06
639    'tauGamma[17,2,3]'       -0.00521977
640    'tauGamma[17,3,1]'    1e-06
641    'tauGamma[17,3,2]'        0.103429
642    'tauGamma[17,3,3]'    1e-06
643    'tauGamma[18,1,1]'    1e-06
644    'tauGamma[18,1,2]'       -0.385397
645    'tauGamma[18,1,3]'    1e-06
646    'tauGamma[18,2,1]'        0.404715
647    'tauGamma[18,2,2]'    1e-06
648    'tauGamma[18,2,3]'       -0.0110023
649    'tauGamma[18,3,1]'    1e-06
650    'tauGamma[18,3,2]'        0.111223
651    'tauGamma[18,3,3]'    1e-06
652    'tauGamma[19,1,1]'    1e-06
653    'tauGamma[19,1,2]'       -0.386134
654    'tauGamma[19,1,3]'    1e-06
655    'tauGamma[19,2,1]'        0.405489
656    'tauGamma[19,2,2]'    1e-06
657    'tauGamma[19,2,3]'       -0.0199828
658    'tauGamma[19,3,1]'    1e-06
659    'tauGamma[19,3,2]'        0.123328
660    'tauGamma[19,3,3]'    1e-06
661    'tauGamma[20,1,1]'    1e-06
662    'tauGamma[20,1,2]'       -0.384387
663    'tauGamma[20,1,3]'    1e-06
664    'tauGamma[20,2,1]'        0.403654
665    'tauGamma[20,2,2]'    1e-06
666    'tauGamma[20,2,3]'        0.00130851
667    'tauGamma[20,3,1]'    1e-06
668    'tauGamma[20,3,2]'        0.0946294
669    'tauGamma[20,3,3]'    1e-06
670    'tauGamma[21,1,1]'    1e-06
671    'tauGamma[21,1,2]'       -0.384589
672    'tauGamma[21,1,3]'    1e-06
673    'tauGamma[21,2,1]'        0.403867
674    'tauGamma[21,2,2]'    1e-06
675    'tauGamma[21,2,3]'       -0.00115659
676    'tauGamma[21,3,1]'    1e-06
677    'tauGamma[21,3,2]'        0.0979521
678    'tauGamma[21,3,3]'    1e-06
679    'tauGamma[22,1,1]'    1e-06
680    'tauGamma[22,1,2]'       -0.383906
681    'tauGamma[22,1,3]'    1e-06
682    'tauGamma[22,2,1]'        0.403149
683    'tauGamma[22,2,2]'    1e-06
684    'tauGamma[22,2,3]'        0.00717512
685    'tauGamma[22,3,1]'    1e-06
686    'tauGamma[22,3,2]'        0.0867217
687    'tauGamma[22,3,3]'    1e-06
688    'tauGamma[23,1,1]'    1e-06
689    'tauGamma[23,1,2]'       -0.387966
690    'tauGamma[23,1,3]'    1e-06
691    'tauGamma[23,2,1]'        0.407412
692    'tauGamma[23,2,2]'    1e-06
693    'tauGamma[23,2,3]'       -0.0423015
694    'tauGamma[23,3,1]'    1e-06
695    'tauGamma[23,3,2]'        0.153412
696    'tauGamma[23,3,3]'    1e-06
697    'tauGamma[24,1,1]'    1e-06
698    'tauGamma[24,1,2]'       -0.384839
699    'tauGamma[24,1,3]'    1e-06
700    'tauGamma[24,2,1]'        0.404128
701    'tauGamma[24,2,2]'    1e-06
702    'tauGamma[24,2,3]'       -0.00419588
703    'tauGamma[24,3,1]'    1e-06
704    'tauGamma[24,3,2]'        0.102049
705    'tauGamma[24,3,3]'    1e-06
706    'tauGamma[25,1,1]'    1e-06
707    'tauGamma[25,1,2]'       -0.385749
708    'tauGamma[25,1,3]'    1e-06
709    'tauGamma[25,2,1]'        0.405084
710    'tauGamma[25,2,2]'    1e-06
711    'tauGamma[25,2,3]'       -0.0152833
712    'tauGamma[25,3,1]'    1e-06
713    'tauGamma[25,3,2]'        0.116994
714    'tauGamma[25,3,3]'    1e-06
715    'tauGamma[26,1,1]'    1e-06
716    'tauGamma[26,1,2]'       -0.384401
717    'tauGamma[26,1,3]'    1e-06
718    'tauGamma[26,2,1]'        0.403668
719    'tauGamma[26,2,2]'    1e-06
720    'tauGamma[26,2,3]'        0.00114604
721    'tauGamma[26,3,1]'    1e-06
722    'tauGamma[26,3,2]'        0.0948484
723    'tauGamma[26,3,3]'    1e-06
724    'tauGamma[27,1,1]'    1e-06
725    'tauGamma[27,1,2]'       -0.384774
726    'tauGamma[27,1,3]'    1e-06
727    'tauGamma[27,2,1]'        0.40406
728    'tauGamma[27,2,2]'    1e-06
729    'tauGamma[27,2,3]'       -0.00340027
730    'tauGamma[27,3,1]'    1e-06
731    'tauGamma[27,3,2]'        0.100976
732    'tauGamma[27,3,3]'    1e-06
733    'tauGamma[28,1,1]'    1e-06
734    'tauGamma[28,1,2]'       -0.384691
735    'tauGamma[28,1,3]'    1e-06
736    'tauGamma[28,2,1]'        0.403974
737    'tauGamma[28,2,2]'    1e-06
738    'tauGamma[28,2,3]'       -0.00239958
739    'tauGamma[28,3,1]'    1e-06
740    'tauGamma[28,3,2]'        0.0996276
741    'tauGamma[28,3,3]'    1e-06
742    'tauGamma[29,1,1]'    1e-06
743    'tauGamma[29,1,2]'       -0.384679
744    'tauGamma[29,1,3]'    1e-06
745    'tauGamma[29,2,1]'        0.403961
746    'tauGamma[29,2,2]'    1e-06
747    'tauGamma[29,2,3]'       -0.00224758
748    'tauGamma[29,3,1]'    1e-06
749    'tauGamma[29,3,2]'        0.0994227
750    'tauGamma[29,3,3]'    1e-06
751    'tauGamma[30,1,1]'    1e-06
752    'tauGamma[30,1,2]'       -0.384774
753    'tauGamma[30,1,3]'    1e-06
754    'tauGamma[30,2,1]'        0.40406
755    'tauGamma[30,2,2]'    1e-06
756    'tauGamma[30,2,3]'       -0.00340682
757    'tauGamma[30,3,1]'    1e-06
758    'tauGamma[30,3,2]'        0.100985
759    'tauGamma[30,3,3]'    1e-06
760    'PGamma[1,1,1]'           1
761    'PGamma[1,1,2]'           1.1142
762    'PGamma[1,1,3]'           1
763    'PGamma[1,2,1]'           0.892651
764    'PGamma[1,2,2]'           1
765    'PGamma[1,2,3]'           0.943118
766    'PGamma[1,3,1]'           1
767    'PGamma[1,3,2]'           1.06148
768    'PGamma[1,3,3]'           1
769    'PGamma[2,1,1]'           1
770    'PGamma[2,1,2]'           1.11284
771    'PGamma[2,1,3]'           1
772    'PGamma[2,2,1]'           0.893799
773    'PGamma[2,2,2]'           1
774    'PGamma[2,2,3]'           0.933787
775    'PGamma[2,3,1]'           1
776    'PGamma[2,3,2]'           1.0758
777    'PGamma[2,3,3]'           1
778    'PGamma[3,1,1]'           1
779    'PGamma[3,1,2]'           1.11131
780    'PGamma[3,1,3]'           1
781    'PGamma[3,2,1]'           0.89509
782    'PGamma[3,2,2]'           1
783    'PGamma[3,2,3]'           0.923423
784    'PGamma[3,3,1]'           1
785    'PGamma[3,3,2]'           1.0921
786    'PGamma[3,3,3]'           1
787    'PGamma[4,1,1]'           1
788    'PGamma[4,1,2]'           1.10993
789    'PGamma[4,1,3]'           1
790    'PGamma[4,2,1]'           0.896258
791    'PGamma[4,2,2]'           1
792    'PGamma[4,2,3]'           0.91415
793    'PGamma[4,3,1]'           1
794    'PGamma[4,3,2]'           1.10706
795    'PGamma[4,3,3]'           1
796    'PGamma[5,1,1]'           1
797    'PGamma[5,1,2]'           1.11158
798    'PGamma[5,1,3]'           1
799    'PGamma[5,2,1]'           0.894861
800    'PGamma[5,2,2]'           1
801    'PGamma[5,2,3]'           0.925249
802    'PGamma[5,3,1]'           1
803    'PGamma[5,3,2]'           1.0892
804    'PGamma[5,3,3]'           1
805    'PGamma[6,1,1]'           1
806    'PGamma[6,1,2]'           1.1137
807    'PGamma[6,1,3]'           1
808    'PGamma[6,2,1]'           0.893074
809    'PGamma[6,2,2]'           1
810    'PGamma[6,2,3]'           0.939673
811    'PGamma[6,3,1]'           1
812    'PGamma[6,3,2]'           1.06672
813    'PGamma[6,3,3]'           1
814    'PGamma[7,1,1]'           1
815    'PGamma[7,1,2]'           1.11661
816    'PGamma[7,1,3]'           1
817    'PGamma[7,2,1]'           0.890628
818    'PGamma[7,2,2]'           1
819    'PGamma[7,2,3]'           0.959822
820    'PGamma[7,3,1]'           1
821    'PGamma[7,3,2]'           1.03665
822    'PGamma[7,3,3]'           1
823    'PGamma[8,1,1]'           1
824    'PGamma[8,1,2]'           1.11887
825    'PGamma[8,1,3]'           1
826    'PGamma[8,2,1]'           0.888745
827    'PGamma[8,2,2]'           1
828    'PGamma[8,2,3]'           0.975659
829    'PGamma[8,3,1]'           1
830    'PGamma[8,3,2]'           1.01403
831    'PGamma[8,3,3]'           1
832    'PGamma[9,1,1]'           1
833    'PGamma[9,1,2]'           1.12012
834    'PGamma[9,1,3]'           1
835    'PGamma[9,2,1]'           0.887703
836    'PGamma[9,2,2]'           1
837    'PGamma[9,2,3]'           0.98456
838    'PGamma[9,3,1]'           1
839    'PGamma[9,3,2]'           1.0017
840    'PGamma[9,3,3]'           1
841    'PGamma[10,1,1]'          1
842    'PGamma[10,1,2]'          1.12103
843    'PGamma[10,1,3]'          1
844    'PGamma[10,2,1]'          0.886941
845    'PGamma[10,2,2]'          1
846    'PGamma[10,2,3]'          0.991119
847    'PGamma[10,3,1]'          1
848    'PGamma[10,3,2]'          0.992772
849    'PGamma[10,3,3]'          1
850    'PGamma[11,1,1]'          1
851    'PGamma[11,1,2]'          1.12174
852    'PGamma[11,1,3]'          1
853    'PGamma[11,2,1]'          0.886351
854    'PGamma[11,2,2]'          1
855    'PGamma[11,2,3]'          0.99623
856    'PGamma[11,3,1]'          1
857    'PGamma[11,3,2]'          0.985913
858    'PGamma[11,3,3]'          1
859    'PGamma[12,1,1]'          1
860    'PGamma[12,1,2]'          1.12268
861    'PGamma[12,1,3]'          1
862    'PGamma[12,2,1]'          0.885577
863    'PGamma[12,2,2]'          1
864    'PGamma[12,2,3]'          1.00299
865    'PGamma[12,3,1]'          1
866    'PGamma[12,3,2]'          0.976963
867    'PGamma[12,3,3]'          1
868    'PGamma[13,1,1]'          1
869    'PGamma[13,1,2]'          1.12211
870    'PGamma[13,1,3]'          1
871    'PGamma[13,2,1]'          0.886045
872    'PGamma[13,2,2]'          1
873    'PGamma[13,2,3]'          0.998899
874    'PGamma[13,3,1]'          1
875    'PGamma[13,3,2]'          0.982363
876    'PGamma[13,3,3]'          1
877    'PGamma[14,1,1]'          1
878    'PGamma[14,1,2]'          1.12141
879    'PGamma[14,1,3]'          1
880    'PGamma[14,2,1]'          0.886628
881    'PGamma[14,2,2]'          1
882    'PGamma[14,2,3]'          0.993829
883    'PGamma[14,3,1]'          1
884    'PGamma[14,3,2]'          0.989124
885    'PGamma[14,3,3]'          1
886    'PGamma[15,1,1]'          1
887    'PGamma[15,1,2]'          1.12141
888    'PGamma[15,1,3]'          1
889    'PGamma[15,2,1]'          0.886624
890    'PGamma[15,2,2]'          1
891    'PGamma[15,2,3]'          0.993863
892    'PGamma[15,3,1]'          1
893    'PGamma[15,3,2]'          0.989079
894    'PGamma[15,3,3]'          1
895    'PGamma[16,1,1]'          1
896    'PGamma[16,1,2]'          1.12188
897    'PGamma[16,1,3]'          1
898    'PGamma[16,2,1]'          0.886236
899    'PGamma[16,2,2]'          1
900    'PGamma[16,2,3]'          0.997234
901    'PGamma[16,3,1]'          1
902    'PGamma[16,3,2]'          0.984575
903    'PGamma[16,3,3]'          1
904    'PGamma[17,1,1]'          1
905    'PGamma[17,1,2]'          1.12241
906    'PGamma[17,1,3]'          1
907    'PGamma[17,2,1]'          0.885799
908    'PGamma[17,2,2]'          1
909    'PGamma[17,2,3]'          1.00104
910    'PGamma[17,3,1]'          1
911    'PGamma[17,3,2]'          0.979527
912    'PGamma[17,3,3]'          1
913    'PGamma[18,1,1]'          1
914    'PGamma[18,1,2]'          1.12257
915    'PGamma[18,1,3]'          1
916    'PGamma[18,2,1]'          0.885667
917    'PGamma[18,2,2]'          1
918    'PGamma[18,2,3]'          1.0022
919    'PGamma[18,3,1]'          1
920    'PGamma[18,3,2]'          0.978001
921    'PGamma[18,3,3]'          1
922    'PGamma[19,1,1]'          1
923    'PGamma[19,1,2]'          1.12282
924    'PGamma[19,1,3]'          1
925    'PGamma[19,2,1]'          0.885461
926    'PGamma[19,2,2]'          1
927    'PGamma[19,2,3]'          1.004
928    'PGamma[19,3,1]'          1
929    'PGamma[19,3,2]'          0.975636
930    'PGamma[19,3,3]'          1
931    'PGamma[20,1,1]'          1
932    'PGamma[20,1,2]'          1.12223
933    'PGamma[20,1,3]'          1
934    'PGamma[20,2,1]'          0.885949
935    'PGamma[20,2,2]'          1
936    'PGamma[20,2,3]'          0.999738
937    'PGamma[20,3,1]'          1
938    'PGamma[20,3,2]'          0.981252
939    'PGamma[20,3,3]'          1
940    'PGamma[21,1,1]'          1
941    'PGamma[21,1,2]'          1.1223
942    'PGamma[21,1,3]'          1
943    'PGamma[21,2,1]'          0.885892
944    'PGamma[21,2,2]'          1
945    'PGamma[21,2,3]'          1.00023
946    'PGamma[21,3,1]'          1
947    'PGamma[21,3,2]'          0.9806
948    'PGamma[21,3,3]'          1
949    'PGamma[22,1,1]'          1
950    'PGamma[22,1,2]'          1.12207
951    'PGamma[22,1,3]'          1
952    'PGamma[22,2,1]'          0.886083
953    'PGamma[22,2,2]'          1
954    'PGamma[22,2,3]'          0.998566
955    'PGamma[22,3,1]'          1
956    'PGamma[22,3,2]'          0.982805
957    'PGamma[22,3,3]'          1
958    'PGamma[23,1,1]'          1
959    'PGamma[23,1,2]'          1.12343
960    'PGamma[23,1,3]'          1
961    'PGamma[23,2,1]'          0.88495
962    'PGamma[23,2,2]'          1
963    'PGamma[23,2,3]'          1.0085
964    'PGamma[23,3,1]'          1
965    'PGamma[23,3,2]'          0.969784
966    'PGamma[23,3,3]'          1
967    'PGamma[24,1,1]'          1
968    'PGamma[24,1,2]'          1.12238
969    'PGamma[24,1,3]'          1
970    'PGamma[24,2,1]'          0.885823
971    'PGamma[24,2,2]'          1
972    'PGamma[24,2,3]'          1.00084
973    'PGamma[24,3,1]'          1
974    'PGamma[24,3,2]'          0.979797
975    'PGamma[24,3,3]'          1
976    'PGamma[25,1,1]'          1
977    'PGamma[25,1,2]'          1.12269
978    'PGamma[25,1,3]'          1
979    'PGamma[25,2,1]'          0.885569
980    'PGamma[25,2,2]'          1
981    'PGamma[25,2,3]'          1.00306
982    'PGamma[25,3,1]'          1
983    'PGamma[25,3,2]'          0.976873
984    'PGamma[25,3,3]'          1
985    'PGamma[26,1,1]'          1
986    'PGamma[26,1,2]'          1.12223
987    'PGamma[26,1,3]'          1
988    'PGamma[26,2,1]'          0.885945
989    'PGamma[26,2,2]'          1
990    'PGamma[26,2,3]'          0.999771
991    'PGamma[26,3,1]'          1
992    'PGamma[26,3,2]'          0.981209
993    'PGamma[26,3,3]'          1
994    'PGamma[27,1,1]'          1
995    'PGamma[27,1,2]'          1.12236
996    'PGamma[27,1,3]'          1
997    'PGamma[27,2,1]'          0.885841
998    'PGamma[27,2,2]'          1
999    'PGamma[27,2,3]'          1.00068
1000   'PGamma[27,3,1]'          1
1001   'PGamma[27,3,2]'          0.980007
1002   'PGamma[27,3,3]'          1
1003   'PGamma[28,1,1]'          1
1004   'PGamma[28,1,2]'          1.12233
1005   'PGamma[28,1,3]'          1
1006   'PGamma[28,2,1]'          0.885864
1007   'PGamma[28,2,2]'          1
1008   'PGamma[28,2,3]'          1.00048
1009   'PGamma[28,3,1]'          1
1010   'PGamma[28,3,2]'          0.980272
1011   'PGamma[28,3,3]'          1
1012   'PGamma[29,1,1]'          1
1013   'PGamma[29,1,2]'          1.12233
1014   'PGamma[29,1,3]'          1
1015   'PGamma[29,2,1]'          0.885867
1016   'PGamma[29,2,2]'          1
1017   'PGamma[29,2,3]'          1.00045
1018   'PGamma[29,3,1]'          1
1019   'PGamma[29,3,2]'          0.980312
1020   'PGamma[29,3,3]'          1
1021   'PGamma[30,1,1]'          1
1022   'PGamma[30,1,2]'          1.12236
1023   'PGamma[30,1,3]'          1
1024   'PGamma[30,2,1]'          0.885841
1025   'PGamma[30,2,2]'          1
1026   'PGamma[30,2,3]'          1.00068
1027   'PGamma[30,3,1]'          1
1028   'PGamma[30,3,2]'          0.980006
1029   'PGamma[30,3,3]'          1
1030   'SGamma1[1,1]'            0.0885812
1031   'SGamma1[1,2]'           -0.234212
1032   'SGamma1[1,3]'            0.0723973
1033   'SGamma1[2,1]'            0.196121
1034   'SGamma1[2,2]'           -0.162582
1035   'SGamma1[2,3]'            0.187534
1036   'SGamma1[3,1]'            0.330874
1037   'SGamma1[3,2]'            0.000283593
1038   'SGamma1[3,3]'            0.368053
1039   'SGamma1[4,1]'            0.242639
1040   'SGamma1[4,2]'           -0.145514
1041   'SGamma1[4,3]'            0.304229
1042   'SGamma1[5,1]'            0.0446481
1043   'SGamma1[5,2]'           -0.402605
1044   'SGamma1[5,3]'            0.0484296
1045   'SGamma1[6,1]'            0.13374
1046   'SGamma1[6,2]'           -0.207839
1047   'SGamma1[6,3]'            0.116141
1048   'SGamma1[7,1]'            0.371685
1049   'SGamma1[7,2]'            0.0150649
1050   'SGamma1[7,3]'            0.212721
1051   'SGamma1[8,1]'            0.405568
1052   'SGamma1[8,2]'            0.0109624
1053   'SGamma1[8,3]'            0.139531
1054   'SGamma1[9,1]'            0.346553
1055   'SGamma1[9,2]'           -0.00276762
1056   'SGamma1[9,3]'            0.0753148
1057   'SGamma1[10,1]'           0.4945
1058   'SGamma1[10,2]'          -0.0271477
1059   'SGamma1[10,3]'           0.0616288
1060   'SGamma1[11,1]'           0.44373
1061   'SGamma1[11,2]'          -0.0637219
1062   'SGamma1[11,3]'           0.0234236
1063   'SGamma1[12,1]'           0.371265
1064   'SGamma1[12,2]'          -0.118279
1065   'SGamma1[12,3]'          -0.0155112
1066   'SGamma1[13,1]'           0.296965
1067   'SGamma1[13,2]'          -0.0924298
1068   'SGamma1[13,3]'           0.00457056
1069   'SGamma1[14,1]'           0.225773
1070   'SGamma1[14,2]'          -0.0742443
1071   'SGamma1[14,3]'           0.0195275
1072   'SGamma1[15,1]'           0.184301
1073   'SGamma1[15,2]'          -0.0650825
1074   'SGamma1[15,3]'           0.0158542
1075   'SGamma1[16,1]'           0.215251
1076   'SGamma1[16,2]'          -0.0780876
1077   'SGamma1[16,3]'           0.00833313
1078   'SGamma1[17,1]'           0.230011
1079   'SGamma1[17,2]'          -0.101057
1080   'SGamma1[17,3]'          -0.00335627
1081   'SGamma1[18,1]'           0.226782
1082   'SGamma1[18,2]'          -0.1049
1083   'SGamma1[18,3]'          -0.00697597
1084   'SGamma1[19,1]'           0.185098
1085   'SGamma1[19,2]'          -0.103351
1086   'SGamma1[19,3]'          -0.0103425
1087   'SGamma1[20,1]'           0.21627
1088   'SGamma1[20,2]'          -0.0924869
1089   'SGamma1[20,3]'           0.000791512
1090   'SGamma1[21,1]'           0.216085
1091   'SGamma1[21,2]'          -0.0959561
1092   'SGamma1[21,3]'          -0.000698294
1093   'SGamma1[22,1]'           0.25344
1094   'SGamma1[22,2]'          -0.0888707
1095   'SGamma1[22,3]'           0.00508353
1096   'SGamma1[23,1]'           0.205018
1097   'SGamma1[23,2]'          -0.143742
1098   'SGamma1[23,3]'          -0.0242582
1099   'SGamma1[24,1]'           0.252374
1100   'SGamma1[24,2]'          -0.101328
1101   'SGamma1[24,3]'          -0.00296021
1102   'SGamma1[25,1]'           0.210837
1103   'SGamma1[25,2]'          -0.114342
1104   'SGamma1[25,3]'          -0.00900952
1105   'SGamma1[26,1]'           0.217384
1106   'SGamma1[26,2]'          -0.0928427
1107   'SGamma1[26,3]'           0.000696848
1108   'SGamma1[27,1]'           0.218469
1109   'SGamma1[27,2]'          -0.0972372
1110   'SGamma1[27,3]'          -0.00207642
1111   'SGamma1[28,1]'           0.217661
1112   'SGamma1[28,2]'          -0.0960925
1113   'SGamma1[28,3]'          -0.00145977
1114   'SGamma1[29,1]'           0.217567
1115   'SGamma1[29,2]'          -0.0959536
1116   'SGamma1[29,3]'          -0.00136669
1117   'SGamma1[30,1]'           0.235832
1118   'SGamma1[30,2]'          -0.0977043
1119   'SGamma1[30,3]'          -0.00224584
1120   'SGamma2[1,1]'            0.971858
1121   'SGamma2[1,2]'            1.04572
1122   'SGamma2[1,3]'            0.985088
1123   'SGamma2[2,1]'            0.937734
1124   'SGamma2[2,2]'            1.03136
1125   'SGamma2[2,3]'            0.961179
1126   'SGamma2[3,1]'            0.895028
1127   'SGamma2[3,2]'            0.999946
1128   'SGamma2[3,3]'            0.923378
1129   'SGamma2[4,1]'            0.923072
1130   'SGamma2[4,2]'            1.02767
1131   'SGamma2[4,3]'            0.93634
1132   'SGamma2[5,1]'            0.985834
1133   'SGamma2[5,2]'            1.07719
1134   'SGamma2[5,3]'            0.989928
1135   'SGamma2[6,1]'            0.957522
1136   'SGamma2[6,2]'            1.04038
1137   'SGamma2[6,3]'            0.976034
1138   'SGamma2[7,1]'            0.88178
1139   'SGamma2[7,2]'            0.997046
1140   'SGamma2[7,3]'            0.956571
1141   'SGamma2[8,1]'            0.870864
1142   'SGamma2[8,2]'            0.997863
1143   'SGamma2[8,3]'            0.971747
1144   'SGamma2[9,1]'            0.889588
1145   'SGamma2[9,2]'            1.00078
1146   'SGamma2[9,3]'            0.984819
1147   'SGamma2[10,1]'           0.842384
1148   'SGamma2[10,2]'           1.00644
1149   'SGamma2[10,3]'           0.987619
1150   'SGamma2[11,1]'           0.858518
1151   'SGamma2[11,2]'           1.01612
1152   'SGamma2[11,3]'           0.995306
1153   'SGamma2[12,1]'           0.881571
1154   'SGamma2[12,2]'           1.03126
1155   'SGamma2[12,3]'           1.0031
1156   'SGamma2[13,1]'           0.905297
1157   'SGamma2[13,2]'           1.02592
1158   'SGamma2[13,3]'           0.999085
1159   'SGamma2[14,1]'           0.928025
1160   'SGamma2[14,2]'           1.0218
1161   'SGamma2[14,3]'           0.996082
1162   'SGamma2[15,1]'           0.941246
1163   'SGamma2[15,2]'           1.01976
1164   'SGamma2[15,3]'           0.996819
1165   'SGamma2[16,1]'           0.931364
1166   'SGamma2[16,2]'           1.02327
1167   'SGamma2[16,3]'           0.998331
1168   'SGamma2[17,1]'           0.926639
1169   'SGamma2[17,2]'           1.02946
1170   'SGamma2[17,3]'           1.00067
1171   'SGamma2[18,1]'           0.927663
1172   'SGamma2[18,2]'           1.0306
1173   'SGamma2[18,3]'           1.00139
1174   'SGamma2[19,1]'           0.940952
1175   'SGamma2[19,2]'           1.03115
1176   'SGamma2[19,3]'           1.00206
1177   'SGamma2[20,1]'           0.931027
1178   'SGamma2[20,2]'           1.02733
1179   'SGamma2[20,3]'           0.999842
1180   'SGamma2[21,1]'           0.931084
1181   'SGamma2[21,2]'           1.0283
1182   'SGamma2[21,3]'           1.00014
1183   'SGamma2[22,1]'           0.919179
1184   'SGamma2[22,2]'           1.02567
1185   'SGamma2[22,3]'           0.998983
1186   'SGamma2[23,1]'           0.934578
1187   'SGamma2[23,2]'           1.04161
1188   'SGamma2[23,3]'           1.00483
1189   'SGamma2[24,1]'           0.919507
1190   'SGamma2[24,2]'           1.02911
1191   'SGamma2[24,3]'           1.00059
1192   'SGamma2[25,1]'           0.932745
1193   'SGamma2[25,2]'           1.03348
1194   'SGamma2[25,3]'           1.0018
1195   'SGamma2[26,1]'           0.930672
1196   'SGamma2[26,2]'           1.02741
1197   'SGamma2[26,3]'           0.999861
1198   'SGamma2[27,1]'           0.930322
1199   'SGamma2[27,2]'           1.02863
1200   'SGamma2[27,3]'           1.00042
1201   'SGamma2[28,1]'           0.93058
1202   'SGamma2[28,2]'           1.02832
1203   'SGamma2[28,3]'           1.00029
1204   'SGamma2[29,1]'           0.93061
1205   'SGamma2[29,2]'           1.02829
1206   'SGamma2[29,3]'           1.00027
1207   'SGamma2[30,1]'           0.924784
1208   'SGamma2[30,2]'           1.02844
1209   'SGamma2[30,3]'           1.00045
1210   'gamma[1,1]'              0.997845
1211   'gamma[1,2]'              0.987557
1212   'gamma[1,3]'              0.998537
1213   'gamma[2,1]'              0.999438
1214   'gamma[2,2]'              0.991266
1215   'gamma[2,3]'              0.984251
1216   'gamma[3,1]'              0.978635
1217   'gamma[3,2]'              1
1218   'gamma[3,3]'              0.920461
1219   'gamma[4,1]'              1.00817
1220   'gamma[4,2]'              0.991871
1221   'gamma[4,3]'              0.94374
1222   'gamma[5,1]'              1.00548
1223   'gamma[5,2]'              0.948933
1224   'gamma[5,3]'              0.99888
1225   'gamma[6,1]'              0.998413
1226   'gamma[6,2]'              0.988191
1227   'gamma[6,3]'              0.995261
1228   'gamma[7,1]'              0.977196
1229   'gamma[7,2]'              1.00014
1230   'gamma[7,3]'              1.02215
1231   'gamma[8,1]'              0.987547
1232   'gamma[8,2]'              1.00144
1233   'gamma[8,3]'              1.07438
1234   'gamma[9,1]'              0.973298
1235   'gamma[9,2]'              1.00001
1236   'gamma[9,3]'              1.06959
1237   'gamma[10,1]'             1.04572
1238   'gamma[10,2]'             1.01249
1239   'gamma[10,3]'             1.16946
1240   'gamma[11,1]'             1.029
1241   'gamma[11,2]'             1.00466
1242   'gamma[11,3]'             1.1466
1243   'gamma[12,1]'             1.01223
1244   'gamma[12,2]'             0.996919
1245   'gamma[12,3]'             1.11367
1246   'gamma[13,1]'             0.986173
1247   'gamma[13,2]'             0.998088
1248   'gamma[13,3]'             1.07499
1249   'gamma[14,1]'             0.973707
1250   'gamma[14,2]'             1.0038
1251   'gamma[14,3]'             1.04439
1252   'gamma[15,1]'             0.970931
1253   'gamma[15,2]'             1.00956
1254   'gamma[15,3]'             1.03209
1255   'gamma[16,1]'             0.973721
1256   'gamma[16,2]'             1.00462
1257   'gamma[16,3]'             1.04407
1258   'gamma[17,1]'             0.978987
1259   'gamma[17,2]'             1.00129
1260   'gamma[17,3]'             1.05259
1261   'gamma[18,1]'             0.979417
1262   'gamma[18,2]'             1.00123
1263   'gamma[18,3]'             1.05244
1264   'gamma[19,1]'             0.97745
1265   'gamma[19,2]'             1.00537
1266   'gamma[19,3]'             1.0405
1267   'gamma[20,1]'             0.97651
1268   'gamma[20,2]'             1.00324
1269   'gamma[20,3]'             1.04692
1270   'gamma[21,1]'             0.97715
1271   'gamma[21,2]'             1.00294
1272   'gamma[21,3]'             1.04735
1273   'gamma[22,1]'             0.978817
1274   'gamma[22,2]'             1.00049
1275   'gamma[22,3]'             1.05816
1276   'gamma[23,1]'             0.984525
1277   'gamma[23,2]'             0.999283
1278   'gamma[23,3]'             1.04968
1279   'gamma[24,1]'             0.981188
1280   'gamma[24,2]'             0.999651
1281   'gamma[24,3]'             1.06009
1282   'gamma[25,1]'             0.98016
1283   'gamma[25,2]'             1.00169
1284   'gamma[25,3]'             1.04816
1285   'gamma[26,1]'             0.976634
1286   'gamma[26,2]'             1.0031
1287   'gamma[26,3]'             1.0473
1288   'gamma[27,1]'             0.977495
1289   'gamma[27,2]'             1.00261
1290   'gamma[27,3]'             1.04845
1291   'gamma[28,1]'             0.977241
1292   'gamma[28,2]'             1.00279
1293   'gamma[28,3]'             1.04802
1294   'gamma[29,1]'             0.977211
1295   'gamma[29,2]'             1.00281
1296   'gamma[29,3]'             1.04796
1297   'gamma[30,1]'             0.978799
1298   'gamma[30,2]'             1.00111
1299   'gamma[30,3]'             1.05414
1300   'PrS[1,1]'           436598
1301   'PrS[1,2]'           180881
1302   'PrS[1,3]'           129087
1303   'PrS[2,1]'           499315
1304   'PrS[2,2]'           208716
1305   'PrS[2,3]'           150262
1306   'PrS[3,1]'           579886
1307   'PrS[3,2]'           244737
1308   'PrS[3,3]'           177944
1309   'PrS[4,1]'           663223
1310   'PrS[4,2]'           282265
1311   'PrS[4,3]'           207074
1312   'PrS[5,1]'           564775
1313   'PrS[5,2]'           237960
1314   'PrS[5,3]'           172714
1315   'PrS[6,1]'           458756
1316   'PrS[6,2]'           190693
1317   'PrS[6,3]'           136528
1318   'PrS[7,1]'           343752
1319   'PrS[7,2]'           140066
1320   'PrS[7,3]'            98447.3
1321   'PrS[8,1]'           274427
1322   'PrS[8,2]'           109969
1323   'PrS[8,3]'            76233
1324   'PrS[9,1]'           241956
1325   'PrS[9,2]'            96012.7
1326   'PrS[9,3]'            66064
1327   'PrS[10,1]'          220581
1328   'PrS[10,2]'           86884.1
1329   'PrS[10,3]'           59464.7
1330   'PrS[11,1]'          205281
1331   'PrS[11,2]'           80382.4
1332   'PrS[11,3]'           54791.8
1333   'PrS[12,1]'          186700
1334   'PrS[12,2]'           72526.7
1335   'PrS[12,3]'           49178.4
1336   'PrS[13,1]'          197728
1337   'PrS[13,2]'           77183.6
1338   'PrS[13,3]'           52501.6
1339   'PrS[14,1]'          212326
1340   'PrS[14,2]'           83372.7
1341   'PrS[14,3]'           56938
1342   'PrS[15,1]'          212226
1343   'PrS[15,2]'           83330.3
1344   'PrS[15,3]'           56907.6
1345   'PrS[16,1]'          202406
1346   'PrS[16,2]'           79163.8
1347   'PrS[16,3]'           53918.6
1348   'PrS[17,1]'          191868
1349   'PrS[17,2]'           74706.8
1350   'PrS[17,3]'           50732.5
1351   'PrS[18,1]'          188778
1352   'PrS[18,2]'           73402.8
1353   'PrS[18,3]'           49802.6
1354   'PrS[19,1]'          184074
1355   'PrS[19,2]'           71420.1
1356   'PrS[19,3]'           48390.7
1357   'PrS[20,1]'          195415
1358   'PrS[20,2]'           76205.3
1359   'PrS[20,3]'           51802.4
1360   'PrS[21,1]'          194068
1361   'PrS[21,2]'           75636.1
1362   'PrS[21,3]'           51395.8
1363   'PrS[22,1]'          198656
1364   'PrS[22,2]'           77576
1365   'PrS[22,3]'           52782.2
1366   'PrS[23,1]'          172866
1367   'PrS[23,2]'           66709.3
1368   'PrS[23,3]'           45046.3
1369   'PrS[24,1]'          192420
1370   'PrS[24,2]'           74940
1371   'PrS[24,3]'           50898.9
1372   'PrS[25,1]'          186521
1373   'PrS[25,2]'           72451.2
1374   'PrS[25,3]'           49124.7
1375   'PrS[26,1]'          195326
1376   'PrS[26,2]'           76167.6
1377   'PrS[26,3]'           51775.5
1378   'PrS[27,1]'          192850
1379   'PrS[27,2]'           75121.6
1380   'PrS[27,3]'           51028.5
1381   'PrS[28,1]'          193393
1382   'PrS[28,2]'           75350.7
1383   'PrS[28,3]'           51192
1384   'PrS[29,1]'          193475
1385   'PrS[29,2]'           75385.5
1386   'PrS[29,3]'           51216.9
1387   'PrS[30,1]'          192847
1388   'PrS[30,2]'           75120.1
1389   'PrS[30,3]'           51027.5
1390   'PrSF[1]'            189475
1391   'PrSF[2]'             73696.9
1392   'PrSF[3]'             50012.2
;

