solve_message = 'MINOS 5.51: infeasible problem (or bad starting guess).\
739 iterations\
Nonlin evals: constrs = 258, Jac = 258.'

:          _varname             _var          :=
1     'F[2]'                    0
2     'F[3]'                    0
3     'F[4]'                    0
4     'F[5]'                    0
5     'F[6]'                    0
6     'F[7]'                    0
7     'F[8]'                  200
8     'F[9]'                    0
9     'F[10]'                   0
10    'F[11]'                   0
11    'F[12]'                   0
12    'F[13]'                   0
13    'F[14]'                   0
14    'V[1]'                  176.606
15    'V[2]'                  176.561
16    'V[3]'                  176.422
17    'V[4]'                  176.367
18    'V[5]'                  176.469
19    'V[6]'                  176.698
20    'V[7]'                  176.976
21    'V[8]'                  177.124
22    'V[9]'                  177.433
23    'V[10]'                 177.787
24    'V[11]'                 178.213
25    'V[12]'                 178.799
26    'V[13]'                 179.772
27    'V[14]'                 181.587
28    'V[15]'                   0
29    'y[1,1]'                  0.0536838
30    'y[1,2]'                  0.598191
31    'y[1,3]'                  0.348125
32    'y[2,1]'                  0.104293
33    'y[2,2]'                  0.604754
34    'y[2,3]'                  0.290953
35    'y[3,1]'                  0.171699
36    'y[3,2]'                  0.575052
37    'y[3,3]'                  0.25325
38    'y[4,1]'                  0.250629
39    'y[4,2]'                  0.525004
40    'y[4,3]'                  0.224367
41    'y[5,1]'                  0.331287
42    'y[5,2]'                  0.468305
43    'y[5,3]'                  0.200409
44    'y[6,1]'                  0.403957
45    'y[6,2]'                  0.415364
46    'y[6,3]'                  0.18068
47    'y[7,1]'                  0.462926
48    'y[7,2]'                  0.371839
49    'y[7,3]'                  0.165235
50    'y[8,1]'                  0.507101
51    'y[8,2]'                  0.339084
52    'y[8,3]'                  0.153815
53    'y[9,1]'                  0.513379
54    'y[9,2]'                  0.36236
55    'y[9,3]'                  0.124261
56    'y[10,1]'                 0.52372
57    'y[10,2]'                 0.383672
58    'y[10,3]'                 0.0926071
59    'y[11,1]'                 0.543317
60    'y[11,2]'                 0.397265
61    'y[11,3]'                 0.0594176
62    'y[12,1]'                 0.583148
63    'y[12,2]'                 0.391484
64    'y[12,3]'                 0.0253677
65    'y[13,1]'                 0.661553
66    'y[13,2]'                 0.346112
67    'y[13,3]'                -0.00766547
68    'y[14,1]'                 0.792187
69    'y[14,2]'                 0.241201
70    'y[14,3]'                -0.0333883
71    'y[15,1]'                 0.934045
72    'y[15,2]'                 0.103099
73    'y[15,3]'                -0.0371435
74    'L[1]'                    0
75    'L[2]'                  319.092
76    'L[3]'                  319.047
77    'L[4]'                  318.908
78    'L[5]'                  318.852
79    'L[6]'                  318.954
80    'L[7]'                  319.183
81    'L[8]'                  319.462
82    'L[9]'                  119.61
83    'L[10]'                 119.919
84    'L[11]'                 120.272
85    'L[12]'                 120.699
86    'L[13]'                 121.285
87    'L[14]'                 122.257
88    'L[15]'                 124.073
89    'x[1,1]'                  0.0193948
90    'x[1,2]'                  0.534497
91    'x[1,3]'                  0.446108
92    'x[2,1]'                  0.0391488
93    'x[2,2]'                  0.569459
94    'x[2,3]'                  0.391392
95    'x[3,1]'                  0.0678745
96    'x[3,2]'                  0.572628
97    'x[3,3]'                  0.359498
98    'x[4,1]'                  0.105641
99    'x[4,2]'                  0.555815
100   'x[4,3]'                  0.338544
101   'x[5,1]'                  0.14948
102   'x[5,2]'                  0.527973
103   'x[5,3]'                  0.322548
104   'x[6,1]'                  0.194078
105   'x[6,2]'                  0.49664
106   'x[6,3]'                  0.309283
107   'x[7,1]'                  0.234207
108   'x[7,2]'                  0.467461
109   'x[7,3]'                  0.298332
110   'x[8,1]'                  0.266786
111   'x[8,2]'                  0.443486
112   'x[8,3]'                  0.289728
113   'x[9,1]'                  0.276212
114   'x[9,2]'                  0.486018
115   'x[9,3]'                  0.23777
116   'x[10,1]'                 0.289109
117   'x[10,2]'                 0.528978
118   'x[10,3]'                 0.181912
119   'x[11,1]'                 0.309607
120   'x[11,2]'                 0.566804
121   'x[11,3]'                 0.12359
122   'x[12,1]'                 0.347205
123   'x[12,2]'                 0.588164
124   'x[12,3]'                 0.0646311
125   'x[13,1]'                 0.420916
126   'x[13,2]'                 0.571272
127   'x[13,3]'                 0.0078122
128   'x[14,1]'                 0.55941
129   'x[14,2]'                 0.481747
130   'x[14,3]'                -0.041157
131   'x[15,1]'                 0.768816
132   'x[15,2]'                 0.297452
133   'x[15,3]'                -0.0662682
134   PC                       57.5142
135   PR                      142.486
136   'T[1]'                  383.865
137   'T[2]'                  382.475
138   'T[3]'                  380.988
139   'T[4]'                  379.33
140   'T[5]'                  377.598
141   'T[6]'                  375.963
142   'T[7]'                  374.572
143   'T[8]'                  373.488
144   'T[9]'                  372.887
145   'T[10]'                 372.163
146   'T[11]'                 371.207
147   'T[12]'                 369.766
148   'T[13]'                 367.371
149   'T[14]'                 363.507
150   'T[15]'                 358.782
151   TF                      372.397
152   QC                     2049.38
153   QR                     2089.85
154   'H[1,1]'                  2.30584
155   'H[1,2]'                  1.34202
156   'H[1,3]'                  2.78089
157   'H[2,1]'                  2.26529
158   'H[2,2]'                  1.32376
159   'H[2,3]'                  2.73173
160   'H[3,1]'                  2.22201
161   'H[3,2]'                  1.30411
162   'H[3,3]'                  2.67926
163   'H[4,1]'                  2.17393
164   'H[4,2]'                  1.28207
165   'H[4,3]'                  2.621
166   'H[5,1]'                  2.12383
167   'H[5,2]'                  1.25888
168   'H[5,3]'                  2.5603
169   'H[6,1]'                  2.07673
170   'H[6,2]'                  1.23686
171   'H[6,3]'                  2.50326
172   'H[7,1]'                  2.03677
173   'H[7,2]'                  1.21801
174   'H[7,3]'                  2.45488
175   'H[8,1]'                  2.0057
176   'H[8,2]'                  1.20324
177   'H[8,3]'                  2.41726
178   'H[9,1]'                  1.98851
179   'H[9,2]'                  1.19503
180   'H[9,3]'                  2.39645
181   'H[10,1]'                 1.96783
182   'H[10,2]'                 1.18511
183   'H[10,3]'                 2.37143
184   'H[11,1]'                 1.94056
185   'H[11,2]'                 1.17197
186   'H[11,3]'                 2.33843
187   'H[12,1]'                 1.89955
188   'H[12,2]'                 1.15206
189   'H[12,3]'                 2.2888
190   'H[13,1]'                 1.83166
191   'H[13,2]'                 1.11872
192   'H[13,3]'                 2.2067
193   'H[14,1]'                 1.72281
194   'H[14,2]'                 1.06424
195   'H[14,3]'                 2.0751
196   'H[15,1]'                 1.59082
197   'H[15,2]'                 0.996437
198   'H[15,3]'                 1.91564
199   'HF[1]'                   1.97452
200   'HF[2]'                   1.18832
201   'HF[3]'                   2.37952
202   'h[1,1]'                 -7.80242
203   'h[1,2]'                -10.1676
204   'h[1,3]'                 -9.47299
205   'h[2,1]'                 -7.88714
206   'h[2,2]'                -10.235
207   'h[2,3]'                 -9.56584
208   'h[3,1]'                 -7.97737
209   'h[3,2]'                -10.307
210   'h[3,3]'                 -9.66477
211   'h[4,1]'                 -8.07739
212   'h[4,2]'                -10.3871
213   'h[4,3]'                 -9.77448
214   'h[5,1]'                 -8.18135
215   'h[5,2]'                -10.4707
216   'h[5,3]'                 -9.88856
217   'h[6,1]'                 -8.27886
218   'h[6,2]'                -10.5494
219   'h[6,3]'                 -9.99561
220   'h[7,1]'                 -8.36141
221   'h[7,2]'                -10.6163
222   'h[7,3]'                -10.0863
223   'h[8,1]'                 -8.4255
224   'h[8,2]'                -10.6684
225   'h[8,3]'                -10.1567
226   'h[9,1]'                 -8.46093
227   'h[9,2]'                -10.6972
228   'h[9,3]'                -10.1956
229   'h[10,1]'                -8.50349
230   'h[10,2]'               -10.732
231   'h[10,3]'               -10.2424
232   'h[11,1]'                -8.55957
233   'h[11,2]'               -10.7778
234   'h[11,3]'               -10.304
235   'h[12,1]'                -8.6438
236   'h[12,2]'               -10.8468
237   'h[12,3]'               -10.3966
238   'h[13,1]'                -8.78286
239   'h[13,2]'               -10.9613
240   'h[13,3]'               -10.5495
241   'h[14,1]'                -9.00504
242   'h[14,2]'               -11.1457
243   'h[14,3]'               -10.7939
244   'h[15,1]'                -9.27315
245   'h[15,2]'               -11.3705
246   'h[15,3]'               -11.0891
247   'hF[1]'                  -8.48974
248   'hF[2]'                 -10.7207
249   'hF[3]'                 -10.2272
250   'tauGamma[1,1,1]'     1e-06
251   'tauGamma[1,1,2]'        -0.373778
252   'tauGamma[1,1,3]'     1e-06
253   'tauGamma[1,2,1]'         0.392514
254   'tauGamma[1,2,2]'     1e-06
255   'tauGamma[1,2,3]'         0.130578
256   'tauGamma[1,3,1]'     1e-06
257   'tauGamma[1,3,2]'        -0.0796148
258   'tauGamma[1,3,3]'     1e-06
259   'tauGamma[2,1,1]'     1e-06
260   'tauGamma[2,1,2]'        -0.375136
261   'tauGamma[2,1,3]'     1e-06
262   'tauGamma[2,2,1]'         0.39394
263   'tauGamma[2,2,2]'     1e-06
264   'tauGamma[2,2,3]'         0.114031
265   'tauGamma[2,3,1]'     1e-06
266   'tauGamma[2,3,2]'        -0.05731
267   'tauGamma[2,3,3]'     1e-06
268   'tauGamma[3,1,1]'     1e-06
269   'tauGamma[3,1,2]'        -0.376601
270   'tauGamma[3,1,3]'     1e-06
271   'tauGamma[3,2,1]'         0.395478
272   'tauGamma[3,2,2]'     1e-06
273   'tauGamma[3,2,3]'         0.0961847
274   'tauGamma[3,3,1]'     1e-06
275   'tauGamma[3,3,2]'        -0.0332552
276   'tauGamma[3,3,3]'     1e-06
277   'tauGamma[4,1,1]'     1e-06
278   'tauGamma[4,1,2]'        -0.378247
279   'tauGamma[4,1,3]'     1e-06
280   'tauGamma[4,2,1]'         0.397206
281   'tauGamma[4,2,2]'     1e-06
282   'tauGamma[4,2,3]'         0.0761321
283   'tauGamma[4,3,1]'     1e-06
284   'tauGamma[4,3,2]'        -0.00622603
285   'tauGamma[4,3,3]'     1e-06
286   'tauGamma[5,1,1]'     1e-06
287   'tauGamma[5,1,2]'        -0.379982
288   'tauGamma[5,1,3]'     1e-06
289   'tauGamma[5,2,1]'         0.399029
290   'tauGamma[5,2,2]'     1e-06
291   'tauGamma[5,2,3]'         0.054981
292   'tauGamma[5,3,1]'     1e-06
293   'tauGamma[5,3,2]'         0.0222837
294   'tauGamma[5,3,3]'     1e-06
295   'tauGamma[6,1,1]'     1e-06
296   'tauGamma[6,1,2]'        -0.381635
297   'tauGamma[6,1,3]'     1e-06
298   'tauGamma[6,2,1]'         0.400764
299   'tauGamma[6,2,2]'     1e-06
300   'tauGamma[6,2,3]'         0.034849
301   'tauGamma[6,3,1]'     1e-06
302   'tauGamma[6,3,2]'         0.0494198
303   'tauGamma[6,3,3]'     1e-06
304   'tauGamma[7,1,1]'     1e-06
305   'tauGamma[7,1,2]'        -0.383052
306   'tauGamma[7,1,3]'     1e-06
307   'tauGamma[7,2,1]'         0.402252
308   'tauGamma[7,2,2]'     1e-06
309   'tauGamma[7,2,3]'         0.0175824
310   'tauGamma[7,3,1]'     1e-06
311   'tauGamma[7,3,2]'         0.0726936
312   'tauGamma[7,3,3]'     1e-06
313   'tauGamma[8,1,1]'     1e-06
314   'tauGamma[8,1,2]'        -0.384164
315   'tauGamma[8,1,3]'     1e-06
316   'tauGamma[8,2,1]'         0.403419
317   'tauGamma[8,2,2]'     1e-06
318   'tauGamma[8,2,3]'         0.00403267
319   'tauGamma[8,3,1]'     1e-06
320   'tauGamma[8,3,2]'         0.0909575
321   'tauGamma[8,3,3]'     1e-06
322   'tauGamma[9,1,1]'     1e-06
323   'tauGamma[9,1,2]'        -0.384783
324   'tauGamma[9,1,3]'     1e-06
325   'tauGamma[9,2,1]'         0.404069
326   'tauGamma[9,2,2]'     1e-06
327   'tauGamma[9,2,3]'        -0.00351097
328   'tauGamma[9,3,1]'     1e-06
329   'tauGamma[9,3,2]'         0.101126
330   'tauGamma[9,3,3]'     1e-06
331   'tauGamma[10,1,1]'    1e-06
332   'tauGamma[10,1,2]'       -0.385531
333   'tauGamma[10,1,3]'    1e-06
334   'tauGamma[10,2,1]'        0.404855
335   'tauGamma[10,2,2]'    1e-06
336   'tauGamma[10,2,3]'       -0.0126275
337   'tauGamma[10,3,1]'    1e-06
338   'tauGamma[10,3,2]'        0.113414
339   'tauGamma[10,3,3]'    1e-06
340   'tauGamma[11,1,1]'    1e-06
341   'tauGamma[11,1,2]'       -0.386524
342   'tauGamma[11,1,3]'    1e-06
343   'tauGamma[11,2,1]'        0.405898
344   'tauGamma[11,2,2]'    1e-06
345   'tauGamma[11,2,3]'       -0.0247265
346   'tauGamma[11,3,1]'    1e-06
347   'tauGamma[11,3,2]'        0.129722
348   'tauGamma[11,3,3]'    1e-06
349   'tauGamma[12,1,1]'    1e-06
350   'tauGamma[12,1,2]'       -0.388031
351   'tauGamma[12,1,3]'    1e-06
352   'tauGamma[12,2,1]'        0.40748
353   'tauGamma[12,2,2]'    1e-06
354   'tauGamma[12,2,3]'       -0.043086
355   'tauGamma[12,3,1]'    1e-06
356   'tauGamma[12,3,2]'        0.154469
357   'tauGamma[12,3,3]'    1e-06
358   'tauGamma[13,1,1]'    1e-06
359   'tauGamma[13,1,2]'       -0.39056
360   'tauGamma[13,1,3]'    1e-06
361   'tauGamma[13,2,1]'        0.410136
362   'tauGamma[13,2,2]'    1e-06
363   'tauGamma[13,2,3]'       -0.0739051
364   'tauGamma[13,3,1]'    1e-06
365   'tauGamma[13,3,2]'        0.196011
366   'tauGamma[13,3,3]'    1e-06
367   'tauGamma[14,1,1]'    1e-06
368   'tauGamma[14,1,2]'       -0.394711
369   'tauGamma[14,1,3]'    1e-06
370   'tauGamma[14,2,1]'        0.414496
371   'tauGamma[14,2,2]'    1e-06
372   'tauGamma[14,2,3]'       -0.124491
373   'tauGamma[14,3,1]'    1e-06
374   'tauGamma[14,3,2]'        0.264196
375   'tauGamma[14,3,3]'    1e-06
376   'tauGamma[15,1,1]'    1e-06
377   'tauGamma[15,1,2]'       -0.39991
378   'tauGamma[15,1,3]'    1e-06
379   'tauGamma[15,2,1]'        0.419955
380   'tauGamma[15,2,2]'    1e-06
381   'tauGamma[15,2,3]'       -0.18784
382   'tauGamma[15,3,1]'    1e-06
383   'tauGamma[15,3,2]'        0.349584
384   'tauGamma[15,3,3]'    1e-06
385   'PGamma[1,1,1]'           1
386   'PGamma[1,1,2]'           1.11866
387   'PGamma[1,1,3]'           1
388   'PGamma[1,2,1]'           0.888915
389   'PGamma[1,2,2]'           1
390   'PGamma[1,2,3]'           0.974222
391   'PGamma[1,3,1]'           1
392   'PGamma[1,3,2]'           1.01605
393   'PGamma[1,3,3]'           1
394   'PGamma[2,1,1]'           1
395   'PGamma[2,1,2]'           1.11912
396   'PGamma[2,1,3]'           1
397   'PGamma[2,2,1]'           0.888534
398   'PGamma[2,2,2]'           1
399   'PGamma[2,2,3]'           0.977452
400   'PGamma[2,3,1]'           1
401   'PGamma[2,3,2]'           1.01153
402   'PGamma[2,3,3]'           1
403   'PGamma[3,1,1]'           1
404   'PGamma[3,1,2]'           1.11961
405   'PGamma[3,1,3]'           1
406   'PGamma[3,2,1]'           0.888125
407   'PGamma[3,2,2]'           1
408   'PGamma[3,2,3]'           0.980947
409   'PGamma[3,3,1]'           1
410   'PGamma[3,3,2]'           1.00667
411   'PGamma[3,3,3]'           1
412   'PGamma[4,1,1]'           1
413   'PGamma[4,1,2]'           1.12016
414   'PGamma[4,1,3]'           1
415   'PGamma[4,2,1]'           0.887664
416   'PGamma[4,2,2]'           1
417   'PGamma[4,2,3]'           0.984889
418   'PGamma[4,3,1]'           1
419   'PGamma[4,3,2]'           1.00125
420   'PGamma[4,3,3]'           1
421   'PGamma[5,1,1]'           1
422   'PGamma[5,1,2]'           1.12075
423   'PGamma[5,1,3]'           1
424   'PGamma[5,2,1]'           0.887179
425   'PGamma[5,2,2]'           1
426   'PGamma[5,2,3]'           0.989064
427   'PGamma[5,3,1]'           1
428   'PGamma[5,3,2]'           0.995553
429   'PGamma[5,3,3]'           1
430   'PGamma[6,1,1]'           1
431   'PGamma[6,1,2]'           1.1213
432   'PGamma[6,1,3]'           1
433   'PGamma[6,2,1]'           0.886717
434   'PGamma[6,2,2]'           1
435   'PGamma[6,2,3]'           0.993054
436   'PGamma[6,3,1]'           1
437   'PGamma[6,3,2]'           0.990165
438   'PGamma[6,3,3]'           1
439   'PGamma[7,1,1]'           1
440   'PGamma[7,1,2]'           1.12178
441   'PGamma[7,1,3]'           1
442   'PGamma[7,2,1]'           0.886322
443   'PGamma[7,2,2]'           1
444   'PGamma[7,2,3]'           0.99649
445   'PGamma[7,3,1]'           1
446   'PGamma[7,3,2]'           0.985566
447   'PGamma[7,3,3]'           1
448   'PGamma[8,1,1]'           1
449   'PGamma[8,1,2]'           1.12215
450   'PGamma[8,1,3]'           1
451   'PGamma[8,2,1]'           0.886011
452   'PGamma[8,2,2]'           1
453   'PGamma[8,2,3]'           0.999194
454   'PGamma[8,3,1]'           1
455   'PGamma[8,3,2]'           0.981973
456   'PGamma[8,3,3]'           1
457   'PGamma[9,1,1]'           1
458   'PGamma[9,1,2]'           1.12236
459   'PGamma[9,1,3]'           1
460   'PGamma[9,2,1]'           0.885838
461   'PGamma[9,2,2]'           1
462   'PGamma[9,2,3]'           1.0007
463   'PGamma[9,3,1]'           1
464   'PGamma[9,3,2]'           0.979978
465   'PGamma[9,3,3]'           1
466   'PGamma[10,1,1]'          1
467   'PGamma[10,1,2]'          1.12261
468   'PGamma[10,1,3]'          1
469   'PGamma[10,2,1]'          0.88563
470   'PGamma[10,2,2]'          1
471   'PGamma[10,2,3]'          1.00253
472   'PGamma[10,3,1]'          1
473   'PGamma[10,3,2]'          0.977573
474   'PGamma[10,3,3]'          1
475   'PGamma[11,1,1]'          1
476   'PGamma[11,1,2]'          1.12295
477   'PGamma[11,1,3]'          1
478   'PGamma[11,2,1]'          0.885353
479   'PGamma[11,2,2]'          1
480   'PGamma[11,2,3]'          1.00496
481   'PGamma[11,3,1]'          1
482   'PGamma[11,3,2]'          0.974389
483   'PGamma[11,3,3]'          1
484   'PGamma[12,1,1]'          1
485   'PGamma[12,1,2]'          1.12346
486   'PGamma[12,1,3]'          1
487   'PGamma[12,2,1]'          0.884932
488   'PGamma[12,2,2]'          1
489   'PGamma[12,2,3]'          1.00865
490   'PGamma[12,3,1]'          1
491   'PGamma[12,3,2]'          0.969578
492   'PGamma[12,3,3]'          1
493   'PGamma[13,1,1]'          1
494   'PGamma[13,1,2]'          1.12431
495   'PGamma[13,1,3]'          1
496   'PGamma[13,2,1]'          0.884228
497   'PGamma[13,2,2]'          1
498   'PGamma[13,2,3]'          1.01489
499   'PGamma[13,3,1]'          1
500   'PGamma[13,3,2]'          0.961556
501   'PGamma[13,3,3]'          1
502   'PGamma[14,1,1]'          1
503   'PGamma[14,1,2]'          1.12571
504   'PGamma[14,1,3]'          1
505   'PGamma[14,2,1]'          0.883072
506   'PGamma[14,2,2]'          1
507   'PGamma[14,2,3]'          1.02521
508   'PGamma[14,3,1]'          1
509   'PGamma[14,3,2]'          0.948532
510   'PGamma[14,3,3]'          1
511   'PGamma[15,1,1]'          1
512   'PGamma[15,1,2]'          1.12747
513   'PGamma[15,1,3]'          1
514   'PGamma[15,2,1]'          0.881627
515   'PGamma[15,2,2]'          1
516   'PGamma[15,2,3]'          1.03828
517   'PGamma[15,3,1]'          1
518   'PGamma[15,3,2]'          0.932471
519   'PGamma[15,3,3]'          1
520   'SGamma1[1,1]'            0.186493
521   'SGamma1[1,2]'           -0.0441959
522   'SGamma1[1,3]'            0.0679952
523   'SGamma1[2,1]'            0.199328
524   'SGamma1[2,2]'           -0.0391242
525   'SGamma1[2,3]'            0.0634721
526   'SGamma1[3,1]'            0.201126
527   'SGamma1[3,2]'           -0.0406534
528   'SGamma1[3,3]'            0.0540291
529   'SGamma1[4,1]'            0.195973
530   'SGamma1[4,2]'           -0.0468699
531   'SGamma1[4,3]'            0.0416764
532   'SGamma1[5,1]'            0.186908
533   'SGamma1[5,2]'           -0.0565018
534   'SGamma1[5,3]'            0.0287115
535   'SGamma1[6,1]'            0.176488
536   'SGamma1[6,2]'           -0.0679163
537   'SGamma1[6,3]'            0.0171877
538   'SGamma1[7,1]'            0.166662
539   'SGamma1[7,2]'           -0.0792642
540   'SGamma1[7,3]'            0.00819078
541   'SGamma1[8,1]'            0.158517
542   'SGamma1[8,2]'           -0.0891305
543   'SGamma1[8,3]'            0.00178755
544   'SGamma1[9,1]'            0.173966
545   'SGamma1[9,2]'           -0.0957227
546   'SGamma1[9,3]'           -0.00170708
547   'SGamma1[10,1]'           0.189667
548   'SGamma1[10,2]'          -0.104958
549   'SGamma1[10,3]'          -0.00669611
550   'SGamma1[11,1]'           0.203689
551   'SGamma1[11,2]'          -0.118761
552   'SGamma1[11,3]'          -0.0140841
553   'SGamma1[12,1]'           0.212088
554   'SGamma1[12,2]'          -0.141678
555   'SGamma1[12,3]'          -0.0255606
556   'SGamma1[13,1]'           0.207174
557   'SGamma1[13,2]'          -0.183355
558   'SGamma1[13,3]'          -0.0428481
559   'SGamma1[14,1]'           0.176334
560   'SGamma1[14,2]'          -0.258876
561   'SGamma1[14,3]'          -0.0614848
562   'SGamma1[15,1]'           0.11013
563   'SGamma1[15,2]'          -0.368249
564   'SGamma1[15,3]'          -0.0580116
565   'SGamma2[1,1]'            0.940625
566   'SGamma2[1,2]'            1.00946
567   'SGamma2[1,3]'            0.986222
568   'SGamma2[2,1]'            0.936525
569   'SGamma2[2,2]'            1.00918
570   'SGamma2[2,3]'            0.98716
571   'SGamma2[3,1]'            0.935937
572   'SGamma2[3,2]'            1.01052
573   'SGamma2[3,3]'            0.98909
574   'SGamma2[4,1]'            0.937562
575   'SGamma2[4,2]'            1.01312
576   'SGamma2[4,3]'            0.991601
577   'SGamma2[5,1]'            0.940434
578   'SGamma2[5,2]'            1.01661
579   'SGamma2[5,3]'            0.994226
580   'SGamma2[6,1]'            0.943739
581   'SGamma2[6,2]'            1.0205
582   'SGamma2[6,3]'            0.996551
583   'SGamma2[7,1]'            0.94686
584   'SGamma2[7,2]'            1.02422
585   'SGamma2[7,3]'            0.998359
586   'SGamma2[8,1]'            0.949448
587   'SGamma2[8,2]'            1.02737
588   'SGamma2[8,3]'            0.999642
589   'SGamma2[9,1]'            0.944515
590   'SGamma2[9,2]'            1.02904
591   'SGamma2[9,3]'            1.00034
592   'SGamma2[10,1]'           0.939501
593   'SGamma2[10,2]'           1.03137
594   'SGamma2[10,3]'           1.00134
595   'SGamma2[11,1]'           0.935017
596   'SGamma2[11,2]'           1.0349
597   'SGamma2[11,3]'           1.00281
598   'SGamma2[12,1]'           0.932321
599   'SGamma2[12,2]'           1.0409
600   'SGamma2[12,3]'           1.00509
601   'SGamma2[13,1]'           0.933862
602   'SGamma2[13,2]'           1.05202
603   'SGamma2[13,3]'           1.00851
604   'SGamma2[14,1]'           0.94367
605   'SGamma2[14,2]'           1.07244
606   'SGamma2[14,3]'           1.01215
607   'SGamma2[15,1]'           0.96479
608   'SGamma2[15,2]'           1.10247
609   'SGamma2[15,3]'           1.01139
610   'gamma[1,1]'              0.968049
611   'gamma[1,2]'              1.01017
612   'gamma[1,3]'              1.0145
613   'gamma[2,1]'              0.966603
614   'gamma[2,2]'              1.00915
615   'gamma[2,3]'              1.01951
616   'gamma[3,1]'              0.966616
617   'gamma[3,2]'              1.00906
618   'gamma[3,3]'              1.02344
619   'gamma[4,1]'              0.96764
620   'gamma[4,2]'              1.00945
621   'gamma[4,3]'              1.02647
622   'gamma[5,1]'              0.969444
623   'gamma[5,2]'              1.00995
624   'gamma[5,3]'              1.02858
625   'gamma[6,1]'              0.971669
626   'gamma[6,2]'              1.01029
627   'gamma[6,3]'              1.02976
628   'gamma[7,1]'              0.973878
629   'gamma[7,2]'              1.01038
630   'gamma[7,3]'              1.03017
631   'gamma[8,1]'              0.97576
632   'gamma[8,2]'              1.01027
633   'gamma[8,3]'              1.03013
634   'gamma[9,1]'              0.976352
635   'gamma[9,2]'              1.00747
636   'gamma[9,3]'              1.03531
637   'gamma[10,1]'             0.977836
638   'gamma[10,2]'             1.00468
639   'gamma[10,3]'             1.04112
640   'gamma[11,1]'             0.980491
641   'gamma[11,2]'             1.0019
642   'gamma[11,3]'             1.0471
643   'gamma[12,1]'             0.984601
644   'gamma[12,2]'             0.998974
645   'gamma[12,3]'             1.05199
646   'gamma[13,1]'             0.990194
647   'gamma[13,2]'             0.995161
648   'gamma[13,3]'             1.05253
649   'gamma[14,1]'             0.996096
650   'gamma[14,2]'             0.988928
651   'gamma[14,3]'             1.04231
652   'gamma[15,1]'             0.999386
653   'gamma[15,2]'             0.980021
654   'gamma[15,3]'             1.02011
655   'PrS[1,1]'           280076
656   'PrS[1,2]'           112407
657   'PrS[1,3]'            78018.5
658   'PrS[2,1]'           267544
659   'PrS[2,2]'           107002
660   'PrS[2,3]'            74063.8
661   'PrS[3,1]'           254631
662   'PrS[3,2]'           101449
663   'PrS[3,3]'            70013.8
664   'PrS[4,1]'           240835
665   'PrS[4,2]'            95532.6
666   'PrS[4,3]'            65715.9
667   'PrS[5,1]'           227060
668   'PrS[5,2]'            89645.8
669   'PrS[5,3]'            61456.6
670   'PrS[6,1]'           214653
671   'PrS[6,2]'            84361.7
672   'PrS[6,3]'            57649
673   'PrS[7,1]'           204533
674   'PrS[7,2]'            80065.1
675   'PrS[7,3]'            54564.4
676   'PrS[8,1]'           196913
677   'PrS[8,2]'            76838.9
678   'PrS[8,3]'            52255.2
679   'PrS[9,1]'           192790
680   'PrS[9,2]'            75096.3
681   'PrS[9,3]'            51010.5
682   'PrS[10,1]'          187918
683   'PrS[10,2]'           73040.1
684   'PrS[10,3]'           49544.2
685   'PrS[11,1]'          181635
686   'PrS[11,2]'           70393.3
687   'PrS[11,3]'           47660.5
688   'PrS[12,1]'          172484
689   'PrS[12,2]'           66549.1
690   'PrS[12,3]'           44932.9
691   'PrS[13,1]'          158112
692   'PrS[13,2]'           60538.3
693   'PrS[13,3]'           40687.9
694   'PrS[14,1]'          136986
695   'PrS[14,2]'           51770.4
696   'PrS[14,3]'           34542.9
697   'PrS[15,1]'          114345
698   'PrS[15,2]'           42478.2
699   'PrS[15,3]'           28098.9
700   'PrSF[1]'            189483
701   'PrSF[2]'             73700
702   'PrSF[3]'             50014.5
;

