solve_message = 'MINOS 5.51: infeasible problem (or bad starting guess).\
717 iterations\
Nonlin evals: constrs = 211, Jac = 211.'

:           _varname              _var          :=
1      'F[2]'                    0
2      'F[3]'                    0
3      'F[4]'                    0
4      'F[5]'                    0
5      'F[6]'                    0
6      'F[7]'                    0
7      'F[8]'                    0
8      'F[9]'                    0
9      'F[10]'                   0
10     'F[11]'                   0
11     'F[12]'                   0
12     'F[13]'                   0
13     'F[14]'                   0
14     'F[15]'                 200
15     'F[16]'                   0
16     'F[17]'                   0
17     'F[18]'                   0
18     'F[19]'                   0
19     'F[20]'                   0
20     'F[21]'                   0
21     'F[22]'                   0
22     'F[23]'                   0
23     'F[24]'                   0
24     'F[25]'                   0
25     'F[26]'                   0
26     'F[27]'                   0
27     'F[28]'                   0
28     'F[29]'                   0
29     'V[1]'                  164.14
30     'V[2]'                  164.048
31     'V[3]'                  163.902
32     'V[4]'                  163.851
33     'V[5]'                  163.928
34     'V[6]'                  164.088
35     'V[7]'                  164.271
36     'V[8]'                  164.437
37     'V[9]'                  164.568
38     'V[10]'                 164.665
39     'V[11]'                 164.732
40     'V[12]'                 164.778
41     'V[13]'                 164.809
42     'V[14]'                 164.829
43     'V[15]'                 164.71
44     'V[16]'                 164.71
45     'V[17]'                 164.71
46     'V[18]'                 164.71
47     'V[19]'                 164.71
48     'V[20]'                 164.71
49     'V[21]'                 164.71
50     'V[22]'                 164.71
51     'V[23]'                 164.71
52     'V[24]'                 164.71
53     'V[25]'                 164.71
54     'V[26]'                 164.71
55     'V[27]'                 164.71
56     'V[28]'                 164.71
57     'V[29]'                 164.71
58     'V[30]'                   0
59     'y[1,1]'                  0.025782
60     'y[1,2]'                  0.597847
61     'y[1,3]'                  0.376371
62     'y[2,1]'                  0.0672405
63     'y[2,2]'                  0.612928
64     'y[2,3]'                  0.319831
65     'y[3,1]'                  0.131513
66     'y[3,2]'                  0.587088
67     'y[3,3]'                  0.281398
68     'y[4,1]'                  0.210166
69     'y[4,2]'                  0.538659
70     'y[4,3]'                  0.251175
71     'y[5,1]'                  0.29044
72     'y[5,2]'                  0.483596
73     'y[5,3]'                  0.225964
74     'y[6,1]'                  0.361787
75     'y[6,2]'                  0.432851
76     'y[6,3]'                  0.205363
77     'y[7,1]'                  0.419069
78     'y[7,2]'                  0.391565
79     'y[7,3]'                  0.189365
80     'y[8,1]'                  0.461867
81     'y[8,2]'                  0.360573
82     'y[8,3]'                  0.17756
83     'y[9,1]'                  0.492302
84     'y[9,2]'                  0.338499
85     'y[9,3]'                  0.169199
86     'y[10,1]'                 0.51324
87     'y[10,2]'                 0.323307
88     'y[10,3]'                 0.163453
89     'y[11,1]'                 0.527331
90     'y[11,2]'                 0.313084
91     'y[11,3]'                 0.159585
92     'y[12,1]'                 0.536678
93     'y[12,2]'                 0.306303
94     'y[12,3]'                 0.157019
95     'y[13,1]'                 0.542819
96     'y[13,2]'                 0.30185
97     'y[13,3]'                 0.155332
98     'y[14,1]'                 0.546828
99     'y[14,2]'                 0.298943
100    'y[14,3]'                 0.15423
101    'y[15,1]'                 0.549433
102    'y[15,2]'                 0.297053
103    'y[15,3]'                 0.153514
104    'y[16,1]'                 0.549433
105    'y[16,2]'                 0.297053
106    'y[16,3]'                 0.153514
107    'y[17,1]'                 0.549433
108    'y[17,2]'                 0.297053
109    'y[17,3]'                 0.153514
110    'y[18,1]'                 0.549433
111    'y[18,2]'                 0.297053
112    'y[18,3]'                 0.153514
113    'y[19,1]'                 0.549433
114    'y[19,2]'                 0.297053
115    'y[19,3]'                 0.153514
116    'y[20,1]'                 0.549433
117    'y[20,2]'                 0.297053
118    'y[20,3]'                 0.153514
119    'y[21,1]'                 0.549433
120    'y[21,2]'                 0.297053
121    'y[21,3]'                 0.153514
122    'y[22,1]'                 0.549433
123    'y[22,2]'                 0.297053
124    'y[22,3]'                 0.153514
125    'y[23,1]'                 0.549433
126    'y[23,2]'                 0.297053
127    'y[23,3]'                 0.153514
128    'y[24,1]'                 0.549433
129    'y[24,2]'                 0.297053
130    'y[24,3]'                 0.153514
131    'y[25,1]'                 0.549433
132    'y[25,2]'                 0.297053
133    'y[25,3]'                 0.153514
134    'y[26,1]'                 0.549433
135    'y[26,2]'                 0.297053
136    'y[26,3]'                 0.153514
137    'y[27,1]'                 0.549433
138    'y[27,2]'                 0.297053
139    'y[27,3]'                 0.153514
140    'y[28,1]'                 0.549433
141    'y[28,2]'                 0.297053
142    'y[28,3]'                 0.153514
143    'y[29,1]'                 0.54949
144    'y[29,2]'                 0.297049
145    'y[29,3]'                 0.153461
146    'y[30,1]'                 0.830962
147    'y[30,2]'                 0.180197
148    'y[30,3]'                -0.0111592
149    'L[1]'                    0
150    'L[2]'                  311.507
151    'L[3]'                  311.415
152    'L[4]'                  311.269
153    'L[5]'                  311.218
154    'L[6]'                  311.294
155    'L[7]'                  311.455
156    'L[8]'                  311.638
157    'L[9]'                  311.803
158    'L[10]'                 311.935
159    'L[11]'                 312.032
160    'L[12]'                 312.099
161    'L[13]'                 312.145
162    'L[14]'                 312.175
163    'L[15]'                 312.195
164    'L[16]'                 112.077
165    'L[17]'                 112.077
166    'L[18]'                 112.077
167    'L[19]'                 112.077
168    'L[20]'                 112.077
169    'L[21]'                 112.077
170    'L[22]'                 112.077
171    'L[23]'                 112.077
172    'L[24]'                 112.077
173    'L[25]'                 112.077
174    'L[26]'                 112.077
175    'L[27]'                 112.077
176    'L[28]'                 112.077
177    'L[29]'                 112.077
178    'L[30]'                 112.077
179    'x[1,1]'                  0.00673235
180    'x[1,2]'                  0.521277
181    'x[1,3]'                  0.471991
182    'x[2,1]'                  0.0196183
183    'x[2,2]'                  0.561079
184    'x[2,3]'                  0.419303
185    'x[3,1]'                  0.0439166
186    'x[3,2]'                  0.567689
187    'x[3,3]'                  0.388395
188    'x[4,1]'                  0.0794206
189    'x[4,2]'                  0.55292
190    'x[4,3]'                  0.36766
191    'x[5,1]'                  0.121656
192    'x[5,2]'                  0.526792
193    'x[5,3]'                  0.351551
194    'x[6,1]'                  0.16417
195    'x[6,2]'                  0.497619
196    'x[6,3]'                  0.338211
197    'x[7,1]'                  0.201707
198    'x[7,2]'                  0.470953
199    'x[7,3]'                  0.32734
200    'x[8,1]'                  0.23175
201    'x[8,2]'                  0.449353
202    'x[8,3]'                  0.318897
203    'x[9,1]'                  0.25416
204    'x[9,2]'                  0.433174
205    'x[9,3]'                  0.312666
206    'x[10,1]'                 0.270081
207    'x[10,2]'                 0.421668
208    'x[10,3]'                 0.308252
209    'x[11,1]'                 0.281024
210    'x[11,2]'                 0.413758
211    'x[11,3]'                 0.305218
212    'x[12,1]'                 0.288383
213    'x[12,2]'                 0.408441
214    'x[12,3]'                 0.303176
215    'x[13,1]'                 0.29326
216    'x[13,2]'                 0.404917
217    'x[13,3]'                 0.301822
218    'x[14,1]'                 0.296462
219    'x[14,2]'                 0.402605
220    'x[14,3]'                 0.300933
221    'x[15,1]'                 0.298551
222    'x[15,2]'                 0.401097
223    'x[15,3]'                 0.300352
224    'x[16,1]'                 0.298551
225    'x[16,2]'                 0.401097
226    'x[16,3]'                 0.300352
227    'x[17,1]'                 0.298551
228    'x[17,2]'                 0.401097
229    'x[17,3]'                 0.300352
230    'x[18,1]'                 0.298551
231    'x[18,2]'                 0.401097
232    'x[18,3]'                 0.300352
233    'x[19,1]'                 0.298551
234    'x[19,2]'                 0.401097
235    'x[19,3]'                 0.300352
236    'x[20,1]'                 0.298551
237    'x[20,2]'                 0.401097
238    'x[20,3]'                 0.300352
239    'x[21,1]'                 0.298551
240    'x[21,2]'                 0.401097
241    'x[21,3]'                 0.300352
242    'x[22,1]'                 0.298551
243    'x[22,2]'                 0.401097
244    'x[22,3]'                 0.300352
245    'x[23,1]'                 0.298551
246    'x[23,2]'                 0.401097
247    'x[23,3]'                 0.300352
248    'x[24,1]'                 0.298551
249    'x[24,2]'                 0.401097
250    'x[24,3]'                 0.300352
251    'x[25,1]'                 0.298551
252    'x[25,2]'                 0.401097
253    'x[25,3]'                 0.300352
254    'x[26,1]'                 0.298551
255    'x[26,2]'                 0.401097
256    'x[26,3]'                 0.300352
257    'x[27,1]'                 0.298551
258    'x[27,2]'                 0.401097
259    'x[27,3]'                 0.300352
260    'x[28,1]'                 0.298551
261    'x[28,2]'                 0.401097
262    'x[28,3]'                 0.300352
263    'x[29,1]'                 0.298603
264    'x[29,2]'                 0.401125
265    'x[29,3]'                 0.300272
266    'x[30,1]'                 0.53984
267    'x[30,2]'                 0.381133
268    'x[30,3]'                 0.079027
269    PC                       52.6332
270    PR                      147.367
271    'T[1]'                  384.629
272    'T[2]'                  383.456
273    'T[3]'                  382.074
274    'T[4]'                  380.45
275    'T[5]'                  378.739
276    'T[6]'                  377.146
277    'T[7]'                  375.811
278    'T[8]'                  374.78
279    'T[9]'                  374.029
280    'T[10]'                 373.504
281    'T[11]'                 373.146
282    'T[12]'                 372.908
283    'T[13]'                 372.75
284    'T[14]'                 372.647
285    'T[15]'                 372.579
286    'T[16]'                 372.579
287    'T[17]'                 372.579
288    'T[18]'                 372.579
289    'T[19]'                 372.579
290    'T[20]'                 372.579
291    'T[21]'                 372.579
292    'T[22]'                 372.579
293    'T[23]'                 372.579
294    'T[24]'                 372.579
295    'T[25]'                 372.579
296    'T[26]'                 372.579
297    'T[27]'                 372.579
298    'T[28]'                 372.579
299    'T[29]'                 372.577
300    'T[30]'                 363.9
301    TF                      372.396
302    QC                     1896.45
303    QR                     1944.65
304    'H[1,1]'                  2.32817
305    'H[1,2]'                  1.35201
306    'H[1,3]'                  2.80798
307    'H[2,1]'                  2.29389
308    'H[2,2]'                  1.33665
309    'H[2,3]'                  2.76641
310    'H[3,1]'                  2.2536
311    'H[3,2]'                  1.31847
312    'H[3,3]'                  2.71756
313    'H[4,1]'                  2.20638
314    'H[4,2]'                  1.29697
315    'H[4,3]'                  2.66033
316    'H[5,1]'                  2.15681
317    'H[5,2]'                  1.27418
318    'H[5,3]'                  2.60025
319    'H[6,1]'                  2.1108
320    'H[6,2]'                  1.25281
321    'H[6,3]'                  2.54452
322    'H[7,1]'                  2.07237
323    'H[7,2]'                  1.23481
324    'H[7,3]'                  2.49798
325    'H[8,1]'                  2.04275
326    'H[8,2]'                  1.22084
327    'H[8,3]'                  2.46212
328    'H[9,1]'                  2.02121
329    'H[9,2]'                  1.21063
330    'H[9,3]'                  2.43604
331    'H[10,1]'                 2.00616
332    'H[10,2]'                 1.20346
333    'H[10,3]'                 2.41782
334    'H[11,1]'                 1.99593
335    'H[11,2]'                 1.19858
336    'H[11,3]'                 2.40544
337    'H[12,1]'                 1.9891
338    'H[12,2]'                 1.19531
339    'H[12,3]'                 2.39717
340    'H[13,1]'                 1.98459
341    'H[13,2]'                 1.19315
342    'H[13,3]'                 2.39171
343    'H[14,1]'                 1.98164
344    'H[14,2]'                 1.19174
345    'H[14,3]'                 2.38814
346    'H[15,1]'                 1.97972
347    'H[15,2]'                 1.19082
348    'H[15,3]'                 2.38581
349    'H[16,1]'                 1.97972
350    'H[16,2]'                 1.19082
351    'H[16,3]'                 2.38581
352    'H[17,1]'                 1.97972
353    'H[17,2]'                 1.19082
354    'H[17,3]'                 2.38581
355    'H[18,1]'                 1.97972
356    'H[18,2]'                 1.19082
357    'H[18,3]'                 2.38581
358    'H[19,1]'                 1.97972
359    'H[19,2]'                 1.19082
360    'H[19,3]'                 2.38581
361    'H[20,1]'                 1.97972
362    'H[20,2]'                 1.19082
363    'H[20,3]'                 2.38581
364    'H[21,1]'                 1.97972
365    'H[21,2]'                 1.19082
366    'H[21,3]'                 2.38581
367    'H[22,1]'                 1.97972
368    'H[22,2]'                 1.19082
369    'H[22,3]'                 2.38581
370    'H[23,1]'                 1.97972
371    'H[23,2]'                 1.19082
372    'H[23,3]'                 2.38581
373    'H[24,1]'                 1.97972
374    'H[24,2]'                 1.19082
375    'H[24,3]'                 2.38581
376    'H[25,1]'                 1.97972
377    'H[25,2]'                 1.19082
378    'H[25,3]'                 2.38581
379    'H[26,1]'                 1.97972
380    'H[26,2]'                 1.19082
381    'H[26,3]'                 2.38581
382    'H[27,1]'                 1.97972
383    'H[27,2]'                 1.19082
384    'H[27,3]'                 2.38581
385    'H[28,1]'                 1.97972
386    'H[28,2]'                 1.19082
387    'H[28,3]'                 2.38581
388    'H[29,1]'                 1.97966
389    'H[29,2]'                 1.19079
390    'H[29,3]'                 2.38574
391    'H[30,1]'                 1.73384
392    'H[30,2]'                 1.06981
393    'H[30,3]'                 2.08843
394    'HF[1]'                   1.97448
395    'HF[2]'                   1.18831
396    'HF[3]'                   2.37948
397    'h[1,1]'                 -7.75568
398    'h[1,2]'                -10.1305
399    'h[1,3]'                 -9.42179
400    'h[2,1]'                 -7.82739
401    'h[2,2]'                -10.1874
402    'h[2,3]'                 -9.50036
403    'h[3,1]'                 -7.91153
404    'h[3,2]'                -10.2544
405    'h[3,3]'                 -9.59257
406    'h[4,1]'                 -8.0099
407    'h[4,2]'                -10.333
408    'h[4,3]'                 -9.70045
409    'h[5,1]'                 -8.11294
410    'h[5,2]'                -10.4156
411    'h[5,3]'                 -9.81349
412    'h[6,1]'                 -8.20834
413    'h[6,2]'                -10.4924
414    'h[6,3]'                 -9.91819
415    'h[7,1]'                 -8.28787
416    'h[7,2]'                -10.5567
417    'h[7,3]'                -10.0055
418    'h[8,1]'                 -8.34907
419    'h[8,2]'                -10.6063
420    'h[8,3]'                -10.0727
421    'h[9,1]'                 -8.39352
422    'h[9,2]'                -10.6424
423    'h[9,3]'                -10.1215
424    'h[10,1]'                -8.42455
425    'h[10,2]'               -10.6676
426    'h[10,3]'               -10.1556
427    'h[11,1]'                -8.44564
428    'h[11,2]'               -10.6848
429    'h[11,3]'               -10.1788
430    'h[12,1]'                -8.45971
431    'h[12,2]'               -10.6963
432    'h[12,3]'               -10.1943
433    'h[13,1]'                -8.469
434    'h[13,2]'               -10.7038
435    'h[13,3]'               -10.2045
436    'h[14,1]'                -8.47508
437    'h[14,2]'               -10.7088
438    'h[14,3]'               -10.2111
439    'h[15,1]'                -8.47903
440    'h[15,2]'               -10.712
441    'h[15,3]'               -10.2155
442    'h[16,1]'                -8.47903
443    'h[16,2]'               -10.712
444    'h[16,3]'               -10.2155
445    'h[17,1]'                -8.47903
446    'h[17,2]'               -10.712
447    'h[17,3]'               -10.2155
448    'h[18,1]'                -8.47903
449    'h[18,2]'               -10.712
450    'h[18,3]'               -10.2155
451    'h[19,1]'                -8.47903
452    'h[19,2]'               -10.712
453    'h[19,3]'               -10.2155
454    'h[20,1]'                -8.47903
455    'h[20,2]'               -10.712
456    'h[20,3]'               -10.2155
457    'h[21,1]'                -8.47903
458    'h[21,2]'               -10.712
459    'h[21,3]'               -10.2155
460    'h[22,1]'                -8.47903
461    'h[22,2]'               -10.712
462    'h[22,3]'               -10.2155
463    'h[23,1]'                -8.47903
464    'h[23,2]'               -10.712
465    'h[23,3]'               -10.2155
466    'h[24,1]'                -8.47903
467    'h[24,2]'               -10.712
468    'h[24,3]'               -10.2155
469    'h[25,1]'                -8.47903
470    'h[25,2]'               -10.712
471    'h[25,3]'               -10.2155
472    'h[26,1]'                -8.47903
473    'h[26,2]'               -10.712
474    'h[26,3]'               -10.2155
475    'h[27,1]'                -8.47903
476    'h[27,2]'               -10.712
477    'h[27,3]'               -10.2155
478    'h[28,1]'                -8.47903
479    'h[28,2]'               -10.712
480    'h[28,3]'               -10.2155
481    'h[29,1]'                -8.47915
482    'h[29,2]'               -10.7121
483    'h[29,3]'               -10.2156
484    'h[30,1]'                -8.98257
485    'h[30,2]'               -11.1269
486    'h[30,3]'               -10.7692
487    'hF[1]'                  -8.4898
488    'hF[2]'                 -10.7208
489    'hF[3]'                 -10.2273
490    'tauGamma[1,1,1]'     1e-06
491    'tauGamma[1,1,2]'        -0.373036
492    'tauGamma[1,1,3]'     1e-06
493    'tauGamma[1,2,1]'         0.391734
494    'tauGamma[1,2,2]'     1e-06
495    'tauGamma[1,2,3]'         0.139622
496    'tauGamma[1,3,1]'     1e-06
497    'tauGamma[1,3,2]'        -0.0918047
498    'tauGamma[1,3,3]'     1e-06
499    'tauGamma[2,1,1]'     1e-06
500    'tauGamma[2,1,2]'        -0.374177
501    'tauGamma[2,1,3]'     1e-06
502    'tauGamma[2,2,1]'         0.392932
503    'tauGamma[2,2,2]'     1e-06
504    'tauGamma[2,2,3]'         0.125721
505    'tauGamma[2,3,1]'     1e-06
506    'tauGamma[2,3,2]'        -0.0730673
507    'tauGamma[2,3,3]'     1e-06
508    'tauGamma[3,1,1]'     1e-06
509    'tauGamma[3,1,2]'        -0.37553
510    'tauGamma[3,1,3]'     1e-06
511    'tauGamma[3,2,1]'         0.394353
512    'tauGamma[3,2,2]'     1e-06
513    'tauGamma[3,2,3]'         0.10923
514    'tauGamma[3,3,1]'     1e-06
515    'tauGamma[3,3,2]'        -0.0508394
516    'tauGamma[3,3,3]'     1e-06
517    'tauGamma[4,1,1]'     1e-06
518    'tauGamma[4,1,2]'        -0.377134
519    'tauGamma[4,1,3]'     1e-06
520    'tauGamma[4,2,1]'         0.396037
521    'tauGamma[4,2,2]'     1e-06
522    'tauGamma[4,2,3]'         0.0896942
523    'tauGamma[4,3,1]'     1e-06
524    'tauGamma[4,3,2]'        -0.0245065
525    'tauGamma[4,3,3]'     1e-06
526    'tauGamma[5,1,1]'     1e-06
527    'tauGamma[5,1,2]'        -0.378837
528    'tauGamma[5,1,3]'     1e-06
529    'tauGamma[5,2,1]'         0.397826
530    'tauGamma[5,2,2]'     1e-06
531    'tauGamma[5,2,3]'         0.0689342
532    'tauGamma[5,3,1]'     1e-06
533    'tauGamma[5,3,2]'         0.00347602
534    'tauGamma[5,3,3]'     1e-06
535    'tauGamma[6,1,1]'     1e-06
536    'tauGamma[6,1,2]'        -0.380437
537    'tauGamma[6,1,3]'     1e-06
538    'tauGamma[6,2,1]'         0.399506
539    'tauGamma[6,2,2]'     1e-06
540    'tauGamma[6,2,3]'         0.0494363
541    'tauGamma[6,3,1]'     1e-06
542    'tauGamma[6,3,2]'         0.0297574
543    'tauGamma[6,3,3]'     1e-06
544    'tauGamma[7,1,1]'     1e-06
545    'tauGamma[7,1,2]'        -0.381788
546    'tauGamma[7,1,3]'     1e-06
547    'tauGamma[7,2,1]'         0.400925
548    'tauGamma[7,2,2]'     1e-06
549    'tauGamma[7,2,3]'         0.0329746
550    'tauGamma[7,3,1]'     1e-06
551    'tauGamma[7,3,2]'         0.0519464
552    'tauGamma[7,3,3]'     1e-06
553    'tauGamma[8,1,1]'     1e-06
554    'tauGamma[8,1,2]'        -0.382839
555    'tauGamma[8,1,3]'     1e-06
556    'tauGamma[8,2,1]'         0.402028
557    'tauGamma[8,2,2]'     1e-06
558    'tauGamma[8,2,3]'         0.0201775
559    'tauGamma[8,3,1]'     1e-06
560    'tauGamma[8,3,2]'         0.0691957
561    'tauGamma[8,3,3]'     1e-06
562    'tauGamma[9,1,1]'     1e-06
563    'tauGamma[9,1,2]'        -0.383607
564    'tauGamma[9,1,3]'     1e-06
565    'tauGamma[9,2,1]'         0.402835
566    'tauGamma[9,2,2]'     1e-06
567    'tauGamma[9,2,3]'         0.0108099
568    'tauGamma[9,3,1]'     1e-06
569    'tauGamma[9,3,2]'         0.0818223
570    'tauGamma[9,3,3]'     1e-06
571    'tauGamma[10,1,1]'    1e-06
572    'tauGamma[10,1,2]'       -0.384147
573    'tauGamma[10,1,3]'    1e-06
574    'tauGamma[10,2,1]'        0.403402
575    'tauGamma[10,2,2]'    1e-06
576    'tauGamma[10,2,3]'        0.00423477
577    'tauGamma[10,3,1]'    1e-06
578    'tauGamma[10,3,2]'        0.0906851
579    'tauGamma[10,3,3]'    1e-06
580    'tauGamma[11,1,1]'    1e-06
581    'tauGamma[11,1,2]'       -0.384515
582    'tauGamma[11,1,3]'    1e-06
583    'tauGamma[11,2,1]'        0.403788
584    'tauGamma[11,2,2]'    1e-06
585    'tauGamma[11,2,3]'       -0.000250491
586    'tauGamma[11,3,1]'    1e-06
587    'tauGamma[11,3,2]'        0.0967308
588    'tauGamma[11,3,3]'    1e-06
589    'tauGamma[12,1,1]'    1e-06
590    'tauGamma[12,1,2]'       -0.384761
591    'tauGamma[12,1,3]'    1e-06
592    'tauGamma[12,2,1]'        0.404047
593    'tauGamma[12,2,2]'    1e-06
594    'tauGamma[12,2,3]'       -0.00325222
595    'tauGamma[12,3,1]'    1e-06
596    'tauGamma[12,3,2]'        0.100777
597    'tauGamma[12,3,3]'    1e-06
598    'tauGamma[13,1,1]'    1e-06
599    'tauGamma[13,1,2]'       -0.384924
600    'tauGamma[13,1,3]'    1e-06
601    'tauGamma[13,2,1]'        0.404218
602    'tauGamma[13,2,2]'    1e-06
603    'tauGamma[13,2,3]'       -0.00523573
604    'tauGamma[13,3,1]'    1e-06
605    'tauGamma[13,3,2]'        0.10345
606    'tauGamma[13,3,3]'    1e-06
607    'tauGamma[14,1,1]'    1e-06
608    'tauGamma[14,1,2]'       -0.385031
609    'tauGamma[14,1,3]'    1e-06
610    'tauGamma[14,2,1]'        0.40433
611    'tauGamma[14,2,2]'    1e-06
612    'tauGamma[14,2,3]'       -0.00653544
613    'tauGamma[14,3,1]'    1e-06
614    'tauGamma[14,3,2]'        0.105202
615    'tauGamma[14,3,3]'    1e-06
616    'tauGamma[15,1,1]'    1e-06
617    'tauGamma[15,1,2]'       -0.3851
618    'tauGamma[15,1,3]'    1e-06
619    'tauGamma[15,2,1]'        0.404403
620    'tauGamma[15,2,2]'    1e-06
621    'tauGamma[15,2,3]'       -0.00738217
622    'tauGamma[15,3,1]'    1e-06
623    'tauGamma[15,3,2]'        0.106344
624    'tauGamma[15,3,3]'    1e-06
625    'tauGamma[16,1,1]'    1e-06
626    'tauGamma[16,1,2]'       -0.3851
627    'tauGamma[16,1,3]'    1e-06
628    'tauGamma[16,2,1]'        0.404403
629    'tauGamma[16,2,2]'    1e-06
630    'tauGamma[16,2,3]'       -0.00738217
631    'tauGamma[16,3,1]'    1e-06
632    'tauGamma[16,3,2]'        0.106344
633    'tauGamma[16,3,3]'    1e-06
634    'tauGamma[17,1,1]'    1e-06
635    'tauGamma[17,1,2]'       -0.3851
636    'tauGamma[17,1,3]'    1e-06
637    'tauGamma[17,2,1]'        0.404403
638    'tauGamma[17,2,2]'    1e-06
639    'tauGamma[17,2,3]'       -0.00738217
640    'tauGamma[17,3,1]'    1e-06
641    'tauGamma[17,3,2]'        0.106344
642    'tauGamma[17,3,3]'    1e-06
643    'tauGamma[18,1,1]'    1e-06
644    'tauGamma[18,1,2]'       -0.3851
645    'tauGamma[18,1,3]'    1e-06
646    'tauGamma[18,2,1]'        0.404403
647    'tauGamma[18,2,2]'    1e-06
648    'tauGamma[18,2,3]'       -0.00738217
649    'tauGamma[18,3,1]'    1e-06
650    'tauGamma[18,3,2]'        0.106344
651    'tauGamma[18,3,3]'    1e-06
652    'tauGamma[19,1,1]'    1e-06
653    'tauGamma[19,1,2]'       -0.3851
654    'tauGamma[19,1,3]'    1e-06
655    'tauGamma[19,2,1]'        0.404403
656    'tauGamma[19,2,2]'    1e-06
657    'tauGamma[19,2,3]'       -0.00738217
658    'tauGamma[19,3,1]'    1e-06
659    'tauGamma[19,3,2]'        0.106344
660    'tauGamma[19,3,3]'    1e-06
661    'tauGamma[20,1,1]'    1e-06
662    'tauGamma[20,1,2]'       -0.3851
663    'tauGamma[20,1,3]'    1e-06
664    'tauGamma[20,2,1]'        0.404403
665    'tauGamma[20,2,2]'    1e-06
666    'tauGamma[20,2,3]'       -0.00738217
667    'tauGamma[20,3,1]'    1e-06
668    'tauGamma[20,3,2]'        0.106344
669    'tauGamma[20,3,3]'    1e-06
670    'tauGamma[21,1,1]'    1e-06
671    'tauGamma[21,1,2]'       -0.3851
672    'tauGamma[21,1,3]'    1e-06
673    'tauGamma[21,2,1]'        0.404403
674    'tauGamma[21,2,2]'    1e-06
675    'tauGamma[21,2,3]'       -0.00738217
676    'tauGamma[21,3,1]'    1e-06
677    'tauGamma[21,3,2]'        0.106344
678    'tauGamma[21,3,3]'    1e-06
679    'tauGamma[22,1,1]'    1e-06
680    'tauGamma[22,1,2]'       -0.3851
681    'tauGamma[22,1,3]'    1e-06
682    'tauGamma[22,2,1]'        0.404403
683    'tauGamma[22,2,2]'    1e-06
684    'tauGamma[22,2,3]'       -0.00738217
685    'tauGamma[22,3,1]'    1e-06
686    'tauGamma[22,3,2]'        0.106344
687    'tauGamma[22,3,3]'    1e-06
688    'tauGamma[23,1,1]'    1e-06
689    'tauGamma[23,1,2]'       -0.3851
690    'tauGamma[23,1,3]'    1e-06
691    'tauGamma[23,2,1]'        0.404403
692    'tauGamma[23,2,2]'    1e-06
693    'tauGamma[23,2,3]'       -0.00738217
694    'tauGamma[23,3,1]'    1e-06
695    'tauGamma[23,3,2]'        0.106344
696    'tauGamma[23,3,3]'    1e-06
697    'tauGamma[24,1,1]'    1e-06
698    'tauGamma[24,1,2]'       -0.3851
699    'tauGamma[24,1,3]'    1e-06
700    'tauGamma[24,2,1]'        0.404403
701    'tauGamma[24,2,2]'    1e-06
702    'tauGamma[24,2,3]'       -0.00738217
703    'tauGamma[24,3,1]'    1e-06
704    'tauGamma[24,3,2]'        0.106344
705    'tauGamma[24,3,3]'    1e-06
706    'tauGamma[25,1,1]'    1e-06
707    'tauGamma[25,1,2]'       -0.3851
708    'tauGamma[25,1,3]'    1e-06
709    'tauGamma[25,2,1]'        0.404403
710    'tauGamma[25,2,2]'    1e-06
711    'tauGamma[25,2,3]'       -0.00738217
712    'tauGamma[25,3,1]'    1e-06
713    'tauGamma[25,3,2]'        0.106344
714    'tauGamma[25,3,3]'    1e-06
715    'tauGamma[26,1,1]'    1e-06
716    'tauGamma[26,1,2]'       -0.3851
717    'tauGamma[26,1,3]'    1e-06
718    'tauGamma[26,2,1]'        0.404403
719    'tauGamma[26,2,2]'    1e-06
720    'tauGamma[26,2,3]'       -0.00738217
721    'tauGamma[26,3,1]'    1e-06
722    'tauGamma[26,3,2]'        0.106344
723    'tauGamma[26,3,3]'    1e-06
724    'tauGamma[27,1,1]'    1e-06
725    'tauGamma[27,1,2]'       -0.3851
726    'tauGamma[27,1,3]'    1e-06
727    'tauGamma[27,2,1]'        0.404403
728    'tauGamma[27,2,2]'    1e-06
729    'tauGamma[27,2,3]'       -0.00738217
730    'tauGamma[27,3,1]'    1e-06
731    'tauGamma[27,3,2]'        0.106344
732    'tauGamma[27,3,3]'    1e-06
733    'tauGamma[28,1,1]'    1e-06
734    'tauGamma[28,1,2]'       -0.3851
735    'tauGamma[28,1,3]'    1e-06
736    'tauGamma[28,2,1]'        0.404403
737    'tauGamma[28,2,2]'    1e-06
738    'tauGamma[28,2,3]'       -0.00738217
739    'tauGamma[28,3,1]'    1e-06
740    'tauGamma[28,3,2]'        0.106344
741    'tauGamma[28,3,3]'    1e-06
742    'tauGamma[29,1,1]'    1e-06
743    'tauGamma[29,1,2]'       -0.385103
744    'tauGamma[29,1,3]'    1e-06
745    'tauGamma[29,2,1]'        0.404405
746    'tauGamma[29,2,2]'    1e-06
747    'tauGamma[29,2,3]'       -0.0074083
748    'tauGamma[29,3,1]'    1e-06
749    'tauGamma[29,3,2]'        0.106379
750    'tauGamma[29,3,3]'    1e-06
751    'tauGamma[30,1,1]'    1e-06
752    'tauGamma[30,1,2]'       -0.394285
753    'tauGamma[30,1,3]'    1e-06
754    'tauGamma[30,2,1]'        0.414048
755    'tauGamma[30,2,2]'    1e-06
756    'tauGamma[30,2,3]'       -0.1193
757    'tauGamma[30,3,1]'    1e-06
758    'tauGamma[30,3,2]'        0.257198
759    'tauGamma[30,3,3]'    1e-06
760    'PGamma[1,1,1]'           1
761    'PGamma[1,1,2]'           1.11841
762    'PGamma[1,1,3]'           1
763    'PGamma[1,2,1]'           0.889123
764    'PGamma[1,2,2]'           1
765    'PGamma[1,2,3]'           0.972462
766    'PGamma[1,3,1]'           1
767    'PGamma[1,3,2]'           1.01853
768    'PGamma[1,3,3]'           1
769    'PGamma[2,1,1]'           1
770    'PGamma[2,1,2]'           1.1188
771    'PGamma[2,1,3]'           1
772    'PGamma[2,2,1]'           0.888803
773    'PGamma[2,2,2]'           1
774    'PGamma[2,2,3]'           0.975169
775    'PGamma[2,3,1]'           1
776    'PGamma[2,3,2]'           1.01472
777    'PGamma[2,3,3]'           1
778    'PGamma[3,1,1]'           1
779    'PGamma[3,1,2]'           1.11925
780    'PGamma[3,1,3]'           1
781    'PGamma[3,2,1]'           0.888424
782    'PGamma[3,2,2]'           1
783    'PGamma[3,2,3]'           0.978391
784    'PGamma[3,3,1]'           1
785    'PGamma[3,3,2]'           1.01022
786    'PGamma[3,3,3]'           1
787    'PGamma[4,1,1]'           1
788    'PGamma[4,1,2]'           1.11979
789    'PGamma[4,1,3]'           1
790    'PGamma[4,2,1]'           0.887976
791    'PGamma[4,2,2]'           1
792    'PGamma[4,2,3]'           0.982221
793    'PGamma[4,3,1]'           1
794    'PGamma[4,3,2]'           1.00491
795    'PGamma[4,3,3]'           1
796    'PGamma[5,1,1]'           1
797    'PGamma[5,1,2]'           1.12036
798    'PGamma[5,1,3]'           1
799    'PGamma[5,2,1]'           0.887499
800    'PGamma[5,2,2]'           1
801    'PGamma[5,2,3]'           0.986308
802    'PGamma[5,3,1]'           1
803    'PGamma[5,3,2]'           0.999305
804    'PGamma[5,3,3]'           1
805    'PGamma[6,1,1]'           1
806    'PGamma[6,1,2]'           1.1209
807    'PGamma[6,1,3]'           1
808    'PGamma[6,2,1]'           0.887052
809    'PGamma[6,2,2]'           1
810    'PGamma[6,2,3]'           0.990161
811    'PGamma[6,3,1]'           1
812    'PGamma[6,3,2]'           0.994066
813    'PGamma[6,3,3]'           1
814    'PGamma[7,1,1]'           1
815    'PGamma[7,1,2]'           1.12135
816    'PGamma[7,1,3]'           1
817    'PGamma[7,2,1]'           0.886674
818    'PGamma[7,2,2]'           1
819    'PGamma[7,2,3]'           0.993427
820    'PGamma[7,3,1]'           1
821    'PGamma[7,3,2]'           0.989665
822    'PGamma[7,3,3]'           1
823    'PGamma[8,1,1]'           1
824    'PGamma[8,1,2]'           1.12171
825    'PGamma[8,1,3]'           1
826    'PGamma[8,2,1]'           0.886381
827    'PGamma[8,2,2]'           1
828    'PGamma[8,2,3]'           0.995973
829    'PGamma[8,3,1]'           1
830    'PGamma[8,3,2]'           0.986256
831    'PGamma[8,3,3]'           1
832    'PGamma[9,1,1]'           1
833    'PGamma[9,1,2]'           1.12197
834    'PGamma[9,1,3]'           1
835    'PGamma[9,2,1]'           0.886166
836    'PGamma[9,2,2]'           1
837    'PGamma[9,2,3]'           0.99784
838    'PGamma[9,3,1]'           1
839    'PGamma[9,3,2]'           0.983769
840    'PGamma[9,3,3]'           1
841    'PGamma[10,1,1]'          1
842    'PGamma[10,1,2]'          1.12215
843    'PGamma[10,1,3]'          1
844    'PGamma[10,2,1]'          0.886016
845    'PGamma[10,2,2]'          1
846    'PGamma[10,2,3]'          0.999153
847    'PGamma[10,3,1]'          1
848    'PGamma[10,3,2]'          0.982026
849    'PGamma[10,3,3]'          1
850    'PGamma[11,1,1]'          1
851    'PGamma[11,1,2]'          1.12227
852    'PGamma[11,1,3]'          1
853    'PGamma[11,2,1]'          0.885913
854    'PGamma[11,2,2]'          1
855    'PGamma[11,2,3]'          1.00005
856    'PGamma[11,3,1]'          1
857    'PGamma[11,3,2]'          0.98084
858    'PGamma[11,3,3]'          1
859    'PGamma[12,1,1]'          1
860    'PGamma[12,1,2]'          1.12235
861    'PGamma[12,1,3]'          1
862    'PGamma[12,2,1]'          0.885844
863    'PGamma[12,2,2]'          1
864    'PGamma[12,2,3]'          1.00065
865    'PGamma[12,3,1]'          1
866    'PGamma[12,3,2]'          0.980046
867    'PGamma[12,3,3]'          1
868    'PGamma[13,1,1]'          1
869    'PGamma[13,1,2]'          1.12241
870    'PGamma[13,1,3]'          1
871    'PGamma[13,2,1]'          0.885799
872    'PGamma[13,2,2]'          1
873    'PGamma[13,2,3]'          1.00105
874    'PGamma[13,3,1]'          1
875    'PGamma[13,3,2]'          0.979522
876    'PGamma[13,3,3]'          1
877    'PGamma[14,1,1]'          1
878    'PGamma[14,1,2]'          1.12244
879    'PGamma[14,1,3]'          1
880    'PGamma[14,2,1]'          0.885769
881    'PGamma[14,2,2]'          1
882    'PGamma[14,2,3]'          1.00131
883    'PGamma[14,3,1]'          1
884    'PGamma[14,3,2]'          0.979179
885    'PGamma[14,3,3]'          1
886    'PGamma[15,1,1]'          1
887    'PGamma[15,1,2]'          1.12247
888    'PGamma[15,1,3]'          1
889    'PGamma[15,2,1]'          0.88575
890    'PGamma[15,2,2]'          1
891    'PGamma[15,2,3]'          1.00148
892    'PGamma[15,3,1]'          1
893    'PGamma[15,3,2]'          0.978956
894    'PGamma[15,3,3]'          1
895    'PGamma[16,1,1]'          1
896    'PGamma[16,1,2]'          1.12247
897    'PGamma[16,1,3]'          1
898    'PGamma[16,2,1]'          0.88575
899    'PGamma[16,2,2]'          1
900    'PGamma[16,2,3]'          1.00148
901    'PGamma[16,3,1]'          1
902    'PGamma[16,3,2]'          0.978956
903    'PGamma[16,3,3]'          1
904    'PGamma[17,1,1]'          1
905    'PGamma[17,1,2]'          1.12247
906    'PGamma[17,1,3]'          1
907    'PGamma[17,2,1]'          0.88575
908    'PGamma[17,2,2]'          1
909    'PGamma[17,2,3]'          1.00148
910    'PGamma[17,3,1]'          1
911    'PGamma[17,3,2]'          0.978956
912    'PGamma[17,3,3]'          1
913    'PGamma[18,1,1]'          1
914    'PGamma[18,1,2]'          1.12247
915    'PGamma[18,1,3]'          1
916    'PGamma[18,2,1]'          0.88575
917    'PGamma[18,2,2]'          1
918    'PGamma[18,2,3]'          1.00148
919    'PGamma[18,3,1]'          1
920    'PGamma[18,3,2]'          0.978956
921    'PGamma[18,3,3]'          1
922    'PGamma[19,1,1]'          1
923    'PGamma[19,1,2]'          1.12247
924    'PGamma[19,1,3]'          1
925    'PGamma[19,2,1]'          0.88575
926    'PGamma[19,2,2]'          1
927    'PGamma[19,2,3]'          1.00148
928    'PGamma[19,3,1]'          1
929    'PGamma[19,3,2]'          0.978956
930    'PGamma[19,3,3]'          1
931    'PGamma[20,1,1]'          1
932    'PGamma[20,1,2]'          1.12247
933    'PGamma[20,1,3]'          1
934    'PGamma[20,2,1]'          0.88575
935    'PGamma[20,2,2]'          1
936    'PGamma[20,2,3]'          1.00148
937    'PGamma[20,3,1]'          1
938    'PGamma[20,3,2]'          0.978956
939    'PGamma[20,3,3]'          1
940    'PGamma[21,1,1]'          1
941    'PGamma[21,1,2]'          1.12247
942    'PGamma[21,1,3]'          1
943    'PGamma[21,2,1]'          0.88575
944    'PGamma[21,2,2]'          1
945    'PGamma[21,2,3]'          1.00148
946    'PGamma[21,3,1]'          1
947    'PGamma[21,3,2]'          0.978956
948    'PGamma[21,3,3]'          1
949    'PGamma[22,1,1]'          1
950    'PGamma[22,1,2]'          1.12247
951    'PGamma[22,1,3]'          1
952    'PGamma[22,2,1]'          0.88575
953    'PGamma[22,2,2]'          1
954    'PGamma[22,2,3]'          1.00148
955    'PGamma[22,3,1]'          1
956    'PGamma[22,3,2]'          0.978956
957    'PGamma[22,3,3]'          1
958    'PGamma[23,1,1]'          1
959    'PGamma[23,1,2]'          1.12247
960    'PGamma[23,1,3]'          1
961    'PGamma[23,2,1]'          0.88575
962    'PGamma[23,2,2]'          1
963    'PGamma[23,2,3]'          1.00148
964    'PGamma[23,3,1]'          1
965    'PGamma[23,3,2]'          0.978956
966    'PGamma[23,3,3]'          1
967    'PGamma[24,1,1]'          1
968    'PGamma[24,1,2]'          1.12247
969    'PGamma[24,1,3]'          1
970    'PGamma[24,2,1]'          0.88575
971    'PGamma[24,2,2]'          1
972    'PGamma[24,2,3]'          1.00148
973    'PGamma[24,3,1]'          1
974    'PGamma[24,3,2]'          0.978956
975    'PGamma[24,3,3]'          1
976    'PGamma[25,1,1]'          1
977    'PGamma[25,1,2]'          1.12247
978    'PGamma[25,1,3]'          1
979    'PGamma[25,2,1]'          0.88575
980    'PGamma[25,2,2]'          1
981    'PGamma[25,2,3]'          1.00148
982    'PGamma[25,3,1]'          1
983    'PGamma[25,3,2]'          0.978956
984    'PGamma[25,3,3]'          1
985    'PGamma[26,1,1]'          1
986    'PGamma[26,1,2]'          1.12247
987    'PGamma[26,1,3]'          1
988    'PGamma[26,2,1]'          0.88575
989    'PGamma[26,2,2]'          1
990    'PGamma[26,2,3]'          1.00148
991    'PGamma[26,3,1]'          1
992    'PGamma[26,3,2]'          0.978956
993    'PGamma[26,3,3]'          1
994    'PGamma[27,1,1]'          1
995    'PGamma[27,1,2]'          1.12247
996    'PGamma[27,1,3]'          1
997    'PGamma[27,2,1]'          0.88575
998    'PGamma[27,2,2]'          1
999    'PGamma[27,2,3]'          1.00148
1000   'PGamma[27,3,1]'          1
1001   'PGamma[27,3,2]'          0.978956
1002   'PGamma[27,3,3]'          1
1003   'PGamma[28,1,1]'          1
1004   'PGamma[28,1,2]'          1.12247
1005   'PGamma[28,1,3]'          1
1006   'PGamma[28,2,1]'          0.88575
1007   'PGamma[28,2,2]'          1
1008   'PGamma[28,2,3]'          1.00148
1009   'PGamma[28,3,1]'          1
1010   'PGamma[28,3,2]'          0.978956
1011   'PGamma[28,3,3]'          1
1012   'PGamma[29,1,1]'          1
1013   'PGamma[29,1,2]'          1.12247
1014   'PGamma[29,1,3]'          1
1015   'PGamma[29,2,1]'          0.885749
1016   'PGamma[29,2,2]'          1
1017   'PGamma[29,2,3]'          1.00148
1018   'PGamma[29,3,1]'          1
1019   'PGamma[29,3,2]'          0.978949
1020   'PGamma[29,3,3]'          1
1021   'PGamma[30,1,1]'          1
1022   'PGamma[30,1,2]'          1.12557
1023   'PGamma[30,1,3]'          1
1024   'PGamma[30,2,1]'          0.88319
1025   'PGamma[30,2,2]'          1
1026   'PGamma[30,2,3]'          1.02415
1027   'PGamma[30,3,1]'          1
1028   'PGamma[30,3,2]'          0.949861
1029   'PGamma[30,3,3]'          1
1030   'SGamma1[1,1]'            0.181561
1031   'SGamma1[1,2]'           -0.0469422
1032   'SGamma1[1,3]'            0.070778
1033   'SGamma1[2,1]'            0.195951
1034   'SGamma1[2,2]'           -0.0393006
1035   'SGamma1[2,3]'            0.0687883
1036   'SGamma1[3,1]'            0.198892
1037   'SGamma1[3,2]'           -0.0384057
1038   'SGamma1[3,3]'            0.0606692
1039   'SGamma1[4,1]'            0.194446
1040   'SGamma1[4,2]'           -0.0425939
1041   'SGamma1[4,3]'            0.0487124
1042   'SGamma1[5,1]'            0.185995
1043   'SGamma1[5,2]'           -0.0504135
1044   'SGamma1[5,3]'            0.0358173
1045   'SGamma1[6,1]'            0.176348
1046   'SGamma1[6,2]'           -0.0600022
1047   'SGamma1[6,3]'            0.0243589
1048   'SGamma1[7,1]'            0.16742
1049   'SGamma1[7,2]'           -0.0695259
1050   'SGamma1[7,3]'            0.015428
1051   'SGamma1[8,1]'            0.160127
1052   'SGamma1[8,2]'           -0.0777577
1053   'SGamma1[8,3]'            0.00903083
1054   'SGamma1[9,1]'            0.154635
1055   'SGamma1[9,2]'           -0.0842209
1056   'SGamma1[9,3]'            0.00467304
1057   'SGamma1[10,1]'           0.150713
1058   'SGamma1[10,2]'          -0.0889717
1059   'SGamma1[10,3]'           0.00178473
1060   'SGamma1[11,1]'           0.148011
1061   'SGamma1[11,2]'          -0.0923116
1062   'SGamma1[11,3]'          -0.000103062
1063   'SGamma1[12,1]'           0.146191
1064   'SGamma1[12,2]'          -0.0945909
1065   'SGamma1[12,3]'          -0.00132861
1066   'SGamma1[13,1]'           0.144984
1067   'SGamma1[13,2]'          -0.0961162
1068   'SGamma1[13,3]'          -0.00212167
1069   'SGamma1[14,1]'           0.144191
1070   'SGamma1[14,2]'          -0.0971238
1071   'SGamma1[14,3]'          -0.00263405
1072   'SGamma1[15,1]'           0.143673
1073   'SGamma1[15,2]'          -0.0977837
1074   'SGamma1[15,3]'          -0.00296474
1075   'SGamma1[16,1]'           0.143673
1076   'SGamma1[16,2]'          -0.0977837
1077   'SGamma1[16,3]'          -0.00296474
1078   'SGamma1[17,1]'           0.143673
1079   'SGamma1[17,2]'          -0.0977837
1080   'SGamma1[17,3]'          -0.00296474
1081   'SGamma1[18,1]'           0.143673
1082   'SGamma1[18,2]'          -0.0977837
1083   'SGamma1[18,3]'          -0.00296474
1084   'SGamma1[19,1]'           0.143673
1085   'SGamma1[19,2]'          -0.0977837
1086   'SGamma1[19,3]'          -0.00296474
1087   'SGamma1[20,1]'           0.143673
1088   'SGamma1[20,2]'          -0.0977837
1089   'SGamma1[20,3]'          -0.00296474
1090   'SGamma1[21,1]'           0.143673
1091   'SGamma1[21,2]'          -0.0977837
1092   'SGamma1[21,3]'          -0.00296474
1093   'SGamma1[22,1]'           0.143673
1094   'SGamma1[22,2]'          -0.0977837
1095   'SGamma1[22,3]'          -0.00296474
1096   'SGamma1[23,1]'           0.143673
1097   'SGamma1[23,2]'          -0.0977837
1098   'SGamma1[23,3]'          -0.00296474
1099   'SGamma1[24,1]'           0.143673
1100   'SGamma1[24,2]'          -0.0977837
1101   'SGamma1[24,3]'          -0.00296474
1102   'SGamma1[25,1]'           0.143673
1103   'SGamma1[25,2]'          -0.0977837
1104   'SGamma1[25,3]'          -0.00296474
1105   'SGamma1[26,1]'           0.143673
1106   'SGamma1[26,2]'          -0.0977837
1107   'SGamma1[26,3]'          -0.00296474
1108   'SGamma1[27,1]'           0.143673
1109   'SGamma1[27,2]'          -0.0977837
1110   'SGamma1[27,3]'          -0.00296474
1111   'SGamma1[28,1]'           0.143674
1112   'SGamma1[28,2]'          -0.0977837
1113   'SGamma1[28,3]'          -0.00296474
1114   'SGamma1[29,1]'           0.143684
1115   'SGamma1[29,2]'          -0.0978053
1116   'SGamma1[29,3]'          -0.00297546
1117   'SGamma1[30,1]'           0.139375
1118   'SGamma1[30,2]'          -0.220271
1119   'SGamma1[30,3]'          -0.0465664
1120   'SGamma2[1,1]'            0.942202
1121   'SGamma2[1,2]'            1.00954
1122   'SGamma2[1,3]'            0.985645
1123   'SGamma2[2,1]'            0.93761
1124   'SGamma2[2,2]'            1.0085
1125   'SGamma2[2,3]'            0.986068
1126   'SGamma2[3,1]'            0.93666
1127   'SGamma2[3,2]'            1.00921
1128   'SGamma2[3,3]'            0.987733
1129   'SGamma2[4,1]'            0.938059
1130   'SGamma2[4,2]'            1.01132
1131   'SGamma2[4,3]'            0.99017
1132   'SGamma2[5,1]'            0.940735
1133   'SGamma2[5,2]'            1.0144
1134   'SGamma2[5,3]'            0.992787
1135   'SGamma2[6,1]'            0.943795
1136   'SGamma2[6,2]'            1.01784
1137   'SGamma2[6,3]'            0.995104
1138   'SGamma2[7,1]'            0.946629
1139   'SGamma2[7,2]'            1.02109
1140   'SGamma2[7,3]'            0.996904
1141   'SGamma2[8,1]'            0.948945
1142   'SGamma2[8,2]'            1.02382
1143   'SGamma2[8,3]'            0.99819
1144   'SGamma2[9,1]'            0.95069
1145   'SGamma2[9,2]'            1.02592
1146   'SGamma2[9,3]'            0.999064
1147   'SGamma2[10,1]'           0.951937
1148   'SGamma2[10,2]'           1.02745
1149   'SGamma2[10,3]'           0.999643
1150   'SGamma2[11,1]'           0.952796
1151   'SGamma2[11,2]'           1.02851
1152   'SGamma2[11,3]'           1.00002
1153   'SGamma2[12,1]'           0.953374
1154   'SGamma2[12,2]'           1.02924
1155   'SGamma2[12,3]'           1.00027
1156   'SGamma2[13,1]'           0.953758
1157   'SGamma2[13,2]'           1.02972
1158   'SGamma2[13,3]'           1.00042
1159   'SGamma2[14,1]'           0.95401
1160   'SGamma2[14,2]'           1.03003
1161   'SGamma2[14,3]'           1.00053
1162   'SGamma2[15,1]'           0.954175
1163   'SGamma2[15,2]'           1.03024
1164   'SGamma2[15,3]'           1.00059
1165   'SGamma2[16,1]'           0.954175
1166   'SGamma2[16,2]'           1.03024
1167   'SGamma2[16,3]'           1.00059
1168   'SGamma2[17,1]'           0.954175
1169   'SGamma2[17,2]'           1.03024
1170   'SGamma2[17,3]'           1.00059
1171   'SGamma2[18,1]'           0.954175
1172   'SGamma2[18,2]'           1.03024
1173   'SGamma2[18,3]'           1.00059
1174   'SGamma2[19,1]'           0.954175
1175   'SGamma2[19,2]'           1.03024
1176   'SGamma2[19,3]'           1.00059
1177   'SGamma2[20,1]'           0.954175
1178   'SGamma2[20,2]'           1.03024
1179   'SGamma2[20,3]'           1.00059
1180   'SGamma2[21,1]'           0.954175
1181   'SGamma2[21,2]'           1.03024
1182   'SGamma2[21,3]'           1.00059
1183   'SGamma2[22,1]'           0.954175
1184   'SGamma2[22,2]'           1.03024
1185   'SGamma2[22,3]'           1.00059
1186   'SGamma2[23,1]'           0.954175
1187   'SGamma2[23,2]'           1.03024
1188   'SGamma2[23,3]'           1.00059
1189   'SGamma2[24,1]'           0.954175
1190   'SGamma2[24,2]'           1.03024
1191   'SGamma2[24,3]'           1.00059
1192   'SGamma2[25,1]'           0.954175
1193   'SGamma2[25,2]'           1.03024
1194   'SGamma2[25,3]'           1.00059
1195   'SGamma2[26,1]'           0.954175
1196   'SGamma2[26,2]'           1.03024
1197   'SGamma2[26,3]'           1.00059
1198   'SGamma2[27,1]'           0.954175
1199   'SGamma2[27,2]'           1.03024
1200   'SGamma2[27,3]'           1.00059
1201   'SGamma2[28,1]'           0.954175
1202   'SGamma2[28,2]'           1.03024
1203   'SGamma2[28,3]'           1.00059
1204   'SGamma2[29,1]'           0.954171
1205   'SGamma2[29,2]'           1.03025
1206   'SGamma2[29,3]'           1.00059
1207   'SGamma2[30,1]'           0.95548
1208   'SGamma2[30,2]'           1.06382
1209   'SGamma2[30,3]'           1.0092
1210   'gamma[1,1]'              0.968858
1211   'gamma[1,2]'              1.01041
1212   'gamma[1,3]'              1.01229
1213   'gamma[2,1]'              0.966868
1214   'gamma[2,2]'              1.00938
1215   'gamma[2,3]'              1.01661
1216   'gamma[3,1]'              0.966342
1217   'gamma[3,2]'              1.00937
1218   'gamma[3,3]'              1.02025
1219   'gamma[4,1]'              0.966924
1220   'gamma[4,2]'              1.00992
1221   'gamma[4,3]'              1.02332
1222   'gamma[5,1]'              0.96838
1223   'gamma[5,2]'              1.01061
1224   'gamma[5,3]'              1.02565
1225   'gamma[6,1]'              0.970303
1226   'gamma[6,2]'              1.01114
1227   'gamma[6,3]'              1.02713
1228   'gamma[7,1]'              0.972242
1229   'gamma[7,2]'              1.01142
1230   'gamma[7,3]'              1.02788
1231   'gamma[8,1]'              0.973903
1232   'gamma[8,2]'              1.01149
1233   'gamma[8,3]'              1.02816
1234   'gamma[9,1]'              0.975185
1235   'gamma[9,2]'              1.01145
1236   'gamma[9,3]'              1.02821
1237   'gamma[10,1]'             0.976112
1238   'gamma[10,2]'             1.01137
1239   'gamma[10,3]'             1.02815
1240   'gamma[11,1]'             0.976754
1241   'gamma[11,2]'             1.01129
1242   'gamma[11,3]'             1.02808
1243   'gamma[12,1]'             0.977188
1244   'gamma[12,2]'             1.01122
1245   'gamma[12,3]'             1.02801
1246   'gamma[13,1]'             0.977476
1247   'gamma[13,2]'             1.01118
1248   'gamma[13,3]'             1.02796
1249   'gamma[14,1]'             0.977665
1250   'gamma[14,2]'             1.01114
1251   'gamma[14,3]'             1.02793
1252   'gamma[15,1]'             0.977789
1253   'gamma[15,2]'             1.01112
1254   'gamma[15,3]'             1.0279
1255   'gamma[16,1]'             0.977789
1256   'gamma[16,2]'             1.01112
1257   'gamma[16,3]'             1.0279
1258   'gamma[17,1]'             0.977789
1259   'gamma[17,2]'             1.01112
1260   'gamma[17,3]'             1.0279
1261   'gamma[18,1]'             0.977789
1262   'gamma[18,2]'             1.01112
1263   'gamma[18,3]'             1.0279
1264   'gamma[19,1]'             0.977789
1265   'gamma[19,2]'             1.01112
1266   'gamma[19,3]'             1.0279
1267   'gamma[20,1]'             0.977789
1268   'gamma[20,2]'             1.01112
1269   'gamma[20,3]'             1.0279
1270   'gamma[21,1]'             0.977789
1271   'gamma[21,2]'             1.01112
1272   'gamma[21,3]'             1.0279
1273   'gamma[22,1]'             0.977789
1274   'gamma[22,2]'             1.01112
1275   'gamma[22,3]'             1.0279
1276   'gamma[23,1]'             0.977789
1277   'gamma[23,2]'             1.01112
1278   'gamma[23,3]'             1.0279
1279   'gamma[24,1]'             0.977789
1280   'gamma[24,2]'             1.01112
1281   'gamma[24,3]'             1.0279
1282   'gamma[25,1]'             0.977789
1283   'gamma[25,2]'             1.01112
1284   'gamma[25,3]'             1.0279
1285   'gamma[26,1]'             0.977789
1286   'gamma[26,2]'             1.01112
1287   'gamma[26,3]'             1.0279
1288   'gamma[27,1]'             0.977789
1289   'gamma[27,2]'             1.01112
1290   'gamma[27,3]'             1.0279
1291   'gamma[28,1]'             0.977789
1292   'gamma[28,2]'             1.01112
1293   'gamma[28,3]'             1.0279
1294   'gamma[29,1]'             0.977791
1295   'gamma[29,2]'             1.01111
1296   'gamma[29,3]'             1.02791
1297   'gamma[30,1]'             0.991602
1298   'gamma[30,2]'             0.995092
1299   'gamma[30,3]'             1.0336
1300   'PrS[1,1]'           287160
1301   'PrS[1,2]'           115468
1302   'PrS[1,3]'            80264.3
1303   'PrS[2,1]'           276340
1304   'PrS[2,2]'           110794
1305   'PrS[2,3]'            76837.2
1306   'PrS[3,1]'           264010
1307   'PrS[3,2]'           105481
1308   'PrS[3,3]'            72952.9
1309   'PrS[4,1]'           250085
1310   'PrS[4,2]'            99497
1311   'PrS[4,3]'            68594.1
1312   'PrS[5,1]'           236059
1313   'PrS[5,2]'            93489.5
1314   'PrS[5,3]'            64235.6
1315   'PrS[6,1]'           223576
1316   'PrS[6,2]'            88160.1
1317   'PrS[6,3]'            60384.5
1318   'PrS[7,1]'           213531
1319   'PrS[7,2]'            83885
1320   'PrS[7,3]'            57306.2
1321   'PrS[8,1]'           206024
1322   'PrS[8,2]'            80697.4
1323   'PrS[8,3]'            55017.6
1324   'PrS[9,1]'           200690
1325   'PrS[9,2]'            78436.9
1326   'PrS[9,3]'            53398.2
1327   'PrS[10,1]'          197025
1328   'PrS[10,2]'           76886.1
1329   'PrS[10,3]'           52288.9
1330   'PrS[11,1]'          194562
1331   'PrS[11,2]'           75844.9
1332   'PrS[11,3]'           51544.9
1333   'PrS[12,1]'          192930
1334   'PrS[12,2]'           75155.5
1335   'PrS[12,3]'           51052.7
1336   'PrS[13,1]'          191859
1337   'PrS[13,2]'           74703.2
1338   'PrS[13,3]'           50729.9
1339   'PrS[14,1]'          191161
1340   'PrS[14,2]'           74408.2
1341   'PrS[14,3]'           50519.5
1342   'PrS[15,1]'          190707
1343   'PrS[15,2]'           74216.6
1344   'PrS[15,3]'           50382.8
1345   'PrS[16,1]'          190707
1346   'PrS[16,2]'           74216.6
1347   'PrS[16,3]'           50382.8
1348   'PrS[17,1]'          190707
1349   'PrS[17,2]'           74216.6
1350   'PrS[17,3]'           50382.8
1351   'PrS[18,1]'          190707
1352   'PrS[18,2]'           74216.6
1353   'PrS[18,3]'           50382.8
1354   'PrS[19,1]'          190707
1355   'PrS[19,2]'           74216.6
1356   'PrS[19,3]'           50382.8
1357   'PrS[20,1]'          190707
1358   'PrS[20,2]'           74216.6
1359   'PrS[20,3]'           50382.8
1360   'PrS[21,1]'          190707
1361   'PrS[21,2]'           74216.6
1362   'PrS[21,3]'           50382.8
1363   'PrS[22,1]'          190707
1364   'PrS[22,2]'           74216.6
1365   'PrS[22,3]'           50382.8
1366   'PrS[23,1]'          190707
1367   'PrS[23,2]'           74216.6
1368   'PrS[23,3]'           50382.8
1369   'PrS[24,1]'          190707
1370   'PrS[24,2]'           74216.6
1371   'PrS[24,3]'           50382.8
1372   'PrS[25,1]'          190707
1373   'PrS[25,2]'           74216.6
1374   'PrS[25,3]'           50382.8
1375   'PrS[26,1]'          190707
1376   'PrS[26,2]'           74216.6
1377   'PrS[26,3]'           50382.8
1378   'PrS[27,1]'          190707
1379   'PrS[27,2]'           74216.6
1380   'PrS[27,3]'           50382.8
1381   'PrS[28,1]'          190707
1382   'PrS[28,2]'           74216.6
1383   'PrS[28,3]'           50382.8
1384   'PrS[29,1]'          190693
1385   'PrS[29,2]'           74210.7
1386   'PrS[29,3]'           50378.6
1387   'PrS[30,1]'          139022
1388   'PrS[30,2]'           52611.6
1389   'PrS[30,3]'           35129.9
1390   'PrSF[1]'            189475
1391   'PrSF[2]'             73696.9
1392   'PrSF[3]'             50012.2
;

