solve_message = 'MINOS 5.51: infeasible problem (or bad starting guess).\
1239 iterations\
Nonlin evals: constrs = 378, Jac = 378.'

:          _varname              _var          :=
1     'F[2]'                    0
2     'F[3]'                    0
3     'F[4]'                    0
4     'F[5]'                    0
5     'F[6]'                    0
6     'F[7]'                    0
7     'F[8]'                  200
8     'F[9]'                    0
9     'F[10]'                   0
10    'F[11]'                   0
11    'F[12]'                   0
12    'F[13]'                   0
13    'F[14]'                   0
14    'V[1]'                  151.809
15    'V[2]'                  156.554
16    'V[3]'                  166.429
17    'V[4]'                  162.794
18    'V[5]'                  170.795
19    'V[6]'                  167.479
20    'V[7]'                  168.033
21    'V[8]'                  167.831
22    'V[9]'                  166.889
23    'V[10]'                 167.501
24    'V[11]'                 166.998
25    'V[12]'                 167.209
26    'V[13]'                 167.59
27    'V[14]'                 168.033
28    'V[15]'                   0
29    'y[1,1]'                  0.00755088
30    'y[1,2]'                  0.719881
31    'y[1,3]'                  0.272568
32    'y[2,1]'                  0
33    'y[2,2]'                  0.703693
34    'y[2,3]'                  0.296307
35    'y[3,1]'                  0.00451598
36    'y[3,2]'                  0.995484
37    'y[3,3]'                  0
38    'y[4,1]'                  0.0197071
39    'y[4,2]'                  0.980293
40    'y[4,3]'                  0
41    'y[5,1]'                  0.0665177
42    'y[5,2]'                  0.879102
43    'y[5,3]'                  0.0543805
44    'y[6,1]'                  0.100812
45    'y[6,2]'                  0.717017
46    'y[6,3]'                  0.182171
47    'y[7,1]'                  0.241883
48    'y[7,2]'                  0.604258
49    'y[7,3]'                  0.153859
50    'y[8,1]'                  0.386202
51    'y[8,2]'                  0.448877
52    'y[8,3]'                  0.16492
53    'y[9,1]'                  0.360606
54    'y[9,2]'                  0.448566
55    'y[9,3]'                  0.190828
56    'y[10,1]'                 0.373899
57    'y[10,2]'                 0.463185
58    'y[10,3]'                 0.162916
59    'y[11,1]'                 0.379044
60    'y[11,2]'                 0.440046
61    'y[11,3]'                 0.18091
62    'y[12,1]'                 0.368675
63    'y[12,2]'                 0.447704
64    'y[12,3]'                 0.183621
65    'y[13,1]'                 0.394666
66    'y[13,2]'                 0.445177
67    'y[13,3]'                 0.160157
68    'y[14,1]'                 0.398083
69    'y[14,2]'                 0.447842
70    'y[14,3]'                 0.154075
71    'y[15,1]'                 0.433808
72    'y[15,2]'                 0.438637
73    'y[15,3]'                 0.127555
74    'L[1]'                    0
75    'L[2]'                  227.848
76    'L[3]'                  232.593
77    'L[4]'                  242.467
78    'L[5]'                  238.832
79    'L[6]'                  228.533
80    'L[7]'                  225.217
81    'L[8]'                  225.772
82    'L[9]'                   25.5694
83    'L[10]'                  24.6273
84    'L[11]'                  25.2397
85    'L[12]'                  24.737
86    'L[13]'                  24.9474
87    'L[14]'                  25.3288
88    'L[15]'                  25.772
89    'x[1,1]'                  0.145835
90    'x[1,2]'                  0.411816
91    'x[1,3]'                  0.442349
92    'x[2,1]'                  0.00938844
93    'x[2,2]'                  0.448815
94    'x[2,3]'                  0.541796
95    'x[3,1]'                  0.00112855
96    'x[3,2]'                  0.693234
97    'x[3,3]'                  0.305638
98    'x[4,1]'                  0.00544677
99    'x[4,2]'                  0.994216
100   'x[4,3]'                  0.000337039
101   'x[5,1]'                  0.0199979
102   'x[5,2]'                  0.924995
103   'x[5,3]'                  0.0550074
104   'x[6,1]'                  0.0342784
105   'x[6,2]'                  0.759052
106   'x[6,3]'                  0.206669
107   'x[7,1]'                  0.0995037
108   'x[7,2]'                  0.612548
109   'x[7,3]'                  0.287948
110   'x[8,1]'                  0.185983
111   'x[8,2]'                  0.532844
112   'x[8,3]'                  0.281173
113   'x[9,1]'                  0.171937
114   'x[9,2]'                  0.514894
115   'x[9,3]'                  0.313169
116   'x[10,1]'                 0.183295
117   'x[10,2]'                 0.542839
118   'x[10,3]'                 0.273866
119   'x[11,1]'                 0.180375
120   'x[11,2]'                 0.515705
121   'x[11,3]'                 0.30392
122   'x[12,1]'                 0.17743
123   'x[12,2]'                 0.518091
124   'x[12,3]'                 0.304479
125   'x[13,1]'                 0.189975
126   'x[13,2]'                 0.536086
127   'x[13,3]'                 0.27394
128   'x[14,1]'                 0.194149
129   'x[14,2]'                 0.53802
130   'x[14,3]'                 0.267831
131   'x[15,1]'                 0.220454
132   'x[15,2]'                 0.550276
133   'x[15,3]'                 0.229269
134   PC                      142.261
135   PR                      111.349
136   'T[1]'                  386.524
137   'T[2]'                  386.61
138   'T[3]'                  383.78
139   'T[4]'                  382.5
140   'T[5]'                  381.703
141   'T[6]'                  381.616
142   'T[7]'                  378.556
143   'T[8]'                  376.06
144   'T[9]'                  376.912
145   'T[10]'                 376.264
146   'T[11]'                 376.422
147   'T[12]'                 376.665
148   'T[13]'                 375.843
149   'T[14]'                 375.684
150   'T[15]'                 374.68
151   TF                      372.396
152   QC                     1910.63
153   QR                     1588.1
154   'H[1,1]'                  2.38373
155   'H[1,2]'                  1.37667
156   'H[1,3]'                  2.87537
157   'H[2,1]'                  2.38626
158   'H[2,2]'                  1.37778
159   'H[2,3]'                  2.87843
160   'H[3,1]'                  2.30336
161   'H[3,2]'                  1.3409
162   'H[3,3]'                  2.77789
163   'H[4,1]'                  2.26602
164   'H[4,2]'                  1.32409
165   'H[4,3]'                  2.73261
166   'H[5,1]'                  2.2428
167   'H[5,2]'                  1.31357
168   'H[5,3]'                  2.70447
169   'H[6,1]'                  2.24025
170   'H[6,2]'                  1.31241
171   'H[6,3]'                  2.70138
172   'H[7,1]'                  2.15153
173   'H[7,2]'                  1.27173
174   'H[7,3]'                  2.59386
175   'H[8,1]'                  2.07951
176   'H[8,2]'                  1.23817
177   'H[8,3]'                  2.50663
178   'H[9,1]'                  2.10406
179   'H[9,2]'                  1.24966
180   'H[9,3]'                  2.53635
181   'H[10,1]'                 2.0854
182   'H[10,2]'                 1.24093
183   'H[10,3]'                 2.51376
184   'H[11,1]'                 2.08995
185   'H[11,2]'                 1.24306
186   'H[11,3]'                 2.51927
187   'H[12,1]'                 2.09693
188   'H[12,2]'                 1.24633
189   'H[12,3]'                 2.52772
190   'H[13,1]'                 2.07328
191   'H[13,2]'                 1.23524
192   'H[13,3]'                 2.49908
193   'H[14,1]'                 2.06872
194   'H[14,2]'                 1.2331
195   'H[14,3]'                 2.49356
196   'H[15,1]'                 2.03986
197   'H[15,2]'                 1.21947
198   'H[15,3]'                 2.45862
199   'HF[1]'                   1.97448
200   'HF[2]'                   1.18831
201   'HF[3]'                   2.37948
202   'h[1,1]'                 -7.63917
203   'h[1,2]'                -10.0383
204   'h[1,3]'                 -9.2942
205   'h[2,1]'                 -7.63387
206   'h[2,2]'                -10.0342
207   'h[2,3]'                 -9.2884
208   'h[3,1]'                 -7.8076
209   'h[3,2]'                -10.1717
210   'h[3,3]'                 -9.47867
211   'h[4,1]'                 -7.88562
212   'h[4,2]'                -10.2337
213   'h[4,3]'                 -9.56417
214   'h[5,1]'                 -7.93405
215   'h[5,2]'                -10.2724
216   'h[5,3]'                 -9.61726
217   'h[6,1]'                 -7.93936
218   'h[6,2]'                -10.2766
219   'h[6,3]'                 -9.62309
220   'h[7,1]'                 -8.1239
221   'h[7,2]'                -10.4244
222   'h[7,3]'                 -9.82551
223   'h[8,1]'                 -8.2731
224   'h[8,2]'                -10.5448
225   'h[8,3]'                 -9.98928
226   'h[9,1]'                 -8.22231
227   'h[9,2]'                -10.5037
228   'h[9,3]'                 -9.93352
229   'h[10,1]'                -8.26093
230   'h[10,2]'               -10.5349
231   'h[10,3]'                -9.97592
232   'h[11,1]'                -8.25151
233   'h[11,2]'               -10.5273
234   'h[11,3]'                -9.96558
235   'h[12,1]'                -8.23706
236   'h[12,2]'               -10.5156
237   'h[12,3]'                -9.94971
238   'h[13,1]'                -8.28599
239   'h[13,2]'               -10.5552
240   'h[13,3]'               -10.0034
241   'h[14,1]'                -8.29542
242   'h[14,2]'               -10.5628
243   'h[14,3]'               -10.0138
244   'h[15,1]'                -8.35504
245   'h[15,2]'               -10.6111
246   'h[15,3]'               -10.0793
247   'hF[1]'                  -8.4898
248   'hF[2]'                 -10.7208
249   'hF[3]'                 -10.2273
250   'tauGamma[1,1,1]'     1e-06
251   'tauGamma[1,1,2]'        -0.371207
252   'tauGamma[1,1,3]'     1e-06
253   'tauGamma[1,2,1]'         0.389814
254   'tauGamma[1,2,2]'     1e-06
255   'tauGamma[1,2,3]'         0.161907
256   'tauGamma[1,3,1]'     1e-06
257   'tauGamma[1,3,2]'        -0.121843
258   'tauGamma[1,3,3]'     1e-06
259   'tauGamma[2,1,1]'     1e-06
260   'tauGamma[2,1,2]'        -0.371125
261   'tauGamma[2,1,3]'     1e-06
262   'tauGamma[2,2,1]'         0.389727
263   'tauGamma[2,2,2]'     1e-06
264   'tauGamma[2,2,3]'         0.162912
265   'tauGamma[2,3,1]'     1e-06
266   'tauGamma[2,3,2]'        -0.123197
267   'tauGamma[2,3,3]'     1e-06
268   'tauGamma[3,1,1]'     1e-06
269   'tauGamma[3,1,2]'        -0.373861
270   'tauGamma[3,1,3]'     1e-06
271   'tauGamma[3,2,1]'         0.3926
272   'tauGamma[3,2,2]'     1e-06
273   'tauGamma[3,2,3]'         0.129571
274   'tauGamma[3,3,1]'     1e-06
275   'tauGamma[3,3,2]'        -0.0782574
276   'tauGamma[3,3,3]'     1e-06
277   'tauGamma[4,1,1]'     1e-06
278   'tauGamma[4,1,2]'        -0.375112
279   'tauGamma[4,1,3]'     1e-06
280   'tauGamma[4,2,1]'         0.393914
281   'tauGamma[4,2,2]'     1e-06
282   'tauGamma[4,2,3]'         0.11433
283   'tauGamma[4,3,1]'     1e-06
284   'tauGamma[4,3,2]'        -0.0577133
285   'tauGamma[4,3,3]'     1e-06
286   'tauGamma[5,1,1]'     1e-06
287   'tauGamma[5,1,2]'        -0.375895
288   'tauGamma[5,1,3]'     1e-06
289   'tauGamma[5,2,1]'         0.394737
290   'tauGamma[5,2,2]'     1e-06
291   'tauGamma[5,2,3]'         0.104783
292   'tauGamma[5,3,1]'     1e-06
293   'tauGamma[5,3,2]'        -0.0448445
294   'tauGamma[5,3,3]'     1e-06
295   'tauGamma[6,1,1]'     1e-06
296   'tauGamma[6,1,2]'        -0.375982
297   'tauGamma[6,1,3]'     1e-06
298   'tauGamma[6,2,1]'         0.394827
299   'tauGamma[6,2,2]'     1e-06
300   'tauGamma[6,2,3]'         0.103731
301   'tauGamma[6,3,1]'     1e-06
302   'tauGamma[6,3,2]'        -0.0434271
303   'tauGamma[6,3,3]'     1e-06
304   'tauGamma[7,1,1]'     1e-06
305   'tauGamma[7,1,2]'        -0.37902
306   'tauGamma[7,1,3]'     1e-06
307   'tauGamma[7,2,1]'         0.398018
308   'tauGamma[7,2,2]'     1e-06
309   'tauGamma[7,2,3]'         0.0667077
310   'tauGamma[7,3,1]'     1e-06
311   'tauGamma[7,3,2]'         0.00647724
312   'tauGamma[7,3,3]'     1e-06
313   'tauGamma[8,1,1]'     1e-06
314   'tauGamma[8,1,2]'        -0.381536
315   'tauGamma[8,1,3]'     1e-06
316   'tauGamma[8,2,1]'         0.40066
317   'tauGamma[8,2,2]'     1e-06
318   'tauGamma[8,2,3]'         0.0360472
319   'tauGamma[8,3,1]'     1e-06
320   'tauGamma[8,3,2]'         0.0478048
321   'tauGamma[8,3,3]'     1e-06
322   'tauGamma[9,1,1]'     1e-06
323   'tauGamma[9,1,2]'        -0.380674
324   'tauGamma[9,1,3]'     1e-06
325   'tauGamma[9,2,1]'         0.399754
326   'tauGamma[9,2,2]'     1e-06
327   'tauGamma[9,2,3]'         0.0465587
328   'tauGamma[9,3,1]'     1e-06
329   'tauGamma[9,3,2]'         0.0336362
330   'tauGamma[9,3,3]'     1e-06
331   'tauGamma[10,1,1]'    1e-06
332   'tauGamma[10,1,2]'       -0.381329
333   'tauGamma[10,1,3]'    1e-06
334   'tauGamma[10,2,1]'        0.400443
335   'tauGamma[10,2,2]'    1e-06
336   'tauGamma[10,2,3]'        0.038573
337   'tauGamma[10,3,1]'    1e-06
338   'tauGamma[10,3,2]'        0.0444002
339   'tauGamma[10,3,3]'    1e-06
340   'tauGamma[11,1,1]'    1e-06
341   'tauGamma[11,1,2]'       -0.381169
342   'tauGamma[11,1,3]'    1e-06
343   'tauGamma[11,2,1]'        0.400274
344   'tauGamma[11,2,2]'    1e-06
345   'tauGamma[11,2,3]'        0.0405252
346   'tauGamma[11,3,1]'    1e-06
347   'tauGamma[11,3,2]'        0.0417689
348   'tauGamma[11,3,3]'    1e-06
349   'tauGamma[12,1,1]'    1e-06
350   'tauGamma[12,1,2]'       -0.380924
351   'tauGamma[12,1,3]'    1e-06
352   'tauGamma[12,2,1]'        0.400017
353   'tauGamma[12,2,2]'    1e-06
354   'tauGamma[12,2,3]'        0.043514
355   'tauGamma[12,3,1]'    1e-06
356   'tauGamma[12,3,2]'        0.0377402
357   'tauGamma[12,3,3]'    1e-06
358   'tauGamma[13,1,1]'    1e-06
359   'tauGamma[13,1,2]'       -0.381756
360   'tauGamma[13,1,3]'    1e-06
361   'tauGamma[13,2,1]'        0.400891
362   'tauGamma[13,2,2]'    1e-06
363   'tauGamma[13,2,3]'        0.0333662
364   'tauGamma[13,3,1]'    1e-06
365   'tauGamma[13,3,2]'        0.0514185
366   'tauGamma[13,3,3]'    1e-06
367   'tauGamma[14,1,1]'    1e-06
368   'tauGamma[14,1,2]'       -0.381917
369   'tauGamma[14,1,3]'    1e-06
370   'tauGamma[14,2,1]'        0.401061
371   'tauGamma[14,2,2]'    1e-06
372   'tauGamma[14,2,3]'        0.031403
373   'tauGamma[14,3,1]'    1e-06
374   'tauGamma[14,3,2]'        0.0540647
375   'tauGamma[14,3,3]'    1e-06
376   'tauGamma[15,1,1]'    1e-06
377   'tauGamma[15,1,2]'       -0.382942
378   'tauGamma[15,1,3]'    1e-06
379   'tauGamma[15,2,1]'        0.402136
380   'tauGamma[15,2,2]'    1e-06
381   'tauGamma[15,2,3]'        0.0189238
382   'tauGamma[15,3,1]'    1e-06
383   'tauGamma[15,3,2]'        0.0708855
384   'tauGamma[15,3,3]'    1e-06
385   'PGamma[1,1,1]'           1
386   'PGamma[1,1,2]'           1.1178
387   'PGamma[1,1,3]'           1
388   'PGamma[1,2,1]'           0.889635
389   'PGamma[1,2,2]'           1
390   'PGamma[1,2,3]'           0.968137
391   'PGamma[1,3,1]'           1
392   'PGamma[1,3,2]'           1.02467
393   'PGamma[1,3,3]'           1
394   'PGamma[2,1,1]'           1
395   'PGamma[2,1,2]'           1.11777
396   'PGamma[2,1,3]'           1
397   'PGamma[2,2,1]'           0.889658
398   'PGamma[2,2,2]'           1
399   'PGamma[2,2,3]'           0.967943
400   'PGamma[2,3,1]'           1
401   'PGamma[2,3,2]'           1.02495
402   'PGamma[2,3,3]'           1
403   'PGamma[3,1,1]'           1
404   'PGamma[3,1,2]'           1.11869
405   'PGamma[3,1,3]'           1
406   'PGamma[3,2,1]'           0.888891
407   'PGamma[3,2,2]'           1
408   'PGamma[3,2,3]'           0.974419
409   'PGamma[3,3,1]'           1
410   'PGamma[3,3,2]'           1.01577
411   'PGamma[3,3,3]'           1
412   'PGamma[4,1,1]'           1
413   'PGamma[4,1,2]'           1.11911
414   'PGamma[4,1,3]'           1
415   'PGamma[4,2,1]'           0.888541
416   'PGamma[4,2,2]'           1
417   'PGamma[4,2,3]'           0.977393
418   'PGamma[4,3,1]'           1
419   'PGamma[4,3,2]'           1.01161
420   'PGamma[4,3,3]'           1
421   'PGamma[5,1,1]'           1
422   'PGamma[5,1,2]'           1.11937
423   'PGamma[5,1,3]'           1
424   'PGamma[5,2,1]'           0.888322
425   'PGamma[5,2,2]'           1
426   'PGamma[5,2,3]'           0.979262
427   'PGamma[5,3,1]'           1
428   'PGamma[5,3,2]'           1.00901
429   'PGamma[5,3,3]'           1
430   'PGamma[6,1,1]'           1
431   'PGamma[6,1,2]'           1.1194
432   'PGamma[6,1,3]'           1
433   'PGamma[6,2,1]'           0.888298
434   'PGamma[6,2,2]'           1
435   'PGamma[6,2,3]'           0.979467
436   'PGamma[6,3,1]'           1
437   'PGamma[6,3,2]'           1.00872
438   'PGamma[6,3,3]'           1
439   'PGamma[7,1,1]'           1
440   'PGamma[7,1,2]'           1.12042
441   'PGamma[7,1,3]'           1
442   'PGamma[7,2,1]'           0.887448
443   'PGamma[7,2,2]'           1
444   'PGamma[7,2,3]'           0.986747
445   'PGamma[7,3,1]'           1
446   'PGamma[7,3,2]'           0.998705
447   'PGamma[7,3,3]'           1
448   'PGamma[8,1,1]'           1
449   'PGamma[8,1,2]'           1.12127
450   'PGamma[8,1,3]'           1
451   'PGamma[8,2,1]'           0.886745
452   'PGamma[8,2,2]'           1
453   'PGamma[8,2,3]'           0.992816
454   'PGamma[8,3,1]'           1
455   'PGamma[8,3,2]'           0.990485
456   'PGamma[8,3,3]'           1
457   'PGamma[9,1,1]'           1
458   'PGamma[9,1,2]'           1.12098
459   'PGamma[9,1,3]'           1
460   'PGamma[9,2,1]'           0.886986
461   'PGamma[9,2,2]'           1
462   'PGamma[9,2,3]'           0.990731
463   'PGamma[9,3,1]'           1
464   'PGamma[9,3,2]'           0.993295
465   'PGamma[9,3,3]'           1
466   'PGamma[10,1,1]'          1
467   'PGamma[10,1,2]'          1.1212
468   'PGamma[10,1,3]'          1
469   'PGamma[10,2,1]'          0.886803
470   'PGamma[10,2,2]'          1
471   'PGamma[10,2,3]'          0.992315
472   'PGamma[10,3,1]'          1
473   'PGamma[10,3,2]'          0.991159
474   'PGamma[10,3,3]'          1
475   'PGamma[11,1,1]'          1
476   'PGamma[11,1,2]'          1.12115
477   'PGamma[11,1,3]'          1
478   'PGamma[11,2,1]'          0.886847
479   'PGamma[11,2,2]'          1
480   'PGamma[11,2,3]'          0.991928
481   'PGamma[11,3,1]'          1
482   'PGamma[11,3,2]'          0.991681
483   'PGamma[11,3,3]'          1
484   'PGamma[12,1,1]'          1
485   'PGamma[12,1,2]'          1.12106
486   'PGamma[12,1,3]'          1
487   'PGamma[12,2,1]'          0.886916
488   'PGamma[12,2,2]'          1
489   'PGamma[12,2,3]'          0.991335
490   'PGamma[12,3,1]'          1
491   'PGamma[12,3,2]'          0.99248
492   'PGamma[12,3,3]'          1
493   'PGamma[13,1,1]'          1
494   'PGamma[13,1,2]'          1.12134
495   'PGamma[13,1,3]'          1
496   'PGamma[13,2,1]'          0.886683
497   'PGamma[13,2,2]'          1
498   'PGamma[13,2,3]'          0.993349
499   'PGamma[13,3,1]'          1
500   'PGamma[13,3,2]'          0.989769
501   'PGamma[13,3,3]'          1
502   'PGamma[14,1,1]'          1
503   'PGamma[14,1,2]'          1.1214
504   'PGamma[14,1,3]'          1
505   'PGamma[14,2,1]'          0.886638
506   'PGamma[14,2,2]'          1
507   'PGamma[14,2,3]'          0.993739
508   'PGamma[14,3,1]'          1
509   'PGamma[14,3,2]'          0.989245
510   'PGamma[14,3,3]'          1
511   'PGamma[15,1,1]'          1
512   'PGamma[15,1,2]'          1.12174
513   'PGamma[15,1,3]'          1
514   'PGamma[15,2,1]'          0.886352
515   'PGamma[15,2,2]'          1
516   'PGamma[15,2,3]'          0.996222
517   'PGamma[15,3,1]'          1
518   'PGamma[15,3,2]'          0.985923
519   'PGamma[15,3,3]'          1
520   'SGamma1[1,1]'            0.142815
521   'SGamma1[1,2]'           -0.115738
522   'SGamma1[1,3]'            0.064552
523   'SGamma1[2,1]'            0.155616
524   'SGamma1[2,2]'           -0.0723069
525   'SGamma1[2,3]'            0.0707739
526   'SGamma1[3,1]'            0.241924
527   'SGamma1[3,2]'           -0.024767
528   'SGamma1[3,3]'            0.0875257
529   'SGamma1[4,1]'            0.347984
530   'SGamma1[4,2]'           -0.00230519
531   'SGamma1[4,3]'            0.111099
532   'SGamma1[5,1]'            0.324352
533   'SGamma1[5,2]'           -0.0109025
534   'SGamma1[5,3]'            0.0949135
535   'SGamma1[6,1]'            0.266218
536   'SGamma1[6,2]'           -0.0234795
537   'SGamma1[6,3]'            0.077121
538   'SGamma1[7,1]'            0.216365
539   'SGamma1[7,2]'           -0.0403922
540   'SGamma1[7,3]'            0.0403205
541   'SGamma1[8,1]'            0.189311
542   'SGamma1[8,2]'           -0.0662502
543   'SGamma1[8,3]'            0.01907
544   'SGamma1[9,1]'            0.18257
545   'SGamma1[9,2]'           -0.0629066
546   'SGamma1[9,3]'            0.0237511
547   'SGamma1[10,1]'           0.19277
548   'SGamma1[10,2]'          -0.0663142
549   'SGamma1[10,3]'           0.0207785
550   'SGamma1[11,1]'           0.183067
551   'SGamma1[11,2]'          -0.0644931
552   'SGamma1[11,3]'           0.0207308
553   'SGamma1[12,1]'           0.183809
554   'SGamma1[12,2]'          -0.0643642
555   'SGamma1[12,3]'           0.0223493
556   'SGamma1[13,1]'           0.190559
557   'SGamma1[13,2]'          -0.0673822
558   'SGamma1[13,3]'           0.0177686
559   'SGamma1[14,1]'           0.191318
560   'SGamma1[14,2]'          -0.0688253
561   'SGamma1[14,3]'           0.0167901
562   'SGamma1[15,1]'           0.196138
563   'SGamma1[15,2]'          -0.0786751
564   'SGamma1[15,3]'           0.0103744
565   'SGamma2[1,1]'            0.95455
566   'SGamma2[1,2]'            1.02809
567   'SGamma2[1,3]'            0.986878
568   'SGamma2[2,1]'            0.950477
569   'SGamma2[2,2]'            1.01462
570   'SGamma2[2,3]'            0.985612
571   'SGamma2[3,1]'            0.922976
572   'SGamma2[3,2]'            1.00496
573   'SGamma2[3,3]'            0.982266
574   'SGamma2[4,1]'            0.889186
575   'SGamma2[4,2]'            1.00065
576   'SGamma2[4,3]'            0.977524
577   'SGamma2[5,1]'            0.896698
578   'SGamma2[5,2]'            1.00288
579   'SGamma2[5,3]'            0.980817
580   'SGamma2[6,1]'            0.915212
581   'SGamma2[6,2]'            1.0059
582   'SGamma2[6,3]'            0.984415
583   'SGamma2[7,1]'            0.931056
584   'SGamma2[7,2]'            1.01161
585   'SGamma2[7,3]'            0.991882
586   'SGamma2[8,1]'            0.939653
587   'SGamma2[8,2]'            1.01988
588   'SGamma2[8,3]'            0.996172
589   'SGamma2[9,1]'            0.94181
590   'SGamma2[9,2]'            1.0187
591   'SGamma2[9,3]'            0.995228
592   'SGamma2[10,1]'           0.938552
593   'SGamma2[10,2]'           1.01979
594   'SGamma2[10,3]'           0.995828
595   'SGamma2[11,1]'           0.941647
596   'SGamma2[11,2]'           1.01932
597   'SGamma2[11,3]'           0.995837
598   'SGamma2[12,1]'           0.941412
599   'SGamma2[12,2]'           1.01919
600   'SGamma2[12,3]'           0.995511
601   'SGamma2[13,1]'           0.939253
602   'SGamma2[13,2]'           1.02025
603   'SGamma2[13,3]'           0.996434
604   'SGamma2[14,1]'           0.939009
605   'SGamma2[14,2]'           1.02069
606   'SGamma2[14,3]'           0.996631
607   'SGamma2[15,1]'           0.937462
608   'SGamma2[15,2]'           1.02361
609   'SGamma2[15,3]'           0.997921
610   'gamma[1,1]'              0.981804
611   'gamma[1,2]'              1.00706
612   'gamma[1,3]'              1.00948
613   'gamma[2,1]'              0.974696
614   'gamma[2,2]'              1.01078
615   'gamma[2,3]'              1.0072
616   'gamma[3,1]'              0.965201
617   'gamma[3,2]'              1.00478
618   'gamma[3,3]'              1.02377
619   'gamma[4,1]'              0.974711
620   'gamma[4,2]'              1
621   'gamma[4,3]'              1.0571
622   'gamma[5,1]'              0.971766
623   'gamma[5,2]'              1.00025
624   'gamma[5,3]'              1.05302
625   'gamma[6,1]'              0.966246
626   'gamma[6,2]'              1.00296
627   'gamma[6,3]'              1.03636
628   'gamma[7,1]'              0.96628
629   'gamma[7,2]'              1.00745
630   'gamma[7,3]'              1.0326
631   'gamma[8,1]'              0.971158
632   'gamma[8,2]'              1.00871
633   'gamma[8,3]'              1.03274
634   'gamma[9,1]'              0.970692
635   'gamma[9,2]'              1.00993
636   'gamma[9,3]'              1.02928
637   'gamma[10,1]'             0.97119
638   'gamma[10,2]'             1.00823
639   'gamma[10,3]'             1.03329
640   'gamma[11,1]'             0.970931
641   'gamma[11,2]'             1.00973
642   'gamma[11,3]'             1.03038
643   'gamma[12,1]'             0.970925
644   'gamma[12,2]'             1.00961
645   'gamma[12,3]'             1.03013
646   'gamma[13,1]'             0.971346
647   'gamma[13,2]'             1.00845
648   'gamma[13,3]'             1.03353
649   'gamma[14,1]'             0.971608
650   'gamma[14,2]'             1.00821
651   'gamma[14,3]'             1.03412
652   'gamma[15,1]'             0.973417
653   'gamma[15,2]'             1.00664
654   'gamma[15,3]'             1.03781
655   'PrS[1,1]'           305356
656   'PrS[1,2]'           123350
657   'PrS[1,3]'            86064.8
658   'PrS[2,1]'           306202
659   'PrS[2,2]'           123717
660   'PrS[2,3]'            86335.5
661   'PrS[3,1]'           279297
662   'PrS[3,2]'           112071
663   'PrS[3,3]'            77772.2
664   'PrS[4,1]'           267766
665   'PrS[4,2]'           107098
666   'PrS[4,3]'            74133.6
667   'PrS[5,1]'           260776
668   'PrS[5,2]'           104090
669   'PrS[5,3]'            71937.9
670   'PrS[6,1]'           260017
671   'PrS[6,2]'           103763
672   'PrS[6,3]'            71699.9
673   'PrS[7,1]'           234601
674   'PrS[7,2]'            92865.9
675   'PrS[7,3]'            63784.2
676   'PrS[8,1]'           215373
677   'PrS[8,2]'            84667.8
678   'PrS[8,3]'            57869.1
679   'PrS[9,1]'           221788
680   'PrS[9,2]'            87398.3
681   'PrS[9,3]'            59835.2
682   'PrS[10,1]'          216898
683   'PrS[10,2]'           85316.5
684   'PrS[10,3]'           58335.8
685   'PrS[11,1]'          218083
686   'PrS[11,2]'           85821
687   'PrS[11,3]'           58699
688   'PrS[12,1]'          219911
689   'PrS[12,2]'           86598.9
690   'PrS[12,3]'           59259.2
691   'PrS[13,1]'          213765
692   'PrS[13,2]'           83984.3
693   'PrS[13,3]'           57377.6
694   'PrS[14,1]'          212596
695   'PrS[14,2]'           83487.2
696   'PrS[14,3]'           57020.3
697   'PrS[15,1]'          205302
698   'PrS[15,2]'           80391.4
699   'PrS[15,3]'           54798.2
700   'PrSF[1]'            189475
701   'PrSF[2]'             73696.9
702   'PrSF[3]'             50012.2
;

