solve_message = 'Knitro 10.3.0: Locally optimal or satisfactory solution.\
objective 203.98594637664863; feasibility error 2.58e-07\
350 iterations; 448 function evaluations'

:     _varname        _var         :=
1     'F[2]'        0
2     'F[3]'        0
3     'F[4]'        0
4     'F[5]'        0
5     'F[6]'        0
6     'F[7]'        0
7     'F[8]'      100
8     'F[9]'        0
9     'F[10]'       0
10    'F[11]'       0
11    'F[12]'       0
12    'F[13]'       0
13    'F[14]'       0
14    Vs          203.986
15    'y[1,1]'      1.34879e-05
16    'y[1,2]'      0.0299876
17    'y[1,3]'      0.969999
18    'y[2,1]'      6.93964e-05
19    'y[2,2]'      0.0616782
20    'y[2,3]'      0.938252
21    'y[3,1]'      0.000338125
22    'y[3,2]'      0.118731
23    'y[3,3]'      0.880931
24    'y[4,1]'      0.00154659
25    'y[4,2]'      0.212198
26    'y[4,3]'      0.786256
27    'y[5,1]'      0.00644166
28    'y[5,2]'      0.343128
29    'y[5,3]'      0.65043
30    'y[6,1]'      0.0236275
31    'y[6,2]'      0.48699
32    'y[6,3]'      0.489383
33    'y[7,1]'      0.0742563
34    'y[7,2]'      0.591245
35    'y[7,3]'      0.334499
36    'y[8,1]'      0.193895
37    'y[8,2]'      0.595977
38    'y[8,3]'      0.210128
39    'y[9,1]'      0.198068
40    'y[9,2]'      0.653994
41    'y[9,3]'      0.147938
42    'y[10,1]'     0.201989
43    'y[10,2]'     0.700776
44    'y[10,3]'     0.097235
45    'y[11,1]'     0.206538
46    'y[11,2]'     0.733096
47    'y[11,3]'     0.060366
48    'y[12,1]'     0.214913
49    'y[12,2]'     0.749412
50    'y[12,3]'     0.0356757
51    'y[13,1]'     0.236202
52    'y[13,2]'     0.743836
53    'y[13,3]'     0.0199612
54    'y[14,1]'     0.293455
55    'y[14,2]'     0.696341
56    'y[14,3]'     0.010204
57    'y[15,1]'     0.429184
58    'y[15,2]'     0.566524
59    'y[15,3]'     0.00429185
60    Ls          234.086
61    'x[1,1]'      2.25651e-06
62    'x[1,2]'      0.013289
63    'x[1,3]'      0.986709
64    'x[2,1]'      1.20437e-05
65    'x[2,2]'      0.0278404
66    'x[2,3]'      0.972148
67    'x[3,1]'      6.07632e-05
68    'x[3,2]'      0.0554561
69    'x[3,3]'      0.944483
70    'x[4,1]'      0.000294937
71    'x[4,2]'      0.105173
72    'x[4,3]'      0.894532
73    'x[5,1]'      0.00134801
74    'x[5,2]'      0.186621
75    'x[5,3]'      0.812031
76    'x[6,1]'      0.00561365
77    'x[6,2]'      0.300716
78    'x[6,3]'      0.693671
79    'x[7,1]'      0.0205896
80    'x[7,2]'      0.426079
81    'x[7,3]'      0.553332
82    'x[8,1]'      0.0647083
83    'x[8,2]'      0.516928
84    'x[8,3]'      0.418363
85    'x[9,1]'      0.0712377
86    'x[9,2]'      0.61133
87    'x[9,3]'      0.317432
88    'x[10,1]'     0.0775864
89    'x[10,2]'     0.699592
90    'x[10,3]'     0.222821
91    'x[11,1]'     0.083551
92    'x[11,2]'     0.770762
93    'x[11,3]'     0.145687
94    'x[12,1]'     0.0904713
95    'x[12,2]'     0.819931
96    'x[12,3]'     0.0895978
97    'x[13,1]'     0.103212
98    'x[13,2]'     0.844752
99    'x[13,3]'     0.0520363
100   'x[14,1]'     0.1356
101   'x[14,2]'     0.83627
102   'x[14,3]'     0.0281297
103   'x[15,1]'     0.222699
104   'x[15,2]'     0.764015
105   'x[15,3]'     0.0132861
106   PC           69.8999
107   PR           30.1001
108   Vap         203.986
;

