solve_message = 'Knitro 10.3.0: Locally optimal or satisfactory solution.\
objective 116.70894906978651; feasibility error 1.22e-10\
92 iterations; 123 function evaluations'

:     _varname        _var         :=
1     'F[2]'        0
2     'F[3]'        0
3     'F[4]'        0
4     'F[5]'        0
5     'F[6]'        0
6     'F[7]'        0
7     'F[8]'      100
8     'F[9]'        0
9     'F[10]'       0
10    'F[11]'       0
11    'F[12]'       0
12    'F[13]'       0
13    'F[14]'       0
14    Vs          116.709
15    'y[1,1]'      0.0145878
16    'y[1,2]'      0.740895
17    'y[1,3]'      0.244518
18    'y[2,1]'      0.0331979
19    'y[2,2]'      0.80414
20    'y[2,3]'      0.162662
21    'y[3,1]'      0.065501
22    'y[3,2]'      0.805668
23    'y[3,3]'      0.128831
24    'y[4,1]'      0.118737
25    'y[4,2]'      0.76844
26    'y[4,3]'      0.112823
27    'y[5,1]'      0.199021
28    'y[5,2]'      0.699265
29    'y[5,3]'      0.101714
30    'y[6,1]'      0.304828
31    'y[6,2]'      0.604241
32    'y[6,3]'      0.090931
33    'y[7,1]'      0.421806
34    'y[7,2]'      0.498158
35    'y[7,3]'      0.0800363
36    'y[8,1]'      0.528422
37    'y[8,2]'      0.401224
38    'y[8,3]'      0.0703543
39    'y[9,1]'      0.624311
40    'y[9,2]'      0.348815
41    'y[9,3]'      0.0268746
42    'y[10,1]'     0.729123
43    'y[10,2]'     0.261996
44    'y[10,3]'     0.00888029
45    'y[11,1]'     0.824579
46    'y[11,2]'     0.172835
47    'y[11,3]'     0.00258528
48    'y[12,1]'     0.896786
49    'y[12,2]'     0.102533
50    'y[12,3]'     0.000681084
51    'y[13,1]'     0.943802
52    'y[13,2]'     0.0560311
53    'y[13,3]'     0.000167211
54    'y[14,1]'     0.971438
55    'y[14,2]'     0.0285234
56    'y[14,3]'     3.89814e-05
57    'y[15,1]'     0.986703
58    'y[15,2]'     0.0132889
59    'y[15,3]'     8.48739e-06
60    Ls          186.609
61    'x[1,1]'      0.00429186
62    'x[1,2]'      0.566526
63    'x[1,3]'      0.429182
64    'x[2,1]'      0.0107312
65    'x[2,2]'      0.67558
66    'x[2,3]'      0.313689
67    'x[3,1]'      0.0223703
68    'x[3,2]'      0.715135
69    'x[3,3]'      0.262495
70    'x[4,1]'      0.0425733
71    'x[4,2]'      0.71609
72    'x[4,3]'      0.241337
73    'x[5,1]'      0.0758685
74    'x[5,2]'      0.692807
75    'x[5,3]'      0.231325
76    'x[6,1]'      0.126079
77    'x[6,2]'      0.649543
78    'x[6,3]'      0.224377
79    'x[7,1]'      0.192253
80    'x[7,2]'      0.590114
81    'x[7,3]'      0.217633
82    'x[8,1]'      0.265414
83    'x[8,2]'      0.523767
84    'x[8,3]'      0.210819
85    'x[9,1]'      0.369149
86    'x[9,2]'      0.536048
87    'x[9,3]'      0.0948025
88    'x[10,1]'     0.498364
89    'x[10,2]'     0.465424
90    'x[10,3]'     0.0362117
91    'x[11,1]'     0.639603
92    'x[11,2]'     0.348433
93    'x[11,3]'     0.0119636
94    'x[12,1]'     0.768234
95    'x[12,2]'     0.228285
96    'x[12,3]'     0.00348083
97    'x[13,1]'     0.865536
98    'x[13,2]'     0.133549
99    'x[13,3]'     0.00091484
100   'x[14,1]'     0.928892
101   'x[14,2]'     0.0708858
102   'x[14,3]'     0.000222374
103   'x[15,1]'     0.966132
104   'x[15,2]'     0.033818
105   'x[15,3]'     4.95794e-05
106   PC           30.1003
107   PR           69.8997
108   Vap         116.709
;

