solve_message =
'Knitro 10.3.0: Current infeasible solution estimate cannot be improved.\
objective 35.09612642899745; feasibility error 1.45\
83 iterations; 149 function evaluations'

:     _varname        _var        :=
1     'F[2]'        0
2     'F[3]'        0
3     'F[4]'        0
4     'F[5]'        0
5     'F[6]'        0
6     'F[7]'        0
7     'F[8]'        0
8     'F[9]'        0
9     'F[10]'       0
10    'F[11]'       0
11    'F[12]'       0
12    'F[13]'       0
13    'F[14]'       0
14    'F[15]'     100
15    'F[16]'       0
16    'F[17]'       0
17    'F[18]'       0
18    'F[19]'       0
19    'F[20]'       0
20    'F[21]'       0
21    'F[22]'       0
22    'F[23]'       0
23    'F[24]'       0
24    'F[25]'       0
25    'F[26]'       0
26    'F[27]'       0
27    'F[28]'       0
28    'F[29]'       0
29    Vs           35.0961
30    'y[1,1]'      0.0152031
31    'y[1,2]'      0.772146
32    'y[1,3]'      0.212651
33    'y[2,1]'      0.0260947
34    'y[2,2]'      0.803383
35    'y[2,3]'      0.170522
36    'y[3,1]'      0.0374096
37    'y[3,2]'      0.802613
38    'y[3,3]'      0.159978
39    'y[4,1]'      0.0491372
40    'y[4,2]'      0.794357
41    'y[4,3]'      0.156506
42    'y[5,1]'      0.0611553
43    'y[5,2]'      0.784278
44    'y[5,3]'      0.154567
45    'y[6,1]'      0.0732891
46    'y[6,2]'      0.773756
47    'y[6,3]'      0.152955
48    'y[7,1]'      0.0853458
49    'y[7,2]'      0.763228
50    'y[7,3]'      0.151426
51    'y[8,1]'      0.0971344
52    'y[8,2]'      0.752918
53    'y[8,3]'      0.149947
54    'y[9,1]'      0.10848
55    'y[9,2]'      0.742993
56    'y[9,3]'      0.148527
57    'y[10,1]'     0.119234
58    'y[10,2]'     0.733585
59    'y[10,3]'     0.147182
60    'y[11,1]'     0.12928
61    'y[11,2]'     0.724795
62    'y[11,3]'     0.145925
63    'y[12,1]'     0.13854
64    'y[12,2]'     0.716694
65    'y[12,3]'     0.144766
66    'y[13,1]'     0.146969
67    'y[13,2]'     0.709319
68    'y[13,3]'     0.143712
69    'y[14,1]'     0.154554
70    'y[14,2]'     0.702683
71    'y[14,3]'     0.142763
72    'y[15,1]'     0.84667
73    'y[15,2]'     0.0114121
74    'y[15,3]'     0.141918
75    'y[16,1]'     0.84667
76    'y[16,2]'     0.0114121
77    'y[16,3]'     0.141918
78    'y[17,1]'     0.84667
79    'y[17,2]'     0.0114121
80    'y[17,3]'     0.141918
81    'y[18,1]'     0.84667
82    'y[18,2]'     0.0114121
83    'y[18,3]'     0.141918
84    'y[19,1]'     0.84667
85    'y[19,2]'     0.0114121
86    'y[19,3]'     0.141918
87    'y[20,1]'     0.84667
88    'y[20,2]'     0.0114121
89    'y[20,3]'     0.141918
90    'y[21,1]'     0.84667
91    'y[21,2]'     0.0114121
92    'y[21,3]'     0.141918
93    'y[22,1]'     0.84667
94    'y[22,2]'     0.0114121
95    'y[22,3]'     0.141918
96    'y[23,1]'     0.84667
97    'y[23,2]'     0.0114121
98    'y[23,3]'     0.141918
99    'y[24,1]'     0.84667
100   'y[24,2]'     0.0114121
101   'y[24,3]'     0.141918
102   'y[25,1]'     0.84667
103   'y[25,2]'     0.0114121
104   'y[25,3]'     0.141918
105   'y[26,1]'     0.84667
106   'y[26,2]'     0.0114121
107   'y[26,3]'     0.141918
108   'y[27,1]'     0.84667
109   'y[27,2]'     0.0114121
110   'y[27,3]'     0.141918
111   'y[28,1]'     0.84667
112   'y[28,2]'     0.0114121
113   'y[28,3]'     0.141918
114   'y[29,1]'     0.846671
115   'y[29,2]'     0.0114121
116   'y[29,3]'     0.141917
117   'y[30,1]'     0.846977
118   'y[30,2]'     0.0114071
119   'y[30,3]'     0.141616
120   Ls          100.03
121   'x[1,1]'      0.00462007
122   'x[1,2]'      0.609849
123   'x[1,3]'      0.385531
124   'x[2,1]'      0.0083332
125   'x[2,2]'      0.666792
126   'x[2,3]'      0.324875
127   'x[3,1]'      0.0121546
128   'x[3,2]'      0.677752
129   'x[3,3]'      0.310094
130   'x[4,1]'      0.0161244
131   'x[4,2]'      0.677481
132   'x[4,3]'      0.306394
133   'x[5,1]'      0.0202392
134   'x[5,2]'      0.674585
135   'x[5,3]'      0.305176
136   'x[6,1]'      0.0244557
137   'x[6,2]'      0.671048
138   'x[6,3]'      0.304496
139   'x[7,1]'      0.0287129
140   'x[7,2]'      0.667357
141   'x[7,3]'      0.30393
142   'x[8,1]'      0.0329431
143   'x[8,2]'      0.663663
144   'x[8,3]'      0.303394
145   'x[9,1]'      0.0370792
146   'x[9,2]'      0.660046
147   'x[9,3]'      0.302875
148   'x[10,1]'     0.0410598
149   'x[10,2]'     0.656563
150   'x[10,3]'     0.302377
151   'x[11,1]'     0.0448328
152   'x[11,2]'     0.653262
153   'x[11,3]'     0.301905
154   'x[12,1]'     0.0483577
155   'x[12,2]'     0.650179
156   'x[12,3]'     0.301464
157   'x[13,1]'     0.0516065
158   'x[13,2]'     0.647336
159   'x[13,3]'     0.301057
160   'x[14,1]'     0.0545638
161   'x[14,2]'     0.644749
162   'x[14,3]'     0.300687
163   'x[15,1]'     0.0572253
164   'x[15,2]'     0.64242
165   'x[15,3]'     0.300354
166   'x[16,1]'     0.491394
167   'x[16,2]'     0.0172143
168   'x[16,3]'     0.491392
169   'x[17,1]'     0.491394
170   'x[17,2]'     0.0172143
171   'x[17,3]'     0.491392
172   'x[18,1]'     0.491394
173   'x[18,2]'     0.0172143
174   'x[18,3]'     0.491392
175   'x[19,1]'     0.491394
176   'x[19,2]'     0.0172143
177   'x[19,3]'     0.491392
178   'x[20,1]'     0.491394
179   'x[20,2]'     0.0172143
180   'x[20,3]'     0.491392
181   'x[21,1]'     0.491394
182   'x[21,2]'     0.0172143
183   'x[21,3]'     0.491392
184   'x[22,1]'     0.491394
185   'x[22,2]'     0.0172143
186   'x[22,3]'     0.491392
187   'x[23,1]'     0.491394
188   'x[23,2]'     0.0172143
189   'x[23,3]'     0.491392
190   'x[24,1]'     0.491394
191   'x[24,2]'     0.0172143
192   'x[24,3]'     0.491392
193   'x[25,1]'     0.491394
194   'x[25,2]'     0.0172143
195   'x[25,3]'     0.491392
196   'x[26,1]'     0.491394
197   'x[26,2]'     0.0172143
198   'x[26,3]'     0.491392
199   'x[27,1]'     0.491394
200   'x[27,2]'     0.0172143
201   'x[27,3]'     0.491392
202   'x[28,1]'     0.491394
203   'x[28,2]'     0.0172143
204   'x[28,3]'     0.491392
205   'x[29,1]'     0.491395
206   'x[29,2]'     0.0172143
207   'x[29,3]'     0.491391
208   'x[30,1]'     0.492001
209   'x[30,2]'     0.0172218
210   'x[30,3]'     0.490777
211   PC           35.0659
212   PR           64.9341
213   Vap          35.0961
;

