solve_message = 'MINLP-B&B (20100607): Optimal solution found\
1 subproblem, objective = 192.08440791770315\
Evals: obj = 37, constr = 199, grad = 68, Hes = 83'

:            _varname               _var          :=
1      'F[2]'                      0
2      'F[3]'                      0
3      'F[4]'                      0
4      'F[5]'                      0
5      'F[6]'                      0
6      'F[7]'                      0
7      'F[8]'                    100
8      'F[9]'                      0
9      'F[10]'                     0
10     'F[11]'                     0
11     'F[12]'                     0
12     'F[13]'                     0
13     'F[14]'                     0
14     'V[1,1]'                  120.388
15     'V[1,2]'                  120.469
16     'V[1,3]'                  120.802
17     'V[1,4]'                  121.437
18     'V[1,5]'                  122.208
19     'V[1,6]'                  122.775
20     'V[1,7]'                  122.934
21     'V[1,8]'                  123.457
22     'V[1,9]'                  123.672
23     'V[1,10]'                 123.96
24     'V[1,11]'                 124.328
25     'V[1,12]'                 124.766
26     'V[1,13]'                 125.249
27     'V[1,14]'                 125.784
28     'V[1,15]'                   0
29     'V[2,1]'                   71.6962
30     'V[2,2]'                   71.6781
31     'V[2,3]'                   71.5965
32     'V[2,4]'                   71.5413
33     'V[2,5]'                   71.6003
34     'V[2,6]'                   71.8224
35     'V[2,7]'                   72.1657
36     'V[2,8]'                   72.5271
37     'V[2,9]'                   72.8243
38     'V[2,10]'                  73.032
39     'V[2,11]'                  75.737
40     'V[2,12]'                  76.316
41     'V[2,13]'                  77.0517
42     'V[2,14]'                  77.8257
43     'V[2,15]'                   0
44     'y[1,1,1]'                  0.000110583
45     'y[1,1,2]'                  0.117475
46     'y[1,1,3]'                  0.882414
47     'y[1,2,1]'                  0.000451829
48     'y[1,2,2]'                  0.20616
49     'y[1,2,3]'                  0.793388
50     'y[1,3,1]'                  0.00167409
51     'y[1,3,2]'                  0.32183
52     'y[1,3,3]'                  0.676496
53     'y[1,4,1]'                  0.00569052
54     'y[1,4,2]'                  0.449837
55     'y[1,4,3]'                  0.544472
56     'y[1,5,1]'                  0.0177146
57     'y[1,5,2]'                  0.564205
58     'y[1,5,3]'                  0.418081
59     'y[1,6,1]'                  0.0504306
60     'y[1,6,2]'                  0.636569
61     'y[1,6,3]'                  0.313001
62     'y[1,7,1]'                  0.129705
63     'y[1,7,2]'                  0.639281
64     'y[1,7,3]'                  0.231014
65     'y[1,8,1]'                  0.289026
66     'y[1,8,2]'                  0.546767
67     'y[1,8,3]'                  0.164207
68     'y[1,9,1]'                  0.289797
69     'y[1,9,2]'                  0.55878
70     'y[1,9,3]'                  0.151423
71     'y[1,10,1]'                 0.29081
72     'y[1,10,2]'                 0.574199
73     'y[1,10,3]'                 0.134991
74     'y[1,11,1]'                 0.292229
75     'y[1,11,2]'                 0.592726
76     'y[1,11,3]'                 0.115045
77     'y[1,12,1]'                 0.294838
78     'y[1,12,2]'                 0.612732
79     'y[1,12,3]'                 0.0924297
80     'y[1,13,1]'                 0.30229
81     'y[1,13,2]'                 0.629137
82     'y[1,13,3]'                 0.0685725
83     'y[1,14,1]'                 0.329847
84     'y[1,14,2]'                 0.625227
85     'y[1,14,3]'                 0.0449255
86     'y[1,15,1]'                 0.429434
87     'y[1,15,2]'                 0.547908
88     'y[1,15,3]'                 0.0226582
89     'y[2,1,1]'                  0.0340997
90     'y[2,1,2]'                  0.948666
91     'y[2,1,3]'                  0.0172346
92     'y[2,2,1]'                  0.069233
93     'y[2,2,2]'                  0.920344
94     'y[2,2,3]'                  0.0104231
95     'y[2,3,1]'                  0.124097
96     'y[2,3,2]'                  0.867653
97     'y[2,3,3]'                  0.00824974
98     'y[2,4,1]'                  0.202926
99     'y[2,4,2]'                  0.78984
100    'y[2,4,3]'                  0.007234
101    'y[2,5,1]'                  0.303361
102    'y[2,5,2]'                  0.690216
103    'y[2,5,3]'                  0.00642315
104    'y[2,6,1]'                  0.413126
105    'y[2,6,2]'                  0.581237
106    'y[2,6,3]'                  0.00563652
107    'y[2,7,1]'                  0.514388
108    'y[2,7,2]'                  0.480684
109    'y[2,7,3]'                  0.00492805
110    'y[2,8,1]'                  0.593989
111    'y[2,8,2]'                  0.401638
112    'y[2,8,3]'                  0.0043728
113    'y[2,9,1]'                  0.648948
114    'y[2,9,2]'                  0.347064
115    'y[2,9,3]'                  0.00398889
116    'y[2,10,1]'                 0.683545
117    'y[2,10,2]'                 0.312708
118    'y[2,10,3]'                 0.00374671
119    'y[2,11,1]'                 0.704068
120    'y[2,11,2]'                 0.29233
121    'y[2,11,3]'                 0.00360279
122    'y[2,12,1]'                 0.767238
123    'y[2,12,2]'                 0.231567
124    'y[2,12,3]'                 0.00119582
125    'y[2,13,1]'                 0.838748
126    'y[2,13,2]'                 0.160903
127    'y[2,13,3]'                 0.000348828
128    'y[2,14,1]'                 0.904226
129    'y[2,14,2]'                 0.0956858
130    'y[2,14,3]'                 8.80887e-05
131    'y[2,15,1]'                 0.952984
132    'y[2,15,2]'                 0.0469978
133    'y[2,15,3]'                 1.8671e-05
134    'L[1,1]'                    0
135    'L[1,2]'                  150.53
136    'L[1,3]'                  150.611
137    'L[1,4]'                  150.944
138    'L[1,5]'                  151.579
139    'L[1,6]'                  152.35
140    'L[1,7]'                  152.917
141    'L[1,8]'                  153.076
142    'L[1,9]'                   53.5992
143    'L[1,10]'                  53.8139
144    'L[1,11]'                  54.1021
145    'L[1,12]'                  54.4696
146    'L[1,13]'                  54.9077
147    'L[1,14]'                  55.391
148    'L[1,15]'                  55.9257
149    'L[2,1]'                    0
150    'L[2,2]'                  110.594
151    'L[2,3]'                  110.576
152    'L[2,4]'                  110.495
153    'L[2,5]'                  110.439
154    'L[2,6]'                  110.498
155    'L[2,7]'                  110.72
156    'L[2,8]'                  111.064
157    'L[2,9]'                  111.425
158    'L[2,10]'                 111.722
159    'L[2,11]'                 111.93
160    'L[2,12]'                  44.7771
161    'L[2,13]'                  45.3561
162    'L[2,14]'                  46.0918
163    'L[2,15]'                  46.8657
164    'x[1,1,1]'                  2.17428e-05
165    'x[1,1,2]'                  0.0572051
166    'x[1,1,3]'                  0.942773
167    'x[1,2,1]'                  9.27935e-05
168    'x[1,2,2]'                  0.105407
169    'x[1,2,3]'                  0.8945
170    'x[1,3,1]'                  0.000365755
171    'x[1,3,2]'                  0.176349
172    'x[1,3,3]'                  0.823285
173    'x[1,4,1]'                  0.00134413
174    'x[1,4,2]'                  0.268987
175    'x[1,4,3]'                  0.729669
176    'x[1,5,1]'                  0.00456326
177    'x[1,5,2]'                  0.371761
178    'x[1,5,3]'                  0.623675
179    'x[1,6,1]'                  0.0142141
180    'x[1,6,2]'                  0.463896
181    'x[1,6,3]'                  0.52189
182    'x[1,7,1]'                  0.0404943
183    'x[1,7,2]'                  0.522368
184    'x[1,7,3]'                  0.437137
185    'x[1,8,1]'                  0.104169
186    'x[1,8,2]'                  0.524665
187    'x[1,8,3]'                  0.371165
188    'x[1,9,1]'                  0.106027
189    'x[1,9,2]'                  0.54528
190    'x[1,9,3]'                  0.348693
191    'x[1,10,1]'                 0.108528
192    'x[1,10,2]'                 0.572894
193    'x[1,10,3]'                 0.318577
194    'x[1,11,1]'                 0.111817
195    'x[1,11,2]'                 0.608146
196    'x[1,11,3]'                 0.280037
197    'x[1,12,1]'                 0.116262
198    'x[1,12,2]'                 0.650206
199    'x[1,12,3]'                 0.233532
200    'x[1,13,1]'                 0.123594
201    'x[1,13,2]'                 0.695207
202    'x[1,13,3]'                 0.181198
203    'x[1,14,1]'                 0.14194
204    'x[1,14,2]'                 0.731582
205    'x[1,14,3]'                 0.126478
206    'x[1,15,1]'                 0.205452
207    'x[1,15,2]'                 0.721808
208    'x[1,15,3]'                 0.0727399
209    'x[2,1,1]'                  0.0127268
210    'x[2,1,2]'                  0.946596
211    'x[2,1,3]'                  0.0406776
212    'x[2,2,1]'                  0.0265825
213    'x[2,2,2]'                  0.947938
214    'x[2,2,3]'                  0.0254799
215    'x[2,3,1]'                  0.0493555
216    'x[2,3,2]'                  0.929579
217    'x[2,3,3]'                  0.0210659
218    'x[2,4,1]'                  0.0848909
219    'x[2,4,2]'                  0.895444
220    'x[2,4,3]'                  0.0196655
221    'x[2,5,1]'                  0.135936
222    'x[2,5,2]'                  0.845051
223    'x[2,5,3]'                  0.0190132
224    'x[2,6,1]'                  0.201051
225    'x[2,6,2]'                  0.780468
226    'x[2,6,3]'                  0.0184815
227    'x[2,7,1]'                  0.272459
228    'x[2,7,2]'                  0.709594
229    'x[2,7,3]'                  0.0179471
230    'x[2,8,1]'                  0.33869
231    'x[2,8,2]'                  0.643861
232    'x[2,8,3]'                  0.0174487
233    'x[2,9,1]'                  0.391073
234    'x[2,9,2]'                  0.59188
235    'x[2,9,3]'                  0.0170467
236    'x[2,10,1]'                 0.427437
237    'x[2,10,2]'                 0.555801
238    'x[2,10,3]'                 0.0167627
239    'x[2,11,1]'                 0.450422
240    'x[2,11,2]'                 0.532997
241    'x[2,11,3]'                 0.016581
242    'x[2,12,1]'                 0.531961
243    'x[2,12,2]'                 0.461958
244    'x[2,12,3]'                 0.00608094
245    'x[2,13,1]'                 0.640448
246    'x[2,13,2]'                 0.357553
247    'x[2,13,3]'                 0.00199934
248    'x[2,14,1]'                 0.762015
249    'x[2,14,2]'                 0.237414
250    'x[2,14,3]'                 0.000570595
251    'x[2,15,1]'                 0.872017
252    'x[2,15,2]'                 0.127849
253    'x[2,15,3]'                 0.000133947
254    'CC[2]'                     0
255    'CC[3]'                     0
256    'CC[4]'                     0
257    'CC[5]'                     0
258    'CC[6]'                     0
259    'CC[7]'                     0
260    'CC[8]'                     0
261    'CC[9]'                     0
262    'CC[10]'                    0
263    'CC[11]'                   69.8579
264    'CC[12]'                    0
265    'CC[13]'                    0
266    'CC[14]'                    0
267    'CR[2]'                     0
268    'CR[3]'                     0
269    'CR[4]'                     0
270    'CR[5]'                     0
271    'CR[6]'                     0
272    'CR[7]'                     0
273    'CR[8]'                     0
274    'CR[9]'                     0
275    'CR[10]'                    0
276    'CR[11]'                    0
277    'CR[12]'                    0
278    'CR[13]'                    0
279    'CR[14]'                    0
280    'PC[1]'                     0
281    'PC[2]'                    30.9599
282    'PR[1]'                    30.1421
283    'PR[2]'                    38.898
284    'PS[2]'                     0
285    'PS[3]'                     0
286    'PS[4]'                     0
287    'PS[5]'                     0
288    'PS[6]'                     0
289    'PS[7]'                     0
290    'PS[8]'                     0
291    'PS[9]'                     0
292    'PS[10]'                    0
293    'PS[11]'                    0
294    'PS[12]'                    0
295    'PS[13]'                    0
296    'PS[14]'                    0
297    'T[1,1]'                  367.606
298    'T[1,2]'                  366.061
299    'T[1,3]'                  363.892
300    'T[1,4]'                  361.2
301    'T[1,5]'                  358.263
302    'T[1,6]'                  355.273
303    'T[1,7]'                  351.946
304    'T[1,8]'                  347.397
305    'T[1,9]'                  346.929
306    'T[1,10]'                 346.314
307    'T[1,11]'                 345.542
308    'T[1,12]'                 344.618
309    'T[1,13]'                 343.515
310    'T[1,14]'                 341.97
311    'T[1,15]'                 338.82
312    'T[2,1]'                  346.312
313    'T[2,2]'                  345.436
314    'T[2,3]'                  344.357
315    'T[2,4]'                  342.821
316    'T[2,5]'                  340.758
317    'T[2,6]'                  338.32
318    'T[2,7]'                  335.861
319    'T[2,8]'                  333.755
320    'T[2,9]'                  332.195
321    'T[2,10]'                 331.162
322    'T[2,11]'                 330.529
323    'T[2,12]'                 328.318
324    'T[2,13]'                 325.713
325    'T[2,14]'                 323.1
326    'T[2,15]'                 320.958
327    TF                        338.159
328    'QC[1]'                  1222
329    'QC[2]'                   717.909
330    'QR[1]'                  1274.43
331    'QR[2]'                   708.873
332    'H[1,1,1]'                  1.80914
333    'H[1,1,2]'                  2.2342
334    'H[1,1,3]'                  2.67818
335    'H[1,2,1]'                  1.76442
336    'H[1,2,2]'                  2.17997
337    'H[1,2,3]'                  2.6127
338    'H[1,3,1]'                  1.70199
339    'H[1,3,2]'                  2.10422
340    'H[1,3,3]'                  2.52126
341    'H[1,4,1]'                  1.62505
342    'H[1,4,2]'                  2.01076
343    'H[1,4,3]'                  2.40853
344    'H[1,5,1]'                  1.54179
345    'H[1,5,2]'                  1.90952
346    'H[1,5,3]'                  2.2865
347    'H[1,6,1]'                  1.4578
348    'H[1,6,2]'                  1.80725
349    'H[1,6,3]'                  2.16332
350    'H[1,7,1]'                  1.36523
351    'H[1,7,2]'                  1.69439
352    'H[1,7,3]'                  2.02749
353    'H[1,8,1]'                  1.24019
354    'H[1,8,2]'                  1.54163
355    'H[1,8,3]'                  1.84383
356    'H[1,9,1]'                  1.22744
357    'H[1,9,2]'                  1.52603
358    'H[1,9,3]'                  1.82508
359    'H[1,10,1]'                 1.2107
360    'H[1,10,2]'                 1.50554
361    'H[1,10,3]'                 1.80047
362    'H[1,11,1]'                 1.18974
363    'H[1,11,2]'                 1.47989
364    'H[1,11,3]'                 1.76965
365    'H[1,12,1]'                 1.16471
366    'H[1,12,2]'                 1.44923
367    'H[1,12,3]'                 1.73284
368    'H[1,13,1]'                 1.13491
369    'H[1,13,2]'                 1.41272
370    'H[1,13,3]'                 1.689
371    'H[1,14,1]'                 1.09336
372    'H[1,14,2]'                 1.36178
373    'H[1,14,3]'                 1.62786
374    'H[1,15,1]'                 1.00934
375    'H[1,15,2]'                 1.2586
376    'H[1,15,3]'                 1.50408
377    'H[2,1,1]'                  1.21063
378    'H[2,1,2]'                  1.50546
379    'H[2,1,3]'                  1.80037
380    'H[2,2,1]'                  1.18686
381    'H[2,2,2]'                  1.47636
382    'H[2,2,3]'                  1.76542
383    'H[2,3,1]'                  1.15763
384    'H[2,3,2]'                  1.44056
385    'H[2,3,3]'                  1.72243
386    'H[2,4,1]'                  1.11623
387    'H[2,4,2]'                  1.38982
388    'H[2,4,3]'                  1.66151
389    'H[2,5,1]'                  1.06094
390    'H[2,5,2]'                  1.32199
391    'H[2,5,3]'                  1.58011
392    'H[2,6,1]'                  0.996062
393    'H[2,6,2]'                  1.24228
394    'H[2,6,3]'                  1.48452
395    'H[2,7,1]'                  0.931155
396    'H[2,7,2]'                  1.16243
397    'H[2,7,3]'                  1.38879
398    'H[2,8,1]'                  0.876
399    'H[2,8,2]'                  1.09447
400    'H[2,8,3]'                  1.30737
401    'H[2,9,1]'                  0.835402
402    'H[2,9,2]'                  1.04439
403    'H[2,9,3]'                  1.24739
404    'H[2,10,1]'                 0.808639
405    'H[2,10,2]'                 1.01134
406    'H[2,10,3]'                 1.20783
407    'H[2,11,1]'                 0.792282
408    'H[2,11,2]'                 0.991137
409    'H[2,11,3]'                 1.18364
410    'H[2,12,1]'                 0.735419
411    'H[2,12,2]'                 0.920824
412    'H[2,12,3]'                 1.09949
413    'H[2,13,1]'                 0.66898
414    'H[2,13,2]'                 0.838532
415    'H[2,13,3]'                 1.00105
416    'H[2,14,1]'                 0.602961
417    'H[2,14,2]'                 0.756605
418    'H[2,14,3]'                 0.903088
419    'H[2,15,1]'                 0.549275
420    'H[2,15,2]'                 0.689864
421    'H[2,15,3]'                 0.823321
422    'HF[1]'                     0.991793
423    'HF[2]'                     1.23703
424    'HF[3]'                     1.47822
425    'h[1,1,1]'                 -6.48513
426    'h[1,1,2]'                 -7.27135
427    'h[1,1,3]'                 -7.92491
428    'h[1,2,1]'                 -6.55608
429    'h[1,2,2]'                 -7.35044
430    'h[1,2,3]'                 -8.01583
431    'h[1,3,1]'                 -6.65519
432    'h[1,3,2]'                 -7.46097
433    'h[1,3,3]'                 -8.14293
434    'h[1,4,1]'                 -6.77745
435    'h[1,4,2]'                 -7.59741
436    'h[1,4,3]'                 -8.29983
437    'h[1,5,1]'                 -6.9099
438    'h[1,5,2]'                 -7.74535
439    'h[1,5,3]'                 -8.46998
440    'h[1,6,1]'                 -7.0437
441    'h[1,6,2]'                 -7.89493
442    'h[1,6,3]'                 -8.64207
443    'h[1,7,1]'                 -7.19138
444    'h[1,7,2]'                 -8.06019
445    'h[1,7,3]'                 -8.83225
446    'h[1,8,1]'                 -7.39129
447    'h[1,8,2]'                 -8.28421
448    'h[1,8,3]'                 -9.09015
449    'h[1,9,1]'                 -7.41171
450    'h[1,9,2]'                 -8.30711
451    'h[1,9,3]'                 -9.11652
452    'h[1,10,1]'                -7.43852
453    'h[1,10,2]'                -8.3372
454    'h[1,10,3]'                -9.15117
455    'h[1,11,1]'                -7.4721
456    'h[1,11,2]'                -8.37488
457    'h[1,11,3]'                -9.19458
458    'h[1,12,1]'                -7.51223
459    'h[1,12,2]'                -8.41992
460    'h[1,12,3]'                -9.24646
461    'h[1,13,1]'                -7.56003
462    'h[1,13,2]'                -8.47359
463    'h[1,13,3]'                -9.3083
464    'h[1,14,1]'                -7.62673
465    'h[1,14,2]'                -8.54854
466    'h[1,14,3]'                -9.39466
467    'h[1,15,1]'                -7.76185
468    'h[1,15,2]'                -8.70049
469    'h[1,15,3]'                -9.56983
470    'h[2,1,1]'                 -7.43863
471    'h[2,1,2]'                 -8.33732
472    'h[2,1,3]'                 -9.15131
473    'h[2,2,1]'                 -7.47672
474    'h[2,2,2]'                 -8.38006
475    'h[2,2,3]'                 -9.20054
476    'h[2,3,1]'                 -7.52358
477    'h[2,3,2]'                 -8.43266
478    'h[2,3,3]'                 -9.26114
479    'h[2,4,1]'                 -7.59002
480    'h[2,4,2]'                 -8.50728
481    'h[2,4,3]'                 -9.34712
482    'h[2,5,1]'                 -7.67884
483    'h[2,5,2]'                 -8.60711
484    'h[2,5,3]'                 -9.46217
485    'h[2,6,1]'                 -7.78322
486    'h[2,6,2]'                 -8.72454
487    'h[2,6,3]'                 -9.59757
488    'h[2,7,1]'                 -7.88784
489    'h[2,7,2]'                 -8.84236
490    'h[2,7,3]'                 -9.73346
491    'h[2,8,1]'                 -7.97689
492    'h[2,8,2]'                 -8.94274
493    'h[2,8,3]'                 -9.8493
494    'h[2,9,1]'                 -8.04253
495    'h[2,9,2]'                 -9.0168
496    'h[2,9,3]'                 -9.93479
497    'h[2,10,1]'                -8.08585
498    'h[2,10,2]'                -9.06569
499    'h[2,10,3]'                -9.99126
500    'h[2,11,1]'                -8.11234
501    'h[2,11,2]'                -9.09561
502    'h[2,11,3]'               -10.0258
503    'h[2,12,1]'                -8.20454
504    'h[2,12,2]'                -9.19981
505    'h[2,12,3]'               -10.1462
506    'h[2,13,1]'                -8.31249
507    'h[2,13,2]'                -9.32195
508    'h[2,13,3]'               -10.2874
509    'h[2,14,1]'                -8.42001
510    'h[2,14,2]'                -9.44375
511    'h[2,14,3]'               -10.4283
512    'h[2,15,1]'                -8.50763
513    'h[2,15,2]'                -9.54314
514    'h[2,15,3]'               -10.5434
515    'hF[1]'                    -7.7901
516    'hF[2]'                    -8.73228
517    'hF[3]'                    -9.60649
518    'tauGamma[1,1,1,1]'     1e-06
519    'tauGamma[1,1,1,2]'     1e-06
520    'tauGamma[1,1,1,3]'     1e-06
521    'tauGamma[1,1,2,1]'     1e-06
522    'tauGamma[1,1,2,2]'     1e-06
523    'tauGamma[1,1,2,3]'     1e-06
524    'tauGamma[1,1,3,1]'     1e-06
525    'tauGamma[1,1,3,2]'     1e-06
526    'tauGamma[1,1,3,3]'     1e-06
527    'tauGamma[1,2,1,1]'     1e-06
528    'tauGamma[1,2,1,2]'     1e-06
529    'tauGamma[1,2,1,3]'     1e-06
530    'tauGamma[1,2,2,1]'     1e-06
531    'tauGamma[1,2,2,2]'     1e-06
532    'tauGamma[1,2,2,3]'     1e-06
533    'tauGamma[1,2,3,1]'     1e-06
534    'tauGamma[1,2,3,2]'     1e-06
535    'tauGamma[1,2,3,3]'     1e-06
536    'tauGamma[1,3,1,1]'     1e-06
537    'tauGamma[1,3,1,2]'     1e-06
538    'tauGamma[1,3,1,3]'     1e-06
539    'tauGamma[1,3,2,1]'     1e-06
540    'tauGamma[1,3,2,2]'     1e-06
541    'tauGamma[1,3,2,3]'     1e-06
542    'tauGamma[1,3,3,1]'     1e-06
543    'tauGamma[1,3,3,2]'     1e-06
544    'tauGamma[1,3,3,3]'     1e-06
545    'tauGamma[1,4,1,1]'     1e-06
546    'tauGamma[1,4,1,2]'     1e-06
547    'tauGamma[1,4,1,3]'     1e-06
548    'tauGamma[1,4,2,1]'     1e-06
549    'tauGamma[1,4,2,2]'     1e-06
550    'tauGamma[1,4,2,3]'     1e-06
551    'tauGamma[1,4,3,1]'     1e-06
552    'tauGamma[1,4,3,2]'     1e-06
553    'tauGamma[1,4,3,3]'     1e-06
554    'tauGamma[1,5,1,1]'     1e-06
555    'tauGamma[1,5,1,2]'     1e-06
556    'tauGamma[1,5,1,3]'     1e-06
557    'tauGamma[1,5,2,1]'     1e-06
558    'tauGamma[1,5,2,2]'     1e-06
559    'tauGamma[1,5,2,3]'     1e-06
560    'tauGamma[1,5,3,1]'     1e-06
561    'tauGamma[1,5,3,2]'     1e-06
562    'tauGamma[1,5,3,3]'     1e-06
563    'tauGamma[1,6,1,1]'     1e-06
564    'tauGamma[1,6,1,2]'     1e-06
565    'tauGamma[1,6,1,3]'     1e-06
566    'tauGamma[1,6,2,1]'     1e-06
567    'tauGamma[1,6,2,2]'     1e-06
568    'tauGamma[1,6,2,3]'     1e-06
569    'tauGamma[1,6,3,1]'     1e-06
570    'tauGamma[1,6,3,2]'     1e-06
571    'tauGamma[1,6,3,3]'     1e-06
572    'tauGamma[1,7,1,1]'     1e-06
573    'tauGamma[1,7,1,2]'     1e-06
574    'tauGamma[1,7,1,3]'     1e-06
575    'tauGamma[1,7,2,1]'     1e-06
576    'tauGamma[1,7,2,2]'     1e-06
577    'tauGamma[1,7,2,3]'     1e-06
578    'tauGamma[1,7,3,1]'     1e-06
579    'tauGamma[1,7,3,2]'     1e-06
580    'tauGamma[1,7,3,3]'     1e-06
581    'tauGamma[1,8,1,1]'     1e-06
582    'tauGamma[1,8,1,2]'     1e-06
583    'tauGamma[1,8,1,3]'     1e-06
584    'tauGamma[1,8,2,1]'     1e-06
585    'tauGamma[1,8,2,2]'     1e-06
586    'tauGamma[1,8,2,3]'     1e-06
587    'tauGamma[1,8,3,1]'     1e-06
588    'tauGamma[1,8,3,2]'     1e-06
589    'tauGamma[1,8,3,3]'     1e-06
590    'tauGamma[1,9,1,1]'     1e-06
591    'tauGamma[1,9,1,2]'     1e-06
592    'tauGamma[1,9,1,3]'     1e-06
593    'tauGamma[1,9,2,1]'     1e-06
594    'tauGamma[1,9,2,2]'     1e-06
595    'tauGamma[1,9,2,3]'     1e-06
596    'tauGamma[1,9,3,1]'     1e-06
597    'tauGamma[1,9,3,2]'     1e-06
598    'tauGamma[1,9,3,3]'     1e-06
599    'tauGamma[1,10,1,1]'    1e-06
600    'tauGamma[1,10,1,2]'    1e-06
601    'tauGamma[1,10,1,3]'    1e-06
602    'tauGamma[1,10,2,1]'    1e-06
603    'tauGamma[1,10,2,2]'    1e-06
604    'tauGamma[1,10,2,3]'    1e-06
605    'tauGamma[1,10,3,1]'    1e-06
606    'tauGamma[1,10,3,2]'    1e-06
607    'tauGamma[1,10,3,3]'    1e-06
608    'tauGamma[1,11,1,1]'    1e-06
609    'tauGamma[1,11,1,2]'    1e-06
610    'tauGamma[1,11,1,3]'    1e-06
611    'tauGamma[1,11,2,1]'    1e-06
612    'tauGamma[1,11,2,2]'    1e-06
613    'tauGamma[1,11,2,3]'    1e-06
614    'tauGamma[1,11,3,1]'    1e-06
615    'tauGamma[1,11,3,2]'    1e-06
616    'tauGamma[1,11,3,3]'    1e-06
617    'tauGamma[1,12,1,1]'    1e-06
618    'tauGamma[1,12,1,2]'    1e-06
619    'tauGamma[1,12,1,3]'    1e-06
620    'tauGamma[1,12,2,1]'    1e-06
621    'tauGamma[1,12,2,2]'    1e-06
622    'tauGamma[1,12,2,3]'    1e-06
623    'tauGamma[1,12,3,1]'    1e-06
624    'tauGamma[1,12,3,2]'    1e-06
625    'tauGamma[1,12,3,3]'    1e-06
626    'tauGamma[1,13,1,1]'    1e-06
627    'tauGamma[1,13,1,2]'    1e-06
628    'tauGamma[1,13,1,3]'    1e-06
629    'tauGamma[1,13,2,1]'    1e-06
630    'tauGamma[1,13,2,2]'    1e-06
631    'tauGamma[1,13,2,3]'    1e-06
632    'tauGamma[1,13,3,1]'    1e-06
633    'tauGamma[1,13,3,2]'    1e-06
634    'tauGamma[1,13,3,3]'    1e-06
635    'tauGamma[1,14,1,1]'    1e-06
636    'tauGamma[1,14,1,2]'    1e-06
637    'tauGamma[1,14,1,3]'    1e-06
638    'tauGamma[1,14,2,1]'    1e-06
639    'tauGamma[1,14,2,2]'    1e-06
640    'tauGamma[1,14,2,3]'    1e-06
641    'tauGamma[1,14,3,1]'    1e-06
642    'tauGamma[1,14,3,2]'    1e-06
643    'tauGamma[1,14,3,3]'    1e-06
644    'tauGamma[1,15,1,1]'    1e-06
645    'tauGamma[1,15,1,2]'    1e-06
646    'tauGamma[1,15,1,3]'    1e-06
647    'tauGamma[1,15,2,1]'    1e-06
648    'tauGamma[1,15,2,2]'    1e-06
649    'tauGamma[1,15,2,3]'    1e-06
650    'tauGamma[1,15,3,1]'    1e-06
651    'tauGamma[1,15,3,2]'    1e-06
652    'tauGamma[1,15,3,3]'    1e-06
653    'tauGamma[2,1,1,1]'     1e-06
654    'tauGamma[2,1,1,2]'     1e-06
655    'tauGamma[2,1,1,3]'     1e-06
656    'tauGamma[2,1,2,1]'     1e-06
657    'tauGamma[2,1,2,2]'     1e-06
658    'tauGamma[2,1,2,3]'     1e-06
659    'tauGamma[2,1,3,1]'     1e-06
660    'tauGamma[2,1,3,2]'     1e-06
661    'tauGamma[2,1,3,3]'     1e-06
662    'tauGamma[2,2,1,1]'     1e-06
663    'tauGamma[2,2,1,2]'     1e-06
664    'tauGamma[2,2,1,3]'     1e-06
665    'tauGamma[2,2,2,1]'     1e-06
666    'tauGamma[2,2,2,2]'     1e-06
667    'tauGamma[2,2,2,3]'     1e-06
668    'tauGamma[2,2,3,1]'     1e-06
669    'tauGamma[2,2,3,2]'     1e-06
670    'tauGamma[2,2,3,3]'     1e-06
671    'tauGamma[2,3,1,1]'     1e-06
672    'tauGamma[2,3,1,2]'     1e-06
673    'tauGamma[2,3,1,3]'     1e-06
674    'tauGamma[2,3,2,1]'     1e-06
675    'tauGamma[2,3,2,2]'     1e-06
676    'tauGamma[2,3,2,3]'     1e-06
677    'tauGamma[2,3,3,1]'     1e-06
678    'tauGamma[2,3,3,2]'     1e-06
679    'tauGamma[2,3,3,3]'     1e-06
680    'tauGamma[2,4,1,1]'     1e-06
681    'tauGamma[2,4,1,2]'     1e-06
682    'tauGamma[2,4,1,3]'     1e-06
683    'tauGamma[2,4,2,1]'     1e-06
684    'tauGamma[2,4,2,2]'     1e-06
685    'tauGamma[2,4,2,3]'     1e-06
686    'tauGamma[2,4,3,1]'     1e-06
687    'tauGamma[2,4,3,2]'     1e-06
688    'tauGamma[2,4,3,3]'     1e-06
689    'tauGamma[2,5,1,1]'     1e-06
690    'tauGamma[2,5,1,2]'     1e-06
691    'tauGamma[2,5,1,3]'     1e-06
692    'tauGamma[2,5,2,1]'     1e-06
693    'tauGamma[2,5,2,2]'     1e-06
694    'tauGamma[2,5,2,3]'     1e-06
695    'tauGamma[2,5,3,1]'     1e-06
696    'tauGamma[2,5,3,2]'     1e-06
697    'tauGamma[2,5,3,3]'     1e-06
698    'tauGamma[2,6,1,1]'     1e-06
699    'tauGamma[2,6,1,2]'     1e-06
700    'tauGamma[2,6,1,3]'     1e-06
701    'tauGamma[2,6,2,1]'     1e-06
702    'tauGamma[2,6,2,2]'     1e-06
703    'tauGamma[2,6,2,3]'     1e-06
704    'tauGamma[2,6,3,1]'     1e-06
705    'tauGamma[2,6,3,2]'     1e-06
706    'tauGamma[2,6,3,3]'     1e-06
707    'tauGamma[2,7,1,1]'     1e-06
708    'tauGamma[2,7,1,2]'     1e-06
709    'tauGamma[2,7,1,3]'     1e-06
710    'tauGamma[2,7,2,1]'     1e-06
711    'tauGamma[2,7,2,2]'     1e-06
712    'tauGamma[2,7,2,3]'     1e-06
713    'tauGamma[2,7,3,1]'     1e-06
714    'tauGamma[2,7,3,2]'     1e-06
715    'tauGamma[2,7,3,3]'     1e-06
716    'tauGamma[2,8,1,1]'     1e-06
717    'tauGamma[2,8,1,2]'     1e-06
718    'tauGamma[2,8,1,3]'     1e-06
719    'tauGamma[2,8,2,1]'     1e-06
720    'tauGamma[2,8,2,2]'     1e-06
721    'tauGamma[2,8,2,3]'     1e-06
722    'tauGamma[2,8,3,1]'     1e-06
723    'tauGamma[2,8,3,2]'     1e-06
724    'tauGamma[2,8,3,3]'     1e-06
725    'tauGamma[2,9,1,1]'     1e-06
726    'tauGamma[2,9,1,2]'     1e-06
727    'tauGamma[2,9,1,3]'     1e-06
728    'tauGamma[2,9,2,1]'     1e-06
729    'tauGamma[2,9,2,2]'     1e-06
730    'tauGamma[2,9,2,3]'     1e-06
731    'tauGamma[2,9,3,1]'     1e-06
732    'tauGamma[2,9,3,2]'     1e-06
733    'tauGamma[2,9,3,3]'     1e-06
734    'tauGamma[2,10,1,1]'    1e-06
735    'tauGamma[2,10,1,2]'    1e-06
736    'tauGamma[2,10,1,3]'    1e-06
737    'tauGamma[2,10,2,1]'    1e-06
738    'tauGamma[2,10,2,2]'    1e-06
739    'tauGamma[2,10,2,3]'    1e-06
740    'tauGamma[2,10,3,1]'    1e-06
741    'tauGamma[2,10,3,2]'    1e-06
742    'tauGamma[2,10,3,3]'    1e-06
743    'tauGamma[2,11,1,1]'    1e-06
744    'tauGamma[2,11,1,2]'    1e-06
745    'tauGamma[2,11,1,3]'    1e-06
746    'tauGamma[2,11,2,1]'    1e-06
747    'tauGamma[2,11,2,2]'    1e-06
748    'tauGamma[2,11,2,3]'    1e-06
749    'tauGamma[2,11,3,1]'    1e-06
750    'tauGamma[2,11,3,2]'    1e-06
751    'tauGamma[2,11,3,3]'    1e-06
752    'tauGamma[2,12,1,1]'    1e-06
753    'tauGamma[2,12,1,2]'    1e-06
754    'tauGamma[2,12,1,3]'    1e-06
755    'tauGamma[2,12,2,1]'    1e-06
756    'tauGamma[2,12,2,2]'    1e-06
757    'tauGamma[2,12,2,3]'    1e-06
758    'tauGamma[2,12,3,1]'    1e-06
759    'tauGamma[2,12,3,2]'    1e-06
760    'tauGamma[2,12,3,3]'    1e-06
761    'tauGamma[2,13,1,1]'    1e-06
762    'tauGamma[2,13,1,2]'    1e-06
763    'tauGamma[2,13,1,3]'    1e-06
764    'tauGamma[2,13,2,1]'    1e-06
765    'tauGamma[2,13,2,2]'    1e-06
766    'tauGamma[2,13,2,3]'    1e-06
767    'tauGamma[2,13,3,1]'    1e-06
768    'tauGamma[2,13,3,2]'    1e-06
769    'tauGamma[2,13,3,3]'    1e-06
770    'tauGamma[2,14,1,1]'    1e-06
771    'tauGamma[2,14,1,2]'    1e-06
772    'tauGamma[2,14,1,3]'    1e-06
773    'tauGamma[2,14,2,1]'    1e-06
774    'tauGamma[2,14,2,2]'    1e-06
775    'tauGamma[2,14,2,3]'    1e-06
776    'tauGamma[2,14,3,1]'    1e-06
777    'tauGamma[2,14,3,2]'    1e-06
778    'tauGamma[2,14,3,3]'    1e-06
779    'tauGamma[2,15,1,1]'    1e-06
780    'tauGamma[2,15,1,2]'    1e-06
781    'tauGamma[2,15,1,3]'    1e-06
782    'tauGamma[2,15,2,1]'    1e-06
783    'tauGamma[2,15,2,2]'    1e-06
784    'tauGamma[2,15,2,3]'    1e-06
785    'tauGamma[2,15,3,1]'    1e-06
786    'tauGamma[2,15,3,2]'    1e-06
787    'tauGamma[2,15,3,3]'    1e-06
788    'PGamma[1,1,1,1]'           1
789    'PGamma[1,1,1,2]'           1
790    'PGamma[1,1,1,3]'           1
791    'PGamma[1,1,2,1]'           1
792    'PGamma[1,1,2,2]'           1
793    'PGamma[1,1,2,3]'           1
794    'PGamma[1,1,3,1]'           1
795    'PGamma[1,1,3,2]'           1
796    'PGamma[1,1,3,3]'           1
797    'PGamma[1,2,1,1]'           1
798    'PGamma[1,2,1,2]'           1
799    'PGamma[1,2,1,3]'           1
800    'PGamma[1,2,2,1]'           1
801    'PGamma[1,2,2,2]'           1
802    'PGamma[1,2,2,3]'           1
803    'PGamma[1,2,3,1]'           1
804    'PGamma[1,2,3,2]'           1
805    'PGamma[1,2,3,3]'           1
806    'PGamma[1,3,1,1]'           1
807    'PGamma[1,3,1,2]'           1
808    'PGamma[1,3,1,3]'           1
809    'PGamma[1,3,2,1]'           1
810    'PGamma[1,3,2,2]'           1
811    'PGamma[1,3,2,3]'           1
812    'PGamma[1,3,3,1]'           1
813    'PGamma[1,3,3,2]'           1
814    'PGamma[1,3,3,3]'           1
815    'PGamma[1,4,1,1]'           1
816    'PGamma[1,4,1,2]'           1
817    'PGamma[1,4,1,3]'           1
818    'PGamma[1,4,2,1]'           1
819    'PGamma[1,4,2,2]'           1
820    'PGamma[1,4,2,3]'           1
821    'PGamma[1,4,3,1]'           1
822    'PGamma[1,4,3,2]'           1
823    'PGamma[1,4,3,3]'           1
824    'PGamma[1,5,1,1]'           1
825    'PGamma[1,5,1,2]'           1
826    'PGamma[1,5,1,3]'           1
827    'PGamma[1,5,2,1]'           1
828    'PGamma[1,5,2,2]'           1
829    'PGamma[1,5,2,3]'           1
830    'PGamma[1,5,3,1]'           1
831    'PGamma[1,5,3,2]'           1
832    'PGamma[1,5,3,3]'           1
833    'PGamma[1,6,1,1]'           1
834    'PGamma[1,6,1,2]'           1
835    'PGamma[1,6,1,3]'           1
836    'PGamma[1,6,2,1]'           1
837    'PGamma[1,6,2,2]'           1
838    'PGamma[1,6,2,3]'           1
839    'PGamma[1,6,3,1]'           1
840    'PGamma[1,6,3,2]'           1
841    'PGamma[1,6,3,3]'           1
842    'PGamma[1,7,1,1]'           1
843    'PGamma[1,7,1,2]'           1
844    'PGamma[1,7,1,3]'           1
845    'PGamma[1,7,2,1]'           1
846    'PGamma[1,7,2,2]'           1
847    'PGamma[1,7,2,3]'           1
848    'PGamma[1,7,3,1]'           1
849    'PGamma[1,7,3,2]'           1
850    'PGamma[1,7,3,3]'           1
851    'PGamma[1,8,1,1]'           1
852    'PGamma[1,8,1,2]'           1
853    'PGamma[1,8,1,3]'           1
854    'PGamma[1,8,2,1]'           1
855    'PGamma[1,8,2,2]'           1
856    'PGamma[1,8,2,3]'           1
857    'PGamma[1,8,3,1]'           1
858    'PGamma[1,8,3,2]'           1
859    'PGamma[1,8,3,3]'           1
860    'PGamma[1,9,1,1]'           1
861    'PGamma[1,9,1,2]'           1
862    'PGamma[1,9,1,3]'           1
863    'PGamma[1,9,2,1]'           1
864    'PGamma[1,9,2,2]'           1
865    'PGamma[1,9,2,3]'           1
866    'PGamma[1,9,3,1]'           1
867    'PGamma[1,9,3,2]'           1
868    'PGamma[1,9,3,3]'           1
869    'PGamma[1,10,1,1]'          1
870    'PGamma[1,10,1,2]'          1
871    'PGamma[1,10,1,3]'          1
872    'PGamma[1,10,2,1]'          1
873    'PGamma[1,10,2,2]'          1
874    'PGamma[1,10,2,3]'          1
875    'PGamma[1,10,3,1]'          1
876    'PGamma[1,10,3,2]'          1
877    'PGamma[1,10,3,3]'          1
878    'PGamma[1,11,1,1]'          1
879    'PGamma[1,11,1,2]'          1
880    'PGamma[1,11,1,3]'          1
881    'PGamma[1,11,2,1]'          1
882    'PGamma[1,11,2,2]'          1
883    'PGamma[1,11,2,3]'          1
884    'PGamma[1,11,3,1]'          1
885    'PGamma[1,11,3,2]'          1
886    'PGamma[1,11,3,3]'          1
887    'PGamma[1,12,1,1]'          1
888    'PGamma[1,12,1,2]'          1
889    'PGamma[1,12,1,3]'          1
890    'PGamma[1,12,2,1]'          1
891    'PGamma[1,12,2,2]'          1
892    'PGamma[1,12,2,3]'          1
893    'PGamma[1,12,3,1]'          1
894    'PGamma[1,12,3,2]'          1
895    'PGamma[1,12,3,3]'          1
896    'PGamma[1,13,1,1]'          1
897    'PGamma[1,13,1,2]'          1
898    'PGamma[1,13,1,3]'          1
899    'PGamma[1,13,2,1]'          1
900    'PGamma[1,13,2,2]'          1
901    'PGamma[1,13,2,3]'          1
902    'PGamma[1,13,3,1]'          1
903    'PGamma[1,13,3,2]'          1
904    'PGamma[1,13,3,3]'          1
905    'PGamma[1,14,1,1]'          1
906    'PGamma[1,14,1,2]'          1
907    'PGamma[1,14,1,3]'          1
908    'PGamma[1,14,2,1]'          1
909    'PGamma[1,14,2,2]'          1
910    'PGamma[1,14,2,3]'          1
911    'PGamma[1,14,3,1]'          1
912    'PGamma[1,14,3,2]'          1
913    'PGamma[1,14,3,3]'          1
914    'PGamma[1,15,1,1]'          1
915    'PGamma[1,15,1,2]'          1
916    'PGamma[1,15,1,3]'          1
917    'PGamma[1,15,2,1]'          1
918    'PGamma[1,15,2,2]'          1
919    'PGamma[1,15,2,3]'          1
920    'PGamma[1,15,3,1]'          1
921    'PGamma[1,15,3,2]'          1
922    'PGamma[1,15,3,3]'          1
923    'PGamma[2,1,1,1]'           1
924    'PGamma[2,1,1,2]'           1
925    'PGamma[2,1,1,3]'           1
926    'PGamma[2,1,2,1]'           1
927    'PGamma[2,1,2,2]'           1
928    'PGamma[2,1,2,3]'           1
929    'PGamma[2,1,3,1]'           1
930    'PGamma[2,1,3,2]'           1
931    'PGamma[2,1,3,3]'           1
932    'PGamma[2,2,1,1]'           1
933    'PGamma[2,2,1,2]'           1
934    'PGamma[2,2,1,3]'           1
935    'PGamma[2,2,2,1]'           1
936    'PGamma[2,2,2,2]'           1
937    'PGamma[2,2,2,3]'           1
938    'PGamma[2,2,3,1]'           1
939    'PGamma[2,2,3,2]'           1
940    'PGamma[2,2,3,3]'           1
941    'PGamma[2,3,1,1]'           1
942    'PGamma[2,3,1,2]'           1
943    'PGamma[2,3,1,3]'           1
944    'PGamma[2,3,2,1]'           1
945    'PGamma[2,3,2,2]'           1
946    'PGamma[2,3,2,3]'           1
947    'PGamma[2,3,3,1]'           1
948    'PGamma[2,3,3,2]'           1
949    'PGamma[2,3,3,3]'           1
950    'PGamma[2,4,1,1]'           1
951    'PGamma[2,4,1,2]'           1
952    'PGamma[2,4,1,3]'           1
953    'PGamma[2,4,2,1]'           1
954    'PGamma[2,4,2,2]'           1
955    'PGamma[2,4,2,3]'           1
956    'PGamma[2,4,3,1]'           1
957    'PGamma[2,4,3,2]'           1
958    'PGamma[2,4,3,3]'           1
959    'PGamma[2,5,1,1]'           1
960    'PGamma[2,5,1,2]'           1
961    'PGamma[2,5,1,3]'           1
962    'PGamma[2,5,2,1]'           1
963    'PGamma[2,5,2,2]'           1
964    'PGamma[2,5,2,3]'           1
965    'PGamma[2,5,3,1]'           1
966    'PGamma[2,5,3,2]'           1
967    'PGamma[2,5,3,3]'           1
968    'PGamma[2,6,1,1]'           1
969    'PGamma[2,6,1,2]'           1
970    'PGamma[2,6,1,3]'           1
971    'PGamma[2,6,2,1]'           1
972    'PGamma[2,6,2,2]'           1
973    'PGamma[2,6,2,3]'           1
974    'PGamma[2,6,3,1]'           1
975    'PGamma[2,6,3,2]'           1
976    'PGamma[2,6,3,3]'           1
977    'PGamma[2,7,1,1]'           1
978    'PGamma[2,7,1,2]'           1
979    'PGamma[2,7,1,3]'           1
980    'PGamma[2,7,2,1]'           1
981    'PGamma[2,7,2,2]'           1
982    'PGamma[2,7,2,3]'           1
983    'PGamma[2,7,3,1]'           1
984    'PGamma[2,7,3,2]'           1
985    'PGamma[2,7,3,3]'           1
986    'PGamma[2,8,1,1]'           1
987    'PGamma[2,8,1,2]'           1
988    'PGamma[2,8,1,3]'           1
989    'PGamma[2,8,2,1]'           1
990    'PGamma[2,8,2,2]'           1
991    'PGamma[2,8,2,3]'           1
992    'PGamma[2,8,3,1]'           1
993    'PGamma[2,8,3,2]'           1
994    'PGamma[2,8,3,3]'           1
995    'PGamma[2,9,1,1]'           1
996    'PGamma[2,9,1,2]'           1
997    'PGamma[2,9,1,3]'           1
998    'PGamma[2,9,2,1]'           1
999    'PGamma[2,9,2,2]'           1
1000   'PGamma[2,9,2,3]'           1
1001   'PGamma[2,9,3,1]'           1
1002   'PGamma[2,9,3,2]'           1
1003   'PGamma[2,9,3,3]'           1
1004   'PGamma[2,10,1,1]'          1
1005   'PGamma[2,10,1,2]'          1
1006   'PGamma[2,10,1,3]'          1
1007   'PGamma[2,10,2,1]'          1
1008   'PGamma[2,10,2,2]'          1
1009   'PGamma[2,10,2,3]'          1
1010   'PGamma[2,10,3,1]'          1
1011   'PGamma[2,10,3,2]'          1
1012   'PGamma[2,10,3,3]'          1
1013   'PGamma[2,11,1,1]'          1
1014   'PGamma[2,11,1,2]'          1
1015   'PGamma[2,11,1,3]'          1
1016   'PGamma[2,11,2,1]'          1
1017   'PGamma[2,11,2,2]'          1
1018   'PGamma[2,11,2,3]'          1
1019   'PGamma[2,11,3,1]'          1
1020   'PGamma[2,11,3,2]'          1
1021   'PGamma[2,11,3,3]'          1
1022   'PGamma[2,12,1,1]'          1
1023   'PGamma[2,12,1,2]'          1
1024   'PGamma[2,12,1,3]'          1
1025   'PGamma[2,12,2,1]'          1
1026   'PGamma[2,12,2,2]'          1
1027   'PGamma[2,12,2,3]'          1
1028   'PGamma[2,12,3,1]'          1
1029   'PGamma[2,12,3,2]'          1
1030   'PGamma[2,12,3,3]'          1
1031   'PGamma[2,13,1,1]'          1
1032   'PGamma[2,13,1,2]'          1
1033   'PGamma[2,13,1,3]'          1
1034   'PGamma[2,13,2,1]'          1
1035   'PGamma[2,13,2,2]'          1
1036   'PGamma[2,13,2,3]'          1
1037   'PGamma[2,13,3,1]'          1
1038   'PGamma[2,13,3,2]'          1
1039   'PGamma[2,13,3,3]'          1
1040   'PGamma[2,14,1,1]'          1
1041   'PGamma[2,14,1,2]'          1
1042   'PGamma[2,14,1,3]'          1
1043   'PGamma[2,14,2,1]'          1
1044   'PGamma[2,14,2,2]'          1
1045   'PGamma[2,14,2,3]'          1
1046   'PGamma[2,14,3,1]'          1
1047   'PGamma[2,14,3,2]'          1
1048   'PGamma[2,14,3,3]'          1
1049   'PGamma[2,15,1,1]'          1
1050   'PGamma[2,15,1,2]'          1
1051   'PGamma[2,15,1,3]'          1
1052   'PGamma[2,15,2,1]'          1
1053   'PGamma[2,15,2,2]'          1
1054   'PGamma[2,15,2,3]'          1
1055   'PGamma[2,15,3,1]'          1
1056   'PGamma[2,15,3,2]'          1
1057   'PGamma[2,15,3,3]'          1
1058   'SGamma1[1,1,1]'        1e-06
1059   'SGamma1[1,1,2]'        1e-06
1060   'SGamma1[1,1,3]'        1e-06
1061   'SGamma1[1,2,1]'        1e-06
1062   'SGamma1[1,2,2]'        1e-06
1063   'SGamma1[1,2,3]'        1e-06
1064   'SGamma1[1,3,1]'        1e-06
1065   'SGamma1[1,3,2]'        1e-06
1066   'SGamma1[1,3,3]'        1e-06
1067   'SGamma1[1,4,1]'        1e-06
1068   'SGamma1[1,4,2]'        1e-06
1069   'SGamma1[1,4,3]'        1e-06
1070   'SGamma1[1,5,1]'        1e-06
1071   'SGamma1[1,5,2]'        1e-06
1072   'SGamma1[1,5,3]'        1e-06
1073   'SGamma1[1,6,1]'        1e-06
1074   'SGamma1[1,6,2]'        1e-06
1075   'SGamma1[1,6,3]'        1e-06
1076   'SGamma1[1,7,1]'        1e-06
1077   'SGamma1[1,7,2]'        1e-06
1078   'SGamma1[1,7,3]'        1e-06
1079   'SGamma1[1,8,1]'        1e-06
1080   'SGamma1[1,8,2]'        1e-06
1081   'SGamma1[1,8,3]'        1e-06
1082   'SGamma1[1,9,1]'        1e-06
1083   'SGamma1[1,9,2]'        1e-06
1084   'SGamma1[1,9,3]'        1e-06
1085   'SGamma1[1,10,1]'       1e-06
1086   'SGamma1[1,10,2]'       1e-06
1087   'SGamma1[1,10,3]'       1e-06
1088   'SGamma1[1,11,1]'       1e-06
1089   'SGamma1[1,11,2]'       1e-06
1090   'SGamma1[1,11,3]'       1e-06
1091   'SGamma1[1,12,1]'       1e-06
1092   'SGamma1[1,12,2]'       1e-06
1093   'SGamma1[1,12,3]'       1e-06
1094   'SGamma1[1,13,1]'       1e-06
1095   'SGamma1[1,13,2]'       1e-06
1096   'SGamma1[1,13,3]'       1e-06
1097   'SGamma1[1,14,1]'       1e-06
1098   'SGamma1[1,14,2]'       1e-06
1099   'SGamma1[1,14,3]'       1e-06
1100   'SGamma1[1,15,1]'       1e-06
1101   'SGamma1[1,15,2]'       1e-06
1102   'SGamma1[1,15,3]'       1e-06
1103   'SGamma1[2,1,1]'        1e-06
1104   'SGamma1[2,1,2]'        1e-06
1105   'SGamma1[2,1,3]'        1e-06
1106   'SGamma1[2,2,1]'        1e-06
1107   'SGamma1[2,2,2]'        1e-06
1108   'SGamma1[2,2,3]'        1e-06
1109   'SGamma1[2,3,1]'        1e-06
1110   'SGamma1[2,3,2]'        1e-06
1111   'SGamma1[2,3,3]'        1e-06
1112   'SGamma1[2,4,1]'        1e-06
1113   'SGamma1[2,4,2]'        1e-06
1114   'SGamma1[2,4,3]'        1e-06
1115   'SGamma1[2,5,1]'        1e-06
1116   'SGamma1[2,5,2]'        1e-06
1117   'SGamma1[2,5,3]'        1e-06
1118   'SGamma1[2,6,1]'        1e-06
1119   'SGamma1[2,6,2]'        1e-06
1120   'SGamma1[2,6,3]'        1e-06
1121   'SGamma1[2,7,1]'        1e-06
1122   'SGamma1[2,7,2]'        1e-06
1123   'SGamma1[2,7,3]'        1e-06
1124   'SGamma1[2,8,1]'        1e-06
1125   'SGamma1[2,8,2]'        1e-06
1126   'SGamma1[2,8,3]'        1e-06
1127   'SGamma1[2,9,1]'        1e-06
1128   'SGamma1[2,9,2]'        1e-06
1129   'SGamma1[2,9,3]'        1e-06
1130   'SGamma1[2,10,1]'       1e-06
1131   'SGamma1[2,10,2]'       1e-06
1132   'SGamma1[2,10,3]'       1e-06
1133   'SGamma1[2,11,1]'       1e-06
1134   'SGamma1[2,11,2]'       1e-06
1135   'SGamma1[2,11,3]'       1e-06
1136   'SGamma1[2,12,1]'       1e-06
1137   'SGamma1[2,12,2]'       1e-06
1138   'SGamma1[2,12,3]'       1e-06
1139   'SGamma1[2,13,1]'       1e-06
1140   'SGamma1[2,13,2]'       1e-06
1141   'SGamma1[2,13,3]'       1e-06
1142   'SGamma1[2,14,1]'       1e-06
1143   'SGamma1[2,14,2]'       1e-06
1144   'SGamma1[2,14,3]'       1e-06
1145   'SGamma1[2,15,1]'       1e-06
1146   'SGamma1[2,15,2]'       1e-06
1147   'SGamma1[2,15,3]'       1e-06
1148   'SGamma2[1,1,1]'            1
1149   'SGamma2[1,1,2]'            1
1150   'SGamma2[1,1,3]'            1
1151   'SGamma2[1,2,1]'            1
1152   'SGamma2[1,2,2]'            1
1153   'SGamma2[1,2,3]'            1
1154   'SGamma2[1,3,1]'            1
1155   'SGamma2[1,3,2]'            1
1156   'SGamma2[1,3,3]'            1
1157   'SGamma2[1,4,1]'            1
1158   'SGamma2[1,4,2]'            1
1159   'SGamma2[1,4,3]'            1
1160   'SGamma2[1,5,1]'            1
1161   'SGamma2[1,5,2]'            1
1162   'SGamma2[1,5,3]'            1
1163   'SGamma2[1,6,1]'            1
1164   'SGamma2[1,6,2]'            1
1165   'SGamma2[1,6,3]'            1
1166   'SGamma2[1,7,1]'            1
1167   'SGamma2[1,7,2]'            1
1168   'SGamma2[1,7,3]'            1
1169   'SGamma2[1,8,1]'            1
1170   'SGamma2[1,8,2]'            1
1171   'SGamma2[1,8,3]'            1
1172   'SGamma2[1,9,1]'            1
1173   'SGamma2[1,9,2]'            1
1174   'SGamma2[1,9,3]'            1
1175   'SGamma2[1,10,1]'           1
1176   'SGamma2[1,10,2]'           1
1177   'SGamma2[1,10,3]'           1
1178   'SGamma2[1,11,1]'           1
1179   'SGamma2[1,11,2]'           1
1180   'SGamma2[1,11,3]'           1
1181   'SGamma2[1,12,1]'           1
1182   'SGamma2[1,12,2]'           1
1183   'SGamma2[1,12,3]'           1
1184   'SGamma2[1,13,1]'           1
1185   'SGamma2[1,13,2]'           1
1186   'SGamma2[1,13,3]'           1
1187   'SGamma2[1,14,1]'           1
1188   'SGamma2[1,14,2]'           1
1189   'SGamma2[1,14,3]'           1
1190   'SGamma2[1,15,1]'           1
1191   'SGamma2[1,15,2]'           1
1192   'SGamma2[1,15,3]'           1
1193   'SGamma2[2,1,1]'            1
1194   'SGamma2[2,1,2]'            1
1195   'SGamma2[2,1,3]'            1
1196   'SGamma2[2,2,1]'            1
1197   'SGamma2[2,2,2]'            1
1198   'SGamma2[2,2,3]'            1
1199   'SGamma2[2,3,1]'            1
1200   'SGamma2[2,3,2]'            1
1201   'SGamma2[2,3,3]'            1
1202   'SGamma2[2,4,1]'            1
1203   'SGamma2[2,4,2]'            1
1204   'SGamma2[2,4,3]'            1
1205   'SGamma2[2,5,1]'            1
1206   'SGamma2[2,5,2]'            1
1207   'SGamma2[2,5,3]'            1
1208   'SGamma2[2,6,1]'            1
1209   'SGamma2[2,6,2]'            1
1210   'SGamma2[2,6,3]'            1
1211   'SGamma2[2,7,1]'            1
1212   'SGamma2[2,7,2]'            1
1213   'SGamma2[2,7,3]'            1
1214   'SGamma2[2,8,1]'            1
1215   'SGamma2[2,8,2]'            1
1216   'SGamma2[2,8,3]'            1
1217   'SGamma2[2,9,1]'            1
1218   'SGamma2[2,9,2]'            1
1219   'SGamma2[2,9,3]'            1
1220   'SGamma2[2,10,1]'           1
1221   'SGamma2[2,10,2]'           1
1222   'SGamma2[2,10,3]'           1
1223   'SGamma2[2,11,1]'           1
1224   'SGamma2[2,11,2]'           1
1225   'SGamma2[2,11,3]'           1
1226   'SGamma2[2,12,1]'           1
1227   'SGamma2[2,12,2]'           1
1228   'SGamma2[2,12,3]'           1
1229   'SGamma2[2,13,1]'           1
1230   'SGamma2[2,13,2]'           1
1231   'SGamma2[2,13,3]'           1
1232   'SGamma2[2,14,1]'           1
1233   'SGamma2[2,14,2]'           1
1234   'SGamma2[2,14,3]'           1
1235   'SGamma2[2,15,1]'           1
1236   'SGamma2[2,15,2]'           1
1237   'SGamma2[2,15,3]'           1
1238   'gamma[1,1,1]'              1
1239   'gamma[1,1,2]'              1
1240   'gamma[1,1,3]'              1
1241   'gamma[1,2,1]'              1
1242   'gamma[1,2,2]'              1
1243   'gamma[1,2,3]'              1
1244   'gamma[1,3,1]'              1
1245   'gamma[1,3,2]'              1
1246   'gamma[1,3,3]'              1
1247   'gamma[1,4,1]'              1
1248   'gamma[1,4,2]'              1
1249   'gamma[1,4,3]'              1
1250   'gamma[1,5,1]'              1
1251   'gamma[1,5,2]'              1
1252   'gamma[1,5,3]'              1
1253   'gamma[1,6,1]'              1
1254   'gamma[1,6,2]'              1
1255   'gamma[1,6,3]'              1
1256   'gamma[1,7,1]'              1
1257   'gamma[1,7,2]'              1
1258   'gamma[1,7,3]'              1
1259   'gamma[1,8,1]'              1
1260   'gamma[1,8,2]'              1
1261   'gamma[1,8,3]'              1
1262   'gamma[1,9,1]'              1
1263   'gamma[1,9,2]'              1
1264   'gamma[1,9,3]'              1
1265   'gamma[1,10,1]'             1
1266   'gamma[1,10,2]'             1
1267   'gamma[1,10,3]'             1
1268   'gamma[1,11,1]'             1
1269   'gamma[1,11,2]'             1
1270   'gamma[1,11,3]'             1
1271   'gamma[1,12,1]'             1
1272   'gamma[1,12,2]'             1
1273   'gamma[1,12,3]'             1
1274   'gamma[1,13,1]'             1
1275   'gamma[1,13,2]'             1
1276   'gamma[1,13,3]'             1
1277   'gamma[1,14,1]'             1
1278   'gamma[1,14,2]'             1
1279   'gamma[1,14,3]'             1
1280   'gamma[1,15,1]'             1
1281   'gamma[1,15,2]'             1
1282   'gamma[1,15,3]'             1
1283   'gamma[2,1,1]'              1
1284   'gamma[2,1,2]'              1
1285   'gamma[2,1,3]'              1
1286   'gamma[2,2,1]'              1
1287   'gamma[2,2,2]'              1
1288   'gamma[2,2,3]'              1
1289   'gamma[2,3,1]'              1
1290   'gamma[2,3,2]'              1
1291   'gamma[2,3,3]'              1
1292   'gamma[2,4,1]'              1
1293   'gamma[2,4,2]'              1
1294   'gamma[2,4,3]'              1
1295   'gamma[2,5,1]'              1
1296   'gamma[2,5,2]'              1
1297   'gamma[2,5,3]'              1
1298   'gamma[2,6,1]'              1
1299   'gamma[2,6,2]'              1
1300   'gamma[2,6,3]'              1
1301   'gamma[2,7,1]'              1
1302   'gamma[2,7,2]'              1
1303   'gamma[2,7,3]'              1
1304   'gamma[2,8,1]'              1
1305   'gamma[2,8,2]'              1
1306   'gamma[2,8,3]'              1
1307   'gamma[2,9,1]'              1
1308   'gamma[2,9,2]'              1
1309   'gamma[2,9,3]'              1
1310   'gamma[2,10,1]'             1
1311   'gamma[2,10,2]'             1
1312   'gamma[2,10,3]'             1
1313   'gamma[2,11,1]'             1
1314   'gamma[2,11,2]'             1
1315   'gamma[2,11,3]'             1
1316   'gamma[2,12,1]'             1
1317   'gamma[2,12,2]'             1
1318   'gamma[2,12,3]'             1
1319   'gamma[2,13,1]'             1
1320   'gamma[2,13,2]'             1
1321   'gamma[2,13,3]'             1
1322   'gamma[2,14,1]'             1
1323   'gamma[2,14,2]'             1
1324   'gamma[2,14,3]'             1
1325   'gamma[2,15,1]'             1
1326   'gamma[2,15,2]'             1
1327   'gamma[2,15,3]'             1
1328   'PrS[1,1,1]'           154600
1329   'PrS[1,1,2]'            62423.8
1330   'PrS[1,1,3]'            28451.3
1331   'PrS[1,2,1]'           148011
1332   'PrS[1,2,2]'            59452.7
1333   'PrS[1,2,3]'            26961.4
1334   'PrS[1,3,1]'           139132
1335   'PrS[1,3,2]'            55474.1
1336   'PrS[1,3,3]'            24977.7
1337   'PrS[1,4,1]'           128691
1338   'PrS[1,4,2]'            50834.9
1339   'PrS[1,4,3]'            22682.3
1340   'PrS[1,5,1]'           118003
1341   'PrS[1,5,2]'            46132.8
1342   'PrS[1,5,3]'            20376.9
1343   'PrS[1,6,1]'           107848
1344   'PrS[1,6,2]'            41712.1
1345   'PrS[1,6,3]'            18230.7
1346   'PrS[1,7,1]'            97364.3
1347   'PrS[1,7,2]'            37200.8
1348   'PrS[1,7,3]'            16064.1
1349   'PrS[1,8,1]'            84340.3
1350   'PrS[1,8,2]'            31678
1351   'PrS[1,8,3]'            13448.1
1352   'PrS[1,9,1]'            83083.2
1353   'PrS[1,9,2]'            31150.1
1354   'PrS[1,9,3]'            13200.4
1355   'PrS[1,10,1]'           81452.4
1356   'PrS[1,10,2]'           30466.7
1357   'PrS[1,10,3]'           12880.3
1358   'PrS[1,11,1]'           79442.6
1359   'PrS[1,11,2]'           29626.7
1360   'PrS[1,11,3]'           12487.9
1361   'PrS[1,12,1]'           77087.2
1362   'PrS[1,12,2]'           28645.6
1363   'PrS[1,12,3]'           12031
1364   'PrS[1,13,1]'           74346.8
1365   'PrS[1,13,2]'           27508.6
1366   'PrS[1,13,3]'           11503.6
1367   'PrS[1,14,1]'           70639.3
1368   'PrS[1,14,2]'           25978.4
1369   'PrS[1,14,3]'           10797.3
1370   'PrS[1,15,1]'           63536.4
1371   'PrS[1,15,2]'           23074
1372   'PrS[1,15,3]'            9468.71
1373   'PrS[2,1,1]'            81445.8
1374   'PrS[2,1,2]'            30463.9
1375   'PrS[2,1,3]'            12879
1376   'PrS[2,2,1]'            79169.1
1377   'PrS[2,2,2]'            29512.6
1378   'PrS[2,2,3]'            12434.7
1379   'PrS[2,3,1]'            76430.1
1380   'PrS[2,3,2]'            28372.5
1381   'PrS[2,3,3]'            11904.1
1382   'PrS[2,4,1]'            72663.2
1383   'PrS[2,4,2]'            26812.6
1384   'PrS[2,4,3]'            11181.8
1385   'PrS[2,5,1]'            67836.4
1386   'PrS[2,5,2]'            24827.9
1387   'PrS[2,5,3]'            10269
1388   'PrS[2,6,1]'            62461.8
1389   'PrS[2,6,2]'            22637.9
1390   'PrS[2,6,3]'             9270.65
1391   'PrS[2,7,1]'            57388.8
1392   'PrS[2,7,2]'            20591.5
1393   'PrS[2,7,3]'             8346.77
1394   'PrS[2,8,1]'            53310.5
1395   'PrS[2,8,2]'            18961.8
1396   'PrS[2,8,3]'             7617.88
1397   'PrS[2,9,1]'            50441.6
1398   'PrS[2,9,2]'            17824.3
1399   'PrS[2,9,3]'             7112.96
1400   'PrS[2,10,1]'           48610.8
1401   'PrS[2,10,2]'           17102.4
1402   'PrS[2,10,3]'            6794.28
1403   'PrS[2,11,1]'           47515.2
1404   'PrS[2,11,2]'           16671.9
1405   'PrS[2,11,3]'            6604.9
1406   'PrS[2,12,1]'           43841.7
1407   'PrS[2,12,2]'           15237.4
1408   'PrS[2,12,3]'            5977.68
1409   'PrS[2,13,1]'           39809.3
1410   'PrS[2,13,2]'           13679.3
1411   'PrS[2,13,3]'            5303.51
1412   'PrS[2,14,1]'           36070.4
1413   'PrS[2,14,2]'           12251.2
1414   'PrS[2,14,3]'            4692.77
1415   'PrS[2,15,1]'           33219.9
1416   'PrS[2,15,2]'           11174.2
1417   'PrS[2,15,3]'            4237.15
1418   'PrSF[1]'               62118.8
1419   'PrSF[2]'               22498.9
1420   'PrSF[3]'                9207.62
1421   Vap                       192.084
1422   Sep                        90
1423   yPC1                        0
1424   yPR1                        1
1425   yPS                         0
;

