solve_message = 'MINLP-B&B (20100607): Optimal solution found\
1 subproblem, objective = 231.5454138669039\
Evals: obj = 29, constr = 195, grad = 68, Hes = 85'

:            _varname               _var          :=
1      'F[2]'                      0
2      'F[3]'                      0
3      'F[4]'                      0
4      'F[5]'                      0
5      'F[6]'                      0
6      'F[7]'                      0
7      'F[8]'                    100
8      'F[9]'                      0
9      'F[10]'                     0
10     'F[11]'                     0
11     'F[12]'                     0
12     'F[13]'                     0
13     'F[14]'                     0
14     'V[1,1]'                  144.363
15     'V[1,2]'                  144.308
16     'V[1,3]'                  144.357
17     'V[1,4]'                  144.658
18     'V[1,5]'                  145.294
19     'V[1,6]'                  146.089
20     'V[1,7]'                  146.696
21     'V[1,8]'                  147.802
22     'V[1,9]'                  148.422
23     'V[1,10]'                 149.146
24     'V[1,11]'                 149.904
25     'V[1,12]'                 150.609
26     'V[1,13]'                 151.201
27     'V[1,14]'                 151.733
28     'V[1,15]'                   0
29     'V[2,1]'                   87.1823
30     'V[2,2]'                   87.1551
31     'V[2,3]'                   87.0646
32     'V[2,4]'                   86.9518
33     'V[2,5]'                   86.8951
34     'V[2,6]'                   87.0183
35     'V[2,7]'                   87.3996
36     'V[2,8]'                   87.963
37     'V[2,9]'                   88.529
38     'V[2,10]'                  88.9685
39     'V[2,11]'                  91.7217
40     'V[2,12]'                  92.7655
41     'V[2,13]'                  93.8109
42     'V[2,14]'                  94.6202
43     'V[2,15]'                   0
44     'y[1,1,1]'                  4.67248e-05
45     'y[1,1,2]'                  0.0597678
46     'y[1,1,3]'                  0.940186
47     'y[1,2,1]'                  0.000204998
48     'y[1,2,2]'                  0.111885
49     'y[1,2,3]'                  0.88791
50     'y[1,3,1]'                  0.000839014
51     'y[1,3,2]'                  0.192036
52     'y[1,3,3]'                  0.807125
53     'y[1,4,1]'                  0.00321493
54     'y[1,4,2]'                  0.302069
55     'y[1,4,3]'                  0.694716
56     'y[1,5,1]'                  0.011353
57     'y[1,5,2]'                  0.429691
58     'y[1,5,3]'                  0.558956
59     'y[1,6,1]'                  0.0363168
60     'y[1,6,2]'                  0.544251
61     'y[1,6,3]'                  0.419433
62     'y[1,7,1]'                  0.103154
63     'y[1,7,2]'                  0.601742
64     'y[1,7,3]'                  0.295105
65     'y[1,8,1]'                  0.250018
66     'y[1,8,2]'                  0.556471
67     'y[1,8,3]'                  0.193511
68     'y[1,9,1]'                  0.251635
69     'y[1,9,2]'                  0.586931
70     'y[1,9,3]'                  0.161434
71     'y[1,10,1]'                 0.253441
72     'y[1,10,2]'                 0.619549
73     'y[1,10,3]'                 0.12701
74     'y[1,11,1]'                 0.255695
75     'y[1,11,2]'                 0.650592
76     'y[1,11,3]'                 0.0937131
77     'y[1,12,1]'                 0.259879
78     'y[1,12,2]'                 0.675525
79     'y[1,12,3]'                 0.0645959
80     'y[1,13,1]'                 0.271767
81     'y[1,13,2]'                 0.687029
82     'y[1,13,3]'                 0.0412036
83     'y[1,14,1]'                 0.310877
84     'y[1,14,2]'                 0.665677
85     'y[1,14,3]'                 0.0234454
86     'y[1,15,1]'                 0.429297
87     'y[1,15,2]'                 0.560229
88     'y[1,15,3]'                 0.0104745
89     'y[2,1,1]'                  0.0170403
90     'y[2,1,2]'                  0.975109
91     'y[2,1,3]'                  0.00785063
92     'y[2,2,1]'                  0.0361529
93     'y[2,2,2]'                  0.959203
94     'y[2,2,3]'                  0.00464373
95     'y[2,3,1]'                  0.0694001
96     'y[2,3,2]'                  0.926966
97     'y[2,3,3]'                  0.00363419
98     'y[2,4,1]'                  0.124268
99     'y[2,4,2]'                  0.872513
100    'y[2,4,3]'                  0.0032187
101    'y[2,5,1]'                  0.207287
102    'y[2,5,2]'                  0.7898
103    'y[2,5,3]'                  0.00291264
104    'y[2,6,1]'                  0.317528
105    'y[2,6,2]'                  0.67989
106    'y[2,6,3]'                  0.00258232
107    'y[2,7,1]'                  0.440659
108    'y[2,7,2]'                  0.557113
109    'y[2,7,3]'                  0.00222888
110    'y[2,8,1]'                  0.553763
111    'y[2,8,2]'                  0.444331
112    'y[2,8,3]'                  0.00190636
113    'y[2,9,1]'                  0.640122
114    'y[2,9,2]'                  0.358219
115    'y[2,9,3]'                  0.00165982
116    'y[2,10,1]'                 0.697059
117    'y[2,10,2]'                 0.301444
118    'y[2,10,3]'                 0.00149682
119    'y[2,11,1]'                 0.731014
120    'y[2,11,2]'                 0.267587
121    'y[2,11,3]'                 0.00139936
122    'y[2,12,1]'                 0.819301
123    'y[2,12,2]'                 0.180321
124    'y[2,12,3]'                 0.000377707
125    'y[2,13,1]'                 0.894615
126    'y[2,13,2]'                 0.105297
127    'y[2,13,3]'                 8.82309e-05
128    'y[2,14,1]'                 0.946149
129    'y[2,14,2]'                 0.0538323
130    'y[2,14,3]'                 1.82629e-05
131    'y[2,15,1]'                 0.976132
132    'y[2,15,2]'                 0.0238642
133    'y[2,15,3]'                 3.35205e-06
134    'L[1,1]'                    0
135    'L[1,2]'                  174.482
136    'L[1,3]'                  174.427
137    'L[1,4]'                  174.476
138    'L[1,5]'                  174.777
139    'L[1,6]'                  175.413
140    'L[1,7]'                  176.208
141    'L[1,8]'                  176.815
142    'L[1,9]'                   77.921
143    'L[1,10]'                  78.5412
144    'L[1,11]'                  79.2653
145    'L[1,12]'                  80.0228
146    'L[1,13]'                  80.728
147    'L[1,14]'                  81.3195
148    'L[1,15]'                  81.8518
149    'L[2,1]'                    0
150    'L[2,2]'                  126.587
151    'L[2,3]'                  126.56
152    'L[2,4]'                  126.47
153    'L[2,5]'                  126.357
154    'L[2,6]'                  126.3
155    'L[2,7]'                  126.423
156    'L[2,8]'                  126.805
157    'L[2,9]'                  127.368
158    'L[2,10]'                 127.934
159    'L[2,11]'                 128.374
160    'L[2,12]'                  61.2457
161    'L[2,13]'                  62.2895
162    'L[2,14]'                  63.3349
163    'L[2,15]'                  64.1442
164    'x[1,1,1]'                  8.9437e-06
165    'x[1,1,2]'                  0.0282424
166    'x[1,1,3]'                  0.971749
167    'x[1,2,1]'                  4.02031e-05
168    'x[1,2,2]'                  0.0543259
169    'x[1,2,3]'                  0.945634
170    'x[1,3,1]'                  0.000171145
171    'x[1,3,2]'                  0.0974421
172    'x[1,3,3]'                  0.902387
173    'x[1,4,1]'                  0.000695723
174    'x[1,4,2]'                  0.163761
175    'x[1,4,3]'                  0.835543
176    'x[1,5,1]'                  0.00266245
177    'x[1,5,2]'                  0.254881
178    'x[1,5,3]'                  0.742456
179    'x[1,6,1]'                  0.00940521
180    'x[1,6,2]'                  0.360761
181    'x[1,6,3]'                  0.629834
182    'x[1,7,1]'                  0.0301108
183    'x[1,7,2]'                  0.45605
184    'x[1,7,3]'                  0.513839
185    'x[1,8,1]'                  0.0855838
186    'x[1,8,2]'                  0.504051
187    'x[1,8,3]'                  0.410365
188    'x[1,9,1]'                  0.0892376
189    'x[1,9,2]'                  0.553101
190    'x[1,9,3]'                  0.357661
191    'x[1,10,1]'                 0.0935627
192    'x[1,10,2]'                 0.610689
193    'x[1,10,3]'                 0.295748
194    'x[1,11,1]'                 0.0984043
195    'x[1,11,2]'                 0.671846
196    'x[1,11,3]'                 0.229749
197    'x[1,12,1]'                 0.104094
198    'x[1,12,2]'                 0.729504
199    'x[1,12,3]'                 0.166402
200    'x[1,13,1]'                 0.113225
201    'x[1,13,2]'                 0.77533
202    'x[1,13,3]'                 0.111445
203    'x[1,14,1]'                 0.136396
204    'x[1,14,2]'                 0.795994
205    'x[1,14,3]'                 0.0676104
206    'x[1,15,1]'                 0.209776
207    'x[1,15,2]'                 0.755705
208    'x[1,15,3]'                 0.0345193
209    'x[2,1,1]'                  0.00637196
210    'x[2,1,2]'                  0.975055
211    'x[2,1,3]'                  0.018573
212    'x[2,2,1]'                  0.0137194
213    'x[2,2,2]'                  0.975092
214    'x[2,2,3]'                  0.0111884
215    'x[2,3,1]'                  0.0268805
216    'x[2,3,2]'                  0.964139
217    'x[2,3,3]'                  0.00898067
218    'x[2,4,1]'                  0.049762
219    'x[2,4,2]'                  0.941949
220    'x[2,4,3]'                  0.00828878
221    'x[2,5,1]'                  0.0875018
222    'x[2,5,2]'                  0.904491
223    'x[2,5,3]'                  0.00800703
224    'x[2,6,1]'                  0.144603
225    'x[2,6,2]'                  0.847599
226    'x[2,6,3]'                  0.0077986
227    'x[2,7,1]'                  0.220543
228    'x[2,7,2]'                  0.77189
229    'x[2,7,3]'                  0.00756648
230    'x[2,8,1]'                  0.305702
231    'x[2,8,2]'                  0.68699
232    'x[2,8,3]'                  0.00730789
233    'x[2,9,1]'                  0.384411
234    'x[2,9,2]'                  0.608526
235    'x[2,9,3]'                  0.00706268
236    'x[2,10,1]'                 0.44492
237    'x[2,10,2]'                 0.548211
238    'x[2,10,3]'                 0.00686926
239    'x[2,11,1]'                 0.485049
240    'x[2,11,2]'                 0.508213
241    'x[2,11,3]'                 0.00673847
242    'x[2,12,1]'                 0.609042
243    'x[2,12,2]'                 0.388864
244    'x[2,12,3]'                 0.00209402
245    'x[2,13,1]'                 0.742569
246    'x[2,13,2]'                 0.25687
247    'x[2,13,3]'                 0.000560866
248    'x[2,14,1]'                 0.855389
249    'x[2,14,2]'                 0.144482
250    'x[2,14,3]'                 0.000129074
251    'x[2,15,1]'                 0.931904
252    'x[2,15,2]'                 0.0680706
253    'x[2,15,3]'                 2.53473e-05
254    'CC[2]'                     0
255    'CC[3]'                     0
256    'CC[4]'                     0
257    'CC[5]'                     0
258    'CC[6]'                     0
259    'CC[7]'                     0
260    'CC[8]'                     0
261    'CC[9]'                     0
262    'CC[10]'                    0
263    'CC[11]'                   69.8811
264    'CC[12]'                    0
265    'CC[13]'                    0
266    'CC[14]'                    0
267    'CR[2]'                     0
268    'CR[3]'                     0
269    'CR[4]'                     0
270    'CR[5]'                     0
271    'CR[6]'                     0
272    'CR[7]'                     0
273    'CR[8]'                     0
274    'CR[9]'                     0
275    'CR[10]'                    0
276    'CR[11]'                    0
277    'CR[12]'                    0
278    'CR[13]'                    0
279    'CR[14]'                    0
280    'PC[1]'                     0
281    'PC[2]'                    30.476
282    'PR[1]'                    30.1189
283    'PR[2]'                    39.405
284    'PS[2]'                     0
285    'PS[3]'                     0
286    'PS[4]'                     0
287    'PS[5]'                     0
288    'PS[6]'                     0
289    'PS[7]'                     0
290    'PS[8]'                     0
291    'PS[9]'                     0
292    'PS[10]'                    0
293    'PS[11]'                    0
294    'PS[12]'                    0
295    'PS[13]'                    0
296    'PS[14]'                    0
297    'T[1,1]'                  368.566
298    'T[1,2]'                  367.698
299    'T[1,3]'                  366.301
300    'T[1,4]'                  364.225
301    'T[1,5]'                  361.446
302    'T[1,6]'                  358.084
303    'T[1,7]'                  354.125
304    'T[1,8]'                  349.013
305    'T[1,9]'                  347.902
306    'T[1,10]'                 346.65
307    'T[1,11]'                 345.365
308    'T[1,12]'                 344.14
309    'T[1,13]'                 342.945
310    'T[1,14]'                 341.388
311    'T[1,15]'                 338.2
312    'T[2,1]'                  346.253
313    'T[2,2]'                  345.797
314    'T[2,3]'                  345.168
315    'T[2,4]'                  344.148
316    'T[2,5]'                  342.548
317    'T[2,6]'                  340.277
318    'T[2,7]'                  337.502
319    'T[2,8]'                  334.675
320    'T[2,9]'                  332.293
321    'T[2,10]'                 330.593
322    'T[2,11]'                 329.522
323    'T[2,12]'                 326.432
324    'T[2,13]'                 323.499
325    'T[2,14]'                 321.269
326    'T[2,15]'                 319.867
327    TF                        338.159
328    'QC[1]'                  1475.51
329    'QC[2]'                   867.941
330    'QR[1]'                  1527.81
331    'QR[2]'                   859.997
332    'H[1,1,1]'                  1.83702
333    'H[1,1,2]'                  2.268
334    'H[1,1,3]'                  2.71901
335    'H[1,2,1]'                  1.81181
336    'H[1,2,2]'                  2.23743
337    'H[1,2,3]'                  2.68208
338    'H[1,3,1]'                  1.77135
339    'H[1,3,2]'                  2.18838
340    'H[1,3,3]'                  2.62285
341    'H[1,4,1]'                  1.71155
342    'H[1,4,2]'                  2.11581
343    'H[1,4,3]'                  2.53525
344    'H[1,5,1]'                  1.63206
345    'H[1,5,2]'                  2.01928
346    'H[1,5,3]'                  2.4188
347    'H[1,6,1]'                  1.53674
348    'H[1,6,2]'                  1.90338
349    'H[1,6,3]'                  2.2791
350    'H[1,7,1]'                  1.42575
351    'H[1,7,2]'                  1.7682
352    'H[1,7,3]'                  2.11631
353    'H[1,8,1]'                  1.28442
354    'H[1,8,2]'                  1.59571
355    'H[1,8,3]'                  1.90882
356    'H[1,9,1]'                  1.254
357    'H[1,9,2]'                  1.55852
358    'H[1,9,3]'                  1.86412
359    'H[1,10,1]'                 1.21984
360    'H[1,10,2]'                 1.51673
361    'H[1,10,3]'                 1.81391
362    'H[1,11,1]'                 1.18492
363    'H[1,11,2]'                 1.47398
364    'H[1,11,3]'                 1.76256
365    'H[1,12,1]'                 1.15178
366    'H[1,12,2]'                 1.4334
367    'H[1,12,3]'                 1.71383
368    'H[1,13,1]'                 1.11955
369    'H[1,13,2]'                 1.3939
370    'H[1,13,3]'                 1.66641
371    'H[1,14,1]'                 1.07779
372    'H[1,14,2]'                 1.34266
373    'H[1,14,3]'                 1.60492
374    'H[1,15,1]'                 0.992892
375    'H[1,15,2]'                 1.23839
376    'H[1,15,3]'                 1.47984
377    'H[2,1,1]'                  1.20903
378    'H[2,1,2]'                  1.5035
379    'H[2,1,3]'                  1.79801
380    'H[2,2,1]'                  1.19666
381    'H[2,2,2]'                  1.48836
382    'H[2,2,3]'                  1.77983
383    'H[2,3,1]'                  1.17958
384    'H[2,3,2]'                  1.46744
385    'H[2,3,3]'                  1.75471
386    'H[2,4,1]'                  1.152
387    'H[2,4,2]'                  1.43367
388    'H[2,4,3]'                  1.71415
389    'H[2,5,1]'                  1.1089
390    'H[2,5,2]'                  1.38083
391    'H[2,5,3]'                  1.65072
392    'H[2,6,1]'                  1.04811
393    'H[2,6,2]'                  1.30623
394    'H[2,6,3]'                  1.56121
395    'H[2,7,1]'                  0.974409
396    'H[2,7,2]'                  1.21566
397    'H[2,7,3]'                  1.45259
398    'H[2,8,1]'                  0.900055
399    'H[2,8,2]'                  1.12412
400    'H[2,8,3]'                  1.34289
401    'H[2,9,1]'                  0.837942
402    'H[2,9,2]'                  1.04752
403    'H[2,9,3]'                  1.25114
404    'H[2,10,1]'                 0.793918
405    'H[2,10,2]'                 0.993158
406    'H[2,10,3]'                 1.18606
407    'H[2,11,1]'                 0.766316
408    'H[2,11,2]'                 0.959043
409    'H[2,11,3]'                 1.14522
410    'H[2,12,1]'                 0.687263
411    'H[2,12,2]'                 0.861192
412    'H[2,12,3]'                 1.02815
413    'H[2,13,1]'                 0.61299
414    'H[2,13,2]'                 0.76906
415    'H[2,13,3]'                 0.917978
416    'H[2,14,1]'                 0.557057
417    'H[2,14,2]'                 0.699546
418    'H[2,14,3]'                 0.83489
419    'H[2,15,1]'                 0.5221
420    'H[2,15,2]'                 0.65604
421    'H[2,15,3]'                 0.782905
422    'HF[1]'                     0.991793
423    'HF[2]'                     1.23703
424    'HF[3]'                     1.47822
425    'h[1,1,1]'                 -6.44091
426    'h[1,1,2]'                 -7.22207
427    'h[1,1,3]'                 -7.86826
428    'h[1,2,1]'                 -6.48091
429    'h[1,2,2]'                 -7.26664
430    'h[1,2,3]'                 -7.9195
431    'h[1,3,1]'                 -6.54508
432    'h[1,3,2]'                 -7.33818
433    'h[1,3,3]'                 -8.00174
434    'h[1,4,1]'                 -6.64002
435    'h[1,4,2]'                 -7.44405
436    'h[1,4,3]'                 -8.12347
437    'h[1,5,1]'                 -6.76631
438    'h[1,5,2]'                 -7.58498
439    'h[1,5,3]'                 -8.28553
440    'h[1,6,1]'                 -6.91794
441    'h[1,6,2]'                 -7.75433
442    'h[1,6,3]'                 -8.48031
443    'h[1,7,1]'                 -7.0948
444    'h[1,7,2]'                 -7.95209
445    'h[1,7,3]'                 -8.70784
446    'h[1,8,1]'                 -7.32052
447    'h[1,8,2]'                 -8.20486
448    'h[1,8,3]'                 -8.99878
449    'h[1,9,1]'                 -7.36919
450    'h[1,9,2]'                 -8.25943
451    'h[1,9,3]'                 -9.06161
452    'h[1,10,1]'                -7.42388
453    'h[1,10,2]'                -8.32077
454    'h[1,10,3]'                -9.13225
455    'h[1,11,1]'                -7.47983
456    'h[1,11,2]'                -8.38355
457    'h[1,11,3]'                -9.20457
458    'h[1,12,1]'                -7.53296
459    'h[1,12,2]'                -8.4432
460    'h[1,12,3]'                -9.27328
461    'h[1,13,1]'                -7.58468
462    'h[1,13,2]'                -8.50128
463    'h[1,13,3]'                -9.3402
464    'h[1,14,1]'                -7.65176
465    'h[1,14,2]'                -8.57667
466    'h[1,14,3]'                -9.42708
467    'h[1,15,1]'                -7.78833
468    'h[1,15,2]'                -8.73029
469    'h[1,15,3]'                -9.60419
470    'h[2,1,1]'                 -7.4412
471    'h[2,1,2]'                 -8.3402
472    'h[2,1,3]'                 -9.15463
473    'h[2,2,1]'                 -7.46101
474    'h[2,2,2]'                 -8.36243
475    'h[2,2,3]'                 -9.18024
476    'h[2,3,1]'                 -7.48839
477    'h[2,3,2]'                 -8.39316
478    'h[2,3,3]'                 -9.21564
479    'h[2,4,1]'                 -7.53261
480    'h[2,4,2]'                 -8.4428
481    'h[2,4,3]'                 -9.27282
482    'h[2,5,1]'                 -7.60179
483    'h[2,5,2]'                 -8.52051
484    'h[2,5,3]'                 -9.36236
485    'h[2,6,1]'                 -7.69947
486    'h[2,6,2]'                 -8.63032
487    'h[2,6,3]'                 -9.48892
488    'h[2,7,1]'                 -7.8181
489    'h[2,7,2]'                 -8.76381
490    'h[2,7,3]'                 -9.64285
491    'h[2,8,1]'                 -7.93804
492    'h[2,8,2]'                 -8.89893
493    'h[2,8,3]'                 -9.79874
494    'h[2,9,1]'                 -8.03842
495    'h[2,9,2]'                 -9.01216
496    'h[2,9,3]'                 -9.92944
497    'h[2,10,1]'                -8.10969
498    'h[2,10,2]'                -9.09262
499    'h[2,10,3]'               -10.0224
500    'h[2,11,1]'                -8.15442
501    'h[2,11,2]'                -9.14316
502    'h[2,11,3]'               -10.0807
503    'h[2,12,1]'                -8.28276
504    'h[2,12,2]'                -9.28829
505    'h[2,12,3]'               -10.2485
506    'h[2,13,1]'                -8.40366
507    'h[2,13,2]'                -9.42522
508    'h[2,13,3]'               -10.4069
509    'h[2,14,1]'                -8.49492
510    'h[2,14,2]'                -9.52872
511    'h[2,14,3]'               -10.5267
512    'h[2,15,1]'                -8.55205
513    'h[2,15,2]'                -9.59357
514    'h[2,15,3]'               -10.6018
515    'hF[1]'                    -7.7901
516    'hF[2]'                    -8.73228
517    'hF[3]'                    -9.60649
518    'tauGamma[1,1,1,1]'     1e-06
519    'tauGamma[1,1,1,2]'     1e-06
520    'tauGamma[1,1,1,3]'     1e-06
521    'tauGamma[1,1,2,1]'     1e-06
522    'tauGamma[1,1,2,2]'     1e-06
523    'tauGamma[1,1,2,3]'     1e-06
524    'tauGamma[1,1,3,1]'     1e-06
525    'tauGamma[1,1,3,2]'     1e-06
526    'tauGamma[1,1,3,3]'     1e-06
527    'tauGamma[1,2,1,1]'     1e-06
528    'tauGamma[1,2,1,2]'     1e-06
529    'tauGamma[1,2,1,3]'     1e-06
530    'tauGamma[1,2,2,1]'     1e-06
531    'tauGamma[1,2,2,2]'     1e-06
532    'tauGamma[1,2,2,3]'     1e-06
533    'tauGamma[1,2,3,1]'     1e-06
534    'tauGamma[1,2,3,2]'     1e-06
535    'tauGamma[1,2,3,3]'     1e-06
536    'tauGamma[1,3,1,1]'     1e-06
537    'tauGamma[1,3,1,2]'     1e-06
538    'tauGamma[1,3,1,3]'     1e-06
539    'tauGamma[1,3,2,1]'     1e-06
540    'tauGamma[1,3,2,2]'     1e-06
541    'tauGamma[1,3,2,3]'     1e-06
542    'tauGamma[1,3,3,1]'     1e-06
543    'tauGamma[1,3,3,2]'     1e-06
544    'tauGamma[1,3,3,3]'     1e-06
545    'tauGamma[1,4,1,1]'     1e-06
546    'tauGamma[1,4,1,2]'     1e-06
547    'tauGamma[1,4,1,3]'     1e-06
548    'tauGamma[1,4,2,1]'     1e-06
549    'tauGamma[1,4,2,2]'     1e-06
550    'tauGamma[1,4,2,3]'     1e-06
551    'tauGamma[1,4,3,1]'     1e-06
552    'tauGamma[1,4,3,2]'     1e-06
553    'tauGamma[1,4,3,3]'     1e-06
554    'tauGamma[1,5,1,1]'     1e-06
555    'tauGamma[1,5,1,2]'     1e-06
556    'tauGamma[1,5,1,3]'     1e-06
557    'tauGamma[1,5,2,1]'     1e-06
558    'tauGamma[1,5,2,2]'     1e-06
559    'tauGamma[1,5,2,3]'     1e-06
560    'tauGamma[1,5,3,1]'     1e-06
561    'tauGamma[1,5,3,2]'     1e-06
562    'tauGamma[1,5,3,3]'     1e-06
563    'tauGamma[1,6,1,1]'     1e-06
564    'tauGamma[1,6,1,2]'     1e-06
565    'tauGamma[1,6,1,3]'     1e-06
566    'tauGamma[1,6,2,1]'     1e-06
567    'tauGamma[1,6,2,2]'     1e-06
568    'tauGamma[1,6,2,3]'     1e-06
569    'tauGamma[1,6,3,1]'     1e-06
570    'tauGamma[1,6,3,2]'     1e-06
571    'tauGamma[1,6,3,3]'     1e-06
572    'tauGamma[1,7,1,1]'     1e-06
573    'tauGamma[1,7,1,2]'     1e-06
574    'tauGamma[1,7,1,3]'     1e-06
575    'tauGamma[1,7,2,1]'     1e-06
576    'tauGamma[1,7,2,2]'     1e-06
577    'tauGamma[1,7,2,3]'     1e-06
578    'tauGamma[1,7,3,1]'     1e-06
579    'tauGamma[1,7,3,2]'     1e-06
580    'tauGamma[1,7,3,3]'     1e-06
581    'tauGamma[1,8,1,1]'     1e-06
582    'tauGamma[1,8,1,2]'     1e-06
583    'tauGamma[1,8,1,3]'     1e-06
584    'tauGamma[1,8,2,1]'     1e-06
585    'tauGamma[1,8,2,2]'     1e-06
586    'tauGamma[1,8,2,3]'     1e-06
587    'tauGamma[1,8,3,1]'     1e-06
588    'tauGamma[1,8,3,2]'     1e-06
589    'tauGamma[1,8,3,3]'     1e-06
590    'tauGamma[1,9,1,1]'     1e-06
591    'tauGamma[1,9,1,2]'     1e-06
592    'tauGamma[1,9,1,3]'     1e-06
593    'tauGamma[1,9,2,1]'     1e-06
594    'tauGamma[1,9,2,2]'     1e-06
595    'tauGamma[1,9,2,3]'     1e-06
596    'tauGamma[1,9,3,1]'     1e-06
597    'tauGamma[1,9,3,2]'     1e-06
598    'tauGamma[1,9,3,3]'     1e-06
599    'tauGamma[1,10,1,1]'    1e-06
600    'tauGamma[1,10,1,2]'    1e-06
601    'tauGamma[1,10,1,3]'    1e-06
602    'tauGamma[1,10,2,1]'    1e-06
603    'tauGamma[1,10,2,2]'    1e-06
604    'tauGamma[1,10,2,3]'    1e-06
605    'tauGamma[1,10,3,1]'    1e-06
606    'tauGamma[1,10,3,2]'    1e-06
607    'tauGamma[1,10,3,3]'    1e-06
608    'tauGamma[1,11,1,1]'    1e-06
609    'tauGamma[1,11,1,2]'    1e-06
610    'tauGamma[1,11,1,3]'    1e-06
611    'tauGamma[1,11,2,1]'    1e-06
612    'tauGamma[1,11,2,2]'    1e-06
613    'tauGamma[1,11,2,3]'    1e-06
614    'tauGamma[1,11,3,1]'    1e-06
615    'tauGamma[1,11,3,2]'    1e-06
616    'tauGamma[1,11,3,3]'    1e-06
617    'tauGamma[1,12,1,1]'    1e-06
618    'tauGamma[1,12,1,2]'    1e-06
619    'tauGamma[1,12,1,3]'    1e-06
620    'tauGamma[1,12,2,1]'    1e-06
621    'tauGamma[1,12,2,2]'    1e-06
622    'tauGamma[1,12,2,3]'    1e-06
623    'tauGamma[1,12,3,1]'    1e-06
624    'tauGamma[1,12,3,2]'    1e-06
625    'tauGamma[1,12,3,3]'    1e-06
626    'tauGamma[1,13,1,1]'    1e-06
627    'tauGamma[1,13,1,2]'    1e-06
628    'tauGamma[1,13,1,3]'    1e-06
629    'tauGamma[1,13,2,1]'    1e-06
630    'tauGamma[1,13,2,2]'    1e-06
631    'tauGamma[1,13,2,3]'    1e-06
632    'tauGamma[1,13,3,1]'    1e-06
633    'tauGamma[1,13,3,2]'    1e-06
634    'tauGamma[1,13,3,3]'    1e-06
635    'tauGamma[1,14,1,1]'    1e-06
636    'tauGamma[1,14,1,2]'    1e-06
637    'tauGamma[1,14,1,3]'    1e-06
638    'tauGamma[1,14,2,1]'    1e-06
639    'tauGamma[1,14,2,2]'    1e-06
640    'tauGamma[1,14,2,3]'    1e-06
641    'tauGamma[1,14,3,1]'    1e-06
642    'tauGamma[1,14,3,2]'    1e-06
643    'tauGamma[1,14,3,3]'    1e-06
644    'tauGamma[1,15,1,1]'    1e-06
645    'tauGamma[1,15,1,2]'    1e-06
646    'tauGamma[1,15,1,3]'    1e-06
647    'tauGamma[1,15,2,1]'    1e-06
648    'tauGamma[1,15,2,2]'    1e-06
649    'tauGamma[1,15,2,3]'    1e-06
650    'tauGamma[1,15,3,1]'    1e-06
651    'tauGamma[1,15,3,2]'    1e-06
652    'tauGamma[1,15,3,3]'    1e-06
653    'tauGamma[2,1,1,1]'     1e-06
654    'tauGamma[2,1,1,2]'     1e-06
655    'tauGamma[2,1,1,3]'     1e-06
656    'tauGamma[2,1,2,1]'     1e-06
657    'tauGamma[2,1,2,2]'     1e-06
658    'tauGamma[2,1,2,3]'     1e-06
659    'tauGamma[2,1,3,1]'     1e-06
660    'tauGamma[2,1,3,2]'     1e-06
661    'tauGamma[2,1,3,3]'     1e-06
662    'tauGamma[2,2,1,1]'     1e-06
663    'tauGamma[2,2,1,2]'     1e-06
664    'tauGamma[2,2,1,3]'     1e-06
665    'tauGamma[2,2,2,1]'     1e-06
666    'tauGamma[2,2,2,2]'     1e-06
667    'tauGamma[2,2,2,3]'     1e-06
668    'tauGamma[2,2,3,1]'     1e-06
669    'tauGamma[2,2,3,2]'     1e-06
670    'tauGamma[2,2,3,3]'     1e-06
671    'tauGamma[2,3,1,1]'     1e-06
672    'tauGamma[2,3,1,2]'     1e-06
673    'tauGamma[2,3,1,3]'     1e-06
674    'tauGamma[2,3,2,1]'     1e-06
675    'tauGamma[2,3,2,2]'     1e-06
676    'tauGamma[2,3,2,3]'     1e-06
677    'tauGamma[2,3,3,1]'     1e-06
678    'tauGamma[2,3,3,2]'     1e-06
679    'tauGamma[2,3,3,3]'     1e-06
680    'tauGamma[2,4,1,1]'     1e-06
681    'tauGamma[2,4,1,2]'     1e-06
682    'tauGamma[2,4,1,3]'     1e-06
683    'tauGamma[2,4,2,1]'     1e-06
684    'tauGamma[2,4,2,2]'     1e-06
685    'tauGamma[2,4,2,3]'     1e-06
686    'tauGamma[2,4,3,1]'     1e-06
687    'tauGamma[2,4,3,2]'     1e-06
688    'tauGamma[2,4,3,3]'     1e-06
689    'tauGamma[2,5,1,1]'     1e-06
690    'tauGamma[2,5,1,2]'     1e-06
691    'tauGamma[2,5,1,3]'     1e-06
692    'tauGamma[2,5,2,1]'     1e-06
693    'tauGamma[2,5,2,2]'     1e-06
694    'tauGamma[2,5,2,3]'     1e-06
695    'tauGamma[2,5,3,1]'     1e-06
696    'tauGamma[2,5,3,2]'     1e-06
697    'tauGamma[2,5,3,3]'     1e-06
698    'tauGamma[2,6,1,1]'     1e-06
699    'tauGamma[2,6,1,2]'     1e-06
700    'tauGamma[2,6,1,3]'     1e-06
701    'tauGamma[2,6,2,1]'     1e-06
702    'tauGamma[2,6,2,2]'     1e-06
703    'tauGamma[2,6,2,3]'     1e-06
704    'tauGamma[2,6,3,1]'     1e-06
705    'tauGamma[2,6,3,2]'     1e-06
706    'tauGamma[2,6,3,3]'     1e-06
707    'tauGamma[2,7,1,1]'     1e-06
708    'tauGamma[2,7,1,2]'     1e-06
709    'tauGamma[2,7,1,3]'     1e-06
710    'tauGamma[2,7,2,1]'     1e-06
711    'tauGamma[2,7,2,2]'     1e-06
712    'tauGamma[2,7,2,3]'     1e-06
713    'tauGamma[2,7,3,1]'     1e-06
714    'tauGamma[2,7,3,2]'     1e-06
715    'tauGamma[2,7,3,3]'     1e-06
716    'tauGamma[2,8,1,1]'     1e-06
717    'tauGamma[2,8,1,2]'     1e-06
718    'tauGamma[2,8,1,3]'     1e-06
719    'tauGamma[2,8,2,1]'     1e-06
720    'tauGamma[2,8,2,2]'     1e-06
721    'tauGamma[2,8,2,3]'     1e-06
722    'tauGamma[2,8,3,1]'     1e-06
723    'tauGamma[2,8,3,2]'     1e-06
724    'tauGamma[2,8,3,3]'     1e-06
725    'tauGamma[2,9,1,1]'     1e-06
726    'tauGamma[2,9,1,2]'     1e-06
727    'tauGamma[2,9,1,3]'     1e-06
728    'tauGamma[2,9,2,1]'     1e-06
729    'tauGamma[2,9,2,2]'     1e-06
730    'tauGamma[2,9,2,3]'     1e-06
731    'tauGamma[2,9,3,1]'     1e-06
732    'tauGamma[2,9,3,2]'     1e-06
733    'tauGamma[2,9,3,3]'     1e-06
734    'tauGamma[2,10,1,1]'    1e-06
735    'tauGamma[2,10,1,2]'    1e-06
736    'tauGamma[2,10,1,3]'    1e-06
737    'tauGamma[2,10,2,1]'    1e-06
738    'tauGamma[2,10,2,2]'    1e-06
739    'tauGamma[2,10,2,3]'    1e-06
740    'tauGamma[2,10,3,1]'    1e-06
741    'tauGamma[2,10,3,2]'    1e-06
742    'tauGamma[2,10,3,3]'    1e-06
743    'tauGamma[2,11,1,1]'    1e-06
744    'tauGamma[2,11,1,2]'    1e-06
745    'tauGamma[2,11,1,3]'    1e-06
746    'tauGamma[2,11,2,1]'    1e-06
747    'tauGamma[2,11,2,2]'    1e-06
748    'tauGamma[2,11,2,3]'    1e-06
749    'tauGamma[2,11,3,1]'    1e-06
750    'tauGamma[2,11,3,2]'    1e-06
751    'tauGamma[2,11,3,3]'    1e-06
752    'tauGamma[2,12,1,1]'    1e-06
753    'tauGamma[2,12,1,2]'    1e-06
754    'tauGamma[2,12,1,3]'    1e-06
755    'tauGamma[2,12,2,1]'    1e-06
756    'tauGamma[2,12,2,2]'    1e-06
757    'tauGamma[2,12,2,3]'    1e-06
758    'tauGamma[2,12,3,1]'    1e-06
759    'tauGamma[2,12,3,2]'    1e-06
760    'tauGamma[2,12,3,3]'    1e-06
761    'tauGamma[2,13,1,1]'    1e-06
762    'tauGamma[2,13,1,2]'    1e-06
763    'tauGamma[2,13,1,3]'    1e-06
764    'tauGamma[2,13,2,1]'    1e-06
765    'tauGamma[2,13,2,2]'    1e-06
766    'tauGamma[2,13,2,3]'    1e-06
767    'tauGamma[2,13,3,1]'    1e-06
768    'tauGamma[2,13,3,2]'    1e-06
769    'tauGamma[2,13,3,3]'    1e-06
770    'tauGamma[2,14,1,1]'    1e-06
771    'tauGamma[2,14,1,2]'    1e-06
772    'tauGamma[2,14,1,3]'    1e-06
773    'tauGamma[2,14,2,1]'    1e-06
774    'tauGamma[2,14,2,2]'    1e-06
775    'tauGamma[2,14,2,3]'    1e-06
776    'tauGamma[2,14,3,1]'    1e-06
777    'tauGamma[2,14,3,2]'    1e-06
778    'tauGamma[2,14,3,3]'    1e-06
779    'tauGamma[2,15,1,1]'    1e-06
780    'tauGamma[2,15,1,2]'    1e-06
781    'tauGamma[2,15,1,3]'    1e-06
782    'tauGamma[2,15,2,1]'    1e-06
783    'tauGamma[2,15,2,2]'    1e-06
784    'tauGamma[2,15,2,3]'    1e-06
785    'tauGamma[2,15,3,1]'    1e-06
786    'tauGamma[2,15,3,2]'    1e-06
787    'tauGamma[2,15,3,3]'    1e-06
788    'PGamma[1,1,1,1]'           1
789    'PGamma[1,1,1,2]'           1
790    'PGamma[1,1,1,3]'           1
791    'PGamma[1,1,2,1]'           1
792    'PGamma[1,1,2,2]'           1
793    'PGamma[1,1,2,3]'           1
794    'PGamma[1,1,3,1]'           1
795    'PGamma[1,1,3,2]'           1
796    'PGamma[1,1,3,3]'           1
797    'PGamma[1,2,1,1]'           1
798    'PGamma[1,2,1,2]'           1
799    'PGamma[1,2,1,3]'           1
800    'PGamma[1,2,2,1]'           1
801    'PGamma[1,2,2,2]'           1
802    'PGamma[1,2,2,3]'           1
803    'PGamma[1,2,3,1]'           1
804    'PGamma[1,2,3,2]'           1
805    'PGamma[1,2,3,3]'           1
806    'PGamma[1,3,1,1]'           1
807    'PGamma[1,3,1,2]'           1
808    'PGamma[1,3,1,3]'           1
809    'PGamma[1,3,2,1]'           1
810    'PGamma[1,3,2,2]'           1
811    'PGamma[1,3,2,3]'           1
812    'PGamma[1,3,3,1]'           1
813    'PGamma[1,3,3,2]'           1
814    'PGamma[1,3,3,3]'           1
815    'PGamma[1,4,1,1]'           1
816    'PGamma[1,4,1,2]'           1
817    'PGamma[1,4,1,3]'           1
818    'PGamma[1,4,2,1]'           1
819    'PGamma[1,4,2,2]'           1
820    'PGamma[1,4,2,3]'           1
821    'PGamma[1,4,3,1]'           1
822    'PGamma[1,4,3,2]'           1
823    'PGamma[1,4,3,3]'           1
824    'PGamma[1,5,1,1]'           1
825    'PGamma[1,5,1,2]'           1
826    'PGamma[1,5,1,3]'           1
827    'PGamma[1,5,2,1]'           1
828    'PGamma[1,5,2,2]'           1
829    'PGamma[1,5,2,3]'           1
830    'PGamma[1,5,3,1]'           1
831    'PGamma[1,5,3,2]'           1
832    'PGamma[1,5,3,3]'           1
833    'PGamma[1,6,1,1]'           1
834    'PGamma[1,6,1,2]'           1
835    'PGamma[1,6,1,3]'           1
836    'PGamma[1,6,2,1]'           1
837    'PGamma[1,6,2,2]'           1
838    'PGamma[1,6,2,3]'           1
839    'PGamma[1,6,3,1]'           1
840    'PGamma[1,6,3,2]'           1
841    'PGamma[1,6,3,3]'           1
842    'PGamma[1,7,1,1]'           1
843    'PGamma[1,7,1,2]'           1
844    'PGamma[1,7,1,3]'           1
845    'PGamma[1,7,2,1]'           1
846    'PGamma[1,7,2,2]'           1
847    'PGamma[1,7,2,3]'           1
848    'PGamma[1,7,3,1]'           1
849    'PGamma[1,7,3,2]'           1
850    'PGamma[1,7,3,3]'           1
851    'PGamma[1,8,1,1]'           1
852    'PGamma[1,8,1,2]'           1
853    'PGamma[1,8,1,3]'           1
854    'PGamma[1,8,2,1]'           1
855    'PGamma[1,8,2,2]'           1
856    'PGamma[1,8,2,3]'           1
857    'PGamma[1,8,3,1]'           1
858    'PGamma[1,8,3,2]'           1
859    'PGamma[1,8,3,3]'           1
860    'PGamma[1,9,1,1]'           1
861    'PGamma[1,9,1,2]'           1
862    'PGamma[1,9,1,3]'           1
863    'PGamma[1,9,2,1]'           1
864    'PGamma[1,9,2,2]'           1
865    'PGamma[1,9,2,3]'           1
866    'PGamma[1,9,3,1]'           1
867    'PGamma[1,9,3,2]'           1
868    'PGamma[1,9,3,3]'           1
869    'PGamma[1,10,1,1]'          1
870    'PGamma[1,10,1,2]'          1
871    'PGamma[1,10,1,3]'          1
872    'PGamma[1,10,2,1]'          1
873    'PGamma[1,10,2,2]'          1
874    'PGamma[1,10,2,3]'          1
875    'PGamma[1,10,3,1]'          1
876    'PGamma[1,10,3,2]'          1
877    'PGamma[1,10,3,3]'          1
878    'PGamma[1,11,1,1]'          1
879    'PGamma[1,11,1,2]'          1
880    'PGamma[1,11,1,3]'          1
881    'PGamma[1,11,2,1]'          1
882    'PGamma[1,11,2,2]'          1
883    'PGamma[1,11,2,3]'          1
884    'PGamma[1,11,3,1]'          1
885    'PGamma[1,11,3,2]'          1
886    'PGamma[1,11,3,3]'          1
887    'PGamma[1,12,1,1]'          1
888    'PGamma[1,12,1,2]'          1
889    'PGamma[1,12,1,3]'          1
890    'PGamma[1,12,2,1]'          1
891    'PGamma[1,12,2,2]'          1
892    'PGamma[1,12,2,3]'          1
893    'PGamma[1,12,3,1]'          1
894    'PGamma[1,12,3,2]'          1
895    'PGamma[1,12,3,3]'          1
896    'PGamma[1,13,1,1]'          1
897    'PGamma[1,13,1,2]'          1
898    'PGamma[1,13,1,3]'          1
899    'PGamma[1,13,2,1]'          1
900    'PGamma[1,13,2,2]'          1
901    'PGamma[1,13,2,3]'          1
902    'PGamma[1,13,3,1]'          1
903    'PGamma[1,13,3,2]'          1
904    'PGamma[1,13,3,3]'          1
905    'PGamma[1,14,1,1]'          1
906    'PGamma[1,14,1,2]'          1
907    'PGamma[1,14,1,3]'          1
908    'PGamma[1,14,2,1]'          1
909    'PGamma[1,14,2,2]'          1
910    'PGamma[1,14,2,3]'          1
911    'PGamma[1,14,3,1]'          1
912    'PGamma[1,14,3,2]'          1
913    'PGamma[1,14,3,3]'          1
914    'PGamma[1,15,1,1]'          1
915    'PGamma[1,15,1,2]'          1
916    'PGamma[1,15,1,3]'          1
917    'PGamma[1,15,2,1]'          1
918    'PGamma[1,15,2,2]'          1
919    'PGamma[1,15,2,3]'          1
920    'PGamma[1,15,3,1]'          1
921    'PGamma[1,15,3,2]'          1
922    'PGamma[1,15,3,3]'          1
923    'PGamma[2,1,1,1]'           1
924    'PGamma[2,1,1,2]'           1
925    'PGamma[2,1,1,3]'           1
926    'PGamma[2,1,2,1]'           1
927    'PGamma[2,1,2,2]'           1
928    'PGamma[2,1,2,3]'           1
929    'PGamma[2,1,3,1]'           1
930    'PGamma[2,1,3,2]'           1
931    'PGamma[2,1,3,3]'           1
932    'PGamma[2,2,1,1]'           1
933    'PGamma[2,2,1,2]'           1
934    'PGamma[2,2,1,3]'           1
935    'PGamma[2,2,2,1]'           1
936    'PGamma[2,2,2,2]'           1
937    'PGamma[2,2,2,3]'           1
938    'PGamma[2,2,3,1]'           1
939    'PGamma[2,2,3,2]'           1
940    'PGamma[2,2,3,3]'           1
941    'PGamma[2,3,1,1]'           1
942    'PGamma[2,3,1,2]'           1
943    'PGamma[2,3,1,3]'           1
944    'PGamma[2,3,2,1]'           1
945    'PGamma[2,3,2,2]'           1
946    'PGamma[2,3,2,3]'           1
947    'PGamma[2,3,3,1]'           1
948    'PGamma[2,3,3,2]'           1
949    'PGamma[2,3,3,3]'           1
950    'PGamma[2,4,1,1]'           1
951    'PGamma[2,4,1,2]'           1
952    'PGamma[2,4,1,3]'           1
953    'PGamma[2,4,2,1]'           1
954    'PGamma[2,4,2,2]'           1
955    'PGamma[2,4,2,3]'           1
956    'PGamma[2,4,3,1]'           1
957    'PGamma[2,4,3,2]'           1
958    'PGamma[2,4,3,3]'           1
959    'PGamma[2,5,1,1]'           1
960    'PGamma[2,5,1,2]'           1
961    'PGamma[2,5,1,3]'           1
962    'PGamma[2,5,2,1]'           1
963    'PGamma[2,5,2,2]'           1
964    'PGamma[2,5,2,3]'           1
965    'PGamma[2,5,3,1]'           1
966    'PGamma[2,5,3,2]'           1
967    'PGamma[2,5,3,3]'           1
968    'PGamma[2,6,1,1]'           1
969    'PGamma[2,6,1,2]'           1
970    'PGamma[2,6,1,3]'           1
971    'PGamma[2,6,2,1]'           1
972    'PGamma[2,6,2,2]'           1
973    'PGamma[2,6,2,3]'           1
974    'PGamma[2,6,3,1]'           1
975    'PGamma[2,6,3,2]'           1
976    'PGamma[2,6,3,3]'           1
977    'PGamma[2,7,1,1]'           1
978    'PGamma[2,7,1,2]'           1
979    'PGamma[2,7,1,3]'           1
980    'PGamma[2,7,2,1]'           1
981    'PGamma[2,7,2,2]'           1
982    'PGamma[2,7,2,3]'           1
983    'PGamma[2,7,3,1]'           1
984    'PGamma[2,7,3,2]'           1
985    'PGamma[2,7,3,3]'           1
986    'PGamma[2,8,1,1]'           1
987    'PGamma[2,8,1,2]'           1
988    'PGamma[2,8,1,3]'           1
989    'PGamma[2,8,2,1]'           1
990    'PGamma[2,8,2,2]'           1
991    'PGamma[2,8,2,3]'           1
992    'PGamma[2,8,3,1]'           1
993    'PGamma[2,8,3,2]'           1
994    'PGamma[2,8,3,3]'           1
995    'PGamma[2,9,1,1]'           1
996    'PGamma[2,9,1,2]'           1
997    'PGamma[2,9,1,3]'           1
998    'PGamma[2,9,2,1]'           1
999    'PGamma[2,9,2,2]'           1
1000   'PGamma[2,9,2,3]'           1
1001   'PGamma[2,9,3,1]'           1
1002   'PGamma[2,9,3,2]'           1
1003   'PGamma[2,9,3,3]'           1
1004   'PGamma[2,10,1,1]'          1
1005   'PGamma[2,10,1,2]'          1
1006   'PGamma[2,10,1,3]'          1
1007   'PGamma[2,10,2,1]'          1
1008   'PGamma[2,10,2,2]'          1
1009   'PGamma[2,10,2,3]'          1
1010   'PGamma[2,10,3,1]'          1
1011   'PGamma[2,10,3,2]'          1
1012   'PGamma[2,10,3,3]'          1
1013   'PGamma[2,11,1,1]'          1
1014   'PGamma[2,11,1,2]'          1
1015   'PGamma[2,11,1,3]'          1
1016   'PGamma[2,11,2,1]'          1
1017   'PGamma[2,11,2,2]'          1
1018   'PGamma[2,11,2,3]'          1
1019   'PGamma[2,11,3,1]'          1
1020   'PGamma[2,11,3,2]'          1
1021   'PGamma[2,11,3,3]'          1
1022   'PGamma[2,12,1,1]'          1
1023   'PGamma[2,12,1,2]'          1
1024   'PGamma[2,12,1,3]'          1
1025   'PGamma[2,12,2,1]'          1
1026   'PGamma[2,12,2,2]'          1
1027   'PGamma[2,12,2,3]'          1
1028   'PGamma[2,12,3,1]'          1
1029   'PGamma[2,12,3,2]'          1
1030   'PGamma[2,12,3,3]'          1
1031   'PGamma[2,13,1,1]'          1
1032   'PGamma[2,13,1,2]'          1
1033   'PGamma[2,13,1,3]'          1
1034   'PGamma[2,13,2,1]'          1
1035   'PGamma[2,13,2,2]'          1
1036   'PGamma[2,13,2,3]'          1
1037   'PGamma[2,13,3,1]'          1
1038   'PGamma[2,13,3,2]'          1
1039   'PGamma[2,13,3,3]'          1
1040   'PGamma[2,14,1,1]'          1
1041   'PGamma[2,14,1,2]'          1
1042   'PGamma[2,14,1,3]'          1
1043   'PGamma[2,14,2,1]'          1
1044   'PGamma[2,14,2,2]'          1
1045   'PGamma[2,14,2,3]'          1
1046   'PGamma[2,14,3,1]'          1
1047   'PGamma[2,14,3,2]'          1
1048   'PGamma[2,14,3,3]'          1
1049   'PGamma[2,15,1,1]'          1
1050   'PGamma[2,15,1,2]'          1
1051   'PGamma[2,15,1,3]'          1
1052   'PGamma[2,15,2,1]'          1
1053   'PGamma[2,15,2,2]'          1
1054   'PGamma[2,15,2,3]'          1
1055   'PGamma[2,15,3,1]'          1
1056   'PGamma[2,15,3,2]'          1
1057   'PGamma[2,15,3,3]'          1
1058   'SGamma1[1,1,1]'        1e-06
1059   'SGamma1[1,1,2]'        1e-06
1060   'SGamma1[1,1,3]'        1e-06
1061   'SGamma1[1,2,1]'        1e-06
1062   'SGamma1[1,2,2]'        1e-06
1063   'SGamma1[1,2,3]'        1e-06
1064   'SGamma1[1,3,1]'        1e-06
1065   'SGamma1[1,3,2]'        1e-06
1066   'SGamma1[1,3,3]'        1e-06
1067   'SGamma1[1,4,1]'        1e-06
1068   'SGamma1[1,4,2]'        1e-06
1069   'SGamma1[1,4,3]'        1e-06
1070   'SGamma1[1,5,1]'        1e-06
1071   'SGamma1[1,5,2]'        1e-06
1072   'SGamma1[1,5,3]'        1e-06
1073   'SGamma1[1,6,1]'        1e-06
1074   'SGamma1[1,6,2]'        1e-06
1075   'SGamma1[1,6,3]'        1e-06
1076   'SGamma1[1,7,1]'        1e-06
1077   'SGamma1[1,7,2]'        1e-06
1078   'SGamma1[1,7,3]'        1e-06
1079   'SGamma1[1,8,1]'        1e-06
1080   'SGamma1[1,8,2]'        1e-06
1081   'SGamma1[1,8,3]'        1e-06
1082   'SGamma1[1,9,1]'        1e-06
1083   'SGamma1[1,9,2]'        1e-06
1084   'SGamma1[1,9,3]'        1e-06
1085   'SGamma1[1,10,1]'       1e-06
1086   'SGamma1[1,10,2]'       1e-06
1087   'SGamma1[1,10,3]'       1e-06
1088   'SGamma1[1,11,1]'       1e-06
1089   'SGamma1[1,11,2]'       1e-06
1090   'SGamma1[1,11,3]'       1e-06
1091   'SGamma1[1,12,1]'       1e-06
1092   'SGamma1[1,12,2]'       1e-06
1093   'SGamma1[1,12,3]'       1e-06
1094   'SGamma1[1,13,1]'       1e-06
1095   'SGamma1[1,13,2]'       1e-06
1096   'SGamma1[1,13,3]'       1e-06
1097   'SGamma1[1,14,1]'       1e-06
1098   'SGamma1[1,14,2]'       1e-06
1099   'SGamma1[1,14,3]'       1e-06
1100   'SGamma1[1,15,1]'       1e-06
1101   'SGamma1[1,15,2]'       1e-06
1102   'SGamma1[1,15,3]'       1e-06
1103   'SGamma1[2,1,1]'        1e-06
1104   'SGamma1[2,1,2]'        1e-06
1105   'SGamma1[2,1,3]'        1e-06
1106   'SGamma1[2,2,1]'        1e-06
1107   'SGamma1[2,2,2]'        1e-06
1108   'SGamma1[2,2,3]'        1e-06
1109   'SGamma1[2,3,1]'        1e-06
1110   'SGamma1[2,3,2]'        1e-06
1111   'SGamma1[2,3,3]'        1e-06
1112   'SGamma1[2,4,1]'        1e-06
1113   'SGamma1[2,4,2]'        1e-06
1114   'SGamma1[2,4,3]'        1e-06
1115   'SGamma1[2,5,1]'        1e-06
1116   'SGamma1[2,5,2]'        1e-06
1117   'SGamma1[2,5,3]'        1e-06
1118   'SGamma1[2,6,1]'        1e-06
1119   'SGamma1[2,6,2]'        1e-06
1120   'SGamma1[2,6,3]'        1e-06
1121   'SGamma1[2,7,1]'        1e-06
1122   'SGamma1[2,7,2]'        1e-06
1123   'SGamma1[2,7,3]'        1e-06
1124   'SGamma1[2,8,1]'        1e-06
1125   'SGamma1[2,8,2]'        1e-06
1126   'SGamma1[2,8,3]'        1e-06
1127   'SGamma1[2,9,1]'        1e-06
1128   'SGamma1[2,9,2]'        1e-06
1129   'SGamma1[2,9,3]'        1e-06
1130   'SGamma1[2,10,1]'       1e-06
1131   'SGamma1[2,10,2]'       1e-06
1132   'SGamma1[2,10,3]'       1e-06
1133   'SGamma1[2,11,1]'       1e-06
1134   'SGamma1[2,11,2]'       1e-06
1135   'SGamma1[2,11,3]'       1e-06
1136   'SGamma1[2,12,1]'       1e-06
1137   'SGamma1[2,12,2]'       1e-06
1138   'SGamma1[2,12,3]'       1e-06
1139   'SGamma1[2,13,1]'       1e-06
1140   'SGamma1[2,13,2]'       1e-06
1141   'SGamma1[2,13,3]'       1e-06
1142   'SGamma1[2,14,1]'       1e-06
1143   'SGamma1[2,14,2]'       1e-06
1144   'SGamma1[2,14,3]'       1e-06
1145   'SGamma1[2,15,1]'       1e-06
1146   'SGamma1[2,15,2]'       1e-06
1147   'SGamma1[2,15,3]'       1e-06
1148   'SGamma2[1,1,1]'            1
1149   'SGamma2[1,1,2]'            1
1150   'SGamma2[1,1,3]'            1
1151   'SGamma2[1,2,1]'            1
1152   'SGamma2[1,2,2]'            1
1153   'SGamma2[1,2,3]'            1
1154   'SGamma2[1,3,1]'            1
1155   'SGamma2[1,3,2]'            1
1156   'SGamma2[1,3,3]'            1
1157   'SGamma2[1,4,1]'            1
1158   'SGamma2[1,4,2]'            1
1159   'SGamma2[1,4,3]'            1
1160   'SGamma2[1,5,1]'            1
1161   'SGamma2[1,5,2]'            1
1162   'SGamma2[1,5,3]'            1
1163   'SGamma2[1,6,1]'            1
1164   'SGamma2[1,6,2]'            1
1165   'SGamma2[1,6,3]'            1
1166   'SGamma2[1,7,1]'            1
1167   'SGamma2[1,7,2]'            1
1168   'SGamma2[1,7,3]'            1
1169   'SGamma2[1,8,1]'            1
1170   'SGamma2[1,8,2]'            1
1171   'SGamma2[1,8,3]'            1
1172   'SGamma2[1,9,1]'            1
1173   'SGamma2[1,9,2]'            1
1174   'SGamma2[1,9,3]'            1
1175   'SGamma2[1,10,1]'           1
1176   'SGamma2[1,10,2]'           1
1177   'SGamma2[1,10,3]'           1
1178   'SGamma2[1,11,1]'           1
1179   'SGamma2[1,11,2]'           1
1180   'SGamma2[1,11,3]'           1
1181   'SGamma2[1,12,1]'           1
1182   'SGamma2[1,12,2]'           1
1183   'SGamma2[1,12,3]'           1
1184   'SGamma2[1,13,1]'           1
1185   'SGamma2[1,13,2]'           1
1186   'SGamma2[1,13,3]'           1
1187   'SGamma2[1,14,1]'           1
1188   'SGamma2[1,14,2]'           1
1189   'SGamma2[1,14,3]'           1
1190   'SGamma2[1,15,1]'           1
1191   'SGamma2[1,15,2]'           1
1192   'SGamma2[1,15,3]'           1
1193   'SGamma2[2,1,1]'            1
1194   'SGamma2[2,1,2]'            1
1195   'SGamma2[2,1,3]'            1
1196   'SGamma2[2,2,1]'            1
1197   'SGamma2[2,2,2]'            1
1198   'SGamma2[2,2,3]'            1
1199   'SGamma2[2,3,1]'            1
1200   'SGamma2[2,3,2]'            1
1201   'SGamma2[2,3,3]'            1
1202   'SGamma2[2,4,1]'            1
1203   'SGamma2[2,4,2]'            1
1204   'SGamma2[2,4,3]'            1
1205   'SGamma2[2,5,1]'            1
1206   'SGamma2[2,5,2]'            1
1207   'SGamma2[2,5,3]'            1
1208   'SGamma2[2,6,1]'            1
1209   'SGamma2[2,6,2]'            1
1210   'SGamma2[2,6,3]'            1
1211   'SGamma2[2,7,1]'            1
1212   'SGamma2[2,7,2]'            1
1213   'SGamma2[2,7,3]'            1
1214   'SGamma2[2,8,1]'            1
1215   'SGamma2[2,8,2]'            1
1216   'SGamma2[2,8,3]'            1
1217   'SGamma2[2,9,1]'            1
1218   'SGamma2[2,9,2]'            1
1219   'SGamma2[2,9,3]'            1
1220   'SGamma2[2,10,1]'           1
1221   'SGamma2[2,10,2]'           1
1222   'SGamma2[2,10,3]'           1
1223   'SGamma2[2,11,1]'           1
1224   'SGamma2[2,11,2]'           1
1225   'SGamma2[2,11,3]'           1
1226   'SGamma2[2,12,1]'           1
1227   'SGamma2[2,12,2]'           1
1228   'SGamma2[2,12,3]'           1
1229   'SGamma2[2,13,1]'           1
1230   'SGamma2[2,13,2]'           1
1231   'SGamma2[2,13,3]'           1
1232   'SGamma2[2,14,1]'           1
1233   'SGamma2[2,14,2]'           1
1234   'SGamma2[2,14,3]'           1
1235   'SGamma2[2,15,1]'           1
1236   'SGamma2[2,15,2]'           1
1237   'SGamma2[2,15,3]'           1
1238   'gamma[1,1,1]'              1
1239   'gamma[1,1,2]'              1
1240   'gamma[1,1,3]'              1
1241   'gamma[1,2,1]'              1
1242   'gamma[1,2,2]'              1
1243   'gamma[1,2,3]'              1
1244   'gamma[1,3,1]'              1
1245   'gamma[1,3,2]'              1
1246   'gamma[1,3,3]'              1
1247   'gamma[1,4,1]'              1
1248   'gamma[1,4,2]'              1
1249   'gamma[1,4,3]'              1
1250   'gamma[1,5,1]'              1
1251   'gamma[1,5,2]'              1
1252   'gamma[1,5,3]'              1
1253   'gamma[1,6,1]'              1
1254   'gamma[1,6,2]'              1
1255   'gamma[1,6,3]'              1
1256   'gamma[1,7,1]'              1
1257   'gamma[1,7,2]'              1
1258   'gamma[1,7,3]'              1
1259   'gamma[1,8,1]'              1
1260   'gamma[1,8,2]'              1
1261   'gamma[1,8,3]'              1
1262   'gamma[1,9,1]'              1
1263   'gamma[1,9,2]'              1
1264   'gamma[1,9,3]'              1
1265   'gamma[1,10,1]'             1
1266   'gamma[1,10,2]'             1
1267   'gamma[1,10,3]'             1
1268   'gamma[1,11,1]'             1
1269   'gamma[1,11,2]'             1
1270   'gamma[1,11,3]'             1
1271   'gamma[1,12,1]'             1
1272   'gamma[1,12,2]'             1
1273   'gamma[1,12,3]'             1
1274   'gamma[1,13,1]'             1
1275   'gamma[1,13,2]'             1
1276   'gamma[1,13,3]'             1
1277   'gamma[1,14,1]'             1
1278   'gamma[1,14,2]'             1
1279   'gamma[1,14,3]'             1
1280   'gamma[1,15,1]'             1
1281   'gamma[1,15,2]'             1
1282   'gamma[1,15,3]'             1
1283   'gamma[2,1,1]'              1
1284   'gamma[2,1,2]'              1
1285   'gamma[2,1,3]'              1
1286   'gamma[2,2,1]'              1
1287   'gamma[2,2,2]'              1
1288   'gamma[2,2,3]'              1
1289   'gamma[2,3,1]'              1
1290   'gamma[2,3,2]'              1
1291   'gamma[2,3,3]'              1
1292   'gamma[2,4,1]'              1
1293   'gamma[2,4,2]'              1
1294   'gamma[2,4,3]'              1
1295   'gamma[2,5,1]'              1
1296   'gamma[2,5,2]'              1
1297   'gamma[2,5,3]'              1
1298   'gamma[2,6,1]'              1
1299   'gamma[2,6,2]'              1
1300   'gamma[2,6,3]'              1
1301   'gamma[2,7,1]'              1
1302   'gamma[2,7,2]'              1
1303   'gamma[2,7,3]'              1
1304   'gamma[2,8,1]'              1
1305   'gamma[2,8,2]'              1
1306   'gamma[2,8,3]'              1
1307   'gamma[2,9,1]'              1
1308   'gamma[2,9,2]'              1
1309   'gamma[2,9,3]'              1
1310   'gamma[2,10,1]'             1
1311   'gamma[2,10,2]'             1
1312   'gamma[2,10,3]'             1
1313   'gamma[2,11,1]'             1
1314   'gamma[2,11,2]'             1
1315   'gamma[2,11,3]'             1
1316   'gamma[2,12,1]'             1
1317   'gamma[2,12,2]'             1
1318   'gamma[2,12,3]'             1
1319   'gamma[2,13,1]'             1
1320   'gamma[2,13,2]'             1
1321   'gamma[2,13,3]'             1
1322   'gamma[2,14,1]'             1
1323   'gamma[2,14,2]'             1
1324   'gamma[2,14,3]'             1
1325   'gamma[2,15,1]'             1
1326   'gamma[2,15,2]'             1
1327   'gamma[2,15,3]'             1
1328   'PrS[1,1,1]'           158806
1329   'PrS[1,1,2]'            64328.5
1330   'PrS[1,1,3]'            29410.1
1331   'PrS[1,2,1]'           154999
1332   'PrS[1,2,2]'            62604
1333   'PrS[1,2,3]'            28541.9
1334   'PrS[1,3,1]'           149020
1335   'PrS[1,3,2]'            59906.5
1336   'PrS[1,3,3]'            27188.5
1337   'PrS[1,4,1]'           140466
1338   'PrS[1,4,2]'            56070.3
1339   'PrS[1,4,3]'            25274.1
1340   'PrS[1,5,1]'           129619
1341   'PrS[1,5,2]'            51245.5
1342   'PrS[1,5,3]'            22884.6
1343   'PrS[1,6,1]'           117375
1344   'PrS[1,6,2]'            45858.1
1345   'PrS[1,6,3]'            20243
1346   'PrS[1,7,1]'           104136
1347   'PrS[1,7,2]'            40108.4
1348   'PrS[1,7,3]'            17457.7
1349   'PrS[1,8,1]'            88801
1350   'PrS[1,8,2]'            33558.7
1351   'PrS[1,8,3]'            14334.1
1352   'PrS[1,9,1]'            85715.8
1353   'PrS[1,9,2]'            32256.7
1354   'PrS[1,9,3]'            13720.2
1355   'PrS[1,10,1]'           82340
1356   'PrS[1,10,2]'           30838.5
1357   'PrS[1,10,3]'           13054.3
1358   'PrS[1,11,1]'           78985
1359   'PrS[1,11,2]'           29435.8
1360   'PrS[1,11,3]'           12398.9
1361   'PrS[1,12,1]'           75889.9
1362   'PrS[1,12,2]'           28148.2
1363   'PrS[1,12,3]'           11800
1364   'PrS[1,13,1]'           72961.1
1365   'PrS[1,13,2]'           26935.6
1366   'PrS[1,13,3]'           11238.6
1367   'PrS[1,14,1]'           69282.9
1368   'PrS[1,14,2]'           25420.9
1369   'PrS[1,14,3]'           10541
1370   'PrS[1,15,1]'           62207
1371   'PrS[1,15,2]'           22534.6
1372   'PrS[1,15,3]'            9223.82
1373   'PrS[2,1,1]'            81291
1374   'PrS[2,1,2]'            30399.2
1375   'PrS[2,1,3]'            12848.7
1376   'PrS[2,2,1]'            80102.3
1377   'PrS[2,2,2]'            29902.2
1378   'PrS[2,2,3]'            12616.5
1379   'PrS[2,3,1]'            78480.3
1380   'PrS[2,3,2]'            29225.5
1381   'PrS[2,3,3]'            12300.9
1382   'PrS[2,4,1]'            75910.3
1383   'PrS[2,4,2]'            28156.7
1384   'PrS[2,4,3]'            11804
1385   'PrS[2,5,1]'            72010
1386   'PrS[2,5,2]'            26543
1387   'PrS[2,5,3]'            11057.4
1388   'PrS[2,6,1]'            66748.7
1389   'PrS[2,6,2]'            24382.9
1390   'PrS[2,6,3]'            10065.4
1391   'PrS[2,7,1]'            60736
1392   'PrS[2,7,2]'            21939.4
1393   'PrS[2,7,3]'             8954.28
1394   'PrS[2,8,1]'            55063.3
1395   'PrS[2,8,2]'            19660.5
1396   'PrS[2,8,3]'             7929.59
1397   'PrS[2,9,1]'            50617.9
1398   'PrS[2,9,2]'            17894
1399   'PrS[2,9,3]'             7143.79
1400   'PrS[2,10,1]'           47623.9
1401   'PrS[2,10,2]'           16714.6
1402   'PrS[2,10,3]'            6623.66
1403   'PrS[2,11,1]'           45811.8
1404   'PrS[2,11,2]'           16005
1405   'PrS[2,11,3]'            6312.58
1406   'PrS[2,12,1]'           40891.6
1407   'PrS[2,12,2]'           14095.7
1408   'PrS[2,12,3]'            5482.92
1409   'PrS[2,13,1]'           36621.5
1410   'PrS[2,13,2]'           12460.6
1411   'PrS[2,13,3]'            4781.89
1412   'PrS[2,14,1]'           33622.8
1413   'PrS[2,14,2]'           11325.8
1414   'PrS[2,14,3]'            4301
1415   'PrS[2,15,1]'           31840.1
1416   'PrS[2,15,2]'           10656.8
1417   'PrS[2,15,3]'            4019.91
1418   'PrSF[1]'               62118.8
1419   'PrSF[2]'               22498.9
1420   'PrSF[3]'                9207.62
1421   Vap                       231.545
1422   Sep                        95
1423   yPC1                        0
1424   yPR1                        1
1425   yPS                         0
;

