solve_message = 'LOQO 7.00: iteration limit (500 iterations, 3563 evaluations)\
primal objective 7717.853848048435\
  dual objective -53484.40449267031'

:     _varname        _var         :=
1     'F[2]'         0
2     'F[3]'         0
3     'F[4]'         0
4     'F[5]'         0
5     'F[6]'         0
6     'F[7]'         0
7     'F[8]'       100
8     'F[9]'         0
9     'F[10]'        0
10    'F[11]'        0
11    'F[12]'        0
12    'F[13]'        0
13    'F[14]'        0
14    Vs          7717.85
15    'y[1,1]'       0.00349925
16    'y[1,2]'       0.11342
17    'y[1,3]'       0.875119
18    'y[2,1]'       0.00347705
19    'y[2,2]'       0.158326
20    'y[2,3]'       0.83024
21    'y[3,1]'       0.0035097
22    'y[3,2]'       0.212565
23    'y[3,3]'       0.77599
24    'y[4,1]'       0.00365106
25    'y[4,2]'       0.276023
26    'y[4,3]'       0.712421
27    'y[5,1]'       0.00404593
28    'y[5,2]'       0.347592
29    'y[5,3]'       0.64049
30    'y[6,1]'       0.00495815
31    'y[6,2]'       0.425029
32    'y[6,3]'       0.562177
33    'y[7,1]'       0.00699579
34    'y[7,2]'       0.504788
35    'y[7,3]'       0.480399
36    'y[8,1]'       0.0120458
37    'y[8,2]'       0.581809
38    'y[8,3]'       0.398426
39    'y[9,1]'       0.0143758
40    'y[9,2]'       0.655135
41    'y[9,3]'       0.322802
42    'y[10,1]'      0.020292
43    'y[10,2]'      0.719029
44    'y[10,3]'      0.252969
45    'y[11,1]'      0.0339067
46    'y[11,2]'      0.767449
47    'y[11,3]'      0.190911
48    'y[12,1]'      0.06427
49    'y[12,2]'      0.790872
50    'y[12,3]'      0.137112
51    'y[13,1]'      0.12827
52    'y[13,2]'      0.773082
53    'y[13,3]'      0.0912787
54    'y[14,1]'      0.247951
55    'y[14,2]'      0.692231
56    'y[14,3]'      0.0534332
57    'y[15,1]'      0.428761
58    'y[15,2]'      0.540274
59    'y[15,3]'      0.0250751
60    Ls          7773.79
61    'x[1,1]'       0.00364638
62    'x[1,2]'       0.077775
63    'x[1,3]'       0.907422
64    'x[2,1]'       0.00349076
65    'x[2,2]'       0.112942
66    'x[2,3]'       0.872419
67    'x[3,1]'       0.00346837
68    'x[3,2]'       0.157545
69    'x[3,3]'       0.827838
70    'x[4,1]'       0.00350071
71    'x[4,2]'       0.21141
72    'x[4,3]'       0.773958
73    'x[5,1]'       0.0036419
74    'x[5,2]'       0.274423
75    'x[5,3]'       0.710829
76    'x[6,1]'       0.00403681
77    'x[6,2]'       0.345487
78    'x[6,3]'       0.639398
79    'x[7,1]'       0.00495003
80    'x[7,2]'       0.422372
81    'x[7,3]'       0.56163
82    'x[8,1]'       0.00698831
83    'x[8,2]'       0.501557
84    'x[8,3]'       0.480422
85    'x[9,1]'       0.00842408
86    'x[9,2]'       0.580258
87    'x[9,3]'       0.400263
88    'x[10,1]'      0.0107669
89    'x[10,2]'      0.653973
90    'x[10,3]'      0.324216
91    'x[11,1]'      0.0167144
92    'x[11,2]'      0.718208
93    'x[11,3]'      0.254002
94    'x[12,1]'      0.0304024
95    'x[12,2]'      0.766884
96    'x[12,3]'      0.191611
97    'x[13,1]'      0.0609306
98    'x[13,2]'      0.790421
99    'x[13,3]'      0.137531
100   'x[14,1]'      0.125277
101   'x[14,2]'      0.772509
102   'x[14,3]'      0.0914701
103   'x[15,1]'      0.245593
104   'x[15,2]'      0.691197
105   'x[15,3]'      0.0534544
106   PC            69.8275
107   PR            31.2448
108   Vap         7717.85
;

