solve_message = 'LOQO 7.00: iteration limit (500 iterations, 5028 evaluations)\
primal objective 89.15475785489112\
  dual objective -502.3109487555308'

:     _varname        _var         :=
1     'F[2]'        0
2     'F[3]'        0
3     'F[4]'        0
4     'F[5]'        0
5     'F[6]'        0
6     'F[7]'        0
7     'F[8]'        0
8     'F[9]'        0
9     'F[10]'       0
10    'F[11]'       0
11    'F[12]'       0
12    'F[13]'       0
13    'F[14]'       0
14    'F[15]'     100
15    'F[16]'       0
16    'F[17]'       0
17    'F[18]'       0
18    'F[19]'       0
19    'F[20]'       0
20    'F[21]'       0
21    'F[22]'       0
22    'F[23]'       0
23    'F[24]'       0
24    'F[25]'       0
25    'F[26]'       0
26    'F[27]'       0
27    'F[28]'       0
28    'F[29]'       0
29    Vs           89.1548
30    'y[1,1]'      0.0481615
31    'y[1,2]'      0.599162
32    'y[1,3]'      0.352653
33    'y[2,1]'      0.0860639
34    'y[2,2]'      0.608741
35    'y[2,3]'      0.305167
36    'y[3,1]'      0.13296
37    'y[3,2]'      0.592854
38    'y[3,3]'      0.274152
39    'y[4,1]'      0.187345
40    'y[4,2]'      0.561627
41    'y[4,3]'      0.251008
42    'y[5,1]'      0.245884
43    'y[5,2]'      0.522385
44    'y[5,3]'      0.231718
45    'y[6,1]'      0.304033
46    'y[6,2]'      0.481046
47    'y[6,3]'      0.214909
48    'y[7,1]'      0.357352
49    'y[7,2]'      0.442195
50    'y[7,3]'      0.200439
51    'y[8,1]'      0.402765
52    'y[8,2]'      0.408738
53    'y[8,3]'      0.188478
54    'y[9,1]'      0.439074
55    'y[9,2]'      0.381851
56    'y[9,3]'      0.179052
57    'y[10,1]'     0.466662
58    'y[10,2]'     0.361372
59    'y[10,3]'     0.17194
60    'y[11,1]'     0.486824
61    'y[11,2]'     0.346388
62    'y[11,3]'     0.166761
63    'y[12,1]'     0.501143
64    'y[12,2]'     0.335742
65    'y[12,3]'     0.163088
66    'y[13,1]'     0.511107
67    'y[13,2]'     0.328333
68    'y[13,3]'     0.160533
69    'y[14,1]'     0.517942
70    'y[14,2]'     0.323258
71    'y[14,3]'     0.158772
72    'y[15,1]'     0.522571
73    'y[15,2]'     0.319808
74    'y[15,3]'     0.157535
75    'y[16,1]'     0.526936
76    'y[16,2]'     0.339223
77    'y[16,3]'     0.133753
78    'y[17,1]'     0.531294
79    'y[17,2]'     0.356609
80    'y[17,3]'     0.112006
81    'y[18,1]'     0.535833
82    'y[18,2]'     0.371508
83    'y[18,3]'     0.0925654
84    'y[19,1]'     0.540926
85    'y[19,2]'     0.383459
86    'y[19,3]'     0.0755181
87    'y[20,1]'     0.547216
88    'y[20,2]'     0.391882
89    'y[20,3]'     0.0607999
90    'y[21,1]'     0.555737
91    'y[21,2]'     0.395917
92    'y[21,3]'     0.0482376
93    'y[22,1]'     0.56806
94    'y[22,2]'     0.394229
95    'y[22,3]'     0.0375951
96    'y[23,1]'     0.586393
97    'y[23,2]'     0.384862
98    'y[23,3]'     0.0286173
99    'y[24,1]'     0.613466
100   'y[24,2]'     0.36532
101   'y[24,3]'     0.0210721
102   'y[25,1]'     0.651853
103   'y[25,2]'     0.333197
104   'y[25,3]'     0.0147853
105   'y[26,1]'     0.702504
106   'y[26,2]'     0.287641
107   'y[26,3]'     0.0096553
108   'y[27,1]'     0.762939
109   'y[27,2]'     0.231179
110   'y[27,3]'     0.00562337
111   'y[28,1]'     0.826793
112   'y[28,2]'     0.170254
113   'y[28,3]'     0.00258938
114   'y[29,1]'     0.886126
115   'y[29,2]'     0.112999
116   'y[29,3]'     0.00031792
117   'y[30,1]'     0.934658
118   'y[30,2]'     0.0651692
119   'y[30,3]'     0.00091444
120   Ls          158.442
121   'x[1,1]'      0.0191786
122   'x[1,2]'      0.548343
123   'x[1,3]'      0.432478
124   'x[2,1]'      0.0354901
125   'x[2,2]'      0.576983
126   'x[2,3]'      0.387596
127   'x[3,1]'      0.0568191
128   'x[3,2]'      0.582373
129   'x[3,3]'      0.360875
130   'x[4,1]'      0.0832086
131   'x[4,2]'      0.573432
132   'x[4,3]'      0.343423
133   'x[5,1]'      0.113812
134   'x[5,2]'      0.55586
135   'x[5,3]'      0.3304
136   'x[6,1]'      0.146753
137   'x[6,2]'      0.533778
138   'x[6,3]'      0.319546
139   'x[7,1]'      0.179473
140   'x[7,2]'      0.510517
141   'x[7,3]'      0.310087
142   'x[8,1]'      0.209475
143   'x[8,2]'      0.488656
144   'x[8,3]'      0.301945
145   'x[9,1]'      0.235028
146   'x[9,2]'      0.469831
147   'x[9,3]'      0.295215
148   'x[10,1]'     0.255457
149   'x[10,2]'     0.454703
150   'x[10,3]'     0.289911
151   'x[11,1]'     0.270981
152   'x[11,2]'     0.44318
153   'x[11,3]'     0.28591
154   'x[12,1]'     0.282325
155   'x[12,2]'     0.434749
156   'x[12,3]'     0.282995
157   'x[13,1]'     0.290381
158   'x[13,2]'     0.428759
159   'x[13,3]'     0.280929
160   'x[14,1]'     0.295988
161   'x[14,2]'     0.424591
162   'x[14,3]'     0.279491
163   'x[15,1]'     0.299834
164   'x[15,2]'     0.421735
165   'x[15,3]'     0.278501
166   'x[16,1]'     0.30661
167   'x[16,2]'     0.453666
168   'x[16,3]'     0.239826
169   'x[17,1]'     0.313269
170   'x[17,2]'     0.483283
171   'x[17,3]'     0.203545
172   'x[18,1]'     0.319917
173   'x[18,2]'     0.509807
174   'x[18,3]'     0.17037
175   'x[19,1]'     0.326842
176   'x[19,2]'     0.532536
177   'x[19,3]'     0.140713
178   'x[20,1]'     0.334611
179   'x[20,2]'     0.550767
180   'x[20,3]'     0.114707
181   'x[21,1]'     0.344207
182   'x[21,2]'     0.563618
183   'x[21,3]'     0.0922549
184   'x[22,1]'     0.357206
185   'x[22,2]'     0.569774
186   'x[22,3]'     0.0730914
187   'x[23,1]'     0.376005
188   'x[23,2]'     0.567199
189   'x[23,3]'     0.0568566
190   'x[24,1]'     0.403974
191   'x[24,2]'     0.55291
192   'x[24,3]'     0.0431614
193   'x[25,1]'     0.445274
194   'x[25,2]'     0.523098
195   'x[25,3]'     0.031652
196   'x[26,1]'     0.503836
197   'x[26,2]'     0.474094
198   'x[26,3]'     0.0220623
199   'x[27,1]'     0.581106
200   'x[27,2]'     0.404597
201   'x[27,3]'     0.0142378
202   'x[28,1]'     0.673301
203   'x[28,2]'     0.318464
204   'x[28,3]'     0.00808873
205   'x[29,1]'     0.770713
206   'x[29,2]'     0.225521
207   'x[29,3]'     0.00346255
208   'x[30,1]'     0.861226
209   'x[30,2]'     0.138177
210   'x[30,3]'     4.74502e-07
211   PC           30.6751
212   PR           69.3002
213   Vap          89.1548
;

