solve_message = 'LOQO 7.00: optimal solution (22 iterations, 23 evaluations)\
primal objective 104.60314199085288\
  dual objective 104.60314034204774'

:     _varname        _var        :=
1     'F[2]'        0
2     'F[3]'        0
3     'F[4]'        0
4     'F[5]'        0
5     'F[6]'        0
6     'F[7]'        0
7     'F[8]'      100
8     'F[9]'        0
9     'F[10]'       0
10    'F[11]'       0
11    'F[12]'       0
12    'F[13]'       0
13    'F[14]'       0
14    Vs          104.603
15    'y[1,1]'      0.0541098
16    'y[1,2]'      0.59638
17    'y[1,3]'      0.349511
18    'y[2,1]'      0.0989064
19    'y[2,2]'      0.603285
20    'y[2,3]'      0.297808
21    'y[3,1]'      0.156616
22    'y[3,2]'      0.581564
23    'y[3,3]'      0.261819
24    'y[4,1]'      0.225045
25    'y[4,2]'      0.541124
26    'y[4,3]'      0.233832
27    'y[5,1]'      0.298707
28    'y[5,2]'      0.490981
29    'y[5,3]'      0.210312
30    'y[6,1]'      0.370201
31    'y[6,2]'      0.439513
32    'y[6,3]'      0.190286
33    'y[7,1]'      0.432937
34    'y[7,2]'      0.393223
35    'y[7,3]'      0.17384
36    'y[8,1]'      0.483297
37    'y[8,2]'      0.355632
38    'y[8,3]'      0.161071
39    'y[9,1]'      0.515437
40    'y[9,2]'      0.357915
41    'y[9,3]'      0.126648
42    'y[10,1]'     0.563748
43    'y[10,2]'     0.341987
44    'y[10,3]'     0.094265
45    'y[11,1]'     0.630671
46    'y[11,2]'     0.304127
47    'y[11,3]'     0.0652013
48    'y[12,1]'     0.712311
49    'y[12,2]'     0.246569
50    'y[12,3]'     0.0411194
51    'y[13,1]'     0.797315
52    'y[13,2]'     0.179375
53    'y[13,3]'     0.0233104
54    'y[14,1]'     0.872354
55    'y[14,2]'     0.115882
56    'y[14,3]'     0.0117634
57    'y[15,1]'     0.929607
58    'y[15,2]'     0.0652356
59    'y[15,3]'     0.00515784
60    Ls          173.945
61    'x[1,1]'      0.021632
62    'x[1,2]'      0.548009
63    'x[1,3]'      0.430359
64    'x[2,1]'      0.0411628
65    'x[2,2]'      0.577097
66    'x[2,3]'      0.38174
67    'x[3,1]'      0.0681015
68    'x[3,2]'      0.58125
69    'x[3,3]'      0.350648
70    'x[4,1]'      0.102806
71    'x[4,2]'      0.568188
72    'x[4,3]'      0.329006
73    'x[5,1]'      0.143956
74    'x[5,2]'      0.543869
75    'x[5,3]'      0.312176
76    'x[6,1]'      0.188253
77    'x[6,2]'      0.513715
78    'x[6,3]'      0.298032
79    'x[7,1]'      0.231246
80    'x[7,2]'      0.482764
81    'x[7,3]'      0.285989
82    'x[8,1]'      0.268973
83    'x[8,2]'      0.454927
84    'x[8,3]'      0.276099
85    'x[9,1]'      0.298253
86    'x[9,2]'      0.476032
87    'x[9,3]'      0.225714
88    'x[10,1]'     0.343719
89    'x[10,2]'     0.479263
90    'x[10,3]'     0.177019
91    'x[11,1]'     0.412061
92    'x[11,2]'     0.45673
93    'x[11,3]'     0.131209
94    'x[12,1]'     0.506731
95    'x[12,2]'     0.403174
96    'x[12,3]'     0.0900957
97    'x[13,1]'     0.622219
98    'x[13,2]'     0.321751
99    'x[13,3]'     0.0560293
100   'x[14,1]'     0.742466
101   'x[14,2]'     0.226698
102   'x[14,3]'     0.0308366
103   'x[15,1]'     0.848617
104   'x[15,2]'     0.136881
105   'x[15,3]'     0.0145021
106   PC           30.6581
107   PR           69.3419
108   Vap         104.603
;

