solve_message = 'LOQO 7.00: iteration limit (500 iterations, 5070 evaluations)\
primal objective 401.44472373419984\
  dual objective 401.4413579899264'

:     _varname        _var         :=
1     'F[2]'        0
2     'F[3]'        0
3     'F[4]'        0
4     'F[5]'        0
5     'F[6]'        0
6     'F[7]'        0
7     'F[8]'        0
8     'F[9]'        0
9     'F[10]'       0
10    'F[11]'       0
11    'F[12]'       0
12    'F[13]'       0
13    'F[14]'       0
14    'F[15]'     100
15    'F[16]'       0
16    'F[17]'       0
17    'F[18]'       0
18    'F[19]'       0
19    'F[20]'       0
20    'F[21]'       0
21    'F[22]'       0
22    'F[23]'       0
23    'F[24]'       0
24    'F[25]'       0
25    'F[26]'       0
26    'F[27]'       0
27    'F[28]'       0
28    'F[29]'       0
29    Vs          401.445
30    'y[1,1]'      2.74472e-13
31    'y[1,2]'      0.0859527
32    'y[1,3]'      0.914048
33    'y[2,1]'      2.89262e-13
34    'y[2,2]'      0.110085
35    'y[2,3]'      0.889915
36    'y[3,1]'      2.86827e-13
37    'y[3,2]'      0.138275
38    'y[3,3]'      0.861725
39    'y[4,1]'      2.14036e-13
40    'y[4,2]'      0.170683
41    'y[4,3]'      0.829317
42    'y[5,1]'      5.67098e-14
43    'y[5,2]'      0.207265
44    'y[5,3]'      0.792735
45    'y[6,1]'      1.57073e-13
46    'y[6,2]'      0.247715
47    'y[6,3]'      0.752285
48    'y[7,1]'      7.23219e-05
49    'y[7,2]'      0.291406
50    'y[7,3]'      0.70854
51    'y[8,1]'      0.000216374
52    'y[8,2]'      0.337448
53    'y[8,3]'      0.662343
54    'y[9,1]'      0.000569033
55    'y[9,2]'      0.384666
56    'y[9,3]'      0.614768
57    'y[10,1]'     0.00145294
58    'y[10,2]'     0.431637
59    'y[10,3]'     0.566912
60    'y[11,1]'     0.00364751
61    'y[11,2]'     0.476654
62    'y[11,3]'     0.519699
63    'y[12,1]'     0.00900753
64    'y[12,2]'     0.517423
65    'y[12,3]'     0.47357
66    'y[13,1]'     0.0218054
67    'y[13,2]'     0.55019
68    'y[13,3]'     0.428005
69    'y[14,1]'     0.0512645
70    'y[14,2]'     0.567847
71    'y[14,3]'     0.380889
72    'y[15,1]'     0.114635
73    'y[15,2]'     0.557288
74    'y[15,3]'     0.328077
75    'y[16,1]'     0.115172
76    'y[16,2]'     0.580904
77    'y[16,3]'     0.303925
78    'y[17,1]'     0.115729
79    'y[17,2]'     0.605368
80    'y[17,3]'     0.278903
81    'y[18,1]'     0.116299
82    'y[18,2]'     0.630277
83    'y[18,3]'     0.253424
84    'y[19,1]'     0.116876
85    'y[19,2]'     0.655192
86    'y[19,3]'     0.227932
87    'y[20,1]'     0.117462
88    'y[20,2]'     0.679668
89    'y[20,3]'     0.20287
90    'y[21,1]'     0.118076
91    'y[21,2]'     0.703275
92    'y[21,3]'     0.178649
93    'y[22,1]'     0.118781
94    'y[22,2]'     0.725598
95    'y[22,3]'     0.155621
96    'y[23,1]'     0.119749
97    'y[23,2]'     0.746199
98    'y[23,3]'     0.134053
99    'y[24,1]'     0.121412
100   'y[24,2]'     0.764479
101   'y[24,3]'     0.114109
102   'y[25,1]'     0.124841
103   'y[25,2]'     0.779326
104   'y[25,3]'     0.0958335
105   'y[26,1]'     0.132609
106   'y[26,2]'     0.788263
107   'y[26,3]'     0.0791285
108   'y[27,1]'     0.15068
109   'y[27,2]'     0.785596
110   'y[27,3]'     0.0637249
111   'y[28,1]'     0.191778
112   'y[28,2]'     0.759042
113   'y[28,3]'     0.0491803
114   'y[29,1]'     0.278121
115   'y[29,2]'     0.68682
116   'y[29,3]'     0.0350587
117   'y[30,1]'     0.431655
118   'y[30,2]'     0.546763
119   'y[30,3]'     0.0215827
120   Ls          431.945
121   'x[1,1]'      4.47278e-13
122   'x[1,2]'      0.0655737
123   'x[1,3]'      0.934426
124   'x[2,1]'      3.46401e-13
125   'x[2,2]'      0.0845136
126   'x[2,3]'      0.915486
127   'x[3,1]'      4.03768e-13
128   'x[3,2]'      0.106942
129   'x[3,3]'      0.893057
130   'x[4,1]'      4.78452e-13
131   'x[4,2]'      0.133141
132   'x[4,3]'      0.866858
133   'x[5,1]'      6.00996e-13
134   'x[5,2]'      0.163261
135   'x[5,3]'      0.836738
136   'x[6,1]'      1.29677e-11
137   'x[6,2]'      0.19726
138   'x[6,3]'      0.802739
139   'x[7,1]'      2.51894e-09
140   'x[7,2]'      0.234854
141   'x[7,3]'      0.765146
142   'x[8,1]'      6.72187e-05
143   'x[8,2]'      0.275459
144   'x[8,3]'      0.724489
145   'x[9,1]'      0.0002011
146   'x[9,2]'      0.31825
147   'x[9,3]'      0.681554
148   'x[10,1]'     0.000528857
149   'x[10,2]'     0.362134
150   'x[10,3]'     0.637339
151   'x[11,1]'     0.00135035
152   'x[11,2]'     0.405788
153   'x[11,3]'     0.592861
154   'x[12,1]'     0.00338995
155   'x[12,2]'     0.447627
156   'x[12,3]'     0.548983
157   'x[13,1]'     0.0083715
158   'x[13,2]'     0.485517
159   'x[13,3]'     0.506111
160   'x[14,1]'     0.0202657
161   'x[14,2]'     0.51597
162   'x[14,3]'     0.463763
163   'x[15,1]'     0.0476446
164   'x[15,2]'     0.53238
165   'x[15,3]'     0.419974
166   'x[16,1]'     0.0482602
167   'x[16,2]'     0.559491
168   'x[16,3]'     0.392248
169   'x[17,1]'     0.0489092
170   'x[17,2]'     0.588051
171   'x[17,3]'     0.363039
172   'x[18,1]'     0.0495828
173   'x[18,2]'     0.617638
174   'x[18,3]'     0.332779
175   'x[19,1]'     0.050272
176   'x[19,2]'     0.647762
177   'x[19,3]'     0.301965
178   'x[20,1]'     0.0509701
179   'x[20,2]'     0.677893
180   'x[20,3]'     0.271136
181   'x[21,1]'     0.0516789
182   'x[21,2]'     0.707494
183   'x[21,3]'     0.240826
184   'x[22,1]'     0.0524214
185   'x[22,2]'     0.736043
186   'x[22,3]'     0.211535
187   'x[23,1]'     0.0532742
188   'x[23,2]'     0.76304
189   'x[23,3]'     0.183685
190   'x[24,1]'     0.0544442
191   'x[24,2]'     0.787954
192   'x[24,3]'     0.157601
193   'x[25,1]'     0.0564561
194   'x[25,2]'     0.810062
195   'x[25,3]'     0.133481
196   'x[26,1]'     0.0606031
197   'x[26,2]'     0.828017
198   'x[26,3]'     0.111379
199   'x[27,1]'     0.0699972
200   'x[27,2]'     0.838825
201   'x[27,3]'     0.0911769
202   'x[28,1]'     0.0918513
203   'x[28,2]'     0.8356
204   'x[28,3]'     0.0725482
205   'x[29,1]'     0.141554
206   'x[29,2]'     0.803486
207   'x[29,3]'     0.0549584
208   'x[30,1]'     0.245975
209   'x[30,2]'     0.716144
210   'x[30,3]'     0.0378802
211   PC           69.5
212   PR           30.5
213   Vap         401.445
;

