solve_message = '\
bonmin: Optimal'

:            _varname               _var           :=
1      'F[2]'                       0
2      'F[3]'                       0
3      'F[4]'                       0
4      'F[5]'                       0
5      'F[6]'                       0
6      'F[7]'                       0
7      'F[8]'                     200
8      'F[9]'                       0
9      'F[10]'                      0
10     'F[11]'                      0
11     'F[12]'                      0
12     'F[13]'                      0
13     'F[14]'                      0
14     'V[1,1]'                   244.495
15     'V[1,2]'                   241.085
16     'V[1,3]'                   234.922
17     'V[1,4]'                   226.693
18     'V[1,5]'                   220.752
19     'V[1,6]'                   221.303
20     'V[1,7]'                   226.058
21     'V[1,8]'                   230.553
22     'V[1,9]'                   234.067
23     'V[1,10]'                  238.507
24     'V[1,11]'                  243.057
25     'V[1,12]'                  246.807
26     'V[1,13]'                  249.366
27     'V[1,14]'                  250.925
28     'V[1,15]'                    0
29     'V[2,1]'                   329.048
30     'V[2,2]'                   328.473
31     'V[2,3]'                   327.583
32     'V[2,4]'                   326.592
33     'V[2,5]'                   325.776
34     'V[2,6]'                   325.484
35     'V[2,7]'                   325.988
36     'V[2,8]'                   327.293
37     'V[2,9]'                   329.102
38     'V[2,10]'                  331.001
39     'V[2,11]'                  340.194
40     'V[2,12]'                  344.715
41     'V[2,13]'                  349.488
42     'V[2,14]'                  353.688
43     'V[2,15]'                    0
44     'y[1,1,1]'                   0.000185241
45     'y[1,1,2]'                   0.020331
46     'y[1,1,3]'                   0.979484
47     'y[1,2,1]'                   0.000781025
48     'y[1,2,2]'                   0.049938
49     'y[1,2,3]'                   0.949281
50     'y[1,3,1]'                   0.0030588
51     'y[1,3,2]'                   0.112243
52     'y[1,3,3]'                   0.884698
53     'y[1,4,1]'                   0.0109798
54     'y[1,4,2]'                   0.227383
55     'y[1,4,3]'                   0.761638
56     'y[1,5,1]'                   0.0342003
57     'y[1,5,2]'                   0.3927
58     'y[1,5,3]'                   0.5731
59     'y[1,6,1]'                   0.0875896
60     'y[1,6,2]'                   0.546279
61     'y[1,6,3]'                   0.366132
62     'y[1,7,1]'                   0.182823
63     'y[1,7,2]'                   0.606314
64     'y[1,7,3]'                   0.210863
65     'y[1,8,1]'                   0.320451
66     'y[1,8,2]'                   0.554765
67     'y[1,8,3]'                   0.124784
68     'y[1,9,1]'                   0.322183
69     'y[1,9,2]'                   0.580506
70     'y[1,9,3]'                   0.0973112
71     'y[1,10,1]'                  0.323744
72     'y[1,10,2]'                  0.608137
73     'y[1,10,3]'                  0.0681181
74     'y[1,11,1]'                  0.325278
75     'y[1,11,2]'                  0.632115
76     'y[1,11,3]'                  0.0426063
77     'y[1,12,1]'                  0.328
78     'y[1,12,2]'                  0.64793
79     'y[1,12,3]'                  0.0240701
80     'y[1,13,1]'                  0.335695
81     'y[1,13,2]'                  0.651888
82     'y[1,13,3]'                  0.0124171
83     'y[1,14,1]'                  0.359385
84     'y[1,14,2]'                  0.634857
85     'y[1,14,3]'                  0.00575773
86     'y[1,15,1]'                  0.428939
87     'y[1,15,2]'                  0.568892
88     'y[1,15,3]'                  0.00216905
89     'y[2,1,1]'                   0.0374626
90     'y[2,1,2]'                   0.961477
91     'y[2,1,3]'                   0.00106056
92     'y[2,2,1]'                   0.0644106
93     'y[2,2,2]'                   0.935158
94     'y[2,2,3]'                   0.000431261
95     'y[2,3,1]'                   0.103664
96     'y[2,3,2]'                   0.896048
97     'y[2,3,3]'                   0.000287433
98     'y[2,4,1]'                   0.15832
99     'y[2,4,2]'                   0.841431
100    'y[2,4,3]'                   0.000248492
101    'y[2,5,1]'                   0.229773
102    'y[2,5,2]'                   0.769997
103    'y[2,5,3]'                   0.000229784
104    'y[2,6,1]'                   0.315796
105    'y[2,6,2]'                   0.683991
106    'y[2,6,3]'                   0.000213223
107    'y[2,7,1]'                   0.409558
108    'y[2,7,2]'                   0.590246
109    'y[2,7,3]'                   0.000196036
110    'y[2,8,1]'                   0.501178
111    'y[2,8,2]'                   0.498643
112    'y[2,8,3]'                   0.000179171
113    'y[2,9,1]'                   0.581521
114    'y[2,9,2]'                   0.418315
115    'y[2,9,3]'                   0.000164183
116    'y[2,10,1]'                  0.645487
117    'y[2,10,2]'                  0.354361
118    'y[2,10,3]'                  0.000152081
119    'y[2,11,1]'                  0.692573
120    'y[2,11,2]'                  0.307284
121    'y[2,11,3]'                  0.00014306
122    'y[2,12,1]'                  0.781093
123    'y[2,12,2]'                  0.21888
124    'y[2,12,3]'                  2.63175e-05
125    'y[2,13,1]'                  0.856988
126    'y[2,13,2]'                  0.143008
127    'y[2,13,3]'                  4.41879e-06
128    'y[2,14,1]'                  0.913976
129    'y[2,14,2]'                  0.0860233
130    'y[2,14,3]'                  6.86304e-07
131    'y[2,15,1]'                  0.952505
132    'y[2,15,2]'                  0.0474949
133    'y[2,15,3]'                  9.88268e-08
134    'L[1,1]'                     0
135    'L[1,2]'                   304.62
136    'L[1,3]'                   301.21
137    'L[1,4]'                   295.047
138    'L[1,5]'                   286.818
139    'L[1,6]'                   280.877
140    'L[1,7]'                   281.428
141    'L[1,8]'                   286.183
142    'L[1,9]'                    90.6778
143    'L[1,10]'                   94.1918
144    'L[1,11]'                   98.6324
145    'L[1,12]'                  103.182
146    'L[1,13]'                  106.932
147    'L[1,14]'                  109.491
148    'L[1,15]'                  111.051
149    'L[2,1]'                     0
150    'L[2,2]'                   407.541
151    'L[2,3]'                   406.966
152    'L[2,4]'                   406.076
153    'L[2,5]'                   405.085
154    'L[2,6]'                   404.269
155    'L[2,7]'                   403.977
156    'L[2,8]'                   404.481
157    'L[2,9]'                   405.786
158    'L[2,10]'                  407.595
159    'L[2,11]'                  409.494
160    'L[2,12]'                  278.812
161    'L[2,13]'                  283.333
162    'L[2,14]'                  288.106
163    'L[2,15]'                  292.306
164    'x[1,1,1]'                   3.63841e-05
165    'x[1,1,2]'                   0.00708973
166    'x[1,1,3]'                   0.992874
167    'x[1,2,1]'                   0.00015586
168    'x[1,2,2]'                   0.0177175
169    'x[1,2,3]'                   0.982127
170    'x[1,3,1]'                   0.000632386
171    'x[1,3,2]'                   0.041385
172    'x[1,3,3]'                   0.957983
173    'x[1,4,1]'                   0.00244289
174    'x[1,4,2]'                   0.0908147
175    'x[1,4,3]'                   0.906742
176    'x[1,5,1]'                   0.00868579
177    'x[1,5,2]'                   0.181203
178    'x[1,5,3]'                   0.810111
179    'x[1,6,1]'                   0.0268871
180    'x[1,6,2]'                   0.310155
181    'x[1,6,3]'                   0.662958
182    'x[1,7,1]'                   0.0688845
183    'x[1,7,2]'                   0.431085
184    'x[1,7,3]'                   0.500031
185    'x[1,8,1]'                   0.144421
186    'x[1,8,2]'                   0.480421
187    'x[1,8,3]'                   0.375158
188    'x[1,9,1]'                   0.153103
189    'x[1,9,2]'                   0.532974
190    'x[1,9,3]'                   0.313923
191    'x[1,10,1]'                  0.163649
192    'x[1,10,2]'                  0.597754
193    'x[1,10,3]'                  0.238597
194    'x[1,11,1]'                  0.174563
195    'x[1,11,2]'                  0.663793
196    'x[1,11,3]'                  0.161643
197    'x[1,12,1]'                  0.184755
198    'x[1,12,2]'                  0.717821
199    'x[1,12,3]'                  0.0974235
200    'x[1,13,1]'                  0.195965
201    'x[1,13,2]'                  0.751317
202    'x[1,13,3]'                  0.0527182
203    'x[1,14,1]'                  0.216575
204    'x[1,14,2]'                  0.757916
205    'x[1,14,3]'                  0.0255091
206    'x[1,15,1]'                  0.271779
207    'x[1,15,2]'                  0.717943
208    'x[1,15,3]'                  0.0102779
209    'x[2,1,1]'                   0.0195086
210    'x[2,1,2]'                   0.976626
211    'x[2,1,3]'                   0.00386518
212    'x[2,2,1]'                   0.0340047
213    'x[2,2,2]'                   0.964395
214    'x[2,2,3]'                   0.00160074
215    'x[2,3,1]'                   0.0557502
216    'x[2,3,2]'                   0.943156
217    'x[2,3,3]'                   0.00109357
218    'x[2,4,1]'                   0.0873973
219    'x[2,4,2]'                   0.911624
220    'x[2,4,3]'                   0.000978999
221    'x[2,5,1]'                   0.131423
222    'x[2,5,2]'                   0.867628
223    'x[2,5,3]'                   0.000949294
224    'x[2,6,1]'                   0.188948
225    'x[2,6,2]'                   0.810117
226    'x[2,6,3]'                   0.000935634
227    'x[2,7,1]'                   0.258227
228    'x[2,7,2]'                   0.74085
229    'x[2,7,3]'                   0.000922801
230    'x[2,8,1]'                   0.333865
231    'x[2,8,2]'                   0.665227
232    'x[2,8,3]'                   0.000908064
233    'x[2,9,1]'                   0.408006
234    'x[2,9,2]'                   0.591102
235    'x[2,9,3]'                   0.000892173
236    'x[2,10,1]'                  0.473291
237    'x[2,10,2]'                  0.525832
238    'x[2,10,3]'                  0.000876906
239    'x[2,11,1]'                  0.525498
240    'x[2,11,2]'                  0.473639
241    'x[2,11,3]'                  0.000863818
242    'x[2,12,1]'                  0.635347
243    'x[2,12,2]'                  0.364478
244    'x[2,12,3]'                  0.000174534
245    'x[2,13,1]'                  0.743958
246    'x[2,13,2]'                  0.25601
247    'x[2,13,3]'                  3.19976e-05
248    'x[2,14,1]'                  0.836638
249    'x[2,14,2]'                  0.163357
250    'x[2,14,3]'                  5.33917e-06
251    'x[2,15,1]'                  0.905885
252    'x[2,15,2]'                  0.094114
253    'x[2,15,3]'                  8.0967e-07
254    'CC[2]'                      0
255    'CC[3]'                      0
256    'CC[4]'                      0
257    'CC[5]'                      0
258    'CC[6]'                      0
259    'CC[7]'                      0
260    'CC[8]'                      0
261    'CC[9]'                      0
262    'CC[10]'                     0
263    'CC[11]'                   139.875
264    'CC[12]'                     0
265    'CC[13]'                     0
266    'CC[14]'                     0
267    'CR[2]'                      0
268    'CR[3]'                      0
269    'CR[4]'                      0
270    'CR[5]'                      0
271    'CR[6]'                      0
272    'CR[7]'                      0
273    'CR[8]'                      0
274    'CR[9]'                      0
275    'CR[10]'                     0
276    'CR[11]'                     0
277    'CR[12]'                     0
278    'CR[13]'                     0
279    'CR[14]'                     0
280    'PC[1]'                      0
281    'PC[2]'                     61.3819
282    'PR[1]'                     60.1251
283    'PR[2]'                     78.4931
284    'PS[2]'                      0
285    'PS[3]'                      0
286    'PS[4]'                      0
287    'PS[5]'                      0
288    'PS[6]'                      0
289    'PS[7]'                      0
290    'PS[8]'                      0
291    'PS[9]'                      0
292    'PS[10]'                     0
293    'PS[11]'                     0
294    'PS[12]'                     0
295    'PS[13]'                     0
296    'PS[14]'                     0
297    'T[1,1]'                   476.158
298    'T[1,2]'                   475.228
299    'T[1,3]'                   473.169
300    'T[1,4]'                   468.952
301    'T[1,5]'                   461.535
302    'T[1,6]'                   451.316
303    'T[1,7]'                   440.781
304    'T[1,8]'                   431.992
305    'T[1,9]'                   429.464
306    'T[1,10]'                  426.556
307    'T[1,11]'                  423.781
308    'T[1,12]'                  421.564
309    'T[1,13]'                  419.945
310    'T[1,14]'                  418.515
311    'T[1,15]'                  416.282
312    'T[2,1]'                   425.172
313    'T[2,2]'                   424.537
314    'T[2,3]'                   423.683
315    'T[2,4]'                   422.485
316    'T[2,5]'                   420.868
317    'T[2,6]'                   418.836
318    'T[2,7]'                   416.5
319    'T[2,8]'                   414.077
320    'T[2,9]'                   411.822
321    'T[2,10]'                  409.927
322    'T[2,11]'                  408.469
323    'T[2,12]'                  405.542
324    'T[2,13]'                  402.846
325    'T[2,14]'                  400.679
326    'T[2,15]'                  399.133
327    TF                         422.969
328    'QC[1]'                   2229.94
329    'QC[2]'                   2994.31
330    'QR[1]'                   2516.87
331    'QR[2]'                   2971.21
332    'H[1,1,1]'                  10.1594
333    'H[1,1,2]'                  11.5548
334    'H[1,1,3]'                  14.3569
335    'H[1,2,1]'                  10.0966
336    'H[1,2,2]'                  11.4833
337    'H[1,2,3]'                  14.2681
338    'H[1,3,1]'                   9.95792
339    'H[1,3,2]'                  11.3256
340    'H[1,3,3]'                  14.072
341    'H[1,4,1]'                   9.67524
342    'H[1,4,2]'                  11.0041
343    'H[1,4,3]'                  13.6724
344    'H[1,5,1]'                   9.18273
345    'H[1,5,2]'                  10.4439
346    'H[1,5,3]'                  12.9762
347    'H[1,6,1]'                   8.5142
348    'H[1,6,2]'                   9.68353
349    'H[1,6,3]'                  12.0311
350    'H[1,7,1]'                   7.83734
351    'H[1,7,2]'                   8.91369
352    'H[1,7,3]'                  11.0743
353    'H[1,8,1]'                   7.28236
354    'H[1,8,2]'                   8.28247
355    'H[1,8,3]'                  10.2897
356    'H[1,9,1]'                   7.12435
357    'H[1,9,2]'                   8.10276
358    'H[1,9,3]'                  10.0664
359    'H[1,10,1]'                  6.94358
360    'H[1,10,2]'                  7.89716
361    'H[1,10,3]'                  9.81084
362    'H[1,11,1]'                  6.77195
363    'H[1,11,2]'                  7.70195
364    'H[1,11,3]'                  9.56822
365    'H[1,12,1]'                  6.63552
366    'H[1,12,2]'                  7.54678
367    'H[1,12,3]'                  9.37537
368    'H[1,13,1]'                  6.53626
369    'H[1,13,2]'                  7.43388
370    'H[1,13,3]'                  9.23505
371    'H[1,14,1]'                  6.4488
372    'H[1,14,2]'                  7.33441
373    'H[1,14,3]'                  9.11142
374    'H[1,15,1]'                  6.3128
375    'H[1,15,2]'                  7.17973
376    'H[1,15,3]'                  8.91917
377    'H[2,1,1]'                   6.85786
378    'H[2,1,2]'                   7.79966
379    'H[2,1,3]'                   9.68966
380    'H[2,2,1]'                   6.81862
381    'H[2,2,2]'                   7.75503
382    'H[2,2,3]'                   9.6342
383    'H[2,3,1]'                   6.76594
384    'H[2,3,2]'                   7.69512
385    'H[2,3,3]'                   9.55973
386    'H[2,4,1]'                   6.69211
387    'H[2,4,2]'                   7.61114
388    'H[2,4,3]'                   9.45536
389    'H[2,5,1]'                   6.59283
390    'H[2,5,2]'                   7.49822
391    'H[2,5,3]'                   9.31501
392    'H[2,6,1]'                   6.46843
393    'H[2,6,2]'                   7.35674
394    'H[2,6,3]'                   9.13917
395    'H[2,7,1]'                   6.32603
396    'H[2,7,2]'                   7.19477
397    'H[2,7,3]'                   8.93787
398    'H[2,8,1]'                   6.17906
399    'H[2,8,2]'                   7.02761
400    'H[2,8,3]'                   8.73012
401    'H[2,9,1]'                   6.0429
402    'H[2,9,2]'                   6.87275
403    'H[2,9,3]'                   8.53764
404    'H[2,10,1]'                  5.92895
405    'H[2,10,2]'                  6.74315
406    'H[2,10,3]'                  8.37658
407    'H[2,11,1]'                  5.84156
408    'H[2,11,2]'                  6.64376
409    'H[2,11,3]'                  8.25305
410    'H[2,12,1]'                  5.66692
411    'H[2,12,2]'                  6.44512
412    'H[2,12,3]'                  8.00618
413    'H[2,13,1]'                  5.50694
414    'H[2,13,2]'                  6.26317
415    'H[2,13,3]'                  7.78005
416    'H[2,14,1]'                  5.37902
417    'H[2,14,2]'                  6.11767
418    'H[2,14,3]'                  7.59924
419    'H[2,15,1]'                  5.28811
420    'H[2,15,2]'                  6.01428
421    'H[2,15,3]'                  7.47074
422    'HF[1]'                      6.72192
423    'HF[2]'                      7.64505
424    'HF[3]'                      9.4975
425    'h[1,1,1]'                   4.05588
426    'h[1,1,2]'                   3.89643
427    'h[1,1,3]'                   4.15132
428    'h[1,2,1]'                   3.95925
429    'h[1,2,2]'                   3.79687
430    'h[1,2,3]'                   4.03777
431    'h[1,3,1]'                   3.74677
432    'h[1,3,2]'                   3.57751
433    'h[1,3,3]'                   3.78721
434    'h[1,4,1]'                   3.31722
435    'h[1,4,2]'                   3.13231
436    'h[1,4,3]'                   3.27716
437    'h[1,5,1]'                   2.57885
438    'h[1,5,2]'                   2.36207
439    'h[1,5,3]'                   2.39023
440    'h[1,6,1]'                   1.594
441    'h[1,6,2]'                   1.32607
442    'h[1,6,3]'                   1.18908
443    'h[1,7,1]'                   0.613757
444    'h[1,7,2]'                   0.286441
445    'h[1,7,3]'                  -0.0247881
446    'h[1,8,1]'                  -0.179479
447    'h[1,8,2]'                  -0.560291
448    'h[1,8,3]'                  -1.01913
449    'h[1,9,1]'                  -0.403808
450    'h[1,9,2]'                  -0.800563
451    'h[1,9,3]'                  -1.30216
452    'h[1,10,1]'                 -0.659695
453    'h[1,10,2]'                 -1.07505
454    'h[1,10,3]'                 -1.62595
455    'h[1,11,1]'                 -0.901934
456    'h[1,11,2]'                 -1.33531
457    'h[1,11,3]'                 -1.93338
458    'h[1,12,1]'                 -1.09401
459    'h[1,12,2]'                 -1.54194
460    'h[1,12,3]'                 -2.17777
461    'h[1,13,1]'                 -1.23351
462    'h[1,13,2]'                 -1.69216
463    'h[1,13,3]'                 -2.3556
464    'h[1,14,1]'                 -1.35625
465    'h[1,14,2]'                 -1.82443
466    'h[1,14,3]'                 -2.5123
467    'h[1,15,1]'                 -1.5468
468    'h[1,15,2]'                 -2.02997
469    'h[1,15,3]'                 -2.75599
470    'h[2,1,1]'                  -0.780768
471    'h[2,1,2]'                  -1.20508
472    'h[2,1,3]'                  -1.7795
473    'h[2,2,1]'                  -0.83613
474    'h[2,2,2]'                  -1.26457
475    'h[2,2,3]'                  -1.84978
476    'h[2,3,1]'                  -0.910399
477    'h[2,3,2]'                  -1.34441
478    'h[2,3,3]'                  -1.94414
479    'h[2,4,1]'                  -1.01439
480    'h[2,4,2]'                  -1.45625
481    'h[2,4,3]'                  -2.07639
482    'h[2,5,1]'                  -1.15404
483    'h[2,5,2]'                  -1.60656
484    'h[2,5,3]'                  -2.25425
485    'h[2,6,1]'                  -1.32871
486    'h[2,6,2]'                  -1.79475
487    'h[2,6,3]'                  -2.47712
488    'h[2,7,1]'                  -1.52828
489    'h[2,7,2]'                  -2.00998
490    'h[2,7,3]'                  -2.73228
491    'h[2,8,1]'                  -1.73382
492    'h[2,8,2]'                  -2.23192
493    'h[2,8,3]'                  -2.99567
494    'h[2,9,1]'                  -1.92388
495    'h[2,9,2]'                  -2.43736
496    'h[2,9,3]'                  -3.23974
497    'h[2,10,1]'                 -2.08267
498    'h[2,10,2]'                 -2.60917
499    'h[2,10,3]'                 -3.44403
500    'h[2,11,1]'                 -2.20429
501    'h[2,11,2]'                 -2.74087
502    'h[2,11,3]'                 -3.60075
503    'h[2,12,1]'                 -2.44695
504    'h[2,12,2]'                 -3.00389
505    'h[2,12,3]'                 -3.91402
506    'h[2,13,1]'                 -2.6688
507    'h[2,13,2]'                 -3.24464
508    'h[2,13,3]'                 -4.2011
509    'h[2,14,1]'                 -2.84589
510    'h[2,14,2]'                 -3.43703
511    'h[2,14,3]'                 -4.43073
512    'h[2,15,1]'                 -2.97159
513    'h[2,15,2]'                 -3.5737
514    'h[2,15,3]'                 -4.59399
515    'hF[1]'                     -0.972416
516    'hF[2]'                     -1.4111
517    'hF[3]'                     -2.02299
518    'tauGamma[1,1,1,1]'      1e-06
519    'tauGamma[1,1,1,2]'      1e-06
520    'tauGamma[1,1,1,3]'      1e-06
521    'tauGamma[1,1,2,1]'      1e-06
522    'tauGamma[1,1,2,2]'      1e-06
523    'tauGamma[1,1,2,3]'      1e-06
524    'tauGamma[1,1,3,1]'      1e-06
525    'tauGamma[1,1,3,2]'      1e-06
526    'tauGamma[1,1,3,3]'      1e-06
527    'tauGamma[1,2,1,1]'      1e-06
528    'tauGamma[1,2,1,2]'      1e-06
529    'tauGamma[1,2,1,3]'      1e-06
530    'tauGamma[1,2,2,1]'      1e-06
531    'tauGamma[1,2,2,2]'      1e-06
532    'tauGamma[1,2,2,3]'      1e-06
533    'tauGamma[1,2,3,1]'      1e-06
534    'tauGamma[1,2,3,2]'      1e-06
535    'tauGamma[1,2,3,3]'      1e-06
536    'tauGamma[1,3,1,1]'      1e-06
537    'tauGamma[1,3,1,2]'      1e-06
538    'tauGamma[1,3,1,3]'      1e-06
539    'tauGamma[1,3,2,1]'      1e-06
540    'tauGamma[1,3,2,2]'      1e-06
541    'tauGamma[1,3,2,3]'      1e-06
542    'tauGamma[1,3,3,1]'      1e-06
543    'tauGamma[1,3,3,2]'      1e-06
544    'tauGamma[1,3,3,3]'      1e-06
545    'tauGamma[1,4,1,1]'      1e-06
546    'tauGamma[1,4,1,2]'      1e-06
547    'tauGamma[1,4,1,3]'      1e-06
548    'tauGamma[1,4,2,1]'      1e-06
549    'tauGamma[1,4,2,2]'      1e-06
550    'tauGamma[1,4,2,3]'      1e-06
551    'tauGamma[1,4,3,1]'      1e-06
552    'tauGamma[1,4,3,2]'      1e-06
553    'tauGamma[1,4,3,3]'      1e-06
554    'tauGamma[1,5,1,1]'      1e-06
555    'tauGamma[1,5,1,2]'      1e-06
556    'tauGamma[1,5,1,3]'      1e-06
557    'tauGamma[1,5,2,1]'      1e-06
558    'tauGamma[1,5,2,2]'      1e-06
559    'tauGamma[1,5,2,3]'      1e-06
560    'tauGamma[1,5,3,1]'      1e-06
561    'tauGamma[1,5,3,2]'      1e-06
562    'tauGamma[1,5,3,3]'      1e-06
563    'tauGamma[1,6,1,1]'      1e-06
564    'tauGamma[1,6,1,2]'      1e-06
565    'tauGamma[1,6,1,3]'      1e-06
566    'tauGamma[1,6,2,1]'      1e-06
567    'tauGamma[1,6,2,2]'      1e-06
568    'tauGamma[1,6,2,3]'      1e-06
569    'tauGamma[1,6,3,1]'      1e-06
570    'tauGamma[1,6,3,2]'      1e-06
571    'tauGamma[1,6,3,3]'      1e-06
572    'tauGamma[1,7,1,1]'      1e-06
573    'tauGamma[1,7,1,2]'      1e-06
574    'tauGamma[1,7,1,3]'      1e-06
575    'tauGamma[1,7,2,1]'      1e-06
576    'tauGamma[1,7,2,2]'      1e-06
577    'tauGamma[1,7,2,3]'      1e-06
578    'tauGamma[1,7,3,1]'      1e-06
579    'tauGamma[1,7,3,2]'      1e-06
580    'tauGamma[1,7,3,3]'      1e-06
581    'tauGamma[1,8,1,1]'      1e-06
582    'tauGamma[1,8,1,2]'      1e-06
583    'tauGamma[1,8,1,3]'      1e-06
584    'tauGamma[1,8,2,1]'      1e-06
585    'tauGamma[1,8,2,2]'      1e-06
586    'tauGamma[1,8,2,3]'      1e-06
587    'tauGamma[1,8,3,1]'      1e-06
588    'tauGamma[1,8,3,2]'      1e-06
589    'tauGamma[1,8,3,3]'      1e-06
590    'tauGamma[1,9,1,1]'      1e-06
591    'tauGamma[1,9,1,2]'      1e-06
592    'tauGamma[1,9,1,3]'      1e-06
593    'tauGamma[1,9,2,1]'      1e-06
594    'tauGamma[1,9,2,2]'      1e-06
595    'tauGamma[1,9,2,3]'      1e-06
596    'tauGamma[1,9,3,1]'      1e-06
597    'tauGamma[1,9,3,2]'      1e-06
598    'tauGamma[1,9,3,3]'      1e-06
599    'tauGamma[1,10,1,1]'     1e-06
600    'tauGamma[1,10,1,2]'     1e-06
601    'tauGamma[1,10,1,3]'     1e-06
602    'tauGamma[1,10,2,1]'     1e-06
603    'tauGamma[1,10,2,2]'     1e-06
604    'tauGamma[1,10,2,3]'     1e-06
605    'tauGamma[1,10,3,1]'     1e-06
606    'tauGamma[1,10,3,2]'     1e-06
607    'tauGamma[1,10,3,3]'     1e-06
608    'tauGamma[1,11,1,1]'     1e-06
609    'tauGamma[1,11,1,2]'     1e-06
610    'tauGamma[1,11,1,3]'     1e-06
611    'tauGamma[1,11,2,1]'     1e-06
612    'tauGamma[1,11,2,2]'     1e-06
613    'tauGamma[1,11,2,3]'     1e-06
614    'tauGamma[1,11,3,1]'     1e-06
615    'tauGamma[1,11,3,2]'     1e-06
616    'tauGamma[1,11,3,3]'     1e-06
617    'tauGamma[1,12,1,1]'     1e-06
618    'tauGamma[1,12,1,2]'     1e-06
619    'tauGamma[1,12,1,3]'     1e-06
620    'tauGamma[1,12,2,1]'     1e-06
621    'tauGamma[1,12,2,2]'     1e-06
622    'tauGamma[1,12,2,3]'     1e-06
623    'tauGamma[1,12,3,1]'     1e-06
624    'tauGamma[1,12,3,2]'     1e-06
625    'tauGamma[1,12,3,3]'     1e-06
626    'tauGamma[1,13,1,1]'     1e-06
627    'tauGamma[1,13,1,2]'     1e-06
628    'tauGamma[1,13,1,3]'     1e-06
629    'tauGamma[1,13,2,1]'     1e-06
630    'tauGamma[1,13,2,2]'     1e-06
631    'tauGamma[1,13,2,3]'     1e-06
632    'tauGamma[1,13,3,1]'     1e-06
633    'tauGamma[1,13,3,2]'     1e-06
634    'tauGamma[1,13,3,3]'     1e-06
635    'tauGamma[1,14,1,1]'     1e-06
636    'tauGamma[1,14,1,2]'     1e-06
637    'tauGamma[1,14,1,3]'     1e-06
638    'tauGamma[1,14,2,1]'     1e-06
639    'tauGamma[1,14,2,2]'     1e-06
640    'tauGamma[1,14,2,3]'     1e-06
641    'tauGamma[1,14,3,1]'     1e-06
642    'tauGamma[1,14,3,2]'     1e-06
643    'tauGamma[1,14,3,3]'     1e-06
644    'tauGamma[1,15,1,1]'     1e-06
645    'tauGamma[1,15,1,2]'     1e-06
646    'tauGamma[1,15,1,3]'     1e-06
647    'tauGamma[1,15,2,1]'     1e-06
648    'tauGamma[1,15,2,2]'     1e-06
649    'tauGamma[1,15,2,3]'     1e-06
650    'tauGamma[1,15,3,1]'     1e-06
651    'tauGamma[1,15,3,2]'     1e-06
652    'tauGamma[1,15,3,3]'     1e-06
653    'tauGamma[2,1,1,1]'      1e-06
654    'tauGamma[2,1,1,2]'      1e-06
655    'tauGamma[2,1,1,3]'      1e-06
656    'tauGamma[2,1,2,1]'      1e-06
657    'tauGamma[2,1,2,2]'      1e-06
658    'tauGamma[2,1,2,3]'      1e-06
659    'tauGamma[2,1,3,1]'      1e-06
660    'tauGamma[2,1,3,2]'      1e-06
661    'tauGamma[2,1,3,3]'      1e-06
662    'tauGamma[2,2,1,1]'      1e-06
663    'tauGamma[2,2,1,2]'      1e-06
664    'tauGamma[2,2,1,3]'      1e-06
665    'tauGamma[2,2,2,1]'      1e-06
666    'tauGamma[2,2,2,2]'      1e-06
667    'tauGamma[2,2,2,3]'      1e-06
668    'tauGamma[2,2,3,1]'      1e-06
669    'tauGamma[2,2,3,2]'      1e-06
670    'tauGamma[2,2,3,3]'      1e-06
671    'tauGamma[2,3,1,1]'      1e-06
672    'tauGamma[2,3,1,2]'      1e-06
673    'tauGamma[2,3,1,3]'      1e-06
674    'tauGamma[2,3,2,1]'      1e-06
675    'tauGamma[2,3,2,2]'      1e-06
676    'tauGamma[2,3,2,3]'      1e-06
677    'tauGamma[2,3,3,1]'      1e-06
678    'tauGamma[2,3,3,2]'      1e-06
679    'tauGamma[2,3,3,3]'      1e-06
680    'tauGamma[2,4,1,1]'      1e-06
681    'tauGamma[2,4,1,2]'      1e-06
682    'tauGamma[2,4,1,3]'      1e-06
683    'tauGamma[2,4,2,1]'      1e-06
684    'tauGamma[2,4,2,2]'      1e-06
685    'tauGamma[2,4,2,3]'      1e-06
686    'tauGamma[2,4,3,1]'      1e-06
687    'tauGamma[2,4,3,2]'      1e-06
688    'tauGamma[2,4,3,3]'      1e-06
689    'tauGamma[2,5,1,1]'      1e-06
690    'tauGamma[2,5,1,2]'      1e-06
691    'tauGamma[2,5,1,3]'      1e-06
692    'tauGamma[2,5,2,1]'      1e-06
693    'tauGamma[2,5,2,2]'      1e-06
694    'tauGamma[2,5,2,3]'      1e-06
695    'tauGamma[2,5,3,1]'      1e-06
696    'tauGamma[2,5,3,2]'      1e-06
697    'tauGamma[2,5,3,3]'      1e-06
698    'tauGamma[2,6,1,1]'      1e-06
699    'tauGamma[2,6,1,2]'      1e-06
700    'tauGamma[2,6,1,3]'      1e-06
701    'tauGamma[2,6,2,1]'      1e-06
702    'tauGamma[2,6,2,2]'      1e-06
703    'tauGamma[2,6,2,3]'      1e-06
704    'tauGamma[2,6,3,1]'      1e-06
705    'tauGamma[2,6,3,2]'      1e-06
706    'tauGamma[2,6,3,3]'      1e-06
707    'tauGamma[2,7,1,1]'      1e-06
708    'tauGamma[2,7,1,2]'      1e-06
709    'tauGamma[2,7,1,3]'      1e-06
710    'tauGamma[2,7,2,1]'      1e-06
711    'tauGamma[2,7,2,2]'      1e-06
712    'tauGamma[2,7,2,3]'      1e-06
713    'tauGamma[2,7,3,1]'      1e-06
714    'tauGamma[2,7,3,2]'      1e-06
715    'tauGamma[2,7,3,3]'      1e-06
716    'tauGamma[2,8,1,1]'      1e-06
717    'tauGamma[2,8,1,2]'      1e-06
718    'tauGamma[2,8,1,3]'      1e-06
719    'tauGamma[2,8,2,1]'      1e-06
720    'tauGamma[2,8,2,2]'      1e-06
721    'tauGamma[2,8,2,3]'      1e-06
722    'tauGamma[2,8,3,1]'      1e-06
723    'tauGamma[2,8,3,2]'      1e-06
724    'tauGamma[2,8,3,3]'      1e-06
725    'tauGamma[2,9,1,1]'      1e-06
726    'tauGamma[2,9,1,2]'      1e-06
727    'tauGamma[2,9,1,3]'      1e-06
728    'tauGamma[2,9,2,1]'      1e-06
729    'tauGamma[2,9,2,2]'      1e-06
730    'tauGamma[2,9,2,3]'      1e-06
731    'tauGamma[2,9,3,1]'      1e-06
732    'tauGamma[2,9,3,2]'      1e-06
733    'tauGamma[2,9,3,3]'      1e-06
734    'tauGamma[2,10,1,1]'     1e-06
735    'tauGamma[2,10,1,2]'     1e-06
736    'tauGamma[2,10,1,3]'     1e-06
737    'tauGamma[2,10,2,1]'     1e-06
738    'tauGamma[2,10,2,2]'     1e-06
739    'tauGamma[2,10,2,3]'     1e-06
740    'tauGamma[2,10,3,1]'     1e-06
741    'tauGamma[2,10,3,2]'     1e-06
742    'tauGamma[2,10,3,3]'     1e-06
743    'tauGamma[2,11,1,1]'     1e-06
744    'tauGamma[2,11,1,2]'     1e-06
745    'tauGamma[2,11,1,3]'     1e-06
746    'tauGamma[2,11,2,1]'     1e-06
747    'tauGamma[2,11,2,2]'     1e-06
748    'tauGamma[2,11,2,3]'     1e-06
749    'tauGamma[2,11,3,1]'     1e-06
750    'tauGamma[2,11,3,2]'     1e-06
751    'tauGamma[2,11,3,3]'     1e-06
752    'tauGamma[2,12,1,1]'     1e-06
753    'tauGamma[2,12,1,2]'     1e-06
754    'tauGamma[2,12,1,3]'     1e-06
755    'tauGamma[2,12,2,1]'     1e-06
756    'tauGamma[2,12,2,2]'     1e-06
757    'tauGamma[2,12,2,3]'     1e-06
758    'tauGamma[2,12,3,1]'     1e-06
759    'tauGamma[2,12,3,2]'     1e-06
760    'tauGamma[2,12,3,3]'     1e-06
761    'tauGamma[2,13,1,1]'     1e-06
762    'tauGamma[2,13,1,2]'     1e-06
763    'tauGamma[2,13,1,3]'     1e-06
764    'tauGamma[2,13,2,1]'     1e-06
765    'tauGamma[2,13,2,2]'     1e-06
766    'tauGamma[2,13,2,3]'     1e-06
767    'tauGamma[2,13,3,1]'     1e-06
768    'tauGamma[2,13,3,2]'     1e-06
769    'tauGamma[2,13,3,3]'     1e-06
770    'tauGamma[2,14,1,1]'     1e-06
771    'tauGamma[2,14,1,2]'     1e-06
772    'tauGamma[2,14,1,3]'     1e-06
773    'tauGamma[2,14,2,1]'     1e-06
774    'tauGamma[2,14,2,2]'     1e-06
775    'tauGamma[2,14,2,3]'     1e-06
776    'tauGamma[2,14,3,1]'     1e-06
777    'tauGamma[2,14,3,2]'     1e-06
778    'tauGamma[2,14,3,3]'     1e-06
779    'tauGamma[2,15,1,1]'     1e-06
780    'tauGamma[2,15,1,2]'     1e-06
781    'tauGamma[2,15,1,3]'     1e-06
782    'tauGamma[2,15,2,1]'     1e-06
783    'tauGamma[2,15,2,2]'     1e-06
784    'tauGamma[2,15,2,3]'     1e-06
785    'tauGamma[2,15,3,1]'     1e-06
786    'tauGamma[2,15,3,2]'     1e-06
787    'tauGamma[2,15,3,3]'     1e-06
788    'PGamma[1,1,1,1]'            1
789    'PGamma[1,1,1,2]'            1
790    'PGamma[1,1,1,3]'            1
791    'PGamma[1,1,2,1]'            1
792    'PGamma[1,1,2,2]'            1
793    'PGamma[1,1,2,3]'            1
794    'PGamma[1,1,3,1]'            1
795    'PGamma[1,1,3,2]'            1
796    'PGamma[1,1,3,3]'            1
797    'PGamma[1,2,1,1]'            1
798    'PGamma[1,2,1,2]'            1
799    'PGamma[1,2,1,3]'            1
800    'PGamma[1,2,2,1]'            1
801    'PGamma[1,2,2,2]'            1
802    'PGamma[1,2,2,3]'            1
803    'PGamma[1,2,3,1]'            1
804    'PGamma[1,2,3,2]'            1
805    'PGamma[1,2,3,3]'            1
806    'PGamma[1,3,1,1]'            1
807    'PGamma[1,3,1,2]'            1
808    'PGamma[1,3,1,3]'            1
809    'PGamma[1,3,2,1]'            1
810    'PGamma[1,3,2,2]'            1
811    'PGamma[1,3,2,3]'            1
812    'PGamma[1,3,3,1]'            1
813    'PGamma[1,3,3,2]'            1
814    'PGamma[1,3,3,3]'            1
815    'PGamma[1,4,1,1]'            1
816    'PGamma[1,4,1,2]'            1
817    'PGamma[1,4,1,3]'            1
818    'PGamma[1,4,2,1]'            1
819    'PGamma[1,4,2,2]'            1
820    'PGamma[1,4,2,3]'            1
821    'PGamma[1,4,3,1]'            1
822    'PGamma[1,4,3,2]'            1
823    'PGamma[1,4,3,3]'            1
824    'PGamma[1,5,1,1]'            1
825    'PGamma[1,5,1,2]'            1
826    'PGamma[1,5,1,3]'            1
827    'PGamma[1,5,2,1]'            1
828    'PGamma[1,5,2,2]'            1
829    'PGamma[1,5,2,3]'            1
830    'PGamma[1,5,3,1]'            1
831    'PGamma[1,5,3,2]'            1
832    'PGamma[1,5,3,3]'            1
833    'PGamma[1,6,1,1]'            1
834    'PGamma[1,6,1,2]'            1
835    'PGamma[1,6,1,3]'            1
836    'PGamma[1,6,2,1]'            1
837    'PGamma[1,6,2,2]'            1
838    'PGamma[1,6,2,3]'            1
839    'PGamma[1,6,3,1]'            1
840    'PGamma[1,6,3,2]'            1
841    'PGamma[1,6,3,3]'            1
842    'PGamma[1,7,1,1]'            1
843    'PGamma[1,7,1,2]'            1
844    'PGamma[1,7,1,3]'            1
845    'PGamma[1,7,2,1]'            1
846    'PGamma[1,7,2,2]'            1
847    'PGamma[1,7,2,3]'            1
848    'PGamma[1,7,3,1]'            1
849    'PGamma[1,7,3,2]'            1
850    'PGamma[1,7,3,3]'            1
851    'PGamma[1,8,1,1]'            1
852    'PGamma[1,8,1,2]'            1
853    'PGamma[1,8,1,3]'            1
854    'PGamma[1,8,2,1]'            1
855    'PGamma[1,8,2,2]'            1
856    'PGamma[1,8,2,3]'            1
857    'PGamma[1,8,3,1]'            1
858    'PGamma[1,8,3,2]'            1
859    'PGamma[1,8,3,3]'            1
860    'PGamma[1,9,1,1]'            1
861    'PGamma[1,9,1,2]'            1
862    'PGamma[1,9,1,3]'            1
863    'PGamma[1,9,2,1]'            1
864    'PGamma[1,9,2,2]'            1
865    'PGamma[1,9,2,3]'            1
866    'PGamma[1,9,3,1]'            1
867    'PGamma[1,9,3,2]'            1
868    'PGamma[1,9,3,3]'            1
869    'PGamma[1,10,1,1]'           1
870    'PGamma[1,10,1,2]'           1
871    'PGamma[1,10,1,3]'           1
872    'PGamma[1,10,2,1]'           1
873    'PGamma[1,10,2,2]'           1
874    'PGamma[1,10,2,3]'           1
875    'PGamma[1,10,3,1]'           1
876    'PGamma[1,10,3,2]'           1
877    'PGamma[1,10,3,3]'           1
878    'PGamma[1,11,1,1]'           1
879    'PGamma[1,11,1,2]'           1
880    'PGamma[1,11,1,3]'           1
881    'PGamma[1,11,2,1]'           1
882    'PGamma[1,11,2,2]'           1
883    'PGamma[1,11,2,3]'           1
884    'PGamma[1,11,3,1]'           1
885    'PGamma[1,11,3,2]'           1
886    'PGamma[1,11,3,3]'           1
887    'PGamma[1,12,1,1]'           1
888    'PGamma[1,12,1,2]'           1
889    'PGamma[1,12,1,3]'           1
890    'PGamma[1,12,2,1]'           1
891    'PGamma[1,12,2,2]'           1
892    'PGamma[1,12,2,3]'           1
893    'PGamma[1,12,3,1]'           1
894    'PGamma[1,12,3,2]'           1
895    'PGamma[1,12,3,3]'           1
896    'PGamma[1,13,1,1]'           1
897    'PGamma[1,13,1,2]'           1
898    'PGamma[1,13,1,3]'           1
899    'PGamma[1,13,2,1]'           1
900    'PGamma[1,13,2,2]'           1
901    'PGamma[1,13,2,3]'           1
902    'PGamma[1,13,3,1]'           1
903    'PGamma[1,13,3,2]'           1
904    'PGamma[1,13,3,3]'           1
905    'PGamma[1,14,1,1]'           1
906    'PGamma[1,14,1,2]'           1
907    'PGamma[1,14,1,3]'           1
908    'PGamma[1,14,2,1]'           1
909    'PGamma[1,14,2,2]'           1
910    'PGamma[1,14,2,3]'           1
911    'PGamma[1,14,3,1]'           1
912    'PGamma[1,14,3,2]'           1
913    'PGamma[1,14,3,3]'           1
914    'PGamma[1,15,1,1]'           1
915    'PGamma[1,15,1,2]'           1
916    'PGamma[1,15,1,3]'           1
917    'PGamma[1,15,2,1]'           1
918    'PGamma[1,15,2,2]'           1
919    'PGamma[1,15,2,3]'           1
920    'PGamma[1,15,3,1]'           1
921    'PGamma[1,15,3,2]'           1
922    'PGamma[1,15,3,3]'           1
923    'PGamma[2,1,1,1]'            1
924    'PGamma[2,1,1,2]'            1
925    'PGamma[2,1,1,3]'            1
926    'PGamma[2,1,2,1]'            1
927    'PGamma[2,1,2,2]'            1
928    'PGamma[2,1,2,3]'            1
929    'PGamma[2,1,3,1]'            1
930    'PGamma[2,1,3,2]'            1
931    'PGamma[2,1,3,3]'            1
932    'PGamma[2,2,1,1]'            1
933    'PGamma[2,2,1,2]'            1
934    'PGamma[2,2,1,3]'            1
935    'PGamma[2,2,2,1]'            1
936    'PGamma[2,2,2,2]'            1
937    'PGamma[2,2,2,3]'            1
938    'PGamma[2,2,3,1]'            1
939    'PGamma[2,2,3,2]'            1
940    'PGamma[2,2,3,3]'            1
941    'PGamma[2,3,1,1]'            1
942    'PGamma[2,3,1,2]'            1
943    'PGamma[2,3,1,3]'            1
944    'PGamma[2,3,2,1]'            1
945    'PGamma[2,3,2,2]'            1
946    'PGamma[2,3,2,3]'            1
947    'PGamma[2,3,3,1]'            1
948    'PGamma[2,3,3,2]'            1
949    'PGamma[2,3,3,3]'            1
950    'PGamma[2,4,1,1]'            1
951    'PGamma[2,4,1,2]'            1
952    'PGamma[2,4,1,3]'            1
953    'PGamma[2,4,2,1]'            1
954    'PGamma[2,4,2,2]'            1
955    'PGamma[2,4,2,3]'            1
956    'PGamma[2,4,3,1]'            1
957    'PGamma[2,4,3,2]'            1
958    'PGamma[2,4,3,3]'            1
959    'PGamma[2,5,1,1]'            1
960    'PGamma[2,5,1,2]'            1
961    'PGamma[2,5,1,3]'            1
962    'PGamma[2,5,2,1]'            1
963    'PGamma[2,5,2,2]'            1
964    'PGamma[2,5,2,3]'            1
965    'PGamma[2,5,3,1]'            1
966    'PGamma[2,5,3,2]'            1
967    'PGamma[2,5,3,3]'            1
968    'PGamma[2,6,1,1]'            1
969    'PGamma[2,6,1,2]'            1
970    'PGamma[2,6,1,3]'            1
971    'PGamma[2,6,2,1]'            1
972    'PGamma[2,6,2,2]'            1
973    'PGamma[2,6,2,3]'            1
974    'PGamma[2,6,3,1]'            1
975    'PGamma[2,6,3,2]'            1
976    'PGamma[2,6,3,3]'            1
977    'PGamma[2,7,1,1]'            1
978    'PGamma[2,7,1,2]'            1
979    'PGamma[2,7,1,3]'            1
980    'PGamma[2,7,2,1]'            1
981    'PGamma[2,7,2,2]'            1
982    'PGamma[2,7,2,3]'            1
983    'PGamma[2,7,3,1]'            1
984    'PGamma[2,7,3,2]'            1
985    'PGamma[2,7,3,3]'            1
986    'PGamma[2,8,1,1]'            1
987    'PGamma[2,8,1,2]'            1
988    'PGamma[2,8,1,3]'            1
989    'PGamma[2,8,2,1]'            1
990    'PGamma[2,8,2,2]'            1
991    'PGamma[2,8,2,3]'            1
992    'PGamma[2,8,3,1]'            1
993    'PGamma[2,8,3,2]'            1
994    'PGamma[2,8,3,3]'            1
995    'PGamma[2,9,1,1]'            1
996    'PGamma[2,9,1,2]'            1
997    'PGamma[2,9,1,3]'            1
998    'PGamma[2,9,2,1]'            1
999    'PGamma[2,9,2,2]'            1
1000   'PGamma[2,9,2,3]'            1
1001   'PGamma[2,9,3,1]'            1
1002   'PGamma[2,9,3,2]'            1
1003   'PGamma[2,9,3,3]'            1
1004   'PGamma[2,10,1,1]'           1
1005   'PGamma[2,10,1,2]'           1
1006   'PGamma[2,10,1,3]'           1
1007   'PGamma[2,10,2,1]'           1
1008   'PGamma[2,10,2,2]'           1
1009   'PGamma[2,10,2,3]'           1
1010   'PGamma[2,10,3,1]'           1
1011   'PGamma[2,10,3,2]'           1
1012   'PGamma[2,10,3,3]'           1
1013   'PGamma[2,11,1,1]'           1
1014   'PGamma[2,11,1,2]'           1
1015   'PGamma[2,11,1,3]'           1
1016   'PGamma[2,11,2,1]'           1
1017   'PGamma[2,11,2,2]'           1
1018   'PGamma[2,11,2,3]'           1
1019   'PGamma[2,11,3,1]'           1
1020   'PGamma[2,11,3,2]'           1
1021   'PGamma[2,11,3,3]'           1
1022   'PGamma[2,12,1,1]'           1
1023   'PGamma[2,12,1,2]'           1
1024   'PGamma[2,12,1,3]'           1
1025   'PGamma[2,12,2,1]'           1
1026   'PGamma[2,12,2,2]'           1
1027   'PGamma[2,12,2,3]'           1
1028   'PGamma[2,12,3,1]'           1
1029   'PGamma[2,12,3,2]'           1
1030   'PGamma[2,12,3,3]'           1
1031   'PGamma[2,13,1,1]'           1
1032   'PGamma[2,13,1,2]'           1
1033   'PGamma[2,13,1,3]'           1
1034   'PGamma[2,13,2,1]'           1
1035   'PGamma[2,13,2,2]'           1
1036   'PGamma[2,13,2,3]'           1
1037   'PGamma[2,13,3,1]'           1
1038   'PGamma[2,13,3,2]'           1
1039   'PGamma[2,13,3,3]'           1
1040   'PGamma[2,14,1,1]'           1
1041   'PGamma[2,14,1,2]'           1
1042   'PGamma[2,14,1,3]'           1
1043   'PGamma[2,14,2,1]'           1
1044   'PGamma[2,14,2,2]'           1
1045   'PGamma[2,14,2,3]'           1
1046   'PGamma[2,14,3,1]'           1
1047   'PGamma[2,14,3,2]'           1
1048   'PGamma[2,14,3,3]'           1
1049   'PGamma[2,15,1,1]'           1
1050   'PGamma[2,15,1,2]'           1
1051   'PGamma[2,15,1,3]'           1
1052   'PGamma[2,15,2,1]'           1
1053   'PGamma[2,15,2,2]'           1
1054   'PGamma[2,15,2,3]'           1
1055   'PGamma[2,15,3,1]'           1
1056   'PGamma[2,15,3,2]'           1
1057   'PGamma[2,15,3,3]'           1
1058   'SGamma1[1,1,1]'         1e-06
1059   'SGamma1[1,1,2]'         1e-06
1060   'SGamma1[1,1,3]'         1e-06
1061   'SGamma1[1,2,1]'         1e-06
1062   'SGamma1[1,2,2]'         1e-06
1063   'SGamma1[1,2,3]'         1e-06
1064   'SGamma1[1,3,1]'         1e-06
1065   'SGamma1[1,3,2]'         1e-06
1066   'SGamma1[1,3,3]'         1e-06
1067   'SGamma1[1,4,1]'         1e-06
1068   'SGamma1[1,4,2]'         1e-06
1069   'SGamma1[1,4,3]'         1e-06
1070   'SGamma1[1,5,1]'         1e-06
1071   'SGamma1[1,5,2]'         1e-06
1072   'SGamma1[1,5,3]'         1e-06
1073   'SGamma1[1,6,1]'         1e-06
1074   'SGamma1[1,6,2]'         1e-06
1075   'SGamma1[1,6,3]'         1e-06
1076   'SGamma1[1,7,1]'         1e-06
1077   'SGamma1[1,7,2]'         1e-06
1078   'SGamma1[1,7,3]'         1e-06
1079   'SGamma1[1,8,1]'         1e-06
1080   'SGamma1[1,8,2]'         1e-06
1081   'SGamma1[1,8,3]'         1e-06
1082   'SGamma1[1,9,1]'         1e-06
1083   'SGamma1[1,9,2]'         1e-06
1084   'SGamma1[1,9,3]'         1e-06
1085   'SGamma1[1,10,1]'        1e-06
1086   'SGamma1[1,10,2]'        1e-06
1087   'SGamma1[1,10,3]'        1e-06
1088   'SGamma1[1,11,1]'        1e-06
1089   'SGamma1[1,11,2]'        1e-06
1090   'SGamma1[1,11,3]'        1e-06
1091   'SGamma1[1,12,1]'        1e-06
1092   'SGamma1[1,12,2]'        1e-06
1093   'SGamma1[1,12,3]'        1e-06
1094   'SGamma1[1,13,1]'        1e-06
1095   'SGamma1[1,13,2]'        1e-06
1096   'SGamma1[1,13,3]'        1e-06
1097   'SGamma1[1,14,1]'        1e-06
1098   'SGamma1[1,14,2]'        1e-06
1099   'SGamma1[1,14,3]'        1e-06
1100   'SGamma1[1,15,1]'        1e-06
1101   'SGamma1[1,15,2]'        1e-06
1102   'SGamma1[1,15,3]'        1e-06
1103   'SGamma1[2,1,1]'         1e-06
1104   'SGamma1[2,1,2]'         1e-06
1105   'SGamma1[2,1,3]'         1e-06
1106   'SGamma1[2,2,1]'         1e-06
1107   'SGamma1[2,2,2]'         1e-06
1108   'SGamma1[2,2,3]'         1e-06
1109   'SGamma1[2,3,1]'         1e-06
1110   'SGamma1[2,3,2]'         1e-06
1111   'SGamma1[2,3,3]'         1e-06
1112   'SGamma1[2,4,1]'         1e-06
1113   'SGamma1[2,4,2]'         1e-06
1114   'SGamma1[2,4,3]'         1e-06
1115   'SGamma1[2,5,1]'         1e-06
1116   'SGamma1[2,5,2]'         1e-06
1117   'SGamma1[2,5,3]'         1e-06
1118   'SGamma1[2,6,1]'         1e-06
1119   'SGamma1[2,6,2]'         1e-06
1120   'SGamma1[2,6,3]'         1e-06
1121   'SGamma1[2,7,1]'         1e-06
1122   'SGamma1[2,7,2]'         1e-06
1123   'SGamma1[2,7,3]'         1e-06
1124   'SGamma1[2,8,1]'         1e-06
1125   'SGamma1[2,8,2]'         1e-06
1126   'SGamma1[2,8,3]'         1e-06
1127   'SGamma1[2,9,1]'         1e-06
1128   'SGamma1[2,9,2]'         1e-06
1129   'SGamma1[2,9,3]'         1e-06
1130   'SGamma1[2,10,1]'        1e-06
1131   'SGamma1[2,10,2]'        1e-06
1132   'SGamma1[2,10,3]'        1e-06
1133   'SGamma1[2,11,1]'        1e-06
1134   'SGamma1[2,11,2]'        1e-06
1135   'SGamma1[2,11,3]'        1e-06
1136   'SGamma1[2,12,1]'        1e-06
1137   'SGamma1[2,12,2]'        1e-06
1138   'SGamma1[2,12,3]'        1e-06
1139   'SGamma1[2,13,1]'        1e-06
1140   'SGamma1[2,13,2]'        1e-06
1141   'SGamma1[2,13,3]'        1e-06
1142   'SGamma1[2,14,1]'        1e-06
1143   'SGamma1[2,14,2]'        1e-06
1144   'SGamma1[2,14,3]'        1e-06
1145   'SGamma1[2,15,1]'        1e-06
1146   'SGamma1[2,15,2]'        1e-06
1147   'SGamma1[2,15,3]'        1e-06
1148   'SGamma2[1,1,1]'             1
1149   'SGamma2[1,1,2]'             1
1150   'SGamma2[1,1,3]'             1
1151   'SGamma2[1,2,1]'             1
1152   'SGamma2[1,2,2]'             1
1153   'SGamma2[1,2,3]'             1
1154   'SGamma2[1,3,1]'             1
1155   'SGamma2[1,3,2]'             1
1156   'SGamma2[1,3,3]'             1
1157   'SGamma2[1,4,1]'             1
1158   'SGamma2[1,4,2]'             1
1159   'SGamma2[1,4,3]'             1
1160   'SGamma2[1,5,1]'             1
1161   'SGamma2[1,5,2]'             1
1162   'SGamma2[1,5,3]'             1
1163   'SGamma2[1,6,1]'             1
1164   'SGamma2[1,6,2]'             1
1165   'SGamma2[1,6,3]'             1
1166   'SGamma2[1,7,1]'             1
1167   'SGamma2[1,7,2]'             1
1168   'SGamma2[1,7,3]'             1
1169   'SGamma2[1,8,1]'             1
1170   'SGamma2[1,8,2]'             1
1171   'SGamma2[1,8,3]'             1
1172   'SGamma2[1,9,1]'             1
1173   'SGamma2[1,9,2]'             1
1174   'SGamma2[1,9,3]'             1
1175   'SGamma2[1,10,1]'            1
1176   'SGamma2[1,10,2]'            1
1177   'SGamma2[1,10,3]'            1
1178   'SGamma2[1,11,1]'            1
1179   'SGamma2[1,11,2]'            1
1180   'SGamma2[1,11,3]'            1
1181   'SGamma2[1,12,1]'            1
1182   'SGamma2[1,12,2]'            1
1183   'SGamma2[1,12,3]'            1
1184   'SGamma2[1,13,1]'            1
1185   'SGamma2[1,13,2]'            1
1186   'SGamma2[1,13,3]'            1
1187   'SGamma2[1,14,1]'            1
1188   'SGamma2[1,14,2]'            1
1189   'SGamma2[1,14,3]'            1
1190   'SGamma2[1,15,1]'            1
1191   'SGamma2[1,15,2]'            1
1192   'SGamma2[1,15,3]'            1
1193   'SGamma2[2,1,1]'             1
1194   'SGamma2[2,1,2]'             1
1195   'SGamma2[2,1,3]'             1
1196   'SGamma2[2,2,1]'             1
1197   'SGamma2[2,2,2]'             1
1198   'SGamma2[2,2,3]'             1
1199   'SGamma2[2,3,1]'             1
1200   'SGamma2[2,3,2]'             1
1201   'SGamma2[2,3,3]'             1
1202   'SGamma2[2,4,1]'             1
1203   'SGamma2[2,4,2]'             1
1204   'SGamma2[2,4,3]'             1
1205   'SGamma2[2,5,1]'             1
1206   'SGamma2[2,5,2]'             1
1207   'SGamma2[2,5,3]'             1
1208   'SGamma2[2,6,1]'             1
1209   'SGamma2[2,6,2]'             1
1210   'SGamma2[2,6,3]'             1
1211   'SGamma2[2,7,1]'             1
1212   'SGamma2[2,7,2]'             1
1213   'SGamma2[2,7,3]'             1
1214   'SGamma2[2,8,1]'             1
1215   'SGamma2[2,8,2]'             1
1216   'SGamma2[2,8,3]'             1
1217   'SGamma2[2,9,1]'             1
1218   'SGamma2[2,9,2]'             1
1219   'SGamma2[2,9,3]'             1
1220   'SGamma2[2,10,1]'            1
1221   'SGamma2[2,10,2]'            1
1222   'SGamma2[2,10,3]'            1
1223   'SGamma2[2,11,1]'            1
1224   'SGamma2[2,11,2]'            1
1225   'SGamma2[2,11,3]'            1
1226   'SGamma2[2,12,1]'            1
1227   'SGamma2[2,12,2]'            1
1228   'SGamma2[2,12,3]'            1
1229   'SGamma2[2,13,1]'            1
1230   'SGamma2[2,13,2]'            1
1231   'SGamma2[2,13,3]'            1
1232   'SGamma2[2,14,1]'            1
1233   'SGamma2[2,14,2]'            1
1234   'SGamma2[2,14,3]'            1
1235   'SGamma2[2,15,1]'            1
1236   'SGamma2[2,15,2]'            1
1237   'SGamma2[2,15,3]'            1
1238   'gamma[1,1,1]'               1
1239   'gamma[1,1,2]'               1
1240   'gamma[1,1,3]'               1
1241   'gamma[1,2,1]'               1
1242   'gamma[1,2,2]'               1
1243   'gamma[1,2,3]'               1
1244   'gamma[1,3,1]'               1
1245   'gamma[1,3,2]'               1
1246   'gamma[1,3,3]'               1
1247   'gamma[1,4,1]'               1
1248   'gamma[1,4,2]'               1
1249   'gamma[1,4,3]'               1
1250   'gamma[1,5,1]'               1
1251   'gamma[1,5,2]'               1
1252   'gamma[1,5,3]'               1
1253   'gamma[1,6,1]'               1
1254   'gamma[1,6,2]'               1
1255   'gamma[1,6,3]'               1
1256   'gamma[1,7,1]'               1
1257   'gamma[1,7,2]'               1
1258   'gamma[1,7,3]'               1
1259   'gamma[1,8,1]'               1
1260   'gamma[1,8,2]'               1
1261   'gamma[1,8,3]'               1
1262   'gamma[1,9,1]'               1
1263   'gamma[1,9,2]'               1
1264   'gamma[1,9,3]'               1
1265   'gamma[1,10,1]'              1
1266   'gamma[1,10,2]'              1
1267   'gamma[1,10,3]'              1
1268   'gamma[1,11,1]'              1
1269   'gamma[1,11,2]'              1
1270   'gamma[1,11,3]'              1
1271   'gamma[1,12,1]'              1
1272   'gamma[1,12,2]'              1
1273   'gamma[1,12,3]'              1
1274   'gamma[1,13,1]'              1
1275   'gamma[1,13,2]'              1
1276   'gamma[1,13,3]'              1
1277   'gamma[1,14,1]'              1
1278   'gamma[1,14,2]'              1
1279   'gamma[1,14,3]'              1
1280   'gamma[1,15,1]'              1
1281   'gamma[1,15,2]'              1
1282   'gamma[1,15,3]'              1
1283   'gamma[2,1,1]'               1
1284   'gamma[2,1,2]'               1
1285   'gamma[2,1,3]'               1
1286   'gamma[2,2,1]'               1
1287   'gamma[2,2,2]'               1
1288   'gamma[2,2,3]'               1
1289   'gamma[2,3,1]'               1
1290   'gamma[2,3,2]'               1
1291   'gamma[2,3,3]'               1
1292   'gamma[2,4,1]'               1
1293   'gamma[2,4,2]'               1
1294   'gamma[2,4,3]'               1
1295   'gamma[2,5,1]'               1
1296   'gamma[2,5,2]'               1
1297   'gamma[2,5,3]'               1
1298   'gamma[2,6,1]'               1
1299   'gamma[2,6,2]'               1
1300   'gamma[2,6,3]'               1
1301   'gamma[2,7,1]'               1
1302   'gamma[2,7,2]'               1
1303   'gamma[2,7,3]'               1
1304   'gamma[2,8,1]'               1
1305   'gamma[2,8,2]'               1
1306   'gamma[2,8,3]'               1
1307   'gamma[2,9,1]'               1
1308   'gamma[2,9,2]'               1
1309   'gamma[2,9,3]'               1
1310   'gamma[2,10,1]'              1
1311   'gamma[2,10,2]'              1
1312   'gamma[2,10,3]'              1
1313   'gamma[2,11,1]'              1
1314   'gamma[2,11,2]'              1
1315   'gamma[2,11,3]'              1
1316   'gamma[2,12,1]'              1
1317   'gamma[2,12,2]'              1
1318   'gamma[2,12,3]'              1
1319   'gamma[2,13,1]'              1
1320   'gamma[2,13,2]'              1
1321   'gamma[2,13,3]'              1
1322   'gamma[2,14,1]'              1
1323   'gamma[2,14,2]'              1
1324   'gamma[2,14,3]'              1
1325   'gamma[2,15,1]'              1
1326   'gamma[2,15,2]'              1
1327   'gamma[2,15,3]'              1
1328   'PrS[1,1,1]'           1031750
1329   'PrS[1,1,2]'            581134
1330   'PrS[1,1,3]'            199917
1331   'PrS[1,2,1]'           1015490
1332   'PrS[1,2,2]'            571182
1333   'PrS[1,2,3]'            195872
1334   'PrS[1,3,1]'            980200
1335   'PrS[1,3,2]'            549620
1336   'PrS[1,3,3]'            187147
1337   'PrS[1,4,1]'            910833
1338   'PrS[1,4,2]'            507396
1339   'PrS[1,4,3]'            170220
1340   'PrS[1,5,1]'            797933
1341   'PrS[1,5,2]'            439178
1342   'PrS[1,5,3]'            143361
1343   'PrS[1,6,1]'            660169
1344   'PrS[1,6,2]'            356928
1345   'PrS[1,6,3]'            111917
1346   'PrS[1,7,1]'            537844
1347   'PrS[1,7,2]'            285024
1348   'PrS[1,7,3]'             85457.3
1349   'PrS[1,8,1]'            449653
1350   'PrS[1,8,2]'            234009
1351   'PrS[1,8,3]'             67404.7
1352   'PrS[1,9,1]'            426446
1353   'PrS[1,9,2]'            220723
1354   'PrS[1,9,3]'             62818.2
1355   'PrS[1,10,1]'           400899
1356   'PrS[1,10,2]'           206170
1357   'PrS[1,10,3]'            57855.3
1358   'PrS[1,11,1]'           377614
1359   'PrS[1,11,2]'           192979
1360   'PrS[1,11,3]'            53414.9
1361   'PrS[1,12,1]'           359768
1362   'PrS[1,12,2]'           182919
1363   'PrS[1,12,3]'            50068
1364   'PrS[1,13,1]'           347147
1365   'PrS[1,13,2]'           175831
1366   'PrS[1,13,3]'            47731.6
1367   'PrS[1,14,1]'           336277
1368   'PrS[1,14,2]'           169747
1369   'PrS[1,14,3]'            45740.7
1370   'PrS[1,15,1]'           319835
1371   'PrS[1,15,2]'           160578
1372   'PrS[1,15,3]'            42767.3
1373   'PrS[2,1,1]'            389152
1374   'PrS[2,1,2]'            199506
1375   'PrS[2,1,3]'             55605
1376   'PrS[2,2,1]'            383853
1377   'PrS[2,2,2]'            196506
1378   'PrS[2,2,3]'             54596.7
1379   'PrS[2,3,1]'            376816
1380   'PrS[2,3,2]'            192528
1381   'PrS[2,3,3]'             53264.2
1382   'PrS[2,4,1]'            367100
1383   'PrS[2,4,2]'            187046
1384   'PrS[2,4,3]'             51437
1385   'PrS[2,5,1]'            354302
1386   'PrS[2,5,2]'            179846
1387   'PrS[2,5,3]'             49053
1388   'PrS[2,6,1]'            338697
1389   'PrS[2,6,2]'            171100
1390   'PrS[2,6,3]'             46182.1
1391   'PrS[2,7,1]'            321410
1392   'PrS[2,7,2]'            161454
1393   'PrS[2,7,3]'             43050
1394   'PrS[2,8,1]'            304205
1395   'PrS[2,8,2]'            151903
1396   'PrS[2,8,3]'             39985.1
1397   'PrS[2,9,1]'            288832
1398   'PrS[2,9,2]'            143412
1399   'PrS[2,9,3]'             37292.8
1400   'PrS[2,10,1]'           276379
1401   'PrS[2,10,2]'           136567
1402   'PrS[2,10,3]'            35145.3
1403   'PrS[2,11,1]'           267080
1404   'PrS[2,11,2]'           131474
1405   'PrS[2,11,3]'            33561.7
1406   'PrS[2,12,1]'           249137
1407   'PrS[2,12,2]'           121697
1408   'PrS[2,12,3]'            30557
1409   'PrS[2,13,1]'           233438
1410   'PrS[2,13,2]'           113201
1411   'PrS[2,13,3]'            27985.5
1412   'PrS[2,14,1]'           221383
1413   'PrS[2,14,2]'           106715
1414   'PrS[2,14,3]'            26048.9
1415   'PrS[2,15,1]'           213079
1416   'PrS[2,15,2]'           102268
1417   'PrS[2,15,3]'            24735.1
1418   'PrSF[1]'               371002
1419   'PrSF[2]'               189246
1420   'PrSF[3]'                52169.1
1421   Vap                        573.543
1422   Sep                        190
1423   yPC1                         0
1424   yPR1                         1
1425   yPS                          0
;

