solve_message =
'filterSQP (20020316): Nonlinear constraints locally infeasible\
109 iterations (108 for feasibility)\
Evals: obj = 1, constr = 301, grad = 75, Hes = 109'

:     _varname         _var          :=
1     'F[2]'          0
2     'F[3]'          0
3     'F[4]'          0
4     'F[5]'          0
5     'F[6]'          0
6     'F[7]'          0
7     'F[8]'        200
8     'F[9]'          0
9     'F[10]'         0
10    'F[11]'         0
11    'F[12]'         0
12    'F[13]'         0
13    'F[14]'         0
14    Vs          60316.1
15    'y[1,1]'        0.0107934
16    'y[1,2]'        0.799849
17    'y[1,3]'        0.189358
18    'y[2,1]'        0.0218703
19    'y[2,2]'        0.910524
20    'y[2,3]'        0.0676053
21    'y[3,1]'        0.0400867
22    'y[3,2]'        0.937864
23    'y[3,3]'        0.0220494
24    'y[4,1]'        0.070173
25    'y[4,2]'        0.922752
26    'y[4,3]'        0.00707536
27    'y[5,1]'        0.118879
28    'y[5,2]'        0.878723
29    'y[5,3]'        0.00239817
30    'y[6,1]'        0.193776
31    'y[6,2]'        0.805254
32    'y[6,3]'        0.000970191
33    'y[7,1]'        0.299542
34    'y[7,2]'        0.699925
35    'y[7,3]'        0.00053286
36    'y[8,1]'        0.431944
37    'y[8,2]'        0.56767
38    'y[8,3]'        0.000386452
39    'y[9,1]'        0.574833
40    'y[9,2]'        0.425076
41    'y[9,3]'        9.04329e-05
42    'y[10,1]'       0.806112
43    'y[10,2]'       0.193869
44    'y[10,3]'       1.95268e-05
45    'y[11,1]'       0.88092
46    'y[11,2]'       0.119076
47    'y[11,3]'       3.74824e-06
48    'y[12,1]'       0.929399
49    'y[12,2]'       0.0705999
50    'y[12,3]'       6.94551e-07
51    'y[13,1]'       0.959064
52    'y[13,2]'       0.0409358
53    'y[13,3]'       1.25873e-07
54    'y[14,1]'       0.976582
55    'y[14,2]'       0.0234177
56    'y[14,3]'       2.25087e-08
57    'y[15,1]'       0.986711
58    'y[15,2]'       0.013289
59    'y[15,3]'       3.99318e-09
60    Ls          60455.9
61    'x[1,1]'        0.00429185
62    'x[1,2]'        0.566524
63    'x[1,3]'        0.429185
64    'x[2,1]'        0.0107784
65    'x[2,2]'        0.799309
66    'x[2,3]'        0.189913
67    'x[3,1]'        0.0218297
68    'x[3,2]'        0.909729
69    'x[3,3]'        0.0684414
70    'x[4,1]'        0.0400039
71    'x[4,2]'        0.937005
72    'x[4,3]'        0.0229909
73    'x[5,1]'        0.0700206
74    'x[5,2]'        0.921928
75    'x[5,3]'        0.00805146
76    'x[6,1]'        0.118614
77    'x[6,2]'        0.878001
78    'x[6,3]'        0.00338508
79    'x[7,1]'        0.193338
80    'x[7,2]'        0.804702
81    'x[7,3]'        0.00196041
82    'x[8,1]'        0.298859
83    'x[8,2]'        0.699617
84    'x[8,3]'        0.00152409
85    'x[9,1]'        0.43139
86    'x[9,2]'        0.568224
87    'x[9,3]'        0.000386838
88    'x[10,1]'       0.574422
89    'x[10,2]'       0.425488
90    'x[10,3]'       9.05233e-05
91    'x[11,1]'       0.805931
92    'x[11,2]'       0.194049
93    'x[11,3]'       1.95463e-05
94    'x[12,1]'       0.880814
95    'x[12,2]'       0.119182
96    'x[12,3]'       3.75198e-06
97    'x[13,1]'       0.929342
98    'x[13,2]'       0.0706572
99    'x[13,3]'       6.95241e-07
100   'x[14,1]'       0.959036
101   'x[14,2]'       0.0409634
102   'x[14,3]'       1.25995e-07
103   'x[15,1]'       0.976572
104   'x[15,2]'       0.0234279
105   'x[15,3]'       2.25272e-08
106   PC             60.2
107   PR            139.8
108   Vap         60316.1
;

