solve_message =
'filterSQP (20020316): Optimal solution found, objective = 210.05177961605372\
8 iterations (3 for feasibility)\
Evals: obj = 7, constr = 9, grad = 9, Hes = 9'

:     _varname        _var         :=
1     'F[2]'        0
2     'F[3]'        0
3     'F[4]'        0
4     'F[5]'        0
5     'F[6]'        0
6     'F[7]'        0
7     'F[8]'        0
8     'F[9]'        0
9     'F[10]'       0
10    'F[11]'       0
11    'F[12]'       0
12    'F[13]'       0
13    'F[14]'       0
14    'F[15]'     200
15    'F[16]'       0
16    'F[17]'       0
17    'F[18]'       0
18    'F[19]'       0
19    'F[20]'       0
20    'F[21]'       0
21    'F[22]'       0
22    'F[23]'       0
23    'F[24]'       0
24    'F[25]'       0
25    'F[26]'       0
26    'F[27]'       0
27    'F[28]'       0
28    'F[29]'       0
29    Vs          210.052
30    'y[1,1]'      9.18345e-06
31    'y[1,2]'      0.0413166
32    'y[1,3]'      0.958674
33    'y[2,1]'      3.97243e-05
34    'y[2,2]'      0.104191
35    'y[2,3]'      0.895769
36    'y[3,1]'      0.000150315
37    'y[3,2]'      0.226714
38    'y[3,3]'      0.773135
39    'y[4,1]'      0.000478976
40    'y[4,2]'      0.411085
41    'y[4,3]'      0.588436
42    'y[5,1]'      0.0012413
43    'y[5,2]'      0.603038
44    'y[5,3]'      0.39572
45    'y[6,1]'      0.00269387
46    'y[6,2]'      0.739073
47    'y[6,3]'      0.258234
48    'y[7,1]'      0.00523514
49    'y[7,2]'      0.810343
50    'y[7,3]'      0.184422
51    'y[8,1]'      0.00961952
52    'y[8,2]'      0.839781
53    'y[8,3]'      0.150599
54    'y[9,1]'      0.0172017
55    'y[9,2]'      0.846843
56    'y[9,3]'      0.135956
57    'y[10,1]'     0.0302736
58    'y[10,2]'     0.84044
59    'y[10,3]'     0.129286
60    'y[11,1]'     0.0525106
61    'y[11,2]'     0.822095
62    'y[11,3]'     0.125394
63    'y[12,1]'     0.0893369
64    'y[12,2]'     0.788832
65    'y[12,3]'     0.121831
66    'y[13,1]'     0.147588
67    'y[13,2]'     0.735141
68    'y[13,3]'     0.117271
69    'y[14,1]'     0.233297
70    'y[14,2]'     0.65576
71    'y[14,3]'     0.110944
72    'y[15,1]'     0.346829
73    'y[15,2]'     0.55048
74    'y[15,3]'     0.102691
75    'y[16,1]'     0.347519
76    'y[16,2]'     0.553002
77    'y[16,3]'     0.0994792
78    'y[17,1]'     0.348386
79    'y[17,2]'     0.556171
80    'y[17,3]'     0.0954431
81    'y[18,1]'     0.349455
82    'y[18,2]'     0.560076
83    'y[18,3]'     0.0904689
84    'y[19,1]'     0.35074
85    'y[19,2]'     0.564775
86    'y[19,3]'     0.0844847
87    'y[20,1]'     0.352243
88    'y[20,2]'     0.570267
89    'y[20,3]'     0.0774902
90    'y[21,1]'     0.353941
91    'y[21,2]'     0.576473
92    'y[21,3]'     0.0695856
93    'y[22,1]'     0.35579
94    'y[22,2]'     0.583225
95    'y[22,3]'     0.0609854
96    'y[23,1]'     0.357722
97    'y[23,2]'     0.590272
98    'y[23,3]'     0.0520066
99    'y[24,1]'     0.359664
100   'y[24,2]'     0.597309
101   'y[24,3]'     0.0430271
102   'y[25,1]'     0.361566
103   'y[25,2]'     0.604009
104   'y[25,3]'     0.0344246
105   'y[26,1]'     0.363482
106   'y[26,2]'     0.610003
107   'y[26,3]'     0.0265146
108   'y[27,1]'     0.365836
109   'y[27,2]'     0.614657
110   'y[27,3]'     0.0195072
111   'y[28,1]'     0.370391
112   'y[28,2]'     0.616117
113   'y[28,3]'     0.0134923
114   'y[29,1]'     0.383773
115   'y[29,2]'     0.607777
116   'y[29,3]'     0.00844983
117   'y[30,1]'     0.429184
118   'y[30,2]'     0.566524
119   'y[30,3]'     0.00429185
120   Ls          270.252
121   'x[1,1]'      1.65825e-06
122   'x[1,2]'      0.013289
123   'x[1,3]'      0.986709
124   'x[2,1]'      7.50717e-06
125   'x[2,2]'      0.0350733
126   'x[2,3]'      0.964919
127   'x[3,1]'      3.12449e-05
128   'x[3,2]'      0.0839424
129   'x[3,3]'      0.916026
130   'x[4,1]'      0.000117201
131   'x[4,2]'      0.179173
132   'x[4,3]'      0.82071
133   'x[5,1]'      0.000372651
134   'x[5,2]'      0.322473
135   'x[5,3]'      0.677154
136   'x[6,1]'      0.000965166
137   'x[6,2]'      0.471668
138   'x[6,3]'      0.527366
139   'x[7,1]'      0.00209417
140   'x[7,2]'      0.5774
141   'x[7,3]'      0.420506
142   'x[8,1]'      0.00406935
143   'x[8,2]'      0.632794
144   'x[8,3]'      0.363136
145   'x[9,1]'      0.00747709
146   'x[9,2]'      0.655675
147   'x[9,3]'      0.336847
148   'x[10,1]'     0.0133703
149   'x[10,2]'     0.661164
150   'x[10,3]'     0.325466
151   'x[11,1]'     0.0235303
152   'x[11,2]'     0.656188
153   'x[11,3]'     0.320282
154   'x[12,1]'     0.0408139
155   'x[12,2]'     0.641929
156   'x[12,3]'     0.317257
157   'x[13,1]'     0.069437
158   'x[13,2]'     0.616076
159   'x[13,3]'     0.314488
160   'x[14,1]'     0.114713
161   'x[14,2]'     0.574344
162   'x[14,3]'     0.310943
163   'x[15,1]'     0.181329
164   'x[15,2]'     0.512646
165   'x[15,3]'     0.306025
166   'x[16,1]'     0.182945
167   'x[16,2]'     0.518552
168   'x[16,3]'     0.298503
169   'x[17,1]'     0.185008
170   'x[17,2]'     0.526092
171   'x[17,3]'     0.2889
172   'x[18,1]'     0.1876
173   'x[18,2]'     0.535568
174   'x[18,3]'     0.276832
175   'x[19,1]'     0.190795
176   'x[19,2]'     0.547245
177   'x[19,3]'     0.26196
178   'x[20,1]'     0.194639
179   'x[20,2]'     0.561294
180   'x[20,3]'     0.244067
181   'x[21,1]'     0.199132
182   'x[21,2]'     0.577715
183   'x[21,3]'     0.223153
184   'x[22,1]'     0.20421
185   'x[22,2]'     0.596271
186   'x[22,3]'     0.199519
187   'x[23,1]'     0.209736
188   'x[23,2]'     0.616459
189   'x[23,3]'     0.173805
190   'x[24,1]'     0.215513
191   'x[24,2]'     0.637529
192   'x[24,3]'     0.146958
193   'x[25,1]'     0.221321
194   'x[25,2]'     0.65857
195   'x[25,3]'     0.12011
196   'x[26,1]'     0.227009
197   'x[26,2]'     0.678603
198   'x[26,3]'     0.0943883
199   'x[27,1]'     0.232737
200   'x[27,2]'     0.696526
201   'x[27,3]'     0.0707373
202   'x[28,1]'     0.239773
203   'x[28,2]'     0.710442
204   'x[28,3]'     0.0497854
205   'x[29,1]'     0.253392
206   'x[29,2]'     0.714807
207   'x[29,3]'     0.0318011
208   'x[30,1]'     0.293405
209   'x[30,2]'     0.689871
210   'x[30,3]'     0.0167241
211   PC          139.8
212   PR           60.2001
213   Vap         210.052
;

