solve_message =
'Knitro 10.3.0: Current infeasible solution estimate cannot be improved.\
objective 2.8957881806838754e-10; feasibility error 3.17\
27 iterations; 44 function evaluations'

:      _varname         _var         :=
1     'F[2]'          0
2     'F[3]'          0
3     'F[4]'          0
4     'F[5]'          0
5     'F[6]'          0
6     'F[7]'          0
7     'F[8]'        100
8     'F[9]'          0
9     'F[10]'         0
10    'F[11]'         0
11    'F[12]'         0
12    'F[13]'         0
13    'F[14]'         0
14    'Vs[1]'         2.48103e-11
15    'Vs[2]'         2.64769e-10
16    'y[1,1,1]'      0.588815
17    'y[1,1,2]'      0.302072
18    'y[1,1,3]'      0.109113
19    'y[1,2,1]'      0.595013
20    'y[1,2,2]'      0.305251
21    'y[1,2,3]'      0.0997356
22    'y[1,3,1]'      0.595013
23    'y[1,3,2]'      0.305251
24    'y[1,3,3]'      0.0997356
25    'y[1,4,1]'      0.595013
26    'y[1,4,2]'      0.305251
27    'y[1,4,3]'      0.0997356
28    'y[1,5,1]'      0.595013
29    'y[1,5,2]'      0.305251
30    'y[1,5,3]'      0.0997356
31    'y[1,6,1]'      0.595013
32    'y[1,6,2]'      0.305251
33    'y[1,6,3]'      0.0997356
34    'y[1,7,1]'      0.595013
35    'y[1,7,2]'      0.305251
36    'y[1,7,3]'      0.0997356
37    'y[1,8,1]'      0.595013
38    'y[1,8,2]'      0.305251
39    'y[1,8,3]'      0.0997356
40    'y[1,9,1]'      0.54652
41    'y[1,9,2]'      0.229169
42    'y[1,9,3]'      0.224311
43    'y[1,10,1]'     0.499616
44    'y[1,10,2]'     0.239676
45    'y[1,10,3]'     0.260708
46    'y[1,11,1]'     0.467178
47    'y[1,11,2]'     0.271885
48    'y[1,11,3]'     0.260938
49    'y[1,12,1]'     0.452509
50    'y[1,12,2]'     0.30163
51    'y[1,12,3]'     0.245861
52    'y[1,13,1]'     0.459562
53    'y[1,13,2]'     0.316735
54    'y[1,13,3]'     0.223703
55    'y[1,14,1]'     0.496363
56    'y[1,14,2]'     0.309137
57    'y[1,14,3]'     0.1945
58    'y[1,15,1]'     0.570188
59    'y[1,15,2]'     0.271712
60    'y[1,15,3]'     0.1581
61    'y[2,1,1]'      0.294024
62    'y[2,1,2]'      0.338196
63    'y[2,1,3]'      0.36778
64    'y[2,2,1]'      0.384121
65    'y[2,2,2]'      0.362152
66    'y[2,2,3]'      0.253727
67    'y[2,3,1]'      0.449649
68    'y[2,3,2]'      0.353262
69    'y[2,3,3]'      0.197089
70    'y[2,4,1]'      0.48516
71    'y[2,4,2]'      0.338894
72    'y[2,4,3]'      0.175946
73    'y[2,5,1]'      0.494791
74    'y[2,5,2]'      0.333304
75    'y[2,5,3]'      0.171905
76    'y[2,6,1]'      0.46878
77    'y[2,6,2]'      0.344966
78    'y[2,6,3]'      0.186254
79    'y[2,7,1]'      0.436871
80    'y[2,7,2]'      0.36549
81    'y[2,7,3]'      0.197639
82    'y[2,8,1]'      0.419248
83    'y[2,8,2]'      0.379641
84    'y[2,8,3]'      0.201111
85    'y[2,9,1]'      0.426913
86    'y[2,9,2]'      0.378964
87    'y[2,9,3]'      0.194123
88    'y[2,10,1]'     0.464334
89    'y[2,10,2]'     0.358413
90    'y[2,10,3]'     0.177252
91    'y[2,11,1]'     0.530304
92    'y[2,11,2]'     0.316073
93    'y[2,11,3]'     0.153623
94    'y[2,12,1]'     0.467993
95    'y[2,12,2]'     0.328463
96    'y[2,12,3]'     0.203544
97    'y[2,13,1]'     0.427886
98    'y[2,13,2]'     0.33061
99    'y[2,13,3]'     0.241504
100   'y[2,14,1]'     0.451602
101   'y[2,14,2]'     0.335177
102   'y[2,14,3]'     0.213221
103   'y[2,15,1]'     0.569505
104   'y[2,15,2]'     0.296426
105   'y[2,15,3]'     0.134069
106   'Ls[1]'       100
107   'Ls[2]'         5.55263e-10
108   'x[1,1,1]'      0.75
109   'x[1,1,2]'      1
110   'x[1,1,3]'      0.829156
111   'x[1,2,1]'      0.3
112   'x[1,2,2]'      0.4
113   'x[1,2,3]'      0.3
114   'x[1,3,1]'      0.3
115   'x[1,3,2]'      0.4
116   'x[1,3,3]'      0.3
117   'x[1,4,1]'      0.3
118   'x[1,4,2]'      0.4
119   'x[1,4,3]'      0.3
120   'x[1,5,1]'      0.3
121   'x[1,5,2]'      0.4
122   'x[1,5,3]'      0.3
123   'x[1,6,1]'      0.3
124   'x[1,6,2]'      0.4
125   'x[1,6,3]'      0.3
126   'x[1,7,1]'      0.3
127   'x[1,7,2]'      0.4
128   'x[1,7,3]'      0.3
129   'x[1,8,1]'      0.3
130   'x[1,8,2]'      0.4
131   'x[1,8,3]'      0.3
132   'x[1,9,1]'      0.220331
133   'x[1,9,2]'      0.240121
134   'x[1,9,3]'      0.539549
135   'x[1,10,1]'     0.186571
136   'x[1,10,2]'     0.232608
137   'x[1,10,3]'     0.580822
138   'x[1,11,1]'     0.171093
139   'x[1,11,2]'     0.258775
140   'x[1,11,3]'     0.570132
141   'x[1,12,1]'     0.167396
142   'x[1,12,2]'     0.289997
143   'x[1,12,3]'     0.542608
144   'x[1,13,1]'     0.175583
145   'x[1,13,2]'     0.314516
146   'x[1,13,3]'     0.509902
147   'x[1,14,1]'     0.201759
148   'x[1,14,2]'     0.326581
149   'x[1,14,3]'     0.471661
150   'x[1,15,1]'     0.256878
151   'x[1,15,2]'     0.318151
152   'x[1,15,3]'     0.424972
153   'x[2,1,1]'      0.0873123
154   'x[2,1,2]'      0.261034
155   'x[2,1,3]'      0.651659
156   'x[2,2,1]'      0.135297
157   'x[2,2,2]'      0.331534
158   'x[2,2,3]'      0.533169
159   'x[2,3,1]'      0.176772
160   'x[2,3,2]'      0.360949
161   'x[2,3,3]'      0.46228
162   'x[2,4,1]'      0.200823
163   'x[2,4,2]'      0.364627
164   'x[2,4,3]'      0.434553
165   'x[2,5,1]'      0.207266
166   'x[2,5,2]'      0.362996
167   'x[2,5,3]'      0.429747
168   'x[2,6,1]'      0.189289
169   'x[2,6,2]'      0.362028
170   'x[2,6,3]'      0.448684
171   'x[2,7,1]'      0.170254
172   'x[2,7,2]'      0.370217
173   'x[2,7,3]'      0.459531
174   'x[2,8,1]'      0.160889
175   'x[2,8,2]'      0.378667
176   'x[2,8,3]'      0.460445
177   'x[2,9,1]'      0.166116
178   'x[2,9,2]'      0.383244
179   'x[2,9,3]'      0.450641
180   'x[2,10,1]'     0.189252
181   'x[2,10,2]'     0.37968
182   'x[2,10,3]'     0.43107
183   'x[2,11,1]'     0.233777
184   'x[2,11,2]'     0.362119
185   'x[2,11,3]'     0.404104
186   'x[2,12,1]'     0.184532
187   'x[2,12,2]'     0.33661
188   'x[2,12,3]'     0.478859
189   'x[2,13,1]'     0.156758
190   'x[2,13,2]'     0.314672
191   'x[2,13,3]'     0.528585
192   'x[2,14,1]'     0.173935
193   'x[2,14,2]'     0.335545
194   'x[2,14,3]'     0.490535
195   'x[2,15,1]'     0.266111
196   'x[2,15,2]'     0.359951
197   'x[2,15,3]'     0.373939
198   'CC[2]'         0
199   'CC[3]'         0
200   'CC[4]'         0
201   'CC[5]'         0
202   'CC[6]'         0
203   'CC[7]'         0
204   'CC[8]'         0
205   'CC[9]'         0
206   'CC[10]'        0
207   'CC[11]'        1.93757e-11
208   'CC[12]'        0
209   'CC[13]'        0
210   'CC[14]'        0
211   'CR[2]'         0
212   'CR[3]'         0
213   'CR[4]'         0
214   'CR[5]'        -6.58385e-10
215   'CR[6]'         0
216   'CR[7]'         0
217   'CR[8]'         0
218   'CR[9]'         0
219   'CR[10]'        0
220   'CR[11]'        0
221   'CR[12]'        0
222   'CR[13]'        0
223   'CR[14]'        0
224   'PC[1]'         5.36738e-11
225   'PC[2]'         7.59314e-11
226   'PR[1]'        40
227   'PR[2]'         2.30237e-10
228   'PS[2]'         0
229   'PS[3]'         0
230   'PS[4]'         0
231   'PS[5]'         0
232   'PS[6]'         0
233   'PS[7]'         0
234   'PS[8]'         1.83238e-10
235   'PS[9]'         0
236   'PS[10]'        0
237   'PS[11]'        0
238   'PS[12]'        0
239   'PS[13]'        0
240   'PS[14]'        0
241   Vap             2.89579e-10
242   Sep            90
;

