solve_message =
'Knitro 10.3.0: Relative change in infeasible solution estimate < xtol for xtol_iters.\
objective 3.6507057532408655e-09; feasibility error 6.06\
21 iterations; 27 function evaluations'

:      _varname         _var         :=
1     'F[2]'          0
2     'F[3]'          0
3     'F[4]'          0
4     'F[5]'          0
5     'F[6]'          0
6     'F[7]'          0
7     'F[8]'        100
8     'F[9]'          0
9     'F[10]'         0
10    'F[11]'         0
11    'F[12]'         0
12    'F[13]'         0
13    'F[14]'         0
14    'Vs[1]'         1.86557e-09
15    'Vs[2]'         1.78514e-09
16    'y[1,1,1]'      0.583271
17    'y[1,1,2]'      0.299227
18    'y[1,1,3]'      0.117502
19    'y[1,2,1]'      0.595013
20    'y[1,2,2]'      0.305251
21    'y[1,2,3]'      0.0997356
22    'y[1,3,1]'      0.595013
23    'y[1,3,2]'      0.305251
24    'y[1,3,3]'      0.0997356
25    'y[1,4,1]'      0.595013
26    'y[1,4,2]'      0.305251
27    'y[1,4,3]'      0.0997356
28    'y[1,5,1]'      0.595013
29    'y[1,5,2]'      0.305251
30    'y[1,5,3]'      0.0997356
31    'y[1,6,1]'      0.595013
32    'y[1,6,2]'      0.305251
33    'y[1,6,3]'      0.0997356
34    'y[1,7,1]'      0.595013
35    'y[1,7,2]'      0.305251
36    'y[1,7,3]'      0.0997356
37    'y[1,8,1]'      0.595013
38    'y[1,8,2]'      0.305251
39    'y[1,8,3]'      0.0997356
40    'y[1,9,1]'      0.525438
41    'y[1,9,2]'      0.21861
42    'y[1,9,3]'      0.255952
43    'y[1,10,1]'     0.46567
44    'y[1,10,2]'     0.261701
45    'y[1,10,3]'     0.272629
46    'y[1,11,1]'     0.432254
47    'y[1,11,2]'     0.318138
48    'y[1,11,3]'     0.249608
49    'y[1,12,1]'     0.436626
50    'y[1,12,2]'     0.345004
51    'y[1,12,3]'     0.218369
52    'y[1,13,1]'     0.485564
53    'y[1,13,2]'     0.329866
54    'y[1,13,3]'     0.18457
55    'y[1,14,1]'     0.56833
56    'y[1,14,2]'     0.2823
57    'y[1,14,3]'     0.14937
58    'y[1,15,1]'     0.648672
59    'y[1,15,2]'     0.23183
60    'y[1,15,3]'     0.119498
61    'y[2,1,1]'      0.32125
62    'y[2,1,2]'      0.315869
63    'y[2,1,3]'      0.36288
64    'y[2,2,1]'      0.424215
65    'y[2,2,2]'      0.335094
66    'y[2,2,3]'      0.240691
67    'y[2,3,1]'      0.484285
68    'y[2,3,2]'      0.332688
69    'y[2,3,3]'      0.183027
70    'y[2,4,1]'      0.489659
71    'y[2,4,2]'      0.345608
72    'y[2,4,3]'      0.164733
73    'y[2,5,1]'      0.428574
74    'y[2,5,2]'      0.405262
75    'y[2,5,3]'      0.166164
76    'y[2,6,1]'      0.417682
77    'y[2,6,2]'      0.382791
78    'y[2,6,3]'      0.199527
79    'y[2,7,1]'      0.404277
80    'y[2,7,2]'      0.378938
81    'y[2,7,3]'      0.216784
82    'y[2,8,1]'      0.400564
83    'y[2,8,2]'      0.377017
84    'y[2,8,3]'      0.222418
85    'y[2,9,1]'      0.409214
86    'y[2,9,2]'      0.372459
87    'y[2,9,3]'      0.218327
88    'y[2,10,1]'     0.438414
89    'y[2,10,2]'     0.356897
90    'y[2,10,3]'     0.204689
91    'y[2,11,1]'     0.500986
92    'y[2,11,2]'     0.318753
93    'y[2,11,3]'     0.180261
94    'y[2,12,1]'     0.454446
95    'y[2,12,2]'     0.333602
96    'y[2,12,3]'     0.211952
97    'y[2,13,1]'     0.447089
98    'y[2,13,2]'     0.345309
99    'y[2,13,3]'     0.207602
100   'y[2,14,1]'     0.510787
101   'y[2,14,2]'     0.329093
102   'y[2,14,3]'     0.16012
103   'y[2,15,1]'     0.647217
104   'y[2,15,2]'     0.252079
105   'y[2,15,3]'     0.100704
106   'Ls[1]'       100
107   'Ls[2]'         2.17434e-09
108   'x[1,1,1]'      0.75
109   'x[1,1,2]'      1
110   'x[1,1,3]'      0.901388
111   'x[1,2,1]'      0.3
112   'x[1,2,2]'      0.4
113   'x[1,2,3]'      0.3
114   'x[1,3,1]'      0.3
115   'x[1,3,2]'      0.4
116   'x[1,3,3]'      0.3
117   'x[1,4,1]'      0.3
118   'x[1,4,2]'      0.4
119   'x[1,4,3]'      0.3
120   'x[1,5,1]'      0.3
121   'x[1,5,2]'      0.4
122   'x[1,5,3]'      0.3
123   'x[1,6,1]'      0.3
124   'x[1,6,2]'      0.4
125   'x[1,6,3]'      0.3
126   'x[1,7,1]'      0.3
127   'x[1,7,2]'      0.4
128   'x[1,7,3]'      0.3
129   'x[1,8,1]'      0.3
130   'x[1,8,2]'      0.4
131   'x[1,8,3]'      0.3
132   'x[1,9,1]'      0.200503
133   'x[1,9,2]'      0.21681
134   'x[1,9,3]'      0.582687
135   'x[1,10,1]'     0.167971
136   'x[1,10,2]'     0.245342
137   'x[1,10,3]'     0.586687
138   'x[1,11,1]'     0.157284
139   'x[1,11,2]'     0.300863
140   'x[1,11,3]'     0.541853
141   'x[1,12,1]'     0.165636
142   'x[1,12,2]'     0.340154
143   'x[1,12,3]'     0.49421
144   'x[1,13,1]'     0.198674
145   'x[1,13,2]'     0.350785
146   'x[1,13,3]'     0.45054
147   'x[1,14,1]'     0.259137
148   'x[1,14,2]'     0.334541
149   'x[1,14,3]'     0.406322
150   'x[1,15,1]'     0.330262
151   'x[1,15,2]'     0.306768
152   'x[1,15,3]'     0.36297
153   'x[2,1,1]'      0.0971393
154   'x[2,1,2]'      0.248237
155   'x[2,1,3]'      0.654623
156   'x[2,2,1]'      0.15533
157   'x[2,2,2]'      0.318891
158   'x[2,2,3]'      0.52578
159   'x[2,3,1]'      0.198407
160   'x[2,3,2]'      0.354242
161   'x[2,3,3]'      0.447351
162   'x[2,4,1]'      0.206548
163   'x[2,4,2]'      0.378895
164   'x[2,4,3]'      0.414556
165   'x[2,5,1]'      0.173289
166   'x[2,5,2]'      0.425882
167   'x[2,5,3]'      0.400829
168   'x[2,6,1]'      0.160467
169   'x[2,6,2]'      0.382217
170   'x[2,6,3]'      0.457317
171   'x[2,7,1]'      0.150712
172   'x[2,7,2]'      0.36715
173   'x[2,7,3]'      0.482138
174   'x[2,8,1]'      0.147954
175   'x[2,8,2]'      0.361929
176   'x[2,8,3]'      0.490118
177   'x[2,9,1]'      0.152706
178   'x[2,9,2]'      0.361236
179   'x[2,9,3]'      0.486058
180   'x[2,10,1]'     0.169458
181   'x[2,10,2]'     0.358533
182   'x[2,10,3]'     0.472009
183   'x[2,11,1]'     0.208324
184   'x[2,11,2]'     0.344489
185   'x[2,11,3]'     0.447188
186   'x[2,12,1]'     0.175735
187   'x[2,12,2]'     0.335285
188   'x[2,12,3]'     0.48898
189   'x[2,13,1]'     0.173083
190   'x[2,13,2]'     0.347438
191   'x[2,13,3]'     0.479479
192   'x[2,14,1]'     0.220037
193   'x[2,14,2]'     0.368454
194   'x[2,14,3]'     0.411509
195   'x[2,15,1]'     0.340074
196   'x[2,15,2]'     0.344246
197   'x[2,15,3]'     0.31568
198   'CC[2]'         0
199   'CC[3]'         0
200   'CC[4]'         0
201   'CC[5]'         0
202   'CC[6]'         0
203   'CC[7]'         0
204   'CC[8]'         0
205   'CC[9]'         0
206   'CC[10]'        0
207   'CC[11]'        5.17529e-10
208   'CC[12]'        0
209   'CC[13]'        0
210   'CC[14]'        0
211   'CR[2]'         0
212   'CR[3]'         0
213   'CR[4]'         0
214   'CR[5]'         6.66768e-11
215   'CR[6]'         0
216   'CR[7]'         0
217   'CR[8]'         0
218   'CR[9]'         0
219   'CR[10]'        0
220   'CR[11]'        0
221   'CR[12]'        0
222   'CR[13]'        0
223   'CR[14]'        0
224   'PC[1]'         3.5929e-10
225   'PC[2]'         7.18109e-10
226   'PR[1]'        40
227   'PR[2]'         1.17686e-09
228   'PS[2]'         0
229   'PS[3]'         0
230   'PS[4]'         0
231   'PS[5]'         0
232   'PS[6]'         0
233   'PS[7]'         0
234   'PS[8]'         4.07363e-10
235   'PS[9]'         0
236   'PS[10]'        0
237   'PS[11]'        0
238   'PS[12]'        0
239   'PS[13]'        0
240   'PS[14]'        0
241   Vap             3.65071e-09
242   Sep            95
;

