solve_message =
'Knitro 10.3.0: Current infeasible solution estimate cannot be improved.\
objective 6.410799325038598e-08; feasibility error 8.21\
81 iterations; 157 function evaluations'

:      _varname         _var         :=
1     'F[2]'          0
2     'F[3]'          0
3     'F[4]'          0
4     'F[5]'          0
5     'F[6]'          0
6     'F[7]'          0
7     'F[8]'        100
8     'F[9]'          0
9     'F[10]'         0
10    'F[11]'         0
11    'F[12]'         0
12    'F[13]'         0
13    'F[14]'         0
14    'Vs[1]'         5.15312e-08
15    'Vs[2]'         1.25768e-08
16    'y[1,1,1]'      0.579204
17    'y[1,1,2]'      0.297141
18    'y[1,1,3]'      0.123655
19    'y[1,2,1]'      0.595013
20    'y[1,2,2]'      0.305251
21    'y[1,2,3]'      0.0997356
22    'y[1,3,1]'      0.595013
23    'y[1,3,2]'      0.305251
24    'y[1,3,3]'      0.0997356
25    'y[1,4,1]'      0.595013
26    'y[1,4,2]'      0.305251
27    'y[1,4,3]'      0.0997356
28    'y[1,5,1]'      0.595013
29    'y[1,5,2]'      0.305252
30    'y[1,5,3]'      0.0997356
31    'y[1,6,1]'      0.595013
32    'y[1,6,2]'      0.305251
33    'y[1,6,3]'      0.0997356
34    'y[1,7,1]'      0.595013
35    'y[1,7,2]'      0.305251
36    'y[1,7,3]'      0.0997356
37    'y[1,8,1]'      0.595013
38    'y[1,8,2]'      0.305251
39    'y[1,8,3]'      0.0997356
40    'y[1,9,1]'      0.277231
41    'y[1,9,2]'      7.11809e-05
42    'y[1,9,3]'      0.722698
43    'y[1,10,1]'     0.172575
44    'y[1,10,2]'     0.000524666
45    'y[1,10,3]'     0.8269
46    'y[1,11,1]'     0.51995
47    'y[1,11,2]'     0.0721216
48    'y[1,11,3]'     0.407928
49    'y[1,12,1]'     0.652694
50    'y[1,12,2]'     0.154286
51    'y[1,12,3]'     0.19302
52    'y[1,13,1]'     0.643417
53    'y[1,13,2]'     0.222006
54    'y[1,13,3]'     0.134577
55    'y[1,14,1]'     0.637204
56    'y[1,14,2]'     0.2379
57    'y[1,14,3]'     0.124897
58    'y[1,15,1]'     0.695965
59    'y[1,15,2]'     0.200741
60    'y[1,15,3]'     0.103294
61    'y[2,1,1]'      0.288281
62    'y[2,1,2]'      0.330508
63    'y[2,1,3]'      0.381211
64    'y[2,2,1]'      0.324355
65    'y[2,2,2]'      0.341291
66    'y[2,2,3]'      0.334354
67    'y[2,3,1]'      0.352749
68    'y[2,3,2]'      0.366381
69    'y[2,3,3]'      0.28087
70    'y[2,4,1]'      0.390867
71    'y[2,4,2]'      0.393814
72    'y[2,4,3]'      0.21532
73    'y[2,5,1]'      0.406404
74    'y[2,5,2]'      0.402755
75    'y[2,5,3]'      0.19084
76    'y[2,6,1]'      0.405977
77    'y[2,6,2]'      0.402015
78    'y[2,6,3]'      0.192008
79    'y[2,7,1]'      0.398514
80    'y[2,7,2]'      0.395131
81    'y[2,7,3]'      0.206355
82    'y[2,8,1]'      0.401085
83    'y[2,8,2]'      0.378935
84    'y[2,8,3]'      0.219979
85    'y[2,9,1]'      0.418344
86    'y[2,9,2]'      0.354414
87    'y[2,9,3]'      0.227241
88    'y[2,10,1]'     0.408593
89    'y[2,10,2]'     0.348146
90    'y[2,10,3]'     0.24326
91    'y[2,11,1]'     0.370322
92    'y[2,11,2]'     0.365852
93    'y[2,11,3]'     0.263826
94    'y[2,12,1]'     0.528414
95    'y[2,12,2]'     0.291245
96    'y[2,12,3]'     0.180342
97    'y[2,13,1]'     0.763233
98    'y[2,13,2]'     0.142644
99    'y[2,13,3]'     0.0941224
100   'y[2,14,1]'     0.909325
101   'y[2,14,2]'     0.0386356
102   'y[2,14,3]'     0.0520398
103   'y[2,15,1]'     0.966859
104   'y[2,15,2]'     0.00269956
105   'y[2,15,3]'     0.0304412
106   'Ls[1]'       100
107   'Ls[2]'         1.45929e-08
108   'x[1,1,1]'      0.75
109   'x[1,1,2]'      1
110   'x[1,1,3]'      0.955249
111   'x[1,2,1]'      0.3
112   'x[1,2,2]'      0.4
113   'x[1,2,3]'      0.3
114   'x[1,3,1]'      0.3
115   'x[1,3,2]'      0.4
116   'x[1,3,3]'      0.3
117   'x[1,4,1]'      0.3
118   'x[1,4,2]'      0.4
119   'x[1,4,3]'      0.3
120   'x[1,5,1]'      0.3
121   'x[1,5,2]'      0.4
122   'x[1,5,3]'      0.3
123   'x[1,6,1]'      0.3
124   'x[1,6,2]'      0.4
125   'x[1,6,3]'      0.3
126   'x[1,7,1]'      0.3
127   'x[1,7,2]'      0.4
128   'x[1,7,3]'      0.3
129   'x[1,8,1]'      0.3
130   'x[1,8,2]'      0.4
131   'x[1,8,3]'      0.3
132   'x[1,9,1]'      0.0604124
133   'x[1,9,2]'      3.96714e-05
134   'x[1,9,3]'      0.939548
135   'x[1,10,1]'     0.0337901
136   'x[1,10,2]'     0.000266644
137   'x[1,10,3]'     0.965944
138   'x[1,11,1]'     0.165525
139   'x[1,11,2]'     0.059675
140   'x[1,11,3]'     0.7748
141   'x[1,12,1]'     0.295962
142   'x[1,12,2]'     0.181834
143   'x[1,12,3]'     0.522204
144   'x[1,13,1]'     0.317995
145   'x[1,13,2]'     0.285174
146   'x[1,13,3]'     0.396831
147   'x[1,14,1]'     0.318493
148   'x[1,14,2]'     0.309052
149   'x[1,14,3]'     0.372455
150   'x[1,15,1]'     0.379483
151   'x[1,15,2]'     0.284483
152   'x[1,15,3]'     0.336034
153   'x[2,1,1]'      0.0842454
154   'x[2,1,2]'      0.251045
155   'x[2,1,3]'      0.66471
156   'x[2,2,1]'      0.101164
157   'x[2,2,2]'      0.276662
158   'x[2,2,3]'      0.622174
159   'x[2,3,1]'      0.118344
160   'x[2,3,2]'      0.31947
161   'x[2,3,3]'      0.562186
162   'x[2,4,1]'      0.144815
163   'x[2,4,2]'      0.379224
164   'x[2,4,3]'      0.475961
165   'x[2,5,1]'      0.156804
166   'x[2,5,2]'      0.403885
167   'x[2,5,3]'      0.439311
168   'x[2,6,1]'      0.156359
169   'x[2,6,2]'      0.402426
170   'x[2,6,3]'      0.441215
171   'x[2,7,1]'      0.150003
172   'x[2,7,2]'      0.386564
173   'x[2,7,3]'      0.463433
174   'x[2,8,1]'      0.148635
175   'x[2,8,2]'      0.364978
176   'x[2,8,3]'      0.486387
177   'x[2,9,1]'      0.155211
178   'x[2,9,2]'      0.341758
179   'x[2,9,3]'      0.503032
180   'x[2,10,1]'     0.147777
181   'x[2,10,2]'     0.327269
182   'x[2,10,3]'     0.524955
183   'x[2,11,1]'     0.127894
184   'x[2,11,2]'     0.328415
185   'x[2,11,3]'     0.543691
186   'x[2,12,1]'     0.223761
187   'x[2,12,2]'     0.320548
188   'x[2,12,3]'     0.455692
189   'x[2,13,1]'     0.4501
190   'x[2,13,2]'     0.218643
191   'x[2,13,3]'     0.331256
192   'x[2,14,1]'     0.688736
193   'x[2,14,2]'     0.0760567
194   'x[2,14,3]'     0.235207
195   'x[2,15,1]'     0.836745
196   'x[2,15,2]'     0.00607228
197   'x[2,15,3]'     0.157183
198   'CC[2]'         0
199   'CC[3]'         0
200   'CC[4]'         0
201   'CC[5]'         0
202   'CC[6]'         0
203   'CC[7]'         0
204   'CC[8]'         0
205   'CC[9]'         0
206   'CC[10]'        0
207   'CC[11]'        3.19383e-09
208   'CC[12]'        0
209   'CC[13]'        0
210   'CC[14]'        0
211   'CR[2]'         0
212   'CR[3]'         0
213   'CR[4]'         0
214   'CR[5]'         4.41781e-09
215   'CR[6]'         0
216   'CR[7]'         0
217   'CR[8]'         0
218   'CR[9]'         0
219   'CR[10]'        0
220   'CR[11]'        0
221   'CR[12]'        0
222   'CR[13]'        0
223   'CR[14]'        0
224   'PC[1]'        -3.20605e-09
225   'PC[2]'         1.58932e-08
226   'PR[1]'        40
227   'PR[2]'         3.97568e-08
228   'PS[2]'         0
229   'PS[3]'         0
230   'PS[4]'         0
231   'PS[5]'         0
232   'PS[6]'         0
233   'PS[7]'         0
234   'PS[8]'         4.20414e-11
235   'PS[9]'         0
236   'PS[10]'        0
237   'PS[11]'        0
238   'PS[12]'        0
239   'PS[13]'        0
240   'PS[14]'        0
241   Vap             6.4108e-08
242   Sep            99
;

