solve_message =
'Knitro 10.3.0: Current infeasible solution estimate cannot be improved.\
objective 2.798779461023581e-06; feasibility error 8.47\
271 iterations; 493 function evaluations'

:      _varname         _var         :=
1     'F[2]'          0
2     'F[3]'          0
3     'F[4]'          0
4     'F[5]'          0
5     'F[6]'          0
6     'F[7]'          0
7     'F[8]'        100
8     'F[9]'          0
9     'F[10]'         0
10    'F[11]'         0
11    'F[12]'         0
12    'F[13]'         0
13    'F[14]'         0
14    'Vs[1]'         1.39504e-07
15    'Vs[2]'         2.65928e-06
16    'y[1,1,1]'      0.578716
17    'y[1,1,2]'      0.29689
18    'y[1,1,3]'      0.124394
19    'y[1,2,1]'      0.595013
20    'y[1,2,2]'      0.305251
21    'y[1,2,3]'      0.0997356
22    'y[1,3,1]'      0.595013
23    'y[1,3,2]'      0.305251
24    'y[1,3,3]'      0.0997356
25    'y[1,4,1]'      0.595013
26    'y[1,4,2]'      0.305251
27    'y[1,4,3]'      0.0997356
28    'y[1,5,1]'      0.595013
29    'y[1,5,2]'      0.305251
30    'y[1,5,3]'      0.0997356
31    'y[1,6,1]'      0.595013
32    'y[1,6,2]'      0.305251
33    'y[1,6,3]'      0.0997356
34    'y[1,7,1]'      0.595013
35    'y[1,7,2]'      0.305251
36    'y[1,7,3]'      0.0997356
37    'y[1,8,1]'      0.595013
38    'y[1,8,2]'      0.305251
39    'y[1,8,3]'      0.0997355
40    'y[1,9,1]'      0.46147
41    'y[1,9,2]'      0.185115
42    'y[1,9,3]'      0.353419
43    'y[1,10,1]'     0.422722
44    'y[1,10,2]'     0.195041
45    'y[1,10,3]'     0.382232
46    'y[1,11,1]'     0.47805
47    'y[1,11,2]'     0.267199
48    'y[1,11,3]'     0.2548
49    'y[1,12,1]'     0.56128
50    'y[1,12,2]'     0.27192
51    'y[1,12,3]'     0.166799
52    'y[1,13,1]'     0.644317
53    'y[1,13,2]'     0.21707
54    'y[1,13,3]'     0.138613
55    'y[1,14,1]'     0.742698
56    'y[1,14,2]'     0.124864
57    'y[1,14,3]'     0.132438
58    'y[1,15,1]'     0.817567
59    'y[1,15,2]'     0.0646256
60    'y[1,15,3]'     0.117808
61    'y[2,1,1]'      0.0689902
62    'y[2,1,2]'      0.506938
63    'y[2,1,3]'      0.424072
64    'y[2,2,1]'      0.169668
65    'y[2,2,2]'      0.524375
66    'y[2,2,3]'      0.305956
67    'y[2,3,1]'      0.256837
68    'y[2,3,2]'      0.503788
69    'y[2,3,3]'      0.239375
70    'y[2,4,1]'      0.317604
71    'y[2,4,2]'      0.477665
72    'y[2,4,3]'      0.204731
73    'y[2,5,1]'      0.363528
74    'y[2,5,2]'      0.453291
75    'y[2,5,3]'      0.183181
76    'y[2,6,1]'      0.396403
77    'y[2,6,2]'      0.427972
78    'y[2,6,3]'      0.175625
79    'y[2,7,1]'      0.418041
80    'y[2,7,2]'      0.402619
81    'y[2,7,3]'      0.17934
82    'y[2,8,1]'      0.44573
83    'y[2,8,2]'      0.389832
84    'y[2,8,3]'      0.164438
85    'y[2,9,1]'      0.477944
86    'y[2,9,2]'      0.347009
87    'y[2,9,3]'      0.175047
88    'y[2,10,1]'     0.508776
89    'y[2,10,2]'     0.330922
90    'y[2,10,3]'     0.160302
91    'y[2,11,1]'     0.642566
92    'y[2,11,2]'     0.218723
93    'y[2,11,3]'     0.138711
94    'y[2,12,1]'     0.688608
95    'y[2,12,2]'     0.199217
96    'y[2,12,3]'     0.112175
97    'y[2,13,1]'     0.762729
98    'y[2,13,2]'     0.159681
99    'y[2,13,3]'     0.0775904
100   'y[2,14,1]'     0.84163
101   'y[2,14,2]'     0.107791
102   'y[2,14,3]'     0.0505792
103   'y[2,15,1]'     0.94152
104   'y[2,15,2]'     0.0531137
105   'y[2,15,3]'     0.00536637
106   'Ls[1]'       100
107   'Ls[2]'         4.38811e-07
108   'x[1,1,1]'      0.75
109   'x[1,1,2]'      1
110   'x[1,1,3]'      0.961769
111   'x[1,2,1]'      0.3
112   'x[1,2,2]'      0.4
113   'x[1,2,3]'      0.3
114   'x[1,3,1]'      0.3
115   'x[1,3,2]'      0.4
116   'x[1,3,3]'      0.3
117   'x[1,4,1]'      0.3
118   'x[1,4,2]'      0.4
119   'x[1,4,3]'      0.3
120   'x[1,5,1]'      0.3
121   'x[1,5,2]'      0.4
122   'x[1,5,3]'      0.3
123   'x[1,6,1]'      0.3
124   'x[1,6,2]'      0.4
125   'x[1,6,3]'      0.3
126   'x[1,7,1]'      0.3
127   'x[1,7,2]'      0.4
128   'x[1,7,3]'      0.3
129   'x[1,8,1]'      0.3
130   'x[1,8,2]'      0.4
131   'x[1,8,3]'      0.3
132   'x[1,9,1]'      0.151245
133   'x[1,9,2]'      0.157688
134   'x[1,9,3]'      0.691066
135   'x[1,10,1]'     0.131685
136   'x[1,10,2]'     0.15792
137   'x[1,10,3]'     0.710395
138   'x[1,11,1]'     0.177545
139   'x[1,11,2]'     0.257915
140   'x[1,11,3]'     0.564551
141   'x[1,12,1]'     0.248011
142   'x[1,12,2]'     0.312281
143   'x[1,12,3]'     0.439709
144   'x[1,13,1]'     0.316549
145   'x[1,13,2]'     0.277173
146   'x[1,13,3]'     0.406278
147   'x[1,14,1]'     0.399873
148   'x[1,14,2]'     0.174725
149   'x[1,14,3]'     0.425401
150   'x[1,15,1]'     0.484237
151   'x[1,15,2]'     0.0994828
152   'x[1,15,3]'     0.41628
153   'x[2,1,1]'      0.0176152
154   'x[2,1,2]'      0.336406
155   'x[2,1,3]'      0.645978
156   'x[2,2,1]'      0.0505289
157   'x[2,2,2]'      0.405873
158   'x[2,2,3]'      0.543598
159   'x[2,3,1]'      0.0857756
160   'x[2,3,2]'      0.437283
161   'x[2,3,3]'      0.476941
162   'x[2,4,1]'      0.114226
163   'x[2,4,2]'      0.446491
164   'x[2,4,3]'      0.439283
165   'x[2,5,1]'      0.137988
166   'x[2,5,2]'      0.447188
167   'x[2,5,3]'      0.414824
168   'x[2,6,1]'      0.155059
169   'x[2,6,2]'      0.435093
170   'x[2,6,3]'      0.409849
171   'x[2,7,1]'      0.164948
172   'x[2,7,2]'      0.412886
173   'x[2,7,3]'      0.422166
174   'x[2,8,1]'      0.182681
175   'x[2,8,2]'      0.415249
176   'x[2,8,3]'      0.40207
177   'x[2,9,1]'      0.19716
178   'x[2,9,2]'      0.372041
179   'x[2,9,3]'      0.430799
180   'x[2,10,1]'     0.21881
181   'x[2,10,2]'     0.369892
182   'x[2,10,3]'     0.411299
183   'x[2,11,1]'     0.315204
184   'x[2,11,2]'     0.278854
185   'x[2,11,3]'     0.405942
186   'x[2,12,1]'     0.367139
187   'x[2,12,2]'     0.276055
188   'x[2,12,3]'     0.356806
189   'x[2,13,1]'     0.464897
190   'x[2,13,2]'     0.252958
191   'x[2,13,3]'     0.282145
192   'x[2,14,1]'     0.591225
193   'x[2,14,2]'     0.1968
194   'x[2,14,3]'     0.211975
195   'x[2,15,1]'     0.847012
196   'x[2,15,2]'     0.124187
197   'x[2,15,3]'     0.0288016
198   'CC[2]'         0
199   'CC[3]'         0
200   'CC[4]'         0
201   'CC[5]'         0
202   'CC[6]'         0
203   'CC[7]'         0
204   'CC[8]'         0
205   'CC[9]'         0
206   'CC[10]'        0
207   'CC[11]'       -6.23724e-07
208   'CC[12]'        0
209   'CC[13]'        0
210   'CC[14]'        0
211   'CR[2]'         0
212   'CR[3]'         0
213   'CR[4]'         0
214   'CR[5]'         1.19289e-06
215   'CR[6]'         0
216   'CR[7]'         0
217   'CR[8]'         0
218   'CR[9]'         0
219   'CR[10]'        0
220   'CR[11]'        0
221   'CR[12]'        0
222   'CR[13]'        0
223   'CR[14]'        0
224   'PC[1]'         4.29388e-06
225   'PC[2]'         8.40438e-06
226   'PR[1]'        40
227   'PR[2]'        -3.22091e-07
228   'PS[2]'         0
229   'PS[3]'         0
230   'PS[4]'         0
231   'PS[5]'         0
232   'PS[6]'         0
233   'PS[7]'         0
234   'PS[8]'        -1.55381e-06
235   'PS[9]'         0
236   'PS[10]'        0
237   'PS[11]'        0
238   'PS[12]'        0
239   'PS[13]'        0
240   'PS[14]'        0
241   Vap             2.79878e-06
242   Sep            99.5
;

