solve_message =
'filterSQP (20020316): Nonlinear constraints locally infeasible\
41 iterations (40 for feasibility)\
Evals: obj = 1, constr = 112, grad = 40, Hes = 41'

:     _varname         _var          :=
1     'F[2]'          0
2     'F[3]'          0
3     'F[4]'          0
4     'F[5]'          0
5     'F[6]'          0
6     'F[7]'          0
7     'F[8]'        100
8     'F[9]'          0
9     'F[10]'         0
10    'F[11]'         0
11    'F[12]'         0
12    'F[13]'         0
13    'F[14]'         0
14    Vs          81476.3
15    'y[1,1]'        2.80114e-06
16    'y[1,2]'        0.264838
17    'y[1,3]'        0.73516
18    'y[2,1]'        7.91255e-06
19    'y[2,2]'        0.325539
20    'y[2,3]'        0.674454
21    'y[3,1]'        2.19335e-05
22    'y[3,2]'        0.39269
23    'y[3,3]'        0.607288
24    'y[4,1]'        5.95718e-05
25    'y[4,2]'        0.464122
26    'y[4,3]'        0.535819
27    'y[5,1]'        0.000158393
28    'y[5,2]'        0.536989
29    'y[5,3]'        0.462852
30    'y[6,1]'        0.000412252
31    'y[6,2]'        0.608165
32    'y[6,3]'        0.391422
33    'y[7,1]'        0.00105101
34    'y[7,2]'        0.674664
35    'y[7,3]'        0.324285
36    'y[8,1]'        0.00262743
37    'y[8,2]'        0.73388
38    'y[8,3]'        0.263492
39    'y[9,1]'        0.00555207
40    'y[9,2]'        0.784224
41    'y[9,3]'        0.210224
42    'y[10,1]'       0.0125079
43    'y[10,2]'       0.822819
44    'y[10,3]'       0.164673
45    'y[11,1]'       0.0286715
46    'y[11,2]'       0.845068
47    'y[11,3]'       0.12626
48    'y[12,1]'       0.0648001
49    'y[12,2]'       0.841359
50    'y[12,3]'       0.093841
51    'y[13,1]'       0.139836
52    'y[13,2]'       0.794052
53    'y[13,3]'       0.0661113
54    'y[14,1]'       0.27551
55    'y[14,2]'       0.6821
56    'y[14,3]'       0.0423902
57    'y[15,1]'       0.469939
58    'y[15,2]'       0.506564
59    'y[15,3]'       0.023497
60    Ls          81512.5
61    'x[1,1]'        9.74979e-07
62    'x[1,2]'        0.211878
63    'x[1,3]'        0.788121
64    'x[2,1]'        2.80033e-06
65    'x[2,2]'        0.264814
66    'x[2,3]'        0.735183
67    'x[3,1]'        7.90947e-06
68    'x[3,2]'        0.325488
69    'x[3,3]'        0.674504
70    'x[4,1]'        2.19242e-05
71    'x[4,2]'        0.39261
72    'x[4,3]'        0.607368
73    'x[5,1]'        5.95458e-05
74    'x[5,2]'        0.46401
75    'x[5,3]'        0.535931
76    'x[6,1]'        0.000158323
77    'x[6,2]'        0.536845
78    'x[6,3]'        0.462996
79    'x[7,1]'        0.000412069
80    'x[7,2]'        0.60799
81    'x[7,3]'        0.391598
82    'x[8,1]'        0.00105055
83    'x[8,2]'        0.674458
84    'x[8,3]'        0.324491
85    'x[9,1]'        0.00226099
86    'x[9,2]'        0.734059
87    'x[9,3]'        0.26368
88    'x[10,1]'       0.00518793
89    'x[10,2]'       0.784442
90    'x[10,3]'       0.21037
91    'x[11,1]'       0.0121492
92    'x[11,2]'       0.823067
93    'x[11,3]'       0.164784
94    'x[12,1]'       0.0283255
95    'x[12,2]'       0.845334
96    'x[12,3]'       0.126341
97    'x[13,1]'       0.0644825
98    'x[13,2]'       0.841621
99    'x[13,3]'       0.0938962
100   'x[14,1]'       0.139577
101   'x[14,2]'       0.794278
102   'x[14,3]'       0.0661447
103   'x[15,1]'       0.275357
104   'x[15,2]'       0.682238
105   'x[15,3]'       0.0424051
106   PC             63.838
107   PR             36.162
108   Vap         81476.3
;

