solve_message =
'filterSQP (20020316): QP infeasible (ifail = 4), objective = 100.78559741635469\
7 iterations (6 for feasibility)\
Evals: obj = 1, constr = 8, grad = 8, Hes = 7'

:     _varname        _var         :=
1     'F[2]'        0
2     'F[3]'        0
3     'F[4]'        0
4     'F[5]'        0
5     'F[6]'        0
6     'F[7]'        0
7     'F[8]'        0
8     'F[9]'        0
9     'F[10]'       0
10    'F[11]'       0
11    'F[12]'       0
12    'F[13]'       0
13    'F[14]'       0
14    'F[15]'     100
15    'F[16]'       0
16    'F[17]'       0
17    'F[18]'       0
18    'F[19]'       0
19    'F[20]'       0
20    'F[21]'       0
21    'F[22]'       0
22    'F[23]'       0
23    'F[24]'       0
24    'F[25]'       0
25    'F[26]'       0
26    'F[27]'       0
27    'F[28]'       0
28    'F[29]'       0
29    Vs          100.786
30    'y[1,1]'      0.0109633
31    'y[1,2]'      0.633102
32    'y[1,3]'      0.355935
33    'y[2,1]'      0.0206984
34    'y[2,2]'      0.664215
35    'y[2,3]'      0.315086
36    'y[3,1]'      0.0346388
37    'y[3,2]'      0.674294
38    'y[3,3]'      0.291067
39    'y[4,1]'      0.0542
40    'y[4,2]'      0.670384
41    'y[4,3]'      0.275416
42    'y[5,1]'      0.0808962
43    'y[5,2]'      0.655857
44    'y[5,3]'      0.263247
45    'y[6,1]'      0.115972
46    'y[6,2]'      0.632223
47    'y[6,3]'      0.251805
48    'y[7,1]'      0.159814
49    'y[7,2]'      0.600503
50    'y[7,3]'      0.239683
51    'y[8,1]'      0.211307
52    'y[8,2]'      0.562241
53    'y[8,3]'      0.226452
54    'y[9,1]'      0.267537
55    'y[9,2]'      0.520012
56    'y[9,3]'      0.212451
57    'y[10,1]'     0.324255
58    'y[10,2]'     0.477226
59    'y[10,3]'     0.198519
60    'y[11,1]'     0.377064
61    'y[11,2]'     0.437311
62    'y[11,3]'     0.185625
63    'y[12,1]'     0.42269
64    'y[12,2]'     0.402793
65    'y[12,3]'     0.174516
66    'y[13,1]'     0.459634
67    'y[13,2]'     0.374833
68    'y[13,3]'     0.165533
69    'y[14,1]'     0.488004
70    'y[14,2]'     0.353357
71    'y[14,3]'     0.158639
72    'y[15,1]'     0.508919
73    'y[15,2]'     0.337522
74    'y[15,3]'     0.153558
75    'y[16,1]'     0.522327
76    'y[16,2]'     0.356127
77    'y[16,3]'     0.121546
78    'y[17,1]'     0.540381
79    'y[17,2]'     0.365951
80    'y[17,3]'     0.0936682
81    'y[18,1]'     0.565417
82    'y[18,2]'     0.364606
83    'y[18,3]'     0.069977
84    'y[19,1]'     0.599897
85    'y[19,2]'     0.349769
86    'y[19,3]'     0.0503343
87    'y[20,1]'     0.645343
88    'y[20,2]'     0.320111
89    'y[20,3]'     0.0345458
90    'y[21,1]'     0.700808
91    'y[21,2]'     0.276784
92    'y[21,3]'     0.022408
93    'y[22,1]'     0.761906
94    'y[22,2]'     0.224453
95    'y[22,3]'     0.0136413
96    'y[23,1]'     0.821819
97    'y[23,2]'     0.170398
98    'y[23,3]'     0.00778328
99    'y[24,1]'     0.874166
100   'y[24,2]'     0.12165
101   'y[24,3]'     0.00418398
102   'y[25,1]'     0.915475
103   'y[25,2]'     0.0823854
104   'y[25,3]'     0.00213971
105   'y[26,1]'     0.945538
106   'y[26,2]'     0.0534096
107   'y[26,3]'     0.00105198
108   'y[27,1]'     0.966159
109   'y[27,2]'     0.0333399
110   'y[27,3]'     0.000501022
111   'y[28,1]'     0.979738
112   'y[28,2]'     0.0200302
113   'y[28,3]'     0.000231458
114   'y[29,1]'     0.988445
115   'y[29,2]'     0.0114525
116   'y[29,3]'     0.000102604
117   'y[30,1]'     0.993933
118   'y[30,2]'     0.00602498
119   'y[30,3]'     4.19426e-05
120   Ls          170.904
121   'x[1,1]'      0.00427846
122   'x[1,2]'      0.567894
123   'x[1,3]'      0.427828
124   'x[2,1]'      0.00822062
125   'x[2,2]'      0.606348
126   'x[2,3]'      0.385431
127   'x[3,1]'      0.0139616
128   'x[3,2]'      0.624696
129   'x[3,3]'      0.361342
130   'x[4,1]'      0.0221825
131   'x[4,2]'      0.63064
132   'x[4,3]'      0.347178
133   'x[5,1]'      0.0337181
134   'x[5,2]'      0.628334
135   'x[5,3]'      0.337948
136   'x[6,1]'      0.0494614
137   'x[6,2]'      0.619767
138   'x[6,3]'      0.330771
139   'x[7,1]'      0.0701464
140   'x[7,2]'      0.60583
141   'x[7,3]'      0.324024
142   'x[8,1]'      0.0960011
143   'x[8,2]'      0.587124
144   'x[8,3]'      0.316875
145   'x[9,1]'      0.126367
146   'x[9,2]'      0.56456
147   'x[9,3]'      0.309073
148   'x[10,1]'     0.159527
149   'x[10,2]'     0.539657
150   'x[10,3]'     0.300816
151   'x[11,1]'     0.192975
152   'x[11,2]'     0.514425
153   'x[11,3]'     0.2926
154   'x[12,1]'     0.224117
155   'x[12,2]'     0.490886
156   'x[12,3]'     0.284996
157   'x[13,1]'     0.251024
158   'x[13,2]'     0.470531
159   'x[13,3]'     0.278445
160   'x[14,1]'     0.27281
161   'x[14,2]'     0.454042
162   'x[14,3]'     0.273148
163   'x[15,1]'     0.289541
164   'x[15,2]'     0.441377
165   'x[15,3]'     0.269082
166   'x[16,1]'     0.30452
167   'x[16,2]'     0.477226
168   'x[16,3]'     0.218255
169   'x[17,1]'     0.323577
170   'x[17,2]'     0.503671
171   'x[17,3]'     0.172751
172   'x[18,1]'     0.34924
173   'x[18,2]'     0.517635
174   'x[18,3]'     0.133125
175   'x[19,1]'     0.384827
176   'x[19,2]'     0.515723
177   'x[19,3]'     0.0994499
178   'x[20,1]'     0.433838
179   'x[20,2]'     0.494633
180   'x[20,3]'     0.0715291
181   'x[21,1]'     0.498436
182   'x[21,2]'     0.452477
183   'x[21,3]'     0.0490868
184   'x[22,1]'     0.577277
185   'x[22,2]'     0.39089
186   'x[22,3]'     0.0318338
187   'x[23,1]'     0.664122
188   'x[23,2]'     0.316505
189   'x[23,3]'     0.0193725
190   'x[24,1]'     0.749285
191   'x[24,2]'     0.239669
192   'x[24,3]'     0.0110457
193   'x[25,1]'     0.823692
194   'x[25,2]'     0.170379
195   'x[25,3]'     0.00592957
196   'x[26,1]'     0.88241
197   'x[26,2]'     0.114566
198   'x[26,3]'     0.00302377
199   'x[27,1]'     0.925143
200   'x[27,2]'     0.0733789
201   'x[27,3]'     0.00147764
202   'x[28,1]'     0.954454
203   'x[28,2]'     0.0448513
204   'x[28,3]'     0.000694492
205   'x[29,1]'     0.973756
206   'x[29,2]'     0.0259324
207   'x[29,3]'     0.000311325
208   'x[30,1]'     0.986132
209   'x[30,2]'     0.0137398
210   'x[30,3]'     0.000128169
211   PC           29.8813
212   PR           70.1187
213   Vap         100.786
;

