solve_message =
'Knitro 10.3.0: Convergence to an infeasible point. Problem may be locally infeasible.\
objective 169217.84133501915; feasibility error 17.9\
262 iterations; 838 function evaluations'

:            _varname               _var           :=
1      'F[2]'                       0
2      'F[3]'                       0
3      'F[4]'                       0
4      'F[5]'                       0
5      'F[6]'                       0
6      'F[7]'                       0
7      'F[8]'                     200
8      'F[9]'                       0
9      'F[10]'                      0
10     'F[11]'                      0
11     'F[12]'                      0
12     'F[13]'                      0
13     'F[14]'                      0
14     'V[1,1]'                   174.938
15     'V[1,2]'                   181.405
16     'V[1,3]'                   183.621
17     'V[1,4]'                   183.397
18     'V[1,5]'                   182.294
19     'V[1,6]'                   181.078
20     'V[1,7]'                   180.101
21     'V[1,8]'                   179.652
22     'V[1,9]'                   184.974
23     'V[1,10]'                  188.258
24     'V[1,11]'                  189.889
25     'V[1,12]'                  190.645
26     'V[1,13]'                  191.094
27     'V[1,14]'                  191.731
28     'V[1,15]'                    0
29     'V[2,1]'                169043
30     'V[2,2]'                164257
31     'V[2,3]'                159936
32     'V[2,4]'                164163
33     'V[2,5]'                177212
34     'V[2,6]'                188210
35     'V[2,7]'                192884
36     'V[2,8]'                193933
37     'V[2,9]'                193724
38     'V[2,10]'               193647
39     'V[2,11]'               194900
40     'V[2,12]'               198047
41     'V[2,13]'               202317
42     'V[2,14]'               206246
43     'V[2,15]'                    0
44     'y[1,1,1]'                   0.0379736
45     'y[1,1,2]'                   0.68589
46     'y[1,1,3]'                   0.276136
47     'y[1,2,1]'                   0.0712665
48     'y[1,2,2]'                   0.778223
49     'y[1,2,3]'                   0.15051
50     'y[1,3,1]'                   0.114085
51     'y[1,3,2]'                   0.780138
52     'y[1,3,3]'                   0.105777
53     'y[1,4,1]'                   0.168397
54     'y[1,4,2]'                   0.742062
55     'y[1,4,3]'                   0.0895413
56     'y[1,5,1]'                   0.234139
57     'y[1,5,2]'                   0.684051
58     'y[1,5,3]'                   0.0818097
59     'y[1,6,1]'                   0.308266
60     'y[1,6,2]'                   0.615468
61     'y[1,6,3]'                   0.0762662
62     'y[1,7,1]'                   0.385045
63     'y[1,7,2]'                   0.543687
64     'y[1,7,3]'                   0.0712681
65     'y[1,8,1]'                   0.457749
66     'y[1,8,2]'                   0.475601
67     'y[1,8,3]'                   0.0666502
68     'y[1,9,1]'                   0.4609
69     'y[1,9,2]'                   0.507069
70     'y[1,9,3]'                   0.0320313
71     'y[1,10,1]'                  0.463531
72     'y[1,10,2]'                  0.522609
73     'y[1,10,3]'                  0.0138598
74     'y[1,11,1]'                  0.467811
75     'y[1,11,2]'                  0.526527
76     'y[1,11,3]'                  0.0056621
77     'y[1,12,1]'                  0.477045
78     'y[1,12,2]'                  0.520723
79     'y[1,12,3]'                  0.00223269
80     'y[1,13,1]'                  0.497772
81     'y[1,13,2]'                  0.501381
82     'y[1,13,3]'                  0.000846936
83     'y[1,14,1]'                  0.542792
84     'y[1,14,2]'                  0.45691
85     'y[1,14,3]'                  0.000298032
86     'y[1,15,1]'                  0.632004
87     'y[1,15,2]'                  0.367909
88     'y[1,15,3]'                  8.70703e-05
89     'y[2,1,1]'                   6.69815e-05
90     'y[2,1,2]'                   0.0512993
91     'y[2,1,3]'                   0.948634
92     'y[2,2,1]'                   0.000319943
93     'y[2,2,2]'                   0.137259
94     'y[2,2,3]'                   0.862421
95     'y[2,3,1]'                   0.00136097
96     'y[2,3,2]'                   0.323668
97     'y[2,3,3]'                   0.674971
98     'y[2,4,1]'                   0.00464039
99     'y[2,4,2]'                   0.599312
100    'y[2,4,3]'                   0.396048
101    'y[2,5,1]'                   0.0120765
102    'y[2,5,2]'                   0.82497
103    'y[2,5,3]'                   0.162953
104    'y[2,6,1]'                   0.0260009
105    'y[2,6,2]'                   0.921854
106    'y[2,6,3]'                   0.0521447
107    'y[2,7,1]'                   0.0512395
108    'y[2,7,2]'                   0.93392
109    'y[2,7,3]'                   0.0148407
110    'y[2,8,1]'                   0.0964767
111    'y[2,8,2]'                   0.899533
112    'y[2,8,3]'                   0.00399017
113    'y[2,9,1]'                   0.173792
114    'y[2,9,2]'                   0.82518
115    'y[2,9,3]'                   0.00102842
116    'y[2,10,1]'                  0.293877
117    'y[2,10,2]'                  0.705864
118    'y[2,10,3]'                  0.000259473
119    'y[2,11,1]'                  0.45383
120    'y[2,11,2]'                  0.546098
121    'y[2,11,3]'                  7.2156e-05
122    'y[2,12,1]'                  0.626635
123    'y[2,12,2]'                  0.373336
124    'y[2,12,3]'                  2.89551e-05
125    'y[2,13,1]'                  0.774389
126    'y[2,13,2]'                  0.225593
127    'y[2,13,3]'                  1.81426e-05
128    'y[2,14,1]'                  0.87639
129    'y[2,14,2]'                  0.123595
130    'y[2,14,3]'                  1.43917e-05
131    'y[2,15,1]'                  0.936484
132    'y[2,15,2]'                  0.063514
133    'y[2,15,3]'                  1.80157e-06
134    'L[1,1]'                     0
135    'L[1,2]'                   282.156
136    'L[1,3]'                   288.623
137    'L[1,4]'                   290.839
138    'L[1,5]'                   290.615
139    'L[1,6]'                   289.512
140    'L[1,7]'                   288.296
141    'L[1,8]'                   287.319
142    'L[1,9]'                    86.8707
143    'L[1,10]'                   92.1923
144    'L[1,11]'                   95.476
145    'L[1,12]'                   97.1068
146    'L[1,13]'                   97.8627
147    'L[1,14]'                   98.3125
148    'L[1,15]'                   98.9495
149    'L[2,1]'                     0
150    'L[2,2]'                169121
151    'L[2,3]'                164336
152    'L[2,4]'                160014
153    'L[2,5]'                164241
154    'L[2,6]'                177183
155    'L[2,7]'                188181
156    'L[2,8]'                192855
157    'L[2,9]'                193984
158    'L[2,10]'               193775
159    'L[2,11]'               193698
160    'L[2,12]'               194858
161    'L[2,13]'               198005
162    'L[2,14]'               202275
163    'L[2,15]'               206186
164    'x[1,1,1]'                   0.0126989
165    'x[1,1,2]'                   0.42777
166    'x[1,1,3]'                   0.559531
167    'x[1,2,1]'                   0.0283694
168    'x[1,2,2]'                   0.587806
169    'x[1,2,3]'                   0.383825
170    'x[1,3,1]'                   0.0495097
171    'x[1,3,2]'                   0.648036
172    'x[1,3,3]'                   0.302454
173    'x[1,4,1]'                   0.0767087
174    'x[1,4,2]'                   0.650237
175    'x[1,4,3]'                   0.273054
176    'x[1,5,1]'                   0.110954
177    'x[1,5,2]'                   0.626108
178    'x[1,5,3]'                   0.262937
179    'x[1,6,1]'                   0.152131
180    'x[1,6,2]'                   0.58914
181    'x[1,6,3]'                   0.258729
182    'x[1,7,1]'                   0.198344
183    'x[1,7,2]'                   0.545662
184    'x[1,7,3]'                   0.255994
185    'x[1,8,1]'                   0.246097
186    'x[1,8,2]'                   0.500431
187    'x[1,8,3]'                   0.253472
188    'x[1,9,1]'                   0.271636
189    'x[1,9,2]'                   0.590621
190    'x[1,9,3]'                   0.137743
191    'x[1,10,1]'                  0.288702
192    'x[1,10,2]'                  0.647118
193    'x[1,10,3]'                  0.0641798
194    'x[1,11,1]'                  0.299813
195    'x[1,11,2]'                  0.672943
196    'x[1,11,3]'                  0.0272438
197    'x[1,12,1]'                  0.310931
198    'x[1,12,2]'                  0.678081
199    'x[1,12,3]'                  0.0109888
200    'x[1,13,1]'                  0.330131
201    'x[1,13,2]'                  0.665602
202    'x[1,13,3]'                  0.00426692
203    'x[1,14,1]'                  0.371092
204    'x[1,14,2]'                  0.627344
205    'x[1,14,3]'                  0.00156406
206    'x[1,15,1]'                  0.459141
207    'x[1,15,2]'                  0.540363
208    'x[1,15,3]'                  0.000495844
209    'x[2,1,1]'                   1.33702e-05
210    'x[2,1,2]'                   0.0182056
211    'x[2,1,3]'                   0.981781
212    'x[2,2,1]'                   6.69567e-05
213    'x[2,2,2]'                   0.051284
214    'x[2,2,3]'                   0.948649
215    'x[2,3,1]'                   0.000319797
216    'x[2,3,2]'                   0.137202
217    'x[2,3,3]'                   0.862478
218    'x[2,4,1]'                   0.00136031
219    'x[2,4,2]'                   0.323519
220    'x[2,4,3]'                   0.675121
221    'x[2,5,1]'                   0.00463818
222    'x[2,5,2]'                   0.599035
223    'x[2,5,3]'                   0.396326
224    'x[2,6,1]'                   0.0120708
225    'x[2,6,2]'                   0.824855
226    'x[2,6,3]'                   0.163074
227    'x[2,7,1]'                   0.0259977
228    'x[2,7,2]'                   0.921761
229    'x[2,7,3]'                   0.0522417
230    'x[2,8,1]'                   0.0512401
231    'x[2,8,2]'                   0.93383
232    'x[2,8,3]'                   0.0149297
233    'x[2,9,1]'                   0.0964655
234    'x[2,9,2]'                   0.899453
235    'x[2,9,3]'                   0.00408152
236    'x[2,10,1]'                  0.17376
237    'x[2,10,2]'                  0.825119
238    'x[2,10,3]'                  0.00112064
239    'x[2,11,1]'                  0.293814
240    'x[2,11,2]'                  0.705834
241    'x[2,11,3]'                  0.000351939
242    'x[2,12,1]'                  0.45364
243    'x[2,12,2]'                  0.546195
244    'x[2,12,3]'                  0.000164113
245    'x[2,13,1]'                  0.626485
246    'x[2,13,2]'                  0.373396
247    'x[2,13,3]'                  0.000119441
248    'x[2,14,1]'                  0.774273
249    'x[2,14,2]'                  0.22562
250    'x[2,14,3]'                  0.000106716
251    'x[2,15,1]'                  0.876373
252    'x[2,15,2]'                  0.123613
253    'x[2,15,3]'                  1.44406e-05
254    'CC[2]'                      0
255    'CC[3]'                      0
256    'CC[4]'                      0
257    'CC[5]'                      0
258    'CC[6]'                      0
259    'CC[7]'                      0
260    'CC[8]'                      0
261    'CC[9]'                      0
262    'CC[10]'                     0
263    'CC[11]'                    92.7818
264    'CC[12]'                     0
265    'CC[13]'                     0
266    'CC[14]'                     0
267    'CR[2]'                      0
268    'CR[3]'                      0
269    'CR[4]'                      0
270    'CR[5]'                    107.218
271    'CR[6]'                      0
272    'CR[7]'                      0
273    'CR[8]'                      0
274    'CR[9]'                      0
275    'CR[10]'                     0
276    'CR[11]'                     0
277    'CR[12]'                     0
278    'CR[13]'                     0
279    'CR[14]'                     0
280    'PC[1]'                      0
281    'PC[2]'                     59.6864
282    'PR[1]'                      0
283    'PR[2]'                     78.1436
284    'PS[2]'                      0
285    'PS[3]'                      0
286    'PS[4]'                      0
287    'PS[5]'                      0
288    'PS[6]'                      0
289    'PS[7]'                      0
290    'PS[8]'                     80.0857
291    'PS[9]'                      0
292    'PS[10]'                     0
293    'PS[11]'                     0
294    'PS[12]'                     0
295    'PS[13]'                     0
296    'PS[14]'                     0
297    'T[1,1]'                   446.85
298    'T[1,2]'                   438.043
299    'T[1,3]'                   433.815
300    'T[1,4]'                   431.48
301    'T[1,5]'                   429.596
302    'T[1,6]'                   427.68
303    'T[1,7]'                   425.677
304    'T[1,8]'                   423.698
305    'T[1,9]'                   419.514
306    'T[1,10]'                  417.043
307    'T[1,11]'                  415.777
308    'T[1,12]'                  415.034
309    'T[1,13]'                  414.271
310    'T[1,14]'                  412.945
311    'T[1,15]'                  410.323
312    'T[2,1]'                   475.213
313    'T[2,2]'                   472.464
314    'T[2,3]'                   465.862
315    'T[2,4]'                   453.757
316    'T[2,5]'                   439.823
317    'T[2,6]'                   430.574
318    'T[2,7]'                   426.382
319    'T[2,8]'                   424.26
320    'T[2,9]'                   422.234
321    'T[2,10]'                  419.369
322    'T[2,11]'                  415.33
323    'T[2,12]'                  410.474
324    'T[2,13]'                  405.769
325    'T[2,14]'                  402.126
326    'T[2,15]'                  399.785
327    TF                         422.969
328    'QC[1]'                   1684.19
329    'QC[2]'                1763330
330    'QR[1]'                   1851.08
331    'QR[2]'                1763490
332    'H[1,1,1]'                   8.2257
333    'H[1,1,2]'                   9.35539
334    'H[1,1,3]'                  11.6233
335    'H[1,2,1]'                   7.66347
336    'H[1,2,2]'                   8.71594
337    'H[1,2,3]'                  10.8285
338    'H[1,3,1]'                   7.3967
339    'H[1,3,2]'                   8.41252
340    'H[1,3,3]'                  10.4514
341    'H[1,4,1]'                   7.25027
342    'H[1,4,2]'                   8.24597
343    'H[1,4,3]'                  10.2444
344    'H[1,5,1]'                   7.13261
345    'H[1,5,2]'                   8.11215
346    'H[1,5,3]'                  10.0781
347    'H[1,6,1]'                   7.01335
348    'H[1,6,2]'                   7.97651
349    'H[1,6,3]'                   9.90947
350    'H[1,7,1]'                   6.88909
351    'H[1,7,2]'                   7.83518
352    'H[1,7,3]'                   9.73381
353    'H[1,8,1]'                   6.76684
354    'H[1,8,2]'                   7.69613
355    'H[1,8,3]'                   9.561
356    'H[1,9,1]'                   6.5099
357    'H[1,9,2]'                   7.4039
358    'H[1,9,3]'                   9.19779
359    'H[1,10,1]'                  6.35909
360    'H[1,10,2]'                  7.23237
361    'H[1,10,3]'                  8.9846
362    'H[1,11,1]'                  6.28212
363    'H[1,11,2]'                  7.14483
364    'H[1,11,3]'                  8.8758
365    'H[1,12,1]'                  6.23703
366    'H[1,12,2]'                  7.09355
367    'H[1,12,3]'                  8.81206
368    'H[1,13,1]'                  6.1908
369    'H[1,13,2]'                  7.04096
370    'H[1,13,3]'                  8.74671
371    'H[1,14,1]'                  6.11065
372    'H[1,14,2]'                  6.94981
373    'H[1,14,3]'                  8.63342
374    'H[1,15,1]'                  5.95272
375    'H[1,15,2]'                  6.77018
376    'H[1,15,3]'                  8.41017
377    'H[2,1,1]'                  10.0956
378    'H[2,1,2]'                  11.4822
379    'H[2,1,3]'                  14.2666
380    'H[2,2,1]'                   9.91053
381    'H[2,2,2]'                  11.2717
382    'H[2,2,3]'                  14.005
383    'H[2,3,1]'                   9.46933
384    'H[2,3,2]'                  10.7699
385    'H[2,3,3]'                  13.3813
386    'H[2,4,1]'                   8.67283
387    'H[2,4,2]'                   9.86395
388    'H[2,4,3]'                  12.2554
389    'H[2,5,1]'                   7.7764
390    'H[2,5,2]'                   8.84437
391    'H[2,5,3]'                  10.9881
392    'H[2,6,1]'                   7.19361
393    'H[2,6,2]'                   8.18153
394    'H[2,6,3]'                  10.1643
395    'H[2,7,1]'                   6.93279
396    'H[2,7,2]'                   7.88488
397    'H[2,7,3]'                   9.79559
398    'H[2,8,1]'                   6.8015
399    'H[2,8,2]'                   7.73556
400    'H[2,8,3]'                   9.60999
401    'H[2,9,1]'                   6.6767
402    'H[2,9,2]'                   7.59361
403    'H[2,9,3]'                   9.43358
404    'H[2,10,1]'                  6.501
405    'H[2,10,2]'                  7.39378
406    'H[2,10,3]'                  9.18521
407    'H[2,11,1]'                  6.25501
408    'H[2,11,2]'                  7.114
409    'H[2,11,3]'                  8.83748
410    'H[2,12,1]'                  5.96179
411    'H[2,12,2]'                  6.7805
412    'H[2,12,3]'                  8.42299
413    'H[2,13,1]'                  5.68041
414    'H[2,13,2]'                  6.46047
415    'H[2,13,3]'                  8.02525
416    'H[2,14,1]'                  5.46436
417    'H[2,14,2]'                  6.21474
418    'H[2,14,3]'                  7.71987
419    'H[2,15,1]'                  5.3264
420    'H[2,15,2]'                  6.05783
421    'H[2,15,3]'                  7.52486
422    'HF[1]'                      6.72192
423    'HF[2]'                      7.64505
424    'HF[3]'                      9.4975
425    'h[1,1,1]'                   1.17431
426    'h[1,1,2]'                   0.881915
427    'h[1,1,3]'                   0.671475
428    'h[1,2,1]'                   0.364312
429    'h[1,2,2]'                   0.0206709
430    'h[1,2,3]'                  -0.33636
431    'h[1,3,1]'                  -0.0167466
432    'h[1,3,2]'                  -0.386213
433    'h[1,3,3]'                  -0.814307
434    'h[1,4,1]'                  -0.225096
435    'h[1,4,2]'                  -0.609122
436    'h[1,4,3]'                  -1.07662
437    'h[1,5,1]'                  -0.392103
438    'h[1,5,2]'                  -0.788018
439    'h[1,5,3]'                  -1.28737
440    'h[1,6,1]'                  -0.561025
441    'h[1,6,2]'                  -0.969159
442    'h[1,6,3]'                  -1.50098
443    'h[1,7,1]'                  -0.736682
444    'h[1,7,2]'                  -1.15773
445    'h[1,7,3]'                  -1.72356
446    'h[1,8,1]'                  -0.909139
447    'h[1,8,2]'                  -1.34305
448    'h[1,8,3]'                  -1.94254
449    'h[1,9,1]'                  -1.27052
450    'h[1,9,2]'                  -1.73203
451    'h[1,9,3]'                  -2.40282
452    'h[1,10,1]'                 -1.48199
453    'h[1,10,2]'                 -1.96003
454    'h[1,10,3]'                 -2.67304
455    'h[1,11,1]'                 -1.58973
456    'h[1,11,2]'                 -2.07631
457    'h[1,11,3]'                 -2.81096
458    'h[1,12,1]'                 -1.6528
459    'h[1,12,2]'                 -2.1444
460    'h[1,12,3]'                 -2.89177
461    'h[1,13,1]'                 -1.71743
462    'h[1,13,2]'                 -2.2142
463    'h[1,13,3]'                 -2.97463
464    'h[1,14,1]'                 -1.82936
465    'h[1,14,2]'                 -2.33516
466    'h[1,14,3]'                 -3.11829
467    'h[1,15,1]'                 -2.04957
468    'h[1,15,2]'                 -2.57335
469    'h[1,15,3]'                 -3.40142
470    'h[2,1,1]'                   3.9577
471    'h[2,1,2]'                   3.79527
472    'h[2,1,3]'                   4.03594
473    'h[2,2,1]'                   3.67443
474    'h[2,2,2]'                   3.5027
475    'h[2,2,3]'                   3.70164
476    'h[2,3,1]'                   3.00706
477    'h[2,3,2]'                   2.80949
478    'h[2,3,3]'                   2.90611
479    'h[2,4,1]'                   1.82607
480    'h[2,4,2]'                   1.571
481    'h[2,4,3]'                   1.47386
482    'h[2,5,1]'                   0.526222
483    'h[2,5,2]'                   0.193231
484    'h[2,5,3]'                  -0.134005
485    'h[2,6,1]'                  -0.305564
486    'h[2,6,2]'                  -0.695295
487    'h[2,6,3]'                  -1.17811
488    'h[2,7,1]'                  -0.674944
489    'h[2,7,2]'                  -1.09143
490    'h[2,7,3]'                  -1.64527
491    'h[2,8,1]'                  -0.860277
492    'h[2,8,2]'                  -1.29053
493    'h[2,8,3]'                  -1.88045
494    'h[2,9,1]'                  -1.03608
495    'h[2,9,2]'                  -1.4796
496    'h[2,9,3]'                  -2.104
497    'h[2,10,1]'                 -1.28301
498    'h[2,10,2]'                 -1.74549
499    'h[2,10,3]'                 -2.41876
500    'h[2,11,1]'                 -1.62765
501    'h[2,11,2]'                 -2.11725
502    'h[2,11,3]'                 -2.85955
503    'h[2,12,1]'                 -2.03694
504    'h[2,12,2]'                 -2.55967
505    'h[2,12,3]'                 -3.38516
506    'h[2,13,1]'                 -2.42823
507    'h[2,13,2]'                 -2.98358
508    'h[2,13,3]'                 -3.88981
509    'h[2,14,1]'                 -2.72777
510    'h[2,14,2]'                 -3.30869
511    'h[2,14,3]'                 -4.27752
512    'h[2,15,1]'                 -2.91866
513    'h[2,15,2]'                 -3.51615
514    'h[2,15,3]'                 -4.52522
515    'hF[1]'                     -0.972416
516    'hF[2]'                     -1.4111
517    'hF[3]'                     -2.02299
518    'tauGamma[1,1,1,1]'      1e-06
519    'tauGamma[1,1,1,2]'      1e-06
520    'tauGamma[1,1,1,3]'      1e-06
521    'tauGamma[1,1,2,1]'      1e-06
522    'tauGamma[1,1,2,2]'      1e-06
523    'tauGamma[1,1,2,3]'      1e-06
524    'tauGamma[1,1,3,1]'      1e-06
525    'tauGamma[1,1,3,2]'      1e-06
526    'tauGamma[1,1,3,3]'      1e-06
527    'tauGamma[1,2,1,1]'      1e-06
528    'tauGamma[1,2,1,2]'      1e-06
529    'tauGamma[1,2,1,3]'      1e-06
530    'tauGamma[1,2,2,1]'      1e-06
531    'tauGamma[1,2,2,2]'      1e-06
532    'tauGamma[1,2,2,3]'      1e-06
533    'tauGamma[1,2,3,1]'      1e-06
534    'tauGamma[1,2,3,2]'      1e-06
535    'tauGamma[1,2,3,3]'      1e-06
536    'tauGamma[1,3,1,1]'      1e-06
537    'tauGamma[1,3,1,2]'      1e-06
538    'tauGamma[1,3,1,3]'      1e-06
539    'tauGamma[1,3,2,1]'      1e-06
540    'tauGamma[1,3,2,2]'      1e-06
541    'tauGamma[1,3,2,3]'      1e-06
542    'tauGamma[1,3,3,1]'      1e-06
543    'tauGamma[1,3,3,2]'      1e-06
544    'tauGamma[1,3,3,3]'      1e-06
545    'tauGamma[1,4,1,1]'      1e-06
546    'tauGamma[1,4,1,2]'      1e-06
547    'tauGamma[1,4,1,3]'      1e-06
548    'tauGamma[1,4,2,1]'      1e-06
549    'tauGamma[1,4,2,2]'      1e-06
550    'tauGamma[1,4,2,3]'      1e-06
551    'tauGamma[1,4,3,1]'      1e-06
552    'tauGamma[1,4,3,2]'      1e-06
553    'tauGamma[1,4,3,3]'      1e-06
554    'tauGamma[1,5,1,1]'      1e-06
555    'tauGamma[1,5,1,2]'      1e-06
556    'tauGamma[1,5,1,3]'      1e-06
557    'tauGamma[1,5,2,1]'      1e-06
558    'tauGamma[1,5,2,2]'      1e-06
559    'tauGamma[1,5,2,3]'      1e-06
560    'tauGamma[1,5,3,1]'      1e-06
561    'tauGamma[1,5,3,2]'      1e-06
562    'tauGamma[1,5,3,3]'      1e-06
563    'tauGamma[1,6,1,1]'      1e-06
564    'tauGamma[1,6,1,2]'      1e-06
565    'tauGamma[1,6,1,3]'      1e-06
566    'tauGamma[1,6,2,1]'      1e-06
567    'tauGamma[1,6,2,2]'      1e-06
568    'tauGamma[1,6,2,3]'      1e-06
569    'tauGamma[1,6,3,1]'      1e-06
570    'tauGamma[1,6,3,2]'      1e-06
571    'tauGamma[1,6,3,3]'      1e-06
572    'tauGamma[1,7,1,1]'      1e-06
573    'tauGamma[1,7,1,2]'      1e-06
574    'tauGamma[1,7,1,3]'      1e-06
575    'tauGamma[1,7,2,1]'      1e-06
576    'tauGamma[1,7,2,2]'      1e-06
577    'tauGamma[1,7,2,3]'      1e-06
578    'tauGamma[1,7,3,1]'      1e-06
579    'tauGamma[1,7,3,2]'      1e-06
580    'tauGamma[1,7,3,3]'      1e-06
581    'tauGamma[1,8,1,1]'      1e-06
582    'tauGamma[1,8,1,2]'      1e-06
583    'tauGamma[1,8,1,3]'      1e-06
584    'tauGamma[1,8,2,1]'      1e-06
585    'tauGamma[1,8,2,2]'      1e-06
586    'tauGamma[1,8,2,3]'      1e-06
587    'tauGamma[1,8,3,1]'      1e-06
588    'tauGamma[1,8,3,2]'      1e-06
589    'tauGamma[1,8,3,3]'      1e-06
590    'tauGamma[1,9,1,1]'      1e-06
591    'tauGamma[1,9,1,2]'      1e-06
592    'tauGamma[1,9,1,3]'      1e-06
593    'tauGamma[1,9,2,1]'      1e-06
594    'tauGamma[1,9,2,2]'      1e-06
595    'tauGamma[1,9,2,3]'      1e-06
596    'tauGamma[1,9,3,1]'      1e-06
597    'tauGamma[1,9,3,2]'      1e-06
598    'tauGamma[1,9,3,3]'      1e-06
599    'tauGamma[1,10,1,1]'     1e-06
600    'tauGamma[1,10,1,2]'     1e-06
601    'tauGamma[1,10,1,3]'     1e-06
602    'tauGamma[1,10,2,1]'     1e-06
603    'tauGamma[1,10,2,2]'     1e-06
604    'tauGamma[1,10,2,3]'     1e-06
605    'tauGamma[1,10,3,1]'     1e-06
606    'tauGamma[1,10,3,2]'     1e-06
607    'tauGamma[1,10,3,3]'     1e-06
608    'tauGamma[1,11,1,1]'     1e-06
609    'tauGamma[1,11,1,2]'     1e-06
610    'tauGamma[1,11,1,3]'     1e-06
611    'tauGamma[1,11,2,1]'     1e-06
612    'tauGamma[1,11,2,2]'     1e-06
613    'tauGamma[1,11,2,3]'     1e-06
614    'tauGamma[1,11,3,1]'     1e-06
615    'tauGamma[1,11,3,2]'     1e-06
616    'tauGamma[1,11,3,3]'     1e-06
617    'tauGamma[1,12,1,1]'     1e-06
618    'tauGamma[1,12,1,2]'     1e-06
619    'tauGamma[1,12,1,3]'     1e-06
620    'tauGamma[1,12,2,1]'     1e-06
621    'tauGamma[1,12,2,2]'     1e-06
622    'tauGamma[1,12,2,3]'     1e-06
623    'tauGamma[1,12,3,1]'     1e-06
624    'tauGamma[1,12,3,2]'     1e-06
625    'tauGamma[1,12,3,3]'     1e-06
626    'tauGamma[1,13,1,1]'     1e-06
627    'tauGamma[1,13,1,2]'     1e-06
628    'tauGamma[1,13,1,3]'     1e-06
629    'tauGamma[1,13,2,1]'     1e-06
630    'tauGamma[1,13,2,2]'     1e-06
631    'tauGamma[1,13,2,3]'     1e-06
632    'tauGamma[1,13,3,1]'     1e-06
633    'tauGamma[1,13,3,2]'     1e-06
634    'tauGamma[1,13,3,3]'     1e-06
635    'tauGamma[1,14,1,1]'     1e-06
636    'tauGamma[1,14,1,2]'     1e-06
637    'tauGamma[1,14,1,3]'     1e-06
638    'tauGamma[1,14,2,1]'     1e-06
639    'tauGamma[1,14,2,2]'     1e-06
640    'tauGamma[1,14,2,3]'     1e-06
641    'tauGamma[1,14,3,1]'     1e-06
642    'tauGamma[1,14,3,2]'     1e-06
643    'tauGamma[1,14,3,3]'     1e-06
644    'tauGamma[1,15,1,1]'     1e-06
645    'tauGamma[1,15,1,2]'     1e-06
646    'tauGamma[1,15,1,3]'     1e-06
647    'tauGamma[1,15,2,1]'     1e-06
648    'tauGamma[1,15,2,2]'     1e-06
649    'tauGamma[1,15,2,3]'     1e-06
650    'tauGamma[1,15,3,1]'     1e-06
651    'tauGamma[1,15,3,2]'     1e-06
652    'tauGamma[1,15,3,3]'     1e-06
653    'tauGamma[2,1,1,1]'      1e-06
654    'tauGamma[2,1,1,2]'      1e-06
655    'tauGamma[2,1,1,3]'      1e-06
656    'tauGamma[2,1,2,1]'      1e-06
657    'tauGamma[2,1,2,2]'      1e-06
658    'tauGamma[2,1,2,3]'      1e-06
659    'tauGamma[2,1,3,1]'      1e-06
660    'tauGamma[2,1,3,2]'      1e-06
661    'tauGamma[2,1,3,3]'      1e-06
662    'tauGamma[2,2,1,1]'      1e-06
663    'tauGamma[2,2,1,2]'      1e-06
664    'tauGamma[2,2,1,3]'      1e-06
665    'tauGamma[2,2,2,1]'      1e-06
666    'tauGamma[2,2,2,2]'      1e-06
667    'tauGamma[2,2,2,3]'      1e-06
668    'tauGamma[2,2,3,1]'      1e-06
669    'tauGamma[2,2,3,2]'      1e-06
670    'tauGamma[2,2,3,3]'      1e-06
671    'tauGamma[2,3,1,1]'      1e-06
672    'tauGamma[2,3,1,2]'      1e-06
673    'tauGamma[2,3,1,3]'      1e-06
674    'tauGamma[2,3,2,1]'      1e-06
675    'tauGamma[2,3,2,2]'      1e-06
676    'tauGamma[2,3,2,3]'      1e-06
677    'tauGamma[2,3,3,1]'      1e-06
678    'tauGamma[2,3,3,2]'      1e-06
679    'tauGamma[2,3,3,3]'      1e-06
680    'tauGamma[2,4,1,1]'      1e-06
681    'tauGamma[2,4,1,2]'      1e-06
682    'tauGamma[2,4,1,3]'      1e-06
683    'tauGamma[2,4,2,1]'      1e-06
684    'tauGamma[2,4,2,2]'      1e-06
685    'tauGamma[2,4,2,3]'      1e-06
686    'tauGamma[2,4,3,1]'      1e-06
687    'tauGamma[2,4,3,2]'      1e-06
688    'tauGamma[2,4,3,3]'      1e-06
689    'tauGamma[2,5,1,1]'      1e-06
690    'tauGamma[2,5,1,2]'      1e-06
691    'tauGamma[2,5,1,3]'      1e-06
692    'tauGamma[2,5,2,1]'      1e-06
693    'tauGamma[2,5,2,2]'      1e-06
694    'tauGamma[2,5,2,3]'      1e-06
695    'tauGamma[2,5,3,1]'      1e-06
696    'tauGamma[2,5,3,2]'      1e-06
697    'tauGamma[2,5,3,3]'      1e-06
698    'tauGamma[2,6,1,1]'      1e-06
699    'tauGamma[2,6,1,2]'      1e-06
700    'tauGamma[2,6,1,3]'      1e-06
701    'tauGamma[2,6,2,1]'      1e-06
702    'tauGamma[2,6,2,2]'      1e-06
703    'tauGamma[2,6,2,3]'      1e-06
704    'tauGamma[2,6,3,1]'      1e-06
705    'tauGamma[2,6,3,2]'      1e-06
706    'tauGamma[2,6,3,3]'      1e-06
707    'tauGamma[2,7,1,1]'      1e-06
708    'tauGamma[2,7,1,2]'      1e-06
709    'tauGamma[2,7,1,3]'      1e-06
710    'tauGamma[2,7,2,1]'      1e-06
711    'tauGamma[2,7,2,2]'      1e-06
712    'tauGamma[2,7,2,3]'      1e-06
713    'tauGamma[2,7,3,1]'      1e-06
714    'tauGamma[2,7,3,2]'      1e-06
715    'tauGamma[2,7,3,3]'      1e-06
716    'tauGamma[2,8,1,1]'      1e-06
717    'tauGamma[2,8,1,2]'      1e-06
718    'tauGamma[2,8,1,3]'      1e-06
719    'tauGamma[2,8,2,1]'      1e-06
720    'tauGamma[2,8,2,2]'      1e-06
721    'tauGamma[2,8,2,3]'      1e-06
722    'tauGamma[2,8,3,1]'      1e-06
723    'tauGamma[2,8,3,2]'      1e-06
724    'tauGamma[2,8,3,3]'      1e-06
725    'tauGamma[2,9,1,1]'      1e-06
726    'tauGamma[2,9,1,2]'      1e-06
727    'tauGamma[2,9,1,3]'      1e-06
728    'tauGamma[2,9,2,1]'      1e-06
729    'tauGamma[2,9,2,2]'      1e-06
730    'tauGamma[2,9,2,3]'      1e-06
731    'tauGamma[2,9,3,1]'      1e-06
732    'tauGamma[2,9,3,2]'      1e-06
733    'tauGamma[2,9,3,3]'      1e-06
734    'tauGamma[2,10,1,1]'     1e-06
735    'tauGamma[2,10,1,2]'     1e-06
736    'tauGamma[2,10,1,3]'     1e-06
737    'tauGamma[2,10,2,1]'     1e-06
738    'tauGamma[2,10,2,2]'     1e-06
739    'tauGamma[2,10,2,3]'     1e-06
740    'tauGamma[2,10,3,1]'     1e-06
741    'tauGamma[2,10,3,2]'     1e-06
742    'tauGamma[2,10,3,3]'     1e-06
743    'tauGamma[2,11,1,1]'     1e-06
744    'tauGamma[2,11,1,2]'     1e-06
745    'tauGamma[2,11,1,3]'     1e-06
746    'tauGamma[2,11,2,1]'     1e-06
747    'tauGamma[2,11,2,2]'     1e-06
748    'tauGamma[2,11,2,3]'     1e-06
749    'tauGamma[2,11,3,1]'     1e-06
750    'tauGamma[2,11,3,2]'     1e-06
751    'tauGamma[2,11,3,3]'     1e-06
752    'tauGamma[2,12,1,1]'     1e-06
753    'tauGamma[2,12,1,2]'     1e-06
754    'tauGamma[2,12,1,3]'     1e-06
755    'tauGamma[2,12,2,1]'     1e-06
756    'tauGamma[2,12,2,2]'     1e-06
757    'tauGamma[2,12,2,3]'     1e-06
758    'tauGamma[2,12,3,1]'     1e-06
759    'tauGamma[2,12,3,2]'     1e-06
760    'tauGamma[2,12,3,3]'     1e-06
761    'tauGamma[2,13,1,1]'     1e-06
762    'tauGamma[2,13,1,2]'     1e-06
763    'tauGamma[2,13,1,3]'     1e-06
764    'tauGamma[2,13,2,1]'     1e-06
765    'tauGamma[2,13,2,2]'     1e-06
766    'tauGamma[2,13,2,3]'     1e-06
767    'tauGamma[2,13,3,1]'     1e-06
768    'tauGamma[2,13,3,2]'     1e-06
769    'tauGamma[2,13,3,3]'     1e-06
770    'tauGamma[2,14,1,1]'     1e-06
771    'tauGamma[2,14,1,2]'     1e-06
772    'tauGamma[2,14,1,3]'     1e-06
773    'tauGamma[2,14,2,1]'     1e-06
774    'tauGamma[2,14,2,2]'     1e-06
775    'tauGamma[2,14,2,3]'     1e-06
776    'tauGamma[2,14,3,1]'     1e-06
777    'tauGamma[2,14,3,2]'     1e-06
778    'tauGamma[2,14,3,3]'     1e-06
779    'tauGamma[2,15,1,1]'     1e-06
780    'tauGamma[2,15,1,2]'     1e-06
781    'tauGamma[2,15,1,3]'     1e-06
782    'tauGamma[2,15,2,1]'     1e-06
783    'tauGamma[2,15,2,2]'     1e-06
784    'tauGamma[2,15,2,3]'     1e-06
785    'tauGamma[2,15,3,1]'     1e-06
786    'tauGamma[2,15,3,2]'     1e-06
787    'tauGamma[2,15,3,3]'     1e-06
788    'PGamma[1,1,1,1]'            1
789    'PGamma[1,1,1,2]'            1
790    'PGamma[1,1,1,3]'            1
791    'PGamma[1,1,2,1]'            1
792    'PGamma[1,1,2,2]'            1
793    'PGamma[1,1,2,3]'            1
794    'PGamma[1,1,3,1]'            1
795    'PGamma[1,1,3,2]'            1
796    'PGamma[1,1,3,3]'            1
797    'PGamma[1,2,1,1]'            1
798    'PGamma[1,2,1,2]'            1
799    'PGamma[1,2,1,3]'            1
800    'PGamma[1,2,2,1]'            1
801    'PGamma[1,2,2,2]'            1
802    'PGamma[1,2,2,3]'            1
803    'PGamma[1,2,3,1]'            1
804    'PGamma[1,2,3,2]'            1
805    'PGamma[1,2,3,3]'            1
806    'PGamma[1,3,1,1]'            1
807    'PGamma[1,3,1,2]'            1
808    'PGamma[1,3,1,3]'            1
809    'PGamma[1,3,2,1]'            1
810    'PGamma[1,3,2,2]'            1
811    'PGamma[1,3,2,3]'            1
812    'PGamma[1,3,3,1]'            1
813    'PGamma[1,3,3,2]'            1
814    'PGamma[1,3,3,3]'            1
815    'PGamma[1,4,1,1]'            1
816    'PGamma[1,4,1,2]'            1
817    'PGamma[1,4,1,3]'            1
818    'PGamma[1,4,2,1]'            1
819    'PGamma[1,4,2,2]'            1
820    'PGamma[1,4,2,3]'            1
821    'PGamma[1,4,3,1]'            1
822    'PGamma[1,4,3,2]'            1
823    'PGamma[1,4,3,3]'            1
824    'PGamma[1,5,1,1]'            1
825    'PGamma[1,5,1,2]'            1
826    'PGamma[1,5,1,3]'            1
827    'PGamma[1,5,2,1]'            1
828    'PGamma[1,5,2,2]'            1
829    'PGamma[1,5,2,3]'            1
830    'PGamma[1,5,3,1]'            1
831    'PGamma[1,5,3,2]'            1
832    'PGamma[1,5,3,3]'            1
833    'PGamma[1,6,1,1]'            1
834    'PGamma[1,6,1,2]'            1
835    'PGamma[1,6,1,3]'            1
836    'PGamma[1,6,2,1]'            1
837    'PGamma[1,6,2,2]'            1
838    'PGamma[1,6,2,3]'            1
839    'PGamma[1,6,3,1]'            1
840    'PGamma[1,6,3,2]'            1
841    'PGamma[1,6,3,3]'            1
842    'PGamma[1,7,1,1]'            1
843    'PGamma[1,7,1,2]'            1
844    'PGamma[1,7,1,3]'            1
845    'PGamma[1,7,2,1]'            1
846    'PGamma[1,7,2,2]'            1
847    'PGamma[1,7,2,3]'            1
848    'PGamma[1,7,3,1]'            1
849    'PGamma[1,7,3,2]'            1
850    'PGamma[1,7,3,3]'            1
851    'PGamma[1,8,1,1]'            1
852    'PGamma[1,8,1,2]'            1
853    'PGamma[1,8,1,3]'            1
854    'PGamma[1,8,2,1]'            1
855    'PGamma[1,8,2,2]'            1
856    'PGamma[1,8,2,3]'            1
857    'PGamma[1,8,3,1]'            1
858    'PGamma[1,8,3,2]'            1
859    'PGamma[1,8,3,3]'            1
860    'PGamma[1,9,1,1]'            1
861    'PGamma[1,9,1,2]'            1
862    'PGamma[1,9,1,3]'            1
863    'PGamma[1,9,2,1]'            1
864    'PGamma[1,9,2,2]'            1
865    'PGamma[1,9,2,3]'            1
866    'PGamma[1,9,3,1]'            1
867    'PGamma[1,9,3,2]'            1
868    'PGamma[1,9,3,3]'            1
869    'PGamma[1,10,1,1]'           1
870    'PGamma[1,10,1,2]'           1
871    'PGamma[1,10,1,3]'           1
872    'PGamma[1,10,2,1]'           1
873    'PGamma[1,10,2,2]'           1
874    'PGamma[1,10,2,3]'           1
875    'PGamma[1,10,3,1]'           1
876    'PGamma[1,10,3,2]'           1
877    'PGamma[1,10,3,3]'           1
878    'PGamma[1,11,1,1]'           1
879    'PGamma[1,11,1,2]'           1
880    'PGamma[1,11,1,3]'           1
881    'PGamma[1,11,2,1]'           1
882    'PGamma[1,11,2,2]'           1
883    'PGamma[1,11,2,3]'           1
884    'PGamma[1,11,3,1]'           1
885    'PGamma[1,11,3,2]'           1
886    'PGamma[1,11,3,3]'           1
887    'PGamma[1,12,1,1]'           1
888    'PGamma[1,12,1,2]'           1
889    'PGamma[1,12,1,3]'           1
890    'PGamma[1,12,2,1]'           1
891    'PGamma[1,12,2,2]'           1
892    'PGamma[1,12,2,3]'           1
893    'PGamma[1,12,3,1]'           1
894    'PGamma[1,12,3,2]'           1
895    'PGamma[1,12,3,3]'           1
896    'PGamma[1,13,1,1]'           1
897    'PGamma[1,13,1,2]'           1
898    'PGamma[1,13,1,3]'           1
899    'PGamma[1,13,2,1]'           1
900    'PGamma[1,13,2,2]'           1
901    'PGamma[1,13,2,3]'           1
902    'PGamma[1,13,3,1]'           1
903    'PGamma[1,13,3,2]'           1
904    'PGamma[1,13,3,3]'           1
905    'PGamma[1,14,1,1]'           1
906    'PGamma[1,14,1,2]'           1
907    'PGamma[1,14,1,3]'           1
908    'PGamma[1,14,2,1]'           1
909    'PGamma[1,14,2,2]'           1
910    'PGamma[1,14,2,3]'           1
911    'PGamma[1,14,3,1]'           1
912    'PGamma[1,14,3,2]'           1
913    'PGamma[1,14,3,3]'           1
914    'PGamma[1,15,1,1]'           1
915    'PGamma[1,15,1,2]'           1
916    'PGamma[1,15,1,3]'           1
917    'PGamma[1,15,2,1]'           1
918    'PGamma[1,15,2,2]'           1
919    'PGamma[1,15,2,3]'           1
920    'PGamma[1,15,3,1]'           1
921    'PGamma[1,15,3,2]'           1
922    'PGamma[1,15,3,3]'           1
923    'PGamma[2,1,1,1]'            1
924    'PGamma[2,1,1,2]'            1
925    'PGamma[2,1,1,3]'            1
926    'PGamma[2,1,2,1]'            1
927    'PGamma[2,1,2,2]'            1
928    'PGamma[2,1,2,3]'            1
929    'PGamma[2,1,3,1]'            1
930    'PGamma[2,1,3,2]'            1
931    'PGamma[2,1,3,3]'            1
932    'PGamma[2,2,1,1]'            1
933    'PGamma[2,2,1,2]'            1
934    'PGamma[2,2,1,3]'            1
935    'PGamma[2,2,2,1]'            1
936    'PGamma[2,2,2,2]'            1
937    'PGamma[2,2,2,3]'            1
938    'PGamma[2,2,3,1]'            1
939    'PGamma[2,2,3,2]'            1
940    'PGamma[2,2,3,3]'            1
941    'PGamma[2,3,1,1]'            1
942    'PGamma[2,3,1,2]'            1
943    'PGamma[2,3,1,3]'            1
944    'PGamma[2,3,2,1]'            1
945    'PGamma[2,3,2,2]'            1
946    'PGamma[2,3,2,3]'            1
947    'PGamma[2,3,3,1]'            1
948    'PGamma[2,3,3,2]'            1
949    'PGamma[2,3,3,3]'            1
950    'PGamma[2,4,1,1]'            1
951    'PGamma[2,4,1,2]'            1
952    'PGamma[2,4,1,3]'            1
953    'PGamma[2,4,2,1]'            1
954    'PGamma[2,4,2,2]'            1
955    'PGamma[2,4,2,3]'            1
956    'PGamma[2,4,3,1]'            1
957    'PGamma[2,4,3,2]'            1
958    'PGamma[2,4,3,3]'            1
959    'PGamma[2,5,1,1]'            1
960    'PGamma[2,5,1,2]'            1
961    'PGamma[2,5,1,3]'            1
962    'PGamma[2,5,2,1]'            1
963    'PGamma[2,5,2,2]'            1
964    'PGamma[2,5,2,3]'            1
965    'PGamma[2,5,3,1]'            1
966    'PGamma[2,5,3,2]'            1
967    'PGamma[2,5,3,3]'            1
968    'PGamma[2,6,1,1]'            1
969    'PGamma[2,6,1,2]'            1
970    'PGamma[2,6,1,3]'            1
971    'PGamma[2,6,2,1]'            1
972    'PGamma[2,6,2,2]'            1
973    'PGamma[2,6,2,3]'            1
974    'PGamma[2,6,3,1]'            1
975    'PGamma[2,6,3,2]'            1
976    'PGamma[2,6,3,3]'            1
977    'PGamma[2,7,1,1]'            1
978    'PGamma[2,7,1,2]'            1
979    'PGamma[2,7,1,3]'            1
980    'PGamma[2,7,2,1]'            1
981    'PGamma[2,7,2,2]'            1
982    'PGamma[2,7,2,3]'            1
983    'PGamma[2,7,3,1]'            1
984    'PGamma[2,7,3,2]'            1
985    'PGamma[2,7,3,3]'            1
986    'PGamma[2,8,1,1]'            1
987    'PGamma[2,8,1,2]'            1
988    'PGamma[2,8,1,3]'            1
989    'PGamma[2,8,2,1]'            1
990    'PGamma[2,8,2,2]'            1
991    'PGamma[2,8,2,3]'            1
992    'PGamma[2,8,3,1]'            1
993    'PGamma[2,8,3,2]'            1
994    'PGamma[2,8,3,3]'            1
995    'PGamma[2,9,1,1]'            1
996    'PGamma[2,9,1,2]'            1
997    'PGamma[2,9,1,3]'            1
998    'PGamma[2,9,2,1]'            1
999    'PGamma[2,9,2,2]'            1
1000   'PGamma[2,9,2,3]'            1
1001   'PGamma[2,9,3,1]'            1
1002   'PGamma[2,9,3,2]'            1
1003   'PGamma[2,9,3,3]'            1
1004   'PGamma[2,10,1,1]'           1
1005   'PGamma[2,10,1,2]'           1
1006   'PGamma[2,10,1,3]'           1
1007   'PGamma[2,10,2,1]'           1
1008   'PGamma[2,10,2,2]'           1
1009   'PGamma[2,10,2,3]'           1
1010   'PGamma[2,10,3,1]'           1
1011   'PGamma[2,10,3,2]'           1
1012   'PGamma[2,10,3,3]'           1
1013   'PGamma[2,11,1,1]'           1
1014   'PGamma[2,11,1,2]'           1
1015   'PGamma[2,11,1,3]'           1
1016   'PGamma[2,11,2,1]'           1
1017   'PGamma[2,11,2,2]'           1
1018   'PGamma[2,11,2,3]'           1
1019   'PGamma[2,11,3,1]'           1
1020   'PGamma[2,11,3,2]'           1
1021   'PGamma[2,11,3,3]'           1
1022   'PGamma[2,12,1,1]'           1
1023   'PGamma[2,12,1,2]'           1
1024   'PGamma[2,12,1,3]'           1
1025   'PGamma[2,12,2,1]'           1
1026   'PGamma[2,12,2,2]'           1
1027   'PGamma[2,12,2,3]'           1
1028   'PGamma[2,12,3,1]'           1
1029   'PGamma[2,12,3,2]'           1
1030   'PGamma[2,12,3,3]'           1
1031   'PGamma[2,13,1,1]'           1
1032   'PGamma[2,13,1,2]'           1
1033   'PGamma[2,13,1,3]'           1
1034   'PGamma[2,13,2,1]'           1
1035   'PGamma[2,13,2,2]'           1
1036   'PGamma[2,13,2,3]'           1
1037   'PGamma[2,13,3,1]'           1
1038   'PGamma[2,13,3,2]'           1
1039   'PGamma[2,13,3,3]'           1
1040   'PGamma[2,14,1,1]'           1
1041   'PGamma[2,14,1,2]'           1
1042   'PGamma[2,14,1,3]'           1
1043   'PGamma[2,14,2,1]'           1
1044   'PGamma[2,14,2,2]'           1
1045   'PGamma[2,14,2,3]'           1
1046   'PGamma[2,14,3,1]'           1
1047   'PGamma[2,14,3,2]'           1
1048   'PGamma[2,14,3,3]'           1
1049   'PGamma[2,15,1,1]'           1
1050   'PGamma[2,15,1,2]'           1
1051   'PGamma[2,15,1,3]'           1
1052   'PGamma[2,15,2,1]'           1
1053   'PGamma[2,15,2,2]'           1
1054   'PGamma[2,15,2,3]'           1
1055   'PGamma[2,15,3,1]'           1
1056   'PGamma[2,15,3,2]'           1
1057   'PGamma[2,15,3,3]'           1
1058   'SGamma1[1,1,1]'         1e-06
1059   'SGamma1[1,1,2]'         1e-06
1060   'SGamma1[1,1,3]'         1e-06
1061   'SGamma1[1,2,1]'         1e-06
1062   'SGamma1[1,2,2]'         1e-06
1063   'SGamma1[1,2,3]'         1e-06
1064   'SGamma1[1,3,1]'         1e-06
1065   'SGamma1[1,3,2]'         1e-06
1066   'SGamma1[1,3,3]'         1e-06
1067   'SGamma1[1,4,1]'         1e-06
1068   'SGamma1[1,4,2]'         1e-06
1069   'SGamma1[1,4,3]'         1e-06
1070   'SGamma1[1,5,1]'         1e-06
1071   'SGamma1[1,5,2]'         1e-06
1072   'SGamma1[1,5,3]'         1e-06
1073   'SGamma1[1,6,1]'         1e-06
1074   'SGamma1[1,6,2]'         1e-06
1075   'SGamma1[1,6,3]'         1e-06
1076   'SGamma1[1,7,1]'         1e-06
1077   'SGamma1[1,7,2]'         1e-06
1078   'SGamma1[1,7,3]'         1e-06
1079   'SGamma1[1,8,1]'         1e-06
1080   'SGamma1[1,8,2]'         1e-06
1081   'SGamma1[1,8,3]'         1e-06
1082   'SGamma1[1,9,1]'         1e-06
1083   'SGamma1[1,9,2]'         1e-06
1084   'SGamma1[1,9,3]'         1e-06
1085   'SGamma1[1,10,1]'        1e-06
1086   'SGamma1[1,10,2]'        1e-06
1087   'SGamma1[1,10,3]'        1e-06
1088   'SGamma1[1,11,1]'        1e-06
1089   'SGamma1[1,11,2]'        1e-06
1090   'SGamma1[1,11,3]'        1e-06
1091   'SGamma1[1,12,1]'        1e-06
1092   'SGamma1[1,12,2]'        1e-06
1093   'SGamma1[1,12,3]'        1e-06
1094   'SGamma1[1,13,1]'        1e-06
1095   'SGamma1[1,13,2]'        1e-06
1096   'SGamma1[1,13,3]'        1e-06
1097   'SGamma1[1,14,1]'        1e-06
1098   'SGamma1[1,14,2]'        1e-06
1099   'SGamma1[1,14,3]'        1e-06
1100   'SGamma1[1,15,1]'        1e-06
1101   'SGamma1[1,15,2]'        1e-06
1102   'SGamma1[1,15,3]'        1e-06
1103   'SGamma1[2,1,1]'         1e-06
1104   'SGamma1[2,1,2]'         1e-06
1105   'SGamma1[2,1,3]'         1e-06
1106   'SGamma1[2,2,1]'         1e-06
1107   'SGamma1[2,2,2]'         1e-06
1108   'SGamma1[2,2,3]'         1e-06
1109   'SGamma1[2,3,1]'         1e-06
1110   'SGamma1[2,3,2]'         1e-06
1111   'SGamma1[2,3,3]'         1e-06
1112   'SGamma1[2,4,1]'         1e-06
1113   'SGamma1[2,4,2]'         1e-06
1114   'SGamma1[2,4,3]'         1e-06
1115   'SGamma1[2,5,1]'         1e-06
1116   'SGamma1[2,5,2]'         1e-06
1117   'SGamma1[2,5,3]'         1e-06
1118   'SGamma1[2,6,1]'         1e-06
1119   'SGamma1[2,6,2]'         1e-06
1120   'SGamma1[2,6,3]'         1e-06
1121   'SGamma1[2,7,1]'         1e-06
1122   'SGamma1[2,7,2]'         1e-06
1123   'SGamma1[2,7,3]'         1e-06
1124   'SGamma1[2,8,1]'         1e-06
1125   'SGamma1[2,8,2]'         1e-06
1126   'SGamma1[2,8,3]'         1e-06
1127   'SGamma1[2,9,1]'         1e-06
1128   'SGamma1[2,9,2]'         1e-06
1129   'SGamma1[2,9,3]'         1e-06
1130   'SGamma1[2,10,1]'        1e-06
1131   'SGamma1[2,10,2]'        1e-06
1132   'SGamma1[2,10,3]'        1e-06
1133   'SGamma1[2,11,1]'        1e-06
1134   'SGamma1[2,11,2]'        1e-06
1135   'SGamma1[2,11,3]'        1e-06
1136   'SGamma1[2,12,1]'        1e-06
1137   'SGamma1[2,12,2]'        1e-06
1138   'SGamma1[2,12,3]'        1e-06
1139   'SGamma1[2,13,1]'        1e-06
1140   'SGamma1[2,13,2]'        1e-06
1141   'SGamma1[2,13,3]'        1e-06
1142   'SGamma1[2,14,1]'        1e-06
1143   'SGamma1[2,14,2]'        1e-06
1144   'SGamma1[2,14,3]'        1e-06
1145   'SGamma1[2,15,1]'        1e-06
1146   'SGamma1[2,15,2]'        1e-06
1147   'SGamma1[2,15,3]'        1e-06
1148   'SGamma2[1,1,1]'             1
1149   'SGamma2[1,1,2]'             1
1150   'SGamma2[1,1,3]'             1
1151   'SGamma2[1,2,1]'             1
1152   'SGamma2[1,2,2]'             1
1153   'SGamma2[1,2,3]'             1
1154   'SGamma2[1,3,1]'             1
1155   'SGamma2[1,3,2]'             1
1156   'SGamma2[1,3,3]'             1
1157   'SGamma2[1,4,1]'             1
1158   'SGamma2[1,4,2]'             1
1159   'SGamma2[1,4,3]'             1
1160   'SGamma2[1,5,1]'             1
1161   'SGamma2[1,5,2]'             1
1162   'SGamma2[1,5,3]'             1
1163   'SGamma2[1,6,1]'             1
1164   'SGamma2[1,6,2]'             1
1165   'SGamma2[1,6,3]'             1
1166   'SGamma2[1,7,1]'             1
1167   'SGamma2[1,7,2]'             1
1168   'SGamma2[1,7,3]'             1
1169   'SGamma2[1,8,1]'             1
1170   'SGamma2[1,8,2]'             1
1171   'SGamma2[1,8,3]'             1
1172   'SGamma2[1,9,1]'             1
1173   'SGamma2[1,9,2]'             1
1174   'SGamma2[1,9,3]'             1
1175   'SGamma2[1,10,1]'            1
1176   'SGamma2[1,10,2]'            1
1177   'SGamma2[1,10,3]'            1
1178   'SGamma2[1,11,1]'            1
1179   'SGamma2[1,11,2]'            1
1180   'SGamma2[1,11,3]'            1
1181   'SGamma2[1,12,1]'            1
1182   'SGamma2[1,12,2]'            1
1183   'SGamma2[1,12,3]'            1
1184   'SGamma2[1,13,1]'            1
1185   'SGamma2[1,13,2]'            1
1186   'SGamma2[1,13,3]'            1
1187   'SGamma2[1,14,1]'            1
1188   'SGamma2[1,14,2]'            1
1189   'SGamma2[1,14,3]'            1
1190   'SGamma2[1,15,1]'            1
1191   'SGamma2[1,15,2]'            1
1192   'SGamma2[1,15,3]'            1
1193   'SGamma2[2,1,1]'             1
1194   'SGamma2[2,1,2]'             1
1195   'SGamma2[2,1,3]'             1
1196   'SGamma2[2,2,1]'             1
1197   'SGamma2[2,2,2]'             1
1198   'SGamma2[2,2,3]'             1
1199   'SGamma2[2,3,1]'             1
1200   'SGamma2[2,3,2]'             1
1201   'SGamma2[2,3,3]'             1
1202   'SGamma2[2,4,1]'             1
1203   'SGamma2[2,4,2]'             1
1204   'SGamma2[2,4,3]'             1
1205   'SGamma2[2,5,1]'             1
1206   'SGamma2[2,5,2]'             1
1207   'SGamma2[2,5,3]'             1
1208   'SGamma2[2,6,1]'             1
1209   'SGamma2[2,6,2]'             1
1210   'SGamma2[2,6,3]'             1
1211   'SGamma2[2,7,1]'             1
1212   'SGamma2[2,7,2]'             1
1213   'SGamma2[2,7,3]'             1
1214   'SGamma2[2,8,1]'             1
1215   'SGamma2[2,8,2]'             1
1216   'SGamma2[2,8,3]'             1
1217   'SGamma2[2,9,1]'             1
1218   'SGamma2[2,9,2]'             1
1219   'SGamma2[2,9,3]'             1
1220   'SGamma2[2,10,1]'            1
1221   'SGamma2[2,10,2]'            1
1222   'SGamma2[2,10,3]'            1
1223   'SGamma2[2,11,1]'            1
1224   'SGamma2[2,11,2]'            1
1225   'SGamma2[2,11,3]'            1
1226   'SGamma2[2,12,1]'            1
1227   'SGamma2[2,12,2]'            1
1228   'SGamma2[2,12,3]'            1
1229   'SGamma2[2,13,1]'            1
1230   'SGamma2[2,13,2]'            1
1231   'SGamma2[2,13,3]'            1
1232   'SGamma2[2,14,1]'            1
1233   'SGamma2[2,14,2]'            1
1234   'SGamma2[2,14,3]'            1
1235   'SGamma2[2,15,1]'            1
1236   'SGamma2[2,15,2]'            1
1237   'SGamma2[2,15,3]'            1
1238   'gamma[1,1,1]'               1
1239   'gamma[1,1,2]'               1
1240   'gamma[1,1,3]'               1
1241   'gamma[1,2,1]'               1
1242   'gamma[1,2,2]'               1
1243   'gamma[1,2,3]'               1
1244   'gamma[1,3,1]'               1
1245   'gamma[1,3,2]'               1
1246   'gamma[1,3,3]'               1
1247   'gamma[1,4,1]'               1
1248   'gamma[1,4,2]'               1
1249   'gamma[1,4,3]'               1
1250   'gamma[1,5,1]'               1
1251   'gamma[1,5,2]'               1
1252   'gamma[1,5,3]'               1
1253   'gamma[1,6,1]'               1
1254   'gamma[1,6,2]'               1
1255   'gamma[1,6,3]'               1
1256   'gamma[1,7,1]'               1
1257   'gamma[1,7,2]'               1
1258   'gamma[1,7,3]'               1
1259   'gamma[1,8,1]'               1
1260   'gamma[1,8,2]'               1
1261   'gamma[1,8,3]'               1
1262   'gamma[1,9,1]'               1
1263   'gamma[1,9,2]'               1
1264   'gamma[1,9,3]'               1
1265   'gamma[1,10,1]'              1
1266   'gamma[1,10,2]'              1
1267   'gamma[1,10,3]'              1
1268   'gamma[1,11,1]'              1
1269   'gamma[1,11,2]'              1
1270   'gamma[1,11,3]'              1
1271   'gamma[1,12,1]'              1
1272   'gamma[1,12,2]'              1
1273   'gamma[1,12,3]'              1
1274   'gamma[1,13,1]'              1
1275   'gamma[1,13,2]'              1
1276   'gamma[1,13,3]'              1
1277   'gamma[1,14,1]'              1
1278   'gamma[1,14,2]'              1
1279   'gamma[1,14,3]'              1
1280   'gamma[1,15,1]'              1
1281   'gamma[1,15,2]'              1
1282   'gamma[1,15,3]'              1
1283   'gamma[2,1,1]'               1
1284   'gamma[2,1,2]'               1
1285   'gamma[2,1,3]'               1
1286   'gamma[2,2,1]'               1
1287   'gamma[2,2,2]'               1
1288   'gamma[2,2,3]'               1
1289   'gamma[2,3,1]'               1
1290   'gamma[2,3,2]'               1
1291   'gamma[2,3,3]'               1
1292   'gamma[2,4,1]'               1
1293   'gamma[2,4,2]'               1
1294   'gamma[2,4,3]'               1
1295   'gamma[2,5,1]'               1
1296   'gamma[2,5,2]'               1
1297   'gamma[2,5,3]'               1
1298   'gamma[2,6,1]'               1
1299   'gamma[2,6,2]'               1
1300   'gamma[2,6,3]'               1
1301   'gamma[2,7,1]'               1
1302   'gamma[2,7,2]'               1
1303   'gamma[2,7,3]'               1
1304   'gamma[2,8,1]'               1
1305   'gamma[2,8,2]'               1
1306   'gamma[2,8,3]'               1
1307   'gamma[2,9,1]'               1
1308   'gamma[2,9,2]'               1
1309   'gamma[2,9,3]'               1
1310   'gamma[2,10,1]'              1
1311   'gamma[2,10,2]'              1
1312   'gamma[2,10,3]'              1
1313   'gamma[2,11,1]'              1
1314   'gamma[2,11,2]'              1
1315   'gamma[2,11,3]'              1
1316   'gamma[2,12,1]'              1
1317   'gamma[2,12,2]'              1
1318   'gamma[2,12,3]'              1
1319   'gamma[2,13,1]'              1
1320   'gamma[2,13,2]'              1
1321   'gamma[2,13,3]'              1
1322   'gamma[2,14,1]'              1
1323   'gamma[2,14,2]'              1
1324   'gamma[2,14,3]'              1
1325   'gamma[2,15,1]'              1
1326   'gamma[2,15,2]'              1
1327   'gamma[2,15,3]'              1
1328   'PrS[1,1,1]'            605984
1329   'PrS[1,1,2]'            324931
1330   'PrS[1,1,3]'            100010
1331   'PrS[1,2,1]'            509075
1332   'PrS[1,2,2]'            268297
1333   'PrS[1,2,3]'             79465.6
1334   'PrS[1,3,1]'            466963
1335   'PrS[1,3,2]'            243960
1336   'PrS[1,3,3]'             70872.5
1337   'PrS[1,4,1]'            444872
1338   'PrS[1,4,2]'            231267
1339   'PrS[1,4,3]'             66454
1340   'PrS[1,5,1]'            427638
1341   'PrS[1,5,2]'            221404
1342   'PrS[1,5,3]'             63052
1343   'PrS[1,6,1]'            410634
1344   'PrS[1,6,2]'            211706
1345   'PrS[1,6,3]'             59735.5
1346   'PrS[1,7,1]'            393404
1347   'PrS[1,7,2]'            201916
1348   'PrS[1,7,3]'             56417.2
1349   'PrS[1,8,1]'            376935
1350   'PrS[1,8,2]'            192595
1351   'PrS[1,8,3]'             53286.6
1352   'PrS[1,9,1]'            343847
1353   'PrS[1,9,2]'            173982
1354   'PrS[1,9,3]'             47125.1
1355   'PrS[1,10,1]'           325369
1356   'PrS[1,10,2]'           163659
1357   'PrS[1,10,3]'            43762.7
1358   'PrS[1,11,1]'           316203
1359   'PrS[1,11,2]'           158558
1360   'PrS[1,11,3]'            42116.8
1361   'PrS[1,12,1]'           310915
1362   'PrS[1,12,2]'           155622
1363   'PrS[1,12,3]'            41174.1
1364   'PrS[1,13,1]'           305556
1365   'PrS[1,13,2]'           152651
1366   'PrS[1,13,3]'            40223.8
1367   'PrS[1,14,1]'           296414
1368   'PrS[1,14,2]'           147595
1369   'PrS[1,14,3]'            38615.1
1370   'PrS[1,15,1]'           278946
1371   'PrS[1,15,2]'           137975
1372   'PrS[1,15,3]'            35585.4
1373   'PrS[2,1,1]'           1015230
1374   'PrS[2,1,2]'            571023
1375   'PrS[2,1,3]'            195808
1376   'PrS[2,2,1]'            968333
1377   'PrS[2,2,2]'            542381
1378   'PrS[2,2,3]'            184230
1379   'PrS[2,3,1]'            862420
1380   'PrS[2,3,2]'            478063
1381   'PrS[2,3,3]'            158593
1382   'PrS[2,4,1]'            691295
1383   'PrS[2,4,2]'            375405
1384   'PrS[2,4,3]'            118881
1385   'PrS[2,5,1]'            527640
1386   'PrS[2,5,2]'            279082
1387   'PrS[2,5,3]'             83321.3
1388   'PrS[2,6,1]'            436516
1389   'PrS[2,6,2]'            226481
1390   'PrS[2,6,3]'             64799.4
1391   'PrS[2,7,1]'            399407
1392   'PrS[2,7,2]'            205323
1393   'PrS[2,7,3]'             57568.4
1394   'PrS[2,8,1]'            381556
1395   'PrS[2,8,2]'            195207
1396   'PrS[2,8,3]'             54160.9
1397   'PrS[2,9,1]'            365093
1398   'PrS[2,9,2]'            185916
1399   'PrS[2,9,3]'             51061.4
1400   'PrS[2,10,1]'           342737
1401   'PrS[2,10,2]'           173361
1402   'PrS[2,10,3]'            46921.5
1403   'PrS[2,11,1]'           313017
1404   'PrS[2,11,2]'           156788
1405   'PrS[2,11,3]'            41548.1
1406   'PrS[2,12,1]'           279930
1407   'PrS[2,12,2]'           138516
1408   'PrS[2,12,3]'            35754.4
1409   'PrS[2,13,1]'           250493
1410   'PrS[2,13,2]'           122434
1411   'PrS[2,13,3]'            30781.7
1412   'PrS[2,14,1]'           229377
1413   'PrS[2,14,2]'           111012
1414   'PrS[2,14,3]'            27329.3
1415   'PrS[2,15,1]'           216550
1416   'PrS[2,15,2]'           104124
1417   'PrS[2,15,3]'            25282.2
1418   'PrSF[1]'               371002
1419   'PrSF[2]'               189246
1420   'PrSF[3]'                52169.1
1421   Vap                     169218
1422   Sep                        198
;

