:            _varname               _var          :=
1      'F[2]'                      0
2      'F[3]'                      0
3      'F[4]'                      0
4      'F[5]'                      0
5      'F[6]'                      0
6      'F[7]'                      0
7      'F[8]'                    100
8      'F[9]'                      0
9      'F[10]'                     0
10     'F[11]'                     0
11     'F[12]'                     0
12     'F[13]'                     0
13     'F[14]'                     0
14     'V[1,1]'                   95.9473
15     'V[1,2]'                   96.3483
16     'V[1,3]'                   96.9997
17     'V[1,4]'                   97.7043
18     'V[1,5]'                   98.2083
19     'V[1,6]'                   98.3406
20     'V[1,7]'                   98.1581
21     'V[1,8]'                   98.3788
22     'V[1,9]'                   98.3889
23     'V[1,10]'                  98.4089
24     'V[1,11]'                  98.4485
25     'V[1,12]'                  98.5263
26     'V[1,13]'                  98.6765
27     'V[1,14]'                  98.968
28     'V[1,15]'                   0
29     'V[2,1]'                   63.14
30     'V[2,2]'                   63.2074
31     'V[2,3]'                   63.174
32     'V[2,4]'                   63.1984
33     'V[2,5]'                   63.3465
34     'V[2,6]'                   63.5934
35     'V[2,7]'                   63.8619
36     'V[2,8]'                   64.088
37     'V[2,9]'                   64.2495
38     'V[2,10]'                  64.3534
39     'V[2,11]'                  67.6059
40     'V[2,12]'                  68.044
41     'V[2,13]'                  68.5896
42     'V[2,14]'                  69.2701
43     'V[2,15]'                   0
44     'y[1,1,1]'                  0.000296202
45     'y[1,1,2]'                  0.229306
46     'y[1,1,3]'                  0.770397
47     'y[1,2,1]'                  0.00108398
48     'y[1,2,2]'                  0.362825
49     'y[1,2,3]'                  0.636091
50     'y[1,3,1]'                  0.00349747
51     'y[1,3,2]'                  0.497397
52     'y[1,3,3]'                  0.499105
53     'y[1,4,1]'                  0.0102924
54     'y[1,4,2]'                  0.607791
55     'y[1,4,3]'                  0.381916
56     'y[1,5,1]'                  0.0281083
57     'y[1,5,2]'                  0.677127
58     'y[1,5,3]'                  0.294765
59     'y[1,6,1]'                  0.0716337
60     'y[1,6,2]'                  0.694894
61     'y[1,6,3]'                  0.233473
62     'y[1,7,1]'                  0.167342
63     'y[1,7,2]'                  0.646353
64     'y[1,7,3]'                  0.186305
65     'y[1,8,1]'                  0.340584
66     'y[1,8,2]'                  0.517255
67     'y[1,8,3]'                  0.14216
68     'y[1,9,1]'                  0.340638
69     'y[1,9,2]'                  0.517916
70     'y[1,9,3]'                  0.141446
71     'y[1,10,1]'                 0.340748
72     'y[1,10,2]'                 0.519223
73     'y[1,10,3]'                 0.140029
74     'y[1,11,1]'                 0.340981
75     'y[1,11,2]'                 0.521779
76     'y[1,11,3]'                 0.137239
77     'y[1,12,1]'                 0.341576
78     'y[1,12,2]'                 0.526618
79     'y[1,12,3]'                 0.131806
80     'y[1,13,1]'                 0.343756
81     'y[1,13,2]'                 0.534845
82     'y[1,13,3]'                 0.1214
83     'y[1,14,1]'                 0.355156
84     'y[1,14,2]'                 0.542981
85     'y[1,14,3]'                 0.101863
86     'y[1,15,1]'                 0.420601
87     'y[1,15,2]'                 0.513075
88     'y[1,15,3]'                 0.0663245
89     'y[2,1,1]'                  0.0589468
90     'y[2,1,2]'                  0.889142
91     'y[2,1,3]'                  0.051911
92     'y[2,2,1]'                  0.115668
93     'y[2,2,2]'                  0.852554
94     'y[2,2,3]'                  0.0317786
95     'y[2,3,1]'                  0.19497
96     'y[2,3,2]'                  0.780105
97     'y[2,3,3]'                  0.0249247
98     'y[2,4,1]'                  0.293703
99     'y[2,4,2]'                  0.684875
100    'y[2,4,3]'                  0.0214221
101    'y[2,5,1]'                  0.399768
102    'y[2,5,2]'                  0.581504
103    'y[2,5,3]'                  0.0187283
104    'y[2,6,1]'                  0.496762
105    'y[2,6,2]'                  0.486772
106    'y[2,6,3]'                  0.0164663
107    'y[2,7,1]'                  0.573051
108    'y[2,7,2]'                  0.41223
109    'y[2,7,3]'                  0.0147188
110    'y[2,8,1]'                  0.626165
111    'y[2,8,2]'                  0.36033
112    'y[2,8,3]'                  0.0135047
113    'y[2,9,1]'                  0.660053
114    'y[2,9,2]'                  0.327218
115    'y[2,9,3]'                  0.0127291
116    'y[2,10,1]'                 0.680479
117    'y[2,10,2]'                 0.30726
118    'y[2,10,3]'                 0.0122609
119    'y[2,11,1]'                 0.69237
120    'y[2,11,2]'                 0.295642
121    'y[2,11,3]'                 0.011988
122    'y[2,12,1]'                 0.736849
123    'y[2,12,2]'                 0.258511
124    'y[2,12,3]'                 0.00464018
125    'y[2,13,1]'                 0.796922
126    'y[2,13,2]'                 0.201477
127    'y[2,13,3]'                 0.00160158
128    'y[2,14,1]'                 0.86534
129    'y[2,14,2]'                 0.134185
130    'y[2,14,3]'                 0.000475787
131    'y[2,15,1]'                 0.928137
132    'y[2,15,2]'                 0.0717491
133    'y[2,15,3]'                 0.000114096
134    'L[1,1]'                    0
135    'L[1,2]'                  124.625
136    'L[1,3]'                  125.026
137    'L[1,4]'                  125.677
138    'L[1,5]'                  126.382
139    'L[1,6]'                  126.886
140    'L[1,7]'                  127.018
141    'L[1,8]'                  126.836
142    'L[1,9]'                   27.0565
143    'L[1,10]'                  27.0666
144    'L[1,11]'                  27.0865
145    'L[1,12]'                  27.1262
146    'L[1,13]'                  27.204
147    'L[1,14]'                  27.3541
148    'L[1,15]'                  27.6457
149    'L[2,1]'                    0
150    'L[2,2]'                  103.062
151    'L[2,3]'                  103.129
152    'L[2,4]'                  103.096
153    'L[2,5]'                  103.12
154    'L[2,6]'                  103.268
155    'L[2,7]'                  103.515
156    'L[2,8]'                  103.784
157    'L[2,9]'                  104.01
158    'L[2,10]'                 104.171
159    'L[2,11]'                 104.275
160    'L[2,12]'                  36.2055
161    'L[2,13]'                  36.6436
162    'L[2,14]'                  37.1892
163    'L[2,15]'                  37.8697
164    'x[1,1,1]'                  6.15442e-05
165    'x[1,1,2]'                  0.11878
166    'x[1,1,3]'                  0.881159
167    'x[1,2,1]'                  0.000242204
168    'x[1,2,2]'                  0.203873
169    'x[1,2,3]'                  0.795885
170    'x[1,3,1]'                  0.000849459
171    'x[1,3,2]'                  0.306847
172    'x[1,3,3]'                  0.692303
173    'x[1,4,1]'                  0.00271345
174    'x[1,4,2]'                  0.411003
175    'x[1,4,3]'                  0.586284
176    'x[1,5,1]'                  0.00797088
177    'x[1,5,2]'                  0.496828
178    'x[1,5,3]'                  0.495201
179    'x[1,6,1]'                  0.0217694
180    'x[1,6,2]'                  0.550934
181    'x[1,6,3]'                  0.427297
182    'x[1,7,1]'                  0.0554744
183    'x[1,7,2]'                  0.564821
184    'x[1,7,3]'                  0.379705
185    'x[1,8,1]'                  0.12952
186    'x[1,8,2]'                  0.527068
187    'x[1,8,3]'                  0.343412
188    'x[1,9,1]'                  0.129657
189    'x[1,9,2]'                  0.528275
190    'x[1,9,3]'                  0.342068
191    'x[1,10,1]'                 0.129932
192    'x[1,10,2]'                 0.530673
193    'x[1,10,3]'                 0.339395
194    'x[1,11,1]'                 0.130484
195    'x[1,11,2]'                 0.535413
196    'x[1,11,3]'                 0.334103
197    'x[1,12,1]'                 0.131639
198    'x[1,12,2]'                 0.544667
199    'x[1,12,3]'                 0.323694
200    'x[1,13,1]'                 0.134392
201    'x[1,13,2]'                 0.562126
202    'x[1,13,3]'                 0.303482
203    'x[1,14,1]'                 0.143392
204    'x[1,14,2]'                 0.591607
205    'x[1,14,3]'                 0.265001
206    'x[1,15,1]'                 0.186315
207    'x[1,15,2]'                 0.620136
208    'x[1,15,3]'                 0.193549
209    'x[2,1,1]'                  0.0214009
210    'x[2,1,2]'                  0.860197
211    'x[2,1,3]'                  0.118402
212    'x[2,2,1]'                  0.0444031
213    'x[2,2,2]'                  0.87793
214    'x[2,2,3]'                  0.0776669
215    'x[2,3,1]'                  0.0791766
216    'x[2,3,2]'                  0.855512
217    'x[2,3,3]'                  0.065311
218    'x[2,4,1]'                  0.127759
219    'x[2,4,2]'                  0.811119
220    'x[2,4,3]'                  0.061122
221    'x[2,5,1]'                  0.188284
222    'x[2,5,2]'                  0.752749
223    'x[2,5,3]'                  0.0589668
224    'x[2,6,1]'                  0.253497
225    'x[2,6,2]'                  0.689242
226    'x[2,6,3]'                  0.0572606
227    'x[2,7,1]'                  0.313433
228    'x[2,7,2]'                  0.630788
229    'x[2,7,3]'                  0.0557791
230    'x[2,8,1]'                  0.360851
231    'x[2,8,2]'                  0.584547
232    'x[2,8,3]'                  0.054602
233    'x[2,9,1]'                  0.39404
234    'x[2,9,2]'                  0.552193
235    'x[2,9,3]'                  0.0537672
236    'x[2,10,1]'                 0.4153
237    'x[2,10,2]'                 0.531473
238    'x[2,10,3]'                 0.0532265
239    'x[2,11,1]'                 0.42815
240    'x[2,11,2]'                 0.518953
241    'x[2,11,3]'                 0.0528971
242    'x[2,12,1]'                 0.487893
243    'x[2,12,2]'                 0.489821
244    'x[2,12,3]'                 0.022286
245    'x[2,13,1]'                 0.572932
246    'x[2,13,2]'                 0.41855
247    'x[2,13,3]'                 0.00851865
248    'x[2,14,1]'                 0.686131
249    'x[2,14,2]'                 0.311011
250    'x[2,14,3]'                 0.00285753
251    'x[2,15,1]'                 0.81327
252    'x[2,15,2]'                 0.185954
253    'x[2,15,3]'                 0.000775691
254    'CC[2]'                     0
255    'CC[3]'                     0
256    'CC[4]'                     0
257    'CC[5]'                     0
258    'CC[6]'                     0
259    'CC[7]'                     0
260    'CC[8]'                     0
261    'CC[9]'                     0
262    'CC[10]'                    0
263    'CC[11]'                   71.3223
264    'CC[12]'                    0
265    'CC[13]'                    0
266    'CC[14]'                    0
267    'CR[2]'                     0
268    'CR[3]'                     0
269    'CR[4]'                     0
270    'CR[5]'                     0
271    'CR[6]'                     0
272    'CR[7]'                     0
273    'CR[8]'                     0
274    'CR[9]'                     0
275    'CR[10]'                    0
276    'CR[11]'                    0
277    'CR[12]'                    0
278    'CR[13]'                    0
279    'CR[14]'                    0
280    'PC[1]'                     0
281    'PC[2]'                    31.4004
282    'PR[1]'                    28.6777
283    'PR[2]'                    39.9219
284    'PS[2]'                     0
285    'PS[3]'                     0
286    'PS[4]'                     0
287    'PS[5]'                     0
288    'PS[6]'                     0
289    'PS[7]'                     0
290    'PS[8]'                     0
291    'PS[9]'                     0
292    'PS[10]'                    0
293    'PS[11]'                    0
294    'PS[12]'                    0
295    'PS[13]'                    0
296    'PS[14]'                    0
297    'T[1,1]'                  365.65
298    'T[1,2]'                  363.113
299    'T[1,3]'                  360.25
300    'T[1,4]'                  357.487
301    'T[1,5]'                  355.073
302    'T[1,6]'                  352.816
303    'T[1,7]'                  350.029
304    'T[1,8]'                  345.732
305    'T[1,9]'                  345.704
306    'T[1,10]'                 345.649
307    'T[1,11]'                 345.539
308    'T[1,12]'                 345.322
309    'T[1,13]'                 344.882
310    'T[1,14]'                 343.898
311    'T[1,15]'                 341.101
312    'T[2,1]'                  347.169
313    'T[2,2]'                  345.442
314    'T[2,3]'                  343.721
315    'T[2,4]'                  341.645
316    'T[2,5]'                  339.282
317    'T[2,6]'                  336.937
318    'T[2,7]'                  334.94
319    'T[2,8]'                  333.454
320    'T[2,9]'                  332.459
321    'T[2,10]'                 331.84
322    'T[2,11]'                 331.473
323    'T[2,12]'                 329.58
324    'T[2,13]'                 327.334
325    'T[2,14]'                 324.709
326    'T[2,15]'                 322.081
327    TF                        338.159
328    'QC[1]'                   960.25
329    'QC[2]'                   641.888
330    'QR[1]'                  1014.21
331    'QR[2]'                   628.577
332    'H[1,1,1]'                  1.75258
333    'H[1,1,2]'                  2.1656
334    'H[1,1,3]'                  2.59535
335    'H[1,2,1]'                  1.67965
336    'H[1,2,2]'                  2.07709
337    'H[1,2,3]'                  2.48853
338    'H[1,3,1]'                  1.59805
339    'H[1,3,2]'                  1.97794
340    'H[1,3,3]'                  2.36896
341    'H[1,4,1]'                  1.51994
342    'H[1,4,2]'                  1.88292
343    'H[1,4,3]'                  2.25445
344    'H[1,5,1]'                  1.4522
345    'H[1,5,2]'                  1.80043
346    'H[1,5,3]'                  2.15511
347    'H[1,6,1]'                  1.38934
348    'H[1,6,2]'                  1.7238
349    'H[1,6,3]'                  2.06288
350    'H[1,7,1]'                  1.31231
351    'H[1,7,2]'                  1.62978
352    'H[1,7,3]'                  1.94979
353    'H[1,8,1]'                  1.19489
354    'H[1,8,2]'                  1.48619
355    'H[1,8,3]'                  1.77723
356    'H[1,9,1]'                  1.19413
357    'H[1,9,2]'                  1.48527
358    'H[1,9,3]'                  1.77611
359    'H[1,10,1]'                 1.19263
360    'H[1,10,2]'                 1.48343
361    'H[1,10,3]'                 1.77391
362    'H[1,11,1]'                 1.18966
363    'H[1,11,2]'                 1.47979
364    'H[1,11,3]'                 1.76953
365    'H[1,12,1]'                 1.18376
366    'H[1,12,2]'                 1.47257
367    'H[1,12,3]'                 1.76086
368    'H[1,13,1]'                 1.17183
369    'H[1,13,2]'                 1.45795
370    'H[1,13,3]'                 1.74331
371    'H[1,14,1]'                 1.14524
372    'H[1,14,2]'                 1.42538
373    'H[1,14,3]'                 1.7042
374    'H[1,15,1]'                 1.07011
375    'H[1,15,2]'                 1.33325
376    'H[1,15,3]'                 1.59362
377    'H[2,1,1]'                  1.23399
378    'H[2,1,2]'                  1.53404
379    'H[2,1,3]'                  1.83471
380    'H[2,2,1]'                  1.18702
381    'H[2,2,2]'                  1.47655
382    'H[2,2,3]'                  1.76565
383    'H[2,3,1]'                  1.14047
384    'H[2,3,2]'                  1.41954
385    'H[2,3,3]'                  1.69718
386    'H[2,4,1]'                  1.08467
387    'H[2,4,2]'                  1.35112
388    'H[2,4,3]'                  1.61506
389    'H[2,5,1]'                  1.0216
390    'H[2,5,2]'                  1.27367
391    'H[2,5,3]'                  1.52215
392    'H[2,6,1]'                  0.959508
393    'H[2,6,2]'                  1.19732
394    'H[2,6,3]'                  1.43062
395    'H[2,7,1]'                  0.906987
396    'H[2,7,2]'                  1.13266
397    'H[2,7,3]'                  1.35312
398    'H[2,8,1]'                  0.86815
399    'H[2,8,2]'                  1.08479
400    'H[2,8,3]'                  1.29577
401    'H[2,9,1]'                  0.842262
402    'H[2,9,2]'                  1.05285
403    'H[2,9,3]'                  1.25753
404    'H[2,10,1]'                 0.826203
405    'H[2,10,2]'                 1.03303
406    'H[2,10,3]'                 1.23379
407    'H[2,11,1]'                 0.816686
408    'H[2,11,2]'                 1.02128
409    'H[2,11,3]'                 1.21972
410    'H[2,12,1]'                 0.767805
411    'H[2,12,2]'                 0.960884
412    'H[2,12,3]'                 1.14742
413    'H[2,13,1]'                 0.710247
414    'H[2,13,2]'                 0.889664
415    'H[2,13,3]'                 1.06221
416    'H[2,14,1]'                 0.64353
417    'H[2,14,2]'                 0.806967
418    'H[2,14,3]'                 0.9633
419    'H[2,15,1]'                 0.577372
420    'H[2,15,2]'                 0.724807
421    'H[2,15,3]'                 0.86508
422    'HF[1]'                     0.991793
423    'HF[2]'                     1.23703
424    'HF[3]'                     1.47822
425    'h[1,1,1]'                 -6.57488
426    'h[1,1,2]'                 -7.3714
427    'h[1,1,3]'                 -8.03993
428    'h[1,2,1]'                 -6.69068
429    'h[1,2,2]'                 -7.50057
430    'h[1,2,3]'                 -8.18846
431    'h[1,3,1]'                 -6.8204
432    'h[1,3,2]'                 -7.64536
433    'h[1,3,3]'                 -8.35498
434    'h[1,4,1]'                 -6.9447
435    'h[1,4,2]'                 -7.78424
436    'h[1,4,3]'                 -8.51472
437    'h[1,5,1]'                 -7.05263
438    'h[1,5,2]'                 -7.90491
439    'h[1,5,3]'                 -8.65355
440    'h[1,6,1]'                 -7.15289
441    'h[1,6,2]'                 -8.0171
442    'h[1,6,3]'                 -8.78265
443    'h[1,7,1]'                 -7.27592
444    'h[1,7,2]'                 -8.15489
445    'h[1,7,3]'                 -8.94125
446    'h[1,8,1]'                 -7.46385
447    'h[1,8,2]'                 -8.36562
448    'h[1,8,3]'                 -9.18391
449    'h[1,9,1]'                 -7.46506
450    'h[1,9,2]'                 -8.36698
451    'h[1,9,3]'                 -9.18547
452    'h[1,10,1]'                -7.46747
453    'h[1,10,2]'                -8.36968
454    'h[1,10,3]'                -9.18858
455    'h[1,11,1]'                -7.47224
456    'h[1,11,2]'                -8.37503
457    'h[1,11,3]'                -9.19475
458    'h[1,12,1]'                -7.48169
459    'h[1,12,2]'                -8.38563
460    'h[1,12,3]'                -9.20697
461    'h[1,13,1]'                -7.50081
462    'h[1,13,2]'                -8.4071
463    'h[1,13,3]'                -9.2317
464    'h[1,14,1]'                -7.54345
465    'h[1,14,2]'                -8.45498
466    'h[1,14,3]'                -9.28685
467    'h[1,15,1]'                -7.66409
468    'h[1,15,2]'                -8.59053
469    'h[1,15,3]'                -9.44306
470    'h[2,1,1]'                 -7.40122
471    'h[2,1,2]'                 -8.29535
472    'h[2,1,3]'                 -9.10298
473    'h[2,2,1]'                 -7.47647
474    'h[2,2,2]'                 -8.37977
475    'h[2,2,3]'                 -9.20022
476    'h[2,3,1]'                 -7.55111
477    'h[2,3,2]'                 -8.46358
478    'h[2,3,3]'                 -9.29676
479    'h[2,4,1]'                 -7.64069
480    'h[2,4,2]'                 -8.56423
481    'h[2,4,3]'                 -9.41274
482    'h[2,5,1]'                 -7.74212
483    'h[2,5,2]'                 -8.67829
484    'h[2,5,3]'                 -9.54423
485    'h[2,6,1]'                 -7.84212
486    'h[2,6,2]'                 -8.79085
487    'h[2,6,3]'                 -9.67404
488    'h[2,7,1]'                 -7.92684
489    'h[2,7,2]'                 -8.88631
490    'h[2,7,3]'                 -9.78418
491    'h[2,8,1]'                 -7.98958
492    'h[2,8,2]'                 -8.95705
493    'h[2,8,3]'                 -9.86582
494    'h[2,9,1]'                 -8.03143
495    'h[2,9,2]'                 -9.00427
496    'h[2,9,3]'                 -9.92033
497    'h[2,10,1]'                -8.05742
498    'h[2,10,2]'                -9.0336
499    'h[2,10,3]'                -9.95419
500    'h[2,11,1]'                -8.07282
501    'h[2,11,2]'                -9.05099
502    'h[2,11,3]'                -9.97427
503    'h[2,12,1]'                -8.15201
504    'h[2,12,2]'                -9.14043
505    'h[2,12,3]'               -10.0776
506    'h[2,13,1]'                -8.24541
507    'h[2,13,2]'                -9.24603
508    'h[2,13,3]'               -10.1996
509    'h[2,14,1]'                -8.35391
510    'h[2,14,2]'                -9.36885
511    'h[2,14,3]'               -10.3416
512    'h[2,15,1]'                -8.46175
513    'h[2,15,2]'                -9.49109
514    'h[2,15,3]'               -10.4831
515    'hF[1]'                    -7.7901
516    'hF[2]'                    -8.73228
517    'hF[3]'                    -9.60649
518    'tauGamma[1,1,1,1]'     1e-06
519    'tauGamma[1,1,1,2]'     1e-06
520    'tauGamma[1,1,1,3]'     1e-06
521    'tauGamma[1,1,2,1]'     1e-06
522    'tauGamma[1,1,2,2]'     1e-06
523    'tauGamma[1,1,2,3]'     1e-06
524    'tauGamma[1,1,3,1]'     1e-06
525    'tauGamma[1,1,3,2]'     1e-06
526    'tauGamma[1,1,3,3]'     1e-06
527    'tauGamma[1,2,1,1]'     1e-06
528    'tauGamma[1,2,1,2]'     1e-06
529    'tauGamma[1,2,1,3]'     1e-06
530    'tauGamma[1,2,2,1]'     1e-06
531    'tauGamma[1,2,2,2]'     1e-06
532    'tauGamma[1,2,2,3]'     1e-06
533    'tauGamma[1,2,3,1]'     1e-06
534    'tauGamma[1,2,3,2]'     1e-06
535    'tauGamma[1,2,3,3]'     1e-06
536    'tauGamma[1,3,1,1]'     1e-06
537    'tauGamma[1,3,1,2]'     1e-06
538    'tauGamma[1,3,1,3]'     1e-06
539    'tauGamma[1,3,2,1]'     1e-06
540    'tauGamma[1,3,2,2]'     1e-06
541    'tauGamma[1,3,2,3]'     1e-06
542    'tauGamma[1,3,3,1]'     1e-06
543    'tauGamma[1,3,3,2]'     1e-06
544    'tauGamma[1,3,3,3]'     1e-06
545    'tauGamma[1,4,1,1]'     1e-06
546    'tauGamma[1,4,1,2]'     1e-06
547    'tauGamma[1,4,1,3]'     1e-06
548    'tauGamma[1,4,2,1]'     1e-06
549    'tauGamma[1,4,2,2]'     1e-06
550    'tauGamma[1,4,2,3]'     1e-06
551    'tauGamma[1,4,3,1]'     1e-06
552    'tauGamma[1,4,3,2]'     1e-06
553    'tauGamma[1,4,3,3]'     1e-06
554    'tauGamma[1,5,1,1]'     1e-06
555    'tauGamma[1,5,1,2]'     1e-06
556    'tauGamma[1,5,1,3]'     1e-06
557    'tauGamma[1,5,2,1]'     1e-06
558    'tauGamma[1,5,2,2]'     1e-06
559    'tauGamma[1,5,2,3]'     1e-06
560    'tauGamma[1,5,3,1]'     1e-06
561    'tauGamma[1,5,3,2]'     1e-06
562    'tauGamma[1,5,3,3]'     1e-06
563    'tauGamma[1,6,1,1]'     1e-06
564    'tauGamma[1,6,1,2]'     1e-06
565    'tauGamma[1,6,1,3]'     1e-06
566    'tauGamma[1,6,2,1]'     1e-06
567    'tauGamma[1,6,2,2]'     1e-06
568    'tauGamma[1,6,2,3]'     1e-06
569    'tauGamma[1,6,3,1]'     1e-06
570    'tauGamma[1,6,3,2]'     1e-06
571    'tauGamma[1,6,3,3]'     1e-06
572    'tauGamma[1,7,1,1]'     1e-06
573    'tauGamma[1,7,1,2]'     1e-06
574    'tauGamma[1,7,1,3]'     1e-06
575    'tauGamma[1,7,2,1]'     1e-06
576    'tauGamma[1,7,2,2]'     1e-06
577    'tauGamma[1,7,2,3]'     1e-06
578    'tauGamma[1,7,3,1]'     1e-06
579    'tauGamma[1,7,3,2]'     1e-06
580    'tauGamma[1,7,3,3]'     1e-06
581    'tauGamma[1,8,1,1]'     1e-06
582    'tauGamma[1,8,1,2]'     1e-06
583    'tauGamma[1,8,1,3]'     1e-06
584    'tauGamma[1,8,2,1]'     1e-06
585    'tauGamma[1,8,2,2]'     1e-06
586    'tauGamma[1,8,2,3]'     1e-06
587    'tauGamma[1,8,3,1]'     1e-06
588    'tauGamma[1,8,3,2]'     1e-06
589    'tauGamma[1,8,3,3]'     1e-06
590    'tauGamma[1,9,1,1]'     1e-06
591    'tauGamma[1,9,1,2]'     1e-06
592    'tauGamma[1,9,1,3]'     1e-06
593    'tauGamma[1,9,2,1]'     1e-06
594    'tauGamma[1,9,2,2]'     1e-06
595    'tauGamma[1,9,2,3]'     1e-06
596    'tauGamma[1,9,3,1]'     1e-06
597    'tauGamma[1,9,3,2]'     1e-06
598    'tauGamma[1,9,3,3]'     1e-06
599    'tauGamma[1,10,1,1]'    1e-06
600    'tauGamma[1,10,1,2]'    1e-06
601    'tauGamma[1,10,1,3]'    1e-06
602    'tauGamma[1,10,2,1]'    1e-06
603    'tauGamma[1,10,2,2]'    1e-06
604    'tauGamma[1,10,2,3]'    1e-06
605    'tauGamma[1,10,3,1]'    1e-06
606    'tauGamma[1,10,3,2]'    1e-06
607    'tauGamma[1,10,3,3]'    1e-06
608    'tauGamma[1,11,1,1]'    1e-06
609    'tauGamma[1,11,1,2]'    1e-06
610    'tauGamma[1,11,1,3]'    1e-06
611    'tauGamma[1,11,2,1]'    1e-06
612    'tauGamma[1,11,2,2]'    1e-06
613    'tauGamma[1,11,2,3]'    1e-06
614    'tauGamma[1,11,3,1]'    1e-06
615    'tauGamma[1,11,3,2]'    1e-06
616    'tauGamma[1,11,3,3]'    1e-06
617    'tauGamma[1,12,1,1]'    1e-06
618    'tauGamma[1,12,1,2]'    1e-06
619    'tauGamma[1,12,1,3]'    1e-06
620    'tauGamma[1,12,2,1]'    1e-06
621    'tauGamma[1,12,2,2]'    1e-06
622    'tauGamma[1,12,2,3]'    1e-06
623    'tauGamma[1,12,3,1]'    1e-06
624    'tauGamma[1,12,3,2]'    1e-06
625    'tauGamma[1,12,3,3]'    1e-06
626    'tauGamma[1,13,1,1]'    1e-06
627    'tauGamma[1,13,1,2]'    1e-06
628    'tauGamma[1,13,1,3]'    1e-06
629    'tauGamma[1,13,2,1]'    1e-06
630    'tauGamma[1,13,2,2]'    1e-06
631    'tauGamma[1,13,2,3]'    1e-06
632    'tauGamma[1,13,3,1]'    1e-06
633    'tauGamma[1,13,3,2]'    1e-06
634    'tauGamma[1,13,3,3]'    1e-06
635    'tauGamma[1,14,1,1]'    1e-06
636    'tauGamma[1,14,1,2]'    1e-06
637    'tauGamma[1,14,1,3]'    1e-06
638    'tauGamma[1,14,2,1]'    1e-06
639    'tauGamma[1,14,2,2]'    1e-06
640    'tauGamma[1,14,2,3]'    1e-06
641    'tauGamma[1,14,3,1]'    1e-06
642    'tauGamma[1,14,3,2]'    1e-06
643    'tauGamma[1,14,3,3]'    1e-06
644    'tauGamma[1,15,1,1]'    1e-06
645    'tauGamma[1,15,1,2]'    1e-06
646    'tauGamma[1,15,1,3]'    1e-06
647    'tauGamma[1,15,2,1]'    1e-06
648    'tauGamma[1,15,2,2]'    1e-06
649    'tauGamma[1,15,2,3]'    1e-06
650    'tauGamma[1,15,3,1]'    1e-06
651    'tauGamma[1,15,3,2]'    1e-06
652    'tauGamma[1,15,3,3]'    1e-06
653    'tauGamma[2,1,1,1]'     1e-06
654    'tauGamma[2,1,1,2]'     1e-06
655    'tauGamma[2,1,1,3]'     1e-06
656    'tauGamma[2,1,2,1]'     1e-06
657    'tauGamma[2,1,2,2]'     1e-06
658    'tauGamma[2,1,2,3]'     1e-06
659    'tauGamma[2,1,3,1]'     1e-06
660    'tauGamma[2,1,3,2]'     1e-06
661    'tauGamma[2,1,3,3]'     1e-06
662    'tauGamma[2,2,1,1]'     1e-06
663    'tauGamma[2,2,1,2]'     1e-06
664    'tauGamma[2,2,1,3]'     1e-06
665    'tauGamma[2,2,2,1]'     1e-06
666    'tauGamma[2,2,2,2]'     1e-06
667    'tauGamma[2,2,2,3]'     1e-06
668    'tauGamma[2,2,3,1]'     1e-06
669    'tauGamma[2,2,3,2]'     1e-06
670    'tauGamma[2,2,3,3]'     1e-06
671    'tauGamma[2,3,1,1]'     1e-06
672    'tauGamma[2,3,1,2]'     1e-06
673    'tauGamma[2,3,1,3]'     1e-06
674    'tauGamma[2,3,2,1]'     1e-06
675    'tauGamma[2,3,2,2]'     1e-06
676    'tauGamma[2,3,2,3]'     1e-06
677    'tauGamma[2,3,3,1]'     1e-06
678    'tauGamma[2,3,3,2]'     1e-06
679    'tauGamma[2,3,3,3]'     1e-06
680    'tauGamma[2,4,1,1]'     1e-06
681    'tauGamma[2,4,1,2]'     1e-06
682    'tauGamma[2,4,1,3]'     1e-06
683    'tauGamma[2,4,2,1]'     1e-06
684    'tauGamma[2,4,2,2]'     1e-06
685    'tauGamma[2,4,2,3]'     1e-06
686    'tauGamma[2,4,3,1]'     1e-06
687    'tauGamma[2,4,3,2]'     1e-06
688    'tauGamma[2,4,3,3]'     1e-06
689    'tauGamma[2,5,1,1]'     1e-06
690    'tauGamma[2,5,1,2]'     1e-06
691    'tauGamma[2,5,1,3]'     1e-06
692    'tauGamma[2,5,2,1]'     1e-06
693    'tauGamma[2,5,2,2]'     1e-06
694    'tauGamma[2,5,2,3]'     1e-06
695    'tauGamma[2,5,3,1]'     1e-06
696    'tauGamma[2,5,3,2]'     1e-06
697    'tauGamma[2,5,3,3]'     1e-06
698    'tauGamma[2,6,1,1]'     1e-06
699    'tauGamma[2,6,1,2]'     1e-06
700    'tauGamma[2,6,1,3]'     1e-06
701    'tauGamma[2,6,2,1]'     1e-06
702    'tauGamma[2,6,2,2]'     1e-06
703    'tauGamma[2,6,2,3]'     1e-06
704    'tauGamma[2,6,3,1]'     1e-06
705    'tauGamma[2,6,3,2]'     1e-06
706    'tauGamma[2,6,3,3]'     1e-06
707    'tauGamma[2,7,1,1]'     1e-06
708    'tauGamma[2,7,1,2]'     1e-06
709    'tauGamma[2,7,1,3]'     1e-06
710    'tauGamma[2,7,2,1]'     1e-06
711    'tauGamma[2,7,2,2]'     1e-06
712    'tauGamma[2,7,2,3]'     1e-06
713    'tauGamma[2,7,3,1]'     1e-06
714    'tauGamma[2,7,3,2]'     1e-06
715    'tauGamma[2,7,3,3]'     1e-06
716    'tauGamma[2,8,1,1]'     1e-06
717    'tauGamma[2,8,1,2]'     1e-06
718    'tauGamma[2,8,1,3]'     1e-06
719    'tauGamma[2,8,2,1]'     1e-06
720    'tauGamma[2,8,2,2]'     1e-06
721    'tauGamma[2,8,2,3]'     1e-06
722    'tauGamma[2,8,3,1]'     1e-06
723    'tauGamma[2,8,3,2]'     1e-06
724    'tauGamma[2,8,3,3]'     1e-06
725    'tauGamma[2,9,1,1]'     1e-06
726    'tauGamma[2,9,1,2]'     1e-06
727    'tauGamma[2,9,1,3]'     1e-06
728    'tauGamma[2,9,2,1]'     1e-06
729    'tauGamma[2,9,2,2]'     1e-06
730    'tauGamma[2,9,2,3]'     1e-06
731    'tauGamma[2,9,3,1]'     1e-06
732    'tauGamma[2,9,3,2]'     1e-06
733    'tauGamma[2,9,3,3]'     1e-06
734    'tauGamma[2,10,1,1]'    1e-06
735    'tauGamma[2,10,1,2]'    1e-06
736    'tauGamma[2,10,1,3]'    1e-06
737    'tauGamma[2,10,2,1]'    1e-06
738    'tauGamma[2,10,2,2]'    1e-06
739    'tauGamma[2,10,2,3]'    1e-06
740    'tauGamma[2,10,3,1]'    1e-06
741    'tauGamma[2,10,3,2]'    1e-06
742    'tauGamma[2,10,3,3]'    1e-06
743    'tauGamma[2,11,1,1]'    1e-06
744    'tauGamma[2,11,1,2]'    1e-06
745    'tauGamma[2,11,1,3]'    1e-06
746    'tauGamma[2,11,2,1]'    1e-06
747    'tauGamma[2,11,2,2]'    1e-06
748    'tauGamma[2,11,2,3]'    1e-06
749    'tauGamma[2,11,3,1]'    1e-06
750    'tauGamma[2,11,3,2]'    1e-06
751    'tauGamma[2,11,3,3]'    1e-06
752    'tauGamma[2,12,1,1]'    1e-06
753    'tauGamma[2,12,1,2]'    1e-06
754    'tauGamma[2,12,1,3]'    1e-06
755    'tauGamma[2,12,2,1]'    1e-06
756    'tauGamma[2,12,2,2]'    1e-06
757    'tauGamma[2,12,2,3]'    1e-06
758    'tauGamma[2,12,3,1]'    1e-06
759    'tauGamma[2,12,3,2]'    1e-06
760    'tauGamma[2,12,3,3]'    1e-06
761    'tauGamma[2,13,1,1]'    1e-06
762    'tauGamma[2,13,1,2]'    1e-06
763    'tauGamma[2,13,1,3]'    1e-06
764    'tauGamma[2,13,2,1]'    1e-06
765    'tauGamma[2,13,2,2]'    1e-06
766    'tauGamma[2,13,2,3]'    1e-06
767    'tauGamma[2,13,3,1]'    1e-06
768    'tauGamma[2,13,3,2]'    1e-06
769    'tauGamma[2,13,3,3]'    1e-06
770    'tauGamma[2,14,1,1]'    1e-06
771    'tauGamma[2,14,1,2]'    1e-06
772    'tauGamma[2,14,1,3]'    1e-06
773    'tauGamma[2,14,2,1]'    1e-06
774    'tauGamma[2,14,2,2]'    1e-06
775    'tauGamma[2,14,2,3]'    1e-06
776    'tauGamma[2,14,3,1]'    1e-06
777    'tauGamma[2,14,3,2]'    1e-06
778    'tauGamma[2,14,3,3]'    1e-06
779    'tauGamma[2,15,1,1]'    1e-06
780    'tauGamma[2,15,1,2]'    1e-06
781    'tauGamma[2,15,1,3]'    1e-06
782    'tauGamma[2,15,2,1]'    1e-06
783    'tauGamma[2,15,2,2]'    1e-06
784    'tauGamma[2,15,2,3]'    1e-06
785    'tauGamma[2,15,3,1]'    1e-06
786    'tauGamma[2,15,3,2]'    1e-06
787    'tauGamma[2,15,3,3]'    1e-06
788    'PGamma[1,1,1,1]'           1
789    'PGamma[1,1,1,2]'           1
790    'PGamma[1,1,1,3]'           1
791    'PGamma[1,1,2,1]'           1
792    'PGamma[1,1,2,2]'           1
793    'PGamma[1,1,2,3]'           1
794    'PGamma[1,1,3,1]'           1
795    'PGamma[1,1,3,2]'           1
796    'PGamma[1,1,3,3]'           1
797    'PGamma[1,2,1,1]'           1
798    'PGamma[1,2,1,2]'           1
799    'PGamma[1,2,1,3]'           1
800    'PGamma[1,2,2,1]'           1
801    'PGamma[1,2,2,2]'           1
802    'PGamma[1,2,2,3]'           1
803    'PGamma[1,2,3,1]'           1
804    'PGamma[1,2,3,2]'           1
805    'PGamma[1,2,3,3]'           1
806    'PGamma[1,3,1,1]'           1
807    'PGamma[1,3,1,2]'           1
808    'PGamma[1,3,1,3]'           1
809    'PGamma[1,3,2,1]'           1
810    'PGamma[1,3,2,2]'           1
811    'PGamma[1,3,2,3]'           1
812    'PGamma[1,3,3,1]'           1
813    'PGamma[1,3,3,2]'           1
814    'PGamma[1,3,3,3]'           1
815    'PGamma[1,4,1,1]'           1
816    'PGamma[1,4,1,2]'           1
817    'PGamma[1,4,1,3]'           1
818    'PGamma[1,4,2,1]'           1
819    'PGamma[1,4,2,2]'           1
820    'PGamma[1,4,2,3]'           1
821    'PGamma[1,4,3,1]'           1
822    'PGamma[1,4,3,2]'           1
823    'PGamma[1,4,3,3]'           1
824    'PGamma[1,5,1,1]'           1
825    'PGamma[1,5,1,2]'           1
826    'PGamma[1,5,1,3]'           1
827    'PGamma[1,5,2,1]'           1
828    'PGamma[1,5,2,2]'           1
829    'PGamma[1,5,2,3]'           1
830    'PGamma[1,5,3,1]'           1
831    'PGamma[1,5,3,2]'           1
832    'PGamma[1,5,3,3]'           1
833    'PGamma[1,6,1,1]'           1
834    'PGamma[1,6,1,2]'           1
835    'PGamma[1,6,1,3]'           1
836    'PGamma[1,6,2,1]'           1
837    'PGamma[1,6,2,2]'           1
838    'PGamma[1,6,2,3]'           1
839    'PGamma[1,6,3,1]'           1
840    'PGamma[1,6,3,2]'           1
841    'PGamma[1,6,3,3]'           1
842    'PGamma[1,7,1,1]'           1
843    'PGamma[1,7,1,2]'           1
844    'PGamma[1,7,1,3]'           1
845    'PGamma[1,7,2,1]'           1
846    'PGamma[1,7,2,2]'           1
847    'PGamma[1,7,2,3]'           1
848    'PGamma[1,7,3,1]'           1
849    'PGamma[1,7,3,2]'           1
850    'PGamma[1,7,3,3]'           1
851    'PGamma[1,8,1,1]'           1
852    'PGamma[1,8,1,2]'           1
853    'PGamma[1,8,1,3]'           1
854    'PGamma[1,8,2,1]'           1
855    'PGamma[1,8,2,2]'           1
856    'PGamma[1,8,2,3]'           1
857    'PGamma[1,8,3,1]'           1
858    'PGamma[1,8,3,2]'           1
859    'PGamma[1,8,3,3]'           1
860    'PGamma[1,9,1,1]'           1
861    'PGamma[1,9,1,2]'           1
862    'PGamma[1,9,1,3]'           1
863    'PGamma[1,9,2,1]'           1
864    'PGamma[1,9,2,2]'           1
865    'PGamma[1,9,2,3]'           1
866    'PGamma[1,9,3,1]'           1
867    'PGamma[1,9,3,2]'           1
868    'PGamma[1,9,3,3]'           1
869    'PGamma[1,10,1,1]'          1
870    'PGamma[1,10,1,2]'          1
871    'PGamma[1,10,1,3]'          1
872    'PGamma[1,10,2,1]'          1
873    'PGamma[1,10,2,2]'          1
874    'PGamma[1,10,2,3]'          1
875    'PGamma[1,10,3,1]'          1
876    'PGamma[1,10,3,2]'          1
877    'PGamma[1,10,3,3]'          1
878    'PGamma[1,11,1,1]'          1
879    'PGamma[1,11,1,2]'          1
880    'PGamma[1,11,1,3]'          1
881    'PGamma[1,11,2,1]'          1
882    'PGamma[1,11,2,2]'          1
883    'PGamma[1,11,2,3]'          1
884    'PGamma[1,11,3,1]'          1
885    'PGamma[1,11,3,2]'          1
886    'PGamma[1,11,3,3]'          1
887    'PGamma[1,12,1,1]'          1
888    'PGamma[1,12,1,2]'          1
889    'PGamma[1,12,1,3]'          1
890    'PGamma[1,12,2,1]'          1
891    'PGamma[1,12,2,2]'          1
892    'PGamma[1,12,2,3]'          1
893    'PGamma[1,12,3,1]'          1
894    'PGamma[1,12,3,2]'          1
895    'PGamma[1,12,3,3]'          1
896    'PGamma[1,13,1,1]'          1
897    'PGamma[1,13,1,2]'          1
898    'PGamma[1,13,1,3]'          1
899    'PGamma[1,13,2,1]'          1
900    'PGamma[1,13,2,2]'          1
901    'PGamma[1,13,2,3]'          1
902    'PGamma[1,13,3,1]'          1
903    'PGamma[1,13,3,2]'          1
904    'PGamma[1,13,3,3]'          1
905    'PGamma[1,14,1,1]'          1
906    'PGamma[1,14,1,2]'          1
907    'PGamma[1,14,1,3]'          1
908    'PGamma[1,14,2,1]'          1
909    'PGamma[1,14,2,2]'          1
910    'PGamma[1,14,2,3]'          1
911    'PGamma[1,14,3,1]'          1
912    'PGamma[1,14,3,2]'          1
913    'PGamma[1,14,3,3]'          1
914    'PGamma[1,15,1,1]'          1
915    'PGamma[1,15,1,2]'          1
916    'PGamma[1,15,1,3]'          1
917    'PGamma[1,15,2,1]'          1
918    'PGamma[1,15,2,2]'          1
919    'PGamma[1,15,2,3]'          1
920    'PGamma[1,15,3,1]'          1
921    'PGamma[1,15,3,2]'          1
922    'PGamma[1,15,3,3]'          1
923    'PGamma[2,1,1,1]'           1
924    'PGamma[2,1,1,2]'           1
925    'PGamma[2,1,1,3]'           1
926    'PGamma[2,1,2,1]'           1
927    'PGamma[2,1,2,2]'           1
928    'PGamma[2,1,2,3]'           1
929    'PGamma[2,1,3,1]'           1
930    'PGamma[2,1,3,2]'           1
931    'PGamma[2,1,3,3]'           1
932    'PGamma[2,2,1,1]'           1
933    'PGamma[2,2,1,2]'           1
934    'PGamma[2,2,1,3]'           1
935    'PGamma[2,2,2,1]'           1
936    'PGamma[2,2,2,2]'           1
937    'PGamma[2,2,2,3]'           1
938    'PGamma[2,2,3,1]'           1
939    'PGamma[2,2,3,2]'           1
940    'PGamma[2,2,3,3]'           1
941    'PGamma[2,3,1,1]'           1
942    'PGamma[2,3,1,2]'           1
943    'PGamma[2,3,1,3]'           1
944    'PGamma[2,3,2,1]'           1
945    'PGamma[2,3,2,2]'           1
946    'PGamma[2,3,2,3]'           1
947    'PGamma[2,3,3,1]'           1
948    'PGamma[2,3,3,2]'           1
949    'PGamma[2,3,3,3]'           1
950    'PGamma[2,4,1,1]'           1
951    'PGamma[2,4,1,2]'           1
952    'PGamma[2,4,1,3]'           1
953    'PGamma[2,4,2,1]'           1
954    'PGamma[2,4,2,2]'           1
955    'PGamma[2,4,2,3]'           1
956    'PGamma[2,4,3,1]'           1
957    'PGamma[2,4,3,2]'           1
958    'PGamma[2,4,3,3]'           1
959    'PGamma[2,5,1,1]'           1
960    'PGamma[2,5,1,2]'           1
961    'PGamma[2,5,1,3]'           1
962    'PGamma[2,5,2,1]'           1
963    'PGamma[2,5,2,2]'           1
964    'PGamma[2,5,2,3]'           1
965    'PGamma[2,5,3,1]'           1
966    'PGamma[2,5,3,2]'           1
967    'PGamma[2,5,3,3]'           1
968    'PGamma[2,6,1,1]'           1
969    'PGamma[2,6,1,2]'           1
970    'PGamma[2,6,1,3]'           1
971    'PGamma[2,6,2,1]'           1
972    'PGamma[2,6,2,2]'           1
973    'PGamma[2,6,2,3]'           1
974    'PGamma[2,6,3,1]'           1
975    'PGamma[2,6,3,2]'           1
976    'PGamma[2,6,3,3]'           1
977    'PGamma[2,7,1,1]'           1
978    'PGamma[2,7,1,2]'           1
979    'PGamma[2,7,1,3]'           1
980    'PGamma[2,7,2,1]'           1
981    'PGamma[2,7,2,2]'           1
982    'PGamma[2,7,2,3]'           1
983    'PGamma[2,7,3,1]'           1
984    'PGamma[2,7,3,2]'           1
985    'PGamma[2,7,3,3]'           1
986    'PGamma[2,8,1,1]'           1
987    'PGamma[2,8,1,2]'           1
988    'PGamma[2,8,1,3]'           1
989    'PGamma[2,8,2,1]'           1
990    'PGamma[2,8,2,2]'           1
991    'PGamma[2,8,2,3]'           1
992    'PGamma[2,8,3,1]'           1
993    'PGamma[2,8,3,2]'           1
994    'PGamma[2,8,3,3]'           1
995    'PGamma[2,9,1,1]'           1
996    'PGamma[2,9,1,2]'           1
997    'PGamma[2,9,1,3]'           1
998    'PGamma[2,9,2,1]'           1
999    'PGamma[2,9,2,2]'           1
1000   'PGamma[2,9,2,3]'           1
1001   'PGamma[2,9,3,1]'           1
1002   'PGamma[2,9,3,2]'           1
1003   'PGamma[2,9,3,3]'           1
1004   'PGamma[2,10,1,1]'          1
1005   'PGamma[2,10,1,2]'          1
1006   'PGamma[2,10,1,3]'          1
1007   'PGamma[2,10,2,1]'          1
1008   'PGamma[2,10,2,2]'          1
1009   'PGamma[2,10,2,3]'          1
1010   'PGamma[2,10,3,1]'          1
1011   'PGamma[2,10,3,2]'          1
1012   'PGamma[2,10,3,3]'          1
1013   'PGamma[2,11,1,1]'          1
1014   'PGamma[2,11,1,2]'          1
1015   'PGamma[2,11,1,3]'          1
1016   'PGamma[2,11,2,1]'          1
1017   'PGamma[2,11,2,2]'          1
1018   'PGamma[2,11,2,3]'          1
1019   'PGamma[2,11,3,1]'          1
1020   'PGamma[2,11,3,2]'          1
1021   'PGamma[2,11,3,3]'          1
1022   'PGamma[2,12,1,1]'          1
1023   'PGamma[2,12,1,2]'          1
1024   'PGamma[2,12,1,3]'          1
1025   'PGamma[2,12,2,1]'          1
1026   'PGamma[2,12,2,2]'          1
1027   'PGamma[2,12,2,3]'          1
1028   'PGamma[2,12,3,1]'          1
1029   'PGamma[2,12,3,2]'          1
1030   'PGamma[2,12,3,3]'          1
1031   'PGamma[2,13,1,1]'          1
1032   'PGamma[2,13,1,2]'          1
1033   'PGamma[2,13,1,3]'          1
1034   'PGamma[2,13,2,1]'          1
1035   'PGamma[2,13,2,2]'          1
1036   'PGamma[2,13,2,3]'          1
1037   'PGamma[2,13,3,1]'          1
1038   'PGamma[2,13,3,2]'          1
1039   'PGamma[2,13,3,3]'          1
1040   'PGamma[2,14,1,1]'          1
1041   'PGamma[2,14,1,2]'          1
1042   'PGamma[2,14,1,3]'          1
1043   'PGamma[2,14,2,1]'          1
1044   'PGamma[2,14,2,2]'          1
1045   'PGamma[2,14,2,3]'          1
1046   'PGamma[2,14,3,1]'          1
1047   'PGamma[2,14,3,2]'          1
1048   'PGamma[2,14,3,3]'          1
1049   'PGamma[2,15,1,1]'          1
1050   'PGamma[2,15,1,2]'          1
1051   'PGamma[2,15,1,3]'          1
1052   'PGamma[2,15,2,1]'          1
1053   'PGamma[2,15,2,2]'          1
1054   'PGamma[2,15,2,3]'          1
1055   'PGamma[2,15,3,1]'          1
1056   'PGamma[2,15,3,2]'          1
1057   'PGamma[2,15,3,3]'          1
1058   'SGamma1[1,1,1]'        1e-06
1059   'SGamma1[1,1,2]'        1e-06
1060   'SGamma1[1,1,3]'        1e-06
1061   'SGamma1[1,2,1]'        1e-06
1062   'SGamma1[1,2,2]'        1e-06
1063   'SGamma1[1,2,3]'        1e-06
1064   'SGamma1[1,3,1]'        1e-06
1065   'SGamma1[1,3,2]'        1e-06
1066   'SGamma1[1,3,3]'        1e-06
1067   'SGamma1[1,4,1]'        1e-06
1068   'SGamma1[1,4,2]'        1e-06
1069   'SGamma1[1,4,3]'        1e-06
1070   'SGamma1[1,5,1]'        1e-06
1071   'SGamma1[1,5,2]'        1e-06
1072   'SGamma1[1,5,3]'        1e-06
1073   'SGamma1[1,6,1]'        1e-06
1074   'SGamma1[1,6,2]'        1e-06
1075   'SGamma1[1,6,3]'        1e-06
1076   'SGamma1[1,7,1]'        1e-06
1077   'SGamma1[1,7,2]'        1e-06
1078   'SGamma1[1,7,3]'        1e-06
1079   'SGamma1[1,8,1]'        1e-06
1080   'SGamma1[1,8,2]'        1e-06
1081   'SGamma1[1,8,3]'        1e-06
1082   'SGamma1[1,9,1]'        1e-06
1083   'SGamma1[1,9,2]'        1e-06
1084   'SGamma1[1,9,3]'        1e-06
1085   'SGamma1[1,10,1]'       1e-06
1086   'SGamma1[1,10,2]'       1e-06
1087   'SGamma1[1,10,3]'       1e-06
1088   'SGamma1[1,11,1]'       1e-06
1089   'SGamma1[1,11,2]'       1e-06
1090   'SGamma1[1,11,3]'       1e-06
1091   'SGamma1[1,12,1]'       1e-06
1092   'SGamma1[1,12,2]'       1e-06
1093   'SGamma1[1,12,3]'       1e-06
1094   'SGamma1[1,13,1]'       1e-06
1095   'SGamma1[1,13,2]'       1e-06
1096   'SGamma1[1,13,3]'       1e-06
1097   'SGamma1[1,14,1]'       1e-06
1098   'SGamma1[1,14,2]'       1e-06
1099   'SGamma1[1,14,3]'       1e-06
1100   'SGamma1[1,15,1]'       1e-06
1101   'SGamma1[1,15,2]'       1e-06
1102   'SGamma1[1,15,3]'       1e-06
1103   'SGamma1[2,1,1]'        1e-06
1104   'SGamma1[2,1,2]'        1e-06
1105   'SGamma1[2,1,3]'        1e-06
1106   'SGamma1[2,2,1]'        1e-06
1107   'SGamma1[2,2,2]'        1e-06
1108   'SGamma1[2,2,3]'        1e-06
1109   'SGamma1[2,3,1]'        1e-06
1110   'SGamma1[2,3,2]'        1e-06
1111   'SGamma1[2,3,3]'        1e-06
1112   'SGamma1[2,4,1]'        1e-06
1113   'SGamma1[2,4,2]'        1e-06
1114   'SGamma1[2,4,3]'        1e-06
1115   'SGamma1[2,5,1]'        1e-06
1116   'SGamma1[2,5,2]'        1e-06
1117   'SGamma1[2,5,3]'        1e-06
1118   'SGamma1[2,6,1]'        1e-06
1119   'SGamma1[2,6,2]'        1e-06
1120   'SGamma1[2,6,3]'        1e-06
1121   'SGamma1[2,7,1]'        1e-06
1122   'SGamma1[2,7,2]'        1e-06
1123   'SGamma1[2,7,3]'        1e-06
1124   'SGamma1[2,8,1]'        1e-06
1125   'SGamma1[2,8,2]'        1e-06
1126   'SGamma1[2,8,3]'        1e-06
1127   'SGamma1[2,9,1]'        1e-06
1128   'SGamma1[2,9,2]'        1e-06
1129   'SGamma1[2,9,3]'        1e-06
1130   'SGamma1[2,10,1]'       1e-06
1131   'SGamma1[2,10,2]'       1e-06
1132   'SGamma1[2,10,3]'       1e-06
1133   'SGamma1[2,11,1]'       1e-06
1134   'SGamma1[2,11,2]'       1e-06
1135   'SGamma1[2,11,3]'       1e-06
1136   'SGamma1[2,12,1]'       1e-06
1137   'SGamma1[2,12,2]'       1e-06
1138   'SGamma1[2,12,3]'       1e-06
1139   'SGamma1[2,13,1]'       1e-06
1140   'SGamma1[2,13,2]'       1e-06
1141   'SGamma1[2,13,3]'       1e-06
1142   'SGamma1[2,14,1]'       1e-06
1143   'SGamma1[2,14,2]'       1e-06
1144   'SGamma1[2,14,3]'       1e-06
1145   'SGamma1[2,15,1]'       1e-06
1146   'SGamma1[2,15,2]'       1e-06
1147   'SGamma1[2,15,3]'       1e-06
1148   'SGamma2[1,1,1]'            1
1149   'SGamma2[1,1,2]'            1
1150   'SGamma2[1,1,3]'            1
1151   'SGamma2[1,2,1]'            1
1152   'SGamma2[1,2,2]'            1
1153   'SGamma2[1,2,3]'            1
1154   'SGamma2[1,3,1]'            1
1155   'SGamma2[1,3,2]'            1
1156   'SGamma2[1,3,3]'            1
1157   'SGamma2[1,4,1]'            1
1158   'SGamma2[1,4,2]'            1
1159   'SGamma2[1,4,3]'            1
1160   'SGamma2[1,5,1]'            1
1161   'SGamma2[1,5,2]'            1
1162   'SGamma2[1,5,3]'            1
1163   'SGamma2[1,6,1]'            1
1164   'SGamma2[1,6,2]'            1
1165   'SGamma2[1,6,3]'            1
1166   'SGamma2[1,7,1]'            1
1167   'SGamma2[1,7,2]'            1
1168   'SGamma2[1,7,3]'            1
1169   'SGamma2[1,8,1]'            1
1170   'SGamma2[1,8,2]'            1
1171   'SGamma2[1,8,3]'            1
1172   'SGamma2[1,9,1]'            1
1173   'SGamma2[1,9,2]'            1
1174   'SGamma2[1,9,3]'            1
1175   'SGamma2[1,10,1]'           1
1176   'SGamma2[1,10,2]'           1
1177   'SGamma2[1,10,3]'           1
1178   'SGamma2[1,11,1]'           1
1179   'SGamma2[1,11,2]'           1
1180   'SGamma2[1,11,3]'           1
1181   'SGamma2[1,12,1]'           1
1182   'SGamma2[1,12,2]'           1
1183   'SGamma2[1,12,3]'           1
1184   'SGamma2[1,13,1]'           1
1185   'SGamma2[1,13,2]'           1
1186   'SGamma2[1,13,3]'           1
1187   'SGamma2[1,14,1]'           1
1188   'SGamma2[1,14,2]'           1
1189   'SGamma2[1,14,3]'           1
1190   'SGamma2[1,15,1]'           1
1191   'SGamma2[1,15,2]'           1
1192   'SGamma2[1,15,3]'           1
1193   'SGamma2[2,1,1]'            1
1194   'SGamma2[2,1,2]'            1
1195   'SGamma2[2,1,3]'            1
1196   'SGamma2[2,2,1]'            1
1197   'SGamma2[2,2,2]'            1
1198   'SGamma2[2,2,3]'            1
1199   'SGamma2[2,3,1]'            1
1200   'SGamma2[2,3,2]'            1
1201   'SGamma2[2,3,3]'            1
1202   'SGamma2[2,4,1]'            1
1203   'SGamma2[2,4,2]'            1
1204   'SGamma2[2,4,3]'            1
1205   'SGamma2[2,5,1]'            1
1206   'SGamma2[2,5,2]'            1
1207   'SGamma2[2,5,3]'            1
1208   'SGamma2[2,6,1]'            1
1209   'SGamma2[2,6,2]'            1
1210   'SGamma2[2,6,3]'            1
1211   'SGamma2[2,7,1]'            1
1212   'SGamma2[2,7,2]'            1
1213   'SGamma2[2,7,3]'            1
1214   'SGamma2[2,8,1]'            1
1215   'SGamma2[2,8,2]'            1
1216   'SGamma2[2,8,3]'            1
1217   'SGamma2[2,9,1]'            1
1218   'SGamma2[2,9,2]'            1
1219   'SGamma2[2,9,3]'            1
1220   'SGamma2[2,10,1]'           1
1221   'SGamma2[2,10,2]'           1
1222   'SGamma2[2,10,3]'           1
1223   'SGamma2[2,11,1]'           1
1224   'SGamma2[2,11,2]'           1
1225   'SGamma2[2,11,3]'           1
1226   'SGamma2[2,12,1]'           1
1227   'SGamma2[2,12,2]'           1
1228   'SGamma2[2,12,3]'           1
1229   'SGamma2[2,13,1]'           1
1230   'SGamma2[2,13,2]'           1
1231   'SGamma2[2,13,3]'           1
1232   'SGamma2[2,14,1]'           1
1233   'SGamma2[2,14,2]'           1
1234   'SGamma2[2,14,3]'           1
1235   'SGamma2[2,15,1]'           1
1236   'SGamma2[2,15,2]'           1
1237   'SGamma2[2,15,3]'           1
1238   'gamma[1,1,1]'              1
1239   'gamma[1,1,2]'              1
1240   'gamma[1,1,3]'              1
1241   'gamma[1,2,1]'              1
1242   'gamma[1,2,2]'              1
1243   'gamma[1,2,3]'              1
1244   'gamma[1,3,1]'              1
1245   'gamma[1,3,2]'              1
1246   'gamma[1,3,3]'              1
1247   'gamma[1,4,1]'              1
1248   'gamma[1,4,2]'              1
1249   'gamma[1,4,3]'              1
1250   'gamma[1,5,1]'              1
1251   'gamma[1,5,2]'              1
1252   'gamma[1,5,3]'              1
1253   'gamma[1,6,1]'              1
1254   'gamma[1,6,2]'              1
1255   'gamma[1,6,3]'              1
1256   'gamma[1,7,1]'              1
1257   'gamma[1,7,2]'              1
1258   'gamma[1,7,3]'              1
1259   'gamma[1,8,1]'              1
1260   'gamma[1,8,2]'              1
1261   'gamma[1,8,3]'              1
1262   'gamma[1,9,1]'              1
1263   'gamma[1,9,2]'              1
1264   'gamma[1,9,3]'              1
1265   'gamma[1,10,1]'             1
1266   'gamma[1,10,2]'             1
1267   'gamma[1,10,3]'             1
1268   'gamma[1,11,1]'             1
1269   'gamma[1,11,2]'             1
1270   'gamma[1,11,3]'             1
1271   'gamma[1,12,1]'             1
1272   'gamma[1,12,2]'             1
1273   'gamma[1,12,3]'             1
1274   'gamma[1,13,1]'             1
1275   'gamma[1,13,2]'             1
1276   'gamma[1,13,3]'             1
1277   'gamma[1,14,1]'             1
1278   'gamma[1,14,2]'             1
1279   'gamma[1,14,3]'             1
1280   'gamma[1,15,1]'             1
1281   'gamma[1,15,2]'             1
1282   'gamma[1,15,3]'             1
1283   'gamma[2,1,1]'              1
1284   'gamma[2,1,2]'              1
1285   'gamma[2,1,3]'              1
1286   'gamma[2,2,1]'              1
1287   'gamma[2,2,2]'              1
1288   'gamma[2,2,3]'              1
1289   'gamma[2,3,1]'              1
1290   'gamma[2,3,2]'              1
1291   'gamma[2,3,3]'              1
1292   'gamma[2,4,1]'              1
1293   'gamma[2,4,2]'              1
1294   'gamma[2,4,3]'              1
1295   'gamma[2,5,1]'              1
1296   'gamma[2,5,2]'              1
1297   'gamma[2,5,3]'              1
1298   'gamma[2,6,1]'              1
1299   'gamma[2,6,2]'              1
1300   'gamma[2,6,3]'              1
1301   'gamma[2,7,1]'              1
1302   'gamma[2,7,2]'              1
1303   'gamma[2,7,3]'              1
1304   'gamma[2,8,1]'              1
1305   'gamma[2,8,2]'              1
1306   'gamma[2,8,3]'              1
1307   'gamma[2,9,1]'              1
1308   'gamma[2,9,2]'              1
1309   'gamma[2,9,3]'              1
1310   'gamma[2,10,1]'             1
1311   'gamma[2,10,2]'             1
1312   'gamma[2,10,3]'             1
1313   'gamma[2,11,1]'             1
1314   'gamma[2,11,2]'             1
1315   'gamma[2,11,3]'             1
1316   'gamma[2,12,1]'             1
1317   'gamma[2,12,2]'             1
1318   'gamma[2,12,3]'             1
1319   'gamma[2,13,1]'             1
1320   'gamma[2,13,2]'             1
1321   'gamma[2,13,3]'             1
1322   'gamma[2,14,1]'             1
1323   'gamma[2,14,2]'             1
1324   'gamma[2,14,3]'             1
1325   'gamma[2,15,1]'             1
1326   'gamma[2,15,2]'             1
1327   'gamma[2,15,3]'             1
1328   'PrS[1,1,1]'           146298
1329   'PrS[1,1,2]'            58682.8
1330   'PrS[1,1,3]'            26576.5
1331   'PrS[1,2,1]'           136043
1332   'PrS[1,2,2]'            54097.3
1333   'PrS[1,2,3]'            24294.4
1334   'PrS[1,3,1]'           125155
1335   'PrS[1,3,2]'            49274.1
1336   'PrS[1,3,3]'            21914.6
1337   'PrS[1,4,1]'           115301
1338   'PrS[1,4,2]'            44951.8
1339   'PrS[1,4,3]'            19801.5
1340   'PrS[1,5,1]'           107193
1341   'PrS[1,5,2]'            41428.7
1342   'PrS[1,5,3]'            18093.9
1343   'PrS[1,6,1]'           100025
1344   'PrS[1,6,2]'            38340.4
1345   'PrS[1,6,3]'            16609
1346   'PrS[1,7,1]'            91695.7
1347   'PrS[1,7,2]'            34785.4
1348   'PrS[1,7,3]'            14914.7
1349   'PrS[1,8,1]'            79933.1
1350   'PrS[1,8,2]'            29831.5
1351   'PrS[1,8,3]'            12583.5
1352   'PrS[1,9,1]'            79861
1353   'PrS[1,9,2]'            29801.4
1354   'PrS[1,9,3]'            12569.4
1355   'PrS[1,10,1]'           79717.8
1356   'PrS[1,10,2]'           29741.6
1357   'PrS[1,10,3]'           12541.5
1358   'PrS[1,11,1]'           79434.7
1359   'PrS[1,11,2]'           29623.4
1360   'PrS[1,11,3]'           12486.4
1361   'PrS[1,12,1]'           78875.5
1362   'PrS[1,12,2]'           29390.2
1363   'PrS[1,12,3]'           12377.6
1364   'PrS[1,13,1]'           77752.2
1365   'PrS[1,13,2]'           28922.2
1366   'PrS[1,13,3]'           12159.7
1367   'PrS[1,14,1]'           75289.1
1368   'PrS[1,14,2]'           27899
1369   'PrS[1,14,3]'           11684.4
1370   'PrS[1,15,1]'           68621.5
1371   'PrS[1,15,2]'           25149.6
1372   'PrS[1,15,3]'           10416.5
1373   'PrS[2,1,1]'            83727
1374   'PrS[2,1,2]'            31420.3
1375   'PrS[2,1,3]'            13327.2
1376   'PrS[2,2,1]'            79184
1377   'PrS[2,2,2]'            29518.8
1378   'PrS[2,2,3]'            12437.6
1379   'PrS[2,3,1]'            74852.8
1380   'PrS[2,3,2]'            27718.2
1381   'PrS[2,3,3]'            11600.6
1382   'PrS[2,4,1]'            69880.4
1383   'PrS[2,4,2]'            25666.3
1384   'PrS[2,4,3]'            10653.7
1385   'PrS[2,5,1]'            64540.3
1386   'PrS[2,5,2]'            23482.3
1387   'PrS[2,5,3]'             9654.44
1388   'PrS[2,6,1]'            59568
1389   'PrS[2,6,2]'            21468
1390   'PrS[2,6,3]'             8741.36
1391   'PrS[2,7,1]'            55575.8
1392   'PrS[2,7,2]'            19865.2
1393   'PrS[2,7,3]'             8021.17
1394   'PrS[2,8,1]'            52747
1395   'PrS[2,8,2]'            18737.8
1396   'PrS[2,8,3]'             7518.19
1397   'PrS[2,9,1]'            50918.6
1398   'PrS[2,9,2]'            18012.9
1399   'PrS[2,9,3]'             7196.44
1400   'PrS[2,10,1]'           49806.9
1401   'PrS[2,10,2]'           17573.7
1402   'PrS[2,10,3]'            7002.16
1403   'PrS[2,11,1]'           49156.3
1404   'PrS[2,11,2]'           17317.2
1405   'PrS[2,11,3]'            6888.93
1406   'PrS[2,12,1]'           45908.3
1407   'PrS[2,12,2]'           16042.7
1408   'PrS[2,12,3]'            6329.07
1409   'PrS[2,13,1]'           42281.5
1410   'PrS[2,13,2]'           14632.4
1411   'PrS[2,13,3]'            5714.99
1412   'PrS[2,14,1]'           38336.9
1413   'PrS[2,14,2]'           13114.9
1414   'PrS[2,14,3]'            5061.28
1415   'PrS[2,15,1]'           34690.8
1416   'PrS[2,15,2]'           11728.6
1417   'PrS[2,15,3]'            4471.15
1418   'PrSF[1]'               62118.8
1419   'PrSF[2]'               22498.9
1420   'PrSF[3]'                9207.62
1421   Vap                       159.087
1422   Sep                        80
;

