solve_message =
'filterSQP (20020316): QP infeasible (ifail = 4), objective = 384.82238175496076\
27 iterations (26 for feasibility)\
Evals: obj = 1, constr = 41, grad = 24, Hes = 27'

:      _varname         _var         :=
1     'F[2]'          0
2     'F[3]'          0
3     'F[4]'          0
4     'F[5]'          0
5     'F[6]'          0
6     'F[7]'          0
7     'F[8]'        100
8     'F[9]'          0
9     'F[10]'         0
10    'F[11]'         0
11    'F[12]'         0
12    'F[13]'         0
13    'F[14]'         0
14    'Vs[1]'       299.258
15    'Vs[2]'        85.5642
16    'y[1,1,1]'      4.13567e-06
17    'y[1,1,2]'      0.0132861
18    'y[1,1,3]'      0.98671
19    'y[1,2,1]'      2.24391e-05
20    'y[1,2,2]'      0.0284741
21    'y[1,2,3]'      0.971503
22    'y[1,3,1]'      0.000118011
23    'y[1,3,2]'      0.0586174
24    'y[1,3,3]'      0.941265
25    'y[1,4,1]'      0.000598297
26    'y[1,4,2]'      0.115415
27    'y[1,4,3]'      0.883987
28    'y[1,5,1]'      0.00284808
29    'y[1,5,2]'      0.212437
30    'y[1,5,3]'      0.784715
31    'y[1,6,1]'      0.012222
32    'y[1,6,2]'      0.351717
33    'y[1,6,3]'      0.636061
34    'y[1,7,1]'      0.0450862
35    'y[1,7,2]'      0.500041
36    'y[1,7,3]'      0.454873
37    'y[1,8,1]'      0.136359
38    'y[1,8,2]'      0.582564
39    'y[1,8,3]'      0.281078
40    'y[1,9,1]'      0.141026
41    'y[1,9,2]'      0.675413
42    'y[1,9,3]'      0.183561
43    'y[1,10,1]'     0.145583
44    'y[1,10,2]'     0.74497
45    'y[1,10,3]'     0.109447
46    'y[1,11,1]'     0.151623
47    'y[1,11,2]'     0.787395
48    'y[1,11,3]'     0.0609812
49    'y[1,12,1]'     0.164013
50    'y[1,12,2]'     0.803712
51    'y[1,12,3]'     0.0322746
52    'y[1,13,1]'     0.194943
53    'y[1,13,2]'     0.788861
54    'y[1,13,3]'     0.0161968
55    'y[1,14,1]'     0.270853
56    'y[1,14,2]'     0.721702
57    'y[1,14,3]'     0.00744529
58    'y[1,15,1]'     0.428418
59    'y[1,15,2]'     0.568729
60    'y[1,15,3]'     0.00285288
61    'y[2,1,1]'      0.0216235
62    'y[2,1,2]'      0.976137
63    'y[2,1,3]'      0.00223978
64    'y[2,2,1]'      0.0443903
65    'y[2,2,2]'      0.95427
66    'y[2,2,3]'      0.00133959
67    'y[2,3,1]'      0.0821418
68    'y[2,3,2]'      0.916808
69    'y[2,3,3]'      0.00104982
70    'y[2,4,1]'      0.140926
71    'y[2,4,2]'      0.858144
72    'y[2,4,3]'      0.000930045
73    'y[2,5,1]'      0.224047
74    'y[2,5,2]'      0.775106
75    'y[2,5,3]'      0.000846842
76    'y[2,6,1]'      0.326857
77    'y[2,6,2]'      0.672378
78    'y[2,6,3]'      0.000764678
79    'y[2,7,1]'      0.434883
80    'y[2,7,2]'      0.564434
81    'y[2,7,3]'      0.000682927
82    'y[2,8,1]'      0.530576
83    'y[2,8,2]'      0.468813
84    'y[2,8,3]'      0.000611439
85    'y[2,9,1]'      0.603344
86    'y[2,9,2]'      0.396098
87    'y[2,9,3]'      0.000557253
88    'y[2,10,1]'     0.652515
89    'y[2,10,2]'     0.346964
90    'y[2,10,3]'     0.00052067
91    'y[2,11,1]'     0.683145
92    'y[2,11,2]'     0.316357
93    'y[2,11,3]'     0.000497887
94    'y[2,12,1]'     0.748262
95    'y[2,12,2]'     0.251553
96    'y[2,12,3]'     0.00018499
97    'y[2,13,1]'     0.819934
98    'y[2,13,2]'     0.180003
99    'y[2,13,3]'     6.26994e-05
100   'y[2,14,1]'     0.886441
101   'y[2,14,2]'     0.11354
102   'y[2,14,3]'     1.91082e-05
103   'y[2,15,1]'     0.939044
104   'y[2,15,2]'     0.0609505
105   'y[2,15,3]'     5.03173e-06
106   'Ls[1]'       329.233
107   'Ls[2]'       123.986
108   'x[1,1,1]'      6.98456e-07
109   'x[1,1,2]'      0.00583175
110   'x[1,1,3]'      0.994168
111   'x[1,2,1]'      3.82272e-06
112   'x[1,2,2]'      0.0126074
113   'x[1,2,3]'      0.987389
114   'x[1,3,1]'      2.04597e-05
115   'x[1,3,2]'      0.0264126
116   'x[1,3,3]'      0.973567
117   'x[1,4,1]'      0.00010733
118   'x[1,4,2]'      0.0538115
119   'x[1,4,3]'      0.946081
120   'x[1,5,1]'      0.000543888
121   'x[1,5,2]'      0.105438
122   'x[1,5,3]'      0.894018
123   'x[1,6,1]'      0.00258884
124   'x[1,6,2]'      0.193627
125   'x[1,6,3]'      0.803785
126   'x[1,7,1]'      0.0111093
127   'x[1,7,2]'      0.320226
128   'x[1,7,3]'      0.668665
129   'x[1,8,1]'      0.0409814
130   'x[1,8,2]'      0.455046
131   'x[1,8,3]'      0.503973
132   'x[1,9,1]'      0.0471417
133   'x[1,9,2]'      0.58679
134   'x[1,9,3]'      0.366068
135   'x[1,10,1]'     0.0532353
136   'x[1,10,2]'     0.708002
137   'x[1,10,3]'     0.238763
138   'x[1,11,1]'     0.0591844
139   'x[1,11,2]'     0.798807
140   'x[1,11,3]'     0.142008
141   'x[1,12,1]'     0.0670695
142   'x[1,12,2]'     0.854193
143   'x[1,12,3]'     0.0787379
144   'x[1,13,1]'     0.0832438
145   'x[1,13,2]'     0.875494
146   'x[1,13,3]'     0.0412621
147   'x[1,14,1]'     0.123622
148   'x[1,14,2]'     0.856105
149   'x[1,14,3]'     0.0202731
150   'x[1,15,1]'     0.22272
151   'x[1,15,2]'     0.768431
152   'x[1,15,3]'     0.00884816
153   'x[2,1,1]'      0.00840734
154   'x[2,1,2]'      0.986397
155   'x[2,1,3]'      0.00519536
156   'x[2,2,1]'      0.017528
157   'x[2,2,2]'      0.979316
158   'x[2,2,3]'      0.00315568
159   'x[2,3,1]'      0.0332396
160   'x[2,3,2]'      0.964226
161   'x[2,3,3]'      0.00253444
162   'x[2,4,1]'      0.0592924
163   'x[2,4,2]'      0.938373
164   'x[2,4,3]'      0.00233447
165   'x[2,5,1]'      0.0998603
166   'x[2,5,2]'      0.897888
167   'x[2,5,3]'      0.00225181
168   'x[2,6,1]'      0.157223
169   'x[2,6,2]'      0.840582
170   'x[2,6,3]'      0.00219439
171   'x[2,7,1]'      0.228174
172   'x[2,7,2]'      0.769688
173   'x[2,7,3]'      0.00213769
174   'x[2,8,1]'      0.302724
175   'x[2,8,2]'      0.695195
176   'x[2,8,3]'      0.00208127
177   'x[2,9,1]'      0.368762
178   'x[2,9,2]'      0.629206
179   'x[2,9,3]'      0.00203194
180   'x[2,10,1]'     0.418981
181   'x[2,10,2]'     0.579024
182   'x[2,10,3]'     0.00199454
183   'x[2,11,1]'     0.452914
184   'x[2,11,2]'     0.545116
185   'x[2,11,3]'     0.0019693
186   'x[2,12,1]'     0.533272
187   'x[2,12,2]'     0.465942
188   'x[2,12,3]'     0.000786539
189   'x[2,13,1]'     0.636526
190   'x[2,13,2]'     0.363183
191   'x[2,13,3]'     0.000290387
192   'x[2,14,1]'     0.750175
193   'x[2,14,2]'     0.249729
194   'x[2,14,3]'     9.64737e-05
195   'x[2,15,1]'     0.855633
196   'x[2,15,2]'     0.14434
197   'x[2,15,3]'     2.73524e-05
198   'CC[2]'         0
199   'CC[3]'         0
200   'CC[4]'         0
201   'CC[5]'         0
202   'CC[6]'         0
203   'CC[7]'         0
204   'CC[8]'         0
205   'CC[9]'         0
206   'CC[10]'        0
207   'CC[11]'       70.0249
208   'CC[12]'        0
209   'CC[13]'        0
210   'CC[14]'        0
211   'CR[2]'         0
212   'CR[3]'         0
213   'CR[4]'         0
214   'CR[5]'         0
215   'CR[6]'         0
216   'CR[7]'         0
217   'CR[8]'         0
218   'CR[9]'         0
219   'CR[10]'        0
220   'CR[11]'        0
221   'CR[12]'        0
222   'CR[13]'        0
223   'CR[14]'        0
224   'PC[1]'         0
225   'PC[2]'        31.6034
226   'PR[1]'        29.9751
227   'PR[2]'        38.4216
228   'PS[2]'         0
229   'PS[3]'         0
230   'PS[4]'         0
231   'PS[5]'         0
232   'PS[6]'         0
233   'PS[7]'         0
234   'PS[8]'         0
235   'PS[9]'         0
236   'PS[10]'        0
237   'PS[11]'        0
238   'PS[12]'        0
239   'PS[13]'        0
240   'PS[14]'        0
241   Vap           384.822
242   Sep            95
;

