solve_message =
'filterSQP (20020316): Nonlinear constraints locally infeasible\
123 iterations (122 for feasibility)\
Evals: obj = 1, constr = 104, grad = 68, Hes = 73'

:      _varname          _var         :=
1     'F[2]'           0
2     'F[3]'           0
3     'F[4]'           0
4     'F[5]'           0
5     'F[6]'           0
6     'F[7]'           0
7     'F[8]'         100
8     'F[9]'           0
9     'F[10]'          0
10    'F[11]'          0
11    'F[12]'          0
12    'F[13]'          0
13    'F[14]'          0
14    'Vs[1]'        632.632
15    'Vs[2]'        639.667
16    'y[1,1,1]'       1.14426e-06
17    'y[1,1,2]'       0.0080232
18    'y[1,1,3]'       0.991976
19    'y[1,2,1]'       6.50305e-06
20    'y[1,2,2]'       0.0177669
21    'y[1,2,3]'       0.982227
22    'y[1,3,1]'       3.62826e-05
23    'y[1,3,2]'       0.0384445
24    'y[1,3,3]'       0.961519
25    'y[1,4,1]'       0.000197237
26    'y[1,4,2]'       0.08074
27    'y[1,4,3]'       0.919063
28    'y[1,5,1]'       0.00102032
29    'y[1,5,2]'       0.161029
30    'y[1,5,3]'       0.837951
31    'y[1,6,1]'       0.00482567
32    'y[1,6,2]'       0.293334
33    'y[1,6,3]'       0.70184
34    'y[1,7,1]'       0.0198314
35    'y[1,7,2]'       0.464086
36    'y[1,7,3]'       0.516083
37    'y[1,8,1]'       0.0677067
38    'y[1,8,2]'       0.609851
39    'y[1,8,3]'       0.322443
40    'y[1,9,1]'       0.0712513
41    'y[1,9,2]'       0.738947
42    'y[1,9,3]'       0.189801
43    'y[1,10,1]'      0.0754866
44    'y[1,10,2]'      0.823767
45    'y[1,10,3]'      0.100746
46    'y[1,11,1]'      0.0831248
47    'y[1,11,2]'      0.866888
48    'y[1,11,3]'      0.0499872
49    'y[1,12,1]'      0.101043
50    'y[1,12,2]'      0.875273
51    'y[1,12,3]'      0.0236848
52    'y[1,13,1]'      0.144888
53    'y[1,13,2]'      0.844411
54    'y[1,13,3]'      0.0107011
55    'y[1,14,1]'      0.246697
56    'y[1,14,2]'      0.751801
57    'y[1,14,3]'      0.00150211
58    'y[1,15,1]'      0.428995
59    'y[1,15,2]'      0.570484
60    'y[1,15,3]'      0.000521238
61    'y[2,1,1]'       0.00251728
62    'y[2,1,2]'       0.997085
63    'y[2,1,3]'       0.00039757
64    'y[2,2,1]'       0.00628339
65    'y[2,2,2]'       0.993531
66    'y[2,2,3]'       0.000185721
67    'y[2,3,1]'       0.0153749
68    'y[2,3,2]'       0.984527
69    'y[2,3,3]'       9.85957e-05
70    'y[2,4,1]'       0.0369069
71    'y[2,4,2]'       0.963031
72    'y[2,4,3]'       6.2354e-05
73    'y[2,5,1]'       0.085676
74    'y[2,5,2]'       0.914278
75    'y[2,5,3]'       4.63595e-05
76    'y[2,6,1]'       0.185783
77    'y[2,6,2]'       0.81418
78    'y[2,6,3]'       3.75355e-05
79    'y[2,7,1]'       0.355287
80    'y[2,7,2]'       0.644682
81    'y[2,7,3]'       3.02882e-05
82    'y[2,8,1]'       0.566412
83    'y[2,8,2]'       0.433565
84    'y[2,8,3]'       2.3317e-05
85    'y[2,9,1]'       0.748056
86    'y[2,9,2]'       0.251926
87    'y[2,9,3]'       1.77744e-05
88    'y[2,10,1]'      0.860878
89    'y[2,10,2]'      0.139107
90    'y[2,10,3]'      1.44195e-05
91    'y[2,11,1]'      0.917426
92    'y[2,11,2]'      0.0825611
93    'y[2,11,3]'      1.27537e-05
94    'y[2,12,1]'      0.964839
95    'y[2,12,2]'      0.0351588
96    'y[2,12,3]'      2.36909e-06
97    'y[2,13,1]'      0.985522
98    'y[2,13,2]'      0.0144776
99    'y[2,13,3]'      4.262e-07
100   'y[2,14,1]'      0.994145
101   'y[2,14,2]'      0.00585503
102   'y[2,14,3]'      7.555e-08
103   'y[2,15,1]'      0.997672
104   'y[2,15,2]'      0.00232827
105   'y[2,15,3]'      1.32273e-08
106   'Ls[1]'        662.701
107   'Ls[2]'        679.567
108   'x[1,1,1]'       1.92672e-07
109   'x[1,1,2]'       0.00351116
110   'x[1,1,3]'       0.996489
111   'x[1,2,1]'       1.10108e-06
112   'x[1,2,2]'       0.00781848
113   'x[1,2,3]'       0.99218
114   'x[1,3,1]'       6.21673e-06
115   'x[1,3,2]'       0.0171201
116   'x[1,3,3]'       0.982874
117   'x[1,4,1]'       3.46451e-05
118   'x[1,4,2]'       0.0368595
119   'x[1,4,3]'       0.963106
120   'x[1,5,1]'       0.000188297
121   'x[1,5,2]'       0.0772359
122   'x[1,5,3]'       0.922576
123   'x[1,6,1]'       0.000974032
124   'x[1,6,2]'       0.153882
125   'x[1,6,3]'       0.845144
126   'x[1,7,1]'       0.00460672
127   'x[1,7,2]'       0.280184
128   'x[1,7,3]'       0.715209
129   'x[1,8,1]'       0.0189316
130   'x[1,8,2]'       0.443188
131   'x[1,8,3]'       0.53788
132   'x[1,9,1]'       0.0228068
133   'x[1,9,2]'       0.614743
134   'x[1,9,3]'       0.36245
135   'x[1,10,1]'      0.026792
136   'x[1,10,2]'      0.759883
137   'x[1,10,3]'      0.213325
138   'x[1,11,1]'      0.0315537
139   'x[1,11,2]'      0.855244
140   'x[1,11,3]'      0.113202
141   'x[1,12,1]'      0.0401411
142   'x[1,12,2]'      0.903724
143   'x[1,12,3]'      0.0561347
144   'x[1,13,1]'      0.0602856
145   'x[1,13,2]'      0.913151
146   'x[1,13,3]'      0.0265635
147   'x[1,14,1]'      0.10958
148   'x[1,14,2]'      0.878454
149   'x[1,14,3]'      0.0119662
150   'x[1,15,1]'      0.224042
151   'x[1,15,2]'      0.774334
152   'x[1,15,3]'      0.00162401
153   'x[2,1,1]'       0.000969554
154   'x[2,1,2]'       0.998117
155   'x[2,1,3]'       0.000913547
156   'x[2,2,1]'       0.0024264
157   'x[2,2,2]'       0.997146
158   'x[2,2,3]'       0.000427864
159   'x[2,3,1]'       0.0059714
160   'x[2,3,2]'       0.9938
161   'x[2,3,3]'       0.000228454
162   'x[2,4,1]'       0.0145291
163   'x[2,4,2]'       0.985324
164   'x[2,4,3]'       0.000146444
165   'x[2,5,1]'       0.0347969
166   'x[2,5,2]'       0.965091
167   'x[2,5,3]'       0.00011233
168   'x[2,6,1]'       0.0807026
169   'x[2,6,2]'       0.9192
170   'x[2,6,3]'       9.7275e-05
171   'x[2,7,1]'       0.174932
172   'x[2,7,2]'       0.824979
173   'x[2,7,3]'       8.89691e-05
174   'x[2,8,1]'       0.334484
175   'x[2,8,2]'       0.665434
176   'x[2,8,3]'       8.21473e-05
177   'x[2,9,1]'       0.533213
178   'x[2,9,2]'       0.466711
179   'x[2,9,3]'       7.55854e-05
180   'x[2,10,1]'      0.704192
181   'x[2,10,2]'      0.295738
182   'x[2,10,3]'      7.03682e-05
183   'x[2,11,1]'      0.81039
184   'x[2,11,2]'      0.189542
185   'x[2,11,3]'      6.72103e-05
186   'x[2,12,1]'      0.913473
187   'x[2,12,2]'      0.0865134
188   'x[2,12,3]'      1.33813e-05
189   'x[2,13,1]'      0.963221
190   'x[2,13,2]'      0.0367761
191   'x[2,13,3]'      2.48514e-06
192   'x[2,14,1]'      0.984923
193   'x[2,14,2]'      0.0150761
194   'x[2,14,3]'      4.46544e-07
195   'x[2,15,1]'      0.993971
196   'x[2,15,2]'      0.00602876
197   'x[2,15,3]'      7.86201e-08
198   'CC[2]'          0
199   'CC[3]'          0
200   'CC[4]'          0
201   'CC[5]'          0
202   'CC[6]'          0
203   'CC[7]'          0
204   'CC[8]'          0
205   'CC[9]'          0
206   'CC[10]'         0
207   'CC[11]'        69.9309
208   'CC[12]'         0
209   'CC[13]'         0
210   'CC[14]'         0
211   'CR[2]'          0
212   'CR[3]'          0
213   'CR[4]'          0
214   'CR[5]'          0
215   'CR[6]'          0
216   'CR[7]'          0
217   'CR[8]'          0
218   'CR[9]'          0
219   'CR[10]'         0
220   'CR[11]'         0
221   'CR[12]'         0
222   'CR[13]'         0
223   'CR[14]'         0
224   'PC[1]'          0
225   'PC[2]'         30.0312
226   'PR[1]'         30.0691
227   'PR[2]'         39.8996
228   'PS[2]'          0
229   'PS[3]'          0
230   'PS[4]'          0
231   'PS[5]'          0
232   'PS[6]'          0
233   'PS[7]'          0
234   'PS[8]'          0
235   'PS[9]'          0
236   'PS[10]'         0
237   'PS[11]'         0
238   'PS[12]'         0
239   'PS[13]'         0
240   'PS[14]'         0
241   Vap           1272.3
242   Sep             99.5
;

