solve_message =
'filterSQP (20020316): QP infeasible (ifail = 4), objective = 178.43897596062402\
20 iterations (19 for feasibility)\
Evals: obj = 1, constr = 31, grad = 18, Hes = 20'

:      _varname         _var         :=
1     'F[2]'          0
2     'F[3]'          0
3     'F[4]'          0
4     'F[5]'          0
5     'F[6]'          0
6     'F[7]'          0
7     'F[8]'        100
8     'F[9]'          0
9     'F[10]'         0
10    'F[11]'         0
11    'F[12]'         0
12    'F[13]'         0
13    'F[14]'         0
14    'Vs[1]'        84.2362
15    'Vs[2]'        94.2028
16    'y[1,1,1]'      0.0624288
17    'y[1,1,2]'      0.70251
18    'y[1,1,3]'      0.235061
19    'y[1,2,1]'      0.125036
20    'y[1,2,2]'      0.716685
21    'y[1,2,3]'      0.158278
22    'y[1,3,1]'      0.206805
23    'y[1,3,2]'      0.666631
24    'y[1,3,3]'      0.126564
25    'y[1,4,1]'      0.301515
26    'y[1,4,2]'      0.588921
27    'y[1,4,3]'      0.109563
28    'y[1,5,1]'      0.3965
29    'y[1,5,2]'      0.505978
30    'y[1,5,3]'      0.0975219
31    'y[1,6,1]'      0.478658
32    'y[1,6,2]'      0.433074
33    'y[1,6,3]'      0.0882676
34    'y[1,7,1]'      0.541021
35    'y[1,7,2]'      0.377484
36    'y[1,7,3]'      0.0814952
37    'y[1,8,1]'      0.583803
38    'y[1,8,2]'      0.339295
39    'y[1,8,3]'      0.0769015
40    'y[1,9,1]'      0.636394
41    'y[1,9,2]'      0.329924
42    'y[1,9,3]'      0.0336817
43    'y[1,10,1]'     0.697723
44    'y[1,10,2]'     0.288979
45    'y[1,10,3]'     0.0132986
46    'y[1,11,1]'     0.766128
47    'y[1,11,2]'     0.229099
48    'y[1,11,3]'     0.00477377
49    'y[1,12,1]'     0.834189
50    'y[1,12,2]'     0.164247
51    'y[1,12,3]'     0.00156375
52    'y[1,13,1]'     0.893042
53    'y[1,13,2]'     0.106488
54    'y[1,13,3]'     0.000470489
55    'y[1,14,1]'     0.937665
56    'y[1,14,2]'     0.0622046
57    'y[1,14,3]'     0.000130544
58    'y[1,15,1]'     0.968152
59    'y[1,15,2]'     0.0318159
60    'y[1,15,3]'     3.2372e-05
61    'y[2,1,1]'      0.000132694
62    'y[2,1,2]'      0.212527
63    'y[2,1,3]'      0.78734
64    'y[2,2,1]'      0.000528832
65    'y[2,2,2]'      0.350445
66    'y[2,2,3]'      0.649026
67    'y[2,3,1]'      0.00182352
68    'y[2,3,2]'      0.495044
69    'y[2,3,3]'      0.503132
70    'y[2,4,1]'      0.00561238
71    'y[2,4,2]'      0.616361
72    'y[2,4,3]'      0.378026
73    'y[2,5,1]'      0.0158023
74    'y[2,5,2]'      0.696505
75    'y[2,5,3]'      0.287692
76    'y[2,6,1]'      0.0161903
77    'y[2,6,2]'      0.763256
78    'y[2,6,3]'      0.220554
79    'y[2,7,1]'      0.0169785
80    'y[2,7,2]'      0.839733
81    'y[2,7,3]'      0.143289
82    'y[2,8,1]'      0.0193909
83    'y[2,8,2]'      0.912485
84    'y[2,8,3]'      0.0681246
85    'y[2,9,1]'      0.0249724
86    'y[2,9,2]'      0.944196
87    'y[2,9,3]'      0.0308315
88    'y[2,10,1]'     0.0388336
89    'y[2,10,2]'     0.947634
90    'y[2,10,3]'     0.013532
91    'y[2,11,1]'     0.072788
92    'y[2,11,2]'     0.921458
93    'y[2,11,3]'     0.00575394
94    'y[2,12,1]'     0.150317
95    'y[2,12,2]'     0.847369
96    'y[2,12,3]'     0.00231389
97    'y[2,13,1]'     0.30132
98    'y[2,13,2]'     0.697847
99    'y[2,13,3]'     0.000833426
100   'y[2,14,1]'     0.521424
101   'y[2,14,2]'     0.478327
102   'y[2,14,3]'     0.000249915
103   'y[2,15,1]'     0.736748
104   'y[2,15,2]'     0.263192
105   'y[2,15,3]'     6.01633e-05
106   'Ls[1]'       154.629
107   'Ls[2]'       118.657
108   'x[1,1,1]'      0.0189718
109   'x[1,1,2]'      0.55486
110   'x[1,1,3]'      0.426168
111   'x[1,2,1]'      0.0426456
112   'x[1,2,2]'      0.635294
113   'x[1,2,3]'      0.32206
114   'x[1,3,1]'      0.0767519
115   'x[1,3,2]'      0.643017
116   'x[1,3,3]'      0.280231
117   'x[1,4,1]'      0.121296
118   'x[1,4,2]'      0.615749
119   'x[1,4,3]'      0.262955
120   'x[1,5,1]'      0.172891
121   'x[1,5,2]'      0.573415
122   'x[1,5,3]'      0.253693
123   'x[1,6,1]'      0.224636
124   'x[1,6,2]'      0.528231
125   'x[1,6,3]'      0.247133
126   'x[1,7,1]'      0.269392
127   'x[1,7,2]'      0.488516
128   'x[1,7,3]'      0.242092
129   'x[1,8,1]'      0.303365
130   'x[1,8,2]'      0.458232
131   'x[1,8,3]'      0.238403
132   'x[1,9,1]'      0.375495
133   'x[1,9,2]'      0.505942
134   'x[1,9,3]'      0.118563
135   'x[1,10,1]'     0.456589
136   'x[1,10,2]'     0.491492
137   'x[1,10,3]'     0.0519188
138   'x[1,11,1]'     0.551156
139   'x[1,11,2]'     0.428355
140   'x[1,11,3]'     0.0204886
141   'x[1,12,1]'     0.656635
142   'x[1,12,2]'     0.336021
143   'x[1,12,3]'     0.00734349
144   'x[1,13,1]'     0.761584
145   'x[1,13,2]'     0.236022
146   'x[1,13,3]'     0.00239371
147   'x[1,14,1]'     0.852334
148   'x[1,14,2]'     0.146958
149   'x[1,14,3]'     0.000707938
150   'x[1,15,1]'     0.921142
151   'x[1,15,2]'     0.0786746
152   'x[1,15,3]'     0.000183751
153   'x[2,1,1]'      2.52765e-05
154   'x[2,1,2]'      0.105218
155   'x[2,1,3]'      0.894757
156   'x[2,2,1]'      0.000110556
157   'x[2,2,2]'      0.190412
158   'x[2,2,3]'      0.809478
159   'x[2,3,1]'      0.000425055
160   'x[2,3,2]'      0.299906
161   'x[2,3,3]'      0.699669
162   'x[2,4,1]'      0.00145293
163   'x[2,4,2]'      0.414705
164   'x[2,4,3]'      0.583842
165   'x[2,5,1]'      0.00446094
166   'x[2,5,2]'      0.51102
167   'x[2,5,3]'      0.484519
168   'x[2,6,1]'      0.00488293
169   'x[2,6,2]'      0.598277
170   'x[2,6,3]'      0.39684
171   'x[2,7,1]'      0.00555888
172   'x[2,7,2]'      0.714558
173   'x[2,7,3]'      0.279884
174   'x[2,8,1]'      0.00693184
175   'x[2,8,2]'      0.84778
176   'x[2,8,3]'      0.145288
177   'x[2,9,1]'      0.00937795
178   'x[2,9,2]'      0.921547
179   'x[2,9,3]'      0.0690746
180   'x[2,10,1]'     0.0150373
181   'x[2,10,2]'     0.953702
182   'x[2,10,3]'     0.031261
183   'x[2,11,1]'     0.029092
184   'x[2,11,2]'     0.957188
185   'x[2,11,3]'     0.0137201
186   'x[2,12,1]'     0.0635203
187   'x[2,12,2]'     0.930646
188   'x[2,12,3]'     0.00583342
189   'x[2,13,1]'     0.142132
190   'x[2,13,2]'     0.855523
191   'x[2,13,3]'     0.00234535
192   'x[2,14,1]'     0.295242
193   'x[2,14,2]'     0.703914
194   'x[2,14,3]'     0.000844219
195   'x[2,15,1]'     0.518418
196   'x[2,15,2]'     0.481329
197   'x[2,15,3]'     0.000252563
198   'CC[2]'         0
199   'CC[3]'         0
200   'CC[4]'         0
201   'CC[5]'         0
202   'CC[6]'         0
203   'CC[7]'         0
204   'CC[8]'         0
205   'CC[9]'         0
206   'CC[10]'        0
207   'CC[11]'        0
208   'CC[12]'        0
209   'CC[13]'        0
210   'CC[14]'        0
211   'CR[2]'         0
212   'CR[3]'         0
213   'CR[4]'         0
214   'CR[5]'        64.5793
215   'CR[6]'         0
216   'CR[7]'         0
217   'CR[8]'         0
218   'CR[9]'         0
219   'CR[10]'        0
220   'CR[11]'        0
221   'CR[12]'        0
222   'CR[13]'        0
223   'CR[14]'        0
224   'PC[1]'        29.6075
225   'PC[2]'         1.2968
226   'PR[1]'         5.81319
227   'PR[2]'        24.4538
228   'PS[2]'         0
229   'PS[3]'         0
230   'PS[4]'         0
231   'PS[5]'         0
232   'PS[6]'         0
233   'PS[7]'         0
234   'PS[8]'        38.8287
235   'PS[9]'         0
236   'PS[10]'        0
237   'PS[11]'        0
238   'PS[12]'        0
239   'PS[13]'        0
240   'PS[14]'        0
241   Vap           178.439
242   Sep            80
;

