solve_message = 'CONOPT 3.17A: Locally infeasible; objective 94700.2960138771\
112 iterations; evals: nf = 4, ng = 0, nc = 3069, nJ = 231, nH = 0, nHv = 39'

:            _varname               _var          :=
1      'F[2]'                      0
2      'F[3]'                      0
3      'F[4]'                      0
4      'F[5]'                      0
5      'F[6]'                      0
6      'F[7]'                      0
7      'F[8]'                    100
8      'F[9]'                      0
9      'F[10]'                     0
10     'F[11]'                     0
11     'F[12]'                     0
12     'F[13]'                     0
13     'F[14]'                     0
14     'V[1,1]'                  117.929
15     'V[1,2]'                  118.683
16     'V[1,3]'                  118.761
17     'V[1,4]'                  118.725
18     'V[1,5]'                  118.996
19     'V[1,6]'                  119.641
20     'V[1,7]'                  120.404
21     'V[1,8]'                  121.835
22     'V[1,9]'                  125.049
23     'V[1,10]'                 127.03
24     'V[1,11]'                 128.072
25     'V[1,12]'                 128.57
26     'V[1,13]'                 128.796
27     'V[1,14]'                 128.896
28     'V[1,15]'                   0
29     'V[2,1]'                94582.4
30     'V[2,2]'                94568.6
31     'V[2,3]'                94542.3
32     'V[2,4]'                94501.2
33     'V[2,5]'                94474.2
34     'V[2,6]'                94594.1
35     'V[2,7]'                95183.5
36     'V[2,8]'                96510.5
37     'V[2,9]'                98262.6
38     'V[2,10]'               99750.9
39     'V[2,11]'              100651
40     'V[2,12]'              101041
41     'V[2,13]'              101119
42     'V[2,14]'              101253
43     'V[2,15]'                   0
44     'y[1,1,1]'                  0.0408082
45     'y[1,1,2]'                  0.723518
46     'y[1,1,3]'                  0.235674
47     'y[1,2,1]'                  0.0906972
48     'y[1,2,2]'                  0.759166
49     'y[1,2,3]'                  0.150137
50     'y[1,3,1]'                  0.170707
51     'y[1,3,2]'                  0.717305
52     'y[1,3,3]'                  0.111988
53     'y[1,4,1]'                  0.28399
54     'y[1,4,2]'                  0.625128
55     'y[1,4,3]'                  0.0908823
56     'y[1,5,1]'                  0.418068
57     'y[1,5,2]'                  0.506811
58     'y[1,5,3]'                  0.075121
59     'y[1,6,1]'                  0.545906
60     'y[1,6,2]'                  0.391813
61     'y[1,6,3]'                  0.0622809
62     'y[1,7,1]'                  0.644405
63     'y[1,7,2]'                  0.30278
64     'y[1,7,3]'                  0.0528147
65     'y[1,8,1]'                  0.70831
66     'y[1,8,2]'                  0.244958
67     'y[1,8,3]'                  0.0467316
68     'y[1,9,1]'                  0.837965
69     'y[1,9,2]'                  0.150817
70     'y[1,9,3]'                  0.0112175
71     'y[1,10,1]'                 0.920172
72     'y[1,10,2]'                 0.0776171
73     'y[1,10,3]'                 0.00221048
74     'y[1,11,1]'                 0.963394
75     'y[1,11,2]'                 0.0362146
76     'y[1,11,3]'                 0.000391565
77     'y[1,12,1]'                 0.983872
78     'y[1,12,2]'                 0.0160623
79     'y[1,12,3]'                 6.58542e-05
80     'y[1,13,1]'                 0.993078
81     'y[1,13,2]'                 0.00691073
82     'y[1,13,3]'                 1.0808e-05
83     'y[1,14,1]'                 0.997116
84     'y[1,14,2]'                 0.00288203
85     'y[1,14,3]'                 1.74692e-06
86     'y[1,15,1]'                 0.998867
87     'y[1,15,2]'                 0.00113255
88     'y[1,15,3]'                 2.72703e-07
89     'y[2,1,1]'                  2.24133e-08
90     'y[2,1,2]'                  0.00533617
91     'y[2,1,3]'                  0.994664
92     'y[2,2,1]'                  1.19627e-07
93     'y[2,2,2]'                  0.0115678
94     'y[2,2,3]'                  0.988432
95     'y[2,3,1]'                  6.34688e-07
96     'y[2,3,2]'                  0.0249092
97     'y[2,3,3]'                  0.97509
98     'y[2,4,1]'                  3.32526e-06
99     'y[2,4,2]'                  0.0528855
100    'y[2,4,3]'                  0.947111
101    'y[2,5,1]'                  1.69751e-05
102    'y[2,5,2]'                  0.109064
103    'y[2,5,3]'                  0.890919
104    'y[2,6,1]'                  3.79599e-05
105    'y[2,6,2]'                  0.211957
106    'y[2,6,3]'                  0.788005
107    'y[2,7,1]'                  0.000128258
108    'y[2,7,2]'                  0.374229
109    'y[2,7,3]'                  0.625643
110    'y[2,8,1]'                  0.000467761
111    'y[2,8,2]'                  0.574379
112    'y[2,8,3]'                  0.425153
113    'y[2,9,1]'                  0.00156763
114    'y[2,9,2]'                  0.755075
115    'y[2,9,3]'                  0.243358
116    'y[2,10,1]'                 0.00475409
117    'y[2,10,2]'                 0.874222
118    'y[2,10,3]'                 0.121024
119    'y[2,11,1]'                 0.0134384
120    'y[2,11,2]'                 0.931653
121    'y[2,11,3]'                 0.0549084
122    'y[2,12,1]'                 0.0354718
123    'y[2,12,2]'                 0.941052
124    'y[2,12,3]'                 0.0234761
125    'y[2,13,1]'                 0.0904374
126    'y[2,13,2]'                 0.900113
127    'y[2,13,3]'                 0.00944932
128    'y[2,14,1]'                 0.213043
129    'y[2,14,2]'                 0.78353
130    'y[2,14,3]'                 0.00342659
131    'y[2,15,1]'                 0.428585
132    'y[2,15,2]'                 0.570395
133    'y[2,15,3]'                 0.00101932
134    'L[1,1]'                    0
135    'L[1,2]'                  188.761
136    'L[1,3]'                  189.515
137    'L[1,4]'                  189.594
138    'L[1,5]'                  189.558
139    'L[1,6]'                  189.828
140    'L[1,7]'                  190.473
141    'L[1,8]'                  191.236
142    'L[1,9]'                   92.6675
143    'L[1,10]'                  95.8812
144    'L[1,11]'                  97.8629
145    'L[1,12]'                  98.9047
146    'L[1,13]'                  99.403
147    'L[1,14]'                  99.6289
148    'L[1,15]'                  99.7285
149    'L[2,1]'                    0
150    'L[2,2]'                94612.4
151    'L[2,3]'                94598.6
152    'L[2,4]'                94572.3
153    'L[2,5]'                94531.2
154    'L[2,6]'                94433.4
155    'L[2,7]'                94553.3
156    'L[2,8]'                95142.6
157    'L[2,9]'                96469.7
158    'L[2,10]'               98221.8
159    'L[2,11]'               99710
160    'L[2,12]'              100581
161    'L[2,13]'              100971
162    'L[2,14]'              101049
163    'L[2,15]'              101183
164    'x[1,1,1]'                  0.0122202
165    'x[1,1,2]'                  0.564246
166    'x[1,1,3]'                  0.423534
167    'x[1,2,1]'                  0.0300806
168    'x[1,2,2]'                  0.663751
169    'x[1,2,3]'                  0.306169
170    'x[1,3,1]'                  0.0613659
171    'x[1,3,2]'                  0.686313
172    'x[1,3,3]'                  0.252321
173    'x[1,4,1]'                  0.111496
174    'x[1,4,2]'                  0.660121
175    'x[1,4,3]'                  0.228382
176    'x[1,5,1]'                  0.182437
177    'x[1,5,2]'                  0.602378
178    'x[1,5,3]'                  0.215185
179    'x[1,6,1]'                  0.26663
180    'x[1,6,2]'                  0.528242
181    'x[1,6,3]'                  0.205128
182    'x[1,7,1]'                  0.347441
183    'x[1,7,2]'                  0.455937
184    'x[1,7,3]'                  0.196623
185    'x[1,8,1]'                  0.410248
186    'x[1,8,2]'                  0.399625
187    'x[1,8,3]'                  0.190126
188    'x[1,9,1]'                  0.616856
189    'x[1,9,2]'                  0.321703
190    'x[1,9,3]'                  0.0614405
191    'x[1,10,1]'                 0.789018
192    'x[1,10,2]'                 0.196352
193    'x[1,10,3]'                 0.0146298
194    'x[1,11,1]'                 0.896718
195    'x[1,11,2]'                 0.100413
196    'x[1,11,3]'                 0.00286922
197    'x[1,12,1]'                 0.952933
198    'x[1,12,2]'                 0.0465604
199    'x[1,12,3]'                 0.000506959
200    'x[1,13,1]'                 0.979472
201    'x[1,13,2]'                 0.020443
202    'x[1,13,3]'                 8.50975e-05
203    'x[1,14,1]'                 0.991384
204    'x[1,14,2]'                 0.00860236
205    'x[1,14,3]'                 1.38923e-05
206    'x[1,15,1]'                 0.996604
207    'x[1,15,2]'                 0.00339369
208    'x[1,15,3]'                 2.17808e-06
209    'x[2,1,1]'                  4.18675e-09
210    'x[2,1,2]'                  0.00245356
211    'x[2,1,3]'                  0.997546
212    'x[2,2,1]'                  2.24075e-08
213    'x[2,2,2]'                  0.00533525
214    'x[2,2,3]'                  0.994665
215    'x[2,3,1]'                  1.1959e-07
216    'x[2,3,2]'                  0.0115649
217    'x[2,3,3]'                  0.988435
218    'x[2,4,1]'                  6.34488e-07
219    'x[2,4,2]'                  0.0249021
220    'x[2,4,3]'                  0.975097
221    'x[2,5,1]'                  3.3242e-06
222    'x[2,5,2]'                  0.0528695
223    'x[2,5,3]'                  0.947127
224    'x[2,6,1]'                  7.81635e-06
225    'x[2,6,2]'                  0.108689
226    'x[2,6,3]'                  0.891304
227    'x[2,7,1]'                  2.88218e-05
228    'x[2,7,2]'                  0.211627
229    'x[2,7,3]'                  0.788345
230    'x[2,8,1]'                  0.000119215
231    'x[2,8,2]'                  0.37397
232    'x[2,8,3]'                  0.625911
233    'x[2,9,1]'                  0.000458986
234    'x[2,9,2]'                  0.574209
235    'x[2,9,3]'                  0.425332
236    'x[2,10,1]'                 0.00155946
237    'x[2,10,2]'                 0.754983
238    'x[2,10,3]'                 0.243458
239    'x[2,11,1]'                 0.00474735
240    'x[2,11,2]'                 0.87418
241    'x[2,11,3]'                 0.121073
242    'x[2,12,1]'                 0.0131495
243    'x[2,12,2]'                 0.931905
244    'x[2,12,3]'                 0.0549459
245    'x[2,13,1]'                 0.0351992
246    'x[2,13,2]'                 0.941309
247    'x[2,13,3]'                 0.0234916
248    'x[2,14,1]'                 0.0902032
249    'x[2,14,2]'                 0.900342
250    'x[2,14,3]'                 0.00945516
251    'x[2,15,1]'                 0.212894
252    'x[2,15,2]'                 0.783677
253    'x[2,15,3]'                 0.00342826
254    'CC[2]'                     0
255    'CC[3]'                     0
256    'CC[4]'                     0
257    'CC[5]'                     0
258    'CC[6]'                     0
259    'CC[7]'                     0
260    'CC[8]'                     0
261    'CC[9]'                     0
262    'CC[10]'                    0
263    'CC[11]'                   29.1675
264    'CC[12]'                    0
265    'CC[13]'                    0
266    'CC[14]'                    0
267    'CR[2]'                     0
268    'CR[3]'                     0
269    'CR[4]'                     0
270    'CR[5]'                    70.8325
271    'CR[6]'                     0
272    'CR[7]'                     0
273    'CR[8]'                     0
274    'CR[9]'                     0
275    'CR[10]'                    0
276    'CR[11]'                    0
277    'CR[12]'                    0
278    'CR[13]'                    0
279    'CR[14]'                    0
280    'PC[1]'                     0
281    'PC[2]'                    69.9977
282    'PR[1]'                     0
283    'PR[2]'                    30.0023
284    'PS[2]'                     0
285    'PS[3]'                     0
286    'PS[4]'                     0
287    'PS[5]'                     0
288    'PS[6]'                     0
289    'PS[7]'                     0
290    'PS[8]'                     0
291    'PS[9]'                     0
292    'PS[10]'                    0
293    'PS[11]'                    0
294    'PS[12]'                    0
295    'PS[13]'                    0
296    'PS[14]'                    0
297    'T[1,1]'                  353.293
298    'T[1,2]'                  350.014
299    'T[1,3]'                  347.478
300    'T[1,4]'                  344.752
301    'T[1,5]'                  341.55
302    'T[1,6]'                  338.214
303    'T[1,7]'                  335.35
304    'T[1,8]'                  333.312
305    'T[1,9]'                  326.695
306    'T[1,10]'                 322.646
307    'T[1,11]'                 320.518
308    'T[1,12]'                 319.498
309    'T[1,13]'                 319.035
310    'T[1,14]'                 318.831
311    'T[1,15]'                 318.742
312    'T[2,1]'                  369.444
313    'T[2,2]'                  369.345
314    'T[2,3]'                  369.132
315    'T[2,4]'                  368.679
316    'T[2,5]'                  367.75
317    'T[2,6]'                  365.969
318    'T[2,7]'                  362.915
319    'T[2,8]'                  358.621
320    'T[2,9]'                  354.026
321    'T[2,10]'                 350.364
322    'T[2,11]'                 348.023
323    'T[2,12]'                 346.522
324    'T[2,13]'                 345.019
325    'T[2,14]'                 342.457
326    'T[2,15]'                 337.721
327    TF                        338.159
328    'QC[1]'                  1172.63
329    'QC[2]'                999980
330    'QR[1]'                  1204.71
331    'QR[2]'                 1e+06
332    'H[1,1,1]'                  1.40261
333    'H[1,1,2]'                  1.73998
334    'H[1,1,3]'                  2.08235
335    'H[1,2,1]'                  1.31191
336    'H[1,2,2]'                  1.62928
337    'H[1,2,3]'                  1.94919
338    'H[1,3,1]'                  1.2424
339    'H[1,3,2]'                  1.54433
340    'H[1,3,3]'                  1.84708
341    'H[1,4,1]'                  1.16833
342    'H[1,4,2]'                  1.45367
343    'H[1,4,3]'                  1.73817
344    'H[1,5,1]'                  1.08211
345    'H[1,5,2]'                  1.34798
346    'H[1,5,3]'                  1.61129
347    'H[1,6,1]'                  0.993263
348    'H[1,6,2]'                  1.23884
349    'H[1,6,3]'                  1.48039
350    'H[1,7,1]'                  0.917757
351    'H[1,7,2]'                  1.14593
352    'H[1,7,3]'                  1.36902
353    'H[1,8,1]'                  0.864443
354    'H[1,8,2]'                  1.08022
355    'H[1,8,3]'                  1.2903
356    'H[1,9,1]'                  0.693962
357    'H[1,9,2]'                  0.869493
358    'H[1,9,3]'                  1.03808
359    'H[1,10,1]'                 0.591547
360    'H[1,10,2]'                 0.742424
361    'H[1,10,3]'                 0.886137
362    'H[1,11,1]'                 0.538302
363    'H[1,11,2]'                 0.676209
364    'H[1,11,3]'                 0.807004
365    'H[1,12,1]'                 0.512939
366    'H[1,12,2]'                 0.64463
367    'H[1,12,3]'                 0.769274
368    'H[1,13,1]'                 0.501456
369    'H[1,13,2]'                 0.630324
370    'H[1,13,3]'                 0.752183
371    'H[1,14,1]'                 0.496395
372    'H[1,14,2]'                 0.624018
373    'H[1,14,3]'                 0.74465
374    'H[1,15,1]'                 0.494195
375    'H[1,15,2]'                 0.621276
376    'H[1,15,3]'                 0.741374
377    'H[2,1,1]'                  1.86259
378    'H[2,1,2]'                  2.29897
379    'H[2,1,3]'                  2.75643
380    'H[2,2,1]'                  1.8597
381    'H[2,2,2]'                  2.29547
382    'H[2,2,3]'                  2.7522
383    'H[2,3,1]'                  1.85349
384    'H[2,3,2]'                  2.28794
385    'H[2,3,3]'                  2.74311
386    'H[2,4,1]'                  1.84032
387    'H[2,4,2]'                  2.27199
388    'H[2,4,3]'                  2.72383
389    'H[2,5,1]'                  1.81332
390    'H[2,5,2]'                  2.23926
391    'H[2,5,3]'                  2.6843
392    'H[2,6,1]'                  1.76176
393    'H[2,6,2]'                  2.17674
394    'H[2,6,3]'                  2.6088
395    'H[2,7,1]'                  1.674
396    'H[2,7,2]'                  2.07023
397    'H[2,7,3]'                  2.48026
398    'H[2,8,1]'                  1.55192
399    'H[2,8,2]'                  1.92184
400    'H[2,8,3]'                  2.30134
401    'H[2,9,1]'                  1.42299
402    'H[2,9,2]'                  1.76483
403    'H[2,9,3]'                  2.11225
404    'H[2,10,1]'                 1.32155
405    'H[2,10,2]'                 1.64106
406    'H[2,10,3]'                 1.96334
407    'H[2,11,1]'                 1.2573
408    'H[2,11,2]'                 1.56255
409    'H[2,11,3]'                 1.86896
410    'H[2,12,1]'                 1.21634
411    'H[2,12,2]'                 1.51245
412    'H[2,12,3]'                 1.80877
413    'H[2,13,1]'                 1.17554
414    'H[2,13,2]'                 1.4625
415    'H[2,13,3]'                 1.74877
416    'H[2,14,1]'                 1.10645
417    'H[2,14,2]'                 1.37783
418    'H[2,14,3]'                 1.64712
419    'H[2,15,1]'                 0.9802
420    'H[2,15,2]'                 1.22278
421    'H[2,15,3]'                 1.46113
422    'HF[1]'                     0.991793
423    'HF[2]'                     1.23703
424    'HF[3]'                     1.47822
425    'h[1,1,1]'                 -7.13172
426    'h[1,1,2]'                 -7.99341
427    'h[1,1,3]'                 -8.75538
428    'h[1,2,1]'                 -7.27657
429    'h[1,2,2]'                 -8.15562
430    'h[1,2,3]'                 -8.94209
431    'h[1,3,1]'                 -7.38775
432    'h[1,3,2]'                 -8.28024
433    'h[1,3,3]'                 -9.08558
434    'h[1,4,1]'                 -7.50642
435    'h[1,4,2]'                 -8.4134
436    'h[1,4,3]'                 -9.23895
437    'h[1,5,1]'                 -7.6448
438    'h[1,5,2]'                 -8.56885
439    'h[1,5,3]'                 -9.41807
440    'h[1,6,1]'                 -7.78773
441    'h[1,6,2]'                 -8.72962
442    'h[1,6,3]'                 -9.60342
443    'h[1,7,1]'                 -7.90946
444    'h[1,7,2]'                 -8.86672
445    'h[1,7,3]'                 -9.76157
446    'h[1,8,1]'                 -7.99557
447    'h[1,8,2]'                 -8.96381
448    'h[1,8,3]'                 -9.87362
449    'h[1,9,1]'                 -8.27187
450    'h[1,9,2]'                 -9.27597
451    'h[1,9,3]'                -10.2342
452    'h[1,10,1]'                -8.43862
453    'h[1,10,2]'                -9.46486
454    'h[1,10,3]'               -10.4527
455    'h[1,11,1]'                -8.52556
456    'h[1,11,2]'                -9.5635
457    'h[1,11,3]'               -10.5669
458    'h[1,12,1]'                -8.56704
459    'h[1,12,2]'                -9.61059
460    'h[1,12,3]'               -10.6215
461    'h[1,13,1]'                -8.58583
462    'h[1,13,2]'                -9.63194
463    'h[1,13,3]'               -10.6462
464    'h[1,14,1]'                -8.59411
465    'h[1,14,2]'                -9.64135
466    'h[1,14,3]'               -10.6571
467    'h[1,15,1]'                -8.59772
468    'h[1,15,2]'                -9.64544
469    'h[1,15,3]'               -10.6619
470    'h[2,1,1]'                 -6.40038
471    'h[2,1,2]'                 -7.17692
472    'h[2,1,3]'                 -7.81635
473    'h[2,2,1]'                 -6.40496
474    'h[2,2,2]'                 -7.18202
475    'h[2,2,3]'                 -7.82222
476    'h[2,3,1]'                 -6.41481
477    'h[2,3,2]'                 -7.193
478    'h[2,3,3]'                 -7.83483
479    'h[2,4,1]'                 -6.43568
480    'h[2,4,2]'                 -7.21625
481    'h[2,4,3]'                 -7.86156
482    'h[2,5,1]'                 -6.47851
483    'h[2,5,2]'                 -7.26397
484    'h[2,5,3]'                 -7.91642
485    'h[2,6,1]'                 -6.56031
486    'h[2,6,2]'                 -7.35515
487    'h[2,6,3]'                 -8.02125
488    'h[2,7,1]'                 -6.69965
489    'h[2,7,2]'                 -7.51058
490    'h[2,7,3]'                 -8.19997
491    'h[2,8,1]'                 -6.89379
492    'h[2,8,2]'                 -7.72734
493    'h[2,8,3]'                 -8.44927
494    'h[2,9,1]'                 -7.09921
495    'h[2,9,2]'                 -7.95702
496    'h[2,9,3]'                 -8.71351
497    'h[2,10,1]'                -7.26117
498    'h[2,10,2]'                -8.13836
499    'h[2,10,3]'                -8.92222
500    'h[2,11,1]'                -7.36391
501    'h[2,11,2]'                -8.25351
502    'h[2,11,3]'                -9.0548
503    'h[2,12,1]'                -7.42948
504    'h[2,12,2]'                -8.32705
505    'h[2,12,3]'                -9.13949
506    'h[2,13,1]'                -7.49487
507    'h[2,13,2]'                -8.40043
508    'h[2,13,3]'                -9.22401
509    'h[2,14,1]'                -7.60571
510    'h[2,14,2]'                -8.52491
511    'h[2,14,3]'                -9.36744
512    'h[2,15,1]'                -7.80877
513    'h[2,15,2]'                -8.7533
514    'h[2,15,3]'                -9.63074
515    'hF[1]'                    -7.7901
516    'hF[2]'                    -8.73228
517    'hF[3]'                    -9.60649
518    'tauGamma[1,1,1,1]'     1e-06
519    'tauGamma[1,1,1,2]'     1e-06
520    'tauGamma[1,1,1,3]'     1e-06
521    'tauGamma[1,1,2,1]'     1e-06
522    'tauGamma[1,1,2,2]'     1e-06
523    'tauGamma[1,1,2,3]'     1e-06
524    'tauGamma[1,1,3,1]'     1e-06
525    'tauGamma[1,1,3,2]'     1e-06
526    'tauGamma[1,1,3,3]'     1e-06
527    'tauGamma[1,2,1,1]'     1e-06
528    'tauGamma[1,2,1,2]'     1e-06
529    'tauGamma[1,2,1,3]'     1e-06
530    'tauGamma[1,2,2,1]'     1e-06
531    'tauGamma[1,2,2,2]'     1e-06
532    'tauGamma[1,2,2,3]'     1e-06
533    'tauGamma[1,2,3,1]'     1e-06
534    'tauGamma[1,2,3,2]'     1e-06
535    'tauGamma[1,2,3,3]'     1e-06
536    'tauGamma[1,3,1,1]'     1e-06
537    'tauGamma[1,3,1,2]'     1e-06
538    'tauGamma[1,3,1,3]'     1e-06
539    'tauGamma[1,3,2,1]'     1e-06
540    'tauGamma[1,3,2,2]'     1e-06
541    'tauGamma[1,3,2,3]'     1e-06
542    'tauGamma[1,3,3,1]'     1e-06
543    'tauGamma[1,3,3,2]'     1e-06
544    'tauGamma[1,3,3,3]'     1e-06
545    'tauGamma[1,4,1,1]'     1e-06
546    'tauGamma[1,4,1,2]'     1e-06
547    'tauGamma[1,4,1,3]'     1e-06
548    'tauGamma[1,4,2,1]'     1e-06
549    'tauGamma[1,4,2,2]'     1e-06
550    'tauGamma[1,4,2,3]'     1e-06
551    'tauGamma[1,4,3,1]'     1e-06
552    'tauGamma[1,4,3,2]'     1e-06
553    'tauGamma[1,4,3,3]'     1e-06
554    'tauGamma[1,5,1,1]'     1e-06
555    'tauGamma[1,5,1,2]'     1e-06
556    'tauGamma[1,5,1,3]'     1e-06
557    'tauGamma[1,5,2,1]'     1e-06
558    'tauGamma[1,5,2,2]'     1e-06
559    'tauGamma[1,5,2,3]'     1e-06
560    'tauGamma[1,5,3,1]'     1e-06
561    'tauGamma[1,5,3,2]'     1e-06
562    'tauGamma[1,5,3,3]'     1e-06
563    'tauGamma[1,6,1,1]'     1e-06
564    'tauGamma[1,6,1,2]'     1e-06
565    'tauGamma[1,6,1,3]'     1e-06
566    'tauGamma[1,6,2,1]'     1e-06
567    'tauGamma[1,6,2,2]'     1e-06
568    'tauGamma[1,6,2,3]'     1e-06
569    'tauGamma[1,6,3,1]'     1e-06
570    'tauGamma[1,6,3,2]'     1e-06
571    'tauGamma[1,6,3,3]'     1e-06
572    'tauGamma[1,7,1,1]'     1e-06
573    'tauGamma[1,7,1,2]'     1e-06
574    'tauGamma[1,7,1,3]'     1e-06
575    'tauGamma[1,7,2,1]'     1e-06
576    'tauGamma[1,7,2,2]'     1e-06
577    'tauGamma[1,7,2,3]'     1e-06
578    'tauGamma[1,7,3,1]'     1e-06
579    'tauGamma[1,7,3,2]'     1e-06
580    'tauGamma[1,7,3,3]'     1e-06
581    'tauGamma[1,8,1,1]'     1e-06
582    'tauGamma[1,8,1,2]'     1e-06
583    'tauGamma[1,8,1,3]'     1e-06
584    'tauGamma[1,8,2,1]'     1e-06
585    'tauGamma[1,8,2,2]'     1e-06
586    'tauGamma[1,8,2,3]'     1e-06
587    'tauGamma[1,8,3,1]'     1e-06
588    'tauGamma[1,8,3,2]'     1e-06
589    'tauGamma[1,8,3,3]'     1e-06
590    'tauGamma[1,9,1,1]'     1e-06
591    'tauGamma[1,9,1,2]'     1e-06
592    'tauGamma[1,9,1,3]'     1e-06
593    'tauGamma[1,9,2,1]'     1e-06
594    'tauGamma[1,9,2,2]'     1e-06
595    'tauGamma[1,9,2,3]'     1e-06
596    'tauGamma[1,9,3,1]'     1e-06
597    'tauGamma[1,9,3,2]'     1e-06
598    'tauGamma[1,9,3,3]'     1e-06
599    'tauGamma[1,10,1,1]'    1e-06
600    'tauGamma[1,10,1,2]'    1e-06
601    'tauGamma[1,10,1,3]'    1e-06
602    'tauGamma[1,10,2,1]'    1e-06
603    'tauGamma[1,10,2,2]'    1e-06
604    'tauGamma[1,10,2,3]'    1e-06
605    'tauGamma[1,10,3,1]'    1e-06
606    'tauGamma[1,10,3,2]'    1e-06
607    'tauGamma[1,10,3,3]'    1e-06
608    'tauGamma[1,11,1,1]'    1e-06
609    'tauGamma[1,11,1,2]'    1e-06
610    'tauGamma[1,11,1,3]'    1e-06
611    'tauGamma[1,11,2,1]'    1e-06
612    'tauGamma[1,11,2,2]'    1e-06
613    'tauGamma[1,11,2,3]'    1e-06
614    'tauGamma[1,11,3,1]'    1e-06
615    'tauGamma[1,11,3,2]'    1e-06
616    'tauGamma[1,11,3,3]'    1e-06
617    'tauGamma[1,12,1,1]'    1e-06
618    'tauGamma[1,12,1,2]'    1e-06
619    'tauGamma[1,12,1,3]'    1e-06
620    'tauGamma[1,12,2,1]'    1e-06
621    'tauGamma[1,12,2,2]'    1e-06
622    'tauGamma[1,12,2,3]'    1e-06
623    'tauGamma[1,12,3,1]'    1e-06
624    'tauGamma[1,12,3,2]'    1e-06
625    'tauGamma[1,12,3,3]'    1e-06
626    'tauGamma[1,13,1,1]'    1e-06
627    'tauGamma[1,13,1,2]'    1e-06
628    'tauGamma[1,13,1,3]'    1e-06
629    'tauGamma[1,13,2,1]'    1e-06
630    'tauGamma[1,13,2,2]'    1e-06
631    'tauGamma[1,13,2,3]'    1e-06
632    'tauGamma[1,13,3,1]'    1e-06
633    'tauGamma[1,13,3,2]'    1e-06
634    'tauGamma[1,13,3,3]'    1e-06
635    'tauGamma[1,14,1,1]'    1e-06
636    'tauGamma[1,14,1,2]'    1e-06
637    'tauGamma[1,14,1,3]'    1e-06
638    'tauGamma[1,14,2,1]'    1e-06
639    'tauGamma[1,14,2,2]'    1e-06
640    'tauGamma[1,14,2,3]'    1e-06
641    'tauGamma[1,14,3,1]'    1e-06
642    'tauGamma[1,14,3,2]'    1e-06
643    'tauGamma[1,14,3,3]'    1e-06
644    'tauGamma[1,15,1,1]'    1e-06
645    'tauGamma[1,15,1,2]'    1e-06
646    'tauGamma[1,15,1,3]'    1e-06
647    'tauGamma[1,15,2,1]'    1e-06
648    'tauGamma[1,15,2,2]'    1e-06
649    'tauGamma[1,15,2,3]'    1e-06
650    'tauGamma[1,15,3,1]'    1e-06
651    'tauGamma[1,15,3,2]'    1e-06
652    'tauGamma[1,15,3,3]'    1e-06
653    'tauGamma[2,1,1,1]'     1e-06
654    'tauGamma[2,1,1,2]'     1e-06
655    'tauGamma[2,1,1,3]'     1e-06
656    'tauGamma[2,1,2,1]'     1e-06
657    'tauGamma[2,1,2,2]'     1e-06
658    'tauGamma[2,1,2,3]'     1e-06
659    'tauGamma[2,1,3,1]'     1e-06
660    'tauGamma[2,1,3,2]'     1e-06
661    'tauGamma[2,1,3,3]'     1e-06
662    'tauGamma[2,2,1,1]'     1e-06
663    'tauGamma[2,2,1,2]'     1e-06
664    'tauGamma[2,2,1,3]'     1e-06
665    'tauGamma[2,2,2,1]'     1e-06
666    'tauGamma[2,2,2,2]'     1e-06
667    'tauGamma[2,2,2,3]'     1e-06
668    'tauGamma[2,2,3,1]'     1e-06
669    'tauGamma[2,2,3,2]'     1e-06
670    'tauGamma[2,2,3,3]'     1e-06
671    'tauGamma[2,3,1,1]'     1e-06
672    'tauGamma[2,3,1,2]'     1e-06
673    'tauGamma[2,3,1,3]'     1e-06
674    'tauGamma[2,3,2,1]'     1e-06
675    'tauGamma[2,3,2,2]'     1e-06
676    'tauGamma[2,3,2,3]'     1e-06
677    'tauGamma[2,3,3,1]'     1e-06
678    'tauGamma[2,3,3,2]'     1e-06
679    'tauGamma[2,3,3,3]'     1e-06
680    'tauGamma[2,4,1,1]'     1e-06
681    'tauGamma[2,4,1,2]'     1e-06
682    'tauGamma[2,4,1,3]'     1e-06
683    'tauGamma[2,4,2,1]'     1e-06
684    'tauGamma[2,4,2,2]'     1e-06
685    'tauGamma[2,4,2,3]'     1e-06
686    'tauGamma[2,4,3,1]'     1e-06
687    'tauGamma[2,4,3,2]'     1e-06
688    'tauGamma[2,4,3,3]'     1e-06
689    'tauGamma[2,5,1,1]'     1e-06
690    'tauGamma[2,5,1,2]'     1e-06
691    'tauGamma[2,5,1,3]'     1e-06
692    'tauGamma[2,5,2,1]'     1e-06
693    'tauGamma[2,5,2,2]'     1e-06
694    'tauGamma[2,5,2,3]'     1e-06
695    'tauGamma[2,5,3,1]'     1e-06
696    'tauGamma[2,5,3,2]'     1e-06
697    'tauGamma[2,5,3,3]'     1e-06
698    'tauGamma[2,6,1,1]'     1e-06
699    'tauGamma[2,6,1,2]'     1e-06
700    'tauGamma[2,6,1,3]'     1e-06
701    'tauGamma[2,6,2,1]'     1e-06
702    'tauGamma[2,6,2,2]'     1e-06
703    'tauGamma[2,6,2,3]'     1e-06
704    'tauGamma[2,6,3,1]'     1e-06
705    'tauGamma[2,6,3,2]'     1e-06
706    'tauGamma[2,6,3,3]'     1e-06
707    'tauGamma[2,7,1,1]'     1e-06
708    'tauGamma[2,7,1,2]'     1e-06
709    'tauGamma[2,7,1,3]'     1e-06
710    'tauGamma[2,7,2,1]'     1e-06
711    'tauGamma[2,7,2,2]'     1e-06
712    'tauGamma[2,7,2,3]'     1e-06
713    'tauGamma[2,7,3,1]'     1e-06
714    'tauGamma[2,7,3,2]'     1e-06
715    'tauGamma[2,7,3,3]'     1e-06
716    'tauGamma[2,8,1,1]'     1e-06
717    'tauGamma[2,8,1,2]'     1e-06
718    'tauGamma[2,8,1,3]'     1e-06
719    'tauGamma[2,8,2,1]'     1e-06
720    'tauGamma[2,8,2,2]'     1e-06
721    'tauGamma[2,8,2,3]'     1e-06
722    'tauGamma[2,8,3,1]'     1e-06
723    'tauGamma[2,8,3,2]'     1e-06
724    'tauGamma[2,8,3,3]'     1e-06
725    'tauGamma[2,9,1,1]'     1e-06
726    'tauGamma[2,9,1,2]'     1e-06
727    'tauGamma[2,9,1,3]'     1e-06
728    'tauGamma[2,9,2,1]'     1e-06
729    'tauGamma[2,9,2,2]'     1e-06
730    'tauGamma[2,9,2,3]'     1e-06
731    'tauGamma[2,9,3,1]'     1e-06
732    'tauGamma[2,9,3,2]'     1e-06
733    'tauGamma[2,9,3,3]'     1e-06
734    'tauGamma[2,10,1,1]'    1e-06
735    'tauGamma[2,10,1,2]'    1e-06
736    'tauGamma[2,10,1,3]'    1e-06
737    'tauGamma[2,10,2,1]'    1e-06
738    'tauGamma[2,10,2,2]'    1e-06
739    'tauGamma[2,10,2,3]'    1e-06
740    'tauGamma[2,10,3,1]'    1e-06
741    'tauGamma[2,10,3,2]'    1e-06
742    'tauGamma[2,10,3,3]'    1e-06
743    'tauGamma[2,11,1,1]'    1e-06
744    'tauGamma[2,11,1,2]'    1e-06
745    'tauGamma[2,11,1,3]'    1e-06
746    'tauGamma[2,11,2,1]'    1e-06
747    'tauGamma[2,11,2,2]'    1e-06
748    'tauGamma[2,11,2,3]'    1e-06
749    'tauGamma[2,11,3,1]'    1e-06
750    'tauGamma[2,11,3,2]'    1e-06
751    'tauGamma[2,11,3,3]'    1e-06
752    'tauGamma[2,12,1,1]'    1e-06
753    'tauGamma[2,12,1,2]'    1e-06
754    'tauGamma[2,12,1,3]'    1e-06
755    'tauGamma[2,12,2,1]'    1e-06
756    'tauGamma[2,12,2,2]'    1e-06
757    'tauGamma[2,12,2,3]'    1e-06
758    'tauGamma[2,12,3,1]'    1e-06
759    'tauGamma[2,12,3,2]'    1e-06
760    'tauGamma[2,12,3,3]'    1e-06
761    'tauGamma[2,13,1,1]'    1e-06
762    'tauGamma[2,13,1,2]'    1e-06
763    'tauGamma[2,13,1,3]'    1e-06
764    'tauGamma[2,13,2,1]'    1e-06
765    'tauGamma[2,13,2,2]'    1e-06
766    'tauGamma[2,13,2,3]'    1e-06
767    'tauGamma[2,13,3,1]'    1e-06
768    'tauGamma[2,13,3,2]'    1e-06
769    'tauGamma[2,13,3,3]'    1e-06
770    'tauGamma[2,14,1,1]'    1e-06
771    'tauGamma[2,14,1,2]'    1e-06
772    'tauGamma[2,14,1,3]'    1e-06
773    'tauGamma[2,14,2,1]'    1e-06
774    'tauGamma[2,14,2,2]'    1e-06
775    'tauGamma[2,14,2,3]'    1e-06
776    'tauGamma[2,14,3,1]'    1e-06
777    'tauGamma[2,14,3,2]'    1e-06
778    'tauGamma[2,14,3,3]'    1e-06
779    'tauGamma[2,15,1,1]'    1e-06
780    'tauGamma[2,15,1,2]'    1e-06
781    'tauGamma[2,15,1,3]'    1e-06
782    'tauGamma[2,15,2,1]'    1e-06
783    'tauGamma[2,15,2,2]'    1e-06
784    'tauGamma[2,15,2,3]'    1e-06
785    'tauGamma[2,15,3,1]'    1e-06
786    'tauGamma[2,15,3,2]'    1e-06
787    'tauGamma[2,15,3,3]'    1e-06
788    'PGamma[1,1,1,1]'           1
789    'PGamma[1,1,1,2]'           1
790    'PGamma[1,1,1,3]'           1
791    'PGamma[1,1,2,1]'           1
792    'PGamma[1,1,2,2]'           1
793    'PGamma[1,1,2,3]'           1
794    'PGamma[1,1,3,1]'           1
795    'PGamma[1,1,3,2]'           1
796    'PGamma[1,1,3,3]'           1
797    'PGamma[1,2,1,1]'           1
798    'PGamma[1,2,1,2]'           1
799    'PGamma[1,2,1,3]'           1
800    'PGamma[1,2,2,1]'           1
801    'PGamma[1,2,2,2]'           1
802    'PGamma[1,2,2,3]'           1
803    'PGamma[1,2,3,1]'           1
804    'PGamma[1,2,3,2]'           1
805    'PGamma[1,2,3,3]'           1
806    'PGamma[1,3,1,1]'           1
807    'PGamma[1,3,1,2]'           1
808    'PGamma[1,3,1,3]'           1
809    'PGamma[1,3,2,1]'           1
810    'PGamma[1,3,2,2]'           1
811    'PGamma[1,3,2,3]'           1
812    'PGamma[1,3,3,1]'           1
813    'PGamma[1,3,3,2]'           1
814    'PGamma[1,3,3,3]'           1
815    'PGamma[1,4,1,1]'           1
816    'PGamma[1,4,1,2]'           1
817    'PGamma[1,4,1,3]'           1
818    'PGamma[1,4,2,1]'           1
819    'PGamma[1,4,2,2]'           1
820    'PGamma[1,4,2,3]'           1
821    'PGamma[1,4,3,1]'           1
822    'PGamma[1,4,3,2]'           1
823    'PGamma[1,4,3,3]'           1
824    'PGamma[1,5,1,1]'           1
825    'PGamma[1,5,1,2]'           1
826    'PGamma[1,5,1,3]'           1
827    'PGamma[1,5,2,1]'           1
828    'PGamma[1,5,2,2]'           1
829    'PGamma[1,5,2,3]'           1
830    'PGamma[1,5,3,1]'           1
831    'PGamma[1,5,3,2]'           1
832    'PGamma[1,5,3,3]'           1
833    'PGamma[1,6,1,1]'           1
834    'PGamma[1,6,1,2]'           1
835    'PGamma[1,6,1,3]'           1
836    'PGamma[1,6,2,1]'           1
837    'PGamma[1,6,2,2]'           1
838    'PGamma[1,6,2,3]'           1
839    'PGamma[1,6,3,1]'           1
840    'PGamma[1,6,3,2]'           1
841    'PGamma[1,6,3,3]'           1
842    'PGamma[1,7,1,1]'           1
843    'PGamma[1,7,1,2]'           1
844    'PGamma[1,7,1,3]'           1
845    'PGamma[1,7,2,1]'           1
846    'PGamma[1,7,2,2]'           1
847    'PGamma[1,7,2,3]'           1
848    'PGamma[1,7,3,1]'           1
849    'PGamma[1,7,3,2]'           1
850    'PGamma[1,7,3,3]'           1
851    'PGamma[1,8,1,1]'           1
852    'PGamma[1,8,1,2]'           1
853    'PGamma[1,8,1,3]'           1
854    'PGamma[1,8,2,1]'           1
855    'PGamma[1,8,2,2]'           1
856    'PGamma[1,8,2,3]'           1
857    'PGamma[1,8,3,1]'           1
858    'PGamma[1,8,3,2]'           1
859    'PGamma[1,8,3,3]'           1
860    'PGamma[1,9,1,1]'           1
861    'PGamma[1,9,1,2]'           1
862    'PGamma[1,9,1,3]'           1
863    'PGamma[1,9,2,1]'           1
864    'PGamma[1,9,2,2]'           1
865    'PGamma[1,9,2,3]'           1
866    'PGamma[1,9,3,1]'           1
867    'PGamma[1,9,3,2]'           1
868    'PGamma[1,9,3,3]'           1
869    'PGamma[1,10,1,1]'          1
870    'PGamma[1,10,1,2]'          1
871    'PGamma[1,10,1,3]'          1
872    'PGamma[1,10,2,1]'          1
873    'PGamma[1,10,2,2]'          1
874    'PGamma[1,10,2,3]'          1
875    'PGamma[1,10,3,1]'          1
876    'PGamma[1,10,3,2]'          1
877    'PGamma[1,10,3,3]'          1
878    'PGamma[1,11,1,1]'          1
879    'PGamma[1,11,1,2]'          1
880    'PGamma[1,11,1,3]'          1
881    'PGamma[1,11,2,1]'          1
882    'PGamma[1,11,2,2]'          1
883    'PGamma[1,11,2,3]'          1
884    'PGamma[1,11,3,1]'          1
885    'PGamma[1,11,3,2]'          1
886    'PGamma[1,11,3,3]'          1
887    'PGamma[1,12,1,1]'          1
888    'PGamma[1,12,1,2]'          1
889    'PGamma[1,12,1,3]'          1
890    'PGamma[1,12,2,1]'          1
891    'PGamma[1,12,2,2]'          1
892    'PGamma[1,12,2,3]'          1
893    'PGamma[1,12,3,1]'          1
894    'PGamma[1,12,3,2]'          1
895    'PGamma[1,12,3,3]'          1
896    'PGamma[1,13,1,1]'          1
897    'PGamma[1,13,1,2]'          1
898    'PGamma[1,13,1,3]'          1
899    'PGamma[1,13,2,1]'          1
900    'PGamma[1,13,2,2]'          1
901    'PGamma[1,13,2,3]'          1
902    'PGamma[1,13,3,1]'          1
903    'PGamma[1,13,3,2]'          1
904    'PGamma[1,13,3,3]'          1
905    'PGamma[1,14,1,1]'          1
906    'PGamma[1,14,1,2]'          1
907    'PGamma[1,14,1,3]'          1
908    'PGamma[1,14,2,1]'          1
909    'PGamma[1,14,2,2]'          1
910    'PGamma[1,14,2,3]'          1
911    'PGamma[1,14,3,1]'          1
912    'PGamma[1,14,3,2]'          1
913    'PGamma[1,14,3,3]'          1
914    'PGamma[1,15,1,1]'          1
915    'PGamma[1,15,1,2]'          1
916    'PGamma[1,15,1,3]'          1
917    'PGamma[1,15,2,1]'          1
918    'PGamma[1,15,2,2]'          1
919    'PGamma[1,15,2,3]'          1
920    'PGamma[1,15,3,1]'          1
921    'PGamma[1,15,3,2]'          1
922    'PGamma[1,15,3,3]'          1
923    'PGamma[2,1,1,1]'           1
924    'PGamma[2,1,1,2]'           1
925    'PGamma[2,1,1,3]'           1
926    'PGamma[2,1,2,1]'           1
927    'PGamma[2,1,2,2]'           1
928    'PGamma[2,1,2,3]'           1
929    'PGamma[2,1,3,1]'           1
930    'PGamma[2,1,3,2]'           1
931    'PGamma[2,1,3,3]'           1
932    'PGamma[2,2,1,1]'           1
933    'PGamma[2,2,1,2]'           1
934    'PGamma[2,2,1,3]'           1
935    'PGamma[2,2,2,1]'           1
936    'PGamma[2,2,2,2]'           1
937    'PGamma[2,2,2,3]'           1
938    'PGamma[2,2,3,1]'           1
939    'PGamma[2,2,3,2]'           1
940    'PGamma[2,2,3,3]'           1
941    'PGamma[2,3,1,1]'           1
942    'PGamma[2,3,1,2]'           1
943    'PGamma[2,3,1,3]'           1
944    'PGamma[2,3,2,1]'           1
945    'PGamma[2,3,2,2]'           1
946    'PGamma[2,3,2,3]'           1
947    'PGamma[2,3,3,1]'           1
948    'PGamma[2,3,3,2]'           1
949    'PGamma[2,3,3,3]'           1
950    'PGamma[2,4,1,1]'           1
951    'PGamma[2,4,1,2]'           1
952    'PGamma[2,4,1,3]'           1
953    'PGamma[2,4,2,1]'           1
954    'PGamma[2,4,2,2]'           1
955    'PGamma[2,4,2,3]'           1
956    'PGamma[2,4,3,1]'           1
957    'PGamma[2,4,3,2]'           1
958    'PGamma[2,4,3,3]'           1
959    'PGamma[2,5,1,1]'           1
960    'PGamma[2,5,1,2]'           1
961    'PGamma[2,5,1,3]'           1
962    'PGamma[2,5,2,1]'           1
963    'PGamma[2,5,2,2]'           1
964    'PGamma[2,5,2,3]'           1
965    'PGamma[2,5,3,1]'           1
966    'PGamma[2,5,3,2]'           1
967    'PGamma[2,5,3,3]'           1
968    'PGamma[2,6,1,1]'           1
969    'PGamma[2,6,1,2]'           1
970    'PGamma[2,6,1,3]'           1
971    'PGamma[2,6,2,1]'           1
972    'PGamma[2,6,2,2]'           1
973    'PGamma[2,6,2,3]'           1
974    'PGamma[2,6,3,1]'           1
975    'PGamma[2,6,3,2]'           1
976    'PGamma[2,6,3,3]'           1
977    'PGamma[2,7,1,1]'           1
978    'PGamma[2,7,1,2]'           1
979    'PGamma[2,7,1,3]'           1
980    'PGamma[2,7,2,1]'           1
981    'PGamma[2,7,2,2]'           1
982    'PGamma[2,7,2,3]'           1
983    'PGamma[2,7,3,1]'           1
984    'PGamma[2,7,3,2]'           1
985    'PGamma[2,7,3,3]'           1
986    'PGamma[2,8,1,1]'           1
987    'PGamma[2,8,1,2]'           1
988    'PGamma[2,8,1,3]'           1
989    'PGamma[2,8,2,1]'           1
990    'PGamma[2,8,2,2]'           1
991    'PGamma[2,8,2,3]'           1
992    'PGamma[2,8,3,1]'           1
993    'PGamma[2,8,3,2]'           1
994    'PGamma[2,8,3,3]'           1
995    'PGamma[2,9,1,1]'           1
996    'PGamma[2,9,1,2]'           1
997    'PGamma[2,9,1,3]'           1
998    'PGamma[2,9,2,1]'           1
999    'PGamma[2,9,2,2]'           1
1000   'PGamma[2,9,2,3]'           1
1001   'PGamma[2,9,3,1]'           1
1002   'PGamma[2,9,3,2]'           1
1003   'PGamma[2,9,3,3]'           1
1004   'PGamma[2,10,1,1]'          1
1005   'PGamma[2,10,1,2]'          1
1006   'PGamma[2,10,1,3]'          1
1007   'PGamma[2,10,2,1]'          1
1008   'PGamma[2,10,2,2]'          1
1009   'PGamma[2,10,2,3]'          1
1010   'PGamma[2,10,3,1]'          1
1011   'PGamma[2,10,3,2]'          1
1012   'PGamma[2,10,3,3]'          1
1013   'PGamma[2,11,1,1]'          1
1014   'PGamma[2,11,1,2]'          1
1015   'PGamma[2,11,1,3]'          1
1016   'PGamma[2,11,2,1]'          1
1017   'PGamma[2,11,2,2]'          1
1018   'PGamma[2,11,2,3]'          1
1019   'PGamma[2,11,3,1]'          1
1020   'PGamma[2,11,3,2]'          1
1021   'PGamma[2,11,3,3]'          1
1022   'PGamma[2,12,1,1]'          1
1023   'PGamma[2,12,1,2]'          1
1024   'PGamma[2,12,1,3]'          1
1025   'PGamma[2,12,2,1]'          1
1026   'PGamma[2,12,2,2]'          1
1027   'PGamma[2,12,2,3]'          1
1028   'PGamma[2,12,3,1]'          1
1029   'PGamma[2,12,3,2]'          1
1030   'PGamma[2,12,3,3]'          1
1031   'PGamma[2,13,1,1]'          1
1032   'PGamma[2,13,1,2]'          1
1033   'PGamma[2,13,1,3]'          1
1034   'PGamma[2,13,2,1]'          1
1035   'PGamma[2,13,2,2]'          1
1036   'PGamma[2,13,2,3]'          1
1037   'PGamma[2,13,3,1]'          1
1038   'PGamma[2,13,3,2]'          1
1039   'PGamma[2,13,3,3]'          1
1040   'PGamma[2,14,1,1]'          1
1041   'PGamma[2,14,1,2]'          1
1042   'PGamma[2,14,1,3]'          1
1043   'PGamma[2,14,2,1]'          1
1044   'PGamma[2,14,2,2]'          1
1045   'PGamma[2,14,2,3]'          1
1046   'PGamma[2,14,3,1]'          1
1047   'PGamma[2,14,3,2]'          1
1048   'PGamma[2,14,3,3]'          1
1049   'PGamma[2,15,1,1]'          1
1050   'PGamma[2,15,1,2]'          1
1051   'PGamma[2,15,1,3]'          1
1052   'PGamma[2,15,2,1]'          1
1053   'PGamma[2,15,2,2]'          1
1054   'PGamma[2,15,2,3]'          1
1055   'PGamma[2,15,3,1]'          1
1056   'PGamma[2,15,3,2]'          1
1057   'PGamma[2,15,3,3]'          1
1058   'SGamma1[1,1,1]'        1e-06
1059   'SGamma1[1,1,2]'        1e-06
1060   'SGamma1[1,1,3]'        1e-06
1061   'SGamma1[1,2,1]'        1e-06
1062   'SGamma1[1,2,2]'        1e-06
1063   'SGamma1[1,2,3]'        1e-06
1064   'SGamma1[1,3,1]'        1e-06
1065   'SGamma1[1,3,2]'        1e-06
1066   'SGamma1[1,3,3]'        1e-06
1067   'SGamma1[1,4,1]'        1e-06
1068   'SGamma1[1,4,2]'        1e-06
1069   'SGamma1[1,4,3]'        1e-06
1070   'SGamma1[1,5,1]'        1e-06
1071   'SGamma1[1,5,2]'        1e-06
1072   'SGamma1[1,5,3]'        1e-06
1073   'SGamma1[1,6,1]'        1e-06
1074   'SGamma1[1,6,2]'        1e-06
1075   'SGamma1[1,6,3]'        1e-06
1076   'SGamma1[1,7,1]'        1e-06
1077   'SGamma1[1,7,2]'        1e-06
1078   'SGamma1[1,7,3]'        1e-06
1079   'SGamma1[1,8,1]'        1e-06
1080   'SGamma1[1,8,2]'        1e-06
1081   'SGamma1[1,8,3]'        1e-06
1082   'SGamma1[1,9,1]'        1e-06
1083   'SGamma1[1,9,2]'        1e-06
1084   'SGamma1[1,9,3]'        1e-06
1085   'SGamma1[1,10,1]'       1e-06
1086   'SGamma1[1,10,2]'       1e-06
1087   'SGamma1[1,10,3]'       1e-06
1088   'SGamma1[1,11,1]'       1e-06
1089   'SGamma1[1,11,2]'       1e-06
1090   'SGamma1[1,11,3]'       1e-06
1091   'SGamma1[1,12,1]'       1e-06
1092   'SGamma1[1,12,2]'       1e-06
1093   'SGamma1[1,12,3]'       1e-06
1094   'SGamma1[1,13,1]'       1e-06
1095   'SGamma1[1,13,2]'       1e-06
1096   'SGamma1[1,13,3]'       1e-06
1097   'SGamma1[1,14,1]'       1e-06
1098   'SGamma1[1,14,2]'       1e-06
1099   'SGamma1[1,14,3]'       1e-06
1100   'SGamma1[1,15,1]'       1e-06
1101   'SGamma1[1,15,2]'       1e-06
1102   'SGamma1[1,15,3]'       1e-06
1103   'SGamma1[2,1,1]'        1e-06
1104   'SGamma1[2,1,2]'        1e-06
1105   'SGamma1[2,1,3]'        1e-06
1106   'SGamma1[2,2,1]'        1e-06
1107   'SGamma1[2,2,2]'        1e-06
1108   'SGamma1[2,2,3]'        1e-06
1109   'SGamma1[2,3,1]'        1e-06
1110   'SGamma1[2,3,2]'        1e-06
1111   'SGamma1[2,3,3]'        1e-06
1112   'SGamma1[2,4,1]'        1e-06
1113   'SGamma1[2,4,2]'        1e-06
1114   'SGamma1[2,4,3]'        1e-06
1115   'SGamma1[2,5,1]'        1e-06
1116   'SGamma1[2,5,2]'        1e-06
1117   'SGamma1[2,5,3]'        1e-06
1118   'SGamma1[2,6,1]'        1e-06
1119   'SGamma1[2,6,2]'        1e-06
1120   'SGamma1[2,6,3]'        1e-06
1121   'SGamma1[2,7,1]'        1e-06
1122   'SGamma1[2,7,2]'        1e-06
1123   'SGamma1[2,7,3]'        1e-06
1124   'SGamma1[2,8,1]'        1e-06
1125   'SGamma1[2,8,2]'        1e-06
1126   'SGamma1[2,8,3]'        1e-06
1127   'SGamma1[2,9,1]'        1e-06
1128   'SGamma1[2,9,2]'        1e-06
1129   'SGamma1[2,9,3]'        1e-06
1130   'SGamma1[2,10,1]'       1e-06
1131   'SGamma1[2,10,2]'       1e-06
1132   'SGamma1[2,10,3]'       1e-06
1133   'SGamma1[2,11,1]'       1e-06
1134   'SGamma1[2,11,2]'       1e-06
1135   'SGamma1[2,11,3]'       1e-06
1136   'SGamma1[2,12,1]'       1e-06
1137   'SGamma1[2,12,2]'       1e-06
1138   'SGamma1[2,12,3]'       1e-06
1139   'SGamma1[2,13,1]'       1e-06
1140   'SGamma1[2,13,2]'       1e-06
1141   'SGamma1[2,13,3]'       1e-06
1142   'SGamma1[2,14,1]'       1e-06
1143   'SGamma1[2,14,2]'       1e-06
1144   'SGamma1[2,14,3]'       1e-06
1145   'SGamma1[2,15,1]'       1e-06
1146   'SGamma1[2,15,2]'       1e-06
1147   'SGamma1[2,15,3]'       1e-06
1148   'SGamma2[1,1,1]'            1
1149   'SGamma2[1,1,2]'            1
1150   'SGamma2[1,1,3]'            1
1151   'SGamma2[1,2,1]'            1
1152   'SGamma2[1,2,2]'            1
1153   'SGamma2[1,2,3]'            1
1154   'SGamma2[1,3,1]'            1
1155   'SGamma2[1,3,2]'            1
1156   'SGamma2[1,3,3]'            1
1157   'SGamma2[1,4,1]'            1
1158   'SGamma2[1,4,2]'            1
1159   'SGamma2[1,4,3]'            1
1160   'SGamma2[1,5,1]'            1
1161   'SGamma2[1,5,2]'            1
1162   'SGamma2[1,5,3]'            1
1163   'SGamma2[1,6,1]'            1
1164   'SGamma2[1,6,2]'            1
1165   'SGamma2[1,6,3]'            1
1166   'SGamma2[1,7,1]'            1
1167   'SGamma2[1,7,2]'            1
1168   'SGamma2[1,7,3]'            1
1169   'SGamma2[1,8,1]'            1
1170   'SGamma2[1,8,2]'            1
1171   'SGamma2[1,8,3]'            1
1172   'SGamma2[1,9,1]'            1
1173   'SGamma2[1,9,2]'            1
1174   'SGamma2[1,9,3]'            1
1175   'SGamma2[1,10,1]'           1
1176   'SGamma2[1,10,2]'           1
1177   'SGamma2[1,10,3]'           1
1178   'SGamma2[1,11,1]'           1
1179   'SGamma2[1,11,2]'           1
1180   'SGamma2[1,11,3]'           1
1181   'SGamma2[1,12,1]'           1
1182   'SGamma2[1,12,2]'           1
1183   'SGamma2[1,12,3]'           1
1184   'SGamma2[1,13,1]'           1
1185   'SGamma2[1,13,2]'           1
1186   'SGamma2[1,13,3]'           1
1187   'SGamma2[1,14,1]'           1
1188   'SGamma2[1,14,2]'           1
1189   'SGamma2[1,14,3]'           1
1190   'SGamma2[1,15,1]'           1
1191   'SGamma2[1,15,2]'           1
1192   'SGamma2[1,15,3]'           1
1193   'SGamma2[2,1,1]'            1
1194   'SGamma2[2,1,2]'            1
1195   'SGamma2[2,1,3]'            1
1196   'SGamma2[2,2,1]'            1
1197   'SGamma2[2,2,2]'            1
1198   'SGamma2[2,2,3]'            1
1199   'SGamma2[2,3,1]'            1
1200   'SGamma2[2,3,2]'            1
1201   'SGamma2[2,3,3]'            1
1202   'SGamma2[2,4,1]'            1
1203   'SGamma2[2,4,2]'            1
1204   'SGamma2[2,4,3]'            1
1205   'SGamma2[2,5,1]'            1
1206   'SGamma2[2,5,2]'            1
1207   'SGamma2[2,5,3]'            1
1208   'SGamma2[2,6,1]'            1
1209   'SGamma2[2,6,2]'            1
1210   'SGamma2[2,6,3]'            1
1211   'SGamma2[2,7,1]'            1
1212   'SGamma2[2,7,2]'            1
1213   'SGamma2[2,7,3]'            1
1214   'SGamma2[2,8,1]'            1
1215   'SGamma2[2,8,2]'            1
1216   'SGamma2[2,8,3]'            1
1217   'SGamma2[2,9,1]'            1
1218   'SGamma2[2,9,2]'            1
1219   'SGamma2[2,9,3]'            1
1220   'SGamma2[2,10,1]'           1
1221   'SGamma2[2,10,2]'           1
1222   'SGamma2[2,10,3]'           1
1223   'SGamma2[2,11,1]'           1
1224   'SGamma2[2,11,2]'           1
1225   'SGamma2[2,11,3]'           1
1226   'SGamma2[2,12,1]'           1
1227   'SGamma2[2,12,2]'           1
1228   'SGamma2[2,12,3]'           1
1229   'SGamma2[2,13,1]'           1
1230   'SGamma2[2,13,2]'           1
1231   'SGamma2[2,13,3]'           1
1232   'SGamma2[2,14,1]'           1
1233   'SGamma2[2,14,2]'           1
1234   'SGamma2[2,14,3]'           1
1235   'SGamma2[2,15,1]'           1
1236   'SGamma2[2,15,2]'           1
1237   'SGamma2[2,15,3]'           1
1238   'gamma[1,1,1]'              1
1239   'gamma[1,1,2]'              1
1240   'gamma[1,1,3]'              1
1241   'gamma[1,2,1]'              1
1242   'gamma[1,2,2]'              1
1243   'gamma[1,2,3]'              1
1244   'gamma[1,3,1]'              1
1245   'gamma[1,3,2]'              1
1246   'gamma[1,3,3]'              1
1247   'gamma[1,4,1]'              1
1248   'gamma[1,4,2]'              1
1249   'gamma[1,4,3]'              1
1250   'gamma[1,5,1]'              1
1251   'gamma[1,5,2]'              1
1252   'gamma[1,5,3]'              1
1253   'gamma[1,6,1]'              1
1254   'gamma[1,6,2]'              1
1255   'gamma[1,6,3]'              1
1256   'gamma[1,7,1]'              1
1257   'gamma[1,7,2]'              1
1258   'gamma[1,7,3]'              1
1259   'gamma[1,8,1]'              1
1260   'gamma[1,8,2]'              1
1261   'gamma[1,8,3]'              1
1262   'gamma[1,9,1]'              1
1263   'gamma[1,9,2]'              1
1264   'gamma[1,9,3]'              1
1265   'gamma[1,10,1]'             1
1266   'gamma[1,10,2]'             1
1267   'gamma[1,10,3]'             1
1268   'gamma[1,11,1]'             1
1269   'gamma[1,11,2]'             1
1270   'gamma[1,11,3]'             1
1271   'gamma[1,12,1]'             1
1272   'gamma[1,12,2]'             1
1273   'gamma[1,12,3]'             1
1274   'gamma[1,13,1]'             1
1275   'gamma[1,13,2]'             1
1276   'gamma[1,13,3]'             1
1277   'gamma[1,14,1]'             1
1278   'gamma[1,14,2]'             1
1279   'gamma[1,14,3]'             1
1280   'gamma[1,15,1]'             1
1281   'gamma[1,15,2]'             1
1282   'gamma[1,15,3]'             1
1283   'gamma[2,1,1]'              1
1284   'gamma[2,1,2]'              1
1285   'gamma[2,1,3]'              1
1286   'gamma[2,2,1]'              1
1287   'gamma[2,2,2]'              1
1288   'gamma[2,2,3]'              1
1289   'gamma[2,3,1]'              1
1290   'gamma[2,3,2]'              1
1291   'gamma[2,3,3]'              1
1292   'gamma[2,4,1]'              1
1293   'gamma[2,4,2]'              1
1294   'gamma[2,4,3]'              1
1295   'gamma[2,5,1]'              1
1296   'gamma[2,5,2]'              1
1297   'gamma[2,5,3]'              1
1298   'gamma[2,6,1]'              1
1299   'gamma[2,6,2]'              1
1300   'gamma[2,6,3]'              1
1301   'gamma[2,7,1]'              1
1302   'gamma[2,7,2]'              1
1303   'gamma[2,7,3]'              1
1304   'gamma[2,8,1]'              1
1305   'gamma[2,8,2]'              1
1306   'gamma[2,8,3]'              1
1307   'gamma[2,9,1]'              1
1308   'gamma[2,9,2]'              1
1309   'gamma[2,9,3]'              1
1310   'gamma[2,10,1]'             1
1311   'gamma[2,10,2]'             1
1312   'gamma[2,10,3]'             1
1313   'gamma[2,11,1]'             1
1314   'gamma[2,11,2]'             1
1315   'gamma[2,11,3]'             1
1316   'gamma[2,12,1]'             1
1317   'gamma[2,12,2]'             1
1318   'gamma[2,12,3]'             1
1319   'gamma[2,13,1]'             1
1320   'gamma[2,13,2]'             1
1321   'gamma[2,13,3]'             1
1322   'gamma[2,14,1]'             1
1323   'gamma[2,14,2]'             1
1324   'gamma[2,14,3]'             1
1325   'gamma[2,15,1]'             1
1326   'gamma[2,15,2]'             1
1327   'gamma[2,15,3]'             1
1328   'PrS[1,1,1]'           101509
1329   'PrS[1,1,2]'            38977.9
1330   'PrS[1,1,3]'            16914.6
1331   'PrS[1,2,1]'            91652.8
1332   'PrS[1,2,2]'            34767.1
1333   'PrS[1,2,3]'            14906.1
1334   'PrS[1,3,1]'            84559.4
1335   'PrS[1,3,2]'            31770.1
1336   'PrS[1,3,3]'            13491.4
1337   'PrS[1,4,1]'            77425
1338   'PrS[1,4,2]'            28786.1
1339   'PrS[1,4,3]'            12096.3
1340   'PrS[1,5,1]'            69658
1341   'PrS[1,5,2]'            25574.9
1342   'PrS[1,5,3]'            10611.7
1343   'PrS[1,6,1]'            62236.7
1344   'PrS[1,6,2]'            22546.7
1345   'PrS[1,6,3]'             9229.28
1346   'PrS[1,7,1]'            56378.7
1347   'PrS[1,7,2]'            20186.5
1348   'PrS[1,7,3]'             8165.06
1349   'PrS[1,8,1]'            52482.5
1350   'PrS[1,8,2]'            18632.7
1351   'PrS[1,8,3]'             7471.46
1352   'PrS[1,9,1]'            41293.3
1353   'PrS[1,9,2]'            14250.6
1354   'PrS[1,9,3]'             5549.8
1355   'PrS[1,10,1]'           35450.3
1356   'PrS[1,10,2]'           12016
1357   'PrS[1,10,3]'            4592.89
1358   'PrS[1,11,1]'           32657.7
1359   'PrS[1,11,2]'           10963
1360   'PrS[1,11,3]'            4148.37
1361   'PrS[1,12,1]'           31384.4
1362   'PrS[1,12,2]'           10486.4
1363   'PrS[1,12,3]'            3948.64
1364   'PrS[1,13,1]'           30819.7
1365   'PrS[1,13,2]'           10275.8
1366   'PrS[1,13,3]'            3860.69
1367   'PrS[1,14,1]'           30573.2
1368   'PrS[1,14,2]'           10184
1369   'PrS[1,14,3]'            3822.41
1370   'PrS[1,15,1]'           30466.5
1371   'PrS[1,15,2]'           10144.3
1372   'PrS[1,15,3]'            3805.86
1373   'PrS[2,1,1]'           162729
1374   'PrS[2,1,2]'            66110.3
1375   'PrS[2,1,3]'            30309.6
1376   'PrS[2,2,1]'           162283
1377   'PrS[2,2,2]'            65907.3
1378   'PrS[2,2,3]'            30207
1379   'PrS[2,3,1]'           161325
1380   'PrS[2,3,2]'            65471.9
1381   'PrS[2,3,3]'            29987.1
1382   'PrS[2,4,1]'           159309
1383   'PrS[2,4,2]'            64556.3
1384   'PrS[2,4,3]'            29525
1385   'PrS[2,5,1]'           155225
1386   'PrS[2,5,2]'            62706.6
1387   'PrS[2,5,3]'            28593.5
1388   'PrS[2,6,1]'           147625
1389   'PrS[2,6,2]'            59279
1390   'PrS[2,6,3]'            26874.5
1391   'PrS[2,7,1]'           135270
1392   'PrS[2,7,2]'            53753.2
1393   'PrS[2,7,3]'            24123.9
1394   'PrS[2,8,1]'           119269
1395   'PrS[2,8,2]'            46687.4
1396   'PrS[2,8,3]'            20647.6
1397   'PrS[2,9,1]'           103820
1398   'PrS[2,9,2]'            39972.2
1399   'PrS[2,9,3]'            17392.2
1400   'PrS[2,10,1]'           92667.8
1401   'PrS[2,10,2]'           35198.3
1402   'PrS[2,10,3]'           15110.7
1403   'PrS[2,11,1]'           86046.4
1404   'PrS[2,11,2]'           32396
1405   'PrS[2,11,3]'           13785.7
1406   'PrS[2,12,1]'           81999.7
1407   'PrS[2,12,2]'           30695.9
1408   'PrS[2,12,3]'           12987.6
1409   'PrS[2,13,1]'           78100.3
1410   'PrS[2,13,2]'           29067.1
1411   'PrS[2,13,3]'           12227.1
1412   'PrS[2,14,1]'           71793.3
1413   'PrS[2,14,2]'           26453.7
1414   'PrS[2,14,3]'           11016.2
1415   'PrS[2,15,1]'           61194.2
1416   'PrS[2,15,2]'           22124.6
1417   'PrS[2,15,3]'            9038.08
1418   'PrSF[1]'               62118.8
1419   'PrSF[2]'               22498.9
1420   'PrSF[3]'                9207.62
1421   Vap                     94700.3
1422   Sep                        65.4869
;

