solve_message = 'CONOPT 3.17A: Locally optimal; objective 539.900821938294\
21 iterations; evals: nf = 7, ng = 0, nc = 646, nJ = 47, nH = 0, nHv = 0'

:           _varname              _var          :=
1      'F[2]'                    0
2      'F[3]'                    0
3      'F[4]'                    0
4      'F[5]'                    0
5      'F[6]'                    0
6      'F[7]'                    0
7      'F[8]'                    0
8      'F[9]'                    0
9      'F[10]'                   0
10     'F[11]'                   0
11     'F[12]'                   0
12     'F[13]'                   0
13     'F[14]'                   0
14     'F[15]'                 200
15     'F[16]'                   0
16     'F[17]'                   0
17     'F[18]'                   0
18     'F[19]'                   0
19     'F[20]'                   0
20     'F[21]'                   0
21     'F[22]'                   0
22     'F[23]'                   0
23     'F[24]'                   0
24     'F[25]'                   0
25     'F[26]'                   0
26     'F[27]'                   0
27     'F[28]'                   0
28     'F[29]'                   0
29     'V[1]'                  539.901
30     'V[2]'                  540.291
31     'V[3]'                  540.777
32     'V[4]'                  541.372
33     'V[5]'                  542.081
34     'V[6]'                  542.898
35     'V[7]'                  543.801
36     'V[8]'                  544.752
37     'V[9]'                  545.699
38     'V[10]'                 546.579
39     'V[11]'                 547.321
40     'V[12]'                 547.828
41     'V[13]'                 547.962
42     'V[14]'                 547.596
43     'V[15]'                 547.573
44     'V[16]'                 548.01
45     'V[17]'                 548.469
46     'V[18]'                 548.945
47     'V[19]'                 549.428
48     'V[20]'                 549.912
49     'V[21]'                 550.388
50     'V[22]'                 550.849
51     'V[23]'                 551.29
52     'V[24]'                 551.705
53     'V[25]'                 552.087
54     'V[26]'                 552.429
55     'V[27]'                 552.719
56     'V[28]'                 552.993
57     'V[29]'                 553.632
58     'V[30]'                   0
59     'y[1,1]'                  1.75882e-07
60     'y[1,2]'                  0.0920064
61     'y[1,3]'                  0.907993
62     'y[2,1]'                  5.46332e-07
63     'y[2,2]'                  0.124168
64     'y[2,3]'                  0.875831
65     'y[3,1]'                  1.63873e-06
66     'y[3,2]'                  0.162474
67     'y[3,3]'                  0.837524
68     'y[4,1]'                  4.80674e-06
69     'y[4,2]'                  0.206921
70     'y[4,3]'                  0.793074
71     'y[5,1]'                  1.38202e-05
72     'y[5,2]'                  0.256911
73     'y[5,3]'                  0.743076
74     'y[6,1]'                  3.89296e-05
75     'y[6,2]'                  0.311142
76     'y[6,3]'                  0.688819
77     'y[7,1]'                  0.000107338
78     'y[7,2]'                  0.367661
79     'y[7,3]'                  0.632231
80     'y[8,1]'                  0.000289581
81     'y[8,2]'                  0.424085
82     'y[8,3]'                  0.575625
83     'y[9,1]'                  0.000764755
84     'y[9,2]'                  0.477952
85     'y[9,3]'                  0.521284
86     'y[10,1]'                 0.00197911
87     'y[10,2]'                 0.527004
88     'y[10,3]'                 0.471017
89     'y[11,1]'                 0.00502434
90     'y[11,2]'                 0.569186
91     'y[11,3]'                 0.425789
92     'y[12,1]'                 0.0125108
93     'y[12,2]'                 0.602061
94     'y[12,3]'                 0.385428
95     'y[13,1]'                 0.0304428
96     'y[13,2]'                 0.621276
97     'y[13,3]'                 0.348281
98     'y[14,1]'                 0.0715487
99     'y[14,2]'                 0.617757
100    'y[14,3]'                 0.310694
101    'y[15,1]'                 0.158122
102    'y[15,2]'                 0.575066
103    'y[15,3]'                 0.266812
104    'y[16,1]'                 0.158573
105    'y[16,2]'                 0.592618
106    'y[16,3]'                 0.248809
107    'y[17,1]'                 0.159025
108    'y[17,2]'                 0.61085
109    'y[17,3]'                 0.230124
110    'y[18,1]'                 0.159469
111    'y[18,2]'                 0.629489
112    'y[18,3]'                 0.211042
113    'y[19,1]'                 0.159897
114    'y[19,2]'                 0.648242
115    'y[19,3]'                 0.19186
116    'y[20,1]'                 0.160308
117    'y[20,2]'                 0.666823
118    'y[20,3]'                 0.172869
119    'y[21,1]'                 0.160705
120    'y[21,2]'                 0.684958
121    'y[21,3]'                 0.154337
122    'y[22,1]'                 0.161114
123    'y[22,2]'                 0.702394
124    'y[22,3]'                 0.136491
125    'y[23,1]'                 0.161611
126    'y[23,2]'                 0.718879
127    'y[23,3]'                 0.11951
128    'y[24,1]'                 0.162411
129    'y[24,2]'                 0.734077
130    'y[24,3]'                 0.103512
131    'y[25,1]'                 0.164111
132    'y[25,2]'                 0.747348
133    'y[25,3]'                 0.0885409
134    'y[26,1]'                 0.168336
135    'y[26,2]'                 0.757116
136    'y[26,3]'                 0.0745477
137    'y[27,1]'                 0.179428
138    'y[27,2]'                 0.759237
139    'y[27,3]'                 0.0613348
140    'y[28,1]'                 0.208438
141    'y[28,2]'                 0.743083
142    'y[28,3]'                 0.0484792
143    'y[29,1]'                 0.280016
144    'y[29,2]'                 0.684656
145    'y[29,3]'                 0.0353284
146    'y[30,1]'                 0.431655
147    'y[30,2]'                 0.546763
148    'y[30,3]'                 0.0215827
149    'L[1]'                    0
150    'L[2]'                  600.901
151    'L[3]'                  601.291
152    'L[4]'                  601.777
153    'L[5]'                  602.372
154    'L[6]'                  603.081
155    'L[7]'                  603.898
156    'L[8]'                  604.801
157    'L[9]'                  605.752
158    'L[10]'                 606.699
159    'L[11]'                 607.579
160    'L[12]'                 608.321
161    'L[13]'                 608.828
162    'L[14]'                 608.962
163    'L[15]'                 608.596
164    'L[16]'                 408.573
165    'L[17]'                 409.01
166    'L[18]'                 409.469
167    'L[19]'                 409.945
168    'L[20]'                 410.428
169    'L[21]'                 410.912
170    'L[22]'                 411.388
171    'L[23]'                 411.849
172    'L[24]'                 412.29
173    'L[25]'                 412.705
174    'L[26]'                 413.087
175    'L[27]'                 413.429
176    'L[28]'                 413.719
177    'L[29]'                 413.993
178    'L[30]'                 414.632
179    'x[1,1]'                  5.20232e-08
180    'x[1,2]'                  0.0655738
181    'x[1,3]'                  0.934426
182    'x[2,1]'                  1.63309e-07
183    'x[2,2]'                  0.0893231
184    'x[2,3]'                  0.910677
185    'x[3,1]'                  4.96185e-07
186    'x[3,2]'                  0.118224
187    'x[3,3]'                  0.881776
188    'x[4,1]'                  1.47789e-06
189    'x[4,2]'                  0.152652
190    'x[4,3]'                  0.847347
191    'x[5,1]'                  4.32525e-06
192    'x[5,2]'                  0.192607
193    'x[5,3]'                  0.807388
194    'x[6,1]'                  1.24276e-05
195    'x[6,2]'                  0.237557
196    'x[6,3]'                  0.76243
197    'x[7,1]'                  3.50026e-05
198    'x[7,2]'                  0.286337
199    'x[7,3]'                  0.713628
200    'x[8,1]'                  9.65169e-05
201    'x[8,2]'                  0.337193
202    'x[8,3]'                  0.662711
203    'x[9,1]'                  0.000260425
204    'x[9,2]'                  0.387983
205    'x[9,3]'                  0.611757
206    'x[10,1]'                 0.000687868
207    'x[10,2]'                 0.436489
208    'x[10,3]'                 0.562823
209    'x[11,1]'                 0.00178042
210    'x[11,2]'                 0.480677
211    'x[11,3]'                 0.517543
212    'x[12,1]'                 0.00452052
213    'x[12,2]'                 0.518686
214    'x[12,3]'                 0.476794
215    'x[13,1]'                 0.0112573
216    'x[13,2]'                 0.548309
217    'x[13,3]'                 0.440433
218    'x[14,1]'                 0.0273933
219    'x[14,2]'                 0.565611
220    'x[14,3]'                 0.406995
221    'x[15,1]'                 0.0643773
222    'x[15,2]'                 0.562412
223    'x[15,3]'                 0.373211
224    'x[16,1]'                 0.0650638
225    'x[16,2]'                 0.584695
226    'x[16,3]'                 0.350241
227    'x[17,1]'                 0.0657681
228    'x[17,2]'                 0.608202
229    'x[17,3]'                 0.32603
230    'x[18,1]'                 0.0664773
231    'x[18,2]'                 0.632606
232    'x[18,3]'                 0.300917
233    'x[19,1]'                 0.0671786
234    'x[19,2]'                 0.657539
235    'x[19,3]'                 0.275283
236    'x[20,1]'                 0.0678612
237    'x[20,2]'                 0.682611
238    'x[20,3]'                 0.249528
239    'x[21,1]'                 0.068519
240    'x[21,2]'                 0.707436
241    'x[21,3]'                 0.224045
242    'x[22,1]'                 0.0691569
243    'x[22,2]'                 0.731651
244    'x[22,3]'                 0.199192
245    'x[23,1]'                 0.0698064
246    'x[23,2]'                 0.75492
247    'x[23,3]'                 0.175273
248    'x[24,1]'                 0.0705682
249    'x[24,2]'                 0.776906
250    'x[24,3]'                 0.152526
251    'x[25,1]'                 0.0717296
252    'x[25,2]'                 0.797165
253    'x[25,3]'                 0.131105
254    'x[26,1]'                 0.0740856
255    'x[26,2]'                 0.814843
256    'x[26,3]'                 0.111072
257    'x[27,1]'                 0.0798049
258    'x[27,2]'                 0.82784
259    'x[27,3]'                 0.0923553
260    'x[28,1]'                 0.0946859
261    'x[28,2]'                 0.830624
262    'x[28,3]'                 0.0746905
263    'x[29,1]'                 0.133492
264    'x[29,2]'                 0.808998
265    'x[29,3]'                 0.0575098
266    'x[30,1]'                 0.229181
267    'x[30,2]'                 0.730882
268    'x[30,3]'                 0.0399365
269    PC                      139
270    PR                       61
271    'T[1]'                  390.246
272    'T[2]'                  389.955
273    'T[3]'                  389.603
274    'T[4]'                  389.187
275    'T[5]'                  388.709
276    'T[6]'                  388.18
277    'T[7]'                  387.615
278    'T[8]'                  387.037
279    'T[9]'                  386.468
280    'T[10]'                 385.924
281    'T[11]'                 385.4
282    'T[12]'                 384.86
283    'T[13]'                 384.196
284    'T[14]'                 383.166
285    'T[15]'                 381.312
286    'T[16]'                 381.092
287    'T[17]'                 380.864
288    'T[18]'                 380.632
289    'T[19]'                 380.399
290    'T[20]'                 380.169
291    'T[21]'                 379.946
292    'T[22]'                 379.731
293    'T[23]'                 379.526
294    'T[24]'                 379.328
295    'T[25]'                 379.127
296    'T[26]'                 378.893
297    'T[27]'                 378.546
298    'T[28]'                 377.877
299    'T[29]'                 376.388
300    'T[30]'                 373.143
301    TF                      372.396
302    QC                     6402.63
303    QR                     6479.19
304    'H[1,1]'                  2.49348
305    'H[1,2]'                  1.4246
306    'H[1,3]'                  3.00856
307    'H[2,1]'                  2.48488
308    'H[2,2]'                  1.42088
309    'H[2,3]'                  2.99811
310    'H[3,1]'                  2.47447
311    'H[3,2]'                  1.41637
312    'H[3,3]'                  2.98548
313    'H[4,1]'                  2.46217
314    'H[4,2]'                  1.41103
315    'H[4,3]'                  2.97056
316    'H[5,1]'                  2.44807
317    'H[5,2]'                  1.40489
318    'H[5,3]'                  2.95344
319    'H[6,1]'                  2.43246
320    'H[6,2]'                  1.39807
321    'H[6,3]'                  2.93449
322    'H[7,1]'                  2.41582
323    'H[7,2]'                  1.39079
324    'H[7,3]'                  2.9143
325    'H[8,1]'                  2.39881
326    'H[8,2]'                  1.38332
327    'H[8,3]'                  2.89367
328    'H[9,1]'                  2.3821
329    'H[9,2]'                  1.37595
330    'H[9,3]'                  2.87339
331    'H[10,1]'                 2.36611
332    'H[10,2]'                 1.36888
333    'H[10,3]'                 2.854
334    'H[11,1]'                 2.35077
335    'H[11,2]'                 1.36207
336    'H[11,3]'                 2.83538
337    'H[12,1]'                 2.33494
338    'H[12,2]'                 1.35503
339    'H[12,3]'                 2.81619
340    'H[13,1]'                 2.3155
341    'H[13,2]'                 1.34634
342    'H[13,3]'                 2.79261
343    'H[14,1]'                 2.28542
344    'H[14,2]'                 1.33284
345    'H[14,3]'                 2.75614
346    'H[15,1]'                 2.23141
347    'H[15,2]'                 1.30839
348    'H[15,3]'                 2.69066
349    'H[16,1]'                 2.22502
350    'H[16,2]'                 1.30548
351    'H[16,3]'                 2.68291
352    'H[17,1]'                 2.2184
353    'H[17,2]'                 1.30246
354    'H[17,3]'                 2.67489
355    'H[18,1]'                 2.21166
356    'H[18,2]'                 1.29938
357    'H[18,3]'                 2.66672
358    'H[19,1]'                 2.2049
359    'H[19,2]'                 1.29629
360    'H[19,3]'                 2.65853
361    'H[20,1]'                 2.19824
362    'H[20,2]'                 1.29324
363    'H[20,3]'                 2.65046
364    'H[21,1]'                 2.19176
365    'H[21,2]'                 1.29027
366    'H[21,3]'                 2.64261
367    'H[22,1]'                 2.18554
368    'H[22,2]'                 1.28742
369    'H[22,3]'                 2.63507
370    'H[23,1]'                 2.1796
371    'H[23,2]'                 1.28468
372    'H[23,3]'                 2.62787
373    'H[24,1]'                 2.17386
374    'H[24,2]'                 1.28204
375    'H[24,3]'                 2.62091
376    'H[25,1]'                 2.16803
377    'H[25,2]'                 1.27936
378    'H[25,3]'                 2.61385
379    'H[26,1]'                 2.16126
380    'H[26,2]'                 1.27623
381    'H[26,3]'                 2.60565
382    'H[27,1]'                 2.15124
383    'H[27,2]'                 1.2716
384    'H[27,3]'                 2.59351
385    'H[28,1]'                 2.13191
386    'H[28,2]'                 1.26264
387    'H[28,3]'                 2.57009
388    'H[29,1]'                 2.08896
389    'H[29,2]'                 1.2426
390    'H[29,3]'                 2.51808
391    'H[30,1]'                 1.99582
392    'H[30,2]'                 1.19853
393    'H[30,3]'                 2.40531
394    'HF[1]'                   1.97448
395    'HF[2]'                   1.18831
396    'HF[3]'                   2.37948
397    'h[1,1]'                 -7.40799
398    'h[1,2]'                 -9.85669
399    'h[1,3]'                 -9.0413
400    'h[2,1]'                 -7.42617
401    'h[2,2]'                 -9.87092
402    'h[2,3]'                 -9.06117
403    'h[3,1]'                 -7.44815
404    'h[3,2]'                 -9.88813
405    'h[3,3]'                 -9.0852
406    'h[4,1]'                 -7.47409
407    'h[4,2]'                 -9.90846
408    'h[4,3]'                 -9.11357
409    'h[5,1]'                 -7.50381
410    'h[5,2]'                 -9.93179
411    'h[5,3]'                 -9.14608
412    'h[6,1]'                 -7.53671
413    'h[6,2]'                 -9.95764
414    'h[6,3]'                 -9.18207
415    'h[7,1]'                 -7.57173
416    'h[7,2]'                 -9.98519
417    'h[7,3]'                 -9.22039
418    'h[8,1]'                 -7.60749
419    'h[8,2]'                -10.0134
420    'h[8,3]'                 -9.25952
421    'h[9,1]'                 -7.6426
422    'h[9,2]'                -10.041
423    'h[9,3]'                 -9.29796
424    'h[10,1]'                -7.67616
425    'h[10,2]'               -10.0676
426    'h[10,3]'                -9.3347
427    'h[11,1]'                -7.70834
428    'h[11,2]'               -10.093
429    'h[11,3]'                -9.36994
430    'h[12,1]'                -7.74151
431    'h[12,2]'               -10.1193
432    'h[12,3]'                -9.40626
433    'h[13,1]'                -7.7822
434    'h[13,2]'               -10.1515
435    'h[13,3]'                -9.45084
436    'h[14,1]'                -7.8451
437    'h[14,2]'               -10.2015
438    'h[14,3]'                -9.51976
439    'h[15,1]'                -7.95778
440    'h[15,2]'               -10.2913
441    'h[15,3]'                -9.64329
442    'h[16,1]'                -7.9711
443    'h[16,2]'               -10.302
444    'h[16,3]'                -9.65789
445    'h[17,1]'                -7.98489
446    'h[17,2]'               -10.313
447    'h[17,3]'                -9.67302
448    'h[18,1]'                -7.99893
449    'h[18,2]'               -10.3242
450    'h[18,3]'                -9.68841
451    'h[19,1]'                -8.01299
452    'h[19,2]'               -10.3355
453    'h[19,3]'                -9.70383
454    'h[20,1]'                -8.02685
455    'h[20,2]'               -10.3466
456    'h[20,3]'                -9.71903
457    'h[21,1]'                -8.04031
458    'h[21,2]'               -10.3573
459    'h[21,3]'                -9.7338
460    'h[22,1]'                -8.05325
461    'h[22,2]'               -10.3677
462    'h[22,3]'                -9.74799
463    'h[23,1]'                -8.06561
464    'h[23,2]'               -10.3776
465    'h[23,3]'                -9.76155
466    'h[24,1]'                -8.07754
467    'h[24,2]'               -10.3872
468    'h[24,3]'                -9.77464
469    'h[25,1]'                -8.08964
470    'h[25,2]'               -10.3969
471    'h[25,3]'                -9.78792
472    'h[26,1]'                -8.10369
473    'h[26,2]'               -10.4082
474    'h[26,3]'                -9.80333
475    'h[27,1]'                -8.12451
476    'h[27,2]'               -10.4249
477    'h[27,3]'                -9.82617
478    'h[28,1]'                -8.1646
479    'h[28,2]'               -10.4572
480    'h[28,3]'                -9.87017
481    'h[29,1]'                -8.25355
482    'h[29,2]'               -10.5289
483    'h[29,3]'                -9.96782
484    'h[30,1]'                -8.44586
485    'h[30,2]'               -10.685
486    'h[30,3]'               -10.179
487    'hF[1]'                  -8.4898
488    'hF[2]'                 -10.7208
489    'hF[3]'                 -10.2273
490    'tauGamma[1,1,1]'     1e-06
491    'tauGamma[1,1,2]'        -0.367666
492    'tauGamma[1,1,3]'     1e-06
493    'tauGamma[1,2,1]'         0.386095
494    'tauGamma[1,2,2]'     1e-06
495    'tauGamma[1,2,3]'         0.205054
496    'tauGamma[1,3,1]'     1e-06
497    'tauGamma[1,3,2]'        -0.180001
498    'tauGamma[1,3,3]'     1e-06
499    'tauGamma[2,1,1]'     1e-06
500    'tauGamma[2,1,2]'        -0.367941
501    'tauGamma[2,1,3]'     1e-06
502    'tauGamma[2,2,1]'         0.386383
503    'tauGamma[2,2,2]'     1e-06
504    'tauGamma[2,2,3]'         0.201712
505    'tauGamma[2,3,1]'     1e-06
506    'tauGamma[2,3,2]'        -0.175496
507    'tauGamma[2,3,3]'     1e-06
508    'tauGamma[3,1,1]'     1e-06
509    'tauGamma[3,1,2]'        -0.368273
510    'tauGamma[3,1,3]'     1e-06
511    'tauGamma[3,2,1]'         0.386732
512    'tauGamma[3,2,2]'     1e-06
513    'tauGamma[3,2,3]'         0.19766
514    'tauGamma[3,3,1]'     1e-06
515    'tauGamma[3,3,2]'        -0.170034
516    'tauGamma[3,3,3]'     1e-06
517    'tauGamma[4,1,1]'     1e-06
518    'tauGamma[4,1,2]'        -0.368667
519    'tauGamma[4,1,3]'     1e-06
520    'tauGamma[4,2,1]'         0.387146
521    'tauGamma[4,2,2]'     1e-06
522    'tauGamma[4,2,3]'         0.192861
523    'tauGamma[4,3,1]'     1e-06
524    'tauGamma[4,3,2]'        -0.163566
525    'tauGamma[4,3,3]'     1e-06
526    'tauGamma[5,1,1]'     1e-06
527    'tauGamma[5,1,2]'        -0.36912
528    'tauGamma[5,1,3]'     1e-06
529    'tauGamma[5,2,1]'         0.387622
530    'tauGamma[5,2,2]'     1e-06
531    'tauGamma[5,2,3]'         0.187341
532    'tauGamma[5,3,1]'     1e-06
533    'tauGamma[5,3,2]'        -0.156125
534    'tauGamma[5,3,3]'     1e-06
535    'tauGamma[6,1,1]'     1e-06
536    'tauGamma[6,1,2]'        -0.369624
537    'tauGamma[6,1,3]'     1e-06
538    'tauGamma[6,2,1]'         0.388151
539    'tauGamma[6,2,2]'     1e-06
540    'tauGamma[6,2,3]'         0.181203
541    'tauGamma[6,3,1]'     1e-06
542    'tauGamma[6,3,2]'        -0.147852
543    'tauGamma[6,3,3]'     1e-06
544    'tauGamma[7,1,1]'     1e-06
545    'tauGamma[7,1,2]'        -0.370162
546    'tauGamma[7,1,3]'     1e-06
547    'tauGamma[7,2,1]'         0.388716
548    'tauGamma[7,2,2]'     1e-06
549    'tauGamma[7,2,3]'         0.174639
550    'tauGamma[7,3,1]'     1e-06
551    'tauGamma[7,3,2]'        -0.139005
552    'tauGamma[7,3,3]'     1e-06
553    'tauGamma[8,1,1]'     1e-06
554    'tauGamma[8,1,2]'        -0.370715
555    'tauGamma[8,1,3]'     1e-06
556    'tauGamma[8,2,1]'         0.389297
557    'tauGamma[8,2,2]'     1e-06
558    'tauGamma[8,2,3]'         0.167904
559    'tauGamma[8,3,1]'     1e-06
560    'tauGamma[8,3,2]'        -0.129926
561    'tauGamma[8,3,3]'     1e-06
562    'tauGamma[9,1,1]'     1e-06
563    'tauGamma[9,1,2]'        -0.371261
564    'tauGamma[9,1,3]'     1e-06
565    'tauGamma[9,2,1]'         0.38987
566    'tauGamma[9,2,2]'     1e-06
567    'tauGamma[9,2,3]'         0.161256
568    'tauGamma[9,3,1]'     1e-06
569    'tauGamma[9,3,2]'        -0.120965
570    'tauGamma[9,3,3]'     1e-06
571    'tauGamma[10,1,1]'    1e-06
572    'tauGamma[10,1,2]'       -0.371785
573    'tauGamma[10,1,3]'    1e-06
574    'tauGamma[10,2,1]'        0.39042
575    'tauGamma[10,2,2]'    1e-06
576    'tauGamma[10,2,3]'        0.154872
577    'tauGamma[10,3,1]'    1e-06
578    'tauGamma[10,3,2]'       -0.112361
579    'tauGamma[10,3,3]'    1e-06
580    'tauGamma[11,1,1]'    1e-06
581    'tauGamma[11,1,2]'       -0.37229
582    'tauGamma[11,1,3]'    1e-06
583    'tauGamma[11,2,1]'        0.39095
584    'tauGamma[11,2,2]'    1e-06
585    'tauGamma[11,2,3]'        0.148721
586    'tauGamma[11,3,1]'    1e-06
587    'tauGamma[11,3,2]'       -0.104069
588    'tauGamma[11,3,3]'    1e-06
589    'tauGamma[12,1,1]'    1e-06
590    'tauGamma[12,1,2]'       -0.372812
591    'tauGamma[12,1,3]'    1e-06
592    'tauGamma[12,2,1]'        0.391499
593    'tauGamma[12,2,2]'    1e-06
594    'tauGamma[12,2,3]'        0.142353
595    'tauGamma[12,3,1]'    1e-06
596    'tauGamma[12,3,2]'       -0.0954862
597    'tauGamma[12,3,3]'    1e-06
598    'tauGamma[13,1,1]'    1e-06
599    'tauGamma[13,1,2]'       -0.373457
600    'tauGamma[13,1,3]'    1e-06
601    'tauGamma[13,2,1]'        0.392176
602    'tauGamma[13,2,2]'    1e-06
603    'tauGamma[13,2,3]'        0.134497
604    'tauGamma[13,3,1]'    1e-06
605    'tauGamma[13,3,2]'       -0.0848972
606    'tauGamma[13,3,3]'    1e-06
607    'tauGamma[14,1,1]'    1e-06
608    'tauGamma[14,1,2]'       -0.37446
609    'tauGamma[14,1,3]'    1e-06
610    'tauGamma[14,2,1]'        0.39323
611    'tauGamma[14,2,2]'    1e-06
612    'tauGamma[14,2,3]'        0.122267
613    'tauGamma[14,3,1]'    1e-06
614    'tauGamma[14,3,2]'       -0.0684118
615    'tauGamma[14,3,3]'    1e-06
616    'tauGamma[15,1,1]'    1e-06
617    'tauGamma[15,1,2]'       -0.376281
618    'tauGamma[15,1,3]'    1e-06
619    'tauGamma[15,2,1]'        0.395142
620    'tauGamma[15,2,2]'    1e-06
621    'tauGamma[15,2,3]'        0.100079
622    'tauGamma[15,3,1]'    1e-06
623    'tauGamma[15,3,2]'       -0.0385045
624    'tauGamma[15,3,3]'    1e-06
625    'tauGamma[16,1,1]'    1e-06
626    'tauGamma[16,1,2]'       -0.376499
627    'tauGamma[16,1,3]'    1e-06
628    'tauGamma[16,2,1]'        0.39537
629    'tauGamma[16,2,2]'    1e-06
630    'tauGamma[16,2,3]'        0.0974327
631    'tauGamma[16,3,1]'    1e-06
632    'tauGamma[16,3,2]'       -0.0349373
633    'tauGamma[16,3,3]'    1e-06
634    'tauGamma[17,1,1]'    1e-06
635    'tauGamma[17,1,2]'       -0.376724
636    'tauGamma[17,1,3]'    1e-06
637    'tauGamma[17,2,1]'        0.395607
638    'tauGamma[17,2,2]'    1e-06
639    'tauGamma[17,2,3]'        0.0946875
640    'tauGamma[17,3,1]'    1e-06
641    'tauGamma[17,3,2]'       -0.031237
642    'tauGamma[17,3,3]'    1e-06
643    'tauGamma[18,1,1]'    1e-06
644    'tauGamma[18,1,2]'       -0.376954
645    'tauGamma[18,1,3]'    1e-06
646    'tauGamma[18,2,1]'        0.395848
647    'tauGamma[18,2,2]'    1e-06
648    'tauGamma[18,2,3]'        0.091887
649    'tauGamma[18,3,1]'    1e-06
650    'tauGamma[18,3,2]'       -0.0274623
651    'tauGamma[18,3,3]'    1e-06
652    'tauGamma[19,1,1]'    1e-06
653    'tauGamma[19,1,2]'       -0.377184
654    'tauGamma[19,1,3]'    1e-06
655    'tauGamma[19,2,1]'        0.39609
656    'tauGamma[19,2,2]'    1e-06
657    'tauGamma[19,2,3]'        0.089077
658    'tauGamma[19,3,1]'    1e-06
659    'tauGamma[19,3,2]'       -0.0236746
660    'tauGamma[19,3,3]'    1e-06
661    'tauGamma[20,1,1]'    1e-06
662    'tauGamma[20,1,2]'       -0.377412
663    'tauGamma[20,1,3]'    1e-06
664    'tauGamma[20,2,1]'        0.396329
665    'tauGamma[20,2,2]'    1e-06
666    'tauGamma[20,2,3]'        0.0863015
667    'tauGamma[20,3,1]'    1e-06
668    'tauGamma[20,3,2]'       -0.0199335
669    'tauGamma[20,3,3]'    1e-06
670    'tauGamma[21,1,1]'    1e-06
671    'tauGamma[21,1,2]'       -0.377634
672    'tauGamma[21,1,3]'    1e-06
673    'tauGamma[21,2,1]'        0.396562
674    'tauGamma[21,2,2]'    1e-06
675    'tauGamma[21,2,3]'        0.0835992
676    'tauGamma[21,3,1]'    1e-06
677    'tauGamma[21,3,2]'       -0.016291
678    'tauGamma[21,3,3]'    1e-06
679    'tauGamma[22,1,1]'    1e-06
680    'tauGamma[22,1,2]'       -0.377847
681    'tauGamma[22,1,3]'    1e-06
682    'tauGamma[22,2,1]'        0.396786
683    'tauGamma[22,2,2]'    1e-06
684    'tauGamma[22,2,3]'        0.0809986
685    'tauGamma[22,3,1]'    1e-06
686    'tauGamma[22,3,2]'       -0.0127856
687    'tauGamma[22,3,3]'    1e-06
688    'tauGamma[23,1,1]'    1e-06
689    'tauGamma[23,1,2]'       -0.378052
690    'tauGamma[23,1,3]'    1e-06
691    'tauGamma[23,2,1]'        0.397001
692    'tauGamma[23,2,2]'    1e-06
693    'tauGamma[23,2,3]'        0.0785094
694    'tauGamma[23,3,1]'    1e-06
695    'tauGamma[23,3,2]'       -0.00943043
696    'tauGamma[23,3,3]'    1e-06
697    'tauGamma[24,1,1]'    1e-06
698    'tauGamma[24,1,2]'       -0.378249
699    'tauGamma[24,1,3]'    1e-06
700    'tauGamma[24,2,1]'        0.397208
701    'tauGamma[24,2,2]'    1e-06
702    'tauGamma[24,2,3]'        0.0761024
703    'tauGamma[24,3,1]'    1e-06
704    'tauGamma[24,3,2]'       -0.00618608
705    'tauGamma[24,3,3]'    1e-06
706    'tauGamma[25,1,1]'    1e-06
707    'tauGamma[25,1,2]'       -0.37845
708    'tauGamma[25,1,3]'    1e-06
709    'tauGamma[25,2,1]'        0.397419
710    'tauGamma[25,2,2]'    1e-06
711    'tauGamma[25,2,3]'        0.0736561
712    'tauGamma[25,3,1]'    1e-06
713    'tauGamma[25,3,2]'       -0.00288863
714    'tauGamma[25,3,3]'    1e-06
715    'tauGamma[26,1,1]'    1e-06
716    'tauGamma[26,1,2]'       -0.378683
717    'tauGamma[26,1,3]'    1e-06
718    'tauGamma[26,2,1]'        0.397664
719    'tauGamma[26,2,2]'    1e-06
720    'tauGamma[26,2,3]'        0.0708111
721    'tauGamma[26,3,1]'    1e-06
722    'tauGamma[26,3,2]'        0.000946152
723    'tauGamma[26,3,3]'    1e-06
724    'tauGamma[27,1,1]'    1e-06
725    'tauGamma[27,1,2]'       -0.37903
726    'tauGamma[27,1,3]'    1e-06
727    'tauGamma[27,2,1]'        0.398029
728    'tauGamma[27,2,2]'    1e-06
729    'tauGamma[27,2,3]'        0.0665853
730    'tauGamma[27,3,1]'    1e-06
731    'tauGamma[27,3,2]'        0.00664215
732    'tauGamma[27,3,3]'    1e-06
733    'tauGamma[28,1,1]'    1e-06
734    'tauGamma[28,1,2]'       -0.379701
735    'tauGamma[28,1,3]'    1e-06
736    'tauGamma[28,2,1]'        0.398733
737    'tauGamma[28,2,2]'    1e-06
738    'tauGamma[28,2,3]'        0.0584102
739    'tauGamma[28,3,1]'    1e-06
740    'tauGamma[28,3,2]'        0.0176615
741    'tauGamma[28,3,3]'    1e-06
742    'tauGamma[29,1,1]'    1e-06
743    'tauGamma[29,1,2]'       -0.381203
744    'tauGamma[29,1,3]'    1e-06
745    'tauGamma[29,2,1]'        0.400311
746    'tauGamma[29,2,2]'    1e-06
747    'tauGamma[29,2,3]'        0.0401028
748    'tauGamma[29,3,1]'    1e-06
749    'tauGamma[29,3,2]'        0.0423382
750    'tauGamma[29,3,3]'    1e-06
751    'tauGamma[30,1,1]'    1e-06
752    'tauGamma[30,1,2]'       -0.384519
753    'tauGamma[30,1,3]'    1e-06
754    'tauGamma[30,2,1]'        0.403792
755    'tauGamma[30,2,2]'    1e-06
756    'tauGamma[30,2,3]'       -0.000296712
757    'tauGamma[30,3,1]'    1e-06
758    'tauGamma[30,3,2]'        0.0967931
759    'tauGamma[30,3,3]'    1e-06
760    'PGamma[1,1,1]'           1
761    'PGamma[1,1,2]'           1.11661
762    'PGamma[1,1,3]'           1
763    'PGamma[1,2,1]'           0.890628
764    'PGamma[1,2,2]'           1
765    'PGamma[1,2,3]'           0.959819
766    'PGamma[1,3,1]'           1
767    'PGamma[1,3,2]'           1.03666
768    'PGamma[1,3,3]'           1
769    'PGamma[2,1,1]'           1
770    'PGamma[2,1,2]'           1.1167
771    'PGamma[2,1,3]'           1
772    'PGamma[2,2,1]'           0.890551
773    'PGamma[2,2,2]'           1
774    'PGamma[2,2,3]'           0.960461
775    'PGamma[2,3,1]'           1
776    'PGamma[2,3,2]'           1.03572
777    'PGamma[2,3,3]'           1
778    'PGamma[3,1,1]'           1
779    'PGamma[3,1,2]'           1.11682
780    'PGamma[3,1,3]'           1
781    'PGamma[3,2,1]'           0.890458
782    'PGamma[3,2,2]'           1
783    'PGamma[3,2,3]'           0.961239
784    'PGamma[3,3,1]'           1
785    'PGamma[3,3,2]'           1.03459
786    'PGamma[3,3,3]'           1
787    'PGamma[4,1,1]'           1
788    'PGamma[4,1,2]'           1.11695
789    'PGamma[4,1,3]'           1
790    'PGamma[4,2,1]'           0.890347
791    'PGamma[4,2,2]'           1
792    'PGamma[4,2,3]'           0.962162
793    'PGamma[4,3,1]'           1
794    'PGamma[4,3,2]'           1.03325
795    'PGamma[4,3,3]'           1
796    'PGamma[5,1,1]'           1
797    'PGamma[5,1,2]'           1.1171
798    'PGamma[5,1,3]'           1
799    'PGamma[5,2,1]'           0.89022
800    'PGamma[5,2,2]'           1
801    'PGamma[5,2,3]'           0.963225
802    'PGamma[5,3,1]'           1
803    'PGamma[5,3,2]'           1.03172
804    'PGamma[5,3,3]'           1
805    'PGamma[6,1,1]'           1
806    'PGamma[6,1,2]'           1.11727
807    'PGamma[6,1,3]'           1
808    'PGamma[6,2,1]'           0.890079
809    'PGamma[6,2,2]'           1
810    'PGamma[6,2,3]'           0.964408
811    'PGamma[6,3,1]'           1
812    'PGamma[6,3,2]'           1.03001
813    'PGamma[6,3,3]'           1
814    'PGamma[7,1,1]'           1
815    'PGamma[7,1,2]'           1.11745
816    'PGamma[7,1,3]'           1
817    'PGamma[7,2,1]'           0.889928
818    'PGamma[7,2,2]'           1
819    'PGamma[7,2,3]'           0.965675
820    'PGamma[7,3,1]'           1
821    'PGamma[7,3,2]'           1.02819
822    'PGamma[7,3,3]'           1
823    'PGamma[8,1,1]'           1
824    'PGamma[8,1,2]'           1.11763
825    'PGamma[8,1,3]'           1
826    'PGamma[8,2,1]'           0.889773
827    'PGamma[8,2,2]'           1
828    'PGamma[8,2,3]'           0.966977
829    'PGamma[8,3,1]'           1
830    'PGamma[8,3,2]'           1.02633
831    'PGamma[8,3,3]'           1
832    'PGamma[9,1,1]'           1
833    'PGamma[9,1,2]'           1.11782
834    'PGamma[9,1,3]'           1
835    'PGamma[9,2,1]'           0.88962
836    'PGamma[9,2,2]'           1
837    'PGamma[9,2,3]'           0.968263
838    'PGamma[9,3,1]'           1
839    'PGamma[9,3,2]'           1.02449
840    'PGamma[9,3,3]'           1
841    'PGamma[10,1,1]'          1
842    'PGamma[10,1,2]'          1.11799
843    'PGamma[10,1,3]'          1
844    'PGamma[10,2,1]'          0.889473
845    'PGamma[10,2,2]'          1
846    'PGamma[10,2,3]'          0.9695
847    'PGamma[10,3,1]'          1
848    'PGamma[10,3,2]'          1.02273
849    'PGamma[10,3,3]'          1
850    'PGamma[11,1,1]'          1
851    'PGamma[11,1,2]'          1.11816
852    'PGamma[11,1,3]'          1
853    'PGamma[11,2,1]'          0.889332
854    'PGamma[11,2,2]'          1
855    'PGamma[11,2,3]'          0.970694
856    'PGamma[11,3,1]'          1
857    'PGamma[11,3,2]'          1.02103
858    'PGamma[11,3,3]'          1
859    'PGamma[12,1,1]'          1
860    'PGamma[12,1,2]'          1.11834
861    'PGamma[12,1,3]'          1
862    'PGamma[12,2,1]'          0.889185
863    'PGamma[12,2,2]'          1
864    'PGamma[12,2,3]'          0.971931
865    'PGamma[12,3,1]'          1
866    'PGamma[12,3,2]'          1.01928
867    'PGamma[12,3,3]'          1
868    'PGamma[13,1,1]'          1
869    'PGamma[13,1,2]'          1.11855
870    'PGamma[13,1,3]'          1
871    'PGamma[13,2,1]'          0.889005
872    'PGamma[13,2,2]'          1
873    'PGamma[13,2,3]'          0.973459
874    'PGamma[13,3,1]'          1
875    'PGamma[13,3,2]'          1.01712
876    'PGamma[13,3,3]'          1
877    'PGamma[14,1,1]'          1
878    'PGamma[14,1,2]'          1.11889
879    'PGamma[14,1,3]'          1
880    'PGamma[14,2,1]'          0.888724
881    'PGamma[14,2,2]'          1
882    'PGamma[14,2,3]'          0.975843
883    'PGamma[14,3,1]'          1
884    'PGamma[14,3,2]'          1.01378
885    'PGamma[14,3,3]'          1
886    'PGamma[15,1,1]'          1
887    'PGamma[15,1,2]'          1.1195
888    'PGamma[15,1,3]'          1
889    'PGamma[15,2,1]'          0.888214
890    'PGamma[15,2,2]'          1
891    'PGamma[15,2,3]'          0.980183
892    'PGamma[15,3,1]'          1
893    'PGamma[15,3,2]'          1.00773
894    'PGamma[15,3,3]'          1
895    'PGamma[16,1,1]'          1
896    'PGamma[16,1,2]'          1.11958
897    'PGamma[16,1,3]'          1
898    'PGamma[16,2,1]'          0.888153
899    'PGamma[16,2,2]'          1
900    'PGamma[16,2,3]'          0.980702
901    'PGamma[16,3,1]'          1
902    'PGamma[16,3,2]'          1.00701
903    'PGamma[16,3,3]'          1
904    'PGamma[17,1,1]'          1
905    'PGamma[17,1,2]'          1.11965
906    'PGamma[17,1,3]'          1
907    'PGamma[17,2,1]'          0.88809
908    'PGamma[17,2,2]'          1
909    'PGamma[17,2,3]'          0.981241
910    'PGamma[17,3,1]'          1
911    'PGamma[17,3,2]'          1.00627
912    'PGamma[17,3,3]'          1
913    'PGamma[18,1,1]'          1
914    'PGamma[18,1,2]'          1.11973
915    'PGamma[18,1,3]'          1
916    'PGamma[18,2,1]'          0.888026
917    'PGamma[18,2,2]'          1
918    'PGamma[18,2,3]'          0.98179
919    'PGamma[18,3,1]'          1
920    'PGamma[18,3,2]'          1.00551
921    'PGamma[18,3,3]'          1
922    'PGamma[19,1,1]'          1
923    'PGamma[19,1,2]'          1.11981
924    'PGamma[19,1,3]'          1
925    'PGamma[19,2,1]'          0.887961
926    'PGamma[19,2,2]'          1
927    'PGamma[19,2,3]'          0.982342
928    'PGamma[19,3,1]'          1
929    'PGamma[19,3,2]'          1.00475
930    'PGamma[19,3,3]'          1
931    'PGamma[20,1,1]'          1
932    'PGamma[20,1,2]'          1.11988
933    'PGamma[20,1,3]'          1
934    'PGamma[20,2,1]'          0.887898
935    'PGamma[20,2,2]'          1
936    'PGamma[20,2,3]'          0.982888
937    'PGamma[20,3,1]'          1
938    'PGamma[20,3,2]'          1.00399
939    'PGamma[20,3,3]'          1
940    'PGamma[21,1,1]'          1
941    'PGamma[21,1,2]'          1.11996
942    'PGamma[21,1,3]'          1
943    'PGamma[21,2,1]'          0.887836
944    'PGamma[21,2,2]'          1
945    'PGamma[21,2,3]'          0.983419
946    'PGamma[21,3,1]'          1
947    'PGamma[21,3,2]'          1.00326
948    'PGamma[21,3,3]'          1
949    'PGamma[22,1,1]'          1
950    'PGamma[22,1,2]'          1.12003
951    'PGamma[22,1,3]'          1
952    'PGamma[22,2,1]'          0.887776
953    'PGamma[22,2,2]'          1
954    'PGamma[22,2,3]'          0.983931
955    'PGamma[22,3,1]'          1
956    'PGamma[22,3,2]'          1.00256
957    'PGamma[22,3,3]'          1
958    'PGamma[23,1,1]'          1
959    'PGamma[23,1,2]'          1.1201
960    'PGamma[23,1,3]'          1
961    'PGamma[23,2,1]'          0.887719
962    'PGamma[23,2,2]'          1
963    'PGamma[23,2,3]'          0.984421
964    'PGamma[23,3,1]'          1
965    'PGamma[23,3,2]'          1.00189
966    'PGamma[23,3,3]'          1
967    'PGamma[24,1,1]'          1
968    'PGamma[24,1,2]'          1.12016
969    'PGamma[24,1,3]'          1
970    'PGamma[24,2,1]'          0.887664
971    'PGamma[24,2,2]'          1
972    'PGamma[24,2,3]'          0.984895
973    'PGamma[24,3,1]'          1
974    'PGamma[24,3,2]'          1.00124
975    'PGamma[24,3,3]'          1
976    'PGamma[25,1,1]'          1
977    'PGamma[25,1,2]'          1.12023
978    'PGamma[25,1,3]'          1
979    'PGamma[25,2,1]'          0.887607
980    'PGamma[25,2,2]'          1
981    'PGamma[25,2,3]'          0.985377
982    'PGamma[25,3,1]'          1
983    'PGamma[25,3,2]'          1.00058
984    'PGamma[25,3,3]'          1
985    'PGamma[26,1,1]'          1
986    'PGamma[26,1,2]'          1.12031
987    'PGamma[26,1,3]'          1
988    'PGamma[26,2,1]'          0.887542
989    'PGamma[26,2,2]'          1
990    'PGamma[26,2,3]'          0.985938
991    'PGamma[26,3,1]'          1
992    'PGamma[26,3,2]'          0.999811
993    'PGamma[26,3,3]'          1
994    'PGamma[27,1,1]'          1
995    'PGamma[27,1,2]'          1.12043
996    'PGamma[27,1,3]'          1
997    'PGamma[27,2,1]'          0.887445
998    'PGamma[27,2,2]'          1
999    'PGamma[27,2,3]'          0.986771
1000   'PGamma[27,3,1]'          1
1001   'PGamma[27,3,2]'          0.998672
1002   'PGamma[27,3,3]'          1
1003   'PGamma[28,1,1]'          1
1004   'PGamma[28,1,2]'          1.12065
1005   'PGamma[28,1,3]'          1
1006   'PGamma[28,2,1]'          0.887258
1007   'PGamma[28,2,2]'          1
1008   'PGamma[28,2,3]'          0.988386
1009   'PGamma[28,3,1]'          1
1010   'PGamma[28,3,2]'          0.996474
1011   'PGamma[28,3,3]'          1
1012   'PGamma[29,1,1]'          1
1013   'PGamma[29,1,2]'          1.12116
1014   'PGamma[29,1,3]'          1
1015   'PGamma[29,2,1]'          0.886838
1016   'PGamma[29,2,2]'          1
1017   'PGamma[29,2,3]'          0.992012
1018   'PGamma[29,3,1]'          1
1019   'PGamma[29,3,2]'          0.991568
1020   'PGamma[29,3,3]'          1
1021   'PGamma[30,1,1]'          1
1022   'PGamma[30,1,2]'          1.12227
1023   'PGamma[30,1,3]'          1
1024   'PGamma[30,2,1]'          0.885912
1025   'PGamma[30,2,2]'          1
1026   'PGamma[30,2,3]'          1.00006
1027   'PGamma[30,3,1]'          1
1028   'PGamma[30,3,2]'          0.980828
1029   'PGamma[30,3,3]'          1
1030   'SGamma1[1,1]'            0.0225496
1031   'SGamma1[1,2]'           -0.174363
1032   'SGamma1[1,3]'            0.0129068
1033   'SGamma1[2,1]'            0.0307365
1034   'SGamma1[2,2]'           -0.165529
1035   'SGamma1[2,3]'            0.017306
1036   'SGamma1[3,1]'            0.0407135
1037   'SGamma1[3,2]'           -0.155118
1038   'SGamma1[3,3]'            0.0224632
1039   'SGamma1[4,1]'            0.052619
1040   'SGamma1[4,2]'           -0.143207
1041   'SGamma1[4,3]'            0.0283275
1042   'SGamma1[5,1]'            0.0664636
1043   'SGamma1[5,2]'           -0.130053
1044   'SGamma1[5,3]'            0.0347571
1045   'SGamma1[6,1]'            0.0820732
1046   'SGamma1[6,2]'           -0.116115
1047   'SGamma1[6,3]'            0.0415147
1048   'SGamma1[7,1]'            0.0990532
1049   'SGamma1[7,2]'           -0.102008
1050   'SGamma1[7,3]'            0.04829
1051   'SGamma1[8,1]'            0.116799
1052   'SGamma1[8,2]'           -0.0884096
1053   'SGamma1[8,3]'            0.0547469
1054   'SGamma1[9,1]'            0.134567
1055   'SGamma1[9,2]'           -0.075921
1056   'SGamma1[9,3]'            0.0605795
1057   'SGamma1[10,1]'           0.151579
1058   'SGamma1[10,2]'          -0.0649617
1059   'SGamma1[10,3]'           0.0655388
1060   'SGamma1[11,1]'           0.167124
1061   'SGamma1[11,2]'          -0.0557336
1062   'SGamma1[11,3]'           0.0693921
1063   'SGamma1[12,1]'           0.180563
1064   'SGamma1[12,2]'          -0.0482892
1065   'SGamma1[12,3]'           0.0717646
1066   'SGamma1[13,1]'           0.191166
1067   'SGamma1[13,2]'          -0.0427339
1068   'SGamma1[13,3]'           0.0717894
1069   'SGamma1[14,1]'           0.197666
1070   'SGamma1[14,2]'          -0.0397036
1071   'SGamma1[14,3]'           0.0674855
1072   'SGamma1[15,1]'           0.19739
1073   'SGamma1[15,2]'          -0.0415996
1074   'SGamma1[15,3]'           0.0551707
1075   'SGamma1[16,1]'           0.205316
1076   'SGamma1[16,2]'          -0.0397473
1077   'SGamma1[16,3]'           0.0558694
1078   'SGamma1[17,1]'           0.213683
1079   'SGamma1[17,2]'          -0.0379884
1080   'SGamma1[17,3]'           0.0565091
1081   'SGamma1[18,1]'           0.222376
1082   'SGamma1[18,2]'          -0.0363679
1083   'SGamma1[18,3]'           0.0570702
1084   'SGamma1[19,1]'           0.231265
1085   'SGamma1[19,2]'          -0.0349219
1086   'SGamma1[19,3]'           0.0575377
1087   'SGamma1[20,1]'           0.240211
1088   'SGamma1[20,2]'          -0.0336752
1089   'SGamma1[20,3]'           0.0579026
1090   'SGamma1[21,1]'           0.249076
1091   'SGamma1[21,2]'          -0.0326401
1092   'SGamma1[21,3]'           0.0581607
1093   'SGamma1[22,1]'           0.25773
1094   'SGamma1[22,2]'          -0.0318198
1095   'SGamma1[22,3]'           0.0583107
1096   'SGamma1[23,1]'           0.266053
1097   'SGamma1[23,2]'          -0.0312151
1098   'SGamma1[23,3]'           0.0583452
1099   'SGamma1[24,1]'           0.273927
1100   'SGamma1[24,2]'          -0.0308437
1101   'SGamma1[24,3]'           0.0582316
1102   'SGamma1[25,1]'           0.281202
1103   'SGamma1[25,2]'          -0.030788
1104   'SGamma1[25,3]'           0.0578577
1105   'SGamma1[26,1]'           0.287594
1106   'SGamma1[26,2]'          -0.0313244
1107   'SGamma1[26,3]'           0.0568887
1108   'SGamma1[27,1]'           0.292417
1109   'SGamma1[27,2]'          -0.0332777
1110   'SGamma1[27,3]'           0.054393
1111   'SGamma1[28,1]'           0.293857
1112   'SGamma1[28,2]'          -0.0389747
1113   'SGamma1[28,3]'           0.0479536
1114   'SGamma1[29,1]'           0.287203
1115   'SGamma1[29,2]'          -0.054638
1116   'SGamma1[29,3]'           0.0321841
1117   'SGamma1[30,1]'           0.261455
1118   'SGamma1[30,2]'          -0.0951075
1119   'SGamma1[30,3]'          -0.000216605
1120   'SGamma2[1,1]'            0.992828
1121   'SGamma2[1,2]'            1.03425
1122   'SGamma2[1,3]'            0.997365
1123   'SGamma2[2,1]'            0.990224
1124   'SGamma2[2,2]'            1.03253
1125   'SGamma2[2,3]'            0.996468
1126   'SGamma2[3,1]'            0.987049
1127   'SGamma2[3,2]'            1.0305
1128   'SGamma2[3,3]'            0.995418
1129   'SGamma2[4,1]'            0.983261
1130   'SGamma2[4,2]'            1.02818
1131   'SGamma2[4,3]'            0.994224
1132   'SGamma2[5,1]'            0.978856
1133   'SGamma2[5,2]'            1.02561
1134   'SGamma2[5,3]'            0.992917
1135   'SGamma2[6,1]'            0.973887
1136   'SGamma2[6,2]'            1.02288
1137   'SGamma2[6,3]'            0.991545
1138   'SGamma2[7,1]'            0.968482
1139   'SGamma2[7,2]'            1.02012
1140   'SGamma2[7,3]'            0.990171
1141   'SGamma2[8,1]'            0.962832
1142   'SGamma2[8,2]'            1.01746
1143   'SGamma2[8,3]'            0.988865
1144   'SGamma2[9,1]'            0.957174
1145   'SGamma2[9,2]'            1.01501
1146   'SGamma2[9,3]'            0.987687
1147   'SGamma2[10,1]'           0.951756
1148   'SGamma2[10,2]'           1.01287
1149   'SGamma2[10,3]'           0.986687
1150   'SGamma2[11,1]'           0.946804
1151   'SGamma2[11,2]'           1.0111
1152   'SGamma2[11,3]'           0.985913
1153   'SGamma2[12,1]'           0.942522
1154   'SGamma2[12,2]'           1.00973
1155   'SGamma2[12,3]'           0.985441
1156   'SGamma2[13,1]'           0.93914
1157   'SGamma2[13,2]'           1.00888
1158   'SGamma2[13,3]'           0.985447
1159   'SGamma2[14,1]'           0.937061
1160   'SGamma2[14,2]'           1.00886
1161   'SGamma2[14,3]'           0.986337
1162   'SGamma2[15,1]'           0.93713
1163   'SGamma2[15,2]'           1.01058
1164   'SGamma2[15,3]'           0.988855
1165   'SGamma2[16,1]'           0.934604
1166   'SGamma2[16,2]'           1.01024
1167   'SGamma2[16,3]'           0.988717
1168   'SGamma2[17,1]'           0.931936
1169   'SGamma2[17,2]'           1.00991
1170   'SGamma2[17,3]'           0.988591
1171   'SGamma2[18,1]'           0.929164
1172   'SGamma2[18,2]'           1.00962
1173   'SGamma2[18,3]'           0.988481
1174   'SGamma2[19,1]'           0.92633
1175   'SGamma2[19,2]'           1.00935
1176   'SGamma2[19,3]'           0.988389
1177   'SGamma2[20,1]'           0.923478
1178   'SGamma2[20,2]'           1.00913
1179   'SGamma2[20,3]'           0.988319
1180   'SGamma2[21,1]'           0.920651
1181   'SGamma2[21,2]'           1.00895
1182   'SGamma2[21,3]'           0.98827
1183   'SGamma2[22,1]'           0.917891
1184   'SGamma2[22,2]'           1.00881
1185   'SGamma2[22,3]'           0.988243
1186   'SGamma2[23,1]'           0.915237
1187   'SGamma2[23,2]'           1.00871
1188   'SGamma2[23,3]'           0.988239
1189   'SGamma2[24,1]'           0.912725
1190   'SGamma2[24,2]'           1.00867
1191   'SGamma2[24,3]'           0.988265
1192   'SGamma2[25,1]'           0.910405
1193   'SGamma2[25,2]'           1.0087
1194   'SGamma2[25,3]'           0.988343
1195   'SGamma2[26,1]'           0.908365
1196   'SGamma2[26,2]'           1.00889
1197   'SGamma2[26,3]'           0.988541
1198   'SGamma2[27,1]'           0.906823
1199   'SGamma2[27,2]'           1.00949
1200   'SGamma2[27,3]'           0.989049
1201   'SGamma2[28,1]'           0.906354
1202   'SGamma2[28,2]'           1.01116
1203   'SGamma2[28,3]'           0.990353
1204   'SGamma2[29,1]'           0.908452
1205   'SGamma2[29,2]'           1.01569
1206   'SGamma2[29,3]'           0.993537
1207   'SGamma2[30,1]'           0.916615
1208   'SGamma2[30,2]'           1.02726
1209   'SGamma2[30,3]'           1.00004
1210   'gamma[1,1]'              0.996501
1211   'gamma[1,2]'              1.01497
1212   'gamma[1,3]'              1.00007
1213   'gamma[2,1]'              0.995123
1214   'gamma[2,2]'              1.01549
1215   'gamma[2,3]'              1.00014
1216   'gamma[3,1]'              0.993381
1217   'gamma[3,2]'              1.01596
1218   'gamma[3,3]'              1.00026
1219   'gamma[4,1]'              0.991232
1220   'gamma[4,2]'              1.01632
1221   'gamma[4,3]'              1.00048
1222   'gamma[5,1]'              0.988665
1223   'gamma[5,2]'              1.01646
1224   'gamma[5,3]'              1.00086
1225   'gamma[6,1]'              0.985728
1226   'gamma[6,2]'              1.01631
1227   'gamma[6,3]'              1.00146
1228   'gamma[7,1]'              0.98254
1229   'gamma[7,2]'              1.01581
1230   'gamma[7,3]'              1.00236
1231   'gamma[8,1]'              0.979286
1232   'gamma[8,2]'              1.01497
1233   'gamma[8,3]'              1.00362
1234   'gamma[9,1]'              0.976176
1235   'gamma[9,2]'              1.01387
1236   'gamma[9,3]'              1.00524
1237   'gamma[10,1]'             0.973398
1238   'gamma[10,2]'             1.01265
1239   'gamma[10,3]'             1.00719
1240   'gamma[11,1]'             0.971064
1241   'gamma[11,2]'             1.01142
1242   'gamma[11,3]'             1.00939
1243   'gamma[12,1]'             0.969206
1244   'gamma[12,2]'             1.01035
1245   'gamma[12,3]'             1.01178
1246   'gamma[13,1]'             0.967805
1247   'gamma[13,2]'             1.00954
1248   'gamma[13,3]'             1.01444
1249   'gamma[14,1]'             0.966894
1250   'gamma[14,2]'             1.00917
1251   'gamma[14,3]'             1.01766
1252   'gamma[15,1]'             0.966879
1253   'gamma[15,2]'             1.00943
1254   'gamma[15,3]'             1.022
1255   'gamma[16,1]'             0.966478
1256   'gamma[16,2]'             1.00854
1257   'gamma[16,3]'             1.02405
1258   'gamma[17,1]'             0.966184
1259   'gamma[17,2]'             1.00763
1260   'gamma[17,3]'             1.02634
1261   'gamma[18,1]'             0.966023
1262   'gamma[18,2]'             1.00672
1263   'gamma[18,3]'             1.02884
1264   'gamma[19,1]'             0.966016
1265   'gamma[19,2]'             1.00583
1266   'gamma[19,3]'             1.03153
1267   'gamma[20,1]'             0.966175
1268   'gamma[20,2]'             1.00498
1269   'gamma[20,3]'             1.03438
1270   'gamma[21,1]'             0.9665
1271   'gamma[21,2]'             1.00419
1272   'gamma[21,3]'             1.03735
1273   'gamma[22,1]'             0.966986
1274   'gamma[22,2]'             1.00346
1275   'gamma[22,3]'             1.04039
1276   'gamma[23,1]'             0.967615
1277   'gamma[23,2]'             1.00282
1278   'gamma[23,3]'             1.04345
1279   'gamma[24,1]'             0.96837
1280   'gamma[24,2]'             1.00225
1281   'gamma[24,3]'             1.04648
1282   'gamma[25,1]'             0.969235
1283   'gamma[25,2]'             1.00177
1284   'gamma[25,3]'             1.04948
1285   'gamma[26,1]'             0.97022
1286   'gamma[26,2]'             1.00137
1287   'gamma[26,3]'             1.05242
1288   'gamma[27,1]'             0.971397
1289   'gamma[27,2]'             1.00104
1290   'gamma[27,3]'             1.0554
1291   'gamma[28,1]'             0.973011
1292   'gamma[28,2]'             1.00077
1293   'gamma[28,3]'             1.05856
1294   'gamma[29,1]'             0.975736
1295   'gamma[29,2]'             1.00046
1296   'gamma[29,3]'             1.06182
1297   'gamma[30,1]'             0.981007
1298   'gamma[30,2]'             0.999546
1299   'gamma[30,3]'             1.06251
1300   'PrS[1,1]'           343767
1301   'PrS[1,2]'           140072
1302   'PrS[1,3]'            98452.1
1303   'PrS[2,1]'           340633
1304   'PrS[2,2]'           138704
1305   'PrS[2,3]'            97434.7
1306   'PrS[3,1]'           336871
1307   'PrS[3,2]'           137063
1308   'PrS[3,3]'            96214.9
1309   'PrS[4,1]'           332468
1310   'PrS[4,2]'           135142
1311   'PrS[4,3]'            94789.2
1312   'PrS[5,1]'           327470
1313   'PrS[5,2]'           132964
1314   'PrS[5,3]'            93173.7
1315   'PrS[6,1]'           321997
1316   'PrS[6,2]'           130582
1317   'PrS[6,3]'            91408.6
1318   'PrS[7,1]'           316241
1319   'PrS[7,2]'           128078
1320   'PrS[7,3]'            89556.3
1321   'PrS[8,1]'           310437
1322   'PrS[8,2]'           125556
1323   'PrS[8,3]'            87692.7
1324   'PrS[9,1]'           304809
1325   'PrS[9,2]'           123113
1326   'PrS[9,3]'            85889.8
1327   'PrS[10,1]'          299496
1328   'PrS[10,2]'          120809
1329   'PrS[10,3]'           84191.8
1330   'PrS[11,1]'          294460
1331   'PrS[11,2]'          118627
1332   'PrS[11,3]'           82586
1333   'PrS[12,1]'          289333
1334   'PrS[12,2]'          116408
1335   'PrS[12,3]'           80954.6
1336   'PrS[13,1]'          283125
1337   'PrS[13,2]'          113724
1338   'PrS[13,3]'           78984.2
1339   'PrS[14,1]'          273713
1340   'PrS[14,2]'          109661
1341   'PrS[14,3]'           76007.6
1342   'PrS[15,1]'          257397
1343   'PrS[15,2]'          102637
1344   'PrS[15,3]'           70879.1
1345   'PrS[16,1]'          255514
1346   'PrS[16,2]'          101828
1347   'PrS[16,3]'           70290
1348   'PrS[17,1]'          253575
1349   'PrS[17,2]'          100995
1350   'PrS[17,3]'           69683.8
1351   'PrS[18,1]'          251612
1352   'PrS[18,2]'          100152
1353   'PrS[18,3]'           69070.6
1354   'PrS[19,1]'          249656
1355   'PrS[19,2]'           99313.2
1356   'PrS[19,3]'           68460.5
1357   'PrS[20,1]'          247739
1358   'PrS[20,2]'           98490.9
1359   'PrS[20,3]'           67863
1360   'PrS[21,1]'          245886
1361   'PrS[21,2]'           97696.5
1362   'PrS[21,3]'           67286
1363   'PrS[22,1]'          244115
1364   'PrS[22,2]'           96937.7
1365   'PrS[22,3]'           66735.1
1366   'PrS[23,1]'          242432
1367   'PrS[23,2]'           96216.6
1368   'PrS[23,3]'           66211.9
1369   'PrS[24,1]'          240815
1370   'PrS[24,2]'           95524.1
1371   'PrS[24,3]'           65709.7
1372   'PrS[25,1]'          239182
1373   'PrS[25,2]'           94825.1
1374   'PrS[25,3]'           65203
1375   'PrS[26,1]'          237296
1376   'PrS[26,2]'           94018.3
1377   'PrS[26,3]'           64618.5
1378   'PrS[27,1]'          234521
1379   'PrS[27,2]'           92831.8
1380   'PrS[27,3]'           63759.5
1381   'PrS[28,1]'          229240
1382   'PrS[28,2]'           90576.4
1383   'PrS[28,3]'           62128.7
1384   'PrS[29,1]'          217826
1385   'PrS[29,2]'           85711.6
1386   'PrS[29,3]'           58620.2
1387   'PrS[30,1]'          194537
1388   'PrS[30,2]'           75834.2
1389   'PrS[30,3]'           51537.3
1390   'PrSF[1]'            189475
1391   'PrSF[2]'             73696.9
1392   'PrSF[3]'             50012.2
1393   Vap                     539.901
;

