solve_message = 'CONOPT 3.17A: Locally optimal; objective 176.74218343916812\
9 iterations; evals: nf = 8, ng = 0, nc = 94, nJ = 12, nH = 0, nHv = 0'

:           _varname              _var          :=
1      'F[2]'                    0
2      'F[3]'                    0
3      'F[4]'                    0
4      'F[5]'                    0
5      'F[6]'                    0
6      'F[7]'                    0
7      'F[8]'                    0
8      'F[9]'                    0
9      'F[10]'                   0
10     'F[11]'                   0
11     'F[12]'                   0
12     'F[13]'                   0
13     'F[14]'                   0
14     'F[15]'                 200
15     'F[16]'                   0
16     'F[17]'                   0
17     'F[18]'                   0
18     'F[19]'                   0
19     'F[20]'                   0
20     'F[21]'                   0
21     'F[22]'                   0
22     'F[23]'                   0
23     'F[24]'                   0
24     'F[25]'                   0
25     'F[26]'                   0
26     'F[27]'                   0
27     'F[28]'                   0
28     'F[29]'                   0
29     'V[1]'                  176.742
30     'V[2]'                  176.939
31     'V[3]'                  176.954
32     'V[4]'                  176.859
33     'V[5]'                  176.697
34     'V[6]'                  176.503
35     'V[7]'                  176.315
36     'V[8]'                  176.178
37     'V[9]'                  176.128
38     'V[10]'                 176.175
39     'V[11]'                 176.303
40     'V[12]'                 176.477
41     'V[13]'                 176.66
42     'V[14]'                 176.826
43     'V[15]'                 176.836
44     'V[16]'                 177.235
45     'V[17]'                 177.565
46     'V[18]'                 177.838
47     'V[19]'                 178.073
48     'V[20]'                 178.297
49     'V[21]'                 178.55
50     'V[22]'                 178.892
51     'V[23]'                 179.411
52     'V[24]'                 180.215
53     'V[25]'                 181.363
54     'V[26]'                 182.763
55     'V[27]'                 184.158
56     'V[28]'                 185.291
57     'V[29]'                 186.068
58     'V[30]'                   0
59     'y[1,1]'                  0.0116804
60     'y[1,2]'                  0.646179
61     'y[1,3]'                  0.34214
62     'y[2,1]'                  0.0223949
63     'y[2,2]'                  0.680295
64     'y[2,3]'                  0.29731
65     'y[3,1]'                  0.0376892
66     'y[3,2]'                  0.689007
67     'y[3,3]'                  0.273304
68     'y[4,1]'                  0.0590776
69     'y[4,2]'                  0.682286
70     'y[4,3]'                  0.258636
71     'y[5,1]'                  0.0881271
72     'y[5,2]'                  0.664503
73     'y[5,3]'                  0.24737
74     'y[6,1]'                  0.126029
75     'y[6,2]'                  0.637469
76     'y[6,3]'                  0.236502
77     'y[7,1]'                  0.17296
78     'y[7,2]'                  0.602373
79     'y[7,3]'                  0.224667
80     'y[8,1]'                  0.227448
81     'y[8,2]'                  0.560989
82     'y[8,3]'                  0.211563
83     'y[9,1]'                  0.28619
84     'y[9,2]'                  0.516163
85     'y[9,3]'                  0.197647
86     'y[10,1]'                 0.34468
87     'y[10,2]'                 0.471492
88     'y[10,3]'                 0.183828
89     'y[11,1]'                 0.398489
90     'y[11,2]'                 0.43042
91     'y[11,3]'                 0.171091
92     'y[12,1]'                 0.444501
93     'y[12,2]'                 0.395336
94     'y[12,3]'                 0.160163
95     'y[13,1]'                 0.481442
96     'y[13,2]'                 0.3672
97     'y[13,3]'                 0.151357
98     'y[14,1]'                 0.509623
99     'y[14,2]'                 0.345758
100    'y[14,3]'                 0.144619
101    'y[15,1]'                 0.530291
102    'y[15,2]'                 0.330046
103    'y[15,3]'                 0.139663
104    'y[16,1]'                 0.534508
105    'y[16,2]'                 0.358056
106    'y[16,3]'                 0.107436
107    'y[17,1]'                 0.53861
108    'y[17,2]'                 0.380083
109    'y[17,3]'                 0.0813069
110    'y[18,1]'                 0.543327
111    'y[18,2]'                 0.396008
112    'y[18,3]'                 0.060665
113    'y[19,1]'                 0.549793
114    'y[19,2]'                 0.405566
115    'y[19,3]'                 0.0446418
116    'y[20,1]'                 0.559791
117    'y[20,2]'                 0.407878
118    'y[20,3]'                 0.032331
119    'y[21,1]'                 0.576048
120    'y[21,2]'                 0.401039
121    'y[21,3]'                 0.0229132
122    'y[22,1]'                 0.60235
123    'y[22,2]'                 0.381931
124    'y[22,3]'                 0.0157186
125    'y[23,1]'                 0.64285
126    'y[23,2]'                 0.346894
127    'y[23,3]'                 0.0102559
128    'y[24,1]'                 0.699667
129    'y[24,2]'                 0.294119
130    'y[24,3]'                 0.0062135
131    'y[25,1]'                 0.769086
132    'y[25,2]'                 0.227506
133    'y[25,3]'                 0.00340811
134    'y[26,1]'                 0.840262
135    'y[26,2]'                 0.158072
136    'y[26,3]'                 0.00166589
137    'y[27,1]'                 0.900682
138    'y[27,2]'                 0.0985902
139    'y[27,3]'                 0.000727754
140    'y[28,1]'                 0.943915
141    'y[28,2]'                 0.0557959
142    'y[28,3]'                 0.000289081
143    'y[29,1]'                 0.971056
144    'y[29,2]'                 0.0288378
145    'y[29,3]'                 0.000105748
146    'y[30,1]'                 0.986677
147    'y[30,2]'                 0.0132886
148    'y[30,3]'                 3.47341e-05
149    'L[1]'                    0
150    'L[2]'                  316.54
151    'L[3]'                  316.737
152    'L[4]'                  316.752
153    'L[5]'                  316.657
154    'L[6]'                  316.495
155    'L[7]'                  316.301
156    'L[8]'                  316.113
157    'L[9]'                  315.976
158    'L[10]'                 315.926
159    'L[11]'                 315.973
160    'L[12]'                 316.101
161    'L[13]'                 316.275
162    'L[14]'                 316.458
163    'L[15]'                 316.624
164    'L[16]'                 116.634
165    'L[17]'                 117.033
166    'L[18]'                 117.363
167    'L[19]'                 117.636
168    'L[20]'                 117.871
169    'L[21]'                 118.095
170    'L[22]'                 118.348
171    'L[23]'                 118.69
172    'L[24]'                 119.209
173    'L[25]'                 120.013
174    'L[26]'                 121.161
175    'L[27]'                 122.561
176    'L[28]'                 123.956
177    'L[29]'                 125.089
178    'L[30]'                 125.866
179    'x[1,1]'                  0.00429191
180    'x[1,2]'                  0.566532
181    'x[1,3]'                  0.429176
182    'x[2,1]'                  0.00841731
183    'x[2,2]'                  0.611004
184    'x[2,3]'                  0.380579
185    'x[3,1]'                  0.0144048
186    'x[3,2]'                  0.630083
187    'x[3,3]'                  0.355512
188    'x[4,1]'                  0.0229494
189    'x[4,2]'                  0.634953
190    'x[4,3]'                  0.342098
191    'x[5,1]'                  0.0348908
192    'x[5,2]'                  0.631183
193    'x[5,3]'                  0.333926
194    'x[6,1]'                  0.0510966
195    'x[6,2]'                  0.621229
196    'x[6,3]'                  0.327675
197    'x[7,1]'                  0.072224
198    'x[7,2]'                  0.606116
199    'x[7,3]'                  0.32166
200    'x[8,1]'                  0.0983681
201    'x[8,2]'                  0.586523
202    'x[8,3]'                  0.315109
203    'x[9,1]'                  0.128716
204    'x[9,2]'                  0.563442
205    'x[9,3]'                  0.307842
206    'x[10,1]'                 0.161449
207    'x[10,2]'                 0.538452
208    'x[10,3]'                 0.300099
209    'x[11,1]'                 0.19408
210    'x[11,2]'                 0.513541
211    'x[11,3]'                 0.292379
212    'x[12,1]'                 0.224152
213    'x[12,2]'                 0.490617
214    'x[12,3]'                 0.285231
215    'x[13,1]'                 0.249922
216    'x[13,2]'                 0.471007
217    'x[13,3]'                 0.27907
218    'x[14,1]'                 0.270657
219    'x[14,2]'                 0.455257
220    'x[14,3]'                 0.274086
221    'x[15,1]'                 0.286506
222    'x[15,2]'                 0.443236
223    'x[15,3]'                 0.270258
224    'x[16,1]'                 0.294721
225    'x[16,2]'                 0.493545
226    'x[16,3]'                 0.211734
227    'x[17,1]'                 0.30191
228    'x[17,2]'                 0.535406
229    'x[17,3]'                 0.162684
230    'x[18,1]'                 0.308772
231    'x[18,2]'                 0.568232
232    'x[18,3]'                 0.122996
233    'x[19,1]'                 0.316435
234    'x[19,2]'                 0.591871
235    'x[19,3]'                 0.0916935
236    'x[20,1]'                 0.326655
237    'x[20,2]'                 0.60592
238    'x[20,3]'                 0.0674247
239    'x[21,1]'                 0.342173
240    'x[21,2]'                 0.609032
241    'x[21,3]'                 0.0487949
242    'x[22,1]'                 0.367166
243    'x[22,2]'                 0.598283
244    'x[22,3]'                 0.0345512
245    'x[23,1]'                 0.407411
246    'x[23,2]'                 0.568915
247    'x[23,3]'                 0.0236739
248    'x[24,1]'                 0.469213
249    'x[24,2]'                 0.51537
250    'x[24,3]'                 0.0154177
251    'x[25,1]'                 0.555694
252    'x[25,2]'                 0.434993
253    'x[25,3]'                 0.00931296
254    'x[26,1]'                 0.66097
255    'x[26,2]'                 0.333945
256    'x[26,3]'                 0.00508426
257    'x[27,1]'                 0.768343
258    'x[27,2]'                 0.22919
259    'x[27,3]'                 0.00246711
260    'x[28,1]'                 0.858917
261    'x[28,2]'                 0.140019
262    'x[28,3]'                 0.00106433
263    'x[29,1]'                 0.923335
264    'x[29,2]'                 0.0762536
265    'x[29,3]'                 0.000411491
266    'x[30,1]'                 0.963585
267    'x[30,2]'                 0.036275
268    'x[30,3]'                 0.000139714
269    PC                       60.2021
270    PR                      139.798
271    'T[1]'                  384.404
272    'T[2]'                  383.757
273    'T[3]'                  383.264
274    'T[4]'                  382.774
275    'T[5]'                  382.196
276    'T[6]'                  381.471
277    'T[7]'                  380.571
278    'T[8]'                  379.501
279    'T[9]'                  378.308
280    'T[10]'                 377.073
281    'T[11]'                 375.891
282    'T[12]'                 374.84
283    'T[13]'                 373.967
284    'T[14]'                 373.281
285    'T[15]'                 372.768
286    'T[16]'                 372.17
287    'T[17]'                 371.67
288    'T[18]'                 371.24
289    'T[19]'                 370.84
290    'T[20]'                 370.412
291    'T[21]'                 369.872
292    'T[22]'                 369.108
293    'T[23]'                 367.98
294    'T[24]'                 366.371
295    'T[25]'                 364.29
296    'T[26]'                 361.97
297    'T[27]'                 359.804
298    'T[28]'                 358.116
299    'T[29]'                 356.983
300    'T[30]'                 356.303
301    TF                      372.396
302    QC                     2046.16
303    QR                     2084.49
304    'H[1,1]'                  2.32159
305    'H[1,2]'                  1.34907
306    'H[1,3]'                  2.79999
307    'H[2,1]'                  2.30269
308    'H[2,2]'                  1.3406
309    'H[2,3]'                  2.77708
310    'H[3,1]'                  2.28828
311    'H[3,2]'                  1.33413
312    'H[3,3]'                  2.7596
313    'H[4,1]'                  2.274
314    'H[4,2]'                  1.32769
315    'H[4,3]'                  2.74229
316    'H[5,1]'                  2.25716
317    'H[5,2]'                  1.32008
318    'H[5,3]'                  2.72187
319    'H[6,1]'                  2.23606
320    'H[6,2]'                  1.31051
321    'H[6,3]'                  2.6963
322    'H[7,1]'                  2.20989
323    'H[7,2]'                  1.29858
324    'H[7,3]'                  2.66458
325    'H[8,1]'                  2.17886
326    'H[8,2]'                  1.28434
327    'H[8,3]'                  2.62697
328    'H[9,1]'                  2.14434
329    'H[9,2]'                  1.26841
330    'H[9,3]'                  2.58515
331    'H[10,1]'                 2.1087
332    'H[10,2]'                 1.25183
333    'H[10,3]'                 2.54198
334    'H[11,1]'                 2.07465
335    'H[11,2]'                 1.23588
336    'H[11,3]'                 2.50074
337    'H[12,1]'                 2.04445
338    'H[12,2]'                 1.22164
339    'H[12,3]'                 2.46417
340    'H[13,1]'                 2.01941
341    'H[13,2]'                 1.20977
342    'H[13,3]'                 2.43386
343    'H[14,1]'                 1.99979
344    'H[14,2]'                 1.20042
345    'H[14,3]'                 2.41011
346    'H[15,1]'                 1.9851
347    'H[15,2]'                 1.1934
348    'H[15,3]'                 2.39233
349    'H[16,1]'                 1.96803
350    'H[16,2]'                 1.18521
351    'H[16,3]'                 2.37167
352    'H[17,1]'                 1.95374
353    'H[17,2]'                 1.17833
354    'H[17,3]'                 2.35438
355    'H[18,1]'                 1.94149
356    'H[18,2]'                 1.17242
357    'H[18,3]'                 2.33955
358    'H[19,1]'                 1.9301
359    'H[19,2]'                 1.1669
360    'H[19,3]'                 2.32576
361    'H[20,1]'                 1.9179
362    'H[20,2]'                 1.16099
363    'H[20,3]'                 2.31101
364    'H[21,1]'                 1.90257
365    'H[21,2]'                 1.15353
366    'H[21,3]'                 2.29246
367    'H[22,1]'                 1.88086
368    'H[22,2]'                 1.14293
369    'H[22,3]'                 2.2662
370    'H[23,1]'                 1.84888
371    'H[23,2]'                 1.12722
372    'H[23,3]'                 2.22752
373    'H[24,1]'                 1.80341
374    'H[24,2]'                 1.1047
375    'H[24,3]'                 2.17253
376    'H[25,1]'                 1.7448
377    'H[25,2]'                 1.07535
378    'H[25,3]'                 2.10168
379    'H[26,1]'                 1.67972
380    'H[26,2]'                 1.04232
381    'H[26,3]'                 2.02303
382    'H[27,1]'                 1.61928
383    'H[27,2]'                 1.01122
384    'H[27,3]'                 1.95001
385    'H[28,1]'                 1.57232
386    'H[28,2]'                 0.986775
387    'H[28,3]'                 1.89329
388    'H[29,1]'                 1.54092
389    'H[29,2]'                 0.97029
390    'H[29,3]'                 1.85537
391    'H[30,1]'                 1.52208
392    'H[30,2]'                 0.960345
393    'H[30,3]'                 1.83262
394    'HF[1]'                   1.97448
395    'HF[2]'                   1.18831
396    'HF[3]'                   2.37948
397    'h[1,1]'                 -7.76947
398    'h[1,2]'                -10.1414
399    'h[1,3]'                 -9.43689
400    'h[2,1]'                 -7.809
401    'h[2,2]'                -10.1728
402    'h[2,3]'                 -9.4802
403    'h[3,1]'                 -7.83913
404    'h[3,2]'                -10.1967
405    'h[3,3]'                 -9.51322
406    'h[4,1]'                 -7.86896
407    'h[4,2]'                -10.2205
408    'h[4,3]'                 -9.54591
409    'h[5,1]'                 -7.90411
410    'h[5,2]'                -10.2485
411    'h[5,3]'                 -9.58444
412    'h[6,1]'                 -7.94809
413    'h[6,2]'                -10.2836
414    'h[6,3]'                 -9.63266
415    'h[7,1]'                 -8.0026
416    'h[7,2]'                -10.3271
417    'h[7,3]'                 -9.69244
418    'h[8,1]'                 -8.06715
419    'h[8,2]'                -10.3789
420    'h[8,3]'                 -9.76324
421    'h[9,1]'                 -8.13881
422    'h[9,2]'                -10.4364
423    'h[9,3]'                 -9.84188
424    'h[10,1]'                -8.21269
425    'h[10,2]'               -10.496
426    'h[10,3]'                -9.92296
427    'h[11,1]'                -8.28317
428    'h[11,2]'               -10.5529
429    'h[11,3]'               -10.0003
430    'h[12,1]'                -8.34556
431    'h[12,2]'               -10.6034
432    'h[12,3]'               -10.0689
433    'h[13,1]'                -8.39723
434    'h[13,2]'               -10.6454
435    'h[13,3]'               -10.1256
436    'h[14,1]'                -8.43768
437    'h[14,2]'               -10.6783
438    'h[14,3]'               -10.17
439    'h[15,1]'                -8.46794
440    'h[15,2]'               -10.703
441    'h[15,3]'               -10.2033
442    'h[16,1]'                -8.50308
443    'h[16,2]'               -10.7316
444    'h[16,3]'               -10.2419
445    'h[17,1]'                -8.53247
446    'h[17,2]'               -10.7556
447    'h[17,3]'               -10.2742
448    'h[18,1]'                -8.55767
449    'h[18,2]'               -10.7762
450    'h[18,3]'               -10.3019
451    'h[19,1]'                -8.58108
452    'h[19,2]'               -10.7954
453    'h[19,3]'               -10.3276
454    'h[20,1]'                -8.60612
455    'h[20,2]'               -10.8159
456    'h[20,3]'               -10.3552
457    'h[21,1]'                -8.6376
458    'h[21,2]'               -10.8417
459    'h[21,3]'               -10.3898
460    'h[22,1]'                -8.68212
461    'h[22,2]'               -10.8783
462    'h[22,3]'               -10.4387
463    'h[23,1]'                -8.74762
464    'h[23,2]'               -10.9323
465    'h[23,3]'               -10.5108
466    'h[24,1]'                -8.84063
467    'h[24,2]'               -11.0091
468    'h[24,3]'               -10.6131
469    'h[25,1]'                -8.96023
470    'h[25,2]'               -11.1084
471    'h[25,3]'               -10.7446
472    'h[26,1]'                -9.09272
473    'h[26,2]'               -11.2189
474    'h[26,3]'               -10.8905
475    'h[27,1]'                -9.21546
476    'h[27,2]'               -11.3219
477    'h[27,3]'               -11.0256
478    'h[28,1]'                -9.31064
479    'h[28,2]'               -11.4021
480    'h[28,3]'               -11.1304
481    'h[29,1]'                -9.37418
482    'h[29,2]'               -11.4558
483    'h[29,3]'               -11.2004
484    'h[30,1]'                -9.41227
485    'h[30,2]'               -11.4881
486    'h[30,3]'               -11.2423
487    'hF[1]'                  -8.4898
488    'hF[2]'                 -10.7208
489    'hF[3]'                 -10.2273
490    'tauGamma[1,1,1]'     1e-06
491    'tauGamma[1,1,2]'        -0.373255
492    'tauGamma[1,1,3]'     1e-06
493    'tauGamma[1,2,1]'         0.391964
494    'tauGamma[1,2,2]'     1e-06
495    'tauGamma[1,2,3]'         0.136961
496    'tauGamma[1,3,1]'     1e-06
497    'tauGamma[1,3,2]'        -0.0882173
498    'tauGamma[1,3,3]'     1e-06
499    'tauGamma[2,1,1]'     1e-06
500    'tauGamma[2,1,2]'        -0.373883
501    'tauGamma[2,1,3]'     1e-06
502    'tauGamma[2,2,1]'         0.392624
503    'tauGamma[2,2,2]'     1e-06
504    'tauGamma[2,2,3]'         0.1293
505    'tauGamma[2,3,1]'     1e-06
506    'tauGamma[2,3,2]'        -0.0778919
507    'tauGamma[2,3,3]'     1e-06
508    'tauGamma[3,1,1]'     1e-06
509    'tauGamma[3,1,2]'        -0.374365
510    'tauGamma[3,1,3]'     1e-06
511    'tauGamma[3,2,1]'         0.393129
512    'tauGamma[3,2,2]'     1e-06
513    'tauGamma[3,2,3]'         0.123432
514    'tauGamma[3,3,1]'     1e-06
515    'tauGamma[3,3,2]'        -0.0699821
516    'tauGamma[3,3,3]'     1e-06
517    'tauGamma[4,1,1]'     1e-06
518    'tauGamma[4,1,2]'        -0.374844
519    'tauGamma[4,1,3]'     1e-06
520    'tauGamma[4,2,1]'         0.393632
521    'tauGamma[4,2,2]'     1e-06
522    'tauGamma[4,2,3]'         0.117598
523    'tauGamma[4,3,1]'     1e-06
524    'tauGamma[4,3,2]'        -0.0621188
525    'tauGamma[4,3,3]'     1e-06
526    'tauGamma[5,1,1]'     1e-06
527    'tauGamma[5,1,2]'        -0.37541
528    'tauGamma[5,1,3]'     1e-06
529    'tauGamma[5,2,1]'         0.394227
530    'tauGamma[5,2,2]'     1e-06
531    'tauGamma[5,2,3]'         0.110692
532    'tauGamma[5,3,1]'     1e-06
533    'tauGamma[5,3,2]'        -0.0528103
534    'tauGamma[5,3,3]'     1e-06
535    'tauGamma[6,1,1]'     1e-06
536    'tauGamma[6,1,2]'        -0.376124
537    'tauGamma[6,1,3]'     1e-06
538    'tauGamma[6,2,1]'         0.394976
539    'tauGamma[6,2,2]'     1e-06
540    'tauGamma[6,2,3]'         0.102001
541    'tauGamma[6,3,1]'     1e-06
542    'tauGamma[6,3,2]'        -0.0410948
543    'tauGamma[6,3,3]'     1e-06
544    'tauGamma[7,1,1]'     1e-06
545    'tauGamma[7,1,2]'        -0.377014
546    'tauGamma[7,1,3]'     1e-06
547    'tauGamma[7,2,1]'         0.395911
548    'tauGamma[7,2,2]'     1e-06
549    'tauGamma[7,2,3]'         0.0911539
550    'tauGamma[7,3,1]'     1e-06
551    'tauGamma[7,3,2]'        -0.0264741
552    'tauGamma[7,3,3]'     1e-06
553    'tauGamma[8,1,1]'     1e-06
554    'tauGamma[8,1,2]'        -0.378077
555    'tauGamma[8,1,3]'     1e-06
556    'tauGamma[8,2,1]'         0.397028
557    'tauGamma[8,2,2]'     1e-06
558    'tauGamma[8,2,3]'         0.0781992
559    'tauGamma[8,3,1]'     1e-06
560    'tauGamma[8,3,2]'        -0.00901233
561    'tauGamma[8,3,3]'     1e-06
562    'tauGamma[9,1,1]'     1e-06
563    'tauGamma[9,1,2]'        -0.379269
564    'tauGamma[9,1,3]'     1e-06
565    'tauGamma[9,2,1]'         0.398279
566    'tauGamma[9,2,2]'     1e-06
567    'tauGamma[9,2,3]'         0.0636732
568    'tauGamma[9,3,1]'     1e-06
569    'tauGamma[9,3,2]'         0.0105674
570    'tauGamma[9,3,3]'     1e-06
571    'tauGamma[10,1,1]'    1e-06
572    'tauGamma[10,1,2]'       -0.380511
573    'tauGamma[10,1,3]'    1e-06
574    'tauGamma[10,2,1]'        0.399584
575    'tauGamma[10,2,2]'    1e-06
576    'tauGamma[10,2,3]'        0.0485414
577    'tauGamma[10,3,1]'    1e-06
578    'tauGamma[10,3,2]'        0.0309637
579    'tauGamma[10,3,3]'    1e-06
580    'tauGamma[11,1,1]'    1e-06
581    'tauGamma[11,1,2]'       -0.381708
582    'tauGamma[11,1,3]'    1e-06
583    'tauGamma[11,2,1]'        0.400841
584    'tauGamma[11,2,2]'    1e-06
585    'tauGamma[11,2,3]'        0.0339544
586    'tauGamma[11,3,1]'    1e-06
587    'tauGamma[11,3,2]'        0.0506257
588    'tauGamma[11,3,3]'    1e-06
589    'tauGamma[12,1,1]'    1e-06
590    'tauGamma[12,1,2]'       -0.382778
591    'tauGamma[12,1,3]'    1e-06
592    'tauGamma[12,2,1]'        0.401965
593    'tauGamma[12,2,2]'    1e-06
594    'tauGamma[12,2,3]'        0.0209136
595    'tauGamma[12,3,1]'    1e-06
596    'tauGamma[12,3,2]'        0.0682034
597    'tauGamma[12,3,3]'    1e-06
598    'tauGamma[13,1,1]'    1e-06
599    'tauGamma[13,1,2]'       -0.383672
600    'tauGamma[13,1,3]'    1e-06
601    'tauGamma[13,2,1]'        0.402903
602    'tauGamma[13,2,2]'    1e-06
603    'tauGamma[13,2,3]'        0.0100248
604    'tauGamma[13,3,1]'    1e-06
605    'tauGamma[13,3,2]'        0.0828806
606    'tauGamma[13,3,3]'    1e-06
607    'tauGamma[14,1,1]'    1e-06
608    'tauGamma[14,1,2]'       -0.384376
609    'tauGamma[14,1,3]'    1e-06
610    'tauGamma[14,2,1]'        0.403642
611    'tauGamma[14,2,2]'    1e-06
612    'tauGamma[14,2,3]'        0.00144471
613    'tauGamma[14,3,1]'    1e-06
614    'tauGamma[14,3,2]'        0.0944458
615    'tauGamma[14,3,3]'    1e-06
616    'tauGamma[15,1,1]'    1e-06
617    'tauGamma[15,1,2]'       -0.384906
618    'tauGamma[15,1,3]'    1e-06
619    'tauGamma[15,2,1]'        0.404199
620    'tauGamma[15,2,2]'    1e-06
621    'tauGamma[15,2,3]'       -0.00500915
622    'tauGamma[15,3,1]'    1e-06
623    'tauGamma[15,3,2]'        0.103145
624    'tauGamma[15,3,3]'    1e-06
625    'tauGamma[16,1,1]'    1e-06
626    'tauGamma[16,1,2]'       -0.385524
627    'tauGamma[16,1,3]'    1e-06
628    'tauGamma[16,2,1]'        0.404848
629    'tauGamma[16,2,2]'    1e-06
630    'tauGamma[16,2,3]'       -0.0125396
631    'tauGamma[16,3,1]'    1e-06
632    'tauGamma[16,3,2]'        0.113295
633    'tauGamma[16,3,3]'    1e-06
634    'tauGamma[17,1,1]'    1e-06
635    'tauGamma[17,1,2]'       -0.386043
636    'tauGamma[17,1,3]'    1e-06
637    'tauGamma[17,2,1]'        0.405393
638    'tauGamma[17,2,2]'    1e-06
639    'tauGamma[17,2,3]'       -0.0188676
640    'tauGamma[17,3,1]'    1e-06
641    'tauGamma[17,3,2]'        0.121825
642    'tauGamma[17,3,3]'    1e-06
643    'tauGamma[18,1,1]'    1e-06
644    'tauGamma[18,1,2]'       -0.38649
645    'tauGamma[18,1,3]'    1e-06
646    'tauGamma[18,2,1]'        0.405862
647    'tauGamma[18,2,2]'    1e-06
648    'tauGamma[18,2,3]'       -0.024314
649    'tauGamma[18,3,1]'    1e-06
650    'tauGamma[18,3,2]'        0.129166
651    'tauGamma[18,3,3]'    1e-06
652    'tauGamma[19,1,1]'    1e-06
653    'tauGamma[19,1,2]'       -0.386907
654    'tauGamma[19,1,3]'    1e-06
655    'tauGamma[19,2,1]'        0.4063
656    'tauGamma[19,2,2]'    1e-06
657    'tauGamma[19,2,3]'       -0.0293929
658    'tauGamma[19,3,1]'    1e-06
659    'tauGamma[19,3,2]'        0.136012
660    'tauGamma[19,3,3]'    1e-06
661    'tauGamma[20,1,1]'    1e-06
662    'tauGamma[20,1,2]'       -0.387354
663    'tauGamma[20,1,3]'    1e-06
664    'tauGamma[20,2,1]'        0.40677
665    'tauGamma[20,2,2]'    1e-06
666    'tauGamma[20,2,3]'       -0.0348446
667    'tauGamma[20,3,1]'    1e-06
668    'tauGamma[20,3,2]'        0.143361
669    'tauGamma[20,3,3]'    1e-06
670    'tauGamma[21,1,1]'    1e-06
671    'tauGamma[21,1,2]'       -0.387919
672    'tauGamma[21,1,3]'    1e-06
673    'tauGamma[21,2,1]'        0.407363
674    'tauGamma[21,2,2]'    1e-06
675    'tauGamma[21,2,3]'       -0.0417276
676    'tauGamma[21,3,1]'    1e-06
677    'tauGamma[21,3,2]'        0.152638
678    'tauGamma[21,3,3]'    1e-06
679    'tauGamma[22,1,1]'    1e-06
680    'tauGamma[22,1,2]'       -0.388722
681    'tauGamma[22,1,3]'    1e-06
682    'tauGamma[22,2,1]'        0.408207
683    'tauGamma[22,2,2]'    1e-06
684    'tauGamma[22,2,3]'       -0.0515162
685    'tauGamma[22,3,1]'    1e-06
686    'tauGamma[22,3,2]'        0.165832
687    'tauGamma[22,3,3]'    1e-06
688    'tauGamma[23,1,1]'    1e-06
689    'tauGamma[23,1,2]'       -0.389914
690    'tauGamma[23,1,3]'    1e-06
691    'tauGamma[23,2,1]'        0.409458
692    'tauGamma[23,2,2]'    1e-06
693    'tauGamma[23,2,3]'       -0.0660361
694    'tauGamma[23,3,1]'    1e-06
695    'tauGamma[23,3,2]'        0.185404
696    'tauGamma[23,3,3]'    1e-06
697    'tauGamma[24,1,1]'    1e-06
698    'tauGamma[24,1,2]'       -0.391626
699    'tauGamma[24,1,3]'    1e-06
700    'tauGamma[24,2,1]'        0.411256
701    'tauGamma[24,2,2]'    1e-06
702    'tauGamma[24,2,3]'       -0.0868968
703    'tauGamma[24,3,1]'    1e-06
704    'tauGamma[24,3,2]'        0.213522
705    'tauGamma[24,3,3]'    1e-06
706    'tauGamma[25,1,1]'    1e-06
707    'tauGamma[25,1,2]'       -0.393863
708    'tauGamma[25,1,3]'    1e-06
709    'tauGamma[25,2,1]'        0.413605
710    'tauGamma[25,2,2]'    1e-06
711    'tauGamma[25,2,3]'       -0.114155
712    'tauGamma[25,3,1]'    1e-06
713    'tauGamma[25,3,2]'        0.250263
714    'tauGamma[25,3,3]'    1e-06
715    'tauGamma[26,1,1]'    1e-06
716    'tauGamma[26,1,2]'       -0.396388
717    'tauGamma[26,1,3]'    1e-06
718    'tauGamma[26,2,1]'        0.416257
719    'tauGamma[26,2,2]'    1e-06
720    'tauGamma[26,2,3]'       -0.144925
721    'tauGamma[26,3,1]'    1e-06
722    'tauGamma[26,3,2]'        0.29174
723    'tauGamma[26,3,3]'    1e-06
724    'tauGamma[27,1,1]'    1e-06
725    'tauGamma[27,1,2]'       -0.398773
726    'tauGamma[27,1,3]'    1e-06
727    'tauGamma[27,2,1]'        0.418761
728    'tauGamma[27,2,2]'    1e-06
729    'tauGamma[27,2,3]'       -0.17399
730    'tauGamma[27,3,1]'    1e-06
731    'tauGamma[27,3,2]'        0.330916
732    'tauGamma[27,3,3]'    1e-06
733    'tauGamma[28,1,1]'    1e-06
734    'tauGamma[28,1,2]'       -0.400654
735    'tauGamma[28,1,3]'    1e-06
736    'tauGamma[28,2,1]'        0.420736
737    'tauGamma[28,2,2]'    1e-06
738    'tauGamma[28,2,3]'       -0.196904
739    'tauGamma[28,3,1]'    1e-06
740    'tauGamma[28,3,2]'        0.361802
741    'tauGamma[28,3,3]'    1e-06
742    'tauGamma[29,1,1]'    1e-06
743    'tauGamma[29,1,2]'       -0.401925
744    'tauGamma[29,1,3]'    1e-06
745    'tauGamma[29,2,1]'        0.422071
746    'tauGamma[29,2,2]'    1e-06
747    'tauGamma[29,2,3]'       -0.21239
748    'tauGamma[29,3,1]'    1e-06
749    'tauGamma[29,3,2]'        0.382676
750    'tauGamma[29,3,3]'    1e-06
751    'tauGamma[30,1,1]'    1e-06
752    'tauGamma[30,1,2]'       -0.402693
753    'tauGamma[30,1,3]'    1e-06
754    'tauGamma[30,2,1]'        0.422877
755    'tauGamma[30,2,2]'    1e-06
756    'tauGamma[30,2,3]'       -0.221745
757    'tauGamma[30,3,1]'    1e-06
758    'tauGamma[30,3,2]'        0.395285
759    'tauGamma[30,3,3]'    1e-06
760    'PGamma[1,1,1]'           1
761    'PGamma[1,1,2]'           1.11849
762    'PGamma[1,1,3]'           1
763    'PGamma[1,2,1]'           0.889061
764    'PGamma[1,2,2]'           1
765    'PGamma[1,2,3]'           0.97298
766    'PGamma[1,3,1]'           1
767    'PGamma[1,3,2]'           1.0178
768    'PGamma[1,3,3]'           1
769    'PGamma[2,1,1]'           1
770    'PGamma[2,1,2]'           1.1187
771    'PGamma[2,1,3]'           1
772    'PGamma[2,2,1]'           0.888885
773    'PGamma[2,2,2]'           1
774    'PGamma[2,2,3]'           0.974471
775    'PGamma[2,3,1]'           1
776    'PGamma[2,3,2]'           1.0157
777    'PGamma[2,3,3]'           1
778    'PGamma[3,1,1]'           1
779    'PGamma[3,1,2]'           1.11886
780    'PGamma[3,1,3]'           1
781    'PGamma[3,2,1]'           0.88875
782    'PGamma[3,2,2]'           1
783    'PGamma[3,2,3]'           0.975616
784    'PGamma[3,3,1]'           1
785    'PGamma[3,3,2]'           1.01409
786    'PGamma[3,3,3]'           1
787    'PGamma[4,1,1]'           1
788    'PGamma[4,1,2]'           1.11902
789    'PGamma[4,1,3]'           1
790    'PGamma[4,2,1]'           0.888616
791    'PGamma[4,2,2]'           1
792    'PGamma[4,2,3]'           0.976755
793    'PGamma[4,3,1]'           1
794    'PGamma[4,3,2]'           1.0125
795    'PGamma[4,3,3]'           1
796    'PGamma[5,1,1]'           1
797    'PGamma[5,1,2]'           1.11921
798    'PGamma[5,1,3]'           1
799    'PGamma[5,2,1]'           0.888458
800    'PGamma[5,2,2]'           1
801    'PGamma[5,2,3]'           0.978105
802    'PGamma[5,3,1]'           1
803    'PGamma[5,3,2]'           1.01062
804    'PGamma[5,3,3]'           1
805    'PGamma[6,1,1]'           1
806    'PGamma[6,1,2]'           1.11945
807    'PGamma[6,1,3]'           1
808    'PGamma[6,2,1]'           0.888258
809    'PGamma[6,2,2]'           1
810    'PGamma[6,2,3]'           0.979807
811    'PGamma[6,3,1]'           1
812    'PGamma[6,3,2]'           1.00825
813    'PGamma[6,3,3]'           1
814    'PGamma[7,1,1]'           1
815    'PGamma[7,1,2]'           1.11975
816    'PGamma[7,1,3]'           1
817    'PGamma[7,2,1]'           0.888009
818    'PGamma[7,2,2]'           1
819    'PGamma[7,2,3]'           0.981934
820    'PGamma[7,3,1]'           1
821    'PGamma[7,3,2]'           1.00531
822    'PGamma[7,3,3]'           1
823    'PGamma[8,1,1]'           1
824    'PGamma[8,1,2]'           1.12011
825    'PGamma[8,1,3]'           1
826    'PGamma[8,2,1]'           0.887712
827    'PGamma[8,2,2]'           1
828    'PGamma[8,2,3]'           0.984482
829    'PGamma[8,3,1]'           1
830    'PGamma[8,3,2]'           1.0018
831    'PGamma[8,3,3]'           1
832    'PGamma[9,1,1]'           1
833    'PGamma[9,1,2]'           1.12051
834    'PGamma[9,1,3]'           1
835    'PGamma[9,2,1]'           0.887378
836    'PGamma[9,2,2]'           1
837    'PGamma[9,2,3]'           0.987346
838    'PGamma[9,3,1]'           1
839    'PGamma[9,3,2]'           0.997889
840    'PGamma[9,3,3]'           1
841    'PGamma[10,1,1]'          1
842    'PGamma[10,1,2]'          1.12092
843    'PGamma[10,1,3]'          1
844    'PGamma[10,2,1]'          0.887031
845    'PGamma[10,2,2]'          1
846    'PGamma[10,2,3]'          0.990339
847    'PGamma[10,3,1]'          1
848    'PGamma[10,3,2]'          0.993826
849    'PGamma[10,3,3]'          1
850    'PGamma[11,1,1]'          1
851    'PGamma[11,1,2]'          1.12133
852    'PGamma[11,1,3]'          1
853    'PGamma[11,2,1]'          0.886697
854    'PGamma[11,2,2]'          1
855    'PGamma[11,2,3]'          0.993232
856    'PGamma[11,3,1]'          1
857    'PGamma[11,3,2]'          0.989926
858    'PGamma[11,3,3]'          1
859    'PGamma[12,1,1]'          1
860    'PGamma[12,1,2]'          1.12169
861    'PGamma[12,1,3]'          1
862    'PGamma[12,2,1]'          0.886398
863    'PGamma[12,2,2]'          1
864    'PGamma[12,2,3]'          0.995826
865    'PGamma[12,3,1]'          1
866    'PGamma[12,3,2]'          0.986452
867    'PGamma[12,3,3]'          1
868    'PGamma[13,1,1]'          1
869    'PGamma[13,1,2]'          1.12199
870    'PGamma[13,1,3]'          1
871    'PGamma[13,2,1]'          0.886148
872    'PGamma[13,2,2]'          1
873    'PGamma[13,2,3]'          0.997997
874    'PGamma[13,3,1]'          1
875    'PGamma[13,3,2]'          0.983561
876    'PGamma[13,3,3]'          1
877    'PGamma[14,1,1]'          1
878    'PGamma[14,1,2]'          1.12222
879    'PGamma[14,1,3]'          1
880    'PGamma[14,2,1]'          0.885952
881    'PGamma[14,2,2]'          1
882    'PGamma[14,2,3]'          0.999711
883    'PGamma[14,3,1]'          1
884    'PGamma[14,3,2]'          0.981288
885    'PGamma[14,3,3]'          1
886    'PGamma[15,1,1]'          1
887    'PGamma[15,1,2]'          1.1224
888    'PGamma[15,1,3]'          1
889    'PGamma[15,2,1]'          0.885804
890    'PGamma[15,2,2]'          1
891    'PGamma[15,2,3]'          1.001
892    'PGamma[15,3,1]'          1
893    'PGamma[15,3,2]'          0.979582
894    'PGamma[15,3,3]'          1
895    'PGamma[16,1,1]'          1
896    'PGamma[16,1,2]'          1.12261
897    'PGamma[16,1,3]'          1
898    'PGamma[16,2,1]'          0.885632
899    'PGamma[16,2,2]'          1
900    'PGamma[16,2,3]'          1.00251
901    'PGamma[16,3,1]'          1
902    'PGamma[16,3,2]'          0.977596
903    'PGamma[16,3,3]'          1
904    'PGamma[17,1,1]'          1
905    'PGamma[17,1,2]'          1.12279
906    'PGamma[17,1,3]'          1
907    'PGamma[17,2,1]'          0.885487
908    'PGamma[17,2,2]'          1
909    'PGamma[17,2,3]'          1.00378
910    'PGamma[17,3,1]'          1
911    'PGamma[17,3,2]'          0.975929
912    'PGamma[17,3,3]'          1
913    'PGamma[18,1,1]'          1
914    'PGamma[18,1,2]'          1.12294
915    'PGamma[18,1,3]'          1
916    'PGamma[18,2,1]'          0.885362
917    'PGamma[18,2,2]'          1
918    'PGamma[18,2,3]'          1.00487
919    'PGamma[18,3,1]'          1
920    'PGamma[18,3,2]'          0.974498
921    'PGamma[18,3,3]'          1
922    'PGamma[19,1,1]'          1
923    'PGamma[19,1,2]'          1.12308
924    'PGamma[19,1,3]'          1
925    'PGamma[19,2,1]'          0.885246
926    'PGamma[19,2,2]'          1
927    'PGamma[19,2,3]'          1.0059
928    'PGamma[19,3,1]'          1
929    'PGamma[19,3,2]'          0.973164
930    'PGamma[19,3,3]'          1
931    'PGamma[20,1,1]'          1
932    'PGamma[20,1,2]'          1.12323
933    'PGamma[20,1,3]'          1
934    'PGamma[20,2,1]'          0.885121
935    'PGamma[20,2,2]'          1
936    'PGamma[20,2,3]'          1.00699
937    'PGamma[20,3,1]'          1
938    'PGamma[20,3,2]'          0.971735
939    'PGamma[20,3,3]'          1
940    'PGamma[21,1,1]'          1
941    'PGamma[21,1,2]'          1.12342
942    'PGamma[21,1,3]'          1
943    'PGamma[21,2,1]'          0.884963
944    'PGamma[21,2,2]'          1
945    'PGamma[21,2,3]'          1.00838
946    'PGamma[21,3,1]'          1
947    'PGamma[21,3,2]'          0.969934
948    'PGamma[21,3,3]'          1
949    'PGamma[22,1,1]'          1
950    'PGamma[22,1,2]'          1.12369
951    'PGamma[22,1,3]'          1
952    'PGamma[22,2,1]'          0.88474
953    'PGamma[22,2,2]'          1
954    'PGamma[22,2,3]'          1.01036
955    'PGamma[22,3,1]'          1
956    'PGamma[22,3,2]'          0.967378
957    'PGamma[22,3,3]'          1
958    'PGamma[23,1,1]'          1
959    'PGamma[23,1,2]'          1.12409
960    'PGamma[23,1,3]'          1
961    'PGamma[23,2,1]'          0.884407
962    'PGamma[23,2,2]'          1
963    'PGamma[23,2,3]'          1.01329
964    'PGamma[23,3,1]'          1
965    'PGamma[23,3,2]'          0.963598
966    'PGamma[23,3,3]'          1
967    'PGamma[24,1,1]'          1
968    'PGamma[24,1,2]'          1.12467
969    'PGamma[24,1,3]'          1
970    'PGamma[24,2,1]'          0.883931
971    'PGamma[24,2,2]'          1
972    'PGamma[24,2,3]'          1.01753
973    'PGamma[24,3,1]'          1
974    'PGamma[24,3,2]'          0.958195
975    'PGamma[24,3,3]'          1
976    'PGamma[25,1,1]'          1
977    'PGamma[25,1,2]'          1.12542
978    'PGamma[25,1,3]'          1
979    'PGamma[25,2,1]'          0.883308
980    'PGamma[25,2,2]'          1
981    'PGamma[25,2,3]'          1.02309
982    'PGamma[25,3,1]'          1
983    'PGamma[25,3,2]'          0.951179
984    'PGamma[25,3,3]'          1
985    'PGamma[26,1,1]'          1
986    'PGamma[26,1,2]'          1.12628
987    'PGamma[26,1,3]'          1
988    'PGamma[26,2,1]'          0.882605
989    'PGamma[26,2,2]'          1
990    'PGamma[26,2,3]'          1.02941
991    'PGamma[26,3,1]'          1
992    'PGamma[26,3,2]'          0.943322
993    'PGamma[26,3,3]'          1
994    'PGamma[27,1,1]'          1
995    'PGamma[27,1,2]'          1.12708
996    'PGamma[27,1,3]'          1
997    'PGamma[27,2,1]'          0.881942
998    'PGamma[27,2,2]'          1
999    'PGamma[27,2,3]'          1.03541
1000   'PGamma[27,3,1]'          1
1001   'PGamma[27,3,2]'          0.935959
1002   'PGamma[27,3,3]'          1
1003   'PGamma[28,1,1]'          1
1004   'PGamma[28,1,2]'          1.12772
1005   'PGamma[28,1,3]'          1
1006   'PGamma[28,2,1]'          0.88142
1007   'PGamma[28,2,2]'          1
1008   'PGamma[28,2,3]'          1.04017
1009   'PGamma[28,3,1]'          1
1010   'PGamma[28,3,2]'          0.930196
1011   'PGamma[28,3,3]'          1
1012   'PGamma[29,1,1]'          1
1013   'PGamma[29,1,2]'          1.12815
1014   'PGamma[29,1,3]'          1
1015   'PGamma[29,2,1]'          0.881067
1016   'PGamma[29,2,2]'          1
1017   'PGamma[29,2,3]'          1.04339
1018   'PGamma[29,3,1]'          1
1019   'PGamma[29,3,2]'          0.92632
1020   'PGamma[29,3,3]'          1
1021   'PGamma[30,1,1]'          1
1022   'PGamma[30,1,2]'          1.12841
1023   'PGamma[30,1,3]'          1
1024   'PGamma[30,2,1]'          0.880854
1025   'PGamma[30,2,2]'          1
1026   'PGamma[30,2,3]'          1.04535
1027   'PGamma[30,3,1]'          1
1028   'PGamma[30,3,2]'          0.923987
1029   'PGamma[30,3,3]'          1
1030   'SGamma1[1,1]'            0.197425
1031   'SGamma1[1,2]'           -0.0403259
1032   'SGamma1[1,3]'            0.0754964
1033   'SGamma1[2,1]'            0.213239
1034   'SGamma1[2,2]'           -0.0336295
1035   'SGamma1[2,3]'            0.0769865
1036   'SGamma1[3,1]'            0.220148
1037   'SGamma1[3,2]'           -0.0312631
1038   'SGamma1[3,3]'            0.0758764
1039   'SGamma1[4,1]'            0.222099
1040   'SGamma1[4,2]'           -0.031142
1041   'SGamma1[4,3]'            0.0729341
1042   'SGamma1[5,1]'            0.221075
1043   'SGamma1[5,2]'           -0.0324812
1044   'SGamma1[5,3]'            0.0683378
1045   'SGamma1[6,1]'            0.217953
1046   'SGamma1[6,2]'           -0.0350905
1047   'SGamma1[6,3]'            0.0620866
1048   'SGamma1[7,1]'            0.213094
1049   'SGamma1[7,2]'           -0.0390504
1050   'SGamma1[7,3]'            0.0542522
1051   'SGamma1[8,1]'            0.206718
1052   'SGamma1[8,2]'           -0.0445019
1053   'SGamma1[8,3]'            0.0451543
1054   'SGamma1[9,1]'            0.199135
1055   'SGamma1[9,2]'           -0.0514543
1056   'SGamma1[9,3]'            0.0354226
1057   'SGamma1[10,1]'           0.190851
1058   'SGamma1[10,2]'          -0.0596266
1059   'SGamma1[10,3]'           0.0258852
1060   'SGamma1[11,1]'           0.182525
1061   'SGamma1[11,2]'          -0.0684166
1062   'SGamma1[11,3]'           0.0173195
1063   'SGamma1[12,1]'           0.174808
1064   'SGamma1[12,2]'          -0.0770507
1065   'SGamma1[12,3]'           0.0102183
1066   'SGamma1[13,1]'           0.168165
1067   'SGamma1[13,2]'          -0.0848355
1068   'SGamma1[13,3]'           0.00471282
1069   'SGamma1[14,1]'           0.162804
1070   'SGamma1[14,2]'          -0.0913473
1071   'SGamma1[14,3]'           0.000658071
1072   'SGamma1[15,1]'           0.158697
1073   'SGamma1[15,2]'          -0.0964691
1074   'SGamma1[15,3]'          -0.0022219
1075   'SGamma1[16,1]'           0.176959
1076   'SGamma1[16,2]'          -0.104102
1077   'SGamma1[16,3]'          -0.0062039
1078   'SGamma1[17,1]'           0.192195
1079   'SGamma1[17,2]'          -0.111519
1080   'SGamma1[17,3]'          -0.0101395
1081   'SGamma1[18,1]'           0.204186
1082   'SGamma1[18,2]'          -0.118526
1083   'SGamma1[18,3]'          -0.0138829
1084   'SGamma1[19,1]'           0.212882
1085   'SGamma1[19,2]'          -0.125362
1086   'SGamma1[19,3]'          -0.017499
1087   'SGamma1[20,1]'           0.218156
1088   'SGamma1[20,2]'          -0.13273
1089   'SGamma1[20,3]'          -0.0212603
1090   'SGamma1[21,1]'           0.219557
1091   'SGamma1[21,2]'          -0.141893
1092   'SGamma1[21,3]'          -0.025626
1093   'SGamma1[22,1]'           0.216074
1094   'SGamma1[22,2]'          -0.154836
1095   'SGamma1[22,3]'          -0.0311401
1096   'SGamma1[23,1]'           0.20602
1097   'SGamma1[23,2]'          -0.174337
1098   'SGamma1[23,3]'          -0.038068
1099   'SGamma1[24,1]'           0.187348
1100   'SGamma1[24,2]'          -0.203509
1101   'SGamma1[24,3]'          -0.0455686
1102   'SGamma1[25,1]'           0.158921
1103   'SGamma1[25,2]'          -0.244101
1104   'SGamma1[25,3]'          -0.0508027
1105   'SGamma1[26,1]'           0.122689
1106   'SGamma1[26,2]'          -0.293686
1107   'SGamma1[26,3]'          -0.0498199
1108   'SGamma1[27,1]'           0.084646
1109   'SGamma1[27,2]'          -0.344568
1110   'SGamma1[27,3]'          -0.0412881
1111   'SGamma1[28,1]'           0.0519262
1112   'SGamma1[28,2]'          -0.387721
1113   'SGamma1[28,3]'          -0.0286769
1114   'SGamma1[29,1]'           0.0283575
1115   'SGamma1[29,2]'          -0.418522
1116   'SGamma1[29,3]'          -0.0168973
1117   'SGamma1[30,1]'           0.0135132
1118   'SGamma1[30,2]'          -0.437803
1119   'SGamma1[30,3]'          -0.00840761
1120   'SGamma2[1,1]'            0.93715
1121   'SGamma2[1,2]'            1.00815
1122   'SGamma2[1,3]'            0.984692
1123   'SGamma2[2,1]'            0.932109
1124   'SGamma2[2,2]'            1.00697
1125   'SGamma2[2,3]'            0.984402
1126   'SGamma2[3,1]'            0.929903
1127   'SGamma2[3,2]'            1.00672
1128   'SGamma2[3,3]'            0.984636
1129   'SGamma2[4,1]'            0.929277
1130   'SGamma2[4,2]'            1.00701
1131   'SGamma2[4,3]'            0.98524
1132   'SGamma2[5,1]'            0.929596
1133   'SGamma2[5,2]'            1.0077
1134   'SGamma2[5,3]'            0.98618
1135   'SGamma2[6,1]'            0.930583
1136   'SGamma2[6,2]'            1.00881
1137   'SGamma2[6,3]'            0.987455
1138   'SGamma2[7,1]'            0.93212
1139   'SGamma2[7,2]'            1.01036
1140   'SGamma2[7,3]'            0.98905
1141   'SGamma2[8,1]'            0.93414
1142   'SGamma2[8,2]'            1.01238
1143   'SGamma2[8,3]'            0.990898
1144   'SGamma2[9,1]'            0.936544
1145   'SGamma2[9,2]'            1.01486
1146   'SGamma2[9,3]'            0.99287
1147   'SGamma2[10,1]'           0.939172
1148   'SGamma2[10,2]'           1.01767
1149   'SGamma2[10,3]'           0.994798
1150   'SGamma2[11,1]'           0.941814
1151   'SGamma2[11,2]'           1.0206
1152   'SGamma2[11,3]'           0.996524
1153   'SGamma2[12,1]'           0.944265
1154   'SGamma2[12,2]'           1.02341
1155   'SGamma2[12,3]'           0.997952
1156   'SGamma2[13,1]'           0.946375
1157   'SGamma2[13,2]'           1.0259
1158   'SGamma2[13,3]'           0.999057
1159   'SGamma2[14,1]'           0.948079
1160   'SGamma2[14,2]'           1.02795
1161   'SGamma2[14,3]'           0.999868
1162   'SGamma2[15,1]'           0.949384
1163   'SGamma2[15,2]'           1.02955
1164   'SGamma2[15,3]'           1.00044
1165   'SGamma2[16,1]'           0.943554
1166   'SGamma2[16,2]'           1.03139
1167   'SGamma2[16,3]'           1.00124
1168   'SGamma2[17,1]'           0.938689
1169   'SGamma2[17,2]'           1.03315
1170   'SGamma2[17,3]'           1.00202
1171   'SGamma2[18,1]'           0.934859
1172   'SGamma2[18,2]'           1.03482
1173   'SGamma2[18,3]'           1.00277
1174   'SGamma2[19,1]'           0.93208
1175   'SGamma2[19,2]'           1.03649
1176   'SGamma2[19,3]'           1.00349
1177   'SGamma2[20,1]'           0.930392
1178   'SGamma2[20,2]'           1.03835
1179   'SGamma2[20,3]'           1.00424
1180   'SGamma2[21,1]'           0.929939
1181   'SGamma2[21,2]'           1.04076
1182   'SGamma2[21,3]'           1.0051
1183   'SGamma2[22,1]'           0.931042
1184   'SGamma2[22,2]'           1.04429
1185   'SGamma2[22,3]'           1.0062
1186   'SGamma2[23,1]'           0.934238
1187   'SGamma2[23,2]'           1.04969
1188   'SGamma2[23,3]'           1.00756
1189   'SGamma2[24,1]'           0.940181
1190   'SGamma2[24,2]'           1.05785
1191   'SGamma2[24,3]'           1.00904
1192   'SGamma2[25,1]'           0.94924
1193   'SGamma2[25,2]'           1.06924
1194   'SGamma2[25,3]'           1.01005
1195   'SGamma2[26,1]'           0.960797
1196   'SGamma2[26,2]'           1.08318
1197   'SGamma2[26,3]'           1.00982
1198   'SGamma2[27,1]'           0.972942
1199   'SGamma2[27,2]'           1.09748
1200   'SGamma2[27,3]'           1.00812
1201   'SGamma2[28,1]'           0.983397
1202   'SGamma2[28,2]'           1.10962
1203   'SGamma2[28,3]'           1.00562
1204   'SGamma2[29,1]'           0.990931
1205   'SGamma2[29,2]'           1.11829
1206   'SGamma2[29,3]'           1.00331
1207   'SGamma2[30,1]'           0.995678
1208   'SGamma2[30,2]'           1.12372
1209   'SGamma2[30,3]'           1.00164
1210   'gamma[1,1]'              0.967366
1211   'gamma[1,2]'              1.00882
1212   'gamma[1,3]'              1.01482
1213   'gamma[2,1]'              0.965943
1214   'gamma[2,2]'              1.00746
1215   'gamma[2,3]'              1.01866
1216   'gamma[3,1]'              0.965454
1217   'gamma[3,2]'              1.00689
1218   'gamma[3,3]'              1.02108
1219   'gamma[4,1]'              0.965349
1220   'gamma[4,2]'              1.00677
1221   'gamma[4,3]'              1.02276
1222   'gamma[5,1]'              0.965463
1223   'gamma[5,2]'              1.00691
1224   'gamma[5,3]'              1.02417
1225   'gamma[6,1]'              0.96578
1226   'gamma[6,2]'              1.00722
1227   'gamma[6,3]'              1.02555
1228   'gamma[7,1]'              0.966346
1229   'gamma[7,2]'              1.00767
1230   'gamma[7,3]'              1.027
1231   'gamma[8,1]'              0.967227
1232   'gamma[8,2]'              1.00819
1233   'gamma[8,3]'              1.02845
1234   'gamma[9,1]'              0.96845
1235   'gamma[9,2]'              1.0087
1236   'gamma[9,3]'              1.02977
1237   'gamma[10,1]'             0.969965
1238   'gamma[10,2]'             1.00912
1239   'gamma[10,3]'             1.03079
1240   'gamma[11,1]'             0.971631
1241   'gamma[11,2]'             1.0094
1242   'gamma[11,3]'             1.03144
1243   'gamma[12,1]'             0.973271
1244   'gamma[12,2]'             1.00951
1245   'gamma[12,3]'             1.03172
1246   'gamma[13,1]'             0.974735
1247   'gamma[13,2]'             1.0095
1248   'gamma[13,3]'             1.03174
1249   'gamma[14,1]'             0.97594
1250   'gamma[14,2]'             1.00941
1251   'gamma[14,3]'             1.03161
1252   'gamma[15,1]'             0.976872
1253   'gamma[15,2]'             1.00929
1254   'gamma[15,3]'             1.03143
1255   'gamma[16,1]'             0.977649
1256   'gamma[16,2]'             1.00615
1257   'gamma[16,3]'             1.03743
1258   'gamma[17,1]'             0.978948
1259   'gamma[17,2]'             1.00372
1260   'gamma[17,3]'             1.04276
1261   'gamma[18,1]'             0.980476
1262   'gamma[18,2]'             1.00188
1263   'gamma[18,3]'             1.0472
1264   'gamma[19,1]'             0.982049
1265   'gamma[19,2]'             1.00049
1266   'gamma[19,3]'             1.05066
1267   'gamma[20,1]'             0.983605
1268   'gamma[20,2]'             0.999383
1269   'gamma[20,3]'             1.05306
1270   'gamma[21,1]'             0.985184
1271   'gamma[21,2]'             0.99842
1272   'gamma[21,3]'             1.05431
1273   'gamma[22,1]'             0.986908
1274   'gamma[22,2]'             0.997418
1275   'gamma[22,3]'             1.05409
1276   'gamma[23,1]'             0.988939
1277   'gamma[23,2]'             0.996135
1278   'gamma[23,3]'             1.0518
1279   'gamma[24,1]'             0.991377
1280   'gamma[24,2]'             0.994229
1281   'gamma[24,3]'             1.04662
1282   'gamma[25,1]'             0.994087
1283   'gamma[25,2]'             0.991319
1284   'gamma[25,3]'             1.03805
1285   'gamma[26,1]'             0.996611
1286   'gamma[26,2]'             0.987253
1287   'gamma[26,3]'             1.02713
1288   'gamma[27,1]'             0.998435
1289   'gamma[27,2]'             0.982487
1290   'gamma[27,3]'             1.01662
1291   'gamma[28,1]'             0.999424
1292   'gamma[28,2]'             0.977988
1293   'gamma[28,3]'             1.00892
1294   'gamma[29,1]'             0.999831
1295   'gamma[29,2]'             0.974527
1296   'gamma[29,3]'             1.00432
1297   'gamma[30,1]'             0.999963
1298   'gamma[30,2]'             0.972254
1299   'gamma[30,3]'             1.00189
1300   'PrS[1,1]'           285057
1301   'PrS[1,2]'           114559
1302   'PrS[1,3]'            79597
1303   'PrS[2,1]'           279088
1304   'PrS[2,2]'           111980
1305   'PrS[2,3]'            77706
1306   'PrS[3,1]'           274596
1307   'PrS[3,2]'           110042
1308   'PrS[3,3]'            76286.4
1309   'PrS[4,1]'           270199
1310   'PrS[4,2]'           108146
1311   'PrS[4,3]'            74899.9
1312   'PrS[5,1]'           265082
1313   'PrS[5,2]'           105942
1314   'PrS[5,3]'            73289.6
1315   'PrS[6,1]'           258772
1316   'PrS[6,2]'           103228
1317   'PrS[6,3]'            71309.9
1318   'PrS[7,1]'           251100
1319   'PrS[7,2]'            99932.8
1320   'PrS[7,3]'            68910.9
1321   'PrS[8,1]'           242223
1322   'PrS[8,2]'            96127.1
1323   'PrS[8,3]'            66147
1324   'PrS[9,1]'           232627
1325   'PrS[9,2]'            92022.4
1326   'PrS[9,3]'            63174
1327   'PrS[10,1]'          223018
1328   'PrS[10,2]'           87922.5
1329   'PrS[10,3]'           60213.2
1330   'PrS[11,1]'          214117
1331   'PrS[11,2]'           84133.8
1332   'PrS[11,3]'           57485.1
1333   'PrS[12,1]'          206449
1334   'PrS[12,2]'           80877.6
1335   'PrS[12,3]'           55146.9
1336   'PrS[13,1]'          200249
1337   'PrS[13,2]'           78250.2
1338   'PrS[13,3]'           53264.6
1339   'PrS[14,1]'          195489
1340   'PrS[14,2]'           76236.8
1341   'PrS[14,3]'           51824.9
1342   'PrS[15,1]'          191981
1343   'PrS[15,2]'           74754.7
1344   'PrS[15,3]'           50766.7
1345   'PrS[16,1]'          187965
1346   'PrS[16,2]'           73059.7
1347   'PrS[16,3]'           49558.1
1348   'PrS[17,1]'          184652
1349   'PrS[17,2]'           71663.5
1350   'PrS[17,3]'           48563.9
1351   'PrS[18,1]'          181846
1352   'PrS[18,2]'           70482
1353   'PrS[18,3]'           47723.6
1354   'PrS[19,1]'          179266
1355   'PrS[19,2]'           69396.8
1356   'PrS[19,3]'           46952.6
1357   'PrS[20,1]'          176536
1358   'PrS[20,2]'           68249.5
1359   'PrS[20,3]'           46138.2
1360   'PrS[21,1]'          173146
1361   'PrS[21,2]'           66826.6
1362   'PrS[21,3]'           45129.5
1363   'PrS[22,1]'          168433
1364   'PrS[22,2]'           64851.2
1365   'PrS[22,3]'           43731.2
1366   'PrS[23,1]'          161668
1367   'PrS[23,2]'           62022.3
1368   'PrS[23,3]'           41733.6
1369   'PrS[24,1]'          152405
1370   'PrS[24,2]'           58161.4
1371   'PrS[24,3]'           39016.3
1372   'PrS[25,1]'          141069
1373   'PrS[25,2]'           53458.1
1374   'PrS[25,3]'           35721.1
1375   'PrS[26,1]'          129248
1376   'PrS[26,2]'           48581.2
1377   'PrS[26,3]'           32322.9
1378   'PrS[27,1]'          118963
1379   'PrS[27,2]'           44363.7
1380   'PrS[27,3]'           29400.3
1381   'PrS[28,1]'          111416
1382   'PrS[28,2]'           41285.6
1383   'PrS[28,3]'           27277.4
1384   'PrS[29,1]'          106580
1385   'PrS[29,2]'           39321
1386   'PrS[29,3]'           25927.1
1387   'PrS[30,1]'          103757
1388   'PrS[30,2]'           38177.5
1389   'PrS[30,3]'           25142.9
1390   'PrSF[1]'            189475
1391   'PrSF[2]'             73696.9
1392   'PrSF[3]'             50012.2
1393   Vap                     176.742
;

