solve_message = 'LOQO 7.00: iteration limit (500 iterations, 4968 evaluations)\
primal objective 155.92338214141665\
  dual objective -829.2174593855423'

:     _varname        _var         :=
1     'F[2]'        0
2     'F[3]'        0
3     'F[4]'        0
4     'F[5]'        0
5     'F[6]'        0
6     'F[7]'        0
7     'F[8]'        0
8     'F[9]'        0
9     'F[10]'       0
10    'F[11]'       0
11    'F[12]'       0
12    'F[13]'       0
13    'F[14]'       0
14    'F[15]'     200
15    'F[16]'       0
16    'F[17]'       0
17    'F[18]'       0
18    'F[19]'       0
19    'F[20]'       0
20    'F[21]'       0
21    'F[22]'       0
22    'F[23]'       0
23    'F[24]'       0
24    'F[25]'       0
25    'F[26]'       0
26    'F[27]'       0
27    'F[28]'       0
28    'F[29]'       0
29    Vs          155.923
30    'y[1,1]'      0.0603843
31    'y[1,2]'      0.603841
32    'y[1,3]'      0.335671
33    'y[2,1]'      0.112077
34    'y[2,2]'      0.606066
35    'y[2,3]'      0.281757
36    'y[3,1]'      0.175571
37    'y[3,2]'      0.576769
38    'y[3,3]'      0.247564
39    'y[4,1]'      0.246491
40    'y[4,2]'      0.531169
41    'y[4,3]'      0.222248
42    'y[5,1]'      0.31778
43    'y[5,2]'      0.480496
44    'y[5,3]'      0.201636
45    'y[6,1]'      0.382207
46    'y[6,2]'      0.43299
47    'y[6,3]'      0.184719
48    'y[7,1]'      0.435052
49    'y[7,2]'      0.393447
50    'y[7,3]'      0.17142
51    'y[8,1]'      0.475049
52    'y[8,2]'      0.36333
53    'y[8,3]'      0.161542
54    'y[9,1]'      0.503514
55    'y[9,2]'      0.341838
56    'y[9,3]'      0.154571
57    'y[10,1]'     0.522893
58    'y[10,2]'     0.327187
59    'y[10,3]'     0.149843
60    'y[11,1]'     0.535691
61    'y[11,2]'     0.317508
62    'y[11,3]'     0.146724
63    'y[12,1]'     0.543972
64    'y[12,2]'     0.311251
65    'y[12,3]'     0.1447
66    'y[13,1]'     0.549259
67    'y[13,2]'     0.307276
68    'y[13,3]'     0.143381
69    'y[14,1]'     0.552616
70    'y[14,2]'     0.304828
71    'y[14,3]'     0.142455
72    'y[15,1]'     0.55469
73    'y[15,2]'     0.303407
74    'y[15,3]'     0.141472
75    'y[16,1]'     0.559559
76    'y[16,2]'     0.324396
77    'y[16,3]'     0.115581
78    'y[17,1]'     0.564067
79    'y[17,2]'     0.342856
80    'y[17,3]'     0.0925735
81    'y[18,1]'     0.568302
82    'y[18,2]'     0.358424
83    'y[18,3]'     0.0727194
84    'y[19,1]'     0.572516
85    'y[19,2]'     0.370883
86    'y[19,3]'     0.0559789
87    'y[20,1]'     0.577187
88    'y[20,2]'     0.380013
89    'y[20,3]'     0.0420839
90    'y[21,1]'     0.583131
91    'y[21,2]'     0.385396
92    'y[21,3]'     0.0306296
93    'y[22,1]'     0.591665
94    'y[22,2]'     0.386162
95    'y[22,3]'     0.0211497
96    'y[23,1]'     0.604831
97    'y[23,2]'     0.380718
98    'y[23,3]'     0.0131698
99    'y[24,1]'     0.625541
100   'y[24,2]'     0.36657
101   'y[24,3]'     0.00624795
102   'y[25,1]'     0.657282
103   'y[25,2]'     0.340558
104   'y[25,3]'     2.14996e-05
105   'y[26,1]'     0.701197
106   'y[26,2]'     0.298518
107   'y[26,3]'     1.7168e-05
108   'y[27,1]'     0.757036
109   'y[27,2]'     0.242699
110   'y[27,3]'     1.28682e-05
111   'y[28,1]'     0.820413
112   'y[28,2]'     0.179344
113   'y[28,3]'     8.57091e-06
114   'y[29,1]'     0.882268
115   'y[29,2]'     0.117511
116   'y[29,3]'     4.27961e-06
117   'y[30,1]'     0.934463
118   'y[30,2]'     0.0655524
119   'y[30,3]'     2.39147e-10
120   Ls          294.815
121   'x[1,1]'      0.0215814
122   'x[1,2]'      0.546786
123   'x[1,3]'      0.431633
124   'x[2,1]'      0.0421112
125   'x[2,2]'      0.577152
126   'x[2,3]'      0.381031
127   'x[3,1]'      0.0694508
128   'x[3,2]'      0.578329
129   'x[3,3]'      0.352516
130   'x[4,1]'      0.103032
131   'x[4,2]'      0.562835
132   'x[4,3]'      0.334432
133   'x[5,1]'      0.140541
134   'x[5,2]'      0.538718
135   'x[5,3]'      0.321043
136   'x[6,1]'      0.178244
137   'x[6,2]'      0.511918
138   'x[6,3]'      0.310141
139   'x[7,1]'      0.212319
140   'x[7,2]'      0.486793
141   'x[7,3]'      0.301194
142   'x[8,1]'      0.240268
143   'x[8,2]'      0.465879
144   'x[8,3]'      0.294161
145   'x[9,1]'      0.261422
146   'x[9,2]'      0.449951
147   'x[9,3]'      0.288936
148   'x[10,1]'     0.276476
149   'x[10,2]'     0.438584
150   'x[10,3]'     0.28525
151   'x[11,1]'     0.286726
152   'x[11,2]'     0.430836
153   'x[11,3]'     0.282749
154   'x[12,1]'     0.293495
155   'x[12,2]'     0.425717
156   'x[12,3]'     0.281099
157   'x[13,1]'     0.297874
158   'x[13,2]'     0.422408
159   'x[13,3]'     0.280029
160   'x[14,1]'     0.300671
161   'x[14,2]'     0.420306
162   'x[14,3]'     0.279331
163   'x[15,1]'     0.302446
164   'x[15,2]'     0.419011
165   'x[15,3]'     0.278842
166   'x[16,1]'     0.311017
167   'x[16,2]'     0.456778
168   'x[16,3]'     0.232594
169   'x[17,1]'     0.319023
170   'x[17,2]'     0.491294
171   'x[17,3]'     0.190018
172   'x[18,1]'     0.326438
173   'x[18,2]'     0.521653
174   'x[18,3]'     0.152182
175   'x[19,1]'     0.333402
176   'x[19,2]'     0.547256
177   'x[19,3]'     0.119533
178   'x[20,1]'     0.340332
179   'x[20,2]'     0.567745
180   'x[20,3]'     0.0920038
181   'x[21,1]'     0.348014
182   'x[21,2]'     0.58276
183   'x[21,3]'     0.069155
184   'x[22,1]'     0.357789
185   'x[22,2]'     0.591613
186   'x[22,3]'     0.0503203
187   'x[23,1]'     0.371824
188   'x[23,2]'     0.592872
189   'x[23,3]'     0.0347329
190   'x[24,1]'     0.393476
191   'x[24,2]'     0.58392
192   'x[24,3]'     0.0216131
193   'x[25,1]'     0.427534
194   'x[25,2]'     0.560655
195   'x[25,3]'     0.0102342
196   'x[26,1]'     0.479732
197   'x[26,2]'     0.517878
198   'x[26,3]'     5.70145e-08
199   'x[27,1]'     0.55195
200   'x[27,2]'     0.448743
201   'x[27,3]'     1.91923e-09
202   'x[28,1]'     0.643777
203   'x[28,2]'     0.356948
204   'x[28,3]'     1.69049e-09
205   'x[29,1]'     0.748
206   'x[29,2]'     0.25276
207   'x[29,3]'     1.38804e-09
208   'x[30,1]'     0.849721
209   'x[30,2]'     0.151076
210   'x[30,3]'     7.5852e-10
211   PC           60.9976
212   PR          138.994
213   Vap         155.923
;

