solve_message = 'LOQO 7.00: iteration limit (500 iterations, 5125 evaluations)\
primal objective 171.8064351075213\
  dual objective 121.06447455520691'

:     _varname        _var         :=
1     'F[2]'        0
2     'F[3]'        0
3     'F[4]'        0
4     'F[5]'        0
5     'F[6]'        0
6     'F[7]'        0
7     'F[8]'        0
8     'F[9]'        0
9     'F[10]'       0
10    'F[11]'       0
11    'F[12]'       0
12    'F[13]'       0
13    'F[14]'       0
14    'F[15]'     200
15    'F[16]'       0
16    'F[17]'       0
17    'F[18]'       0
18    'F[19]'       0
19    'F[20]'       0
20    'F[21]'       0
21    'F[22]'       0
22    'F[23]'       0
23    'F[24]'       0
24    'F[25]'       0
25    'F[26]'       0
26    'F[27]'       0
27    'F[28]'       0
28    'F[29]'       0
29    Vs          171.806
30    'y[1,1]'      0.0123619
31    'y[1,2]'      0.644033
32    'y[1,3]'      0.343587
33    'y[2,1]'      0.0246051
34    'y[2,2]'      0.676629
35    'y[2,3]'      0.298748
36    'y[3,1]'      0.0427717
37    'y[3,2]'      0.683178
38    'y[3,3]'      0.274033
39    'y[4,1]'      0.0689724
40    'y[4,2]'      0.672886
41    'y[4,3]'      0.258124
42    'y[5,1]'      0.105256
43    'y[5,2]'      0.649667
44    'y[5,3]'      0.24506
45    'y[6,1]'      0.152748
46    'y[6,2]'      0.615361
47    'y[6,3]'      0.231874
48    'y[7,1]'      0.210499
49    'y[7,2]'      0.57201
50    'y[7,3]'      0.217474
51    'y[8,1]'      0.274741
52    'y[8,2]'      0.523138
53    'y[8,3]'      0.202105
54    'y[9,1]'      0.339485
55    'y[9,2]'      0.47364
56    'y[9,3]'      0.18686
57    'y[10,1]'     0.398552
58    'y[10,2]'     0.428394
59    'y[10,3]'     0.173039
60    'y[11,1]'     0.447742
61    'y[11,2]'     0.390684
62    'y[11,3]'     0.16156
63    'y[12,1]'     0.485687
64    'y[12,2]'     0.361585
65    'y[12,3]'     0.152714
66    'y[13,1]'     0.513265
67    'y[13,2]'     0.340434
68    'y[13,3]'     0.146288
69    'y[14,1]'     0.532454
70    'y[14,2]'     0.325719
71    'y[14,3]'     0.141813
72    'y[15,1]'     0.545391
73    'y[15,2]'     0.315782
74    'y[15,3]'     0.138768
75    'y[16,1]'     0.553164
76    'y[16,2]'     0.34002
77    'y[16,3]'     0.106755
78    'y[17,1]'     0.561569
79    'y[17,2]'     0.358135
80    'y[17,3]'     0.0802338
81    'y[18,1]'     0.57166
82    'y[18,2]'     0.369301
83    'y[18,3]'     0.0589728
84    'y[19,1]'     0.585081
85    'y[19,2]'     0.372496
86    'y[19,3]'     0.0423531
87    'y[20,1]'     0.604098
88    'y[20,2]'     0.366218
89    'y[20,3]'     0.0296063
90    'y[21,1]'     0.631386
91    'y[21,2]'     0.34854
92    'y[21,3]'     0.0199849
93    'y[22,1]'     0.66923
94    'y[22,2]'     0.317808
95    'y[22,3]'     0.0128547
96    'y[23,1]'     0.717973
97    'y[23,2]'     0.274176
98    'y[23,3]'     0.00771312
99    'y[24,1]'     0.774435
100   'y[24,2]'     0.221227
101   'y[24,3]'     0.00414276
102   'y[25,1]'     0.832074
103   'y[25,2]'     0.165889
104   'y[25,3]'     0.00173072
105   'y[26,1]'     0.883746
106   'y[26,2]'     0.115717
107   'y[26,3]'     2.74725e-06
108   'y[27,1]'     0.924686
109   'y[27,2]'     0.0752868
110   'y[27,3]'     2.0454e-06
111   'y[28,1]'     0.954069
112   'y[28,2]'     0.0459081
113   'y[28,3]'     1.34651e-06
114   'y[29,1]'     0.97393
115   'y[29,2]'     0.0260523
116   'y[29,3]'     6.5418e-07
117   'y[30,1]'     0.98674
118   'y[30,2]'     0.0132832
119   'y[30,3]'     5.52756e-12
120   Ls          311.587
121   'x[1,1]'      0.00429143
122   'x[1,2]'      0.566527
123   'x[1,3]'      0.429182
124   'x[2,1]'      0.00874165
125   'x[2,2]'      0.609297
126   'x[2,3]'      0.382011
127   'x[3,1]'      0.0154925
128   'x[3,2]'      0.62727
129   'x[3,3]'      0.357287
130   'x[4,1]'      0.0255094
131   'x[4,2]'      0.630881
132   'x[4,3]'      0.343659
133   'x[5,1]'      0.0399562
134   'x[5,2]'      0.625206
135   'x[5,3]'      0.334887
136   'x[6,1]'      0.0599626
137   'x[6,2]'      0.612404
138   'x[6,3]'      0.327684
139   'x[7,1]'      0.0861492
140   'x[7,2]'      0.593487
141   'x[7,3]'      0.320414
142   'x[8,1]'      0.117993
143   'x[8,2]'      0.569584
144   'x[8,3]'      0.312474
145   'x[9,1]'      0.153415
146   'x[9,2]'      0.542637
147   'x[9,3]'      0.303999
148   'x[10,1]'     0.189115
149   'x[10,2]'     0.515344
150   'x[10,3]'     0.295593
151   'x[11,1]'     0.221684
152   'x[11,2]'     0.490396
153   'x[11,3]'     0.287973
154   'x[12,1]'     0.248806
155   'x[12,2]'     0.469603
156   'x[12,3]'     0.281643
157   'x[13,1]'     0.269729
158   'x[13,2]'     0.453558
159   'x[13,3]'     0.276766
160   'x[14,1]'     0.284935
161   'x[14,2]'     0.441895
162   'x[14,3]'     0.273222
163   'x[15,1]'     0.295516
164   'x[15,2]'     0.433781
165   'x[15,3]'     0.270755
166   'x[16,1]'     0.307398
167   'x[16,2]'     0.479029
168   'x[16,3]'     0.213649
169   'x[17,1]'     0.319366
170   'x[17,2]'     0.516348
171   'x[17,3]'     0.16436
172   'x[18,1]'     0.332306
173   'x[18,2]'     0.544239
174   'x[18,3]'     0.123527
175   'x[19,1]'     0.347843
176   'x[19,2]'     0.561432
177   'x[19,3]'     0.0907919
178   'x[20,1]'     0.368507
179   'x[20,2]'     0.56635
180   'x[20,3]'     0.0652033
181   'x[21,1]'     0.397786
182   'x[21,2]'     0.556685
183   'x[21,3]'     0.0455777
184   'x[22,1]'     0.439801
185   'x[22,2]'     0.529467
186   'x[22,3]'     0.0307641
187   'x[23,1]'     0.498068
188   'x[23,2]'     0.482151
189   'x[23,3]'     0.0197861
190   'x[24,1]'     0.573115
191   'x[24,2]'     0.414972
192   'x[24,3]'     0.01187
193   'x[25,1]'     0.660048
194   'x[25,2]'     0.333449
195   'x[25,3]'     0.00637317
196   'x[26,1]'     0.748792
197   'x[26,2]'     0.248246
198   'x[26,3]'     0.00265986
199   'x[27,1]'     0.82835
200   'x[27,2]'     0.171
201   'x[27,3]'     3.27389e-11
202   'x[28,1]'     0.891384
203   'x[28,2]'     0.10875
204   'x[28,3]'     8.62484e-12
205   'x[29,1]'     0.936623
206   'x[29,2]'     0.0635168
207   'x[29,3]'     7.65568e-12
208   'x[30,1]'     0.967202
209   'x[30,2]'     0.0329457
210   'x[30,3]'     5.77568e-12
211   PC           60.1982
212   PR          139.799
213   Vap         171.806
;

