solve_message =
'filterSQP (20020316): Optimal solution found, objective = 1480.9374812574451\
105 iterations (77 for feasibility)\
Evals: obj = 36, constr = 170, grad = 63, Hes = 91'

:            _varname                 _var            :=
1      'F[2]'                      0
2      'F[3]'                      0
3      'F[4]'                      0
4      'F[5]'                      0
5      'F[6]'                      0
6      'F[7]'                      0
7      'F[8]'                    100
8      'F[9]'                      0
9      'F[10]'                     0
10     'F[11]'                     0
11     'F[12]'                     0
12     'F[13]'                     0
13     'F[14]'                     0
14     'V[1,1]'                  898.5877196
15     'V[1,2]'                  898.4172273
16     'V[1,3]'                  898.1113487
17     'V[1,4]'                  897.6736848
18     'V[1,5]'                  897.446967
19     'V[1,6]'                  898.7453343
20     'V[1,7]'                  904.0126457
21     'V[1,8]'                  916.5976414
22     'V[1,9]'                  931.4887714
23     'V[1,10]'                 944.4271853
24     'V[1,11]'                 952.667743
25     'V[1,12]'                 956.6624015
26     'V[1,13]'                 957.9297637
27     'V[1,14]'                 959.4116196
28     'V[1,15]'                   0
29     'V[2,1]'                  582.3497616
30     'V[2,2]'                  582.3280972
31     'V[2,3]'                  582.1797586
32     'V[2,4]'                  581.8108939
33     'V[2,5]'                  581.1051601
34     'V[2,6]'                  580.3996235
35     'V[2,7]'                  581.9031154
36     'V[2,8]'                  589.5251871
37     'V[2,9]'                  602.3370789
38     'V[2,10]'                 613.5105376
39     'V[2,11]'                 622.9630038
40     'V[2,12]'                 628.1235502
41     'V[2,13]'                 630.2005795
42     'V[2,14]'                 630.9658483
43     'V[2,15]'                   0
44     'y[1,1,1]'                  1.011299656e-06
45     'y[1,1,2]'                  0.007387125401
46     'y[1,1,3]'                  0.9926118633
47     'y[1,2,1]'                  5.247520484e-06
48     'y[1,2,2]'                  0.0157049637
49     'y[1,2,3]'                  0.9842897888
50     'y[1,3,1]'                  2.688589403e-05
51     'y[1,3,2]'                  0.03283843573
52     'y[1,3,3]'                  0.9671346784
53     'y[1,4,1]'                  0.0001354805327
54     'y[1,4,2]'                  0.06721840073
55     'y[1,4,3]'                  0.9326461187
56     'y[1,5,1]'                  0.0006617235981
57     'y[1,5,2]'                  0.1326618335
58     'y[1,5,3]'                  0.8666764429
59     'y[1,6,1]'                  0.003050098341
60     'y[1,6,2]'                  0.2451818347
61     'y[1,6,3]'                  0.751768067
62     'y[1,7,1]'                  0.01275075788
63     'y[1,7,2]'                  0.4060453493
64     'y[1,7,3]'                  0.5812038928
65     'y[1,8,1]'                  0.04619591905
66     'y[1,8,2]'                  0.5727850808
67     'y[1,8,3]'                  0.3810190002
68     'y[1,9,1]'                  0.04814120647
69     'y[1,9,2]'                  0.7255497932
70     'y[1,9,3]'                  0.2263090003
71     'y[1,10,1]'                 0.05121385927
72     'y[1,10,2]'                 0.8309419668
73     'y[1,10,3]'                 0.1178441739
74     'y[1,11,1]'                 0.05816376254
75     'y[1,11,2]'                 0.8857131369
76     'y[1,11,3]'                 0.0561231006
77     'y[1,12,1]'                 0.07607616812
78     'y[1,12,2]'                 0.8987371736
79     'y[1,12,3]'                 0.02518665832
80     'y[1,13,1]'                 0.1218616381
81     'y[1,13,2]'                 0.8674761256
82     'y[1,13,3]'                 0.01066223629
83     'y[1,14,1]'                 0.2285777476
84     'y[1,14,2]'                 0.7673373603
85     'y[1,14,3]'                 0.004084892046
86     'y[1,15,1]'                 0.4286473147
87     'y[1,15,2]'                 0.5700718435
88     'y[1,15,3]'                 0.001280841795
89     'y[2,1,1]'                  0.001562630529
90     'y[2,1,2]'                  0.9974892325
91     'y[2,1,3]'                  0.0009481370142
92     'y[2,2,1]'                  0.004003761052
93     'y[2,2,2]'                  0.9955612769
94     'y[2,2,3]'                  0.0004349620897
95     'y[2,3,1]'                  0.01006503026
96     'y[2,3,2]'                  0.9897035943
97     'y[2,3,3]'                  0.0002313754563
98     'y[2,4,1]'                  0.02493747227
99     'y[2,4,2]'                  0.9749127168
100    'y[2,4,3]'                  0.0001498109615
101    'y[2,5,1]'                  0.06038717317
102    'y[2,5,2]'                  0.9394976517
103    'y[2,5,3]'                  0.0001151750922
104    'y[2,6,1]'                  0.1392998361
105    'y[2,6,2]'                  0.8606038907
106    'y[2,6,3]'                  9.627320907e-05
107    'y[2,7,1]'                  0.2906237086
108    'y[2,7,2]'                  0.7092971487
109    'y[2,7,3]'                  7.914263563e-05
110    'y[2,8,1]'                  0.510319006
111    'y[2,8,2]'                  0.4896215353
112    'y[2,8,3]'                  5.945875857e-05
113    'y[2,9,1]'                  0.7237316929
114    'y[2,9,2]'                  0.2762269289
115    'y[2,9,3]'                  4.137826025e-05
116    'y[2,10,1]'                 0.8606015076
117    'y[2,10,2]'                 0.1393685957
118    'y[2,10,3]'                 2.989663187e-05
119    'y[2,11,1]'                 0.9256381711
120    'y[2,11,2]'                 0.07433740788
121    'y[2,11,3]'                 2.4420976e-05
122    'y[2,12,1]'                 0.9724239676
123    'y[2,12,2]'                 0.02757261004
124    'y[2,12,3]'                 3.422343651e-06
125    'y[2,13,1]'                 0.9901692167
126    'y[2,13,2]'                 0.009830323624
127    'y[2,13,3]'                 4.596324948e-07
128    'y[2,14,1]'                 0.9965574638
129    'y[2,14,2]'                 0.003442475425
130    'y[2,14,3]'                 6.072094673e-08
131    'y[2,15,1]'                 0.9988134283
132    'y[2,15,2]'                 0.001186563761
133    'y[2,15,3]'                 7.933564631e-09
134    'L[1,1]'                    0
135    'L[1,2]'                  928.6001254
136    'L[1,3]'                  928.4296331
137    'L[1,4]'                  928.1237545
138    'L[1,5]'                  927.6860905
139    'L[1,6]'                  927.4593728
140    'L[1,7]'                  928.7577401
141    'L[1,8]'                  934.0250515
142    'L[1,9]'                  846.6100472
143    'L[1,10]'                 861.5011772
144    'L[1,11]'                 874.4395911
145    'L[1,12]'                 882.6801488
146    'L[1,13]'                 886.6748072
147    'L[1,14]'                 887.9421695
148    'L[1,15]'                 889.4240254
149    'L[2,1]'                    0
150    'L[2,2]'                  622.3251028
151    'L[2,3]'                  622.3034384
152    'L[2,4]'                  622.1550998
153    'L[2,5]'                  621.786235
154    'L[2,6]'                  621.0805013
155    'L[2,7]'                  620.3749647
156    'L[2,8]'                  621.8784566
157    'L[2,9]'                  629.5005282
158    'L[2,10]'                 642.3124201
159    'L[2,11]'                 653.4858788
160    'L[2,12]'                 592.9507508
161    'L[2,13]'                 598.1112971
162    'L[2,14]'                 600.1883265
163    'L[2,15]'                 600.9535952
164    'x[1,1,1]'                  1.890792058e-07
165    'x[1,1,2]'                  0.003400031861
166    'x[1,1,3]'                  0.9965997791
167    'x[1,2,1]'                  9.847254468e-07
168    'x[1,2,2]'                  0.007258262324
169    'x[1,2,3]'                  0.992740753
170    'x[1,3,1]'                  5.084001369e-06
171    'x[1,3,2]'                  0.01530719461
172    'x[1,3,3]'                  0.9846877214
173    'x[1,4,1]'                  2.602260868e-05
174    'x[1,4,2]'                  0.0318864966
175    'x[1,4,3]'                  0.9680874808
176    'x[1,5,1]'                  0.0001311035974
177    'x[1,5,2]'                  0.06515375537
178    'x[1,5,3]'                  0.934715141
179    'x[1,6,1]'                  0.0006403164691
180    'x[1,6,2]'                  0.1284789466
181    'x[1,6,3]'                  0.8708807369
182    'x[1,7,1]'                  0.002951541839
183    'x[1,7,2]'                  0.23736876
184    'x[1,7,3]'                  0.7596796982
185    'x[1,8,1]'                  0.01234105233
186    'x[1,8,2]'                  0.3931074151
187    'x[1,8,3]'                  0.5945515326
188    'x[1,9,1]'                  0.01457941134
189    'x[1,9,2]'                  0.5730093788
190    'x[1,9,3]'                  0.4124112099
191    'x[1,10,1]'                 0.01722922653
192    'x[1,10,2]'                 0.7381806844
193    'x[1,10,3]'                 0.244590089
194    'x[1,11,1]'                 0.02100518643
195    'x[1,11,2]'                 0.8518212505
196    'x[1,11,3]'                 0.127173563
197    'x[1,12,1]'                 0.02878816986
198    'x[1,12,2]'                 0.910740294
199    'x[1,12,3]'                 0.06047153616
200    'x[1,13,1]'                 0.04824679242
201    'x[1,13,2]'                 0.9246795998
202    'x[1,13,3]'                 0.02707360782
203    'x[1,14,1]'                 0.09768079369
204    'x[1,14,2]'                 0.8909175286
205    'x[1,14,3]'                 0.01140167773
206    'x[1,15,1]'                 0.2128345394
207    'x[1,15,2]'                 0.7828599216
208    'x[1,15,3]'                 0.004305539033
209    'x[2,1,1]'                  0.0005841840537
210    'x[2,1,2]'                  0.9971733636
211    'x[2,1,3]'                  0.002242452349
212    'x[2,2,1]'                  0.001499779567
213    'x[2,2,2]'                  0.9974689425
214    'x[2,2,3]'                  0.001031277959
215    'x[2,3,1]'                  0.003784095293
216    'x[2,3,2]'                  0.9956648336
217    'x[2,3,3]'                  0.0005510711055
218    'x[2,4,1]'                  0.009455857299
219    'x[2,4,2]'                  0.9901835495
220    'x[2,4,3]'                  0.0003605932107
221    'x[2,5,1]'                  0.02337177179
222    'x[2,5,2]'                  0.976343879
223    'x[2,5,3]'                  0.000284349246
224    'x[2,6,1]'                  0.05653800243
225    'x[2,6,2]'                  0.943209902
226    'x[2,6,3]'                  0.0002520955621
227    'x[2,7,1]'                  0.130361362
228    'x[2,7,2]'                  0.8694040706
229    'x[2,7,3]'                  0.0002345673831
230    'x[2,8,1]'                  0.2719795044
231    'x[2,8,2]'                  0.727802292
232    'x[2,8,3]'                  0.0002182036417
233    'x[2,9,1]'                  0.4779491786
234    'x[2,9,2]'                  0.5218527354
235    'x[2,9,3]'                  0.000198085987
236    'x[2,10,1]'                 0.6787254506
237    'x[2,10,2]'                 0.3210961838
238    'x[2,10,3]'                 0.0001783656279
239    'x[2,11,1]'                 0.8079921292
240    'x[2,11,2]'                 0.1918426267
241    'x[2,11,3]'                 0.000165244116
242    'x[2,12,1]'                 0.9219343992
243    'x[2,12,2]'                 0.07803994412
244    'x[2,12,3]'                 2.565664423e-05
245    'x[2,13,1]'                 0.9710997874
246    'x[2,13,2]'                 0.02889661897
247    'x[2,13,3]'                 3.593673201e-06
248    'x[2,14,1]'                 0.9897369653
249    'x[2,14,2]'                 0.01026255247
250    'x[2,14,3]'                 4.822195762e-07
251    'x[2,15,1]'                 0.9964447986
252    'x[2,15,2]'                 0.003555138021
253    'x[2,15,3]'                 6.335720398e-08
254    'CC[2]'                     0
255    'CC[3]'                     0
256    'CC[4]'                     0
257    'CC[5]'                     0
258    'CC[6]'                     0
259    'CC[7]'                     0
260    'CC[8]'                     0
261    'CC[9]'                     0
262    'CC[10]'                    0
263    'CC[11]'                   69.98759423
264    'CC[12]'                    0
265    'CC[13]'                    0
266    'CC[14]'                    0
267    'CR[2]'                     0
268    'CR[3]'                     0
269    'CR[4]'                     0
270    'CR[5]'                     0
271    'CR[6]'                     0
272    'CR[7]'                     0
273    'CR[8]'                     0
274    'CR[9]'                     0
275    'CR[10]'                    0
276    'CR[11]'                    0
277    'CR[12]'                    0
278    'CR[13]'                    0
279    'CR[14]'                    0
280    'PC[1]'                     0
281    'PC[2]'                    30.01225306
282    'PR[1]'                    30.01240577
283    'PR[2]'                    39.97534117
284    'PS[2]'                     0
285    'PS[3]'                     0
286    'PS[4]'                     0
287    'PS[5]'                     0
288    'PS[6]'                     0
289    'PS[7]'                     0
290    'PS[8]'                     0
291    'PS[9]'                     0
292    'PS[10]'                    0
293    'PS[11]'                    0
294    'PS[12]'                    0
295    'PS[13]'                    0
296    'PS[14]'                    0
297    'T[1,1]'                  369.4112643
298    'T[1,2]'                  369.2786939
299    'T[1,3]'                  369.0034557
300    'T[1,4]'                  368.4418376
301    'T[1,5]'                  367.3345469
302    'T[1,6]'                  365.2875533
303    'T[1,7]'                  361.8930593
304    'T[1,8]'                  357.0464472
305    'T[1,9]'                  352.9281338
306    'T[1,10]'                 349.562089
307    'T[1,11]'                 347.3342317
308    'T[1,12]'                 345.8846205
309    'T[1,13]'                 344.4954504
310    'T[1,14]'                 342.1784311
311    'T[1,15]'                 337.7331288
312    'T[2,1]'                  346.2598692
313    'T[2,2]'                  346.1981712
314    'T[2,3]'                  346.0851094
315    'T[2,4]'                  345.8218618
316    'T[2,5]'                  345.1909549
317    'T[2,6]'                  343.7378441
318    'T[2,7]'                  340.7278322
319    'T[2,8]'                  335.6827747
320    'T[2,9]'                  329.6519723
321    'T[2,10]'                 324.8509983
322    'T[2,11]'                 322.1804361
323    'T[2,12]'                 320.0449419
324    'T[2,13]'                 319.1791639
325    'T[2,14]'                 318.8590606
326    'T[2,15]'                 318.7449038
327    TF                        338.1587438
328    'QC[1]'                  9448.771278
329    'QC[2]'                  5740.995847
330    'QR[1]'                  9501.054326
331    'QR[2]'                  5733.810605
332    'H[1,1,1]'                  1.861637935
333    'H[1,1,2]'                  2.297818446
334    'H[1,1,3]'                  2.755042021
335    'H[1,2,1]'                  1.857773498
336    'H[1,2,2]'                  2.293136558
337    'H[1,2,3]'                  2.749384525
338    'H[1,3,1]'                  1.849754947
339    'H[1,3,2]'                  2.283421142
340    'H[1,3,3]'                  2.737645241
341    'H[1,4,1]'                  1.833412784
342    'H[1,4,2]'                  2.263617817
343    'H[1,4,3]'                  2.713719177
344    'H[1,5,1]'                  1.801269348
345    'H[1,5,2]'                  2.224655156
346    'H[1,5,3]'                  2.666655293
347    'H[1,6,1]'                  1.742116688
348    'H[1,6,2]'                  2.152912315
349    'H[1,6,3]'                  2.580030935
350    'H[1,7,1]'                  1.644798492
351    'H[1,7,2]'                  2.034758855
352    'H[1,7,3]'                  2.437469673
353    'H[1,8,1]'                  1.507532462
354    'H[1,8,2]'                  1.86782531
355    'H[1,8,3]'                  2.236265838
356    'H[1,9,1]'                  1.392461216
357    'H[1,9,2]'                  1.727606368
358    'H[1,9,3]'                  2.067455119
359    'H[1,10,1]'                 1.29948697
360    'H[1,10,2]'                 1.614111382
361    'H[1,10,3]'                 1.930946853
362    'H[1,11,1]'                 1.238486868
363    'H[1,11,2]'                 1.539542547
364    'H[1,11,3]'                 1.841320219
365    'H[1,12,1]'                 1.199025811
366    'H[1,12,2]'                 1.491257265
367    'H[1,12,3]'                 1.783310816
368    'H[1,13,1]'                 1.16138082
369    'H[1,13,2]'                 1.445158851
370    'H[1,13,3]'                 1.72794776
371    'H[1,14,1]'                 1.098964972
372    'H[1,14,2]'                 1.3686485
373    'H[1,14,3]'                 1.636101452
374    'H[1,15,1]'                 0.9805281537
375    'H[1,15,2]'                 1.223182301
376    'H[1,15,3]'                 1.461615249
377    'H[2,1,1]'                  1.209223324
378    'H[2,1,2]'                  1.503738718
379    'H[2,1,3]'                  1.798303931
380    'H[2,2,1]'                  1.207545822
381    'H[2,2,2]'                  1.501685679
382    'H[2,2,3]'                  1.795837661
383    'H[2,3,1]'                  1.204472649
384    'H[2,3,2]'                  1.497924346
385    'H[2,3,3]'                  1.791319354
386    'H[2,4,1]'                  1.197321512
387    'H[2,4,2]'                  1.489171007
388    'H[2,4,3]'                  1.780804871
389    'H[2,5,1]'                  1.180207317
390    'H[2,5,2]'                  1.46821733
391    'H[2,5,3]'                  1.755638104
392    'H[2,6,1]'                  1.140921074
393    'H[2,6,2]'                  1.420089926
394    'H[2,6,3]'                  1.697848371
395    'H[2,7,1]'                  1.060126683
396    'H[2,7,2]'                  1.320988685
397    'H[2,7,3]'                  1.578913981
398    'H[2,8,1]'                  0.9264835686
399    'H[2,8,2]'                  1.156672837
400    'H[2,8,3]'                  1.381896041
401    'H[2,9,1]'                  0.7696669362
402    'H[2,9,2]'                  0.9631860152
403    'H[2,9,3]'                  1.150180026
404    'H[2,10,1]'                 0.6471334561
405    'H[2,10,2]'                 0.8114382532
406    'H[2,10,3]'                 0.968645745
407    'H[2,11,1]'                 0.5798628423
408    'H[2,11,2]'                 0.7279030513
409    'H[2,11,3]'                 0.8687809556
410    'H[2,12,1]'                 0.5265294552
411    'H[2,12,2]'                 0.6615547511
412    'H[2,12,3]'                 0.7894944001
413    'H[2,13,1]'                 0.5050233388
414    'H[2,13,2]'                 0.634769542
415    'H[2,13,3]'                 0.7574934494
416    'H[2,14,1]'                 0.4970889334
417    'H[2,14,2]'                 0.6248829088
418    'H[2,14,3]'                 0.7456826983
419    'H[2,15,1]'                 0.4942615525
420    'H[2,15,2]'                 0.6213592626
421    'H[2,15,3]'                 0.741473422
422    'HF[1]'                     0.9917930392
423    'HF[2]'                     1.237034729
424    'HF[3]'                     1.478223544
425    'h[1,1,1]'                 -6.401886515
426    'h[1,1,2]'                 -7.178599626
427    'h[1,1,3]'                 -7.818282411
428    'h[1,2,1]'                 -6.408012851
429    'h[1,2,2]'                 -7.185424151
430    'h[1,2,3]'                 -7.826127615
431    'h[1,3,1]'                 -6.420725523
432    'h[1,3,2]'                 -7.199586357
433    'h[1,3,3]'                 -7.842408061
434    'h[1,4,1]'                 -6.44663778
435    'h[1,4,2]'                 -7.228456274
436    'h[1,4,3]'                 -7.875596621
437    'h[1,5,1]'                 -6.497617855
438    'h[1,5,2]'                 -7.285267484
439    'h[1,5,3]'                 -7.940908567
440    'h[1,6,1]'                 -6.59148348
441    'h[1,6,2]'                 -7.389912938
442    'h[1,6,3]'                 -8.061221211
443    'h[1,7,1]'                 -6.746061612
444    'h[1,7,2]'                 -7.562371628
445    'h[1,7,3]'                 -8.25952921
446    'h[1,8,1]'                 -6.964454685
447    'h[1,8,2]'                 -7.806319
448    'h[1,8,3]'                 -8.540118121
449    'h[1,9,1]'                 -7.147912749
450    'h[1,9,2]'                 -8.011530965
451    'h[1,9,3]'                 -8.776241155
452    'h[1,10,1]'                -7.296427312
453    'h[1,10,2]'                -8.177864465
454    'h[1,10,3]'                -8.967701592
455    'h[1,11,1]'                -7.394019484
456    'h[1,11,2]'                -8.287274041
457    'h[1,11,3]'                -9.093679838
458    'h[1,12,1]'                -7.457220486
459    'h[1,12,2]'                -8.35817591
460    'h[1,12,3]'                -9.175338065
461    'h[1,13,1]'                -7.517565266
462    'h[1,13,2]'                -8.425909799
463    'h[1,13,3]'                -9.253362835
464    'h[1,14,1]'                -7.617735396
465    'h[1,14,2]'                -8.53842633
466    'h[1,14,3]'                -9.383009192
467    'h[1,15,1]'                -7.808244206
468    'h[1,15,2]'                -8.752708512
469    'h[1,15,3]'                -9.630049165
470    'h[2,1,1]'                 -7.440882799
471    'h[2,1,2]'                 -8.339843838
472    'h[2,1,3]'                 -9.154223362
473    'h[2,2,1]'                 -7.443570109
474    'h[2,2,2]'                 -8.342859018
475    'h[2,2,3]'                 -9.157696143
476    'h[2,3,1]'                 -7.448493508
477    'h[2,3,2]'                 -8.348383285
478    'h[2,3,3]'                 -9.16405888
479    'h[2,4,1]'                 -7.459951351
480    'h[2,4,2]'                 -8.361240392
481    'h[2,4,3]'                 -9.178867811
482    'h[2,5,1]'                 -7.487379948
483    'h[2,5,2]'                 -8.392023856
484    'h[2,5,3]'                 -9.214326661
485    'h[2,6,1]'                 -7.550384288
486    'h[2,6,2]'                 -8.462762658
487    'h[2,6,3]'                 -9.295821313
488    'h[2,7,1]'                 -7.680143658
489    'h[2,7,2]'                 -8.608579276
490    'h[2,7,3]'                 -9.463866144
491    'h[2,8,1]'                 -7.89537757
492    'h[2,8,2]'                 -8.850849761
493    'h[2,8,3]'                 -9.743259491
494    'h[2,9,1]'                 -8.148988509
495    'h[2,9,2]'                 -9.137017403
496    'h[2,9,3]'                -10.07364196
497    'h[2,10,1]'                -8.348043416
498    'h[2,10,2]'                -9.362204825
499    'h[2,10,3]'               -10.33395615
500    'h[2,11,1]'                -8.457687045
501    'h[2,11,2]'                -9.486476698
502    'h[2,11,3]'               -10.47775859
503    'h[2,12,1]'                -8.544809156
504    'h[2,12,2]'                -9.58534678
505    'h[2,12,3]'               -10.59224869
506    'h[2,13,1]'                -8.5799907
507    'h[2,13,2]'                -9.625304513
508    'h[2,13,3]'               -10.63854088
509    'h[2,14,1]'                -8.592977961
510    'h[2,14,2]'                -9.640059653
511    'h[2,14,3]'               -10.6556384
512    'h[2,15,1]'                -8.597606881
513    'h[2,15,2]'                -9.645319304
514    'h[2,15,3]'               -10.66173345
515    'hF[1]'                    -7.790098768
516    'hF[2]'                    -8.732281577
517    'hF[3]'                    -9.606491254
518    'tauGamma[1,1,1,1]'     1e-06
519    'tauGamma[1,1,1,2]'     1e-06
520    'tauGamma[1,1,1,3]'     1e-06
521    'tauGamma[1,1,2,1]'     1e-06
522    'tauGamma[1,1,2,2]'     1e-06
523    'tauGamma[1,1,2,3]'     1e-06
524    'tauGamma[1,1,3,1]'     1e-06
525    'tauGamma[1,1,3,2]'     1e-06
526    'tauGamma[1,1,3,3]'     1e-06
527    'tauGamma[1,2,1,1]'     1e-06
528    'tauGamma[1,2,1,2]'     1e-06
529    'tauGamma[1,2,1,3]'     1e-06
530    'tauGamma[1,2,2,1]'     1e-06
531    'tauGamma[1,2,2,2]'     1e-06
532    'tauGamma[1,2,2,3]'     1e-06
533    'tauGamma[1,2,3,1]'     1e-06
534    'tauGamma[1,2,3,2]'     1e-06
535    'tauGamma[1,2,3,3]'     1e-06
536    'tauGamma[1,3,1,1]'     1e-06
537    'tauGamma[1,3,1,2]'     1e-06
538    'tauGamma[1,3,1,3]'     1e-06
539    'tauGamma[1,3,2,1]'     1e-06
540    'tauGamma[1,3,2,2]'     1e-06
541    'tauGamma[1,3,2,3]'     1e-06
542    'tauGamma[1,3,3,1]'     1e-06
543    'tauGamma[1,3,3,2]'     1e-06
544    'tauGamma[1,3,3,3]'     1e-06
545    'tauGamma[1,4,1,1]'     1e-06
546    'tauGamma[1,4,1,2]'     1e-06
547    'tauGamma[1,4,1,3]'     1e-06
548    'tauGamma[1,4,2,1]'     1e-06
549    'tauGamma[1,4,2,2]'     1e-06
550    'tauGamma[1,4,2,3]'     1e-06
551    'tauGamma[1,4,3,1]'     1e-06
552    'tauGamma[1,4,3,2]'     1e-06
553    'tauGamma[1,4,3,3]'     1e-06
554    'tauGamma[1,5,1,1]'     1e-06
555    'tauGamma[1,5,1,2]'     1e-06
556    'tauGamma[1,5,1,3]'     1e-06
557    'tauGamma[1,5,2,1]'     1e-06
558    'tauGamma[1,5,2,2]'     1e-06
559    'tauGamma[1,5,2,3]'     1e-06
560    'tauGamma[1,5,3,1]'     1e-06
561    'tauGamma[1,5,3,2]'     1e-06
562    'tauGamma[1,5,3,3]'     1e-06
563    'tauGamma[1,6,1,1]'     1e-06
564    'tauGamma[1,6,1,2]'     1e-06
565    'tauGamma[1,6,1,3]'     1e-06
566    'tauGamma[1,6,2,1]'     1e-06
567    'tauGamma[1,6,2,2]'     1e-06
568    'tauGamma[1,6,2,3]'     1e-06
569    'tauGamma[1,6,3,1]'     1e-06
570    'tauGamma[1,6,3,2]'     1e-06
571    'tauGamma[1,6,3,3]'     1e-06
572    'tauGamma[1,7,1,1]'     1e-06
573    'tauGamma[1,7,1,2]'     1e-06
574    'tauGamma[1,7,1,3]'     1e-06
575    'tauGamma[1,7,2,1]'     1e-06
576    'tauGamma[1,7,2,2]'     1e-06
577    'tauGamma[1,7,2,3]'     1e-06
578    'tauGamma[1,7,3,1]'     1e-06
579    'tauGamma[1,7,3,2]'     1e-06
580    'tauGamma[1,7,3,3]'     1e-06
581    'tauGamma[1,8,1,1]'     1e-06
582    'tauGamma[1,8,1,2]'     1e-06
583    'tauGamma[1,8,1,3]'     1e-06
584    'tauGamma[1,8,2,1]'     1e-06
585    'tauGamma[1,8,2,2]'     1e-06
586    'tauGamma[1,8,2,3]'     1e-06
587    'tauGamma[1,8,3,1]'     1e-06
588    'tauGamma[1,8,3,2]'     1e-06
589    'tauGamma[1,8,3,3]'     1e-06
590    'tauGamma[1,9,1,1]'     1e-06
591    'tauGamma[1,9,1,2]'     1e-06
592    'tauGamma[1,9,1,3]'     1e-06
593    'tauGamma[1,9,2,1]'     1e-06
594    'tauGamma[1,9,2,2]'     1e-06
595    'tauGamma[1,9,2,3]'     1e-06
596    'tauGamma[1,9,3,1]'     1e-06
597    'tauGamma[1,9,3,2]'     1e-06
598    'tauGamma[1,9,3,3]'     1e-06
599    'tauGamma[1,10,1,1]'    1e-06
600    'tauGamma[1,10,1,2]'    1e-06
601    'tauGamma[1,10,1,3]'    1e-06
602    'tauGamma[1,10,2,1]'    1e-06
603    'tauGamma[1,10,2,2]'    1e-06
604    'tauGamma[1,10,2,3]'    1e-06
605    'tauGamma[1,10,3,1]'    1e-06
606    'tauGamma[1,10,3,2]'    1e-06
607    'tauGamma[1,10,3,3]'    1e-06
608    'tauGamma[1,11,1,1]'    1e-06
609    'tauGamma[1,11,1,2]'    1e-06
610    'tauGamma[1,11,1,3]'    1e-06
611    'tauGamma[1,11,2,1]'    1e-06
612    'tauGamma[1,11,2,2]'    1e-06
613    'tauGamma[1,11,2,3]'    1e-06
614    'tauGamma[1,11,3,1]'    1e-06
615    'tauGamma[1,11,3,2]'    1e-06
616    'tauGamma[1,11,3,3]'    1e-06
617    'tauGamma[1,12,1,1]'    1e-06
618    'tauGamma[1,12,1,2]'    1e-06
619    'tauGamma[1,12,1,3]'    1e-06
620    'tauGamma[1,12,2,1]'    1e-06
621    'tauGamma[1,12,2,2]'    1e-06
622    'tauGamma[1,12,2,3]'    1e-06
623    'tauGamma[1,12,3,1]'    1e-06
624    'tauGamma[1,12,3,2]'    1e-06
625    'tauGamma[1,12,3,3]'    1e-06
626    'tauGamma[1,13,1,1]'    1e-06
627    'tauGamma[1,13,1,2]'    1e-06
628    'tauGamma[1,13,1,3]'    1e-06
629    'tauGamma[1,13,2,1]'    1e-06
630    'tauGamma[1,13,2,2]'    1e-06
631    'tauGamma[1,13,2,3]'    1e-06
632    'tauGamma[1,13,3,1]'    1e-06
633    'tauGamma[1,13,3,2]'    1e-06
634    'tauGamma[1,13,3,3]'    1e-06
635    'tauGamma[1,14,1,1]'    1e-06
636    'tauGamma[1,14,1,2]'    1e-06
637    'tauGamma[1,14,1,3]'    1e-06
638    'tauGamma[1,14,2,1]'    1e-06
639    'tauGamma[1,14,2,2]'    1e-06
640    'tauGamma[1,14,2,3]'    1e-06
641    'tauGamma[1,14,3,1]'    1e-06
642    'tauGamma[1,14,3,2]'    1e-06
643    'tauGamma[1,14,3,3]'    1e-06
644    'tauGamma[1,15,1,1]'    1e-06
645    'tauGamma[1,15,1,2]'    1e-06
646    'tauGamma[1,15,1,3]'    1e-06
647    'tauGamma[1,15,2,1]'    1e-06
648    'tauGamma[1,15,2,2]'    1e-06
649    'tauGamma[1,15,2,3]'    1e-06
650    'tauGamma[1,15,3,1]'    1e-06
651    'tauGamma[1,15,3,2]'    1e-06
652    'tauGamma[1,15,3,3]'    1e-06
653    'tauGamma[2,1,1,1]'     1e-06
654    'tauGamma[2,1,1,2]'     1e-06
655    'tauGamma[2,1,1,3]'     1e-06
656    'tauGamma[2,1,2,1]'     1e-06
657    'tauGamma[2,1,2,2]'     1e-06
658    'tauGamma[2,1,2,3]'     1e-06
659    'tauGamma[2,1,3,1]'     1e-06
660    'tauGamma[2,1,3,2]'     1e-06
661    'tauGamma[2,1,3,3]'     1e-06
662    'tauGamma[2,2,1,1]'     1e-06
663    'tauGamma[2,2,1,2]'     1e-06
664    'tauGamma[2,2,1,3]'     1e-06
665    'tauGamma[2,2,2,1]'     1e-06
666    'tauGamma[2,2,2,2]'     1e-06
667    'tauGamma[2,2,2,3]'     1e-06
668    'tauGamma[2,2,3,1]'     1e-06
669    'tauGamma[2,2,3,2]'     1e-06
670    'tauGamma[2,2,3,3]'     1e-06
671    'tauGamma[2,3,1,1]'     1e-06
672    'tauGamma[2,3,1,2]'     1e-06
673    'tauGamma[2,3,1,3]'     1e-06
674    'tauGamma[2,3,2,1]'     1e-06
675    'tauGamma[2,3,2,2]'     1e-06
676    'tauGamma[2,3,2,3]'     1e-06
677    'tauGamma[2,3,3,1]'     1e-06
678    'tauGamma[2,3,3,2]'     1e-06
679    'tauGamma[2,3,3,3]'     1e-06
680    'tauGamma[2,4,1,1]'     1e-06
681    'tauGamma[2,4,1,2]'     1e-06
682    'tauGamma[2,4,1,3]'     1e-06
683    'tauGamma[2,4,2,1]'     1e-06
684    'tauGamma[2,4,2,2]'     1e-06
685    'tauGamma[2,4,2,3]'     1e-06
686    'tauGamma[2,4,3,1]'     1e-06
687    'tauGamma[2,4,3,2]'     1e-06
688    'tauGamma[2,4,3,3]'     1e-06
689    'tauGamma[2,5,1,1]'     1e-06
690    'tauGamma[2,5,1,2]'     1e-06
691    'tauGamma[2,5,1,3]'     1e-06
692    'tauGamma[2,5,2,1]'     1e-06
693    'tauGamma[2,5,2,2]'     1e-06
694    'tauGamma[2,5,2,3]'     1e-06
695    'tauGamma[2,5,3,1]'     1e-06
696    'tauGamma[2,5,3,2]'     1e-06
697    'tauGamma[2,5,3,3]'     1e-06
698    'tauGamma[2,6,1,1]'     1e-06
699    'tauGamma[2,6,1,2]'     1e-06
700    'tauGamma[2,6,1,3]'     1e-06
701    'tauGamma[2,6,2,1]'     1e-06
702    'tauGamma[2,6,2,2]'     1e-06
703    'tauGamma[2,6,2,3]'     1e-06
704    'tauGamma[2,6,3,1]'     1e-06
705    'tauGamma[2,6,3,2]'     1e-06
706    'tauGamma[2,6,3,3]'     1e-06
707    'tauGamma[2,7,1,1]'     1e-06
708    'tauGamma[2,7,1,2]'     1e-06
709    'tauGamma[2,7,1,3]'     1e-06
710    'tauGamma[2,7,2,1]'     1e-06
711    'tauGamma[2,7,2,2]'     1e-06
712    'tauGamma[2,7,2,3]'     1e-06
713    'tauGamma[2,7,3,1]'     1e-06
714    'tauGamma[2,7,3,2]'     1e-06
715    'tauGamma[2,7,3,3]'     1e-06
716    'tauGamma[2,8,1,1]'     1e-06
717    'tauGamma[2,8,1,2]'     1e-06
718    'tauGamma[2,8,1,3]'     1e-06
719    'tauGamma[2,8,2,1]'     1e-06
720    'tauGamma[2,8,2,2]'     1e-06
721    'tauGamma[2,8,2,3]'     1e-06
722    'tauGamma[2,8,3,1]'     1e-06
723    'tauGamma[2,8,3,2]'     1e-06
724    'tauGamma[2,8,3,3]'     1e-06
725    'tauGamma[2,9,1,1]'     1e-06
726    'tauGamma[2,9,1,2]'     1e-06
727    'tauGamma[2,9,1,3]'     1e-06
728    'tauGamma[2,9,2,1]'     1e-06
729    'tauGamma[2,9,2,2]'     1e-06
730    'tauGamma[2,9,2,3]'     1e-06
731    'tauGamma[2,9,3,1]'     1e-06
732    'tauGamma[2,9,3,2]'     1e-06
733    'tauGamma[2,9,3,3]'     1e-06
734    'tauGamma[2,10,1,1]'    1e-06
735    'tauGamma[2,10,1,2]'    1e-06
736    'tauGamma[2,10,1,3]'    1e-06
737    'tauGamma[2,10,2,1]'    1e-06
738    'tauGamma[2,10,2,2]'    1e-06
739    'tauGamma[2,10,2,3]'    1e-06
740    'tauGamma[2,10,3,1]'    1e-06
741    'tauGamma[2,10,3,2]'    1e-06
742    'tauGamma[2,10,3,3]'    1e-06
743    'tauGamma[2,11,1,1]'    1e-06
744    'tauGamma[2,11,1,2]'    1e-06
745    'tauGamma[2,11,1,3]'    1e-06
746    'tauGamma[2,11,2,1]'    1e-06
747    'tauGamma[2,11,2,2]'    1e-06
748    'tauGamma[2,11,2,3]'    1e-06
749    'tauGamma[2,11,3,1]'    1e-06
750    'tauGamma[2,11,3,2]'    1e-06
751    'tauGamma[2,11,3,3]'    1e-06
752    'tauGamma[2,12,1,1]'    1e-06
753    'tauGamma[2,12,1,2]'    1e-06
754    'tauGamma[2,12,1,3]'    1e-06
755    'tauGamma[2,12,2,1]'    1e-06
756    'tauGamma[2,12,2,2]'    1e-06
757    'tauGamma[2,12,2,3]'    1e-06
758    'tauGamma[2,12,3,1]'    1e-06
759    'tauGamma[2,12,3,2]'    1e-06
760    'tauGamma[2,12,3,3]'    1e-06
761    'tauGamma[2,13,1,1]'    1e-06
762    'tauGamma[2,13,1,2]'    1e-06
763    'tauGamma[2,13,1,3]'    1e-06
764    'tauGamma[2,13,2,1]'    1e-06
765    'tauGamma[2,13,2,2]'    1e-06
766    'tauGamma[2,13,2,3]'    1e-06
767    'tauGamma[2,13,3,1]'    1e-06
768    'tauGamma[2,13,3,2]'    1e-06
769    'tauGamma[2,13,3,3]'    1e-06
770    'tauGamma[2,14,1,1]'    1e-06
771    'tauGamma[2,14,1,2]'    1e-06
772    'tauGamma[2,14,1,3]'    1e-06
773    'tauGamma[2,14,2,1]'    1e-06
774    'tauGamma[2,14,2,2]'    1e-06
775    'tauGamma[2,14,2,3]'    1e-06
776    'tauGamma[2,14,3,1]'    1e-06
777    'tauGamma[2,14,3,2]'    1e-06
778    'tauGamma[2,14,3,3]'    1e-06
779    'tauGamma[2,15,1,1]'    1e-06
780    'tauGamma[2,15,1,2]'    1e-06
781    'tauGamma[2,15,1,3]'    1e-06
782    'tauGamma[2,15,2,1]'    1e-06
783    'tauGamma[2,15,2,2]'    1e-06
784    'tauGamma[2,15,2,3]'    1e-06
785    'tauGamma[2,15,3,1]'    1e-06
786    'tauGamma[2,15,3,2]'    1e-06
787    'tauGamma[2,15,3,3]'    1e-06
788    'PGamma[1,1,1,1]'           1
789    'PGamma[1,1,1,2]'           1
790    'PGamma[1,1,1,3]'           1
791    'PGamma[1,1,2,1]'           1
792    'PGamma[1,1,2,2]'           1
793    'PGamma[1,1,2,3]'           1
794    'PGamma[1,1,3,1]'           1
795    'PGamma[1,1,3,2]'           1
796    'PGamma[1,1,3,3]'           1
797    'PGamma[1,2,1,1]'           1
798    'PGamma[1,2,1,2]'           1
799    'PGamma[1,2,1,3]'           1
800    'PGamma[1,2,2,1]'           1
801    'PGamma[1,2,2,2]'           1
802    'PGamma[1,2,2,3]'           1
803    'PGamma[1,2,3,1]'           1
804    'PGamma[1,2,3,2]'           1
805    'PGamma[1,2,3,3]'           1
806    'PGamma[1,3,1,1]'           1
807    'PGamma[1,3,1,2]'           1
808    'PGamma[1,3,1,3]'           1
809    'PGamma[1,3,2,1]'           1
810    'PGamma[1,3,2,2]'           1
811    'PGamma[1,3,2,3]'           1
812    'PGamma[1,3,3,1]'           1
813    'PGamma[1,3,3,2]'           1
814    'PGamma[1,3,3,3]'           1
815    'PGamma[1,4,1,1]'           1
816    'PGamma[1,4,1,2]'           1
817    'PGamma[1,4,1,3]'           1
818    'PGamma[1,4,2,1]'           1
819    'PGamma[1,4,2,2]'           1
820    'PGamma[1,4,2,3]'           1
821    'PGamma[1,4,3,1]'           1
822    'PGamma[1,4,3,2]'           1
823    'PGamma[1,4,3,3]'           1
824    'PGamma[1,5,1,1]'           1
825    'PGamma[1,5,1,2]'           1
826    'PGamma[1,5,1,3]'           1
827    'PGamma[1,5,2,1]'           1
828    'PGamma[1,5,2,2]'           1
829    'PGamma[1,5,2,3]'           1
830    'PGamma[1,5,3,1]'           1
831    'PGamma[1,5,3,2]'           1
832    'PGamma[1,5,3,3]'           1
833    'PGamma[1,6,1,1]'           1
834    'PGamma[1,6,1,2]'           1
835    'PGamma[1,6,1,3]'           1
836    'PGamma[1,6,2,1]'           1
837    'PGamma[1,6,2,2]'           1
838    'PGamma[1,6,2,3]'           1
839    'PGamma[1,6,3,1]'           1
840    'PGamma[1,6,3,2]'           1
841    'PGamma[1,6,3,3]'           1
842    'PGamma[1,7,1,1]'           1
843    'PGamma[1,7,1,2]'           1
844    'PGamma[1,7,1,3]'           1
845    'PGamma[1,7,2,1]'           1
846    'PGamma[1,7,2,2]'           1
847    'PGamma[1,7,2,3]'           1
848    'PGamma[1,7,3,1]'           1
849    'PGamma[1,7,3,2]'           1
850    'PGamma[1,7,3,3]'           1
851    'PGamma[1,8,1,1]'           1
852    'PGamma[1,8,1,2]'           1
853    'PGamma[1,8,1,3]'           1
854    'PGamma[1,8,2,1]'           1
855    'PGamma[1,8,2,2]'           1
856    'PGamma[1,8,2,3]'           1
857    'PGamma[1,8,3,1]'           1
858    'PGamma[1,8,3,2]'           1
859    'PGamma[1,8,3,3]'           1
860    'PGamma[1,9,1,1]'           1
861    'PGamma[1,9,1,2]'           1
862    'PGamma[1,9,1,3]'           1
863    'PGamma[1,9,2,1]'           1
864    'PGamma[1,9,2,2]'           1
865    'PGamma[1,9,2,3]'           1
866    'PGamma[1,9,3,1]'           1
867    'PGamma[1,9,3,2]'           1
868    'PGamma[1,9,3,3]'           1
869    'PGamma[1,10,1,1]'          1
870    'PGamma[1,10,1,2]'          1
871    'PGamma[1,10,1,3]'          1
872    'PGamma[1,10,2,1]'          1
873    'PGamma[1,10,2,2]'          1
874    'PGamma[1,10,2,3]'          1
875    'PGamma[1,10,3,1]'          1
876    'PGamma[1,10,3,2]'          1
877    'PGamma[1,10,3,3]'          1
878    'PGamma[1,11,1,1]'          1
879    'PGamma[1,11,1,2]'          1
880    'PGamma[1,11,1,3]'          1
881    'PGamma[1,11,2,1]'          1
882    'PGamma[1,11,2,2]'          1
883    'PGamma[1,11,2,3]'          1
884    'PGamma[1,11,3,1]'          1
885    'PGamma[1,11,3,2]'          1
886    'PGamma[1,11,3,3]'          1
887    'PGamma[1,12,1,1]'          1
888    'PGamma[1,12,1,2]'          1
889    'PGamma[1,12,1,3]'          1
890    'PGamma[1,12,2,1]'          1
891    'PGamma[1,12,2,2]'          1
892    'PGamma[1,12,2,3]'          1
893    'PGamma[1,12,3,1]'          1
894    'PGamma[1,12,3,2]'          1
895    'PGamma[1,12,3,3]'          1
896    'PGamma[1,13,1,1]'          1
897    'PGamma[1,13,1,2]'          1
898    'PGamma[1,13,1,3]'          1
899    'PGamma[1,13,2,1]'          1
900    'PGamma[1,13,2,2]'          1
901    'PGamma[1,13,2,3]'          1
902    'PGamma[1,13,3,1]'          1
903    'PGamma[1,13,3,2]'          1
904    'PGamma[1,13,3,3]'          1
905    'PGamma[1,14,1,1]'          1
906    'PGamma[1,14,1,2]'          1
907    'PGamma[1,14,1,3]'          1
908    'PGamma[1,14,2,1]'          1
909    'PGamma[1,14,2,2]'          1
910    'PGamma[1,14,2,3]'          1
911    'PGamma[1,14,3,1]'          1
912    'PGamma[1,14,3,2]'          1
913    'PGamma[1,14,3,3]'          1
914    'PGamma[1,15,1,1]'          1
915    'PGamma[1,15,1,2]'          1
916    'PGamma[1,15,1,3]'          1
917    'PGamma[1,15,2,1]'          1
918    'PGamma[1,15,2,2]'          1
919    'PGamma[1,15,2,3]'          1
920    'PGamma[1,15,3,1]'          1
921    'PGamma[1,15,3,2]'          1
922    'PGamma[1,15,3,3]'          1
923    'PGamma[2,1,1,1]'           1
924    'PGamma[2,1,1,2]'           1
925    'PGamma[2,1,1,3]'           1
926    'PGamma[2,1,2,1]'           1
927    'PGamma[2,1,2,2]'           1
928    'PGamma[2,1,2,3]'           1
929    'PGamma[2,1,3,1]'           1
930    'PGamma[2,1,3,2]'           1
931    'PGamma[2,1,3,3]'           1
932    'PGamma[2,2,1,1]'           1
933    'PGamma[2,2,1,2]'           1
934    'PGamma[2,2,1,3]'           1
935    'PGamma[2,2,2,1]'           1
936    'PGamma[2,2,2,2]'           1
937    'PGamma[2,2,2,3]'           1
938    'PGamma[2,2,3,1]'           1
939    'PGamma[2,2,3,2]'           1
940    'PGamma[2,2,3,3]'           1
941    'PGamma[2,3,1,1]'           1
942    'PGamma[2,3,1,2]'           1
943    'PGamma[2,3,1,3]'           1
944    'PGamma[2,3,2,1]'           1
945    'PGamma[2,3,2,2]'           1
946    'PGamma[2,3,2,3]'           1
947    'PGamma[2,3,3,1]'           1
948    'PGamma[2,3,3,2]'           1
949    'PGamma[2,3,3,3]'           1
950    'PGamma[2,4,1,1]'           1
951    'PGamma[2,4,1,2]'           1
952    'PGamma[2,4,1,3]'           1
953    'PGamma[2,4,2,1]'           1
954    'PGamma[2,4,2,2]'           1
955    'PGamma[2,4,2,3]'           1
956    'PGamma[2,4,3,1]'           1
957    'PGamma[2,4,3,2]'           1
958    'PGamma[2,4,3,3]'           1
959    'PGamma[2,5,1,1]'           1
960    'PGamma[2,5,1,2]'           1
961    'PGamma[2,5,1,3]'           1
962    'PGamma[2,5,2,1]'           1
963    'PGamma[2,5,2,2]'           1
964    'PGamma[2,5,2,3]'           1
965    'PGamma[2,5,3,1]'           1
966    'PGamma[2,5,3,2]'           1
967    'PGamma[2,5,3,3]'           1
968    'PGamma[2,6,1,1]'           1
969    'PGamma[2,6,1,2]'           1
970    'PGamma[2,6,1,3]'           1
971    'PGamma[2,6,2,1]'           1
972    'PGamma[2,6,2,2]'           1
973    'PGamma[2,6,2,3]'           1
974    'PGamma[2,6,3,1]'           1
975    'PGamma[2,6,3,2]'           1
976    'PGamma[2,6,3,3]'           1
977    'PGamma[2,7,1,1]'           1
978    'PGamma[2,7,1,2]'           1
979    'PGamma[2,7,1,3]'           1
980    'PGamma[2,7,2,1]'           1
981    'PGamma[2,7,2,2]'           1
982    'PGamma[2,7,2,3]'           1
983    'PGamma[2,7,3,1]'           1
984    'PGamma[2,7,3,2]'           1
985    'PGamma[2,7,3,3]'           1
986    'PGamma[2,8,1,1]'           1
987    'PGamma[2,8,1,2]'           1
988    'PGamma[2,8,1,3]'           1
989    'PGamma[2,8,2,1]'           1
990    'PGamma[2,8,2,2]'           1
991    'PGamma[2,8,2,3]'           1
992    'PGamma[2,8,3,1]'           1
993    'PGamma[2,8,3,2]'           1
994    'PGamma[2,8,3,3]'           1
995    'PGamma[2,9,1,1]'           1
996    'PGamma[2,9,1,2]'           1
997    'PGamma[2,9,1,3]'           1
998    'PGamma[2,9,2,1]'           1
999    'PGamma[2,9,2,2]'           1
1000   'PGamma[2,9,2,3]'           1
1001   'PGamma[2,9,3,1]'           1
1002   'PGamma[2,9,3,2]'           1
1003   'PGamma[2,9,3,3]'           1
1004   'PGamma[2,10,1,1]'          1
1005   'PGamma[2,10,1,2]'          1
1006   'PGamma[2,10,1,3]'          1
1007   'PGamma[2,10,2,1]'          1
1008   'PGamma[2,10,2,2]'          1
1009   'PGamma[2,10,2,3]'          1
1010   'PGamma[2,10,3,1]'          1
1011   'PGamma[2,10,3,2]'          1
1012   'PGamma[2,10,3,3]'          1
1013   'PGamma[2,11,1,1]'          1
1014   'PGamma[2,11,1,2]'          1
1015   'PGamma[2,11,1,3]'          1
1016   'PGamma[2,11,2,1]'          1
1017   'PGamma[2,11,2,2]'          1
1018   'PGamma[2,11,2,3]'          1
1019   'PGamma[2,11,3,1]'          1
1020   'PGamma[2,11,3,2]'          1
1021   'PGamma[2,11,3,3]'          1
1022   'PGamma[2,12,1,1]'          1
1023   'PGamma[2,12,1,2]'          1
1024   'PGamma[2,12,1,3]'          1
1025   'PGamma[2,12,2,1]'          1
1026   'PGamma[2,12,2,2]'          1
1027   'PGamma[2,12,2,3]'          1
1028   'PGamma[2,12,3,1]'          1
1029   'PGamma[2,12,3,2]'          1
1030   'PGamma[2,12,3,3]'          1
1031   'PGamma[2,13,1,1]'          1
1032   'PGamma[2,13,1,2]'          1
1033   'PGamma[2,13,1,3]'          1
1034   'PGamma[2,13,2,1]'          1
1035   'PGamma[2,13,2,2]'          1
1036   'PGamma[2,13,2,3]'          1
1037   'PGamma[2,13,3,1]'          1
1038   'PGamma[2,13,3,2]'          1
1039   'PGamma[2,13,3,3]'          1
1040   'PGamma[2,14,1,1]'          1
1041   'PGamma[2,14,1,2]'          1
1042   'PGamma[2,14,1,3]'          1
1043   'PGamma[2,14,2,1]'          1
1044   'PGamma[2,14,2,2]'          1
1045   'PGamma[2,14,2,3]'          1
1046   'PGamma[2,14,3,1]'          1
1047   'PGamma[2,14,3,2]'          1
1048   'PGamma[2,14,3,3]'          1
1049   'PGamma[2,15,1,1]'          1
1050   'PGamma[2,15,1,2]'          1
1051   'PGamma[2,15,1,3]'          1
1052   'PGamma[2,15,2,1]'          1
1053   'PGamma[2,15,2,2]'          1
1054   'PGamma[2,15,2,3]'          1
1055   'PGamma[2,15,3,1]'          1
1056   'PGamma[2,15,3,2]'          1
1057   'PGamma[2,15,3,3]'          1
1058   'SGamma1[1,1,1]'        1e-06
1059   'SGamma1[1,1,2]'        1e-06
1060   'SGamma1[1,1,3]'        1e-06
1061   'SGamma1[1,2,1]'        1e-06
1062   'SGamma1[1,2,2]'        1e-06
1063   'SGamma1[1,2,3]'        1e-06
1064   'SGamma1[1,3,1]'        1e-06
1065   'SGamma1[1,3,2]'        1e-06
1066   'SGamma1[1,3,3]'        1e-06
1067   'SGamma1[1,4,1]'        1e-06
1068   'SGamma1[1,4,2]'        1e-06
1069   'SGamma1[1,4,3]'        1e-06
1070   'SGamma1[1,5,1]'        1e-06
1071   'SGamma1[1,5,2]'        1e-06
1072   'SGamma1[1,5,3]'        1e-06
1073   'SGamma1[1,6,1]'        1e-06
1074   'SGamma1[1,6,2]'        1e-06
1075   'SGamma1[1,6,3]'        1e-06
1076   'SGamma1[1,7,1]'        1e-06
1077   'SGamma1[1,7,2]'        1e-06
1078   'SGamma1[1,7,3]'        1e-06
1079   'SGamma1[1,8,1]'        1e-06
1080   'SGamma1[1,8,2]'        1e-06
1081   'SGamma1[1,8,3]'        1e-06
1082   'SGamma1[1,9,1]'        1e-06
1083   'SGamma1[1,9,2]'        1e-06
1084   'SGamma1[1,9,3]'        1e-06
1085   'SGamma1[1,10,1]'       1e-06
1086   'SGamma1[1,10,2]'       1e-06
1087   'SGamma1[1,10,3]'       1e-06
1088   'SGamma1[1,11,1]'       1e-06
1089   'SGamma1[1,11,2]'       1e-06
1090   'SGamma1[1,11,3]'       1e-06
1091   'SGamma1[1,12,1]'       1e-06
1092   'SGamma1[1,12,2]'       1e-06
1093   'SGamma1[1,12,3]'       1e-06
1094   'SGamma1[1,13,1]'       1e-06
1095   'SGamma1[1,13,2]'       1e-06
1096   'SGamma1[1,13,3]'       1e-06
1097   'SGamma1[1,14,1]'       1e-06
1098   'SGamma1[1,14,2]'       1e-06
1099   'SGamma1[1,14,3]'       1e-06
1100   'SGamma1[1,15,1]'       1e-06
1101   'SGamma1[1,15,2]'       1e-06
1102   'SGamma1[1,15,3]'       1e-06
1103   'SGamma1[2,1,1]'        1e-06
1104   'SGamma1[2,1,2]'        1e-06
1105   'SGamma1[2,1,3]'        1e-06
1106   'SGamma1[2,2,1]'        1e-06
1107   'SGamma1[2,2,2]'        1e-06
1108   'SGamma1[2,2,3]'        1e-06
1109   'SGamma1[2,3,1]'        1e-06
1110   'SGamma1[2,3,2]'        1e-06
1111   'SGamma1[2,3,3]'        1e-06
1112   'SGamma1[2,4,1]'        1e-06
1113   'SGamma1[2,4,2]'        1e-06
1114   'SGamma1[2,4,3]'        1e-06
1115   'SGamma1[2,5,1]'        1e-06
1116   'SGamma1[2,5,2]'        1e-06
1117   'SGamma1[2,5,3]'        1e-06
1118   'SGamma1[2,6,1]'        1e-06
1119   'SGamma1[2,6,2]'        1e-06
1120   'SGamma1[2,6,3]'        1e-06
1121   'SGamma1[2,7,1]'        1e-06
1122   'SGamma1[2,7,2]'        1e-06
1123   'SGamma1[2,7,3]'        1e-06
1124   'SGamma1[2,8,1]'        1e-06
1125   'SGamma1[2,8,2]'        1e-06
1126   'SGamma1[2,8,3]'        1e-06
1127   'SGamma1[2,9,1]'        1e-06
1128   'SGamma1[2,9,2]'        1e-06
1129   'SGamma1[2,9,3]'        1e-06
1130   'SGamma1[2,10,1]'       1e-06
1131   'SGamma1[2,10,2]'       1e-06
1132   'SGamma1[2,10,3]'       1e-06
1133   'SGamma1[2,11,1]'       1e-06
1134   'SGamma1[2,11,2]'       1e-06
1135   'SGamma1[2,11,3]'       1e-06
1136   'SGamma1[2,12,1]'       1e-06
1137   'SGamma1[2,12,2]'       1e-06
1138   'SGamma1[2,12,3]'       1e-06
1139   'SGamma1[2,13,1]'       1e-06
1140   'SGamma1[2,13,2]'       1e-06
1141   'SGamma1[2,13,3]'       1e-06
1142   'SGamma1[2,14,1]'       1e-06
1143   'SGamma1[2,14,2]'       1e-06
1144   'SGamma1[2,14,3]'       1e-06
1145   'SGamma1[2,15,1]'           9.999999999e-07
1146   'SGamma1[2,15,2]'           9.999999999e-07
1147   'SGamma1[2,15,3]'           9.999999999e-07
1148   'SGamma2[1,1,1]'            1
1149   'SGamma2[1,1,2]'            1
1150   'SGamma2[1,1,3]'            1
1151   'SGamma2[1,2,1]'            1
1152   'SGamma2[1,2,2]'            1
1153   'SGamma2[1,2,3]'            1
1154   'SGamma2[1,3,1]'            1
1155   'SGamma2[1,3,2]'            1
1156   'SGamma2[1,3,3]'            1
1157   'SGamma2[1,4,1]'            1
1158   'SGamma2[1,4,2]'            1
1159   'SGamma2[1,4,3]'            1
1160   'SGamma2[1,5,1]'            1
1161   'SGamma2[1,5,2]'            1
1162   'SGamma2[1,5,3]'            1
1163   'SGamma2[1,6,1]'            1
1164   'SGamma2[1,6,2]'            1
1165   'SGamma2[1,6,3]'            1
1166   'SGamma2[1,7,1]'            1
1167   'SGamma2[1,7,2]'            1
1168   'SGamma2[1,7,3]'            1
1169   'SGamma2[1,8,1]'            1
1170   'SGamma2[1,8,2]'            1
1171   'SGamma2[1,8,3]'            1
1172   'SGamma2[1,9,1]'            1
1173   'SGamma2[1,9,2]'            1
1174   'SGamma2[1,9,3]'            1
1175   'SGamma2[1,10,1]'           1
1176   'SGamma2[1,10,2]'           1
1177   'SGamma2[1,10,3]'           1
1178   'SGamma2[1,11,1]'           1
1179   'SGamma2[1,11,2]'           1
1180   'SGamma2[1,11,3]'           1
1181   'SGamma2[1,12,1]'           1
1182   'SGamma2[1,12,2]'           1
1183   'SGamma2[1,12,3]'           1
1184   'SGamma2[1,13,1]'           1
1185   'SGamma2[1,13,2]'           1
1186   'SGamma2[1,13,3]'           1
1187   'SGamma2[1,14,1]'           1
1188   'SGamma2[1,14,2]'           1
1189   'SGamma2[1,14,3]'           1
1190   'SGamma2[1,15,1]'           1
1191   'SGamma2[1,15,2]'           1
1192   'SGamma2[1,15,3]'           1
1193   'SGamma2[2,1,1]'            1
1194   'SGamma2[2,1,2]'            1
1195   'SGamma2[2,1,3]'            1
1196   'SGamma2[2,2,1]'            1
1197   'SGamma2[2,2,2]'            1
1198   'SGamma2[2,2,3]'            1
1199   'SGamma2[2,3,1]'            1
1200   'SGamma2[2,3,2]'            1
1201   'SGamma2[2,3,3]'            1
1202   'SGamma2[2,4,1]'            1
1203   'SGamma2[2,4,2]'            1
1204   'SGamma2[2,4,3]'            1
1205   'SGamma2[2,5,1]'            1
1206   'SGamma2[2,5,2]'            1
1207   'SGamma2[2,5,3]'            1
1208   'SGamma2[2,6,1]'            1
1209   'SGamma2[2,6,2]'            1
1210   'SGamma2[2,6,3]'            1
1211   'SGamma2[2,7,1]'            1
1212   'SGamma2[2,7,2]'            1
1213   'SGamma2[2,7,3]'            1
1214   'SGamma2[2,8,1]'            1
1215   'SGamma2[2,8,2]'            1
1216   'SGamma2[2,8,3]'            1
1217   'SGamma2[2,9,1]'            1
1218   'SGamma2[2,9,2]'            1
1219   'SGamma2[2,9,3]'            1
1220   'SGamma2[2,10,1]'           1
1221   'SGamma2[2,10,2]'           1
1222   'SGamma2[2,10,3]'           1
1223   'SGamma2[2,11,1]'           1
1224   'SGamma2[2,11,2]'           1
1225   'SGamma2[2,11,3]'           1
1226   'SGamma2[2,12,1]'           1
1227   'SGamma2[2,12,2]'           1
1228   'SGamma2[2,12,3]'           1
1229   'SGamma2[2,13,1]'           1
1230   'SGamma2[2,13,2]'           1
1231   'SGamma2[2,13,3]'           1
1232   'SGamma2[2,14,1]'           1
1233   'SGamma2[2,14,2]'           1
1234   'SGamma2[2,14,3]'           1
1235   'SGamma2[2,15,1]'           0.9999999999
1236   'SGamma2[2,15,2]'           0.9999999999
1237   'SGamma2[2,15,3]'           0.9999999999
1238   'gamma[1,1,1]'              1.000001
1239   'gamma[1,1,2]'              1.000001
1240   'gamma[1,1,3]'              1.000001
1241   'gamma[1,2,1]'              1.000001
1242   'gamma[1,2,2]'              1.000001
1243   'gamma[1,2,3]'              1.000001
1244   'gamma[1,3,1]'              1.000001
1245   'gamma[1,3,2]'              1.000001
1246   'gamma[1,3,3]'              1.000001
1247   'gamma[1,4,1]'              1.000001
1248   'gamma[1,4,2]'              1.000001
1249   'gamma[1,4,3]'              1.000001
1250   'gamma[1,5,1]'              1.000001
1251   'gamma[1,5,2]'              1.000001
1252   'gamma[1,5,3]'              1.000001
1253   'gamma[1,6,1]'              1.000001
1254   'gamma[1,6,2]'              1.000001
1255   'gamma[1,6,3]'              1.000001
1256   'gamma[1,7,1]'              1.000001
1257   'gamma[1,7,2]'              1.000001
1258   'gamma[1,7,3]'              1.000001
1259   'gamma[1,8,1]'              1.000001
1260   'gamma[1,8,2]'              1.000001
1261   'gamma[1,8,3]'              1.000001
1262   'gamma[1,9,1]'              1.000001
1263   'gamma[1,9,2]'              1.000001
1264   'gamma[1,9,3]'              1.000001
1265   'gamma[1,10,1]'             1.000001
1266   'gamma[1,10,2]'             1.000001
1267   'gamma[1,10,3]'             1.000001
1268   'gamma[1,11,1]'             1.000001
1269   'gamma[1,11,2]'             1.000001
1270   'gamma[1,11,3]'             1.000001
1271   'gamma[1,12,1]'             1.000001
1272   'gamma[1,12,2]'             1.000001
1273   'gamma[1,12,3]'             1.000001
1274   'gamma[1,13,1]'             1.000001
1275   'gamma[1,13,2]'             1.000001
1276   'gamma[1,13,3]'             1.000001
1277   'gamma[1,14,1]'             1.000001
1278   'gamma[1,14,2]'             1.000001
1279   'gamma[1,14,3]'             1.000001
1280   'gamma[1,15,1]'             1.000001
1281   'gamma[1,15,2]'             1.000001
1282   'gamma[1,15,3]'             1.000001
1283   'gamma[2,1,1]'              1.000001
1284   'gamma[2,1,2]'              1.000001
1285   'gamma[2,1,3]'              1.000001
1286   'gamma[2,2,1]'              1.000001
1287   'gamma[2,2,2]'              1.000001
1288   'gamma[2,2,3]'              1.000001
1289   'gamma[2,3,1]'              1.000001
1290   'gamma[2,3,2]'              1.000001
1291   'gamma[2,3,3]'              1.000001
1292   'gamma[2,4,1]'              1.000001
1293   'gamma[2,4,2]'              1.000001
1294   'gamma[2,4,3]'              1.000001
1295   'gamma[2,5,1]'              1.000001
1296   'gamma[2,5,2]'              1.000001
1297   'gamma[2,5,3]'              1.000001
1298   'gamma[2,6,1]'              1.000001
1299   'gamma[2,6,2]'              1.000001
1300   'gamma[2,6,3]'              1.000001
1301   'gamma[2,7,1]'              1.000001
1302   'gamma[2,7,2]'              1.000001
1303   'gamma[2,7,3]'              1.000001
1304   'gamma[2,8,1]'              1.000001
1305   'gamma[2,8,2]'              1.000001
1306   'gamma[2,8,3]'              1.000001
1307   'gamma[2,9,1]'              1.000001
1308   'gamma[2,9,2]'              1.000001
1309   'gamma[2,9,3]'              1.000001
1310   'gamma[2,10,1]'             1.000001
1311   'gamma[2,10,2]'             1.000001
1312   'gamma[2,10,3]'             1.000001
1313   'gamma[2,11,1]'             1.000001
1314   'gamma[2,11,2]'             1.000001
1315   'gamma[2,11,3]'             1.000001
1316   'gamma[2,12,1]'             1.000001
1317   'gamma[2,12,2]'             1.000001
1318   'gamma[2,12,3]'             1.000001
1319   'gamma[2,13,1]'             1.000001
1320   'gamma[2,13,2]'             1.000001
1321   'gamma[2,13,3]'             1.000001
1322   'gamma[2,14,1]'             1.000001
1323   'gamma[2,14,2]'             1.000001
1324   'gamma[2,14,3]'             1.000001
1325   'gamma[2,15,1]'             1.000001
1326   'gamma[2,15,2]'             1.000001
1327   'gamma[2,15,3]'             1.000001
1328   'PrS[1,1,1]'           162582.3972
1329   'PrS[1,1,2]'            66043.47518
1330   'PrS[1,1,3]'            30275.83346
1331   'PrS[1,2,1]'           161985.6021
1332   'PrS[1,2,2]'            65772.10017
1333   'PrS[1,2,3]'            30138.70323
1334   'PrS[1,3,1]'           160751.9525
1335   'PrS[1,3,2]'            65211.51506
1336   'PrS[1,3,3]'            29855.60432
1337   'PrS[1,4,1]'           158257.2072
1338   'PrS[1,4,2]'            64079.45403
1339   'PrS[1,4,3]'            29284.62831
1340   'PrS[1,5,1]'           153426.171
1341   'PrS[1,5,2]'            61893.34794
1342   'PrS[1,5,3]'            28184.81233
1343   'PrS[1,6,1]'           144796.0127
1344   'PrS[1,6,2]'            58008.78325
1345   'PrS[1,6,3]'            26239.927
1346   'PrS[1,7,1]'           131318.0691
1347   'PrS[1,7,2]'            51998.21224
1348   'PrS[1,7,3]'            23256.02186
1349   'PrS[1,8,1]'           113786.0052
1350   'PrS[1,8,2]'            44291.24563
1351   'PrS[1,8,3]'            19480.25165
1352   'PrS[1,9,1]'           100372.4243
1353   'PrS[1,9,2]'            38489.55812
1354   'PrS[1,9,3]'            16680.48975
1355   'PrS[1,10,1]'           90356.4491
1356   'PrS[1,10,2]'           34217.2773
1357   'PrS[1,10,3]'           14645.584
1358   'PrS[1,11,1]'           84171.1741
1359   'PrS[1,11,2]'           31606.91065
1360   'PrS[1,11,3]'           13414.7397
1361   'PrS[1,12,1]'           80328.93438
1362   'PrS[1,12,2]'           29996.84553
1363   'PrS[1,12,3]'           12660.67855
1364   'PrS[1,13,1]'           76777.8593
1365   'PrS[1,13,2]'           28516.99028
1366   'PrS[1,13,3]'           11971.25281
1367   'PrS[1,14,1]'           71131.53849
1368   'PrS[1,14,2]'           26181.00255
1369   'PrS[1,14,3]'           10890.536
1370   'PrS[1,15,1]'           61220.29703
1371   'PrS[1,15,2]'           22135.17522
1372   'PrS[1,15,3]'            9042.851365
1373   'PrS[2,1,1]'            81310.01473
1374   'PrS[2,1,2]'            30407.09843
1375   'PrS[2,1,3]'            12852.43189
1376   'PrS[2,2,1]'            81148.06172
1377   'PrS[2,2,2]'            30339.33425
1378   'PrS[2,2,3]'            12820.74031
1379   'PrS[2,3,1]'            80851.9415
1380   'PrS[2,3,2]'            30215.47403
1381   'PrS[2,3,3]'            12762.83284
1382   'PrS[2,4,1]'            80165.76723
1383   'PrS[2,4,2]'            29928.67301
1384   'PrS[2,4,3]'            12628.84051
1385   'PrS[2,5,1]'            78539.92744
1386   'PrS[2,5,2]'            29250.29995
1387   'PrS[2,5,3]'            12312.43414
1388   'PrS[2,6,1]'            74894.09513
1389   'PrS[2,6,2]'            27735.26927
1390   'PrS[2,6,3]'            11608.5421
1391   'PrS[2,7,1]'            67767.20657
1392   'PrS[2,7,2]'            24799.56012
1393   'PrS[2,7,3]'            10256.05448
1394   'PrS[2,8,1]'            57035.20384
1395   'PrS[2,8,2]'            20449.58624
1396   'PrS[2,8,3]'             8283.068935
1397   'PrS[2,9,1]'            46029.18703
1398   'PrS[2,9,2]'            16089.97923
1399   'PrS[2,9,3]'             6349.739459
1400   'PrS[2,10,1]'           38542.98987
1401   'PrS[2,10,2]'           13193.71848
1402   'PrS[2,10,3]'            5095.050932
1403   'PrS[2,11,1]'           34823.43101
1404   'PrS[2,11,2]'           11778.76437
1405   'PrS[2,11,3]'            4492.358901
1406   'PrS[2,12,1]'           32062.18145
1407   'PrS[2,12,2]'           10739.85361
1408   'PrS[2,12,3]'            4054.723063
1409   'PrS[2,13,1]'           30994.38292
1410   'PrS[2,13,2]'           10340.89711
1411   'PrS[2,13,3]'            3887.850677
1412   'PrS[2,14,1]'           30606.94535
1413   'PrS[2,14,2]'           10196.54149
1414   'PrS[2,14,3]'            3827.640402
1415   'PrS[2,15,1]'           30469.72684
1416   'PrS[2,15,2]'           10145.46711
1417   'PrS[2,15,3]'            3806.359412
1418   'PrSF[1]'               62118.83661
1419   'PrSF[2]'               22498.90966
1420   'PrSF[3]'                9207.617175
1421   Vap                      1480.937481
1422   Sep                        99.5
;

