solve_message = '\
bonmin: Infeasible problem'

:            _varname              _var          :=
1      'F[2]'                      0
2      'F[3]'                      0
3      'F[4]'                      0
4      'F[5]'                      0
5      'F[6]'                      0
6      'F[7]'                      0
7      'F[8]'                    200
8      'F[9]'                      0
9      'F[10]'                     0
10     'F[11]'                     0
11     'F[12]'                     0
12     'F[13]'                     0
13     'F[14]'                     0
14     'V[1,1]'                   98.2173
15     'V[1,2]'                  100.564
16     'V[1,3]'                  100.9
17     'V[1,4]'                  100.653
18     'V[1,5]'                  100.382
19     'V[1,6]'                  100.193
20     'V[1,7]'                  100.077
21     'V[1,8]'                  100.008
22     'V[1,9]'                  100.008
23     'V[1,10]'                 100.008
24     'V[1,11]'                 100.008
25     'V[1,12]'                 100.008
26     'V[1,13]'                 100.008
27     'V[1,14]'                 100.008
28     'V[1,15]'                   0
29     'V[2,1]'                   40.8716
30     'V[2,2]'                   41.0776
31     'V[2,3]'                   41.0495
32     'V[2,4]'                   40.8254
33     'V[2,5]'                   40.5214
34     'V[2,6]'                   40.5218
35     'V[2,7]'                   40.5656
36     'V[2,8]'                   44.6108
37     'V[2,9]'                   45.9299
38     'V[2,10]'                  46.3581
39     'V[2,11]'                  60.004
40     'V[2,12]'                  60.004
41     'V[2,13]'                  60.004
42     'V[2,14]'                  60.004
43     'V[2,15]'                   0
44     'y[1,1,1]'                  0.17023
45     'y[1,1,2]'                  0.601912
46     'y[1,1,3]'                  0.227858
47     'y[1,2,1]'                  0.264575
48     'y[1,2,2]'                  0.605444
49     'y[1,2,3]'                  0.12998
50     'y[1,3,1]'                  0.344086
51     'y[1,3,2]'                  0.555302
52     'y[1,3,3]'                  0.100612
53     'y[1,4,1]'                  0.40859
54     'y[1,4,2]'                  0.501303
55     'y[1,4,3]'                  0.0901069
56     'y[1,5,1]'                  0.4582
57     'y[1,5,2]'                  0.456848
58     'y[1,5,3]'                  0.0849523
59     'y[1,6,1]'                  0.494502
60     'y[1,6,2]'                  0.423726
61     'y[1,6,3]'                  0.081772
62     'y[1,7,1]'                  0.520044
63     'y[1,7,2]'                  0.400315
64     'y[1,7,3]'                  0.0796414
65     'y[1,8,1]'                  0.537512
66     'y[1,8,2]'                  0.384289
67     'y[1,8,3]'                  0.0781986
68     'y[1,9,1]'                  0.537512
69     'y[1,9,2]'                  0.384289
70     'y[1,9,3]'                  0.0781986
71     'y[1,10,1]'                 0.537512
72     'y[1,10,2]'                 0.384289
73     'y[1,10,3]'                 0.0781986
74     'y[1,11,1]'                 0.537512
75     'y[1,11,2]'                 0.384289
76     'y[1,11,3]'                 0.0781986
77     'y[1,12,1]'                 0.537512
78     'y[1,12,2]'                 0.384289
79     'y[1,12,3]'                 0.0781986
80     'y[1,13,1]'                 0.537512
81     'y[1,13,2]'                 0.384289
82     'y[1,13,3]'                 0.0781986
83     'y[1,14,1]'                 0.537512
84     'y[1,14,2]'                 0.384289
85     'y[1,14,3]'                 0.0781986
86     'y[1,15,1]'                 0.537532
87     'y[1,15,2]'                 0.384288
88     'y[1,15,3]'                 0.0781809
89     'y[2,1,1]'                  0.0325661
90     'y[2,1,2]'                  0.527994
91     'y[2,1,3]'                  0.43944
92     'y[2,2,1]'                  0.0579286
93     'y[2,2,2]'                  0.629392
94     'y[2,2,3]'                  0.31268
95     'y[2,3,1]'                  0.0845132
96     'y[2,3,2]'                  0.65225
97     'y[2,3,3]'                  0.263237
98     'y[2,4,1]'                  0.112379
99     'y[2,4,2]'                  0.644151
100    'y[2,4,3]'                  0.243471
101    'y[2,5,1]'                  0.141158
102    'y[2,5,2]'                  0.624878
103    'y[2,5,3]'                  0.233964
104    'y[2,6,1]'                  0.141172
105    'y[2,6,2]'                  0.624928
106    'y[2,6,3]'                  0.2339
107    'y[2,7,1]'                  0.14349
108    'y[2,7,2]'                  0.626746
109    'y[2,7,3]'                  0.229763
110    'y[2,8,1]'                  0.412406
111    'y[2,8,2]'                  0.535913
112    'y[2,8,3]'                  0.0516814
113    'y[2,9,1]'                  0.565195
114    'y[2,9,2]'                  0.41238
115    'y[2,9,3]'                  0.0224248
116    'y[2,10,1]'                 0.647901
117    'y[2,10,2]'                 0.334751
118    'y[2,10,3]'                 0.0173477
119    'y[2,11,1]'                 0.690379
120    'y[2,11,2]'                 0.293575
121    'y[2,11,3]'                 0.0160462
122    'y[2,12,1]'                 0.690379
123    'y[2,12,2]'                 0.293575
124    'y[2,12,3]'                 0.0160462
125    'y[2,13,1]'                 0.690379
126    'y[2,13,2]'                 0.293575
127    'y[2,13,3]'                 0.0160462
128    'y[2,14,1]'                 0.690379
129    'y[2,14,2]'                 0.293575
130    'y[2,14,3]'                 0.0160462
131    'y[2,15,1]'                 0.690392
132    'y[2,15,2]'                 0.293567
133    'y[2,15,3]'                 0.0160414
134    'L[1,1]'                    0
135    'L[1,2]'                  198.217
136    'L[1,3]'                  200.564
137    'L[1,4]'                  200.9
138    'L[1,5]'                  200.653
139    'L[1,6]'                  200.382
140    'L[1,7]'                  200.193
141    'L[1,8]'                  200.077
142    'L[1,9]'                    0.00796036
143    'L[1,10]'                   0.00796009
144    'L[1,11]'                   0.0079601
145    'L[1,12]'                   0.00796011
146    'L[1,13]'                   0.00796011
147    'L[1,14]'                   0.0079601
148    'L[1,15]'                   0.00796032
149    'L[2,1]'                    0
150    'L[2,2]'                  100.872
151    'L[2,3]'                  101.078
152    'L[2,4]'                  101.049
153    'L[2,5]'                  100.825
154    'L[2,6]'                    0.521423
155    'L[2,7]'                    0.521844
156    'L[2,8]'                    0.565645
157    'L[2,9]'                   84.6108
158    'L[2,10]'                  85.9299
159    'L[2,11]'                  86.3581
160    'L[2,12]'                   0.00398441
161    'L[2,13]'                   0.00398442
162    'L[2,14]'                   0.00398444
163    'L[2,15]'                   0.00398455
164    'x[1,1,1]'                  0.0624684
165    'x[1,1,2]'                  0.415712
166    'x[1,1,3]'                  0.521819
167    'x[1,2,1]'                  0.115865
168    'x[1,2,2]'                  0.507975
169    'x[1,2,3]'                  0.37616
170    'x[1,3,1]'                  0.163806
171    'x[1,3,2]'                  0.510845
172    'x[1,3,3]'                  0.325349
173    'x[1,4,1]'                  0.203908
174    'x[1,4,2]'                  0.48582
175    'x[1,4,3]'                  0.310272
176    'x[1,5,1]'                  0.236093
177    'x[1,5,2]'                  0.458647
178    'x[1,5,3]'                  0.30526
179    'x[1,6,1]'                  0.260711
180    'x[1,6,2]'                  0.436319
181    'x[1,6,3]'                  0.302969
182    'x[1,7,1]'                  0.278694
183    'x[1,7,2]'                  0.419723
184    'x[1,7,3]'                  0.301583
185    'x[1,8,1]'                  0.291344
186    'x[1,8,2]'                  0.408011
187    'x[1,8,3]'                  0.300645
188    'x[1,9,1]'                  0.291344
189    'x[1,9,2]'                  0.408011
190    'x[1,9,3]'                  0.300645
191    'x[1,10,1]'                 0.291344
192    'x[1,10,2]'                 0.408011
193    'x[1,10,3]'                 0.300645
194    'x[1,11,1]'                 0.291344
195    'x[1,11,2]'                 0.408011
196    'x[1,11,3]'                 0.300645
197    'x[1,12,1]'                 0.291344
198    'x[1,12,2]'                 0.408011
199    'x[1,12,3]'                 0.300645
200    'x[1,13,1]'                 0.291344
201    'x[1,13,2]'                 0.408011
202    'x[1,13,3]'                 0.300645
203    'x[1,14,1]'                 0.291344
204    'x[1,14,2]'                 0.408011
205    'x[1,14,3]'                 0.300645
206    'x[1,15,1]'                 0.29137
207    'x[1,15,2]'                 0.408032
208    'x[1,15,3]'                 0.300598
209    'x[2,1,1]'                  0.00922498
210    'x[2,1,2]'                  0.274525
211    'x[2,1,3]'                  0.71625
212    'x[2,2,1]'                  0.0186824
213    'x[2,2,2]'                  0.377227
214    'x[2,2,3]'                  0.604091
215    'x[2,3,1]'                  0.029018
216    'x[2,3,2]'                  0.418742
217    'x[2,3,3]'                  0.55224
218    'x[2,4,1]'                  0.0398094
219    'x[2,4,2]'                  0.427969
220    'x[2,4,3]'                  0.532222
221    'x[2,5,1]'                  0.0509931
222    'x[2,5,2]'                  0.424191
223    'x[2,5,3]'                  0.524816
224    'x[2,6,1]'                  0.0510025
225    'x[2,6,2]'                  0.424265
226    'x[2,6,3]'                  0.524732
227    'x[2,7,1]'                  0.0521513
228    'x[2,7,2]'                  0.428308
229    'x[2,7,3]'                  0.51954
230    'x[2,8,1]'                  0.225287
231    'x[2,8,2]'                  0.573931
232    'x[2,8,3]'                  0.200782
233    'x[2,9,1]'                  0.363161
234    'x[2,9,2]'                  0.528564
235    'x[2,9,3]'                  0.108274
236    'x[2,10,1]'                 0.445584
237    'x[2,10,2]'                 0.462648
238    'x[2,10,3]'                 0.0917675
239    'x[2,11,1]'                 0.490575
240    'x[2,11,2]'                 0.420727
241    'x[2,11,3]'                 0.0886982
242    'x[2,12,1]'                 0.490575
243    'x[2,12,2]'                 0.420727
244    'x[2,12,3]'                 0.0886982
245    'x[2,13,1]'                 0.490575
246    'x[2,13,2]'                 0.420727
247    'x[2,13,3]'                 0.0886982
248    'x[2,14,1]'                 0.490575
249    'x[2,14,2]'                 0.420727
250    'x[2,14,3]'                 0.0886982
251    'x[2,15,1]'                 0.490598
252    'x[2,15,2]'                 0.420727
253    'x[2,15,3]'                 0.0886748
254    'CC[2]'                     0
255    'CC[3]'                     0
256    'CC[4]'                     0
257    'CC[5]'                     0
258    'CC[6]'                     0
259    'CC[7]'                     0
260    'CC[8]'                     0
261    'CC[9]'                     0
262    'CC[10]'                    0
263    'CC[11]'                    0
264    'CC[12]'                    0
265    'CC[13]'                    0
266    'CC[14]'                    0
267    'CR[2]'                     0
268    'CR[3]'                     0
269    'CR[4]'                     0
270    'CR[5]'                     0
271    'CR[6]'                     0
272    'CR[7]'                     0
273    'CR[8]'                     0
274    'CR[9]'                     0
275    'CR[10]'                    0
276    'CR[11]'                    0
277    'CR[12]'                    0
278    'CR[13]'                    0
279    'CR[14]'                    0
280    'PC[1]'                     0
281    'PC[2]'                    60
282    'PR[1]'                     0
283    'PR[2]'                    60
284    'PS[2]'                     0
285    'PS[3]'                     0
286    'PS[4]'                     0
287    'PS[5]'                     0
288    'PS[6]'                     0
289    'PS[7]'                     0
290    'PS[8]'                     0
291    'PS[9]'                     0
292    'PS[10]'                    0
293    'PS[11]'                    0
294    'PS[12]'                    0
295    'PS[13]'                    0
296    'PS[14]'                    0
297    'T[1,1]'                  442.109
298    'T[1,2]'                  433.376
299    'T[1,3]'                  429.379
300    'T[1,4]'                  427.156
301    'T[1,5]'                  425.664
302    'T[1,6]'                  424.6
303    'T[1,7]'                  423.846
304    'T[1,8]'                  423.323
305    'T[1,9]'                  423.323
306    'T[1,10]'                 423.323
307    'T[1,11]'                 423.323
308    'T[1,12]'                 423.323
309    'T[1,13]'                 423.323
310    'T[1,14]'                 423.323
311    'T[1,15]'                 423.321
312    'T[2,1]'                  455.591
313    'T[2,2]'                  448.729
314    'T[2,3]'                  445.492
315    'T[2,4]'                  443.897
316    'T[2,5]'                  442.903
317    'T[2,6]'                  442.899
318    'T[2,7]'                  442.596
319    'T[2,8]'                  422.964
320    'T[2,9]'                  415.663
321    'T[2,10]'                 412.688
322    'T[2,11]'                 411.274
323    'T[2,12]'                 411.274
324    'T[2,13]'                 411.274
325    'T[2,14]'                 411.274
326    'T[2,15]'                 411.273
327    TF                        422.969
328    'QC[1]'                   850.916
329    'QC[2]'                   506.144
330    'QR[1]'                  1052.93
331    'QR[2]'                   455.909
332    'H[1,1,1]'                  7.92197
333    'H[1,1,2]'                  9.00995
334    'H[1,1,3]'                 11.1939
335    'H[1,2,1]'                  7.36912
336    'H[1,2,2]'                  8.38115
337    'H[1,2,3]'                 10.4124
338    'H[1,3,1]'                  7.11904
339    'H[1,3,2]'                  8.09672
340    'H[1,3,3]'                 10.0589
341    'H[1,4,1]'                  6.98077
342    'H[1,4,2]'                  7.93946
343    'H[1,4,3]'                  9.86342
344    'H[1,5,1]'                  6.88829
345    'H[1,5,2]'                  7.83427
346    'H[1,5,3]'                  9.73268
347    'H[1,6,1]'                  6.82249
348    'H[1,6,2]'                  7.75943
349    'H[1,6,3]'                  9.63967
350    'H[1,7,1]'                  6.77595
351    'H[1,7,2]'                  7.70649
352    'H[1,7,3]'                  9.57387
353    'H[1,8,1]'                  6.74374
354    'H[1,8,2]'                  7.66986
355    'H[1,8,3]'                  9.52834
356    'H[1,9,1]'                  6.74374
357    'H[1,9,2]'                  7.66986
358    'H[1,9,3]'                  9.52834
359    'H[1,10,1]'                 6.74374
360    'H[1,10,2]'                 7.66986
361    'H[1,10,3]'                 9.52834
362    'H[1,11,1]'                 6.74374
363    'H[1,11,2]'                 7.66986
364    'H[1,11,3]'                 9.52834
365    'H[1,12,1]'                 6.74374
366    'H[1,12,2]'                 7.66986
367    'H[1,12,3]'                 9.52834
368    'H[1,13,1]'                 6.74374
369    'H[1,13,2]'                 7.66986
370    'H[1,13,3]'                 9.52834
371    'H[1,14,1]'                 6.74374
372    'H[1,14,2]'                 7.66986
373    'H[1,14,3]'                 9.52834
374    'H[1,15,1]'                 6.74359
375    'H[1,15,2]'                 7.6697
376    'H[1,15,3]'                 9.52814
377    'H[2,1,1]'                  8.79243
378    'H[2,1,2]'                  9.99998
379    'H[2,1,3]'                 12.4244
380    'H[2,2,1]'                  8.34682
381    'H[2,2,2]'                  9.49315
382    'H[2,2,3]'                 11.7945
383    'H[2,3,1]'                  8.13847
384    'H[2,3,2]'                  9.25619
385    'H[2,3,3]'                 11.5
386    'H[2,4,1]'                  8.03623
387    'H[2,4,2]'                  9.1399
388    'H[2,4,3]'                 11.3554
389    'H[2,5,1]'                  7.97265
390    'H[2,5,2]'                  9.06759
391    'H[2,5,3]'                 11.2656
392    'H[2,6,1]'                  7.97238
393    'H[2,6,2]'                  9.06727
394    'H[2,6,3]'                 11.2652
395    'H[2,7,1]'                  7.95302
396    'H[2,7,2]'                  9.04526
397    'H[2,7,3]'                 11.2378
398    'H[2,8,1]'                  6.72165
399    'H[2,8,2]'                  7.64473
400    'H[2,8,3]'                  9.49711
401    'H[2,9,1]'                  6.2752
402    'H[2,9,2]'                  7.13696
403    'H[2,9,3]'                  8.86602
404    'H[2,10,1]'                 6.09511
405    'H[2,10,2]'                 6.93213
406    'H[2,10,3]'                 8.61145
407    'H[2,11,1]'                 6.00989
408    'H[2,11,2]'                 6.8352
409    'H[2,11,3]'                 8.49098
410    'H[2,12,1]'                 6.00989
411    'H[2,12,2]'                 6.8352
412    'H[2,12,3]'                 8.49098
413    'H[2,13,1]'                 6.00989
414    'H[2,13,2]'                 6.8352
415    'H[2,13,3]'                 8.49098
416    'H[2,14,1]'                 6.00989
417    'H[2,14,2]'                 6.8352
418    'H[2,14,3]'                 8.49098
419    'H[2,15,1]'                 6.00982
420    'H[2,15,2]'                 6.83512
421    'H[2,15,3]'                 8.49088
422    'HF[1]'                     6.72192
423    'HF[2]'                     7.64505
424    'HF[3]'                     9.4975
425    'h[1,1,1]'                  0.735509
426    'h[1,1,2]'                  0.415988
427    'h[1,1,3]'                  0.126904
428    'h[1,2,1]'                 -0.0560276
429    'h[1,2,2]'                 -0.428216
430    'h[1,2,3]'                 -0.863709
431    'h[1,3,1]'                 -0.411338
432    'h[1,3,2]'                 -0.808635
433    'h[1,3,3]'                 -1.31167
434    'h[1,4,1]'                 -0.607114
435    'h[1,4,2]'                 -1.01861
436    'h[1,4,3]'                 -1.55933
437    'h[1,5,1]'                 -0.737806
438    'h[1,5,2]'                 -1.15893
439    'h[1,5,3]'                 -1.72498
440    'h[1,6,1]'                 -0.830668
441    'h[1,6,2]'                 -1.2587
442    'h[1,6,3]'                 -1.84284
443    'h[1,7,1]'                 -0.896302
444    'h[1,7,2]'                 -1.32925
445    'h[1,7,3]'                 -1.92622
446    'h[1,8,1]'                 -0.941684
447    'h[1,8,2]'                 -1.37805
448    'h[1,8,3]'                 -1.98391
449    'h[1,9,1]'                 -0.941684
450    'h[1,9,2]'                 -1.37805
451    'h[1,9,3]'                 -1.98391
452    'h[1,10,1]'                -0.941684
453    'h[1,10,2]'                -1.37805
454    'h[1,10,3]'                -1.98391
455    'h[1,11,1]'                -0.941684
456    'h[1,11,2]'                -1.37805
457    'h[1,11,3]'                -1.98391
458    'h[1,12,1]'                -0.941684
459    'h[1,12,2]'                -1.37805
460    'h[1,12,3]'                -1.98391
461    'h[1,13,1]'                -0.941684
462    'h[1,13,2]'                -1.37805
463    'h[1,13,3]'                -1.98391
464    'h[1,14,1]'                -0.941684
465    'h[1,14,2]'                -1.37805
466    'h[1,14,3]'                -1.98391
467    'h[1,15,1]'                -0.941892
468    'h[1,15,2]'                -1.37827
469    'h[1,15,3]'                -1.98417
470    'h[2,1,1]'                  2.00167
471    'h[2,1,2]'                  1.75601
472    'h[2,1,3]'                  1.68865
473    'h[2,2,1]'                  1.35015
474    'h[2,2,2]'                  1.06818
475    'h[2,2,3]'                  0.888731
476    'h[2,3,1]'                  1.04799
477    'h[2,3,2]'                  0.747942
478    'h[2,3,3]'                  0.515052
479    'h[2,4,1]'                  0.900229
480    'h[2,4,2]'                  0.591071
481    'h[2,4,3]'                  0.331726
482    'h[2,5,1]'                  0.808528
483    'h[2,5,2]'                  0.493627
484    'h[2,5,3]'                  0.217758
485    'h[2,6,1]'                  0.808126
486    'h[2,6,2]'                  0.4932
487    'h[2,6,3]'                  0.217258
488    'h[2,7,1]'                  0.780228
489    'h[2,7,2]'                  0.463542
490    'h[2,7,3]'                  0.182557
491    'h[2,8,1]'                 -0.972805
492    'h[2,8,2]'                 -1.41152
493    'h[2,8,3]'                 -2.02349
494    'h[2,9,1]'                 -1.59941
495    'h[2,9,2]'                 -2.08676
496    'h[2,9,3]'                 -2.82336
497    'h[2,10,1]'                -1.85105
498    'h[2,10,2]'                -2.3586
499    'h[2,10,3]'                -3.14615
500    'h[2,11,1]'                -1.96991
501    'h[2,11,2]'                -2.48715
502    'h[2,11,3]'                -3.29892
503    'h[2,12,1]'                -1.96991
504    'h[2,12,2]'                -2.48715
505    'h[2,12,3]'                -3.29892
506    'h[2,13,1]'                -1.96991
507    'h[2,13,2]'                -2.48715
508    'h[2,13,3]'                -3.29892
509    'h[2,14,1]'                -1.96991
510    'h[2,14,2]'                -2.48715
511    'h[2,14,3]'                -3.29892
512    'h[2,15,1]'                -1.97001
513    'h[2,15,2]'                -2.48725
514    'h[2,15,3]'                -3.29905
515    'hF[1]'                    -0.972416
516    'hF[2]'                    -1.4111
517    'hF[3]'                    -2.02299
518    'tauGamma[1,1,1,1]'     1e-06
519    'tauGamma[1,1,1,2]'     1e-06
520    'tauGamma[1,1,1,3]'     1e-06
521    'tauGamma[1,1,2,1]'     1e-06
522    'tauGamma[1,1,2,2]'     1e-06
523    'tauGamma[1,1,2,3]'     1e-06
524    'tauGamma[1,1,3,1]'     1e-06
525    'tauGamma[1,1,3,2]'     1e-06
526    'tauGamma[1,1,3,3]'     1e-06
527    'tauGamma[1,2,1,1]'     1e-06
528    'tauGamma[1,2,1,2]'     1e-06
529    'tauGamma[1,2,1,3]'     1e-06
530    'tauGamma[1,2,2,1]'     1e-06
531    'tauGamma[1,2,2,2]'     1e-06
532    'tauGamma[1,2,2,3]'     1e-06
533    'tauGamma[1,2,3,1]'     1e-06
534    'tauGamma[1,2,3,2]'     1e-06
535    'tauGamma[1,2,3,3]'     1e-06
536    'tauGamma[1,3,1,1]'     1e-06
537    'tauGamma[1,3,1,2]'     1e-06
538    'tauGamma[1,3,1,3]'     1e-06
539    'tauGamma[1,3,2,1]'     1e-06
540    'tauGamma[1,3,2,2]'     1e-06
541    'tauGamma[1,3,2,3]'     1e-06
542    'tauGamma[1,3,3,1]'     1e-06
543    'tauGamma[1,3,3,2]'     1e-06
544    'tauGamma[1,3,3,3]'     1e-06
545    'tauGamma[1,4,1,1]'     1e-06
546    'tauGamma[1,4,1,2]'     1e-06
547    'tauGamma[1,4,1,3]'     1e-06
548    'tauGamma[1,4,2,1]'     1e-06
549    'tauGamma[1,4,2,2]'     1e-06
550    'tauGamma[1,4,2,3]'     1e-06
551    'tauGamma[1,4,3,1]'     1e-06
552    'tauGamma[1,4,3,2]'     1e-06
553    'tauGamma[1,4,3,3]'     1e-06
554    'tauGamma[1,5,1,1]'     1e-06
555    'tauGamma[1,5,1,2]'     1e-06
556    'tauGamma[1,5,1,3]'     1e-06
557    'tauGamma[1,5,2,1]'     1e-06
558    'tauGamma[1,5,2,2]'     1e-06
559    'tauGamma[1,5,2,3]'     1e-06
560    'tauGamma[1,5,3,1]'     1e-06
561    'tauGamma[1,5,3,2]'     1e-06
562    'tauGamma[1,5,3,3]'     1e-06
563    'tauGamma[1,6,1,1]'     1e-06
564    'tauGamma[1,6,1,2]'     1e-06
565    'tauGamma[1,6,1,3]'     1e-06
566    'tauGamma[1,6,2,1]'     1e-06
567    'tauGamma[1,6,2,2]'     1e-06
568    'tauGamma[1,6,2,3]'     1e-06
569    'tauGamma[1,6,3,1]'     1e-06
570    'tauGamma[1,6,3,2]'     1e-06
571    'tauGamma[1,6,3,3]'     1e-06
572    'tauGamma[1,7,1,1]'     1e-06
573    'tauGamma[1,7,1,2]'     1e-06
574    'tauGamma[1,7,1,3]'     1e-06
575    'tauGamma[1,7,2,1]'     1e-06
576    'tauGamma[1,7,2,2]'     1e-06
577    'tauGamma[1,7,2,3]'     1e-06
578    'tauGamma[1,7,3,1]'     1e-06
579    'tauGamma[1,7,3,2]'     1e-06
580    'tauGamma[1,7,3,3]'     1e-06
581    'tauGamma[1,8,1,1]'     1e-06
582    'tauGamma[1,8,1,2]'     1e-06
583    'tauGamma[1,8,1,3]'     1e-06
584    'tauGamma[1,8,2,1]'     1e-06
585    'tauGamma[1,8,2,2]'     1e-06
586    'tauGamma[1,8,2,3]'     1e-06
587    'tauGamma[1,8,3,1]'     1e-06
588    'tauGamma[1,8,3,2]'     1e-06
589    'tauGamma[1,8,3,3]'     1e-06
590    'tauGamma[1,9,1,1]'     1e-06
591    'tauGamma[1,9,1,2]'     1e-06
592    'tauGamma[1,9,1,3]'     1e-06
593    'tauGamma[1,9,2,1]'     1e-06
594    'tauGamma[1,9,2,2]'     1e-06
595    'tauGamma[1,9,2,3]'     1e-06
596    'tauGamma[1,9,3,1]'     1e-06
597    'tauGamma[1,9,3,2]'     1e-06
598    'tauGamma[1,9,3,3]'     1e-06
599    'tauGamma[1,10,1,1]'    1e-06
600    'tauGamma[1,10,1,2]'    1e-06
601    'tauGamma[1,10,1,3]'    1e-06
602    'tauGamma[1,10,2,1]'    1e-06
603    'tauGamma[1,10,2,2]'    1e-06
604    'tauGamma[1,10,2,3]'    1e-06
605    'tauGamma[1,10,3,1]'    1e-06
606    'tauGamma[1,10,3,2]'    1e-06
607    'tauGamma[1,10,3,3]'    1e-06
608    'tauGamma[1,11,1,1]'    1e-06
609    'tauGamma[1,11,1,2]'    1e-06
610    'tauGamma[1,11,1,3]'    1e-06
611    'tauGamma[1,11,2,1]'    1e-06
612    'tauGamma[1,11,2,2]'    1e-06
613    'tauGamma[1,11,2,3]'    1e-06
614    'tauGamma[1,11,3,1]'    1e-06
615    'tauGamma[1,11,3,2]'    1e-06
616    'tauGamma[1,11,3,3]'    1e-06
617    'tauGamma[1,12,1,1]'    1e-06
618    'tauGamma[1,12,1,2]'    1e-06
619    'tauGamma[1,12,1,3]'    1e-06
620    'tauGamma[1,12,2,1]'    1e-06
621    'tauGamma[1,12,2,2]'    1e-06
622    'tauGamma[1,12,2,3]'    1e-06
623    'tauGamma[1,12,3,1]'    1e-06
624    'tauGamma[1,12,3,2]'    1e-06
625    'tauGamma[1,12,3,3]'    1e-06
626    'tauGamma[1,13,1,1]'    1e-06
627    'tauGamma[1,13,1,2]'    1e-06
628    'tauGamma[1,13,1,3]'    1e-06
629    'tauGamma[1,13,2,1]'    1e-06
630    'tauGamma[1,13,2,2]'    1e-06
631    'tauGamma[1,13,2,3]'    1e-06
632    'tauGamma[1,13,3,1]'    1e-06
633    'tauGamma[1,13,3,2]'    1e-06
634    'tauGamma[1,13,3,3]'    1e-06
635    'tauGamma[1,14,1,1]'    1e-06
636    'tauGamma[1,14,1,2]'    1e-06
637    'tauGamma[1,14,1,3]'    1e-06
638    'tauGamma[1,14,2,1]'    1e-06
639    'tauGamma[1,14,2,2]'    1e-06
640    'tauGamma[1,14,2,3]'    1e-06
641    'tauGamma[1,14,3,1]'    1e-06
642    'tauGamma[1,14,3,2]'    1e-06
643    'tauGamma[1,14,3,3]'    1e-06
644    'tauGamma[1,15,1,1]'    1e-06
645    'tauGamma[1,15,1,2]'    1e-06
646    'tauGamma[1,15,1,3]'    1e-06
647    'tauGamma[1,15,2,1]'    1e-06
648    'tauGamma[1,15,2,2]'    1e-06
649    'tauGamma[1,15,2,3]'    1e-06
650    'tauGamma[1,15,3,1]'    1e-06
651    'tauGamma[1,15,3,2]'    1e-06
652    'tauGamma[1,15,3,3]'    1e-06
653    'tauGamma[2,1,1,1]'     1e-06
654    'tauGamma[2,1,1,2]'     1e-06
655    'tauGamma[2,1,1,3]'     1e-06
656    'tauGamma[2,1,2,1]'     1e-06
657    'tauGamma[2,1,2,2]'     1e-06
658    'tauGamma[2,1,2,3]'     1e-06
659    'tauGamma[2,1,3,1]'     1e-06
660    'tauGamma[2,1,3,2]'     1e-06
661    'tauGamma[2,1,3,3]'     1e-06
662    'tauGamma[2,2,1,1]'     1e-06
663    'tauGamma[2,2,1,2]'     1e-06
664    'tauGamma[2,2,1,3]'     1e-06
665    'tauGamma[2,2,2,1]'     1e-06
666    'tauGamma[2,2,2,2]'     1e-06
667    'tauGamma[2,2,2,3]'     1e-06
668    'tauGamma[2,2,3,1]'     1e-06
669    'tauGamma[2,2,3,2]'     1e-06
670    'tauGamma[2,2,3,3]'     1e-06
671    'tauGamma[2,3,1,1]'     1e-06
672    'tauGamma[2,3,1,2]'     1e-06
673    'tauGamma[2,3,1,3]'     1e-06
674    'tauGamma[2,3,2,1]'     1e-06
675    'tauGamma[2,3,2,2]'     1e-06
676    'tauGamma[2,3,2,3]'     1e-06
677    'tauGamma[2,3,3,1]'     1e-06
678    'tauGamma[2,3,3,2]'     1e-06
679    'tauGamma[2,3,3,3]'     1e-06
680    'tauGamma[2,4,1,1]'     1e-06
681    'tauGamma[2,4,1,2]'     1e-06
682    'tauGamma[2,4,1,3]'     1e-06
683    'tauGamma[2,4,2,1]'     1e-06
684    'tauGamma[2,4,2,2]'     1e-06
685    'tauGamma[2,4,2,3]'     1e-06
686    'tauGamma[2,4,3,1]'     1e-06
687    'tauGamma[2,4,3,2]'     1e-06
688    'tauGamma[2,4,3,3]'     1e-06
689    'tauGamma[2,5,1,1]'     1e-06
690    'tauGamma[2,5,1,2]'     1e-06
691    'tauGamma[2,5,1,3]'     1e-06
692    'tauGamma[2,5,2,1]'     1e-06
693    'tauGamma[2,5,2,2]'     1e-06
694    'tauGamma[2,5,2,3]'     1e-06
695    'tauGamma[2,5,3,1]'     1e-06
696    'tauGamma[2,5,3,2]'     1e-06
697    'tauGamma[2,5,3,3]'     1e-06
698    'tauGamma[2,6,1,1]'     1e-06
699    'tauGamma[2,6,1,2]'     1e-06
700    'tauGamma[2,6,1,3]'     1e-06
701    'tauGamma[2,6,2,1]'     1e-06
702    'tauGamma[2,6,2,2]'     1e-06
703    'tauGamma[2,6,2,3]'     1e-06
704    'tauGamma[2,6,3,1]'     1e-06
705    'tauGamma[2,6,3,2]'     1e-06
706    'tauGamma[2,6,3,3]'     1e-06
707    'tauGamma[2,7,1,1]'     1e-06
708    'tauGamma[2,7,1,2]'     1e-06
709    'tauGamma[2,7,1,3]'     1e-06
710    'tauGamma[2,7,2,1]'     1e-06
711    'tauGamma[2,7,2,2]'     1e-06
712    'tauGamma[2,7,2,3]'     1e-06
713    'tauGamma[2,7,3,1]'     1e-06
714    'tauGamma[2,7,3,2]'     1e-06
715    'tauGamma[2,7,3,3]'     1e-06
716    'tauGamma[2,8,1,1]'     1e-06
717    'tauGamma[2,8,1,2]'     1e-06
718    'tauGamma[2,8,1,3]'     1e-06
719    'tauGamma[2,8,2,1]'     1e-06
720    'tauGamma[2,8,2,2]'     1e-06
721    'tauGamma[2,8,2,3]'     1e-06
722    'tauGamma[2,8,3,1]'     1e-06
723    'tauGamma[2,8,3,2]'     1e-06
724    'tauGamma[2,8,3,3]'     1e-06
725    'tauGamma[2,9,1,1]'     1e-06
726    'tauGamma[2,9,1,2]'     1e-06
727    'tauGamma[2,9,1,3]'     1e-06
728    'tauGamma[2,9,2,1]'     1e-06
729    'tauGamma[2,9,2,2]'     1e-06
730    'tauGamma[2,9,2,3]'     1e-06
731    'tauGamma[2,9,3,1]'     1e-06
732    'tauGamma[2,9,3,2]'     1e-06
733    'tauGamma[2,9,3,3]'     1e-06
734    'tauGamma[2,10,1,1]'    1e-06
735    'tauGamma[2,10,1,2]'    1e-06
736    'tauGamma[2,10,1,3]'    1e-06
737    'tauGamma[2,10,2,1]'    1e-06
738    'tauGamma[2,10,2,2]'    1e-06
739    'tauGamma[2,10,2,3]'    1e-06
740    'tauGamma[2,10,3,1]'    1e-06
741    'tauGamma[2,10,3,2]'    1e-06
742    'tauGamma[2,10,3,3]'    1e-06
743    'tauGamma[2,11,1,1]'    1e-06
744    'tauGamma[2,11,1,2]'    1e-06
745    'tauGamma[2,11,1,3]'    1e-06
746    'tauGamma[2,11,2,1]'    1e-06
747    'tauGamma[2,11,2,2]'    1e-06
748    'tauGamma[2,11,2,3]'    1e-06
749    'tauGamma[2,11,3,1]'    1e-06
750    'tauGamma[2,11,3,2]'    1e-06
751    'tauGamma[2,11,3,3]'    1e-06
752    'tauGamma[2,12,1,1]'    1e-06
753    'tauGamma[2,12,1,2]'    1e-06
754    'tauGamma[2,12,1,3]'    1e-06
755    'tauGamma[2,12,2,1]'    1e-06
756    'tauGamma[2,12,2,2]'    1e-06
757    'tauGamma[2,12,2,3]'    1e-06
758    'tauGamma[2,12,3,1]'    1e-06
759    'tauGamma[2,12,3,2]'    1e-06
760    'tauGamma[2,12,3,3]'    1e-06
761    'tauGamma[2,13,1,1]'    1e-06
762    'tauGamma[2,13,1,2]'    1e-06
763    'tauGamma[2,13,1,3]'    1e-06
764    'tauGamma[2,13,2,1]'    1e-06
765    'tauGamma[2,13,2,2]'    1e-06
766    'tauGamma[2,13,2,3]'    1e-06
767    'tauGamma[2,13,3,1]'    1e-06
768    'tauGamma[2,13,3,2]'    1e-06
769    'tauGamma[2,13,3,3]'    1e-06
770    'tauGamma[2,14,1,1]'    1e-06
771    'tauGamma[2,14,1,2]'    1e-06
772    'tauGamma[2,14,1,3]'    1e-06
773    'tauGamma[2,14,2,1]'    1e-06
774    'tauGamma[2,14,2,2]'    1e-06
775    'tauGamma[2,14,2,3]'    1e-06
776    'tauGamma[2,14,3,1]'    1e-06
777    'tauGamma[2,14,3,2]'    1e-06
778    'tauGamma[2,14,3,3]'    1e-06
779    'tauGamma[2,15,1,1]'    1e-06
780    'tauGamma[2,15,1,2]'    1e-06
781    'tauGamma[2,15,1,3]'    1e-06
782    'tauGamma[2,15,2,1]'    1e-06
783    'tauGamma[2,15,2,2]'    1e-06
784    'tauGamma[2,15,2,3]'    1e-06
785    'tauGamma[2,15,3,1]'    1e-06
786    'tauGamma[2,15,3,2]'    1e-06
787    'tauGamma[2,15,3,3]'    1e-06
788    'PGamma[1,1,1,1]'           1
789    'PGamma[1,1,1,2]'           1
790    'PGamma[1,1,1,3]'           1
791    'PGamma[1,1,2,1]'           1
792    'PGamma[1,1,2,2]'           1
793    'PGamma[1,1,2,3]'           1
794    'PGamma[1,1,3,1]'           1
795    'PGamma[1,1,3,2]'           1
796    'PGamma[1,1,3,3]'           1
797    'PGamma[1,2,1,1]'           1
798    'PGamma[1,2,1,2]'           1
799    'PGamma[1,2,1,3]'           1
800    'PGamma[1,2,2,1]'           1
801    'PGamma[1,2,2,2]'           1
802    'PGamma[1,2,2,3]'           1
803    'PGamma[1,2,3,1]'           1
804    'PGamma[1,2,3,2]'           1
805    'PGamma[1,2,3,3]'           1
806    'PGamma[1,3,1,1]'           1
807    'PGamma[1,3,1,2]'           1
808    'PGamma[1,3,1,3]'           1
809    'PGamma[1,3,2,1]'           1
810    'PGamma[1,3,2,2]'           1
811    'PGamma[1,3,2,3]'           1
812    'PGamma[1,3,3,1]'           1
813    'PGamma[1,3,3,2]'           1
814    'PGamma[1,3,3,3]'           1
815    'PGamma[1,4,1,1]'           1
816    'PGamma[1,4,1,2]'           1
817    'PGamma[1,4,1,3]'           1
818    'PGamma[1,4,2,1]'           1
819    'PGamma[1,4,2,2]'           1
820    'PGamma[1,4,2,3]'           1
821    'PGamma[1,4,3,1]'           1
822    'PGamma[1,4,3,2]'           1
823    'PGamma[1,4,3,3]'           1
824    'PGamma[1,5,1,1]'           1
825    'PGamma[1,5,1,2]'           1
826    'PGamma[1,5,1,3]'           1
827    'PGamma[1,5,2,1]'           1
828    'PGamma[1,5,2,2]'           1
829    'PGamma[1,5,2,3]'           1
830    'PGamma[1,5,3,1]'           1
831    'PGamma[1,5,3,2]'           1
832    'PGamma[1,5,3,3]'           1
833    'PGamma[1,6,1,1]'           1
834    'PGamma[1,6,1,2]'           1
835    'PGamma[1,6,1,3]'           1
836    'PGamma[1,6,2,1]'           1
837    'PGamma[1,6,2,2]'           1
838    'PGamma[1,6,2,3]'           1
839    'PGamma[1,6,3,1]'           1
840    'PGamma[1,6,3,2]'           1
841    'PGamma[1,6,3,3]'           1
842    'PGamma[1,7,1,1]'           1
843    'PGamma[1,7,1,2]'           1
844    'PGamma[1,7,1,3]'           1
845    'PGamma[1,7,2,1]'           1
846    'PGamma[1,7,2,2]'           1
847    'PGamma[1,7,2,3]'           1
848    'PGamma[1,7,3,1]'           1
849    'PGamma[1,7,3,2]'           1
850    'PGamma[1,7,3,3]'           1
851    'PGamma[1,8,1,1]'           1
852    'PGamma[1,8,1,2]'           1
853    'PGamma[1,8,1,3]'           1
854    'PGamma[1,8,2,1]'           1
855    'PGamma[1,8,2,2]'           1
856    'PGamma[1,8,2,3]'           1
857    'PGamma[1,8,3,1]'           1
858    'PGamma[1,8,3,2]'           1
859    'PGamma[1,8,3,3]'           1
860    'PGamma[1,9,1,1]'           1
861    'PGamma[1,9,1,2]'           1
862    'PGamma[1,9,1,3]'           1
863    'PGamma[1,9,2,1]'           1
864    'PGamma[1,9,2,2]'           1
865    'PGamma[1,9,2,3]'           1
866    'PGamma[1,9,3,1]'           1
867    'PGamma[1,9,3,2]'           1
868    'PGamma[1,9,3,3]'           1
869    'PGamma[1,10,1,1]'          1
870    'PGamma[1,10,1,2]'          1
871    'PGamma[1,10,1,3]'          1
872    'PGamma[1,10,2,1]'          1
873    'PGamma[1,10,2,2]'          1
874    'PGamma[1,10,2,3]'          1
875    'PGamma[1,10,3,1]'          1
876    'PGamma[1,10,3,2]'          1
877    'PGamma[1,10,3,3]'          1
878    'PGamma[1,11,1,1]'          1
879    'PGamma[1,11,1,2]'          1
880    'PGamma[1,11,1,3]'          1
881    'PGamma[1,11,2,1]'          1
882    'PGamma[1,11,2,2]'          1
883    'PGamma[1,11,2,3]'          1
884    'PGamma[1,11,3,1]'          1
885    'PGamma[1,11,3,2]'          1
886    'PGamma[1,11,3,3]'          1
887    'PGamma[1,12,1,1]'          1
888    'PGamma[1,12,1,2]'          1
889    'PGamma[1,12,1,3]'          1
890    'PGamma[1,12,2,1]'          1
891    'PGamma[1,12,2,2]'          1
892    'PGamma[1,12,2,3]'          1
893    'PGamma[1,12,3,1]'          1
894    'PGamma[1,12,3,2]'          1
895    'PGamma[1,12,3,3]'          1
896    'PGamma[1,13,1,1]'          1
897    'PGamma[1,13,1,2]'          1
898    'PGamma[1,13,1,3]'          1
899    'PGamma[1,13,2,1]'          1
900    'PGamma[1,13,2,2]'          1
901    'PGamma[1,13,2,3]'          1
902    'PGamma[1,13,3,1]'          1
903    'PGamma[1,13,3,2]'          1
904    'PGamma[1,13,3,3]'          1
905    'PGamma[1,14,1,1]'          1
906    'PGamma[1,14,1,2]'          1
907    'PGamma[1,14,1,3]'          1
908    'PGamma[1,14,2,1]'          1
909    'PGamma[1,14,2,2]'          1
910    'PGamma[1,14,2,3]'          1
911    'PGamma[1,14,3,1]'          1
912    'PGamma[1,14,3,2]'          1
913    'PGamma[1,14,3,3]'          1
914    'PGamma[1,15,1,1]'          1
915    'PGamma[1,15,1,2]'          1
916    'PGamma[1,15,1,3]'          1
917    'PGamma[1,15,2,1]'          1
918    'PGamma[1,15,2,2]'          1
919    'PGamma[1,15,2,3]'          1
920    'PGamma[1,15,3,1]'          1
921    'PGamma[1,15,3,2]'          1
922    'PGamma[1,15,3,3]'          1
923    'PGamma[2,1,1,1]'           1
924    'PGamma[2,1,1,2]'           1
925    'PGamma[2,1,1,3]'           1
926    'PGamma[2,1,2,1]'           1
927    'PGamma[2,1,2,2]'           1
928    'PGamma[2,1,2,3]'           1
929    'PGamma[2,1,3,1]'           1
930    'PGamma[2,1,3,2]'           1
931    'PGamma[2,1,3,3]'           1
932    'PGamma[2,2,1,1]'           1
933    'PGamma[2,2,1,2]'           1
934    'PGamma[2,2,1,3]'           1
935    'PGamma[2,2,2,1]'           1
936    'PGamma[2,2,2,2]'           1
937    'PGamma[2,2,2,3]'           1
938    'PGamma[2,2,3,1]'           1
939    'PGamma[2,2,3,2]'           1
940    'PGamma[2,2,3,3]'           1
941    'PGamma[2,3,1,1]'           1
942    'PGamma[2,3,1,2]'           1
943    'PGamma[2,3,1,3]'           1
944    'PGamma[2,3,2,1]'           1
945    'PGamma[2,3,2,2]'           1
946    'PGamma[2,3,2,3]'           1
947    'PGamma[2,3,3,1]'           1
948    'PGamma[2,3,3,2]'           1
949    'PGamma[2,3,3,3]'           1
950    'PGamma[2,4,1,1]'           1
951    'PGamma[2,4,1,2]'           1
952    'PGamma[2,4,1,3]'           1
953    'PGamma[2,4,2,1]'           1
954    'PGamma[2,4,2,2]'           1
955    'PGamma[2,4,2,3]'           1
956    'PGamma[2,4,3,1]'           1
957    'PGamma[2,4,3,2]'           1
958    'PGamma[2,4,3,3]'           1
959    'PGamma[2,5,1,1]'           1
960    'PGamma[2,5,1,2]'           1
961    'PGamma[2,5,1,3]'           1
962    'PGamma[2,5,2,1]'           1
963    'PGamma[2,5,2,2]'           1
964    'PGamma[2,5,2,3]'           1
965    'PGamma[2,5,3,1]'           1
966    'PGamma[2,5,3,2]'           1
967    'PGamma[2,5,3,3]'           1
968    'PGamma[2,6,1,1]'           1
969    'PGamma[2,6,1,2]'           1
970    'PGamma[2,6,1,3]'           1
971    'PGamma[2,6,2,1]'           1
972    'PGamma[2,6,2,2]'           1
973    'PGamma[2,6,2,3]'           1
974    'PGamma[2,6,3,1]'           1
975    'PGamma[2,6,3,2]'           1
976    'PGamma[2,6,3,3]'           1
977    'PGamma[2,7,1,1]'           1
978    'PGamma[2,7,1,2]'           1
979    'PGamma[2,7,1,3]'           1
980    'PGamma[2,7,2,1]'           1
981    'PGamma[2,7,2,2]'           1
982    'PGamma[2,7,2,3]'           1
983    'PGamma[2,7,3,1]'           1
984    'PGamma[2,7,3,2]'           1
985    'PGamma[2,7,3,3]'           1
986    'PGamma[2,8,1,1]'           1
987    'PGamma[2,8,1,2]'           1
988    'PGamma[2,8,1,3]'           1
989    'PGamma[2,8,2,1]'           1
990    'PGamma[2,8,2,2]'           1
991    'PGamma[2,8,2,3]'           1
992    'PGamma[2,8,3,1]'           1
993    'PGamma[2,8,3,2]'           1
994    'PGamma[2,8,3,3]'           1
995    'PGamma[2,9,1,1]'           1
996    'PGamma[2,9,1,2]'           1
997    'PGamma[2,9,1,3]'           1
998    'PGamma[2,9,2,1]'           1
999    'PGamma[2,9,2,2]'           1
1000   'PGamma[2,9,2,3]'           1
1001   'PGamma[2,9,3,1]'           1
1002   'PGamma[2,9,3,2]'           1
1003   'PGamma[2,9,3,3]'           1
1004   'PGamma[2,10,1,1]'          1
1005   'PGamma[2,10,1,2]'          1
1006   'PGamma[2,10,1,3]'          1
1007   'PGamma[2,10,2,1]'          1
1008   'PGamma[2,10,2,2]'          1
1009   'PGamma[2,10,2,3]'          1
1010   'PGamma[2,10,3,1]'          1
1011   'PGamma[2,10,3,2]'          1
1012   'PGamma[2,10,3,3]'          1
1013   'PGamma[2,11,1,1]'          1
1014   'PGamma[2,11,1,2]'          1
1015   'PGamma[2,11,1,3]'          1
1016   'PGamma[2,11,2,1]'          1
1017   'PGamma[2,11,2,2]'          1
1018   'PGamma[2,11,2,3]'          1
1019   'PGamma[2,11,3,1]'          1
1020   'PGamma[2,11,3,2]'          1
1021   'PGamma[2,11,3,3]'          1
1022   'PGamma[2,12,1,1]'          1
1023   'PGamma[2,12,1,2]'          1
1024   'PGamma[2,12,1,3]'          1
1025   'PGamma[2,12,2,1]'          1
1026   'PGamma[2,12,2,2]'          1
1027   'PGamma[2,12,2,3]'          1
1028   'PGamma[2,12,3,1]'          1
1029   'PGamma[2,12,3,2]'          1
1030   'PGamma[2,12,3,3]'          1
1031   'PGamma[2,13,1,1]'          1
1032   'PGamma[2,13,1,2]'          1
1033   'PGamma[2,13,1,3]'          1
1034   'PGamma[2,13,2,1]'          1
1035   'PGamma[2,13,2,2]'          1
1036   'PGamma[2,13,2,3]'          1
1037   'PGamma[2,13,3,1]'          1
1038   'PGamma[2,13,3,2]'          1
1039   'PGamma[2,13,3,3]'          1
1040   'PGamma[2,14,1,1]'          1
1041   'PGamma[2,14,1,2]'          1
1042   'PGamma[2,14,1,3]'          1
1043   'PGamma[2,14,2,1]'          1
1044   'PGamma[2,14,2,2]'          1
1045   'PGamma[2,14,2,3]'          1
1046   'PGamma[2,14,3,1]'          1
1047   'PGamma[2,14,3,2]'          1
1048   'PGamma[2,14,3,3]'          1
1049   'PGamma[2,15,1,1]'          1
1050   'PGamma[2,15,1,2]'          1
1051   'PGamma[2,15,1,3]'          1
1052   'PGamma[2,15,2,1]'          1
1053   'PGamma[2,15,2,2]'          1
1054   'PGamma[2,15,2,3]'          1
1055   'PGamma[2,15,3,1]'          1
1056   'PGamma[2,15,3,2]'          1
1057   'PGamma[2,15,3,3]'          1
1058   'SGamma1[1,1,1]'        1e-06
1059   'SGamma1[1,1,2]'        1e-06
1060   'SGamma1[1,1,3]'        1e-06
1061   'SGamma1[1,2,1]'        1e-06
1062   'SGamma1[1,2,2]'        1e-06
1063   'SGamma1[1,2,3]'        1e-06
1064   'SGamma1[1,3,1]'        1e-06
1065   'SGamma1[1,3,2]'        1e-06
1066   'SGamma1[1,3,3]'        1e-06
1067   'SGamma1[1,4,1]'        1e-06
1068   'SGamma1[1,4,2]'        1e-06
1069   'SGamma1[1,4,3]'        1e-06
1070   'SGamma1[1,5,1]'        1e-06
1071   'SGamma1[1,5,2]'        1e-06
1072   'SGamma1[1,5,3]'        1e-06
1073   'SGamma1[1,6,1]'        1e-06
1074   'SGamma1[1,6,2]'        1e-06
1075   'SGamma1[1,6,3]'        1e-06
1076   'SGamma1[1,7,1]'        1e-06
1077   'SGamma1[1,7,2]'        1e-06
1078   'SGamma1[1,7,3]'        1e-06
1079   'SGamma1[1,8,1]'        1e-06
1080   'SGamma1[1,8,2]'        1e-06
1081   'SGamma1[1,8,3]'        1e-06
1082   'SGamma1[1,9,1]'        1e-06
1083   'SGamma1[1,9,2]'        1e-06
1084   'SGamma1[1,9,3]'        1e-06
1085   'SGamma1[1,10,1]'       1e-06
1086   'SGamma1[1,10,2]'       1e-06
1087   'SGamma1[1,10,3]'       1e-06
1088   'SGamma1[1,11,1]'       1e-06
1089   'SGamma1[1,11,2]'       1e-06
1090   'SGamma1[1,11,3]'       1e-06
1091   'SGamma1[1,12,1]'       1e-06
1092   'SGamma1[1,12,2]'       1e-06
1093   'SGamma1[1,12,3]'       1e-06
1094   'SGamma1[1,13,1]'       1e-06
1095   'SGamma1[1,13,2]'       1e-06
1096   'SGamma1[1,13,3]'       1e-06
1097   'SGamma1[1,14,1]'       1e-06
1098   'SGamma1[1,14,2]'       1e-06
1099   'SGamma1[1,14,3]'       1e-06
1100   'SGamma1[1,15,1]'       1e-06
1101   'SGamma1[1,15,2]'       1e-06
1102   'SGamma1[1,15,3]'       1e-06
1103   'SGamma1[2,1,1]'        1e-06
1104   'SGamma1[2,1,2]'        1e-06
1105   'SGamma1[2,1,3]'        1e-06
1106   'SGamma1[2,2,1]'        1e-06
1107   'SGamma1[2,2,2]'        1e-06
1108   'SGamma1[2,2,3]'        1e-06
1109   'SGamma1[2,3,1]'        1e-06
1110   'SGamma1[2,3,2]'        1e-06
1111   'SGamma1[2,3,3]'        1e-06
1112   'SGamma1[2,4,1]'        1e-06
1113   'SGamma1[2,4,2]'        1e-06
1114   'SGamma1[2,4,3]'        1e-06
1115   'SGamma1[2,5,1]'        1e-06
1116   'SGamma1[2,5,2]'        1e-06
1117   'SGamma1[2,5,3]'        1e-06
1118   'SGamma1[2,6,1]'        1e-06
1119   'SGamma1[2,6,2]'        1e-06
1120   'SGamma1[2,6,3]'        1e-06
1121   'SGamma1[2,7,1]'        1e-06
1122   'SGamma1[2,7,2]'        1e-06
1123   'SGamma1[2,7,3]'        1e-06
1124   'SGamma1[2,8,1]'        1e-06
1125   'SGamma1[2,8,2]'        1e-06
1126   'SGamma1[2,8,3]'        1e-06
1127   'SGamma1[2,9,1]'        1e-06
1128   'SGamma1[2,9,2]'        1e-06
1129   'SGamma1[2,9,3]'        1e-06
1130   'SGamma1[2,10,1]'       1e-06
1131   'SGamma1[2,10,2]'       1e-06
1132   'SGamma1[2,10,3]'       1e-06
1133   'SGamma1[2,11,1]'       1e-06
1134   'SGamma1[2,11,2]'       1e-06
1135   'SGamma1[2,11,3]'       1e-06
1136   'SGamma1[2,12,1]'       1e-06
1137   'SGamma1[2,12,2]'       1e-06
1138   'SGamma1[2,12,3]'       1e-06
1139   'SGamma1[2,13,1]'       1e-06
1140   'SGamma1[2,13,2]'       1e-06
1141   'SGamma1[2,13,3]'       1e-06
1142   'SGamma1[2,14,1]'       1e-06
1143   'SGamma1[2,14,2]'       1e-06
1144   'SGamma1[2,14,3]'       1e-06
1145   'SGamma1[2,15,1]'       1e-06
1146   'SGamma1[2,15,2]'       1e-06
1147   'SGamma1[2,15,3]'       1e-06
1148   'SGamma2[1,1,1]'            1
1149   'SGamma2[1,1,2]'            1
1150   'SGamma2[1,1,3]'            1
1151   'SGamma2[1,2,1]'            1
1152   'SGamma2[1,2,2]'            1
1153   'SGamma2[1,2,3]'            1
1154   'SGamma2[1,3,1]'            1
1155   'SGamma2[1,3,2]'            1
1156   'SGamma2[1,3,3]'            1
1157   'SGamma2[1,4,1]'            1
1158   'SGamma2[1,4,2]'            1
1159   'SGamma2[1,4,3]'            1
1160   'SGamma2[1,5,1]'            1
1161   'SGamma2[1,5,2]'            1
1162   'SGamma2[1,5,3]'            1
1163   'SGamma2[1,6,1]'            1
1164   'SGamma2[1,6,2]'            1
1165   'SGamma2[1,6,3]'            1
1166   'SGamma2[1,7,1]'            1
1167   'SGamma2[1,7,2]'            1
1168   'SGamma2[1,7,3]'            1
1169   'SGamma2[1,8,1]'            1
1170   'SGamma2[1,8,2]'            1
1171   'SGamma2[1,8,3]'            1
1172   'SGamma2[1,9,1]'            1
1173   'SGamma2[1,9,2]'            1
1174   'SGamma2[1,9,3]'            1
1175   'SGamma2[1,10,1]'           1
1176   'SGamma2[1,10,2]'           1
1177   'SGamma2[1,10,3]'           1
1178   'SGamma2[1,11,1]'           1
1179   'SGamma2[1,11,2]'           1
1180   'SGamma2[1,11,3]'           1
1181   'SGamma2[1,12,1]'           1
1182   'SGamma2[1,12,2]'           1
1183   'SGamma2[1,12,3]'           1
1184   'SGamma2[1,13,1]'           1
1185   'SGamma2[1,13,2]'           1
1186   'SGamma2[1,13,3]'           1
1187   'SGamma2[1,14,1]'           1
1188   'SGamma2[1,14,2]'           1
1189   'SGamma2[1,14,3]'           1
1190   'SGamma2[1,15,1]'           1
1191   'SGamma2[1,15,2]'           1
1192   'SGamma2[1,15,3]'           1
1193   'SGamma2[2,1,1]'            1
1194   'SGamma2[2,1,2]'            1
1195   'SGamma2[2,1,3]'            1
1196   'SGamma2[2,2,1]'            1
1197   'SGamma2[2,2,2]'            1
1198   'SGamma2[2,2,3]'            1
1199   'SGamma2[2,3,1]'            1
1200   'SGamma2[2,3,2]'            1
1201   'SGamma2[2,3,3]'            1
1202   'SGamma2[2,4,1]'            1
1203   'SGamma2[2,4,2]'            1
1204   'SGamma2[2,4,3]'            1
1205   'SGamma2[2,5,1]'            1
1206   'SGamma2[2,5,2]'            1
1207   'SGamma2[2,5,3]'            1
1208   'SGamma2[2,6,1]'            1
1209   'SGamma2[2,6,2]'            1
1210   'SGamma2[2,6,3]'            1
1211   'SGamma2[2,7,1]'            1
1212   'SGamma2[2,7,2]'            1
1213   'SGamma2[2,7,3]'            1
1214   'SGamma2[2,8,1]'            1
1215   'SGamma2[2,8,2]'            1
1216   'SGamma2[2,8,3]'            1
1217   'SGamma2[2,9,1]'            1
1218   'SGamma2[2,9,2]'            1
1219   'SGamma2[2,9,3]'            1
1220   'SGamma2[2,10,1]'           1
1221   'SGamma2[2,10,2]'           1
1222   'SGamma2[2,10,3]'           1
1223   'SGamma2[2,11,1]'           1
1224   'SGamma2[2,11,2]'           1
1225   'SGamma2[2,11,3]'           1
1226   'SGamma2[2,12,1]'           1
1227   'SGamma2[2,12,2]'           1
1228   'SGamma2[2,12,3]'           1
1229   'SGamma2[2,13,1]'           1
1230   'SGamma2[2,13,2]'           1
1231   'SGamma2[2,13,3]'           1
1232   'SGamma2[2,14,1]'           1
1233   'SGamma2[2,14,2]'           1
1234   'SGamma2[2,14,3]'           1
1235   'SGamma2[2,15,1]'           1
1236   'SGamma2[2,15,2]'           1
1237   'SGamma2[2,15,3]'           1
1238   'gamma[1,1,1]'              1
1239   'gamma[1,1,2]'              1
1240   'gamma[1,1,3]'              1
1241   'gamma[1,2,1]'              1
1242   'gamma[1,2,2]'              1
1243   'gamma[1,2,3]'              1
1244   'gamma[1,3,1]'              1
1245   'gamma[1,3,2]'              1
1246   'gamma[1,3,3]'              1
1247   'gamma[1,4,1]'              1
1248   'gamma[1,4,2]'              1
1249   'gamma[1,4,3]'              1
1250   'gamma[1,5,1]'              1
1251   'gamma[1,5,2]'              1
1252   'gamma[1,5,3]'              1
1253   'gamma[1,6,1]'              1
1254   'gamma[1,6,2]'              1
1255   'gamma[1,6,3]'              1
1256   'gamma[1,7,1]'              1
1257   'gamma[1,7,2]'              1
1258   'gamma[1,7,3]'              1
1259   'gamma[1,8,1]'              1
1260   'gamma[1,8,2]'              1
1261   'gamma[1,8,3]'              1
1262   'gamma[1,9,1]'              1
1263   'gamma[1,9,2]'              1
1264   'gamma[1,9,3]'              1
1265   'gamma[1,10,1]'             1
1266   'gamma[1,10,2]'             1
1267   'gamma[1,10,3]'             1
1268   'gamma[1,11,1]'             1
1269   'gamma[1,11,2]'             1
1270   'gamma[1,11,3]'             1
1271   'gamma[1,12,1]'             1
1272   'gamma[1,12,2]'             1
1273   'gamma[1,12,3]'             1
1274   'gamma[1,13,1]'             1
1275   'gamma[1,13,2]'             1
1276   'gamma[1,13,3]'             1
1277   'gamma[1,14,1]'             1
1278   'gamma[1,14,2]'             1
1279   'gamma[1,14,3]'             1
1280   'gamma[1,15,1]'             1
1281   'gamma[1,15,2]'             1
1282   'gamma[1,15,3]'             1
1283   'gamma[2,1,1]'              1
1284   'gamma[2,1,2]'              1
1285   'gamma[2,1,3]'              1
1286   'gamma[2,2,1]'              1
1287   'gamma[2,2,2]'              1
1288   'gamma[2,2,3]'              1
1289   'gamma[2,3,1]'              1
1290   'gamma[2,3,2]'              1
1291   'gamma[2,3,3]'              1
1292   'gamma[2,4,1]'              1
1293   'gamma[2,4,2]'              1
1294   'gamma[2,4,3]'              1
1295   'gamma[2,5,1]'              1
1296   'gamma[2,5,2]'              1
1297   'gamma[2,5,3]'              1
1298   'gamma[2,6,1]'              1
1299   'gamma[2,6,2]'              1
1300   'gamma[2,6,3]'              1
1301   'gamma[2,7,1]'              1
1302   'gamma[2,7,2]'              1
1303   'gamma[2,7,3]'              1
1304   'gamma[2,8,1]'              1
1305   'gamma[2,8,2]'              1
1306   'gamma[2,8,3]'              1
1307   'gamma[2,9,1]'              1
1308   'gamma[2,9,2]'              1
1309   'gamma[2,9,3]'              1
1310   'gamma[2,10,1]'             1
1311   'gamma[2,10,2]'             1
1312   'gamma[2,10,3]'             1
1313   'gamma[2,11,1]'             1
1314   'gamma[2,11,2]'             1
1315   'gamma[2,11,3]'             1
1316   'gamma[2,12,1]'             1
1317   'gamma[2,12,2]'             1
1318   'gamma[2,12,3]'             1
1319   'gamma[2,13,1]'             1
1320   'gamma[2,13,2]'             1
1321   'gamma[2,13,3]'             1
1322   'gamma[2,14,1]'             1
1323   'gamma[2,14,2]'             1
1324   'gamma[2,14,3]'             1
1325   'gamma[2,15,1]'             1
1326   'gamma[2,15,2]'             1
1327   'gamma[2,15,3]'             1
1328   'PrS[1,1,1]'           552233
1329   'PrS[1,1,2]'           293418
1330   'PrS[1,1,3]'            88489.1
1331   'PrS[1,2,1]'           462748
1332   'PrS[1,2,2]'           241534
1333   'PrS[1,2,3]'            70024.5
1334   'PrS[1,3,1]'           425680
1335   'PrS[1,3,2]'           220285
1336   'PrS[1,3,3]'            62668.1
1337   'PrS[1,4,1]'           406068
1338   'PrS[1,4,2]'           209108
1339   'PrS[1,4,3]'            58852
1340   'PrS[1,5,1]'           393295
1341   'PrS[1,5,2]'           201855
1342   'PrS[1,5,3]'            56396.4
1343   'PrS[1,6,1]'           384374
1344   'PrS[1,6,2]'           196801
1345   'PrS[1,6,3]'            54695.6
1346   'PrS[1,7,1]'           378145
1347   'PrS[1,7,2]'           193279
1348   'PrS[1,7,3]'            53515.3
1349   'PrS[1,8,1]'           373876
1350   'PrS[1,8,2]'           190868
1351   'PrS[1,8,3]'            52709.8
1352   'PrS[1,9,1]'           373876
1353   'PrS[1,9,2]'           190868
1354   'PrS[1,9,3]'            52709.8
1355   'PrS[1,10,1]'          373876
1356   'PrS[1,10,2]'          190868
1357   'PrS[1,10,3]'           52709.8
1358   'PrS[1,11,1]'          373876
1359   'PrS[1,11,2]'          190868
1360   'PrS[1,11,3]'           52709.8
1361   'PrS[1,12,1]'          373876
1362   'PrS[1,12,2]'          190868
1363   'PrS[1,12,3]'           52709.8
1364   'PrS[1,13,1]'          373876
1365   'PrS[1,13,2]'          190868
1366   'PrS[1,13,3]'           52709.8
1367   'PrS[1,14,1]'          373876
1368   'PrS[1,14,2]'          190868
1369   'PrS[1,14,3]'           52709.8
1370   'PrS[1,15,1]'          373857
1371   'PrS[1,15,2]'          190857
1372   'PrS[1,15,3]'           52706.1
1373   'PrS[2,1,1]'           715396
1374   'PrS[2,1,2]'           389756
1375   'PrS[2,1,3]'           124331
1376   'PrS[2,2,1]'           628355
1377   'PrS[2,2,2]'           338115
1378   'PrS[2,2,3]'           104892
1379   'PrS[2,3,1]'           590206
1380   'PrS[2,3,2]'           315656
1381   'PrS[2,3,3]'            96597.4
1382   'PrS[2,4,1]'           572063
1383   'PrS[2,4,2]'           305015
1384   'PrS[2,4,3]'            92704.3
1385   'PrS[2,5,1]'           560972
1386   'PrS[2,5,2]'           298525
1387   'PrS[2,5,3]'            90341.5
1388   'PrS[2,6,1]'           560923
1389   'PrS[2,6,2]'           298496
1390   'PrS[2,6,3]'            90331.3
1391   'PrS[2,7,1]'           557575
1392   'PrS[2,7,2]'           296539
1393   'PrS[2,7,3]'            89620.6
1394   'PrS[2,8,1]'           370966
1395   'PrS[2,8,2]'           189226
1396   'PrS[2,8,3]'            52162.3
1397   'PrS[2,9,1]'           315388
1398   'PrS[2,9,2]'           158105
1399   'PrS[2,9,3]'            41971.1
1400   'PrS[2,10,1]'          294663
1401   'PrS[2,10,2]'          146628
1402   'PrS[2,10,3]'           38308.7
1403   'PrS[2,11,1]'          285186
1404   'PrS[2,11,2]'          141405
1405   'PrS[2,11,3]'           36660.9
1406   'PrS[2,12,1]'          285186
1407   'PrS[2,12,2]'          141405
1408   'PrS[2,12,3]'           36660.9
1409   'PrS[2,13,1]'          285186
1410   'PrS[2,13,2]'          141405
1411   'PrS[2,13,3]'           36660.9
1412   'PrS[2,14,1]'          285186
1413   'PrS[2,14,2]'          141405
1414   'PrS[2,14,3]'           36660.9
1415   'PrS[2,15,1]'          285178
1416   'PrS[2,15,2]'          141401
1417   'PrS[2,15,3]'           36659.6
1418   'PrSF[1]'              371002
1419   'PrSF[2]'              189246
1420   'PrSF[3]'               52169.1
1421   Vap                       139.089
1422   Sep                        69.0926
1423   yPC1                        0
1424   yPR1                        0
1425   yPS                         0
;

