solve_message =
'CONOPT 3.17A: Locally infeasible; objective 188437917.50978592\
4 iterations; evals: nf = 1, ng = 0, nc = 1, nJ = 1, nH = 0, nHv = 0'

:      _varname            _var            :=
1     'F[2]'                0
2     'F[3]'                0
3     'F[4]'                0
4     'F[5]'                0
5     'F[6]'                0
6     'F[7]'                0
7     'F[8]'              100
8     'F[9]'                0
9     'F[10]'               0
10    'F[11]'               0
11    'F[12]'               0
12    'F[13]'               0
13    'F[14]'               0
14    'Vs[1]'       188438000
15    'Vs[2]'               4.98888
16    'y[1,1,1]'            0.00136283
17    'y[1,1,2]'            0.752584
18    'y[1,1,3]'            0.246053
19    'y[1,2,1]'            0.0041028
20    'y[1,2,2]'            0.871735
21    'y[1,2,3]'            0.124162
22    'y[1,3,1]'            0.0113864
23    'y[1,3,2]'            0.930855
24    'y[1,3,3]'            0.0577588
25    'y[1,4,1]'            0.0300254
26    'y[1,4,2]'            0.944445
27    'y[1,4,3]'            0.0255297
28    'y[1,5,1]'            0.0754992
29    'y[1,5,2]'            0.91374
30    'y[1,5,3]'            0.0107603
31    'y[1,6,1]'            0.17604
32    'y[1,6,2]'            0.819754
33    'y[1,6,3]'            0.00420556
34    'y[1,7,1]'            0.357692
35    'y[1,7,2]'            0.640876
36    'y[1,7,3]'            0.00143239
37    'y[1,8,1]'            0.591699
38    'y[1,8,2]'            0.407904
39    'y[1,8,3]'            0.000397215
40    'y[1,9,1]'            0.79029
41    'y[1,9,2]'            0.209621
42    'y[1,9,3]'            8.89271e-05
43    'y[1,10,1]'           0.907379
44    'y[1,10,2]'           0.0926039
45    'y[1,10,3]'           1.71143e-05
46    'y[1,11,1]'           0.962213
47    'y[1,11,2]'           0.0377837
48    'y[1,11,3]'           3.04205e-06
49    'y[1,12,1]'           0.985116
50    'y[1,12,2]'           0.0148837
51    'y[1,12,3]'           5.22042e-07
52    'y[1,13,1]'           0.99422
53    'y[1,13,2]'           0.00577962
54    'y[1,13,3]'           8.83129e-08
55    'y[1,14,1]'           0.997768
56    'y[1,14,2]'           0.00223171
57    'y[1,14,3]'           1.48558e-08
58    'y[1,15,1]'           0.99914
59    'y[1,15,2]'           0.000859859
60    'y[1,15,3]'           2.49353e-09
61    'y[2,1,1]'            2.57792e-05
62    'y[2,1,2]'            0.87625
63    'y[2,1,3]'            0.123724
64    'y[2,2,1]'            7.20267e-05
65    'y[2,2,2]'            0.941985
66    'y[2,2,3]'            0.0579431
67    'y[2,3,1]'            0.000193503
68    'y[2,3,2]'            0.973714
69    'y[2,3,3]'            0.0260928
70    'y[2,4,1]'            0.000510274
71    'y[2,4,2]'            0.987956
72    'y[2,4,3]'            0.0115334
73    'y[2,5,1]'            0.0013338
74    'y[2,5,2]'            0.993613
75    'y[2,5,3]'            0.00505323
76    'y[2,6,1]'            0.00346906
77    'y[2,6,2]'            0.994328
78    'y[2,6,3]'            0.00220299
79    'y[2,7,1]'            0.00897747
80    'y[2,7,2]'            0.990067
81    'y[2,7,3]'            0.000955607
82    'y[2,8,1]'            0.0230146
83    'y[2,8,2]'            0.976575
84    'y[2,8,3]'            0.000410631
85    'y[2,9,1]'            0.0577049
86    'y[2,9,2]'            0.942122
87    'y[2,9,3]'            0.000172578
88    'y[2,10,1]'           0.137319
89    'y[2,10,2]'           0.862613
90    'y[2,10,3]'           6.88375e-05
91    'y[2,11,1]'           0.292646
92    'y[2,11,2]'           0.707329
93    'y[2,11,3]'           2.45902e-05
94    'y[2,12,1]'           0.518138
95    'y[2,12,2]'           0.481854
96    'y[2,12,3]'           7.29773e-06
97    'y[2,13,1]'           0.736474
98    'y[2,13,2]'           0.263524
99    'y[2,13,3]'           1.73869e-06
100   'y[2,14,1]'           0.878986
101   'y[2,14,2]'           0.121014
102   'y[2,14,3]'           3.47833e-07
103   'y[2,15,1]'           0.949693
104   'y[2,15,2]'           0.0503071
105   'y[2,15,3]'           6.29935e-08
106   'Ls[1]'       188438000
107   'Ls[2]'               4.98888
108   'x[1,1,1]'            0.000397877
109   'x[1,1,2]'            0.571043
110   'x[1,1,3]'            0.428559
111   'x[1,2,1]'            0.00136283
112   'x[1,2,2]'            0.752584
113   'x[1,2,3]'            0.246053
114   'x[1,3,1]'            0.0041028
115   'x[1,3,2]'            0.871735
116   'x[1,3,3]'            0.124162
117   'x[1,4,1]'            0.0113864
118   'x[1,4,2]'            0.930855
119   'x[1,4,3]'            0.0577589
120   'x[1,5,1]'            0.0300254
121   'x[1,5,2]'            0.944445
122   'x[1,5,3]'            0.0255298
123   'x[1,6,1]'            0.0754992
124   'x[1,6,2]'            0.91374
125   'x[1,6,3]'            0.0107605
126   'x[1,7,1]'            0.17604
127   'x[1,7,2]'            0.819754
128   'x[1,7,3]'            0.00420572
129   'x[1,8,1]'            0.357692
130   'x[1,8,2]'            0.640876
131   'x[1,8,3]'            0.00143255
132   'x[1,9,1]'            0.591699
133   'x[1,9,2]'            0.407904
134   'x[1,9,3]'            0.000397215
135   'x[1,10,1]'           0.79029
136   'x[1,10,2]'           0.209621
137   'x[1,10,3]'           8.89271e-05
138   'x[1,11,1]'           0.907379
139   'x[1,11,2]'           0.0926039
140   'x[1,11,3]'           1.71143e-05
141   'x[1,12,1]'           0.962213
142   'x[1,12,2]'           0.0377837
143   'x[1,12,3]'           3.04205e-06
144   'x[1,13,1]'           0.985116
145   'x[1,13,2]'           0.0148837
146   'x[1,13,3]'           5.22042e-07
147   'x[1,14,1]'           0.99422
148   'x[1,14,2]'           0.00577962
149   'x[1,14,3]'           8.83129e-08
150   'x[1,15,1]'           0.997768
151   'x[1,15,2]'           0.00223171
152   'x[1,15,3]'           1.48558e-08
153   'x[2,1,1]'            8.5488e-06
154   'x[2,1,2]'            0.755217
155   'x[2,1,3]'            0.244775
156   'x[2,2,1]'            2.57792e-05
157   'x[2,2,2]'            0.87625
158   'x[2,2,3]'            0.123724
159   'x[2,3,1]'            7.20267e-05
160   'x[2,3,2]'            0.941985
161   'x[2,3,3]'            0.0579431
162   'x[2,4,1]'            0.000193503
163   'x[2,4,2]'            0.973714
164   'x[2,4,3]'            0.0260928
165   'x[2,5,1]'            0.000510274
166   'x[2,5,2]'            0.987956
167   'x[2,5,3]'            0.0115334
168   'x[2,6,1]'            0.0013338
169   'x[2,6,2]'            0.993613
170   'x[2,6,3]'            0.00505323
171   'x[2,7,1]'            0.00346906
172   'x[2,7,2]'            0.994328
173   'x[2,7,3]'            0.00220299
174   'x[2,8,1]'            0.00897747
175   'x[2,8,2]'            0.990067
176   'x[2,8,3]'            0.000955607
177   'x[2,9,1]'            0.0230146
178   'x[2,9,2]'            0.976575
179   'x[2,9,3]'            0.000410631
180   'x[2,10,1]'           0.0577049
181   'x[2,10,2]'           0.942122
182   'x[2,10,3]'           0.000172578
183   'x[2,11,1]'           0.137319
184   'x[2,11,2]'           0.862613
185   'x[2,11,3]'           6.88375e-05
186   'x[2,12,1]'           0.292646
187   'x[2,12,2]'           0.707329
188   'x[2,12,3]'           2.45902e-05
189   'x[2,13,1]'           0.518138
190   'x[2,13,2]'           0.481854
191   'x[2,13,3]'           7.29773e-06
192   'x[2,14,1]'           0.736474
193   'x[2,14,2]'           0.263524
194   'x[2,14,3]'           1.73869e-06
195   'x[2,15,1]'           0.878986
196   'x[2,15,2]'           0.121014
197   'x[2,15,3]'           3.47833e-07
198   'CC[2]'               0
199   'CC[3]'               0
200   'CC[4]'               0
201   'CC[5]'               0
202   'CC[6]'               0
203   'CC[7]'               0
204   'CC[8]'               0
205   'CC[9]'               0
206   'CC[10]'              0
207   'CC[11]'              0
208   'CC[12]'              0
209   'CC[13]'              0
210   'CC[14]'              0
211   'CR[2]'               0
212   'CR[3]'               0
213   'CR[4]'               0
214   'CR[5]'               6.06266e-15
215   'CR[6]'               0
216   'CR[7]'               0
217   'CR[8]'               0
218   'CR[9]'               0
219   'CR[10]'              0
220   'CR[11]'              0
221   'CR[12]'              0
222   'CR[13]'              0
223   'CR[14]'              0
224   'PC[1]'              29.9979
225   'PC[2]'               0
226   'PR[1]'              70.0021
227   'PR[2]'               0
228   'PS[2]'               0
229   'PS[3]'               0
230   'PS[4]'               0
231   'PS[5]'               0
232   'PS[6]'               0
233   'PS[7]'               0
234   'PS[8]'               8.14842e-15
235   'PS[9]'               0
236   'PS[10]'              0
237   'PS[11]'              0
238   'PS[12]'              0
239   'PS[13]'              0
240   'PS[14]'              0
241   Vap           188438000
242   Sep                  65.6302
;

