solve_message = 'LOQO 7.00: iteration limit (500 iterations, 4340 evaluations)\
primal objective 98.78342816947821\
  dual objective -13586660459533.58'

:           _varname              _var          :=
1      'F[2]'                    0
2      'F[3]'                    0
3      'F[4]'                    0
4      'F[5]'                    0
5      'F[6]'                    0
6      'F[7]'                    0
7      'F[8]'                    0
8      'F[9]'                    0
9      'F[10]'                   0
10     'F[11]'                   0
11     'F[12]'                   0
12     'F[13]'                   0
13     'F[14]'                   0
14     'F[15]'                 200
15     'F[16]'                   0
16     'F[17]'                   0
17     'F[18]'                   0
18     'F[19]'                   0
19     'F[20]'                   0
20     'F[21]'                   0
21     'F[22]'                   0
22     'F[23]'                   0
23     'F[24]'                   0
24     'F[25]'                   0
25     'F[26]'                   0
26     'F[27]'                   0
27     'F[28]'                   0
28     'F[29]'                   0
29     'V[1]'                   98.7834
30     'V[2]'                   97.9781
31     'V[3]'                   98.0026
32     'V[4]'                   98.2311
33     'V[5]'                   98.53
34     'V[6]'                   98.843
35     'V[7]'                   99.1326
36     'V[8]'                   99.3822
37     'V[9]'                   99.5911
38     'V[10]'                  99.7614
39     'V[11]'                  99.9093
40     'V[12]'                 100.055
41     'V[13]'                 100.377
42     'V[14]'                  91.3845
43     'V[15]'                  96.9233
44     'V[16]'                  99.3255
45     'V[17]'                  99.98
46     'V[18]'                 100.106
47     'V[19]'                 100.134
48     'V[20]'                 100.157
49     'V[21]'                 100.18
50     'V[22]'                 100.203
51     'V[23]'                 100.228
52     'V[24]'                 100.253
53     'V[25]'                 100.279
54     'V[26]'                 100.308
55     'V[27]'                 100.336
56     'V[28]'                 100.351
57     'V[29]'                 101.963
58     'V[30]'                   0
59     'y[1,1]'                  0.216626
60     'y[1,2]'                  0.423314
61     'y[1,3]'                  0.380099
62     'y[2,1]'                  0.339914
63     'y[2,2]'                  0.392436
64     'y[2,3]'                  0.29264
65     'y[3,1]'                  0.436905
66     'y[3,2]'                  0.348904
67     'y[3,3]'                  0.24011
68     'y[4,1]'                  0.503374
69     'y[4,2]'                  0.312782
70     'y[4,3]'                  0.208769
71     'y[5,1]'                  0.543903
72     'y[5,2]'                  0.288988
73     'y[5,3]'                  0.190118
74     'y[6,1]'                  0.565908
75     'y[6,2]'                  0.275835
76     'y[6,3]'                  0.178996
77     'y[7,1]'                  0.57606
78     'y[7,2]'                  0.270222
79     'y[7,3]'                  0.172328
80     'y[8,1]'                  0.579122
81     'y[8,2]'                  0.269507
82     'y[8,3]'                  0.16828
83     'y[9,1]'                  0.578145
84     'y[9,2]'                  0.271852
85     'y[9,3]'                  0.165767
86     'y[10,1]'                 0.575074
87     'y[10,2]'                 0.276095
88     'y[10,3]'                 0.164158
89     'y[11,1]'                 0.571292
90     'y[11,2]'                 0.281552
91     'y[11,3]'                 0.163106
92     'y[12,1]'                 0.568749
93     'y[12,2]'                 0.288201
94     'y[12,3]'                 0.162639
95     'y[13,1]'                 0.573754
96     'y[13,2]'                 0.298254
97     'y[13,3]'                 0.164023
98     'y[14,1]'                 0.62092
99     'y[14,2]'                 0.327594
100    'y[14,3]'                 0.175895
101    'y[15,1]'                 0.580417
102    'y[15,2]'                 0.311287
103    'y[15,3]'                 0.163565
104    'y[16,1]'                 0.562795
105    'y[16,2]'                 0.32372
106    'y[16,3]'                 0.158837
107    'y[17,1]'                 0.550998
108    'y[17,2]'                 0.335618
109    'y[17,3]'                 0.152083
110    'y[18,1]'                 0.543501
111    'y[18,2]'                 0.351178
112    'y[18,3]'                 0.147416
113    'y[19,1]'                 0.536851
114    'y[19,2]'                 0.367487
115    'y[19,3]'                 0.143231
116    'y[20,1]'                 0.530327
117    'y[20,2]'                 0.383885
118    'y[20,3]'                 0.139197
119    'y[21,1]'                 0.523888
120    'y[21,2]'                 0.400327
121    'y[21,3]'                 0.1353
122    'y[22,1]'                 0.517534
123    'y[22,2]'                 0.416809
124    'y[22,3]'                 0.131537
125    'y[23,1]'                 0.511264
126    'y[23,2]'                 0.433327
127    'y[23,3]'                 0.127912
128    'y[24,1]'                 0.505079
129    'y[24,2]'                 0.449874
130    'y[24,3]'                 0.124425
131    'y[25,1]'                 0.498978
132    'y[25,2]'                 0.466448
133    'y[25,3]'                 0.121078
134    'y[26,1]'                 0.492967
135    'y[26,2]'                 0.483045
136    'y[26,3]'                 0.117876
137    'y[27,1]'                 0.487052
138    'y[27,2]'                 0.499673
139    'y[27,3]'                 0.114825
140    'y[28,1]'                 0.481345
141    'y[28,2]'                 0.51651
142    'y[28,3]'                 0.111978
143    'y[29,1]'                 0.468519
144    'y[29,2]'                 0.525445
145    'y[29,3]'                 0.107706
146    'y[30,1]'                 0.485763
147    'y[30,2]'                 0.564338
148    'y[30,3]'                 0.108082
149    'L[1]'                    0
150    'L[2]'                  199.761
151    'L[3]'                  199.95
152    'L[4]'                  199.987
153    'L[5]'                  200.003
154    'L[6]'                  200.015
155    'L[7]'                  200.007
156    'L[8]'                  199.972
157    'L[9]'                  199.909
158    'L[10]'                 199.811
159    'L[11]'                 199.677
160    'L[12]'                 199.478
161    'L[13]'                 199.112
162    'L[14]'                 197.836
163    'L[15]'                 200.255
164    'L[16]'                   0.262936
165    'L[17]'                   1.25419
166    'L[18]'                   0.81123
167    'L[19]'                   0.745804
168    'L[20]'                   0.748113
169    'L[21]'                   0.749274
170    'L[22]'                   0.745585
171    'L[23]'                   0.73701
172    'L[24]'                   0.723686
173    'L[25]'                   0.705319
174    'L[26]'                   0.681791
175    'L[27]'                   0.653029
176    'L[28]'                   0.617606
177    'L[29]'                   0.603077
178    'L[30]'                   1.43381
179    'x[1,1]'                  0.0927721
180    'x[1,2]'                  0.434188
181    'x[1,3]'                  0.569595
182    'x[2,1]'                  0.148126
183    'x[2,2]'                  0.413179
184    'x[2,3]'                  0.447325
185    'x[3,1]'                  0.205707
186    'x[3,2]'                  0.400393
187    'x[3,3]'                  0.40028
188    'x[4,1]'                  0.251284
189    'x[4,2]'                  0.38343
190    'x[4,3]'                  0.37222
191    'x[5,1]'                  0.282353
192    'x[5,2]'                  0.370389
193    'x[5,3]'                  0.354737
194    'x[6,1]'                  0.300925
195    'x[6,2]'                  0.363372
196    'x[6,3]'                  0.343447
197    'x[7,1]'                  0.310493
198    'x[7,2]'                  0.361521
199    'x[7,3]'                  0.335811
200    'x[8,1]'                  0.314219
201    'x[8,2]'                  0.363305
202    'x[8,3]'                  0.330315
203    'x[9,1]'                  0.3144
204    'x[9,2]'                  0.367418
205    'x[9,3]'                  0.326056
206    'x[10,1]'                 0.312576
207    'x[10,2]'                 0.372954
208    'x[10,3]'                 0.322503
209    'x[11,1]'                 0.309762
210    'x[11,2]'                 0.379303
211    'x[11,3]'                 0.319327
212    'x[12,1]'                 0.306812
213    'x[12,2]'                 0.38613
214    'x[12,3]'                 0.316378
215    'x[13,1]'                 0.305039
216    'x[13,2]'                 0.393525
217    'x[13,3]'                 0.313803
218    'x[14,1]'                 0.309483
219    'x[14,2]'                 0.404145
220    'x[14,3]'                 0.313534
221    'x[15,1]'                 0.301288
222    'x[15,2]'                 0.40065
223    'x[15,3]'                 0.304567
224    'x[16,1]'                 0.345632
225    'x[16,2]'                 0.496679
226    'x[16,3]'                 0.354437
227    'x[17,1]'                 0.30989
228    'x[17,2]'                 0.469669
229    'x[17,3]'                 0.307715
230    'x[18,1]'                 0.300727
231    'x[18,2]'                 0.483179
232    'x[18,3]'                 0.29244
233    'x[19,1]'                 0.296127
234    'x[19,2]'                 0.504032
235    'x[19,3]'                 0.282625
236    'x[20,1]'                 0.291855
237    'x[20,2]'                 0.525312
238    'x[20,3]'                 0.273458
239    'x[21,1]'                 0.287678
240    'x[21,2]'                 0.546617
241    'x[21,3]'                 0.264679
242    'x[22,1]'                 0.283587
243    'x[22,2]'                 0.567928
244    'x[22,3]'                 0.256271
245    'x[23,1]'                 0.279579
246    'x[23,2]'                 0.589246
247    'x[23,3]'                 0.248229
248    'x[24,1]'                 0.275635
249    'x[24,2]'                 0.61052
250    'x[24,3]'                 0.240529
251    'x[25,1]'                 0.271747
252    'x[25,2]'                 0.631729
253    'x[25,3]'                 0.233165
254    'x[26,1]'                 0.267919
255    'x[26,2]'                 0.652872
256    'x[26,3]'                 0.226141
257    'x[27,1]'                 0.264198
258    'x[27,2]'                 0.674071
259    'x[27,3]'                 0.219505
260    'x[28,1]'                 0.261389
261    'x[28,2]'                 0.697667
262    'x[28,3]'                 0.214001
263    'x[29,1]'                 0.254041
264    'x[29,2]'                 0.708676
265    'x[29,3]'                 0.205214
266    'x[30,1]'                 0.114223
267    'x[30,2]'                 0.318941
268    'x[30,3]'                 0.0859387
269    PC                       96.9435
270    PR                       91.7296
271    'T[1]'                  379.715
272    'T[2]'                  379.107
273    'T[3]'                  376.787
274    'T[4]'                  375.038
275    'T[5]'                  373.875
276    'T[6]'                  373.166
277    'T[7]'                  372.771
278    'T[8]'                  372.581
279    'T[9]'                  372.519
280    'T[10]'                 372.539
281    'T[11]'                 372.615
282    'T[12]'                 372.765
283    'T[13]'                 373.177
284    'T[14]'                 374.986
285    'T[15]'                 373.851
286    'T[16]'                 369.247
287    'T[17]'                 371.662
288    'T[18]'                 372.125
289    'T[19]'                 372.223
290    'T[20]'                 372.298
291    'T[21]'                 372.369
292    'T[22]'                 372.437
293    'T[23]'                 372.502
294    'T[24]'                 372.566
295    'T[25]'                 372.63
296    'T[26]'                 372.694
297    'T[27]'                 372.753
298    'T[28]'                 372.728
299    'T[29]'                 372.775
300    'T[30]'                 397.876
301    TF                      372.396
302    QC                     1125.57
303    QR                     1180.96
304    'H[1,1]'                  2.18507
305    'H[1,2]'                  1.2872
306    'H[1,3]'                  2.6345
307    'H[2,1]'                  2.16746
308    'H[2,2]'                  1.27909
309    'H[2,3]'                  2.61316
310    'H[3,1]'                  2.10046
311    'H[3,2]'                  1.24798
312    'H[3,3]'                  2.532
313    'H[4,1]'                  2.05015
314    'H[4,2]'                  1.22434
315    'H[4,3]'                  2.47108
316    'H[5,1]'                  2.0168
317    'H[5,2]'                  1.20853
318    'H[5,3]'                  2.43069
319    'H[6,1]'                  1.99649
320    'H[6,2]'                  1.19885
321    'H[6,3]'                  2.40612
322    'H[7,1]'                  1.9852
323    'H[7,2]'                  1.19344
324    'H[7,3]'                  2.39244
325    'H[8,1]'                  1.97976
326    'H[8,2]'                  1.19084
327    'H[8,3]'                  2.38586
328    'H[9,1]'                  1.978
329    'H[9,2]'                  1.19
330    'H[9,3]'                  2.38374
331    'H[10,1]'                 1.97856
332    'H[10,2]'                 1.19026
333    'H[10,3]'                 2.38441
334    'H[11,1]'                 1.98072
335    'H[11,2]'                 1.1913
336    'H[11,3]'                 2.38703
337    'H[12,1]'                 1.98502
338    'H[12,2]'                 1.19336
339    'H[12,3]'                 2.39223
340    'H[13,1]'                 1.9968
341    'H[13,2]'                 1.199
342    'H[13,3]'                 2.40649
343    'H[14,1]'                 2.04864
344    'H[14,2]'                 1.22363
345    'H[14,3]'                 2.46925
346    'H[15,1]'                 2.01609
347    'H[15,2]'                 1.20819
348    'H[15,3]'                 2.42984
349    'H[16,1]'                 1.88482
350    'H[16,2]'                 1.14487
351    'H[16,3]'                 2.27099
352    'H[17,1]'                 1.95352
353    'H[17,2]'                 1.17822
354    'H[17,3]'                 2.3541
355    'H[18,1]'                 1.96673
356    'H[18,2]'                 1.18458
357    'H[18,3]'                 2.37009
358    'H[19,1]'                 1.96953
359    'H[19,2]'                 1.18593
360    'H[19,3]'                 2.37348
361    'H[20,1]'                 1.97168
362    'H[20,2]'                 1.18696
363    'H[20,3]'                 2.37608
364    'H[21,1]'                 1.97371
365    'H[21,2]'                 1.18794
366    'H[21,3]'                 2.37854
367    'H[22,1]'                 1.97566
368    'H[22,2]'                 1.18887
369    'H[22,3]'                 2.3809
370    'H[23,1]'                 1.97752
371    'H[23,2]'                 1.18976
372    'H[23,3]'                 2.38315
373    'H[24,1]'                 1.97935
374    'H[24,2]'                 1.19064
375    'H[24,3]'                 2.38537
376    'H[25,1]'                 1.98118
377    'H[25,2]'                 1.19152
378    'H[25,3]'                 2.38758
379    'H[26,1]'                 1.98299
380    'H[26,2]'                 1.19239
381    'H[26,3]'                 2.38978
382    'H[27,1]'                 1.98468
383    'H[27,2]'                 1.1932
384    'H[27,3]'                 2.39182
385    'H[28,1]'                 1.98397
386    'H[28,2]'                 1.19285
387    'H[28,3]'                 2.39095
388    'H[29,1]'                 1.98531
389    'H[29,2]'                 1.1935
390    'H[29,3]'                 2.39258
391    'H[30,1]'                 2.72092
392    'H[30,2]'                 1.52073
393    'H[30,3]'                 3.28487
394    'HF[1]'                   1.97448
395    'HF[2]'                   1.18831
396    'HF[3]'                   2.37948
397    'h[1,1]'                 -8.05423
398    'h[1,2]'                -10.3685
399    'h[1,3]'                 -9.74907
400    'h[2,1]'                 -8.09082
401    'h[2,2]'                -10.3979
402    'h[2,3]'                 -9.78922
403    'h[3,1]'                 -8.22976
404    'h[3,2]'                -10.5097
405    'h[3,3]'                 -9.9417
406    'h[4,1]'                 -8.33378
407    'h[4,2]'                -10.5939
408    'h[4,3]'                -10.0559
409    'h[5,1]'                 -8.40263
410    'h[5,2]'                -10.6498
411    'h[5,3]'                -10.1315
412    'h[6,1]'                 -8.44448
413    'h[6,2]'                -10.6838
414    'h[6,3]'                -10.1775
415    'h[7,1]'                 -8.46775
416    'h[7,2]'                -10.7028
417    'h[7,3]'                -10.2031
418    'h[8,1]'                 -8.47895
419    'h[8,2]'                -10.7119
420    'h[8,3]'                -10.2154
421    'h[9,1]'                 -8.48256
422    'h[9,2]'                -10.7149
423    'h[9,3]'                -10.2194
424    'h[10,1]'                -8.48142
425    'h[10,2]'               -10.7139
426    'h[10,3]'               -10.2181
427    'h[11,1]'                -8.47695
428    'h[11,2]'               -10.7103
429    'h[11,3]'               -10.2132
430    'h[12,1]'                -8.46811
431    'h[12,2]'               -10.7031
432    'h[12,3]'               -10.2035
433    'h[13,1]'                -8.44384
434    'h[13,2]'               -10.6833
435    'h[13,3]'               -10.1768
436    'h[14,1]'                -8.3369
437    'h[14,2]'               -10.5964
438    'h[14,3]'               -10.0593
439    'h[15,1]'                -8.40408
440    'h[15,2]'               -10.651
441    'h[15,3]'               -10.1331
442    'h[16,1]'                -8.67399
443    'h[16,2]'               -10.8716
444    'h[16,3]'               -10.4298
445    'h[17,1]'                -8.53294
446    'h[17,2]'               -10.756
447    'h[17,3]'               -10.2747
448    'h[18,1]'                -8.50577
449    'h[18,2]'               -10.7338
450    'h[18,3]'               -10.2449
451    'h[19,1]'                -8.5
452    'h[19,2]'               -10.7291
453    'h[19,3]'               -10.2385
454    'h[20,1]'                -8.49558
455    'h[20,2]'               -10.7255
456    'h[20,3]'               -10.2337
457    'h[21,1]'                -8.4914
458    'h[21,2]'               -10.7221
459    'h[21,3]'               -10.2291
460    'h[22,1]'                -8.48739
461    'h[22,2]'               -10.7188
462    'h[22,3]'               -10.2247
463    'h[23,1]'                -8.48356
464    'h[23,2]'               -10.7157
465    'h[23,3]'               -10.2205
466    'h[24,1]'                -8.47979
467    'h[24,2]'               -10.7126
468    'h[24,3]'               -10.2163
469    'h[25,1]'                -8.47603
470    'h[25,2]'               -10.7095
471    'h[25,3]'               -10.2122
472    'h[26,1]'                -8.47228
473    'h[26,2]'               -10.7065
474    'h[26,3]'               -10.2081
475    'h[27,1]'                -8.46882
476    'h[27,2]'               -10.7037
477    'h[27,3]'               -10.2043
478    'h[28,1]'                -8.47028
479    'h[28,2]'               -10.7049
480    'h[28,3]'               -10.2059
481    'h[29,1]'                -8.46752
482    'h[29,2]'               -10.7026
483    'h[29,3]'               -10.2028
484    'h[30,1]'                -6.9242
485    'h[30,2]'                -9.4815
486    'h[30,3]'                -8.51331
487    'hF[1]'                  -8.4898
488    'hF[2]'                 -10.7208
489    'hF[3]'                 -10.2273
490    'tauGamma[1,1,1]'     1e-06
491    'tauGamma[1,1,2]'        -0.377863
492    'tauGamma[1,1,3]'     1e-06
493    'tauGamma[1,2,1]'         0.396803
494    'tauGamma[1,2,2]'     1e-06
495    'tauGamma[1,2,3]'         0.0808008
496    'tauGamma[1,3,1]'     1e-06
497    'tauGamma[1,3,2]'        -0.0125191
498    'tauGamma[1,3,3]'     1e-06
499    'tauGamma[2,1,1]'     1e-06
500    'tauGamma[2,1,2]'        -0.378469
501    'tauGamma[2,1,3]'     1e-06
502    'tauGamma[2,2,1]'         0.39744
503    'tauGamma[2,2,2]'     1e-06
504    'tauGamma[2,2,3]'         0.0734168
505    'tauGamma[2,3,1]'     1e-06
506    'tauGamma[2,3,2]'        -0.00256605
507    'tauGamma[2,3,3]'     1e-06
508    'tauGamma[3,1,1]'     1e-06
509    'tauGamma[3,1,2]'        -0.3808
510    'tauGamma[3,1,3]'     1e-06
511    'tauGamma[3,2,1]'         0.399887
512    'tauGamma[3,2,2]'     1e-06
513    'tauGamma[3,2,3]'         0.0450225
514    'tauGamma[3,3,1]'     1e-06
515    'tauGamma[3,3,2]'         0.0357069
516    'tauGamma[3,3,3]'     1e-06
517    'tauGamma[4,1,1]'     1e-06
518    'tauGamma[4,1,2]'        -0.382575
519    'tauGamma[4,1,3]'     1e-06
520    'tauGamma[4,2,1]'         0.401752
521    'tauGamma[4,2,2]'     1e-06
522    'tauGamma[4,2,3]'         0.023385
523    'tauGamma[4,3,1]'     1e-06
524    'tauGamma[4,3,2]'         0.0648723
525    'tauGamma[4,3,3]'     1e-06
526    'tauGamma[5,1,1]'     1e-06
527    'tauGamma[5,1,2]'        -0.383765
528    'tauGamma[5,1,3]'     1e-06
529    'tauGamma[5,2,1]'         0.403001
530    'tauGamma[5,2,2]'     1e-06
531    'tauGamma[5,2,3]'         0.00888386
532    'tauGamma[5,3,1]'     1e-06
533    'tauGamma[5,3,2]'         0.0844185
534    'tauGamma[5,3,3]'     1e-06
535    'tauGamma[6,1,1]'     1e-06
536    'tauGamma[6,1,2]'        -0.384495
537    'tauGamma[6,1,3]'     1e-06
538    'tauGamma[6,2,1]'         0.403767
539    'tauGamma[6,2,2]'     1e-06
540    'tauGamma[6,2,3]'        -3.75448e-06
541    'tauGamma[6,3,1]'     1e-06
542    'tauGamma[6,3,2]'         0.0963982
543    'tauGamma[6,3,3]'     1e-06
544    'tauGamma[7,1,1]'     1e-06
545    'tauGamma[7,1,2]'        -0.384902
546    'tauGamma[7,1,3]'     1e-06
547    'tauGamma[7,2,1]'         0.404195
548    'tauGamma[7,2,2]'     1e-06
549    'tauGamma[7,2,3]'        -0.00496841
550    'tauGamma[7,3,1]'     1e-06
551    'tauGamma[7,3,2]'         0.10309
552    'tauGamma[7,3,3]'     1e-06
553    'tauGamma[8,1,1]'     1e-06
554    'tauGamma[8,1,2]'        -0.385099
555    'tauGamma[8,1,3]'     1e-06
556    'tauGamma[8,2,1]'         0.404401
557    'tauGamma[8,2,2]'     1e-06
558    'tauGamma[8,2,3]'        -0.00736364
559    'tauGamma[8,3,1]'     1e-06
560    'tauGamma[8,3,2]'         0.106319
561    'tauGamma[8,3,3]'     1e-06
562    'tauGamma[9,1,1]'     1e-06
563    'tauGamma[9,1,2]'        -0.385162
564    'tauGamma[9,1,3]'     1e-06
565    'tauGamma[9,2,1]'         0.404468
566    'tauGamma[9,2,2]'     1e-06
567    'tauGamma[9,2,3]'        -0.00813788
568    'tauGamma[9,3,1]'     1e-06
569    'tauGamma[9,3,2]'         0.107362
570    'tauGamma[9,3,3]'     1e-06
571    'tauGamma[10,1,1]'    1e-06
572    'tauGamma[10,1,2]'       -0.385142
573    'tauGamma[10,1,3]'    1e-06
574    'tauGamma[10,2,1]'        0.404447
575    'tauGamma[10,2,2]'    1e-06
576    'tauGamma[10,2,3]'       -0.00789235
577    'tauGamma[10,3,1]'    1e-06
578    'tauGamma[10,3,2]'        0.107031
579    'tauGamma[10,3,3]'    1e-06
580    'tauGamma[11,1,1]'    1e-06
581    'tauGamma[11,1,2]'       -0.385064
582    'tauGamma[11,1,3]'    1e-06
583    'tauGamma[11,2,1]'        0.404365
584    'tauGamma[11,2,2]'    1e-06
585    'tauGamma[11,2,3]'       -0.00693737
586    'tauGamma[11,3,1]'    1e-06
587    'tauGamma[11,3,2]'        0.105744
588    'tauGamma[11,3,3]'    1e-06
589    'tauGamma[12,1,1]'    1e-06
590    'tauGamma[12,1,2]'       -0.384909
591    'tauGamma[12,1,3]'    1e-06
592    'tauGamma[12,2,1]'        0.404202
593    'tauGamma[12,2,2]'    1e-06
594    'tauGamma[12,2,3]'       -0.00504531
595    'tauGamma[12,3,1]'    1e-06
596    'tauGamma[12,3,2]'        0.103194
597    'tauGamma[12,3,3]'    1e-06
598    'tauGamma[13,1,1]'    1e-06
599    'tauGamma[13,1,2]'       -0.384484
600    'tauGamma[13,1,3]'    1e-06
601    'tauGamma[13,2,1]'        0.403755
602    'tauGamma[13,2,2]'    1e-06
603    'tauGamma[13,2,3]'        0.000132385
604    'tauGamma[13,3,1]'    1e-06
605    'tauGamma[13,3,2]'        0.0962147
606    'tauGamma[13,3,3]'    1e-06
607    'tauGamma[14,1,1]'    1e-06
608    'tauGamma[14,1,2]'       -0.382629
609    'tauGamma[14,1,3]'    1e-06
610    'tauGamma[14,2,1]'        0.401808
611    'tauGamma[14,2,2]'    1e-06
612    'tauGamma[14,2,3]'        0.0227319
613    'tauGamma[14,3,1]'    1e-06
614    'tauGamma[14,3,2]'        0.0657526
615    'tauGamma[14,3,3]'    1e-06
616    'tauGamma[15,1,1]'    1e-06
617    'tauGamma[15,1,2]'       -0.383791
618    'tauGamma[15,1,3]'    1e-06
619    'tauGamma[15,2,1]'        0.403028
620    'tauGamma[15,2,2]'    1e-06
621    'tauGamma[15,2,3]'        0.00857526
622    'tauGamma[15,3,1]'    1e-06
623    'tauGamma[15,3,2]'        0.0848345
624    'tauGamma[15,3,3]'    1e-06
625    'tauGamma[16,1,1]'    1e-06
626    'tauGamma[16,1,2]'       -0.388575
627    'tauGamma[16,1,3]'    1e-06
628    'tauGamma[16,2,1]'        0.408052
629    'tauGamma[16,2,2]'    1e-06
630    'tauGamma[16,2,3]'       -0.0497246
631    'tauGamma[16,3,1]'    1e-06
632    'tauGamma[16,3,2]'        0.163417
633    'tauGamma[16,3,3]'    1e-06
634    'tauGamma[17,1,1]'    1e-06
635    'tauGamma[17,1,2]'       -0.386051
636    'tauGamma[17,1,3]'    1e-06
637    'tauGamma[17,2,1]'        0.405402
638    'tauGamma[17,2,2]'    1e-06
639    'tauGamma[17,2,3]'       -0.0189689
640    'tauGamma[17,3,1]'    1e-06
641    'tauGamma[17,3,2]'        0.121961
642    'tauGamma[17,3,3]'    1e-06
643    'tauGamma[18,1,1]'    1e-06
644    'tauGamma[18,1,2]'       -0.385571
645    'tauGamma[18,1,3]'    1e-06
646    'tauGamma[18,2,1]'        0.404897
647    'tauGamma[18,2,2]'    1e-06
648    'tauGamma[18,2,3]'       -0.0131174
649    'tauGamma[18,3,1]'    1e-06
650    'tauGamma[18,3,2]'        0.114074
651    'tauGamma[18,3,3]'    1e-06
652    'tauGamma[19,1,1]'    1e-06
653    'tauGamma[19,1,2]'       -0.385469
654    'tauGamma[19,1,3]'    1e-06
655    'tauGamma[19,2,1]'        0.404791
656    'tauGamma[19,2,2]'    1e-06
657    'tauGamma[19,2,3]'       -0.0118779
658    'tauGamma[19,3,1]'    1e-06
659    'tauGamma[19,3,2]'        0.112403
660    'tauGamma[19,3,3]'    1e-06
661    'tauGamma[20,1,1]'    1e-06
662    'tauGamma[20,1,2]'       -0.385392
663    'tauGamma[20,1,3]'    1e-06
664    'tauGamma[20,2,1]'        0.404709
665    'tauGamma[20,2,2]'    1e-06
666    'tauGamma[20,2,3]'       -0.0109296
667    'tauGamma[20,3,1]'    1e-06
668    'tauGamma[20,3,2]'        0.111125
669    'tauGamma[20,3,3]'    1e-06
670    'tauGamma[21,1,1]'    1e-06
671    'tauGamma[21,1,2]'       -0.385318
672    'tauGamma[21,1,3]'    1e-06
673    'tauGamma[21,2,1]'        0.404631
674    'tauGamma[21,2,2]'    1e-06
675    'tauGamma[21,2,3]'       -0.0100314
676    'tauGamma[21,3,1]'    1e-06
677    'tauGamma[21,3,2]'        0.109915
678    'tauGamma[21,3,3]'    1e-06
679    'tauGamma[22,1,1]'    1e-06
680    'tauGamma[22,1,2]'       -0.385247
681    'tauGamma[22,1,3]'    1e-06
682    'tauGamma[22,2,1]'        0.404557
683    'tauGamma[22,2,2]'    1e-06
684    'tauGamma[22,2,3]'       -0.00917272
685    'tauGamma[22,3,1]'    1e-06
686    'tauGamma[22,3,2]'        0.108757
687    'tauGamma[22,3,3]'    1e-06
688    'tauGamma[23,1,1]'    1e-06
689    'tauGamma[23,1,2]'       -0.38518
690    'tauGamma[23,1,3]'    1e-06
691    'tauGamma[23,2,1]'        0.404487
692    'tauGamma[23,2,2]'    1e-06
693    'tauGamma[23,2,3]'       -0.00835193
694    'tauGamma[23,3,1]'    1e-06
695    'tauGamma[23,3,2]'        0.107651
696    'tauGamma[23,3,3]'    1e-06
697    'tauGamma[24,1,1]'    1e-06
698    'tauGamma[24,1,2]'       -0.385114
699    'tauGamma[24,1,3]'    1e-06
700    'tauGamma[24,2,1]'        0.404417
701    'tauGamma[24,2,2]'    1e-06
702    'tauGamma[24,2,3]'       -0.00754394
703    'tauGamma[24,3,1]'    1e-06
704    'tauGamma[24,3,2]'        0.106562
705    'tauGamma[24,3,3]'    1e-06
706    'tauGamma[25,1,1]'    1e-06
707    'tauGamma[25,1,2]'       -0.385048
708    'tauGamma[25,1,3]'    1e-06
709    'tauGamma[25,2,1]'        0.404348
710    'tauGamma[25,2,2]'    1e-06
711    'tauGamma[25,2,3]'       -0.00673853
712    'tauGamma[25,3,1]'    1e-06
713    'tauGamma[25,3,2]'        0.105476
714    'tauGamma[25,3,3]'    1e-06
715    'tauGamma[26,1,1]'    1e-06
716    'tauGamma[26,1,2]'       -0.384982
717    'tauGamma[26,1,3]'    1e-06
718    'tauGamma[26,2,1]'        0.404279
719    'tauGamma[26,2,2]'    1e-06
720    'tauGamma[26,2,3]'       -0.00593764
721    'tauGamma[26,3,1]'    1e-06
722    'tauGamma[26,3,2]'        0.104397
723    'tauGamma[26,3,3]'    1e-06
724    'tauGamma[27,1,1]'    1e-06
725    'tauGamma[27,1,2]'       -0.384921
726    'tauGamma[27,1,3]'    1e-06
727    'tauGamma[27,2,1]'        0.404215
728    'tauGamma[27,2,2]'    1e-06
729    'tauGamma[27,2,3]'       -0.0051966
730    'tauGamma[27,3,1]'    1e-06
731    'tauGamma[27,3,2]'        0.103398
732    'tauGamma[27,3,3]'    1e-06
733    'tauGamma[28,1,1]'    1e-06
734    'tauGamma[28,1,2]'       -0.384947
735    'tauGamma[28,1,3]'    1e-06
736    'tauGamma[28,2,1]'        0.404242
737    'tauGamma[28,2,2]'    1e-06
738    'tauGamma[28,2,3]'       -0.00551
739    'tauGamma[28,3,1]'    1e-06
740    'tauGamma[28,3,2]'        0.10382
741    'tauGamma[28,3,3]'    1e-06
742    'tauGamma[29,1,1]'    1e-06
743    'tauGamma[29,1,2]'       -0.384898
744    'tauGamma[29,1,3]'    1e-06
745    'tauGamma[29,2,1]'        0.404191
746    'tauGamma[29,2,2]'    1e-06
747    'tauGamma[29,2,3]'       -0.00491962
748    'tauGamma[29,3,1]'    1e-06
749    'tauGamma[29,3,2]'        0.103024
750    'tauGamma[29,3,3]'    1e-06
751    'tauGamma[30,1,1]'    1e-06
752    'tauGamma[30,1,2]'       -0.360616
753    'tauGamma[30,1,3]'    1e-06
754    'tauGamma[30,2,1]'        0.378692
755    'tauGamma[30,2,2]'    1e-06
756    'tauGamma[30,2,3]'        0.290961
757    'tauGamma[30,3,1]'    1e-06
758    'tauGamma[30,3,2]'       -0.295796
759    'tauGamma[30,3,3]'    1e-06
760    'PGamma[1,1,1]'           1
761    'PGamma[1,1,2]'           1.12003
762    'PGamma[1,1,3]'           1
763    'PGamma[1,2,1]'           0.887771
764    'PGamma[1,2,2]'           1
765    'PGamma[1,2,3]'           0.98397
766    'PGamma[1,3,1]'           1
767    'PGamma[1,3,2]'           1.00251
768    'PGamma[1,3,3]'           1
769    'PGamma[2,1,1]'           1
770    'PGamma[2,1,2]'           1.12024
771    'PGamma[2,1,3]'           1
772    'PGamma[2,2,1]'           0.887602
773    'PGamma[2,2,2]'           1
774    'PGamma[2,2,3]'           0.985424
775    'PGamma[2,3,1]'           1
776    'PGamma[2,3,2]'           1.00051
777    'PGamma[2,3,3]'           1
778    'PGamma[3,1,1]'           1
779    'PGamma[3,1,2]'           1.12102
780    'PGamma[3,1,3]'           1
781    'PGamma[3,2,1]'           0.886951
782    'PGamma[3,2,2]'           1
783    'PGamma[3,2,3]'           0.991036
784    'PGamma[3,3,1]'           1
785    'PGamma[3,3,2]'           0.992884
786    'PGamma[3,3,3]'           1
787    'PGamma[4,1,1]'           1
788    'PGamma[4,1,2]'           1.12162
789    'PGamma[4,1,3]'           1
790    'PGamma[4,2,1]'           0.886455
791    'PGamma[4,2,2]'           1
792    'PGamma[4,2,3]'           0.995334
793    'PGamma[4,3,1]'           1
794    'PGamma[4,3,2]'           0.987109
795    'PGamma[4,3,3]'           1
796    'PGamma[5,1,1]'           1
797    'PGamma[5,1,2]'           1.12202
798    'PGamma[5,1,3]'           1
799    'PGamma[5,2,1]'           0.886122
800    'PGamma[5,2,2]'           1
801    'PGamma[5,2,3]'           0.998225
802    'PGamma[5,3,1]'           1
803    'PGamma[5,3,2]'           0.983258
804    'PGamma[5,3,3]'           1
805    'PGamma[6,1,1]'           1
806    'PGamma[6,1,2]'           1.12226
807    'PGamma[6,1,3]'           1
808    'PGamma[6,2,1]'           0.885919
809    'PGamma[6,2,2]'           1
810    'PGamma[6,2,3]'           1
811    'PGamma[6,3,1]'           1
812    'PGamma[6,3,2]'           0.980905
813    'PGamma[6,3,3]'           1
814    'PGamma[7,1,1]'           1
815    'PGamma[7,1,2]'           1.1224
816    'PGamma[7,1,3]'           1
817    'PGamma[7,2,1]'           0.885805
818    'PGamma[7,2,2]'           1
819    'PGamma[7,2,3]'           1.00099
820    'PGamma[7,3,1]'           1
821    'PGamma[7,3,2]'           0.979593
822    'PGamma[7,3,3]'           1
823    'PGamma[8,1,1]'           1
824    'PGamma[8,1,2]'           1.12247
825    'PGamma[8,1,3]'           1
826    'PGamma[8,2,1]'           0.88575
827    'PGamma[8,2,2]'           1
828    'PGamma[8,2,3]'           1.00147
829    'PGamma[8,3,1]'           1
830    'PGamma[8,3,2]'           0.978961
831    'PGamma[8,3,3]'           1
832    'PGamma[9,1,1]'           1
833    'PGamma[9,1,2]'           1.12249
834    'PGamma[9,1,3]'           1
835    'PGamma[9,2,1]'           0.885732
836    'PGamma[9,2,2]'           1
837    'PGamma[9,2,3]'           1.00163
838    'PGamma[9,3,1]'           1
839    'PGamma[9,3,2]'           0.978756
840    'PGamma[9,3,3]'           1
841    'PGamma[10,1,1]'          1
842    'PGamma[10,1,2]'          1.12248
843    'PGamma[10,1,3]'          1
844    'PGamma[10,2,1]'          0.885738
845    'PGamma[10,2,2]'          1
846    'PGamma[10,2,3]'          1.00158
847    'PGamma[10,3,1]'          1
848    'PGamma[10,3,2]'          0.978821
849    'PGamma[10,3,3]'          1
850    'PGamma[11,1,1]'          1
851    'PGamma[11,1,2]'          1.12246
852    'PGamma[11,1,3]'          1
853    'PGamma[11,2,1]'          0.88576
854    'PGamma[11,2,2]'          1
855    'PGamma[11,2,3]'          1.00139
856    'PGamma[11,3,1]'          1
857    'PGamma[11,3,2]'          0.979073
858    'PGamma[11,3,3]'          1
859    'PGamma[12,1,1]'          1
860    'PGamma[12,1,2]'          1.1224
861    'PGamma[12,1,3]'          1
862    'PGamma[12,2,1]'          0.885803
863    'PGamma[12,2,2]'          1
864    'PGamma[12,2,3]'          1.00101
865    'PGamma[12,3,1]'          1
866    'PGamma[12,3,2]'          0.979573
867    'PGamma[12,3,3]'          1
868    'PGamma[13,1,1]'          1
869    'PGamma[13,1,2]'          1.12226
870    'PGamma[13,1,3]'          1
871    'PGamma[13,2,1]'          0.885922
872    'PGamma[13,2,2]'          1
873    'PGamma[13,2,3]'          0.999974
874    'PGamma[13,3,1]'          1
875    'PGamma[13,3,2]'          0.980941
876    'PGamma[13,3,3]'          1
877    'PGamma[14,1,1]'          1
878    'PGamma[14,1,2]'          1.12164
879    'PGamma[14,1,3]'          1
880    'PGamma[14,2,1]'          0.88644
881    'PGamma[14,2,2]'          1
882    'PGamma[14,2,3]'          0.995464
883    'PGamma[14,3,1]'          1
884    'PGamma[14,3,2]'          0.986936
885    'PGamma[14,3,3]'          1
886    'PGamma[15,1,1]'          1
887    'PGamma[15,1,2]'          1.12203
888    'PGamma[15,1,3]'          1
889    'PGamma[15,2,1]'          0.886115
890    'PGamma[15,2,2]'          1
891    'PGamma[15,2,3]'          0.998286
892    'PGamma[15,3,1]'          1
893    'PGamma[15,3,2]'          0.983176
894    'PGamma[15,3,3]'          1
895    'PGamma[16,1,1]'          1
896    'PGamma[16,1,2]'          1.12364
897    'PGamma[16,1,3]'          1
898    'PGamma[16,2,1]'          0.884781
899    'PGamma[16,2,2]'          1
900    'PGamma[16,2,3]'          1.00999
901    'PGamma[16,3,1]'          1
902    'PGamma[16,3,2]'          0.967845
903    'PGamma[16,3,3]'          1
904    'PGamma[17,1,1]'          1
905    'PGamma[17,1,2]'          1.12279
906    'PGamma[17,1,3]'          1
907    'PGamma[17,2,1]'          0.885484
908    'PGamma[17,2,2]'          1
909    'PGamma[17,2,3]'          1.0038
910    'PGamma[17,3,1]'          1
911    'PGamma[17,3,2]'          0.975903
912    'PGamma[17,3,3]'          1
913    'PGamma[18,1,1]'          1
914    'PGamma[18,1,2]'          1.12263
915    'PGamma[18,1,3]'          1
916    'PGamma[18,2,1]'          0.885618
917    'PGamma[18,2,2]'          1
918    'PGamma[18,2,3]'          1.00263
919    'PGamma[18,3,1]'          1
920    'PGamma[18,3,2]'          0.977443
921    'PGamma[18,3,3]'          1
922    'PGamma[19,1,1]'          1
923    'PGamma[19,1,2]'          1.12259
924    'PGamma[19,1,3]'          1
925    'PGamma[19,2,1]'          0.885647
926    'PGamma[19,2,2]'          1
927    'PGamma[19,2,3]'          1.00238
928    'PGamma[19,3,1]'          1
929    'PGamma[19,3,2]'          0.97777
930    'PGamma[19,3,3]'          1
931    'PGamma[20,1,1]'          1
932    'PGamma[20,1,2]'          1.12257
933    'PGamma[20,1,3]'          1
934    'PGamma[20,2,1]'          0.885668
935    'PGamma[20,2,2]'          1
936    'PGamma[20,2,3]'          1.00219
937    'PGamma[20,3,1]'          1
938    'PGamma[20,3,2]'          0.97802
939    'PGamma[20,3,3]'          1
940    'PGamma[21,1,1]'          1
941    'PGamma[21,1,2]'          1.12254
942    'PGamma[21,1,3]'          1
943    'PGamma[21,2,1]'          0.885689
944    'PGamma[21,2,2]'          1
945    'PGamma[21,2,3]'          1.00201
946    'PGamma[21,3,1]'          1
947    'PGamma[21,3,2]'          0.978257
948    'PGamma[21,3,3]'          1
949    'PGamma[22,1,1]'          1
950    'PGamma[22,1,2]'          1.12252
951    'PGamma[22,1,3]'          1
952    'PGamma[22,2,1]'          0.885709
953    'PGamma[22,2,2]'          1
954    'PGamma[22,2,3]'          1.00184
955    'PGamma[22,3,1]'          1
956    'PGamma[22,3,2]'          0.978483
957    'PGamma[22,3,3]'          1
958    'PGamma[23,1,1]'          1
959    'PGamma[23,1,2]'          1.1225
960    'PGamma[23,1,3]'          1
961    'PGamma[23,2,1]'          0.885727
962    'PGamma[23,2,2]'          1
963    'PGamma[23,2,3]'          1.00167
964    'PGamma[23,3,1]'          1
965    'PGamma[23,3,2]'          0.9787
966    'PGamma[23,3,3]'          1
967    'PGamma[24,1,1]'          1
968    'PGamma[24,1,2]'          1.12247
969    'PGamma[24,1,3]'          1
970    'PGamma[24,2,1]'          0.885746
971    'PGamma[24,2,2]'          1
972    'PGamma[24,2,3]'          1.00151
973    'PGamma[24,3,1]'          1
974    'PGamma[24,3,2]'          0.978913
975    'PGamma[24,3,3]'          1
976    'PGamma[25,1,1]'          1
977    'PGamma[25,1,2]'          1.12245
978    'PGamma[25,1,3]'          1
979    'PGamma[25,2,1]'          0.885764
980    'PGamma[25,2,2]'          1
981    'PGamma[25,2,3]'          1.00135
982    'PGamma[25,3,1]'          1
983    'PGamma[25,3,2]'          0.979126
984    'PGamma[25,3,3]'          1
985    'PGamma[26,1,1]'          1
986    'PGamma[26,1,2]'          1.12243
987    'PGamma[26,1,3]'          1
988    'PGamma[26,2,1]'          0.885783
989    'PGamma[26,2,2]'          1
990    'PGamma[26,2,3]'          1.00119
991    'PGamma[26,3,1]'          1
992    'PGamma[26,3,2]'          0.979337
993    'PGamma[26,3,3]'          1
994    'PGamma[27,1,1]'          1
995    'PGamma[27,1,2]'          1.12241
996    'PGamma[27,1,3]'          1
997    'PGamma[27,2,1]'          0.8858
998    'PGamma[27,2,2]'          1
999    'PGamma[27,2,3]'          1.00104
1000   'PGamma[27,3,1]'          1
1001   'PGamma[27,3,2]'          0.979533
1002   'PGamma[27,3,3]'          1
1003   'PGamma[28,1,1]'          1
1004   'PGamma[28,1,2]'          1.12242
1005   'PGamma[28,1,3]'          1
1006   'PGamma[28,2,1]'          0.885793
1007   'PGamma[28,2,2]'          1
1008   'PGamma[28,2,3]'          1.0011
1009   'PGamma[28,3,1]'          1
1010   'PGamma[28,3,2]'          0.97945
1011   'PGamma[28,3,3]'          1
1012   'PGamma[29,1,1]'          1
1013   'PGamma[29,1,2]'          1.1224
1014   'PGamma[29,1,3]'          1
1015   'PGamma[29,2,1]'          0.885806
1016   'PGamma[29,2,2]'          1
1017   'PGamma[29,2,3]'          1.00098
1018   'PGamma[29,3,1]'          1
1019   'PGamma[29,3,2]'          0.979606
1020   'PGamma[29,3,3]'          1
1021   'PGamma[30,1,1]'          1
1022   'PGamma[30,1,2]'          1.11425
1023   'PGamma[30,1,3]'          1
1024   'PGamma[30,2,1]'          0.892608
1025   'PGamma[30,2,2]'          1
1026   'PGamma[30,2,3]'          0.943469
1027   'PGamma[30,3,1]'          1
1028   'PGamma[30,3,2]'          1.06094
1029   'PGamma[30,3,3]'          1
1030   'SGamma1[1,1]'            0.152952
1031   'SGamma1[1,2]'           -0.0464112
1032   'SGamma1[1,3]'            0.034521
1033   'SGamma1[2,1]'            0.145757
1034   'SGamma1[2,2]'           -0.0639497
1035   'SGamma1[2,3]'            0.0298927
1036   'SGamma1[3,1]'            0.142012
1037   'SGamma1[3,2]'           -0.0736216
1038   'SGamma1[3,3]'            0.0178657
1039   'SGamma1[4,1]'            0.136553
1040   'SGamma1[4,2]'           -0.0839912
1041   'SGamma1[4,3]'            0.00892528
1042   'SGamma1[5,1]'            0.13227
1043   'SGamma1[5,2]'           -0.0921334
1044   'SGamma1[5,3]'            0.00328528
1045   'SGamma1[6,1]'            0.12998
1046   'SGamma1[6,2]'           -0.0973746
1047   'SGamma1[6,3]'           -7.199e-07
1048   'SGamma1[7,1]'            0.129439
1049   'SGamma1[7,2]'           -0.100225
1050   'SGamma1[7,3]'           -0.00179733
1051   'SGamma1[8,1]'            0.130136
1052   'SGamma1[8,2]'           -0.101444
1053   'SGamma1[8,3]'           -0.00267854
1054   'SGamma1[9,1]'            0.131628
1055   'SGamma1[9,2]'           -0.101665
1056   'SGamma1[9,3]'           -0.00299423
1057   'SGamma1[10,1]'           0.133605
1058   'SGamma1[10,2]'          -0.101344
1059   'SGamma1[10,3]'          -0.00294749
1060   'SGamma1[11,1]'           0.135856
1061   'SGamma1[11,2]'          -0.100824
1062   'SGamma1[11,3]'          -0.00263439
1063   'SGamma1[12,1]'           0.138252
1064   'SGamma1[12,2]'          -0.100568
1065   'SGamma1[12,3]'          -0.00194949
1066   'SGamma1[13,1]'           0.140763
1067   'SGamma1[13,2]'          -0.102004
1068   'SGamma1[13,3]'           5.27145e-05
1069   'SGamma1[14,1]'           0.143948
1070   'SGamma1[14,2]'          -0.112474
1071   'SGamma1[14,3]'           0.00914593
1072   'SGamma1[15,1]'           0.143084
1073   'SGamma1[15,2]'          -0.104338
1074   'SGamma1[15,3]'           0.00343039
1075   'SGamma1[16,1]'           0.17932
1076   'SGamma1[16,2]'          -0.0948498
1077   'SGamma1[16,3]'          -0.0249433
1078   'SGamma1[17,1]'           0.168601
1079   'SGamma1[17,2]'          -0.0976974
1080   'SGamma1[17,3]'          -0.00894234
1081   'SGamma1[18,1]'           0.173261
1082   'SGamma1[18,2]'          -0.0975627
1083   'SGamma1[18,3]'          -0.00635409
1084   'SGamma1[19,1]'           0.180697
1085   'SGamma1[19,2]'          -0.0970794
1086   'SGamma1[19,3]'          -0.0060005
1087   'SGamma1[20,1]'           0.188292
1088   'SGamma1[20,2]'          -0.0965438
1089   'SGamma1[20,3]'          -0.00575347
1090   'SGamma1[21,1]'           0.195896
1091   'SGamma1[21,2]'          -0.0959709
1092   'SGamma1[21,3]'          -0.0054938
1093   'SGamma1[22,1]'           0.203501
1094   'SGamma1[22,2]'          -0.0953641
1095   'SGamma1[22,3]'          -0.00521847
1096   'SGamma1[23,1]'           0.211107
1097   'SGamma1[23,2]'          -0.0947262
1098   'SGamma1[23,3]'          -0.00492904
1099   'SGamma1[24,1]'           0.218695
1100   'SGamma1[24,2]'          -0.0940601
1101   'SGamma1[24,3]'          -0.00461216
1102   'SGamma1[25,1]'           0.226258
1103   'SGamma1[25,2]'          -0.0933677
1104   'SGamma1[25,3]'          -0.00426216
1105   'SGamma1[26,1]'           0.233796
1106   'SGamma1[26,2]'          -0.0926506
1107   'SGamma1[26,3]'          -0.00388063
1108   'SGamma1[27,1]'           0.241354
1109   'SGamma1[27,2]'          -0.0919114
1110   'SGamma1[27,3]'          -0.00350604
1111   'SGamma1[28,1]'           0.249817
1112   'SGamma1[28,2]'          -0.0911769
1113   'SGamma1[28,3]'          -0.00384791
1114   'SGamma1[29,1]'           0.253731
1115   'SGamma1[29,2]'          -0.0890367
1116   'SGamma1[29,3]'          -0.00348939
1117   'SGamma1[30,1]'           0.10781
1118   'SGamma1[30,2]'          -0.0728661
1119   'SGamma1[30,3]'           0.0875535
1120   'SGamma2[1,1]'            1.04783
1121   'SGamma2[1,2]'            1.10912
1122   'SGamma2[1,3]'            1.0896
1123   'SGamma2[2,1]'            0.962189
1124   'SGamma2[2,2]'            1.02667
1125   'SGamma2[2,3]'            1.00261
1126   'SGamma2[3,1]'            0.961115
1127   'SGamma2[3,2]'            1.02843
1128   'SGamma2[3,3]'            1.00279
1129   'SGamma2[4,1]'            0.963398
1130   'SGamma2[4,2]'            1.0327
1131   'SGamma2[4,3]'            1.00515
1132   'SGamma2[5,1]'            0.9653
1133   'SGamma2[5,2]'            1.03599
1134   'SGamma2[5,3]'            1.00682
1135   'SGamma2[6,1]'            0.966289
1136   'SGamma2[6,2]'            1.03798
1137   'SGamma2[6,3]'            1.00774
1138   'SGamma2[7,1]'            0.966542
1139   'SGamma2[7,2]'            1.03898
1140   'SGamma2[7,3]'            1.00819
1141   'SGamma2[8,1]'            0.966332
1142   'SGamma2[8,2]'            1.03937
1143   'SGamma2[8,3]'            1.00837
1144   'SGamma2[9,1]'            0.96589
1145   'SGamma2[9,2]'            1.03946
1146   'SGamma2[9,3]'            1.00847
1147   'SGamma2[10,1]'           0.965418
1148   'SGamma2[10,2]'           1.03949
1149   'SGamma2[10,3]'           1.00862
1150   'SGamma2[11,1]'           0.96506
1151   'SGamma2[11,2]'           1.03964
1152   'SGamma2[11,3]'           1.00892
1153   'SGamma2[12,1]'           0.965226
1154   'SGamma2[12,2]'           1.04041
1155   'SGamma2[12,3]'           1.00971
1156   'SGamma2[13,1]'           0.967475
1157   'SGamma2[13,2]'           1.04368
1158   'SGamma2[13,3]'           1.01236
1159   'SGamma2[14,1]'           0.981267
1160   'SGamma2[14,2]'           1.06071
1161   'SGamma2[14,3]'           1.02533
1162   'SGamma2[15,1]'           0.960877
1163   'SGamma2[15,2]'           1.03815
1164   'SGamma2[15,3]'           1.00582
1165   'SGamma2[16,1]'           1.13952
1166   'SGamma2[16,2]'           1.22808
1167   'SGamma2[16,3]'           1.20171
1168   'SGamma2[17,1]'           1.03349
1169   'SGamma2[17,2]'           1.11791
1170   'SGamma2[17,3]'           1.08906
1171   'SGamma2[18,1]'           1.02108
1172   'SGamma2[18,2]'           1.10663
1173   'SGamma2[18,3]'           1.07762
1174   'SGamma2[19,1]'           1.02515
1175   'SGamma2[19,2]'           1.1128
1176   'SGamma2[19,3]'           1.08398
1177   'SGamma2[20,1]'           1.03057
1178   'SGamma2[20,2]'           1.12039
1179   'SGamma2[20,3]'           1.09177
1180   'SGamma2[21,1]'           1.03649
1181   'SGamma2[21,2]'           1.12847
1182   'SGamma2[21,3]'           1.10007
1183   'SGamma2[22,1]'           1.04288
1184   'SGamma2[22,2]'           1.13702
1185   'SGamma2[22,3]'           1.10883
1186   'SGamma2[23,1]'           1.04972
1187   'SGamma2[23,2]'           1.14601
1188   'SGamma2[23,3]'           1.11804
1189   'SGamma2[24,1]'           1.05693
1190   'SGamma2[24,2]'           1.15537
1191   'SGamma2[24,3]'           1.12761
1192   'SGamma2[25,1]'           1.06447
1193   'SGamma2[25,2]'           1.16505
1194   'SGamma2[25,3]'           1.13749
1195   'SGamma2[26,1]'           1.07236
1196   'SGamma2[26,2]'           1.17506
1197   'SGamma2[26,3]'           1.14771
1198   'SGamma2[27,1]'           1.08079
1199   'SGamma2[27,2]'           1.18562
1200   'SGamma2[27,3]'           1.15847
1201   'SGamma2[28,1]'           1.09338
1202   'SGamma2[28,2]'           1.20066
1203   'SGamma2[28,3]'           1.17383
1204   'SGamma2[29,1]'           1.087
1205   'SGamma2[29,2]'           1.19484
1206   'SGamma2[29,3]'           1.16863
1207   'SGamma2[30,1]'           0.484851
1208   'SGamma2[30,2]'           0.53739
1209   'SGamma2[30,3]'           0.501072
1210   'gamma[1,1]'              0.969625
1211   'gamma[1,2]'              1.01971
1212   'gamma[1,3]'              1.0138
1213   'gamma[2,1]'              0.972697
1214   'gamma[2,2]'              1.01568
1215   'gamma[2,3]'              1.01739
1216   'gamma[3,1]'              0.974402
1217   'gamma[3,2]'              1.01502
1218   'gamma[3,3]'              1.02077
1219   'gamma[4,1]'              0.976317
1220   'gamma[4,2]'              1.01443
1221   'gamma[4,3]'              1.02245
1222   'gamma[5,1]'              0.977775
1223   'gamma[5,2]'              1.01387
1224   'gamma[5,3]'              1.02324
1225   'gamma[6,1]'              0.978653
1226   'gamma[6,2]'              1.0134
1227   'gamma[6,3]'              1.0237
1228   'gamma[7,1]'              0.979067
1229   'gamma[7,2]'              1.01303
1230   'gamma[7,3]'              1.0241
1231   'gamma[8,1]'              0.979171
1232   'gamma[8,2]'              1.01274
1233   'gamma[8,3]'              1.0245
1234   'gamma[9,1]'              0.979087
1235   'gamma[9,2]'              1.01249
1236   'gamma[9,3]'              1.02492
1237   'gamma[10,1]'             0.9789
1238   'gamma[10,2]'             1.01227
1239   'gamma[10,3]'             1.02535
1240   'gamma[11,1]'             0.978671
1241   'gamma[11,2]'             1.01204
1242   'gamma[11,3]'             1.02577
1243   'gamma[12,1]'             0.978473
1244   'gamma[12,2]'             1.01178
1245   'gamma[12,3]'             1.02614
1246   'gamma[13,1]'             0.978501
1247   'gamma[13,2]'             1.01134
1248   'gamma[13,3]'             1.02624
1249   'gamma[14,1]'             0.979707
1250   'gamma[14,2]'             1.00994
1251   'gamma[14,3]'             1.02483
1252   'gamma[15,1]'             0.978746
1253   'gamma[15,2]'             1.01051
1254   'gamma[15,3]'             1.02635
1255   'gamma[16,1]'             0.974599
1256   'gamma[16,2]'             1.01273
1257   'gamma[16,3]'             1.03235
1258   'gamma[17,1]'             0.975953
1259   'gamma[17,2]'             1.01065
1260   'gamma[17,3]'             1.03152
1261   'gamma[18,1]'             0.975827
1262   'gamma[18,2]'             1.00977
1263   'gamma[18,3]'             1.03256
1264   'gamma[19,1]'             0.975458
1265   'gamma[19,2]'             1.00912
1266   'gamma[19,3]'             1.03397
1267   'gamma[20,1]'             0.97511
1268   'gamma[20,2]'             1.00853
1269   'gamma[20,3]'             1.03539
1270   'gamma[21,1]'             0.974796
1271   'gamma[21,2]'             1.00797
1272   'gamma[21,3]'             1.03679
1273   'gamma[22,1]'             0.974513
1274   'gamma[22,2]'             1.00745
1275   'gamma[22,3]'             1.03818
1276   'gamma[23,1]'             0.97426
1277   'gamma[23,2]'             1.00697
1278   'gamma[23,3]'             1.03954
1279   'gamma[24,1]'             0.974034
1280   'gamma[24,2]'             1.00651
1281   'gamma[24,3]'             1.04087
1282   'gamma[25,1]'             0.973833
1283   'gamma[25,2]'             1.00609
1284   'gamma[25,3]'             1.04217
1285   'gamma[26,1]'             0.973655
1286   'gamma[26,2]'             1.00569
1287   'gamma[26,3]'             1.04344
1288   'gamma[27,1]'             0.973494
1289   'gamma[27,2]'             1.00533
1290   'gamma[27,3]'             1.04468
1291   'gamma[28,1]'             0.973285
1292   'gamma[28,2]'             1.00501
1293   'gamma[28,3]'             1.04603
1294   'gamma[29,1]'             0.973138
1295   'gamma[29,2]'             1.0047
1296   'gamma[29,3]'             1.04722
1297   'gamma[30,1]'             0.991233
1298   'gamma[30,2]'             0.99657
1299   'gamma[30,3]'             0.991541
1300   'PrS[1,1]'           243981
1301   'PrS[1,2]'            96880.2
1302   'PrS[1,3]'            66693.4
1303   'PrS[2,1]'           239022
1304   'PrS[2,2]'            94757
1305   'PrS[2,3]'            65153.7
1306   'PrS[3,1]'           220839
1307   'PrS[3,2]'            86994.1
1308   'PrS[3,3]'            59543.9
1309   'PrS[4,1]'           207881
1310   'PrS[4,2]'            81485.4
1311   'PrS[4,3]'            55582.9
1312   'PrS[5,1]'           199609
1313   'PrS[5,2]'            77979.6
1314   'PrS[5,3]'            53070.9
1315   'PrS[6,1]'           194697
1316   'PrS[6,2]'            75901.8
1317   'PrS[6,3]'            51585.6
1318   'PrS[7,1]'           192003
1319   'PrS[7,2]'            74764
1320   'PrS[7,3]'            50773.3
1321   'PrS[8,1]'           190717
1322   'PrS[8,2]'            74220.8
1323   'PrS[8,3]'            50385.8
1324   'PrS[9,1]'           190303
1325   'PrS[9,2]'            74046
1326   'PrS[9,3]'            50261.2
1327   'PrS[10,1]'          190434
1328   'PrS[10,2]'           74101.4
1329   'PrS[10,3]'           50300.6
1330   'PrS[11,1]'          190945
1331   'PrS[11,2]'           74317.2
1332   'PrS[11,3]'           50454.5
1333   'PrS[12,1]'          191962
1334   'PrS[12,2]'           74746.5
1335   'PrS[12,3]'           50760.8
1336   'PrS[13,1]'          194771
1337   'PrS[13,2]'           75933.2
1338   'PrS[13,3]'           51608
1339   'PrS[14,1]'          207502
1340   'PrS[14,2]'           81324.4
1341   'PrS[14,3]'           55467.3
1342   'PrS[15,1]'          199437
1343   'PrS[15,2]'           77906.6
1344   'PrS[15,3]'           53018.7
1345   'PrS[16,1]'          169286
1346   'PrS[16,2]'           65208.6
1347   'PrS[16,3]'           43984
1348   'PrS[17,1]'          184599
1349   'PrS[17,2]'           71641.4
1350   'PrS[17,3]'           48548.2
1351   'PrS[18,1]'          187660
1352   'PrS[18,2]'           72931.2
1353   'PrS[18,3]'           49466.5
1354   'PrS[19,1]'          188314
1355   'PrS[19,2]'           73207.2
1356   'PrS[19,3]'           49663.2
1357   'PrS[20,1]'          188817
1358   'PrS[20,2]'           73419
1359   'PrS[20,3]'           49814.2
1360   'PrS[21,1]'          189294
1361   'PrS[21,2]'           73620.2
1362   'PrS[21,3]'           49957.6
1363   'PrS[22,1]'          189751
1364   'PrS[22,2]'           73813
1365   'PrS[22,3]'           50095
1366   'PrS[23,1]'          190188
1367   'PrS[23,2]'           73997.8
1368   'PrS[23,3]'           50226.7
1369   'PrS[24,1]'          190620
1370   'PrS[24,2]'           74180.1
1371   'PrS[24,3]'           50356.7
1372   'PrS[25,1]'          191052
1373   'PrS[25,2]'           74362.2
1374   'PrS[25,3]'           50486.7
1375   'PrS[26,1]'          191482
1376   'PrS[26,2]'           74543.7
1377   'PrS[26,3]'           50616.1
1378   'PrS[27,1]'          191880
1379   'PrS[27,2]'           74712.1
1380   'PrS[27,3]'           50736.2
1381   'PrS[28,1]'          191712
1382   'PrS[28,2]'           74640.8
1383   'PrS[28,3]'           50685.4
1384   'PrS[29,1]'          192030
1385   'PrS[29,2]'           74775.1
1386   'PrS[29,3]'           50781.2
1387   'PrS[30,1]'          434407
1388   'PrS[30,2]'          179912
1389   'PrS[30,3]'          128354
1390   'PrSF[1]'            189475
1391   'PrSF[2]'             73696.9
1392   'PrSF[3]'             50012.2
1393   Vap                      98.7834
;

