solve_message = 'LOQO 7.00: iteration limit (500 iterations, 4237 evaluations)\
primal objective 75.1438042562148\
  dual objective -14595306580431.25'

:           _varname              _var          :=
1      'F[2]'                    0
2      'F[3]'                    0
3      'F[4]'                    0
4      'F[5]'                    0
5      'F[6]'                    0
6      'F[7]'                    0
7      'F[8]'                    0
8      'F[9]'                    0
9      'F[10]'                   0
10     'F[11]'                   0
11     'F[12]'                   0
12     'F[13]'                   0
13     'F[14]'                   0
14     'F[15]'                 200
15     'F[16]'                   0
16     'F[17]'                   0
17     'F[18]'                   0
18     'F[19]'                   0
19     'F[20]'                   0
20     'F[21]'                   0
21     'F[22]'                   0
22     'F[23]'                   0
23     'F[24]'                   0
24     'F[25]'                   0
25     'F[26]'                   0
26     'F[27]'                   0
27     'F[28]'                   0
28     'F[29]'                   0
29     'V[1]'                   75.1438
30     'V[2]'                   80.8737
31     'V[3]'                   84.4291
32     'V[4]'                   87.4667
33     'V[5]'                   89.9294
34     'V[6]'                   91.8889
35     'V[7]'                   93.3935
36     'V[8]'                   94.5779
37     'V[9]'                   95.4835
38     'V[10]'                  95.9361
39     'V[11]'                  96.1874
40     'V[12]'                  96.1747
41     'V[13]'                  96.9187
42     'V[14]'                  43.858
43     'V[15]'                  82.2173
44     'V[16]'                  97.3516
45     'V[17]'                  99.5689
46     'V[18]'                  99.9643
47     'V[19]'                 100.123
48     'V[20]'                 100.238
49     'V[21]'                 100.345
50     'V[22]'                 100.447
51     'V[23]'                 100.539
52     'V[24]'                 100.624
53     'V[25]'                 100.708
54     'V[26]'                 100.791
55     'V[27]'                 100.86
56     'V[28]'                 100.582
57     'V[29]'                 104.991
58     'V[30]'                   0
59     'y[1,1]'                  0.0106032
60     'y[1,2]'                  1.0278
61     'y[1,3]'                  0.408673
62     'y[2,1]'                  0.0232246
63     'y[2,2]'                  0.962416
64     'y[2,3]'                  0.330597
65     'y[3,1]'                  0.04463
66     'y[3,2]'                  0.908384
67     'y[3,3]'                  0.29854
68     'y[4,1]'                  0.0757533
69     'y[4,2]'                  0.846544
70     'y[4,3]'                  0.278756
71     'y[5,1]'                  0.117335
72     'y[5,2]'                  0.78185
73     'y[5,3]'                  0.26341
74     'y[6,1]'                  0.168837
75     'y[6,2]'                  0.715522
76     'y[6,3]'                  0.249163
77     'y[7,1]'                  0.227973
78     'y[7,2]'                  0.649072
79     'y[7,3]'                  0.234955
80     'y[8,1]'                  0.290623
81     'y[8,2]'                  0.584541
82     'y[8,3]'                  0.220762
83     'y[9,1]'                  0.352179
84     'y[9,2]'                  0.525156
85     'y[9,3]'                  0.207386
86     'y[10,1]'                 0.40955
87     'y[10,2]'                 0.47438
88     'y[10,3]'                 0.196047
89     'y[11,1]'                 0.460905
90     'y[11,2]'                 0.433344
91     'y[11,3]'                 0.187322
92     'y[12,1]'                 0.51435
93     'y[12,2]'                 0.40815
94     'y[12,3]'                 0.184229
95     'y[13,1]'                 0.619286
96     'y[13,2]'                 0.426618
97     'y[13,3]'                 0.200593
98     'y[14,1]'                 1.28404
99     'y[14,2]'                 0.757649
100    'y[14,3]'                 0.370404
101    'y[15,1]'                 0.681745
102    'y[15,2]'                 0.381443
103    'y[15,3]'                 0.194022
104    'y[16,1]'                 0.580067
105    'y[16,2]'                 0.329314
106    'y[16,3]'                 0.171114
107    'y[17,1]'                 0.572177
108    'y[17,2]'                 0.327557
109    'y[17,3]'                 0.175502
110    'y[18,1]'                 0.573285
111    'y[18,2]'                 0.329029
112    'y[18,3]'                 0.181211
113    'y[19,1]'                 0.575379
114    'y[19,2]'                 0.330676
115    'y[19,3]'                 0.186829
116    'y[20,1]'                 0.577662
117    'y[20,2]'                 0.332363
118    'y[20,3]'                 0.192327
119    'y[21,1]'                 0.579974
120    'y[21,2]'                 0.334061
121    'y[21,3]'                 0.197701
122    'y[22,1]'                 0.582291
123    'y[22,2]'                 0.335759
124    'y[22,3]'                 0.202946
125    'y[23,1]'                 0.584664
126    'y[23,2]'                 0.337506
127    'y[23,3]'                 0.208109
128    'y[24,1]'                 0.587105
129    'y[24,2]'                 0.339339
130    'y[24,3]'                 0.213219
131    'y[25,1]'                 0.589538
132    'y[25,2]'                 0.341179
133    'y[25,3]'                 0.218214
134    'y[26,1]'                 0.591958
135    'y[26,2]'                 0.343038
136    'y[26,3]'                 0.223081
137    'y[27,1]'                 0.594588
138    'y[27,2]'                 0.345134
139    'y[27,3]'                 0.227854
140    'y[28,1]'                 0.600338
141    'y[28,2]'                 0.349238
142    'y[28,3]'                 0.233063
143    'y[29,1]'                 0.575244
144    'y[29,2]'                 0.330937
145    'y[29,3]'                 0.22021
146    'y[30,1]'                 1.20755
147    'y[30,2]'                 0.650373
148    'y[30,3]'                 0.421161
149    'L[1]'                    0
150    'L[2]'                  202.423
151    'L[3]'                  201.658
152    'L[4]'                  200.807
153    'L[5]'                  200.072
154    'L[6]'                  199.429
155    'L[7]'                  198.816
156    'L[8]'                  198.156
157    'L[9]'                  197.388
158    'L[10]'                 196.345
159    'L[11]'                 195.077
160    'L[12]'                 192.969
161    'L[13]'                 188.647
162    'L[14]'                 164.495
163    'L[15]'                 208.551
164    'L[16]'                  11.5698
165    'L[17]'                  10.5529
166    'L[18]'                  10.6696
167    'L[19]'                  10.5232
168    'L[20]'                  10.312
169    'L[21]'                  10.088
170    'L[22]'                   9.8662
171    'L[23]'                   9.62801
172    'L[24]'                   9.36777
173    'L[25]'                   9.12113
174    'L[26]'                   8.87961
175    'L[27]'                   8.65977
176    'L[28]'                   8.76104
177    'L[29]'                  13.0611
178    'L[30]'                  10.7754
179    'x[1,1]'                  0.00430874
180    'x[1,2]'                  0.9982
181    'x[1,3]'                  0.565343
182    'x[2,1]'                  0.00730648
183    'x[2,2]'                  0.723509
184    'x[2,3]'                  0.351635
185    'x[3,1]'                  0.0148311
186    'x[3,2]'                  0.722589
187    'x[3,3]'                  0.335948
188    'x[4,1]'                  0.0266317
189    'x[4,2]'                  0.713602
190    'x[4,3]'                  0.332558
191    'x[5,1]'                  0.0435129
192    'x[5,2]'                  0.696573
193    'x[5,3]'                  0.332454
194    'x[6,1]'                  0.0660046
195    'x[6,2]'                  0.673684
196    'x[6,3]'                  0.332823
197    'x[7,1]'                  0.0939778
198    'x[7,2]'                  0.646419
199    'x[7,3]'                  0.332625
200    'x[8,1]'                  0.126365
201    'x[8,2]'                  0.616341
202    'x[8,3]'                  0.331689
203    'x[9,1]'                  0.161228
204    'x[9,2]'                  0.585449
205    'x[9,3]'                  0.330353
206    'x[10,1]'                 0.196364
207    'x[10,2]'                 0.556232
208    'x[10,3]'                 0.329405
209    'x[11,1]'                 0.229636
210    'x[11,2]'                 0.530128
211    'x[11,3]'                 0.329272
212    'x[12,1]'                 0.26112
213    'x[12,2]'                 0.510371
214    'x[12,3]'                 0.331667
215    'x[13,1]'                 0.296948
216    'x[13,2]'                 0.503873
217    'x[13,3]'                 0.340698
218    'x[14,1]'                 0.407039
219    'x[14,2]'                 0.585311
220    'x[14,3]'                 0.404616
221    'x[15,1]'                 0.305116
222    'x[15,2]'                 0.420574
223    'x[15,3]'                 0.307247
224    'x[16,1]'                 0.298023
225    'x[16,2]'                 0.418835
226    'x[16,3]'                 0.314641
227    'x[17,1]'                 0.331748
228    'x[17,2]'                 0.472256
229    'x[17,3]'                 0.368095
230    'x[18,1]'                 0.337222
231    'x[18,2]'                 0.481254
232    'x[18,3]'                 0.386153
233    'x[19,1]'                 0.335417
234    'x[19,2]'                 0.478819
235    'x[19,3]'                 0.394297
236    'x[20,1]'                 0.33228
237    'x[20,2]'                 0.474315
238    'x[20,3]'                 0.400105
239    'x[21,1]'                 0.32896
240    'x[21,2]'                 0.46955
241    'x[21,3]'                 0.40511
242    'x[22,1]'                 0.325556
243    'x[22,2]'                 0.464673
244    'x[22,3]'                 0.409457
245    'x[23,1]'                 0.322615
246    'x[23,2]'                 0.460523
247    'x[23,3]'                 0.413971
248    'x[24,1]'                 0.32056
249    'x[24,2]'                 0.457756
250    'x[24,3]'                 0.41935
251    'x[25,1]'                 0.318636
252    'x[25,2]'                 0.455214
253    'x[25,3]'                 0.424515
254    'x[26,1]'                 0.316747
255    'x[26,2]'                 0.452763
256    'x[26,3]'                 0.429321
257    'x[27,1]'                 0.314344
258    'x[27,2]'                 0.449705
259    'x[27,3]'                 0.432843
260    'x[28,1]'                 0.302416
261    'x[28,2]'                 0.432727
262    'x[28,3]'                 0.420114
263    'x[29,1]'                 0.205793
264    'x[29,2]'                 0.288613
265    'x[29,3]'                 0.274286
266    'x[30,1]'                 0.217952
267    'x[30,2]'                 0.285117
268    'x[30,3]'                 0.253445
269    PC                       48.2827
270    PR                       70.4847
271    'T[1]'                  381.549
272    'T[2]'                  389.032
273    'T[3]'                  387.359
274    'T[4]'                  385.659
275    'T[5]'                  384.053
276    'T[6]'                  382.467
277    'T[7]'                  380.874
278    'T[8]'                  379.274
279    'T[9]'                  377.731
280    'T[10]'                 376.35
281    'T[11]'                 375.202
282    'T[12]'                 374.616
283    'T[13]'                 376.167
284    'T[14]'                 388.31
285    'T[15]'                 378.066
286    'T[16]'                 374.162
287    'T[17]'                 370.826
288    'T[18]'                 370.438
289    'T[19]'                 370.689
290    'T[20]'                 371.059
291    'T[21]'                 371.449
292    'T[22]'                 371.848
293    'T[23]'                 372.213
294    'T[24]'                 372.508
295    'T[25]'                 372.792
296    'T[26]'                 373.073
297    'T[27]'                 373.41
298    'T[28]'                 374.758
299    'T[29]'                 384.639
300    'T[30]'                 406.569
301    TF                      372.396
302    QC                     1132.8
303    QR                     1188.85
304    'H[1,1]'                  2.23832
305    'H[1,2]'                  1.31154
306    'H[1,3]'                  2.69904
307    'H[2,1]'                  2.4576
308    'H[2,2]'                  1.40904
309    'H[2,3]'                  2.96501
310    'H[3,1]'                  2.40828
311    'H[3,2]'                  1.38748
312    'H[3,3]'                  2.90516
313    'H[4,1]'                  2.35835
314    'H[4,2]'                  1.36544
315    'H[4,3]'                  2.84458
316    'H[5,1]'                  2.31133
317    'H[5,2]'                  1.34448
318    'H[5,3]'                  2.78756
319    'H[6,1]'                  2.26505
320    'H[6,2]'                  1.32365
321    'H[6,3]'                  2.73144
322    'H[7,1]'                  2.21869
323    'H[7,2]'                  1.30259
324    'H[7,3]'                  2.67524
325    'H[8,1]'                  2.17228
326    'H[8,2]'                  1.28132
327    'H[8,3]'                  2.61901
328    'H[9,1]'                  2.12769
329    'H[9,2]'                  1.26068
330    'H[9,3]'                  2.56498
331    'H[10,1]'                 2.08786
332    'H[10,2]'                 1.24209
333    'H[10,3]'                 2.51674
334    'H[11,1]'                 2.05486
335    'H[11,2]'                 1.22656
336    'H[11,3]'                 2.47678
337    'H[12,1]'                 2.03802
338    'H[12,2]'                 1.2186
339    'H[12,3]'                 2.45639
340    'H[13,1]'                 2.08261
341    'H[13,2]'                 1.23962
342    'H[13,3]'                 2.51039
343    'H[14,1]'                 2.43631
344    'H[14,2]'                 1.39976
345    'H[14,3]'                 2.93917
346    'H[15,1]'                 2.13735
347    'H[15,2]'                 1.26517
348    'H[15,3]'                 2.57668
349    'H[16,1]'                 2.02502
350    'H[16,2]'                 1.21244
351    'H[16,3]'                 2.44065
352    'H[17,1]'                 1.92971
353    'H[17,2]'                 1.16672
354    'H[17,3]'                 2.3253
355    'H[18,1]'                 1.91866
356    'H[18,2]'                 1.16136
357    'H[18,3]'                 2.31192
358    'H[19,1]'                 1.92581
359    'H[19,2]'                 1.16483
360    'H[19,3]'                 2.32058
361    'H[20,1]'                 1.93635
362    'H[20,2]'                 1.16993
363    'H[20,3]'                 2.33333
364    'H[21,1]'                 1.94744
365    'H[21,2]'                 1.17529
366    'H[21,3]'                 2.34675
367    'H[22,1]'                 1.95883
368    'H[22,2]'                 1.18078
369    'H[22,3]'                 2.36054
370    'H[23,1]'                 1.96926
371    'H[23,2]'                 1.1858
372    'H[23,3]'                 2.37316
373    'H[24,1]'                 1.97768
374    'H[24,2]'                 1.18984
375    'H[24,3]'                 2.38335
376    'H[25,1]'                 1.98579
377    'H[25,2]'                 1.19373
378    'H[25,3]'                 2.39316
379    'H[26,1]'                 1.99382
380    'H[26,2]'                 1.19757
381    'H[26,3]'                 2.40289
382    'H[27,1]'                 2.00346
383    'H[27,2]'                 1.20217
384    'H[27,3]'                 2.41455
385    'H[28,1]'                 2.04212
386    'H[28,2]'                 1.22054
387    'H[28,3]'                 2.46135
388    'H[29,1]'                 2.32848
389    'H[29,2]'                 1.35215
390    'H[29,3]'                 2.80835
391    'H[30,1]'                 2.98421
392    'H[30,2]'                 1.62703
393    'H[30,3]'                 3.60522
394    'HF[1]'                   1.97448
395    'HF[2]'                   1.18831
396    'HF[3]'                   2.37948
397    'h[1,1]'                 -7.94338
398    'h[1,2]'                -10.2798
399    'h[1,3]'                 -9.6275
400    'h[2,1]'                 -7.48373
401    'h[2,2]'                 -9.91602
402    'h[2,3]'                 -9.12411
403    'h[3,1]'                 -7.58758
404    'h[3,2]'                 -9.99766
405    'h[3,3]'                 -9.23773
406    'h[4,1]'                 -7.69245
407    'h[4,2]'                -10.0804
408    'h[4,3]'                 -9.35253
409    'h[5,1]'                 -7.79093
410    'h[5,2]'                -10.1584
411    'h[5,3]'                 -9.4604
412    'h[6,1]'                 -7.88763
413    'h[6,2]'                -10.2353
414    'h[6,3]'                 -9.56638
415    'h[7,1]'                 -7.98429
416    'h[7,2]'                -10.3125
417    'h[7,3]'                 -9.67236
418    'h[8,1]'                 -8.0808
419    'h[8,2]'                -10.3898
420    'h[8,3]'                 -9.77822
421    'h[9,1]'                 -8.17335
422    'h[9,2]'                -10.4642
423    'h[9,3]'                 -9.87978
424    'h[10,1]'                -8.25583
425    'h[10,2]'               -10.5308
426    'h[10,3]'                -9.97032
427    'h[11,1]'                -8.32406
428    'h[11,2]'               -10.586
429    'h[11,3]'               -10.0452
430    'h[12,1]'                -8.35883
431    'h[12,2]'               -10.6142
432    'h[12,3]'               -10.0834
433    'h[13,1]'                -8.26669
434    'h[13,2]'               -10.5396
435    'h[13,3]'                -9.98224
436    'h[14,1]'                -7.5286
437    'h[14,2]'                -9.95126
438    'h[14,3]'                -9.17319
439    'h[15,1]'                -8.15331
440    'h[15,2]'               -10.4481
441    'h[15,3]'                -9.85779
442    'h[16,1]'                -8.38566
443    'h[16,2]'               -10.636
444    'h[16,3]'               -10.1129
445    'h[17,1]'                -8.58186
446    'h[17,2]'               -10.796
447    'h[17,3]'               -10.3285
448    'h[18,1]'                -8.60457
449    'h[18,2]'               -10.8146
450    'h[18,3]'               -10.3535
451    'h[19,1]'                -8.58988
452    'h[19,2]'               -10.8026
453    'h[19,3]'               -10.3373
454    'h[20,1]'                -8.56823
455    'h[20,2]'               -10.7849
456    'h[20,3]'               -10.3135
457    'h[21,1]'                -8.54543
458    'h[21,2]'               -10.7662
459    'h[21,3]'               -10.2885
460    'h[22,1]'                -8.52201
461    'h[22,2]'               -10.7471
462    'h[22,3]'               -10.2627
463    'h[23,1]'                -8.50055
464    'h[23,2]'               -10.7296
465    'h[23,3]'               -10.2391
466    'h[24,1]'                -8.48322
467    'h[24,2]'               -10.7154
468    'h[24,3]'               -10.2201
469    'h[25,1]'                -8.46652
470    'h[25,2]'               -10.7018
471    'h[25,3]'               -10.2017
472    'h[26,1]'                -8.44998
473    'h[26,2]'               -10.6883
474    'h[26,3]'               -10.1836
475    'h[27,1]'                -8.43012
476    'h[27,2]'               -10.6722
477    'h[27,3]'               -10.1617
478    'h[28,1]'                -8.35038
479    'h[28,2]'               -10.6074
480    'h[28,3]'               -10.0741
481    'h[29,1]'                -7.75503
482    'h[29,2]'               -10.13
483    'h[29,3]'                -9.42108
484    'h[30,1]'                -6.35535
485    'h[30,2]'                -9.04853
486    'h[30,3]'                -7.89524
487    'hF[1]'                  -8.4898
488    'hF[2]'                 -10.7208
489    'hF[3]'                 -10.2273
490    'tauGamma[1,1,1]'     1e-06
491    'tauGamma[1,1,2]'        -0.376047
492    'tauGamma[1,1,3]'     1e-06
493    'tauGamma[1,2,1]'         0.394896
494    'tauGamma[1,2,2]'     1e-06
495    'tauGamma[1,2,3]'         0.102934
496    'tauGamma[1,3,1]'     1e-06
497    'tauGamma[1,3,2]'        -0.0423532
498    'tauGamma[1,3,3]'     1e-06
499    'tauGamma[2,1,1]'     1e-06
500    'tauGamma[2,1,2]'        -0.368814
501    'tauGamma[2,1,3]'     1e-06
502    'tauGamma[2,2,1]'         0.3873
503    'tauGamma[2,2,2]'     1e-06
504    'tauGamma[2,2,3]'         0.191074
505    'tauGamma[2,3,1]'     1e-06
506    'tauGamma[2,3,2]'        -0.161157
507    'tauGamma[2,3,3]'     1e-06
508    'tauGamma[3,1,1]'     1e-06
509    'tauGamma[3,1,2]'        -0.370407
510    'tauGamma[3,1,3]'     1e-06
511    'tauGamma[3,2,1]'         0.388973
512    'tauGamma[3,2,2]'     1e-06
513    'tauGamma[3,2,3]'         0.171659
514    'tauGamma[3,3,1]'     1e-06
515    'tauGamma[3,3,2]'        -0.134987
516    'tauGamma[3,3,3]'     1e-06
517    'tauGamma[4,1,1]'     1e-06
518    'tauGamma[4,1,2]'        -0.37204
519    'tauGamma[4,1,3]'     1e-06
520    'tauGamma[4,2,1]'         0.390688
521    'tauGamma[4,2,2]'     1e-06
522    'tauGamma[4,2,3]'         0.151763
523    'tauGamma[4,3,1]'     1e-06
524    'tauGamma[4,3,2]'        -0.108169
525    'tauGamma[4,3,3]'     1e-06
526    'tauGamma[5,1,1]'     1e-06
527    'tauGamma[5,1,2]'        -0.373595
528    'tauGamma[5,1,3]'     1e-06
529    'tauGamma[5,2,1]'         0.392321
530    'tauGamma[5,2,2]'     1e-06
531    'tauGamma[5,2,3]'         0.132808
532    'tauGamma[5,3,1]'     1e-06
533    'tauGamma[5,3,2]'        -0.08262
534    'tauGamma[5,3,3]'     1e-06
535    'tauGamma[6,1,1]'     1e-06
536    'tauGamma[6,1,2]'        -0.375144
537    'tauGamma[6,1,3]'     1e-06
538    'tauGamma[6,2,1]'         0.393948
539    'tauGamma[6,2,2]'     1e-06
540    'tauGamma[6,2,3]'         0.113934
541    'tauGamma[6,3,1]'     1e-06
542    'tauGamma[6,3,2]'        -0.05718
543    'tauGamma[6,3,3]'     1e-06
544    'tauGamma[7,1,1]'     1e-06
545    'tauGamma[7,1,2]'        -0.376714
546    'tauGamma[7,1,3]'     1e-06
547    'tauGamma[7,2,1]'         0.395596
548    'tauGamma[7,2,2]'     1e-06
549    'tauGamma[7,2,3]'         0.0948074
550    'tauGamma[7,3,1]'     1e-06
551    'tauGamma[7,3,2]'        -0.0313986
552    'tauGamma[7,3,3]'     1e-06
553    'tauGamma[8,1,1]'     1e-06
554    'tauGamma[8,1,2]'        -0.378303
555    'tauGamma[8,1,3]'     1e-06
556    'tauGamma[8,2,1]'         0.397265
557    'tauGamma[8,2,2]'     1e-06
558    'tauGamma[8,2,3]'         0.0754428
559    'tauGamma[8,3,1]'     1e-06
560    'tauGamma[8,3,2]'        -0.00529698
561    'tauGamma[8,3,3]'     1e-06
562    'tauGamma[9,1,1]'     1e-06
563    'tauGamma[9,1,2]'        -0.379848
564    'tauGamma[9,1,3]'     1e-06
565    'tauGamma[9,2,1]'         0.398887
566    'tauGamma[9,2,2]'     1e-06
567    'tauGamma[9,2,3]'         0.056619
568    'tauGamma[9,3,1]'     1e-06
569    'tauGamma[9,3,2]'         0.0200759
570    'tauGamma[9,3,3]'     1e-06
571    'tauGamma[10,1,1]'    1e-06
572    'tauGamma[10,1,2]'       -0.381242
573    'tauGamma[10,1,3]'    1e-06
574    'tauGamma[10,2,1]'        0.400351
575    'tauGamma[10,2,2]'    1e-06
576    'tauGamma[10,2,3]'        0.0396309
577    'tauGamma[10,3,1]'    1e-06
578    'tauGamma[10,3,2]'        0.0429743
579    'tauGamma[10,3,3]'    1e-06
580    'tauGamma[11,1,1]'    1e-06
581    'tauGamma[11,1,2]'       -0.382408
582    'tauGamma[11,1,3]'    1e-06
583    'tauGamma[11,2,1]'        0.401576
584    'tauGamma[11,2,2]'    1e-06
585    'tauGamma[11,2,3]'        0.0254216
586    'tauGamma[11,3,1]'    1e-06
587    'tauGamma[11,3,2]'        0.0621271
588    'tauGamma[11,3,3]'    1e-06
589    'tauGamma[12,1,1]'    1e-06
590    'tauGamma[12,1,2]'       -0.383007
591    'tauGamma[12,1,3]'    1e-06
592    'tauGamma[12,2,1]'        0.402205
593    'tauGamma[12,2,2]'    1e-06
594    'tauGamma[12,2,3]'        0.0181259
595    'tauGamma[12,3,1]'    1e-06
596    'tauGamma[12,3,2]'        0.071961
597    'tauGamma[12,3,3]'    1e-06
598    'tauGamma[13,1,1]'    1e-06
599    'tauGamma[13,1,2]'       -0.381427
600    'tauGamma[13,1,3]'    1e-06
601    'tauGamma[13,2,1]'        0.400546
602    'tauGamma[13,2,2]'    1e-06
603    'tauGamma[13,2,3]'        0.0373785
604    'tauGamma[13,3,1]'    1e-06
605    'tauGamma[13,3,2]'        0.0460103
606    'tauGamma[13,3,3]'    1e-06
607    'tauGamma[14,1,1]'    1e-06
608    'tauGamma[14,1,2]'       -0.369499
609    'tauGamma[14,1,3]'    1e-06
610    'tauGamma[14,2,1]'        0.38802
611    'tauGamma[14,2,2]'    1e-06
612    'tauGamma[14,2,3]'        0.18272
613    'tauGamma[14,3,1]'    1e-06
614    'tauGamma[14,3,2]'       -0.149897
615    'tauGamma[14,3,3]'    1e-06
616    'tauGamma[15,1,1]'    1e-06
617    'tauGamma[15,1,2]'       -0.379512
618    'tauGamma[15,1,3]'    1e-06
619    'tauGamma[15,2,1]'        0.398534
620    'tauGamma[15,2,2]'    1e-06
621    'tauGamma[15,2,3]'        0.0607166
622    'tauGamma[15,3,1]'    1e-06
623    'tauGamma[15,3,2]'        0.0145527
624    'tauGamma[15,3,3]'    1e-06
625    'tauGamma[16,1,1]'    1e-06
626    'tauGamma[16,1,2]'       -0.383471
627    'tauGamma[16,1,3]'    1e-06
628    'tauGamma[16,2,1]'        0.402692
629    'tauGamma[16,2,2]'    1e-06
630    'tauGamma[16,2,3]'        0.0124715
631    'tauGamma[16,3,1]'    1e-06
632    'tauGamma[16,3,2]'        0.0795827
633    'tauGamma[16,3,3]'    1e-06
634    'tauGamma[17,1,1]'    1e-06
635    'tauGamma[17,1,2]'       -0.386921
636    'tauGamma[17,1,3]'    1e-06
637    'tauGamma[17,2,1]'        0.406315
638    'tauGamma[17,2,2]'    1e-06
639    'tauGamma[17,2,3]'       -0.0295637
640    'tauGamma[17,3,1]'    1e-06
641    'tauGamma[17,3,2]'        0.136242
642    'tauGamma[17,3,3]'    1e-06
643    'tauGamma[18,1,1]'    1e-06
644    'tauGamma[18,1,2]'       -0.387326
645    'tauGamma[18,1,3]'    1e-06
646    'tauGamma[18,2,1]'        0.406741
647    'tauGamma[18,2,2]'    1e-06
648    'tauGamma[18,2,3]'       -0.0345074
649    'tauGamma[18,3,1]'    1e-06
650    'tauGamma[18,3,2]'        0.142906
651    'tauGamma[18,3,3]'    1e-06
652    'tauGamma[19,1,1]'    1e-06
653    'tauGamma[19,1,2]'       -0.387064
654    'tauGamma[19,1,3]'    1e-06
655    'tauGamma[19,2,1]'        0.406465
656    'tauGamma[19,2,2]'    1e-06
657    'tauGamma[19,2,3]'       -0.0313067
658    'tauGamma[19,3,1]'    1e-06
659    'tauGamma[19,3,2]'        0.138592
660    'tauGamma[19,3,3]'    1e-06
661    'tauGamma[20,1,1]'    1e-06
662    'tauGamma[20,1,2]'       -0.386678
663    'tauGamma[20,1,3]'    1e-06
664    'tauGamma[20,2,1]'        0.40606
665    'tauGamma[20,2,2]'    1e-06
666    'tauGamma[20,2,3]'       -0.0266028
667    'tauGamma[20,3,1]'    1e-06
668    'tauGamma[20,3,2]'        0.132251
669    'tauGamma[20,3,3]'    1e-06
670    'tauGamma[21,1,1]'    1e-06
671    'tauGamma[21,1,2]'       -0.386273
672    'tauGamma[21,1,3]'    1e-06
673    'tauGamma[21,2,1]'        0.405634
674    'tauGamma[21,2,2]'    1e-06
675    'tauGamma[21,2,3]'       -0.0216665
676    'tauGamma[21,3,1]'    1e-06
677    'tauGamma[21,3,2]'        0.125598
678    'tauGamma[21,3,3]'    1e-06
679    'tauGamma[22,1,1]'    1e-06
680    'tauGamma[22,1,2]'       -0.385858
681    'tauGamma[22,1,3]'    1e-06
682    'tauGamma[22,2,1]'        0.405199
683    'tauGamma[22,2,2]'    1e-06
684    'tauGamma[22,2,3]'       -0.0166122
685    'tauGamma[22,3,1]'    1e-06
686    'tauGamma[22,3,2]'        0.118785
687    'tauGamma[22,3,3]'    1e-06
688    'tauGamma[23,1,1]'    1e-06
689    'tauGamma[23,1,2]'       -0.385479
690    'tauGamma[23,1,3]'    1e-06
691    'tauGamma[23,2,1]'        0.404801
692    'tauGamma[23,2,2]'    1e-06
693    'tauGamma[23,2,3]'       -0.0119949
694    'tauGamma[23,3,1]'    1e-06
695    'tauGamma[23,3,2]'        0.112561
696    'tauGamma[23,3,3]'    1e-06
697    'tauGamma[24,1,1]'    1e-06
698    'tauGamma[24,1,2]'       -0.385174
699    'tauGamma[24,1,3]'    1e-06
700    'tauGamma[24,2,1]'        0.40448
701    'tauGamma[24,2,2]'    1e-06
702    'tauGamma[24,2,3]'       -0.00827843
703    'tauGamma[24,3,1]'    1e-06
704    'tauGamma[24,3,2]'        0.107552
705    'tauGamma[24,3,3]'    1e-06
706    'tauGamma[25,1,1]'    1e-06
707    'tauGamma[25,1,2]'       -0.384881
708    'tauGamma[25,1,3]'    1e-06
709    'tauGamma[25,2,1]'        0.404172
710    'tauGamma[25,2,2]'    1e-06
711    'tauGamma[25,2,3]'       -0.00470645
712    'tauGamma[25,3,1]'    1e-06
713    'tauGamma[25,3,2]'        0.102737
714    'tauGamma[25,3,3]'    1e-06
715    'tauGamma[26,1,1]'    1e-06
716    'tauGamma[26,1,2]'       -0.384591
717    'tauGamma[26,1,3]'    1e-06
718    'tauGamma[26,2,1]'        0.403868
719    'tauGamma[26,2,2]'    1e-06
720    'tauGamma[26,2,3]'       -0.00117509
721    'tauGamma[26,3,1]'    1e-06
722    'tauGamma[26,3,2]'        0.0979771
723    'tauGamma[26,3,3]'    1e-06
724    'tauGamma[27,1,1]'    1e-06
725    'tauGamma[27,1,2]'       -0.384244
726    'tauGamma[27,1,3]'    1e-06
727    'tauGamma[27,2,1]'        0.403504
728    'tauGamma[27,2,2]'    1e-06
729    'tauGamma[27,2,3]'        0.00305193
730    'tauGamma[27,3,1]'    1e-06
731    'tauGamma[27,3,2]'        0.0922794
732    'tauGamma[27,3,3]'    1e-06
733    'tauGamma[28,1,1]'    1e-06
734    'tauGamma[28,1,2]'       -0.382861
735    'tauGamma[28,1,3]'    1e-06
736    'tauGamma[28,2,1]'        0.402052
737    'tauGamma[28,2,2]'    1e-06
738    'tauGamma[28,2,3]'        0.0199028
739    'tauGamma[28,3,1]'    1e-06
740    'tauGamma[28,3,2]'        0.0695659
741    'tauGamma[28,3,3]'    1e-06
742    'tauGamma[29,1,1]'    1e-06
743    'tauGamma[29,1,2]'       -0.373026
744    'tauGamma[29,1,3]'    1e-06
745    'tauGamma[29,2,1]'        0.391723
746    'tauGamma[29,2,2]'    1e-06
747    'tauGamma[29,2,3]'        0.139747
748    'tauGamma[29,3,1]'    1e-06
749    'tauGamma[29,3,2]'       -0.0919732
750    'tauGamma[29,3,3]'    1e-06
751    'tauGamma[30,1,1]'    1e-06
752    'tauGamma[30,1,2]'       -0.352906
753    'tauGamma[30,1,3]'    1e-06
754    'tauGamma[30,2,1]'        0.370595
755    'tauGamma[30,2,2]'    1e-06
756    'tauGamma[30,2,3]'        0.384913
757    'tauGamma[30,3,1]'    1e-06
758    'tauGamma[30,3,2]'       -0.422435
759    'tauGamma[30,3,3]'    1e-06
760    'PGamma[1,1,1]'           1
761    'PGamma[1,1,2]'           1.11942
762    'PGamma[1,1,3]'           1
763    'PGamma[1,2,1]'           0.88828
764    'PGamma[1,2,2]'           1
765    'PGamma[1,2,3]'           0.979624
766    'PGamma[1,3,1]'           1
767    'PGamma[1,3,2]'           1.00851
768    'PGamma[1,3,3]'           1
769    'PGamma[2,1,1]'           1
770    'PGamma[2,1,2]'           1.117
771    'PGamma[2,1,3]'           1
772    'PGamma[2,2,1]'           0.890306
773    'PGamma[2,2,2]'           1
774    'PGamma[2,2,3]'           0.962506
775    'PGamma[2,3,1]'           1
776    'PGamma[2,3,2]'           1.03276
777    'PGamma[2,3,3]'           1
778    'PGamma[3,1,1]'           1
779    'PGamma[3,1,2]'           1.11753
780    'PGamma[3,1,3]'           1
781    'PGamma[3,2,1]'           0.889859
782    'PGamma[3,2,2]'           1
783    'PGamma[3,2,3]'           0.966251
784    'PGamma[3,3,1]'           1
785    'PGamma[3,3,2]'           1.02737
786    'PGamma[3,3,3]'           1
787    'PGamma[4,1,1]'           1
788    'PGamma[4,1,2]'           1.11808
789    'PGamma[4,1,3]'           1
790    'PGamma[4,2,1]'           0.889402
791    'PGamma[4,2,2]'           1
792    'PGamma[4,2,3]'           0.970103
793    'PGamma[4,3,1]'           1
794    'PGamma[4,3,2]'           1.02187
795    'PGamma[4,3,3]'           1
796    'PGamma[5,1,1]'           1
797    'PGamma[5,1,2]'           1.1186
798    'PGamma[5,1,3]'           1
799    'PGamma[5,2,1]'           0.888966
800    'PGamma[5,2,2]'           1
801    'PGamma[5,2,3]'           0.973788
802    'PGamma[5,3,1]'           1
803    'PGamma[5,3,2]'           1.01666
804    'PGamma[5,3,3]'           1
805    'PGamma[6,1,1]'           1
806    'PGamma[6,1,2]'           1.11912
807    'PGamma[6,1,3]'           1
808    'PGamma[6,2,1]'           0.888532
809    'PGamma[6,2,2]'           1
810    'PGamma[6,2,3]'           0.977471
811    'PGamma[6,3,1]'           1
812    'PGamma[6,3,2]'           1.0115
813    'PGamma[6,3,3]'           1
814    'PGamma[7,1,1]'           1
815    'PGamma[7,1,2]'           1.11965
816    'PGamma[7,1,3]'           1
817    'PGamma[7,2,1]'           0.888093
818    'PGamma[7,2,2]'           1
819    'PGamma[7,2,3]'           0.981217
820    'PGamma[7,3,1]'           1
821    'PGamma[7,3,2]'           1.0063
822    'PGamma[7,3,3]'           1
823    'PGamma[8,1,1]'           1
824    'PGamma[8,1,2]'           1.12018
825    'PGamma[8,1,3]'           1
826    'PGamma[8,2,1]'           0.887648
827    'PGamma[8,2,2]'           1
828    'PGamma[8,2,3]'           0.985025
829    'PGamma[8,3,1]'           1
830    'PGamma[8,3,2]'           1.00106
831    'PGamma[8,3,3]'           1
832    'PGamma[9,1,1]'           1
833    'PGamma[9,1,2]'           1.1207
834    'PGamma[9,1,3]'           1
835    'PGamma[9,2,1]'           0.887217
836    'PGamma[9,2,2]'           1
837    'PGamma[9,2,3]'           0.98874
838    'PGamma[9,3,1]'           1
839    'PGamma[9,3,2]'           0.995993
840    'PGamma[9,3,3]'           1
841    'PGamma[10,1,1]'          1
842    'PGamma[10,1,2]'          1.12117
843    'PGamma[10,1,3]'          1
844    'PGamma[10,2,1]'          0.886827
845    'PGamma[10,2,2]'          1
846    'PGamma[10,2,3]'          0.992105
847    'PGamma[10,3,1]'          1
848    'PGamma[10,3,2]'          0.991442
849    'PGamma[10,3,3]'          1
850    'PGamma[11,1,1]'          1
851    'PGamma[11,1,2]'          1.12156
852    'PGamma[11,1,3]'          1
853    'PGamma[11,2,1]'          0.886501
854    'PGamma[11,2,2]'          1
855    'PGamma[11,2,3]'          0.994929
856    'PGamma[11,3,1]'          1
857    'PGamma[11,3,2]'          0.987651
858    'PGamma[11,3,3]'          1
859    'PGamma[12,1,1]'          1
860    'PGamma[12,1,2]'          1.12176
861    'PGamma[12,1,3]'          1
862    'PGamma[12,2,1]'          0.886334
863    'PGamma[12,2,2]'          1
864    'PGamma[12,2,3]'          0.996381
865    'PGamma[12,3,1]'          1
866    'PGamma[12,3,2]'          0.985711
867    'PGamma[12,3,3]'          1
868    'PGamma[13,1,1]'          1
869    'PGamma[13,1,2]'          1.12123
870    'PGamma[13,1,3]'          1
871    'PGamma[13,2,1]'          0.886775
872    'PGamma[13,2,2]'          1
873    'PGamma[13,2,3]'          0.992552
874    'PGamma[13,3,1]'          1
875    'PGamma[13,3,2]'          0.99084
876    'PGamma[13,3,3]'          1
877    'PGamma[14,1,1]'          1
878    'PGamma[14,1,2]'          1.11723
879    'PGamma[14,1,3]'          1
880    'PGamma[14,2,1]'          0.890114
881    'PGamma[14,2,2]'          1
882    'PGamma[14,2,3]'          0.964116
883    'PGamma[14,3,1]'          1
884    'PGamma[14,3,2]'          1.03043
885    'PGamma[14,3,3]'          1
886    'PGamma[15,1,1]'          1
887    'PGamma[15,1,2]'          1.12059
888    'PGamma[15,1,3]'          1
889    'PGamma[15,2,1]'          0.887311
890    'PGamma[15,2,2]'          1
891    'PGamma[15,2,3]'          0.98793
892    'PGamma[15,3,1]'          1
893    'PGamma[15,3,2]'          0.997094
894    'PGamma[15,3,3]'          1
895    'PGamma[16,1,1]'          1
896    'PGamma[16,1,2]'          1.12192
897    'PGamma[16,1,3]'          1
898    'PGamma[16,2,1]'          0.886204
899    'PGamma[16,2,2]'          1
900    'PGamma[16,2,3]'          0.997509
901    'PGamma[16,3,1]'          1
902    'PGamma[16,3,2]'          0.984209
903    'PGamma[16,3,3]'          1
904    'PGamma[17,1,1]'          1
905    'PGamma[17,1,2]'          1.12308
906    'PGamma[17,1,3]'          1
907    'PGamma[17,2,1]'          0.885242
908    'PGamma[17,2,2]'          1
909    'PGamma[17,2,3]'          1.00593
910    'PGamma[17,3,1]'          1
911    'PGamma[17,3,2]'          0.973119
912    'PGamma[17,3,3]'          1
913    'PGamma[18,1,1]'          1
914    'PGamma[18,1,2]'          1.12322
915    'PGamma[18,1,3]'          1
916    'PGamma[18,2,1]'          0.885129
917    'PGamma[18,2,2]'          1
918    'PGamma[18,2,3]'          1.00693
919    'PGamma[18,3,1]'          1
920    'PGamma[18,3,2]'          0.971823
921    'PGamma[18,3,3]'          1
922    'PGamma[19,1,1]'          1
923    'PGamma[19,1,2]'          1.12313
924    'PGamma[19,1,3]'          1
925    'PGamma[19,2,1]'          0.885202
926    'PGamma[19,2,2]'          1
927    'PGamma[19,2,3]'          1.00628
928    'PGamma[19,3,1]'          1
929    'PGamma[19,3,2]'          0.972662
930    'PGamma[19,3,3]'          1
931    'PGamma[20,1,1]'          1
932    'PGamma[20,1,2]'          1.123
933    'PGamma[20,1,3]'          1
934    'PGamma[20,2,1]'          0.88531
935    'PGamma[20,2,2]'          1
936    'PGamma[20,2,3]'          1.00533
937    'PGamma[20,3,1]'          1
938    'PGamma[20,3,2]'          0.973896
939    'PGamma[20,3,3]'          1
940    'PGamma[21,1,1]'          1
941    'PGamma[21,1,2]'          1.12286
942    'PGamma[21,1,3]'          1
943    'PGamma[21,2,1]'          0.885423
944    'PGamma[21,2,2]'          1
945    'PGamma[21,2,3]'          1.00434
946    'PGamma[21,3,1]'          1
947    'PGamma[21,3,2]'          0.975193
948    'PGamma[21,3,3]'          1
949    'PGamma[22,1,1]'          1
950    'PGamma[22,1,2]'          1.12272
951    'PGamma[22,1,3]'          1
952    'PGamma[22,2,1]'          0.885538
953    'PGamma[22,2,2]'          1
954    'PGamma[22,2,3]'          1.00333
955    'PGamma[22,3,1]'          1
956    'PGamma[22,3,2]'          0.976523
957    'PGamma[22,3,3]'          1
958    'PGamma[23,1,1]'          1
959    'PGamma[23,1,2]'          1.1226
960    'PGamma[23,1,3]'          1
961    'PGamma[23,2,1]'          0.885644
962    'PGamma[23,2,2]'          1
963    'PGamma[23,2,3]'          1.0024
964    'PGamma[23,3,1]'          1
965    'PGamma[23,3,2]'          0.977739
966    'PGamma[23,3,3]'          1
967    'PGamma[24,1,1]'          1
968    'PGamma[24,1,2]'          1.12249
969    'PGamma[24,1,3]'          1
970    'PGamma[24,2,1]'          0.885729
971    'PGamma[24,2,2]'          1
972    'PGamma[24,2,3]'          1.00166
973    'PGamma[24,3,1]'          1
974    'PGamma[24,3,2]'          0.978719
975    'PGamma[24,3,3]'          1
976    'PGamma[25,1,1]'          1
977    'PGamma[25,1,2]'          1.12239
978    'PGamma[25,1,3]'          1
979    'PGamma[25,2,1]'          0.885811
980    'PGamma[25,2,2]'          1
981    'PGamma[25,2,3]'          1.00094
982    'PGamma[25,3,1]'          1
983    'PGamma[25,3,2]'          0.979662
984    'PGamma[25,3,3]'          1
985    'PGamma[26,1,1]'          1
986    'PGamma[26,1,2]'          1.1223
987    'PGamma[26,1,3]'          1
988    'PGamma[26,2,1]'          0.885892
989    'PGamma[26,2,2]'          1
990    'PGamma[26,2,3]'          1.00024
991    'PGamma[26,3,1]'          1
992    'PGamma[26,3,2]'          0.980595
993    'PGamma[26,3,3]'          1
994    'PGamma[27,1,1]'          1
995    'PGamma[27,1,2]'          1.12218
996    'PGamma[27,1,3]'          1
997    'PGamma[27,2,1]'          0.885989
998    'PGamma[27,2,2]'          1
999    'PGamma[27,2,3]'          0.99939
1000   'PGamma[27,3,1]'          1
1001   'PGamma[27,3,2]'          0.981713
1002   'PGamma[27,3,3]'          1
1003   'PGamma[28,1,1]'          1
1004   'PGamma[28,1,2]'          1.12171
1005   'PGamma[28,1,3]'          1
1006   'PGamma[28,2,1]'          0.886375
1007   'PGamma[28,2,2]'          1
1008   'PGamma[28,2,3]'          0.996027
1009   'PGamma[28,3,1]'          1
1010   'PGamma[28,3,2]'          0.986183
1011   'PGamma[28,3,3]'          1
1012   'PGamma[29,1,1]'          1
1013   'PGamma[29,1,2]'          1.11841
1014   'PGamma[29,1,3]'          1
1015   'PGamma[29,2,1]'          0.889125
1016   'PGamma[29,2,2]'          1
1017   'PGamma[29,2,3]'          0.972438
1018   'PGamma[29,3,1]'          1
1019   'PGamma[29,3,2]'          1.01856
1020   'PGamma[29,3,3]'          1
1021   'PGamma[30,1,1]'          1
1022   'PGamma[30,1,2]'          1.11168
1023   'PGamma[30,1,3]'          1
1024   'PGamma[30,2,1]'          0.894779
1025   'PGamma[30,2,2]'          1
1026   'PGamma[30,2,3]'          0.925906
1027   'PGamma[30,3,1]'          1
1028   'PGamma[30,3,2]'          1.08816
1029   'PGamma[30,3,3]'          1
1030   'SGamma1[1,1]'            0.350147
1031   'SGamma1[1,2]'           -0.0259606
1032   'SGamma1[1,3]'            0.100656
1033   'SGamma1[2,1]'            0.249478
1034   'SGamma1[2,2]'           -0.0615339
1035   'SGamma1[2,3]'            0.133061
1036   'SGamma1[3,1]'            0.250111
1037   'SGamma1[3,2]'           -0.0527282
1038   'SGamma1[3,3]'            0.119853
1039   'SGamma1[4,1]'            0.247962
1040   'SGamma1[4,2]'           -0.0478366
1041   'SGamma1[4,3]'            0.105061
1042   'SGamma1[5,1]'            0.242938
1043   'SGamma1[5,2]'           -0.0461085
1044   'SGamma1[5,3]'            0.090086
1045   'SGamma1[6,1]'            0.235814
1046   'SGamma1[6,2]'           -0.0469599
1047   'SGamma1[6,3]'            0.0750269
1048   'SGamma1[7,1]'            0.227104
1049   'SGamma1[7,2]'           -0.0501477
1050   'SGamma1[7,3]'            0.0601346
1051   'SGamma1[8,1]'            0.217342
1052   'SGamma1[8,2]'           -0.0553077
1053   'SGamma1[8,3]'            0.0458026
1054   'SGamma1[9,1]'            0.207191
1055   'SGamma1[9,2]'           -0.0620281
1056   'SGamma1[9,3]'            0.0327748
1057   'SGamma1[10,1]'           0.197487
1058   'SGamma1[10,2]'          -0.069898
1059   'SGamma1[10,3]'           0.0218705
1060   'SGamma1[11,1]'           0.188725
1061   'SGamma1[11,2]'          -0.0782848
1062   'SGamma1[11,3]'           0.0134089
1063   'SGamma1[12,1]'           0.181942
1064   'SGamma1[12,2]'          -0.0886618
1065   'SGamma1[12,3]'           0.00921808
1066   'SGamma1[13,1]'           0.178973
1067   'SGamma1[13,2]'          -0.111463
1068   'SGamma1[13,3]'           0.0186944
1069   'SGamma1[14,1]'           0.202157
1070   'SGamma1[14,2]'          -0.230528
1071   'SGamma1[14,3]'           0.103111
1072   'SGamma1[15,1]'           0.148726
1073   'SGamma1[15,2]'          -0.1253
1074   'SGamma1[15,3]'           0.0252282
1075   'SGamma1[16,1]'           0.149469
1076   'SGamma1[16,2]'          -0.103572
1077   'SGamma1[16,3]'           0.00521109
1078   'SGamma1[17,1]'           0.169865
1079   'SGamma1[17,2]'          -0.0953563
1080   'SGamma1[17,3]'          -0.0140438
1081   'SGamma1[18,1]'           0.173261
1082   'SGamma1[18,2]'          -0.09308
1083   'SGamma1[18,3]'          -0.0167211
1084   'SGamma1[19,1]'           0.172282
1085   'SGamma1[19,2]'          -0.0926604
1086   'SGamma1[19,3]'          -0.0150837
1087   'SGamma1[20,1]'           0.170511
1088   'SGamma1[20,2]'          -0.0927551
1089   'SGamma1[20,3]'          -0.0126847
1090   'SGamma1[21,1]'           0.168643
1091   'SGamma1[21,2]'          -0.0930611
1092   'SGamma1[21,3]'          -0.0102169
1093   'SGamma1[22,1]'           0.166734
1094   'SGamma1[22,2]'          -0.0935389
1095   'SGamma1[22,3]'          -0.00774418
1096   'SGamma1[23,1]'           0.165103
1097   'SGamma1[23,2]'          -0.0940473
1098   'SGamma1[23,3]'          -0.00553648
1099   'SGamma1[24,1]'           0.163997
1100   'SGamma1[24,2]'          -0.0944531
1101   'SGamma1[24,3]'          -0.00379504
1102   'SGamma1[25,1]'           0.162976
1103   'SGamma1[25,2]'          -0.0949201
1104   'SGamma1[25,3]'          -0.00214371
1105   'SGamma1[26,1]'           0.161992
1106   'SGamma1[26,2]'          -0.0954681
1107   'SGamma1[26,3]'          -0.000531415
1108   'SGamma1[27,1]'           0.16077
1109   'SGamma1[27,2]'          -0.0963298
1110   'SGamma1[27,3]'           0.00137238
1111   'SGamma1[28,1]'           0.154211
1112   'SGamma1[28,2]'          -0.101054
1113   'SGamma1[28,3]'           0.00857899
1114   'SGamma1[29,1]'           0.100522
1115   'SGamma1[29,2]'          -0.111551
1116   'SGamma1[29,3]'           0.0392217
1117   'SGamma1[30,1]'           0.0945454
1118   'SGamma1[30,2]'          -0.202009
1119   'SGamma1[30,3]'           0.101614
1120   'SGamma2[1,1]'            1.45633
1121   'SGamma2[1,2]'            1.57318
1122   'SGamma2[1,3]'            1.54751
1123   'SGamma2[2,1]'            1.00309
1124   'SGamma2[2,2]'            1.09482
1125   'SGamma2[2,3]'            1.05532
1126   'SGamma2[3,1]'            0.993782
1127   'SGamma2[3,2]'            1.0843
1128   'SGamma2[3,3]'            1.04898
1129   'SGamma2[4,1]'            0.993869
1130   'SGamma2[4,2]'            1.08321
1131   'SGamma2[4,3]'            1.05146
1132   'SGamma2[5,1]'            0.995197
1133   'SGamma2[5,2]'            1.08324
1134   'SGamma2[5,3]'            1.05428
1135   'SGamma2[6,1]'            0.997417
1136   'SGamma2[6,2]'            1.0842
1137   'SGamma2[6,3]'            1.05733
1138   'SGamma2[7,1]'            1.00068
1139   'SGamma2[7,2]'            1.08636
1140   'SGamma2[7,3]'            1.06088
1141   'SGamma2[8,1]'            1.00515
1142   'SGamma2[8,2]'            1.08993
1143   'SGamma2[8,3]'            1.06517
1144   'SGamma2[9,1]'            1.011
1145   'SGamma2[9,2]'            1.09517
1146   'SGamma2[9,3]'            1.07044
1147   'SGamma2[10,1]'           1.01905
1148   'SGamma2[10,2]'           1.10298
1149   'SGamma2[10,3]'           1.07761
1150   'SGamma2[11,1]'           1.02887
1151   'SGamma2[11,2]'           1.11288
1152   'SGamma2[11,3]'           1.08635
1153   'SGamma2[12,1]'           1.04515
1154   'SGamma2[12,2]'           1.13021
1155   'SGamma2[12,3]'           1.10131
1156   'SGamma2[13,1]'           1.08447
1157   'SGamma2[13,2]'           1.1744
1158   'SGamma2[13,3]'           1.13777
1159   'SGamma2[14,1]'           1.33265
1160   'SGamma2[14,2]'           1.457
1161   'SGamma2[14,3]'           1.37596
1162   'SGamma2[15,1]'           0.985543
1163   'SGamma2[15,2]'           1.06884
1164   'SGamma2[15,3]'           1.02786
1165   'SGamma2[16,1]'           0.983838
1166   'SGamma2[16,2]'           1.06287
1167   'SGamma2[16,3]'           1.03046
1168   'SGamma2[17,1]'           1.1179
1169   'SGamma2[17,2]'           1.20304
1170   'SGamma2[17,3]'           1.1749
1171   'SGamma2[18,1]'           1.14935
1172   'SGamma2[18,2]'           1.2353
1173   'SGamma2[18,3]'           1.20796
1174   'SGamma2[19,1]'           1.15357
1175   'SGamma2[19,2]'           1.23905
1176   'SGamma2[19,3]'           1.21154
1177   'SGamma2[20,1]'           1.1523
1178   'SGamma2[20,2]'           1.23713
1179   'SGamma2[20,3]'           1.20923
1180   'SGamma2[21,1]'           1.14982
1181   'SGamma2[21,2]'           1.23399
1182   'SGamma2[21,3]'           1.20566
1183   'SGamma2[22,1]'           1.1465
1184   'SGamma2[22,2]'           1.23003
1185   'SGamma2[22,3]'           1.20123
1186   'SGamma2[23,1]'           1.14445
1187   'SGamma2[23,2]'           1.22745
1188   'SGamma2[23,3]'           1.19822
1189   'SGamma2[24,1]'           1.14536
1190   'SGamma2[24,2]'           1.22801
1191   'SGamma2[24,3]'           1.19842
1192   'SGamma2[25,1]'           1.14638
1193   'SGamma2[25,2]'           1.22873
1194   'SGamma2[25,3]'           1.19879
1195   'SGamma2[26,1]'           1.14717
1196   'SGamma2[26,2]'           1.22924
1197   'SGamma2[26,3]'           1.19894
1198   'SGamma2[27,1]'           1.14562
1199   'SGamma2[27,2]'           1.22738
1200   'SGamma2[27,3]'           1.19662
1201   'SGamma2[28,1]'           1.10609
1202   'SGamma2[28,2]'           1.18626
1203   'SGamma2[28,3]'           1.15354
1204   'SGamma2[29,1]'           0.736692
1205   'SGamma2[29,2]'           0.798152
1206   'SGamma2[29,3]'           0.760737
1207   'SGamma2[30,1]'           0.726514
1208   'SGamma2[30,2]'           0.803199
1209   'SGamma2[30,3]'           0.735389
1210   'gamma[1,1]'              0.961344
1211   'gamma[1,2]'              1.00797
1212   'gamma[1,3]'              1.02432
1213   'gamma[2,1]'              0.974462
1214   'gamma[2,2]'              1.00268
1215   'gamma[2,3]'              1.01069
1216   'gamma[3,1]'              0.972087
1217   'gamma[3,2]'              1.00337
1218   'gamma[3,3]'              1.01489
1219   'gamma[4,1]'              0.970152
1220   'gamma[4,2]'              1.00421
1221   'gamma[4,3]'              1.01872
1222   'gamma[5,1]'              0.968873
1223   'gamma[5,2]'              1.00512
1224   'gamma[5,3]'              1.02188
1225   'gamma[6,1]'              0.96821
1226   'gamma[6,2]'              1.0061
1227   'gamma[6,3]'              1.02456
1228   'gamma[7,1]'              0.968159
1229   'gamma[7,2]'              1.00713
1230   'gamma[7,3]'              1.02679
1231   'gamma[8,1]'              0.968666
1232   'gamma[8,2]'              1.00814
1233   'gamma[8,3]'              1.02855
1234   'gamma[9,1]'              0.969641
1235   'gamma[9,2]'              1.00906
1236   'gamma[9,3]'              1.02977
1237   'gamma[10,1]'             0.970952
1238   'gamma[10,2]'             1.0098
1239   'gamma[10,3]'             1.03037
1240   'gamma[11,1]'             0.972413
1241   'gamma[11,2]'             1.01032
1242   'gamma[11,3]'             1.03044
1243   'gamma[12,1]'             0.974133
1244   'gamma[12,2]'             1.01048
1245   'gamma[12,3]'             1.02974
1246   'gamma[13,1]'             0.977353
1247   'gamma[13,2]'             1.00927
1248   'gamma[13,3]'             1.02658
1249   'gamma[14,1]'             0.988567
1250   'gamma[14,2]'             1.00015
1251   'gamma[14,3]'             1.01006
1252   'gamma[15,1]'             0.981377
1253   'gamma[15,2]'             1.00763
1254   'gamma[15,3]'             1.02244
1255   'gamma[16,1]'             0.978149
1256   'gamma[16,2]'             1.01059
1257   'gamma[16,3]'             1.0265
1258   'gamma[17,1]'             0.975277
1259   'gamma[17,2]'             1.01321
1260   'gamma[17,3]'             1.02945
1261   'gamma[18,1]'             0.97475
1262   'gamma[18,2]'             1.01393
1263   'gamma[18,3]'             1.02941
1264   'gamma[19,1]'             0.974762
1265   'gamma[19,2]'             1.01422
1266   'gamma[19,3]'             1.02879
1267   'gamma[20,1]'             0.974891
1268   'gamma[20,2]'             1.0144
1269   'gamma[20,3]'             1.02808
1270   'gamma[21,1]'             0.975053
1271   'gamma[21,2]'             1.01453
1272   'gamma[21,3]'             1.02737
1273   'gamma[22,1]'             0.975241
1274   'gamma[22,2]'             1.01463
1275   'gamma[22,3]'             1.02668
1276   'gamma[23,1]'             0.975414
1277   'gamma[23,2]'             1.01473
1278   'gamma[23,3]'             1.02604
1279   'gamma[24,1]'             0.97554
1280   'gamma[24,2]'             1.01485
1281   'gamma[24,3]'             1.02549
1282   'gamma[25,1]'             0.975667
1283   'gamma[25,2]'             1.01495
1284   'gamma[25,3]'             1.02496
1285   'gamma[26,1]'             0.975802
1286   'gamma[26,2]'             1.01504
1287   'gamma[26,3]'             1.02446
1288   'gamma[27,1]'             0.975991
1289   'gamma[27,2]'             1.01505
1290   'gamma[27,3]'             1.02393
1291   'gamma[28,1]'             0.977058
1292   'gamma[28,2]'             1.01416
1293   'gamma[28,3]'             1.02253
1294   'gamma[29,1]'             0.985514
1295   'gamma[29,2]'             1.00511
1296   'gamma[29,3]'             1.01253
1297   'gamma[30,1]'             1.00347
1298   'gamma[30,2]'             0.981233
1299   'gamma[30,3]'             0.985596
1300   'PrS[1,1]'           259443
1301   'PrS[1,2]'           103516
1302   'PrS[1,3]'            71520.1
1303   'PrS[2,1]'           330842
1304   'PrS[2,2]'           134433
1305   'PrS[2,3]'            94263.2
1306   'PrS[3,1]'           313660
1307   'PrS[3,2]'           126956
1308   'PrS[3,3]'            88727
1309   'PrS[4,1]'           296940
1310   'PrS[4,2]'           119701
1311   'PrS[4,3]'            83376.4
1312   'PrS[5,1]'           281806
1313   'PrS[5,2]'           113154
1314   'PrS[5,3]'            78566.5
1315   'PrS[6,1]'           267472
1316   'PrS[6,2]'           106972
1317   'PrS[6,3]'            74041.3
1318   'PrS[7,1]'           253660
1319   'PrS[7,2]'           101031
1320   'PrS[7,3]'            69710.2
1321   'PrS[8,1]'           240373
1322   'PrS[8,2]'            95335.1
1323   'PrS[8,3]'            65572.7
1324   'PrS[9,1]'           228099
1325   'PrS[9,2]'            90089.1
1326   'PrS[9,3]'            61776.7
1327   'PrS[10,1]'          217540
1328   'PrS[10,2]'           85589.5
1329   'PrS[10,3]'           58532.4
1330   'PrS[11,1]'          209069
1331   'PrS[11,2]'           81989.6
1332   'PrS[11,3]'           55944.7
1333   'PrS[12,1]'          204844
1334   'PrS[12,2]'           80197.2
1335   'PrS[12,3]'           54659
1336   'PrS[13,1]'          216175
1337   'PrS[13,2]'           85009.1
1338   'PrS[13,3]'           58114.7
1339   'PrS[14,1]'          323342
1340   'PrS[14,2]'          131167
1341   'PrS[14,3]'           91841.9
1342   'PrS[15,1]'          230718
1343   'PrS[15,2]'           91207.4
1344   'PrS[15,3]'           62584.7
1345   'PrS[16,1]'          201626
1346   'PrS[16,2]'           78833.5
1347   'PrS[16,3]'           53682.1
1348   'PrS[17,1]'          179180
1349   'PrS[17,2]'           69360.6
1350   'PrS[17,3]'           46926.8
1351   'PrS[18,1]'          176703
1352   'PrS[18,2]'           68320
1353   'PrS[18,3]'           46188.2
1354   'PrS[19,1]'          178303
1355   'PrS[19,2]'           68992
1356   'PrS[19,3]'           46665.1
1357   'PrS[20,1]'          180679
1358   'PrS[20,2]'           69991
1359   'PrS[20,3]'           47374.6
1360   'PrS[21,1]'          183205
1361   'PrS[21,2]'           71054
1362   'PrS[21,3]'           48130.3
1363   'PrS[22,1]'          185826
1364   'PrS[22,2]'           72158.2
1365   'PrS[22,3]'           48916.1
1366   'PrS[23,1]'          188253
1367   'PrS[23,2]'           73181.1
1368   'PrS[23,3]'           49644.6
1369   'PrS[24,1]'          190228
1370   'PrS[24,2]'           74014.3
1371   'PrS[24,3]'           50238.6
1372   'PrS[25,1]'          192145
1373   'PrS[25,2]'           74823.6
1374   'PrS[25,3]'           50815.8
1375   'PrS[26,1]'          194058
1376   'PrS[26,2]'           75631.9
1377   'PrS[26,3]'           51392.8
1378   'PrS[27,1]'          196373
1379   'PrS[27,2]'           76610.2
1380   'PrS[27,3]'           52091.7
1381   'PrS[28,1]'          205866
1382   'PrS[28,2]'           80630.3
1383   'PrS[28,3]'           54969.5
1384   'PrS[29,1]'          287259
1385   'PrS[29,2]'          115511
1386   'PrS[29,3]'           80295.7
1387   'PrS[30,1]'          559443
1388   'PrS[30,2]'          235572
1389   'PrS[30,3]'          170873
1390   'PrSF[1]'            189475
1391   'PrSF[2]'             73696.9
1392   'PrSF[3]'             50012.2
1393   Vap                      75.1438
;

