solve_message = 'LOQO 7.00: iteration limit (500 iterations, 4239 evaluations)\
primal objective 48.14130002212204\
  dual objective -11473294428130.695'

:           _varname              _var          :=
1      'F[2]'                    0
2      'F[3]'                    0
3      'F[4]'                    0
4      'F[5]'                    0
5      'F[6]'                    0
6      'F[7]'                    0
7      'F[8]'                    0
8      'F[9]'                    0
9      'F[10]'                   0
10     'F[11]'                   0
11     'F[12]'                   0
12     'F[13]'                   0
13     'F[14]'                   0
14     'F[15]'                 100
15     'F[16]'                   0
16     'F[17]'                   0
17     'F[18]'                   0
18     'F[19]'                   0
19     'F[20]'                   0
20     'F[21]'                   0
21     'F[22]'                   0
22     'F[23]'                   0
23     'F[24]'                   0
24     'F[25]'                   0
25     'F[26]'                   0
26     'F[27]'                   0
27     'F[28]'                   0
28     'F[29]'                   0
29     'V[1]'                   48.1413
30     'V[2]'                   45.3874
31     'V[3]'                   46.2778
32     'V[4]'                   47.3891
33     'V[5]'                   48.2336
34     'V[6]'                   48.6497
35     'V[7]'                   48.6399
36     'V[8]'                   48.2934
37     'V[9]'                   47.673
38     'V[10]'                  46.9007
39     'V[11]'                  46.1528
40     'V[12]'                  45.918
41     'V[13]'                  48.621
42     'V[14]'                  17.957
43     'V[15]'                  43.5159
44     'V[16]'                  49.6544
45     'V[17]'                  49.7464
46     'V[18]'                  49.9001
47     'V[19]'                  50.0513
48     'V[20]'                  50.1969
49     'V[21]'                  50.3369
50     'V[22]'                  50.4672
51     'V[23]'                  50.5963
52     'V[24]'                  50.7248
53     'V[25]'                  50.8555
54     'V[26]'                  50.9904
55     'V[27]'                  51.1323
56     'V[28]'                  51.2919
57     'V[29]'                  54.4116
58     'V[30]'                   0
59     'y[1,1]'                 -0.0436802
60     'y[1,2]'                  0.904993
61     'y[1,3]'                  0.304861
62     'y[2,1]'                 -0.067333
63     'y[2,2]'                  0.954897
64     'y[2,3]'                  0.287688
65     'y[3,1]'                 -0.0798061
66     'y[3,2]'                  0.937731
67     'y[3,3]'                  0.276841
68     'y[4,1]'                 -0.0791469
69     'y[4,2]'                  0.90119
70     'y[4,3]'                  0.271052
71     'y[5,1]'                 -0.0616698
72     'y[5,2]'                  0.854479
73     'y[5,3]'                  0.266538
74     'y[6,1]'                 -0.023324
75     'y[6,2]'                  0.79828
76     'y[6,3]'                  0.260709
77     'y[7,1]'                  0.0382074
78     'y[7,2]'                  0.731338
79     'y[7,3]'                  0.251765
80     'y[8,1]'                  0.120384
81     'y[8,2]'                  0.655126
82     'y[8,3]'                  0.239194
83     'y[9,1]'                  0.214368
84     'y[9,2]'                  0.576047
85     'y[9,3]'                  0.224324
86     'y[10,1]'                 0.307376
87     'y[10,2]'                 0.502317
88     'y[10,3]'                 0.209441
89     'y[11,1]'                 0.388623
90     'y[11,2]'                 0.441278
91     'y[11,3]'                 0.19708
92     'y[12,1]'                 0.458415
93     'y[12,2]'                 0.400513
94     'y[12,3]'                 0.19086
95     'y[13,1]'                 0.565483
96     'y[13,2]'                 0.411777
97     'y[13,3]'                 0.207733
98     'y[14,1]'                 1.23755
99     'y[14,2]'                 0.787983
100    'y[14,3]'                 0.415672
101    'y[15,1]'                 0.541796
102    'y[15,2]'                 0.338628
103    'y[15,3]'                 0.185988
104    'y[16,1]'                 0.485109
105    'y[16,2]'                 0.304863
106    'y[16,3]'                 0.173871
107    'y[17,1]'                 0.493003
108    'y[17,2]'                 0.308612
109    'y[17,3]'                 0.182449
110    'y[18,1]'                 0.500485
111    'y[18,2]'                 0.311794
112    'y[18,3]'                 0.190805
113    'y[19,1]'                 0.508175
114    'y[19,2]'                 0.315084
115    'y[19,3]'                 0.199168
116    'y[20,1]'                 0.516052
117    'y[20,2]'                 0.318501
118    'y[20,3]'                 0.207493
119    'y[21,1]'                 0.524052
120    'y[21,2]'                 0.322012
121    'y[21,3]'                 0.215731
122    'y[22,1]'                 0.532215
123    'y[22,2]'                 0.325674
124    'y[22,3]'                 0.223921
125    'y[23,1]'                 0.54041
126    'y[23,2]'                 0.329404
127    'y[23,3]'                 0.231997
128    'y[24,1]'                 0.548599
129    'y[24,2]'                 0.333189
130    'y[24,3]'                 0.239941
131    'y[25,1]'                 0.556725
132    'y[25,2]'                 0.337004
133    'y[25,3]'                 0.247729
134    'y[26,1]'                 0.564726
135    'y[26,2]'                 0.340812
136    'y[26,3]'                 0.255326
137    'y[27,1]'                 0.572535
138    'y[27,2]'                 0.344568
139    'y[27,3]'                 0.262702
140    'y[28,1]'                 0.580022
141    'y[28,2]'                 0.348224
142    'y[28,3]'                 0.269849
143    'y[29,1]'                 0.557072
144    'y[29,2]'                 0.334139
145    'y[29,3]'                 0.263024
146    'y[30,1]'                 1.25325
147    'y[30,2]'                 0.707144
148    'y[30,3]'                 0.555158
149    'L[1]'                    0
150    'L[2]'                   99.9916
151    'L[3]'                   99.5299
152    'L[4]'                   99.1114
153    'L[5]'                   98.7543
154    'L[6]'                   98.4871
155    'L[7]'                   98.3176
156    'L[8]'                   98.2378
157    'L[9]'                   98.1954
158    'L[10]'                  98.1094
159    'L[11]'                  97.8578
160    'L[12]'                  97.1615
161    'L[13]'                  94.9925
162    'L[14]'                  86.1297
163    'L[15]'                 101.868
164    'L[16]'                   4.76707
165    'L[17]'                   4.72592
166    'L[18]'                   4.33986
167    'L[19]'                   3.94194
168    'L[20]'                   3.55342
169    'L[21]'                   3.1779
170    'L[22]'                   2.80882
171    'L[23]'                   2.45407
172    'L[24]'                   2.11144
173    'L[25]'                   1.7818
174    'L[26]'                   1.46682
175    'L[27]'                   1.16707
176    'L[28]'                   0.883981
177    'L[29]'                   0.655851
178    'L[30]'                   0.876038
179    'x[1,1]'                 -0.0234174
180    'x[1,2]'                  1.07267
181    'x[1,3]'                  0.490534
182    'x[2,1]'                 -0.0258783
183    'x[2,2]'                  0.785094
184    'x[2,3]'                  0.316314
185    'x[3,1]'                 -0.0309399
186    'x[3,2]'                  0.778275
187    'x[3,3]'                  0.307375
188    'x[4,1]'                 -0.0316602
189    'x[4,2]'                  0.773844
190    'x[4,3]'                  0.311786
191    'x[5,1]'                 -0.025539
192    'x[5,2]'                  0.761397
193    'x[5,3]'                  0.318619
194    'x[6,1]'                 -0.0100808
195    'x[6,2]'                  0.740207
196    'x[6,3]'                  0.324817
197    'x[7,1]'                  0.0169135
198    'x[7,2]'                  0.70948
199    'x[7,3]'                  0.328757
200    'x[8,1]'                  0.0561124
201    'x[8,2]'                  0.669442
202    'x[8,3]'                  0.329672
203    'x[9,1]'                  0.105279
204    'x[9,2]'                  0.622811
205    'x[9,3]'                  0.327851
206    'x[10,1]'                 0.158984
207    'x[10,2]'                 0.57456
208    'x[10,3]'                 0.324552
209    'x[11,1]'                 0.210489
210    'x[11,2]'                 0.53064
211    'x[11,3]'                 0.321714
212    'x[12,1]'                 0.255525
213    'x[12,2]'                 0.496868
214    'x[12,3]'                 0.321834
215    'x[13,1]'                 0.300018
216    'x[13,2]'                 0.483723
217    'x[13,3]'                 0.330966
218    'x[14,1]'                 0.409686
219    'x[14,2]'                 0.5506
220    'x[14,3]'                 0.385927
221    'x[15,1]'                 0.295963
222    'x[15,2]'                 0.410677
223    'x[15,3]'                 0.306323
224    'x[16,1]'                 0.284388
225    'x[16,2]'                 0.399725
226    'x[16,3]'                 0.310566
227    'x[17,1]'                 0.288225
228    'x[17,2]'                 0.403416
229    'x[17,3]'                 0.324864
230    'x[18,1]'                 0.290987
231    'x[18,2]'                 0.405096
232    'x[18,3]'                 0.337594
233    'x[19,1]'                 0.294048
234    'x[19,2]'                 0.407213
235    'x[19,3]'                 0.35046
236    'x[20,1]'                 0.297345
237    'x[20,2]'                 0.409711
238    'x[20,3]'                 0.36334
239    'x[21,1]'                 0.300659
240    'x[21,2]'                 0.412268
241    'x[21,3]'                 0.375909
242    'x[22,1]'                 0.304271
243    'x[22,2]'                 0.415342
244    'x[22,3]'                 0.388611
245    'x[23,1]'                 0.307972
246    'x[23,2]'                 0.418624
247    'x[23,3]'                 0.401158
248    'x[24,1]'                 0.311779
249    'x[24,2]'                 0.422152
250    'x[24,3]'                 0.413587
251    'x[25,1]'                 0.315715
252    'x[25,2]'                 0.425972
253    'x[25,3]'                 0.425957
254    'x[26,1]'                 0.319765
255    'x[26,2]'                 0.430062
256    'x[26,3]'                 0.438252
257    'x[27,1]'                 0.324033
258    'x[27,2]'                 0.434575
259    'x[27,3]'                 0.450665
260    'x[28,1]'                 0.329193
261    'x[28,2]'                 0.440547
262    'x[28,3]'                 0.464415
263    'x[29,1]'                 0.322174
264    'x[29,2]'                 0.431561
265    'x[29,3]'                 0.462482
266    'x[30,1]'                 0.268402
267    'x[30,2]'                 0.306078
268    'x[30,3]'                 0.313602
269    PC                       24.289
270    PR                       33.3066
271    'T[1]'                  364.628
272    'T[2]'                  375.363
273    'T[3]'                  375.078
274    'T[4]'                  374.05
275    'T[5]'                  372.94
276    'T[6]'                  371.756
277    'T[7]'                  370.423
278    'T[8]'                  368.905
279    'T[9]'                  367.272
280    'T[10]'                 365.658
281    'T[11]'                 364.235
282    'T[12]'                 363.354
283    'T[13]'                 364.894
284    'T[14]'                 380.393
285    'T[15]'                 363.99
286    'T[16]'                 361.806
287    'T[17]'                 361.89
288    'T[18]'                 362.06
289    'T[19]'                 362.208
290    'T[20]'                 362.338
291    'T[21]'                 362.47
292    'T[22]'                 362.579
293    'T[23]'                 362.677
294    'T[24]'                 362.762
295    'T[25]'                 362.829
296    'T[26]'                 362.876
297    'T[27]'                 362.891
298    'T[28]'                 362.804
299    'T[29]'                 362.223
300    'T[30]'                 396.135
301    TF                      362.252
302    QC                      521.167
303    QR                      542.143
304    'H[1,1]'                  2.12989
305    'H[1,2]'                  2.55224
306    'H[1,3]'                  2.41927
307    'H[2,1]'                  2.50961
308    'H[2,2]'                  3.01117
309    'H[2,3]'                  2.85718
310    'H[3,1]'                  2.4994
311    'H[3,2]'                  2.99881
312    'H[3,3]'                  2.84537
313    'H[4,1]'                  2.46262
314    'H[4,2]'                  2.95431
315    'H[4,3]'                  2.8029
316    'H[5,1]'                  2.42303
317    'H[5,2]'                  2.90641
318    'H[5,3]'                  2.75718
319    'H[6,1]'                  2.38088
320    'H[6,2]'                  2.85545
321    'H[6,3]'                  2.70854
322    'H[7,1]'                  2.3336
323    'H[7,2]'                  2.79828
324    'H[7,3]'                  2.65398
325    'H[8,1]'                  2.27993
326    'H[8,2]'                  2.73343
327    'H[8,3]'                  2.5921
328    'H[9,1]'                  2.22245
329    'H[9,2]'                  2.664
330    'H[9,3]'                  2.52586
331    'H[10,1]'                 2.16586
332    'H[10,2]'                 2.59566
333    'H[10,3]'                 2.46068
334    'H[11,1]'                 2.11617
335    'H[11,2]'                 2.53568
336    'H[11,3]'                 2.40348
337    'H[12,1]'                 2.0855
338    'H[12,2]'                 2.49867
339    'H[12,3]'                 2.36819
340    'H[13,1]'                 2.13916
341    'H[13,2]'                 2.56343
342    'H[13,3]'                 2.42994
343    'H[14,1]'                 2.69106
344    'H[14,2]'                 3.23091
345    'H[14,3]'                 3.06699
346    'H[15,1]'                 2.10763
347    'H[15,2]'                 2.52538
348    'H[15,3]'                 2.39366
349    'H[16,1]'                 2.03174
350    'H[16,2]'                 2.43383
351    'H[16,3]'                 2.30637
352    'H[17,1]'                 2.03466
353    'H[17,2]'                 2.43735
354    'H[17,3]'                 2.30972
355    'H[18,1]'                 2.04055
356    'H[18,2]'                 2.44446
357    'H[18,3]'                 2.3165
358    'H[19,1]'                 2.04566
359    'H[19,2]'                 2.45062
360    'H[19,3]'                 2.32237
361    'H[20,1]'                 2.05019
362    'H[20,2]'                 2.45608
363    'H[20,3]'                 2.32757
364    'H[21,1]'                 2.05478
365    'H[21,2]'                 2.46162
366    'H[21,3]'                 2.33286
367    'H[22,1]'                 2.05855
368    'H[22,2]'                 2.46617
369    'H[22,3]'                 2.33719
370    'H[23,1]'                 2.06197
371    'H[23,2]'                 2.47029
372    'H[23,3]'                 2.34112
373    'H[24,1]'                 2.06492
374    'H[24,2]'                 2.47385
375    'H[24,3]'                 2.34452
376    'H[25,1]'                 2.06724
377    'H[25,2]'                 2.47664
378    'H[25,3]'                 2.34718
379    'H[26,1]'                 2.06887
380    'H[26,2]'                 2.47861
381    'H[26,3]'                 2.34906
382    'H[27,1]'                 2.06937
383    'H[27,2]'                 2.47922
384    'H[27,3]'                 2.34964
385    'H[28,1]'                 2.06635
386    'H[28,2]'                 2.47557
387    'H[28,3]'                 2.34616
388    'H[29,1]'                 2.04619
389    'H[29,2]'                 2.45126
390    'H[29,3]'                 2.32298
391    'H[30,1]'                 3.27339
392    'H[30,2]'                 3.93798
393    'H[30,3]'                 3.74251
394    'HF[1]'                   2.04722
395    'HF[2]'                   2.4525
396    'HF[3]'                   2.32416
397    'h[1,1]'                 -7.42351
398    'h[1,2]'                 -8.09985
399    'h[1,3]'                 -8.84122
400    'h[2,1]'                 -6.87005
401    'h[2,2]'                 -7.46362
402    'h[2,3]'                 -8.22052
403    'h[3,1]'                 -6.88493
404    'h[3,2]'                 -7.48072
405    'h[3,3]'                 -8.23724
406    'h[4,1]'                 -6.93848
407    'h[4,2]'                 -7.54227
408    'h[4,3]'                 -8.2974
409    'h[5,1]'                 -6.99616
410    'h[5,2]'                 -7.60857
411    'h[5,3]'                 -8.36216
412    'h[6,1]'                 -7.05755
413    'h[6,2]'                 -7.67914
414    'h[6,3]'                 -8.43108
415    'h[7,1]'                 -7.12645
416    'h[7,2]'                 -7.75834
417    'h[7,3]'                 -8.50838
418    'h[8,1]'                 -7.20467
419    'h[8,2]'                 -7.84825
420    'h[8,3]'                 -8.5961
421    'h[9,1]'                 -7.28848
422    'h[9,2]'                 -7.9446
423    'h[9,3]'                 -8.69002
424    'h[10,1]'                -7.37102
425    'h[10,2]'                -8.0395
426    'h[10,3]'                -8.78247
427    'h[11,1]'                -7.44353
428    'h[11,2]'                -8.12287
429    'h[11,3]'                -8.86363
430    'h[12,1]'                -7.48829
431    'h[12,2]'                -8.17434
432    'h[12,3]'                -8.91371
433    'h[13,1]'                -7.40998
434    'h[13,2]'                -8.0843
435    'h[13,3]'                -8.82609
436    'h[14,1]'                -6.60592
437    'h[14,2]'                -7.16007
438    'h[14,3]'                -7.92352
439    'h[15,1]'                -7.45598
440    'h[15,2]'                -8.13719
441    'h[15,3]'                -8.87756
442    'h[16,1]'                -7.56678
443    'h[16,2]'                -8.2646
444    'h[16,3]'                -9.00147
445    'h[17,1]'                -7.56251
446    'h[17,2]'                -8.25969
447    'h[17,3]'                -8.9967
448    'h[18,1]'                -7.55391
449    'h[18,2]'                -8.2498
450    'h[18,3]'                -8.98709
451    'h[19,1]'                -7.54645
452    'h[19,2]'                -8.24122
453    'h[19,3]'                -8.97875
454    'h[20,1]'                -7.53985
455    'h[20,2]'                -8.23362
456    'h[20,3]'                -8.97136
457    'h[21,1]'                -7.53313
458    'h[21,2]'                -8.2259
459    'h[21,3]'                -8.96385
460    'h[22,1]'                -7.52763
461    'h[22,2]'                -8.21958
462    'h[22,3]'                -8.9577
463    'h[23,1]'                -7.52264
464    'h[23,2]'                -8.21384
465    'h[23,3]'                -8.95213
466    'h[24,1]'                -7.51833
467    'h[24,2]'                -8.20888
468    'h[24,3]'                -8.9473
469    'h[25,1]'                -7.51495
470    'h[25,2]'                -8.205
471    'h[25,3]'                -8.94353
472    'h[26,1]'                -7.51257
473    'h[26,2]'                -8.20226
474    'h[26,3]'                -8.94086
475    'h[27,1]'                -7.51183
476    'h[27,2]'                -8.20141
477    'h[27,3]'                -8.94004
478    'h[28,1]'                -7.51625
479    'h[28,2]'                -8.20649
480    'h[28,3]'                -8.94497
481    'h[29,1]'                -7.54568
482    'h[29,2]'                -8.24033
483    'h[29,3]'                -8.97789
484    'h[30,1]'                -5.75863
485    'h[30,2]'                -6.18636
486    'h[30,3]'                -6.96832
487    'hF[1]'                  -7.54417
488    'hF[2]'                  -8.2386
489    'hF[3]'                  -8.9762
490    'tauGamma[1,1,1]'     1e-06
491    'tauGamma[1,1,2]'     1e-06
492    'tauGamma[1,1,3]'     1e-06
493    'tauGamma[1,2,1]'     1e-06
494    'tauGamma[1,2,2]'     1e-06
495    'tauGamma[1,2,3]'     1e-06
496    'tauGamma[1,3,1]'     1e-06
497    'tauGamma[1,3,2]'     1e-06
498    'tauGamma[1,3,3]'     1e-06
499    'tauGamma[2,1,1]'     1e-06
500    'tauGamma[2,1,2]'     1e-06
501    'tauGamma[2,1,3]'     1e-06
502    'tauGamma[2,2,1]'     1e-06
503    'tauGamma[2,2,2]'     1e-06
504    'tauGamma[2,2,3]'     1e-06
505    'tauGamma[2,3,1]'     1e-06
506    'tauGamma[2,3,2]'     1e-06
507    'tauGamma[2,3,3]'     1e-06
508    'tauGamma[3,1,1]'     1e-06
509    'tauGamma[3,1,2]'     1e-06
510    'tauGamma[3,1,3]'     1e-06
511    'tauGamma[3,2,1]'     1e-06
512    'tauGamma[3,2,2]'     1e-06
513    'tauGamma[3,2,3]'     1e-06
514    'tauGamma[3,3,1]'     1e-06
515    'tauGamma[3,3,2]'     1e-06
516    'tauGamma[3,3,3]'     1e-06
517    'tauGamma[4,1,1]'     1e-06
518    'tauGamma[4,1,2]'     1e-06
519    'tauGamma[4,1,3]'     1e-06
520    'tauGamma[4,2,1]'     1e-06
521    'tauGamma[4,2,2]'     1e-06
522    'tauGamma[4,2,3]'     1e-06
523    'tauGamma[4,3,1]'     1e-06
524    'tauGamma[4,3,2]'     1e-06
525    'tauGamma[4,3,3]'     1e-06
526    'tauGamma[5,1,1]'     1e-06
527    'tauGamma[5,1,2]'     1e-06
528    'tauGamma[5,1,3]'     1e-06
529    'tauGamma[5,2,1]'     1e-06
530    'tauGamma[5,2,2]'     1e-06
531    'tauGamma[5,2,3]'     1e-06
532    'tauGamma[5,3,1]'     1e-06
533    'tauGamma[5,3,2]'     1e-06
534    'tauGamma[5,3,3]'     1e-06
535    'tauGamma[6,1,1]'     1e-06
536    'tauGamma[6,1,2]'     1e-06
537    'tauGamma[6,1,3]'     1e-06
538    'tauGamma[6,2,1]'     1e-06
539    'tauGamma[6,2,2]'     1e-06
540    'tauGamma[6,2,3]'     1e-06
541    'tauGamma[6,3,1]'     1e-06
542    'tauGamma[6,3,2]'     1e-06
543    'tauGamma[6,3,3]'     1e-06
544    'tauGamma[7,1,1]'     1e-06
545    'tauGamma[7,1,2]'     1e-06
546    'tauGamma[7,1,3]'     1e-06
547    'tauGamma[7,2,1]'     1e-06
548    'tauGamma[7,2,2]'     1e-06
549    'tauGamma[7,2,3]'     1e-06
550    'tauGamma[7,3,1]'     1e-06
551    'tauGamma[7,3,2]'     1e-06
552    'tauGamma[7,3,3]'     1e-06
553    'tauGamma[8,1,1]'     1e-06
554    'tauGamma[8,1,2]'     1e-06
555    'tauGamma[8,1,3]'     1e-06
556    'tauGamma[8,2,1]'     1e-06
557    'tauGamma[8,2,2]'     1e-06
558    'tauGamma[8,2,3]'     1e-06
559    'tauGamma[8,3,1]'     1e-06
560    'tauGamma[8,3,2]'     1e-06
561    'tauGamma[8,3,3]'     1e-06
562    'tauGamma[9,1,1]'     1e-06
563    'tauGamma[9,1,2]'     1e-06
564    'tauGamma[9,1,3]'     1e-06
565    'tauGamma[9,2,1]'     1e-06
566    'tauGamma[9,2,2]'     1e-06
567    'tauGamma[9,2,3]'     1e-06
568    'tauGamma[9,3,1]'     1e-06
569    'tauGamma[9,3,2]'     1e-06
570    'tauGamma[9,3,3]'     1e-06
571    'tauGamma[10,1,1]'    1e-06
572    'tauGamma[10,1,2]'    1e-06
573    'tauGamma[10,1,3]'    1e-06
574    'tauGamma[10,2,1]'    1e-06
575    'tauGamma[10,2,2]'    1e-06
576    'tauGamma[10,2,3]'    1e-06
577    'tauGamma[10,3,1]'    1e-06
578    'tauGamma[10,3,2]'    1e-06
579    'tauGamma[10,3,3]'    1e-06
580    'tauGamma[11,1,1]'    1e-06
581    'tauGamma[11,1,2]'    1e-06
582    'tauGamma[11,1,3]'    1e-06
583    'tauGamma[11,2,1]'    1e-06
584    'tauGamma[11,2,2]'    1e-06
585    'tauGamma[11,2,3]'    1e-06
586    'tauGamma[11,3,1]'    1e-06
587    'tauGamma[11,3,2]'    1e-06
588    'tauGamma[11,3,3]'    1e-06
589    'tauGamma[12,1,1]'    1e-06
590    'tauGamma[12,1,2]'    1e-06
591    'tauGamma[12,1,3]'    1e-06
592    'tauGamma[12,2,1]'    1e-06
593    'tauGamma[12,2,2]'    1e-06
594    'tauGamma[12,2,3]'    1e-06
595    'tauGamma[12,3,1]'    1e-06
596    'tauGamma[12,3,2]'    1e-06
597    'tauGamma[12,3,3]'    1e-06
598    'tauGamma[13,1,1]'    1e-06
599    'tauGamma[13,1,2]'    1e-06
600    'tauGamma[13,1,3]'    1e-06
601    'tauGamma[13,2,1]'    1e-06
602    'tauGamma[13,2,2]'    1e-06
603    'tauGamma[13,2,3]'    1e-06
604    'tauGamma[13,3,1]'    1e-06
605    'tauGamma[13,3,2]'    1e-06
606    'tauGamma[13,3,3]'    1e-06
607    'tauGamma[14,1,1]'    1e-06
608    'tauGamma[14,1,2]'    1e-06
609    'tauGamma[14,1,3]'    1e-06
610    'tauGamma[14,2,1]'    1e-06
611    'tauGamma[14,2,2]'    1e-06
612    'tauGamma[14,2,3]'    1e-06
613    'tauGamma[14,3,1]'    1e-06
614    'tauGamma[14,3,2]'    1e-06
615    'tauGamma[14,3,3]'    1e-06
616    'tauGamma[15,1,1]'    1e-06
617    'tauGamma[15,1,2]'    1e-06
618    'tauGamma[15,1,3]'    1e-06
619    'tauGamma[15,2,1]'    1e-06
620    'tauGamma[15,2,2]'    1e-06
621    'tauGamma[15,2,3]'    1e-06
622    'tauGamma[15,3,1]'    1e-06
623    'tauGamma[15,3,2]'    1e-06
624    'tauGamma[15,3,3]'    1e-06
625    'tauGamma[16,1,1]'    1e-06
626    'tauGamma[16,1,2]'    1e-06
627    'tauGamma[16,1,3]'    1e-06
628    'tauGamma[16,2,1]'    1e-06
629    'tauGamma[16,2,2]'    1e-06
630    'tauGamma[16,2,3]'    1e-06
631    'tauGamma[16,3,1]'    1e-06
632    'tauGamma[16,3,2]'    1e-06
633    'tauGamma[16,3,3]'    1e-06
634    'tauGamma[17,1,1]'    1e-06
635    'tauGamma[17,1,2]'    1e-06
636    'tauGamma[17,1,3]'    1e-06
637    'tauGamma[17,2,1]'    1e-06
638    'tauGamma[17,2,2]'    1e-06
639    'tauGamma[17,2,3]'    1e-06
640    'tauGamma[17,3,1]'    1e-06
641    'tauGamma[17,3,2]'    1e-06
642    'tauGamma[17,3,3]'    1e-06
643    'tauGamma[18,1,1]'    1e-06
644    'tauGamma[18,1,2]'    1e-06
645    'tauGamma[18,1,3]'    1e-06
646    'tauGamma[18,2,1]'    1e-06
647    'tauGamma[18,2,2]'    1e-06
648    'tauGamma[18,2,3]'    1e-06
649    'tauGamma[18,3,1]'    1e-06
650    'tauGamma[18,3,2]'    1e-06
651    'tauGamma[18,3,3]'    1e-06
652    'tauGamma[19,1,1]'    1e-06
653    'tauGamma[19,1,2]'    1e-06
654    'tauGamma[19,1,3]'    1e-06
655    'tauGamma[19,2,1]'    1e-06
656    'tauGamma[19,2,2]'    1e-06
657    'tauGamma[19,2,3]'    1e-06
658    'tauGamma[19,3,1]'    1e-06
659    'tauGamma[19,3,2]'    1e-06
660    'tauGamma[19,3,3]'    1e-06
661    'tauGamma[20,1,1]'    1e-06
662    'tauGamma[20,1,2]'    1e-06
663    'tauGamma[20,1,3]'    1e-06
664    'tauGamma[20,2,1]'    1e-06
665    'tauGamma[20,2,2]'    1e-06
666    'tauGamma[20,2,3]'    1e-06
667    'tauGamma[20,3,1]'    1e-06
668    'tauGamma[20,3,2]'    1e-06
669    'tauGamma[20,3,3]'    1e-06
670    'tauGamma[21,1,1]'    1e-06
671    'tauGamma[21,1,2]'    1e-06
672    'tauGamma[21,1,3]'    1e-06
673    'tauGamma[21,2,1]'    1e-06
674    'tauGamma[21,2,2]'    1e-06
675    'tauGamma[21,2,3]'    1e-06
676    'tauGamma[21,3,1]'    1e-06
677    'tauGamma[21,3,2]'    1e-06
678    'tauGamma[21,3,3]'    1e-06
679    'tauGamma[22,1,1]'    1e-06
680    'tauGamma[22,1,2]'    1e-06
681    'tauGamma[22,1,3]'    1e-06
682    'tauGamma[22,2,1]'    1e-06
683    'tauGamma[22,2,2]'    1e-06
684    'tauGamma[22,2,3]'    1e-06
685    'tauGamma[22,3,1]'    1e-06
686    'tauGamma[22,3,2]'    1e-06
687    'tauGamma[22,3,3]'    1e-06
688    'tauGamma[23,1,1]'    1e-06
689    'tauGamma[23,1,2]'    1e-06
690    'tauGamma[23,1,3]'    1e-06
691    'tauGamma[23,2,1]'    1e-06
692    'tauGamma[23,2,2]'    1e-06
693    'tauGamma[23,2,3]'    1e-06
694    'tauGamma[23,3,1]'    1e-06
695    'tauGamma[23,3,2]'    1e-06
696    'tauGamma[23,3,3]'    1e-06
697    'tauGamma[24,1,1]'    1e-06
698    'tauGamma[24,1,2]'    1e-06
699    'tauGamma[24,1,3]'    1e-06
700    'tauGamma[24,2,1]'    1e-06
701    'tauGamma[24,2,2]'    1e-06
702    'tauGamma[24,2,3]'    1e-06
703    'tauGamma[24,3,1]'    1e-06
704    'tauGamma[24,3,2]'    1e-06
705    'tauGamma[24,3,3]'    1e-06
706    'tauGamma[25,1,1]'    1e-06
707    'tauGamma[25,1,2]'    1e-06
708    'tauGamma[25,1,3]'    1e-06
709    'tauGamma[25,2,1]'    1e-06
710    'tauGamma[25,2,2]'    1e-06
711    'tauGamma[25,2,3]'    1e-06
712    'tauGamma[25,3,1]'    1e-06
713    'tauGamma[25,3,2]'    1e-06
714    'tauGamma[25,3,3]'    1e-06
715    'tauGamma[26,1,1]'    1e-06
716    'tauGamma[26,1,2]'    1e-06
717    'tauGamma[26,1,3]'    1e-06
718    'tauGamma[26,2,1]'    1e-06
719    'tauGamma[26,2,2]'    1e-06
720    'tauGamma[26,2,3]'    1e-06
721    'tauGamma[26,3,1]'    1e-06
722    'tauGamma[26,3,2]'    1e-06
723    'tauGamma[26,3,3]'    1e-06
724    'tauGamma[27,1,1]'    1e-06
725    'tauGamma[27,1,2]'    1e-06
726    'tauGamma[27,1,3]'    1e-06
727    'tauGamma[27,2,1]'    1e-06
728    'tauGamma[27,2,2]'    1e-06
729    'tauGamma[27,2,3]'    1e-06
730    'tauGamma[27,3,1]'    1e-06
731    'tauGamma[27,3,2]'    1e-06
732    'tauGamma[27,3,3]'    1e-06
733    'tauGamma[28,1,1]'    1e-06
734    'tauGamma[28,1,2]'    1e-06
735    'tauGamma[28,1,3]'    1e-06
736    'tauGamma[28,2,1]'    1e-06
737    'tauGamma[28,2,2]'    1e-06
738    'tauGamma[28,2,3]'    1e-06
739    'tauGamma[28,3,1]'    1e-06
740    'tauGamma[28,3,2]'    1e-06
741    'tauGamma[28,3,3]'    1e-06
742    'tauGamma[29,1,1]'    1e-06
743    'tauGamma[29,1,2]'    1e-06
744    'tauGamma[29,1,3]'    1e-06
745    'tauGamma[29,2,1]'    1e-06
746    'tauGamma[29,2,2]'    1e-06
747    'tauGamma[29,2,3]'    1e-06
748    'tauGamma[29,3,1]'    1e-06
749    'tauGamma[29,3,2]'    1e-06
750    'tauGamma[29,3,3]'    1e-06
751    'tauGamma[30,1,1]'    1e-06
752    'tauGamma[30,1,2]'    1e-06
753    'tauGamma[30,1,3]'    1e-06
754    'tauGamma[30,2,1]'    1e-06
755    'tauGamma[30,2,2]'    1e-06
756    'tauGamma[30,2,3]'    1e-06
757    'tauGamma[30,3,1]'    1e-06
758    'tauGamma[30,3,2]'    1e-06
759    'tauGamma[30,3,3]'    1e-06
760    'PGamma[1,1,1]'           1
761    'PGamma[1,1,2]'           1
762    'PGamma[1,1,3]'           1
763    'PGamma[1,2,1]'           1
764    'PGamma[1,2,2]'           1
765    'PGamma[1,2,3]'           1
766    'PGamma[1,3,1]'           1
767    'PGamma[1,3,2]'           1
768    'PGamma[1,3,3]'           1
769    'PGamma[2,1,1]'           1
770    'PGamma[2,1,2]'           1
771    'PGamma[2,1,3]'           1
772    'PGamma[2,2,1]'           1
773    'PGamma[2,2,2]'           1
774    'PGamma[2,2,3]'           1
775    'PGamma[2,3,1]'           1
776    'PGamma[2,3,2]'           1
777    'PGamma[2,3,3]'           1
778    'PGamma[3,1,1]'           1
779    'PGamma[3,1,2]'           1
780    'PGamma[3,1,3]'           1
781    'PGamma[3,2,1]'           1
782    'PGamma[3,2,2]'           1
783    'PGamma[3,2,3]'           1
784    'PGamma[3,3,1]'           1
785    'PGamma[3,3,2]'           1
786    'PGamma[3,3,3]'           1
787    'PGamma[4,1,1]'           1
788    'PGamma[4,1,2]'           1
789    'PGamma[4,1,3]'           1
790    'PGamma[4,2,1]'           1
791    'PGamma[4,2,2]'           1
792    'PGamma[4,2,3]'           1
793    'PGamma[4,3,1]'           1
794    'PGamma[4,3,2]'           1
795    'PGamma[4,3,3]'           1
796    'PGamma[5,1,1]'           1
797    'PGamma[5,1,2]'           1
798    'PGamma[5,1,3]'           1
799    'PGamma[5,2,1]'           1
800    'PGamma[5,2,2]'           1
801    'PGamma[5,2,3]'           1
802    'PGamma[5,3,1]'           1
803    'PGamma[5,3,2]'           1
804    'PGamma[5,3,3]'           1
805    'PGamma[6,1,1]'           1
806    'PGamma[6,1,2]'           1
807    'PGamma[6,1,3]'           1
808    'PGamma[6,2,1]'           1
809    'PGamma[6,2,2]'           1
810    'PGamma[6,2,3]'           1
811    'PGamma[6,3,1]'           1
812    'PGamma[6,3,2]'           1
813    'PGamma[6,3,3]'           1
814    'PGamma[7,1,1]'           1
815    'PGamma[7,1,2]'           1
816    'PGamma[7,1,3]'           1
817    'PGamma[7,2,1]'           1
818    'PGamma[7,2,2]'           1
819    'PGamma[7,2,3]'           1
820    'PGamma[7,3,1]'           1
821    'PGamma[7,3,2]'           1
822    'PGamma[7,3,3]'           1
823    'PGamma[8,1,1]'           1
824    'PGamma[8,1,2]'           1
825    'PGamma[8,1,3]'           1
826    'PGamma[8,2,1]'           1
827    'PGamma[8,2,2]'           1
828    'PGamma[8,2,3]'           1
829    'PGamma[8,3,1]'           1
830    'PGamma[8,3,2]'           1
831    'PGamma[8,3,3]'           1
832    'PGamma[9,1,1]'           1
833    'PGamma[9,1,2]'           1
834    'PGamma[9,1,3]'           1
835    'PGamma[9,2,1]'           1
836    'PGamma[9,2,2]'           1
837    'PGamma[9,2,3]'           1
838    'PGamma[9,3,1]'           1
839    'PGamma[9,3,2]'           1
840    'PGamma[9,3,3]'           1
841    'PGamma[10,1,1]'          1
842    'PGamma[10,1,2]'          1
843    'PGamma[10,1,3]'          1
844    'PGamma[10,2,1]'          1
845    'PGamma[10,2,2]'          1
846    'PGamma[10,2,3]'          1
847    'PGamma[10,3,1]'          1
848    'PGamma[10,3,2]'          1
849    'PGamma[10,3,3]'          1
850    'PGamma[11,1,1]'          1
851    'PGamma[11,1,2]'          1
852    'PGamma[11,1,3]'          1
853    'PGamma[11,2,1]'          1
854    'PGamma[11,2,2]'          1
855    'PGamma[11,2,3]'          1
856    'PGamma[11,3,1]'          1
857    'PGamma[11,3,2]'          1
858    'PGamma[11,3,3]'          1
859    'PGamma[12,1,1]'          1
860    'PGamma[12,1,2]'          1
861    'PGamma[12,1,3]'          1
862    'PGamma[12,2,1]'          1
863    'PGamma[12,2,2]'          1
864    'PGamma[12,2,3]'          1
865    'PGamma[12,3,1]'          1
866    'PGamma[12,3,2]'          1
867    'PGamma[12,3,3]'          1
868    'PGamma[13,1,1]'          1
869    'PGamma[13,1,2]'          1
870    'PGamma[13,1,3]'          1
871    'PGamma[13,2,1]'          1
872    'PGamma[13,2,2]'          1
873    'PGamma[13,2,3]'          1
874    'PGamma[13,3,1]'          1
875    'PGamma[13,3,2]'          1
876    'PGamma[13,3,3]'          1
877    'PGamma[14,1,1]'          1
878    'PGamma[14,1,2]'          1
879    'PGamma[14,1,3]'          1
880    'PGamma[14,2,1]'          1
881    'PGamma[14,2,2]'          1
882    'PGamma[14,2,3]'          1
883    'PGamma[14,3,1]'          1
884    'PGamma[14,3,2]'          1
885    'PGamma[14,3,3]'          1
886    'PGamma[15,1,1]'          1
887    'PGamma[15,1,2]'          1
888    'PGamma[15,1,3]'          1
889    'PGamma[15,2,1]'          1
890    'PGamma[15,2,2]'          1
891    'PGamma[15,2,3]'          1
892    'PGamma[15,3,1]'          1
893    'PGamma[15,3,2]'          1
894    'PGamma[15,3,3]'          1
895    'PGamma[16,1,1]'          1
896    'PGamma[16,1,2]'          1
897    'PGamma[16,1,3]'          1
898    'PGamma[16,2,1]'          1
899    'PGamma[16,2,2]'          1
900    'PGamma[16,2,3]'          1
901    'PGamma[16,3,1]'          1
902    'PGamma[16,3,2]'          1
903    'PGamma[16,3,3]'          1
904    'PGamma[17,1,1]'          1
905    'PGamma[17,1,2]'          1
906    'PGamma[17,1,3]'          1
907    'PGamma[17,2,1]'          1
908    'PGamma[17,2,2]'          1
909    'PGamma[17,2,3]'          1
910    'PGamma[17,3,1]'          1
911    'PGamma[17,3,2]'          1
912    'PGamma[17,3,3]'          1
913    'PGamma[18,1,1]'          1
914    'PGamma[18,1,2]'          1
915    'PGamma[18,1,3]'          1
916    'PGamma[18,2,1]'          1
917    'PGamma[18,2,2]'          1
918    'PGamma[18,2,3]'          1
919    'PGamma[18,3,1]'          1
920    'PGamma[18,3,2]'          1
921    'PGamma[18,3,3]'          1
922    'PGamma[19,1,1]'          1
923    'PGamma[19,1,2]'          1
924    'PGamma[19,1,3]'          1
925    'PGamma[19,2,1]'          1
926    'PGamma[19,2,2]'          1
927    'PGamma[19,2,3]'          1
928    'PGamma[19,3,1]'          1
929    'PGamma[19,3,2]'          1
930    'PGamma[19,3,3]'          1
931    'PGamma[20,1,1]'          1
932    'PGamma[20,1,2]'          1
933    'PGamma[20,1,3]'          1
934    'PGamma[20,2,1]'          1
935    'PGamma[20,2,2]'          1
936    'PGamma[20,2,3]'          1
937    'PGamma[20,3,1]'          1
938    'PGamma[20,3,2]'          1
939    'PGamma[20,3,3]'          1
940    'PGamma[21,1,1]'          1
941    'PGamma[21,1,2]'          1
942    'PGamma[21,1,3]'          1
943    'PGamma[21,2,1]'          1
944    'PGamma[21,2,2]'          1
945    'PGamma[21,2,3]'          1
946    'PGamma[21,3,1]'          1
947    'PGamma[21,3,2]'          1
948    'PGamma[21,3,3]'          1
949    'PGamma[22,1,1]'          1
950    'PGamma[22,1,2]'          1
951    'PGamma[22,1,3]'          1
952    'PGamma[22,2,1]'          1
953    'PGamma[22,2,2]'          1
954    'PGamma[22,2,3]'          1
955    'PGamma[22,3,1]'          1
956    'PGamma[22,3,2]'          1
957    'PGamma[22,3,3]'          1
958    'PGamma[23,1,1]'          1
959    'PGamma[23,1,2]'          1
960    'PGamma[23,1,3]'          1
961    'PGamma[23,2,1]'          1
962    'PGamma[23,2,2]'          1
963    'PGamma[23,2,3]'          1
964    'PGamma[23,3,1]'          1
965    'PGamma[23,3,2]'          1
966    'PGamma[23,3,3]'          1
967    'PGamma[24,1,1]'          1
968    'PGamma[24,1,2]'          1
969    'PGamma[24,1,3]'          1
970    'PGamma[24,2,1]'          1
971    'PGamma[24,2,2]'          1
972    'PGamma[24,2,3]'          1
973    'PGamma[24,3,1]'          1
974    'PGamma[24,3,2]'          1
975    'PGamma[24,3,3]'          1
976    'PGamma[25,1,1]'          1
977    'PGamma[25,1,2]'          1
978    'PGamma[25,1,3]'          1
979    'PGamma[25,2,1]'          1
980    'PGamma[25,2,2]'          1
981    'PGamma[25,2,3]'          1
982    'PGamma[25,3,1]'          1
983    'PGamma[25,3,2]'          1
984    'PGamma[25,3,3]'          1
985    'PGamma[26,1,1]'          1
986    'PGamma[26,1,2]'          1
987    'PGamma[26,1,3]'          1
988    'PGamma[26,2,1]'          1
989    'PGamma[26,2,2]'          1
990    'PGamma[26,2,3]'          1
991    'PGamma[26,3,1]'          1
992    'PGamma[26,3,2]'          1
993    'PGamma[26,3,3]'          1
994    'PGamma[27,1,1]'          1
995    'PGamma[27,1,2]'          1
996    'PGamma[27,1,3]'          1
997    'PGamma[27,2,1]'          1
998    'PGamma[27,2,2]'          1
999    'PGamma[27,2,3]'          1
1000   'PGamma[27,3,1]'          1
1001   'PGamma[27,3,2]'          1
1002   'PGamma[27,3,3]'          1
1003   'PGamma[28,1,1]'          1
1004   'PGamma[28,1,2]'          1
1005   'PGamma[28,1,3]'          1
1006   'PGamma[28,2,1]'          1
1007   'PGamma[28,2,2]'          1
1008   'PGamma[28,2,3]'          1
1009   'PGamma[28,3,1]'          1
1010   'PGamma[28,3,2]'          1
1011   'PGamma[28,3,3]'          1
1012   'PGamma[29,1,1]'          1
1013   'PGamma[29,1,2]'          1
1014   'PGamma[29,1,3]'          1
1015   'PGamma[29,2,1]'          1
1016   'PGamma[29,2,2]'          1
1017   'PGamma[29,2,3]'          1
1018   'PGamma[29,3,1]'          1
1019   'PGamma[29,3,2]'          1
1020   'PGamma[29,3,3]'          1
1021   'PGamma[30,1,1]'          1
1022   'PGamma[30,1,2]'          1
1023   'PGamma[30,1,3]'          1
1024   'PGamma[30,2,1]'          1
1025   'PGamma[30,2,2]'          1
1026   'PGamma[30,2,3]'          1
1027   'PGamma[30,3,1]'          1
1028   'PGamma[30,3,2]'          1
1029   'PGamma[30,3,3]'          1
1030   'SGamma1[1,1]'            1.53979e-06
1031   'SGamma1[1,2]'            1.53979e-06
1032   'SGamma1[1,3]'            1.53979e-06
1033   'SGamma1[2,1]'            1.07553e-06
1034   'SGamma1[2,2]'            1.07553e-06
1035   'SGamma1[2,3]'            1.07553e-06
1036   'SGamma1[3,1]'            1.05471e-06
1037   'SGamma1[3,2]'            1.05471e-06
1038   'SGamma1[3,3]'            1.05471e-06
1039   'SGamma1[4,1]'            1.05397e-06
1040   'SGamma1[4,2]'            1.05397e-06
1041   'SGamma1[4,3]'            1.05397e-06
1042   'SGamma1[5,1]'            1.05448e-06
1043   'SGamma1[5,2]'            1.05448e-06
1044   'SGamma1[5,3]'            1.05448e-06
1045   'SGamma1[6,1]'            1.05494e-06
1046   'SGamma1[6,2]'            1.05494e-06
1047   'SGamma1[6,3]'            1.05494e-06
1048   'SGamma1[7,1]'            1.05515e-06
1049   'SGamma1[7,2]'            1.05515e-06
1050   'SGamma1[7,3]'            1.05515e-06
1051   'SGamma1[8,1]'            1.05523e-06
1052   'SGamma1[8,2]'            1.05523e-06
1053   'SGamma1[8,3]'            1.05523e-06
1054   'SGamma1[9,1]'            1.05594e-06
1055   'SGamma1[9,2]'            1.05594e-06
1056   'SGamma1[9,3]'            1.05594e-06
1057   'SGamma1[10,1]'           1.0581e-06
1058   'SGamma1[10,2]'           1.0581e-06
1059   'SGamma1[10,3]'           1.0581e-06
1060   'SGamma1[11,1]'           1.06284e-06
1061   'SGamma1[11,2]'           1.06284e-06
1062   'SGamma1[11,3]'           1.06284e-06
1063   'SGamma1[12,1]'           1.07423e-06
1064   'SGamma1[12,2]'           1.07423e-06
1065   'SGamma1[12,3]'           1.07423e-06
1066   'SGamma1[13,1]'           1.11471e-06
1067   'SGamma1[13,2]'           1.11471e-06
1068   'SGamma1[13,3]'           1.11471e-06
1069   'SGamma1[14,1]'           1.34621e-06
1070   'SGamma1[14,2]'           1.34621e-06
1071   'SGamma1[14,3]'           1.34621e-06
1072   'SGamma1[15,1]'           1.01296e-06
1073   'SGamma1[15,2]'           1.01296e-06
1074   'SGamma1[15,3]'           1.01296e-06
1075   'SGamma1[16,1]'           9.94678e-07
1076   'SGamma1[16,2]'           9.94678e-07
1077   'SGamma1[16,3]'           9.94678e-07
1078   'SGamma1[17,1]'           1.0165e-06
1079   'SGamma1[17,2]'           1.0165e-06
1080   'SGamma1[17,3]'           1.0165e-06
1081   'SGamma1[18,1]'           1.03368e-06
1082   'SGamma1[18,2]'           1.03368e-06
1083   'SGamma1[18,3]'           1.03368e-06
1084   'SGamma1[19,1]'           1.05172e-06
1085   'SGamma1[19,2]'           1.05172e-06
1086   'SGamma1[19,3]'           1.05172e-06
1087   'SGamma1[20,1]'           1.0704e-06
1088   'SGamma1[20,2]'           1.0704e-06
1089   'SGamma1[20,3]'           1.0704e-06
1090   'SGamma1[21,1]'           1.08884e-06
1091   'SGamma1[21,2]'           1.08884e-06
1092   'SGamma1[21,3]'           1.08884e-06
1093   'SGamma1[22,1]'           1.10822e-06
1094   'SGamma1[22,2]'           1.10822e-06
1095   'SGamma1[22,3]'           1.10822e-06
1096   'SGamma1[23,1]'           1.12775e-06
1097   'SGamma1[23,2]'           1.12775e-06
1098   'SGamma1[23,3]'           1.12775e-06
1099   'SGamma1[24,1]'           1.14752e-06
1100   'SGamma1[24,2]'           1.14752e-06
1101   'SGamma1[24,3]'           1.14752e-06
1102   'SGamma1[25,1]'           1.16764e-06
1103   'SGamma1[25,2]'           1.16764e-06
1104   'SGamma1[25,3]'           1.16764e-06
1105   'SGamma1[26,1]'           1.18808e-06
1106   'SGamma1[26,2]'           1.18808e-06
1107   'SGamma1[26,3]'           1.18808e-06
1108   'SGamma1[27,1]'           1.20927e-06
1109   'SGamma1[27,2]'           1.20927e-06
1110   'SGamma1[27,3]'           1.20927e-06
1111   'SGamma1[28,1]'           1.23415e-06
1112   'SGamma1[28,2]'           1.23415e-06
1113   'SGamma1[28,3]'           1.23415e-06
1114   'SGamma1[29,1]'           1.21622e-06
1115   'SGamma1[29,2]'           1.21622e-06
1116   'SGamma1[29,3]'           1.21622e-06
1117   'SGamma1[30,1]'           8.88082e-07
1118   'SGamma1[30,2]'           8.88082e-07
1119   'SGamma1[30,3]'           8.88082e-07
1120   'SGamma2[1,1]'            1.53979
1121   'SGamma2[1,2]'            1.53979
1122   'SGamma2[1,3]'            1.53979
1123   'SGamma2[2,1]'            1.07553
1124   'SGamma2[2,2]'            1.07553
1125   'SGamma2[2,3]'            1.07553
1126   'SGamma2[3,1]'            1.05471
1127   'SGamma2[3,2]'            1.05471
1128   'SGamma2[3,3]'            1.05471
1129   'SGamma2[4,1]'            1.05397
1130   'SGamma2[4,2]'            1.05397
1131   'SGamma2[4,3]'            1.05397
1132   'SGamma2[5,1]'            1.05448
1133   'SGamma2[5,2]'            1.05448
1134   'SGamma2[5,3]'            1.05448
1135   'SGamma2[6,1]'            1.05494
1136   'SGamma2[6,2]'            1.05494
1137   'SGamma2[6,3]'            1.05494
1138   'SGamma2[7,1]'            1.05515
1139   'SGamma2[7,2]'            1.05515
1140   'SGamma2[7,3]'            1.05515
1141   'SGamma2[8,1]'            1.05523
1142   'SGamma2[8,2]'            1.05523
1143   'SGamma2[8,3]'            1.05523
1144   'SGamma2[9,1]'            1.05594
1145   'SGamma2[9,2]'            1.05594
1146   'SGamma2[9,3]'            1.05594
1147   'SGamma2[10,1]'           1.0581
1148   'SGamma2[10,2]'           1.0581
1149   'SGamma2[10,3]'           1.0581
1150   'SGamma2[11,1]'           1.06284
1151   'SGamma2[11,2]'           1.06284
1152   'SGamma2[11,3]'           1.06284
1153   'SGamma2[12,1]'           1.07423
1154   'SGamma2[12,2]'           1.07423
1155   'SGamma2[12,3]'           1.07423
1156   'SGamma2[13,1]'           1.11471
1157   'SGamma2[13,2]'           1.11471
1158   'SGamma2[13,3]'           1.11471
1159   'SGamma2[14,1]'           1.34621
1160   'SGamma2[14,2]'           1.34621
1161   'SGamma2[14,3]'           1.34621
1162   'SGamma2[15,1]'           1.01296
1163   'SGamma2[15,2]'           1.01296
1164   'SGamma2[15,3]'           1.01296
1165   'SGamma2[16,1]'           0.994678
1166   'SGamma2[16,2]'           0.994678
1167   'SGamma2[16,3]'           0.994678
1168   'SGamma2[17,1]'           1.0165
1169   'SGamma2[17,2]'           1.0165
1170   'SGamma2[17,3]'           1.0165
1171   'SGamma2[18,1]'           1.03368
1172   'SGamma2[18,2]'           1.03368
1173   'SGamma2[18,3]'           1.03368
1174   'SGamma2[19,1]'           1.05172
1175   'SGamma2[19,2]'           1.05172
1176   'SGamma2[19,3]'           1.05172
1177   'SGamma2[20,1]'           1.0704
1178   'SGamma2[20,2]'           1.0704
1179   'SGamma2[20,3]'           1.0704
1180   'SGamma2[21,1]'           1.08884
1181   'SGamma2[21,2]'           1.08884
1182   'SGamma2[21,3]'           1.08884
1183   'SGamma2[22,1]'           1.10822
1184   'SGamma2[22,2]'           1.10822
1185   'SGamma2[22,3]'           1.10822
1186   'SGamma2[23,1]'           1.12775
1187   'SGamma2[23,2]'           1.12775
1188   'SGamma2[23,3]'           1.12775
1189   'SGamma2[24,1]'           1.14752
1190   'SGamma2[24,2]'           1.14752
1191   'SGamma2[24,3]'           1.14752
1192   'SGamma2[25,1]'           1.16764
1193   'SGamma2[25,2]'           1.16764
1194   'SGamma2[25,3]'           1.16764
1195   'SGamma2[26,1]'           1.18808
1196   'SGamma2[26,2]'           1.18808
1197   'SGamma2[26,3]'           1.18808
1198   'SGamma2[27,1]'           1.20927
1199   'SGamma2[27,2]'           1.20927
1200   'SGamma2[27,3]'           1.20927
1201   'SGamma2[28,1]'           1.23415
1202   'SGamma2[28,2]'           1.23415
1203   'SGamma2[28,3]'           1.23415
1204   'SGamma2[29,1]'           1.21622
1205   'SGamma2[29,2]'           1.21622
1206   'SGamma2[29,3]'           1.21622
1207   'SGamma2[30,1]'           0.888082
1208   'SGamma2[30,2]'           0.888082
1209   'SGamma2[30,3]'           0.888082
1210   'gamma[1,1]'              1
1211   'gamma[1,2]'              1
1212   'gamma[1,3]'              1
1213   'gamma[2,1]'              1
1214   'gamma[2,2]'              1
1215   'gamma[2,3]'              1
1216   'gamma[3,1]'              1
1217   'gamma[3,2]'              1
1218   'gamma[3,3]'              1
1219   'gamma[4,1]'              1
1220   'gamma[4,2]'              1
1221   'gamma[4,3]'              1
1222   'gamma[5,1]'              1
1223   'gamma[5,2]'              1
1224   'gamma[5,3]'              1
1225   'gamma[6,1]'              1
1226   'gamma[6,2]'              1
1227   'gamma[6,3]'              1
1228   'gamma[7,1]'              1
1229   'gamma[7,2]'              1
1230   'gamma[7,3]'              1
1231   'gamma[8,1]'              1
1232   'gamma[8,2]'              1
1233   'gamma[8,3]'              1
1234   'gamma[9,1]'              1
1235   'gamma[9,2]'              1
1236   'gamma[9,3]'              1
1237   'gamma[10,1]'             1
1238   'gamma[10,2]'             1
1239   'gamma[10,3]'             1
1240   'gamma[11,1]'             1
1241   'gamma[11,2]'             1
1242   'gamma[11,3]'             1
1243   'gamma[12,1]'             1
1244   'gamma[12,2]'             1
1245   'gamma[12,3]'             1
1246   'gamma[13,1]'             1
1247   'gamma[13,2]'             1
1248   'gamma[13,3]'             1
1249   'gamma[14,1]'             1
1250   'gamma[14,2]'             1
1251   'gamma[14,3]'             1
1252   'gamma[15,1]'             1
1253   'gamma[15,2]'             1
1254   'gamma[15,3]'             1
1255   'gamma[16,1]'             1
1256   'gamma[16,2]'             1
1257   'gamma[16,3]'             1
1258   'gamma[17,1]'             1
1259   'gamma[17,2]'             1
1260   'gamma[17,3]'             1
1261   'gamma[18,1]'             1
1262   'gamma[18,2]'             1
1263   'gamma[18,3]'             1
1264   'gamma[19,1]'             1
1265   'gamma[19,2]'             1
1266   'gamma[19,3]'             1
1267   'gamma[20,1]'             1
1268   'gamma[20,2]'             1
1269   'gamma[20,3]'             1
1270   'gamma[21,1]'             1
1271   'gamma[21,2]'             1
1272   'gamma[21,3]'             1
1273   'gamma[22,1]'             1
1274   'gamma[22,2]'             1
1275   'gamma[22,3]'             1
1276   'gamma[23,1]'             1
1277   'gamma[23,2]'             1
1278   'gamma[23,3]'             1
1279   'gamma[24,1]'             1
1280   'gamma[24,2]'             1
1281   'gamma[24,3]'             1
1282   'gamma[25,1]'             1
1283   'gamma[25,2]'             1
1284   'gamma[25,3]'             1
1285   'gamma[26,1]'             1
1286   'gamma[26,2]'             1
1287   'gamma[26,3]'             1
1288   'gamma[27,1]'             1
1289   'gamma[27,2]'             1
1290   'gamma[27,3]'             1
1291   'gamma[28,1]'             1
1292   'gamma[28,2]'             1
1293   'gamma[28,3]'             1
1294   'gamma[29,1]'             1
1295   'gamma[29,2]'             1
1296   'gamma[29,3]'             1
1297   'gamma[30,1]'             1
1298   'gamma[30,2]'             1
1299   'gamma[30,3]'             1
1300   'PrS[1,1]'            56800.1
1301   'PrS[1,2]'            25637.4
1302   'PrS[1,3]'            18895.1
1303   'PrS[2,1]'            79176
1304   'PrS[2,2]'            36973.3
1305   'PrS[2,3]'            27647.6
1306   'PrS[3,1]'            78503.1
1307   'PrS[3,2]'            36627.4
1308   'PrS[3,3]'            27378.8
1309   'PrS[4,1]'            76115
1310   'PrS[4,2]'            35402
1311   'PrS[4,3]'            26427.5
1312   'PrS[5,1]'            73601.7
1313   'PrS[5,2]'            34116.3
1314   'PrS[5,3]'            25430.8
1315   'PrS[6,1]'            70992.3
1316   'PrS[6,2]'            32785.9
1317   'PrS[6,3]'            24400.8
1318   'PrS[7,1]'            68143.9
1319   'PrS[7,2]'            31339
1320   'PrS[7,3]'            23282.4
1321   'PrS[8,1]'            65011.1
1322   'PrS[8,2]'            29754.5
1323   'PrS[8,3]'            22059.9
1324   'PrS[9,1]'            61771.5
1325   'PrS[9,2]'            28123.6
1326   'PrS[9,3]'            20804.1
1327   'PrS[10,1]'           58696.7
1328   'PrS[10,2]'           26583.4
1329   'PrS[10,3]'           19620.7
1330   'PrS[11,1]'           56088.7
1331   'PrS[11,2]'           25283.3
1332   'PrS[11,3]'           18623.8
1333   'PrS[12,1]'           54521.4
1334   'PrS[12,2]'           24504.7
1335   'PrS[12,3]'           18027.7
1336   'PrS[13,1]'           57284.4
1337   'PrS[13,2]'           25878.7
1338   'PrS[13,3]'           19080.1
1339   'PrS[14,1]'           91817.2
1340   'PrS[14,2]'           43521.8
1341   'PrS[14,3]'           32751.9
1342   'PrS[15,1]'           55649.3
1343   'PrS[15,2]'           25064.8
1344   'PrS[15,3]'           18456.4
1345   'PrS[16,1]'           51850.9
1346   'PrS[16,2]'           23183.3
1347   'PrS[16,3]'           17017.7
1348   'PrS[17,1]'           51993.5
1349   'PrS[17,2]'           23253.7
1350   'PrS[17,3]'           17071.4
1351   'PrS[18,1]'           52282
1352   'PrS[18,2]'           23396.2
1353   'PrS[18,3]'           17180.2
1354   'PrS[19,1]'           52533.2
1355   'PrS[19,2]'           23520.3
1356   'PrS[19,3]'           17275
1357   'PrS[20,1]'           52756.2
1358   'PrS[20,2]'           23630.5
1359   'PrS[20,3]'           17359.3
1360   'PrS[21,1]'           52983.7
1361   'PrS[21,2]'           23743
1362   'PrS[21,3]'           17445.2
1363   'PrS[22,1]'           53170.6
1364   'PrS[22,2]'           23835.5
1365   'PrS[22,3]'           17515.9
1366   'PrS[23,1]'           53340.6
1367   'PrS[23,2]'           23919.6
1368   'PrS[23,3]'           17580.2
1369   'PrS[24,1]'           53487.7
1370   'PrS[24,2]'           23992.5
1371   'PrS[24,3]'           17635.9
1372   'PrS[25,1]'           53603.3
1373   'PrS[25,2]'           24049.7
1374   'PrS[25,3]'           17679.6
1375   'PrS[26,1]'           53684.9
1376   'PrS[26,2]'           24090.1
1377   'PrS[26,3]'           17710.6
1378   'PrS[27,1]'           53710.1
1379   'PrS[27,2]'           24102.6
1380   'PrS[27,3]'           17720.1
1381   'PrS[28,1]'           53559
1382   'PrS[28,2]'           24027.7
1383   'PrS[28,3]'           17662.9
1384   'PrS[29,1]'           52559.1
1385   'PrS[29,2]'           23533.1
1386   'PrS[29,3]'           17284.8
1387   'PrS[30,1]'          141929
1388   'PrS[30,2]'           70231.2
1389   'PrS[30,3]'           53829.8
1390   'PrSF[1]'             52610
1391   'PrSF[2]'             23558.2
1392   'PrSF[3]'             17304
1393   Vap                      48.1413
;

