solve_message = 'LOQO 7.00: iteration limit (500 iterations, 4189 evaluations)\
primal objective 79.9319738052193\
  dual objective -625270280035.6886'

:           _varname              _var          :=
1      'F[2]'                    0
2      'F[3]'                    0
3      'F[4]'                    0
4      'F[5]'                    0
5      'F[6]'                    0
6      'F[7]'                    0
7      'F[8]'                    0
8      'F[9]'                    0
9      'F[10]'                   0
10     'F[11]'                   0
11     'F[12]'                   0
12     'F[13]'                   0
13     'F[14]'                   0
14     'F[15]'                 100
15     'F[16]'                   0
16     'F[17]'                   0
17     'F[18]'                   0
18     'F[19]'                   0
19     'F[20]'                   0
20     'F[21]'                   0
21     'F[22]'                   0
22     'F[23]'                   0
23     'F[24]'                   0
24     'F[25]'                   0
25     'F[26]'                   0
26     'F[27]'                   0
27     'F[28]'                   0
28     'F[29]'                   0
29     'V[1]'                   79.932
30     'V[2]'                   57.8398
31     'V[3]'                   52.2461
32     'V[4]'                   50.6359
33     'V[5]'                   49.6659
34     'V[6]'                   48.8685
35     'V[7]'                   48.0383
36     'V[8]'                   47.5309
37     'V[9]'                   46.9651
38     'V[10]'                  46.5368
39     'V[11]'                  46.2732
40     'V[12]'                  46.4654
41     'V[13]'                  50.5961
42     'V[14]'                  63.0084
43     'V[15]'                  57.9643
44     'V[16]'                  55.4823
45     'V[17]'                  55.3078
46     'V[18]'                  56.0349
47     'V[19]'                  56.9054
48     'V[20]'                  57.8997
49     'V[21]'                  59.0125
50     'V[22]'                  60.2296
51     'V[23]'                  61.5221
52     'V[24]'                  62.9263
53     'V[25]'                  64.4676
54     'V[26]'                  66.168
55     'V[27]'                  68.0482
56     'V[28]'                  70.1273
57     'V[29]'                  71.2986
58     'V[30]'                   0
59     'y[1,1]'                  0.105901
60     'y[1,2]'                  0.238368
61     'y[1,3]'                  0.431875
62     'y[2,1]'                  0.240092
63     'y[2,2]'                  0.322668
64     'y[2,3]'                  0.482648
65     'y[3,1]'                  0.374024
66     'y[3,2]'                  0.338712
67     'y[3,3]'                  0.446777
68     'y[4,1]'                  0.489636
69     'y[4,2]'                  0.324374
70     'y[4,3]'                  0.392008
71     'y[5,1]'                  0.5868
72     'y[5,2]'                  0.306304
73     'y[5,3]'                  0.346731
74     'y[6,1]'                  0.663177
75     'y[6,2]'                  0.292597
76     'y[6,3]'                  0.313517
77     'y[7,1]'                  0.720181
78     'y[7,2]'                  0.285954
79     'y[7,3]'                  0.290755
80     'y[8,1]'                  0.755982
81     'y[8,2]'                  0.28462
82     'y[8,3]'                  0.274097
83     'y[9,1]'                  0.778656
84     'y[9,2]'                  0.289542
85     'y[9,3]'                  0.263174
86     'y[10,1]'                 0.786762
87     'y[10,2]'                 0.298199
88     'y[10,3]'                 0.254939
89     'y[11,1]'                 0.778762
90     'y[11,2]'                 0.308477
91     'y[11,3]'                 0.247304
92     'y[12,1]'                 0.742827
93     'y[12,2]'                 0.314159
94     'y[12,3]'                 0.235433
95     'y[13,1]'                 0.643146
96     'y[13,2]'                 0.29655
97     'y[13,3]'                 0.20673
98     'y[14,1]'                 0.51742
99     'y[14,2]'                 0.263882
100    'y[14,3]'                 0.169865
101    'y[15,1]'                 0.554991
102    'y[15,2]'                 0.308973
103    'y[15,3]'                 0.183156
104    'y[16,1]'                 0.574773
105    'y[16,2]'                 0.336711
106    'y[16,3]'                 0.188447
107    'y[17,1]'                 0.574076
108    'y[17,2]'                 0.361176
109    'y[17,3]'                 0.179778
110    'y[18,1]'                 0.565059
111    'y[18,2]'                 0.380843
112    'y[18,3]'                 0.168721
113    'y[19,1]'                 0.554917
114    'y[19,2]'                 0.398787
115    'y[19,3]'                 0.157697
116    'y[20,1]'                 0.544173
117    'y[20,2]'                 0.415521
118    'y[20,3]'                 0.14697
119    'y[21,1]'                 0.533042
120    'y[21,2]'                 0.431323
121    'y[21,3]'                 0.136569
122    'y[22,1]'                 0.521525
123    'y[22,2]'                 0.446009
124    'y[22,3]'                 0.126353
125    'y[23,1]'                 0.509758
126    'y[23,2]'                 0.459448
127    'y[23,3]'                 0.116293
128    'y[24,1]'                 0.497564
129    'y[24,2]'                 0.471454
130    'y[24,3]'                 0.106425
131    'y[25,1]'                 0.484891
132    'y[25,2]'                 0.481927
133    'y[25,3]'                 0.0968242
134    'y[26,1]'                 0.471744
135    'y[26,2]'                 0.490811
136    'y[26,3]'                 0.0875652
137    'y[27,1]'                 0.458141
138    'y[27,2]'                 0.498061
139    'y[27,3]'                 0.078714
140    'y[28,1]'                 0.444124
141    'y[28,2]'                 0.503659
142    'y[28,3]'                 0.0703281
143    'y[29,1]'                 0.436647
144    'y[29,2]'                 0.515884
145    'y[29,3]'                 0.063474
146    'y[30,1]'                 0.515482
147    'y[30,2]'                 0.632631
148    'y[30,3]'                 0.068091
149    'L[1]'                    0
150    'L[2]'                  100.485
151    'L[3]'                  102.688
152    'L[4]'                  103.261
153    'L[5]'                  103.528
154    'L[6]'                  103.702
155    'L[7]'                  103.788
156    'L[8]'                  103.826
157    'L[9]'                  103.636
158    'L[10]'                 103.423
159    'L[11]'                 102.981
160    'L[12]'                 102.21
161    'L[13]'                 101.192
162    'L[14]'                  99.7401
163    'L[15]'                  96.1851
164    'L[16]'                   2.55316
165    'L[17]'                   1.58321
166    'L[18]'                   1.09108
167    'L[19]'                   0.775253
168    'L[20]'                   0.4732
169    'L[21]'                   0.244786
170    'L[22]'                   0.127316
171    'L[23]'                   0.0814598
172    'L[24]'                   0.0532461
173    'L[25]'                   0.0356367
174    'L[26]'                   0.0242068
175    'L[27]'                   0.01727
176    'L[28]'                   0.0139189
177    'L[29]'                   0.0135297
178    'L[30]'                   0.188469
179    'x[1,1]'                  0.0789448
180    'x[1,2]'                  0.407606
181    'x[1,3]'                  1.01679
182    'x[2,1]'                  0.106466
183    'x[2,2]'                  0.311193
184    'x[2,3]'                  0.626334
185    'x[3,1]'                  0.156438
186    'x[3,2]'                  0.306242
187    'x[3,3]'                  0.542176
188    'x[4,1]'                  0.209656
189    'x[4,2]'                  0.300909
190    'x[4,3]'                  0.488591
191    'x[5,1]'                  0.259027
192    'x[5,2]'                  0.293806
193    'x[5,3]'                  0.44744
194    'x[6,1]'                  0.299551
195    'x[6,2]'                  0.287846
196    'x[6,3]'                  0.415352
197    'x[7,1]'                  0.329541
198    'x[7,2]'                  0.285357
199    'x[7,3]'                  0.390948
200    'x[8,1]'                  0.348985
201    'x[8,2]'                  0.286811
202    'x[8,3]'                  0.372292
203    'x[9,1]'                  0.360611
204    'x[9,2]'                  0.292825
205    'x[9,3]'                  0.358783
206    'x[10,1]'                 0.36507
207    'x[10,2]'                 0.302238
208    'x[10,3]'                 0.348329
209    'x[11,1]'                 0.36393
210    'x[11,2]'                 0.315119
211    'x[11,3]'                 0.340651
212    'x[12,1]'                 0.357082
213    'x[12,2]'                 0.331073
214    'x[12,3]'                 0.334959
215    'x[13,1]'                 0.340889
216    'x[13,2]'                 0.348065
217    'x[13,3]'                 0.328975
218    'x[14,1]'                 0.320696
219    'x[14,2]'                 0.368106
220    'x[14,3]'                 0.323471
221    'x[15,1]'                 0.328073
222    'x[15,2]'                 0.408936
223    'x[15,3]'                 0.33028
224    'x[16,1]'                 0.306491
225    'x[16,2]'                 0.397619
226    'x[16,3]'                 0.301906
227    'x[17,1]'                 0.297042
228    'x[17,2]'                 0.412569
229    'x[17,3]'                 0.278251
230    'x[18,1]'                 0.290823
231    'x[18,2]'                 0.432485
232    'x[18,3]'                 0.259547
233    'x[19,1]'                 0.284777
234    'x[19,2]'                 0.451419
235    'x[19,3]'                 0.241786
236    'x[20,1]'                 0.280988
237    'x[20,2]'                 0.473571
238    'x[20,3]'                 0.226941
239    'x[21,1]'                 0.28042
240    'x[21,2]'                 0.501808
241    'x[21,3]'                 0.215445
242    'x[22,1]'                 0.281527
243    'x[22,2]'                 0.533886
244    'x[22,3]'                 0.205318
245    'x[23,1]'                 0.282492
246    'x[23,2]'                 0.566152
247    'x[23,3]'                 0.194753
248    'x[24,1]'                 0.283124
249    'x[24,2]'                 0.59817
250    'x[24,3]'                 0.183729
251    'x[25,1]'                 0.283356
252    'x[25,2]'                 0.629705
253    'x[25,3]'                 0.172348
254    'x[26,1]'                 0.283211
255    'x[26,2]'                 0.660715
256    'x[26,3]'                 0.16078
257    'x[27,1]'                 0.282718
258    'x[27,2]'                 0.691167
259    'x[27,3]'                 0.149178
260    'x[28,1]'                 0.281919
261    'x[28,2]'                 0.721085
262    'x[28,3]'                 0.137688
263    'x[29,1]'                 0.285856
264    'x[29,2]'                 0.764182
265    'x[29,3]'                 0.128753
266    'x[30,1]'                 0.0725673
267    'x[30,2]'                 0.17287
268    'x[30,3]'                 0.0238381
269    PC                       60.3101
270    PR                       28.5599
271    'T[1]'                  354.6
272    'T[2]'                  370.597
273    'T[3]'                  372.509
274    'T[4]'                  371.745
275    'T[5]'                  370.756
276    'T[6]'                  370.013
277    'T[7]'                  369.595
278    'T[8]'                  369.311
279    'T[9]'                  369.208
280    'T[10]'                 369.145
281    'T[11]'                 368.917
282    'T[12]'                 368.014
283    'T[13]'                 364.926
284    'T[14]'                 360.112
285    'T[15]'                 361.554
286    'T[16]'                 364.74
287    'T[17]'                 365.684
288    'T[18]'                 365.852
289    'T[19]'                 365.943
290    'T[20]'                 365.749
291    'T[21]'                 365.164
292    'T[22]'                 364.357
293    'T[23]'                 363.541
294    'T[24]'                 362.722
295    'T[25]'                 361.903
296    'T[26]'                 361.077
297    'T[27]'                 360.239
298    'T[28]'                 359.383
299    'T[29]'                 358.455
300    'T[30]'                 412.797
301    TF                      362.252
302    QC                      524.051
303    QR                      586.637
304    'H[1,1]'                  1.78436
305    'H[1,2]'                  2.13577
306    'H[1,3]'                  2.02234
307    'H[2,1]'                  2.33975
308    'H[2,2]'                  2.80572
309    'H[2,3]'                  2.66108
310    'H[3,1]'                  2.40766
311    'H[3,2]'                  2.88783
312    'H[3,3]'                  2.73944
313    'H[4,1]'                  2.38049
314    'H[4,2]'                  2.85497
315    'H[4,3]'                  2.70808
316    'H[5,1]'                  2.34541
317    'H[5,2]'                  2.81256
318    'H[5,3]'                  2.66761
319    'H[6,1]'                  2.31909
320    'H[6,2]'                  2.78074
321    'H[6,3]'                  2.63725
322    'H[7,1]'                  2.30432
323    'H[7,2]'                  2.7629
324    'H[7,3]'                  2.62022
325    'H[8,1]'                  2.29429
326    'H[8,2]'                  2.75078
327    'H[8,3]'                  2.60866
328    'H[9,1]'                  2.29063
329    'H[9,2]'                  2.74635
330    'H[9,3]'                  2.60443
331    'H[10,1]'                 2.28843
332    'H[10,2]'                 2.74369
333    'H[10,3]'                 2.6019
334    'H[11,1]'                 2.28039
335    'H[11,2]'                 2.73398
336    'H[11,3]'                 2.59263
337    'H[12,1]'                 2.24854
338    'H[12,2]'                 2.6955
339    'H[12,3]'                 2.55592
340    'H[13,1]'                 2.1403
341    'H[13,2]'                 2.5648
342    'H[13,3]'                 2.43125
343    'H[14,1]'                 1.97317
344    'H[14,2]'                 2.3632
345    'H[14,3]'                 2.23904
346    'H[15,1]'                 2.02301
347    'H[15,2]'                 2.4233
348    'H[15,3]'                 2.29632
349    'H[16,1]'                 2.13379
350    'H[16,2]'                 2.55695
351    'H[16,3]'                 2.42376
352    'H[17,1]'                 2.16679
353    'H[17,2]'                 2.59678
354    'H[17,3]'                 2.46175
355    'H[18,1]'                 2.17266
356    'H[18,2]'                 2.60387
357    'H[18,3]'                 2.4685
358    'H[19,1]'                 2.17585
359    'H[19,2]'                 2.60772
360    'H[19,3]'                 2.47218
361    'H[20,1]'                 2.16906
362    'H[20,2]'                 2.59952
363    'H[20,3]'                 2.46436
364    'H[21,1]'                 2.14858
365    'H[21,2]'                 2.5748
366    'H[21,3]'                 2.44079
367    'H[22,1]'                 2.12044
368    'H[22,2]'                 2.54083
369    'H[22,3]'                 2.40839
370    'H[23,1]'                 2.09199
371    'H[23,2]'                 2.50651
372    'H[23,3]'                 2.37566
373    'H[24,1]'                 2.06353
374    'H[24,2]'                 2.47217
375    'H[24,3]'                 2.34292
376    'H[25,1]'                 2.0351
377    'H[25,2]'                 2.43788
378    'H[25,3]'                 2.31022
379    'H[26,1]'                 2.00649
380    'H[26,2]'                 2.40338
381    'H[26,3]'                 2.27734
382    'H[27,1]'                 1.97754
383    'H[27,2]'                 2.36848
384    'H[27,3]'                 2.24407
385    'H[28,1]'                 1.94806
386    'H[28,2]'                 2.33293
387    'H[28,3]'                 2.21019
388    'H[29,1]'                 1.91611
389    'H[29,2]'                 2.29444
390    'H[29,3]'                 2.17351
391    'H[30,1]'                 3.91363
392    'H[30,2]'                 4.71831
393    'H[30,3]'                 4.48827
394    'HF[1]'                   2.04722
395    'HF[2]'                   2.4525
396    'HF[3]'                   2.32416
397    'h[1,1]'                 -7.92843
398    'h[1,2]'                 -8.68061
399    'h[1,3]'                 -9.40506
400    'h[2,1]'                 -7.11748
401    'h[2,2]'                 -7.74803
402    'h[2,3]'                 -8.49832
403    'h[3,1]'                 -7.01854
404    'h[3,2]'                 -7.63429
405    'h[3,3]'                 -8.38729
406    'h[4,1]'                 -7.05812
407    'h[4,2]'                 -7.67979
408    'h[4,3]'                 -8.43172
409    'h[5,1]'                 -7.10924
410    'h[5,2]'                 -7.73855
411    'h[5,3]'                 -8.48908
412    'h[6,1]'                 -7.1476
413    'h[6,2]'                 -7.78265
414    'h[6,3]'                 -8.53211
415    'h[7,1]'                 -7.16912
416    'h[7,2]'                 -7.80739
417    'h[7,3]'                 -8.55624
418    'h[8,1]'                 -7.18374
419    'h[8,2]'                 -7.82419
420    'h[8,3]'                 -8.57263
421    'h[9,1]'                 -7.18908
422    'h[9,2]'                 -7.83033
423    'h[9,3]'                 -8.57862
424    'h[10,1]'                -7.19229
425    'h[10,2]'                -7.83402
426    'h[10,3]'                -8.58221
427    'h[11,1]'                -7.20401
428    'h[11,2]'                -7.84749
429    'h[11,3]'                -8.59535
430    'h[12,1]'                -7.25044
431    'h[12,2]'                -7.90087
432    'h[12,3]'                -8.6474
433    'h[13,1]'                -7.40832
434    'h[13,2]'                -8.08239
435    'h[13,3]'                -8.82423
436    'h[14,1]'                -7.65234
437    'h[14,2]'                -8.363
438    'h[14,3]'                -9.09708
439    'h[15,1]'                -7.57953
440    'h[15,2]'                -8.27927
441    'h[15,3]'                -9.01573
442    'h[16,1]'                -7.41781
443    'h[16,2]'                -8.0933
444    'h[16,3]'                -8.83485
445    'h[17,1]'                -7.36967
446    'h[17,2]'                -8.03795
447    'h[17,3]'                -8.78096
448    'h[18,1]'                -7.36111
449    'h[18,2]'                -8.0281
450    'h[18,3]'                -8.77137
451    'h[19,1]'                -7.35645
452    'h[19,2]'                -8.02275
453    'h[19,3]'                -8.76615
454    'h[20,1]'                -7.36636
455    'h[20,2]'                -8.03414
456    'h[20,3]'                -8.77725
457    'h[21,1]'                -7.39623
458    'h[21,2]'                -8.06849
459    'h[21,3]'                -8.81069
460    'h[22,1]'                -7.4373
461    'h[22,2]'                -8.11571
462    'h[22,3]'                -8.85666
463    'h[23,1]'                -7.47882
464    'h[23,2]'                -8.16344
465    'h[23,3]'                -8.90311
466    'h[24,1]'                -7.52036
467    'h[24,2]'                -8.21122
468    'h[24,3]'                -8.94958
469    'h[25,1]'                -7.56188
470    'h[25,2]'                -8.25896
471    'h[25,3]'                -8.99599
472    'h[26,1]'                -7.60365
473    'h[26,2]'                -8.30701
474    'h[26,3]'                -9.04269
475    'h[27,1]'                -7.64595
476    'h[27,2]'                -8.35565
477    'h[27,3]'                -9.08994
478    'h[28,1]'                -7.68903
479    'h[28,2]'                -8.4052
480    'h[28,3]'                -9.13805
481    'h[29,1]'                -7.73572
482    'h[29,2]'                -8.4589
483    'h[29,3]'                -9.19017
484    'h[30,1]'                -4.82566
485    'h[30,2]'                -5.11406
486    'h[30,3]'                -5.91441
487    'hF[1]'                  -7.54417
488    'hF[2]'                  -8.2386
489    'hF[3]'                  -8.9762
490    'tauGamma[1,1,1]'     1e-06
491    'tauGamma[1,1,2]'     1e-06
492    'tauGamma[1,1,3]'     1e-06
493    'tauGamma[1,2,1]'     1e-06
494    'tauGamma[1,2,2]'     1e-06
495    'tauGamma[1,2,3]'     1e-06
496    'tauGamma[1,3,1]'     1e-06
497    'tauGamma[1,3,2]'     1e-06
498    'tauGamma[1,3,3]'     1e-06
499    'tauGamma[2,1,1]'     1e-06
500    'tauGamma[2,1,2]'     1e-06
501    'tauGamma[2,1,3]'     1e-06
502    'tauGamma[2,2,1]'     1e-06
503    'tauGamma[2,2,2]'     1e-06
504    'tauGamma[2,2,3]'     1e-06
505    'tauGamma[2,3,1]'     1e-06
506    'tauGamma[2,3,2]'     1e-06
507    'tauGamma[2,3,3]'     1e-06
508    'tauGamma[3,1,1]'     1e-06
509    'tauGamma[3,1,2]'     1e-06
510    'tauGamma[3,1,3]'     1e-06
511    'tauGamma[3,2,1]'     1e-06
512    'tauGamma[3,2,2]'     1e-06
513    'tauGamma[3,2,3]'     1e-06
514    'tauGamma[3,3,1]'     1e-06
515    'tauGamma[3,3,2]'     1e-06
516    'tauGamma[3,3,3]'     1e-06
517    'tauGamma[4,1,1]'     1e-06
518    'tauGamma[4,1,2]'     1e-06
519    'tauGamma[4,1,3]'     1e-06
520    'tauGamma[4,2,1]'     1e-06
521    'tauGamma[4,2,2]'     1e-06
522    'tauGamma[4,2,3]'     1e-06
523    'tauGamma[4,3,1]'     1e-06
524    'tauGamma[4,3,2]'     1e-06
525    'tauGamma[4,3,3]'     1e-06
526    'tauGamma[5,1,1]'     1e-06
527    'tauGamma[5,1,2]'     1e-06
528    'tauGamma[5,1,3]'     1e-06
529    'tauGamma[5,2,1]'     1e-06
530    'tauGamma[5,2,2]'     1e-06
531    'tauGamma[5,2,3]'     1e-06
532    'tauGamma[5,3,1]'     1e-06
533    'tauGamma[5,3,2]'     1e-06
534    'tauGamma[5,3,3]'     1e-06
535    'tauGamma[6,1,1]'     1e-06
536    'tauGamma[6,1,2]'     1e-06
537    'tauGamma[6,1,3]'     1e-06
538    'tauGamma[6,2,1]'     1e-06
539    'tauGamma[6,2,2]'     1e-06
540    'tauGamma[6,2,3]'     1e-06
541    'tauGamma[6,3,1]'     1e-06
542    'tauGamma[6,3,2]'     1e-06
543    'tauGamma[6,3,3]'     1e-06
544    'tauGamma[7,1,1]'     1e-06
545    'tauGamma[7,1,2]'     1e-06
546    'tauGamma[7,1,3]'     1e-06
547    'tauGamma[7,2,1]'     1e-06
548    'tauGamma[7,2,2]'     1e-06
549    'tauGamma[7,2,3]'     1e-06
550    'tauGamma[7,3,1]'     1e-06
551    'tauGamma[7,3,2]'     1e-06
552    'tauGamma[7,3,3]'     1e-06
553    'tauGamma[8,1,1]'     1e-06
554    'tauGamma[8,1,2]'     1e-06
555    'tauGamma[8,1,3]'     1e-06
556    'tauGamma[8,2,1]'     1e-06
557    'tauGamma[8,2,2]'     1e-06
558    'tauGamma[8,2,3]'     1e-06
559    'tauGamma[8,3,1]'     1e-06
560    'tauGamma[8,3,2]'     1e-06
561    'tauGamma[8,3,3]'     1e-06
562    'tauGamma[9,1,1]'     1e-06
563    'tauGamma[9,1,2]'     1e-06
564    'tauGamma[9,1,3]'     1e-06
565    'tauGamma[9,2,1]'     1e-06
566    'tauGamma[9,2,2]'     1e-06
567    'tauGamma[9,2,3]'     1e-06
568    'tauGamma[9,3,1]'     1e-06
569    'tauGamma[9,3,2]'     1e-06
570    'tauGamma[9,3,3]'     1e-06
571    'tauGamma[10,1,1]'    1e-06
572    'tauGamma[10,1,2]'    1e-06
573    'tauGamma[10,1,3]'    1e-06
574    'tauGamma[10,2,1]'    1e-06
575    'tauGamma[10,2,2]'    1e-06
576    'tauGamma[10,2,3]'    1e-06
577    'tauGamma[10,3,1]'    1e-06
578    'tauGamma[10,3,2]'    1e-06
579    'tauGamma[10,3,3]'    1e-06
580    'tauGamma[11,1,1]'    1e-06
581    'tauGamma[11,1,2]'    1e-06
582    'tauGamma[11,1,3]'    1e-06
583    'tauGamma[11,2,1]'    1e-06
584    'tauGamma[11,2,2]'    1e-06
585    'tauGamma[11,2,3]'    1e-06
586    'tauGamma[11,3,1]'    1e-06
587    'tauGamma[11,3,2]'    1e-06
588    'tauGamma[11,3,3]'    1e-06
589    'tauGamma[12,1,1]'    1e-06
590    'tauGamma[12,1,2]'    1e-06
591    'tauGamma[12,1,3]'    1e-06
592    'tauGamma[12,2,1]'    1e-06
593    'tauGamma[12,2,2]'    1e-06
594    'tauGamma[12,2,3]'    1e-06
595    'tauGamma[12,3,1]'    1e-06
596    'tauGamma[12,3,2]'    1e-06
597    'tauGamma[12,3,3]'    1e-06
598    'tauGamma[13,1,1]'    1e-06
599    'tauGamma[13,1,2]'    1e-06
600    'tauGamma[13,1,3]'    1e-06
601    'tauGamma[13,2,1]'    1e-06
602    'tauGamma[13,2,2]'    1e-06
603    'tauGamma[13,2,3]'    1e-06
604    'tauGamma[13,3,1]'    1e-06
605    'tauGamma[13,3,2]'    1e-06
606    'tauGamma[13,3,3]'    1e-06
607    'tauGamma[14,1,1]'    1e-06
608    'tauGamma[14,1,2]'    1e-06
609    'tauGamma[14,1,3]'    1e-06
610    'tauGamma[14,2,1]'    1e-06
611    'tauGamma[14,2,2]'    1e-06
612    'tauGamma[14,2,3]'    1e-06
613    'tauGamma[14,3,1]'    1e-06
614    'tauGamma[14,3,2]'    1e-06
615    'tauGamma[14,3,3]'    1e-06
616    'tauGamma[15,1,1]'    1e-06
617    'tauGamma[15,1,2]'    1e-06
618    'tauGamma[15,1,3]'    1e-06
619    'tauGamma[15,2,1]'    1e-06
620    'tauGamma[15,2,2]'    1e-06
621    'tauGamma[15,2,3]'    1e-06
622    'tauGamma[15,3,1]'    1e-06
623    'tauGamma[15,3,2]'    1e-06
624    'tauGamma[15,3,3]'    1e-06
625    'tauGamma[16,1,1]'    1e-06
626    'tauGamma[16,1,2]'    1e-06
627    'tauGamma[16,1,3]'    1e-06
628    'tauGamma[16,2,1]'    1e-06
629    'tauGamma[16,2,2]'    1e-06
630    'tauGamma[16,2,3]'    1e-06
631    'tauGamma[16,3,1]'    1e-06
632    'tauGamma[16,3,2]'    1e-06
633    'tauGamma[16,3,3]'    1e-06
634    'tauGamma[17,1,1]'    1e-06
635    'tauGamma[17,1,2]'    1e-06
636    'tauGamma[17,1,3]'    1e-06
637    'tauGamma[17,2,1]'    1e-06
638    'tauGamma[17,2,2]'    1e-06
639    'tauGamma[17,2,3]'    1e-06
640    'tauGamma[17,3,1]'    1e-06
641    'tauGamma[17,3,2]'    1e-06
642    'tauGamma[17,3,3]'    1e-06
643    'tauGamma[18,1,1]'    1e-06
644    'tauGamma[18,1,2]'    1e-06
645    'tauGamma[18,1,3]'    1e-06
646    'tauGamma[18,2,1]'    1e-06
647    'tauGamma[18,2,2]'    1e-06
648    'tauGamma[18,2,3]'    1e-06
649    'tauGamma[18,3,1]'    1e-06
650    'tauGamma[18,3,2]'    1e-06
651    'tauGamma[18,3,3]'    1e-06
652    'tauGamma[19,1,1]'    1e-06
653    'tauGamma[19,1,2]'    1e-06
654    'tauGamma[19,1,3]'    1e-06
655    'tauGamma[19,2,1]'    1e-06
656    'tauGamma[19,2,2]'    1e-06
657    'tauGamma[19,2,3]'    1e-06
658    'tauGamma[19,3,1]'    1e-06
659    'tauGamma[19,3,2]'    1e-06
660    'tauGamma[19,3,3]'    1e-06
661    'tauGamma[20,1,1]'    1e-06
662    'tauGamma[20,1,2]'    1e-06
663    'tauGamma[20,1,3]'    1e-06
664    'tauGamma[20,2,1]'    1e-06
665    'tauGamma[20,2,2]'    1e-06
666    'tauGamma[20,2,3]'    1e-06
667    'tauGamma[20,3,1]'    1e-06
668    'tauGamma[20,3,2]'    1e-06
669    'tauGamma[20,3,3]'    1e-06
670    'tauGamma[21,1,1]'    1e-06
671    'tauGamma[21,1,2]'    1e-06
672    'tauGamma[21,1,3]'    1e-06
673    'tauGamma[21,2,1]'    1e-06
674    'tauGamma[21,2,2]'    1e-06
675    'tauGamma[21,2,3]'    1e-06
676    'tauGamma[21,3,1]'    1e-06
677    'tauGamma[21,3,2]'    1e-06
678    'tauGamma[21,3,3]'    1e-06
679    'tauGamma[22,1,1]'    1e-06
680    'tauGamma[22,1,2]'    1e-06
681    'tauGamma[22,1,3]'    1e-06
682    'tauGamma[22,2,1]'    1e-06
683    'tauGamma[22,2,2]'    1e-06
684    'tauGamma[22,2,3]'    1e-06
685    'tauGamma[22,3,1]'    1e-06
686    'tauGamma[22,3,2]'    1e-06
687    'tauGamma[22,3,3]'    1e-06
688    'tauGamma[23,1,1]'    1e-06
689    'tauGamma[23,1,2]'    1e-06
690    'tauGamma[23,1,3]'    1e-06
691    'tauGamma[23,2,1]'    1e-06
692    'tauGamma[23,2,2]'    1e-06
693    'tauGamma[23,2,3]'    1e-06
694    'tauGamma[23,3,1]'    1e-06
695    'tauGamma[23,3,2]'    1e-06
696    'tauGamma[23,3,3]'    1e-06
697    'tauGamma[24,1,1]'    1e-06
698    'tauGamma[24,1,2]'    1e-06
699    'tauGamma[24,1,3]'    1e-06
700    'tauGamma[24,2,1]'    1e-06
701    'tauGamma[24,2,2]'    1e-06
702    'tauGamma[24,2,3]'    1e-06
703    'tauGamma[24,3,1]'    1e-06
704    'tauGamma[24,3,2]'    1e-06
705    'tauGamma[24,3,3]'    1e-06
706    'tauGamma[25,1,1]'    1e-06
707    'tauGamma[25,1,2]'    1e-06
708    'tauGamma[25,1,3]'    1e-06
709    'tauGamma[25,2,1]'    1e-06
710    'tauGamma[25,2,2]'    1e-06
711    'tauGamma[25,2,3]'    1e-06
712    'tauGamma[25,3,1]'    1e-06
713    'tauGamma[25,3,2]'    1e-06
714    'tauGamma[25,3,3]'    1e-06
715    'tauGamma[26,1,1]'    1e-06
716    'tauGamma[26,1,2]'    1e-06
717    'tauGamma[26,1,3]'    1e-06
718    'tauGamma[26,2,1]'    1e-06
719    'tauGamma[26,2,2]'    1e-06
720    'tauGamma[26,2,3]'    1e-06
721    'tauGamma[26,3,1]'    1e-06
722    'tauGamma[26,3,2]'    1e-06
723    'tauGamma[26,3,3]'    1e-06
724    'tauGamma[27,1,1]'    1e-06
725    'tauGamma[27,1,2]'    1e-06
726    'tauGamma[27,1,3]'    1e-06
727    'tauGamma[27,2,1]'    1e-06
728    'tauGamma[27,2,2]'    1e-06
729    'tauGamma[27,2,3]'    1e-06
730    'tauGamma[27,3,1]'    1e-06
731    'tauGamma[27,3,2]'    1e-06
732    'tauGamma[27,3,3]'    1e-06
733    'tauGamma[28,1,1]'    1e-06
734    'tauGamma[28,1,2]'    1e-06
735    'tauGamma[28,1,3]'    1e-06
736    'tauGamma[28,2,1]'    1e-06
737    'tauGamma[28,2,2]'    1e-06
738    'tauGamma[28,2,3]'    1e-06
739    'tauGamma[28,3,1]'    1e-06
740    'tauGamma[28,3,2]'    1e-06
741    'tauGamma[28,3,3]'    1e-06
742    'tauGamma[29,1,1]'    1e-06
743    'tauGamma[29,1,2]'    1e-06
744    'tauGamma[29,1,3]'    1e-06
745    'tauGamma[29,2,1]'    1e-06
746    'tauGamma[29,2,2]'    1e-06
747    'tauGamma[29,2,3]'    1e-06
748    'tauGamma[29,3,1]'    1e-06
749    'tauGamma[29,3,2]'    1e-06
750    'tauGamma[29,3,3]'    1e-06
751    'tauGamma[30,1,1]'    1e-06
752    'tauGamma[30,1,2]'    1e-06
753    'tauGamma[30,1,3]'    1e-06
754    'tauGamma[30,2,1]'    1e-06
755    'tauGamma[30,2,2]'    1e-06
756    'tauGamma[30,2,3]'    1e-06
757    'tauGamma[30,3,1]'    1e-06
758    'tauGamma[30,3,2]'    1e-06
759    'tauGamma[30,3,3]'    1e-06
760    'PGamma[1,1,1]'           1
761    'PGamma[1,1,2]'           1
762    'PGamma[1,1,3]'           1
763    'PGamma[1,2,1]'           1
764    'PGamma[1,2,2]'           1
765    'PGamma[1,2,3]'           1
766    'PGamma[1,3,1]'           1
767    'PGamma[1,3,2]'           1
768    'PGamma[1,3,3]'           1
769    'PGamma[2,1,1]'           1
770    'PGamma[2,1,2]'           1
771    'PGamma[2,1,3]'           1
772    'PGamma[2,2,1]'           1
773    'PGamma[2,2,2]'           1
774    'PGamma[2,2,3]'           1
775    'PGamma[2,3,1]'           1
776    'PGamma[2,3,2]'           1
777    'PGamma[2,3,3]'           1
778    'PGamma[3,1,1]'           1
779    'PGamma[3,1,2]'           1
780    'PGamma[3,1,3]'           1
781    'PGamma[3,2,1]'           1
782    'PGamma[3,2,2]'           1
783    'PGamma[3,2,3]'           1
784    'PGamma[3,3,1]'           1
785    'PGamma[3,3,2]'           1
786    'PGamma[3,3,3]'           1
787    'PGamma[4,1,1]'           1
788    'PGamma[4,1,2]'           1
789    'PGamma[4,1,3]'           1
790    'PGamma[4,2,1]'           1
791    'PGamma[4,2,2]'           1
792    'PGamma[4,2,3]'           1
793    'PGamma[4,3,1]'           1
794    'PGamma[4,3,2]'           1
795    'PGamma[4,3,3]'           1
796    'PGamma[5,1,1]'           1
797    'PGamma[5,1,2]'           1
798    'PGamma[5,1,3]'           1
799    'PGamma[5,2,1]'           1
800    'PGamma[5,2,2]'           1
801    'PGamma[5,2,3]'           1
802    'PGamma[5,3,1]'           1
803    'PGamma[5,3,2]'           1
804    'PGamma[5,3,3]'           1
805    'PGamma[6,1,1]'           1
806    'PGamma[6,1,2]'           1
807    'PGamma[6,1,3]'           1
808    'PGamma[6,2,1]'           1
809    'PGamma[6,2,2]'           1
810    'PGamma[6,2,3]'           1
811    'PGamma[6,3,1]'           1
812    'PGamma[6,3,2]'           1
813    'PGamma[6,3,3]'           1
814    'PGamma[7,1,1]'           1
815    'PGamma[7,1,2]'           1
816    'PGamma[7,1,3]'           1
817    'PGamma[7,2,1]'           1
818    'PGamma[7,2,2]'           1
819    'PGamma[7,2,3]'           1
820    'PGamma[7,3,1]'           1
821    'PGamma[7,3,2]'           1
822    'PGamma[7,3,3]'           1
823    'PGamma[8,1,1]'           1
824    'PGamma[8,1,2]'           1
825    'PGamma[8,1,3]'           1
826    'PGamma[8,2,1]'           1
827    'PGamma[8,2,2]'           1
828    'PGamma[8,2,3]'           1
829    'PGamma[8,3,1]'           1
830    'PGamma[8,3,2]'           1
831    'PGamma[8,3,3]'           1
832    'PGamma[9,1,1]'           1
833    'PGamma[9,1,2]'           1
834    'PGamma[9,1,3]'           1
835    'PGamma[9,2,1]'           1
836    'PGamma[9,2,2]'           1
837    'PGamma[9,2,3]'           1
838    'PGamma[9,3,1]'           1
839    'PGamma[9,3,2]'           1
840    'PGamma[9,3,3]'           1
841    'PGamma[10,1,1]'          1
842    'PGamma[10,1,2]'          1
843    'PGamma[10,1,3]'          1
844    'PGamma[10,2,1]'          1
845    'PGamma[10,2,2]'          1
846    'PGamma[10,2,3]'          1
847    'PGamma[10,3,1]'          1
848    'PGamma[10,3,2]'          1
849    'PGamma[10,3,3]'          1
850    'PGamma[11,1,1]'          1
851    'PGamma[11,1,2]'          1
852    'PGamma[11,1,3]'          1
853    'PGamma[11,2,1]'          1
854    'PGamma[11,2,2]'          1
855    'PGamma[11,2,3]'          1
856    'PGamma[11,3,1]'          1
857    'PGamma[11,3,2]'          1
858    'PGamma[11,3,3]'          1
859    'PGamma[12,1,1]'          1
860    'PGamma[12,1,2]'          1
861    'PGamma[12,1,3]'          1
862    'PGamma[12,2,1]'          1
863    'PGamma[12,2,2]'          1
864    'PGamma[12,2,3]'          1
865    'PGamma[12,3,1]'          1
866    'PGamma[12,3,2]'          1
867    'PGamma[12,3,3]'          1
868    'PGamma[13,1,1]'          1
869    'PGamma[13,1,2]'          1
870    'PGamma[13,1,3]'          1
871    'PGamma[13,2,1]'          1
872    'PGamma[13,2,2]'          1
873    'PGamma[13,2,3]'          1
874    'PGamma[13,3,1]'          1
875    'PGamma[13,3,2]'          1
876    'PGamma[13,3,3]'          1
877    'PGamma[14,1,1]'          1
878    'PGamma[14,1,2]'          1
879    'PGamma[14,1,3]'          1
880    'PGamma[14,2,1]'          1
881    'PGamma[14,2,2]'          1
882    'PGamma[14,2,3]'          1
883    'PGamma[14,3,1]'          1
884    'PGamma[14,3,2]'          1
885    'PGamma[14,3,3]'          1
886    'PGamma[15,1,1]'          1
887    'PGamma[15,1,2]'          1
888    'PGamma[15,1,3]'          1
889    'PGamma[15,2,1]'          1
890    'PGamma[15,2,2]'          1
891    'PGamma[15,2,3]'          1
892    'PGamma[15,3,1]'          1
893    'PGamma[15,3,2]'          1
894    'PGamma[15,3,3]'          1
895    'PGamma[16,1,1]'          1
896    'PGamma[16,1,2]'          1
897    'PGamma[16,1,3]'          1
898    'PGamma[16,2,1]'          1
899    'PGamma[16,2,2]'          1
900    'PGamma[16,2,3]'          1
901    'PGamma[16,3,1]'          1
902    'PGamma[16,3,2]'          1
903    'PGamma[16,3,3]'          1
904    'PGamma[17,1,1]'          1
905    'PGamma[17,1,2]'          1
906    'PGamma[17,1,3]'          1
907    'PGamma[17,2,1]'          1
908    'PGamma[17,2,2]'          1
909    'PGamma[17,2,3]'          1
910    'PGamma[17,3,1]'          1
911    'PGamma[17,3,2]'          1
912    'PGamma[17,3,3]'          1
913    'PGamma[18,1,1]'          1
914    'PGamma[18,1,2]'          1
915    'PGamma[18,1,3]'          1
916    'PGamma[18,2,1]'          1
917    'PGamma[18,2,2]'          1
918    'PGamma[18,2,3]'          1
919    'PGamma[18,3,1]'          1
920    'PGamma[18,3,2]'          1
921    'PGamma[18,3,3]'          1
922    'PGamma[19,1,1]'          1
923    'PGamma[19,1,2]'          1
924    'PGamma[19,1,3]'          1
925    'PGamma[19,2,1]'          1
926    'PGamma[19,2,2]'          1
927    'PGamma[19,2,3]'          1
928    'PGamma[19,3,1]'          1
929    'PGamma[19,3,2]'          1
930    'PGamma[19,3,3]'          1
931    'PGamma[20,1,1]'          1
932    'PGamma[20,1,2]'          1
933    'PGamma[20,1,3]'          1
934    'PGamma[20,2,1]'          1
935    'PGamma[20,2,2]'          1
936    'PGamma[20,2,3]'          1
937    'PGamma[20,3,1]'          1
938    'PGamma[20,3,2]'          1
939    'PGamma[20,3,3]'          1
940    'PGamma[21,1,1]'          1
941    'PGamma[21,1,2]'          1
942    'PGamma[21,1,3]'          1
943    'PGamma[21,2,1]'          1
944    'PGamma[21,2,2]'          1
945    'PGamma[21,2,3]'          1
946    'PGamma[21,3,1]'          1
947    'PGamma[21,3,2]'          1
948    'PGamma[21,3,3]'          1
949    'PGamma[22,1,1]'          1
950    'PGamma[22,1,2]'          1
951    'PGamma[22,1,3]'          1
952    'PGamma[22,2,1]'          1
953    'PGamma[22,2,2]'          1
954    'PGamma[22,2,3]'          1
955    'PGamma[22,3,1]'          1
956    'PGamma[22,3,2]'          1
957    'PGamma[22,3,3]'          1
958    'PGamma[23,1,1]'          1
959    'PGamma[23,1,2]'          1
960    'PGamma[23,1,3]'          1
961    'PGamma[23,2,1]'          1
962    'PGamma[23,2,2]'          1
963    'PGamma[23,2,3]'          1
964    'PGamma[23,3,1]'          1
965    'PGamma[23,3,2]'          1
966    'PGamma[23,3,3]'          1
967    'PGamma[24,1,1]'          1
968    'PGamma[24,1,2]'          1
969    'PGamma[24,1,3]'          1
970    'PGamma[24,2,1]'          1
971    'PGamma[24,2,2]'          1
972    'PGamma[24,2,3]'          1
973    'PGamma[24,3,1]'          1
974    'PGamma[24,3,2]'          1
975    'PGamma[24,3,3]'          1
976    'PGamma[25,1,1]'          1
977    'PGamma[25,1,2]'          1
978    'PGamma[25,1,3]'          1
979    'PGamma[25,2,1]'          1
980    'PGamma[25,2,2]'          1
981    'PGamma[25,2,3]'          1
982    'PGamma[25,3,1]'          1
983    'PGamma[25,3,2]'          1
984    'PGamma[25,3,3]'          1
985    'PGamma[26,1,1]'          1
986    'PGamma[26,1,2]'          1
987    'PGamma[26,1,3]'          1
988    'PGamma[26,2,1]'          1
989    'PGamma[26,2,2]'          1
990    'PGamma[26,2,3]'          1
991    'PGamma[26,3,1]'          1
992    'PGamma[26,3,2]'          1
993    'PGamma[26,3,3]'          1
994    'PGamma[27,1,1]'          1
995    'PGamma[27,1,2]'          1
996    'PGamma[27,1,3]'          1
997    'PGamma[27,2,1]'          1
998    'PGamma[27,2,2]'          1
999    'PGamma[27,2,3]'          1
1000   'PGamma[27,3,1]'          1
1001   'PGamma[27,3,2]'          1
1002   'PGamma[27,3,3]'          1
1003   'PGamma[28,1,1]'          1
1004   'PGamma[28,1,2]'          1
1005   'PGamma[28,1,3]'          1
1006   'PGamma[28,2,1]'          1
1007   'PGamma[28,2,2]'          1
1008   'PGamma[28,2,3]'          1
1009   'PGamma[28,3,1]'          1
1010   'PGamma[28,3,2]'          1
1011   'PGamma[28,3,3]'          1
1012   'PGamma[29,1,1]'          1
1013   'PGamma[29,1,2]'          1
1014   'PGamma[29,1,3]'          1
1015   'PGamma[29,2,1]'          1
1016   'PGamma[29,2,2]'          1
1017   'PGamma[29,2,3]'          1
1018   'PGamma[29,3,1]'          1
1019   'PGamma[29,3,2]'          1
1020   'PGamma[29,3,3]'          1
1021   'PGamma[30,1,1]'          1
1022   'PGamma[30,1,2]'          1
1023   'PGamma[30,1,3]'          1
1024   'PGamma[30,2,1]'          1
1025   'PGamma[30,2,2]'          1
1026   'PGamma[30,2,3]'          1
1027   'PGamma[30,3,1]'          1
1028   'PGamma[30,3,2]'          1
1029   'PGamma[30,3,3]'          1
1030   'SGamma1[1,1]'            1.50334e-06
1031   'SGamma1[1,2]'            1.50334e-06
1032   'SGamma1[1,3]'            1.50334e-06
1033   'SGamma1[2,1]'            1.04399e-06
1034   'SGamma1[2,2]'            1.04399e-06
1035   'SGamma1[2,3]'            1.04399e-06
1036   'SGamma1[3,1]'            1.00486e-06
1037   'SGamma1[3,2]'            1.00486e-06
1038   'SGamma1[3,3]'            1.00486e-06
1039   'SGamma1[4,1]'            9.99157e-07
1040   'SGamma1[4,2]'            9.99157e-07
1041   'SGamma1[4,3]'            9.99157e-07
1042   'SGamma1[5,1]'            1.00027e-06
1043   'SGamma1[5,2]'            1.00027e-06
1044   'SGamma1[5,3]'            1.00027e-06
1045   'SGamma1[6,1]'            1.00275e-06
1046   'SGamma1[6,2]'            1.00275e-06
1047   'SGamma1[6,3]'            1.00275e-06
1048   'SGamma1[7,1]'            1.00585e-06
1049   'SGamma1[7,2]'            1.00585e-06
1050   'SGamma1[7,3]'            1.00585e-06
1051   'SGamma1[8,1]'            1.00809e-06
1052   'SGamma1[8,2]'            1.00809e-06
1053   'SGamma1[8,3]'            1.00809e-06
1054   'SGamma1[9,1]'            1.01222e-06
1055   'SGamma1[9,2]'            1.01222e-06
1056   'SGamma1[9,3]'            1.01222e-06
1057   'SGamma1[10,1]'           1.01564e-06
1058   'SGamma1[10,2]'           1.01564e-06
1059   'SGamma1[10,3]'           1.01564e-06
1060   'SGamma1[11,1]'           1.0197e-06
1061   'SGamma1[11,2]'           1.0197e-06
1062   'SGamma1[11,3]'           1.0197e-06
1063   'SGamma1[12,1]'           1.02311e-06
1064   'SGamma1[12,2]'           1.02311e-06
1065   'SGamma1[12,3]'           1.02311e-06
1066   'SGamma1[13,1]'           1.01793e-06
1067   'SGamma1[13,2]'           1.01793e-06
1068   'SGamma1[13,3]'           1.01793e-06
1069   'SGamma1[14,1]'           1.01227e-06
1070   'SGamma1[14,2]'           1.01227e-06
1071   'SGamma1[14,3]'           1.01227e-06
1072   'SGamma1[15,1]'           1.06729e-06
1073   'SGamma1[15,2]'           1.06729e-06
1074   'SGamma1[15,3]'           1.06729e-06
1075   'SGamma1[16,1]'           1.00602e-06
1076   'SGamma1[16,2]'           1.00602e-06
1077   'SGamma1[16,3]'           1.00602e-06
1078   'SGamma1[17,1]'           9.87862e-07
1079   'SGamma1[17,2]'           9.87862e-07
1080   'SGamma1[17,3]'           9.87862e-07
1081   'SGamma1[18,1]'           9.82855e-07
1082   'SGamma1[18,2]'           9.82855e-07
1083   'SGamma1[18,3]'           9.82855e-07
1084   'SGamma1[19,1]'           9.77982e-07
1085   'SGamma1[19,2]'           9.77982e-07
1086   'SGamma1[19,3]'           9.77982e-07
1087   'SGamma1[20,1]'           9.81499e-07
1088   'SGamma1[20,2]'           9.81499e-07
1089   'SGamma1[20,3]'           9.81499e-07
1090   'SGamma1[21,1]'           9.97673e-07
1091   'SGamma1[21,2]'           9.97673e-07
1092   'SGamma1[21,3]'           9.97673e-07
1093   'SGamma1[22,1]'           1.02073e-06
1094   'SGamma1[22,2]'           1.02073e-06
1095   'SGamma1[22,3]'           1.02073e-06
1096   'SGamma1[23,1]'           1.0434e-06
1097   'SGamma1[23,2]'           1.0434e-06
1098   'SGamma1[23,3]'           1.0434e-06
1099   'SGamma1[24,1]'           1.06502e-06
1100   'SGamma1[24,2]'           1.06502e-06
1101   'SGamma1[24,3]'           1.06502e-06
1102   'SGamma1[25,1]'           1.08541e-06
1103   'SGamma1[25,2]'           1.08541e-06
1104   'SGamma1[25,3]'           1.08541e-06
1105   'SGamma1[26,1]'           1.10471e-06
1106   'SGamma1[26,2]'           1.10471e-06
1107   'SGamma1[26,3]'           1.10471e-06
1108   'SGamma1[27,1]'           1.12306e-06
1109   'SGamma1[27,2]'           1.12306e-06
1110   'SGamma1[27,3]'           1.12306e-06
1111   'SGamma1[28,1]'           1.14069e-06
1112   'SGamma1[28,2]'           1.14069e-06
1113   'SGamma1[28,3]'           1.14069e-06
1114   'SGamma1[29,1]'           1.17879e-06
1115   'SGamma1[29,2]'           1.17879e-06
1116   'SGamma1[29,3]'           1.17879e-06
1117   'SGamma1[30,1]'           2.69275e-07
1118   'SGamma1[30,2]'           2.69275e-07
1119   'SGamma1[30,3]'           2.69275e-07
1120   'SGamma2[1,1]'            1.50334
1121   'SGamma2[1,2]'            1.50334
1122   'SGamma2[1,3]'            1.50334
1123   'SGamma2[2,1]'            1.04399
1124   'SGamma2[2,2]'            1.04399
1125   'SGamma2[2,3]'            1.04399
1126   'SGamma2[3,1]'            1.00486
1127   'SGamma2[3,2]'            1.00486
1128   'SGamma2[3,3]'            1.00486
1129   'SGamma2[4,1]'            0.999157
1130   'SGamma2[4,2]'            0.999157
1131   'SGamma2[4,3]'            0.999157
1132   'SGamma2[5,1]'            1.00027
1133   'SGamma2[5,2]'            1.00027
1134   'SGamma2[5,3]'            1.00027
1135   'SGamma2[6,1]'            1.00275
1136   'SGamma2[6,2]'            1.00275
1137   'SGamma2[6,3]'            1.00275
1138   'SGamma2[7,1]'            1.00585
1139   'SGamma2[7,2]'            1.00585
1140   'SGamma2[7,3]'            1.00585
1141   'SGamma2[8,1]'            1.00809
1142   'SGamma2[8,2]'            1.00809
1143   'SGamma2[8,3]'            1.00809
1144   'SGamma2[9,1]'            1.01222
1145   'SGamma2[9,2]'            1.01222
1146   'SGamma2[9,3]'            1.01222
1147   'SGamma2[10,1]'           1.01564
1148   'SGamma2[10,2]'           1.01564
1149   'SGamma2[10,3]'           1.01564
1150   'SGamma2[11,1]'           1.0197
1151   'SGamma2[11,2]'           1.0197
1152   'SGamma2[11,3]'           1.0197
1153   'SGamma2[12,1]'           1.02311
1154   'SGamma2[12,2]'           1.02311
1155   'SGamma2[12,3]'           1.02311
1156   'SGamma2[13,1]'           1.01793
1157   'SGamma2[13,2]'           1.01793
1158   'SGamma2[13,3]'           1.01793
1159   'SGamma2[14,1]'           1.01227
1160   'SGamma2[14,2]'           1.01227
1161   'SGamma2[14,3]'           1.01227
1162   'SGamma2[15,1]'           1.06729
1163   'SGamma2[15,2]'           1.06729
1164   'SGamma2[15,3]'           1.06729
1165   'SGamma2[16,1]'           1.00602
1166   'SGamma2[16,2]'           1.00602
1167   'SGamma2[16,3]'           1.00602
1168   'SGamma2[17,1]'           0.987862
1169   'SGamma2[17,2]'           0.987862
1170   'SGamma2[17,3]'           0.987862
1171   'SGamma2[18,1]'           0.982855
1172   'SGamma2[18,2]'           0.982855
1173   'SGamma2[18,3]'           0.982855
1174   'SGamma2[19,1]'           0.977982
1175   'SGamma2[19,2]'           0.977982
1176   'SGamma2[19,3]'           0.977982
1177   'SGamma2[20,1]'           0.981499
1178   'SGamma2[20,2]'           0.981499
1179   'SGamma2[20,3]'           0.981499
1180   'SGamma2[21,1]'           0.997673
1181   'SGamma2[21,2]'           0.997673
1182   'SGamma2[21,3]'           0.997673
1183   'SGamma2[22,1]'           1.02073
1184   'SGamma2[22,2]'           1.02073
1185   'SGamma2[22,3]'           1.02073
1186   'SGamma2[23,1]'           1.0434
1187   'SGamma2[23,2]'           1.0434
1188   'SGamma2[23,3]'           1.0434
1189   'SGamma2[24,1]'           1.06502
1190   'SGamma2[24,2]'           1.06502
1191   'SGamma2[24,3]'           1.06502
1192   'SGamma2[25,1]'           1.08541
1193   'SGamma2[25,2]'           1.08541
1194   'SGamma2[25,3]'           1.08541
1195   'SGamma2[26,1]'           1.10471
1196   'SGamma2[26,2]'           1.10471
1197   'SGamma2[26,3]'           1.10471
1198   'SGamma2[27,1]'           1.12306
1199   'SGamma2[27,2]'           1.12306
1200   'SGamma2[27,3]'           1.12306
1201   'SGamma2[28,1]'           1.14069
1202   'SGamma2[28,2]'           1.14069
1203   'SGamma2[28,3]'           1.14069
1204   'SGamma2[29,1]'           1.17879
1205   'SGamma2[29,2]'           1.17879
1206   'SGamma2[29,3]'           1.17879
1207   'SGamma2[30,1]'           0.269275
1208   'SGamma2[30,2]'           0.269275
1209   'SGamma2[30,3]'           0.269275
1210   'gamma[1,1]'              1
1211   'gamma[1,2]'              1
1212   'gamma[1,3]'              1
1213   'gamma[2,1]'              1
1214   'gamma[2,2]'              1
1215   'gamma[2,3]'              1
1216   'gamma[3,1]'              1
1217   'gamma[3,2]'              1
1218   'gamma[3,3]'              1
1219   'gamma[4,1]'              1
1220   'gamma[4,2]'              1
1221   'gamma[4,3]'              1
1222   'gamma[5,1]'              1
1223   'gamma[5,2]'              1
1224   'gamma[5,3]'              1
1225   'gamma[6,1]'              1
1226   'gamma[6,2]'              1
1227   'gamma[6,3]'              1
1228   'gamma[7,1]'              1
1229   'gamma[7,2]'              1
1230   'gamma[7,3]'              1
1231   'gamma[8,1]'              1
1232   'gamma[8,2]'              1
1233   'gamma[8,3]'              1
1234   'gamma[9,1]'              1
1235   'gamma[9,2]'              1
1236   'gamma[9,3]'              1
1237   'gamma[10,1]'             1
1238   'gamma[10,2]'             1
1239   'gamma[10,3]'             1
1240   'gamma[11,1]'             1
1241   'gamma[11,2]'             1
1242   'gamma[11,3]'             1
1243   'gamma[12,1]'             1
1244   'gamma[12,2]'             1
1245   'gamma[12,3]'             1
1246   'gamma[13,1]'             1
1247   'gamma[13,2]'             1
1248   'gamma[13,3]'             1
1249   'gamma[14,1]'             1
1250   'gamma[14,2]'             1
1251   'gamma[14,3]'             1
1252   'gamma[15,1]'             1
1253   'gamma[15,2]'             1
1254   'gamma[15,3]'             1
1255   'gamma[16,1]'             1
1256   'gamma[16,2]'             1
1257   'gamma[16,3]'             1
1258   'gamma[17,1]'             1
1259   'gamma[17,2]'             1
1260   'gamma[17,3]'             1
1261   'gamma[18,1]'             1
1262   'gamma[18,2]'             1
1263   'gamma[18,3]'             1
1264   'gamma[19,1]'             1
1265   'gamma[19,2]'             1
1266   'gamma[19,3]'             1
1267   'gamma[20,1]'             1
1268   'gamma[20,2]'             1
1269   'gamma[20,3]'             1
1270   'gamma[21,1]'             1
1271   'gamma[21,2]'             1
1272   'gamma[21,3]'             1
1273   'gamma[22,1]'             1
1274   'gamma[22,2]'             1
1275   'gamma[22,3]'             1
1276   'gamma[23,1]'             1
1277   'gamma[23,2]'             1
1278   'gamma[23,3]'             1
1279   'gamma[24,1]'             1
1280   'gamma[24,2]'             1
1281   'gamma[24,3]'             1
1282   'gamma[25,1]'             1
1283   'gamma[25,2]'             1
1284   'gamma[25,3]'             1
1285   'gamma[26,1]'             1
1286   'gamma[26,2]'             1
1287   'gamma[26,3]'             1
1288   'gamma[27,1]'             1
1289   'gamma[27,2]'             1
1290   'gamma[27,3]'             1
1291   'gamma[28,1]'             1
1292   'gamma[28,2]'             1
1293   'gamma[28,3]'             1
1294   'gamma[29,1]'             1
1295   'gamma[29,2]'             1
1296   'gamma[29,3]'             1
1297   'gamma[30,1]'             1
1298   'gamma[30,2]'             1
1299   'gamma[30,3]'             1
1300   'PrS[1,1]'            40766.6
1301   'PrS[1,2]'            17774.6
1302   'PrS[1,3]'            12907.8
1303   'PrS[2,1]'            68509.9
1304   'PrS[2,2]'            31524.6
1305   'PrS[2,3]'            23425.8
1306   'PrS[3,1]'            72642.6
1307   'PrS[3,2]'            33626.8
1308   'PrS[3,3]'            25051.6
1309   'PrS[4,1]'            70968.2
1310   'PrS[4,2]'            32773.7
1311   'PrS[4,3]'            24391.3
1312   'PrS[5,1]'            68847.5
1313   'PrS[5,2]'            31695.9
1314   'PrS[5,3]'            23558.1
1315   'PrS[6,1]'            67286.2
1316   'PrS[6,2]'            30904.5
1317   'PrS[6,3]'            22947
1318   'PrS[7,1]'            66421.8
1319   'PrS[7,2]'            30467.1
1320   'PrS[7,3]'            22609.4
1321   'PrS[8,1]'            65839
1322   'PrS[8,2]'            30172.5
1323   'PrS[8,3]'            22382.2
1324   'PrS[9,1]'            65627
1325   'PrS[9,2]'            30065.4
1326   'PrS[9,3]'            22299.6
1327   'PrS[10,1]'           65500
1328   'PrS[10,2]'           30001.3
1329   'PrS[10,3]'           22250.1
1330   'PrS[11,1]'           65037.2
1331   'PrS[11,2]'           29767.6
1332   'PrS[11,3]'           22070
1333   'PrS[12,1]'           63226.8
1334   'PrS[12,2]'           28855.2
1335   'PrS[12,3]'           21367.2
1336   'PrS[13,1]'           57344.3
1337   'PrS[13,2]'           25908.5
1338   'PrS[13,3]'           19103
1339   'PrS[14,1]'           49050
1340   'PrS[14,2]'           21804.6
1341   'PrS[14,3]'           15966.1
1342   'PrS[15,1]'           51426.1
1343   'PrS[15,2]'           22973.7
1344   'PrS[15,3]'           16857.6
1345   'PrS[16,1]'           57003.9
1346   'PrS[16,2]'           25738.8
1347   'PrS[16,3]'           18972.9
1348   'PrS[17,1]'           58745.9
1349   'PrS[17,2]'           26608
1350   'PrS[17,3]'           19639.6
1351   'PrS[18,1]'           59059.8
1352   'PrS[18,2]'           26764.9
1353   'PrS[18,3]'           19760.1
1354   'PrS[19,1]'           59231.1
1355   'PrS[19,2]'           26850.6
1356   'PrS[19,3]'           19825.8
1357   'PrS[20,1]'           58867.4
1358   'PrS[20,2]'           26668.7
1359   'PrS[20,3]'           19686.2
1360   'PrS[21,1]'           57780
1361   'PrS[21,2]'           26125.8
1362   'PrS[21,3]'           19269.6
1363   'PrS[22,1]'           56309.3
1364   'PrS[22,2]'           25393
1365   'PrS[22,3]'           18707.8
1366   'PrS[23,1]'           54850.5
1367   'PrS[23,2]'           24668
1368   'PrS[23,3]'           18152.7
1369   'PrS[24,1]'           53418.4
1370   'PrS[24,2]'           23958.1
1371   'PrS[24,3]'           17609.6
1372   'PrS[25,1]'           52014.7
1373   'PrS[25,2]'           23264.2
1374   'PrS[25,3]'           17079.4
1375   'PrS[26,1]'           50629.7
1376   'PrS[26,2]'           22581.2
1377   'PrS[26,3]'           16558.2
1378   'PrS[27,1]'           49255.3
1379   'PrS[27,2]'           21905.4
1380   'PrS[27,3]'           16042.9
1381   'PrS[28,1]'           47883.5
1382   'PrS[28,2]'           21232.7
1383   'PrS[28,3]'           15530.7
1384   'PrS[29,1]'           46428.9
1385   'PrS[29,2]'           20521.4
1386   'PrS[29,3]'           14989.8
1387   'PrS[30,1]'          215927
1388   'PrS[30,2]'          111203
1389   'PrS[30,3]'           86708.5
1390   'PrSF[1]'             52610
1391   'PrSF[2]'             23558.2
1392   'PrSF[3]'             17304
1393   Vap                      79.932
;

