solve_message = 'LOQO 7.00: iteration limit (500 iterations, 4187 evaluations)\
primal objective 8763.744187832648\
  dual objective -51678698360.956055'

:          _varname             _var          :=
1     'F[2]'                   0
2     'F[3]'                   0
3     'F[4]'                   0
4     'F[5]'                   0
5     'F[6]'                   0
6     'F[7]'                   0
7     'F[8]'                 100
8     'F[9]'                   0
9     'F[10]'                  0
10    'F[11]'                  0
11    'F[12]'                  0
12    'F[13]'                  0
13    'F[14]'                  0
14    'V[1]'                8763.74
15    'V[2]'                9055.24
16    'V[3]'                9266.94
17    'V[4]'                9338.95
18    'V[5]'                9373.02
19    'V[6]'                9395.62
20    'V[7]'                9433.31
21    'V[8]'                9447.53
22    'V[9]'                9485.7
23    'V[10]'               9516.6
24    'V[11]'               9540.04
25    'V[12]'               9550.55
26    'V[13]'               9580.76
27    'V[14]'               9700.96
28    'V[15]'                  0
29    'y[1,1]'                 9.36477e-06
30    'y[1,2]'                 0.153551
31    'y[1,3]'                 0.877161
32    'y[2,1]'                 2.45226e-05
33    'y[2,2]'                 0.189639
34    'y[2,3]'                 0.811171
35    'y[3,1]'                 6.43481e-05
36    'y[3,2]'                 0.233548
37    'y[3,3]'                 0.747717
38    'y[4,1]'                 0.000169488
39    'y[4,2]'                 0.287408
40    'y[4,3]'                 0.688705
41    'y[5,1]'                 0.000441956
42    'y[5,2]'                 0.348956
43    'y[5,3]'                 0.62586
44    'y[6,1]'                 0.0011345
45    'y[6,2]'                 0.415942
46    'y[6,3]'                 0.558328
47    'y[7,1]'                 0.00285488
48    'y[7,2]'                 0.484768
49    'y[7,3]'                 0.486956
50    'y[8,1]'                 0.00705113
51    'y[8,2]'                 0.553208
52    'y[8,3]'                 0.41585
53    'y[9,1]'                 0.00946111
54    'y[9,2]'                 0.617851
55    'y[9,3]'                 0.34765
56    'y[10,1]'                0.0150751
57    'y[10,2]'                0.675526
58    'y[10,3]'                0.283984
59    'y[11,1]'                0.0279041
60    'y[11,2]'                0.720805
61    'y[11,3]'                0.225978
62    'y[12,1]'                0.0562913
63    'y[12,2]'                0.745085
64    'y[12,3]'                0.17385
65    'y[13,1]'                0.11524
66    'y[13,2]'                0.731034
67    'y[13,3]'                0.126598
68    'y[14,1]'                0.224294
69    'y[14,2]'                0.656017
70    'y[14,3]'                0.0839449
71    'y[15,1]'                0.39679
72    'y[15,2]'                0.520471
73    'y[15,3]'                0.0488818
74    'L[1]'                   0
75    'L[2]'                8714.56
76    'L[3]'                8735.34
77    'L[4]'                8776.95
78    'L[5]'                8813.18
79    'L[6]'                8846.81
80    'L[7]'                8875.85
81    'L[8]'                8900.83
82    'L[9]'                8840.45
83    'L[10]'               8856.31
84    'L[11]'               8870.6
85    'L[12]'               8883.7
86    'L[13]'               8893.29
87    'L[14]'               8887.61
88    'L[15]'               8819.15
89    'x[1,1]'                 3.40033e-06
90    'x[1,2]'                 0.118723
91    'x[1,3]'                 0.904794
92    'x[2,1]'                 9.35587e-06
93    'x[2,2]'                 0.154837
94    'x[2,3]'                 0.885468
95    'x[3,1]'                 2.52844e-05
96    'x[3,2]'                 0.196978
97    'x[3,3]'                 0.844201
98    'x[4,1]'                 6.77304e-05
99    'x[4,2]'                 0.246953
100   'x[4,3]'                 0.792744
101   'x[5,1]'                 0.000179316
102   'x[5,2]'                 0.304895
103   'x[5,3]'                 0.733038
104   'x[6,1]'                 0.000467889
105   'x[6,2]'                 0.370028
106   'x[6,3]'                 0.666297
107   'x[7,1]'                 0.00120051
108   'x[7,2]'                 0.44059
109   'x[7,3]'                 0.594201
110   'x[8,1]'                 0.00302517
111   'x[8,2]'                 0.514034
112   'x[8,3]'                 0.519231
113   'x[9,1]'                 0.00414126
114   'x[9,2]'                 0.586915
115   'x[9,3]'                 0.444154
116   'x[10,1]'                0.00674542
117   'x[10,2]'                0.657462
118   'x[10,3]'                0.372081
119   'x[11,1]'                0.0127902
120   'x[11,2]'                0.720406
121   'x[11,3]'                0.304366
122   'x[12,1]'                0.0265879
123   'x[12,2]'                0.769725
124   'x[12,3]'                0.242351
125   'x[13,1]'                0.0570773
126   'x[13,2]'                0.795797
127   'x[13,3]'                0.186353
128   'x[14,1]'                0.120852
129   'x[14,2]'                0.783667
130   'x[14,3]'                0.136102
131   'x[15,1]'                0.243318
132   'x[15,2]'                0.717172
133   'x[15,3]'                0.0919428
134   PC                      75.6306
135   PR                      32.5608
136   'T[1]'                 377.238
137   'T[2]'                 375.573
138   'T[3]'                 374.589
139   'T[4]'                 374.029
140   'T[5]'                 373.526
141   'T[6]'                 372.987
142   'T[7]'                 372.348
143   'T[8]'                 371.691
144   'T[9]'                 371.038
145   'T[10]'                370.323
146   'T[11]'                369.545
147   'T[12]'                368.58
148   'T[13]'                367.067
149   'T[14]'                364.416
150   'T[15]'                360.432
151   TF                     362.252
152   QC                   99883.3
153   QR                   99849.9
154   'H[1,1]'                 2.577
155   'H[1,2]'                 3.09274
156   'H[1,3]'                 2.93506
157   'H[2,1]'                 2.51714
158   'H[2,2]'                 3.02029
159   'H[2,3]'                 2.86588
160   'H[3,1]'                 2.48191
161   'H[3,2]'                 2.97765
162   'H[3,3]'                 2.82517
163   'H[4,1]'                 2.46187
164   'H[4,2]'                 2.95339
165   'H[4,3]'                 2.80202
166   'H[5,1]'                 2.44391
167   'H[5,2]'                 2.93168
168   'H[5,3]'                 2.78129
169   'H[6,1]'                 2.42468
170   'H[6,2]'                 2.90841
171   'H[6,3]'                 2.75908
172   'H[7,1]'                 2.40193
173   'H[7,2]'                 2.88089
174   'H[7,3]'                 2.73282
175   'H[8,1]'                 2.37857
176   'H[8,2]'                 2.85265
177   'H[8,3]'                 2.70587
178   'H[9,1]'                 2.35538
179   'H[9,2]'                 2.82462
180   'H[9,3]'                 2.67911
181   'H[10,1]'                2.33006
182   'H[10,2]'                2.79401
183   'H[10,3]'                2.6499
184   'H[11,1]'                2.30253
185   'H[11,2]'                2.76074
186   'H[11,3]'                2.61816
187   'H[12,1]'                2.26849
188   'H[12,2]'                2.71961
189   'H[12,3]'                2.57891
190   'H[13,1]'                2.21524
191   'H[13,2]'                2.65528
192   'H[13,3]'                2.51755
193   'H[14,1]'                2.12249
194   'H[14,2]'                2.54332
195   'H[14,3]'                2.41076
196   'H[15,1]'                1.98423
197   'H[15,2]'                2.37654
198   'H[15,3]'                2.25176
199   'HF[1]'                  2.04722
200   'HF[2]'                  2.4525
201   'HF[3]'                  2.32416
202   'h[1,1]'                -6.77194
203   'h[1,2]'                -7.35087
204   'h[1,3]'                -8.11026
205   'h[2,1]'                -6.85908
206   'h[2,2]'                -7.45102
207   'h[2,3]'                -8.2082
208   'h[3,1]'                -6.91039
209   'h[3,2]'                -7.50999
210   'h[3,3]'                -8.26585
211   'h[4,1]'                -6.93958
212   'h[4,2]'                -7.54354
213   'h[4,3]'                -8.29864
214   'h[5,1]'                -6.96573
215   'h[5,2]'                -7.57359
216   'h[5,3]'                -8.328
217   'h[6,1]'                -6.99375
218   'h[6,2]'                -7.6058
219   'h[6,3]'                -8.35946
220   'h[7,1]'                -7.02689
221   'h[7,2]'                -7.6439
222   'h[7,3]'                -8.39667
223   'h[8,1]'                -7.06092
224   'h[8,2]'                -7.68301
225   'h[8,3]'                -8.43486
226   'h[9,1]'                -7.0947
227   'h[9,2]'                -7.72184
228   'h[9,3]'                -8.47277
229   'h[10,1]'               -7.13161
230   'h[10,2]'               -7.76426
231   'h[10,3]'               -8.51417
232   'h[11,1]'               -7.17173
233   'h[11,2]'               -7.81039
234   'h[11,3]'               -8.55917
235   'h[12,1]'               -7.22135
236   'h[12,2]'               -7.86743
237   'h[12,3]'               -8.6148
238   'h[13,1]'               -7.299
239   'h[13,2]'               -7.95669
240   'h[13,3]'               -8.70181
241   'h[14,1]'               -7.4343
242   'h[14,2]'               -8.11225
243   'h[14,3]'               -8.8533
244   'h[15,1]'               -7.63617
245   'h[15,2]'               -8.3444
246   'h[15,3]'               -9.07901
247   'hF[1]'                 -7.54417
248   'hF[2]'                 -8.2386
249   'hF[3]'                 -8.9762
250   'tauGamma[1,1,1]'    1e-06
251   'tauGamma[1,1,2]'    1e-06
252   'tauGamma[1,1,3]'    1e-06
253   'tauGamma[1,2,1]'    1e-06
254   'tauGamma[1,2,2]'    1e-06
255   'tauGamma[1,2,3]'    1e-06
256   'tauGamma[1,3,1]'    1e-06
257   'tauGamma[1,3,2]'    1e-06
258   'tauGamma[1,3,3]'    1e-06
259   'tauGamma[2,1,1]'    1e-06
260   'tauGamma[2,1,2]'    1e-06
261   'tauGamma[2,1,3]'    1e-06
262   'tauGamma[2,2,1]'    1e-06
263   'tauGamma[2,2,2]'    1e-06
264   'tauGamma[2,2,3]'    1e-06
265   'tauGamma[2,3,1]'    1e-06
266   'tauGamma[2,3,2]'    1e-06
267   'tauGamma[2,3,3]'    1e-06
268   'tauGamma[3,1,1]'    1e-06
269   'tauGamma[3,1,2]'    1e-06
270   'tauGamma[3,1,3]'    1e-06
271   'tauGamma[3,2,1]'    1e-06
272   'tauGamma[3,2,2]'    1e-06
273   'tauGamma[3,2,3]'    1e-06
274   'tauGamma[3,3,1]'    1e-06
275   'tauGamma[3,3,2]'    1e-06
276   'tauGamma[3,3,3]'    1e-06
277   'tauGamma[4,1,1]'    1e-06
278   'tauGamma[4,1,2]'    1e-06
279   'tauGamma[4,1,3]'    1e-06
280   'tauGamma[4,2,1]'    1e-06
281   'tauGamma[4,2,2]'    1e-06
282   'tauGamma[4,2,3]'    1e-06
283   'tauGamma[4,3,1]'    1e-06
284   'tauGamma[4,3,2]'    1e-06
285   'tauGamma[4,3,3]'    1e-06
286   'tauGamma[5,1,1]'    1e-06
287   'tauGamma[5,1,2]'    1e-06
288   'tauGamma[5,1,3]'    1e-06
289   'tauGamma[5,2,1]'    1e-06
290   'tauGamma[5,2,2]'    1e-06
291   'tauGamma[5,2,3]'    1e-06
292   'tauGamma[5,3,1]'    1e-06
293   'tauGamma[5,3,2]'    1e-06
294   'tauGamma[5,3,3]'    1e-06
295   'tauGamma[6,1,1]'    1e-06
296   'tauGamma[6,1,2]'    1e-06
297   'tauGamma[6,1,3]'    1e-06
298   'tauGamma[6,2,1]'    1e-06
299   'tauGamma[6,2,2]'    1e-06
300   'tauGamma[6,2,3]'    1e-06
301   'tauGamma[6,3,1]'    1e-06
302   'tauGamma[6,3,2]'    1e-06
303   'tauGamma[6,3,3]'    1e-06
304   'tauGamma[7,1,1]'    1e-06
305   'tauGamma[7,1,2]'    1e-06
306   'tauGamma[7,1,3]'    1e-06
307   'tauGamma[7,2,1]'    1e-06
308   'tauGamma[7,2,2]'    1e-06
309   'tauGamma[7,2,3]'    1e-06
310   'tauGamma[7,3,1]'    1e-06
311   'tauGamma[7,3,2]'    1e-06
312   'tauGamma[7,3,3]'    1e-06
313   'tauGamma[8,1,1]'    1e-06
314   'tauGamma[8,1,2]'    1e-06
315   'tauGamma[8,1,3]'    1e-06
316   'tauGamma[8,2,1]'    1e-06
317   'tauGamma[8,2,2]'    1e-06
318   'tauGamma[8,2,3]'    1e-06
319   'tauGamma[8,3,1]'    1e-06
320   'tauGamma[8,3,2]'    1e-06
321   'tauGamma[8,3,3]'    1e-06
322   'tauGamma[9,1,1]'    1e-06
323   'tauGamma[9,1,2]'    1e-06
324   'tauGamma[9,1,3]'    1e-06
325   'tauGamma[9,2,1]'    1e-06
326   'tauGamma[9,2,2]'    1e-06
327   'tauGamma[9,2,3]'    1e-06
328   'tauGamma[9,3,1]'    1e-06
329   'tauGamma[9,3,2]'    1e-06
330   'tauGamma[9,3,3]'    1e-06
331   'tauGamma[10,1,1]'   1e-06
332   'tauGamma[10,1,2]'   1e-06
333   'tauGamma[10,1,3]'   1e-06
334   'tauGamma[10,2,1]'   1e-06
335   'tauGamma[10,2,2]'   1e-06
336   'tauGamma[10,2,3]'   1e-06
337   'tauGamma[10,3,1]'   1e-06
338   'tauGamma[10,3,2]'   1e-06
339   'tauGamma[10,3,3]'   1e-06
340   'tauGamma[11,1,1]'   1e-06
341   'tauGamma[11,1,2]'   1e-06
342   'tauGamma[11,1,3]'   1e-06
343   'tauGamma[11,2,1]'   1e-06
344   'tauGamma[11,2,2]'   1e-06
345   'tauGamma[11,2,3]'   1e-06
346   'tauGamma[11,3,1]'   1e-06
347   'tauGamma[11,3,2]'   1e-06
348   'tauGamma[11,3,3]'   1e-06
349   'tauGamma[12,1,1]'   1e-06
350   'tauGamma[12,1,2]'   1e-06
351   'tauGamma[12,1,3]'   1e-06
352   'tauGamma[12,2,1]'   1e-06
353   'tauGamma[12,2,2]'   1e-06
354   'tauGamma[12,2,3]'   1e-06
355   'tauGamma[12,3,1]'   1e-06
356   'tauGamma[12,3,2]'   1e-06
357   'tauGamma[12,3,3]'   1e-06
358   'tauGamma[13,1,1]'   1e-06
359   'tauGamma[13,1,2]'   1e-06
360   'tauGamma[13,1,3]'   1e-06
361   'tauGamma[13,2,1]'   1e-06
362   'tauGamma[13,2,2]'   1e-06
363   'tauGamma[13,2,3]'   1e-06
364   'tauGamma[13,3,1]'   1e-06
365   'tauGamma[13,3,2]'   1e-06
366   'tauGamma[13,3,3]'   1e-06
367   'tauGamma[14,1,1]'   1e-06
368   'tauGamma[14,1,2]'   1e-06
369   'tauGamma[14,1,3]'   1e-06
370   'tauGamma[14,2,1]'   1e-06
371   'tauGamma[14,2,2]'   1e-06
372   'tauGamma[14,2,3]'   1e-06
373   'tauGamma[14,3,1]'   1e-06
374   'tauGamma[14,3,2]'   1e-06
375   'tauGamma[14,3,3]'   1e-06
376   'tauGamma[15,1,1]'   1e-06
377   'tauGamma[15,1,2]'   1e-06
378   'tauGamma[15,1,3]'   1e-06
379   'tauGamma[15,2,1]'   1e-06
380   'tauGamma[15,2,2]'   1e-06
381   'tauGamma[15,2,3]'   1e-06
382   'tauGamma[15,3,1]'   1e-06
383   'tauGamma[15,3,2]'   1e-06
384   'tauGamma[15,3,3]'   1e-06
385   'PGamma[1,1,1]'          1
386   'PGamma[1,1,2]'          1
387   'PGamma[1,1,3]'          1
388   'PGamma[1,2,1]'          1
389   'PGamma[1,2,2]'          1
390   'PGamma[1,2,3]'          1
391   'PGamma[1,3,1]'          1
392   'PGamma[1,3,2]'          1
393   'PGamma[1,3,3]'          1
394   'PGamma[2,1,1]'          1
395   'PGamma[2,1,2]'          1
396   'PGamma[2,1,3]'          1
397   'PGamma[2,2,1]'          1
398   'PGamma[2,2,2]'          1
399   'PGamma[2,2,3]'          1
400   'PGamma[2,3,1]'          1
401   'PGamma[2,3,2]'          1
402   'PGamma[2,3,3]'          1
403   'PGamma[3,1,1]'          1
404   'PGamma[3,1,2]'          1
405   'PGamma[3,1,3]'          1
406   'PGamma[3,2,1]'          1
407   'PGamma[3,2,2]'          1
408   'PGamma[3,2,3]'          1
409   'PGamma[3,3,1]'          1
410   'PGamma[3,3,2]'          1
411   'PGamma[3,3,3]'          1
412   'PGamma[4,1,1]'          1
413   'PGamma[4,1,2]'          1
414   'PGamma[4,1,3]'          1
415   'PGamma[4,2,1]'          1
416   'PGamma[4,2,2]'          1
417   'PGamma[4,2,3]'          1
418   'PGamma[4,3,1]'          1
419   'PGamma[4,3,2]'          1
420   'PGamma[4,3,3]'          1
421   'PGamma[5,1,1]'          1
422   'PGamma[5,1,2]'          1
423   'PGamma[5,1,3]'          1
424   'PGamma[5,2,1]'          1
425   'PGamma[5,2,2]'          1
426   'PGamma[5,2,3]'          1
427   'PGamma[5,3,1]'          1
428   'PGamma[5,3,2]'          1
429   'PGamma[5,3,3]'          1
430   'PGamma[6,1,1]'          1
431   'PGamma[6,1,2]'          1
432   'PGamma[6,1,3]'          1
433   'PGamma[6,2,1]'          1
434   'PGamma[6,2,2]'          1
435   'PGamma[6,2,3]'          1
436   'PGamma[6,3,1]'          1
437   'PGamma[6,3,2]'          1
438   'PGamma[6,3,3]'          1
439   'PGamma[7,1,1]'          1
440   'PGamma[7,1,2]'          1
441   'PGamma[7,1,3]'          1
442   'PGamma[7,2,1]'          1
443   'PGamma[7,2,2]'          1
444   'PGamma[7,2,3]'          1
445   'PGamma[7,3,1]'          1
446   'PGamma[7,3,2]'          1
447   'PGamma[7,3,3]'          1
448   'PGamma[8,1,1]'          1
449   'PGamma[8,1,2]'          1
450   'PGamma[8,1,3]'          1
451   'PGamma[8,2,1]'          1
452   'PGamma[8,2,2]'          1
453   'PGamma[8,2,3]'          1
454   'PGamma[8,3,1]'          1
455   'PGamma[8,3,2]'          1
456   'PGamma[8,3,3]'          1
457   'PGamma[9,1,1]'          1
458   'PGamma[9,1,2]'          1
459   'PGamma[9,1,3]'          1
460   'PGamma[9,2,1]'          1
461   'PGamma[9,2,2]'          1
462   'PGamma[9,2,3]'          1
463   'PGamma[9,3,1]'          1
464   'PGamma[9,3,2]'          1
465   'PGamma[9,3,3]'          1
466   'PGamma[10,1,1]'         1
467   'PGamma[10,1,2]'         1
468   'PGamma[10,1,3]'         1
469   'PGamma[10,2,1]'         1
470   'PGamma[10,2,2]'         1
471   'PGamma[10,2,3]'         1
472   'PGamma[10,3,1]'         1
473   'PGamma[10,3,2]'         1
474   'PGamma[10,3,3]'         1
475   'PGamma[11,1,1]'         1
476   'PGamma[11,1,2]'         1
477   'PGamma[11,1,3]'         1
478   'PGamma[11,2,1]'         1
479   'PGamma[11,2,2]'         1
480   'PGamma[11,2,3]'         1
481   'PGamma[11,3,1]'         1
482   'PGamma[11,3,2]'         1
483   'PGamma[11,3,3]'         1
484   'PGamma[12,1,1]'         1
485   'PGamma[12,1,2]'         1
486   'PGamma[12,1,3]'         1
487   'PGamma[12,2,1]'         1
488   'PGamma[12,2,2]'         1
489   'PGamma[12,2,3]'         1
490   'PGamma[12,3,1]'         1
491   'PGamma[12,3,2]'         1
492   'PGamma[12,3,3]'         1
493   'PGamma[13,1,1]'         1
494   'PGamma[13,1,2]'         1
495   'PGamma[13,1,3]'         1
496   'PGamma[13,2,1]'         1
497   'PGamma[13,2,2]'         1
498   'PGamma[13,2,3]'         1
499   'PGamma[13,3,1]'         1
500   'PGamma[13,3,2]'         1
501   'PGamma[13,3,3]'         1
502   'PGamma[14,1,1]'         1
503   'PGamma[14,1,2]'         1
504   'PGamma[14,1,3]'         1
505   'PGamma[14,2,1]'         1
506   'PGamma[14,2,2]'         1
507   'PGamma[14,2,3]'         1
508   'PGamma[14,3,1]'         1
509   'PGamma[14,3,2]'         1
510   'PGamma[14,3,3]'         1
511   'PGamma[15,1,1]'         1
512   'PGamma[15,1,2]'         1
513   'PGamma[15,1,3]'         1
514   'PGamma[15,2,1]'         1
515   'PGamma[15,2,2]'         1
516   'PGamma[15,2,3]'         1
517   'PGamma[15,3,1]'         1
518   'PGamma[15,3,2]'         1
519   'PGamma[15,3,3]'         1
520   'SGamma1[1,1]'           1.02352e-06
521   'SGamma1[1,2]'           1.02352e-06
522   'SGamma1[1,3]'           1.02352e-06
523   'SGamma1[2,1]'           1.04031e-06
524   'SGamma1[2,2]'           1.04031e-06
525   'SGamma1[2,3]'           1.04031e-06
526   'SGamma1[3,1]'           1.0412e-06
527   'SGamma1[3,2]'           1.0412e-06
528   'SGamma1[3,3]'           1.0412e-06
529   'SGamma1[4,1]'           1.03976e-06
530   'SGamma1[4,2]'           1.03976e-06
531   'SGamma1[4,3]'           1.03976e-06
532   'SGamma1[5,1]'           1.03811e-06
533   'SGamma1[5,2]'           1.03811e-06
534   'SGamma1[5,3]'           1.03811e-06
535   'SGamma1[6,1]'           1.03679e-06
536   'SGamma1[6,2]'           1.03679e-06
537   'SGamma1[6,3]'           1.03679e-06
538   'SGamma1[7,1]'           1.03599e-06
539   'SGamma1[7,2]'           1.03599e-06
540   'SGamma1[7,3]'           1.03599e-06
541   'SGamma1[8,1]'           1.03629e-06
542   'SGamma1[8,2]'           1.03629e-06
543   'SGamma1[8,3]'           1.03629e-06
544   'SGamma1[9,1]'           1.03521e-06
545   'SGamma1[9,2]'           1.03521e-06
546   'SGamma1[9,3]'           1.03521e-06
547   'SGamma1[10,1]'          1.03629e-06
548   'SGamma1[10,2]'          1.03629e-06
549   'SGamma1[10,3]'          1.03629e-06
550   'SGamma1[11,1]'          1.03756e-06
551   'SGamma1[11,2]'          1.03756e-06
552   'SGamma1[11,3]'          1.03756e-06
553   'SGamma1[12,1]'          1.03866e-06
554   'SGamma1[12,2]'          1.03866e-06
555   'SGamma1[12,3]'          1.03866e-06
556   'SGamma1[13,1]'          1.03923e-06
557   'SGamma1[13,2]'          1.03923e-06
558   'SGamma1[13,3]'          1.03923e-06
559   'SGamma1[14,1]'          1.04062e-06
560   'SGamma1[14,2]'          1.04062e-06
561   'SGamma1[14,3]'          1.04062e-06
562   'SGamma1[15,1]'          1.05243e-06
563   'SGamma1[15,2]'          1.05243e-06
564   'SGamma1[15,3]'          1.05243e-06
565   'SGamma2[1,1]'           1.02352
566   'SGamma2[1,2]'           1.02352
567   'SGamma2[1,3]'           1.02352
568   'SGamma2[2,1]'           1.04031
569   'SGamma2[2,2]'           1.04031
570   'SGamma2[2,3]'           1.04031
571   'SGamma2[3,1]'           1.0412
572   'SGamma2[3,2]'           1.0412
573   'SGamma2[3,3]'           1.0412
574   'SGamma2[4,1]'           1.03976
575   'SGamma2[4,2]'           1.03976
576   'SGamma2[4,3]'           1.03976
577   'SGamma2[5,1]'           1.03811
578   'SGamma2[5,2]'           1.03811
579   'SGamma2[5,3]'           1.03811
580   'SGamma2[6,1]'           1.03679
581   'SGamma2[6,2]'           1.03679
582   'SGamma2[6,3]'           1.03679
583   'SGamma2[7,1]'           1.03599
584   'SGamma2[7,2]'           1.03599
585   'SGamma2[7,3]'           1.03599
586   'SGamma2[8,1]'           1.03629
587   'SGamma2[8,2]'           1.03629
588   'SGamma2[8,3]'           1.03629
589   'SGamma2[9,1]'           1.03521
590   'SGamma2[9,2]'           1.03521
591   'SGamma2[9,3]'           1.03521
592   'SGamma2[10,1]'          1.03629
593   'SGamma2[10,2]'          1.03629
594   'SGamma2[10,3]'          1.03629
595   'SGamma2[11,1]'          1.03756
596   'SGamma2[11,2]'          1.03756
597   'SGamma2[11,3]'          1.03756
598   'SGamma2[12,1]'          1.03866
599   'SGamma2[12,2]'          1.03866
600   'SGamma2[12,3]'          1.03866
601   'SGamma2[13,1]'          1.03923
602   'SGamma2[13,2]'          1.03923
603   'SGamma2[13,3]'          1.03923
604   'SGamma2[14,1]'          1.04062
605   'SGamma2[14,2]'          1.04062
606   'SGamma2[14,3]'          1.04062
607   'SGamma2[15,1]'          1.05243
608   'SGamma2[15,2]'          1.05243
609   'SGamma2[15,3]'          1.05243
610   'gamma[1,1]'             1
611   'gamma[1,2]'             1
612   'gamma[1,3]'             1
613   'gamma[2,1]'             1
614   'gamma[2,2]'             1
615   'gamma[2,3]'             1
616   'gamma[3,1]'             1
617   'gamma[3,2]'             1
618   'gamma[3,3]'             1
619   'gamma[4,1]'             1
620   'gamma[4,2]'             1
621   'gamma[4,3]'             1
622   'gamma[5,1]'             1
623   'gamma[5,2]'             1
624   'gamma[5,3]'             1
625   'gamma[6,1]'             1
626   'gamma[6,2]'             1
627   'gamma[6,3]'             1
628   'gamma[7,1]'             1
629   'gamma[7,2]'             1
630   'gamma[7,3]'             1
631   'gamma[8,1]'             1
632   'gamma[8,2]'             1
633   'gamma[8,3]'             1
634   'gamma[9,1]'             1
635   'gamma[9,2]'             1
636   'gamma[9,3]'             1
637   'gamma[10,1]'            1
638   'gamma[10,2]'            1
639   'gamma[10,3]'            1
640   'gamma[11,1]'            1
641   'gamma[11,2]'            1
642   'gamma[11,3]'            1
643   'gamma[12,1]'            1
644   'gamma[12,2]'            1
645   'gamma[12,3]'            1
646   'gamma[13,1]'            1
647   'gamma[13,2]'            1
648   'gamma[13,3]'            1
649   'gamma[14,1]'            1
650   'gamma[14,2]'            1
651   'gamma[14,3]'            1
652   'gamma[15,1]'            1
653   'gamma[15,2]'            1
654   'gamma[15,3]'            1
655   'PrS[1,1]'           83716.4
656   'PrS[1,2]'           39314.8
657   'PrS[1,3]'           29469.1
658   'PrS[2,1]'           79674.5
659   'PrS[2,2]'           37229.8
660   'PrS[2,3]'           27846.9
661   'PrS[3,1]'           77360.9
662   'PrS[3,2]'           36040.9
663   'PrS[3,3]'           26923.3
664   'PrS[4,1]'           76066.3
665   'PrS[4,2]'           35377
666   'PrS[4,3]'           26408.2
667   'PrS[5,1]'           74920
668   'PrS[5,2]'           34790.2
669   'PrS[5,3]'           25953
670   'PrS[6,1]'           73705.4
671   'PrS[6,2]'           34169.3
672   'PrS[6,3]'           25471.8
673   'PrS[7,1]'           72286.9
674   'PrS[7,2]'           33445.4
675   'PrS[7,3]'           24911.1
676   'PrS[8,1]'           70851
677   'PrS[8,2]'           32714
678   'PrS[8,3]'           24345.2
679   'PrS[9,1]'           69445.9
680   'PrS[9,2]'           31999.7
681   'PrS[9,3]'           23792.9
682   'PrS[10,1]'          67934
683   'PrS[10,2]'          31232.7
684   'PrS[10,3]'          23200.3
685   'PrS[11,1]'          66317.4
686   'PrS[11,2]'          30414.3
687   'PrS[11,3]'          22568.7
688   'PrS[12,1]'          64356.7
689   'PrS[12,2]'          29424.4
690   'PrS[12,3]'          21805.5
691   'PrS[13,1]'          61373.2
692   'PrS[13,2]'          27923.7
693   'PrS[13,3]'          20650.4
694   'PrS[14,1]'          56415.9
695   'PrS[14,2]'          25446.1
696   'PrS[14,3]'          18748.5
697   'PrS[15,1]'          49570.6
698   'PrS[15,2]'          22060.2
699   'PrS[15,3]'          16160.9
700   'PrSF[1]'            52610
701   'PrSF[2]'            23558.2
702   'PrSF[3]'            17304
703   Vap                   8763.74
;

