solve_message = 'LOQO 7.00: optimal solution (33 iterations, 33 evaluations)\
primal objective 70.91280656482598\
  dual objective 70.91280608903004'

:     _varname        _var         :=
1     'F[2]'        0
2     'F[3]'        0
3     'F[4]'        0
4     'F[5]'        0
5     'F[6]'        0
6     'F[7]'        0
7     'F[8]'        0
8     'F[9]'        0
9     'F[10]'       0
10    'F[11]'       0
11    'F[12]'       0
12    'F[13]'       0
13    'F[14]'       0
14    'F[15]'     100
15    'F[16]'       0
16    'F[17]'       0
17    'F[18]'       0
18    'F[19]'       0
19    'F[20]'       0
20    'F[21]'       0
21    'F[22]'       0
22    'F[23]'       0
23    'F[24]'       0
24    'F[25]'       0
25    'F[26]'       0
26    'F[27]'       0
27    'F[28]'       0
28    'F[29]'       0
29    Vs           70.9128
30    'y[1,1]'      0.0709236
31    'y[1,2]'      0.691314
32    'y[1,3]'      0.237763
33    'y[2,1]'      0.136406
34    'y[2,2]'      0.6995
35    'y[2,3]'      0.164094
36    'y[3,1]'      0.215451
37    'y[3,2]'      0.649971
38    'y[3,3]'      0.134579
39    'y[4,1]'      0.300892
40    'y[4,2]'      0.58024
41    'y[4,3]'      0.118867
42    'y[5,1]'      0.382332
43    'y[5,2]'      0.509827
44    'y[5,3]'      0.107841
45    'y[6,1]'      0.450913
46    'y[6,2]'      0.449638
47    'y[6,3]'      0.0994485
48    'y[7,1]'      0.502822
49    'y[7,2]'      0.40389
50    'y[7,3]'      0.0932876
51    'y[8,1]'      0.539009
52    'y[8,2]'      0.371959
53    'y[8,3]'      0.0890322
54    'y[9,1]'      0.56281
55    'y[9,2]'      0.350949
56    'y[9,3]'      0.0862413
57    'y[10,1]'     0.57787
58    'y[10,2]'     0.337653
59    'y[10,3]'     0.084477
60    'y[11,1]'     0.587166
61    'y[11,2]'     0.329446
62    'y[11,3]'     0.0833881
63    'y[12,1]'     0.592817
64    'y[12,2]'     0.324456
65    'y[12,3]'     0.0827263
66    'y[13,1]'     0.596221
67    'y[13,2]'     0.321451
68    'y[13,3]'     0.0823277
69    'y[14,1]'     0.59826
70    'y[14,2]'     0.319651
71    'y[14,3]'     0.082089
72    'y[15,1]'     0.599476
73    'y[15,2]'     0.318577
74    'y[15,3]'     0.0819465
75    'y[16,1]'     0.611619
76    'y[16,2]'     0.34586
77    'y[16,3]'     0.042521
78    'y[17,1]'     0.618514
79    'y[17,2]'     0.360466
80    'y[17,3]'     0.0210204
81    'y[18,1]'     0.622489
82    'y[18,2]'     0.367386
83    'y[18,3]'     0.0101254
84    'y[19,1]'     0.625267
85    'y[19,2]'     0.369922
86    'y[19,3]'     0.00481078
87    'y[20,1]'     0.628044
88    'y[20,2]'     0.369688
89    'y[20,3]'     0.00226727
90    'y[21,1]'     0.631837
91    'y[21,2]'     0.367101
92    'y[21,3]'     0.00106176
93    'y[22,1]'     0.637808
94    'y[22,2]'     0.361698
95    'y[22,3]'     0.000493616
96    'y[23,1]'     0.647552
97    'y[23,2]'     0.352221
98    'y[23,3]'     0.000227063
99    'y[24,1]'     0.663278
100   'y[24,2]'     0.33662
101   'y[24,3]'     0.000102713
102   'y[25,1]'     0.687723
103   'y[25,2]'     0.312232
104   'y[25,3]'     4.52488e-05
105   'y[26,1]'     0.723393
106   'y[26,2]'     0.276588
107   'y[26,3]'     1.91468e-05
108   'y[27,1]'     0.770845
109   'y[27,2]'     0.229148
110   'y[27,3]'     7.64852e-06
111   'y[28,1]'     0.826745
112   'y[28,2]'     0.173252
113   'y[28,3]'     2.82927e-06
114   'y[29,1]'     0.883888
115   'y[29,2]'     0.116111
116   'y[29,3]'     9.46194e-07
117   'y[30,1]'     0.934426
118   'y[30,2]'     0.0655738
119   'y[30,3]'     2.69772e-07
120   Ls          140.413
121   'x[1,1]'      0.0215827
122   'x[1,2]'      0.546763
123   'x[1,3]'      0.431655
124   'x[2,1]'      0.0465014
125   'x[2,2]'      0.619765
126   'x[2,3]'      0.333733
127   'x[3,1]'      0.0795722
128   'x[3,2]'      0.6239
129   'x[3,3]'      0.296528
130   'x[4,1]'      0.119492
131   'x[4,2]'      0.598886
132   'x[4,3]'      0.281622
133   'x[5,1]'      0.162643
134   'x[5,2]'      0.56367
135   'x[5,3]'      0.273687
136   'x[6,1]'      0.203772
137   'x[6,2]'      0.528109
138   'x[6,3]'      0.268119
139   'x[7,1]'      0.238408
140   'x[7,2]'      0.497712
141   'x[7,3]'      0.26388
142   'x[8,1]'      0.264623
143   'x[8,2]'      0.474608
144   'x[8,3]'      0.260769
145   'x[9,1]'      0.282899
146   'x[9,2]'      0.458481
147   'x[9,3]'      0.25862
148   'x[10,1]'     0.294919
149   'x[10,2]'     0.447871
150   'x[10,3]'     0.25721
151   'x[11,1]'     0.302525
152   'x[11,2]'     0.441156
153   'x[11,3]'     0.256319
154   'x[12,1]'     0.30722
155   'x[12,2]'     0.437011
156   'x[12,3]'     0.255769
157   'x[13,1]'     0.310074
158   'x[13,2]'     0.434491
159   'x[13,3]'     0.255435
160   'x[14,1]'     0.311793
161   'x[14,2]'     0.432973
162   'x[14,3]'     0.255234
163   'x[15,1]'     0.312822
164   'x[15,2]'     0.432064
165   'x[15,3]'     0.255113
166   'x[16,1]'     0.346686
167   'x[16,2]'     0.509522
168   'x[16,3]'     0.143792
169   'x[17,1]'     0.367994
170   'x[17,2]'     0.557395
171   'x[17,3]'     0.074612
172   'x[18,1]'     0.380091
173   'x[18,2]'     0.583024
174   'x[18,3]'     0.0368846
175   'x[19,1]'     0.387067
176   'x[19,2]'     0.595167
177   'x[19,3]'     0.0177669
178   'x[20,1]'     0.391941
179   'x[20,2]'     0.599617
180   'x[20,3]'     0.00844133
181   'x[21,1]'     0.396815
182   'x[21,2]'     0.599207
183   'x[21,3]'     0.00397821
184   'x[22,1]'     0.403469
185   'x[22,2]'     0.594668
186   'x[22,3]'     0.00186289
187   'x[23,1]'     0.413948
188   'x[23,2]'     0.585187
189   'x[23,3]'     0.00086595
190   'x[24,1]'     0.431044
191   'x[24,2]'     0.568557
192   'x[24,3]'     0.000398226
193   'x[25,1]'     0.458639
194   'x[25,2]'     0.541181
195   'x[25,3]'     0.000180028
196   'x[26,1]'     0.501533
197   'x[26,2]'     0.498388
198   'x[26,3]'     7.91949e-05
199   'x[27,1]'     0.564123
200   'x[27,2]'     0.435843
201   'x[27,3]'     3.33934e-05
202   'x[28,1]'     0.647388
203   'x[28,2]'     0.352599
204   'x[28,3]'     1.32173e-05
205   'x[29,1]'     0.745476
206   'x[29,2]'     0.254519
207   'x[29,3]'     4.76095e-06
208   'x[30,1]'     0.845746
209   'x[30,2]'     0.154253
210   'x[30,3]'     1.4567e-06
211   PC           30.5
212   PR           69.5
213   Vap          70.9128
;

