solve_message = 'LOQO 7.00: optimal solution (19 iterations, 19 evaluations)\
primal objective 77.87248618662278\
  dual objective 77.87248422113775'

:     _varname        _var         :=
1     'F[2]'        0
2     'F[3]'        0
3     'F[4]'        0
4     'F[5]'        0
5     'F[6]'        0
6     'F[7]'        0
7     'F[8]'        0
8     'F[9]'        0
9     'F[10]'       0
10    'F[11]'       0
11    'F[12]'       0
12    'F[13]'       0
13    'F[14]'       0
14    'F[15]'     100
15    'F[16]'       0
16    'F[17]'       0
17    'F[18]'       0
18    'F[19]'       0
19    'F[20]'       0
20    'F[21]'       0
21    'F[22]'       0
22    'F[23]'       0
23    'F[24]'       0
24    'F[25]'       0
25    'F[26]'       0
26    'F[27]'       0
27    'F[28]'       0
28    'F[29]'       0
29    Vs           77.8725
30    'y[1,1]'      0.0145878
31    'y[1,2]'      0.740893
32    'y[1,3]'      0.244519
33    'y[2,1]'      0.0304934
34    'y[2,2]'      0.794948
35    'y[2,3]'      0.174558
36    'y[3,1]'      0.0545427
37    'y[3,2]'      0.796445
38    'y[3,3]'      0.149012
39    'y[4,1]'      0.089832
40    'y[4,2]'      0.772407
41    'y[4,3]'      0.137761
42    'y[5,1]'      0.138956
43    'y[5,2]'      0.731015
44    'y[5,3]'      0.130029
45    'y[6,1]'      0.202248
46    'y[6,2]'      0.675434
47    'y[6,3]'      0.122319
48    'y[7,1]'      0.276008
49    'y[7,2]'      0.610057
50    'y[7,3]'      0.113935
51    'y[8,1]'      0.352504
52    'y[8,2]'      0.542104
53    'y[8,3]'      0.105391
54    'y[9,1]'      0.422806
55    'y[9,2]'      0.479619
56    'y[9,3]'      0.097575
57    'y[10,1]'     0.480586
58    'y[10,2]'     0.428255
59    'y[10,3]'     0.091159
60    'y[11,1]'     0.52387
61    'y[11,2]'     0.389775
62    'y[11,3]'     0.0863544
63    'y[12,1]'     0.554096
64    'y[12,2]'     0.362904
65    'y[12,3]'     0.0829996
66    'y[13,1]'     0.574182
67    'y[13,2]'     0.345048
68    'y[13,3]'     0.0807703
69    'y[14,1]'     0.587094
70    'y[14,2]'     0.333569
71    'y[14,3]'     0.0793373
72    'y[15,1]'     0.595217
73    'y[15,2]'     0.326347
74    'y[15,3]'     0.0784357
75    'y[16,1]'     0.609949
76    'y[16,2]'     0.352547
77    'y[16,3]'     0.0375036
78    'y[17,1]'     0.620213
79    'y[17,2]'     0.362729
80    'y[17,3]'     0.0170586
81    'y[18,1]'     0.629688
82    'y[18,2]'     0.362773
83    'y[18,3]'     0.00753913
84    'y[19,1]'     0.641319
85    'y[19,2]'     0.355417
86    'y[19,3]'     0.00326399
87    'y[20,1]'     0.657628
88    'y[20,2]'     0.340988
89    'y[20,3]'     0.00138421
90    'y[21,1]'     0.680902
91    'y[21,2]'     0.318526
92    'y[21,3]'     0.000571911
93    'y[22,1]'     0.712803
94    'y[22,2]'     0.286969
95    'y[22,3]'     0.000228142
96    'y[23,1]'     0.753399
97    'y[23,2]'     0.246514
98    'y[23,3]'     8.69304e-05
99    'y[24,1]'     0.800197
100   'y[24,2]'     0.199772
101   'y[24,3]'     3.13401e-05
102   'y[25,1]'     0.848301
103   'y[25,2]'     0.151689
104   'y[25,3]'     1.06378e-05
105   'y[26,1]'     0.892242
106   'y[26,2]'     0.107755
107   'y[26,3]'     3.40481e-06
108   'y[27,1]'     0.928254
109   'y[27,2]'     0.0717446
110   'y[27,3]'     1.03455e-06
111   'y[28,1]'     0.955233
112   'y[28,2]'     0.0447662
113   'y[28,3]'     3.00523e-07
114   'y[29,1]'     0.974116
115   'y[29,2]'     0.025884
116   'y[29,3]'     8.3202e-08
117   'y[30,1]'     0.986711
118   'y[30,2]'     0.013289
119   'y[30,3]'     2.09593e-08
120   Ls          147.772
121   'x[1,1]'      0.00429185
122   'x[1,2]'      0.566524
123   'x[1,3]'      0.429185
124   'x[2,1]'      0.00971756
125   'x[2,2]'      0.658412
126   'x[2,3]'      0.33187
127   'x[3,1]'      0.0180994
128   'x[3,2]'      0.686898
129   'x[3,3]'      0.295003
130   'x[4,1]'      0.0307728
131   'x[4,2]'      0.687687
132   'x[4,3]'      0.28154
133   'x[5,1]'      0.0493694
134   'x[5,2]'      0.675019
135   'x[5,3]'      0.275612
136   'x[6,1]'      0.0752564
137   'x[6,2]'      0.653207
138   'x[6,3]'      0.271537
139   'x[7,1]'      0.10861
140   'x[7,2]'      0.623917
141   'x[7,3]'      0.267474
142   'x[8,1]'      0.147479
143   'x[8,2]'      0.589465
144   'x[8,3]'      0.263056
145   'x[9,1]'      0.187791
146   'x[9,2]'      0.553655
147   'x[9,3]'      0.258553
148   'x[10,1]'     0.224838
149   'x[10,2]'     0.520727
150   'x[10,3]'     0.254434
151   'x[11,1]'     0.255287
152   'x[11,2]'     0.49366
153   'x[11,3]'     0.251053
154   'x[12,1]'     0.278097
155   'x[12,2]'     0.473382
156   'x[12,3]'     0.248521
157   'x[13,1]'     0.294025
158   'x[13,2]'     0.459221
159   'x[13,3]'     0.246754
160   'x[14,1]'     0.30461
161   'x[14,2]'     0.449811
162   'x[14,3]'     0.245579
163   'x[15,1]'     0.311414
164   'x[15,2]'     0.443762
165   'x[15,3]'     0.244824
166   'x[16,1]'     0.348549
167   'x[16,2]'     0.523595
168   'x[16,3]'     0.127856
169   'x[17,1]'     0.372563
170   'x[17,2]'     0.566303
171   'x[17,3]'     0.0611335
172   'x[18,1]'     0.389293
173   'x[18,2]'     0.5829
174   'x[18,3]'     0.0278067
175   'x[19,1]'     0.404739
176   'x[19,2]'     0.582972
177   'x[19,3]'     0.0122893
178   'x[20,1]'     0.423697
179   'x[20,2]'     0.570982
180   'x[20,3]'     0.00532052
181   'x[21,1]'     0.450283
182   'x[21,2]'     0.547461
183   'x[21,3]'     0.00225635
184   'x[22,1]'     0.488222
185   'x[22,2]'     0.510846
186   'x[22,3]'     0.000932242
187   'x[23,1]'     0.540222
188   'x[23,2]'     0.459406
189   'x[23,3]'     0.000371874
190   'x[24,1]'     0.606396
191   'x[24,2]'     0.393462
192   'x[24,3]'     0.000141689
193   'x[25,1]'     0.682679
194   'x[25,2]'     0.31727
195   'x[25,3]'     5.10734e-05
196   'x[26,1]'     0.761092
197   'x[26,2]'     0.23889
198   'x[26,3]'     1.73271e-05
199   'x[27,1]'     0.83272
200   'x[27,2]'     0.167274
201   'x[27,3]'     5.53687e-06
202   'x[28,1]'     0.891423
203   'x[28,2]'     0.108576
204   'x[28,3]'     1.67318e-06
205   'x[29,1]'     0.9354
206   'x[29,2]'     0.0645991
207   'x[29,3]'     4.76664e-07
208   'x[30,1]'     0.96618
209   'x[30,2]'     0.0338197
210   'x[30,3]'     1.22417e-07
211   PC           30.1
212   PR           69.9
213   Vap          77.8725
;

