solve_message =
'filterSQP (20020316): Optimal solution found, objective = 400.73641117036357\
102 iterations (61 for feasibility)\
Evals: obj = 59, constr = 147, grad = 55, Hes = 83'

:            _varname               _var          :=
1      'F[2]'                      0
2      'F[3]'                      0
3      'F[4]'                      0
4      'F[5]'                      0
5      'F[6]'                      0
6      'F[7]'                      0
7      'F[8]'                    100
8      'F[9]'                      0
9      'F[10]'                     0
10     'F[11]'                     0
11     'F[12]'                     0
12     'F[13]'                     0
13     'F[14]'                     0
14     'V[1,1]'                  194.256
15     'V[1,2]'                  194.176
16     'V[1,3]'                  194.078
17     'V[1,4]'                  194.022
18     'V[1,5]'                  194.154
19     'V[1,6]'                  194.636
20     'V[1,7]'                  195.472
21     'V[1,8]'                  197.793
22     'V[1,9]'                  199.272
23     'V[1,10]'                 200.932
24     'V[1,11]'                 202.474
25     'V[1,12]'                 203.676
26     'V[1,13]'                 204.487
27     'V[1,14]'                 205.133
28     'V[1,15]'                   0
29     'V[2,1]'                  206.481
30     'V[2,2]'                  210.23
31     'V[2,3]'                  213.235
32     'V[2,4]'                  215.022
33     'V[2,5]'                  215.894
34     'V[2,6]'                  216.235
35     'V[2,7]'                  216.253
36     'V[2,8]'                  216.023
37     'V[2,9]'                  215.816
38     'V[2,10]'                 216.381
39     'V[2,11]'                 220.899
40     'V[2,12]'                 224.613
41     'V[2,13]'                 229.166
42     'V[2,14]'                 232.581
43     'V[2,15]'                   0
44     'y[1,1,1]'                  1.43883e-05
45     'y[1,1,2]'                  0.0226642
46     'y[1,1,3]'                  0.977321
47     'y[1,2,1]'                  6.74841e-05
48     'y[1,2,2]'                  0.0448699
49     'y[1,2,3]'                  0.955063
50     'y[1,3,1]'                  0.000303926
51     'y[1,3,2]'                  0.0841738
52     'y[1,3,3]'                  0.915522
53     'y[1,4,1]'                  0.00131945
54     'y[1,4,2]'                  0.149889
55     'y[1,4,3]'                  0.848792
56     'y[1,5,1]'                  0.00542563
57     'y[1,5,2]'                  0.249393
58     'y[1,5,3]'                  0.745181
59     'y[1,6,1]'                  0.02053
60     'y[1,6,2]'                  0.376544
61     'y[1,6,3]'                  0.602926
62     'y[1,7,1]'                  0.068776
63     'y[1,7,2]'                  0.494989
64     'y[1,7,3]'                  0.436235
65     'y[1,8,1]'                  0.193209
66     'y[1,8,2]'                  0.533731
67     'y[1,8,3]'                  0.27306
68     'y[1,9,1]'                  0.195754
69     'y[1,9,2]'                  0.59612
70     'y[1,9,3]'                  0.208126
71     'y[1,10,1]'                 0.198445
72     'y[1,10,2]'                 0.656474
73     'y[1,10,3]'                 0.14508
74     'y[1,11,1]'                 0.201907
75     'y[1,11,2]'                 0.705216
76     'y[1,11,3]'                 0.0928771
77     'y[1,12,1]'                 0.208947
78     'y[1,12,2]'                 0.735914
79     'y[1,12,3]'                 0.0551394
80     'y[1,13,1]'                 0.228437
81     'y[1,13,2]'                 0.741174
82     'y[1,13,3]'                 0.0303893
83     'y[1,14,1]'                 0.284864
84     'y[1,14,2]'                 0.700084
85     'y[1,14,3]'                 0.0150516
86     'y[1,15,1]'                 0.427942
87     'y[1,15,2]'                 0.566108
88     'y[1,15,3]'                 0.00594934
89     'y[2,1,1]'                  5.15044e-05
90     'y[2,1,2]'                  0.608281
91     'y[2,1,3]'                  0.391667
92     'y[2,2,1]'                  0.000172106
93     'y[2,2,2]'                  0.781193
94     'y[2,2,3]'                  0.218635
95     'y[2,3,1]'                  0.00051777
96     'y[2,3,2]'                  0.892067
97     'y[2,3,3]'                  0.107415
98     'y[2,4,1]'                  0.00146282
99     'y[2,4,2]'                  0.949492
100    'y[2,4,3]'                  0.0490452
101    'y[2,5,1]'                  0.00399984
102    'y[2,5,2]'                  0.974273
103    'y[2,5,3]'                  0.0217274
104    'y[2,6,1]'                  0.0107405
105    'y[2,6,2]'                  0.979625
106    'y[2,6,3]'                  0.00963409
107    'y[2,7,1]'                  0.028375
108    'y[2,7,2]'                  0.967221
109    'y[2,7,3]'                  0.00440416
110    'y[2,8,1]'                  0.0728558
111    'y[2,8,2]'                  0.924996
112    'y[2,8,3]'                  0.00214858
113    'y[2,9,1]'                  0.160274
114    'y[2,9,2]'                  0.838433
115    'y[2,9,3]'                  0.00129376
116    'y[2,10,1]'                 0.307524
117    'y[2,10,2]'                 0.691571
118    'y[2,10,3]'                 0.000904751
119    'y[2,11,1]'                 0.49969
120    'y[2,11,2]'                 0.499651
121    'y[2,11,3]'                 0.000658744
122    'y[2,12,1]'                 0.678956
123    'y[2,12,2]'                 0.320875
124    'y[2,12,3]'                 0.000169205
125    'y[2,13,1]'                 0.834597
126    'y[2,13,2]'                 0.165369
127    'y[2,13,3]'                 3.41943e-05
128    'y[2,14,1]'                 0.928341
129    'y[2,14,2]'                 0.0716533
130    'y[2,14,3]'                 5.75353e-06
131    'y[2,15,1]'                 0.972405
132    'y[2,15,2]'                 0.0275943
133    'y[2,15,3]'                 8.62928e-07
134    'L[1,1]'                    0
135    'L[1,2]'                  224.153
136    'L[1,3]'                  224.073
137    'L[1,4]'                  223.975
138    'L[1,5]'                  223.919
139    'L[1,6]'                  224.051
140    'L[1,7]'                  224.533
141    'L[1,8]'                  225.37
142    'L[1,9]'                  127.69
143    'L[1,10]'                 129.17
144    'L[1,11]'                 130.829
145    'L[1,12]'                 132.372
146    'L[1,13]'                 133.573
147    'L[1,14]'                 134.384
148    'L[1,15]'                 135.03
149    'L[2,1]'                    0
150    'L[2,2]'                  206.823
151    'L[2,3]'                  210.573
152    'L[2,4]'                  213.577
153    'L[2,5]'                  215.364
154    'L[2,6]'                  216.236
155    'L[2,7]'                  216.578
156    'L[2,8]'                  216.595
157    'L[2,9]'                  256.442
158    'L[2,10]'                 256.235
159    'L[2,11]'                 256.8
160    'L[2,12]'                 191.215
161    'L[2,13]'                 194.929
162    'L[2,14]'                 199.482
163    'L[2,15]'                 202.897
164    'x[1,1,1]'                  2.70842e-06
165    'x[1,1,2]'                  0.0105109
166    'x[1,1,3]'                  0.989486
167    'x[1,2,1]'                  1.28305e-05
168    'x[1,2,2]'                  0.0210432
169    'x[1,2,3]'                  0.978944
170    'x[1,3,1]'                  5.88413e-05
171    'x[1,3,2]'                  0.0402855
172    'x[1,3,3]'                  0.959656
173    'x[1,4,1]'                  0.000263718
174    'x[1,4,2]'                  0.0743409
175    'x[1,4,3]'                  0.925395
176    'x[1,5,1]'                  0.00114364
177    'x[1,5,2]'                  0.131279
178    'x[1,5,3]'                  0.867577
179    'x[1,6,1]'                  0.004702
180    'x[1,6,2]'                  0.217517
181    'x[1,6,3]'                  0.777781
182    'x[1,7,1]'                  0.0177967
183    'x[1,7,2]'                  0.327806
184    'x[1,7,3]'                  0.654398
185    'x[1,8,1]'                  0.0596526
186    'x[1,8,2]'                  0.430719
187    'x[1,8,3]'                  0.509629
188    'x[1,9,1]'                  0.0643398
189    'x[1,9,2]'                  0.515955
190    'x[1,9,3]'                  0.419705
191    'x[1,10,1]'                 0.0697413
192    'x[1,10,2]'                 0.612407
193    'x[1,10,3]'                 0.317851
194    'x[1,11,1]'                 0.0754731
195    'x[1,11,2]'                 0.704896
196    'x[1,11,3]'                 0.219631
197    'x[1,12,1]'                 0.0822013
198    'x[1,12,2]'                 0.778886
199    'x[1,12,3]'                 0.138913
200    'x[1,13,1]'                 0.0940125
201    'x[1,13,2]'                 0.825032
202    'x[1,13,3]'                 0.0809557
203    'x[1,14,1]'                 0.124363
204    'x[1,14,2]'                 0.832498
205    'x[1,14,3]'                 0.0431386
206    'x[1,15,1]'                 0.210583
207    'x[1,15,2]'                 0.76964
208    'x[1,15,3]'                 0.0197771
209    'x[2,1,1]'                  1.34362e-05
210    'x[2,1,2]'                  0.406513
211    'x[2,1,3]'                  0.593473
212    'x[2,2,1]'                  5.14414e-05
213    'x[2,2,2]'                  0.607947
214    'x[2,2,3]'                  0.392001
215    'x[2,3,1]'                  0.000171848
216    'x[2,3,2]'                  0.780584
217    'x[2,3,3]'                  0.219244
218    'x[2,4,1]'                  0.000516961
219    'x[2,4,2]'                  0.891289
220    'x[2,4,3]'                  0.108194
221    'x[2,5,1]'                  0.00146052
222    'x[2,5,2]'                  0.948629
223    'x[2,5,3]'                  0.0499108
224    'x[2,6,1]'                  0.00399353
225    'x[2,6,2]'                  0.973374
226    'x[2,6,3]'                  0.0226328
227    'x[2,7,1]'                  0.0107236
228    'x[2,7,2]'                  0.978719
229    'x[2,7,3]'                  0.0105572
230    'x[2,8,1]'                  0.0283302
231    'x[2,8,2]'                  0.966334
232    'x[2,8,3]'                  0.00533542
233    'x[2,9,1]'                  0.0658001
234    'x[2,9,2]'                  0.930764
235    'x[2,9,3]'                  0.00343618
236    'x[2,10,1]'                 0.139423
237    'x[2,10,2]'                 0.85786
238    'x[2,10,3]'                 0.00271725
239    'x[2,11,1]'                 0.263543
240    'x[2,11,2]'                 0.734071
241    'x[2,11,3]'                 0.00238633
242    'x[2,12,1]'                 0.426307
243    'x[2,12,2]'                 0.572932
244    'x[2,12,3]'                 0.000760871
245    'x[2,13,1]'                 0.634269
246    'x[2,13,2]'                 0.365536
247    'x[2,13,3]'                 0.00019484
248    'x[2,14,1]'                 0.814091
249    'x[2,14,2]'                 0.18587
250    'x[2,14,3]'                 3.91541e-05
251    'x[2,15,1]'                 0.921894
252    'x[2,15,2]'                 0.0780991
253    'x[2,15,3]'                 6.46902e-06
254    'CC[2]'                     0
255    'CC[3]'                     0
256    'CC[4]'                     0
257    'CC[5]'                     0
258    'CC[6]'                     0
259    'CC[7]'                     0
260    'CC[8]'                     0
261    'CC[9]'                     0
262    'CC[10]'                    0
263    'CC[11]'                   70.1027
264    'CC[12]'                    0
265    'CC[13]'                    0
266    'CC[14]'                    0
267    'CR[2]'                     0
268    'CR[3]'                     0
269    'CR[4]'                     0
270    'CR[5]'                     0
271    'CR[6]'                     0
272    'CR[7]'                     0
273    'CR[8]'                     0
274    'CR[9]'                     0
275    'CR[10]'                    0
276    'CR[11]'                    0
277    'CR[12]'                    0
278    'CR[13]'                    0
279    'CR[14]'                    0
280    'PC[1]'                     0
281    'PC[2]'                    29.6837
282    'PR[1]'                    29.8973
283    'PR[2]'                     0.342415
284    'PS[2]'                     0
285    'PS[3]'                     0
286    'PS[4]'                     0
287    'PS[5]'                     0
288    'PS[6]'                     0
289    'PS[7]'                     0
290    'PS[8]'                    40.0767
291    'PS[9]'                     0
292    'PS[10]'                    0
293    'PS[11]'                    0
294    'PS[12]'                    0
295    'PS[13]'                    0
296    'PS[14]'                    0
297    'T[1,1]'                  369.167
298    'T[1,2]'                  368.808
299    'T[1,3]'                  368.158
300    'T[1,4]'                  367.023
301    'T[1,5]'                  365.145
302    'T[1,6]'                  362.259
303    'T[1,7]'                  358.111
304    'T[1,8]'                  352.305
305    'T[1,9]'                  350.301
306    'T[1,10]'                 348.186
307    'T[1,11]'                 346.264
308    'T[1,12]'                 344.69
309    'T[1,13]'                 343.316
310    'T[1,14]'                 341.537
311    'T[1,15]'                 337.996
312    'T[2,1]'                  357.839
313    'T[2,2]'                  353.354
314    'T[2,3]'                  349.991
315    'T[2,4]'                  348.011
316    'T[2,5]'                  346.991
317    'T[2,6]'                  346.428
318    'T[2,7]'                  345.925
319    'T[2,8]'                  345.047
320    'T[2,9]'                  343.39
321    'T[2,10]'                 340.41
322    'T[2,11]'                 335.984
323    'T[2,12]'                 331.049
324    'T[2,13]'                 325.84
325    'T[2,14]'                 322.061
326    'T[2,15]'                 320.046
327    TF                        338.159
328    'QC[1]'                  2002.19
329    'QC[2]'                  2141.32
330    'QR[1]'                  2054.62
331    'QR[2]'                  2133.04
332    'H[1,1,1]'                  1.85452
333    'H[1,1,2]'                  2.2892
334    'H[1,1,3]'                  2.74463
335    'H[1,2,1]'                  1.84407
336    'H[1,2,2]'                  2.27653
337    'H[1,2,3]'                  2.72932
338    'H[1,3,1]'                  1.82517
339    'H[1,3,2]'                  2.25362
340    'H[1,3,3]'                  2.70164
341    'H[1,4,1]'                  1.79223
342    'H[1,4,2]'                  2.2137
343    'H[1,4,3]'                  2.65343
344    'H[1,5,1]'                  1.73802
345    'H[1,5,2]'                  2.14795
346    'H[1,5,3]'                  2.57404
347    'H[1,6,1]'                  1.65524
348    'H[1,6,2]'                  2.04745
349    'H[1,6,3]'                  2.45277
350    'H[1,7,1]'                  1.53752
351    'H[1,7,2]'                  1.90433
352    'H[1,7,3]'                  2.28024
353    'H[1,8,1]'                  1.37517
354    'H[1,8,2]'                  1.70651
355    'H[1,8,3]'                  2.04207
356    'H[1,9,1]'                  1.31981
357    'H[1,9,2]'                  1.63893
358    'H[1,9,3]'                  1.96079
359    'H[1,10,1]'                 1.26175
360    'H[1,10,2]'                 1.56799
361    'H[1,10,3]'                 1.87551
362    'H[1,11,1]'                 1.20933
363    'H[1,11,2]'                 1.50387
364    'H[1,11,3]'                 1.79846
365    'H[1,12,1]'                 1.16664
366    'H[1,12,2]'                 1.4516
367    'H[1,12,3]'                 1.73568
368    'H[1,13,1]'                 1.12956
369    'H[1,13,2]'                 1.40616
370    'H[1,13,3]'                 1.68112
371    'H[1,14,1]'                 1.08177
372    'H[1,14,2]'                 1.34755
373    'H[1,14,3]'                 1.61078
374    'H[1,15,1]'                 0.987471
375    'H[1,15,2]'                 1.23172
376    'H[1,15,3]'                 1.47185
377    'H[2,1,1]'                  1.52985
378    'H[2,1,2]'                  1.89499
379    'H[2,1,3]'                  2.26899
380    'H[2,2,1]'                  1.4043
381    'H[2,2,2]'                  1.74205
382    'H[2,2,3]'                  2.08483
383    'H[2,3,1]'                  1.31127
384    'H[2,3,2]'                  1.62851
385    'H[2,3,3]'                  1.94825
386    'H[2,4,1]'                  1.25698
387    'H[2,4,2]'                  1.56216
388    'H[2,4,3]'                  1.8685
389    'H[2,5,1]'                  1.22912
390    'H[2,5,2]'                  1.52808
391    'H[2,5,3]'                  1.82755
392    'H[2,6,1]'                  1.2138
393    'H[2,6,2]'                  1.50934
394    'H[2,6,3]'                  1.80504
395    'H[2,7,1]'                  1.20011
396    'H[2,7,2]'                  1.49259
397    'H[2,7,3]'                  1.78491
398    'H[2,8,1]'                  1.1763
399    'H[2,8,2]'                  1.46344
400    'H[2,8,3]'                  1.7499
401    'H[2,9,1]'                  1.13154
402    'H[2,9,2]'                  1.40859
403    'H[2,9,3]'                  1.68404
404    'H[2,10,1]'                 1.05165
405    'H[2,10,2]'                 1.31058
406    'H[2,10,3]'                 1.56642
407    'H[2,11,1]'                 0.934396
408    'H[2,11,2]'                 1.16642
409    'H[2,11,3]'                 1.39357
410    'H[2,12,1]'                 0.805696
411    'H[2,12,2]'                 1.00771
412    'H[2,12,3]'                 1.20347
413    'H[2,13,1]'                 0.672196
414    'H[2,13,2]'                 0.842518
415    'H[2,13,3]'                 1.00581
416    'H[2,14,1]'                 0.576857
417    'H[2,14,2]'                 0.724167
418    'H[2,14,3]'                 0.864315
419    'H[2,15,1]'                 0.526545
420    'H[2,15,2]'                 0.661574
421    'H[2,15,3]'                 0.789517
422    'HF[1]'                     0.991793
423    'HF[2]'                     1.23703
424    'HF[3]'                     1.47822
425    'h[1,1,1]'                 -6.41316
426    'h[1,1,2]'                 -7.19116
427    'h[1,1,3]'                 -7.83272
428    'h[1,2,1]'                 -6.42975
429    'h[1,2,2]'                 -7.20964
430    'h[1,2,3]'                 -7.85396
431    'h[1,3,1]'                 -6.45972
432    'h[1,3,2]'                 -7.24303
433    'h[1,3,3]'                 -7.89235
434    'h[1,4,1]'                 -6.51195
435    'h[1,4,2]'                 -7.30124
436    'h[1,4,3]'                 -7.95927
437    'h[1,5,1]'                 -6.59798
438    'h[1,5,2]'                 -7.39716
439    'h[1,5,3]'                 -8.06955
440    'h[1,6,1]'                 -6.72946
441    'h[1,6,2]'                 -7.54384
442    'h[1,6,3]'                 -8.23822
443    'h[1,7,1]'                 -6.9167
444    'h[1,7,2]'                 -7.75294
445    'h[1,7,3]'                 -8.47872
446    'h[1,8,1]'                 -7.17552
447    'h[1,8,2]'                 -8.04243
448    'h[1,8,3]'                 -8.81181
449    'h[1,9,1]'                 -7.26394
450    'h[1,9,2]'                 -8.14147
451    'h[1,9,3]'                 -8.9258
452    'h[1,10,1]'                -7.35679
453    'h[1,10,2]'                -8.24552
454    'h[1,10,3]'                -9.0456
455    'h[1,11,1]'                -7.44072
456    'h[1,11,2]'                -8.33966
457    'h[1,11,3]'                -9.15401
458    'h[1,12,1]'                -7.50913
459    'h[1,12,2]'                -8.41644
460    'h[1,12,3]'                -9.24246
461    'h[1,13,1]'                -7.56862
462    'h[1,13,2]'                -8.48325
463    'h[1,13,3]'                -9.31942
464    'h[1,14,1]'                -7.64536
465    'h[1,14,2]'                -8.56948
466    'h[1,14,3]'                -9.4188
467    'h[1,15,1]'                -7.79706
468    'h[1,15,2]'                -8.74012
469    'h[1,15,3]'                -9.61553
470    'h[2,1,1]'                 -6.92891
471    'h[2,1,2]'                 -7.76659
472    'h[2,1,3]'                 -8.49442
473    'h[2,2,1]'                 -7.12902
474    'h[2,2,2]'                 -7.99038
475    'h[2,2,3]'                 -8.75191
476    'h[2,3,1]'                 -7.27759
477    'h[2,3,2]'                 -8.15676
478    'h[2,3,3]'                 -8.9434
479    'h[2,4,1]'                 -7.36442
480    'h[2,4,2]'                 -8.25408
481    'h[2,4,3]'                 -9.05546
482    'h[2,5,1]'                 -7.40902
483    'h[2,5,2]'                 -8.3041
484    'h[2,5,3]'                 -9.11305
485    'h[2,6,1]'                 -7.43354
486    'h[2,6,2]'                 -8.33161
487    'h[2,6,3]'                 -9.14474
488    'h[2,7,1]'                 -7.45548
489    'h[2,7,2]'                 -8.35622
490    'h[2,7,3]'                 -9.17309
491    'h[2,8,1]'                 -7.49364
492    'h[2,8,2]'                 -8.39905
493    'h[2,8,3]'                 -9.22242
494    'h[2,9,1]'                 -7.56544
495    'h[2,9,2]'                 -8.47967
496    'h[2,9,3]'                 -9.3153
497    'h[2,10,1]'                -7.69378
498    'h[2,10,2]'                -8.62391
499    'h[2,10,3]'                -9.48154
500    'h[2,11,1]'                -7.88261
501    'h[2,11,2]'                -8.83647
502    'h[2,11,3]'                -9.72666
503    'h[2,12,1]'                -8.09061
504    'h[2,12,2]'                -9.07108
505    'h[2,12,3]'                -9.99747
506    'h[2,13,1]'                -8.30726
507    'h[2,13,2]'                -9.31603
508    'h[2,13,3]'               -10.2805
509    'h[2,14,1]'                -8.46259
510    'h[2,14,2]'                -9.49204
511    'h[2,14,3]'               -10.4842
512    'h[2,15,1]'                -8.54478
513    'h[2,15,2]'                -9.58532
514    'h[2,15,3]'               -10.5922
515    'hF[1]'                    -7.7901
516    'hF[2]'                    -8.73228
517    'hF[3]'                    -9.60649
518    'tauGamma[1,1,1,1]'     1e-06
519    'tauGamma[1,1,1,2]'     1e-06
520    'tauGamma[1,1,1,3]'     1e-06
521    'tauGamma[1,1,2,1]'     1e-06
522    'tauGamma[1,1,2,2]'     1e-06
523    'tauGamma[1,1,2,3]'     1e-06
524    'tauGamma[1,1,3,1]'     1e-06
525    'tauGamma[1,1,3,2]'     1e-06
526    'tauGamma[1,1,3,3]'     1e-06
527    'tauGamma[1,2,1,1]'     1e-06
528    'tauGamma[1,2,1,2]'     1e-06
529    'tauGamma[1,2,1,3]'     1e-06
530    'tauGamma[1,2,2,1]'     1e-06
531    'tauGamma[1,2,2,2]'     1e-06
532    'tauGamma[1,2,2,3]'     1e-06
533    'tauGamma[1,2,3,1]'     1e-06
534    'tauGamma[1,2,3,2]'     1e-06
535    'tauGamma[1,2,3,3]'     1e-06
536    'tauGamma[1,3,1,1]'     1e-06
537    'tauGamma[1,3,1,2]'     1e-06
538    'tauGamma[1,3,1,3]'     1e-06
539    'tauGamma[1,3,2,1]'     1e-06
540    'tauGamma[1,3,2,2]'     1e-06
541    'tauGamma[1,3,2,3]'     1e-06
542    'tauGamma[1,3,3,1]'     1e-06
543    'tauGamma[1,3,3,2]'     1e-06
544    'tauGamma[1,3,3,3]'     1e-06
545    'tauGamma[1,4,1,1]'     1e-06
546    'tauGamma[1,4,1,2]'     1e-06
547    'tauGamma[1,4,1,3]'     1e-06
548    'tauGamma[1,4,2,1]'     1e-06
549    'tauGamma[1,4,2,2]'     1e-06
550    'tauGamma[1,4,2,3]'     1e-06
551    'tauGamma[1,4,3,1]'     1e-06
552    'tauGamma[1,4,3,2]'     1e-06
553    'tauGamma[1,4,3,3]'     1e-06
554    'tauGamma[1,5,1,1]'     1e-06
555    'tauGamma[1,5,1,2]'     1e-06
556    'tauGamma[1,5,1,3]'     1e-06
557    'tauGamma[1,5,2,1]'     1e-06
558    'tauGamma[1,5,2,2]'     1e-06
559    'tauGamma[1,5,2,3]'     1e-06
560    'tauGamma[1,5,3,1]'     1e-06
561    'tauGamma[1,5,3,2]'     1e-06
562    'tauGamma[1,5,3,3]'     1e-06
563    'tauGamma[1,6,1,1]'     1e-06
564    'tauGamma[1,6,1,2]'     1e-06
565    'tauGamma[1,6,1,3]'     1e-06
566    'tauGamma[1,6,2,1]'     1e-06
567    'tauGamma[1,6,2,2]'     1e-06
568    'tauGamma[1,6,2,3]'     1e-06
569    'tauGamma[1,6,3,1]'     1e-06
570    'tauGamma[1,6,3,2]'     1e-06
571    'tauGamma[1,6,3,3]'     1e-06
572    'tauGamma[1,7,1,1]'     1e-06
573    'tauGamma[1,7,1,2]'     1e-06
574    'tauGamma[1,7,1,3]'     1e-06
575    'tauGamma[1,7,2,1]'     1e-06
576    'tauGamma[1,7,2,2]'     1e-06
577    'tauGamma[1,7,2,3]'     1e-06
578    'tauGamma[1,7,3,1]'     1e-06
579    'tauGamma[1,7,3,2]'     1e-06
580    'tauGamma[1,7,3,3]'     1e-06
581    'tauGamma[1,8,1,1]'     1e-06
582    'tauGamma[1,8,1,2]'     1e-06
583    'tauGamma[1,8,1,3]'     1e-06
584    'tauGamma[1,8,2,1]'     1e-06
585    'tauGamma[1,8,2,2]'     1e-06
586    'tauGamma[1,8,2,3]'     1e-06
587    'tauGamma[1,8,3,1]'     1e-06
588    'tauGamma[1,8,3,2]'     1e-06
589    'tauGamma[1,8,3,3]'     1e-06
590    'tauGamma[1,9,1,1]'     1e-06
591    'tauGamma[1,9,1,2]'     1e-06
592    'tauGamma[1,9,1,3]'     1e-06
593    'tauGamma[1,9,2,1]'     1e-06
594    'tauGamma[1,9,2,2]'     1e-06
595    'tauGamma[1,9,2,3]'     1e-06
596    'tauGamma[1,9,3,1]'     1e-06
597    'tauGamma[1,9,3,2]'     1e-06
598    'tauGamma[1,9,3,3]'     1e-06
599    'tauGamma[1,10,1,1]'    1e-06
600    'tauGamma[1,10,1,2]'    1e-06
601    'tauGamma[1,10,1,3]'    1e-06
602    'tauGamma[1,10,2,1]'    1e-06
603    'tauGamma[1,10,2,2]'    1e-06
604    'tauGamma[1,10,2,3]'    1e-06
605    'tauGamma[1,10,3,1]'    1e-06
606    'tauGamma[1,10,3,2]'    1e-06
607    'tauGamma[1,10,3,3]'    1e-06
608    'tauGamma[1,11,1,1]'    1e-06
609    'tauGamma[1,11,1,2]'    1e-06
610    'tauGamma[1,11,1,3]'    1e-06
611    'tauGamma[1,11,2,1]'    1e-06
612    'tauGamma[1,11,2,2]'    1e-06
613    'tauGamma[1,11,2,3]'    1e-06
614    'tauGamma[1,11,3,1]'    1e-06
615    'tauGamma[1,11,3,2]'    1e-06
616    'tauGamma[1,11,3,3]'    1e-06
617    'tauGamma[1,12,1,1]'    1e-06
618    'tauGamma[1,12,1,2]'    1e-06
619    'tauGamma[1,12,1,3]'    1e-06
620    'tauGamma[1,12,2,1]'    1e-06
621    'tauGamma[1,12,2,2]'    1e-06
622    'tauGamma[1,12,2,3]'    1e-06
623    'tauGamma[1,12,3,1]'    1e-06
624    'tauGamma[1,12,3,2]'    1e-06
625    'tauGamma[1,12,3,3]'    1e-06
626    'tauGamma[1,13,1,1]'    1e-06
627    'tauGamma[1,13,1,2]'    1e-06
628    'tauGamma[1,13,1,3]'    1e-06
629    'tauGamma[1,13,2,1]'    1e-06
630    'tauGamma[1,13,2,2]'    1e-06
631    'tauGamma[1,13,2,3]'    1e-06
632    'tauGamma[1,13,3,1]'    1e-06
633    'tauGamma[1,13,3,2]'    1e-06
634    'tauGamma[1,13,3,3]'    1e-06
635    'tauGamma[1,14,1,1]'    1e-06
636    'tauGamma[1,14,1,2]'    1e-06
637    'tauGamma[1,14,1,3]'    1e-06
638    'tauGamma[1,14,2,1]'    1e-06
639    'tauGamma[1,14,2,2]'    1e-06
640    'tauGamma[1,14,2,3]'    1e-06
641    'tauGamma[1,14,3,1]'    1e-06
642    'tauGamma[1,14,3,2]'    1e-06
643    'tauGamma[1,14,3,3]'    1e-06
644    'tauGamma[1,15,1,1]'    1e-06
645    'tauGamma[1,15,1,2]'    1e-06
646    'tauGamma[1,15,1,3]'    1e-06
647    'tauGamma[1,15,2,1]'    1e-06
648    'tauGamma[1,15,2,2]'    1e-06
649    'tauGamma[1,15,2,3]'    1e-06
650    'tauGamma[1,15,3,1]'    1e-06
651    'tauGamma[1,15,3,2]'    1e-06
652    'tauGamma[1,15,3,3]'    1e-06
653    'tauGamma[2,1,1,1]'     1e-06
654    'tauGamma[2,1,1,2]'     1e-06
655    'tauGamma[2,1,1,3]'     1e-06
656    'tauGamma[2,1,2,1]'     1e-06
657    'tauGamma[2,1,2,2]'     1e-06
658    'tauGamma[2,1,2,3]'     1e-06
659    'tauGamma[2,1,3,1]'     1e-06
660    'tauGamma[2,1,3,2]'     1e-06
661    'tauGamma[2,1,3,3]'     1e-06
662    'tauGamma[2,2,1,1]'     1e-06
663    'tauGamma[2,2,1,2]'     1e-06
664    'tauGamma[2,2,1,3]'     1e-06
665    'tauGamma[2,2,2,1]'     1e-06
666    'tauGamma[2,2,2,2]'     1e-06
667    'tauGamma[2,2,2,3]'     1e-06
668    'tauGamma[2,2,3,1]'     1e-06
669    'tauGamma[2,2,3,2]'     1e-06
670    'tauGamma[2,2,3,3]'     1e-06
671    'tauGamma[2,3,1,1]'     1e-06
672    'tauGamma[2,3,1,2]'     1e-06
673    'tauGamma[2,3,1,3]'     1e-06
674    'tauGamma[2,3,2,1]'     1e-06
675    'tauGamma[2,3,2,2]'     1e-06
676    'tauGamma[2,3,2,3]'     1e-06
677    'tauGamma[2,3,3,1]'     1e-06
678    'tauGamma[2,3,3,2]'     1e-06
679    'tauGamma[2,3,3,3]'     1e-06
680    'tauGamma[2,4,1,1]'     1e-06
681    'tauGamma[2,4,1,2]'     1e-06
682    'tauGamma[2,4,1,3]'     1e-06
683    'tauGamma[2,4,2,1]'     1e-06
684    'tauGamma[2,4,2,2]'     1e-06
685    'tauGamma[2,4,2,3]'     1e-06
686    'tauGamma[2,4,3,1]'     1e-06
687    'tauGamma[2,4,3,2]'     1e-06
688    'tauGamma[2,4,3,3]'     1e-06
689    'tauGamma[2,5,1,1]'     1e-06
690    'tauGamma[2,5,1,2]'     1e-06
691    'tauGamma[2,5,1,3]'     1e-06
692    'tauGamma[2,5,2,1]'     1e-06
693    'tauGamma[2,5,2,2]'     1e-06
694    'tauGamma[2,5,2,3]'     1e-06
695    'tauGamma[2,5,3,1]'     1e-06
696    'tauGamma[2,5,3,2]'     1e-06
697    'tauGamma[2,5,3,3]'     1e-06
698    'tauGamma[2,6,1,1]'     1e-06
699    'tauGamma[2,6,1,2]'     1e-06
700    'tauGamma[2,6,1,3]'     1e-06
701    'tauGamma[2,6,2,1]'     1e-06
702    'tauGamma[2,6,2,2]'     1e-06
703    'tauGamma[2,6,2,3]'     1e-06
704    'tauGamma[2,6,3,1]'     1e-06
705    'tauGamma[2,6,3,2]'     1e-06
706    'tauGamma[2,6,3,3]'     1e-06
707    'tauGamma[2,7,1,1]'     1e-06
708    'tauGamma[2,7,1,2]'     1e-06
709    'tauGamma[2,7,1,3]'     1e-06
710    'tauGamma[2,7,2,1]'     1e-06
711    'tauGamma[2,7,2,2]'     1e-06
712    'tauGamma[2,7,2,3]'     1e-06
713    'tauGamma[2,7,3,1]'     1e-06
714    'tauGamma[2,7,3,2]'     1e-06
715    'tauGamma[2,7,3,3]'     1e-06
716    'tauGamma[2,8,1,1]'     1e-06
717    'tauGamma[2,8,1,2]'     1e-06
718    'tauGamma[2,8,1,3]'     1e-06
719    'tauGamma[2,8,2,1]'     1e-06
720    'tauGamma[2,8,2,2]'     1e-06
721    'tauGamma[2,8,2,3]'     1e-06
722    'tauGamma[2,8,3,1]'     1e-06
723    'tauGamma[2,8,3,2]'     1e-06
724    'tauGamma[2,8,3,3]'     1e-06
725    'tauGamma[2,9,1,1]'     1e-06
726    'tauGamma[2,9,1,2]'     1e-06
727    'tauGamma[2,9,1,3]'     1e-06
728    'tauGamma[2,9,2,1]'     1e-06
729    'tauGamma[2,9,2,2]'     1e-06
730    'tauGamma[2,9,2,3]'     1e-06
731    'tauGamma[2,9,3,1]'     1e-06
732    'tauGamma[2,9,3,2]'     1e-06
733    'tauGamma[2,9,3,3]'     1e-06
734    'tauGamma[2,10,1,1]'    1e-06
735    'tauGamma[2,10,1,2]'    1e-06
736    'tauGamma[2,10,1,3]'    1e-06
737    'tauGamma[2,10,2,1]'    1e-06
738    'tauGamma[2,10,2,2]'    1e-06
739    'tauGamma[2,10,2,3]'    1e-06
740    'tauGamma[2,10,3,1]'    1e-06
741    'tauGamma[2,10,3,2]'    1e-06
742    'tauGamma[2,10,3,3]'    1e-06
743    'tauGamma[2,11,1,1]'    1e-06
744    'tauGamma[2,11,1,2]'    1e-06
745    'tauGamma[2,11,1,3]'    1e-06
746    'tauGamma[2,11,2,1]'    1e-06
747    'tauGamma[2,11,2,2]'    1e-06
748    'tauGamma[2,11,2,3]'    1e-06
749    'tauGamma[2,11,3,1]'    1e-06
750    'tauGamma[2,11,3,2]'    1e-06
751    'tauGamma[2,11,3,3]'    1e-06
752    'tauGamma[2,12,1,1]'    1e-06
753    'tauGamma[2,12,1,2]'    1e-06
754    'tauGamma[2,12,1,3]'    1e-06
755    'tauGamma[2,12,2,1]'    1e-06
756    'tauGamma[2,12,2,2]'    1e-06
757    'tauGamma[2,12,2,3]'    1e-06
758    'tauGamma[2,12,3,1]'    1e-06
759    'tauGamma[2,12,3,2]'    1e-06
760    'tauGamma[2,12,3,3]'    1e-06
761    'tauGamma[2,13,1,1]'    1e-06
762    'tauGamma[2,13,1,2]'    1e-06
763    'tauGamma[2,13,1,3]'    1e-06
764    'tauGamma[2,13,2,1]'    1e-06
765    'tauGamma[2,13,2,2]'    1e-06
766    'tauGamma[2,13,2,3]'    1e-06
767    'tauGamma[2,13,3,1]'    1e-06
768    'tauGamma[2,13,3,2]'    1e-06
769    'tauGamma[2,13,3,3]'    1e-06
770    'tauGamma[2,14,1,1]'    1e-06
771    'tauGamma[2,14,1,2]'    1e-06
772    'tauGamma[2,14,1,3]'    1e-06
773    'tauGamma[2,14,2,1]'    1e-06
774    'tauGamma[2,14,2,2]'    1e-06
775    'tauGamma[2,14,2,3]'    1e-06
776    'tauGamma[2,14,3,1]'    1e-06
777    'tauGamma[2,14,3,2]'    1e-06
778    'tauGamma[2,14,3,3]'    1e-06
779    'tauGamma[2,15,1,1]'    1e-06
780    'tauGamma[2,15,1,2]'    1e-06
781    'tauGamma[2,15,1,3]'    1e-06
782    'tauGamma[2,15,2,1]'    1e-06
783    'tauGamma[2,15,2,2]'    1e-06
784    'tauGamma[2,15,2,3]'    1e-06
785    'tauGamma[2,15,3,1]'    1e-06
786    'tauGamma[2,15,3,2]'    1e-06
787    'tauGamma[2,15,3,3]'    1e-06
788    'PGamma[1,1,1,1]'           1
789    'PGamma[1,1,1,2]'           1
790    'PGamma[1,1,1,3]'           1
791    'PGamma[1,1,2,1]'           1
792    'PGamma[1,1,2,2]'           1
793    'PGamma[1,1,2,3]'           1
794    'PGamma[1,1,3,1]'           1
795    'PGamma[1,1,3,2]'           1
796    'PGamma[1,1,3,3]'           1
797    'PGamma[1,2,1,1]'           1
798    'PGamma[1,2,1,2]'           1
799    'PGamma[1,2,1,3]'           1
800    'PGamma[1,2,2,1]'           1
801    'PGamma[1,2,2,2]'           1
802    'PGamma[1,2,2,3]'           1
803    'PGamma[1,2,3,1]'           1
804    'PGamma[1,2,3,2]'           1
805    'PGamma[1,2,3,3]'           1
806    'PGamma[1,3,1,1]'           1
807    'PGamma[1,3,1,2]'           1
808    'PGamma[1,3,1,3]'           1
809    'PGamma[1,3,2,1]'           1
810    'PGamma[1,3,2,2]'           1
811    'PGamma[1,3,2,3]'           1
812    'PGamma[1,3,3,1]'           1
813    'PGamma[1,3,3,2]'           1
814    'PGamma[1,3,3,3]'           1
815    'PGamma[1,4,1,1]'           1
816    'PGamma[1,4,1,2]'           1
817    'PGamma[1,4,1,3]'           1
818    'PGamma[1,4,2,1]'           1
819    'PGamma[1,4,2,2]'           1
820    'PGamma[1,4,2,3]'           1
821    'PGamma[1,4,3,1]'           1
822    'PGamma[1,4,3,2]'           1
823    'PGamma[1,4,3,3]'           1
824    'PGamma[1,5,1,1]'           1
825    'PGamma[1,5,1,2]'           1
826    'PGamma[1,5,1,3]'           1
827    'PGamma[1,5,2,1]'           1
828    'PGamma[1,5,2,2]'           1
829    'PGamma[1,5,2,3]'           1
830    'PGamma[1,5,3,1]'           1
831    'PGamma[1,5,3,2]'           1
832    'PGamma[1,5,3,3]'           1
833    'PGamma[1,6,1,1]'           1
834    'PGamma[1,6,1,2]'           1
835    'PGamma[1,6,1,3]'           1
836    'PGamma[1,6,2,1]'           1
837    'PGamma[1,6,2,2]'           1
838    'PGamma[1,6,2,3]'           1
839    'PGamma[1,6,3,1]'           1
840    'PGamma[1,6,3,2]'           1
841    'PGamma[1,6,3,3]'           1
842    'PGamma[1,7,1,1]'           1
843    'PGamma[1,7,1,2]'           1
844    'PGamma[1,7,1,3]'           1
845    'PGamma[1,7,2,1]'           1
846    'PGamma[1,7,2,2]'           1
847    'PGamma[1,7,2,3]'           1
848    'PGamma[1,7,3,1]'           1
849    'PGamma[1,7,3,2]'           1
850    'PGamma[1,7,3,3]'           1
851    'PGamma[1,8,1,1]'           1
852    'PGamma[1,8,1,2]'           1
853    'PGamma[1,8,1,3]'           1
854    'PGamma[1,8,2,1]'           1
855    'PGamma[1,8,2,2]'           1
856    'PGamma[1,8,2,3]'           1
857    'PGamma[1,8,3,1]'           1
858    'PGamma[1,8,3,2]'           1
859    'PGamma[1,8,3,3]'           1
860    'PGamma[1,9,1,1]'           1
861    'PGamma[1,9,1,2]'           1
862    'PGamma[1,9,1,3]'           1
863    'PGamma[1,9,2,1]'           1
864    'PGamma[1,9,2,2]'           1
865    'PGamma[1,9,2,3]'           1
866    'PGamma[1,9,3,1]'           1
867    'PGamma[1,9,3,2]'           1
868    'PGamma[1,9,3,3]'           1
869    'PGamma[1,10,1,1]'          1
870    'PGamma[1,10,1,2]'          1
871    'PGamma[1,10,1,3]'          1
872    'PGamma[1,10,2,1]'          1
873    'PGamma[1,10,2,2]'          1
874    'PGamma[1,10,2,3]'          1
875    'PGamma[1,10,3,1]'          1
876    'PGamma[1,10,3,2]'          1
877    'PGamma[1,10,3,3]'          1
878    'PGamma[1,11,1,1]'          1
879    'PGamma[1,11,1,2]'          1
880    'PGamma[1,11,1,3]'          1
881    'PGamma[1,11,2,1]'          1
882    'PGamma[1,11,2,2]'          1
883    'PGamma[1,11,2,3]'          1
884    'PGamma[1,11,3,1]'          1
885    'PGamma[1,11,3,2]'          1
886    'PGamma[1,11,3,3]'          1
887    'PGamma[1,12,1,1]'          1
888    'PGamma[1,12,1,2]'          1
889    'PGamma[1,12,1,3]'          1
890    'PGamma[1,12,2,1]'          1
891    'PGamma[1,12,2,2]'          1
892    'PGamma[1,12,2,3]'          1
893    'PGamma[1,12,3,1]'          1
894    'PGamma[1,12,3,2]'          1
895    'PGamma[1,12,3,3]'          1
896    'PGamma[1,13,1,1]'          1
897    'PGamma[1,13,1,2]'          1
898    'PGamma[1,13,1,3]'          1
899    'PGamma[1,13,2,1]'          1
900    'PGamma[1,13,2,2]'          1
901    'PGamma[1,13,2,3]'          1
902    'PGamma[1,13,3,1]'          1
903    'PGamma[1,13,3,2]'          1
904    'PGamma[1,13,3,3]'          1
905    'PGamma[1,14,1,1]'          1
906    'PGamma[1,14,1,2]'          1
907    'PGamma[1,14,1,3]'          1
908    'PGamma[1,14,2,1]'          1
909    'PGamma[1,14,2,2]'          1
910    'PGamma[1,14,2,3]'          1
911    'PGamma[1,14,3,1]'          1
912    'PGamma[1,14,3,2]'          1
913    'PGamma[1,14,3,3]'          1
914    'PGamma[1,15,1,1]'          1
915    'PGamma[1,15,1,2]'          1
916    'PGamma[1,15,1,3]'          1
917    'PGamma[1,15,2,1]'          1
918    'PGamma[1,15,2,2]'          1
919    'PGamma[1,15,2,3]'          1
920    'PGamma[1,15,3,1]'          1
921    'PGamma[1,15,3,2]'          1
922    'PGamma[1,15,3,3]'          1
923    'PGamma[2,1,1,1]'           1
924    'PGamma[2,1,1,2]'           1
925    'PGamma[2,1,1,3]'           1
926    'PGamma[2,1,2,1]'           1
927    'PGamma[2,1,2,2]'           1
928    'PGamma[2,1,2,3]'           1
929    'PGamma[2,1,3,1]'           1
930    'PGamma[2,1,3,2]'           1
931    'PGamma[2,1,3,3]'           1
932    'PGamma[2,2,1,1]'           1
933    'PGamma[2,2,1,2]'           1
934    'PGamma[2,2,1,3]'           1
935    'PGamma[2,2,2,1]'           1
936    'PGamma[2,2,2,2]'           1
937    'PGamma[2,2,2,3]'           1
938    'PGamma[2,2,3,1]'           1
939    'PGamma[2,2,3,2]'           1
940    'PGamma[2,2,3,3]'           1
941    'PGamma[2,3,1,1]'           1
942    'PGamma[2,3,1,2]'           1
943    'PGamma[2,3,1,3]'           1
944    'PGamma[2,3,2,1]'           1
945    'PGamma[2,3,2,2]'           1
946    'PGamma[2,3,2,3]'           1
947    'PGamma[2,3,3,1]'           1
948    'PGamma[2,3,3,2]'           1
949    'PGamma[2,3,3,3]'           1
950    'PGamma[2,4,1,1]'           1
951    'PGamma[2,4,1,2]'           1
952    'PGamma[2,4,1,3]'           1
953    'PGamma[2,4,2,1]'           1
954    'PGamma[2,4,2,2]'           1
955    'PGamma[2,4,2,3]'           1
956    'PGamma[2,4,3,1]'           1
957    'PGamma[2,4,3,2]'           1
958    'PGamma[2,4,3,3]'           1
959    'PGamma[2,5,1,1]'           1
960    'PGamma[2,5,1,2]'           1
961    'PGamma[2,5,1,3]'           1
962    'PGamma[2,5,2,1]'           1
963    'PGamma[2,5,2,2]'           1
964    'PGamma[2,5,2,3]'           1
965    'PGamma[2,5,3,1]'           1
966    'PGamma[2,5,3,2]'           1
967    'PGamma[2,5,3,3]'           1
968    'PGamma[2,6,1,1]'           1
969    'PGamma[2,6,1,2]'           1
970    'PGamma[2,6,1,3]'           1
971    'PGamma[2,6,2,1]'           1
972    'PGamma[2,6,2,2]'           1
973    'PGamma[2,6,2,3]'           1
974    'PGamma[2,6,3,1]'           1
975    'PGamma[2,6,3,2]'           1
976    'PGamma[2,6,3,3]'           1
977    'PGamma[2,7,1,1]'           1
978    'PGamma[2,7,1,2]'           1
979    'PGamma[2,7,1,3]'           1
980    'PGamma[2,7,2,1]'           1
981    'PGamma[2,7,2,2]'           1
982    'PGamma[2,7,2,3]'           1
983    'PGamma[2,7,3,1]'           1
984    'PGamma[2,7,3,2]'           1
985    'PGamma[2,7,3,3]'           1
986    'PGamma[2,8,1,1]'           1
987    'PGamma[2,8,1,2]'           1
988    'PGamma[2,8,1,3]'           1
989    'PGamma[2,8,2,1]'           1
990    'PGamma[2,8,2,2]'           1
991    'PGamma[2,8,2,3]'           1
992    'PGamma[2,8,3,1]'           1
993    'PGamma[2,8,3,2]'           1
994    'PGamma[2,8,3,3]'           1
995    'PGamma[2,9,1,1]'           1
996    'PGamma[2,9,1,2]'           1
997    'PGamma[2,9,1,3]'           1
998    'PGamma[2,9,2,1]'           1
999    'PGamma[2,9,2,2]'           1
1000   'PGamma[2,9,2,3]'           1
1001   'PGamma[2,9,3,1]'           1
1002   'PGamma[2,9,3,2]'           1
1003   'PGamma[2,9,3,3]'           1
1004   'PGamma[2,10,1,1]'          1
1005   'PGamma[2,10,1,2]'          1
1006   'PGamma[2,10,1,3]'          1
1007   'PGamma[2,10,2,1]'          1
1008   'PGamma[2,10,2,2]'          1
1009   'PGamma[2,10,2,3]'          1
1010   'PGamma[2,10,3,1]'          1
1011   'PGamma[2,10,3,2]'          1
1012   'PGamma[2,10,3,3]'          1
1013   'PGamma[2,11,1,1]'          1
1014   'PGamma[2,11,1,2]'          1
1015   'PGamma[2,11,1,3]'          1
1016   'PGamma[2,11,2,1]'          1
1017   'PGamma[2,11,2,2]'          1
1018   'PGamma[2,11,2,3]'          1
1019   'PGamma[2,11,3,1]'          1
1020   'PGamma[2,11,3,2]'          1
1021   'PGamma[2,11,3,3]'          1
1022   'PGamma[2,12,1,1]'          1
1023   'PGamma[2,12,1,2]'          1
1024   'PGamma[2,12,1,3]'          1
1025   'PGamma[2,12,2,1]'          1
1026   'PGamma[2,12,2,2]'          1
1027   'PGamma[2,12,2,3]'          1
1028   'PGamma[2,12,3,1]'          1
1029   'PGamma[2,12,3,2]'          1
1030   'PGamma[2,12,3,3]'          1
1031   'PGamma[2,13,1,1]'          1
1032   'PGamma[2,13,1,2]'          1
1033   'PGamma[2,13,1,3]'          1
1034   'PGamma[2,13,2,1]'          1
1035   'PGamma[2,13,2,2]'          1
1036   'PGamma[2,13,2,3]'          1
1037   'PGamma[2,13,3,1]'          1
1038   'PGamma[2,13,3,2]'          1
1039   'PGamma[2,13,3,3]'          1
1040   'PGamma[2,14,1,1]'          1
1041   'PGamma[2,14,1,2]'          1
1042   'PGamma[2,14,1,3]'          1
1043   'PGamma[2,14,2,1]'          1
1044   'PGamma[2,14,2,2]'          1
1045   'PGamma[2,14,2,3]'          1
1046   'PGamma[2,14,3,1]'          1
1047   'PGamma[2,14,3,2]'          1
1048   'PGamma[2,14,3,3]'          1
1049   'PGamma[2,15,1,1]'          1
1050   'PGamma[2,15,1,2]'          1
1051   'PGamma[2,15,1,3]'          1
1052   'PGamma[2,15,2,1]'          1
1053   'PGamma[2,15,2,2]'          1
1054   'PGamma[2,15,2,3]'          1
1055   'PGamma[2,15,3,1]'          1
1056   'PGamma[2,15,3,2]'          1
1057   'PGamma[2,15,3,3]'          1
1058   'SGamma1[1,1,1]'        1e-06
1059   'SGamma1[1,1,2]'        1e-06
1060   'SGamma1[1,1,3]'        1e-06
1061   'SGamma1[1,2,1]'        1e-06
1062   'SGamma1[1,2,2]'        1e-06
1063   'SGamma1[1,2,3]'        1e-06
1064   'SGamma1[1,3,1]'        1e-06
1065   'SGamma1[1,3,2]'        1e-06
1066   'SGamma1[1,3,3]'        1e-06
1067   'SGamma1[1,4,1]'        1e-06
1068   'SGamma1[1,4,2]'        1e-06
1069   'SGamma1[1,4,3]'        1e-06
1070   'SGamma1[1,5,1]'        1e-06
1071   'SGamma1[1,5,2]'        1e-06
1072   'SGamma1[1,5,3]'        1e-06
1073   'SGamma1[1,6,1]'        1e-06
1074   'SGamma1[1,6,2]'        1e-06
1075   'SGamma1[1,6,3]'        1e-06
1076   'SGamma1[1,7,1]'        1e-06
1077   'SGamma1[1,7,2]'        1e-06
1078   'SGamma1[1,7,3]'        1e-06
1079   'SGamma1[1,8,1]'        1e-06
1080   'SGamma1[1,8,2]'        1e-06
1081   'SGamma1[1,8,3]'        1e-06
1082   'SGamma1[1,9,1]'        1e-06
1083   'SGamma1[1,9,2]'        1e-06
1084   'SGamma1[1,9,3]'        1e-06
1085   'SGamma1[1,10,1]'       1e-06
1086   'SGamma1[1,10,2]'       1e-06
1087   'SGamma1[1,10,3]'       1e-06
1088   'SGamma1[1,11,1]'       1e-06
1089   'SGamma1[1,11,2]'       1e-06
1090   'SGamma1[1,11,3]'       1e-06
1091   'SGamma1[1,12,1]'       1e-06
1092   'SGamma1[1,12,2]'       1e-06
1093   'SGamma1[1,12,3]'       1e-06
1094   'SGamma1[1,13,1]'       1e-06
1095   'SGamma1[1,13,2]'       1e-06
1096   'SGamma1[1,13,3]'       1e-06
1097   'SGamma1[1,14,1]'       1e-06
1098   'SGamma1[1,14,2]'       1e-06
1099   'SGamma1[1,14,3]'       1e-06
1100   'SGamma1[1,15,1]'       1e-06
1101   'SGamma1[1,15,2]'       1e-06
1102   'SGamma1[1,15,3]'       1e-06
1103   'SGamma1[2,1,1]'        1e-06
1104   'SGamma1[2,1,2]'        1e-06
1105   'SGamma1[2,1,3]'        1e-06
1106   'SGamma1[2,2,1]'        1e-06
1107   'SGamma1[2,2,2]'        1e-06
1108   'SGamma1[2,2,3]'        1e-06
1109   'SGamma1[2,3,1]'        1e-06
1110   'SGamma1[2,3,2]'        1e-06
1111   'SGamma1[2,3,3]'        1e-06
1112   'SGamma1[2,4,1]'        1e-06
1113   'SGamma1[2,4,2]'        1e-06
1114   'SGamma1[2,4,3]'        1e-06
1115   'SGamma1[2,5,1]'        1e-06
1116   'SGamma1[2,5,2]'        1e-06
1117   'SGamma1[2,5,3]'        1e-06
1118   'SGamma1[2,6,1]'        1e-06
1119   'SGamma1[2,6,2]'        1e-06
1120   'SGamma1[2,6,3]'        1e-06
1121   'SGamma1[2,7,1]'        1e-06
1122   'SGamma1[2,7,2]'        1e-06
1123   'SGamma1[2,7,3]'        1e-06
1124   'SGamma1[2,8,1]'        1e-06
1125   'SGamma1[2,8,2]'        1e-06
1126   'SGamma1[2,8,3]'        1e-06
1127   'SGamma1[2,9,1]'        1e-06
1128   'SGamma1[2,9,2]'        1e-06
1129   'SGamma1[2,9,3]'        1e-06
1130   'SGamma1[2,10,1]'       1e-06
1131   'SGamma1[2,10,2]'       1e-06
1132   'SGamma1[2,10,3]'       1e-06
1133   'SGamma1[2,11,1]'       1e-06
1134   'SGamma1[2,11,2]'       1e-06
1135   'SGamma1[2,11,3]'       1e-06
1136   'SGamma1[2,12,1]'       1e-06
1137   'SGamma1[2,12,2]'       1e-06
1138   'SGamma1[2,12,3]'       1e-06
1139   'SGamma1[2,13,1]'       1e-06
1140   'SGamma1[2,13,2]'       1e-06
1141   'SGamma1[2,13,3]'       1e-06
1142   'SGamma1[2,14,1]'       1e-06
1143   'SGamma1[2,14,2]'       1e-06
1144   'SGamma1[2,14,3]'       1e-06
1145   'SGamma1[2,15,1]'       1e-06
1146   'SGamma1[2,15,2]'       1e-06
1147   'SGamma1[2,15,3]'       1e-06
1148   'SGamma2[1,1,1]'            1
1149   'SGamma2[1,1,2]'            1
1150   'SGamma2[1,1,3]'            1
1151   'SGamma2[1,2,1]'            1
1152   'SGamma2[1,2,2]'            1
1153   'SGamma2[1,2,3]'            1
1154   'SGamma2[1,3,1]'            1
1155   'SGamma2[1,3,2]'            1
1156   'SGamma2[1,3,3]'            1
1157   'SGamma2[1,4,1]'            1
1158   'SGamma2[1,4,2]'            1
1159   'SGamma2[1,4,3]'            1
1160   'SGamma2[1,5,1]'            1
1161   'SGamma2[1,5,2]'            1
1162   'SGamma2[1,5,3]'            1
1163   'SGamma2[1,6,1]'            1
1164   'SGamma2[1,6,2]'            1
1165   'SGamma2[1,6,3]'            1
1166   'SGamma2[1,7,1]'            1
1167   'SGamma2[1,7,2]'            1
1168   'SGamma2[1,7,3]'            1
1169   'SGamma2[1,8,1]'            1
1170   'SGamma2[1,8,2]'            1
1171   'SGamma2[1,8,3]'            1
1172   'SGamma2[1,9,1]'            1
1173   'SGamma2[1,9,2]'            1
1174   'SGamma2[1,9,3]'            1
1175   'SGamma2[1,10,1]'           1
1176   'SGamma2[1,10,2]'           1
1177   'SGamma2[1,10,3]'           1
1178   'SGamma2[1,11,1]'           1
1179   'SGamma2[1,11,2]'           1
1180   'SGamma2[1,11,3]'           1
1181   'SGamma2[1,12,1]'           1
1182   'SGamma2[1,12,2]'           1
1183   'SGamma2[1,12,3]'           1
1184   'SGamma2[1,13,1]'           1
1185   'SGamma2[1,13,2]'           1
1186   'SGamma2[1,13,3]'           1
1187   'SGamma2[1,14,1]'           1
1188   'SGamma2[1,14,2]'           1
1189   'SGamma2[1,14,3]'           1
1190   'SGamma2[1,15,1]'           1
1191   'SGamma2[1,15,2]'           1
1192   'SGamma2[1,15,3]'           1
1193   'SGamma2[2,1,1]'            1
1194   'SGamma2[2,1,2]'            1
1195   'SGamma2[2,1,3]'            1
1196   'SGamma2[2,2,1]'            1
1197   'SGamma2[2,2,2]'            1
1198   'SGamma2[2,2,3]'            1
1199   'SGamma2[2,3,1]'            1
1200   'SGamma2[2,3,2]'            1
1201   'SGamma2[2,3,3]'            1
1202   'SGamma2[2,4,1]'            1
1203   'SGamma2[2,4,2]'            1
1204   'SGamma2[2,4,3]'            1
1205   'SGamma2[2,5,1]'            1
1206   'SGamma2[2,5,2]'            1
1207   'SGamma2[2,5,3]'            1
1208   'SGamma2[2,6,1]'            1
1209   'SGamma2[2,6,2]'            1
1210   'SGamma2[2,6,3]'            1
1211   'SGamma2[2,7,1]'            1
1212   'SGamma2[2,7,2]'            1
1213   'SGamma2[2,7,3]'            1
1214   'SGamma2[2,8,1]'            1
1215   'SGamma2[2,8,2]'            1
1216   'SGamma2[2,8,3]'            1
1217   'SGamma2[2,9,1]'            1
1218   'SGamma2[2,9,2]'            1
1219   'SGamma2[2,9,3]'            1
1220   'SGamma2[2,10,1]'           1
1221   'SGamma2[2,10,2]'           1
1222   'SGamma2[2,10,3]'           1
1223   'SGamma2[2,11,1]'           1
1224   'SGamma2[2,11,2]'           1
1225   'SGamma2[2,11,3]'           1
1226   'SGamma2[2,12,1]'           1
1227   'SGamma2[2,12,2]'           1
1228   'SGamma2[2,12,3]'           1
1229   'SGamma2[2,13,1]'           1
1230   'SGamma2[2,13,2]'           1
1231   'SGamma2[2,13,3]'           1
1232   'SGamma2[2,14,1]'           1
1233   'SGamma2[2,14,2]'           1
1234   'SGamma2[2,14,3]'           1
1235   'SGamma2[2,15,1]'           1
1236   'SGamma2[2,15,2]'           1
1237   'SGamma2[2,15,3]'           1
1238   'gamma[1,1,1]'              1
1239   'gamma[1,1,2]'              1
1240   'gamma[1,1,3]'              1
1241   'gamma[1,2,1]'              1
1242   'gamma[1,2,2]'              1
1243   'gamma[1,2,3]'              1
1244   'gamma[1,3,1]'              1
1245   'gamma[1,3,2]'              1
1246   'gamma[1,3,3]'              1
1247   'gamma[1,4,1]'              1
1248   'gamma[1,4,2]'              1
1249   'gamma[1,4,3]'              1
1250   'gamma[1,5,1]'              1
1251   'gamma[1,5,2]'              1
1252   'gamma[1,5,3]'              1
1253   'gamma[1,6,1]'              1
1254   'gamma[1,6,2]'              1
1255   'gamma[1,6,3]'              1
1256   'gamma[1,7,1]'              1
1257   'gamma[1,7,2]'              1
1258   'gamma[1,7,3]'              1
1259   'gamma[1,8,1]'              1
1260   'gamma[1,8,2]'              1
1261   'gamma[1,8,3]'              1
1262   'gamma[1,9,1]'              1
1263   'gamma[1,9,2]'              1
1264   'gamma[1,9,3]'              1
1265   'gamma[1,10,1]'             1
1266   'gamma[1,10,2]'             1
1267   'gamma[1,10,3]'             1
1268   'gamma[1,11,1]'             1
1269   'gamma[1,11,2]'             1
1270   'gamma[1,11,3]'             1
1271   'gamma[1,12,1]'             1
1272   'gamma[1,12,2]'             1
1273   'gamma[1,12,3]'             1
1274   'gamma[1,13,1]'             1
1275   'gamma[1,13,2]'             1
1276   'gamma[1,13,3]'             1
1277   'gamma[1,14,1]'             1
1278   'gamma[1,14,2]'             1
1279   'gamma[1,14,3]'             1
1280   'gamma[1,15,1]'             1
1281   'gamma[1,15,2]'             1
1282   'gamma[1,15,3]'             1
1283   'gamma[2,1,1]'              1
1284   'gamma[2,1,2]'              1
1285   'gamma[2,1,3]'              1
1286   'gamma[2,2,1]'              1
1287   'gamma[2,2,2]'              1
1288   'gamma[2,2,3]'              1
1289   'gamma[2,3,1]'              1
1290   'gamma[2,3,2]'              1
1291   'gamma[2,3,3]'              1
1292   'gamma[2,4,1]'              1
1293   'gamma[2,4,2]'              1
1294   'gamma[2,4,3]'              1
1295   'gamma[2,5,1]'              1
1296   'gamma[2,5,2]'              1
1297   'gamma[2,5,3]'              1
1298   'gamma[2,6,1]'              1
1299   'gamma[2,6,2]'              1
1300   'gamma[2,6,3]'              1
1301   'gamma[2,7,1]'              1
1302   'gamma[2,7,2]'              1
1303   'gamma[2,7,3]'              1
1304   'gamma[2,8,1]'              1
1305   'gamma[2,8,2]'              1
1306   'gamma[2,8,3]'              1
1307   'gamma[2,9,1]'              1
1308   'gamma[2,9,2]'              1
1309   'gamma[2,9,3]'              1
1310   'gamma[2,10,1]'             1
1311   'gamma[2,10,2]'             1
1312   'gamma[2,10,3]'             1
1313   'gamma[2,11,1]'             1
1314   'gamma[2,11,2]'             1
1315   'gamma[2,11,3]'             1
1316   'gamma[2,12,1]'             1
1317   'gamma[2,12,2]'             1
1318   'gamma[2,12,3]'             1
1319   'gamma[2,13,1]'             1
1320   'gamma[2,13,2]'             1
1321   'gamma[2,13,3]'             1
1322   'gamma[2,14,1]'             1
1323   'gamma[2,14,2]'             1
1324   'gamma[2,14,3]'             1
1325   'gamma[2,15,1]'             1
1326   'gamma[2,15,2]'             1
1327   'gamma[2,15,3]'             1
1328   'PrS[1,1,1]'           161485
1329   'PrS[1,1,2]'            65544.5
1330   'PrS[1,1,3]'            30023.8
1331   'PrS[1,2,1]'           159881
1332   'PrS[1,2,2]'            64815.8
1333   'PrS[1,2,3]'            29655.9
1334   'PrS[1,3,1]'           157008
1335   'PrS[1,3,2]'            63513.5
1336   'PrS[1,3,3]'            28999.5
1337   'PrS[1,4,1]'           152086
1338   'PrS[1,4,2]'            61288.5
1339   'PrS[1,4,3]'            27881.2
1340   'PrS[1,5,1]'           144211
1341   'PrS[1,5,2]'            57746.5
1342   'PrS[1,5,3]'            26109.1
1343   'PrS[1,6,1]'           132722
1344   'PrS[1,6,2]'            52621.1
1345   'PrS[1,6,3]'            23563.7
1346   'PrS[1,7,1]'           117472
1347   'PrS[1,7,2]'            45900.4
1348   'PrS[1,7,3]'            20263.6
1349   'PrS[1,8,1]'            98454.7
1350   'PrS[1,8,2]'            37667.4
1351   'PrS[1,8,3]'            16287
1352   'PrS[1,9,1]'            92484.4
1353   'PrS[1,9,2]'            35120.4
1354   'PrS[1,9,3]'            15073.7
1355   'PrS[1,10,1]'           86494.4
1356   'PrS[1,10,2]'           32584.8
1357   'PrS[1,10,3]'           13874.7
1358   'PrS[1,11,1]'           81320
1359   'PrS[1,11,2]'           30411.3
1360   'PrS[1,11,3]'           12854.4
1361   'PrS[1,12,1]'           77267.1
1362   'PrS[1,12,2]'           28720.4
1363   'PrS[1,12,3]'           12065.8
1364   'PrS[1,13,1]'           73861.6
1365   'PrS[1,13,2]'           27307.8
1366   'PrS[1,13,3]'           11410.6
1367   'PrS[1,14,1]'           69627.8
1368   'PrS[1,14,2]'           25562.6
1369   'PrS[1,14,3]'           10606.1
1370   'PrS[1,15,1]'           61773
1371   'PrS[1,15,2]'           22358.9
1372   'PrS[1,15,3]'            9144.14
1373   'PrS[2,1,1]'           116522
1374   'PrS[2,1,2]'            45484.9
1375   'PrS[2,1,3]'            20061
1376   'PrS[2,2,1]'           101700
1377   'PrS[2,2,2]'            39059.8
1378   'PrS[2,2,3]'            16953.9
1379   'PrS[2,3,1]'            91586.1
1380   'PrS[2,3,2]'            34738.9
1381   'PrS[2,3,3]'            14892.7
1382   'PrS[2,4,1]'            86014.4
1383   'PrS[2,4,2]'            32382.5
1384   'PrS[2,4,3]'            13779.4
1385   'PrS[2,5,1]'            83247.9
1386   'PrS[2,5,2]'            31219.2
1387   'PrS[2,5,3]'            13232.8
1388   'PrS[2,6,1]'            81753.4
1389   'PrS[2,6,2]'            30592.7
1390   'PrS[2,6,3]'            12939.3
1391   'PrS[2,7,1]'            80433
1392   'PrS[2,7,2]'            30040.3
1393   'PrS[2,7,3]'            12681
1394   'PrS[2,8,1]'            78172.2
1395   'PrS[2,8,2]'            29097.1
1396   'PrS[2,8,3]'            12241.1
1397   'PrS[2,9,1]'            74041.1
1398   'PrS[2,9,2]'            27382.1
1399   'PrS[2,9,3]'            11445
1400   'PrS[2,10,1]'           67047.7
1401   'PrS[2,10,2]'           24505.2
1402   'PrS[2,10,3]'           10121.3
1403   'PrS[2,11,1]'           57635
1404   'PrS[2,11,2]'           20690.3
1405   'PrS[2,11,3]'            8391.18
1406   'PrS[2,12,1]'           48412.4
1407   'PrS[2,12,2]'           17024.3
1408   'PrS[2,12,3]'            6759.9
1409   'PrS[2,13,1]'           39998.2
1410   'PrS[2,13,2]'           13751.8
1411   'PrS[2,13,3]'            5334.73
1412   'PrS[2,14,1]'           34663.5
1413   'PrS[2,14,2]'           11718.3
1414   'PrS[2,14,3]'            4466.77
1415   'PrS[2,15,1]'           32062.9
1416   'PrS[2,15,2]'           10740.1
1417   'PrS[2,15,3]'            4054.84
1418   'PrSF[1]'               62118.8
1419   'PrSF[2]'               22498.9
1420   'PrSF[3]'                9207.62
1421   Vap                       400.736
1422   Sep                        95
;

