solve_message =
'Knitro 10.3.0: Relative change in infeasible solution estimate < xtol for xtol_iters.\
objective 31562.03739667998; feasibility error 3.56\
1238 iterations; 3125 function evaluations'

:            _varname               _var          :=
1      'F[2]'                      0
2      'F[3]'                      0
3      'F[4]'                      0
4      'F[5]'                      0
5      'F[6]'                      0
6      'F[7]'                      0
7      'F[8]'                    100
8      'F[9]'                      0
9      'F[10]'                     0
10     'F[11]'                     0
11     'F[12]'                     0
12     'F[13]'                     0
13     'F[14]'                     0
14     'V[1,1]'                  246.175
15     'V[1,2]'                  246.095
16     'V[1,3]'                  246.282
17     'V[1,4]'                  247.176
18     'V[1,5]'                  249.102
19     'V[1,6]'                  251.663
20     'V[1,7]'                  253.852
21     'V[1,8]'                  255.662
22     'V[1,9]'                  257.901
23     'V[1,10]'                 259.462
24     'V[1,11]'                 260.402
25     'V[1,12]'                 260.898
26     'V[1,13]'                 261.115
27     'V[1,14]'                 261.435
28     'V[1,15]'                   0
29     'V[2,1]'                31315.9
30     'V[2,2]'                31151.1
31     'V[2,3]'                31409.8
32     'V[2,4]'                31909
33     'V[2,5]'                32482.5
34     'V[2,6]'                32922.7
35     'V[2,7]'                32899.5
36     'V[2,8]'                33449.5
37     'V[2,9]'                33275.9
38     'V[2,10]'               33332.1
39     'V[2,11]'               33732.8
40     'V[2,12]'               34577.9
41     'V[2,13]'               35405.3
42     'V[2,14]'               35942.9
43     'V[2,15]'                   0
44     'y[1,1,1]'                  2.16745e-05
45     'y[1,1,2]'                  0.0589467
46     'y[1,1,3]'                  0.941032
47     'y[1,2,1]'                  0.000100484
48     'y[1,2,2]'                  0.114153
49     'y[1,2,3]'                  0.885747
50     'y[1,3,1]'                  0.00043745
51     'y[1,3,2]'                  0.204669
52     'y[1,3,3]'                  0.794894
53     'y[1,4,1]'                  0.00176887
54     'y[1,4,2]'                  0.3349
55     'y[1,4,3]'                  0.663331
56     'y[1,5,1]'                  0.0064942
57     'y[1,5,2]'                  0.489089
58     'y[1,5,3]'                  0.504417
59     'y[1,6,1]'                  0.0213322
60     'y[1,6,2]'                  0.628639
61     'y[1,6,3]'                  0.350029
62     'y[1,7,1]'                  0.0624815
63     'y[1,7,2]'                  0.709497
64     'y[1,7,3]'                  0.228022
65     'y[1,8,1]'                  0.161322
66     'y[1,8,2]'                  0.694817
67     'y[1,8,3]'                  0.143861
68     'y[1,9,1]'                  0.163135
69     'y[1,9,2]'                  0.752448
70     'y[1,9,3]'                  0.0844169
71     'y[1,10,1]'                 0.165028
72     'y[1,10,2]'                 0.788485
73     'y[1,10,3]'                 0.0464868
74     'y[1,11,1]'                 0.168531
75     'y[1,11,2]'                 0.806942
76     'y[1,11,3]'                 0.0245271
77     'y[1,12,1]'                 0.177723
78     'y[1,12,2]'                 0.809764
79     'y[1,12,3]'                 0.012513
80     'y[1,13,1]'                 0.203688
81     'y[1,13,2]'                 0.790195
82     'y[1,13,3]'                 0.00611667
83     'y[1,14,1]'                 0.273688
84     'y[1,14,2]'                 0.723571
85     'y[1,14,3]'                 0.00274042
86     'y[1,15,1]'                 0.433451
87     'y[1,15,2]'                 0.565552
88     'y[1,15,3]'                 0.000996599
89     'y[2,1,1]'                  8.97431e-06
90     'y[2,1,2]'                  0.131951
91     'y[2,1,3]'                  0.86804
92     'y[2,2,1]'                  4.26764e-05
93     'y[2,2,2]'                  0.251427
94     'y[2,2,3]'                  0.748531
95     'y[2,3,1]'                  0.000183762
96     'y[2,3,2]'                  0.428658
97     'y[2,3,3]'                  0.571158
98     'y[2,4,1]'                  0.000692572
99     'y[2,4,2]'                  0.629522
100    'y[2,4,3]'                  0.369785
101    'y[2,5,1]'                  0.0019137
102    'y[2,5,2]'                  0.795219
103    'y[2,5,3]'                  0.202868
104    'y[2,6,1]'                  0.00537068
105    'y[2,6,2]'                  0.896727
106    'y[2,6,3]'                  0.0979023
107    'y[2,7,1]'                  0.0147005
108    'y[2,7,2]'                  0.941645
109    'y[2,7,3]'                  0.0436543
110    'y[2,8,1]'                  0.0392975
111    'y[2,8,2]'                  0.942376
112    'y[2,8,3]'                  0.0183269
113    'y[2,9,1]'                  0.099796
114    'y[2,9,2]'                  0.892915
115    'y[2,9,3]'                  0.00728925
116    'y[2,10,1]'                 0.232025
117    'y[2,10,2]'                 0.76538
118    'y[2,10,3]'                 0.00259501
119    'y[2,11,1]'                 0.455928
120    'y[2,11,2]'                 0.543322
121    'y[2,11,3]'                 0.000749922
122    'y[2,12,1]'                 0.704842
123    'y[2,12,2]'                 0.294997
124    'y[2,12,3]'                 0.000161119
125    'y[2,13,1]'                 0.874792
126    'y[2,13,2]'                 0.125182
127    'y[2,13,3]'                 2.63363e-05
128    'y[2,14,1]'                 0.954041
129    'y[2,14,2]'                 0.0459551
130    'y[2,14,3]'                 3.6656e-06
131    'y[2,15,1]'                 1
132    'y[2,15,2]'                 0.0161336
133    'y[2,15,3]'                 4.85578e-07
134    'L[1,1]'                    0
135    'L[1,2]'                  276.963
136    'L[1,3]'                  276.883
137    'L[1,4]'                  277.07
138    'L[1,5]'                  277.964
139    'L[1,6]'                  279.89
140    'L[1,7]'                  282.452
141    'L[1,8]'                  284.64
142    'L[1,9]'                  186.45
143    'L[1,10]'                 188.69
144    'L[1,11]'                 190.25
145    'L[1,12]'                 191.191
146    'L[1,13]'                 191.686
147    'L[1,14]'                 191.904
148    'L[1,15]'                 192.224
149    'L[2,1]'                    0
150    'L[2,2]'                31346.1
151    'L[2,3]'                31181.3
152    'L[2,4]'                31440
153    'L[2,5]'                31935.6
154    'L[2,6]'                32478.4
155    'L[2,7]'                32918.6
156    'L[2,8]'                30980.8
157    'L[2,9]'                33485.2
158    'L[2,10]'               33311.6
159    'L[2,11]'               33367.8
160    'L[2,12]'               33699.3
161    'L[2,13]'               34544.3
162    'L[2,14]'               35371.8
163    'L[2,15]'               35909.4
164    'x[1,1,1]'                  4.14714e-06
165    'x[1,1,2]'                  0.0278422
166    'x[1,1,3]'                  0.972154
167    'x[1,2,1]'                  1.97261e-05
168    'x[1,2,2]'                  0.055489
169    'x[1,2,3]'                  0.944491
170    'x[1,3,1]'                  8.9772e-05
171    'x[1,3,2]'                  0.104556
172    'x[1,3,3]'                  0.895355
173    'x[1,4,1]'                  0.000389301
174    'x[1,4,2]'                  0.18502
175    'x[1,4,3]'                  0.814591
176    'x[1,5,1]'                  0.00157341
177    'x[1,5,2]'                  0.300889
178    'x[1,5,3]'                  0.697538
179    'x[1,6,1]'                  0.00578028
180    'x[1,6,2]'                  0.438351
181    'x[1,6,3]'                  0.555869
182    'x[1,7,1]'                  0.0190073
183    'x[1,7,2]'                  0.56315
184    'x[1,7,3]'                  0.417843
185    'x[1,8,1]'                  0.0557236
186    'x[1,8,2]'                  0.635765
187    'x[1,8,3]'                  0.308511
188    'x[1,9,1]'                  0.0603051
189    'x[1,9,2]'                  0.742801
190    'x[1,9,3]'                  0.196894
191    'x[1,10,1]'                 0.0639821
192    'x[1,10,2]'                 0.821002
193    'x[1,10,3]'                 0.115016
194    'x[1,11,1]'                 0.0673775
195    'x[1,11,2]'                 0.869587
196    'x[1,11,3]'                 0.0630358
197    'x[1,12,1]'                 0.0726292
198    'x[1,12,2]'                 0.894326
199    'x[1,12,3]'                 0.0330452
200    'x[1,13,1]'                 0.0853877
201    'x[1,13,2]'                 0.897941
202    'x[1,13,3]'                 0.0166711
203    'x[1,14,1]'                 0.120822
204    'x[1,14,2]'                 0.871214
205    'x[1,14,3]'                 0.00796327
206    'x[1,15,1]'                 0.216164
207    'x[1,15,2]'                 0.780467
208    'x[1,15,3]'                 0.00336829
209    'x[2,1,1]'                  1.87554e-06
210    'x[2,1,2]'                  0.0687965
211    'x[2,1,3]'                  1
212    'x[2,2,1]'                  8.96735e-06
213    'x[2,2,2]'                  0.131886
214    'x[2,2,3]'                  0.868105
215    'x[2,3,1]'                  4.26368e-05
216    'x[2,3,2]'                  0.251245
217    'x[2,3,3]'                  0.748712
218    'x[2,4,1]'                  0.000183587
219    'x[2,4,2]'                  0.428308
220    'x[2,4,3]'                  0.571508
221    'x[2,5,1]'                  0.000580406
222    'x[2,5,2]'                  0.629058
223    'x[2,5,3]'                  0.370362
224    'x[2,6,1]'                  0.00180422
225    'x[2,6,2]'                  0.795354
226    'x[2,6,3]'                  0.202842
227    'x[2,7,1]'                  0.0052631
228    'x[2,7,2]'                  0.896873
229    'x[2,7,3]'                  0.097864
230    'x[2,8,1]'                  0.0154959
231    'x[2,8,2]'                  1
232    'x[2,8,3]'                  0.0463042
233    'x[2,9,1]'                  0.0391666
234    'x[2,9,2]'                  0.942524
235    'x[2,9,3]'                  0.0183094
236    'x[2,10,1]'                 0.0995996
237    'x[2,10,2]'                 0.893117
238    'x[2,10,3]'                 0.0072835
239    'x[2,11,1]'                 0.231687
240    'x[2,11,2]'                 0.765719
241    'x[2,11,3]'                 0.0025943
242    'x[2,12,1]'                 0.455402
243    'x[2,12,2]'                 0.543847
244    'x[2,12,3]'                 0.000750667
245    'x[2,13,1]'                 0.704571
246    'x[2,13,2]'                 0.295268
247    'x[2,13,3]'                 0.000161275
248    'x[2,14,1]'                 0.874688
249    'x[2,14,2]'                 0.125286
250    'x[2,14,3]'                 2.63608e-05
251    'x[2,15,1]'                 0.954013
252    'x[2,15,2]'                 0.0459832
253    'x[2,15,3]'                 3.66857e-06
254    'CC[2]'                     0
255    'CC[3]'                     0
256    'CC[4]'                     0
257    'CC[5]'                     0
258    'CC[6]'                     0
259    'CC[7]'                     0
260    'CC[8]'                     0
261    'CC[9]'                     0
262    'CC[10]'                    0
263    'CC[11]'                   69.2116
264    'CC[12]'                    0
265    'CC[13]'                    0
266    'CC[14]'                    0
267    'CR[2]'                     0
268    'CR[3]'                     0
269    'CR[4]'                     0
270    'CR[5]'                    30.7884
271    'CR[6]'                     0
272    'CR[7]'                     0
273    'CR[8]'                     0
274    'CR[9]'                     0
275    'CR[10]'                    0
276    'CR[11]'                    0
277    'CR[12]'                    0
278    'CR[13]'                    0
279    'CR[14]'                    0
280    'PC[1]'                     1.73961e-13
281    'PC[2]'                    32.9822
282    'PR[1]'                     4.28461e-13
283    'PR[2]'                    28.2625
284    'PS[2]'                     0
285    'PS[3]'                     0
286    'PS[4]'                     0
287    'PS[5]'                     0
288    'PS[6]'                     0
289    'PS[7]'                     0
290    'PS[8]'                    37.5235
291    'PS[9]'                     0
292    'PS[10]'                    0
293    'PS[11]'                    0
294    'PS[12]'                    0
295    'PS[13]'                    0
296    'PS[14]'                    0
297    'T[1,1]'                  368.58
298    'T[1,2]'                  367.662
299    'T[1,3]'                  366.088
300    'T[1,4]'                  363.638
301    'T[1,5]'                  360.334
302    'T[1,6]'                  356.575
303    'T[1,7]'                  352.783
304    'T[1,8]'                  348.728
305    'T[1,9]'                  346.608
306    'T[1,10]'                 345.138
307    'T[1,11]'                 344.198
308    'T[1,12]'                 343.529
309    'T[1,13]'                 342.758
310    'T[1,14]'                 341.204
311    'T[1,15]'                 337.605
312    'T[2,1]'                  365.446
313    'T[2,2]'                  365.256
314    'T[2,3]'                  361.813
315    'T[2,4]'                  357.305
316    'T[2,5]'                  352.881
317    'T[2,6]'                  349.607
318    'T[2,7]'                  347.605
319    'T[2,8]'                  344.619
320    'T[2,9]'                  344.763
321    'T[2,10]'                 342.044
322    'T[2,11]'                 337.059
323    'T[2,12]'                 330.255
324    'T[2,13]'                 324.294
325    'T[2,14]'                 320.907
326    'T[2,15]'                 319.885
327    TF                        338.159
328    'QC[1]'                  2553.62
329    'QC[2]'                329009
330    'QR[1]'                  2605.22
331    'QR[2]'                328963
332    'H[1,1,1]'                  1.83743
333    'H[1,1,2]'                  2.26849
334    'H[1,1,3]'                  2.7196
335    'H[1,2,1]'                  1.81077
336    'H[1,2,2]'                  2.23618
337    'H[1,2,3]'                  2.68057
338    'H[1,3,1]'                  1.7652
339    'H[1,3,2]'                  2.18091
340    'H[1,3,3]'                  2.61384
341    'H[1,4,1]'                  1.6947
342    'H[1,4,2]'                  2.09536
343    'H[1,4,3]'                  2.51057
344    'H[1,5,1]'                  1.60043
345    'H[1,5,2]'                  1.98084
346    'H[1,5,3]'                  2.37245
347    'H[1,6,1]'                  1.49428
348    'H[1,6,2]'                  1.85169
349    'H[1,6,3]'                  2.21683
350    'H[1,7,1]'                  1.38843
351    'H[1,7,2]'                  1.72269
352    'H[1,7,3]'                  2.06154
353    'H[1,8,1]'                  1.27661
354    'H[1,8,2]'                  1.58616
355    'H[1,8,3]'                  1.89734
356    'H[1,9,1]'                  1.21871
357    'H[1,9,2]'                  1.51534
358    'H[1,9,3]'                  1.81225
359    'H[1,10,1]'                 1.17876
360    'H[1,10,2]'                 1.46645
361    'H[1,10,3]'                 1.75351
362    'H[1,11,1]'                 1.15333
363    'H[1,11,2]'                 1.4353
364    'H[1,11,3]'                 1.71611
365    'H[1,12,1]'                 1.1353
366    'H[1,12,2]'                 1.4132
367    'H[1,12,3]'                 1.68958
368    'H[1,13,1]'                 1.11453
369    'H[1,13,2]'                 1.38774
370    'H[1,13,3]'                 1.65901
371    'H[1,14,1]'                 1.07285
372    'H[1,14,2]'                 1.3366
373    'H[1,14,3]'                 1.59765
374    'H[1,15,1]'                 0.977152
375    'H[1,15,2]'                 1.21903
376    'H[1,15,3]'                 1.45664
377    'H[2,1,1]'                  1.74668
378    'H[2,1,2]'                  2.15844
379    'H[2,1,3]'                  2.58671
380    'H[2,2,1]'                  1.7412
381    'H[2,2,2]'                  2.1518
382    'H[2,2,3]'                  2.57868
383    'H[2,3,1]'                  1.6425
384    'H[2,3,2]'                  2.03197
385    'H[2,3,3]'                  2.43411
386    'H[2,4,1]'                  1.51481
387    'H[2,4,2]'                  1.87668
388    'H[2,4,3]'                  2.24693
389    'H[2,5,1]'                  1.39115
390    'H[2,5,2]'                  1.72601
391    'H[2,5,3]'                  2.06553
392    'H[2,6,1]'                  1.30073
393    'H[2,6,2]'                  1.61562
394    'H[2,6,3]'                  1.93277
395    'H[2,7,1]'                  1.24587
396    'H[2,7,2]'                  1.54857
397    'H[2,7,3]'                  1.85217
398    'H[2,8,1]'                  1.16471
399    'H[2,8,2]'                  1.44924
400    'H[2,8,3]'                  1.73285
401    'H[2,9,1]'                  1.16862
402    'H[2,9,2]'                  1.45403
403    'H[2,9,3]'                  1.7386
404    'H[2,10,1]'                 1.09534
405    'H[2,10,2]'                 1.36421
406    'H[2,10,3]'                 1.63077
407    'H[2,11,1]'                 0.962715
408    'H[2,11,2]'                 1.20127
409    'H[2,11,3]'                 1.43535
410    'H[2,12,1]'                 0.785214
411    'H[2,12,2]'                 0.982404
412    'H[2,12,3]'                 1.17318
413    'H[2,13,1]'                 0.633039
414    'H[2,13,2]'                 0.79395
415    'H[2,13,3]'                 0.947735
416    'H[2,14,1]'                 0.548019
417    'H[2,14,2]'                 0.688301
418    'H[2,14,3]'                 0.821453
419    'H[2,15,1]'                 0.522552
420    'H[2,15,2]'                 0.656602
421    'H[2,15,3]'                 0.783577
422    'HF[1]'                     0.991793
423    'HF[2]'                     1.23703
424    'HF[3]'                     1.47822
425    'h[1,1,1]'                 -6.44026
426    'h[1,1,2]'                 -7.22135
427    'h[1,1,3]'                 -7.86743
428    'h[1,2,1]'                 -6.48254
429    'h[1,2,2]'                 -7.26847
430    'h[1,2,3]'                 -7.92159
431    'h[1,3,1]'                 -6.55485
432    'h[1,3,2]'                 -7.34906
433    'h[1,3,3]'                 -8.01425
434    'h[1,4,1]'                 -6.66678
435    'h[1,4,2]'                 -7.4739
436    'h[1,4,3]'                 -8.15779
437    'h[1,5,1]'                 -6.8166
438    'h[1,5,2]'                 -7.64113
439    'h[1,5,3]'                 -8.35011
440    'h[1,6,1]'                 -6.98557
441    'h[1,6,2]'                 -7.82993
442    'h[1,6,3]'                 -8.56728
443    'h[1,7,1]'                 -7.15434
444    'h[1,7,2]'                 -8.01873
445    'h[1,7,3]'                 -8.78452
446    'h[1,8,1]'                 -7.33301
447    'h[1,8,2]'                 -8.21887
448    'h[1,8,3]'                 -9.01491
449    'h[1,9,1]'                 -7.42569
450    'h[1,9,2]'                 -8.3228
451    'h[1,9,3]'                 -9.13459
452    'h[1,10,1]'                -7.4897
453    'h[1,10,2]'                -8.39462
454    'h[1,10,3]'                -9.21732
455    'h[1,11,1]'                -7.53047
456    'h[1,11,2]'                -8.4404
457    'h[1,11,3]'                -9.27006
458    'h[1,12,1]'                -7.5594
459    'h[1,12,2]'                -8.47289
460    'h[1,12,3]'                -9.30749
461    'h[1,13,1]'                -7.59274
462    'h[1,13,2]'                -8.51034
463    'h[1,13,3]'                -9.35065
464    'h[1,14,1]'                -7.6597
465    'h[1,14,2]'                -8.58559
466    'h[1,14,3]'                -9.43737
467    'h[1,15,1]'                -7.81368
468    'h[1,15,2]'                -8.75883
469    'h[1,15,3]'                -9.63711
470    'h[2,1,1]'                 -6.58425
471    'h[2,1,2]'                 -7.38184
472    'h[2,1,3]'                 -8.05194
473    'h[2,2,1]'                 -6.59294
474    'h[2,2,2]'                 -7.39154
475    'h[2,2,3]'                 -8.06309
476    'h[2,3,1]'                 -6.74971
477    'h[2,3,2]'                 -7.56644
478    'h[2,3,3]'                 -8.26421
479    'h[2,4,1]'                 -6.95287
480    'h[2,4,2]'                 -7.79337
481    'h[2,4,3]'                 -8.52522
482    'h[2,5,1]'                 -7.15001
483    'h[2,5,2]'                 -8.01388
484    'h[2,5,3]'                 -8.77894
485    'h[2,6,1]'                 -7.29445
486    'h[2,6,2]'                 -8.17565
487    'h[2,6,3]'                 -8.96515
488    'h[2,7,1]'                 -7.3822
489    'h[2,7,2]'                 -8.27402
490    'h[2,7,3]'                 -9.07842
491    'h[2,8,1]'                 -7.51222
492    'h[2,8,2]'                 -8.41991
493    'h[2,8,3]'                 -9.24645
494    'h[2,9,1]'                 -7.50595
495    'h[2,9,2]'                 -8.41287
496    'h[2,9,3]'                 -9.23834
497    'h[2,10,1]'                -7.62355
498    'h[2,10,2]'                -8.54496
499    'h[2,10,3]'                -9.39054
500    'h[2,11,1]'                -7.83695
501    'h[2,11,2]'                -8.78503
502    'h[2,11,3]'                -9.66733
503    'h[2,12,1]'                -8.12379
504    'h[2,12,2]'                -9.10855
505    'h[2,12,3]'               -10.0408
506    'h[2,13,1]'                -8.37099
507    'h[2,13,2]'                -9.3882
508    'h[2,13,3]'               -10.364
509    'h[2,14,1]'                -8.50968
510    'h[2,14,2]'                -9.54547
511    'h[2,14,3]'               -10.5461
512    'h[2,15,1]'                -8.55131
513    'h[2,15,2]'                -9.59273
514    'h[2,15,3]'               -10.6008
515    'hF[1]'                    -7.7901
516    'hF[2]'                    -8.73228
517    'hF[3]'                    -9.60649
518    'tauGamma[1,1,1,1]'     1e-06
519    'tauGamma[1,1,1,2]'     1e-06
520    'tauGamma[1,1,1,3]'     1e-06
521    'tauGamma[1,1,2,1]'     1e-06
522    'tauGamma[1,1,2,2]'     1e-06
523    'tauGamma[1,1,2,3]'     1e-06
524    'tauGamma[1,1,3,1]'     1e-06
525    'tauGamma[1,1,3,2]'     1e-06
526    'tauGamma[1,1,3,3]'     1e-06
527    'tauGamma[1,2,1,1]'     1e-06
528    'tauGamma[1,2,1,2]'     1e-06
529    'tauGamma[1,2,1,3]'     1e-06
530    'tauGamma[1,2,2,1]'     1e-06
531    'tauGamma[1,2,2,2]'     1e-06
532    'tauGamma[1,2,2,3]'     1e-06
533    'tauGamma[1,2,3,1]'     1e-06
534    'tauGamma[1,2,3,2]'     1e-06
535    'tauGamma[1,2,3,3]'     1e-06
536    'tauGamma[1,3,1,1]'     1e-06
537    'tauGamma[1,3,1,2]'     1e-06
538    'tauGamma[1,3,1,3]'     1e-06
539    'tauGamma[1,3,2,1]'     1e-06
540    'tauGamma[1,3,2,2]'     1e-06
541    'tauGamma[1,3,2,3]'     1e-06
542    'tauGamma[1,3,3,1]'     1e-06
543    'tauGamma[1,3,3,2]'     1e-06
544    'tauGamma[1,3,3,3]'     1e-06
545    'tauGamma[1,4,1,1]'     1e-06
546    'tauGamma[1,4,1,2]'     1e-06
547    'tauGamma[1,4,1,3]'     1e-06
548    'tauGamma[1,4,2,1]'     1e-06
549    'tauGamma[1,4,2,2]'     1e-06
550    'tauGamma[1,4,2,3]'     1e-06
551    'tauGamma[1,4,3,1]'     1e-06
552    'tauGamma[1,4,3,2]'     1e-06
553    'tauGamma[1,4,3,3]'     1e-06
554    'tauGamma[1,5,1,1]'     1e-06
555    'tauGamma[1,5,1,2]'     1e-06
556    'tauGamma[1,5,1,3]'     1e-06
557    'tauGamma[1,5,2,1]'     1e-06
558    'tauGamma[1,5,2,2]'     1e-06
559    'tauGamma[1,5,2,3]'     1e-06
560    'tauGamma[1,5,3,1]'     1e-06
561    'tauGamma[1,5,3,2]'     1e-06
562    'tauGamma[1,5,3,3]'     1e-06
563    'tauGamma[1,6,1,1]'     1e-06
564    'tauGamma[1,6,1,2]'     1e-06
565    'tauGamma[1,6,1,3]'     1e-06
566    'tauGamma[1,6,2,1]'     1e-06
567    'tauGamma[1,6,2,2]'     1e-06
568    'tauGamma[1,6,2,3]'     1e-06
569    'tauGamma[1,6,3,1]'     1e-06
570    'tauGamma[1,6,3,2]'     1e-06
571    'tauGamma[1,6,3,3]'     1e-06
572    'tauGamma[1,7,1,1]'     1e-06
573    'tauGamma[1,7,1,2]'     1e-06
574    'tauGamma[1,7,1,3]'     1e-06
575    'tauGamma[1,7,2,1]'     1e-06
576    'tauGamma[1,7,2,2]'     1e-06
577    'tauGamma[1,7,2,3]'     1e-06
578    'tauGamma[1,7,3,1]'     1e-06
579    'tauGamma[1,7,3,2]'     1e-06
580    'tauGamma[1,7,3,3]'     1e-06
581    'tauGamma[1,8,1,1]'     1e-06
582    'tauGamma[1,8,1,2]'     1e-06
583    'tauGamma[1,8,1,3]'     1e-06
584    'tauGamma[1,8,2,1]'     1e-06
585    'tauGamma[1,8,2,2]'     1e-06
586    'tauGamma[1,8,2,3]'     1e-06
587    'tauGamma[1,8,3,1]'     1e-06
588    'tauGamma[1,8,3,2]'     1e-06
589    'tauGamma[1,8,3,3]'     1e-06
590    'tauGamma[1,9,1,1]'     1e-06
591    'tauGamma[1,9,1,2]'     1e-06
592    'tauGamma[1,9,1,3]'     1e-06
593    'tauGamma[1,9,2,1]'     1e-06
594    'tauGamma[1,9,2,2]'     1e-06
595    'tauGamma[1,9,2,3]'     1e-06
596    'tauGamma[1,9,3,1]'     1e-06
597    'tauGamma[1,9,3,2]'     1e-06
598    'tauGamma[1,9,3,3]'     1e-06
599    'tauGamma[1,10,1,1]'    1e-06
600    'tauGamma[1,10,1,2]'    1e-06
601    'tauGamma[1,10,1,3]'    1e-06
602    'tauGamma[1,10,2,1]'    1e-06
603    'tauGamma[1,10,2,2]'    1e-06
604    'tauGamma[1,10,2,3]'    1e-06
605    'tauGamma[1,10,3,1]'    1e-06
606    'tauGamma[1,10,3,2]'    1e-06
607    'tauGamma[1,10,3,3]'    1e-06
608    'tauGamma[1,11,1,1]'    1e-06
609    'tauGamma[1,11,1,2]'    1e-06
610    'tauGamma[1,11,1,3]'    1e-06
611    'tauGamma[1,11,2,1]'    1e-06
612    'tauGamma[1,11,2,2]'    1e-06
613    'tauGamma[1,11,2,3]'    1e-06
614    'tauGamma[1,11,3,1]'    1e-06
615    'tauGamma[1,11,3,2]'    1e-06
616    'tauGamma[1,11,3,3]'    1e-06
617    'tauGamma[1,12,1,1]'    1e-06
618    'tauGamma[1,12,1,2]'    1e-06
619    'tauGamma[1,12,1,3]'    1e-06
620    'tauGamma[1,12,2,1]'    1e-06
621    'tauGamma[1,12,2,2]'    1e-06
622    'tauGamma[1,12,2,3]'    1e-06
623    'tauGamma[1,12,3,1]'    1e-06
624    'tauGamma[1,12,3,2]'    1e-06
625    'tauGamma[1,12,3,3]'    1e-06
626    'tauGamma[1,13,1,1]'    1e-06
627    'tauGamma[1,13,1,2]'    1e-06
628    'tauGamma[1,13,1,3]'    1e-06
629    'tauGamma[1,13,2,1]'    1e-06
630    'tauGamma[1,13,2,2]'    1e-06
631    'tauGamma[1,13,2,3]'    1e-06
632    'tauGamma[1,13,3,1]'    1e-06
633    'tauGamma[1,13,3,2]'    1e-06
634    'tauGamma[1,13,3,3]'    1e-06
635    'tauGamma[1,14,1,1]'    1e-06
636    'tauGamma[1,14,1,2]'    1e-06
637    'tauGamma[1,14,1,3]'    1e-06
638    'tauGamma[1,14,2,1]'    1e-06
639    'tauGamma[1,14,2,2]'    1e-06
640    'tauGamma[1,14,2,3]'    1e-06
641    'tauGamma[1,14,3,1]'    1e-06
642    'tauGamma[1,14,3,2]'    1e-06
643    'tauGamma[1,14,3,3]'    1e-06
644    'tauGamma[1,15,1,1]'    1e-06
645    'tauGamma[1,15,1,2]'    1e-06
646    'tauGamma[1,15,1,3]'    1e-06
647    'tauGamma[1,15,2,1]'    1e-06
648    'tauGamma[1,15,2,2]'    1e-06
649    'tauGamma[1,15,2,3]'    1e-06
650    'tauGamma[1,15,3,1]'    1e-06
651    'tauGamma[1,15,3,2]'    1e-06
652    'tauGamma[1,15,3,3]'    1e-06
653    'tauGamma[2,1,1,1]'     1e-06
654    'tauGamma[2,1,1,2]'     1e-06
655    'tauGamma[2,1,1,3]'     1e-06
656    'tauGamma[2,1,2,1]'     1e-06
657    'tauGamma[2,1,2,2]'     1e-06
658    'tauGamma[2,1,2,3]'     1e-06
659    'tauGamma[2,1,3,1]'     1e-06
660    'tauGamma[2,1,3,2]'     1e-06
661    'tauGamma[2,1,3,3]'     1e-06
662    'tauGamma[2,2,1,1]'     1e-06
663    'tauGamma[2,2,1,2]'     1e-06
664    'tauGamma[2,2,1,3]'     1e-06
665    'tauGamma[2,2,2,1]'     1e-06
666    'tauGamma[2,2,2,2]'     1e-06
667    'tauGamma[2,2,2,3]'     1e-06
668    'tauGamma[2,2,3,1]'     1e-06
669    'tauGamma[2,2,3,2]'     1e-06
670    'tauGamma[2,2,3,3]'     1e-06
671    'tauGamma[2,3,1,1]'     1e-06
672    'tauGamma[2,3,1,2]'     1e-06
673    'tauGamma[2,3,1,3]'     1e-06
674    'tauGamma[2,3,2,1]'     1e-06
675    'tauGamma[2,3,2,2]'     1e-06
676    'tauGamma[2,3,2,3]'     1e-06
677    'tauGamma[2,3,3,1]'     1e-06
678    'tauGamma[2,3,3,2]'     1e-06
679    'tauGamma[2,3,3,3]'     1e-06
680    'tauGamma[2,4,1,1]'     1e-06
681    'tauGamma[2,4,1,2]'     1e-06
682    'tauGamma[2,4,1,3]'     1e-06
683    'tauGamma[2,4,2,1]'     1e-06
684    'tauGamma[2,4,2,2]'     1e-06
685    'tauGamma[2,4,2,3]'     1e-06
686    'tauGamma[2,4,3,1]'     1e-06
687    'tauGamma[2,4,3,2]'     1e-06
688    'tauGamma[2,4,3,3]'     1e-06
689    'tauGamma[2,5,1,1]'     1e-06
690    'tauGamma[2,5,1,2]'     1e-06
691    'tauGamma[2,5,1,3]'     1e-06
692    'tauGamma[2,5,2,1]'     1e-06
693    'tauGamma[2,5,2,2]'     1e-06
694    'tauGamma[2,5,2,3]'     1e-06
695    'tauGamma[2,5,3,1]'     1e-06
696    'tauGamma[2,5,3,2]'     1e-06
697    'tauGamma[2,5,3,3]'     1e-06
698    'tauGamma[2,6,1,1]'     1e-06
699    'tauGamma[2,6,1,2]'     1e-06
700    'tauGamma[2,6,1,3]'     1e-06
701    'tauGamma[2,6,2,1]'     1e-06
702    'tauGamma[2,6,2,2]'     1e-06
703    'tauGamma[2,6,2,3]'     1e-06
704    'tauGamma[2,6,3,1]'     1e-06
705    'tauGamma[2,6,3,2]'     1e-06
706    'tauGamma[2,6,3,3]'     1e-06
707    'tauGamma[2,7,1,1]'     1e-06
708    'tauGamma[2,7,1,2]'     1e-06
709    'tauGamma[2,7,1,3]'     1e-06
710    'tauGamma[2,7,2,1]'     1e-06
711    'tauGamma[2,7,2,2]'     1e-06
712    'tauGamma[2,7,2,3]'     1e-06
713    'tauGamma[2,7,3,1]'     1e-06
714    'tauGamma[2,7,3,2]'     1e-06
715    'tauGamma[2,7,3,3]'     1e-06
716    'tauGamma[2,8,1,1]'     1e-06
717    'tauGamma[2,8,1,2]'     1e-06
718    'tauGamma[2,8,1,3]'     1e-06
719    'tauGamma[2,8,2,1]'     1e-06
720    'tauGamma[2,8,2,2]'     1e-06
721    'tauGamma[2,8,2,3]'     1e-06
722    'tauGamma[2,8,3,1]'     1e-06
723    'tauGamma[2,8,3,2]'     1e-06
724    'tauGamma[2,8,3,3]'     1e-06
725    'tauGamma[2,9,1,1]'     1e-06
726    'tauGamma[2,9,1,2]'     1e-06
727    'tauGamma[2,9,1,3]'     1e-06
728    'tauGamma[2,9,2,1]'     1e-06
729    'tauGamma[2,9,2,2]'     1e-06
730    'tauGamma[2,9,2,3]'     1e-06
731    'tauGamma[2,9,3,1]'     1e-06
732    'tauGamma[2,9,3,2]'     1e-06
733    'tauGamma[2,9,3,3]'     1e-06
734    'tauGamma[2,10,1,1]'    1e-06
735    'tauGamma[2,10,1,2]'    1e-06
736    'tauGamma[2,10,1,3]'    1e-06
737    'tauGamma[2,10,2,1]'    1e-06
738    'tauGamma[2,10,2,2]'    1e-06
739    'tauGamma[2,10,2,3]'    1e-06
740    'tauGamma[2,10,3,1]'    1e-06
741    'tauGamma[2,10,3,2]'    1e-06
742    'tauGamma[2,10,3,3]'    1e-06
743    'tauGamma[2,11,1,1]'    1e-06
744    'tauGamma[2,11,1,2]'    1e-06
745    'tauGamma[2,11,1,3]'    1e-06
746    'tauGamma[2,11,2,1]'    1e-06
747    'tauGamma[2,11,2,2]'    1e-06
748    'tauGamma[2,11,2,3]'    1e-06
749    'tauGamma[2,11,3,1]'    1e-06
750    'tauGamma[2,11,3,2]'    1e-06
751    'tauGamma[2,11,3,3]'    1e-06
752    'tauGamma[2,12,1,1]'    1e-06
753    'tauGamma[2,12,1,2]'    1e-06
754    'tauGamma[2,12,1,3]'    1e-06
755    'tauGamma[2,12,2,1]'    1e-06
756    'tauGamma[2,12,2,2]'    1e-06
757    'tauGamma[2,12,2,3]'    1e-06
758    'tauGamma[2,12,3,1]'    1e-06
759    'tauGamma[2,12,3,2]'    1e-06
760    'tauGamma[2,12,3,3]'    1e-06
761    'tauGamma[2,13,1,1]'    1e-06
762    'tauGamma[2,13,1,2]'    1e-06
763    'tauGamma[2,13,1,3]'    1e-06
764    'tauGamma[2,13,2,1]'    1e-06
765    'tauGamma[2,13,2,2]'    1e-06
766    'tauGamma[2,13,2,3]'    1e-06
767    'tauGamma[2,13,3,1]'    1e-06
768    'tauGamma[2,13,3,2]'    1e-06
769    'tauGamma[2,13,3,3]'    1e-06
770    'tauGamma[2,14,1,1]'    1e-06
771    'tauGamma[2,14,1,2]'    1e-06
772    'tauGamma[2,14,1,3]'    1e-06
773    'tauGamma[2,14,2,1]'    1e-06
774    'tauGamma[2,14,2,2]'    1e-06
775    'tauGamma[2,14,2,3]'    1e-06
776    'tauGamma[2,14,3,1]'    1e-06
777    'tauGamma[2,14,3,2]'    1e-06
778    'tauGamma[2,14,3,3]'    1e-06
779    'tauGamma[2,15,1,1]'    1e-06
780    'tauGamma[2,15,1,2]'    1e-06
781    'tauGamma[2,15,1,3]'    1e-06
782    'tauGamma[2,15,2,1]'    1e-06
783    'tauGamma[2,15,2,2]'    1e-06
784    'tauGamma[2,15,2,3]'    1e-06
785    'tauGamma[2,15,3,1]'    1e-06
786    'tauGamma[2,15,3,2]'    1e-06
787    'tauGamma[2,15,3,3]'    1e-06
788    'PGamma[1,1,1,1]'           1
789    'PGamma[1,1,1,2]'           1
790    'PGamma[1,1,1,3]'           1
791    'PGamma[1,1,2,1]'           1
792    'PGamma[1,1,2,2]'           1
793    'PGamma[1,1,2,3]'           1
794    'PGamma[1,1,3,1]'           1
795    'PGamma[1,1,3,2]'           1
796    'PGamma[1,1,3,3]'           1
797    'PGamma[1,2,1,1]'           1
798    'PGamma[1,2,1,2]'           1
799    'PGamma[1,2,1,3]'           1
800    'PGamma[1,2,2,1]'           1
801    'PGamma[1,2,2,2]'           1
802    'PGamma[1,2,2,3]'           1
803    'PGamma[1,2,3,1]'           1
804    'PGamma[1,2,3,2]'           1
805    'PGamma[1,2,3,3]'           1
806    'PGamma[1,3,1,1]'           1
807    'PGamma[1,3,1,2]'           1
808    'PGamma[1,3,1,3]'           1
809    'PGamma[1,3,2,1]'           1
810    'PGamma[1,3,2,2]'           1
811    'PGamma[1,3,2,3]'           1
812    'PGamma[1,3,3,1]'           1
813    'PGamma[1,3,3,2]'           1
814    'PGamma[1,3,3,3]'           1
815    'PGamma[1,4,1,1]'           1
816    'PGamma[1,4,1,2]'           1
817    'PGamma[1,4,1,3]'           1
818    'PGamma[1,4,2,1]'           1
819    'PGamma[1,4,2,2]'           1
820    'PGamma[1,4,2,3]'           1
821    'PGamma[1,4,3,1]'           1
822    'PGamma[1,4,3,2]'           1
823    'PGamma[1,4,3,3]'           1
824    'PGamma[1,5,1,1]'           1
825    'PGamma[1,5,1,2]'           1
826    'PGamma[1,5,1,3]'           1
827    'PGamma[1,5,2,1]'           1
828    'PGamma[1,5,2,2]'           1
829    'PGamma[1,5,2,3]'           1
830    'PGamma[1,5,3,1]'           1
831    'PGamma[1,5,3,2]'           1
832    'PGamma[1,5,3,3]'           1
833    'PGamma[1,6,1,1]'           1
834    'PGamma[1,6,1,2]'           1
835    'PGamma[1,6,1,3]'           1
836    'PGamma[1,6,2,1]'           1
837    'PGamma[1,6,2,2]'           1
838    'PGamma[1,6,2,3]'           1
839    'PGamma[1,6,3,1]'           1
840    'PGamma[1,6,3,2]'           1
841    'PGamma[1,6,3,3]'           1
842    'PGamma[1,7,1,1]'           1
843    'PGamma[1,7,1,2]'           1
844    'PGamma[1,7,1,3]'           1
845    'PGamma[1,7,2,1]'           1
846    'PGamma[1,7,2,2]'           1
847    'PGamma[1,7,2,3]'           1
848    'PGamma[1,7,3,1]'           1
849    'PGamma[1,7,3,2]'           1
850    'PGamma[1,7,3,3]'           1
851    'PGamma[1,8,1,1]'           1
852    'PGamma[1,8,1,2]'           1
853    'PGamma[1,8,1,3]'           1
854    'PGamma[1,8,2,1]'           1
855    'PGamma[1,8,2,2]'           1
856    'PGamma[1,8,2,3]'           1
857    'PGamma[1,8,3,1]'           1
858    'PGamma[1,8,3,2]'           1
859    'PGamma[1,8,3,3]'           1
860    'PGamma[1,9,1,1]'           1
861    'PGamma[1,9,1,2]'           1
862    'PGamma[1,9,1,3]'           1
863    'PGamma[1,9,2,1]'           1
864    'PGamma[1,9,2,2]'           1
865    'PGamma[1,9,2,3]'           1
866    'PGamma[1,9,3,1]'           1
867    'PGamma[1,9,3,2]'           1
868    'PGamma[1,9,3,3]'           1
869    'PGamma[1,10,1,1]'          1
870    'PGamma[1,10,1,2]'          1
871    'PGamma[1,10,1,3]'          1
872    'PGamma[1,10,2,1]'          1
873    'PGamma[1,10,2,2]'          1
874    'PGamma[1,10,2,3]'          1
875    'PGamma[1,10,3,1]'          1
876    'PGamma[1,10,3,2]'          1
877    'PGamma[1,10,3,3]'          1
878    'PGamma[1,11,1,1]'          1
879    'PGamma[1,11,1,2]'          1
880    'PGamma[1,11,1,3]'          1
881    'PGamma[1,11,2,1]'          1
882    'PGamma[1,11,2,2]'          1
883    'PGamma[1,11,2,3]'          1
884    'PGamma[1,11,3,1]'          1
885    'PGamma[1,11,3,2]'          1
886    'PGamma[1,11,3,3]'          1
887    'PGamma[1,12,1,1]'          1
888    'PGamma[1,12,1,2]'          1
889    'PGamma[1,12,1,3]'          1
890    'PGamma[1,12,2,1]'          1
891    'PGamma[1,12,2,2]'          1
892    'PGamma[1,12,2,3]'          1
893    'PGamma[1,12,3,1]'          1
894    'PGamma[1,12,3,2]'          1
895    'PGamma[1,12,3,3]'          1
896    'PGamma[1,13,1,1]'          1
897    'PGamma[1,13,1,2]'          1
898    'PGamma[1,13,1,3]'          1
899    'PGamma[1,13,2,1]'          1
900    'PGamma[1,13,2,2]'          1
901    'PGamma[1,13,2,3]'          1
902    'PGamma[1,13,3,1]'          1
903    'PGamma[1,13,3,2]'          1
904    'PGamma[1,13,3,3]'          1
905    'PGamma[1,14,1,1]'          1
906    'PGamma[1,14,1,2]'          1
907    'PGamma[1,14,1,3]'          1
908    'PGamma[1,14,2,1]'          1
909    'PGamma[1,14,2,2]'          1
910    'PGamma[1,14,2,3]'          1
911    'PGamma[1,14,3,1]'          1
912    'PGamma[1,14,3,2]'          1
913    'PGamma[1,14,3,3]'          1
914    'PGamma[1,15,1,1]'          1
915    'PGamma[1,15,1,2]'          1
916    'PGamma[1,15,1,3]'          1
917    'PGamma[1,15,2,1]'          1
918    'PGamma[1,15,2,2]'          1
919    'PGamma[1,15,2,3]'          1
920    'PGamma[1,15,3,1]'          1
921    'PGamma[1,15,3,2]'          1
922    'PGamma[1,15,3,3]'          1
923    'PGamma[2,1,1,1]'           1
924    'PGamma[2,1,1,2]'           1
925    'PGamma[2,1,1,3]'           1
926    'PGamma[2,1,2,1]'           1
927    'PGamma[2,1,2,2]'           1
928    'PGamma[2,1,2,3]'           1
929    'PGamma[2,1,3,1]'           1
930    'PGamma[2,1,3,2]'           1
931    'PGamma[2,1,3,3]'           1
932    'PGamma[2,2,1,1]'           1
933    'PGamma[2,2,1,2]'           1
934    'PGamma[2,2,1,3]'           1
935    'PGamma[2,2,2,1]'           1
936    'PGamma[2,2,2,2]'           1
937    'PGamma[2,2,2,3]'           1
938    'PGamma[2,2,3,1]'           1
939    'PGamma[2,2,3,2]'           1
940    'PGamma[2,2,3,3]'           1
941    'PGamma[2,3,1,1]'           1
942    'PGamma[2,3,1,2]'           1
943    'PGamma[2,3,1,3]'           1
944    'PGamma[2,3,2,1]'           1
945    'PGamma[2,3,2,2]'           1
946    'PGamma[2,3,2,3]'           1
947    'PGamma[2,3,3,1]'           1
948    'PGamma[2,3,3,2]'           1
949    'PGamma[2,3,3,3]'           1
950    'PGamma[2,4,1,1]'           1
951    'PGamma[2,4,1,2]'           1
952    'PGamma[2,4,1,3]'           1
953    'PGamma[2,4,2,1]'           1
954    'PGamma[2,4,2,2]'           1
955    'PGamma[2,4,2,3]'           1
956    'PGamma[2,4,3,1]'           1
957    'PGamma[2,4,3,2]'           1
958    'PGamma[2,4,3,3]'           1
959    'PGamma[2,5,1,1]'           1
960    'PGamma[2,5,1,2]'           1
961    'PGamma[2,5,1,3]'           1
962    'PGamma[2,5,2,1]'           1
963    'PGamma[2,5,2,2]'           1
964    'PGamma[2,5,2,3]'           1
965    'PGamma[2,5,3,1]'           1
966    'PGamma[2,5,3,2]'           1
967    'PGamma[2,5,3,3]'           1
968    'PGamma[2,6,1,1]'           1
969    'PGamma[2,6,1,2]'           1
970    'PGamma[2,6,1,3]'           1
971    'PGamma[2,6,2,1]'           1
972    'PGamma[2,6,2,2]'           1
973    'PGamma[2,6,2,3]'           1
974    'PGamma[2,6,3,1]'           1
975    'PGamma[2,6,3,2]'           1
976    'PGamma[2,6,3,3]'           1
977    'PGamma[2,7,1,1]'           1
978    'PGamma[2,7,1,2]'           1
979    'PGamma[2,7,1,3]'           1
980    'PGamma[2,7,2,1]'           1
981    'PGamma[2,7,2,2]'           1
982    'PGamma[2,7,2,3]'           1
983    'PGamma[2,7,3,1]'           1
984    'PGamma[2,7,3,2]'           1
985    'PGamma[2,7,3,3]'           1
986    'PGamma[2,8,1,1]'           1
987    'PGamma[2,8,1,2]'           1
988    'PGamma[2,8,1,3]'           1
989    'PGamma[2,8,2,1]'           1
990    'PGamma[2,8,2,2]'           1
991    'PGamma[2,8,2,3]'           1
992    'PGamma[2,8,3,1]'           1
993    'PGamma[2,8,3,2]'           1
994    'PGamma[2,8,3,3]'           1
995    'PGamma[2,9,1,1]'           1
996    'PGamma[2,9,1,2]'           1
997    'PGamma[2,9,1,3]'           1
998    'PGamma[2,9,2,1]'           1
999    'PGamma[2,9,2,2]'           1
1000   'PGamma[2,9,2,3]'           1
1001   'PGamma[2,9,3,1]'           1
1002   'PGamma[2,9,3,2]'           1
1003   'PGamma[2,9,3,3]'           1
1004   'PGamma[2,10,1,1]'          1
1005   'PGamma[2,10,1,2]'          1
1006   'PGamma[2,10,1,3]'          1
1007   'PGamma[2,10,2,1]'          1
1008   'PGamma[2,10,2,2]'          1
1009   'PGamma[2,10,2,3]'          1
1010   'PGamma[2,10,3,1]'          1
1011   'PGamma[2,10,3,2]'          1
1012   'PGamma[2,10,3,3]'          1
1013   'PGamma[2,11,1,1]'          1
1014   'PGamma[2,11,1,2]'          1
1015   'PGamma[2,11,1,3]'          1
1016   'PGamma[2,11,2,1]'          1
1017   'PGamma[2,11,2,2]'          1
1018   'PGamma[2,11,2,3]'          1
1019   'PGamma[2,11,3,1]'          1
1020   'PGamma[2,11,3,2]'          1
1021   'PGamma[2,11,3,3]'          1
1022   'PGamma[2,12,1,1]'          1
1023   'PGamma[2,12,1,2]'          1
1024   'PGamma[2,12,1,3]'          1
1025   'PGamma[2,12,2,1]'          1
1026   'PGamma[2,12,2,2]'          1
1027   'PGamma[2,12,2,3]'          1
1028   'PGamma[2,12,3,1]'          1
1029   'PGamma[2,12,3,2]'          1
1030   'PGamma[2,12,3,3]'          1
1031   'PGamma[2,13,1,1]'          1
1032   'PGamma[2,13,1,2]'          1
1033   'PGamma[2,13,1,3]'          1
1034   'PGamma[2,13,2,1]'          1
1035   'PGamma[2,13,2,2]'          1
1036   'PGamma[2,13,2,3]'          1
1037   'PGamma[2,13,3,1]'          1
1038   'PGamma[2,13,3,2]'          1
1039   'PGamma[2,13,3,3]'          1
1040   'PGamma[2,14,1,1]'          1
1041   'PGamma[2,14,1,2]'          1
1042   'PGamma[2,14,1,3]'          1
1043   'PGamma[2,14,2,1]'          1
1044   'PGamma[2,14,2,2]'          1
1045   'PGamma[2,14,2,3]'          1
1046   'PGamma[2,14,3,1]'          1
1047   'PGamma[2,14,3,2]'          1
1048   'PGamma[2,14,3,3]'          1
1049   'PGamma[2,15,1,1]'          1
1050   'PGamma[2,15,1,2]'          1
1051   'PGamma[2,15,1,3]'          1
1052   'PGamma[2,15,2,1]'          1
1053   'PGamma[2,15,2,2]'          1
1054   'PGamma[2,15,2,3]'          1
1055   'PGamma[2,15,3,1]'          1
1056   'PGamma[2,15,3,2]'          1
1057   'PGamma[2,15,3,3]'          1
1058   'SGamma1[1,1,1]'        1e-06
1059   'SGamma1[1,1,2]'        1e-06
1060   'SGamma1[1,1,3]'        1e-06
1061   'SGamma1[1,2,1]'        1e-06
1062   'SGamma1[1,2,2]'        1e-06
1063   'SGamma1[1,2,3]'        1e-06
1064   'SGamma1[1,3,1]'        1e-06
1065   'SGamma1[1,3,2]'        1e-06
1066   'SGamma1[1,3,3]'        1e-06
1067   'SGamma1[1,4,1]'        1e-06
1068   'SGamma1[1,4,2]'        1e-06
1069   'SGamma1[1,4,3]'        1e-06
1070   'SGamma1[1,5,1]'        1e-06
1071   'SGamma1[1,5,2]'        1e-06
1072   'SGamma1[1,5,3]'        1e-06
1073   'SGamma1[1,6,1]'        1e-06
1074   'SGamma1[1,6,2]'        1e-06
1075   'SGamma1[1,6,3]'        1e-06
1076   'SGamma1[1,7,1]'        1e-06
1077   'SGamma1[1,7,2]'        1e-06
1078   'SGamma1[1,7,3]'        1e-06
1079   'SGamma1[1,8,1]'        1e-06
1080   'SGamma1[1,8,2]'        1e-06
1081   'SGamma1[1,8,3]'        1e-06
1082   'SGamma1[1,9,1]'        1e-06
1083   'SGamma1[1,9,2]'        1e-06
1084   'SGamma1[1,9,3]'        1e-06
1085   'SGamma1[1,10,1]'       1e-06
1086   'SGamma1[1,10,2]'       1e-06
1087   'SGamma1[1,10,3]'       1e-06
1088   'SGamma1[1,11,1]'       1e-06
1089   'SGamma1[1,11,2]'       1e-06
1090   'SGamma1[1,11,3]'       1e-06
1091   'SGamma1[1,12,1]'       1e-06
1092   'SGamma1[1,12,2]'       1e-06
1093   'SGamma1[1,12,3]'       1e-06
1094   'SGamma1[1,13,1]'       1e-06
1095   'SGamma1[1,13,2]'       1e-06
1096   'SGamma1[1,13,3]'       1e-06
1097   'SGamma1[1,14,1]'       1e-06
1098   'SGamma1[1,14,2]'       1e-06
1099   'SGamma1[1,14,3]'       1e-06
1100   'SGamma1[1,15,1]'       1e-06
1101   'SGamma1[1,15,2]'       1e-06
1102   'SGamma1[1,15,3]'       1e-06
1103   'SGamma1[2,1,1]'            1.0688e-06
1104   'SGamma1[2,1,2]'            1.0688e-06
1105   'SGamma1[2,1,3]'            1.0688e-06
1106   'SGamma1[2,2,1]'        1e-06
1107   'SGamma1[2,2,2]'        1e-06
1108   'SGamma1[2,2,3]'        1e-06
1109   'SGamma1[2,3,1]'        1e-06
1110   'SGamma1[2,3,2]'        1e-06
1111   'SGamma1[2,3,3]'        1e-06
1112   'SGamma1[2,4,1]'        1e-06
1113   'SGamma1[2,4,2]'        1e-06
1114   'SGamma1[2,4,3]'        1e-06
1115   'SGamma1[2,5,1]'        1e-06
1116   'SGamma1[2,5,2]'        1e-06
1117   'SGamma1[2,5,3]'        1e-06
1118   'SGamma1[2,6,1]'        1e-06
1119   'SGamma1[2,6,2]'        1e-06
1120   'SGamma1[2,6,3]'        1e-06
1121   'SGamma1[2,7,1]'        1e-06
1122   'SGamma1[2,7,2]'        1e-06
1123   'SGamma1[2,7,3]'        1e-06
1124   'SGamma1[2,8,1]'            1.0618e-06
1125   'SGamma1[2,8,2]'            1.0618e-06
1126   'SGamma1[2,8,3]'            1.0618e-06
1127   'SGamma1[2,9,1]'        1e-06
1128   'SGamma1[2,9,2]'        1e-06
1129   'SGamma1[2,9,3]'        1e-06
1130   'SGamma1[2,10,1]'       1e-06
1131   'SGamma1[2,10,2]'       1e-06
1132   'SGamma1[2,10,3]'       1e-06
1133   'SGamma1[2,11,1]'       1e-06
1134   'SGamma1[2,11,2]'       1e-06
1135   'SGamma1[2,11,3]'       1e-06
1136   'SGamma1[2,12,1]'       1e-06
1137   'SGamma1[2,12,2]'       1e-06
1138   'SGamma1[2,12,3]'       1e-06
1139   'SGamma1[2,13,1]'       1e-06
1140   'SGamma1[2,13,2]'       1e-06
1141   'SGamma1[2,13,3]'       1e-06
1142   'SGamma1[2,14,1]'       1e-06
1143   'SGamma1[2,14,2]'       1e-06
1144   'SGamma1[2,14,3]'       1e-06
1145   'SGamma1[2,15,1]'       1e-06
1146   'SGamma1[2,15,2]'       1e-06
1147   'SGamma1[2,15,3]'       1e-06
1148   'SGamma2[1,1,1]'            1
1149   'SGamma2[1,1,2]'            1
1150   'SGamma2[1,1,3]'            1
1151   'SGamma2[1,2,1]'            1
1152   'SGamma2[1,2,2]'            1
1153   'SGamma2[1,2,3]'            1
1154   'SGamma2[1,3,1]'            1
1155   'SGamma2[1,3,2]'            1
1156   'SGamma2[1,3,3]'            1
1157   'SGamma2[1,4,1]'            1
1158   'SGamma2[1,4,2]'            1
1159   'SGamma2[1,4,3]'            1
1160   'SGamma2[1,5,1]'            1
1161   'SGamma2[1,5,2]'            1
1162   'SGamma2[1,5,3]'            1
1163   'SGamma2[1,6,1]'            1
1164   'SGamma2[1,6,2]'            1
1165   'SGamma2[1,6,3]'            1
1166   'SGamma2[1,7,1]'            1
1167   'SGamma2[1,7,2]'            1
1168   'SGamma2[1,7,3]'            1
1169   'SGamma2[1,8,1]'            1
1170   'SGamma2[1,8,2]'            1
1171   'SGamma2[1,8,3]'            1
1172   'SGamma2[1,9,1]'            1
1173   'SGamma2[1,9,2]'            1
1174   'SGamma2[1,9,3]'            1
1175   'SGamma2[1,10,1]'           1
1176   'SGamma2[1,10,2]'           1
1177   'SGamma2[1,10,3]'           1
1178   'SGamma2[1,11,1]'           1
1179   'SGamma2[1,11,2]'           1
1180   'SGamma2[1,11,3]'           1
1181   'SGamma2[1,12,1]'           1
1182   'SGamma2[1,12,2]'           1
1183   'SGamma2[1,12,3]'           1
1184   'SGamma2[1,13,1]'           1
1185   'SGamma2[1,13,2]'           1
1186   'SGamma2[1,13,3]'           1
1187   'SGamma2[1,14,1]'           1
1188   'SGamma2[1,14,2]'           1
1189   'SGamma2[1,14,3]'           1
1190   'SGamma2[1,15,1]'           1
1191   'SGamma2[1,15,2]'           1
1192   'SGamma2[1,15,3]'           1
1193   'SGamma2[2,1,1]'            1.0688
1194   'SGamma2[2,1,2]'            1.0688
1195   'SGamma2[2,1,3]'            1.0688
1196   'SGamma2[2,2,1]'            1
1197   'SGamma2[2,2,2]'            1
1198   'SGamma2[2,2,3]'            1
1199   'SGamma2[2,3,1]'            1
1200   'SGamma2[2,3,2]'            1
1201   'SGamma2[2,3,3]'            1
1202   'SGamma2[2,4,1]'            1
1203   'SGamma2[2,4,2]'            1
1204   'SGamma2[2,4,3]'            1
1205   'SGamma2[2,5,1]'            1
1206   'SGamma2[2,5,2]'            1
1207   'SGamma2[2,5,3]'            1
1208   'SGamma2[2,6,1]'            1
1209   'SGamma2[2,6,2]'            1
1210   'SGamma2[2,6,3]'            1
1211   'SGamma2[2,7,1]'            1
1212   'SGamma2[2,7,2]'            1
1213   'SGamma2[2,7,3]'            1
1214   'SGamma2[2,8,1]'            1.0618
1215   'SGamma2[2,8,2]'            1.0618
1216   'SGamma2[2,8,3]'            1.0618
1217   'SGamma2[2,9,1]'            1
1218   'SGamma2[2,9,2]'            1
1219   'SGamma2[2,9,3]'            1
1220   'SGamma2[2,10,1]'           1
1221   'SGamma2[2,10,2]'           1
1222   'SGamma2[2,10,3]'           1
1223   'SGamma2[2,11,1]'           1
1224   'SGamma2[2,11,2]'           1
1225   'SGamma2[2,11,3]'           1
1226   'SGamma2[2,12,1]'           1
1227   'SGamma2[2,12,2]'           1
1228   'SGamma2[2,12,3]'           1
1229   'SGamma2[2,13,1]'           1
1230   'SGamma2[2,13,2]'           1
1231   'SGamma2[2,13,3]'           1
1232   'SGamma2[2,14,1]'           1
1233   'SGamma2[2,14,2]'           1
1234   'SGamma2[2,14,3]'           1
1235   'SGamma2[2,15,1]'           1
1236   'SGamma2[2,15,2]'           1
1237   'SGamma2[2,15,3]'           1
1238   'gamma[1,1,1]'              1
1239   'gamma[1,1,2]'              1
1240   'gamma[1,1,3]'              1
1241   'gamma[1,2,1]'              1
1242   'gamma[1,2,2]'              1
1243   'gamma[1,2,3]'              1
1244   'gamma[1,3,1]'              1
1245   'gamma[1,3,2]'              1
1246   'gamma[1,3,3]'              1
1247   'gamma[1,4,1]'              1
1248   'gamma[1,4,2]'              1
1249   'gamma[1,4,3]'              1
1250   'gamma[1,5,1]'              1
1251   'gamma[1,5,2]'              1
1252   'gamma[1,5,3]'              1
1253   'gamma[1,6,1]'              1
1254   'gamma[1,6,2]'              1
1255   'gamma[1,6,3]'              1
1256   'gamma[1,7,1]'              1
1257   'gamma[1,7,2]'              1
1258   'gamma[1,7,3]'              1
1259   'gamma[1,8,1]'              1
1260   'gamma[1,8,2]'              1
1261   'gamma[1,8,3]'              1
1262   'gamma[1,9,1]'              1
1263   'gamma[1,9,2]'              1
1264   'gamma[1,9,3]'              1
1265   'gamma[1,10,1]'             1
1266   'gamma[1,10,2]'             1
1267   'gamma[1,10,3]'             1
1268   'gamma[1,11,1]'             1
1269   'gamma[1,11,2]'             1
1270   'gamma[1,11,3]'             1
1271   'gamma[1,12,1]'             1
1272   'gamma[1,12,2]'             1
1273   'gamma[1,12,3]'             1
1274   'gamma[1,13,1]'             1
1275   'gamma[1,13,2]'             1
1276   'gamma[1,13,3]'             1
1277   'gamma[1,14,1]'             1
1278   'gamma[1,14,2]'             1
1279   'gamma[1,14,3]'             1
1280   'gamma[1,15,1]'             1
1281   'gamma[1,15,2]'             1
1282   'gamma[1,15,3]'             1
1283   'gamma[2,1,1]'              1
1284   'gamma[2,1,2]'              1
1285   'gamma[2,1,3]'              1
1286   'gamma[2,2,1]'              1
1287   'gamma[2,2,2]'              1
1288   'gamma[2,2,3]'              1
1289   'gamma[2,3,1]'              1
1290   'gamma[2,3,2]'              1
1291   'gamma[2,3,3]'              1
1292   'gamma[2,4,1]'              1
1293   'gamma[2,4,2]'              1
1294   'gamma[2,4,3]'              1
1295   'gamma[2,5,1]'              1
1296   'gamma[2,5,2]'              1
1297   'gamma[2,5,3]'              1
1298   'gamma[2,6,1]'              1
1299   'gamma[2,6,2]'              1
1300   'gamma[2,6,3]'              1
1301   'gamma[2,7,1]'              1
1302   'gamma[2,7,2]'              1
1303   'gamma[2,7,3]'              1
1304   'gamma[2,8,1]'              1
1305   'gamma[2,8,2]'              1
1306   'gamma[2,8,3]'              1
1307   'gamma[2,9,1]'              1
1308   'gamma[2,9,2]'              1
1309   'gamma[2,9,3]'              1
1310   'gamma[2,10,1]'             1
1311   'gamma[2,10,2]'             1
1312   'gamma[2,10,3]'             1
1313   'gamma[2,11,1]'             1
1314   'gamma[2,11,2]'             1
1315   'gamma[2,11,3]'             1
1316   'gamma[2,12,1]'             1
1317   'gamma[2,12,2]'             1
1318   'gamma[2,12,3]'             1
1319   'gamma[2,13,1]'             1
1320   'gamma[2,13,2]'             1
1321   'gamma[2,13,3]'             1
1322   'gamma[2,14,1]'             1
1323   'gamma[2,14,2]'             1
1324   'gamma[2,14,3]'             1
1325   'gamma[2,15,1]'             1
1326   'gamma[2,15,2]'             1
1327   'gamma[2,15,3]'             1
1328   'PrS[1,1,1]'           158868
1329   'PrS[1,1,2]'            64356.6
1330   'PrS[1,1,3]'            29424.3
1331   'PrS[1,2,1]'           154844
1332   'PrS[1,2,2]'            62534.2
1333   'PrS[1,2,3]'            28506.8
1334   'PrS[1,3,1]'           148124
1335   'PrS[1,3,2]'            59503.4
1336   'PrS[1,3,3]'            26986.8
1337   'PrS[1,4,1]'           138118
1338   'PrS[1,4,2]'            55021.8
1339   'PrS[1,4,3]'            24753
1340   'PrS[1,5,1]'           125465
1341   'PrS[1,5,2]'            49410.5
1342   'PrS[1,5,3]'            21981.6
1343   'PrS[1,6,1]'           112182
1344   'PrS[1,6,2]'            43593
1345   'PrS[1,6,3]'            19141.2
1346   'PrS[1,7,1]'            99923.5
1347   'PrS[1,7,2]'            38297
1348   'PrS[1,7,3]'            16588.2
1349   'PrS[1,8,1]'            88001.7
1350   'PrS[1,8,2]'            33220.9
1351   'PrS[1,8,3]'            14174.6
1352   'PrS[1,9,1]'            82229.8
1353   'PrS[1,9,2]'            30792.3
1354   'PrS[1,9,3]'            13032.7
1355   'PrS[1,10,1]'           78403.7
1356   'PrS[1,10,2]'           29193.5
1357   'PrS[1,10,3]'           12286
1358   'PrS[1,11,1]'           76033.1
1359   'PrS[1,11,2]'           28207.6
1360   'PrS[1,11,3]'           11827.6
1361   'PrS[1,12,1]'           74382.3
1362   'PrS[1,12,2]'           27523.3
1363   'PrS[1,12,3]'           11510.4
1364   'PrS[1,13,1]'           72511.7
1365   'PrS[1,13,2]'           26750
1366   'PrS[1,13,3]'           11152.9
1367   'PrS[1,14,1]'           68856.8
1368   'PrS[1,14,2]'           25246.1
1369   'PrS[1,14,3]'           10460.7
1370   'PrS[1,15,1]'           60952.8
1371   'PrS[1,15,2]'           22027
1372   'PrS[1,15,3]'            8993.9
1373   'PrS[2,1,1]'           145449
1374   'PrS[2,1,2]'            58301.9
1375   'PrS[2,1,3]'            26386.2
1376   'PrS[2,2,1]'           144664
1377   'PrS[2,2,2]'            57949.7
1378   'PrS[2,2,3]'            26210.5
1379   'PrS[2,3,1]'           131011
1380   'PrS[2,3,2]'            51862.1
1381   'PrS[2,3,3]'            23188.8
1382   'PrS[2,4,1]'           114673
1383   'PrS[2,4,2]'            44677.9
1384   'PrS[2,4,3]'            19668.2
1385   'PrS[2,5,1]'           100226
1386   'PrS[2,5,2]'            38426.7
1387   'PrS[2,5,3]'            16650.4
1388   'PrS[2,6,1]'            90485.2
1389   'PrS[2,6,2]'            34271.8
1390   'PrS[2,6,3]'            14671.4
1391   'PrS[2,7,1]'            84903.8
1392   'PrS[2,7,2]'            31914.9
1393   'PrS[2,7,3]'            13559.5
1394   'PrS[2,8,1]'            77087.8
1395   'PrS[2,8,2]'            28645.8
1396   'PrS[2,8,3]'            12031.1
1397   'PrS[2,9,1]'            77452.5
1398   'PrS[2,9,2]'            28797.5
1399   'PrS[2,9,3]'            12101.7
1400   'PrS[2,10,1]'           70813.1
1401   'PrS[2,10,2]'           26049.9
1402   'PrS[2,10,3]'           10830.2
1403   'PrS[2,11,1]'           59818
1404   'PrS[2,11,2]'           21568.8
1405   'PrS[2,11,3]'            8786.85
1406   'PrS[2,12,1]'           47047.2
1407   'PrS[2,12,2]'           16488.4
1408   'PrS[2,12,3]'            6524.34
1409   'PrS[2,13,1]'           37741.4
1410   'PrS[2,13,2]'           12887.3
1411   'PrS[2,13,3]'            4963.93
1412   'PrS[2,14,1]'           33155.2
1413   'PrS[2,14,2]'           11149.9
1414   'PrS[2,14,3]'            4226.92
1415   'PrS[2,15,1]'           31862.7
1416   'PrS[2,15,2]'           10665.2
1417   'PrS[2,15,3]'            4023.45
1418   'PrSF[1]'               62118.8
1419   'PrSF[2]'               22498.9
1420   'PrSF[3]'                9207.62
1421   Vap                     31562
1422   Sep                        99
;

