solve_message =
'Knitro 10.3.0: Relative change in infeasible solution estimate < xtol for xtol_iters.\
objective 31498.670996704157; feasibility error 4.07\
2176 iterations; 10291 function evaluations'

:            _varname               _var          :=
1      'F[2]'                      0
2      'F[3]'                      0
3      'F[4]'                      0
4      'F[5]'                      0
5      'F[6]'                      0
6      'F[7]'                      0
7      'F[8]'                    100
8      'F[9]'                      0
9      'F[10]'                     0
10     'F[11]'                     0
11     'F[12]'                     0
12     'F[13]'                     0
13     'F[14]'                     0
14     'V[1,1]'                 3660.33
15     'V[1,2]'                 3659.15
16     'V[1,3]'                 3657.48
17     'V[1,4]'                 3657.06
18     'V[1,5]'                 3664.66
19     'V[1,6]'                 3693.26
20     'V[1,7]'                 3748.66
21     'V[1,8]'                 3814.3
22     'V[1,9]'                 3867.22
23     'V[1,10]'                3898.55
24     'V[1,11]'                3913.22
25     'V[1,12]'                3917.43
26     'V[1,13]'                3915.57
27     'V[1,14]'                3918.58
28     'V[1,15]'                   0
29     'V[2,1]'                27838.3
30     'V[2,2]'                27691.8
31     'V[2,3]'                27921.7
32     'V[2,4]'                28366.1
33     'V[2,5]'                28876
34     'V[2,6]'                29267.4
35     'V[2,7]'                29246.3
36     'V[2,8]'                29736
37     'V[2,9]'                29581.4
38     'V[2,10]'               29632.6
39     'V[2,11]'               29992.1
40     'V[2,12]'               30744.7
41     'V[2,13]'               31478.6
42     'V[2,14]'               31954
43     'V[2,15]'                   0
44     'y[1,1,1]'                  3.61296e-07
45     'y[1,1,2]'                  0.0143768
46     'y[1,1,3]'                  0.985623
47     'y[1,2,1]'                  1.89978e-06
48     'y[1,2,2]'                  0.0307396
49     'y[1,2,3]'                  0.969258
50     'y[1,3,1]'                  9.82588e-06
51     'y[1,3,2]'                  0.0644818
52     'y[1,3,3]'                  0.935508
53     'y[1,4,1]'                  4.9263e-05
54     'y[1,4,2]'                  0.130542
55     'y[1,4,3]'                  0.869409
56     'y[1,5,1]'                  0.000232977
57     'y[1,5,2]'                  0.247462
58     'y[1,5,3]'                  0.752305
59     'y[1,6,1]'                  0.000999925
60     'y[1,6,2]'                  0.420736
61     'y[1,6,3]'                  0.578265
62     'y[1,7,1]'                  0.00376252
63     'y[1,7,2]'                  0.617301
64     'y[1,7,3]'                  0.378937
65     'y[1,8,1]'                  0.0123417
66     'y[1,8,2]'                  0.776664
67     'y[1,8,3]'                  0.210994
68     'y[1,9,1]'                  0.0136066
69     'y[1,9,2]'                  0.882354
70     'y[1,9,3]'                  0.104039
71     'y[1,10,1]'                 0.0166922
72     'y[1,10,2]'                 0.935856
73     'y[1,10,3]'                 0.0474513
74     'y[1,11,1]'                 0.0247764
75     'y[1,11,2]'                 0.954517
76     'y[1,11,3]'                 0.0207063
77     'y[1,12,1]'                 0.0458867
78     'y[1,12,2]'                 0.945371
79     'y[1,12,3]'                 0.00874261
80     'y[1,13,1]'                 0.0987479
81     'y[1,13,2]'                 0.89773
82     'y[1,13,3]'                 0.0035221
83     'y[1,14,1]'                 0.217688
84     'y[1,14,2]'                 0.781025
85     'y[1,14,3]'                 0.00128718
86     'y[1,15,1]'                 0.429635
87     'y[1,15,2]'                 0.569978
88     'y[1,15,3]'                 0.000386618
89     'y[2,1,1]'                  9.6278e-06
90     'y[2,1,2]'                  0.131952
91     'y[2,1,3]'                  0.868038
92     'y[2,2,1]'                  4.57798e-05
93     'y[2,2,2]'                  0.251414
94     'y[2,2,3]'                  0.74854
95     'y[2,3,1]'                  0.000197105
96     'y[2,3,2]'                  0.428608
97     'y[2,3,3]'                  0.571195
98     'y[2,4,1]'                  0.000742797
99     'y[2,4,2]'                  0.629406
100    'y[2,4,3]'                  0.369851
101    'y[2,5,1]'                  0.00197401
102    'y[2,5,2]'                  0.795064
103    'y[2,5,3]'                  0.202962
104    'y[2,6,1]'                  0.005457
105    'y[2,6,2]'                  0.896598
106    'y[2,6,3]'                  0.0979455
107    'y[2,7,1]'                  0.0148544
108    'y[2,7,2]'                  0.941479
109    'y[2,7,3]'                  0.0436671
110    'y[2,8,1]'                  0.0396225
111    'y[2,8,2]'                  0.942053
112    'y[2,8,3]'                  0.0183248
113    'y[2,9,1]'                  0.100495
114    'y[2,9,2]'                  0.892222
115    'y[2,9,3]'                  0.00728311
116    'y[2,10,1]'                 0.233347
117    'y[2,10,2]'                 0.764064
118    'y[2,10,3]'                 0.0025892
119    'y[2,11,1]'                 0.457725
120    'y[2,11,2]'                 0.541529
121    'y[2,11,3]'                 0.000746427
122    'y[2,12,1]'                 0.706326
123    'y[2,12,2]'                 0.293514
124    'y[2,12,3]'                 0.000160058
125    'y[2,13,1]'                 0.875567
126    'y[2,13,2]'                 0.124406
127    'y[2,13,3]'                 2.61286e-05
128    'y[2,14,1]'                 0.954349
129    'y[2,14,2]'                 0.0456477
130    'y[2,14,3]'                 3.6347e-06
131    'y[2,15,1]'                 1
132    'y[2,15,2]'                 0.0160214
133    'y[2,15,3]'                 4.8135e-07
134    'L[1,1]'                    0
135    'L[1,2]'                 3690.51
136    'L[1,3]'                 3689.33
137    'L[1,4]'                 3687.66
138    'L[1,5]'                 3687.23
139    'L[1,6]'                 3694.83
140    'L[1,7]'                 3723.44
141    'L[1,8]'                 3778.84
142    'L[1,9]'                 3744.47
143    'L[1,10]'                3797.39
144    'L[1,11]'                3828.72
145    'L[1,12]'                3843.4
146    'L[1,13]'                3847.61
147    'L[1,14]'                3845.74
148    'L[1,15]'                3848.75
149    'L[2,1]'                    0
150    'L[2,2]'                27868.5
151    'L[2,3]'                27722.1
152    'L[2,4]'                27951.9
153    'L[2,5]'                28392.2
154    'L[2,6]'                28871.9
155    'L[2,7]'                29263.3
156    'L[2,8]'                27536.5
157    'L[2,9]'                29771.8
158    'L[2,10]'               29617.2
159    'L[2,11]'               29668.4
160    'L[2,12]'               29958
161    'L[2,13]'               30710.7
162    'L[2,14]'               31444.6
163    'L[2,15]'               31920
164    'x[1,1,1]'                  6.77591e-08
165    'x[1,1,2]'                  0.00664003
166    'x[1,1,3]'                  0.99336
167    'x[1,2,1]'                  3.58896e-07
168    'x[1,2,2]'                  0.0143135
169    'x[1,2,3]'                  0.985686
170    'x[1,3,1]'                  1.8848e-06
171    'x[1,3,2]'                  0.0305425
172    'x[1,3,3]'                  0.969456
173    'x[1,4,1]'                  9.74604e-06
174    'x[1,4,2]'                  0.0640085
175    'x[1,4,3]'                  0.935982
176    'x[1,5,1]'                  4.88604e-05
177    'x[1,5,2]'                  0.129528
178    'x[1,5,3]'                  0.870423
179    'x[1,6,1]'                  0.000231075
180    'x[1,6,2]'                  0.245495
181    'x[1,6,3]'                  0.754274
182    'x[1,7,1]'                  0.000991822
183    'x[1,7,2]'                  0.41738
184    'x[1,7,3]'                  0.581628
185    'x[1,8,1]'                  0.00373247
186    'x[1,8,2]'                  0.612425
187    'x[1,8,3]'                  0.383843
188    'x[1,9,1]'                  0.00456009
189    'x[1,9,2]'                  0.780518
190    'x[1,9,3]'                  0.214922
191    'x[1,10,1]'                 0.00595665
192    'x[1,10,2]'                 0.888098
193    'x[1,10,3]'                 0.105945
194    'x[1,11,1]'                 0.00916112
195    'x[1,11,2]'                 0.942529
196    'x[1,11,3]'                 0.0483096
197    'x[1,12,1]'                 0.0174209
198    'x[1,12,2]'                 0.961504
199    'x[1,12,3]'                 0.0210755
200    'x[1,13,1]'                 0.0389224
201    'x[1,13,2]'                 0.952183
202    'x[1,13,3]'                 0.00889426
203    'x[1,14,1]'                 0.0927401
204    'x[1,14,2]'                 0.903681
205    'x[1,14,3]'                 0.00357903
206    'x[1,15,1]'                 0.213842
207    'x[1,15,2]'                 0.784854
208    'x[1,15,3]'                 0.00130352
209    'x[2,1,1]'                  2.01212e-06
210    'x[2,1,2]'                  0.0687973
211    'x[2,1,3]'                  1
212    'x[2,2,1]'                  9.61941e-06
213    'x[2,2,2]'                  0.131879
214    'x[2,2,3]'                  0.868112
215    'x[2,3,1]'                  4.5732e-05
216    'x[2,3,2]'                  0.251211
217    'x[2,3,3]'                  0.748744
218    'x[2,4,1]'                  0.000196894
219    'x[2,4,2]'                  0.428214
220    'x[2,4,3]'                  0.571589
221    'x[2,5,1]'                  0.00059866
222    'x[2,5,2]'                  0.628895
223    'x[2,5,3]'                  0.370506
224    'x[2,6,1]'                  0.00183321
225    'x[2,6,2]'                  0.795236
226    'x[2,6,3]'                  0.202931
227    'x[2,7,1]'                  0.00531856
228    'x[2,7,2]'                  0.896781
229    'x[2,7,3]'                  0.0979005
230    'x[2,8,1]'                  0.0156288
231    'x[2,8,2]'                  1
232    'x[2,8,3]'                  0.0463163
233    'x[2,9,1]'                  0.0394577
234    'x[2,9,2]'                  0.942239
235    'x[2,9,3]'                  0.0183036
236    'x[2,10,1]'                 0.100256
237    'x[2,10,2]'                 0.892469
238    'x[2,10,3]'                 0.00727522
239    'x[2,11,1]'                 0.232947
240    'x[2,11,2]'                 0.764466
241    'x[2,11,3]'                 0.00258699
242    'x[2,12,1]'                 0.457127
243    'x[2,12,2]'                 0.542126
244    'x[2,12,3]'                 0.000747274
245    'x[2,13,1]'                 0.706018
246    'x[2,13,2]'                 0.293821
247    'x[2,13,3]'                 0.000160235
248    'x[2,14,1]'                 0.87545
249    'x[2,14,2]'                 0.124524
250    'x[2,14,3]'                 2.61564e-05
251    'x[2,15,1]'                 0.954317
252    'x[2,15,2]'                 0.0456795
253    'x[2,15,3]'                 3.63807e-06
254    'CC[2]'                     0
255    'CC[3]'                     0
256    'CC[4]'                     0
257    'CC[5]'                     0
258    'CC[6]'                     0
259    'CC[7]'                     0
260    'CC[8]'                     0
261    'CC[9]'                     0
262    'CC[10]'                    0
263    'CC[11]'                   69.8266
264    'CC[12]'                    0
265    'CC[13]'                    0
266    'CC[14]'                    0
267    'CR[2]'                     0
268    'CR[3]'                     0
269    'CR[4]'                     0
270    'CR[5]'                    30.1734
271    'CR[6]'                     0
272    'CR[7]'                     0
273    'CR[8]'                     0
274    'CR[9]'                     0
275    'CR[10]'                    0
276    'CR[11]'                    0
277    'CR[12]'                    0
278    'CR[13]'                    0
279    'CR[14]'                    0
280    'PC[1]'                     5.3349e-11
281    'PC[2]'                    33.4866
282    'PR[1]'                     6.24702e-11
283    'PR[2]'                    28.2622
284    'PS[2]'                     0
285    'PS[3]'                     0
286    'PS[4]'                     0
287    'PS[5]'                     0
288    'PS[6]'                     0
289    'PS[7]'                     0
290    'PS[8]'                    37.5191
291    'PS[9]'                     0
292    'PS[10]'                    0
293    'PS[11]'                    0
294    'PS[12]'                    0
295    'PS[13]'                    0
296    'PS[14]'                    0
297    'T[1,1]'                  369.3
298    'T[1,2]'                  369.038
299    'T[1,3]'                  368.49
300    'T[1,4]'                  367.386
301    'T[1,5]'                  365.323
302    'T[1,6]'                  361.951
303    'T[1,7]'                  357.491
304    'T[1,8]'                  352.973
305    'T[1,9]'                  349.683
306    'T[1,10]'                 347.707
307    'T[1,11]'                 346.601
308    'T[1,12]'                 345.784
309    'T[1,13]'                 344.631
310    'T[1,14]'                 342.271
311    'T[1,15]'                 337.663
312    'T[2,1]'                  365.446
313    'T[2,2]'                  365.256
314    'T[2,3]'                  361.813
315    'T[2,4]'                  357.306
316    'T[2,5]'                  352.883
317    'T[2,6]'                  349.607
318    'T[2,7]'                  347.603
319    'T[2,8]'                  344.609
320    'T[2,9]'                  344.75
321    'T[2,10]'                 342.017
322    'T[2,11]'                 337.016
323    'T[2,12]'                 330.209
324    'T[2,13]'                 324.263
325    'T[2,14]'                 320.893
326    'T[2,15]'                 319.877
327    TF                        338.159
328    'QC[1]'                 38655.9
329    'QC[2]'                292483
330    'QR[1]'                 38708
331    'QR[2]'                292432
332    'H[1,1,1]'                  1.85839
333    'H[1,1,2]'                  2.29389
334    'H[1,1,3]'                  2.75029
335    'H[1,2,1]'                  1.85076
336    'H[1,2,2]'                  2.28463
337    'H[1,2,3]'                  2.73911
338    'H[1,3,1]'                  1.83481
339    'H[1,3,2]'                  2.26531
340    'H[1,3,3]'                  2.71576
341    'H[1,4,1]'                  1.80277
342    'H[1,4,2]'                  2.22647
343    'H[1,4,3]'                  2.66885
344    'H[1,5,1]'                  1.74313
345    'H[1,5,2]'                  2.15414
346    'H[1,5,3]'                  2.58152
347    'H[1,6,1]'                  1.64644
348    'H[1,6,2]'                  2.03676
349    'H[1,6,3]'                  2.43988
350    'H[1,7,1]'                  1.52004
351    'H[1,7,2]'                  1.88305
352    'H[1,7,3]'                  2.25461
353    'H[1,8,1]'                  1.39371
354    'H[1,8,2]'                  1.72913
355    'H[1,8,3]'                  2.06929
356    'H[1,9,1]'                  1.3028
357    'H[1,9,2]'                  1.61816
358    'H[1,9,3]'                  1.93582
359    'H[1,10,1]'                 1.24867
360    'H[1,10,2]'                 1.55199
361    'H[1,10,3]'                 1.85628
362    'H[1,11,1]'                 1.21851
363    'H[1,11,2]'                 1.5151
364    'H[1,11,3]'                 1.81195
365    'H[1,12,1]'                 1.19629
366    'H[1,12,2]'                 1.48791
367    'H[1,12,3]'                 1.77929
368    'H[1,13,1]'                 1.16506
369    'H[1,13,2]'                 1.44966
370    'H[1,13,3]'                 1.73335
371    'H[1,14,1]'                 1.10146
372    'H[1,14,2]'                 1.37171
373    'H[1,14,3]'                 1.63978
374    'H[1,15,1]'                 0.978661
375    'H[1,15,2]'                 1.22089
376    'H[1,15,3]'                 1.45886
377    'H[2,1,1]'                  1.74667
378    'H[2,1,2]'                  2.15844
379    'H[2,1,3]'                  2.58671
380    'H[2,2,1]'                  1.7412
381    'H[2,2,2]'                  2.1518
382    'H[2,2,3]'                  2.57869
383    'H[2,3,1]'                  1.64252
384    'H[2,3,2]'                  2.03199
385    'H[2,3,3]'                  2.43414
386    'H[2,4,1]'                  1.51484
387    'H[2,4,2]'                  1.87672
388    'H[2,4,3]'                  2.24698
389    'H[2,5,1]'                  1.3912
390    'H[2,5,2]'                  1.72607
391    'H[2,5,3]'                  2.06561
392    'H[2,6,1]'                  1.30073
393    'H[2,6,2]'                  1.61563
394    'H[2,6,3]'                  1.93277
395    'H[2,7,1]'                  1.24581
396    'H[2,7,2]'                  1.5485
397    'H[2,7,3]'                  1.85209
398    'H[2,8,1]'                  1.16446
399    'H[2,8,2]'                  1.44893
400    'H[2,8,3]'                  1.73248
401    'H[2,9,1]'                  1.16827
402    'H[2,9,2]'                  1.4536
403    'H[2,9,3]'                  1.73809
404    'H[2,10,1]'                 1.09463
405    'H[2,10,2]'                 1.36333
406    'H[2,10,3]'                 1.62972
407    'H[2,11,1]'                 0.961572
408    'H[2,11,2]'                 1.19986
409    'H[2,11,3]'                 1.43366
410    'H[2,12,1]'                 0.78402
411    'H[2,12,2]'                 0.980928
412    'H[2,12,3]'                 1.17142
413    'H[2,13,1]'                 0.63226
414    'H[2,13,2]'                 0.792982
415    'H[2,13,3]'                 0.946578
416    'H[2,14,1]'                 0.547666
417    'H[2,14,2]'                 0.687862
418    'H[2,14,3]'                 0.820928
419    'H[2,15,1]'                 0.522349
420    'H[2,15,2]'                 0.65635
421    'H[2,15,3]'                 0.783276
422    'HF[1]'                     0.991793
423    'HF[2]'                     1.23703
424    'HF[3]'                     1.47822
425    'h[1,1,1]'                 -6.40703
426    'h[1,1,2]'                 -7.18433
427    'h[1,1,3]'                 -7.82487
428    'h[1,2,1]'                 -6.41914
429    'h[1,2,2]'                 -7.19782
430    'h[1,2,3]'                 -7.84037
431    'h[1,3,1]'                 -6.44443
432    'h[1,3,2]'                 -7.22599
433    'h[1,3,3]'                 -7.87276
434    'h[1,4,1]'                 -6.49524
435    'h[1,4,2]'                 -7.28262
436    'h[1,4,3]'                 -7.93786
437    'h[1,5,1]'                 -6.58987
438    'h[1,5,2]'                 -7.38811
439    'h[1,5,3]'                 -8.05915
440    'h[1,6,1]'                 -6.74345
441    'h[1,6,2]'                 -7.55946
442    'h[1,6,3]'                 -8.25618
443    'h[1,7,1]'                 -6.94453
444    'h[1,7,2]'                 -7.78405
445    'h[1,7,3]'                 -8.5145
446    'h[1,8,1]'                 -7.14592
447    'h[1,8,2]'                 -8.0093
448    'h[1,8,3]'                 -8.77367
449    'h[1,9,1]'                 -7.29113
450    'h[1,9,2]'                 -8.17192
451    'h[1,9,3]'                 -8.96086
452    'h[1,10,1]'                -7.37773
453    'h[1,10,2]'                -8.269
454    'h[1,10,3]'                -9.07264
455    'h[1,11,1]'                -7.42601
456    'h[1,11,2]'                -8.32316
457    'h[1,11,3]'                -9.13501
458    'h[1,12,1]'                -7.46161
459    'h[1,12,2]'                -8.3631
460    'h[1,12,3]'                -9.18101
461    'h[1,13,1]'                -7.51167
462    'h[1,13,2]'                -8.41929
463    'h[1,13,3]'                -9.24574
464    'h[1,14,1]'                -7.61373
465    'h[1,14,2]'                -8.53392
466    'h[1,14,3]'                -9.37782
467    'h[1,15,1]'                -7.81125
468    'h[1,15,2]'                -8.7561
469    'h[1,15,3]'                -9.63396
470    'h[2,1,1]'                 -6.58425
471    'h[2,1,2]'                 -7.38185
472    'h[2,1,3]'                 -8.05195
473    'h[2,2,1]'                 -6.59294
474    'h[2,2,2]'                 -7.39154
475    'h[2,2,3]'                 -8.06309
476    'h[2,3,1]'                 -6.74968
477    'h[2,3,2]'                 -7.56641
478    'h[2,3,3]'                 -8.26417
479    'h[2,4,1]'                 -6.95282
480    'h[2,4,2]'                 -7.79332
481    'h[2,4,3]'                 -8.52516
482    'h[2,5,1]'                 -7.14992
483    'h[2,5,2]'                 -8.01378
484    'h[2,5,3]'                 -8.77883
485    'h[2,6,1]'                 -7.29444
486    'h[2,6,2]'                 -8.17564
487    'h[2,6,3]'                 -8.96514
488    'h[2,7,1]'                 -7.38229
489    'h[2,7,2]'                 -8.27412
490    'h[2,7,3]'                 -9.07853
491    'h[2,8,1]'                 -7.51263
492    'h[2,8,2]'                 -8.42037
493    'h[2,8,3]'                 -9.24698
494    'h[2,9,1]'                 -7.50651
495    'h[2,9,2]'                 -8.4135
496    'h[2,9,3]'                 -9.23907
497    'h[2,10,1]'                -7.6247
498    'h[2,10,2]'                -8.54626
499    'h[2,10,3]'                -9.39203
500    'h[2,11,1]'                -7.83879
501    'h[2,11,2]'                -8.7871
502    'h[2,11,3]'                -9.66972
503    'h[2,12,1]'                -8.12572
504    'h[2,12,2]'                -9.11073
505    'h[2,12,3]'               -10.0433
506    'h[2,13,1]'                -8.37226
507    'h[2,13,2]'                -9.38964
508    'h[2,13,3]'               -10.3657
509    'h[2,14,1]'                -8.51026
510    'h[2,14,2]'                -9.54613
511    'h[2,14,3]'               -10.5468
512    'h[2,15,1]'                -8.55165
513    'h[2,15,2]'                -9.59311
514    'h[2,15,3]'               -10.6012
515    'hF[1]'                    -7.7901
516    'hF[2]'                    -8.73228
517    'hF[3]'                    -9.60649
518    'tauGamma[1,1,1,1]'     1e-06
519    'tauGamma[1,1,1,2]'     1e-06
520    'tauGamma[1,1,1,3]'     1e-06
521    'tauGamma[1,1,2,1]'     1e-06
522    'tauGamma[1,1,2,2]'     1e-06
523    'tauGamma[1,1,2,3]'     1e-06
524    'tauGamma[1,1,3,1]'     1e-06
525    'tauGamma[1,1,3,2]'     1e-06
526    'tauGamma[1,1,3,3]'     1e-06
527    'tauGamma[1,2,1,1]'     1e-06
528    'tauGamma[1,2,1,2]'     1e-06
529    'tauGamma[1,2,1,3]'     1e-06
530    'tauGamma[1,2,2,1]'     1e-06
531    'tauGamma[1,2,2,2]'     1e-06
532    'tauGamma[1,2,2,3]'     1e-06
533    'tauGamma[1,2,3,1]'     1e-06
534    'tauGamma[1,2,3,2]'     1e-06
535    'tauGamma[1,2,3,3]'     1e-06
536    'tauGamma[1,3,1,1]'     1e-06
537    'tauGamma[1,3,1,2]'     1e-06
538    'tauGamma[1,3,1,3]'     1e-06
539    'tauGamma[1,3,2,1]'     1e-06
540    'tauGamma[1,3,2,2]'     1e-06
541    'tauGamma[1,3,2,3]'     1e-06
542    'tauGamma[1,3,3,1]'     1e-06
543    'tauGamma[1,3,3,2]'     1e-06
544    'tauGamma[1,3,3,3]'     1e-06
545    'tauGamma[1,4,1,1]'     1e-06
546    'tauGamma[1,4,1,2]'     1e-06
547    'tauGamma[1,4,1,3]'     1e-06
548    'tauGamma[1,4,2,1]'     1e-06
549    'tauGamma[1,4,2,2]'     1e-06
550    'tauGamma[1,4,2,3]'     1e-06
551    'tauGamma[1,4,3,1]'     1e-06
552    'tauGamma[1,4,3,2]'     1e-06
553    'tauGamma[1,4,3,3]'     1e-06
554    'tauGamma[1,5,1,1]'     1e-06
555    'tauGamma[1,5,1,2]'     1e-06
556    'tauGamma[1,5,1,3]'     1e-06
557    'tauGamma[1,5,2,1]'     1e-06
558    'tauGamma[1,5,2,2]'     1e-06
559    'tauGamma[1,5,2,3]'     1e-06
560    'tauGamma[1,5,3,1]'     1e-06
561    'tauGamma[1,5,3,2]'     1e-06
562    'tauGamma[1,5,3,3]'     1e-06
563    'tauGamma[1,6,1,1]'     1e-06
564    'tauGamma[1,6,1,2]'     1e-06
565    'tauGamma[1,6,1,3]'     1e-06
566    'tauGamma[1,6,2,1]'     1e-06
567    'tauGamma[1,6,2,2]'     1e-06
568    'tauGamma[1,6,2,3]'     1e-06
569    'tauGamma[1,6,3,1]'     1e-06
570    'tauGamma[1,6,3,2]'     1e-06
571    'tauGamma[1,6,3,3]'     1e-06
572    'tauGamma[1,7,1,1]'     1e-06
573    'tauGamma[1,7,1,2]'     1e-06
574    'tauGamma[1,7,1,3]'     1e-06
575    'tauGamma[1,7,2,1]'     1e-06
576    'tauGamma[1,7,2,2]'     1e-06
577    'tauGamma[1,7,2,3]'     1e-06
578    'tauGamma[1,7,3,1]'     1e-06
579    'tauGamma[1,7,3,2]'     1e-06
580    'tauGamma[1,7,3,3]'     1e-06
581    'tauGamma[1,8,1,1]'     1e-06
582    'tauGamma[1,8,1,2]'     1e-06
583    'tauGamma[1,8,1,3]'     1e-06
584    'tauGamma[1,8,2,1]'     1e-06
585    'tauGamma[1,8,2,2]'     1e-06
586    'tauGamma[1,8,2,3]'     1e-06
587    'tauGamma[1,8,3,1]'     1e-06
588    'tauGamma[1,8,3,2]'     1e-06
589    'tauGamma[1,8,3,3]'     1e-06
590    'tauGamma[1,9,1,1]'     1e-06
591    'tauGamma[1,9,1,2]'     1e-06
592    'tauGamma[1,9,1,3]'     1e-06
593    'tauGamma[1,9,2,1]'     1e-06
594    'tauGamma[1,9,2,2]'     1e-06
595    'tauGamma[1,9,2,3]'     1e-06
596    'tauGamma[1,9,3,1]'     1e-06
597    'tauGamma[1,9,3,2]'     1e-06
598    'tauGamma[1,9,3,3]'     1e-06
599    'tauGamma[1,10,1,1]'    1e-06
600    'tauGamma[1,10,1,2]'    1e-06
601    'tauGamma[1,10,1,3]'    1e-06
602    'tauGamma[1,10,2,1]'    1e-06
603    'tauGamma[1,10,2,2]'    1e-06
604    'tauGamma[1,10,2,3]'    1e-06
605    'tauGamma[1,10,3,1]'    1e-06
606    'tauGamma[1,10,3,2]'    1e-06
607    'tauGamma[1,10,3,3]'    1e-06
608    'tauGamma[1,11,1,1]'    1e-06
609    'tauGamma[1,11,1,2]'    1e-06
610    'tauGamma[1,11,1,3]'    1e-06
611    'tauGamma[1,11,2,1]'    1e-06
612    'tauGamma[1,11,2,2]'    1e-06
613    'tauGamma[1,11,2,3]'    1e-06
614    'tauGamma[1,11,3,1]'    1e-06
615    'tauGamma[1,11,3,2]'    1e-06
616    'tauGamma[1,11,3,3]'    1e-06
617    'tauGamma[1,12,1,1]'    1e-06
618    'tauGamma[1,12,1,2]'    1e-06
619    'tauGamma[1,12,1,3]'    1e-06
620    'tauGamma[1,12,2,1]'    1e-06
621    'tauGamma[1,12,2,2]'    1e-06
622    'tauGamma[1,12,2,3]'    1e-06
623    'tauGamma[1,12,3,1]'    1e-06
624    'tauGamma[1,12,3,2]'    1e-06
625    'tauGamma[1,12,3,3]'    1e-06
626    'tauGamma[1,13,1,1]'    1e-06
627    'tauGamma[1,13,1,2]'    1e-06
628    'tauGamma[1,13,1,3]'    1e-06
629    'tauGamma[1,13,2,1]'    1e-06
630    'tauGamma[1,13,2,2]'    1e-06
631    'tauGamma[1,13,2,3]'    1e-06
632    'tauGamma[1,13,3,1]'    1e-06
633    'tauGamma[1,13,3,2]'    1e-06
634    'tauGamma[1,13,3,3]'    1e-06
635    'tauGamma[1,14,1,1]'    1e-06
636    'tauGamma[1,14,1,2]'    1e-06
637    'tauGamma[1,14,1,3]'    1e-06
638    'tauGamma[1,14,2,1]'    1e-06
639    'tauGamma[1,14,2,2]'    1e-06
640    'tauGamma[1,14,2,3]'    1e-06
641    'tauGamma[1,14,3,1]'    1e-06
642    'tauGamma[1,14,3,2]'    1e-06
643    'tauGamma[1,14,3,3]'    1e-06
644    'tauGamma[1,15,1,1]'    1e-06
645    'tauGamma[1,15,1,2]'    1e-06
646    'tauGamma[1,15,1,3]'    1e-06
647    'tauGamma[1,15,2,1]'    1e-06
648    'tauGamma[1,15,2,2]'    1e-06
649    'tauGamma[1,15,2,3]'    1e-06
650    'tauGamma[1,15,3,1]'    1e-06
651    'tauGamma[1,15,3,2]'    1e-06
652    'tauGamma[1,15,3,3]'    1e-06
653    'tauGamma[2,1,1,1]'     1e-06
654    'tauGamma[2,1,1,2]'     1e-06
655    'tauGamma[2,1,1,3]'     1e-06
656    'tauGamma[2,1,2,1]'     1e-06
657    'tauGamma[2,1,2,2]'     1e-06
658    'tauGamma[2,1,2,3]'     1e-06
659    'tauGamma[2,1,3,1]'     1e-06
660    'tauGamma[2,1,3,2]'     1e-06
661    'tauGamma[2,1,3,3]'     1e-06
662    'tauGamma[2,2,1,1]'     1e-06
663    'tauGamma[2,2,1,2]'     1e-06
664    'tauGamma[2,2,1,3]'     1e-06
665    'tauGamma[2,2,2,1]'     1e-06
666    'tauGamma[2,2,2,2]'     1e-06
667    'tauGamma[2,2,2,3]'     1e-06
668    'tauGamma[2,2,3,1]'     1e-06
669    'tauGamma[2,2,3,2]'     1e-06
670    'tauGamma[2,2,3,3]'     1e-06
671    'tauGamma[2,3,1,1]'     1e-06
672    'tauGamma[2,3,1,2]'     1e-06
673    'tauGamma[2,3,1,3]'     1e-06
674    'tauGamma[2,3,2,1]'     1e-06
675    'tauGamma[2,3,2,2]'     1e-06
676    'tauGamma[2,3,2,3]'     1e-06
677    'tauGamma[2,3,3,1]'     1e-06
678    'tauGamma[2,3,3,2]'     1e-06
679    'tauGamma[2,3,3,3]'     1e-06
680    'tauGamma[2,4,1,1]'     1e-06
681    'tauGamma[2,4,1,2]'     1e-06
682    'tauGamma[2,4,1,3]'     1e-06
683    'tauGamma[2,4,2,1]'     1e-06
684    'tauGamma[2,4,2,2]'     1e-06
685    'tauGamma[2,4,2,3]'     1e-06
686    'tauGamma[2,4,3,1]'     1e-06
687    'tauGamma[2,4,3,2]'     1e-06
688    'tauGamma[2,4,3,3]'     1e-06
689    'tauGamma[2,5,1,1]'     1e-06
690    'tauGamma[2,5,1,2]'     1e-06
691    'tauGamma[2,5,1,3]'     1e-06
692    'tauGamma[2,5,2,1]'     1e-06
693    'tauGamma[2,5,2,2]'     1e-06
694    'tauGamma[2,5,2,3]'     1e-06
695    'tauGamma[2,5,3,1]'     1e-06
696    'tauGamma[2,5,3,2]'     1e-06
697    'tauGamma[2,5,3,3]'     1e-06
698    'tauGamma[2,6,1,1]'     1e-06
699    'tauGamma[2,6,1,2]'     1e-06
700    'tauGamma[2,6,1,3]'     1e-06
701    'tauGamma[2,6,2,1]'     1e-06
702    'tauGamma[2,6,2,2]'     1e-06
703    'tauGamma[2,6,2,3]'     1e-06
704    'tauGamma[2,6,3,1]'     1e-06
705    'tauGamma[2,6,3,2]'     1e-06
706    'tauGamma[2,6,3,3]'     1e-06
707    'tauGamma[2,7,1,1]'     1e-06
708    'tauGamma[2,7,1,2]'     1e-06
709    'tauGamma[2,7,1,3]'     1e-06
710    'tauGamma[2,7,2,1]'     1e-06
711    'tauGamma[2,7,2,2]'     1e-06
712    'tauGamma[2,7,2,3]'     1e-06
713    'tauGamma[2,7,3,1]'     1e-06
714    'tauGamma[2,7,3,2]'     1e-06
715    'tauGamma[2,7,3,3]'     1e-06
716    'tauGamma[2,8,1,1]'     1e-06
717    'tauGamma[2,8,1,2]'     1e-06
718    'tauGamma[2,8,1,3]'     1e-06
719    'tauGamma[2,8,2,1]'     1e-06
720    'tauGamma[2,8,2,2]'     1e-06
721    'tauGamma[2,8,2,3]'     1e-06
722    'tauGamma[2,8,3,1]'     1e-06
723    'tauGamma[2,8,3,2]'     1e-06
724    'tauGamma[2,8,3,3]'     1e-06
725    'tauGamma[2,9,1,1]'     1e-06
726    'tauGamma[2,9,1,2]'     1e-06
727    'tauGamma[2,9,1,3]'     1e-06
728    'tauGamma[2,9,2,1]'     1e-06
729    'tauGamma[2,9,2,2]'     1e-06
730    'tauGamma[2,9,2,3]'     1e-06
731    'tauGamma[2,9,3,1]'     1e-06
732    'tauGamma[2,9,3,2]'     1e-06
733    'tauGamma[2,9,3,3]'     1e-06
734    'tauGamma[2,10,1,1]'    1e-06
735    'tauGamma[2,10,1,2]'    1e-06
736    'tauGamma[2,10,1,3]'    1e-06
737    'tauGamma[2,10,2,1]'    1e-06
738    'tauGamma[2,10,2,2]'    1e-06
739    'tauGamma[2,10,2,3]'    1e-06
740    'tauGamma[2,10,3,1]'    1e-06
741    'tauGamma[2,10,3,2]'    1e-06
742    'tauGamma[2,10,3,3]'    1e-06
743    'tauGamma[2,11,1,1]'    1e-06
744    'tauGamma[2,11,1,2]'    1e-06
745    'tauGamma[2,11,1,3]'    1e-06
746    'tauGamma[2,11,2,1]'    1e-06
747    'tauGamma[2,11,2,2]'    1e-06
748    'tauGamma[2,11,2,3]'    1e-06
749    'tauGamma[2,11,3,1]'    1e-06
750    'tauGamma[2,11,3,2]'    1e-06
751    'tauGamma[2,11,3,3]'    1e-06
752    'tauGamma[2,12,1,1]'    1e-06
753    'tauGamma[2,12,1,2]'    1e-06
754    'tauGamma[2,12,1,3]'    1e-06
755    'tauGamma[2,12,2,1]'    1e-06
756    'tauGamma[2,12,2,2]'    1e-06
757    'tauGamma[2,12,2,3]'    1e-06
758    'tauGamma[2,12,3,1]'    1e-06
759    'tauGamma[2,12,3,2]'    1e-06
760    'tauGamma[2,12,3,3]'    1e-06
761    'tauGamma[2,13,1,1]'    1e-06
762    'tauGamma[2,13,1,2]'    1e-06
763    'tauGamma[2,13,1,3]'    1e-06
764    'tauGamma[2,13,2,1]'    1e-06
765    'tauGamma[2,13,2,2]'    1e-06
766    'tauGamma[2,13,2,3]'    1e-06
767    'tauGamma[2,13,3,1]'    1e-06
768    'tauGamma[2,13,3,2]'    1e-06
769    'tauGamma[2,13,3,3]'    1e-06
770    'tauGamma[2,14,1,1]'    1e-06
771    'tauGamma[2,14,1,2]'    1e-06
772    'tauGamma[2,14,1,3]'    1e-06
773    'tauGamma[2,14,2,1]'    1e-06
774    'tauGamma[2,14,2,2]'    1e-06
775    'tauGamma[2,14,2,3]'    1e-06
776    'tauGamma[2,14,3,1]'    1e-06
777    'tauGamma[2,14,3,2]'    1e-06
778    'tauGamma[2,14,3,3]'    1e-06
779    'tauGamma[2,15,1,1]'    1e-06
780    'tauGamma[2,15,1,2]'    1e-06
781    'tauGamma[2,15,1,3]'    1e-06
782    'tauGamma[2,15,2,1]'    1e-06
783    'tauGamma[2,15,2,2]'    1e-06
784    'tauGamma[2,15,2,3]'    1e-06
785    'tauGamma[2,15,3,1]'    1e-06
786    'tauGamma[2,15,3,2]'    1e-06
787    'tauGamma[2,15,3,3]'    1e-06
788    'PGamma[1,1,1,1]'           1
789    'PGamma[1,1,1,2]'           1
790    'PGamma[1,1,1,3]'           1
791    'PGamma[1,1,2,1]'           1
792    'PGamma[1,1,2,2]'           1
793    'PGamma[1,1,2,3]'           1
794    'PGamma[1,1,3,1]'           1
795    'PGamma[1,1,3,2]'           1
796    'PGamma[1,1,3,3]'           1
797    'PGamma[1,2,1,1]'           1
798    'PGamma[1,2,1,2]'           1
799    'PGamma[1,2,1,3]'           1
800    'PGamma[1,2,2,1]'           1
801    'PGamma[1,2,2,2]'           1
802    'PGamma[1,2,2,3]'           1
803    'PGamma[1,2,3,1]'           1
804    'PGamma[1,2,3,2]'           1
805    'PGamma[1,2,3,3]'           1
806    'PGamma[1,3,1,1]'           1
807    'PGamma[1,3,1,2]'           1
808    'PGamma[1,3,1,3]'           1
809    'PGamma[1,3,2,1]'           1
810    'PGamma[1,3,2,2]'           1
811    'PGamma[1,3,2,3]'           1
812    'PGamma[1,3,3,1]'           1
813    'PGamma[1,3,3,2]'           1
814    'PGamma[1,3,3,3]'           1
815    'PGamma[1,4,1,1]'           1
816    'PGamma[1,4,1,2]'           1
817    'PGamma[1,4,1,3]'           1
818    'PGamma[1,4,2,1]'           1
819    'PGamma[1,4,2,2]'           1
820    'PGamma[1,4,2,3]'           1
821    'PGamma[1,4,3,1]'           1
822    'PGamma[1,4,3,2]'           1
823    'PGamma[1,4,3,3]'           1
824    'PGamma[1,5,1,1]'           1
825    'PGamma[1,5,1,2]'           1
826    'PGamma[1,5,1,3]'           1
827    'PGamma[1,5,2,1]'           1
828    'PGamma[1,5,2,2]'           1
829    'PGamma[1,5,2,3]'           1
830    'PGamma[1,5,3,1]'           1
831    'PGamma[1,5,3,2]'           1
832    'PGamma[1,5,3,3]'           1
833    'PGamma[1,6,1,1]'           1
834    'PGamma[1,6,1,2]'           1
835    'PGamma[1,6,1,3]'           1
836    'PGamma[1,6,2,1]'           1
837    'PGamma[1,6,2,2]'           1
838    'PGamma[1,6,2,3]'           1
839    'PGamma[1,6,3,1]'           1
840    'PGamma[1,6,3,2]'           1
841    'PGamma[1,6,3,3]'           1
842    'PGamma[1,7,1,1]'           1
843    'PGamma[1,7,1,2]'           1
844    'PGamma[1,7,1,3]'           1
845    'PGamma[1,7,2,1]'           1
846    'PGamma[1,7,2,2]'           1
847    'PGamma[1,7,2,3]'           1
848    'PGamma[1,7,3,1]'           1
849    'PGamma[1,7,3,2]'           1
850    'PGamma[1,7,3,3]'           1
851    'PGamma[1,8,1,1]'           1
852    'PGamma[1,8,1,2]'           1
853    'PGamma[1,8,1,3]'           1
854    'PGamma[1,8,2,1]'           1
855    'PGamma[1,8,2,2]'           1
856    'PGamma[1,8,2,3]'           1
857    'PGamma[1,8,3,1]'           1
858    'PGamma[1,8,3,2]'           1
859    'PGamma[1,8,3,3]'           1
860    'PGamma[1,9,1,1]'           1
861    'PGamma[1,9,1,2]'           1
862    'PGamma[1,9,1,3]'           1
863    'PGamma[1,9,2,1]'           1
864    'PGamma[1,9,2,2]'           1
865    'PGamma[1,9,2,3]'           1
866    'PGamma[1,9,3,1]'           1
867    'PGamma[1,9,3,2]'           1
868    'PGamma[1,9,3,3]'           1
869    'PGamma[1,10,1,1]'          1
870    'PGamma[1,10,1,2]'          1
871    'PGamma[1,10,1,3]'          1
872    'PGamma[1,10,2,1]'          1
873    'PGamma[1,10,2,2]'          1
874    'PGamma[1,10,2,3]'          1
875    'PGamma[1,10,3,1]'          1
876    'PGamma[1,10,3,2]'          1
877    'PGamma[1,10,3,3]'          1
878    'PGamma[1,11,1,1]'          1
879    'PGamma[1,11,1,2]'          1
880    'PGamma[1,11,1,3]'          1
881    'PGamma[1,11,2,1]'          1
882    'PGamma[1,11,2,2]'          1
883    'PGamma[1,11,2,3]'          1
884    'PGamma[1,11,3,1]'          1
885    'PGamma[1,11,3,2]'          1
886    'PGamma[1,11,3,3]'          1
887    'PGamma[1,12,1,1]'          1
888    'PGamma[1,12,1,2]'          1
889    'PGamma[1,12,1,3]'          1
890    'PGamma[1,12,2,1]'          1
891    'PGamma[1,12,2,2]'          1
892    'PGamma[1,12,2,3]'          1
893    'PGamma[1,12,3,1]'          1
894    'PGamma[1,12,3,2]'          1
895    'PGamma[1,12,3,3]'          1
896    'PGamma[1,13,1,1]'          1
897    'PGamma[1,13,1,2]'          1
898    'PGamma[1,13,1,3]'          1
899    'PGamma[1,13,2,1]'          1
900    'PGamma[1,13,2,2]'          1
901    'PGamma[1,13,2,3]'          1
902    'PGamma[1,13,3,1]'          1
903    'PGamma[1,13,3,2]'          1
904    'PGamma[1,13,3,3]'          1
905    'PGamma[1,14,1,1]'          1
906    'PGamma[1,14,1,2]'          1
907    'PGamma[1,14,1,3]'          1
908    'PGamma[1,14,2,1]'          1
909    'PGamma[1,14,2,2]'          1
910    'PGamma[1,14,2,3]'          1
911    'PGamma[1,14,3,1]'          1
912    'PGamma[1,14,3,2]'          1
913    'PGamma[1,14,3,3]'          1
914    'PGamma[1,15,1,1]'          1
915    'PGamma[1,15,1,2]'          1
916    'PGamma[1,15,1,3]'          1
917    'PGamma[1,15,2,1]'          1
918    'PGamma[1,15,2,2]'          1
919    'PGamma[1,15,2,3]'          1
920    'PGamma[1,15,3,1]'          1
921    'PGamma[1,15,3,2]'          1
922    'PGamma[1,15,3,3]'          1
923    'PGamma[2,1,1,1]'           1
924    'PGamma[2,1,1,2]'           1
925    'PGamma[2,1,1,3]'           1
926    'PGamma[2,1,2,1]'           1
927    'PGamma[2,1,2,2]'           1
928    'PGamma[2,1,2,3]'           1
929    'PGamma[2,1,3,1]'           1
930    'PGamma[2,1,3,2]'           1
931    'PGamma[2,1,3,3]'           1
932    'PGamma[2,2,1,1]'           1
933    'PGamma[2,2,1,2]'           1
934    'PGamma[2,2,1,3]'           1
935    'PGamma[2,2,2,1]'           1
936    'PGamma[2,2,2,2]'           1
937    'PGamma[2,2,2,3]'           1
938    'PGamma[2,2,3,1]'           1
939    'PGamma[2,2,3,2]'           1
940    'PGamma[2,2,3,3]'           1
941    'PGamma[2,3,1,1]'           1
942    'PGamma[2,3,1,2]'           1
943    'PGamma[2,3,1,3]'           1
944    'PGamma[2,3,2,1]'           1
945    'PGamma[2,3,2,2]'           1
946    'PGamma[2,3,2,3]'           1
947    'PGamma[2,3,3,1]'           1
948    'PGamma[2,3,3,2]'           1
949    'PGamma[2,3,3,3]'           1
950    'PGamma[2,4,1,1]'           1
951    'PGamma[2,4,1,2]'           1
952    'PGamma[2,4,1,3]'           1
953    'PGamma[2,4,2,1]'           1
954    'PGamma[2,4,2,2]'           1
955    'PGamma[2,4,2,3]'           1
956    'PGamma[2,4,3,1]'           1
957    'PGamma[2,4,3,2]'           1
958    'PGamma[2,4,3,3]'           1
959    'PGamma[2,5,1,1]'           1
960    'PGamma[2,5,1,2]'           1
961    'PGamma[2,5,1,3]'           1
962    'PGamma[2,5,2,1]'           1
963    'PGamma[2,5,2,2]'           1
964    'PGamma[2,5,2,3]'           1
965    'PGamma[2,5,3,1]'           1
966    'PGamma[2,5,3,2]'           1
967    'PGamma[2,5,3,3]'           1
968    'PGamma[2,6,1,1]'           1
969    'PGamma[2,6,1,2]'           1
970    'PGamma[2,6,1,3]'           1
971    'PGamma[2,6,2,1]'           1
972    'PGamma[2,6,2,2]'           1
973    'PGamma[2,6,2,3]'           1
974    'PGamma[2,6,3,1]'           1
975    'PGamma[2,6,3,2]'           1
976    'PGamma[2,6,3,3]'           1
977    'PGamma[2,7,1,1]'           1
978    'PGamma[2,7,1,2]'           1
979    'PGamma[2,7,1,3]'           1
980    'PGamma[2,7,2,1]'           1
981    'PGamma[2,7,2,2]'           1
982    'PGamma[2,7,2,3]'           1
983    'PGamma[2,7,3,1]'           1
984    'PGamma[2,7,3,2]'           1
985    'PGamma[2,7,3,3]'           1
986    'PGamma[2,8,1,1]'           1
987    'PGamma[2,8,1,2]'           1
988    'PGamma[2,8,1,3]'           1
989    'PGamma[2,8,2,1]'           1
990    'PGamma[2,8,2,2]'           1
991    'PGamma[2,8,2,3]'           1
992    'PGamma[2,8,3,1]'           1
993    'PGamma[2,8,3,2]'           1
994    'PGamma[2,8,3,3]'           1
995    'PGamma[2,9,1,1]'           1
996    'PGamma[2,9,1,2]'           1
997    'PGamma[2,9,1,3]'           1
998    'PGamma[2,9,2,1]'           1
999    'PGamma[2,9,2,2]'           1
1000   'PGamma[2,9,2,3]'           1
1001   'PGamma[2,9,3,1]'           1
1002   'PGamma[2,9,3,2]'           1
1003   'PGamma[2,9,3,3]'           1
1004   'PGamma[2,10,1,1]'          1
1005   'PGamma[2,10,1,2]'          1
1006   'PGamma[2,10,1,3]'          1
1007   'PGamma[2,10,2,1]'          1
1008   'PGamma[2,10,2,2]'          1
1009   'PGamma[2,10,2,3]'          1
1010   'PGamma[2,10,3,1]'          1
1011   'PGamma[2,10,3,2]'          1
1012   'PGamma[2,10,3,3]'          1
1013   'PGamma[2,11,1,1]'          1
1014   'PGamma[2,11,1,2]'          1
1015   'PGamma[2,11,1,3]'          1
1016   'PGamma[2,11,2,1]'          1
1017   'PGamma[2,11,2,2]'          1
1018   'PGamma[2,11,2,3]'          1
1019   'PGamma[2,11,3,1]'          1
1020   'PGamma[2,11,3,2]'          1
1021   'PGamma[2,11,3,3]'          1
1022   'PGamma[2,12,1,1]'          1
1023   'PGamma[2,12,1,2]'          1
1024   'PGamma[2,12,1,3]'          1
1025   'PGamma[2,12,2,1]'          1
1026   'PGamma[2,12,2,2]'          1
1027   'PGamma[2,12,2,3]'          1
1028   'PGamma[2,12,3,1]'          1
1029   'PGamma[2,12,3,2]'          1
1030   'PGamma[2,12,3,3]'          1
1031   'PGamma[2,13,1,1]'          1
1032   'PGamma[2,13,1,2]'          1
1033   'PGamma[2,13,1,3]'          1
1034   'PGamma[2,13,2,1]'          1
1035   'PGamma[2,13,2,2]'          1
1036   'PGamma[2,13,2,3]'          1
1037   'PGamma[2,13,3,1]'          1
1038   'PGamma[2,13,3,2]'          1
1039   'PGamma[2,13,3,3]'          1
1040   'PGamma[2,14,1,1]'          1
1041   'PGamma[2,14,1,2]'          1
1042   'PGamma[2,14,1,3]'          1
1043   'PGamma[2,14,2,1]'          1
1044   'PGamma[2,14,2,2]'          1
1045   'PGamma[2,14,2,3]'          1
1046   'PGamma[2,14,3,1]'          1
1047   'PGamma[2,14,3,2]'          1
1048   'PGamma[2,14,3,3]'          1
1049   'PGamma[2,15,1,1]'          1
1050   'PGamma[2,15,1,2]'          1
1051   'PGamma[2,15,1,3]'          1
1052   'PGamma[2,15,2,1]'          1
1053   'PGamma[2,15,2,2]'          1
1054   'PGamma[2,15,2,3]'          1
1055   'PGamma[2,15,3,1]'          1
1056   'PGamma[2,15,3,2]'          1
1057   'PGamma[2,15,3,3]'          1
1058   'SGamma1[1,1,1]'        1e-06
1059   'SGamma1[1,1,2]'        1e-06
1060   'SGamma1[1,1,3]'        1e-06
1061   'SGamma1[1,2,1]'        1e-06
1062   'SGamma1[1,2,2]'        1e-06
1063   'SGamma1[1,2,3]'        1e-06
1064   'SGamma1[1,3,1]'        1e-06
1065   'SGamma1[1,3,2]'        1e-06
1066   'SGamma1[1,3,3]'        1e-06
1067   'SGamma1[1,4,1]'        1e-06
1068   'SGamma1[1,4,2]'        1e-06
1069   'SGamma1[1,4,3]'        1e-06
1070   'SGamma1[1,5,1]'        1e-06
1071   'SGamma1[1,5,2]'        1e-06
1072   'SGamma1[1,5,3]'        1e-06
1073   'SGamma1[1,6,1]'        1e-06
1074   'SGamma1[1,6,2]'        1e-06
1075   'SGamma1[1,6,3]'        1e-06
1076   'SGamma1[1,7,1]'        1e-06
1077   'SGamma1[1,7,2]'        1e-06
1078   'SGamma1[1,7,3]'        1e-06
1079   'SGamma1[1,8,1]'        1e-06
1080   'SGamma1[1,8,2]'        1e-06
1081   'SGamma1[1,8,3]'        1e-06
1082   'SGamma1[1,9,1]'        1e-06
1083   'SGamma1[1,9,2]'        1e-06
1084   'SGamma1[1,9,3]'        1e-06
1085   'SGamma1[1,10,1]'       1e-06
1086   'SGamma1[1,10,2]'       1e-06
1087   'SGamma1[1,10,3]'       1e-06
1088   'SGamma1[1,11,1]'       1e-06
1089   'SGamma1[1,11,2]'       1e-06
1090   'SGamma1[1,11,3]'       1e-06
1091   'SGamma1[1,12,1]'       1e-06
1092   'SGamma1[1,12,2]'       1e-06
1093   'SGamma1[1,12,3]'       1e-06
1094   'SGamma1[1,13,1]'       1e-06
1095   'SGamma1[1,13,2]'       1e-06
1096   'SGamma1[1,13,3]'       1e-06
1097   'SGamma1[1,14,1]'       1e-06
1098   'SGamma1[1,14,2]'       1e-06
1099   'SGamma1[1,14,3]'       1e-06
1100   'SGamma1[1,15,1]'       1e-06
1101   'SGamma1[1,15,2]'       1e-06
1102   'SGamma1[1,15,3]'       1e-06
1103   'SGamma1[2,1,1]'            1.0688e-06
1104   'SGamma1[2,1,2]'            1.0688e-06
1105   'SGamma1[2,1,3]'            1.0688e-06
1106   'SGamma1[2,2,1]'        1e-06
1107   'SGamma1[2,2,2]'        1e-06
1108   'SGamma1[2,2,3]'        1e-06
1109   'SGamma1[2,3,1]'        1e-06
1110   'SGamma1[2,3,2]'        1e-06
1111   'SGamma1[2,3,3]'        1e-06
1112   'SGamma1[2,4,1]'        1e-06
1113   'SGamma1[2,4,2]'        1e-06
1114   'SGamma1[2,4,3]'        1e-06
1115   'SGamma1[2,5,1]'        1e-06
1116   'SGamma1[2,5,2]'        1e-06
1117   'SGamma1[2,5,3]'        1e-06
1118   'SGamma1[2,6,1]'        1e-06
1119   'SGamma1[2,6,2]'        1e-06
1120   'SGamma1[2,6,3]'        1e-06
1121   'SGamma1[2,7,1]'        1e-06
1122   'SGamma1[2,7,2]'        1e-06
1123   'SGamma1[2,7,3]'        1e-06
1124   'SGamma1[2,8,1]'            1.06195e-06
1125   'SGamma1[2,8,2]'            1.06195e-06
1126   'SGamma1[2,8,3]'            1.06195e-06
1127   'SGamma1[2,9,1]'        1e-06
1128   'SGamma1[2,9,2]'        1e-06
1129   'SGamma1[2,9,3]'        1e-06
1130   'SGamma1[2,10,1]'       1e-06
1131   'SGamma1[2,10,2]'       1e-06
1132   'SGamma1[2,10,3]'       1e-06
1133   'SGamma1[2,11,1]'       1e-06
1134   'SGamma1[2,11,2]'       1e-06
1135   'SGamma1[2,11,3]'       1e-06
1136   'SGamma1[2,12,1]'       1e-06
1137   'SGamma1[2,12,2]'       1e-06
1138   'SGamma1[2,12,3]'       1e-06
1139   'SGamma1[2,13,1]'       1e-06
1140   'SGamma1[2,13,2]'       1e-06
1141   'SGamma1[2,13,3]'       1e-06
1142   'SGamma1[2,14,1]'       1e-06
1143   'SGamma1[2,14,2]'       1e-06
1144   'SGamma1[2,14,3]'       1e-06
1145   'SGamma1[2,15,1]'       1e-06
1146   'SGamma1[2,15,2]'       1e-06
1147   'SGamma1[2,15,3]'       1e-06
1148   'SGamma2[1,1,1]'            1
1149   'SGamma2[1,1,2]'            1
1150   'SGamma2[1,1,3]'            1
1151   'SGamma2[1,2,1]'            1
1152   'SGamma2[1,2,2]'            1
1153   'SGamma2[1,2,3]'            1
1154   'SGamma2[1,3,1]'            1
1155   'SGamma2[1,3,2]'            1
1156   'SGamma2[1,3,3]'            1
1157   'SGamma2[1,4,1]'            1
1158   'SGamma2[1,4,2]'            1
1159   'SGamma2[1,4,3]'            1
1160   'SGamma2[1,5,1]'            1
1161   'SGamma2[1,5,2]'            1
1162   'SGamma2[1,5,3]'            1
1163   'SGamma2[1,6,1]'            1
1164   'SGamma2[1,6,2]'            1
1165   'SGamma2[1,6,3]'            1
1166   'SGamma2[1,7,1]'            1
1167   'SGamma2[1,7,2]'            1
1168   'SGamma2[1,7,3]'            1
1169   'SGamma2[1,8,1]'            1
1170   'SGamma2[1,8,2]'            1
1171   'SGamma2[1,8,3]'            1
1172   'SGamma2[1,9,1]'            1
1173   'SGamma2[1,9,2]'            1
1174   'SGamma2[1,9,3]'            1
1175   'SGamma2[1,10,1]'           1
1176   'SGamma2[1,10,2]'           1
1177   'SGamma2[1,10,3]'           1
1178   'SGamma2[1,11,1]'           1
1179   'SGamma2[1,11,2]'           1
1180   'SGamma2[1,11,3]'           1
1181   'SGamma2[1,12,1]'           1
1182   'SGamma2[1,12,2]'           1
1183   'SGamma2[1,12,3]'           1
1184   'SGamma2[1,13,1]'           1
1185   'SGamma2[1,13,2]'           1
1186   'SGamma2[1,13,3]'           1
1187   'SGamma2[1,14,1]'           1
1188   'SGamma2[1,14,2]'           1
1189   'SGamma2[1,14,3]'           1
1190   'SGamma2[1,15,1]'           1
1191   'SGamma2[1,15,2]'           1
1192   'SGamma2[1,15,3]'           1
1193   'SGamma2[2,1,1]'            1.0688
1194   'SGamma2[2,1,2]'            1.0688
1195   'SGamma2[2,1,3]'            1.0688
1196   'SGamma2[2,2,1]'            1
1197   'SGamma2[2,2,2]'            1
1198   'SGamma2[2,2,3]'            1
1199   'SGamma2[2,3,1]'            1
1200   'SGamma2[2,3,2]'            1
1201   'SGamma2[2,3,3]'            1
1202   'SGamma2[2,4,1]'            1
1203   'SGamma2[2,4,2]'            1
1204   'SGamma2[2,4,3]'            1
1205   'SGamma2[2,5,1]'            1
1206   'SGamma2[2,5,2]'            1
1207   'SGamma2[2,5,3]'            1
1208   'SGamma2[2,6,1]'            1
1209   'SGamma2[2,6,2]'            1
1210   'SGamma2[2,6,3]'            1
1211   'SGamma2[2,7,1]'            1
1212   'SGamma2[2,7,2]'            1
1213   'SGamma2[2,7,3]'            1
1214   'SGamma2[2,8,1]'            1.06195
1215   'SGamma2[2,8,2]'            1.06195
1216   'SGamma2[2,8,3]'            1.06195
1217   'SGamma2[2,9,1]'            1
1218   'SGamma2[2,9,2]'            1
1219   'SGamma2[2,9,3]'            1
1220   'SGamma2[2,10,1]'           1
1221   'SGamma2[2,10,2]'           1
1222   'SGamma2[2,10,3]'           1
1223   'SGamma2[2,11,1]'           1
1224   'SGamma2[2,11,2]'           1
1225   'SGamma2[2,11,3]'           1
1226   'SGamma2[2,12,1]'           1
1227   'SGamma2[2,12,2]'           1
1228   'SGamma2[2,12,3]'           1
1229   'SGamma2[2,13,1]'           1
1230   'SGamma2[2,13,2]'           1
1231   'SGamma2[2,13,3]'           1
1232   'SGamma2[2,14,1]'           1
1233   'SGamma2[2,14,2]'           1
1234   'SGamma2[2,14,3]'           1
1235   'SGamma2[2,15,1]'           1
1236   'SGamma2[2,15,2]'           1
1237   'SGamma2[2,15,3]'           1
1238   'gamma[1,1,1]'              1
1239   'gamma[1,1,2]'              1
1240   'gamma[1,1,3]'              1
1241   'gamma[1,2,1]'              1
1242   'gamma[1,2,2]'              1
1243   'gamma[1,2,3]'              1
1244   'gamma[1,3,1]'              1
1245   'gamma[1,3,2]'              1
1246   'gamma[1,3,3]'              1
1247   'gamma[1,4,1]'              1
1248   'gamma[1,4,2]'              1
1249   'gamma[1,4,3]'              1
1250   'gamma[1,5,1]'              1
1251   'gamma[1,5,2]'              1
1252   'gamma[1,5,3]'              1
1253   'gamma[1,6,1]'              1
1254   'gamma[1,6,2]'              1
1255   'gamma[1,6,3]'              1
1256   'gamma[1,7,1]'              1
1257   'gamma[1,7,2]'              1
1258   'gamma[1,7,3]'              1
1259   'gamma[1,8,1]'              1
1260   'gamma[1,8,2]'              1
1261   'gamma[1,8,3]'              1
1262   'gamma[1,9,1]'              1
1263   'gamma[1,9,2]'              1
1264   'gamma[1,9,3]'              1
1265   'gamma[1,10,1]'             1
1266   'gamma[1,10,2]'             1
1267   'gamma[1,10,3]'             1
1268   'gamma[1,11,1]'             1
1269   'gamma[1,11,2]'             1
1270   'gamma[1,11,3]'             1
1271   'gamma[1,12,1]'             1
1272   'gamma[1,12,2]'             1
1273   'gamma[1,12,3]'             1
1274   'gamma[1,13,1]'             1
1275   'gamma[1,13,2]'             1
1276   'gamma[1,13,3]'             1
1277   'gamma[1,14,1]'             1
1278   'gamma[1,14,2]'             1
1279   'gamma[1,14,3]'             1
1280   'gamma[1,15,1]'             1
1281   'gamma[1,15,2]'             1
1282   'gamma[1,15,3]'             1
1283   'gamma[2,1,1]'              1
1284   'gamma[2,1,2]'              1
1285   'gamma[2,1,3]'              1
1286   'gamma[2,2,1]'              1
1287   'gamma[2,2,2]'              1
1288   'gamma[2,2,3]'              1
1289   'gamma[2,3,1]'              1
1290   'gamma[2,3,2]'              1
1291   'gamma[2,3,3]'              1
1292   'gamma[2,4,1]'              1
1293   'gamma[2,4,2]'              1
1294   'gamma[2,4,3]'              1
1295   'gamma[2,5,1]'              1
1296   'gamma[2,5,2]'              1
1297   'gamma[2,5,3]'              1
1298   'gamma[2,6,1]'              1
1299   'gamma[2,6,2]'              1
1300   'gamma[2,6,3]'              1
1301   'gamma[2,7,1]'              1
1302   'gamma[2,7,2]'              1
1303   'gamma[2,7,3]'              1
1304   'gamma[2,8,1]'              1
1305   'gamma[2,8,2]'              1
1306   'gamma[2,8,3]'              1
1307   'gamma[2,9,1]'              1
1308   'gamma[2,9,2]'              1
1309   'gamma[2,9,3]'              1
1310   'gamma[2,10,1]'             1
1311   'gamma[2,10,2]'             1
1312   'gamma[2,10,3]'             1
1313   'gamma[2,11,1]'             1
1314   'gamma[2,11,2]'             1
1315   'gamma[2,11,3]'             1
1316   'gamma[2,12,1]'             1
1317   'gamma[2,12,2]'             1
1318   'gamma[2,12,3]'             1
1319   'gamma[2,13,1]'             1
1320   'gamma[2,13,2]'             1
1321   'gamma[2,13,3]'             1
1322   'gamma[2,14,1]'             1
1323   'gamma[2,14,2]'             1
1324   'gamma[2,14,3]'             1
1325   'gamma[2,15,1]'             1
1326   'gamma[2,15,2]'             1
1327   'gamma[2,15,3]'             1
1328   'PrS[1,1,1]'           162081
1329   'PrS[1,1,2]'            65815.7
1330   'PrS[1,1,3]'            30160.7
1331   'PrS[1,2,1]'           160906
1332   'PrS[1,2,2]'            65281.4
1333   'PrS[1,2,3]'            29890.9
1334   'PrS[1,3,1]'           158469
1335   'PrS[1,3,2]'            64175.5
1336   'PrS[1,3,3]'            29333
1337   'PrS[1,4,1]'           153649
1338   'PrS[1,4,2]'            61994.1
1339   'PrS[1,4,3]'            28235.4
1340   'PrS[1,5,1]'           144941
1341   'PrS[1,5,2]'            58074
1342   'PrS[1,5,3]'            26272.5
1343   'PrS[1,6,1]'           131538
1344   'PrS[1,6,2]'            52095.9
1345   'PrS[1,6,3]'            23304.2
1346   'PrS[1,7,1]'           115314
1347   'PrS[1,7,2]'            44957.6
1348   'PrS[1,7,3]'            19804.3
1349   'PrS[1,8,1]'           100512
1350   'PrS[1,8,2]'            38549.4
1351   'PrS[1,8,3]'            16709.2
1352   'PrS[1,9,1]'            90701.4
1353   'PrS[1,9,2]'            34363.5
1354   'PrS[1,9,3]'            14714.8
1355   'PrS[1,10,1]'           85182.4
1356   'PrS[1,10,2]'           32032.1
1357   'PrS[1,10,3]'           13614.6
1358   'PrS[1,11,1]'           82210.3
1359   'PrS[1,11,2]'           30784.1
1360   'PrS[1,11,3]'           13028.9
1361   'PrS[1,12,1]'           80067
1362   'PrS[1,12,2]'           29887.4
1363   'PrS[1,12,3]'           12609.6
1364   'PrS[1,13,1]'           77119.7
1365   'PrS[1,13,2]'           28659.1
1366   'PrS[1,13,3]'           12037.3
1367   'PrS[1,14,1]'           71351.6
1368   'PrS[1,14,2]'           26271.7
1369   'PrS[1,14,3]'           10932.3
1370   'PrS[1,15,1]'           61072.2
1371   'PrS[1,15,2]'           22075.3
1372   'PrS[1,15,3]'            9015.75
1373   'PrS[2,1,1]'           145449
1374   'PrS[2,1,2]'            58301.8
1375   'PrS[2,1,3]'            26386.2
1376   'PrS[2,2,1]'           144665
1377   'PrS[2,2,2]'            57950
1378   'PrS[2,2,3]'            26210.6
1379   'PrS[2,3,1]'           131013
1380   'PrS[2,3,2]'            51863.2
1381   'PrS[2,3,3]'            23189.4
1382   'PrS[2,4,1]'           114676
1383   'PrS[2,4,2]'            44679.4
1384   'PrS[2,4,3]'            19668.9
1385   'PrS[2,5,1]'           100232
1386   'PrS[2,5,2]'            38429.2
1387   'PrS[2,5,3]'            16651.6
1388   'PrS[2,6,1]'            90485.5
1389   'PrS[2,6,2]'            34272
1390   'PrS[2,6,3]'            14671.5
1391   'PrS[2,7,1]'            84898.1
1392   'PrS[2,7,2]'            31912.5
1393   'PrS[2,7,3]'            13558.3
1394   'PrS[2,8,1]'            77064.2
1395   'PrS[2,8,2]'            28636
1396   'PrS[2,8,3]'            12026.6
1397   'PrS[2,9,1]'            77419.7
1398   'PrS[2,9,2]'            28783.9
1399   'PrS[2,9,3]'            12095.3
1400   'PrS[2,10,1]'           70750.2
1401   'PrS[2,10,2]'           26024
1402   'PrS[2,10,3]'           10818.3
1403   'PrS[2,11,1]'           59728.8
1404   'PrS[2,11,2]'           21532.8
1405   'PrS[2,11,3]'            8770.62
1406   'PrS[2,12,1]'           46968.5
1407   'PrS[2,12,2]'           16457.6
1408   'PrS[2,12,3]'            6510.8
1409   'PrS[2,13,1]'           37697.4
1410   'PrS[2,13,2]'           12870.5
1411   'PrS[2,13,3]'            4956.76
1412   'PrS[2,14,1]'           33137
1413   'PrS[2,14,2]'           11143
1414   'PrS[2,14,3]'            4224.04
1415   'PrS[2,15,1]'           31852.6
1416   'PrS[2,15,2]'           10661.4
1417   'PrS[2,15,3]'            4021.86
1418   'PrSF[1]'               62118.8
1419   'PrSF[2]'               22498.9
1420   'PrSF[3]'                9207.62
1421   Vap                     31498.7
1422   Sep                        99.5
;

