solve_message = 'Knitro 10.3.0: Locally optimal or satisfactory solution.\
objective 141.62903839638784; feasibility error 4.31e-05\
35 iterations; 48 function evaluations'

:            _varname               _var          :=
1      'F[2]'                      0
2      'F[3]'                      0
3      'F[4]'                      0
4      'F[5]'                      0
5      'F[6]'                      0
6      'F[7]'                      0
7      'F[8]'                    100
8      'F[9]'                      0
9      'F[10]'                     0
10     'F[11]'                     0
11     'F[12]'                     0
12     'F[13]'                     0
13     'F[14]'                     0
14     'V[1,1]'                   56.0908
15     'V[1,2]'                   56.2723
16     'V[1,3]'                   56.2174
17     'V[1,4]'                   56.1521
18     'V[1,5]'                   56.1572
19     'V[1,6]'                   56.2195
20     'V[1,7]'                   56.299
21     'V[1,8]'                   56.3689
22     'V[1,9]'                   56.4227
23     'V[1,10]'                  56.4996
24     'V[1,11]'                  56.606
25     'V[1,12]'                  56.7492
26     'V[1,13]'                  56.9423
27     'V[1,14]'                  57.2438
28     'V[1,15]'                   0
29     'V[2,1]'                   85.5382
30     'V[2,2]'                   85.92
31     'V[2,3]'                   86.495
32     'V[2,4]'                   87.0874
33     'V[2,5]'                   87.5111
34     'V[2,6]'                   88.2925
35     'V[2,7]'                   89.2149
36     'V[2,8]'                   90.0446
37     'V[2,9]'                   90.6009
38     'V[2,10]'                  91.6784
39     'V[2,11]'                  94.7686
40     'V[2,12]'                  95.9016
41     'V[2,13]'                  97.1594
42     'V[2,14]'                  98.2008
43     'V[2,15]'                   0
44     'y[1,1,1]'                  0.0802423
45     'y[1,1,2]'                  0.638228
46     'y[1,1,3]'                  0.28153
47     'y[1,2,1]'                  0.155863
48     'y[1,2,2]'                  0.64965
49     'y[1,2,3]'                  0.194487
50     'y[1,3,1]'                  0.246558
51     'y[1,3,2]'                  0.597258
52     'y[1,3,3]'                  0.156184
53     'y[1,4,1]'                  0.34257
54     'y[1,4,2]'                  0.523068
55     'y[1,4,3]'                  0.134363
56     'y[1,5,1]'                  0.431025
57     'y[1,5,2]'                  0.450079
58     'y[1,5,3]'                  0.118896
59     'y[1,6,1]'                  0.502378
60     'y[1,6,2]'                  0.390179
61     'y[1,6,3]'                  0.107442
62     'y[1,7,1]'                  0.553913
63     'y[1,7,2]'                  0.346721
64     'y[1,7,3]'                  0.099366
65     'y[1,8,1]'                  0.588207
66     'y[1,8,2]'                  0.317773
67     'y[1,8,3]'                  0.0940195
68     'y[1,9,1]'                  0.589109
69     'y[1,9,2]'                  0.32163
70     'y[1,9,3]'                  0.0892616
71     'y[1,10,1]'                 0.590406
72     'y[1,10,2]'                 0.326959
73     'y[1,10,3]'                 0.0826354
74     'y[1,11,1]'                 0.592364
75     'y[1,11,2]'                 0.333882
76     'y[1,11,3]'                 0.0737546
77     'y[1,12,1]'                 0.595865
78     'y[1,12,2]'                 0.341721
79     'y[1,12,3]'                 0.0624141
80     'y[1,13,1]'                 0.604339
81     'y[1,13,2]'                 0.346961
82     'y[1,13,3]'                 0.0487003
83     'y[1,14,1]'                 0.630325
84     'y[1,14,2]'                 0.336685
85     'y[1,14,3]'                 0.0329895
86     'y[1,15,1]'                 0.709446
87     'y[1,15,2]'                 0.274234
88     'y[1,15,3]'                 0.0163201
89     'y[2,1,1]'                  0.000243889
90     'y[2,1,2]'                  0.242668
91     'y[2,1,3]'                  0.757088
92     'y[2,2,1]'                  0.000868285
93     'y[2,2,2]'                  0.376796
94     'y[2,2,3]'                  0.622335
95     'y[2,3,1]'                  0.00272006
96     'y[2,3,2]'                  0.506535
97     'y[2,3,3]'                  0.490745
98     'y[2,4,1]'                  0.00780801
99     'y[2,4,2]'                  0.610073
100    'y[2,4,3]'                  0.382119
101    'y[2,5,1]'                  0.0209668
102    'y[2,5,2]'                  0.675685
103    'y[2,5,3]'                  0.303349
104    'y[2,6,1]'                  0.0254538
105    'y[2,6,2]'                  0.758644
106    'y[2,6,3]'                  0.215902
107    'y[2,7,1]'                  0.0445195
108    'y[2,7,2]'                  0.829839
109    'y[2,7,3]'                  0.125641
110    'y[2,8,1]'                  0.117651
111    'y[2,8,2]'                  0.83278
112    'y[2,8,3]'                  0.049569
113    'y[2,9,1]'                  0.256161
114    'y[2,9,2]'                  0.725683
115    'y[2,9,3]'                  0.0181567
116    'y[2,10,1]'                 0.460563
117    'y[2,10,2]'                 0.532848
118    'y[2,10,3]'                 0.00658921
119    'y[2,11,1]'                 0.670609
120    'y[2,11,2]'                 0.326614
121    'y[2,11,3]'                 0.00277742
122    'y[2,12,1]'                 0.771711
123    'y[2,12,2]'                 0.22751
124    'y[2,12,3]'                 0.000779866
125    'y[2,13,1]'                 0.864794
126    'y[2,13,2]'                 0.135021
127    'y[2,13,3]'                 0.00018559
128    'y[2,14,1]'                 0.931067
129    'y[2,14,2]'                 0.068895
130    'y[2,14,3]'                 3.82326e-05
131    'y[2,15,1]'                 0.969759
132    'y[2,15,2]'                 0.0302337
133    'y[2,15,3]'                 6.89417e-06
134    'L[1,1]'                    0
135    'L[1,2]'                  115.779
136    'L[1,3]'                  115.961
137    'L[1,4]'                  115.906
138    'L[1,5]'                  115.841
139    'L[1,6]'                  115.846
140    'L[1,7]'                  115.908
141    'L[1,8]'                  115.988
142    'L[1,9]'                   16.0575
143    'L[1,10]'                  16.1114
144    'L[1,11]'                  16.1882
145    'L[1,12]'                  16.2947
146    'L[1,13]'                  16.4379
147    'L[1,14]'                  16.631
148    'L[1,15]'                  16.9324
149    'L[2,1]'                    0
150    'L[2,2]'                  114.163
151    'L[2,3]'                  114.545
152    'L[2,4]'                  115.12
153    'L[2,5]'                  115.712
154    'L[2,6]'                   56.4474
155    'L[2,7]'                   57.2288
156    'L[2,8]'                   58.1513
157    'L[2,9]'                  101.355
158    'L[2,10]'                 101.911
159    'L[2,11]'                 102.988
160    'L[2,12]'                  65.7672
161    'L[2,13]'                  66.9002
162    'L[2,14]'                  68.158
163    'L[2,15]'                  69.1994
164    'x[1,1,1]'                  0.0234764
165    'x[1,1,2]'                  0.484937
166    'x[1,1,3]'                  0.491586
167    'x[1,2,1]'                  0.0509773
168    'x[1,2,2]'                  0.559201
169    'x[1,2,3]'                  0.389822
170    'x[1,3,1]'                  0.0877196
171    'x[1,3,2]'                  0.564867
172    'x[1,3,3]'                  0.347413
173    'x[1,4,1]'                  0.131677
174    'x[1,4,2]'                  0.539416
175    'x[1,4,3]'                  0.328907
176    'x[1,5,1]'                  0.178152
177    'x[1,5,2]'                  0.503421
178    'x[1,5,3]'                  0.318427
179    'x[1,6,1]'                  0.221039
180    'x[1,6,2]'                  0.468039
181    'x[1,6,3]'                  0.310922
182    'x[1,7,1]'                  0.25576
183    'x[1,7,2]'                  0.438976
184    'x[1,7,3]'                  0.305263
185    'x[1,8,1]'                  0.280944
186    'x[1,8,2]'                  0.417849
187    'x[1,8,3]'                  0.301207
188    'x[1,9,1]'                  0.283845
189    'x[1,9,2]'                  0.427076
190    'x[1,9,3]'                  0.289079
191    'x[1,10,1]'                 0.288019
192    'x[1,10,2]'                 0.440216
193    'x[1,10,3]'                 0.271764
194    'x[1,11,1]'                 0.293977
195    'x[1,11,2]'                 0.458252
196    'x[1,11,3]'                 0.247772
197    'x[1,12,1]'                 0.302714
198    'x[1,12,2]'                 0.481445
199    'x[1,12,3]'                 0.215842
200    'x[1,13,1]'                 0.317326
201    'x[1,13,2]'                 0.507221
202    'x[1,13,3]'                 0.175453
203    'x[1,14,1]'                 0.349573
204    'x[1,14,2]'                 0.523242
205    'x[1,14,3]'                 0.127186
206    'x[1,15,1]'                 0.441961
207    'x[1,15,2]'                 0.485364
208    'x[1,15,3]'                 0.0726747
209    'x[2,1,1]'                  5.10225e-05
210    'x[2,1,2]'                  0.126667
211    'x[2,1,3]'                  0.873282
212    'x[2,2,1]'                  0.00019553
213    'x[2,2,2]'                  0.213582
214    'x[2,2,3]'                  0.786222
215    'x[2,3,1]'                  0.00066405
216    'x[2,3,2]'                  0.314289
217    'x[2,3,3]'                  0.685047
218    'x[2,4,1]'                  0.0020564
219    'x[2,4,2]'                  0.412079
220    'x[2,4,3]'                  0.585864
221    'x[2,5,1]'                  0.00588908
222    'x[2,5,2]'                  0.490488
223    'x[2,5,3]'                  0.503623
224    'x[2,6,1]'                  0.00770661
225    'x[2,6,2]'                  0.598973
226    'x[2,6,3]'                  0.393321
227    'x[2,7,1]'                  0.0148102
228    'x[2,7,2]'                  0.72801
229    'x[2,7,3]'                  0.25718
230    'x[2,8,1]'                  0.0442293
231    'x[2,8,2]'                  0.837723
232    'x[2,8,3]'                  0.118048
233    'x[2,9,1]'                  0.109203
234    'x[2,9,2]'                  0.84027
235    'x[2,9,3]'                  0.0505266
236    'x[2,10,1]'                 0.232387
237    'x[2,10,2]'                 0.745018
238    'x[2,10,3]'                 0.0225952
239    'x[2,11,1]'                 0.414591
240    'x[2,11,2]'                 0.573158
241    'x[2,11,3]'                 0.0122516
242    'x[2,12,1]'                 0.538692
243    'x[2,12,2]'                 0.457308
244    'x[2,12,3]'                 0.00399914
245    'x[2,13,1]'                 0.685856
246    'x[2,13,2]'                 0.313029
247    'x[2,13,3]'                 0.00111495
248    'x[2,14,1]'                 0.820131
249    'x[2,14,2]'                 0.179608
250    'x[2,14,3]'                 0.000261626
251    'x[2,15,1]'                 0.914851
252    'x[2,15,2]'                 0.0850979
253    'x[2,15,3]'                 5.13666e-05
254    'CC[2]'                     0
255    'CC[3]'                     0
256    'CC[4]'                     0
257    'CC[5]'                     0
258    'CC[6]'                     0
259    'CC[7]'                     0
260    'CC[8]'                     0
261    'CC[9]'                     0
262    'CC[10]'                    0
263    'CC[11]'                   40.3113
264    'CC[12]'                    0
265    'CC[13]'                    0
266    'CC[14]'                    0
267    'CR[2]'                     0
268    'CR[3]'                     0
269    'CR[4]'                     0
270    'CR[5]'                    59.6887
271    'CR[6]'                     0
272    'CR[7]'                     0
273    'CR[8]'                     0
274    'CR[9]'                     0
275    'CR[10]'                    0
276    'CR[11]'                    0
277    'CR[12]'                    0
278    'CR[13]'                    0
279    'CR[14]'                    0
280    'PC[1]'                     5.46156e-13
281    'PC[2]'                    29.0014
282    'PR[1]'                     3.43939e-13
283    'PR[2]'                    28.625
284    'PS[2]'                     0
285    'PS[3]'                     0
286    'PS[4]'                     0
287    'PS[5]'                     0
288    'PS[6]'                     0
289    'PS[7]'                     0
290    'PS[8]'                    42.3736
291    'PS[9]'                     0
292    'PS[10]'                    0
293    'PS[11]'                    0
294    'PS[12]'                    0
295    'PS[13]'                    0
296    'PS[14]'                    0
297    'T[1,1]'                  354.051
298    'T[1,2]'                  350.457
299    'T[1,3]'                  347.801
300    'T[1,4]'                  345.402
301    'T[1,5]'                  343.186
302    'T[1,6]'                  341.304
303    'T[1,7]'                  339.868
304    'T[1,8]'                  338.87
305    'T[1,9]'                  338.613
306    'T[1,10]'                 338.249
307    'T[1,11]'                 337.748
308    'T[1,12]'                 337.067
309    'T[1,13]'                 336.112
310    'T[1,14]'                 334.544
311    'T[1,15]'                 331.267
312    'T[2,1]'                  365.41
313    'T[2,2]'                  362.842
314    'T[2,3]'                  360.075
315    'T[2,4]'                  357.521
316    'T[2,5]'                  355.387
317    'T[2,6]'                  352.936
318    'T[2,7]'                  349.917
319    'T[2,8]'                  346.088
320    'T[2,9]'                  342.251
321    'T[2,10]'                 337.265
322    'T[2,11]'                 331.48
323    'T[2,12]'                 328.134
324    'T[2,13]'                 324.702
325    'T[2,14]'                 321.944
326    'T[2,15]'                 320.172
327    TF                        338.159
328    'QC[1]'                   541.544
329    'QC[2]'                   902.995
330    'QR[1]'                   579.021
331    'QR[2]'                   903.88
332    'H[1,1,1]'                  1.42368
333    'H[1,1,2]'                  1.76567
334    'H[1,1,3]'                  2.11327
335    'H[1,2,1]'                  1.32412
336    'H[1,2,2]'                  1.6442
337    'H[1,2,3]'                  1.96713
338    'H[1,3,1]'                  1.25124
339    'H[1,3,2]'                  1.55514
340    'H[1,3,3]'                  1.86007
341    'H[1,4,1]'                  1.18594
342    'H[1,4,2]'                  1.47524
343    'H[1,4,3]'                  1.76407
344    'H[1,5,1]'                  1.12604
345    'H[1,5,2]'                  1.40185
346    'H[1,5,3]'                  1.67595
347    'H[1,6,1]'                  1.07552
348    'H[1,6,2]'                  1.33989
349    'H[1,6,3]'                  1.60159
350    'H[1,7,1]'                  1.03719
351    'H[1,7,2]'                  1.29283
352    'H[1,7,3]'                  1.54513
353    'H[1,8,1]'                  1.01064
354    'H[1,8,2]'                  1.2602
355    'H[1,8,3]'                  1.50601
356    'H[1,9,1]'                  1.00383
357    'H[1,9,2]'                  1.25183
358    'H[1,9,3]'                  1.49596
359    'H[1,10,1]'                 0.99419
360    'H[1,10,2]'                 1.23998
361    'H[1,10,3]'                 1.48176
362    'H[1,11,1]'                 0.980914
363    'H[1,11,2]'                 1.22366
364    'H[1,11,3]'                 1.46218
365    'H[1,12,1]'                 0.96293
366    'H[1,12,2]'                 1.20153
367    'H[1,12,3]'                 1.43566
368    'H[1,13,1]'                 0.937757
369    'H[1,13,2]'                 1.17055
370    'H[1,13,3]'                 1.39853
371    'H[1,14,1]'                 0.89662
372    'H[1,14,2]'                 1.11989
373    'H[1,14,3]'                 1.33782
374    'H[1,15,1]'                 0.811359
375    'H[1,15,2]'                 1.0147
376    'H[1,15,3]'                 1.21185
377    'H[2,1,1]'                  1.74564
378    'H[2,1,2]'                  2.15719
379    'H[2,1,3]'                  2.58519
380    'H[2,2,1]'                  1.67192
381    'H[2,2,2]'                  2.0677
382    'H[2,2,3]'                  2.4772
383    'H[2,3,1]'                  1.59309
384    'H[2,3,2]'                  1.97191
385    'H[2,3,3]'                  2.36169
386    'H[2,4,1]'                  1.52089
387    'H[2,4,2]'                  1.88408
388    'H[2,4,3]'                  2.25585
389    'H[2,5,1]'                  1.461
390    'H[2,5,2]'                  1.81116
391    'H[2,5,3]'                  2.16802
392    'H[2,6,1]'                  1.39269
393    'H[2,6,2]'                  1.72789
394    'H[2,6,3]'                  2.0678
395    'H[2,7,1]'                  1.30926
396    'H[2,7,2]'                  1.62604
397    'H[2,7,3]'                  1.94529
398    'H[2,8,1]'                  1.20454
399    'H[2,8,2]'                  1.498
400    'H[2,8,3]'                  1.79142
401    'H[2,9,1]'                  1.10092
402    'H[2,9,2]'                  1.37105
403    'H[2,9,3]'                  1.63899
404    'H[2,10,1]'                 0.968158
405    'H[2,10,2]'                 1.20797
406    'H[2,10,3]'                 1.44337
407    'H[2,11,1]'                 0.816866
408    'H[2,11,2]'                 1.0215
409    'H[2,11,3]'                 1.21999
410    'H[2,12,1]'                 0.730702
411    'H[2,12,2]'                 0.914987
412    'H[2,12,3]'                 1.0925
413    'H[2,13,1]'                 0.643376
414    'H[2,13,2]'                 0.806776
415    'H[2,13,3]'                 0.963071
416    'H[2,14,1]'                 0.57395
417    'H[2,14,2]'                 0.720552
418    'H[2,14,3]'                 0.859995
419    'H[2,15,1]'                 0.529702
420    'H[2,15,2]'                 0.665505
421    'H[2,15,3]'                 0.794214
422    'HF[1]'                     0.991793
423    'HF[2]'                     1.23703
424    'HF[3]'                     1.47822
425    'h[1,1,1]'                 -7.0981
426    'h[1,1,2]'                 -7.95579
427    'h[1,1,3]'                 -8.71209
428    'h[1,2,1]'                 -7.25705
429    'h[1,2,2]'                 -8.13375
430    'h[1,2,3]'                 -8.91691
431    'h[1,3,1]'                 -7.3736
432    'h[1,3,2]'                 -8.26437
433    'h[1,3,3]'                 -9.06731
434    'h[1,4,1]'                 -7.47819
435    'h[1,4,2]'                 -8.38171
436    'h[1,4,3]'                 -9.20245
437    'h[1,5,1]'                 -7.57426
438    'h[1,5,2]'                 -8.48958
439    'h[1,5,3]'                 -9.32672
440    'h[1,6,1]'                 -7.65539
441    'h[1,6,2]'                 -8.58075
442    'h[1,6,3]'                 -9.43179
443    'h[1,7,1]'                 -7.71703
444    'h[1,7,2]'                 -8.65006
445    'h[1,7,3]'                 -9.51168
446    'h[1,8,1]'                 -7.75975
447    'h[1,8,2]'                 -8.69813
448    'h[1,8,3]'                 -9.56711
449    'h[1,9,1]'                 -7.77072
450    'h[1,9,2]'                 -8.71047
451    'h[1,9,3]'                 -9.58134
452    'h[1,10,1]'                -7.78624
453    'h[1,10,2]'                -8.72794
454    'h[1,10,3]'                -9.60148
455    'h[1,11,1]'                -7.80762
456    'h[1,11,2]'                -8.75201
457    'h[1,11,3]'                -9.62924
458    'h[1,12,1]'                -7.8366
459    'h[1,12,2]'                -8.78464
460    'h[1,12,3]'                -9.66688
461    'h[1,13,1]'                -7.87719
462    'h[1,13,2]'                -8.83036
463    'h[1,13,3]'                -9.71962
464    'h[1,14,1]'                -7.94358
465    'h[1,14,2]'                -8.90518
466    'h[1,14,3]'                -9.80595
467    'h[1,15,1]'                -8.08144
468    'h[1,15,2]'                -9.06072
469    'h[1,15,3]'                -9.98552
470    'h[2,1,1]'                 -6.58589
471    'h[2,1,2]'                 -7.38367
472    'h[2,1,3]'                 -8.05405
473    'h[2,2,1]'                 -6.70297
474    'h[2,2,2]'                 -7.51427
475    'h[2,2,3]'                 -8.20422
476    'h[2,3,1]'                 -6.82828
477    'h[2,3,2]'                 -7.65417
478    'h[2,3,3]'                 -8.36511
479    'h[2,4,1]'                 -6.94319
480    'h[2,4,2]'                 -7.78255
481    'h[2,4,3]'                 -8.51277
482    'h[2,5,1]'                 -7.0386
483    'h[2,5,2]'                 -7.88922
484    'h[2,5,3]'                 -8.6355
485    'h[2,6,1]'                 -7.14754
486    'h[2,6,2]'                 -8.01112
487    'h[2,6,3]'                 -8.77576
488    'h[2,7,1]'                 -7.28081
489    'h[2,7,2]'                 -8.16037
490    'h[2,7,3]'                 -8.94756
491    'h[2,8,1]'                 -7.44839
492    'h[2,8,2]'                 -8.34827
493    'h[2,8,3]'                 -9.16392
494    'h[2,9,1]'                 -7.61459
495    'h[2,9,2]'                 -8.53489
496    'h[2,9,3]'                 -9.37893
497    'h[2,10,1]'                -7.82818
498    'h[2,10,2]'                -8.77515
499    'h[2,10,3]'                -9.65593
500    'h[2,11,1]'                -8.07253
501    'h[2,11,2]'                -9.05066
502    'h[2,11,3]'                -9.97389
503    'h[2,12,1]'                -8.2122
504    'h[2,12,2]'                -9.20847
505    'h[2,12,3]'               -10.1562
506    'h[2,13,1]'                -8.35416
507    'h[2,13,2]'                -9.36913
508    'h[2,13,3]'               -10.342
509    'h[2,14,1]'                -8.46734
510    'h[2,14,2]'                -9.49742
511    'h[2,14,3]'               -10.4904
512    'h[2,15,1]'                -8.53962
513    'h[2,15,2]'                -9.57946
514    'h[2,15,3]'               -10.5854
515    'hF[1]'                    -7.7901
516    'hF[2]'                    -8.73228
517    'hF[3]'                    -9.60649
518    'tauGamma[1,1,1,1]'     1e-06
519    'tauGamma[1,1,1,2]'     1e-06
520    'tauGamma[1,1,1,3]'     1e-06
521    'tauGamma[1,1,2,1]'     1e-06
522    'tauGamma[1,1,2,2]'     1e-06
523    'tauGamma[1,1,2,3]'     1e-06
524    'tauGamma[1,1,3,1]'     1e-06
525    'tauGamma[1,1,3,2]'     1e-06
526    'tauGamma[1,1,3,3]'     1e-06
527    'tauGamma[1,2,1,1]'     1e-06
528    'tauGamma[1,2,1,2]'     1e-06
529    'tauGamma[1,2,1,3]'     1e-06
530    'tauGamma[1,2,2,1]'     1e-06
531    'tauGamma[1,2,2,2]'     1e-06
532    'tauGamma[1,2,2,3]'     1e-06
533    'tauGamma[1,2,3,1]'     1e-06
534    'tauGamma[1,2,3,2]'     1e-06
535    'tauGamma[1,2,3,3]'     1e-06
536    'tauGamma[1,3,1,1]'     1e-06
537    'tauGamma[1,3,1,2]'     1e-06
538    'tauGamma[1,3,1,3]'     1e-06
539    'tauGamma[1,3,2,1]'     1e-06
540    'tauGamma[1,3,2,2]'     1e-06
541    'tauGamma[1,3,2,3]'     1e-06
542    'tauGamma[1,3,3,1]'     1e-06
543    'tauGamma[1,3,3,2]'     1e-06
544    'tauGamma[1,3,3,3]'     1e-06
545    'tauGamma[1,4,1,1]'     1e-06
546    'tauGamma[1,4,1,2]'     1e-06
547    'tauGamma[1,4,1,3]'     1e-06
548    'tauGamma[1,4,2,1]'     1e-06
549    'tauGamma[1,4,2,2]'     1e-06
550    'tauGamma[1,4,2,3]'     1e-06
551    'tauGamma[1,4,3,1]'     1e-06
552    'tauGamma[1,4,3,2]'     1e-06
553    'tauGamma[1,4,3,3]'     1e-06
554    'tauGamma[1,5,1,1]'     1e-06
555    'tauGamma[1,5,1,2]'     1e-06
556    'tauGamma[1,5,1,3]'     1e-06
557    'tauGamma[1,5,2,1]'     1e-06
558    'tauGamma[1,5,2,2]'     1e-06
559    'tauGamma[1,5,2,3]'     1e-06
560    'tauGamma[1,5,3,1]'     1e-06
561    'tauGamma[1,5,3,2]'     1e-06
562    'tauGamma[1,5,3,3]'     1e-06
563    'tauGamma[1,6,1,1]'     1e-06
564    'tauGamma[1,6,1,2]'     1e-06
565    'tauGamma[1,6,1,3]'     1e-06
566    'tauGamma[1,6,2,1]'     1e-06
567    'tauGamma[1,6,2,2]'     1e-06
568    'tauGamma[1,6,2,3]'     1e-06
569    'tauGamma[1,6,3,1]'     1e-06
570    'tauGamma[1,6,3,2]'     1e-06
571    'tauGamma[1,6,3,3]'     1e-06
572    'tauGamma[1,7,1,1]'     1e-06
573    'tauGamma[1,7,1,2]'     1e-06
574    'tauGamma[1,7,1,3]'     1e-06
575    'tauGamma[1,7,2,1]'     1e-06
576    'tauGamma[1,7,2,2]'     1e-06
577    'tauGamma[1,7,2,3]'     1e-06
578    'tauGamma[1,7,3,1]'     1e-06
579    'tauGamma[1,7,3,2]'     1e-06
580    'tauGamma[1,7,3,3]'     1e-06
581    'tauGamma[1,8,1,1]'     1e-06
582    'tauGamma[1,8,1,2]'     1e-06
583    'tauGamma[1,8,1,3]'     1e-06
584    'tauGamma[1,8,2,1]'     1e-06
585    'tauGamma[1,8,2,2]'     1e-06
586    'tauGamma[1,8,2,3]'     1e-06
587    'tauGamma[1,8,3,1]'     1e-06
588    'tauGamma[1,8,3,2]'     1e-06
589    'tauGamma[1,8,3,3]'     1e-06
590    'tauGamma[1,9,1,1]'     1e-06
591    'tauGamma[1,9,1,2]'     1e-06
592    'tauGamma[1,9,1,3]'     1e-06
593    'tauGamma[1,9,2,1]'     1e-06
594    'tauGamma[1,9,2,2]'     1e-06
595    'tauGamma[1,9,2,3]'     1e-06
596    'tauGamma[1,9,3,1]'     1e-06
597    'tauGamma[1,9,3,2]'     1e-06
598    'tauGamma[1,9,3,3]'     1e-06
599    'tauGamma[1,10,1,1]'    1e-06
600    'tauGamma[1,10,1,2]'    1e-06
601    'tauGamma[1,10,1,3]'    1e-06
602    'tauGamma[1,10,2,1]'    1e-06
603    'tauGamma[1,10,2,2]'    1e-06
604    'tauGamma[1,10,2,3]'    1e-06
605    'tauGamma[1,10,3,1]'    1e-06
606    'tauGamma[1,10,3,2]'    1e-06
607    'tauGamma[1,10,3,3]'    1e-06
608    'tauGamma[1,11,1,1]'    1e-06
609    'tauGamma[1,11,1,2]'    1e-06
610    'tauGamma[1,11,1,3]'    1e-06
611    'tauGamma[1,11,2,1]'    1e-06
612    'tauGamma[1,11,2,2]'    1e-06
613    'tauGamma[1,11,2,3]'    1e-06
614    'tauGamma[1,11,3,1]'    1e-06
615    'tauGamma[1,11,3,2]'    1e-06
616    'tauGamma[1,11,3,3]'    1e-06
617    'tauGamma[1,12,1,1]'    1e-06
618    'tauGamma[1,12,1,2]'    1e-06
619    'tauGamma[1,12,1,3]'    1e-06
620    'tauGamma[1,12,2,1]'    1e-06
621    'tauGamma[1,12,2,2]'    1e-06
622    'tauGamma[1,12,2,3]'    1e-06
623    'tauGamma[1,12,3,1]'    1e-06
624    'tauGamma[1,12,3,2]'    1e-06
625    'tauGamma[1,12,3,3]'    1e-06
626    'tauGamma[1,13,1,1]'    1e-06
627    'tauGamma[1,13,1,2]'    1e-06
628    'tauGamma[1,13,1,3]'    1e-06
629    'tauGamma[1,13,2,1]'    1e-06
630    'tauGamma[1,13,2,2]'    1e-06
631    'tauGamma[1,13,2,3]'    1e-06
632    'tauGamma[1,13,3,1]'    1e-06
633    'tauGamma[1,13,3,2]'    1e-06
634    'tauGamma[1,13,3,3]'    1e-06
635    'tauGamma[1,14,1,1]'    1e-06
636    'tauGamma[1,14,1,2]'    1e-06
637    'tauGamma[1,14,1,3]'    1e-06
638    'tauGamma[1,14,2,1]'    1e-06
639    'tauGamma[1,14,2,2]'    1e-06
640    'tauGamma[1,14,2,3]'    1e-06
641    'tauGamma[1,14,3,1]'    1e-06
642    'tauGamma[1,14,3,2]'    1e-06
643    'tauGamma[1,14,3,3]'    1e-06
644    'tauGamma[1,15,1,1]'    1e-06
645    'tauGamma[1,15,1,2]'    1e-06
646    'tauGamma[1,15,1,3]'    1e-06
647    'tauGamma[1,15,2,1]'    1e-06
648    'tauGamma[1,15,2,2]'    1e-06
649    'tauGamma[1,15,2,3]'    1e-06
650    'tauGamma[1,15,3,1]'    1e-06
651    'tauGamma[1,15,3,2]'    1e-06
652    'tauGamma[1,15,3,3]'    1e-06
653    'tauGamma[2,1,1,1]'     1e-06
654    'tauGamma[2,1,1,2]'     1e-06
655    'tauGamma[2,1,1,3]'     1e-06
656    'tauGamma[2,1,2,1]'     1e-06
657    'tauGamma[2,1,2,2]'     1e-06
658    'tauGamma[2,1,2,3]'     1e-06
659    'tauGamma[2,1,3,1]'     1e-06
660    'tauGamma[2,1,3,2]'     1e-06
661    'tauGamma[2,1,3,3]'     1e-06
662    'tauGamma[2,2,1,1]'     1e-06
663    'tauGamma[2,2,1,2]'     1e-06
664    'tauGamma[2,2,1,3]'     1e-06
665    'tauGamma[2,2,2,1]'     1e-06
666    'tauGamma[2,2,2,2]'     1e-06
667    'tauGamma[2,2,2,3]'     1e-06
668    'tauGamma[2,2,3,1]'     1e-06
669    'tauGamma[2,2,3,2]'     1e-06
670    'tauGamma[2,2,3,3]'     1e-06
671    'tauGamma[2,3,1,1]'     1e-06
672    'tauGamma[2,3,1,2]'     1e-06
673    'tauGamma[2,3,1,3]'     1e-06
674    'tauGamma[2,3,2,1]'     1e-06
675    'tauGamma[2,3,2,2]'     1e-06
676    'tauGamma[2,3,2,3]'     1e-06
677    'tauGamma[2,3,3,1]'     1e-06
678    'tauGamma[2,3,3,2]'     1e-06
679    'tauGamma[2,3,3,3]'     1e-06
680    'tauGamma[2,4,1,1]'     1e-06
681    'tauGamma[2,4,1,2]'     1e-06
682    'tauGamma[2,4,1,3]'     1e-06
683    'tauGamma[2,4,2,1]'     1e-06
684    'tauGamma[2,4,2,2]'     1e-06
685    'tauGamma[2,4,2,3]'     1e-06
686    'tauGamma[2,4,3,1]'     1e-06
687    'tauGamma[2,4,3,2]'     1e-06
688    'tauGamma[2,4,3,3]'     1e-06
689    'tauGamma[2,5,1,1]'     1e-06
690    'tauGamma[2,5,1,2]'     1e-06
691    'tauGamma[2,5,1,3]'     1e-06
692    'tauGamma[2,5,2,1]'     1e-06
693    'tauGamma[2,5,2,2]'     1e-06
694    'tauGamma[2,5,2,3]'     1e-06
695    'tauGamma[2,5,3,1]'     1e-06
696    'tauGamma[2,5,3,2]'     1e-06
697    'tauGamma[2,5,3,3]'     1e-06
698    'tauGamma[2,6,1,1]'     1e-06
699    'tauGamma[2,6,1,2]'     1e-06
700    'tauGamma[2,6,1,3]'     1e-06
701    'tauGamma[2,6,2,1]'     1e-06
702    'tauGamma[2,6,2,2]'     1e-06
703    'tauGamma[2,6,2,3]'     1e-06
704    'tauGamma[2,6,3,1]'     1e-06
705    'tauGamma[2,6,3,2]'     1e-06
706    'tauGamma[2,6,3,3]'     1e-06
707    'tauGamma[2,7,1,1]'     1e-06
708    'tauGamma[2,7,1,2]'     1e-06
709    'tauGamma[2,7,1,3]'     1e-06
710    'tauGamma[2,7,2,1]'     1e-06
711    'tauGamma[2,7,2,2]'     1e-06
712    'tauGamma[2,7,2,3]'     1e-06
713    'tauGamma[2,7,3,1]'     1e-06
714    'tauGamma[2,7,3,2]'     1e-06
715    'tauGamma[2,7,3,3]'     1e-06
716    'tauGamma[2,8,1,1]'     1e-06
717    'tauGamma[2,8,1,2]'     1e-06
718    'tauGamma[2,8,1,3]'     1e-06
719    'tauGamma[2,8,2,1]'     1e-06
720    'tauGamma[2,8,2,2]'     1e-06
721    'tauGamma[2,8,2,3]'     1e-06
722    'tauGamma[2,8,3,1]'     1e-06
723    'tauGamma[2,8,3,2]'     1e-06
724    'tauGamma[2,8,3,3]'     1e-06
725    'tauGamma[2,9,1,1]'     1e-06
726    'tauGamma[2,9,1,2]'     1e-06
727    'tauGamma[2,9,1,3]'     1e-06
728    'tauGamma[2,9,2,1]'     1e-06
729    'tauGamma[2,9,2,2]'     1e-06
730    'tauGamma[2,9,2,3]'     1e-06
731    'tauGamma[2,9,3,1]'     1e-06
732    'tauGamma[2,9,3,2]'     1e-06
733    'tauGamma[2,9,3,3]'     1e-06
734    'tauGamma[2,10,1,1]'    1e-06
735    'tauGamma[2,10,1,2]'    1e-06
736    'tauGamma[2,10,1,3]'    1e-06
737    'tauGamma[2,10,2,1]'    1e-06
738    'tauGamma[2,10,2,2]'    1e-06
739    'tauGamma[2,10,2,3]'    1e-06
740    'tauGamma[2,10,3,1]'    1e-06
741    'tauGamma[2,10,3,2]'    1e-06
742    'tauGamma[2,10,3,3]'    1e-06
743    'tauGamma[2,11,1,1]'    1e-06
744    'tauGamma[2,11,1,2]'    1e-06
745    'tauGamma[2,11,1,3]'    1e-06
746    'tauGamma[2,11,2,1]'    1e-06
747    'tauGamma[2,11,2,2]'    1e-06
748    'tauGamma[2,11,2,3]'    1e-06
749    'tauGamma[2,11,3,1]'    1e-06
750    'tauGamma[2,11,3,2]'    1e-06
751    'tauGamma[2,11,3,3]'    1e-06
752    'tauGamma[2,12,1,1]'    1e-06
753    'tauGamma[2,12,1,2]'    1e-06
754    'tauGamma[2,12,1,3]'    1e-06
755    'tauGamma[2,12,2,1]'    1e-06
756    'tauGamma[2,12,2,2]'    1e-06
757    'tauGamma[2,12,2,3]'    1e-06
758    'tauGamma[2,12,3,1]'    1e-06
759    'tauGamma[2,12,3,2]'    1e-06
760    'tauGamma[2,12,3,3]'    1e-06
761    'tauGamma[2,13,1,1]'    1e-06
762    'tauGamma[2,13,1,2]'    1e-06
763    'tauGamma[2,13,1,3]'    1e-06
764    'tauGamma[2,13,2,1]'    1e-06
765    'tauGamma[2,13,2,2]'    1e-06
766    'tauGamma[2,13,2,3]'    1e-06
767    'tauGamma[2,13,3,1]'    1e-06
768    'tauGamma[2,13,3,2]'    1e-06
769    'tauGamma[2,13,3,3]'    1e-06
770    'tauGamma[2,14,1,1]'    1e-06
771    'tauGamma[2,14,1,2]'    1e-06
772    'tauGamma[2,14,1,3]'    1e-06
773    'tauGamma[2,14,2,1]'    1e-06
774    'tauGamma[2,14,2,2]'    1e-06
775    'tauGamma[2,14,2,3]'    1e-06
776    'tauGamma[2,14,3,1]'    1e-06
777    'tauGamma[2,14,3,2]'    1e-06
778    'tauGamma[2,14,3,3]'    1e-06
779    'tauGamma[2,15,1,1]'    1e-06
780    'tauGamma[2,15,1,2]'    1e-06
781    'tauGamma[2,15,1,3]'    1e-06
782    'tauGamma[2,15,2,1]'    1e-06
783    'tauGamma[2,15,2,2]'    1e-06
784    'tauGamma[2,15,2,3]'    1e-06
785    'tauGamma[2,15,3,1]'    1e-06
786    'tauGamma[2,15,3,2]'    1e-06
787    'tauGamma[2,15,3,3]'    1e-06
788    'PGamma[1,1,1,1]'           1
789    'PGamma[1,1,1,2]'           1
790    'PGamma[1,1,1,3]'           1
791    'PGamma[1,1,2,1]'           1
792    'PGamma[1,1,2,2]'           1
793    'PGamma[1,1,2,3]'           1
794    'PGamma[1,1,3,1]'           1
795    'PGamma[1,1,3,2]'           1
796    'PGamma[1,1,3,3]'           1
797    'PGamma[1,2,1,1]'           1
798    'PGamma[1,2,1,2]'           1
799    'PGamma[1,2,1,3]'           1
800    'PGamma[1,2,2,1]'           1
801    'PGamma[1,2,2,2]'           1
802    'PGamma[1,2,2,3]'           1
803    'PGamma[1,2,3,1]'           1
804    'PGamma[1,2,3,2]'           1
805    'PGamma[1,2,3,3]'           1
806    'PGamma[1,3,1,1]'           1
807    'PGamma[1,3,1,2]'           1
808    'PGamma[1,3,1,3]'           1
809    'PGamma[1,3,2,1]'           1
810    'PGamma[1,3,2,2]'           1
811    'PGamma[1,3,2,3]'           1
812    'PGamma[1,3,3,1]'           1
813    'PGamma[1,3,3,2]'           1
814    'PGamma[1,3,3,3]'           1
815    'PGamma[1,4,1,1]'           1
816    'PGamma[1,4,1,2]'           1
817    'PGamma[1,4,1,3]'           1
818    'PGamma[1,4,2,1]'           1
819    'PGamma[1,4,2,2]'           1
820    'PGamma[1,4,2,3]'           1
821    'PGamma[1,4,3,1]'           1
822    'PGamma[1,4,3,2]'           1
823    'PGamma[1,4,3,3]'           1
824    'PGamma[1,5,1,1]'           1
825    'PGamma[1,5,1,2]'           1
826    'PGamma[1,5,1,3]'           1
827    'PGamma[1,5,2,1]'           1
828    'PGamma[1,5,2,2]'           1
829    'PGamma[1,5,2,3]'           1
830    'PGamma[1,5,3,1]'           1
831    'PGamma[1,5,3,2]'           1
832    'PGamma[1,5,3,3]'           1
833    'PGamma[1,6,1,1]'           1
834    'PGamma[1,6,1,2]'           1
835    'PGamma[1,6,1,3]'           1
836    'PGamma[1,6,2,1]'           1
837    'PGamma[1,6,2,2]'           1
838    'PGamma[1,6,2,3]'           1
839    'PGamma[1,6,3,1]'           1
840    'PGamma[1,6,3,2]'           1
841    'PGamma[1,6,3,3]'           1
842    'PGamma[1,7,1,1]'           1
843    'PGamma[1,7,1,2]'           1
844    'PGamma[1,7,1,3]'           1
845    'PGamma[1,7,2,1]'           1
846    'PGamma[1,7,2,2]'           1
847    'PGamma[1,7,2,3]'           1
848    'PGamma[1,7,3,1]'           1
849    'PGamma[1,7,3,2]'           1
850    'PGamma[1,7,3,3]'           1
851    'PGamma[1,8,1,1]'           1
852    'PGamma[1,8,1,2]'           1
853    'PGamma[1,8,1,3]'           1
854    'PGamma[1,8,2,1]'           1
855    'PGamma[1,8,2,2]'           1
856    'PGamma[1,8,2,3]'           1
857    'PGamma[1,8,3,1]'           1
858    'PGamma[1,8,3,2]'           1
859    'PGamma[1,8,3,3]'           1
860    'PGamma[1,9,1,1]'           1
861    'PGamma[1,9,1,2]'           1
862    'PGamma[1,9,1,3]'           1
863    'PGamma[1,9,2,1]'           1
864    'PGamma[1,9,2,2]'           1
865    'PGamma[1,9,2,3]'           1
866    'PGamma[1,9,3,1]'           1
867    'PGamma[1,9,3,2]'           1
868    'PGamma[1,9,3,3]'           1
869    'PGamma[1,10,1,1]'          1
870    'PGamma[1,10,1,2]'          1
871    'PGamma[1,10,1,3]'          1
872    'PGamma[1,10,2,1]'          1
873    'PGamma[1,10,2,2]'          1
874    'PGamma[1,10,2,3]'          1
875    'PGamma[1,10,3,1]'          1
876    'PGamma[1,10,3,2]'          1
877    'PGamma[1,10,3,3]'          1
878    'PGamma[1,11,1,1]'          1
879    'PGamma[1,11,1,2]'          1
880    'PGamma[1,11,1,3]'          1
881    'PGamma[1,11,2,1]'          1
882    'PGamma[1,11,2,2]'          1
883    'PGamma[1,11,2,3]'          1
884    'PGamma[1,11,3,1]'          1
885    'PGamma[1,11,3,2]'          1
886    'PGamma[1,11,3,3]'          1
887    'PGamma[1,12,1,1]'          1
888    'PGamma[1,12,1,2]'          1
889    'PGamma[1,12,1,3]'          1
890    'PGamma[1,12,2,1]'          1
891    'PGamma[1,12,2,2]'          1
892    'PGamma[1,12,2,3]'          1
893    'PGamma[1,12,3,1]'          1
894    'PGamma[1,12,3,2]'          1
895    'PGamma[1,12,3,3]'          1
896    'PGamma[1,13,1,1]'          1
897    'PGamma[1,13,1,2]'          1
898    'PGamma[1,13,1,3]'          1
899    'PGamma[1,13,2,1]'          1
900    'PGamma[1,13,2,2]'          1
901    'PGamma[1,13,2,3]'          1
902    'PGamma[1,13,3,1]'          1
903    'PGamma[1,13,3,2]'          1
904    'PGamma[1,13,3,3]'          1
905    'PGamma[1,14,1,1]'          1
906    'PGamma[1,14,1,2]'          1
907    'PGamma[1,14,1,3]'          1
908    'PGamma[1,14,2,1]'          1
909    'PGamma[1,14,2,2]'          1
910    'PGamma[1,14,2,3]'          1
911    'PGamma[1,14,3,1]'          1
912    'PGamma[1,14,3,2]'          1
913    'PGamma[1,14,3,3]'          1
914    'PGamma[1,15,1,1]'          1
915    'PGamma[1,15,1,2]'          1
916    'PGamma[1,15,1,3]'          1
917    'PGamma[1,15,2,1]'          1
918    'PGamma[1,15,2,2]'          1
919    'PGamma[1,15,2,3]'          1
920    'PGamma[1,15,3,1]'          1
921    'PGamma[1,15,3,2]'          1
922    'PGamma[1,15,3,3]'          1
923    'PGamma[2,1,1,1]'           1
924    'PGamma[2,1,1,2]'           1
925    'PGamma[2,1,1,3]'           1
926    'PGamma[2,1,2,1]'           1
927    'PGamma[2,1,2,2]'           1
928    'PGamma[2,1,2,3]'           1
929    'PGamma[2,1,3,1]'           1
930    'PGamma[2,1,3,2]'           1
931    'PGamma[2,1,3,3]'           1
932    'PGamma[2,2,1,1]'           1
933    'PGamma[2,2,1,2]'           1
934    'PGamma[2,2,1,3]'           1
935    'PGamma[2,2,2,1]'           1
936    'PGamma[2,2,2,2]'           1
937    'PGamma[2,2,2,3]'           1
938    'PGamma[2,2,3,1]'           1
939    'PGamma[2,2,3,2]'           1
940    'PGamma[2,2,3,3]'           1
941    'PGamma[2,3,1,1]'           1
942    'PGamma[2,3,1,2]'           1
943    'PGamma[2,3,1,3]'           1
944    'PGamma[2,3,2,1]'           1
945    'PGamma[2,3,2,2]'           1
946    'PGamma[2,3,2,3]'           1
947    'PGamma[2,3,3,1]'           1
948    'PGamma[2,3,3,2]'           1
949    'PGamma[2,3,3,3]'           1
950    'PGamma[2,4,1,1]'           1
951    'PGamma[2,4,1,2]'           1
952    'PGamma[2,4,1,3]'           1
953    'PGamma[2,4,2,1]'           1
954    'PGamma[2,4,2,2]'           1
955    'PGamma[2,4,2,3]'           1
956    'PGamma[2,4,3,1]'           1
957    'PGamma[2,4,3,2]'           1
958    'PGamma[2,4,3,3]'           1
959    'PGamma[2,5,1,1]'           1
960    'PGamma[2,5,1,2]'           1
961    'PGamma[2,5,1,3]'           1
962    'PGamma[2,5,2,1]'           1
963    'PGamma[2,5,2,2]'           1
964    'PGamma[2,5,2,3]'           1
965    'PGamma[2,5,3,1]'           1
966    'PGamma[2,5,3,2]'           1
967    'PGamma[2,5,3,3]'           1
968    'PGamma[2,6,1,1]'           1
969    'PGamma[2,6,1,2]'           1
970    'PGamma[2,6,1,3]'           1
971    'PGamma[2,6,2,1]'           1
972    'PGamma[2,6,2,2]'           1
973    'PGamma[2,6,2,3]'           1
974    'PGamma[2,6,3,1]'           1
975    'PGamma[2,6,3,2]'           1
976    'PGamma[2,6,3,3]'           1
977    'PGamma[2,7,1,1]'           1
978    'PGamma[2,7,1,2]'           1
979    'PGamma[2,7,1,3]'           1
980    'PGamma[2,7,2,1]'           1
981    'PGamma[2,7,2,2]'           1
982    'PGamma[2,7,2,3]'           1
983    'PGamma[2,7,3,1]'           1
984    'PGamma[2,7,3,2]'           1
985    'PGamma[2,7,3,3]'           1
986    'PGamma[2,8,1,1]'           1
987    'PGamma[2,8,1,2]'           1
988    'PGamma[2,8,1,3]'           1
989    'PGamma[2,8,2,1]'           1
990    'PGamma[2,8,2,2]'           1
991    'PGamma[2,8,2,3]'           1
992    'PGamma[2,8,3,1]'           1
993    'PGamma[2,8,3,2]'           1
994    'PGamma[2,8,3,3]'           1
995    'PGamma[2,9,1,1]'           1
996    'PGamma[2,9,1,2]'           1
997    'PGamma[2,9,1,3]'           1
998    'PGamma[2,9,2,1]'           1
999    'PGamma[2,9,2,2]'           1
1000   'PGamma[2,9,2,3]'           1
1001   'PGamma[2,9,3,1]'           1
1002   'PGamma[2,9,3,2]'           1
1003   'PGamma[2,9,3,3]'           1
1004   'PGamma[2,10,1,1]'          1
1005   'PGamma[2,10,1,2]'          1
1006   'PGamma[2,10,1,3]'          1
1007   'PGamma[2,10,2,1]'          1
1008   'PGamma[2,10,2,2]'          1
1009   'PGamma[2,10,2,3]'          1
1010   'PGamma[2,10,3,1]'          1
1011   'PGamma[2,10,3,2]'          1
1012   'PGamma[2,10,3,3]'          1
1013   'PGamma[2,11,1,1]'          1
1014   'PGamma[2,11,1,2]'          1
1015   'PGamma[2,11,1,3]'          1
1016   'PGamma[2,11,2,1]'          1
1017   'PGamma[2,11,2,2]'          1
1018   'PGamma[2,11,2,3]'          1
1019   'PGamma[2,11,3,1]'          1
1020   'PGamma[2,11,3,2]'          1
1021   'PGamma[2,11,3,3]'          1
1022   'PGamma[2,12,1,1]'          1
1023   'PGamma[2,12,1,2]'          1
1024   'PGamma[2,12,1,3]'          1
1025   'PGamma[2,12,2,1]'          1
1026   'PGamma[2,12,2,2]'          1
1027   'PGamma[2,12,2,3]'          1
1028   'PGamma[2,12,3,1]'          1
1029   'PGamma[2,12,3,2]'          1
1030   'PGamma[2,12,3,3]'          1
1031   'PGamma[2,13,1,1]'          1
1032   'PGamma[2,13,1,2]'          1
1033   'PGamma[2,13,1,3]'          1
1034   'PGamma[2,13,2,1]'          1
1035   'PGamma[2,13,2,2]'          1
1036   'PGamma[2,13,2,3]'          1
1037   'PGamma[2,13,3,1]'          1
1038   'PGamma[2,13,3,2]'          1
1039   'PGamma[2,13,3,3]'          1
1040   'PGamma[2,14,1,1]'          1
1041   'PGamma[2,14,1,2]'          1
1042   'PGamma[2,14,1,3]'          1
1043   'PGamma[2,14,2,1]'          1
1044   'PGamma[2,14,2,2]'          1
1045   'PGamma[2,14,2,3]'          1
1046   'PGamma[2,14,3,1]'          1
1047   'PGamma[2,14,3,2]'          1
1048   'PGamma[2,14,3,3]'          1
1049   'PGamma[2,15,1,1]'          1
1050   'PGamma[2,15,1,2]'          1
1051   'PGamma[2,15,1,3]'          1
1052   'PGamma[2,15,2,1]'          1
1053   'PGamma[2,15,2,2]'          1
1054   'PGamma[2,15,2,3]'          1
1055   'PGamma[2,15,3,1]'          1
1056   'PGamma[2,15,3,2]'          1
1057   'PGamma[2,15,3,3]'          1
1058   'SGamma1[1,1,1]'        1e-06
1059   'SGamma1[1,1,2]'        1e-06
1060   'SGamma1[1,1,3]'        1e-06
1061   'SGamma1[1,2,1]'        1e-06
1062   'SGamma1[1,2,2]'        1e-06
1063   'SGamma1[1,2,3]'        1e-06
1064   'SGamma1[1,3,1]'        1e-06
1065   'SGamma1[1,3,2]'        1e-06
1066   'SGamma1[1,3,3]'        1e-06
1067   'SGamma1[1,4,1]'        1e-06
1068   'SGamma1[1,4,2]'        1e-06
1069   'SGamma1[1,4,3]'        1e-06
1070   'SGamma1[1,5,1]'        1e-06
1071   'SGamma1[1,5,2]'        1e-06
1072   'SGamma1[1,5,3]'        1e-06
1073   'SGamma1[1,6,1]'        1e-06
1074   'SGamma1[1,6,2]'        1e-06
1075   'SGamma1[1,6,3]'        1e-06
1076   'SGamma1[1,7,1]'        1e-06
1077   'SGamma1[1,7,2]'        1e-06
1078   'SGamma1[1,7,3]'        1e-06
1079   'SGamma1[1,8,1]'        1e-06
1080   'SGamma1[1,8,2]'        1e-06
1081   'SGamma1[1,8,3]'        1e-06
1082   'SGamma1[1,9,1]'        1e-06
1083   'SGamma1[1,9,2]'        1e-06
1084   'SGamma1[1,9,3]'        1e-06
1085   'SGamma1[1,10,1]'       1e-06
1086   'SGamma1[1,10,2]'       1e-06
1087   'SGamma1[1,10,3]'       1e-06
1088   'SGamma1[1,11,1]'       1e-06
1089   'SGamma1[1,11,2]'       1e-06
1090   'SGamma1[1,11,3]'       1e-06
1091   'SGamma1[1,12,1]'       1e-06
1092   'SGamma1[1,12,2]'       1e-06
1093   'SGamma1[1,12,3]'       1e-06
1094   'SGamma1[1,13,1]'       1e-06
1095   'SGamma1[1,13,2]'       1e-06
1096   'SGamma1[1,13,3]'       1e-06
1097   'SGamma1[1,14,1]'       1e-06
1098   'SGamma1[1,14,2]'       1e-06
1099   'SGamma1[1,14,3]'       1e-06
1100   'SGamma1[1,15,1]'       1e-06
1101   'SGamma1[1,15,2]'       1e-06
1102   'SGamma1[1,15,3]'       1e-06
1103   'SGamma1[2,1,1]'        1e-06
1104   'SGamma1[2,1,2]'        1e-06
1105   'SGamma1[2,1,3]'        1e-06
1106   'SGamma1[2,2,1]'        1e-06
1107   'SGamma1[2,2,2]'        1e-06
1108   'SGamma1[2,2,3]'        1e-06
1109   'SGamma1[2,3,1]'        1e-06
1110   'SGamma1[2,3,2]'        1e-06
1111   'SGamma1[2,3,3]'        1e-06
1112   'SGamma1[2,4,1]'        1e-06
1113   'SGamma1[2,4,2]'        1e-06
1114   'SGamma1[2,4,3]'        1e-06
1115   'SGamma1[2,5,1]'        1e-06
1116   'SGamma1[2,5,2]'        1e-06
1117   'SGamma1[2,5,3]'        1e-06
1118   'SGamma1[2,6,1]'        1e-06
1119   'SGamma1[2,6,2]'        1e-06
1120   'SGamma1[2,6,3]'        1e-06
1121   'SGamma1[2,7,1]'        1e-06
1122   'SGamma1[2,7,2]'        1e-06
1123   'SGamma1[2,7,3]'        1e-06
1124   'SGamma1[2,8,1]'        1e-06
1125   'SGamma1[2,8,2]'        1e-06
1126   'SGamma1[2,8,3]'        1e-06
1127   'SGamma1[2,9,1]'        1e-06
1128   'SGamma1[2,9,2]'        1e-06
1129   'SGamma1[2,9,3]'        1e-06
1130   'SGamma1[2,10,1]'       1e-06
1131   'SGamma1[2,10,2]'       1e-06
1132   'SGamma1[2,10,3]'       1e-06
1133   'SGamma1[2,11,1]'       1e-06
1134   'SGamma1[2,11,2]'       1e-06
1135   'SGamma1[2,11,3]'       1e-06
1136   'SGamma1[2,12,1]'       1e-06
1137   'SGamma1[2,12,2]'       1e-06
1138   'SGamma1[2,12,3]'       1e-06
1139   'SGamma1[2,13,1]'       1e-06
1140   'SGamma1[2,13,2]'       1e-06
1141   'SGamma1[2,13,3]'       1e-06
1142   'SGamma1[2,14,1]'       1e-06
1143   'SGamma1[2,14,2]'       1e-06
1144   'SGamma1[2,14,3]'       1e-06
1145   'SGamma1[2,15,1]'       1e-06
1146   'SGamma1[2,15,2]'       1e-06
1147   'SGamma1[2,15,3]'       1e-06
1148   'SGamma2[1,1,1]'            1
1149   'SGamma2[1,1,2]'            1
1150   'SGamma2[1,1,3]'            1
1151   'SGamma2[1,2,1]'            1
1152   'SGamma2[1,2,2]'            1
1153   'SGamma2[1,2,3]'            1
1154   'SGamma2[1,3,1]'            1
1155   'SGamma2[1,3,2]'            1
1156   'SGamma2[1,3,3]'            1
1157   'SGamma2[1,4,1]'            1
1158   'SGamma2[1,4,2]'            1
1159   'SGamma2[1,4,3]'            1
1160   'SGamma2[1,5,1]'            1
1161   'SGamma2[1,5,2]'            1
1162   'SGamma2[1,5,3]'            1
1163   'SGamma2[1,6,1]'            1
1164   'SGamma2[1,6,2]'            1
1165   'SGamma2[1,6,3]'            1
1166   'SGamma2[1,7,1]'            1
1167   'SGamma2[1,7,2]'            1
1168   'SGamma2[1,7,3]'            1
1169   'SGamma2[1,8,1]'            1
1170   'SGamma2[1,8,2]'            1
1171   'SGamma2[1,8,3]'            1
1172   'SGamma2[1,9,1]'            1
1173   'SGamma2[1,9,2]'            1
1174   'SGamma2[1,9,3]'            1
1175   'SGamma2[1,10,1]'           1
1176   'SGamma2[1,10,2]'           1
1177   'SGamma2[1,10,3]'           1
1178   'SGamma2[1,11,1]'           1
1179   'SGamma2[1,11,2]'           1
1180   'SGamma2[1,11,3]'           1
1181   'SGamma2[1,12,1]'           1
1182   'SGamma2[1,12,2]'           1
1183   'SGamma2[1,12,3]'           1
1184   'SGamma2[1,13,1]'           1
1185   'SGamma2[1,13,2]'           1
1186   'SGamma2[1,13,3]'           1
1187   'SGamma2[1,14,1]'           1
1188   'SGamma2[1,14,2]'           1
1189   'SGamma2[1,14,3]'           1
1190   'SGamma2[1,15,1]'           1
1191   'SGamma2[1,15,2]'           1
1192   'SGamma2[1,15,3]'           1
1193   'SGamma2[2,1,1]'            1
1194   'SGamma2[2,1,2]'            1
1195   'SGamma2[2,1,3]'            1
1196   'SGamma2[2,2,1]'            1
1197   'SGamma2[2,2,2]'            1
1198   'SGamma2[2,2,3]'            1
1199   'SGamma2[2,3,1]'            1
1200   'SGamma2[2,3,2]'            1
1201   'SGamma2[2,3,3]'            1
1202   'SGamma2[2,4,1]'            1
1203   'SGamma2[2,4,2]'            1
1204   'SGamma2[2,4,3]'            1
1205   'SGamma2[2,5,1]'            1
1206   'SGamma2[2,5,2]'            1
1207   'SGamma2[2,5,3]'            1
1208   'SGamma2[2,6,1]'            1
1209   'SGamma2[2,6,2]'            1
1210   'SGamma2[2,6,3]'            1
1211   'SGamma2[2,7,1]'            1
1212   'SGamma2[2,7,2]'            1
1213   'SGamma2[2,7,3]'            1
1214   'SGamma2[2,8,1]'            1
1215   'SGamma2[2,8,2]'            1
1216   'SGamma2[2,8,3]'            1
1217   'SGamma2[2,9,1]'            1
1218   'SGamma2[2,9,2]'            1
1219   'SGamma2[2,9,3]'            1
1220   'SGamma2[2,10,1]'           1
1221   'SGamma2[2,10,2]'           1
1222   'SGamma2[2,10,3]'           1
1223   'SGamma2[2,11,1]'           1
1224   'SGamma2[2,11,2]'           1
1225   'SGamma2[2,11,3]'           1
1226   'SGamma2[2,12,1]'           1
1227   'SGamma2[2,12,2]'           1
1228   'SGamma2[2,12,3]'           1
1229   'SGamma2[2,13,1]'           1
1230   'SGamma2[2,13,2]'           1
1231   'SGamma2[2,13,3]'           1
1232   'SGamma2[2,14,1]'           1
1233   'SGamma2[2,14,2]'           1
1234   'SGamma2[2,14,3]'           1
1235   'SGamma2[2,15,1]'           1
1236   'SGamma2[2,15,2]'           1
1237   'SGamma2[2,15,3]'           1
1238   'gamma[1,1,1]'              1
1239   'gamma[1,1,2]'              1
1240   'gamma[1,1,3]'              1
1241   'gamma[1,2,1]'              1
1242   'gamma[1,2,2]'              1
1243   'gamma[1,2,3]'              1
1244   'gamma[1,3,1]'              1
1245   'gamma[1,3,2]'              1
1246   'gamma[1,3,3]'              1
1247   'gamma[1,4,1]'              1
1248   'gamma[1,4,2]'              1
1249   'gamma[1,4,3]'              1
1250   'gamma[1,5,1]'              1
1251   'gamma[1,5,2]'              1
1252   'gamma[1,5,3]'              1
1253   'gamma[1,6,1]'              1
1254   'gamma[1,6,2]'              1
1255   'gamma[1,6,3]'              1
1256   'gamma[1,7,1]'              1
1257   'gamma[1,7,2]'              1
1258   'gamma[1,7,3]'              1
1259   'gamma[1,8,1]'              1
1260   'gamma[1,8,2]'              1
1261   'gamma[1,8,3]'              1
1262   'gamma[1,9,1]'              1
1263   'gamma[1,9,2]'              1
1264   'gamma[1,9,3]'              1
1265   'gamma[1,10,1]'             1
1266   'gamma[1,10,2]'             1
1267   'gamma[1,10,3]'             1
1268   'gamma[1,11,1]'             1
1269   'gamma[1,11,2]'             1
1270   'gamma[1,11,3]'             1
1271   'gamma[1,12,1]'             1
1272   'gamma[1,12,2]'             1
1273   'gamma[1,12,3]'             1
1274   'gamma[1,13,1]'             1
1275   'gamma[1,13,2]'             1
1276   'gamma[1,13,3]'             1
1277   'gamma[1,14,1]'             1
1278   'gamma[1,14,2]'             1
1279   'gamma[1,14,3]'             1
1280   'gamma[1,15,1]'             1
1281   'gamma[1,15,2]'             1
1282   'gamma[1,15,3]'             1
1283   'gamma[2,1,1]'              1
1284   'gamma[2,1,2]'              1
1285   'gamma[2,1,3]'              1
1286   'gamma[2,2,1]'              1
1287   'gamma[2,2,2]'              1
1288   'gamma[2,2,3]'              1
1289   'gamma[2,3,1]'              1
1290   'gamma[2,3,2]'              1
1291   'gamma[2,3,3]'              1
1292   'gamma[2,4,1]'              1
1293   'gamma[2,4,2]'              1
1294   'gamma[2,4,3]'              1
1295   'gamma[2,5,1]'              1
1296   'gamma[2,5,2]'              1
1297   'gamma[2,5,3]'              1
1298   'gamma[2,6,1]'              1
1299   'gamma[2,6,2]'              1
1300   'gamma[2,6,3]'              1
1301   'gamma[2,7,1]'              1
1302   'gamma[2,7,2]'              1
1303   'gamma[2,7,3]'              1
1304   'gamma[2,8,1]'              1
1305   'gamma[2,8,2]'              1
1306   'gamma[2,8,3]'              1
1307   'gamma[2,9,1]'              1
1308   'gamma[2,9,2]'              1
1309   'gamma[2,9,3]'              1
1310   'gamma[2,10,1]'             1
1311   'gamma[2,10,2]'             1
1312   'gamma[2,10,3]'             1
1313   'gamma[2,11,1]'             1
1314   'gamma[2,11,2]'             1
1315   'gamma[2,11,3]'             1
1316   'gamma[2,12,1]'             1
1317   'gamma[2,12,2]'             1
1318   'gamma[2,12,3]'             1
1319   'gamma[2,13,1]'             1
1320   'gamma[2,13,2]'             1
1321   'gamma[2,13,3]'             1
1322   'gamma[2,14,1]'             1
1323   'gamma[2,14,2]'             1
1324   'gamma[2,14,3]'             1
1325   'gamma[2,15,1]'             1
1326   'gamma[2,15,2]'             1
1327   'gamma[2,15,3]'             1
1328   'PrS[1,1,1]'           103899
1329   'PrS[1,1,2]'            40006.2
1330   'PrS[1,1,3]'            17408.5
1331   'PrS[1,2,1]'            92940.2
1332   'PrS[1,2,2]'            35314.2
1333   'PrS[1,2,3]'            15165.7
1334   'PrS[1,3,1]'            85439.9
1335   'PrS[1,3,2]'            32140.5
1336   'PrS[1,3,3]'            13665.5
1337   'PrS[1,4,1]'            79081.8
1338   'PrS[1,4,2]'            29476.2
1339   'PrS[1,4,3]'            12417.7
1340   'PrS[1,5,1]'            73544.3
1341   'PrS[1,5,2]'            27176.6
1342   'PrS[1,5,3]'            11350
1343   'PrS[1,6,1]'            69087.5
1344   'PrS[1,6,2]'            25340.7
1345   'PrS[1,6,3]'            10504.2
1346   'PrS[1,7,1]'            65833.3
1347   'PrS[1,7,2]'            24009.2
1348   'PrS[1,7,3]'             9894.66
1349   'PrS[1,8,1]'            63642.7
1350   'PrS[1,8,2]'            23117.2
1351   'PrS[1,8,3]'             9488.33
1352   'PrS[1,9,1]'            63088.7
1353   'PrS[1,9,2]'            22892.2
1354   'PrS[1,9,3]'             9386.1
1355   'PrS[1,10,1]'           62311.2
1356   'PrS[1,10,2]'           22576.9
1357   'PrS[1,10,3]'            9242.97
1358   'PrS[1,11,1]'           61250.9
1359   'PrS[1,11,2]'           22147.6
1360   'PrS[1,11,3]'            9048.46
1361   'PrS[1,12,1]'           59834.8
1362   'PrS[1,12,2]'           21575.6
1363   'PrS[1,12,3]'            8789.91
1364   'PrS[1,13,1]'           57891.1
1365   'PrS[1,13,2]'           20793.2
1366   'PrS[1,13,3]'            8437.42
1367   'PrS[1,14,1]'           54810.6
1368   'PrS[1,14,2]'           19559.6
1369   'PrS[1,14,3]'            7884.5
1370   'PrS[1,15,1]'           48794.7
1371   'PrS[1,15,2]'           17174.8
1372   'PrS[1,15,3]'            6826.16
1373   'PrS[2,1,1]'           145301
1374   'PrS[2,1,2]'            58235.2
1375   'PrS[2,1,3]'            26353
1376   'PrS[2,2,1]'           134985
1377   'PrS[2,2,2]'            53626.5
1378   'PrS[2,2,3]'            24061.2
1379   'PrS[2,3,1]'           124513
1380   'PrS[2,3,2]'            48991.2
1381   'PrS[2,3,3]'            21775.7
1382   'PrS[2,4,1]'           115417
1383   'PrS[2,4,2]'            45002.6
1384   'PrS[2,4,3]'            19826.2
1385   'PrS[2,5,1]'           108224
1386   'PrS[2,5,2]'            41874.9
1387   'PrS[2,5,3]'            18309.4
1388   'PrS[2,6,1]'           100398
1389   'PrS[2,6,2]'            38500.7
1390   'PrS[2,6,3]'            16685.8
1391   'PrS[2,7,1]'            91375.1
1392   'PrS[2,7,2]'            34649.3
1393   'PrS[2,7,3]'            14850.2
1394   'PrS[2,8,1]'            80858.2
1395   'PrS[2,8,2]'            30218.1
1396   'PrS[2,8,3]'            12764.1
1397   'PrS[2,9,1]'            71304.3
1398   'PrS[2,9,2]'            26252.2
1399   'PrS[2,9,3]'            10923.3
1400   'PrS[2,10,1]'           60244.1
1401   'PrS[2,10,2]'           21740.7
1402   'PrS[2,10,3]'            8864.5
1403   'PrS[2,11,1]'           49168.5
1404   'PrS[2,11,2]'           17322
1405   'PrS[2,11,3]'            6891.06
1406   'PrS[2,12,1]'           43546.3
1407   'PrS[2,12,2]'           15122.7
1408   'PrS[2,12,3]'            5927.77
1409   'PrS[2,13,1]'           38328.1
1410   'PrS[2,13,2]'           13111.5
1411   'PrS[2,13,3]'            5059.84
1412   'PrS[2,14,1]'           34509.2
1413   'PrS[2,14,2]'           11660
1414   'PrS[2,14,3]'            4442.13
1415   'PrS[2,15,1]'           32221.9
1416   'PrS[2,15,2]'           10799.7
1417   'PrS[2,15,3]'            4079.8
1418   'PrSF[1]'               62118.8
1419   'PrSF[2]'               22498.9
1420   'PrSF[3]'                9207.62
1421   Vap                       141.629
1422   Sep                        80
;

