solve_message = 'CONOPT 3.17A: Locally optimal; objective 185.6717612093702\
14 iterations; evals: nf = 6, ng = 0, nc = 212, nJ = 19, nH = 0, nHv = 0'

:          _varname              _var          :=
1     'F[2]'                    0
2     'F[3]'                    0
3     'F[4]'                    0
4     'F[5]'                    0
5     'F[6]'                    0
6     'F[7]'                    0
7     'F[8]'                  200
8     'F[9]'                    0
9     'F[10]'                   0
10    'F[11]'                   0
11    'F[12]'                   0
12    'F[13]'                   0
13    'F[14]'                   0
14    'V[1]'                  185.672
15    'V[2]'                  180.355
16    'V[3]'                  179.803
17    'V[4]'                  183.295
18    'V[5]'                  186.807
19    'V[6]'                  188.013
20    'V[7]'                  187.214
21    'V[8]'                  185.958
22    'V[9]'                  186.159
23    'V[10]'                 186.524
24    'V[11]'                 187.175
25    'V[12]'                 188.297
26    'V[13]'                 190.111
27    'V[14]'                 192.756
28    'V[15]'                   0
29    'y[1,1]'                  0.00181555
30    'y[1,2]'                  0.171509
31    'y[1,3]'                  0.826675
32    'y[2,1]'                  0.00613993
33    'y[2,2]'                  0.337743
34    'y[2,3]'                  0.656117
35    'y[3,1]'                  0.0168333
36    'y[3,2]'                  0.527215
37    'y[3,3]'                  0.455952
38    'y[4,1]'                  0.0385274
39    'y[4,2]'                  0.670202
40    'y[4,3]'                  0.291271
41    'y[5,1]'                  0.0771262
42    'y[5,2]'                  0.731833
43    'y[5,3]'                  0.191041
44    'y[6,1]'                  0.140677
45    'y[6,2]'                  0.720061
46    'y[6,3]'                  0.139262
47    'y[7,1]'                  0.237318
48    'y[7,2]'                  0.650673
49    'y[7,3]'                  0.112009
50    'y[8,1]'                  0.367965
51    'y[8,2]'                  0.53771
52    'y[8,3]'                  0.0943244
53    'y[9,1]'                  0.368116
54    'y[9,2]'                  0.539426
55    'y[9,3]'                  0.0924575
56    'y[10,1]'                 0.368381
57    'y[10,2]'                 0.542474
58    'y[10,3]'                 0.089145
59    'y[11,1]'                 0.368847
60    'y[11,2]'                 0.547705
61    'y[11,3]'                 0.0834483
62    'y[12,1]'                 0.369771
63    'y[12,2]'                 0.556067
64    'y[12,3]'                 0.0741617
65    'y[13,1]'                 0.372386
66    'y[13,2]'                 0.567341
67    'y[13,3]'                 0.0602731
68    'y[14,1]'                 0.383152
69    'y[14,2]'                 0.574876
70    'y[14,3]'                 0.0419716
71    'y[15,1]'                 0.431558
72    'y[15,2]'                 0.546856
73    'y[15,3]'                 0.0215864
74    'L[1]'                    0
75    'L[2]'                  246.695
76    'L[3]'                  241.378
77    'L[4]'                  240.827
78    'L[5]'                  244.319
79    'L[6]'                  247.831
80    'L[7]'                  249.037
81    'L[8]'                  248.238
82    'L[9]'                   46.9818
83    'L[10]'                  47.1828
84    'L[11]'                  47.5476
85    'L[12]'                  48.1983
86    'L[13]'                  49.3206
87    'L[14]'                  51.1349
88    'L[15]'                  53.7802
89    'x[1,1]'                  0.000387936
90    'x[1,2]'                  0.0655483
91    'x[1,3]'                  0.934064
92    'x[2,1]'                  0.00146241
93    'x[2,2]'                  0.145298
94    'x[2,3]'                  0.853239
95    'x[3,1]'                  0.00468575
96    'x[3,2]'                  0.268929
97    'x[3,3]'                  0.726386
98    'x[4,1]'                  0.0126661
99    'x[4,2]'                  0.410232
100   'x[4,3]'                  0.577102
101   'x[5,1]'                  0.0290012
102   'x[5,2]'                  0.519177
103   'x[5,3]'                  0.451822
104   'x[6,1]'                  0.0582308
105   'x[6,2]'                  0.567773
106   'x[6,3]'                  0.373996
107   'x[7,1]'                  0.106301
108   'x[7,2]'                  0.55968
109   'x[7,3]'                  0.334019
110   'x[8,1]'                  0.179074
111   'x[8,2]'                  0.506833
112   'x[8,3]'                  0.314093
113   'x[9,1]'                  0.179852
114   'x[9,2]'                  0.510658
115   'x[9,3]'                  0.30949
116   'x[10,1]'                 0.18125
117   'x[10,2]'                 0.517542
118   'x[10,3]'                 0.301207
119   'x[11,1]'                 0.183722
120   'x[11,2]'                 0.529667
121   'x[11,3]'                 0.286611
122   'x[12,1]'                 0.188024
123   'x[12,2]'                 0.550154
124   'x[12,3]'                 0.261823
125   'x[13,1]'                 0.195667
126   'x[13,2]'                 0.582024
127   'x[13,3]'                 0.222309
128   'x[14,1]'                 0.211567
129   'x[14,2]'                 0.623016
130   'x[14,3]'                 0.165417
131   'x[15,1]'                 0.258064
132   'x[15,2]'                 0.647286
133   'x[15,3]'                 0.0946501
134   PC                      138.976
135   PR                       61.0237
136   'T[1]'                  471.266
137   'T[2]'                  465.103
138   'T[3]'                  456.531
139   'T[4]'                  447.732
140   'T[5]'                  440.882
141   'T[6]'                  436.119
142   'T[7]'                  432.287
143   'T[8]'                  428.338
144   'T[9]'                  428.153
145   'T[10]'                 427.822
146   'T[11]'                 427.246
147   'T[12]'                 426.28
148   'T[13]'                 424.756
149   'T[14]'                 422.473
150   'T[15]'                 418.862
151   TF                      422.969
152   QC                     1730.59
153   QR                     2016.3
154   'H[1,1]'                  9.83007
155   'H[1,2]'                 11.1802
156   'H[1,3]'                 13.8913
157   'H[2,1]'                  9.41888
158   'H[2,2]'                 10.7125
159   'H[2,3]'                 13.31
160   'H[3,1]'                  8.85394
161   'H[3,2]'                 10.0699
162   'H[3,3]'                 12.5114
163   'H[4,1]'                  8.28252
164   'H[4,2]'                  9.42002
165   'H[4,3]'                 11.7036
166   'H[5,1]'                  7.84377
167   'H[5,2]'                  8.921
168   'H[5,3]'                 11.0834
169   'H[6,1]'                  7.54184
170   'H[6,2]'                  8.5776
171   'H[6,3]'                 10.6566
172   'H[7,1]'                  7.30082
173   'H[7,2]'                  8.30347
174   'H[7,3]'                 10.3158
175   'H[8,1]'                  7.05422
176   'H[8,2]'                  8.02299
177   'H[8,3]'                  9.96724
178   'H[9,1]'                  7.04272
179   'H[9,2]'                  8.00991
180   'H[9,3]'                  9.95098
181   'H[10,1]'                 7.02216
182   'H[10,2]'                 7.98653
183   'H[10,3]'                 9.92193
184   'H[11,1]'                 6.98635
185   'H[11,2]'                 7.9458
186   'H[11,3]'                 9.8713
187   'H[12,1]'                 6.92647
188   'H[12,2]'                 7.8777
189   'H[12,3]'                 9.78666
190   'H[13,1]'                 6.83216
191   'H[13,2]'                 7.77042
192   'H[13,3]'                 9.65333
193   'H[14,1]'                 6.69137
194   'H[14,2]'                 7.61029
195   'H[14,3]'                 9.45431
196   'H[15,1]'                 6.46999
197   'H[15,2]'                 7.35851
198   'H[15,3]'                 9.14137
199   'HF[1]'                   6.72192
200   'HF[2]'                   7.64505
201   'HF[3]'                   9.4975
202   'h[1,1]'                  3.55194
203   'h[1,2]'                  3.37586
204   'h[1,3]'                  3.55643
205   'h[2,1]'                  2.93139
206   'h[2,2]'                  2.73057
207   'h[2,3]'                  2.81525
208   'h[3,1]'                  2.0922
209   'h[3,2]'                  1.85129
210   'h[3,3]'                  1.79915
211   'h[4,1]'                  1.25674
212   'h[4,2]'                  0.96927
213   'h[4,3]'                  0.773395
214   'h[5,1]'                  0.623
215   'h[5,2]'                  0.296279
216   'h[5,3]'                 -0.0132642
217   'h[6,1]'                  0.190329
218   'h[6,2]'                 -0.164972
219   'h[6,3]'                 -0.554287
220   'h[7,1]'                 -0.15323
221   'h[7,2]'                 -0.532199
222   'h[7,3]'                 -0.986061
223   'h[8,1]'                 -0.503177
224   'h[8,2]'                 -0.907105
225   'h[8,3]'                 -1.42778
226   'h[9,1]'                 -0.519463
227   'h[9,2]'                 -0.924573
228   'h[9,3]'                 -1.44838
229   'h[10,1]'                -0.548558
230   'h[10,2]'                -0.955784
231   'h[10,3]'                -1.4852
232   'h[11,1]'                -0.599231
233   'h[11,2]'                -1.01015
234   'h[11,3]'                -1.54935
235   'h[12,1]'                -0.683874
236   'h[12,2]'                -1.10101
237   'h[12,3]'                -1.65659
238   'h[13,1]'                -0.817039
239   'h[13,2]'                -1.24406
240   'h[13,3]'                -1.82554
241   'h[14,1]'                -1.01544
242   'h[14,2]'                -1.45739
243   'h[14,3]'                -2.07773
244   'h[15,1]'                -1.32652
245   'h[15,2]'                -1.79239
246   'h[15,3]'                -2.47432
247   'hF[1]'                  -0.972416
248   'hF[2]'                  -1.4111
249   'hF[3]'                  -2.02299
250   'tauGamma[1,1,1]'     1e-06
251   'tauGamma[1,1,2]'     1e-06
252   'tauGamma[1,1,3]'     1e-06
253   'tauGamma[1,2,1]'     1e-06
254   'tauGamma[1,2,2]'     1e-06
255   'tauGamma[1,2,3]'     1e-06
256   'tauGamma[1,3,1]'     1e-06
257   'tauGamma[1,3,2]'     1e-06
258   'tauGamma[1,3,3]'     1e-06
259   'tauGamma[2,1,1]'     1e-06
260   'tauGamma[2,1,2]'     1e-06
261   'tauGamma[2,1,3]'     1e-06
262   'tauGamma[2,2,1]'     1e-06
263   'tauGamma[2,2,2]'     1e-06
264   'tauGamma[2,2,3]'     1e-06
265   'tauGamma[2,3,1]'     1e-06
266   'tauGamma[2,3,2]'     1e-06
267   'tauGamma[2,3,3]'     1e-06
268   'tauGamma[3,1,1]'     1e-06
269   'tauGamma[3,1,2]'     1e-06
270   'tauGamma[3,1,3]'     1e-06
271   'tauGamma[3,2,1]'     1e-06
272   'tauGamma[3,2,2]'     1e-06
273   'tauGamma[3,2,3]'     1e-06
274   'tauGamma[3,3,1]'     1e-06
275   'tauGamma[3,3,2]'     1e-06
276   'tauGamma[3,3,3]'     1e-06
277   'tauGamma[4,1,1]'     1e-06
278   'tauGamma[4,1,2]'     1e-06
279   'tauGamma[4,1,3]'     1e-06
280   'tauGamma[4,2,1]'     1e-06
281   'tauGamma[4,2,2]'     1e-06
282   'tauGamma[4,2,3]'     1e-06
283   'tauGamma[4,3,1]'     1e-06
284   'tauGamma[4,3,2]'     1e-06
285   'tauGamma[4,3,3]'     1e-06
286   'tauGamma[5,1,1]'     1e-06
287   'tauGamma[5,1,2]'     1e-06
288   'tauGamma[5,1,3]'     1e-06
289   'tauGamma[5,2,1]'     1e-06
290   'tauGamma[5,2,2]'     1e-06
291   'tauGamma[5,2,3]'     1e-06
292   'tauGamma[5,3,1]'     1e-06
293   'tauGamma[5,3,2]'     1e-06
294   'tauGamma[5,3,3]'     1e-06
295   'tauGamma[6,1,1]'     1e-06
296   'tauGamma[6,1,2]'     1e-06
297   'tauGamma[6,1,3]'     1e-06
298   'tauGamma[6,2,1]'     1e-06
299   'tauGamma[6,2,2]'     1e-06
300   'tauGamma[6,2,3]'     1e-06
301   'tauGamma[6,3,1]'     1e-06
302   'tauGamma[6,3,2]'     1e-06
303   'tauGamma[6,3,3]'     1e-06
304   'tauGamma[7,1,1]'     1e-06
305   'tauGamma[7,1,2]'     1e-06
306   'tauGamma[7,1,3]'     1e-06
307   'tauGamma[7,2,1]'     1e-06
308   'tauGamma[7,2,2]'     1e-06
309   'tauGamma[7,2,3]'     1e-06
310   'tauGamma[7,3,1]'     1e-06
311   'tauGamma[7,3,2]'     1e-06
312   'tauGamma[7,3,3]'     1e-06
313   'tauGamma[8,1,1]'     1e-06
314   'tauGamma[8,1,2]'     1e-06
315   'tauGamma[8,1,3]'     1e-06
316   'tauGamma[8,2,1]'     1e-06
317   'tauGamma[8,2,2]'     1e-06
318   'tauGamma[8,2,3]'     1e-06
319   'tauGamma[8,3,1]'     1e-06
320   'tauGamma[8,3,2]'     1e-06
321   'tauGamma[8,3,3]'     1e-06
322   'tauGamma[9,1,1]'     1e-06
323   'tauGamma[9,1,2]'     1e-06
324   'tauGamma[9,1,3]'     1e-06
325   'tauGamma[9,2,1]'     1e-06
326   'tauGamma[9,2,2]'     1e-06
327   'tauGamma[9,2,3]'     1e-06
328   'tauGamma[9,3,1]'     1e-06
329   'tauGamma[9,3,2]'     1e-06
330   'tauGamma[9,3,3]'     1e-06
331   'tauGamma[10,1,1]'    1e-06
332   'tauGamma[10,1,2]'    1e-06
333   'tauGamma[10,1,3]'    1e-06
334   'tauGamma[10,2,1]'    1e-06
335   'tauGamma[10,2,2]'    1e-06
336   'tauGamma[10,2,3]'    1e-06
337   'tauGamma[10,3,1]'    1e-06
338   'tauGamma[10,3,2]'    1e-06
339   'tauGamma[10,3,3]'    1e-06
340   'tauGamma[11,1,1]'    1e-06
341   'tauGamma[11,1,2]'    1e-06
342   'tauGamma[11,1,3]'    1e-06
343   'tauGamma[11,2,1]'    1e-06
344   'tauGamma[11,2,2]'    1e-06
345   'tauGamma[11,2,3]'    1e-06
346   'tauGamma[11,3,1]'    1e-06
347   'tauGamma[11,3,2]'    1e-06
348   'tauGamma[11,3,3]'    1e-06
349   'tauGamma[12,1,1]'    1e-06
350   'tauGamma[12,1,2]'    1e-06
351   'tauGamma[12,1,3]'    1e-06
352   'tauGamma[12,2,1]'    1e-06
353   'tauGamma[12,2,2]'    1e-06
354   'tauGamma[12,2,3]'    1e-06
355   'tauGamma[12,3,1]'    1e-06
356   'tauGamma[12,3,2]'    1e-06
357   'tauGamma[12,3,3]'    1e-06
358   'tauGamma[13,1,1]'    1e-06
359   'tauGamma[13,1,2]'    1e-06
360   'tauGamma[13,1,3]'    1e-06
361   'tauGamma[13,2,1]'    1e-06
362   'tauGamma[13,2,2]'    1e-06
363   'tauGamma[13,2,3]'    1e-06
364   'tauGamma[13,3,1]'    1e-06
365   'tauGamma[13,3,2]'    1e-06
366   'tauGamma[13,3,3]'    1e-06
367   'tauGamma[14,1,1]'    1e-06
368   'tauGamma[14,1,2]'    1e-06
369   'tauGamma[14,1,3]'    1e-06
370   'tauGamma[14,2,1]'    1e-06
371   'tauGamma[14,2,2]'    1e-06
372   'tauGamma[14,2,3]'    1e-06
373   'tauGamma[14,3,1]'    1e-06
374   'tauGamma[14,3,2]'    1e-06
375   'tauGamma[14,3,3]'    1e-06
376   'tauGamma[15,1,1]'    1e-06
377   'tauGamma[15,1,2]'    1e-06
378   'tauGamma[15,1,3]'    1e-06
379   'tauGamma[15,2,1]'    1e-06
380   'tauGamma[15,2,2]'    1e-06
381   'tauGamma[15,2,3]'    1e-06
382   'tauGamma[15,3,1]'    1e-06
383   'tauGamma[15,3,2]'    1e-06
384   'tauGamma[15,3,3]'    1e-06
385   'PGamma[1,1,1]'           1
386   'PGamma[1,1,2]'           1
387   'PGamma[1,1,3]'           1
388   'PGamma[1,2,1]'           1
389   'PGamma[1,2,2]'           1
390   'PGamma[1,2,3]'           1
391   'PGamma[1,3,1]'           1
392   'PGamma[1,3,2]'           1
393   'PGamma[1,3,3]'           1
394   'PGamma[2,1,1]'           1
395   'PGamma[2,1,2]'           1
396   'PGamma[2,1,3]'           1
397   'PGamma[2,2,1]'           1
398   'PGamma[2,2,2]'           1
399   'PGamma[2,2,3]'           1
400   'PGamma[2,3,1]'           1
401   'PGamma[2,3,2]'           1
402   'PGamma[2,3,3]'           1
403   'PGamma[3,1,1]'           1
404   'PGamma[3,1,2]'           1
405   'PGamma[3,1,3]'           1
406   'PGamma[3,2,1]'           1
407   'PGamma[3,2,2]'           1
408   'PGamma[3,2,3]'           1
409   'PGamma[3,3,1]'           1
410   'PGamma[3,3,2]'           1
411   'PGamma[3,3,3]'           1
412   'PGamma[4,1,1]'           1
413   'PGamma[4,1,2]'           1
414   'PGamma[4,1,3]'           1
415   'PGamma[4,2,1]'           1
416   'PGamma[4,2,2]'           1
417   'PGamma[4,2,3]'           1
418   'PGamma[4,3,1]'           1
419   'PGamma[4,3,2]'           1
420   'PGamma[4,3,3]'           1
421   'PGamma[5,1,1]'           1
422   'PGamma[5,1,2]'           1
423   'PGamma[5,1,3]'           1
424   'PGamma[5,2,1]'           1
425   'PGamma[5,2,2]'           1
426   'PGamma[5,2,3]'           1
427   'PGamma[5,3,1]'           1
428   'PGamma[5,3,2]'           1
429   'PGamma[5,3,3]'           1
430   'PGamma[6,1,1]'           1
431   'PGamma[6,1,2]'           1
432   'PGamma[6,1,3]'           1
433   'PGamma[6,2,1]'           1
434   'PGamma[6,2,2]'           1
435   'PGamma[6,2,3]'           1
436   'PGamma[6,3,1]'           1
437   'PGamma[6,3,2]'           1
438   'PGamma[6,3,3]'           1
439   'PGamma[7,1,1]'           1
440   'PGamma[7,1,2]'           1
441   'PGamma[7,1,3]'           1
442   'PGamma[7,2,1]'           1
443   'PGamma[7,2,2]'           1
444   'PGamma[7,2,3]'           1
445   'PGamma[7,3,1]'           1
446   'PGamma[7,3,2]'           1
447   'PGamma[7,3,3]'           1
448   'PGamma[8,1,1]'           1
449   'PGamma[8,1,2]'           1
450   'PGamma[8,1,3]'           1
451   'PGamma[8,2,1]'           1
452   'PGamma[8,2,2]'           1
453   'PGamma[8,2,3]'           1
454   'PGamma[8,3,1]'           1
455   'PGamma[8,3,2]'           1
456   'PGamma[8,3,3]'           1
457   'PGamma[9,1,1]'           1
458   'PGamma[9,1,2]'           1
459   'PGamma[9,1,3]'           1
460   'PGamma[9,2,1]'           1
461   'PGamma[9,2,2]'           1
462   'PGamma[9,2,3]'           1
463   'PGamma[9,3,1]'           1
464   'PGamma[9,3,2]'           1
465   'PGamma[9,3,3]'           1
466   'PGamma[10,1,1]'          1
467   'PGamma[10,1,2]'          1
468   'PGamma[10,1,3]'          1
469   'PGamma[10,2,1]'          1
470   'PGamma[10,2,2]'          1
471   'PGamma[10,2,3]'          1
472   'PGamma[10,3,1]'          1
473   'PGamma[10,3,2]'          1
474   'PGamma[10,3,3]'          1
475   'PGamma[11,1,1]'          1
476   'PGamma[11,1,2]'          1
477   'PGamma[11,1,3]'          1
478   'PGamma[11,2,1]'          1
479   'PGamma[11,2,2]'          1
480   'PGamma[11,2,3]'          1
481   'PGamma[11,3,1]'          1
482   'PGamma[11,3,2]'          1
483   'PGamma[11,3,3]'          1
484   'PGamma[12,1,1]'          1
485   'PGamma[12,1,2]'          1
486   'PGamma[12,1,3]'          1
487   'PGamma[12,2,1]'          1
488   'PGamma[12,2,2]'          1
489   'PGamma[12,2,3]'          1
490   'PGamma[12,3,1]'          1
491   'PGamma[12,3,2]'          1
492   'PGamma[12,3,3]'          1
493   'PGamma[13,1,1]'          1
494   'PGamma[13,1,2]'          1
495   'PGamma[13,1,3]'          1
496   'PGamma[13,2,1]'          1
497   'PGamma[13,2,2]'          1
498   'PGamma[13,2,3]'          1
499   'PGamma[13,3,1]'          1
500   'PGamma[13,3,2]'          1
501   'PGamma[13,3,3]'          1
502   'PGamma[14,1,1]'          1
503   'PGamma[14,1,2]'          1
504   'PGamma[14,1,3]'          1
505   'PGamma[14,2,1]'          1
506   'PGamma[14,2,2]'          1
507   'PGamma[14,2,3]'          1
508   'PGamma[14,3,1]'          1
509   'PGamma[14,3,2]'          1
510   'PGamma[14,3,3]'          1
511   'PGamma[15,1,1]'          1
512   'PGamma[15,1,2]'          1
513   'PGamma[15,1,3]'          1
514   'PGamma[15,2,1]'          1
515   'PGamma[15,2,2]'          1
516   'PGamma[15,2,3]'          1
517   'PGamma[15,3,1]'          1
518   'PGamma[15,3,2]'          1
519   'PGamma[15,3,3]'          1
520   'SGamma1[1,1]'        1e-06
521   'SGamma1[1,2]'        1e-06
522   'SGamma1[1,3]'        1e-06
523   'SGamma1[2,1]'        1e-06
524   'SGamma1[2,2]'        1e-06
525   'SGamma1[2,3]'        1e-06
526   'SGamma1[3,1]'        1e-06
527   'SGamma1[3,2]'        1e-06
528   'SGamma1[3,3]'        1e-06
529   'SGamma1[4,1]'        1e-06
530   'SGamma1[4,2]'        1e-06
531   'SGamma1[4,3]'        1e-06
532   'SGamma1[5,1]'        1e-06
533   'SGamma1[5,2]'        1e-06
534   'SGamma1[5,3]'        1e-06
535   'SGamma1[6,1]'        1e-06
536   'SGamma1[6,2]'        1e-06
537   'SGamma1[6,3]'        1e-06
538   'SGamma1[7,1]'        1e-06
539   'SGamma1[7,2]'        1e-06
540   'SGamma1[7,3]'        1e-06
541   'SGamma1[8,1]'        1e-06
542   'SGamma1[8,2]'        1e-06
543   'SGamma1[8,3]'        1e-06
544   'SGamma1[9,1]'        1e-06
545   'SGamma1[9,2]'        1e-06
546   'SGamma1[9,3]'        1e-06
547   'SGamma1[10,1]'       1e-06
548   'SGamma1[10,2]'       1e-06
549   'SGamma1[10,3]'       1e-06
550   'SGamma1[11,1]'       1e-06
551   'SGamma1[11,2]'       1e-06
552   'SGamma1[11,3]'       1e-06
553   'SGamma1[12,1]'       1e-06
554   'SGamma1[12,2]'       1e-06
555   'SGamma1[12,3]'       1e-06
556   'SGamma1[13,1]'       1e-06
557   'SGamma1[13,2]'       1e-06
558   'SGamma1[13,3]'       1e-06
559   'SGamma1[14,1]'       1e-06
560   'SGamma1[14,2]'       1e-06
561   'SGamma1[14,3]'       1e-06
562   'SGamma1[15,1]'       1e-06
563   'SGamma1[15,2]'       1e-06
564   'SGamma1[15,3]'       1e-06
565   'SGamma2[1,1]'            1
566   'SGamma2[1,2]'            1
567   'SGamma2[1,3]'            1
568   'SGamma2[2,1]'            1
569   'SGamma2[2,2]'            1
570   'SGamma2[2,3]'            1
571   'SGamma2[3,1]'            1
572   'SGamma2[3,2]'            1
573   'SGamma2[3,3]'            1
574   'SGamma2[4,1]'            1
575   'SGamma2[4,2]'            1
576   'SGamma2[4,3]'            1
577   'SGamma2[5,1]'            1
578   'SGamma2[5,2]'            1
579   'SGamma2[5,3]'            1
580   'SGamma2[6,1]'            1
581   'SGamma2[6,2]'            1
582   'SGamma2[6,3]'            1
583   'SGamma2[7,1]'            1
584   'SGamma2[7,2]'            1
585   'SGamma2[7,3]'            1
586   'SGamma2[8,1]'            1
587   'SGamma2[8,2]'            1
588   'SGamma2[8,3]'            1
589   'SGamma2[9,1]'            1
590   'SGamma2[9,2]'            1
591   'SGamma2[9,3]'            1
592   'SGamma2[10,1]'           1
593   'SGamma2[10,2]'           1
594   'SGamma2[10,3]'           1
595   'SGamma2[11,1]'           1
596   'SGamma2[11,2]'           1
597   'SGamma2[11,3]'           1
598   'SGamma2[12,1]'           1
599   'SGamma2[12,2]'           1
600   'SGamma2[12,3]'           1
601   'SGamma2[13,1]'           1
602   'SGamma2[13,2]'           1
603   'SGamma2[13,3]'           1
604   'SGamma2[14,1]'           1
605   'SGamma2[14,2]'           1
606   'SGamma2[14,3]'           1
607   'SGamma2[15,1]'           1
608   'SGamma2[15,2]'           1
609   'SGamma2[15,3]'           1
610   'gamma[1,1]'              1
611   'gamma[1,2]'              1
612   'gamma[1,3]'              1
613   'gamma[2,1]'              1
614   'gamma[2,2]'              1
615   'gamma[2,3]'              1
616   'gamma[3,1]'              1
617   'gamma[3,2]'              1
618   'gamma[3,3]'              1
619   'gamma[4,1]'              1
620   'gamma[4,2]'              1
621   'gamma[4,3]'              1
622   'gamma[5,1]'              1
623   'gamma[5,2]'              1
624   'gamma[5,3]'              1
625   'gamma[6,1]'              1
626   'gamma[6,2]'              1
627   'gamma[6,3]'              1
628   'gamma[7,1]'              1
629   'gamma[7,2]'              1
630   'gamma[7,3]'              1
631   'gamma[8,1]'              1
632   'gamma[8,2]'              1
633   'gamma[8,3]'              1
634   'gamma[9,1]'              1
635   'gamma[9,2]'              1
636   'gamma[9,3]'              1
637   'gamma[10,1]'             1
638   'gamma[10,2]'             1
639   'gamma[10,3]'             1
640   'gamma[11,1]'             1
641   'gamma[11,2]'             1
642   'gamma[11,3]'             1
643   'gamma[12,1]'             1
644   'gamma[12,2]'             1
645   'gamma[12,3]'             1
646   'gamma[13,1]'             1
647   'gamma[13,2]'             1
648   'gamma[13,3]'             1
649   'gamma[14,1]'             1
650   'gamma[14,2]'             1
651   'gamma[14,3]'             1
652   'gamma[15,1]'             1
653   'gamma[15,2]'             1
654   'gamma[15,3]'             1
655   'PrS[1,1]'           948407
656   'PrS[1,2]'           530240
657   'PrS[1,3]'           179351
658   'PrS[2,1]'           850826
659   'PrS[2,2]'           471055
660   'PrS[2,3]'           155832
661   'PrS[3,1]'           728006
662   'PrS[3,2]'           397280
663   'PrS[3,3]'           127203
664   'PrS[4,1]'           616412
665   'PrS[4,2]'           331072
666   'PrS[4,3]'           102280
667   'PrS[5,1]'           538929
668   'PrS[5,2]'           285656
669   'PrS[5,3]'            85685
670   'PrS[6,1]'           489573
671   'PrS[6,2]'           257004
672   'PrS[6,3]'            75459.1
673   'PrS[7,1]'           452418
674   'PrS[7,2]'           235597
675   'PrS[7,3]'            67956
676   'PrS[8,1]'           416409
677   'PrS[8,2]'           214996
678   'PrS[8,3]'            60857.2
679   'PrS[9,1]'           414778
680   'PrS[9,2]'           214066
681   'PrS[9,3]'            60540
682   'PrS[10,1]'          411874
683   'PrS[10,2]'          212412
684   'PrS[10,3]'           59976
685   'PrS[11,1]'          406847
686   'PrS[11,2]'          209551
687   'PrS[11,3]'           59002.5
688   'PrS[12,1]'          398535
689   'PrS[12,2]'          204828
690   'PrS[12,3]'           57400.9
691   'PrS[13,1]'          385675
692   'PrS[13,2]'          197538
693   'PrS[13,3]'           54943
694   'PrS[14,1]'          367003
695   'PrS[14,2]'          186991
696   'PrS[14,3]'           51418.7
697   'PrS[15,1]'          338890
698   'PrS[15,2]'          171207
699   'PrS[15,3]'           46217.4
700   'PrSF[1]'            371002
701   'PrSF[2]'            189246
702   'PrSF[3]'             52169.1
703   Vap                     185.672
;

