solve_message = 'CONOPT 3.17A: Locally optimal; objective 183.86069979656722\
17 iterations; evals: nf = 55, ng = 0, nc = 515, nJ = 42, nH = 0, nHv = 0'

:           _varname              _var          :=
1      'F[2]'                    0
2      'F[3]'                    0
3      'F[4]'                    0
4      'F[5]'                    0
5      'F[6]'                    0
6      'F[7]'                    0
7      'F[8]'                    0
8      'F[9]'                    0
9      'F[10]'                   0
10     'F[11]'                   0
11     'F[12]'                   0
12     'F[13]'                   0
13     'F[14]'                   0
14     'F[15]'                 200
15     'F[16]'                   0
16     'F[17]'                   0
17     'F[18]'                   0
18     'F[19]'                   0
19     'F[20]'                   0
20     'F[21]'                   0
21     'F[22]'                   0
22     'F[23]'                   0
23     'F[24]'                   0
24     'F[25]'                   0
25     'F[26]'                   0
26     'F[27]'                   0
27     'F[28]'                   0
28     'F[29]'                   0
29     'V[1]'                  183.861
30     'V[2]'                  178.943
31     'V[3]'                  178.815
32     'V[4]'                  182.915
33     'V[5]'                  187.604
34     'V[6]'                  190.727
35     'V[7]'                  192.29
36     'V[8]'                  192.889
37     'V[9]'                  192.931
38     'V[10]'                 192.561
39     'V[11]'                 191.745
40     'V[12]'                 190.361
41     'V[13]'                 188.34
42     'V[14]'                 185.917
43     'V[15]'                 183.933
44     'V[16]'                 183.935
45     'V[17]'                 183.937
46     'V[18]'                 183.942
47     'V[19]'                 183.95
48     'V[20]'                 183.966
49     'V[21]'                 183.996
50     'V[22]'                 184.049
51     'V[23]'                 184.148
52     'V[24]'                 184.33
53     'V[25]'                 184.659
54     'V[26]'                 185.249
55     'V[27]'                 186.271
56     'V[28]'                 187.939
57     'V[29]'                 190.411
58     'V[30]'                   0
59     'y[1,1]'                  2.39597e-05
60     'y[1,2]'                  0.171785
61     'y[1,3]'                  0.828191
62     'y[2,1]'                  8.12079e-05
63     'y[2,2]'                  0.339286
64     'y[2,3]'                  0.660633
65     'y[3,1]'                  0.000224629
66     'y[3,2]'                  0.534955
67     'y[3,3]'                  0.464821
68     'y[4,1]'                  0.000525047
69     'y[4,2]'                  0.695783
70     'y[4,3]'                  0.303692
71     'y[5,1]'                  0.00109387
72     'y[5,2]'                  0.793103
73     'y[5,3]'                  0.205803
74     'y[6,1]'                  0.00213998
75     'y[6,2]'                  0.840954
76     'y[6,3]'                  0.156906
77     'y[7,1]'                  0.00406149
78     'y[7,2]'                  0.861175
79     'y[7,3]'                  0.134763
80     'y[8,1]'                  0.00759684
81     'y[8,2]'                  0.867361
82     'y[8,3]'                  0.125042
83     'y[9,1]'                  0.0140888
84     'y[9,2]'                  0.865326
85     'y[9,3]'                  0.120585
86     'y[10,1]'                 0.0259246
87     'y[10,2]'                 0.856006
88     'y[10,3]'                 0.11807
89     'y[11,1]'                 0.0471835
90     'y[11,2]'                 0.836968
91     'y[11,3]'                 0.115848
92     'y[12,1]'                 0.0843321
93     'y[12,2]'                 0.802793
94     'y[12,3]'                 0.112875
95     'y[13,1]'                 0.146192
96     'y[13,2]'                 0.745568
97     'y[13,3]'                 0.10824
98     'y[14,1]'                 0.241281
99     'y[14,2]'                 0.657579
100    'y[14,3]'                 0.101141
101    'y[15,1]'                 0.370587
102    'y[15,2]'                 0.538113
103    'y[15,3]'                 0.0913006
104    'y[16,1]'                 0.370588
105    'y[16,2]'                 0.538125
106    'y[16,3]'                 0.0912879
107    'y[17,1]'                 0.37059
108    'y[17,2]'                 0.538146
109    'y[17,3]'                 0.0912644
110    'y[18,1]'                 0.370593
111    'y[18,2]'                 0.538186
112    'y[18,3]'                 0.091221
113    'y[19,1]'                 0.3706
114    'y[19,2]'                 0.538259
115    'y[19,3]'                 0.0911409
116    'y[20,1]'                 0.370612
117    'y[20,2]'                 0.538395
118    'y[20,3]'                 0.0909933
119    'y[21,1]'                 0.370634
120    'y[21,2]'                 0.538645
121    'y[21,3]'                 0.0907216
122    'y[22,1]'                 0.370674
123    'y[22,2]'                 0.539103
124    'y[22,3]'                 0.0902226
125    'y[23,1]'                 0.370747
126    'y[23,2]'                 0.539942
127    'y[23,3]'                 0.0893109
128    'y[24,1]'                 0.370878
129    'y[24,2]'                 0.541462
130    'y[24,3]'                 0.0876601
131    'y[25,1]'                 0.371107
132    'y[25,2]'                 0.544174
133    'y[25,3]'                 0.084719
134    'y[26,1]'                 0.371515
135    'y[26,2]'                 0.548856
136    'y[26,3]'                 0.0796284
137    'y[27,1]'                 0.372338
138    'y[27,2]'                 0.55642
139    'y[27,3]'                 0.0712429
140    'y[28,1]'                 0.374718
141    'y[28,2]'                 0.566785
142    'y[28,3]'                 0.0584976
143    'y[29,1]'                 0.384803
144    'y[29,2]'                 0.573888
145    'y[29,3]'                 0.041309
146    'y[30,1]'                 0.431653
147    'y[30,2]'                 0.546764
148    'y[30,3]'                 0.0215828
149    'L[1]'                    0
150    'L[2]'                  244.861
151    'L[3]'                  239.944
152    'L[4]'                  239.815
153    'L[5]'                  243.916
154    'L[6]'                  248.604
155    'L[7]'                  251.728
156    'L[8]'                  253.29
157    'L[9]'                  253.889
158    'L[10]'                 253.932
159    'L[11]'                 253.561
160    'L[12]'                 252.745
161    'L[13]'                 251.361
162    'L[14]'                 249.34
163    'L[15]'                 246.917
164    'L[16]'                  44.9336
165    'L[17]'                  44.935
166    'L[18]'                  44.9375
167    'L[19]'                  44.9421
168    'L[20]'                  44.9507
169    'L[21]'                  44.9666
170    'L[22]'                  44.9958
171    'L[23]'                  45.0497
172    'L[24]'                  45.1488
173    'L[25]'                  45.3302
174    'L[26]'                  45.6598
175    'L[27]'                  46.2493
176    'L[28]'                  47.2712
177    'L[29]'                  48.9392
178    'L[30]'                  51.4115
179    'x[1,1]'                  5.11381e-06
180    'x[1,2]'                  0.0655734
181    'x[1,3]'                  0.934421
182    'x[2,1]'                  1.92648e-05
183    'x[2,2]'                  0.145325
184    'x[2,3]'                  0.854655
185    'x[3,1]'                  6.18627e-05
186    'x[3,2]'                  0.269701
187    'x[3,3]'                  0.730237
188    'x[4,1]'                  0.000168792
189    'x[4,2]'                  0.415561
190    'x[4,3]'                  0.58427
191    'x[5,1]'                  0.000395018
192    'x[5,2]'                  0.538175
193    'x[5,3]'                  0.461429
194    'x[6,1]'                  0.000826725
195    'x[6,2]'                  0.614588
196    'x[6,3]'                  0.384585
197    'x[7,1]'                  0.00162264
198    'x[7,2]'                  0.653059
199    'x[7,3]'                  0.345319
200    'x[8,1]'                  0.00308459
201    'x[8,2]'                  0.669569
202    'x[8,3]'                  0.327347
203    'x[9,1]'                  0.00577283
204    'x[9,2]'                  0.674721
205    'x[9,3]'                  0.319506
206    'x[10,1]'                 0.0107056
207    'x[10,2]'                 0.673206
208    'x[10,3]'                 0.316088
209    'x[11,1]'                 0.019689
210    'x[11,2]'                 0.665848
211    'x[11,3]'                 0.314463
212    'x[12,1]'                 0.035797
213    'x[12,2]'                 0.650792
214    'x[12,3]'                 0.313412
215    'x[13,1]'                 0.0638677
216    'x[13,2]'                 0.623884
217    'x[13,3]'                 0.312248
218    'x[14,1]'                 0.110428
219    'x[14,2]'                 0.579209
220    'x[14,3]'                 0.310363
221    'x[15,1]'                 0.181674
222    'x[15,2]'                 0.511325
223    'x[15,3]'                 0.307001
224    'x[16,1]'                 0.181679
225    'x[16,2]'                 0.511352
226    'x[16,3]'                 0.306969
227    'x[17,1]'                 0.181689
228    'x[17,2]'                 0.5114
229    'x[17,3]'                 0.30691
230    'x[18,1]'                 0.181708
231    'x[18,2]'                 0.51149
232    'x[18,3]'                 0.306802
233    'x[19,1]'                 0.181742
234    'x[19,2]'                 0.511656
235    'x[19,3]'                 0.306602
236    'x[20,1]'                 0.181805
237    'x[20,2]'                 0.511962
238    'x[20,3]'                 0.306233
239    'x[21,1]'                 0.181921
240    'x[21,2]'                 0.512526
241    'x[21,3]'                 0.305554
242    'x[22,1]'                 0.182134
243    'x[22,2]'                 0.513563
244    'x[22,3]'                 0.304303
245    'x[23,1]'                 0.182524
246    'x[23,2]'                 0.515467
247    'x[23,3]'                 0.302009
248    'x[24,1]'                 0.183234
249    'x[24,2]'                 0.51894
250    'x[24,3]'                 0.297826
251    'x[25,1]'                 0.184515
252    'x[25,2]'                 0.525206
253    'x[25,3]'                 0.290278
254    'x[26,1]'                 0.186789
255    'x[26,2]'                 0.536289
256    'x[26,3]'                 0.276922
257    'x[27,1]'                 0.190773
258    'x[27,2]'                 0.555145
259    'x[27,3]'                 0.254081
260    'x[28,1]'                 0.197921
261    'x[28,2]'                 0.584812
262    'x[28,3]'                 0.217267
263    'x[29,1]'                 0.213006
264    'x[29,2]'                 0.623649
265    'x[29,3]'                 0.163345
266    'x[30,1]'                 0.258137
267    'x[30,2]'                 0.647221
268    'x[30,3]'                 0.094642
269    PC                      139
270    PR                       61.0003
271    'T[1]'                  471.33
272    'T[2]'                  465.327
273    'T[3]'                  457.109
274    'T[4]'                  448.895
275    'T[5]'                  442.921
276    'T[6]'                  439.531
277    'T[7]'                  437.864
278    'T[8]'                  437.066
279    'T[9]'                  436.618
280    'T[10]'                 436.236
281    'T[11]'                 435.724
282    'T[12]'                 434.89
283    'T[13]'                 433.492
284    'T[14]'                 431.254
285    'T[15]'                 427.993
286    'T[16]'                 427.992
287    'T[17]'                 427.99
288    'T[18]'                 427.985
289    'T[19]'                 427.977
290    'T[20]'                 427.962
291    'T[21]'                 427.935
292    'T[22]'                 427.885
293    'T[23]'                 427.794
294    'T[24]'                 427.628
295    'T[25]'                 427.33
296    'T[26]'                 426.808
297    'T[27]'                 425.926
298    'T[28]'                 424.515
299    'T[29]'                 422.359
300    'T[30]'                 418.859
301    TF                      422.969
302    QC                     1707.37
303    QR                     1993.41
304    'H[1,1]'                  9.8344
305    'H[1,2]'                 11.1851
306    'H[1,3]'                 13.8974
307    'H[2,1]'                  9.4338
308    'H[2,2]'                 10.7295
309    'H[2,3]'                 13.3311
310    'H[3,1]'                  8.89178
311    'H[3,2]'                 10.113
312    'H[3,3]'                 12.5649
313    'H[4,1]'                  8.35755
314    'H[4,2]'                  9.50536
315    'H[4,3]'                 11.8097
316    'H[5,1]'                  7.97382
317    'H[5,2]'                  9.06892
318    'H[5,3]'                 11.2672
319    'H[6,1]'                  7.75784
320    'H[6,2]'                  8.82327
321    'H[6,3]'                 10.9619
322    'H[7,1]'                  7.65213
323    'H[7,2]'                  8.70303
324    'H[7,3]'                 10.8125
325    'H[8,1]'                  7.60162
326    'H[8,2]'                  8.64559
327    'H[8,3]'                 10.7411
328    'H[9,1]'                  7.57334
329    'H[9,2]'                  8.61343
330    'H[9,3]'                 10.7011
331    'H[10,1]'                 7.54918
332    'H[10,2]'                 8.58594
333    'H[10,3]'                10.6669
334    'H[11,1]'                 7.5169
335    'H[11,2]'                 8.54923
336    'H[11,3]'                10.6213
337    'H[12,1]'                 7.46434
338    'H[12,2]'                 8.48946
339    'H[12,3]'                10.547
340    'H[13,1]'                 7.37643
341    'H[13,2]'                 8.38946
342    'H[13,3]'                10.4227
343    'H[14,1]'                 7.23616
344    'H[14,2]'                 8.22993
345    'H[14,3]'                10.2244
346    'H[15,1]'                 7.03279
347    'H[15,2]'                 7.99862
348    'H[15,3]'                 9.93695
349    'H[16,1]'                 7.03271
350    'H[16,2]'                 7.99853
351    'H[16,3]'                 9.93684
352    'H[17,1]'                 7.03257
353    'H[17,2]'                 7.99836
354    'H[17,3]'                 9.93663
355    'H[18,1]'                 7.0323
356    'H[18,2]'                 7.99806
357    'H[18,3]'                 9.93625
358    'H[19,1]'                 7.0318
359    'H[19,2]'                 7.99749
360    'H[19,3]'                 9.93555
361    'H[20,1]'                 7.03088
362    'H[20,2]'                 7.99645
363    'H[20,3]'                 9.93425
364    'H[21,1]'                 7.0292
365    'H[21,2]'                 7.99453
366    'H[21,3]'                 9.93187
367    'H[22,1]'                 7.02609
368    'H[22,2]'                 7.991
369    'H[22,3]'                 9.92748
370    'H[23,1]'                 7.02041
371    'H[23,2]'                 7.98454
372    'H[23,3]'                 9.91945
373    'H[24,1]'                 7.01009
374    'H[24,2]'                 7.9728
375    'H[24,3]'                 9.90486
376    'H[25,1]'                 6.99159
377    'H[25,2]'                 7.95176
378    'H[25,3]'                 9.87871
379    'H[26,1]'                 6.95918
380    'H[26,2]'                 7.91489
381    'H[26,3]'                 9.83289
382    'H[27,1]'                 6.90452
383    'H[27,2]'                 7.85273
384    'H[27,3]'                 9.75563
385    'H[28,1]'                 6.81726
386    'H[28,2]'                 7.75349
387    'H[28,3]'                 9.63228
388    'H[29,1]'                 6.6844
389    'H[29,2]'                 7.60237
390    'H[29,3]'                 9.44446
391    'H[30,1]'                 6.46982
392    'H[30,2]'                 7.35832
393    'H[30,3]'                 9.14114
394    'HF[1]'                   6.72192
395    'HF[2]'                   7.64505
396    'HF[3]'                   9.4975
397    'h[1,1]'                  3.55852
398    'h[1,2]'                  3.38268
399    'h[1,3]'                  3.56425
400    'h[2,1]'                  2.95375
401    'h[2,2]'                  2.7539
402    'h[2,3]'                  2.84211
403    'h[3,1]'                  2.14799
404    'h[3,2]'                  1.90995
405    'h[3,3]'                  1.86715
406    'h[4,1]'                  1.36576
407    'h[4,2]'                  1.08471
408    'h[4,3]'                  0.907993
409    'h[5,1]'                  0.810206
410    'h[5,2]'                  0.495411
411    'h[5,3]'                  0.219845
412    'h[6,1]'                  0.499592
413    'h[6,2]'                  0.164862
414    'h[6,3]'                 -0.167258
415    'h[7,1]'                  0.348069
416    'h[7,2]'                  0.00334889
417    'h[7,3]'                 -0.356685
418    'h[8,1]'                  0.275785
419    'h[8,2]'                 -0.073761
420    'h[8,3]'                 -0.447185
421    'h[9,1]'                  0.235349
422    'h[9,2]'                 -0.116914
423    'h[9,3]'                 -0.497849
424    'h[10,1]'                 0.200815
425    'h[10,2]'                -0.153777
426    'h[10,3]'                -0.541138
427    'h[11,1]'                 0.15471
428    'h[11,2]'                -0.203006
429    'h[11,3]'                -0.598964
430    'h[12,1]'                 0.0796922
431    'h[12,2]'                -0.283139
432    'h[12,3]'                -0.693125
433    'h[13,1]'                -0.045626
434    'h[13,2]'                -0.417092
435    'h[13,3]'                -0.850625
436    'h[14,1]'                -0.245137
437    'h[14,2]'                -0.630579
438    'h[14,3]'                -1.10188
439    'h[15,1]'                -0.533515
440    'h[15,2]'                -0.939646
441    'h[15,3]'                -1.46616
442    'h[16,1]'                -0.533627
443    'h[16,2]'                -0.939766
444    'h[16,3]'                -1.4663
445    'h[17,1]'                -0.533833
446    'h[17,2]'                -0.939987
447    'h[17,3]'                -1.46656
448    'h[18,1]'                -0.534214
449    'h[18,2]'                -0.940396
450    'h[18,3]'                -1.46704
451    'h[19,1]'                -0.534918
452    'h[19,2]'                -0.941151
453    'h[19,3]'                -1.46793
454    'h[20,1]'                -0.536215
455    'h[20,2]'                -0.942542
456    'h[20,3]'                -1.46958
457    'h[21,1]'                -0.538605
458    'h[21,2]'                -0.945106
459    'h[21,3]'                -1.4726
460    'h[22,1]'                -0.542996
461    'h[22,2]'                -0.949817
462    'h[22,3]'                -1.47816
463    'h[23,1]'                -0.551035
464    'h[23,2]'                -0.958441
465    'h[23,3]'                -1.48833
466    'h[24,1]'                -0.565638
467    'h[24,2]'                -0.974109
468    'h[24,3]'                -1.50682
469    'h[25,1]'                -0.591815
470    'h[25,2]'                -1.0022
471    'h[25,3]'                -1.53996
472    'h[26,1]'                -0.637652
473    'h[26,2]'                -1.05139
474    'h[26,3]'                -1.59802
475    'h[27,1]'                -0.714884
476    'h[27,2]'                -1.13431
477    'h[27,3]'                -1.69591
478    'h[28,1]'                -0.838046
479    'h[28,2]'                -1.26663
480    'h[28,3]'                -1.85221
481    'h[29,1]'                -1.02524
482    'h[29,2]'                -1.46793
483    'h[29,3]'                -2.09021
484    'h[30,1]'                -1.32676
485    'h[30,2]'                -1.79264
486    'h[30,3]'                -2.47463
487    'hF[1]'                  -0.972416
488    'hF[2]'                  -1.4111
489    'hF[3]'                  -2.02299
490    'tauGamma[1,1,1]'     1e-06
491    'tauGamma[1,1,2]'     1e-06
492    'tauGamma[1,1,3]'     1e-06
493    'tauGamma[1,2,1]'     1e-06
494    'tauGamma[1,2,2]'     1e-06
495    'tauGamma[1,2,3]'     1e-06
496    'tauGamma[1,3,1]'     1e-06
497    'tauGamma[1,3,2]'     1e-06
498    'tauGamma[1,3,3]'     1e-06
499    'tauGamma[2,1,1]'     1e-06
500    'tauGamma[2,1,2]'     1e-06
501    'tauGamma[2,1,3]'     1e-06
502    'tauGamma[2,2,1]'     1e-06
503    'tauGamma[2,2,2]'     1e-06
504    'tauGamma[2,2,3]'     1e-06
505    'tauGamma[2,3,1]'     1e-06
506    'tauGamma[2,3,2]'     1e-06
507    'tauGamma[2,3,3]'     1e-06
508    'tauGamma[3,1,1]'     1e-06
509    'tauGamma[3,1,2]'     1e-06
510    'tauGamma[3,1,3]'     1e-06
511    'tauGamma[3,2,1]'     1e-06
512    'tauGamma[3,2,2]'     1e-06
513    'tauGamma[3,2,3]'     1e-06
514    'tauGamma[3,3,1]'     1e-06
515    'tauGamma[3,3,2]'     1e-06
516    'tauGamma[3,3,3]'     1e-06
517    'tauGamma[4,1,1]'     1e-06
518    'tauGamma[4,1,2]'     1e-06
519    'tauGamma[4,1,3]'     1e-06
520    'tauGamma[4,2,1]'     1e-06
521    'tauGamma[4,2,2]'     1e-06
522    'tauGamma[4,2,3]'     1e-06
523    'tauGamma[4,3,1]'     1e-06
524    'tauGamma[4,3,2]'     1e-06
525    'tauGamma[4,3,3]'     1e-06
526    'tauGamma[5,1,1]'     1e-06
527    'tauGamma[5,1,2]'     1e-06
528    'tauGamma[5,1,3]'     1e-06
529    'tauGamma[5,2,1]'     1e-06
530    'tauGamma[5,2,2]'     1e-06
531    'tauGamma[5,2,3]'     1e-06
532    'tauGamma[5,3,1]'     1e-06
533    'tauGamma[5,3,2]'     1e-06
534    'tauGamma[5,3,3]'     1e-06
535    'tauGamma[6,1,1]'     1e-06
536    'tauGamma[6,1,2]'     1e-06
537    'tauGamma[6,1,3]'     1e-06
538    'tauGamma[6,2,1]'     1e-06
539    'tauGamma[6,2,2]'     1e-06
540    'tauGamma[6,2,3]'     1e-06
541    'tauGamma[6,3,1]'     1e-06
542    'tauGamma[6,3,2]'     1e-06
543    'tauGamma[6,3,3]'     1e-06
544    'tauGamma[7,1,1]'     1e-06
545    'tauGamma[7,1,2]'     1e-06
546    'tauGamma[7,1,3]'     1e-06
547    'tauGamma[7,2,1]'     1e-06
548    'tauGamma[7,2,2]'     1e-06
549    'tauGamma[7,2,3]'     1e-06
550    'tauGamma[7,3,1]'     1e-06
551    'tauGamma[7,3,2]'     1e-06
552    'tauGamma[7,3,3]'     1e-06
553    'tauGamma[8,1,1]'     1e-06
554    'tauGamma[8,1,2]'     1e-06
555    'tauGamma[8,1,3]'     1e-06
556    'tauGamma[8,2,1]'     1e-06
557    'tauGamma[8,2,2]'     1e-06
558    'tauGamma[8,2,3]'     1e-06
559    'tauGamma[8,3,1]'     1e-06
560    'tauGamma[8,3,2]'     1e-06
561    'tauGamma[8,3,3]'     1e-06
562    'tauGamma[9,1,1]'     1e-06
563    'tauGamma[9,1,2]'     1e-06
564    'tauGamma[9,1,3]'     1e-06
565    'tauGamma[9,2,1]'     1e-06
566    'tauGamma[9,2,2]'     1e-06
567    'tauGamma[9,2,3]'     1e-06
568    'tauGamma[9,3,1]'     1e-06
569    'tauGamma[9,3,2]'     1e-06
570    'tauGamma[9,3,3]'     1e-06
571    'tauGamma[10,1,1]'    1e-06
572    'tauGamma[10,1,2]'    1e-06
573    'tauGamma[10,1,3]'    1e-06
574    'tauGamma[10,2,1]'    1e-06
575    'tauGamma[10,2,2]'    1e-06
576    'tauGamma[10,2,3]'    1e-06
577    'tauGamma[10,3,1]'    1e-06
578    'tauGamma[10,3,2]'    1e-06
579    'tauGamma[10,3,3]'    1e-06
580    'tauGamma[11,1,1]'    1e-06
581    'tauGamma[11,1,2]'    1e-06
582    'tauGamma[11,1,3]'    1e-06
583    'tauGamma[11,2,1]'    1e-06
584    'tauGamma[11,2,2]'    1e-06
585    'tauGamma[11,2,3]'    1e-06
586    'tauGamma[11,3,1]'    1e-06
587    'tauGamma[11,3,2]'    1e-06
588    'tauGamma[11,3,3]'    1e-06
589    'tauGamma[12,1,1]'    1e-06
590    'tauGamma[12,1,2]'    1e-06
591    'tauGamma[12,1,3]'    1e-06
592    'tauGamma[12,2,1]'    1e-06
593    'tauGamma[12,2,2]'    1e-06
594    'tauGamma[12,2,3]'    1e-06
595    'tauGamma[12,3,1]'    1e-06
596    'tauGamma[12,3,2]'    1e-06
597    'tauGamma[12,3,3]'    1e-06
598    'tauGamma[13,1,1]'    1e-06
599    'tauGamma[13,1,2]'    1e-06
600    'tauGamma[13,1,3]'    1e-06
601    'tauGamma[13,2,1]'    1e-06
602    'tauGamma[13,2,2]'    1e-06
603    'tauGamma[13,2,3]'    1e-06
604    'tauGamma[13,3,1]'    1e-06
605    'tauGamma[13,3,2]'    1e-06
606    'tauGamma[13,3,3]'    1e-06
607    'tauGamma[14,1,1]'    1e-06
608    'tauGamma[14,1,2]'    1e-06
609    'tauGamma[14,1,3]'    1e-06
610    'tauGamma[14,2,1]'    1e-06
611    'tauGamma[14,2,2]'    1e-06
612    'tauGamma[14,2,3]'    1e-06
613    'tauGamma[14,3,1]'    1e-06
614    'tauGamma[14,3,2]'    1e-06
615    'tauGamma[14,3,3]'    1e-06
616    'tauGamma[15,1,1]'    1e-06
617    'tauGamma[15,1,2]'    1e-06
618    'tauGamma[15,1,3]'    1e-06
619    'tauGamma[15,2,1]'    1e-06
620    'tauGamma[15,2,2]'    1e-06
621    'tauGamma[15,2,3]'    1e-06
622    'tauGamma[15,3,1]'    1e-06
623    'tauGamma[15,3,2]'    1e-06
624    'tauGamma[15,3,3]'    1e-06
625    'tauGamma[16,1,1]'    1e-06
626    'tauGamma[16,1,2]'    1e-06
627    'tauGamma[16,1,3]'    1e-06
628    'tauGamma[16,2,1]'    1e-06
629    'tauGamma[16,2,2]'    1e-06
630    'tauGamma[16,2,3]'    1e-06
631    'tauGamma[16,3,1]'    1e-06
632    'tauGamma[16,3,2]'    1e-06
633    'tauGamma[16,3,3]'    1e-06
634    'tauGamma[17,1,1]'    1e-06
635    'tauGamma[17,1,2]'    1e-06
636    'tauGamma[17,1,3]'    1e-06
637    'tauGamma[17,2,1]'    1e-06
638    'tauGamma[17,2,2]'    1e-06
639    'tauGamma[17,2,3]'    1e-06
640    'tauGamma[17,3,1]'    1e-06
641    'tauGamma[17,3,2]'    1e-06
642    'tauGamma[17,3,3]'    1e-06
643    'tauGamma[18,1,1]'    1e-06
644    'tauGamma[18,1,2]'    1e-06
645    'tauGamma[18,1,3]'    1e-06
646    'tauGamma[18,2,1]'    1e-06
647    'tauGamma[18,2,2]'    1e-06
648    'tauGamma[18,2,3]'    1e-06
649    'tauGamma[18,3,1]'    1e-06
650    'tauGamma[18,3,2]'    1e-06
651    'tauGamma[18,3,3]'    1e-06
652    'tauGamma[19,1,1]'    1e-06
653    'tauGamma[19,1,2]'    1e-06
654    'tauGamma[19,1,3]'    1e-06
655    'tauGamma[19,2,1]'    1e-06
656    'tauGamma[19,2,2]'    1e-06
657    'tauGamma[19,2,3]'    1e-06
658    'tauGamma[19,3,1]'    1e-06
659    'tauGamma[19,3,2]'    1e-06
660    'tauGamma[19,3,3]'    1e-06
661    'tauGamma[20,1,1]'    1e-06
662    'tauGamma[20,1,2]'    1e-06
663    'tauGamma[20,1,3]'    1e-06
664    'tauGamma[20,2,1]'    1e-06
665    'tauGamma[20,2,2]'    1e-06
666    'tauGamma[20,2,3]'    1e-06
667    'tauGamma[20,3,1]'    1e-06
668    'tauGamma[20,3,2]'    1e-06
669    'tauGamma[20,3,3]'    1e-06
670    'tauGamma[21,1,1]'    1e-06
671    'tauGamma[21,1,2]'    1e-06
672    'tauGamma[21,1,3]'    1e-06
673    'tauGamma[21,2,1]'    1e-06
674    'tauGamma[21,2,2]'    1e-06
675    'tauGamma[21,2,3]'    1e-06
676    'tauGamma[21,3,1]'    1e-06
677    'tauGamma[21,3,2]'    1e-06
678    'tauGamma[21,3,3]'    1e-06
679    'tauGamma[22,1,1]'    1e-06
680    'tauGamma[22,1,2]'    1e-06
681    'tauGamma[22,1,3]'    1e-06
682    'tauGamma[22,2,1]'    1e-06
683    'tauGamma[22,2,2]'    1e-06
684    'tauGamma[22,2,3]'    1e-06
685    'tauGamma[22,3,1]'    1e-06
686    'tauGamma[22,3,2]'    1e-06
687    'tauGamma[22,3,3]'    1e-06
688    'tauGamma[23,1,1]'    1e-06
689    'tauGamma[23,1,2]'    1e-06
690    'tauGamma[23,1,3]'    1e-06
691    'tauGamma[23,2,1]'    1e-06
692    'tauGamma[23,2,2]'    1e-06
693    'tauGamma[23,2,3]'    1e-06
694    'tauGamma[23,3,1]'    1e-06
695    'tauGamma[23,3,2]'    1e-06
696    'tauGamma[23,3,3]'    1e-06
697    'tauGamma[24,1,1]'    1e-06
698    'tauGamma[24,1,2]'    1e-06
699    'tauGamma[24,1,3]'    1e-06
700    'tauGamma[24,2,1]'    1e-06
701    'tauGamma[24,2,2]'    1e-06
702    'tauGamma[24,2,3]'    1e-06
703    'tauGamma[24,3,1]'    1e-06
704    'tauGamma[24,3,2]'    1e-06
705    'tauGamma[24,3,3]'    1e-06
706    'tauGamma[25,1,1]'    1e-06
707    'tauGamma[25,1,2]'    1e-06
708    'tauGamma[25,1,3]'    1e-06
709    'tauGamma[25,2,1]'    1e-06
710    'tauGamma[25,2,2]'    1e-06
711    'tauGamma[25,2,3]'    1e-06
712    'tauGamma[25,3,1]'    1e-06
713    'tauGamma[25,3,2]'    1e-06
714    'tauGamma[25,3,3]'    1e-06
715    'tauGamma[26,1,1]'    1e-06
716    'tauGamma[26,1,2]'    1e-06
717    'tauGamma[26,1,3]'    1e-06
718    'tauGamma[26,2,1]'    1e-06
719    'tauGamma[26,2,2]'    1e-06
720    'tauGamma[26,2,3]'    1e-06
721    'tauGamma[26,3,1]'    1e-06
722    'tauGamma[26,3,2]'    1e-06
723    'tauGamma[26,3,3]'    1e-06
724    'tauGamma[27,1,1]'    1e-06
725    'tauGamma[27,1,2]'    1e-06
726    'tauGamma[27,1,3]'    1e-06
727    'tauGamma[27,2,1]'    1e-06
728    'tauGamma[27,2,2]'    1e-06
729    'tauGamma[27,2,3]'    1e-06
730    'tauGamma[27,3,1]'    1e-06
731    'tauGamma[27,3,2]'    1e-06
732    'tauGamma[27,3,3]'    1e-06
733    'tauGamma[28,1,1]'    1e-06
734    'tauGamma[28,1,2]'    1e-06
735    'tauGamma[28,1,3]'    1e-06
736    'tauGamma[28,2,1]'    1e-06
737    'tauGamma[28,2,2]'    1e-06
738    'tauGamma[28,2,3]'    1e-06
739    'tauGamma[28,3,1]'    1e-06
740    'tauGamma[28,3,2]'    1e-06
741    'tauGamma[28,3,3]'    1e-06
742    'tauGamma[29,1,1]'    1e-06
743    'tauGamma[29,1,2]'    1e-06
744    'tauGamma[29,1,3]'    1e-06
745    'tauGamma[29,2,1]'    1e-06
746    'tauGamma[29,2,2]'    1e-06
747    'tauGamma[29,2,3]'    1e-06
748    'tauGamma[29,3,1]'    1e-06
749    'tauGamma[29,3,2]'    1e-06
750    'tauGamma[29,3,3]'    1e-06
751    'tauGamma[30,1,1]'    1e-06
752    'tauGamma[30,1,2]'    1e-06
753    'tauGamma[30,1,3]'    1e-06
754    'tauGamma[30,2,1]'    1e-06
755    'tauGamma[30,2,2]'    1e-06
756    'tauGamma[30,2,3]'    1e-06
757    'tauGamma[30,3,1]'    1e-06
758    'tauGamma[30,3,2]'    1e-06
759    'tauGamma[30,3,3]'    1e-06
760    'PGamma[1,1,1]'           1
761    'PGamma[1,1,2]'           1
762    'PGamma[1,1,3]'           1
763    'PGamma[1,2,1]'           1
764    'PGamma[1,2,2]'           1
765    'PGamma[1,2,3]'           1
766    'PGamma[1,3,1]'           1
767    'PGamma[1,3,2]'           1
768    'PGamma[1,3,3]'           1
769    'PGamma[2,1,1]'           1
770    'PGamma[2,1,2]'           1
771    'PGamma[2,1,3]'           1
772    'PGamma[2,2,1]'           1
773    'PGamma[2,2,2]'           1
774    'PGamma[2,2,3]'           1
775    'PGamma[2,3,1]'           1
776    'PGamma[2,3,2]'           1
777    'PGamma[2,3,3]'           1
778    'PGamma[3,1,1]'           1
779    'PGamma[3,1,2]'           1
780    'PGamma[3,1,3]'           1
781    'PGamma[3,2,1]'           1
782    'PGamma[3,2,2]'           1
783    'PGamma[3,2,3]'           1
784    'PGamma[3,3,1]'           1
785    'PGamma[3,3,2]'           1
786    'PGamma[3,3,3]'           1
787    'PGamma[4,1,1]'           1
788    'PGamma[4,1,2]'           1
789    'PGamma[4,1,3]'           1
790    'PGamma[4,2,1]'           1
791    'PGamma[4,2,2]'           1
792    'PGamma[4,2,3]'           1
793    'PGamma[4,3,1]'           1
794    'PGamma[4,3,2]'           1
795    'PGamma[4,3,3]'           1
796    'PGamma[5,1,1]'           1
797    'PGamma[5,1,2]'           1
798    'PGamma[5,1,3]'           1
799    'PGamma[5,2,1]'           1
800    'PGamma[5,2,2]'           1
801    'PGamma[5,2,3]'           1
802    'PGamma[5,3,1]'           1
803    'PGamma[5,3,2]'           1
804    'PGamma[5,3,3]'           1
805    'PGamma[6,1,1]'           1
806    'PGamma[6,1,2]'           1
807    'PGamma[6,1,3]'           1
808    'PGamma[6,2,1]'           1
809    'PGamma[6,2,2]'           1
810    'PGamma[6,2,3]'           1
811    'PGamma[6,3,1]'           1
812    'PGamma[6,3,2]'           1
813    'PGamma[6,3,3]'           1
814    'PGamma[7,1,1]'           1
815    'PGamma[7,1,2]'           1
816    'PGamma[7,1,3]'           1
817    'PGamma[7,2,1]'           1
818    'PGamma[7,2,2]'           1
819    'PGamma[7,2,3]'           1
820    'PGamma[7,3,1]'           1
821    'PGamma[7,3,2]'           1
822    'PGamma[7,3,3]'           1
823    'PGamma[8,1,1]'           1
824    'PGamma[8,1,2]'           1
825    'PGamma[8,1,3]'           1
826    'PGamma[8,2,1]'           1
827    'PGamma[8,2,2]'           1
828    'PGamma[8,2,3]'           1
829    'PGamma[8,3,1]'           1
830    'PGamma[8,3,2]'           1
831    'PGamma[8,3,3]'           1
832    'PGamma[9,1,1]'           1
833    'PGamma[9,1,2]'           1
834    'PGamma[9,1,3]'           1
835    'PGamma[9,2,1]'           1
836    'PGamma[9,2,2]'           1
837    'PGamma[9,2,3]'           1
838    'PGamma[9,3,1]'           1
839    'PGamma[9,3,2]'           1
840    'PGamma[9,3,3]'           1
841    'PGamma[10,1,1]'          1
842    'PGamma[10,1,2]'          1
843    'PGamma[10,1,3]'          1
844    'PGamma[10,2,1]'          1
845    'PGamma[10,2,2]'          1
846    'PGamma[10,2,3]'          1
847    'PGamma[10,3,1]'          1
848    'PGamma[10,3,2]'          1
849    'PGamma[10,3,3]'          1
850    'PGamma[11,1,1]'          1
851    'PGamma[11,1,2]'          1
852    'PGamma[11,1,3]'          1
853    'PGamma[11,2,1]'          1
854    'PGamma[11,2,2]'          1
855    'PGamma[11,2,3]'          1
856    'PGamma[11,3,1]'          1
857    'PGamma[11,3,2]'          1
858    'PGamma[11,3,3]'          1
859    'PGamma[12,1,1]'          1
860    'PGamma[12,1,2]'          1
861    'PGamma[12,1,3]'          1
862    'PGamma[12,2,1]'          1
863    'PGamma[12,2,2]'          1
864    'PGamma[12,2,3]'          1
865    'PGamma[12,3,1]'          1
866    'PGamma[12,3,2]'          1
867    'PGamma[12,3,3]'          1
868    'PGamma[13,1,1]'          1
869    'PGamma[13,1,2]'          1
870    'PGamma[13,1,3]'          1
871    'PGamma[13,2,1]'          1
872    'PGamma[13,2,2]'          1
873    'PGamma[13,2,3]'          1
874    'PGamma[13,3,1]'          1
875    'PGamma[13,3,2]'          1
876    'PGamma[13,3,3]'          1
877    'PGamma[14,1,1]'          1
878    'PGamma[14,1,2]'          1
879    'PGamma[14,1,3]'          1
880    'PGamma[14,2,1]'          1
881    'PGamma[14,2,2]'          1
882    'PGamma[14,2,3]'          1
883    'PGamma[14,3,1]'          1
884    'PGamma[14,3,2]'          1
885    'PGamma[14,3,3]'          1
886    'PGamma[15,1,1]'          1
887    'PGamma[15,1,2]'          1
888    'PGamma[15,1,3]'          1
889    'PGamma[15,2,1]'          1
890    'PGamma[15,2,2]'          1
891    'PGamma[15,2,3]'          1
892    'PGamma[15,3,1]'          1
893    'PGamma[15,3,2]'          1
894    'PGamma[15,3,3]'          1
895    'PGamma[16,1,1]'          1
896    'PGamma[16,1,2]'          1
897    'PGamma[16,1,3]'          1
898    'PGamma[16,2,1]'          1
899    'PGamma[16,2,2]'          1
900    'PGamma[16,2,3]'          1
901    'PGamma[16,3,1]'          1
902    'PGamma[16,3,2]'          1
903    'PGamma[16,3,3]'          1
904    'PGamma[17,1,1]'          1
905    'PGamma[17,1,2]'          1
906    'PGamma[17,1,3]'          1
907    'PGamma[17,2,1]'          1
908    'PGamma[17,2,2]'          1
909    'PGamma[17,2,3]'          1
910    'PGamma[17,3,1]'          1
911    'PGamma[17,3,2]'          1
912    'PGamma[17,3,3]'          1
913    'PGamma[18,1,1]'          1
914    'PGamma[18,1,2]'          1
915    'PGamma[18,1,3]'          1
916    'PGamma[18,2,1]'          1
917    'PGamma[18,2,2]'          1
918    'PGamma[18,2,3]'          1
919    'PGamma[18,3,1]'          1
920    'PGamma[18,3,2]'          1
921    'PGamma[18,3,3]'          1
922    'PGamma[19,1,1]'          1
923    'PGamma[19,1,2]'          1
924    'PGamma[19,1,3]'          1
925    'PGamma[19,2,1]'          1
926    'PGamma[19,2,2]'          1
927    'PGamma[19,2,3]'          1
928    'PGamma[19,3,1]'          1
929    'PGamma[19,3,2]'          1
930    'PGamma[19,3,3]'          1
931    'PGamma[20,1,1]'          1
932    'PGamma[20,1,2]'          1
933    'PGamma[20,1,3]'          1
934    'PGamma[20,2,1]'          1
935    'PGamma[20,2,2]'          1
936    'PGamma[20,2,3]'          1
937    'PGamma[20,3,1]'          1
938    'PGamma[20,3,2]'          1
939    'PGamma[20,3,3]'          1
940    'PGamma[21,1,1]'          1
941    'PGamma[21,1,2]'          1
942    'PGamma[21,1,3]'          1
943    'PGamma[21,2,1]'          1
944    'PGamma[21,2,2]'          1
945    'PGamma[21,2,3]'          1
946    'PGamma[21,3,1]'          1
947    'PGamma[21,3,2]'          1
948    'PGamma[21,3,3]'          1
949    'PGamma[22,1,1]'          1
950    'PGamma[22,1,2]'          1
951    'PGamma[22,1,3]'          1
952    'PGamma[22,2,1]'          1
953    'PGamma[22,2,2]'          1
954    'PGamma[22,2,3]'          1
955    'PGamma[22,3,1]'          1
956    'PGamma[22,3,2]'          1
957    'PGamma[22,3,3]'          1
958    'PGamma[23,1,1]'          1
959    'PGamma[23,1,2]'          1
960    'PGamma[23,1,3]'          1
961    'PGamma[23,2,1]'          1
962    'PGamma[23,2,2]'          1
963    'PGamma[23,2,3]'          1
964    'PGamma[23,3,1]'          1
965    'PGamma[23,3,2]'          1
966    'PGamma[23,3,3]'          1
967    'PGamma[24,1,1]'          1
968    'PGamma[24,1,2]'          1
969    'PGamma[24,1,3]'          1
970    'PGamma[24,2,1]'          1
971    'PGamma[24,2,2]'          1
972    'PGamma[24,2,3]'          1
973    'PGamma[24,3,1]'          1
974    'PGamma[24,3,2]'          1
975    'PGamma[24,3,3]'          1
976    'PGamma[25,1,1]'          1
977    'PGamma[25,1,2]'          1
978    'PGamma[25,1,3]'          1
979    'PGamma[25,2,1]'          1
980    'PGamma[25,2,2]'          1
981    'PGamma[25,2,3]'          1
982    'PGamma[25,3,1]'          1
983    'PGamma[25,3,2]'          1
984    'PGamma[25,3,3]'          1
985    'PGamma[26,1,1]'          1
986    'PGamma[26,1,2]'          1
987    'PGamma[26,1,3]'          1
988    'PGamma[26,2,1]'          1
989    'PGamma[26,2,2]'          1
990    'PGamma[26,2,3]'          1
991    'PGamma[26,3,1]'          1
992    'PGamma[26,3,2]'          1
993    'PGamma[26,3,3]'          1
994    'PGamma[27,1,1]'          1
995    'PGamma[27,1,2]'          1
996    'PGamma[27,1,3]'          1
997    'PGamma[27,2,1]'          1
998    'PGamma[27,2,2]'          1
999    'PGamma[27,2,3]'          1
1000   'PGamma[27,3,1]'          1
1001   'PGamma[27,3,2]'          1
1002   'PGamma[27,3,3]'          1
1003   'PGamma[28,1,1]'          1
1004   'PGamma[28,1,2]'          1
1005   'PGamma[28,1,3]'          1
1006   'PGamma[28,2,1]'          1
1007   'PGamma[28,2,2]'          1
1008   'PGamma[28,2,3]'          1
1009   'PGamma[28,3,1]'          1
1010   'PGamma[28,3,2]'          1
1011   'PGamma[28,3,3]'          1
1012   'PGamma[29,1,1]'          1
1013   'PGamma[29,1,2]'          1
1014   'PGamma[29,1,3]'          1
1015   'PGamma[29,2,1]'          1
1016   'PGamma[29,2,2]'          1
1017   'PGamma[29,2,3]'          1
1018   'PGamma[29,3,1]'          1
1019   'PGamma[29,3,2]'          1
1020   'PGamma[29,3,3]'          1
1021   'PGamma[30,1,1]'          1
1022   'PGamma[30,1,2]'          1
1023   'PGamma[30,1,3]'          1
1024   'PGamma[30,2,1]'          1
1025   'PGamma[30,2,2]'          1
1026   'PGamma[30,2,3]'          1
1027   'PGamma[30,3,1]'          1
1028   'PGamma[30,3,2]'          1
1029   'PGamma[30,3,3]'          1
1030   'SGamma1[1,1]'        1e-06
1031   'SGamma1[1,2]'        1e-06
1032   'SGamma1[1,3]'        1e-06
1033   'SGamma1[2,1]'        1e-06
1034   'SGamma1[2,2]'        1e-06
1035   'SGamma1[2,3]'        1e-06
1036   'SGamma1[3,1]'        1e-06
1037   'SGamma1[3,2]'        1e-06
1038   'SGamma1[3,3]'        1e-06
1039   'SGamma1[4,1]'        1e-06
1040   'SGamma1[4,2]'        1e-06
1041   'SGamma1[4,3]'        1e-06
1042   'SGamma1[5,1]'        1e-06
1043   'SGamma1[5,2]'        1e-06
1044   'SGamma1[5,3]'        1e-06
1045   'SGamma1[6,1]'        1e-06
1046   'SGamma1[6,2]'        1e-06
1047   'SGamma1[6,3]'        1e-06
1048   'SGamma1[7,1]'        1e-06
1049   'SGamma1[7,2]'        1e-06
1050   'SGamma1[7,3]'        1e-06
1051   'SGamma1[8,1]'        1e-06
1052   'SGamma1[8,2]'        1e-06
1053   'SGamma1[8,3]'        1e-06
1054   'SGamma1[9,1]'        1e-06
1055   'SGamma1[9,2]'        1e-06
1056   'SGamma1[9,3]'        1e-06
1057   'SGamma1[10,1]'       1e-06
1058   'SGamma1[10,2]'       1e-06
1059   'SGamma1[10,3]'       1e-06
1060   'SGamma1[11,1]'       1e-06
1061   'SGamma1[11,2]'       1e-06
1062   'SGamma1[11,3]'       1e-06
1063   'SGamma1[12,1]'       1e-06
1064   'SGamma1[12,2]'       1e-06
1065   'SGamma1[12,3]'       1e-06
1066   'SGamma1[13,1]'       1e-06
1067   'SGamma1[13,2]'       1e-06
1068   'SGamma1[13,3]'       1e-06
1069   'SGamma1[14,1]'       1e-06
1070   'SGamma1[14,2]'       1e-06
1071   'SGamma1[14,3]'       1e-06
1072   'SGamma1[15,1]'       1e-06
1073   'SGamma1[15,2]'       1e-06
1074   'SGamma1[15,3]'       1e-06
1075   'SGamma1[16,1]'       1e-06
1076   'SGamma1[16,2]'       1e-06
1077   'SGamma1[16,3]'       1e-06
1078   'SGamma1[17,1]'       1e-06
1079   'SGamma1[17,2]'       1e-06
1080   'SGamma1[17,3]'       1e-06
1081   'SGamma1[18,1]'       1e-06
1082   'SGamma1[18,2]'       1e-06
1083   'SGamma1[18,3]'       1e-06
1084   'SGamma1[19,1]'       1e-06
1085   'SGamma1[19,2]'       1e-06
1086   'SGamma1[19,3]'       1e-06
1087   'SGamma1[20,1]'       1e-06
1088   'SGamma1[20,2]'       1e-06
1089   'SGamma1[20,3]'       1e-06
1090   'SGamma1[21,1]'       1e-06
1091   'SGamma1[21,2]'       1e-06
1092   'SGamma1[21,3]'       1e-06
1093   'SGamma1[22,1]'       1e-06
1094   'SGamma1[22,2]'       1e-06
1095   'SGamma1[22,3]'       1e-06
1096   'SGamma1[23,1]'       1e-06
1097   'SGamma1[23,2]'       1e-06
1098   'SGamma1[23,3]'       1e-06
1099   'SGamma1[24,1]'       1e-06
1100   'SGamma1[24,2]'       1e-06
1101   'SGamma1[24,3]'       1e-06
1102   'SGamma1[25,1]'       1e-06
1103   'SGamma1[25,2]'       1e-06
1104   'SGamma1[25,3]'       1e-06
1105   'SGamma1[26,1]'       1e-06
1106   'SGamma1[26,2]'       1e-06
1107   'SGamma1[26,3]'       1e-06
1108   'SGamma1[27,1]'       1e-06
1109   'SGamma1[27,2]'       1e-06
1110   'SGamma1[27,3]'       1e-06
1111   'SGamma1[28,1]'       1e-06
1112   'SGamma1[28,2]'       1e-06
1113   'SGamma1[28,3]'       1e-06
1114   'SGamma1[29,1]'       1e-06
1115   'SGamma1[29,2]'       1e-06
1116   'SGamma1[29,3]'       1e-06
1117   'SGamma1[30,1]'       1e-06
1118   'SGamma1[30,2]'       1e-06
1119   'SGamma1[30,3]'       1e-06
1120   'SGamma2[1,1]'            1
1121   'SGamma2[1,2]'            1
1122   'SGamma2[1,3]'            1
1123   'SGamma2[2,1]'            1
1124   'SGamma2[2,2]'            1
1125   'SGamma2[2,3]'            1
1126   'SGamma2[3,1]'            1
1127   'SGamma2[3,2]'            1
1128   'SGamma2[3,3]'            1
1129   'SGamma2[4,1]'            1
1130   'SGamma2[4,2]'            1
1131   'SGamma2[4,3]'            1
1132   'SGamma2[5,1]'            1
1133   'SGamma2[5,2]'            1
1134   'SGamma2[5,3]'            1
1135   'SGamma2[6,1]'            1
1136   'SGamma2[6,2]'            1
1137   'SGamma2[6,3]'            1
1138   'SGamma2[7,1]'            1
1139   'SGamma2[7,2]'            1
1140   'SGamma2[7,3]'            1
1141   'SGamma2[8,1]'            1
1142   'SGamma2[8,2]'            1
1143   'SGamma2[8,3]'            1
1144   'SGamma2[9,1]'            1
1145   'SGamma2[9,2]'            1
1146   'SGamma2[9,3]'            1
1147   'SGamma2[10,1]'           1
1148   'SGamma2[10,2]'           1
1149   'SGamma2[10,3]'           1
1150   'SGamma2[11,1]'           1
1151   'SGamma2[11,2]'           1
1152   'SGamma2[11,3]'           1
1153   'SGamma2[12,1]'           1
1154   'SGamma2[12,2]'           1
1155   'SGamma2[12,3]'           1
1156   'SGamma2[13,1]'           1
1157   'SGamma2[13,2]'           1
1158   'SGamma2[13,3]'           1
1159   'SGamma2[14,1]'           1
1160   'SGamma2[14,2]'           1
1161   'SGamma2[14,3]'           1
1162   'SGamma2[15,1]'           1
1163   'SGamma2[15,2]'           1
1164   'SGamma2[15,3]'           1
1165   'SGamma2[16,1]'           1
1166   'SGamma2[16,2]'           1
1167   'SGamma2[16,3]'           1
1168   'SGamma2[17,1]'           1
1169   'SGamma2[17,2]'           1
1170   'SGamma2[17,3]'           1
1171   'SGamma2[18,1]'           1
1172   'SGamma2[18,2]'           1
1173   'SGamma2[18,3]'           1
1174   'SGamma2[19,1]'           1
1175   'SGamma2[19,2]'           1
1176   'SGamma2[19,3]'           1
1177   'SGamma2[20,1]'           1
1178   'SGamma2[20,2]'           1
1179   'SGamma2[20,3]'           1
1180   'SGamma2[21,1]'           1
1181   'SGamma2[21,2]'           1
1182   'SGamma2[21,3]'           1
1183   'SGamma2[22,1]'           1
1184   'SGamma2[22,2]'           1
1185   'SGamma2[22,3]'           1
1186   'SGamma2[23,1]'           1
1187   'SGamma2[23,2]'           1
1188   'SGamma2[23,3]'           1
1189   'SGamma2[24,1]'           1
1190   'SGamma2[24,2]'           1
1191   'SGamma2[24,3]'           1
1192   'SGamma2[25,1]'           1
1193   'SGamma2[25,2]'           1
1194   'SGamma2[25,3]'           1
1195   'SGamma2[26,1]'           1
1196   'SGamma2[26,2]'           1
1197   'SGamma2[26,3]'           1
1198   'SGamma2[27,1]'           1
1199   'SGamma2[27,2]'           1
1200   'SGamma2[27,3]'           1
1201   'SGamma2[28,1]'           1
1202   'SGamma2[28,2]'           1
1203   'SGamma2[28,3]'           1
1204   'SGamma2[29,1]'           1
1205   'SGamma2[29,2]'           1
1206   'SGamma2[29,3]'           1
1207   'SGamma2[30,1]'           1
1208   'SGamma2[30,2]'           1
1209   'SGamma2[30,3]'           1
1210   'gamma[1,1]'              1
1211   'gamma[1,2]'              1
1212   'gamma[1,3]'              1
1213   'gamma[2,1]'              1
1214   'gamma[2,2]'              1
1215   'gamma[2,3]'              1
1216   'gamma[3,1]'              1
1217   'gamma[3,2]'              1
1218   'gamma[3,3]'              1
1219   'gamma[4,1]'              1
1220   'gamma[4,2]'              1
1221   'gamma[4,3]'              1
1222   'gamma[5,1]'              1
1223   'gamma[5,2]'              1
1224   'gamma[5,3]'              1
1225   'gamma[6,1]'              1
1226   'gamma[6,2]'              1
1227   'gamma[6,3]'              1
1228   'gamma[7,1]'              1
1229   'gamma[7,2]'              1
1230   'gamma[7,3]'              1
1231   'gamma[8,1]'              1
1232   'gamma[8,2]'              1
1233   'gamma[8,3]'              1
1234   'gamma[9,1]'              1
1235   'gamma[9,2]'              1
1236   'gamma[9,3]'              1
1237   'gamma[10,1]'             1
1238   'gamma[10,2]'             1
1239   'gamma[10,3]'             1
1240   'gamma[11,1]'             1
1241   'gamma[11,2]'             1
1242   'gamma[11,3]'             1
1243   'gamma[12,1]'             1
1244   'gamma[12,2]'             1
1245   'gamma[12,3]'             1
1246   'gamma[13,1]'             1
1247   'gamma[13,2]'             1
1248   'gamma[13,3]'             1
1249   'gamma[14,1]'             1
1250   'gamma[14,2]'             1
1251   'gamma[14,3]'             1
1252   'gamma[15,1]'             1
1253   'gamma[15,2]'             1
1254   'gamma[15,3]'             1
1255   'gamma[16,1]'             1
1256   'gamma[16,2]'             1
1257   'gamma[16,3]'             1
1258   'gamma[17,1]'             1
1259   'gamma[17,2]'             1
1260   'gamma[17,3]'             1
1261   'gamma[18,1]'             1
1262   'gamma[18,2]'             1
1263   'gamma[18,3]'             1
1264   'gamma[19,1]'             1
1265   'gamma[19,2]'             1
1266   'gamma[19,3]'             1
1267   'gamma[20,1]'             1
1268   'gamma[20,2]'             1
1269   'gamma[20,3]'             1
1270   'gamma[21,1]'             1
1271   'gamma[21,2]'             1
1272   'gamma[21,3]'             1
1273   'gamma[22,1]'             1
1274   'gamma[22,2]'             1
1275   'gamma[22,3]'             1
1276   'gamma[23,1]'             1
1277   'gamma[23,2]'             1
1278   'gamma[23,3]'             1
1279   'gamma[24,1]'             1
1280   'gamma[24,2]'             1
1281   'gamma[24,3]'             1
1282   'gamma[25,1]'             1
1283   'gamma[25,2]'             1
1284   'gamma[25,3]'             1
1285   'gamma[26,1]'             1
1286   'gamma[26,2]'             1
1287   'gamma[26,3]'             1
1288   'gamma[27,1]'             1
1289   'gamma[27,2]'             1
1290   'gamma[27,3]'             1
1291   'gamma[28,1]'             1
1292   'gamma[28,2]'             1
1293   'gamma[28,3]'             1
1294   'gamma[29,1]'             1
1295   'gamma[29,2]'             1
1296   'gamma[29,3]'             1
1297   'gamma[30,1]'             1
1298   'gamma[30,2]'             1
1299   'gamma[30,3]'             1
1300   'PrS[1,1]'           949472
1301   'PrS[1,2]'           530889
1302   'PrS[1,3]'           179611
1303   'PrS[2,1]'           854242
1304   'PrS[2,2]'           473119
1305   'PrS[2,3]'           156645
1306   'PrS[3,1]'           735839
1307   'PrS[3,2]'           401958
1308   'PrS[3,3]'           128993
1309   'PrS[4,1]'           630365
1310   'PrS[4,2]'           339301
1311   'PrS[4,3]'           105333
1312   'PrS[5,1]'           561174
1313   'PrS[5,2]'           298643
1314   'PrS[5,3]'            90384.4
1315   'PrS[6,1]'           524559
1316   'PrS[6,2]'           277290
1317   'PrS[6,3]'            82678.6
1318   'PrS[7,1]'           507235
1319   'PrS[7,2]'           267230
1320   'PrS[7,3]'            79085.6
1321   'PrS[8,1]'           499094
1322   'PrS[8,2]'           262513
1323   'PrS[8,3]'            77409.5
1324   'PrS[9,1]'           494575
1325   'PrS[9,2]'           259897
1326   'PrS[9,3]'            76482.4
1327   'PrS[10,1]'          490735
1328   'PrS[10,2]'          257676
1329   'PrS[10,3]'           75696.6
1330   'PrS[11,1]'          485638
1331   'PrS[11,2]'          254730
1332   'PrS[11,3]'           74656.2
1333   'PrS[12,1]'          477412
1334   'PrS[12,2]'          249981
1335   'PrS[12,3]'           72984.2
1336   'PrS[13,1]'          463862
1337   'PrS[13,2]'          242175
1338   'PrS[13,3]'           70248.4
1339   'PrS[14,1]'          442782
1340   'PrS[14,2]'          230069
1341   'PrS[14,3]'           66039.2
1342   'PrS[15,1]'          413374
1343   'PrS[15,2]'          213266
1344   'PrS[15,3]'           60267.1
1345   'PrS[16,1]'          413363
1346   'PrS[16,2]'          213260
1347   'PrS[16,3]'           60265
1348   'PrS[17,1]'          413342
1349   'PrS[17,2]'          213248
1350   'PrS[17,3]'           60261
1351   'PrS[18,1]'          413304
1352   'PrS[18,2]'          213227
1353   'PrS[18,3]'           60253.6
1354   'PrS[19,1]'          413234
1355   'PrS[19,2]'          213187
1356   'PrS[19,3]'           60239.9
1357   'PrS[20,1]'          413104
1358   'PrS[20,2]'          213113
1359   'PrS[20,3]'           60214.8
1360   'PrS[21,1]'          412866
1361   'PrS[21,2]'          212977
1362   'PrS[21,3]'           60168.5
1363   'PrS[22,1]'          412428
1364   'PrS[22,2]'          212728
1365   'PrS[22,3]'           60083.5
1366   'PrS[23,1]'          411627
1367   'PrS[23,2]'          212272
1368   'PrS[23,3]'           59928.1
1369   'PrS[24,1]'          410175
1370   'PrS[24,2]'          211445
1371   'PrS[24,3]'           59646.6
1372   'PrS[25,1]'          407580
1373   'PrS[25,2]'          209968
1374   'PrS[25,3]'           59144.3
1375   'PrS[26,1]'          403061
1376   'PrS[26,2]'          207399
1377   'PrS[26,3]'           58271.7
1378   'PrS[27,1]'          395517
1379   'PrS[27,2]'          203115
1380   'PrS[27,3]'           56821.8
1381   'PrS[28,1]'          383670
1382   'PrS[28,2]'          196403
1383   'PrS[28,3]'           54562
1384   'PrS[29,1]'          366095
1385   'PrS[29,2]'          186480
1386   'PrS[29,3]'           51248.9
1387   'PrS[30,1]'          338869
1388   'PrS[30,2]'          171196
1389   'PrS[30,3]'           46213.6
1390   'PrSF[1]'            371002
1391   'PrSF[2]'            189246
1392   'PrSF[3]'             52169.1
1393   Vap                     183.861
;

