solve_message = 'CONOPT 3.17A: Locally optimal; objective 212.00224922218274\
15 iterations; evals: nf = 19, ng = 0, nc = 221, nJ = 22, nH = 1, nHv = 8'

:      _varname         _var         :=
1     'F[2]'          0
2     'F[3]'          0
3     'F[4]'          0
4     'F[5]'          0
5     'F[6]'          0
6     'F[7]'          0
7     'F[8]'        100
8     'F[9]'          0
9     'F[10]'         0
10    'F[11]'         0
11    'F[12]'         0
12    'F[13]'         0
13    'F[14]'         0
14    'Vs[1]'       129.067
15    'Vs[2]'        82.9352
16    'y[1,1,1]'      7.44084e-05
17    'y[1,1,2]'      0.0947217
18    'y[1,1,3]'      0.905204
19    'y[1,2,1]'      0.000338231
20    'y[1,2,2]'      0.176025
21    'y[1,2,3]'      0.823637
22    'y[1,3,1]'      0.00138262
23    'y[1,3,2]'      0.290019
24    'y[1,3,3]'      0.708599
25    'y[1,4,1]'      0.00508603
26    'y[1,4,2]'      0.423733
27    'y[1,4,3]'      0.571181
28    'y[1,5,1]'      0.0167095
29    'y[1,5,2]'      0.547975
30    'y[1,5,3]'      0.435316
31    'y[1,6,1]'      0.0489797
32    'y[1,6,2]'      0.629209
33    'y[1,6,3]'      0.321811
34    'y[1,7,1]'      0.126992
35    'y[1,7,2]'      0.63765
36    'y[1,7,3]'      0.235358
37    'y[1,8,1]'      0.280663
38    'y[1,8,2]'      0.550735
39    'y[1,8,3]'      0.168602
40    'y[1,9,1]'      0.282237
41    'y[1,9,2]'      0.564795
42    'y[1,9,3]'      0.152968
43    'y[1,10,1]'     0.284189
44    'y[1,10,2]'     0.581606
45    'y[1,10,3]'     0.134205
46    'y[1,11,1]'     0.286701
47    'y[1,11,2]'     0.600438
48    'y[1,11,3]'     0.112861
49    'y[1,12,1]'     0.290664
50    'y[1,12,2]'     0.619373
51    'y[1,12,3]'     0.0899627
52    'y[1,13,1]'     0.299983
53    'y[1,13,2]'     0.633262
54    'y[1,13,3]'     0.0667548
55    'y[1,14,1]'     0.329695
56    'y[1,14,2]'     0.626047
57    'y[1,14,3]'     0.0442577
58    'y[1,15,1]'     0.426493
59    'y[1,15,2]'     0.550281
60    'y[1,15,3]'     0.0232263
61    'y[2,1,1]'      0.0321672
62    'y[2,1,2]'      0.949511
63    'y[2,1,3]'      0.018322
64    'y[2,2,1]'      0.065375
65    'y[2,2,2]'      0.923654
66    'y[2,2,3]'      0.0109712
67    'y[2,3,1]'      0.118087
68    'y[2,3,2]'      0.873388
69    'y[2,3,3]'      0.00852575
70    'y[2,4,1]'      0.194891
71    'y[2,4,2]'      0.79767
72    'y[2,4,3]'      0.00743876
73    'y[2,5,1]'      0.293775
74    'y[2,5,2]'      0.69957
75    'y[2,5,3]'      0.00665492
76    'y[2,6,1]'      0.402575
77    'y[2,6,2]'      0.591492
78    'y[2,6,3]'      0.00593275
79    'y[2,7,1]'      0.503397
80    'y[2,7,2]'      0.49131
81    'y[2,7,3]'      0.00529285
82    'y[2,8,1]'      0.583003
83    'y[2,8,2]'      0.412204
84    'y[2,8,3]'      0.00479329
85    'y[2,9,1]'      0.638277
86    'y[2,9,2]'      0.357276
87    'y[2,9,3]'      0.00444746
88    'y[2,10,1]'     0.67332
89    'y[2,10,2]'     0.322452
90    'y[2,10,3]'     0.0042284
91    'y[2,11,1]'     0.694271
92    'y[2,11,2]'     0.301631
93    'y[2,11,3]'     0.00409746
94    'y[2,12,1]'     0.757786
95    'y[2,12,2]'     0.240682
96    'y[2,12,3]'     0.00153221
97    'y[2,13,1]'     0.826659
98    'y[2,13,2]'     0.172818
99    'y[2,13,3]'     0.00052276
100   'y[2,14,1]'     0.89033
101   'y[2,14,2]'     0.109509
102   'y[2,14,3]'     0.000160618
103   'y[2,15,1]'     0.940905
104   'y[2,15,2]'     0.0590527
105   'y[2,15,3]'     4.26416e-05
106   'Ls[1]'       158.727
107   'Ls[2]'       121.902
108   'x[1,1,1]'      1.31775e-05
109   'x[1,1,2]'      0.0435982
110   'x[1,1,3]'      0.956389
111   'x[1,2,1]'      6.29668e-05
112   'x[1,2,2]'      0.0851687
113   'x[1,2,3]'      0.914768
114   'x[1,3,1]'      0.000277491
115   'x[1,3,2]'      0.151279
116   'x[1,3,3]'      0.848443
117   'x[1,4,1]'      0.00112673
118   'x[1,4,2]'      0.243972
119   'x[1,4,3]'      0.754901
120   'x[1,5,1]'      0.00413811
121   'x[1,5,2]'      0.352701
122   'x[1,5,3]'      0.643161
123   'x[1,6,1]'      0.0135896
124   'x[1,6,2]'      0.453727
125   'x[1,6,3]'      0.532684
126   'x[1,7,1]'      0.0398298
127   'x[1,7,2]'      0.519781
128   'x[1,7,3]'      0.440389
129   'x[1,8,1]'      0.103265
130   'x[1,8,2]'      0.526645
131   'x[1,8,3]'      0.37009
132   'x[1,9,1]'      0.105995
133   'x[1,9,2]'      0.551278
134   'x[1,9,3]'      0.342727
135   'x[1,10,1]'     0.109453
136   'x[1,10,2]'     0.58218
137   'x[1,10,3]'     0.308366
138   'x[1,11,1]'     0.113745
139   'x[1,11,2]'     0.619125
140   'x[1,11,3]'     0.26713
141   'x[1,12,1]'     0.119265
142   'x[1,12,2]'     0.660514
143   'x[1,12,3]'     0.220222
144   'x[1,13,1]'     0.127974
145   'x[1,13,2]'     0.702129
146   'x[1,13,3]'     0.169896
147   'x[1,14,1]'     0.148455
148   'x[1,14,2]'     0.732654
149   'x[1,14,3]'     0.118891
150   'x[1,15,1]'     0.213755
151   'x[1,15,2]'     0.716797
152   'x[1,15,3]'     0.0694482
153   'x[2,1,1]'      0.0123281
154   'x[2,1,2]'      0.94578
155   'x[2,1,3]'      0.0418921
156   'x[2,2,1]'      0.0258255
157   'x[2,2,2]'      0.948318
158   'x[2,2,3]'      0.0258564
159   'x[2,3,1]'      0.0484181
160   'x[2,3,2]'      0.930727
161   'x[2,3,3]'      0.0208553
162   'x[2,4,1]'      0.0842801
163   'x[2,4,2]'      0.896528
164   'x[2,4,3]'      0.0191915
165   'x[2,5,1]'      0.136533
166   'x[2,5,2]'      0.845015
167   'x[2,5,3]'      0.018452
168   'x[2,6,1]'      0.203808
169   'x[2,6,2]'      0.778273
170   'x[2,6,3]'      0.0179187
171   'x[2,7,1]'      0.277829
172   'x[2,7,2]'      0.704743
173   'x[2,7,3]'      0.0174274
174   'x[2,8,1]'      0.346423
175   'x[2,8,2]'      0.636585
176   'x[2,8,3]'      0.0169921
177   'x[2,9,1]'      0.400582
178   'x[2,9,2]'      0.582766
179   'x[2,9,3]'      0.0166522
180   'x[2,10,1]'     0.438187
181   'x[2,10,2]'     0.545396
182   'x[2,10,3]'     0.0164169
183   'x[2,11,1]'     0.462029
184   'x[2,11,2]'     0.521704
185   'x[2,11,3]'     0.0162679
186   'x[2,12,1]'     0.544206
187   'x[2,12,2]'     0.44923
188   'x[2,12,3]'     0.00656464
189   'x[2,13,1]'     0.646366
190   'x[2,13,2]'     0.351196
191   'x[2,13,3]'     0.00243854
192   'x[2,14,1]'     0.757146
193   'x[2,14,2]'     0.242039
194   'x[2,14,3]'     0.000814891
195   'x[2,15,1]'     0.859558
196   'x[2,15,2]'     0.140209
197   'x[2,15,3]'     0.000232402
198   'CC[2]'         0
199   'CC[3]'         0
200   'CC[4]'         0
201   'CC[5]'         0
202   'CC[6]'         0
203   'CC[7]'         0
204   'CC[8]'         0
205   'CC[9]'         0
206   'CC[10]'        0
207   'CC[11]'       70.3402
208   'CC[12]'        0
209   'CC[13]'        0
210   'CC[14]'        0
211   'CR[2]'         0
212   'CR[3]'         0
213   'CR[4]'         0
214   'CR[5]'         0
215   'CR[6]'         0
216   'CR[7]'         0
217   'CR[8]'         0
218   'CR[9]'         0
219   'CR[10]'        0
220   'CR[11]'        0
221   'CR[12]'        0
222   'CR[13]'        0
223   'CR[14]'        0
224   'PC[1]'         0
225   'PC[2]'        31.3732
226   'PR[1]'        29.6598
227   'PR[2]'        38.967
228   'PS[2]'         0
229   'PS[3]'         0
230   'PS[4]'         0
231   'PS[5]'         0
232   'PS[6]'         0
233   'PS[7]'         0
234   'PS[8]'         0
235   'PS[9]'         0
236   'PS[10]'        0
237   'PS[11]'        0
238   'PS[12]'        0
239   'PS[13]'        0
240   'PS[14]'        0
241   Vap           212.002
242   Sep            90
;

