solve_message =
'CONOPT 3.17A: Bogus "Termination by solver" (CONOPT bug); objective 2395.4954884489\
82 iterations; evals: nf = 258, ng = 0, nc = 811, nJ = 70, nH = 7, nHv = 37'

:      _varname          _var         :=
1     'F[2]'           0
2     'F[3]'           0
3     'F[4]'           0
4     'F[5]'           0
5     'F[6]'           0
6     'F[7]'           0
7     'F[8]'         100
8     'F[9]'           0
9     'F[10]'          0
10    'F[11]'          0
11    'F[12]'          0
12    'F[13]'          0
13    'F[14]'          0
14    'Vs[1]'       1276.07
15    'Vs[2]'       1119.43
16    'y[1,1,1]'       4.49478e-07
17    'y[1,1,2]'       0.00640924
18    'y[1,1,3]'       0.99359
19    'y[1,2,1]'       2.60892e-06
20    'y[1,2,2]'       0.0144039
21    'y[1,2,3]'       0.985594
22    'y[1,3,1]'       1.49436e-05
23    'y[1,3,2]'       0.0318676
24    'y[1,3,3]'       0.968117
25    'y[1,4,1]'       8.37245e-05
26    'y[1,4,2]'       0.0688312
27    'y[1,4,3]'       0.931085
28    'y[1,5,1]'       0.000448718
29    'y[1,5,2]'       0.142071
30    'y[1,5,3]'       0.857481
31    'y[1,6,1]'       0.00221265
32    'y[1,6,2]'       0.269672
33    'y[1,6,3]'       0.728115
34    'y[1,7,1]'       0.00953842
35    'y[1,7,2]'       0.4474
36    'y[1,7,3]'       0.543061
37    'y[1,8,1]'       0.0344766
38    'y[1,8,2]'       0.622301
39    'y[1,8,3]'       0.343222
40    'y[1,9,1]'       0.0370643
41    'y[1,9,2]'       0.76854
42    'y[1,9,3]'       0.194396
43    'y[1,10,1]'      0.0410997
44    'y[1,10,2]'      0.860132
45    'y[1,10,3]'      0.0987681
46    'y[1,11,1]'      0.0498236
47    'y[1,11,2]'      0.903314
48    'y[1,11,3]'      0.046862
49    'y[1,12,1]'      0.0711796
50    'y[1,12,2]'      0.907602
51    'y[1,12,3]'      0.021218
52    'y[1,13,1]'      0.122737
53    'y[1,13,2]'      0.868134
54    'y[1,13,3]'      0.00912871
55    'y[1,14,1]'      0.234726
56    'y[1,14,2]'      0.76168
57    'y[1,14,3]'      0.00359353
58    'y[1,15,1]'      0.428572
59    'y[1,15,2]'      0.570228
60    'y[1,15,3]'      0.00119981
61    'y[2,1,1]'       0.00215199
62    'y[2,1,2]'       0.996933
63    'y[2,1,3]'       0.00091495
64    'y[2,2,1]'       0.00545895
65    'y[2,2,2]'       0.994126
66    'y[2,2,3]'       0.000415229
67    'y[2,3,1]'       0.0136607
68    'y[2,3,2]'       0.986135
69    'y[2,3,3]'       0.000204533
70    'y[2,4,1]'       0.0336481
71    'y[2,4,2]'       0.966237
72    'y[2,4,3]'       0.000115171
73    'y[2,5,1]'       0.0803412
74    'y[2,5,2]'       0.919583
75    'y[2,5,3]'       7.60543e-05
76    'y[2,6,1]'       0.179431
77    'y[2,6,2]'       0.820512
78    'y[2,6,3]'       5.65369e-05
79    'y[2,7,1]'       0.352654
80    'y[2,7,2]'       0.647303
81    'y[2,7,3]'       4.33346e-05
82    'y[2,8,1]'       0.573037
83    'y[2,8,2]'       0.426931
84    'y[2,8,3]'       3.22351e-05
85    'y[2,9,1]'       0.763017
86    'y[2,9,2]'       0.236959
87    'y[2,9,3]'       2.39384e-05
88    'y[2,10,1]'      0.879148
89    'y[2,10,2]'      0.120833
90    'y[2,10,3]'      1.91123e-05
91    'y[2,11,1]'      0.935905
92    'y[2,11,2]'      0.0640785
93    'y[2,11,3]'      1.67975e-05
94    'y[2,12,1]'      0.973612
95    'y[2,12,2]'      0.0263853
96    'y[2,12,3]'      3.01519e-06
97    'y[2,13,1]'      0.989409
98    'y[2,13,2]'      0.0105907
99    'y[2,13,3]'      5.28051e-07
100   'y[2,14,1]'      0.995802
101   'y[2,14,2]'      0.00419771
102   'y[2,14,3]'      9.14875e-08
103   'y[2,15,1]'      0.998353
104   'y[2,15,2]'      0.00164649
105   'y[2,15,3]'      1.57262e-08
106   'Ls[1]'       1306.07
107   'Ls[2]'       1159.41
108   'x[1,1,1]'       7.56146e-08
109   'x[1,1,2]'       0.00280228
110   'x[1,1,3]'       0.997198
111   'x[1,2,1]'       4.4089e-07
112   'x[1,2,2]'       0.00632639
113   'x[1,2,3]'       0.993673
114   'x[1,3,1]'       2.55073e-06
115   'x[1,3,2]'       0.0141374
116   'x[1,3,3]'       0.98586
117   'x[1,4,1]'       1.46021e-05
118   'x[1,4,2]'       0.0312
119   'x[1,4,3]'       0.968785
120   'x[1,5,1]'       8.18031e-05
121   'x[1,5,2]'       0.0673145
122   'x[1,5,3]'       0.932604
123   'x[1,6,1]'       0.000438413
124   'x[1,6,2]'       0.138872
125   'x[1,6,3]'       0.86069
126   'x[1,7,1]'       0.00216183
127   'x[1,7,2]'       0.263542
128   'x[1,7,3]'       0.734296
129   'x[1,8,1]'       0.00931932
130   'x[1,8,2]'       0.437188
131   'x[1,8,3]'       0.553493
132   'x[1,9,1]'       0.0116034
133   'x[1,9,2]'       0.625323
134   'x[1,9,3]'       0.363073
135   'x[1,10,1]'      0.0143413
136   'x[1,10,2]'      0.78005
137   'x[1,10,3]'      0.205609
138   'x[1,11,1]'      0.0186109
139   'x[1,11,2]'      0.876958
140   'x[1,11,3]'      0.104431
141   'x[1,12,1]'      0.0278411
142   'x[1,12,2]'      0.922647
143   'x[1,12,3]'      0.0495122
144   'x[1,13,1]'      0.0504366
145   'x[1,13,2]'      0.927184
146   'x[1,13,3]'      0.0223798
147   'x[1,14,1]'      0.104986
148   'x[1,14,2]'      0.885425
149   'x[1,14,3]'      0.0095889
150   'x[1,15,1]'      0.223475
151   'x[1,15,2]'      0.772792
152   'x[1,15,3]'      0.00373246
153   'x[2,1,1]'       0.00082812
154   'x[2,1,2]'       0.997071
155   'x[2,1,3]'       0.00210052
156   'x[2,2,1]'       0.00210634
157   'x[2,2,2]'       0.996938
158   'x[2,2,3]'       0.000955835
159   'x[2,3,1]'       0.00529925
160   'x[2,3,2]'       0.994227
161   'x[2,3,3]'       0.000473348
162   'x[2,4,1]'       0.0132182
163   'x[2,4,2]'       0.986512
164   'x[2,4,3]'       0.000269918
165   'x[2,5,1]'       0.0325163
166   'x[2,5,2]'       0.9673
167   'x[2,5,3]'       0.000183638
168   'x[2,6,1]'       0.0775991
169   'x[2,6,2]'       0.922255
170   'x[2,6,3]'       0.00014587
171   'x[2,7,1]'       0.173272
172   'x[2,7,2]'       0.826601
173   'x[2,7,3]'       0.000127026
174   'x[2,8,1]'       0.340521
175   'x[2,8,2]'       0.659365
176   'x[2,8,3]'       0.000114279
177   'x[2,9,1]'       0.553304
178   'x[2,9,2]'       0.446593
179   'x[2,9,3]'       0.000103562
180   'x[2,10,1]'      0.736732
181   'x[2,10,2]'      0.263173
182   'x[2,10,3]'      9.55515e-05
183   'x[2,11,1]'      0.848858
184   'x[2,11,2]'      0.151051
185   'x[2,11,3]'      9.08919e-05
186   'x[2,12,1]'      0.934184
187   'x[2,12,2]'      0.0657986
188   'x[2,12,3]'      1.72599e-05
189   'x[2,13,1]'      0.97293
190   'x[2,13,2]'      0.0270669
191   'x[2,13,3]'      3.09783e-06
192   'x[2,14,1]'      0.989162
193   'x[2,14,2]'      0.0108372
194   'x[2,14,3]'      5.42167e-07
195   'x[2,15,1]'      0.995732
196   'x[2,15,2]'      0.00426801
197   'x[2,15,3]'      9.3575e-08
198   'CC[2]'          0
199   'CC[3]'          0
200   'CC[4]'          0
201   'CC[5]'          0
202   'CC[6]'          0
203   'CC[7]'          0
204   'CC[8]'          0
205   'CC[9]'          0
206   'CC[10]'         0
207   'CC[11]'        69.9999
208   'CC[12]'         0
209   'CC[13]'         0
210   'CC[14]'         0
211   'CR[2]'          0
212   'CR[3]'          0
213   'CR[4]'          0
214   'CR[5]'          0
215   'CR[6]'          0
216   'CR[7]'          0
217   'CR[8]'          0
218   'CR[9]'          0
219   'CR[10]'         0
220   'CR[11]'         0
221   'CR[12]'         0
222   'CR[13]'         0
223   'CR[14]'         0
224   'PC[1]'          0
225   'PC[2]'         30.0163
226   'PR[1]'         30.0001
227   'PR[2]'         39.9836
228   'PS[2]'          0
229   'PS[3]'          0
230   'PS[4]'          0
231   'PS[5]'          0
232   'PS[6]'          0
233   'PS[7]'          0
234   'PS[8]'          0
235   'PS[9]'          0
236   'PS[10]'         0
237   'PS[11]'         0
238   'PS[12]'         0
239   'PS[13]'         0
240   'PS[14]'         0
241   Vap           2395.5
242   Sep             99.5
;

