solve_message = 'MINLP-B&B (20100607): Optimal solution found\
1 subproblem, objective = 181.2712148\
Evals: obj = 28, constr = 68, grad = 44, Hes = 56'

:      _varname         _var         :=
1     'F[2]'          0
2     'F[3]'          0
3     'F[4]'          0
4     'F[5]'          0
5     'F[6]'          0
6     'F[7]'          0
7     'F[8]'          0
8     'F[9]'          0
9     'F[10]'         0
10    'F[11]'         0
11    'F[12]'         0
12    'F[13]'         0
13    'F[14]'         0
14    'F[15]'       100
15    'F[16]'         0
16    'F[17]'         0
17    'F[18]'         0
18    'F[19]'         0
19    'F[20]'         0
20    'F[21]'         0
21    'F[22]'         0
22    'F[23]'         0
23    'F[24]'         0
24    'F[25]'         0
25    'F[26]'         0
26    'F[27]'         0
27    'F[28]'         0
28    'F[29]'         0
29    'Vs[1]'       106.996
30    'Vs[2]'        74.2751
31    'y[1,1,1]'      3.95119e-08
32    'y[1,1,2]'      0.0345945
33    'y[1,1,3]'      0.965405
34    'y[1,2,1]'      1.89677e-07
35    'y[1,2,2]'      0.0680064
36    'y[1,2,3]'      0.931993
37    'y[1,3,1]'      8.5303e-07
38    'y[1,3,2]'      0.12312
39    'y[1,3,3]'      0.876879
40    'y[1,4,1]'      3.61748e-06
41    'y[1,4,2]'      0.206636
42    'y[1,4,3]'      0.793361
43    'y[1,5,1]'      1.42261e-05
44    'y[1,5,2]'      0.318212
45    'y[1,5,3]'      0.681774
46    'y[1,6,1]'      5.10618e-05
47    'y[1,6,2]'      0.444603
48    'y[1,6,3]'      0.555346
49    'y[1,7,1]'      0.000166813
50    'y[1,7,2]'      0.56356
51    'y[1,7,3]'      0.436273
52    'y[1,8,1]'      0.000502396
53    'y[1,8,2]'      0.657399
54    'y[1,8,3]'      0.342098
55    'y[1,9,1]'      0.00142446
56    'y[1,9,2]'      0.721269
57    'y[1,9,3]'      0.277307
58    'y[1,10,1]'     0.0038779
59    'y[1,10,2]'     0.75943
60    'y[1,10,3]'     0.236692
61    'y[1,11,1]'     0.0102683
62    'y[1,11,2]'     0.777539
63    'y[1,11,3]'     0.212192
64    'y[1,12,1]'     0.0265394
65    'y[1,12,2]'     0.776956
66    'y[1,12,3]'     0.196505
67    'y[1,13,1]'     0.0662946
68    'y[1,13,2]'     0.750355
69    'y[1,13,3]'     0.18335
70    'y[1,14,1]'     0.155024
71    'y[1,14,2]'     0.678493
72    'y[1,14,3]'     0.166483
73    'y[1,15,1]'     0.319049
74    'y[1,15,2]'     0.540247
75    'y[1,15,3]'     0.140705
76    'y[1,16,1]'     0.319052
77    'y[1,16,2]'     0.540267
78    'y[1,16,3]'     0.140682
79    'y[1,17,1]'     0.319056
80    'y[1,17,2]'     0.540301
81    'y[1,17,3]'     0.140643
82    'y[1,18,1]'     0.319064
83    'y[1,18,2]'     0.54036
84    'y[1,18,3]'     0.140576
85    'y[1,19,1]'     0.319077
86    'y[1,19,2]'     0.540462
87    'y[1,19,3]'     0.140461
88    'y[1,20,1]'     0.3191
89    'y[1,20,2]'     0.540636
90    'y[1,20,3]'     0.140263
91    'y[1,21,1]'     0.31914
92    'y[1,21,2]'     0.540936
93    'y[1,21,3]'     0.139925
94    'y[1,22,1]'     0.319207
95    'y[1,22,2]'     0.541449
96    'y[1,22,3]'     0.139344
97    'y[1,23,1]'     0.319323
98    'y[1,23,2]'     0.542325
99    'y[1,23,3]'     0.138352
100   'y[1,24,1]'     0.319521
101   'y[1,24,2]'     0.543818
102   'y[1,24,3]'     0.136661
103   'y[1,25,1]'     0.319861
104   'y[1,25,2]'     0.546339
105   'y[1,25,3]'     0.1338
106   'y[1,26,1]'     0.32047
107   'y[1,26,2]'     0.550527
108   'y[1,26,3]'     0.129003
109   'y[1,27,1]'     0.321711
110   'y[1,27,2]'     0.557204
111   'y[1,27,3]'     0.121085
112   'y[1,28,1]'     0.32519
113   'y[1,28,2]'     0.566534
114   'y[1,28,3]'     0.108276
115   'y[1,29,1]'     0.339421
116   'y[1,29,2]'     0.572604
117   'y[1,29,3]'     0.0879748
118   'y[1,30,1]'     0.406676
119   'y[1,30,2]'     0.536768
120   'y[1,30,3]'     0.0565563
121   'y[2,1,1]'      0.00495851
122   'y[2,1,2]'      0.950528
123   'y[2,1,3]'      0.0445138
124   'y[2,2,1]'      0.0101879
125   'y[2,2,2]'      0.961191
126   'y[2,2,3]'      0.0286214
127   'y[2,3,1]'      0.0188433
128   'y[2,3,2]'      0.957323
129   'y[2,3,3]'      0.0238341
130   'y[2,4,1]'      0.0330058
131   'y[2,4,2]'      0.944743
132   'y[2,4,3]'      0.022251
133   'y[2,5,1]'      0.0556682
134   'y[2,5,2]'      0.922844
135   'y[2,5,3]'      0.0214878
136   'y[2,6,1]'      0.0906238
137   'y[2,6,2]'      0.888577
138   'y[2,6,3]'      0.020799
139   'y[2,7,1]'      0.141578
140   'y[2,7,2]'      0.838497
141   'y[2,7,3]'      0.019925
142   'y[2,8,1]'      0.21004
143   'y[2,8,2]'      0.771176
144   'y[2,8,3]'      0.0187839
145   'y[2,9,1]'      0.292603
146   'y[2,9,2]'      0.689981
147   'y[2,9,3]'      0.0174155
148   'y[2,10,1]'     0.380128
149   'y[2,10,2]'     0.603905
150   'y[2,10,3]'     0.0159668
151   'y[2,11,1]'     0.461098
152   'y[2,11,2]'     0.524276
153   'y[2,11,3]'     0.0146269
154   'y[2,12,1]'     0.527095
155   'y[2,12,2]'     0.45937
156   'y[2,12,3]'     0.0135348
157   'y[2,13,1]'     0.575557
158   'y[2,13,2]'     0.41171
159   'y[2,13,3]'     0.0127329
160   'y[2,14,1]'     0.608483
161   'y[2,14,2]'     0.379329
162   'y[2,14,3]'     0.0121881
163   'y[2,15,1]'     0.62969
164   'y[2,15,2]'     0.358473
165   'y[2,15,3]'     0.0118372
166   'y[2,16,1]'     0.642882
167   'y[2,16,2]'     0.345499
168   'y[2,16,3]'     0.0116189
169   'y[2,17,1]'     0.650911
170   'y[2,17,2]'     0.337603
171   'y[2,17,3]'     0.011486
172   'y[2,18,1]'     0.655735
173   'y[2,18,2]'     0.332859
174   'y[2,18,3]'     0.0114062
175   'y[2,19,1]'     0.658608
176   'y[2,19,2]'     0.330033
177   'y[2,19,3]'     0.0113587
178   'y[2,20,1]'     0.660313
179   'y[2,20,2]'     0.328357
180   'y[2,20,3]'     0.0113305
181   'y[2,21,1]'     0.674631
182   'y[2,21,2]'     0.320392
183   'y[2,21,3]'     0.00497653
184   'y[2,22,1]'     0.693632
185   'y[2,22,2]'     0.304239
186   'y[2,22,3]'     0.00212889
187   'y[2,23,1]'     0.719523
188   'y[2,23,2]'     0.279594
189   'y[2,23,3]'     0.000882934
190   'y[2,24,1]'     0.753389
191   'y[2,24,2]'     0.246258
192   'y[2,24,3]'     0.000352034
193   'y[2,25,1]'     0.794365
194   'y[2,25,2]'     0.205501
195   'y[2,25,3]'     0.000133657
196   'y[2,26,1]'     0.83919
197   'y[2,26,2]'     0.160762
198   'y[2,26,3]'     4.79607e-05
199   'y[2,27,1]'     0.883036
200   'y[2,27,2]'     0.116948
201   'y[2,27,3]'     1.62122e-05
202   'y[2,28,1]'     0.921452
203   'y[2,28,2]'     0.0785432
204   'y[2,28,3]'     5.16065e-06
205   'y[2,29,1]'     0.951988
206   'y[2,29,2]'     0.0480101
207   'y[2,29,3]'     1.53617e-06
208   'y[2,30,1]'     0.974436
209   'y[2,30,2]'     0.0255631
210   'y[2,30,3]'     4.06884e-07
211   'Ls[1]'       133.227
212   'Ls[2]'       117.337
213   'x[1,1,1]'      6.75483e-09
214   'x[1,1,2]'      0.0153713
215   'x[1,1,3]'      0.984629
216   'x[1,2,1]'      3.30624e-08
217   'x[1,2,2]'      0.0308097
218   'x[1,2,3]'      0.96919
219   'x[1,3,1]'      1.53661e-07
220   'x[1,3,2]'      0.0576431
221   'x[1,3,3]'      0.942357
222   'x[1,4,1]'      6.86407e-07
223   'x[1,4,2]'      0.101906
224   'x[1,4,3]'      0.898094
225   'x[1,5,1]'      2.90657e-06
226   'x[1,5,2]'      0.168978
227   'x[1,5,3]'      0.831019
228   'x[1,6,1]'      1.14264e-05
229   'x[1,6,2]'      0.258586
230   'x[1,6,3]'      0.741403
231   'x[1,7,1]'      4.10096e-05
232   'x[1,7,2]'      0.360092
233   'x[1,7,3]'      0.639867
234   'x[1,8,1]'      0.000133971
235   'x[1,8,2]'      0.455627
236   'x[1,8,3]'      0.544239
237   'x[1,9,1]'      0.000403481
238   'x[1,9,2]'      0.53099
239   'x[1,9,3]'      0.468606
240   'x[1,10,1]'     0.001144
241   'x[1,10,2]'     0.582285
242   'x[1,10,3]'     0.416571
243   'x[1,11,1]'     0.00311438
244   'x[1,11,2]'     0.612932
245   'x[1,11,3]'     0.383953
246   'x[1,12,1]'     0.00824659
247   'x[1,12,2]'     0.627476
248   'x[1,12,3]'     0.364277
249   'x[1,13,1]'     0.0213141
250   'x[1,13,2]'     0.627008
251   'x[1,13,3]'     0.351678
252   'x[1,14,1]'     0.0532418
253   'x[1,14,2]'     0.605644
254   'x[1,14,3]'     0.341114
255   'x[1,15,1]'     0.124501
256   'x[1,15,2]'     0.547931
257   'x[1,15,3]'     0.327567
258   'x[1,16,1]'     0.124506
259   'x[1,16,2]'     0.547969
260   'x[1,16,3]'     0.327525
261   'x[1,17,1]'     0.124515
262   'x[1,17,2]'     0.548033
263   'x[1,17,3]'     0.327452
264   'x[1,18,1]'     0.124529
265   'x[1,18,2]'     0.548144
266   'x[1,18,3]'     0.327326
267   'x[1,19,1]'     0.124554
268   'x[1,19,2]'     0.548335
269   'x[1,19,3]'     0.327111
270   'x[1,20,1]'     0.124598
271   'x[1,20,2]'     0.548662
272   'x[1,20,3]'     0.32674
273   'x[1,21,1]'     0.124671
274   'x[1,21,2]'     0.549224
275   'x[1,21,3]'     0.326104
276   'x[1,22,1]'     0.124798
277   'x[1,22,2]'     0.550188
278   'x[1,22,3]'     0.325013
279   'x[1,23,1]'     0.125016
280   'x[1,23,2]'     0.55184
281   'x[1,23,3]'     0.323144
282   'x[1,24,1]'     0.125388
283   'x[1,24,2]'     0.554663
284   'x[1,24,3]'     0.319948
285   'x[1,25,1]'     0.126026
286   'x[1,25,2]'     0.559469
287   'x[1,25,3]'     0.314505
288   'x[1,26,1]'     0.127123
289   'x[1,26,2]'     0.567587
290   'x[1,26,3]'     0.30529
291   'x[1,27,1]'     0.129082
292   'x[1,27,2]'     0.581073
293   'x[1,27,3]'     0.289846
294   'x[1,28,1]'     0.133077
295   'x[1,28,2]'     0.602574
296   'x[1,28,3]'     0.264349
297   'x[1,29,1]'     0.144281
298   'x[1,29,2]'     0.632617
299   'x[1,29,3]'     0.223102
300   'x[1,30,1]'     0.190108
301   'x[1,30,2]'     0.652164
302   'x[1,30,3]'     0.157728
303   'x[2,1,1]'      0.00180901
304   'x[2,1,2]'      0.901305
305   'x[2,1,3]'      0.0968859
306   'x[2,2,1]'      0.00380266
307   'x[2,2,2]'      0.932463
308   'x[2,2,3]'      0.063734
309   'x[2,3,1]'      0.00711289
310   'x[2,3,2]'      0.939213
311   'x[2,3,3]'      0.053674
312   'x[2,4,1]'      0.0125919
313   'x[2,4,2]'      0.936765
314   'x[2,4,3]'      0.0506436
315   'x[2,5,1]'      0.0215568
316   'x[2,5,2]'      0.928802
317   'x[2,5,3]'      0.0496415
318   'x[2,6,1]'      0.0359023
319   'x[2,6,2]'      0.914939
320   'x[2,6,3]'      0.0491583
321   'x[2,7,1]'      0.0580294
322   'x[2,7,2]'      0.893248
323   'x[2,7,3]'      0.0487223
324   'x[2,8,1]'      0.0902836
325   'x[2,8,2]'      0.861547
326   'x[2,8,3]'      0.0481691
327   'x[2,9,1]'      0.13362
328   'x[2,9,2]'      0.818933
329   'x[2,9,3]'      0.0474467
330   'x[2,10,1]'     0.185884
331   'x[2,10,2]'     0.767535
332   'x[2,10,3]'     0.0465806
333   'x[2,11,1]'     0.241288
334   'x[2,11,2]'     0.713049
335   'x[2,11,3]'     0.0456635
336   'x[2,12,1]'     0.292542
337   'x[2,12,2]'     0.662643
338   'x[2,12,3]'     0.0448153
339   'x[2,13,1]'     0.334319
340   'x[2,13,2]'     0.621557
341   'x[2,13,3]'     0.044124
342   'x[2,14,1]'     0.364996
343   'x[2,14,2]'     0.591388
344   'x[2,14,3]'     0.0436164
345   'x[2,15,1]'     0.385838
346   'x[2,15,2]'     0.57089
347   'x[2,15,3]'     0.0432716
348   'x[2,16,1]'     0.399262
349   'x[2,16,2]'     0.557689
350   'x[2,16,3]'     0.0430494
351   'x[2,17,1]'     0.407613
352   'x[2,17,2]'     0.549476
353   'x[2,17,3]'     0.0429113
354   'x[2,18,1]'     0.412695
355   'x[2,18,2]'     0.544477
356   'x[2,18,3]'     0.0428272
357   'x[2,19,1]'     0.415748
358   'x[2,19,2]'     0.541475
359   'x[2,19,3]'     0.0427766
360   'x[2,20,1]'     0.417568
361   'x[2,20,2]'     0.539686
362   'x[2,20,3]'     0.0427465
363   'x[2,21,1]'     0.438916
364   'x[2,21,2]'     0.541768
365   'x[2,21,3]'     0.019316
366   'x[2,22,1]'     0.463326
367   'x[2,22,2]'     0.52819
368   'x[2,22,3]'     0.00848374
369   'x[2,23,1]'     0.495719
370   'x[2,23,2]'     0.500652
371   'x[2,23,3]'     0.00362907
372   'x[2,24,1]'     0.539858
373   'x[2,24,2]'     0.458637
374   'x[2,24,3]'     0.00150495
375   'x[2,25,1]'     0.597594
376   'x[2,25,2]'     0.401806
377   'x[2,25,3]'     0.000599864
378   'x[2,26,1]'     0.66745
379   'x[2,26,2]'     0.332322
380   'x[2,26,3]'     0.000227573
381   'x[2,27,1]'     0.743867
382   'x[2,27,2]'     0.256051
383   'x[2,27,3]'     8.1477e-05
384   'x[2,28,1]'     0.818616
385   'x[2,28,2]'     0.181357
386   'x[2,28,3]'     2.73519e-05
387   'x[2,29,1]'     0.884107
388   'x[2,29,2]'     0.115884
389   'x[2,29,3]'     8.51115e-06
390   'x[2,30,1]'     0.936167
391   'x[2,30,2]'     0.0638309
392   'x[2,30,3]'     2.3321e-06
393   'CC[2]'         0
394   'CC[3]'         0
395   'CC[4]'         0
396   'CC[5]'         0
397   'CC[6]'         0
398   'CC[7]'         0
399   'CC[8]'         0
400   'CC[9]'         0
401   'CC[10]'        0
402   'CC[11]'        0
403   'CC[12]'        0
404   'CC[13]'        0
405   'CC[14]'        0
406   'CC[15]'        0
407   'CC[16]'        0
408   'CC[17]'        0
409   'CC[18]'        0
410   'CC[19]'        0
411   'CC[20]'       73.7689
412   'CC[21]'        0
413   'CC[22]'        0
414   'CC[23]'        0
415   'CC[24]'        0
416   'CC[25]'        0
417   'CC[26]'        0
418   'CC[27]'        0
419   'CC[28]'        0
420   'CC[29]'        0
421   'CR[2]'         0
422   'CR[3]'         0
423   'CR[4]'         0
424   'CR[5]'         0
425   'CR[6]'         0
426   'CR[7]'         0
427   'CR[8]'         0
428   'CR[9]'         0
429   'CR[10]'        0
430   'CR[11]'        0
431   'CR[12]'        0
432   'CR[13]'        0
433   'CR[14]'        0
434   'CR[15]'        0
435   'CR[16]'        0
436   'CR[17]'        0
437   'CR[18]'        0
438   'CR[19]'        0
439   'CR[20]'        0
440   'CR[21]'        0
441   'CR[22]'        0
442   'CR[23]'        0
443   'CR[24]'        0
444   'CR[25]'        0
445   'CR[26]'        0
446   'CR[27]'        0
447   'CR[28]'        0
448   'CR[29]'        0
449   'PC[1]'         0
450   'PC[2]'        30.7071
451   'PR[1]'        26.2311
452   'PR[2]'        43.0618
453   'PS[2]'         0
454   'PS[3]'         0
455   'PS[4]'         0
456   'PS[5]'         0
457   'PS[6]'         0
458   'PS[7]'         0
459   'PS[8]'         0
460   'PS[9]'         0
461   'PS[10]'        0
462   'PS[11]'        0
463   'PS[12]'        0
464   'PS[13]'        0
465   'PS[14]'        0
466   'PS[15]'        0
467   'PS[16]'        0
468   'PS[17]'        0
469   'PS[18]'        0
470   'PS[19]'        0
471   'PS[20]'        0
472   'PS[21]'        0
473   'PS[22]'        0
474   'PS[23]'        0
475   'PS[24]'        0
476   'PS[25]'        0
477   'PS[26]'        0
478   'PS[27]'        0
479   'PS[28]'        0
480   'PS[29]'        0
481   Vap           181.271
482   yPC1            0
483   yPR1            1
484   yPS             0
485   Sep            90