solve_message =
'CONOPT 3.17A: Locally infeasible; objective 50.739011793320095\
35 iterations; evals: nf = 3, ng = 0, nc = 425, nJ = 36, nH = 0, nHv = 0'

:      _varname         _var         :=
1     'F[2]'          0
2     'F[3]'          0
3     'F[4]'          0
4     'F[5]'          0
5     'F[6]'          0
6     'F[7]'          0
7     'F[8]'        100
8     'F[9]'          0
9     'F[10]'         0
10    'F[11]'         0
11    'F[12]'         0
12    'F[13]'         0
13    'F[14]'         0
14    'Vs[1]'         0
15    'Vs[2]'        50.739
16    'y[1,1,1]'      0.595013
17    'y[1,1,2]'      0.305251
18    'y[1,1,3]'      0.0997356
19    'y[1,2,1]'      0.595013
20    'y[1,2,2]'      0.305251
21    'y[1,2,3]'      0.0997356
22    'y[1,3,1]'      0.595013
23    'y[1,3,2]'      0.305251
24    'y[1,3,3]'      0.0997356
25    'y[1,4,1]'      0.595013
26    'y[1,4,2]'      0.305251
27    'y[1,4,3]'      0.0997356
28    'y[1,5,1]'      0.595013
29    'y[1,5,2]'      0.305251
30    'y[1,5,3]'      0.0997356
31    'y[1,6,1]'      0.595013
32    'y[1,6,2]'      0.305251
33    'y[1,6,3]'      0.0997356
34    'y[1,7,1]'      0.595013
35    'y[1,7,2]'      0.305251
36    'y[1,7,3]'      0.0997356
37    'y[1,8,1]'      0.595013
38    'y[1,8,2]'      0.305251
39    'y[1,8,3]'      0.0997356
40    'y[1,9,1]'      0.594987
41    'y[1,9,2]'      0.305319
42    'y[1,9,3]'      0.0996937
43    'y[1,10,1]'     0.594857
44    'y[1,10,2]'     0.305487
45    'y[1,10,3]'     0.0996559
46    'y[1,11,1]'     0.594337
47    'y[1,11,2]'     0.306002
48    'y[1,11,3]'     0.0996608
49    'y[1,12,1]'     0.592366
50    'y[1,12,2]'     0.307777
51    'y[1,12,3]'     0.0998572
52    'y[1,13,1]'     0.584974
53    'y[1,13,2]'     0.314215
54    'y[1,13,3]'     0.10081
55    'y[1,14,1]'     0.556388
56    'y[1,14,2]'     0.338839
57    'y[1,14,3]'     0.104773
58    'y[1,15,1]'     0.428108
59    'y[1,15,2]'     0.448936
60    'y[1,15,3]'     0.122956
61    'y[2,1,1]'      0.000823709
62    'y[2,1,2]'      0.999176
63    'y[2,1,3]'      1.68364e-16
64    'y[2,2,1]'      0.00213801
65    'y[2,2,2]'      0.997862
66    'y[2,2,3]'      0
67    'y[2,3,1]'      0.00553778
68    'y[2,3,2]'      0.994462
69    'y[2,3,3]'      0
70    'y[2,4,1]'      0.0142664
71    'y[2,4,2]'      0.985734
72    'y[2,4,3]'      1.196e-16
73    'y[2,5,1]'      0.0362516
74    'y[2,5,2]'      0.963748
75    'y[2,5,3]'      5.09412e-17
76    'y[2,6,1]'      0.0890561
77    'y[2,6,2]'      0.910944
78    'y[2,6,3]'      2.09768e-17
79    'y[2,7,1]'      0.202606
80    'y[2,7,2]'      0.797394
81    'y[2,7,3]'      2.08692e-16
82    'y[2,8,1]'      0.397725
83    'y[2,8,2]'      0.602275
84    'y[2,8,3]'      6.86757e-17
85    'y[2,9,1]'      0.631854
86    'y[2,9,2]'      0.368146
87    'y[2,9,3]'      1.82898e-17
88    'y[2,10,1]'     0.816874
89    'y[2,10,2]'     0.183126
90    'y[2,10,3]'     1.72297e-16
91    'y[2,11,1]'     0.920594
92    'y[2,11,2]'     0.0794065
93    'y[2,11,3]'     3.25497e-17
94    'y[2,12,1]'     0.967878
95    'y[2,12,2]'     0.0321219
96    'y[2,12,3]'     5.73623e-18
97    'y[2,13,1]'     0.987392
98    'y[2,13,2]'     0.0126084
99    'y[2,13,3]'     9.80737e-19
100   'y[2,14,1]'     0.995111
101   'y[2,14,2]'     0.00488917
102   'y[2,14,3]'     1.65514e-19
103   'y[2,15,1]'     0.998113
104   'y[2,15,2]'     0.00188684
105   'y[2,15,3]'     2.76655e-20
106   'Ls[1]'       100
107   'Ls[2]'        50.739
108   'x[1,1,1]'      0.3
109   'x[1,1,2]'      0.4
110   'x[1,1,3]'      0.3
111   'x[1,2,1]'      0.3
112   'x[1,2,2]'      0.4
113   'x[1,2,3]'      0.3
114   'x[1,3,1]'      0.3
115   'x[1,3,2]'      0.4
116   'x[1,3,3]'      0.3
117   'x[1,4,1]'      0.3
118   'x[1,4,2]'      0.4
119   'x[1,4,3]'      0.3
120   'x[1,5,1]'      0.3
121   'x[1,5,2]'      0.4
122   'x[1,5,3]'      0.3
123   'x[1,6,1]'      0.3
124   'x[1,6,2]'      0.4
125   'x[1,6,3]'      0.3
126   'x[1,7,1]'      0.3
127   'x[1,7,2]'      0.4
128   'x[1,7,3]'      0.3
129   'x[1,8,1]'      0.3
130   'x[1,8,2]'      0.4
131   'x[1,8,3]'      0.3
132   'x[1,9,1]'      0.300002
133   'x[1,9,2]'      0.400109
134   'x[1,9,3]'      0.299889
135   'x[1,10,1]'     0.299924
136   'x[1,10,2]'     0.400312
137   'x[1,10,3]'     0.299763
138   'x[1,11,1]'     0.299533
139   'x[1,11,2]'     0.400817
140   'x[1,11,3]'     0.29965
141   'x[1,12,1]'     0.297968
142   'x[1,12,2]'     0.402368
143   'x[1,12,3]'     0.299665
144   'x[1,13,1]'     0.292042
145   'x[1,13,2]'     0.407703
146   'x[1,13,3]'     0.300255
147   'x[1,14,1]'     0.269816
148   'x[1,14,2]'     0.427063
149   'x[1,14,3]'     0.303121
150   'x[1,15,1]'     0.183861
151   'x[1,15,2]'     0.501103
152   'x[1,15,3]'     0.315036
153   'x[2,1,1]'      0.000317092
154   'x[2,1,2]'      0.999683
155   'x[2,1,3]'      3.86667e-16
156   'x[2,2,1]'      0.000823709
157   'x[2,2,2]'      0.999176
158   'x[2,2,3]'      1.68363e-16
159   'x[2,3,1]'      0.00213801
160   'x[2,3,2]'      0.997862
161   'x[2,3,3]'      0
162   'x[2,4,1]'      0.00553778
163   'x[2,4,2]'      0.994462
164   'x[2,4,3]'      0
165   'x[2,5,1]'      0.0142664
166   'x[2,5,2]'      0.985734
167   'x[2,5,3]'      1.19599e-16
168   'x[2,6,1]'      0.0362516
169   'x[2,6,2]'      0.963748
170   'x[2,6,3]'      5.09403e-17
171   'x[2,7,1]'      0.0890561
172   'x[2,7,2]'      0.910944
173   'x[2,7,3]'      2.09758e-17
174   'x[2,8,1]'      0.202606
175   'x[2,8,2]'      0.797394
176   'x[2,8,3]'      2.08692e-16
177   'x[2,9,1]'      0.397725
178   'x[2,9,2]'      0.602275
179   'x[2,9,3]'      6.8675e-17
180   'x[2,10,1]'     0.631854
181   'x[2,10,2]'     0.368146
182   'x[2,10,3]'     1.82889e-17
183   'x[2,11,1]'     0.816874
184   'x[2,11,2]'     0.183126
185   'x[2,11,3]'     1.72296e-16
186   'x[2,12,1]'     0.920594
187   'x[2,12,2]'     0.0794065
188   'x[2,12,3]'     3.25487e-17
189   'x[2,13,1]'     0.967878
190   'x[2,13,2]'     0.0321219
191   'x[2,13,3]'     5.73527e-18
192   'x[2,14,1]'     0.987392
193   'x[2,14,2]'     0.0126084
194   'x[2,14,3]'     9.79776e-19
195   'x[2,15,1]'     0.995111
196   'x[2,15,2]'     0.00488917
197   'x[2,15,3]'     1.64553e-19
198   'CC[2]'         0
199   'CC[3]'         0
200   'CC[4]'         0
201   'CC[5]'         0
202   'CC[6]'         0
203   'CC[7]'         0
204   'CC[8]'         0
205   'CC[9]'         0
206   'CC[10]'        0
207   'CC[11]'        0
208   'CC[12]'        0
209   'CC[13]'        0
210   'CC[14]'        0
211   'CR[2]'         0
212   'CR[3]'         0
213   'CR[4]'         0
214   'CR[5]'         0
215   'CR[6]'         0
216   'CR[7]'         0
217   'CR[8]'         0
218   'CR[9]'         0
219   'CR[10]'        0
220   'CR[11]'        0
221   'CR[12]'        0
222   'CR[13]'        0
223   'CR[14]'        0
224   'PC[1]'         0
225   'PC[2]'         0
226   'PR[1]'       100
227   'PR[2]'         0
228   'PS[2]'         0
229   'PS[3]'         0
230   'PS[4]'         0
231   'PS[5]'         0
232   'PS[6]'         0
233   'PS[7]'         0
234   'PS[8]'         0
235   'PS[9]'         0
236   'PS[10]'        0
237   'PS[11]'        0
238   'PS[12]'        0
239   'PS[13]'        0
240   'PS[14]'        0
241   Vap            50.739
242   Sep            34
;

