solve_message = 'LANCELOT: problem solved.\
137 iterations; objective 77.80654869965262\
M = 122, N = 96, nslacks = 2, NEL = 221, NG = 140733193388155\
45 nontrivial linear maps reduce 180 variables to 90.\
NFCALL = 138, NGCALL = 114'

:     _varname        _var         :=
1     'F[2]'        0
2     'F[3]'        0
3     'F[4]'        0
4     'F[5]'        0
5     'F[6]'        0
6     'F[7]'        0
7     'F[8]'      100
8     'F[9]'        0
9     'F[10]'       0
10    'F[11]'       0
11    'F[12]'       0
12    'F[13]'       0
13    'F[14]'       0
14    Vs           77.8065
15    'y[1,1]'      0.0709267
16    'y[1,2]'      0.691328
17    'y[1,3]'      0.237746
18    'y[2,1]'      0.13908
19    'y[2,2]'      0.699842
20    'y[2,3]'      0.161079
21    'y[3,1]'      0.223934
22    'y[3,2]'      0.646503
23    'y[3,3]'      0.129563
24    'y[4,1]'      0.31742
25    'y[4,2]'      0.569896
26    'y[4,3]'      0.112684
27    'y[5,1]'      0.406937
28    'y[5,2]'      0.492131
29    'y[5,3]'      0.100932
30    'y[6,1]'      0.481586
31    'y[6,2]'      0.426279
32    'y[6,3]'      0.0921347
33    'y[7,1]'      0.536912
34    'y[7,2]'      0.377258
35    'y[7,3]'      0.0858293
36    'y[8,1]'      0.574418
37    'y[8,2]'      0.343983
38    'y[8,3]'      0.0815991
39    'y[9,1]'      0.60456
40    'y[9,2]'      0.355726
41    'y[9,3]'      0.0397136
42    'y[10,1]'     0.640679
43    'y[10,2]'     0.341437
44    'y[10,3]'     0.0178837
45    'y[11,1]'     0.687927
46    'y[11,2]'     0.304572
47    'y[11,3]'     0.00750088
48    'y[12,1]'     0.747668
49    'y[12,2]'     0.249423
50    'y[12,3]'     0.00290909
51    'y[13,1]'     0.815017
52    'y[13,2]'     0.183954
53    'y[13,3]'     0.00102957
54    'y[14,1]'     0.880232
55    'y[14,2]'     0.119441
56    'y[14,3]'     0.000327059
57    'y[15,1]'     0.934343
58    'y[15,2]'     0.0655679
59    'y[15,3]'     8.90341e-05
60    Ls          147.304
61    'x[1,1]'      0.0215837
62    'x[1,2]'      0.546784
63    'x[1,3]'      0.431632
64    'x[2,1]'      0.0476469
65    'x[2,2]'      0.623133
66    'x[2,3]'      0.329221
67    'x[3,1]'      0.0836457
68    'x[3,2]'      0.62763
69    'x[3,3]'      0.288725
70    'x[4,1]'      0.128466
71    'x[4,2]'      0.599456
72    'x[4,3]'      0.272078
73    'x[5,1]'      0.177846
74    'x[5,2]'      0.558992
75    'x[5,3]'      0.263163
76    'x[6,1]'      0.225129
77    'x[6,2]'      0.517916
78    'x[6,3]'      0.256955
79    'x[7,1]'      0.264559
80    'x[7,2]'      0.483133
81    'x[7,3]'      0.252308
82    'x[8,1]'      0.293783
83    'x[8,2]'      0.45724
84    'x[8,3]'      0.248978
85    'x[9,1]'      0.342328
86    'x[9,2]'      0.523513
87    'x[9,3]'      0.134159
88    'x[10,1]'     0.391908
89    'x[10,2]'     0.542828
90    'x[10,3]'     0.0652645
91    'x[11,1]'     0.451318
92    'x[11,2]'     0.519324
93    'x[11,3]'     0.0293581
94    'x[12,1]'     0.529031
95    'x[12,2]'     0.458689
96    'x[12,3]'     0.0122802
97    'x[13,1]'     0.627294
98    'x[13,2]'     0.367978
99    'x[13,3]'     0.00472754
100   'x[14,1]'     0.738072
101   'x[14,2]'     0.260292
102   'x[14,3]'     0.00163605
103   'x[15,1]'     0.84534
104   'x[15,2]'     0.154179
105   'x[15,3]'     0.000480543
106   PC           30.5027
107   PR           69.4973
108   Vap          77.8065
;

