solve_message = 'MINLP-B&B (20100607): Optimal solution found\
1 subproblem, objective = 155.6117319482026\
Evals: obj = 15, constr = 111, grad = 60, Hes = 70'

:      _varname         _var         :=
1     'F[2]'          0
2     'F[3]'          0
3     'F[4]'          0
4     'F[5]'          0
5     'F[6]'          0
6     'F[7]'          0
7     'F[8]'        100
8     'F[9]'          0
9     'F[10]'         0
10    'F[11]'         0
11    'F[12]'         0
12    'F[13]'         0
13    'F[14]'         0
14    'Vs[1]'        76.1176
15    'Vs[2]'        79.4942
16    'y[1,1,1]'      0.0783334
17    'y[1,1,2]'      0.684882
18    'y[1,1,3]'      0.236785
19    'y[1,2,1]'      0.15168
20    'y[1,2,2]'      0.688223
21    'y[1,2,3]'      0.160097
22    'y[1,3,1]'      0.240254
23    'y[1,3,2]'      0.631139
24    'y[1,3,3]'      0.128607
25    'y[1,4,1]'      0.334482
26    'y[1,4,2]'      0.553712
27    'y[1,4,3]'      0.111806
28    'y[1,5,1]'      0.421578
29    'y[1,5,2]'      0.4781
30    'y[1,5,3]'      0.100323
31    'y[1,6,1]'      0.491979
32    'y[1,6,2]'      0.416075
33    'y[1,6,3]'      0.0919454
34    'y[1,7,1]'      0.542903
35    'y[1,7,2]'      0.371019
36    'y[1,7,3]'      0.0860772
37    'y[1,8,1]'      0.576837
38    'y[1,8,2]'      0.340957
39    'y[1,8,3]'      0.082206
40    'y[1,9,1]'      0.604516
41    'y[1,9,2]'      0.354785
42    'y[1,9,3]'      0.0406991
43    'y[1,10,1]'     0.637269
44    'y[1,10,2]'     0.344031
45    'y[1,10,3]'     0.0186998
46    'y[1,11,1]'     0.680589
47    'y[1,11,2]'     0.311379
48    'y[1,11,3]'     0.00803202
49    'y[1,12,1]'     0.737014
50    'y[1,12,2]'     0.259785
51    'y[1,12,3]'     0.00320135
52    'y[1,13,1]'     0.803227
53    'y[1,13,2]'     0.195607
54    'y[1,13,3]'     0.00116608
55    'y[1,14,1]'     0.870133
56    'y[1,14,2]'     0.129486
57    'y[1,14,3]'     0.00038031
58    'y[1,15,1]'     0.927793
59    'y[1,15,2]'     0.0721014
60    'y[1,15,3]'     0.000105566
61    'y[2,1,1]'      0.000412222
62    'y[2,1,2]'      0.328007
63    'y[2,1,3]'      0.671581
64    'y[2,2,1]'      0.00136656
65    'y[2,2,2]'      0.473306
66    'y[2,2,3]'      0.525327
67    'y[2,3,1]'      0.00388787
68    'y[2,3,2]'      0.585769
69    'y[2,3,3]'      0.410343
70    'y[2,4,1]'      0.0101285
71    'y[2,4,2]'      0.65735
72    'y[2,4,3]'      0.332522
73    'y[2,5,1]'      0.0249008
74    'y[2,5,2]'      0.691422
75    'y[2,5,3]'      0.283677
76    'y[2,6,1]'      0.0249565
77    'y[2,6,2]'      0.699131
78    'y[2,6,3]'      0.275913
79    'y[2,7,1]'      0.0250349
80    'y[2,7,2]'      0.70998
81    'y[2,7,3]'      0.264986
82    'y[2,8,1]'      0.0251425
83    'y[2,8,2]'      0.724866
84    'y[2,8,3]'      0.249992
85    'y[2,9,1]'      0.0252859
86    'y[2,9,2]'      0.744593
87    'y[2,9,3]'      0.230121
88    'y[2,10,1]'     0.0254712
89    'y[2,10,2]'     0.769565
90    'y[2,10,3]'     0.204964
91    'y[2,11,1]'     0.0257143
92    'y[2,11,2]'     0.799392
93    'y[2,11,3]'     0.174894
94    'y[2,12,1]'     0.0261001
95    'y[2,12,2]'     0.832577
96    'y[2,12,3]'     0.141323
97    'y[2,13,1]'     0.0270839
98    'y[2,13,2]'     0.86636
99    'y[2,13,3]'     0.106556
100   'y[2,14,1]'     0.0308868
101   'y[2,14,2]'     0.895937
102   'y[2,14,3]'     0.073176
103   'y[2,15,1]'     0.0475699
104   'y[2,15,2]'     0.90921
105   'y[2,15,3]'     0.0432197
106   'Ls[1]'       145.576
107   'Ls[2]'       114.047
108   'x[1,1,1]'      0.023948
109   'x[1,1,2]'      0.544183
110   'x[1,1,3]'      0.431869
111   'x[1,2,1]'      0.0523847
112   'x[1,2,2]'      0.617751
113   'x[1,2,3]'      0.329865
114   'x[1,3,1]'      0.0907356
115   'x[1,3,2]'      0.619498
116   'x[1,3,3]'      0.289767
117   'x[1,4,1]'      0.137049
118   'x[1,4,2]'      0.58965
119   'x[1,4,3]'      0.273302
120   'x[1,5,1]'      0.186318
121   'x[1,5,2]'      0.549166
122   'x[1,5,3]'      0.264517
123   'x[1,6,1]'      0.231858
124   'x[1,6,2]'      0.50963
125   'x[1,6,3]'      0.258512
126   'x[1,7,1]'      0.268669
127   'x[1,7,2]'      0.477199
128   'x[1,7,3]'      0.254132
129   'x[1,8,1]'      0.295296
130   'x[1,8,2]'      0.45364
131   'x[1,8,3]'      0.251064
132   'x[1,9,1]'      0.341648
133   'x[1,9,2]'      0.521127
134   'x[1,9,3]'      0.137225
135   'x[1,10,1]'     0.387876
136   'x[1,10,2]'     0.544222
137   'x[1,10,3]'     0.0679023
138   'x[1,11,1]'     0.442577
139   'x[1,11,2]'     0.526262
140   'x[1,11,3]'     0.0311606
141   'x[1,12,1]'     0.514928
142   'x[1,12,2]'     0.471728
143   'x[1,12,3]'     0.0133438
144   'x[1,13,1]'     0.609166
145   'x[1,13,2]'     0.385558
146   'x[1,13,3]'     0.00527596
147   'x[1,14,1]'     0.71975
148   'x[1,14,2]'     0.278373
149   'x[1,14,3]'     0.00187677
150   'x[1,15,1]'     0.831494
151   'x[1,15,2]'     0.167942
152   'x[1,15,3]'     0.000564427
153   'x[2,1,1]'      8.48282e-05
154   'x[2,1,2]'      0.175429
155   'x[2,1,3]'      0.824487
156   'x[2,2,1]'      0.000313032
157   'x[2,2,2]'      0.281781
158   'x[2,2,3]'      0.717906
159   'x[2,3,1]'      0.000978233
160   'x[2,3,2]'      0.383058
161   'x[2,3,3]'      0.615963
162   'x[2,4,1]'      0.00273566
163   'x[2,4,2]'      0.461448
164   'x[2,4,3]'      0.535816
165   'x[2,5,1]'      0.00708556
166   'x[2,5,2]'      0.511343
167   'x[2,5,3]'      0.481572
168   'x[2,6,1]'      0.0071548
169   'x[2,6,2]'      0.520931
170   'x[2,6,3]'      0.471914
171   'x[2,7,1]'      0.00725405
172   'x[2,7,2]'      0.534674
173   'x[2,7,3]'      0.458072
174   'x[2,8,1]'      0.00739376
175   'x[2,8,2]'      0.554016
176   'x[2,8,3]'      0.43859
177   'x[2,9,1]'      0.00758567
178   'x[2,9,2]'      0.580555
179   'x[2,9,3]'      0.411859
180   'x[2,10,1]'     0.00784123
181   'x[2,10,2]'     0.615726
182   'x[2,10,3]'     0.376433
183   'x[2,11,1]'     0.00817172
184   'x[2,11,2]'     0.660247
185   'x[2,11,3]'     0.331582
186   'x[2,12,1]'     0.00860511
187   'x[2,12,2]'     0.713422
188   'x[2,12,3]'     0.277973
189   'x[2,13,1]'     0.0092929
190   'x[2,13,2]'     0.772587
191   'x[2,13,3]'     0.21812
192   'x[2,14,1]'     0.0110468
193   'x[2,14,2]'     0.832815
194   'x[2,14,3]'     0.156138
195   'x[2,15,1]'     0.0178267
196   'x[2,15,2]'     0.885547
197   'x[2,15,3]'     0.0966267
198   'CC[2]'         0
199   'CC[3]'         0
200   'CC[4]'         0
201   'CC[5]'         0
202   'CC[6]'         0
203   'CC[7]'         0
204   'CC[8]'         0
205   'CC[9]'         0
206   'CC[10]'        0
207   'CC[11]'        0
208   'CC[12]'        0
209   'CC[13]'        0
210   'CC[14]'        0
211   'CR[2]'         0
212   'CR[3]'         0
213   'CR[4]'         0
214   'CR[5]'        69.458
215   'CR[6]'         0
216   'CR[7]'         0
217   'CR[8]'         0
218   'CR[9]'         0
219   'CR[10]'        0
220   'CR[11]'        0
221   'CR[12]'        0
222   'CR[13]'        0
223   'CR[14]'        0
224   'PC[1]'        30.542
225   'PC[2]'        34.9054
226   'PR[1]'         0
227   'PR[2]'        34.5526
228   'PS[2]'         0
229   'PS[3]'         0
230   'PS[4]'         0
231   'PS[5]'         0
232   'PS[6]'         0
233   'PS[7]'         0
234   'PS[8]'         0
235   'PS[9]'         0
236   'PS[10]'        0
237   'PS[11]'        0
238   'PS[12]'        0
239   'PS[13]'        0
240   'PS[14]'        0
241   Vap           155.612
242   Sep            80
243   yPC1            1
244   yPR1            0
245   yPS             0
;

