solve_message = 'LOQO 7.00: iteration limit (500 iterations, 4859 evaluations)\
primal objective 280.04015582094\
  dual objective -18245730.73740544'

:          _varname              _var          :=
1     'F[2]'                    0
2     'F[3]'                    0
3     'F[4]'                    0
4     'F[5]'                    0
5     'F[6]'                    0
6     'F[7]'                    0
7     'F[8]'                  200
8     'F[9]'                    0
9     'F[10]'                   0
10    'F[11]'                   0
11    'F[12]'                   0
12    'F[13]'                   0
13    'F[14]'                   0
14    'V[1]'                  280.04
15    'V[2]'                  283.544
16    'V[3]'                  284.994
17    'V[4]'                  285.256
18    'V[5]'                  284.844
19    'V[6]'                  284.118
20    'V[7]'                  283.374
21    'V[8]'                  282.189
22    'V[9]'                  288.35
23    'V[10]'                 290.466
24    'V[11]'                 292.319
25    'V[12]'                 294.458
26    'V[13]'                 296.742
27    'V[14]'                 307.006
28    'V[15]'                   0
29    'y[1,1]'                  0.014921
30    'y[1,2]'                  0.476787
31    'y[1,3]'                  0.504066
32    'y[2,1]'                  0.0283431
33    'y[2,2]'                  0.570613
34    'y[2,3]'                  0.397191
35    'y[3,1]'                  0.048559
36    'y[3,2]'                  0.628671
37    'y[3,3]'                  0.318833
38    'y[4,1]'                  0.0780998
39    'y[4,2]'                  0.65365
40    'y[4,3]'                  0.264477
41    'y[5,1]'                  0.119683
42    'y[5,2]'                  0.649296
43    'y[5,3]'                  0.226812
44    'y[6,1]'                  0.175457
45    'y[6,2]'                  0.619518
46    'y[6,3]'                  0.1994
47    'y[7,1]'                  0.245651
48    'y[7,2]'                  0.568544
49    'y[7,3]'                  0.17762
50    'y[8,1]'                  0.326513
51    'y[8,2]'                  0.501151
52    'y[8,3]'                  0.158472
53    'y[9,1]'                  0.323736
54    'y[9,2]'                  0.51307
55    'y[9,3]'                  0.131678
56    'y[10,1]'                 0.326667
57    'y[10,2]'                 0.53068
58    'y[10,3]'                 0.106815
59    'y[11,1]'                 0.331403
60    'y[11,2]'                 0.54307
61    'y[11,3]'                 0.0827541
62    'y[12,1]'                 0.339538
63    'y[12,2]'                 0.54455
64    'y[12,3]'                 0.0605355
65    'y[13,1]'                 0.358984
66    'y[13,2]'                 0.531735
67    'y[13,3]'                 0.0413209
68    'y[14,1]'                 0.436141
69    'y[14,2]'                 0.532248
70    'y[14,3]'                 0.0273258
71    'y[15,1]'                 0.667784
72    'y[15,2]'                 0.548348
73    'y[15,3]'                 0.017388
74    'L[1]'                    0
75    'L[2]'                  383.08
76    'L[3]'                  384.683
77    'L[4]'                  386.036
78    'L[5]'                  386.637
79    'L[6]'                  386.438
80    'L[7]'                  385.664
81    'L[8]'                  385.133
82    'L[9]'                  177.511
83    'L[10]'                 177.53
84    'L[11]'                 176.198
85    'L[12]'                 170.499
86    'L[13]'                 155.391
87    'L[14]'                 122.06
88    'L[15]'                 136.214
89    'x[1,1]'                  0.0059635
90    'x[1,2]'                  0.330666
91    'x[1,3]'                  0.600605
92    'x[2,1]'                  0.0123066
93    'x[2,2]'                  0.433378
94    'x[2,3]'                  0.522228
95    'x[3,1]'                  0.0221911
96    'x[3,2]'                  0.505053
97    'x[3,3]'                  0.445528
98    'x[4,1]'                  0.0371202
99    'x[4,2]'                  0.54826
100   'x[4,3]'                  0.387277
101   'x[5,1]'                  0.0589359
102   'x[5,2]'                  0.566229
103   'x[5,3]'                  0.346459
104   'x[6,1]'                  0.089641
105   'x[6,2]'                  0.562571
106   'x[6,3]'                  0.318269
107   'x[7,1]'                  0.130843
108   'x[7,2]'                  0.540484
109   'x[7,3]'                  0.297971
110   'x[8,1]'                  0.182531
111   'x[8,2]'                  0.502455
112   'x[8,3]'                  0.281675
113   'x[9,1]'                  0.185428
114   'x[9,2]'                  0.528341
115   'x[9,3]'                  0.240952
116   'x[10,1]'                 0.192794
117   'x[10,2]'                 0.564789
118   'x[10,3]'                 0.202593
119   'x[11,1]'                 0.203558
120   'x[11,2]'                 0.60396
121   'x[11,3]'                 0.164656
122   'x[12,1]'                 0.222642
123   'x[12,2]'                 0.650818
124   'x[12,3]'                 0.130272
125   'x[13,1]'                 0.264926
126   'x[13,2]'                 0.723933
127   'x[13,3]'                 0.10248
128   'x[14,1]'                 0.391645
129   'x[14,2]'                 0.899816
130   'x[14,3]'                 0.0858158
131   'x[15,1]'                 0.552514
132   'x[15,2]'                 0.846968
133   'x[15,3]'                 0.0494845
134   PC                       87.6557
135   PR                       98.2783
136   'T[1]'                  468.916
137   'T[2]'                  464.629
138   'T[3]'                  462.024
139   'T[4]'                  460.046
140   'T[5]'                  458.276
141   'T[6]'                  456.453
142   'T[7]'                  454.41
143   'T[8]'                  452.062
144   'T[9]'                  450.893
145   'T[10]'                 449.462
146   'T[11]'                 447.568
147   'T[12]'                 444.507
148   'T[13]'                 439.09
149   'T[14]'                 430.418
150   'T[15]'                 433.987
151   TF                      447.618
152   QC                     2838.72
153   QR                     2915.5
154   'H[1,1]'                 11.0013
155   'H[1,2]'                 12.3352
156   'H[1,3]'                 13.6689
157   'H[2,1]'                 10.6768
158   'H[2,2]'                 11.9713
159   'H[2,3]'                 13.2656
160   'H[3,1]'                 10.4806
161   'H[3,2]'                 11.7513
162   'H[3,3]'                 13.0218
163   'H[4,1]'                 10.3323
164   'H[4,2]'                 11.5849
165   'H[4,3]'                 12.8374
166   'H[5,1]'                 10.2
167   'H[5,2]'                 11.4365
168   'H[5,3]'                 12.673
169   'H[6,1]'                 10.0641
170   'H[6,2]'                 11.2842
171   'H[6,3]'                 12.5042
172   'H[7,1]'                  9.91233
173   'H[7,2]'                 11.1139
174   'H[7,3]'                 12.3155
175   'H[8,1]'                  9.73861
176   'H[8,2]'                 10.9191
177   'H[8,3]'                 12.0996
178   'H[9,1]'                  9.65238
179   'H[9,2]'                 10.8224
180   'H[9,3]'                 11.9924
181   'H[10,1]'                 9.54698
182   'H[10,2]'                10.7042
183   'H[10,3]'                11.8614
184   'H[11,1]'                 9.40798
185   'H[11,2]'                10.5483
186   'H[11,3]'                11.6886
187   'H[12,1]'                 9.1843
188   'H[12,2]'                10.2974
189   'H[12,3]'                11.4106
190   'H[13,1]'                 8.79144
191   'H[13,2]'                 9.85678
192   'H[13,3]'                10.9223
193   'H[14,1]'                 8.17047
194   'H[14,2]'                 9.16032
195   'H[14,3]'                10.1505
196   'H[15,1]'                 8.42482
197   'H[15,2]'                 9.44559
198   'H[15,3]'                10.4667
199   'HF[1]'                   9.41167
200   'HF[2]'                  10.5524
201   'HF[3]'                  11.6932
202   'h[1,1]'                  3.12846
203   'h[1,2]'                  3.12448
204   'h[1,3]'                  3.27274
205   'h[2,1]'                  2.68147
206   'h[2,2]'                  2.64474
207   'h[2,3]'                  2.75868
208   'h[3,1]'                  2.41236
209   'h[3,2]'                  2.35543
210   'h[3,3]'                  2.44831
211   'h[4,1]'                  2.20932
212   'h[4,2]'                  2.13692
213   'h[4,3]'                  2.2137
214   'h[5,1]'                  2.02862
215   'h[5,2]'                  1.9423
216   'h[5,3]'                  2.00462
217   'h[6,1]'                  1.84339
218   'h[6,2]'                  1.74264
219   'h[6,3]'                  1.78998
220   'h[7,1]'                  1.63677
221   'h[7,2]'                  1.51975
222   'h[7,3]'                  1.55024
223   'h[8,1]'                  1.40079
224   'h[8,2]'                  1.26498
225   'h[8,3]'                  1.27601
226   'h[9,1]'                  1.28384
227   'h[9,2]'                  1.13862
228   'h[9,3]'                  1.13993
229   'h[10,1]'                 1.14105
230   'h[10,2]'                 0.984283
231   'h[10,3]'                 0.973648
232   'h[11,1]'                 0.952986
233   'h[11,2]'                 0.780884
234   'h[11,3]'                 0.7544
235   'h[12,1]'                 0.650947
236   'h[12,2]'                 0.453939
237   'h[12,3]'                 0.401721
238   'h[13,1]'                 0.12209
239   'h[13,2]'                -0.119309
240   'h[13,3]'                -0.217405
241   'h[14,1]'                -0.710068
242   'h[14,2]'                -1.02318
243   'h[14,3]'                -1.19551
244   'h[15,1]'                -0.36974
245   'h[15,2]'                -0.65326
246   'h[15,3]'                -0.794936
247   'hF[1]'                   0.957971
248   'hF[2]'                   0.786278
249   'hF[3]'                   0.760216
250   'tauGamma[1,1,1]'     1e-06
251   'tauGamma[1,1,2]'     1e-06
252   'tauGamma[1,1,3]'     1e-06
253   'tauGamma[1,2,1]'     1e-06
254   'tauGamma[1,2,2]'     1e-06
255   'tauGamma[1,2,3]'     1e-06
256   'tauGamma[1,3,1]'     1e-06
257   'tauGamma[1,3,2]'     1e-06
258   'tauGamma[1,3,3]'     1e-06
259   'tauGamma[2,1,1]'     1e-06
260   'tauGamma[2,1,2]'     1e-06
261   'tauGamma[2,1,3]'     1e-06
262   'tauGamma[2,2,1]'     1e-06
263   'tauGamma[2,2,2]'     1e-06
264   'tauGamma[2,2,3]'     1e-06
265   'tauGamma[2,3,1]'     1e-06
266   'tauGamma[2,3,2]'     1e-06
267   'tauGamma[2,3,3]'     1e-06
268   'tauGamma[3,1,1]'     1e-06
269   'tauGamma[3,1,2]'     1e-06
270   'tauGamma[3,1,3]'     1e-06
271   'tauGamma[3,2,1]'     1e-06
272   'tauGamma[3,2,2]'     1e-06
273   'tauGamma[3,2,3]'     1e-06
274   'tauGamma[3,3,1]'     1e-06
275   'tauGamma[3,3,2]'     1e-06
276   'tauGamma[3,3,3]'     1e-06
277   'tauGamma[4,1,1]'     1e-06
278   'tauGamma[4,1,2]'     1e-06
279   'tauGamma[4,1,3]'     1e-06
280   'tauGamma[4,2,1]'     1e-06
281   'tauGamma[4,2,2]'     1e-06
282   'tauGamma[4,2,3]'     1e-06
283   'tauGamma[4,3,1]'     1e-06
284   'tauGamma[4,3,2]'     1e-06
285   'tauGamma[4,3,3]'     1e-06
286   'tauGamma[5,1,1]'     1e-06
287   'tauGamma[5,1,2]'     1e-06
288   'tauGamma[5,1,3]'     1e-06
289   'tauGamma[5,2,1]'     1e-06
290   'tauGamma[5,2,2]'     1e-06
291   'tauGamma[5,2,3]'     1e-06
292   'tauGamma[5,3,1]'     1e-06
293   'tauGamma[5,3,2]'     1e-06
294   'tauGamma[5,3,3]'     1e-06
295   'tauGamma[6,1,1]'     1e-06
296   'tauGamma[6,1,2]'     1e-06
297   'tauGamma[6,1,3]'     1e-06
298   'tauGamma[6,2,1]'     1e-06
299   'tauGamma[6,2,2]'     1e-06
300   'tauGamma[6,2,3]'     1e-06
301   'tauGamma[6,3,1]'     1e-06
302   'tauGamma[6,3,2]'     1e-06
303   'tauGamma[6,3,3]'     1e-06
304   'tauGamma[7,1,1]'     1e-06
305   'tauGamma[7,1,2]'     1e-06
306   'tauGamma[7,1,3]'     1e-06
307   'tauGamma[7,2,1]'     1e-06
308   'tauGamma[7,2,2]'     1e-06
309   'tauGamma[7,2,3]'     1e-06
310   'tauGamma[7,3,1]'     1e-06
311   'tauGamma[7,3,2]'     1e-06
312   'tauGamma[7,3,3]'     1e-06
313   'tauGamma[8,1,1]'     1e-06
314   'tauGamma[8,1,2]'     1e-06
315   'tauGamma[8,1,3]'     1e-06
316   'tauGamma[8,2,1]'     1e-06
317   'tauGamma[8,2,2]'     1e-06
318   'tauGamma[8,2,3]'     1e-06
319   'tauGamma[8,3,1]'     1e-06
320   'tauGamma[8,3,2]'     1e-06
321   'tauGamma[8,3,3]'     1e-06
322   'tauGamma[9,1,1]'     1e-06
323   'tauGamma[9,1,2]'     1e-06
324   'tauGamma[9,1,3]'     1e-06
325   'tauGamma[9,2,1]'     1e-06
326   'tauGamma[9,2,2]'     1e-06
327   'tauGamma[9,2,3]'     1e-06
328   'tauGamma[9,3,1]'     1e-06
329   'tauGamma[9,3,2]'     1e-06
330   'tauGamma[9,3,3]'     1e-06
331   'tauGamma[10,1,1]'    1e-06
332   'tauGamma[10,1,2]'    1e-06
333   'tauGamma[10,1,3]'    1e-06
334   'tauGamma[10,2,1]'    1e-06
335   'tauGamma[10,2,2]'    1e-06
336   'tauGamma[10,2,3]'    1e-06
337   'tauGamma[10,3,1]'    1e-06
338   'tauGamma[10,3,2]'    1e-06
339   'tauGamma[10,3,3]'    1e-06
340   'tauGamma[11,1,1]'    1e-06
341   'tauGamma[11,1,2]'    1e-06
342   'tauGamma[11,1,3]'    1e-06
343   'tauGamma[11,2,1]'    1e-06
344   'tauGamma[11,2,2]'    1e-06
345   'tauGamma[11,2,3]'    1e-06
346   'tauGamma[11,3,1]'    1e-06
347   'tauGamma[11,3,2]'    1e-06
348   'tauGamma[11,3,3]'    1e-06
349   'tauGamma[12,1,1]'    1e-06
350   'tauGamma[12,1,2]'    1e-06
351   'tauGamma[12,1,3]'    1e-06
352   'tauGamma[12,2,1]'    1e-06
353   'tauGamma[12,2,2]'    1e-06
354   'tauGamma[12,2,3]'    1e-06
355   'tauGamma[12,3,1]'    1e-06
356   'tauGamma[12,3,2]'    1e-06
357   'tauGamma[12,3,3]'    1e-06
358   'tauGamma[13,1,1]'    1e-06
359   'tauGamma[13,1,2]'    1e-06
360   'tauGamma[13,1,3]'    1e-06
361   'tauGamma[13,2,1]'    1e-06
362   'tauGamma[13,2,2]'    1e-06
363   'tauGamma[13,2,3]'    1e-06
364   'tauGamma[13,3,1]'    1e-06
365   'tauGamma[13,3,2]'    1e-06
366   'tauGamma[13,3,3]'    1e-06
367   'tauGamma[14,1,1]'    1e-06
368   'tauGamma[14,1,2]'    1e-06
369   'tauGamma[14,1,3]'    1e-06
370   'tauGamma[14,2,1]'    1e-06
371   'tauGamma[14,2,2]'    1e-06
372   'tauGamma[14,2,3]'    1e-06
373   'tauGamma[14,3,1]'    1e-06
374   'tauGamma[14,3,2]'    1e-06
375   'tauGamma[14,3,3]'    1e-06
376   'tauGamma[15,1,1]'    1e-06
377   'tauGamma[15,1,2]'    1e-06
378   'tauGamma[15,1,3]'    1e-06
379   'tauGamma[15,2,1]'    1e-06
380   'tauGamma[15,2,2]'    1e-06
381   'tauGamma[15,2,3]'    1e-06
382   'tauGamma[15,3,1]'    1e-06
383   'tauGamma[15,3,2]'    1e-06
384   'tauGamma[15,3,3]'    1e-06
385   'PGamma[1,1,1]'           1
386   'PGamma[1,1,2]'           1
387   'PGamma[1,1,3]'           1
388   'PGamma[1,2,1]'           1
389   'PGamma[1,2,2]'           1
390   'PGamma[1,2,3]'           1
391   'PGamma[1,3,1]'           1
392   'PGamma[1,3,2]'           1
393   'PGamma[1,3,3]'           1
394   'PGamma[2,1,1]'           1
395   'PGamma[2,1,2]'           1
396   'PGamma[2,1,3]'           1
397   'PGamma[2,2,1]'           1
398   'PGamma[2,2,2]'           1
399   'PGamma[2,2,3]'           1
400   'PGamma[2,3,1]'           1
401   'PGamma[2,3,2]'           1
402   'PGamma[2,3,3]'           1
403   'PGamma[3,1,1]'           1
404   'PGamma[3,1,2]'           1
405   'PGamma[3,1,3]'           1
406   'PGamma[3,2,1]'           1
407   'PGamma[3,2,2]'           1
408   'PGamma[3,2,3]'           1
409   'PGamma[3,3,1]'           1
410   'PGamma[3,3,2]'           1
411   'PGamma[3,3,3]'           1
412   'PGamma[4,1,1]'           1
413   'PGamma[4,1,2]'           1
414   'PGamma[4,1,3]'           1
415   'PGamma[4,2,1]'           1
416   'PGamma[4,2,2]'           1
417   'PGamma[4,2,3]'           1
418   'PGamma[4,3,1]'           1
419   'PGamma[4,3,2]'           1
420   'PGamma[4,3,3]'           1
421   'PGamma[5,1,1]'           1
422   'PGamma[5,1,2]'           1
423   'PGamma[5,1,3]'           1
424   'PGamma[5,2,1]'           1
425   'PGamma[5,2,2]'           1
426   'PGamma[5,2,3]'           1
427   'PGamma[5,3,1]'           1
428   'PGamma[5,3,2]'           1
429   'PGamma[5,3,3]'           1
430   'PGamma[6,1,1]'           1
431   'PGamma[6,1,2]'           1
432   'PGamma[6,1,3]'           1
433   'PGamma[6,2,1]'           1
434   'PGamma[6,2,2]'           1
435   'PGamma[6,2,3]'           1
436   'PGamma[6,3,1]'           1
437   'PGamma[6,3,2]'           1
438   'PGamma[6,3,3]'           1
439   'PGamma[7,1,1]'           1
440   'PGamma[7,1,2]'           1
441   'PGamma[7,1,3]'           1
442   'PGamma[7,2,1]'           1
443   'PGamma[7,2,2]'           1
444   'PGamma[7,2,3]'           1
445   'PGamma[7,3,1]'           1
446   'PGamma[7,3,2]'           1
447   'PGamma[7,3,3]'           1
448   'PGamma[8,1,1]'           1
449   'PGamma[8,1,2]'           1
450   'PGamma[8,1,3]'           1
451   'PGamma[8,2,1]'           1
452   'PGamma[8,2,2]'           1
453   'PGamma[8,2,3]'           1
454   'PGamma[8,3,1]'           1
455   'PGamma[8,3,2]'           1
456   'PGamma[8,3,3]'           1
457   'PGamma[9,1,1]'           1
458   'PGamma[9,1,2]'           1
459   'PGamma[9,1,3]'           1
460   'PGamma[9,2,1]'           1
461   'PGamma[9,2,2]'           1
462   'PGamma[9,2,3]'           1
463   'PGamma[9,3,1]'           1
464   'PGamma[9,3,2]'           1
465   'PGamma[9,3,3]'           1
466   'PGamma[10,1,1]'          1
467   'PGamma[10,1,2]'          1
468   'PGamma[10,1,3]'          1
469   'PGamma[10,2,1]'          1
470   'PGamma[10,2,2]'          1
471   'PGamma[10,2,3]'          1
472   'PGamma[10,3,1]'          1
473   'PGamma[10,3,2]'          1
474   'PGamma[10,3,3]'          1
475   'PGamma[11,1,1]'          1
476   'PGamma[11,1,2]'          1
477   'PGamma[11,1,3]'          1
478   'PGamma[11,2,1]'          1
479   'PGamma[11,2,2]'          1
480   'PGamma[11,2,3]'          1
481   'PGamma[11,3,1]'          1
482   'PGamma[11,3,2]'          1
483   'PGamma[11,3,3]'          1
484   'PGamma[12,1,1]'          1
485   'PGamma[12,1,2]'          1
486   'PGamma[12,1,3]'          1
487   'PGamma[12,2,1]'          1
488   'PGamma[12,2,2]'          1
489   'PGamma[12,2,3]'          1
490   'PGamma[12,3,1]'          1
491   'PGamma[12,3,2]'          1
492   'PGamma[12,3,3]'          1
493   'PGamma[13,1,1]'          1
494   'PGamma[13,1,2]'          1
495   'PGamma[13,1,3]'          1
496   'PGamma[13,2,1]'          1
497   'PGamma[13,2,2]'          1
498   'PGamma[13,2,3]'          1
499   'PGamma[13,3,1]'          1
500   'PGamma[13,3,2]'          1
501   'PGamma[13,3,3]'          1
502   'PGamma[14,1,1]'          1
503   'PGamma[14,1,2]'          1
504   'PGamma[14,1,3]'          1
505   'PGamma[14,2,1]'          1
506   'PGamma[14,2,2]'          1
507   'PGamma[14,2,3]'          1
508   'PGamma[14,3,1]'          1
509   'PGamma[14,3,2]'          1
510   'PGamma[14,3,3]'          1
511   'PGamma[15,1,1]'          1
512   'PGamma[15,1,2]'          1
513   'PGamma[15,1,3]'          1
514   'PGamma[15,2,1]'          1
515   'PGamma[15,2,2]'          1
516   'PGamma[15,2,3]'          1
517   'PGamma[15,3,1]'          1
518   'PGamma[15,3,2]'          1
519   'PGamma[15,3,3]'          1
520   'SGamma1[1,1]'            9.37234e-07
521   'SGamma1[1,2]'            9.37234e-07
522   'SGamma1[1,3]'            9.37234e-07
523   'SGamma1[2,1]'            9.67913e-07
524   'SGamma1[2,2]'            9.67913e-07
525   'SGamma1[2,3]'            9.67913e-07
526   'SGamma1[3,1]'            9.72772e-07
527   'SGamma1[3,2]'            9.72772e-07
528   'SGamma1[3,3]'            9.72772e-07
529   'SGamma1[4,1]'            9.72657e-07
530   'SGamma1[4,2]'            9.72657e-07
531   'SGamma1[4,3]'            9.72657e-07
532   'SGamma1[5,1]'            9.71624e-07
533   'SGamma1[5,2]'            9.71624e-07
534   'SGamma1[5,3]'            9.71624e-07
535   'SGamma1[6,1]'            9.7048e-07
536   'SGamma1[6,2]'            9.7048e-07
537   'SGamma1[6,3]'            9.7048e-07
538   'SGamma1[7,1]'            9.69297e-07
539   'SGamma1[7,2]'            9.69297e-07
540   'SGamma1[7,3]'            9.69297e-07
541   'SGamma1[8,1]'            9.66661e-07
542   'SGamma1[8,2]'            9.66661e-07
543   'SGamma1[8,3]'            9.66661e-07
544   'SGamma1[9,1]'            9.54721e-07
545   'SGamma1[9,2]'            9.54721e-07
546   'SGamma1[9,3]'            9.54721e-07
547   'SGamma1[10,1]'           9.60177e-07
548   'SGamma1[10,2]'           9.60177e-07
549   'SGamma1[10,3]'           9.60177e-07
550   'SGamma1[11,1]'           9.72175e-07
551   'SGamma1[11,2]'           9.72175e-07
552   'SGamma1[11,3]'           9.72175e-07
553   'SGamma1[12,1]'           1.00373e-06
554   'SGamma1[12,2]'           1.00373e-06
555   'SGamma1[12,3]'           1.00373e-06
556   'SGamma1[13,1]'           1.09134e-06
557   'SGamma1[13,2]'           1.09134e-06
558   'SGamma1[13,3]'           1.09134e-06
559   'SGamma1[14,1]'           1.37728e-06
560   'SGamma1[14,2]'           1.37728e-06
561   'SGamma1[14,3]'           1.37728e-06
562   'SGamma1[15,1]'           1.44897e-06
563   'SGamma1[15,2]'           1.44897e-06
564   'SGamma1[15,3]'           1.44897e-06
565   'SGamma2[1,1]'            0.937234
566   'SGamma2[1,2]'            0.937234
567   'SGamma2[1,3]'            0.937234
568   'SGamma2[2,1]'            0.967913
569   'SGamma2[2,2]'            0.967913
570   'SGamma2[2,3]'            0.967913
571   'SGamma2[3,1]'            0.972772
572   'SGamma2[3,2]'            0.972772
573   'SGamma2[3,3]'            0.972772
574   'SGamma2[4,1]'            0.972657
575   'SGamma2[4,2]'            0.972657
576   'SGamma2[4,3]'            0.972657
577   'SGamma2[5,1]'            0.971624
578   'SGamma2[5,2]'            0.971624
579   'SGamma2[5,3]'            0.971624
580   'SGamma2[6,1]'            0.97048
581   'SGamma2[6,2]'            0.97048
582   'SGamma2[6,3]'            0.97048
583   'SGamma2[7,1]'            0.969297
584   'SGamma2[7,2]'            0.969297
585   'SGamma2[7,3]'            0.969297
586   'SGamma2[8,1]'            0.966661
587   'SGamma2[8,2]'            0.966661
588   'SGamma2[8,3]'            0.966661
589   'SGamma2[9,1]'            0.954721
590   'SGamma2[9,2]'            0.954721
591   'SGamma2[9,3]'            0.954721
592   'SGamma2[10,1]'           0.960177
593   'SGamma2[10,2]'           0.960177
594   'SGamma2[10,3]'           0.960177
595   'SGamma2[11,1]'           0.972175
596   'SGamma2[11,2]'           0.972175
597   'SGamma2[11,3]'           0.972175
598   'SGamma2[12,1]'           1.00373
599   'SGamma2[12,2]'           1.00373
600   'SGamma2[12,3]'           1.00373
601   'SGamma2[13,1]'           1.09134
602   'SGamma2[13,2]'           1.09134
603   'SGamma2[13,3]'           1.09134
604   'SGamma2[14,1]'           1.37728
605   'SGamma2[14,2]'           1.37728
606   'SGamma2[14,3]'           1.37728
607   'SGamma2[15,1]'           1.44897
608   'SGamma2[15,2]'           1.44897
609   'SGamma2[15,3]'           1.44897
610   'gamma[1,1]'              1
611   'gamma[1,2]'              1
612   'gamma[1,3]'              1
613   'gamma[2,1]'              1
614   'gamma[2,2]'              1
615   'gamma[2,3]'              1
616   'gamma[3,1]'              1
617   'gamma[3,2]'              1
618   'gamma[3,3]'              1
619   'gamma[4,1]'              1
620   'gamma[4,2]'              1
621   'gamma[4,3]'              1
622   'gamma[5,1]'              1
623   'gamma[5,2]'              1
624   'gamma[5,3]'              1
625   'gamma[6,1]'              1
626   'gamma[6,2]'              1
627   'gamma[6,3]'              1
628   'gamma[7,1]'              1
629   'gamma[7,2]'              1
630   'gamma[7,3]'              1
631   'gamma[8,1]'              1
632   'gamma[8,2]'              1
633   'gamma[8,3]'              1
634   'gamma[9,1]'              1
635   'gamma[9,2]'              1
636   'gamma[9,3]'              1
637   'gamma[10,1]'             1
638   'gamma[10,2]'             1
639   'gamma[10,3]'             1
640   'gamma[11,1]'             1
641   'gamma[11,2]'             1
642   'gamma[11,3]'             1
643   'gamma[12,1]'             1
644   'gamma[12,2]'             1
645   'gamma[12,3]'             1
646   'gamma[13,1]'             1
647   'gamma[13,2]'             1
648   'gamma[13,3]'             1
649   'gamma[14,1]'             1
650   'gamma[14,2]'             1
651   'gamma[14,3]'             1
652   'gamma[15,1]'             1
653   'gamma[15,2]'             1
654   'gamma[15,3]'             1
655   'PrS[1,1]'           507040
656   'PrS[1,2]'           292197
657   'PrS[1,3]'           170078
658   'PrS[2,1]'           466727
659   'PrS[2,2]'           266822
660   'PrS[2,3]'           154130
661   'PrS[3,1]'           443447
662   'PrS[3,2]'           252251
663   'PrS[3,3]'           145023
664   'PrS[4,1]'           426372
665   'PrS[4,2]'           241604
666   'PrS[4,3]'           138393
667   'PrS[5,1]'           411528
668   'PrS[5,2]'           232379
669   'PrS[5,3]'           132667
670   'PrS[6,1]'           396653
671   'PrS[6,2]'           223163
672   'PrS[6,3]'           126963
673   'PrS[7,1]'           380467
674   'PrS[7,2]'           213171
675   'PrS[7,3]'           120799
676   'PrS[8,1]'           362502
677   'PrS[8,2]'           202124
678   'PrS[8,3]'           114012
679   'PrS[9,1]'           353803
680   'PrS[9,2]'           196792
681   'PrS[9,3]'           110746
682   'PrS[10,1]'          343365
683   'PrS[10,2]'          190411
684   'PrS[10,3]'          106846
685   'PrS[11,1]'          329921
686   'PrS[11,2]'          182218
687   'PrS[11,3]'          101854
688   'PrS[12,1]'          309049
689   'PrS[12,2]'          169558
690   'PrS[12,3]'           94177.2
691   'PrS[13,1]'          274602
692   'PrS[13,2]'          148844
693   'PrS[13,3]'           81716.2
694   'PrS[14,1]'          225667
695   'PrS[14,2]'          119850
696   'PrS[14,3]'           64518.7
697   'PrS[15,1]'          244916
698   'PrS[15,2]'          131189
699   'PrS[15,3]'           71207
700   'PrSF[1]'            330273
701   'PrSF[2]'            182432
702   'PrSF[3]'            101984
703   Vap                     280.04
;

