solve_message = 'LOQO 7.00: iteration limit (500 iterations, 4822 evaluations)\
primal objective 137.9279201633331\
  dual objective -35065880.2615377'

:           _varname              _var          :=
1      'F[2]'                    0
2      'F[3]'                    0
3      'F[4]'                    0
4      'F[5]'                    0
5      'F[6]'                    0
6      'F[7]'                    0
7      'F[8]'                    0
8      'F[9]'                    0
9      'F[10]'                   0
10     'F[11]'                   0
11     'F[12]'                   0
12     'F[13]'                   0
13     'F[14]'                   0
14     'F[15]'                 200
15     'F[16]'                   0
16     'F[17]'                   0
17     'F[18]'                   0
18     'F[19]'                   0
19     'F[20]'                   0
20     'F[21]'                   0
21     'F[22]'                   0
22     'F[23]'                   0
23     'F[24]'                   0
24     'F[25]'                   0
25     'F[26]'                   0
26     'F[27]'                   0
27     'F[28]'                   0
28     'F[29]'                   0
29     'V[1]'                  137.928
30     'V[2]'                  130.881
31     'V[3]'                  129.151
32     'V[4]'                  129.006
33     'V[5]'                  128.964
34     'V[6]'                  128.817
35     'V[7]'                  128.587
36     'V[8]'                  128.191
37     'V[9]'                  127.887
38     'V[10]'                 127.407
39     'V[11]'                 126.568
40     'V[12]'                 125.28
41     'V[13]'                 123.316
42     'V[14]'                 111.584
43     'V[15]'                 109.081
44     'V[16]'                 112.732
45     'V[17]'                 117.126
46     'V[18]'                 119.453
47     'V[19]'                 121.038
48     'V[20]'                 122.15
49     'V[21]'                 123.024
50     'V[22]'                 123.774
51     'V[23]'                 124.437
52     'V[24]'                 125.019
53     'V[25]'                 125.507
54     'V[26]'                 125.784
55     'V[27]'                 124.666
56     'V[28]'                 117.618
57     'V[29]'                 128.031
58     'V[30]'                   0
59     'y[1,1]'                  0.197383
60     'y[1,2]'                  0.61418
61     'y[1,3]'                  0.272187
62     'y[2,1]'                  0.286835
63     'y[2,2]'                  0.612132
64     'y[2,3]'                  0.207164
65     'y[3,1]'                  0.355743
66     'y[3,2]'                  0.57753
67     'y[3,3]'                  0.179449
68     'y[4,1]'                  0.406966
69     'y[4,2]'                  0.538628
70     'y[4,3]'                  0.166188
71     'y[5,1]'                  0.44615
72     'y[5,2]'                  0.507048
73     'y[5,3]'                  0.159488
74     'y[6,1]'                  0.47675
75     'y[6,2]'                  0.483857
76     'y[6,3]'                  0.156068
77     'y[7,1]'                  0.501385
78     'y[7,2]'                  0.467815
79     'y[7,3]'                  0.1546
80     'y[8,1]'                  0.522514
81     'y[8,2]'                  0.457774
82     'y[8,3]'                  0.154609
83     'y[9,1]'                  0.54139
84     'y[9,2]'                  0.452208
85     'y[9,3]'                  0.155708
86     'y[10,1]'                 0.561278
87     'y[10,2]'                 0.451794
88     'y[10,3]'                 0.158265
89     'y[11,1]'                 0.584957
90     'y[11,2]'                 0.456999
91     'y[11,3]'                 0.162601
92     'y[12,1]'                 0.615132
93     'y[12,2]'                 0.46842
94     'y[12,3]'                 0.169076
95     'y[13,1]'                 0.655266
96     'y[13,2]'                 0.487228
97     'y[13,3]'                 0.178246
98     'y[14,1]'                 0.706771
99     'y[14,2]'                 0.512999
100    'y[14,3]'                 0.19013
101    'y[15,1]'                 0.660172
102    'y[15,2]'                 0.477049
103    'y[15,3]'                 0.180786
104    'y[16,1]'                 0.651779
105    'y[16,2]'                 0.492137
106    'y[16,3]'                 0.157333
107    'y[17,1]'                 0.643448
108    'y[17,2]'                 0.504394
109    'y[17,3]'                 0.134817
110    'y[18,1]'                 0.643127
111    'y[18,2]'                 0.516515
112    'y[18,3]'                 0.115098
113    'y[19,1]'                 0.643196
114    'y[19,2]'                 0.524225
115    'y[19,3]'                 0.0988579
116    'y[20,1]'                 0.643646
117    'y[20,2]'                 0.529221
118    'y[20,3]'                 0.0869838
119    'y[21,1]'                 0.643766
120    'y[21,2]'                 0.531746
121    'y[21,3]'                 0.0790974
122    'y[22,1]'                 0.643312
123    'y[22,2]'                 0.532221
124    'y[22,3]'                 0.0743042
125    'y[23,1]'                 0.642568
126    'y[23,2]'                 0.531445
127    'y[23,3]'                 0.0713367
128    'y[24,1]'                 0.642153
129    'y[24,2]'                 0.53025
130    'y[24,3]'                 0.0690307
131    'y[25,1]'                 0.643287
132    'y[25,2]'                 0.529419
133    'y[25,3]'                 0.0665199
134    'y[26,1]'                 0.649837
135    'y[26,2]'                 0.530561
136    'y[26,3]'                 0.0632726
137    'y[27,1]'                 0.67632
138    'y[27,2]'                 0.539835
139    'y[27,3]'                 0.059392
140    'y[28,1]'                 0.74377
141    'y[28,2]'                 0.557361
142    'y[28,3]'                 0.0543252
143    'y[29,1]'                 0.737665
144    'y[29,2]'                 0.484778
145    'y[29,3]'                 0.0399561
146    'y[30,1]'                 1.03905
147    'y[30,2]'                 0.520007
148    'y[30,3]'                 0.0333798
149    'L[1]'                    0
150    'L[2]'                  231.576
151    'L[3]'                  232.741
152    'L[4]'                  232.758
153    'L[5]'                  232.408
154    'L[6]'                  232.081
155    'L[7]'                  231.898
156    'L[8]'                  231.839
157    'L[9]'                  232.116
158    'L[10]'                 232.436
159    'L[11]'                 232.929
160    'L[12]'                 233.768
161    'L[13]'                 235.107
162    'L[14]'                 237.756
163    'L[15]'                 246.336
164    'L[16]'                  58.2186
165    'L[17]'                  55.8611
166    'L[18]'                  56.1
167    'L[19]'                  56.6074
168    'L[20]'                  56.5955
169    'L[21]'                  56.2845
170    'L[22]'                  55.7843
171    'L[23]'                  55.1414
172    'L[24]'                  54.3939
173    'L[25]'                  53.5904
174    'L[26]'                  52.8445
175    'L[27]'                  52.6803
176    'L[28]'                  56.3675
177    'L[29]'                  71.0377
178    'L[30]'                  76.4541
179    'x[1,1]'                  0.127101
180    'x[1,2]'                  0.719659
181    'x[1,3]'                  0.573325
182    'x[2,1]'                  0.170422
183    'x[2,2]'                  0.656372
184    'x[2,3]'                  0.396193
185    'x[3,1]'                  0.215068
186    'x[3,2]'                  0.631224
187    'x[3,3]'                  0.350387
188    'x[4,1]'                  0.252357
189    'x[4,2]'                  0.605373
190    'x[4,3]'                  0.334495
191    'x[5,1]'                  0.282122
192    'x[5,2]'                  0.58228
193    'x[5,3]'                  0.328616
194    'x[6,1]'                  0.3053
195    'x[6,2]'                  0.563408
196    'x[6,3]'                  0.326457
197    'x[7,1]'                  0.323153
198    'x[7,2]'                  0.548597
199    'x[7,3]'                  0.325887
200    'x[8,1]'                  0.337055
201    'x[8,2]'                  0.53731
202    'x[8,3]'                  0.326227
203    'x[9,1]'                  0.347744
204    'x[9,2]'                  0.528282
205    'x[9,3]'                  0.326865
206    'x[10,1]'                 0.356832
207    'x[10,2]'                 0.521856
208    'x[10,3]'                 0.328163
209    'x[11,1]'                 0.36529
210    'x[11,2]'                 0.517564
211    'x[11,3]'                 0.329992
212    'x[12,1]'                 0.373856
213    'x[12,2]'                 0.514889
214    'x[12,3]'                 0.332157
215    'x[13,1]'                 0.383348
216    'x[13,2]'                 0.513538
217    'x[13,3]'                 0.33453
218    'x[14,1]'                 0.393261
219    'x[14,2]'                 0.511695
220    'x[14,3]'                 0.335985
221    'x[15,1]'                 0.371063
222    'x[15,2]'                 0.481133
223    'x[15,3]'                 0.323425
224    'x[16,1]'                 0.409628
225    'x[16,2]'                 0.561261
226    'x[16,3]'                 0.321808
227    'x[17,1]'                 0.443722
228    'x[17,2]'                 0.637173
229    'x[17,3]'                 0.308324
230    'x[18,1]'                 0.465734
231    'x[18,2]'                 0.688636
232    'x[18,3]'                 0.279221
233    'x[19,1]'                 0.477589
234    'x[19,2]'                 0.718479
235    'x[19,3]'                 0.247202
236    'x[20,1]'                 0.486005
237    'x[20,2]'                 0.738881
238    'x[20,3]'                 0.221986
239    'x[21,1]'                 0.49242
240    'x[21,2]'                 0.753083
241    'x[21,3]'                 0.205053
242    'x[22,1]'                 0.497094
243    'x[22,2]'                 0.762266
244    'x[22,3]'                 0.195006
245    'x[23,1]'                 0.500396
246    'x[23,2]'                 0.767734
247    'x[23,3]'                 0.188974
248    'x[24,1]'                 0.503044
249    'x[24,2]'                 0.771052
250    'x[24,3]'                 0.184161
251    'x[25,1]'                 0.506084
252    'x[25,2]'                 0.773492
253    'x[25,3]'                 0.17836
254    'x[26,1]'                 0.511224
255    'x[26,2]'                 0.775158
256    'x[26,3]'                 0.169641
257    'x[27,1]'                 0.521239
258    'x[27,2]'                 0.771045
259    'x[27,3]'                 0.155348
260    'x[28,1]'                 0.523035
261    'x[28,2]'                 0.719549
262    'x[28,3]'                 0.127214
263    'x[29,1]'                 0.451899
264    'x[29,2]'                 0.537548
265    'x[29,3]'                 0.0791049
266    'x[30,1]'                 0.503017
267    'x[30,2]'                 0.444854
268    'x[30,3]'                 0.0494874
269    PC                       54.2926
270    PR                       94.118
271    'T[1]'                  445.327
272    'T[2]'                  449.133
273    'T[3]'                  448.311
274    'T[4]'                  447.115
275    'T[5]'                  446.197
276    'T[6]'                  445.608
277    'T[7]'                  445.308
278    'T[8]'                  445.27
279    'T[9]'                  445.47
280    'T[10]'                 445.951
281    'T[11]'                 446.791
282    'T[12]'                 448.071
283    'T[13]'                 449.887
284    'T[14]'                 452.318
285    'T[15]'                 451.805
286    'T[16]'                 446.489
287    'T[17]'                 442.174
288    'T[18]'                 439.938
289    'T[19]'                 438.803
290    'T[20]'                 438.045
291    'T[21]'                 437.463
292    'T[22]'                 437.007
293    'T[23]'                 436.658
294    'T[24]'                 436.393
295    'T[25]'                 436.203
296    'T[26]'                 436.204
297    'T[27]'                 437.122
298    'T[28]'                 441.276
299    'T[29]'                 447.693
300    'T[30]'                 459.133
301    TF                      447.618
302    QC                     1264.94
303    QR                     1359.69
304    'H[1,1]'                  9.24412
305    'H[1,2]'                 10.3645
306    'H[1,3]'                 11.485
307    'H[2,1]'                  9.52283
308    'H[2,2]'                 10.6771
309    'H[2,3]'                 11.8314
310    'H[3,1]'                  9.4625
311    'H[3,2]'                 10.6094
312    'H[3,3]'                 11.7564
313    'H[4,1]'                  9.37481
314    'H[4,2]'                 10.5111
315    'H[4,3]'                 11.6474
316    'H[5,1]'                  9.30767
317    'H[5,2]'                 10.4358
318    'H[5,3]'                 11.564
319    'H[6,1]'                  9.26463
320    'H[6,2]'                 10.3875
321    'H[6,3]'                 11.5105
322    'H[7,1]'                  9.24274
323    'H[7,2]'                 10.3629
324    'H[7,3]'                 11.4833
325    'H[8,1]'                  9.23995
326    'H[8,2]'                 10.3598
327    'H[8,3]'                 11.4798
328    'H[9,1]'                  9.25453
329    'H[9,2]'                 10.3762
330    'H[9,3]'                 11.4979
331    'H[10,1]'                 9.28966
332    'H[10,2]'                10.4156
333    'H[10,3]'                11.5416
334    'H[11,1]'                 9.35109
335    'H[11,2]'                10.4845
336    'H[11,3]'                11.6179
337    'H[12,1]'                 9.44486
338    'H[12,2]'                10.5896
339    'H[12,3]'                11.7345
340    'H[13,1]'                 9.57824
341    'H[13,2]'                10.7392
342    'H[13,3]'                11.9003
343    'H[14,1]'                 9.7575
344    'H[14,2]'                10.9403
345    'H[14,3]'                12.1231
346    'H[15,1]'                 9.71961
347    'H[15,2]'                10.8978
348    'H[15,3]'                12.076
349    'H[16,1]'                 9.32898
350    'H[16,2]'                10.4597
351    'H[16,3]'                11.5905
352    'H[17,1]'                 9.01466
353    'H[17,2]'                10.1071
354    'H[17,3]'                11.1998
355    'H[18,1]'                 8.85268
356    'H[18,2]'                 9.92547
357    'H[18,3]'                10.9985
358    'H[19,1]'                 8.7707
359    'H[19,2]'                 9.83352
360    'H[19,3]'                10.8966
361    'H[20,1]'                 8.71608
362    'H[20,2]'                 9.77226
363    'H[20,3]'                10.8287
364    'H[21,1]'                 8.67417
365    'H[21,2]'                 9.72525
366    'H[21,3]'                10.7766
367    'H[22,1]'                 8.64136
368    'H[22,2]'                 9.68846
369    'H[22,3]'                10.7358
370    'H[23,1]'                 8.6163
371    'H[23,2]'                 9.66035
372    'H[23,3]'                10.7047
373    'H[24,1]'                 8.59726
374    'H[24,2]'                 9.639
375    'H[24,3]'                10.681
376    'H[25,1]'                 8.58359
377    'H[25,2]'                 9.62367
378    'H[25,3]'                10.664
379    'H[26,1]'                 8.58366
380    'H[26,2]'                 9.62374
381    'H[26,3]'                10.6641
382    'H[27,1]'                 8.64965
383    'H[27,2]'                 9.69775
384    'H[27,3]'                10.7461
385    'H[28,1]'                 8.94953
386    'H[28,2]'                10.0341
387    'H[28,3]'                11.1188
388    'H[29,1]'                 9.41714
389    'H[29,2]'                10.5585
390    'H[29,3]'                11.7
391    'H[30,1]'                10.264
392    'H[30,2]'                11.5084
393    'H[30,3]'                12.7526
394    'HF[1]'                   9.41167
395    'HF[2]'                  10.5524
396    'HF[3]'                  11.6932
397    'h[1,1]'                  0.731657
398    'h[1,2]'                  0.541338
399    'h[1,3]'                  0.496029
400    'h[2,1]'                  1.10835
401    'h[2,2]'                  0.948925
402    'h[2,3]'                  0.935543
403    'h[3,1]'                  1.02671
404    'h[3,2]'                  0.860638
405    'h[3,3]'                  0.840383
406    'h[4,1]'                  0.908157
407    'h[4,2]'                  0.732381
408    'h[4,3]'                  0.702099
409    'h[5,1]'                  0.817445
410    'h[5,2]'                  0.634209
411    'h[5,3]'                  0.596219
412    'h[6,1]'                  0.759334
413    'h[6,2]'                  0.571303
414    'h[6,3]'                  0.528359
415    'h[7,1]'                  0.729787
416    'h[7,2]'                  0.539313
417    'h[7,3]'                  0.493844
418    'h[8,1]'                  0.726019
419    'h[8,2]'                  0.535233
420    'h[8,3]'                  0.489443
421    'h[9,1]'                  0.745702
422    'h[9,2]'                  0.556544
423    'h[9,3]'                  0.512435
424    'h[10,1]'                 0.793123
425    'h[10,2]'                 0.607882
426    'h[10,3]'                 0.567819
427    'h[11,1]'                 0.876103
428    'h[11,2]'                 0.697694
429    'h[11,3]'                 0.664692
430    'h[12,1]'                 1.00285
431    'h[12,2]'                 0.834826
432    'h[12,3]'                 0.812557
433    'h[13,1]'                 1.18338
434    'h[13,2]'                 1.03004
435    'h[13,3]'                 1.02295
436    'h[14,1]'                 1.42642
437    'h[14,2]'                 1.29266
438    'h[14,3]'                 1.30582
439    'h[15,1]'                 1.37501
440    'h[15,2]'                 1.23713
441    'h[15,3]'                 1.24602
442    'h[16,1]'                 0.84623
443    'h[16,2]'                 0.665364
444    'h[16,3]'                 0.629823
445    'h[17,1]'                 0.42234
446    'h[17,2]'                 0.206262
447    'h[17,3]'                 0.134339
448    'h[18,1]'                 0.204402
449    'h[18,2]'                -0.0300248
450    'h[18,3]'                -0.120912
451    'h[19,1]'                 0.0942216
452    'h[19,2]'                -0.149544
453    'h[19,3]'                -0.250085
454    'h[20,1]'                 0.0208644
455    'h[20,2]'                -0.22914
456    'h[20,3]'                -0.336133
457    'h[21,1]'                -0.0354
458    'h[21,2]'                -0.290202
459    'h[21,3]'                -0.402157
460    'h[22,1]'                -0.0794292
461    'h[22,2]'                -0.337993
462    'h[22,3]'                -0.453839
463    'h[23,1]'                -0.113056
464    'h[23,2]'                -0.374497
465    'h[23,3]'                -0.493319
466    'h[24,1]'                -0.138597
467    'h[24,2]'                -0.402226
468    'h[24,3]'                -0.523311
469    'h[25,1]'                -0.15693
470    'h[25,2]'                -0.42213
471    'h[25,3]'                -0.544841
472    'h[26,1]'                -0.156847
473    'h[26,2]'                -0.42204
474    'h[26,3]'                -0.544744
475    'h[27,1]'                -0.0683086
476    'h[27,2]'                -0.325922
477    'h[27,3]'                -0.440784
478    'h[28,1]'                 0.334671
479    'h[28,2]'                 0.111232
480    'h[28,3]'                 0.0317011
481    'h[29,1]'                 0.965368
482    'h[29,2]'                 0.794281
483    'h[29,3]'                 0.768844
484    'h[30,1]'                 2.11607
485    'h[30,2]'                 2.03651
486    'h[30,3]'                 2.10583
487    'hF[1]'                   0.957971
488    'hF[2]'                   0.786278
489    'hF[3]'                   0.760216
490    'tauGamma[1,1,1]'     1e-06
491    'tauGamma[1,1,2]'     1e-06
492    'tauGamma[1,1,3]'     1e-06
493    'tauGamma[1,2,1]'     1e-06
494    'tauGamma[1,2,2]'     1e-06
495    'tauGamma[1,2,3]'     1e-06
496    'tauGamma[1,3,1]'     1e-06
497    'tauGamma[1,3,2]'     1e-06
498    'tauGamma[1,3,3]'     1e-06
499    'tauGamma[2,1,1]'     1e-06
500    'tauGamma[2,1,2]'     1e-06
501    'tauGamma[2,1,3]'     1e-06
502    'tauGamma[2,2,1]'     1e-06
503    'tauGamma[2,2,2]'     1e-06
504    'tauGamma[2,2,3]'     1e-06
505    'tauGamma[2,3,1]'     1e-06
506    'tauGamma[2,3,2]'     1e-06
507    'tauGamma[2,3,3]'     1e-06
508    'tauGamma[3,1,1]'     1e-06
509    'tauGamma[3,1,2]'     1e-06
510    'tauGamma[3,1,3]'     1e-06
511    'tauGamma[3,2,1]'     1e-06
512    'tauGamma[3,2,2]'     1e-06
513    'tauGamma[3,2,3]'     1e-06
514    'tauGamma[3,3,1]'     1e-06
515    'tauGamma[3,3,2]'     1e-06
516    'tauGamma[3,3,3]'     1e-06
517    'tauGamma[4,1,1]'     1e-06
518    'tauGamma[4,1,2]'     1e-06
519    'tauGamma[4,1,3]'     1e-06
520    'tauGamma[4,2,1]'     1e-06
521    'tauGamma[4,2,2]'     1e-06
522    'tauGamma[4,2,3]'     1e-06
523    'tauGamma[4,3,1]'     1e-06
524    'tauGamma[4,3,2]'     1e-06
525    'tauGamma[4,3,3]'     1e-06
526    'tauGamma[5,1,1]'     1e-06
527    'tauGamma[5,1,2]'     1e-06
528    'tauGamma[5,1,3]'     1e-06
529    'tauGamma[5,2,1]'     1e-06
530    'tauGamma[5,2,2]'     1e-06
531    'tauGamma[5,2,3]'     1e-06
532    'tauGamma[5,3,1]'     1e-06
533    'tauGamma[5,3,2]'     1e-06
534    'tauGamma[5,3,3]'     1e-06
535    'tauGamma[6,1,1]'     1e-06
536    'tauGamma[6,1,2]'     1e-06
537    'tauGamma[6,1,3]'     1e-06
538    'tauGamma[6,2,1]'     1e-06
539    'tauGamma[6,2,2]'     1e-06
540    'tauGamma[6,2,3]'     1e-06
541    'tauGamma[6,3,1]'     1e-06
542    'tauGamma[6,3,2]'     1e-06
543    'tauGamma[6,3,3]'     1e-06
544    'tauGamma[7,1,1]'     1e-06
545    'tauGamma[7,1,2]'     1e-06
546    'tauGamma[7,1,3]'     1e-06
547    'tauGamma[7,2,1]'     1e-06
548    'tauGamma[7,2,2]'     1e-06
549    'tauGamma[7,2,3]'     1e-06
550    'tauGamma[7,3,1]'     1e-06
551    'tauGamma[7,3,2]'     1e-06
552    'tauGamma[7,3,3]'     1e-06
553    'tauGamma[8,1,1]'     1e-06
554    'tauGamma[8,1,2]'     1e-06
555    'tauGamma[8,1,3]'     1e-06
556    'tauGamma[8,2,1]'     1e-06
557    'tauGamma[8,2,2]'     1e-06
558    'tauGamma[8,2,3]'     1e-06
559    'tauGamma[8,3,1]'     1e-06
560    'tauGamma[8,3,2]'     1e-06
561    'tauGamma[8,3,3]'     1e-06
562    'tauGamma[9,1,1]'     1e-06
563    'tauGamma[9,1,2]'     1e-06
564    'tauGamma[9,1,3]'     1e-06
565    'tauGamma[9,2,1]'     1e-06
566    'tauGamma[9,2,2]'     1e-06
567    'tauGamma[9,2,3]'     1e-06
568    'tauGamma[9,3,1]'     1e-06
569    'tauGamma[9,3,2]'     1e-06
570    'tauGamma[9,3,3]'     1e-06
571    'tauGamma[10,1,1]'    1e-06
572    'tauGamma[10,1,2]'    1e-06
573    'tauGamma[10,1,3]'    1e-06
574    'tauGamma[10,2,1]'    1e-06
575    'tauGamma[10,2,2]'    1e-06
576    'tauGamma[10,2,3]'    1e-06
577    'tauGamma[10,3,1]'    1e-06
578    'tauGamma[10,3,2]'    1e-06
579    'tauGamma[10,3,3]'    1e-06
580    'tauGamma[11,1,1]'    1e-06
581    'tauGamma[11,1,2]'    1e-06
582    'tauGamma[11,1,3]'    1e-06
583    'tauGamma[11,2,1]'    1e-06
584    'tauGamma[11,2,2]'    1e-06
585    'tauGamma[11,2,3]'    1e-06
586    'tauGamma[11,3,1]'    1e-06
587    'tauGamma[11,3,2]'    1e-06
588    'tauGamma[11,3,3]'    1e-06
589    'tauGamma[12,1,1]'    1e-06
590    'tauGamma[12,1,2]'    1e-06
591    'tauGamma[12,1,3]'    1e-06
592    'tauGamma[12,2,1]'    1e-06
593    'tauGamma[12,2,2]'    1e-06
594    'tauGamma[12,2,3]'    1e-06
595    'tauGamma[12,3,1]'    1e-06
596    'tauGamma[12,3,2]'    1e-06
597    'tauGamma[12,3,3]'    1e-06
598    'tauGamma[13,1,1]'    1e-06
599    'tauGamma[13,1,2]'    1e-06
600    'tauGamma[13,1,3]'    1e-06
601    'tauGamma[13,2,1]'    1e-06
602    'tauGamma[13,2,2]'    1e-06
603    'tauGamma[13,2,3]'    1e-06
604    'tauGamma[13,3,1]'    1e-06
605    'tauGamma[13,3,2]'    1e-06
606    'tauGamma[13,3,3]'    1e-06
607    'tauGamma[14,1,1]'    1e-06
608    'tauGamma[14,1,2]'    1e-06
609    'tauGamma[14,1,3]'    1e-06
610    'tauGamma[14,2,1]'    1e-06
611    'tauGamma[14,2,2]'    1e-06
612    'tauGamma[14,2,3]'    1e-06
613    'tauGamma[14,3,1]'    1e-06
614    'tauGamma[14,3,2]'    1e-06
615    'tauGamma[14,3,3]'    1e-06
616    'tauGamma[15,1,1]'    1e-06
617    'tauGamma[15,1,2]'    1e-06
618    'tauGamma[15,1,3]'    1e-06
619    'tauGamma[15,2,1]'    1e-06
620    'tauGamma[15,2,2]'    1e-06
621    'tauGamma[15,2,3]'    1e-06
622    'tauGamma[15,3,1]'    1e-06
623    'tauGamma[15,3,2]'    1e-06
624    'tauGamma[15,3,3]'    1e-06
625    'tauGamma[16,1,1]'    1e-06
626    'tauGamma[16,1,2]'    1e-06
627    'tauGamma[16,1,3]'    1e-06
628    'tauGamma[16,2,1]'    1e-06
629    'tauGamma[16,2,2]'    1e-06
630    'tauGamma[16,2,3]'    1e-06
631    'tauGamma[16,3,1]'    1e-06
632    'tauGamma[16,3,2]'    1e-06
633    'tauGamma[16,3,3]'    1e-06
634    'tauGamma[17,1,1]'    1e-06
635    'tauGamma[17,1,2]'    1e-06
636    'tauGamma[17,1,3]'    1e-06
637    'tauGamma[17,2,1]'    1e-06
638    'tauGamma[17,2,2]'    1e-06
639    'tauGamma[17,2,3]'    1e-06
640    'tauGamma[17,3,1]'    1e-06
641    'tauGamma[17,3,2]'    1e-06
642    'tauGamma[17,3,3]'    1e-06
643    'tauGamma[18,1,1]'    1e-06
644    'tauGamma[18,1,2]'    1e-06
645    'tauGamma[18,1,3]'    1e-06
646    'tauGamma[18,2,1]'    1e-06
647    'tauGamma[18,2,2]'    1e-06
648    'tauGamma[18,2,3]'    1e-06
649    'tauGamma[18,3,1]'    1e-06
650    'tauGamma[18,3,2]'    1e-06
651    'tauGamma[18,3,3]'    1e-06
652    'tauGamma[19,1,1]'    1e-06
653    'tauGamma[19,1,2]'    1e-06
654    'tauGamma[19,1,3]'    1e-06
655    'tauGamma[19,2,1]'    1e-06
656    'tauGamma[19,2,2]'    1e-06
657    'tauGamma[19,2,3]'    1e-06
658    'tauGamma[19,3,1]'    1e-06
659    'tauGamma[19,3,2]'    1e-06
660    'tauGamma[19,3,3]'    1e-06
661    'tauGamma[20,1,1]'    1e-06
662    'tauGamma[20,1,2]'    1e-06
663    'tauGamma[20,1,3]'    1e-06
664    'tauGamma[20,2,1]'    1e-06
665    'tauGamma[20,2,2]'    1e-06
666    'tauGamma[20,2,3]'    1e-06
667    'tauGamma[20,3,1]'    1e-06
668    'tauGamma[20,3,2]'    1e-06
669    'tauGamma[20,3,3]'    1e-06
670    'tauGamma[21,1,1]'    1e-06
671    'tauGamma[21,1,2]'    1e-06
672    'tauGamma[21,1,3]'    1e-06
673    'tauGamma[21,2,1]'    1e-06
674    'tauGamma[21,2,2]'    1e-06
675    'tauGamma[21,2,3]'    1e-06
676    'tauGamma[21,3,1]'    1e-06
677    'tauGamma[21,3,2]'    1e-06
678    'tauGamma[21,3,3]'    1e-06
679    'tauGamma[22,1,1]'    1e-06
680    'tauGamma[22,1,2]'    1e-06
681    'tauGamma[22,1,3]'    1e-06
682    'tauGamma[22,2,1]'    1e-06
683    'tauGamma[22,2,2]'    1e-06
684    'tauGamma[22,2,3]'    1e-06
685    'tauGamma[22,3,1]'    1e-06
686    'tauGamma[22,3,2]'    1e-06
687    'tauGamma[22,3,3]'    1e-06
688    'tauGamma[23,1,1]'    1e-06
689    'tauGamma[23,1,2]'    1e-06
690    'tauGamma[23,1,3]'    1e-06
691    'tauGamma[23,2,1]'    1e-06
692    'tauGamma[23,2,2]'    1e-06
693    'tauGamma[23,2,3]'    1e-06
694    'tauGamma[23,3,1]'    1e-06
695    'tauGamma[23,3,2]'    1e-06
696    'tauGamma[23,3,3]'    1e-06
697    'tauGamma[24,1,1]'    1e-06
698    'tauGamma[24,1,2]'    1e-06
699    'tauGamma[24,1,3]'    1e-06
700    'tauGamma[24,2,1]'    1e-06
701    'tauGamma[24,2,2]'    1e-06
702    'tauGamma[24,2,3]'    1e-06
703    'tauGamma[24,3,1]'    1e-06
704    'tauGamma[24,3,2]'    1e-06
705    'tauGamma[24,3,3]'    1e-06
706    'tauGamma[25,1,1]'    1e-06
707    'tauGamma[25,1,2]'    1e-06
708    'tauGamma[25,1,3]'    1e-06
709    'tauGamma[25,2,1]'    1e-06
710    'tauGamma[25,2,2]'    1e-06
711    'tauGamma[25,2,3]'    1e-06
712    'tauGamma[25,3,1]'    1e-06
713    'tauGamma[25,3,2]'    1e-06
714    'tauGamma[25,3,3]'    1e-06
715    'tauGamma[26,1,1]'    1e-06
716    'tauGamma[26,1,2]'    1e-06
717    'tauGamma[26,1,3]'    1e-06
718    'tauGamma[26,2,1]'    1e-06
719    'tauGamma[26,2,2]'    1e-06
720    'tauGamma[26,2,3]'    1e-06
721    'tauGamma[26,3,1]'    1e-06
722    'tauGamma[26,3,2]'    1e-06
723    'tauGamma[26,3,3]'    1e-06
724    'tauGamma[27,1,1]'    1e-06
725    'tauGamma[27,1,2]'    1e-06
726    'tauGamma[27,1,3]'    1e-06
727    'tauGamma[27,2,1]'    1e-06
728    'tauGamma[27,2,2]'    1e-06
729    'tauGamma[27,2,3]'    1e-06
730    'tauGamma[27,3,1]'    1e-06
731    'tauGamma[27,3,2]'    1e-06
732    'tauGamma[27,3,3]'    1e-06
733    'tauGamma[28,1,1]'    1e-06
734    'tauGamma[28,1,2]'    1e-06
735    'tauGamma[28,1,3]'    1e-06
736    'tauGamma[28,2,1]'    1e-06
737    'tauGamma[28,2,2]'    1e-06
738    'tauGamma[28,2,3]'    1e-06
739    'tauGamma[28,3,1]'    1e-06
740    'tauGamma[28,3,2]'    1e-06
741    'tauGamma[28,3,3]'    1e-06
742    'tauGamma[29,1,1]'    1e-06
743    'tauGamma[29,1,2]'    1e-06
744    'tauGamma[29,1,3]'    1e-06
745    'tauGamma[29,2,1]'    1e-06
746    'tauGamma[29,2,2]'    1e-06
747    'tauGamma[29,2,3]'    1e-06
748    'tauGamma[29,3,1]'    1e-06
749    'tauGamma[29,3,2]'    1e-06
750    'tauGamma[29,3,3]'    1e-06
751    'tauGamma[30,1,1]'    1e-06
752    'tauGamma[30,1,2]'    1e-06
753    'tauGamma[30,1,3]'    1e-06
754    'tauGamma[30,2,1]'    1e-06
755    'tauGamma[30,2,2]'    1e-06
756    'tauGamma[30,2,3]'    1e-06
757    'tauGamma[30,3,1]'    1e-06
758    'tauGamma[30,3,2]'    1e-06
759    'tauGamma[30,3,3]'    1e-06
760    'PGamma[1,1,1]'           1
761    'PGamma[1,1,2]'           1
762    'PGamma[1,1,3]'           1
763    'PGamma[1,2,1]'           1
764    'PGamma[1,2,2]'           1
765    'PGamma[1,2,3]'           1
766    'PGamma[1,3,1]'           1
767    'PGamma[1,3,2]'           1
768    'PGamma[1,3,3]'           1
769    'PGamma[2,1,1]'           1
770    'PGamma[2,1,2]'           1
771    'PGamma[2,1,3]'           1
772    'PGamma[2,2,1]'           1
773    'PGamma[2,2,2]'           1
774    'PGamma[2,2,3]'           1
775    'PGamma[2,3,1]'           1
776    'PGamma[2,3,2]'           1
777    'PGamma[2,3,3]'           1
778    'PGamma[3,1,1]'           1
779    'PGamma[3,1,2]'           1
780    'PGamma[3,1,3]'           1
781    'PGamma[3,2,1]'           1
782    'PGamma[3,2,2]'           1
783    'PGamma[3,2,3]'           1
784    'PGamma[3,3,1]'           1
785    'PGamma[3,3,2]'           1
786    'PGamma[3,3,3]'           1
787    'PGamma[4,1,1]'           1
788    'PGamma[4,1,2]'           1
789    'PGamma[4,1,3]'           1
790    'PGamma[4,2,1]'           1
791    'PGamma[4,2,2]'           1
792    'PGamma[4,2,3]'           1
793    'PGamma[4,3,1]'           1
794    'PGamma[4,3,2]'           1
795    'PGamma[4,3,3]'           1
796    'PGamma[5,1,1]'           1
797    'PGamma[5,1,2]'           1
798    'PGamma[5,1,3]'           1
799    'PGamma[5,2,1]'           1
800    'PGamma[5,2,2]'           1
801    'PGamma[5,2,3]'           1
802    'PGamma[5,3,1]'           1
803    'PGamma[5,3,2]'           1
804    'PGamma[5,3,3]'           1
805    'PGamma[6,1,1]'           1
806    'PGamma[6,1,2]'           1
807    'PGamma[6,1,3]'           1
808    'PGamma[6,2,1]'           1
809    'PGamma[6,2,2]'           1
810    'PGamma[6,2,3]'           1
811    'PGamma[6,3,1]'           1
812    'PGamma[6,3,2]'           1
813    'PGamma[6,3,3]'           1
814    'PGamma[7,1,1]'           1
815    'PGamma[7,1,2]'           1
816    'PGamma[7,1,3]'           1
817    'PGamma[7,2,1]'           1
818    'PGamma[7,2,2]'           1
819    'PGamma[7,2,3]'           1
820    'PGamma[7,3,1]'           1
821    'PGamma[7,3,2]'           1
822    'PGamma[7,3,3]'           1
823    'PGamma[8,1,1]'           1
824    'PGamma[8,1,2]'           1
825    'PGamma[8,1,3]'           1
826    'PGamma[8,2,1]'           1
827    'PGamma[8,2,2]'           1
828    'PGamma[8,2,3]'           1
829    'PGamma[8,3,1]'           1
830    'PGamma[8,3,2]'           1
831    'PGamma[8,3,3]'           1
832    'PGamma[9,1,1]'           1
833    'PGamma[9,1,2]'           1
834    'PGamma[9,1,3]'           1
835    'PGamma[9,2,1]'           1
836    'PGamma[9,2,2]'           1
837    'PGamma[9,2,3]'           1
838    'PGamma[9,3,1]'           1
839    'PGamma[9,3,2]'           1
840    'PGamma[9,3,3]'           1
841    'PGamma[10,1,1]'          1
842    'PGamma[10,1,2]'          1
843    'PGamma[10,1,3]'          1
844    'PGamma[10,2,1]'          1
845    'PGamma[10,2,2]'          1
846    'PGamma[10,2,3]'          1
847    'PGamma[10,3,1]'          1
848    'PGamma[10,3,2]'          1
849    'PGamma[10,3,3]'          1
850    'PGamma[11,1,1]'          1
851    'PGamma[11,1,2]'          1
852    'PGamma[11,1,3]'          1
853    'PGamma[11,2,1]'          1
854    'PGamma[11,2,2]'          1
855    'PGamma[11,2,3]'          1
856    'PGamma[11,3,1]'          1
857    'PGamma[11,3,2]'          1
858    'PGamma[11,3,3]'          1
859    'PGamma[12,1,1]'          1
860    'PGamma[12,1,2]'          1
861    'PGamma[12,1,3]'          1
862    'PGamma[12,2,1]'          1
863    'PGamma[12,2,2]'          1
864    'PGamma[12,2,3]'          1
865    'PGamma[12,3,1]'          1
866    'PGamma[12,3,2]'          1
867    'PGamma[12,3,3]'          1
868    'PGamma[13,1,1]'          1
869    'PGamma[13,1,2]'          1
870    'PGamma[13,1,3]'          1
871    'PGamma[13,2,1]'          1
872    'PGamma[13,2,2]'          1
873    'PGamma[13,2,3]'          1
874    'PGamma[13,3,1]'          1
875    'PGamma[13,3,2]'          1
876    'PGamma[13,3,3]'          1
877    'PGamma[14,1,1]'          1
878    'PGamma[14,1,2]'          1
879    'PGamma[14,1,3]'          1
880    'PGamma[14,2,1]'          1
881    'PGamma[14,2,2]'          1
882    'PGamma[14,2,3]'          1
883    'PGamma[14,3,1]'          1
884    'PGamma[14,3,2]'          1
885    'PGamma[14,3,3]'          1
886    'PGamma[15,1,1]'          1
887    'PGamma[15,1,2]'          1
888    'PGamma[15,1,3]'          1
889    'PGamma[15,2,1]'          1
890    'PGamma[15,2,2]'          1
891    'PGamma[15,2,3]'          1
892    'PGamma[15,3,1]'          1
893    'PGamma[15,3,2]'          1
894    'PGamma[15,3,3]'          1
895    'PGamma[16,1,1]'          1
896    'PGamma[16,1,2]'          1
897    'PGamma[16,1,3]'          1
898    'PGamma[16,2,1]'          1
899    'PGamma[16,2,2]'          1
900    'PGamma[16,2,3]'          1
901    'PGamma[16,3,1]'          1
902    'PGamma[16,3,2]'          1
903    'PGamma[16,3,3]'          1
904    'PGamma[17,1,1]'          1
905    'PGamma[17,1,2]'          1
906    'PGamma[17,1,3]'          1
907    'PGamma[17,2,1]'          1
908    'PGamma[17,2,2]'          1
909    'PGamma[17,2,3]'          1
910    'PGamma[17,3,1]'          1
911    'PGamma[17,3,2]'          1
912    'PGamma[17,3,3]'          1
913    'PGamma[18,1,1]'          1
914    'PGamma[18,1,2]'          1
915    'PGamma[18,1,3]'          1
916    'PGamma[18,2,1]'          1
917    'PGamma[18,2,2]'          1
918    'PGamma[18,2,3]'          1
919    'PGamma[18,3,1]'          1
920    'PGamma[18,3,2]'          1
921    'PGamma[18,3,3]'          1
922    'PGamma[19,1,1]'          1
923    'PGamma[19,1,2]'          1
924    'PGamma[19,1,3]'          1
925    'PGamma[19,2,1]'          1
926    'PGamma[19,2,2]'          1
927    'PGamma[19,2,3]'          1
928    'PGamma[19,3,1]'          1
929    'PGamma[19,3,2]'          1
930    'PGamma[19,3,3]'          1
931    'PGamma[20,1,1]'          1
932    'PGamma[20,1,2]'          1
933    'PGamma[20,1,3]'          1
934    'PGamma[20,2,1]'          1
935    'PGamma[20,2,2]'          1
936    'PGamma[20,2,3]'          1
937    'PGamma[20,3,1]'          1
938    'PGamma[20,3,2]'          1
939    'PGamma[20,3,3]'          1
940    'PGamma[21,1,1]'          1
941    'PGamma[21,1,2]'          1
942    'PGamma[21,1,3]'          1
943    'PGamma[21,2,1]'          1
944    'PGamma[21,2,2]'          1
945    'PGamma[21,2,3]'          1
946    'PGamma[21,3,1]'          1
947    'PGamma[21,3,2]'          1
948    'PGamma[21,3,3]'          1
949    'PGamma[22,1,1]'          1
950    'PGamma[22,1,2]'          1
951    'PGamma[22,1,3]'          1
952    'PGamma[22,2,1]'          1
953    'PGamma[22,2,2]'          1
954    'PGamma[22,2,3]'          1
955    'PGamma[22,3,1]'          1
956    'PGamma[22,3,2]'          1
957    'PGamma[22,3,3]'          1
958    'PGamma[23,1,1]'          1
959    'PGamma[23,1,2]'          1
960    'PGamma[23,1,3]'          1
961    'PGamma[23,2,1]'          1
962    'PGamma[23,2,2]'          1
963    'PGamma[23,2,3]'          1
964    'PGamma[23,3,1]'          1
965    'PGamma[23,3,2]'          1
966    'PGamma[23,3,3]'          1
967    'PGamma[24,1,1]'          1
968    'PGamma[24,1,2]'          1
969    'PGamma[24,1,3]'          1
970    'PGamma[24,2,1]'          1
971    'PGamma[24,2,2]'          1
972    'PGamma[24,2,3]'          1
973    'PGamma[24,3,1]'          1
974    'PGamma[24,3,2]'          1
975    'PGamma[24,3,3]'          1
976    'PGamma[25,1,1]'          1
977    'PGamma[25,1,2]'          1
978    'PGamma[25,1,3]'          1
979    'PGamma[25,2,1]'          1
980    'PGamma[25,2,2]'          1
981    'PGamma[25,2,3]'          1
982    'PGamma[25,3,1]'          1
983    'PGamma[25,3,2]'          1
984    'PGamma[25,3,3]'          1
985    'PGamma[26,1,1]'          1
986    'PGamma[26,1,2]'          1
987    'PGamma[26,1,3]'          1
988    'PGamma[26,2,1]'          1
989    'PGamma[26,2,2]'          1
990    'PGamma[26,2,3]'          1
991    'PGamma[26,3,1]'          1
992    'PGamma[26,3,2]'          1
993    'PGamma[26,3,3]'          1
994    'PGamma[27,1,1]'          1
995    'PGamma[27,1,2]'          1
996    'PGamma[27,1,3]'          1
997    'PGamma[27,2,1]'          1
998    'PGamma[27,2,2]'          1
999    'PGamma[27,2,3]'          1
1000   'PGamma[27,3,1]'          1
1001   'PGamma[27,3,2]'          1
1002   'PGamma[27,3,3]'          1
1003   'PGamma[28,1,1]'          1
1004   'PGamma[28,1,2]'          1
1005   'PGamma[28,1,3]'          1
1006   'PGamma[28,2,1]'          1
1007   'PGamma[28,2,2]'          1
1008   'PGamma[28,2,3]'          1
1009   'PGamma[28,3,1]'          1
1010   'PGamma[28,3,2]'          1
1011   'PGamma[28,3,3]'          1
1012   'PGamma[29,1,1]'          1
1013   'PGamma[29,1,2]'          1
1014   'PGamma[29,1,3]'          1
1015   'PGamma[29,2,1]'          1
1016   'PGamma[29,2,2]'          1
1017   'PGamma[29,2,3]'          1
1018   'PGamma[29,3,1]'          1
1019   'PGamma[29,3,2]'          1
1020   'PGamma[29,3,3]'          1
1021   'PGamma[30,1,1]'          1
1022   'PGamma[30,1,2]'          1
1023   'PGamma[30,1,3]'          1
1024   'PGamma[30,2,1]'          1
1025   'PGamma[30,2,2]'          1
1026   'PGamma[30,2,3]'          1
1027   'PGamma[30,3,1]'          1
1028   'PGamma[30,3,2]'          1
1029   'PGamma[30,3,3]'          1
1030   'SGamma1[1,1]'            1.42009e-06
1031   'SGamma1[1,2]'            1.42009e-06
1032   'SGamma1[1,3]'            1.42009e-06
1033   'SGamma1[2,1]'            1.22299e-06
1034   'SGamma1[2,2]'            1.22299e-06
1035   'SGamma1[2,3]'            1.22299e-06
1036   'SGamma1[3,1]'            1.19668e-06
1037   'SGamma1[3,2]'            1.19668e-06
1038   'SGamma1[3,3]'            1.19668e-06
1039   'SGamma1[4,1]'            1.19223e-06
1040   'SGamma1[4,2]'            1.19223e-06
1041   'SGamma1[4,3]'            1.19223e-06
1042   'SGamma1[5,1]'            1.19302e-06
1043   'SGamma1[5,2]'            1.19302e-06
1044   'SGamma1[5,3]'            1.19302e-06
1045   'SGamma1[6,1]'            1.19517e-06
1046   'SGamma1[6,2]'            1.19517e-06
1047   'SGamma1[6,3]'            1.19517e-06
1048   'SGamma1[7,1]'            1.19764e-06
1049   'SGamma1[7,2]'            1.19764e-06
1050   'SGamma1[7,3]'            1.19764e-06
1051   'SGamma1[8,1]'            1.20059e-06
1052   'SGamma1[8,2]'            1.20059e-06
1053   'SGamma1[8,3]'            1.20059e-06
1054   'SGamma1[9,1]'            1.20289e-06
1055   'SGamma1[9,2]'            1.20289e-06
1056   'SGamma1[9,3]'            1.20289e-06
1057   'SGamma1[10,1]'           1.20685e-06
1058   'SGamma1[10,2]'           1.20685e-06
1059   'SGamma1[10,3]'           1.20685e-06
1060   'SGamma1[11,1]'           1.21285e-06
1061   'SGamma1[11,2]'           1.21285e-06
1062   'SGamma1[11,3]'           1.21285e-06
1063   'SGamma1[12,1]'           1.2209e-06
1064   'SGamma1[12,2]'           1.2209e-06
1065   'SGamma1[12,3]'           1.2209e-06
1066   'SGamma1[13,1]'           1.23142e-06
1067   'SGamma1[13,2]'           1.23142e-06
1068   'SGamma1[13,3]'           1.23142e-06
1069   'SGamma1[14,1]'           1.24094e-06
1070   'SGamma1[14,2]'           1.24094e-06
1071   'SGamma1[14,3]'           1.24094e-06
1072   'SGamma1[15,1]'           1.17562e-06
1073   'SGamma1[15,2]'           1.17562e-06
1074   'SGamma1[15,3]'           1.17562e-06
1075   'SGamma1[16,1]'           1.2927e-06
1076   'SGamma1[16,2]'           1.2927e-06
1077   'SGamma1[16,3]'           1.2927e-06
1078   'SGamma1[17,1]'           1.38922e-06
1079   'SGamma1[17,2]'           1.38922e-06
1080   'SGamma1[17,3]'           1.38922e-06
1081   'SGamma1[18,1]'           1.43359e-06
1082   'SGamma1[18,2]'           1.43359e-06
1083   'SGamma1[18,3]'           1.43359e-06
1084   'SGamma1[19,1]'           1.44327e-06
1085   'SGamma1[19,2]'           1.44327e-06
1086   'SGamma1[19,3]'           1.44327e-06
1087   'SGamma1[20,1]'           1.44687e-06
1088   'SGamma1[20,2]'           1.44687e-06
1089   'SGamma1[20,3]'           1.44687e-06
1090   'SGamma1[21,1]'           1.45056e-06
1091   'SGamma1[21,2]'           1.45056e-06
1092   'SGamma1[21,3]'           1.45056e-06
1093   'SGamma1[22,1]'           1.45437e-06
1094   'SGamma1[22,2]'           1.45437e-06
1095   'SGamma1[22,3]'           1.45437e-06
1096   'SGamma1[23,1]'           1.4571e-06
1097   'SGamma1[23,2]'           1.4571e-06
1098   'SGamma1[23,3]'           1.4571e-06
1099   'SGamma1[24,1]'           1.45826e-06
1100   'SGamma1[24,2]'           1.45826e-06
1101   'SGamma1[24,3]'           1.45826e-06
1102   'SGamma1[25,1]'           1.45794e-06
1103   'SGamma1[25,2]'           1.45794e-06
1104   'SGamma1[25,3]'           1.45794e-06
1105   'SGamma1[26,1]'           1.45602e-06
1106   'SGamma1[26,2]'           1.45602e-06
1107   'SGamma1[26,3]'           1.45602e-06
1108   'SGamma1[27,1]'           1.44763e-06
1109   'SGamma1[27,2]'           1.44763e-06
1110   'SGamma1[27,3]'           1.44763e-06
1111   'SGamma1[28,1]'           1.3698e-06
1112   'SGamma1[28,2]'           1.3698e-06
1113   'SGamma1[28,3]'           1.3698e-06
1114   'SGamma1[29,1]'           1.06855e-06
1115   'SGamma1[29,2]'           1.06855e-06
1116   'SGamma1[29,3]'           1.06855e-06
1117   'SGamma1[30,1]'           9.97358e-07
1118   'SGamma1[30,2]'           9.97358e-07
1119   'SGamma1[30,3]'           9.97358e-07
1120   'SGamma2[1,1]'            1.42009
1121   'SGamma2[1,2]'            1.42009
1122   'SGamma2[1,3]'            1.42009
1123   'SGamma2[2,1]'            1.22299
1124   'SGamma2[2,2]'            1.22299
1125   'SGamma2[2,3]'            1.22299
1126   'SGamma2[3,1]'            1.19668
1127   'SGamma2[3,2]'            1.19668
1128   'SGamma2[3,3]'            1.19668
1129   'SGamma2[4,1]'            1.19223
1130   'SGamma2[4,2]'            1.19223
1131   'SGamma2[4,3]'            1.19223
1132   'SGamma2[5,1]'            1.19302
1133   'SGamma2[5,2]'            1.19302
1134   'SGamma2[5,3]'            1.19302
1135   'SGamma2[6,1]'            1.19517
1136   'SGamma2[6,2]'            1.19517
1137   'SGamma2[6,3]'            1.19517
1138   'SGamma2[7,1]'            1.19764
1139   'SGamma2[7,2]'            1.19764
1140   'SGamma2[7,3]'            1.19764
1141   'SGamma2[8,1]'            1.20059
1142   'SGamma2[8,2]'            1.20059
1143   'SGamma2[8,3]'            1.20059
1144   'SGamma2[9,1]'            1.20289
1145   'SGamma2[9,2]'            1.20289
1146   'SGamma2[9,3]'            1.20289
1147   'SGamma2[10,1]'           1.20685
1148   'SGamma2[10,2]'           1.20685
1149   'SGamma2[10,3]'           1.20685
1150   'SGamma2[11,1]'           1.21285
1151   'SGamma2[11,2]'           1.21285
1152   'SGamma2[11,3]'           1.21285
1153   'SGamma2[12,1]'           1.2209
1154   'SGamma2[12,2]'           1.2209
1155   'SGamma2[12,3]'           1.2209
1156   'SGamma2[13,1]'           1.23142
1157   'SGamma2[13,2]'           1.23142
1158   'SGamma2[13,3]'           1.23142
1159   'SGamma2[14,1]'           1.24094
1160   'SGamma2[14,2]'           1.24094
1161   'SGamma2[14,3]'           1.24094
1162   'SGamma2[15,1]'           1.17562
1163   'SGamma2[15,2]'           1.17562
1164   'SGamma2[15,3]'           1.17562
1165   'SGamma2[16,1]'           1.2927
1166   'SGamma2[16,2]'           1.2927
1167   'SGamma2[16,3]'           1.2927
1168   'SGamma2[17,1]'           1.38922
1169   'SGamma2[17,2]'           1.38922
1170   'SGamma2[17,3]'           1.38922
1171   'SGamma2[18,1]'           1.43359
1172   'SGamma2[18,2]'           1.43359
1173   'SGamma2[18,3]'           1.43359
1174   'SGamma2[19,1]'           1.44327
1175   'SGamma2[19,2]'           1.44327
1176   'SGamma2[19,3]'           1.44327
1177   'SGamma2[20,1]'           1.44687
1178   'SGamma2[20,2]'           1.44687
1179   'SGamma2[20,3]'           1.44687
1180   'SGamma2[21,1]'           1.45056
1181   'SGamma2[21,2]'           1.45056
1182   'SGamma2[21,3]'           1.45056
1183   'SGamma2[22,1]'           1.45437
1184   'SGamma2[22,2]'           1.45437
1185   'SGamma2[22,3]'           1.45437
1186   'SGamma2[23,1]'           1.4571
1187   'SGamma2[23,2]'           1.4571
1188   'SGamma2[23,3]'           1.4571
1189   'SGamma2[24,1]'           1.45826
1190   'SGamma2[24,2]'           1.45826
1191   'SGamma2[24,3]'           1.45826
1192   'SGamma2[25,1]'           1.45794
1193   'SGamma2[25,2]'           1.45794
1194   'SGamma2[25,3]'           1.45794
1195   'SGamma2[26,1]'           1.45602
1196   'SGamma2[26,2]'           1.45602
1197   'SGamma2[26,3]'           1.45602
1198   'SGamma2[27,1]'           1.44763
1199   'SGamma2[27,2]'           1.44763
1200   'SGamma2[27,3]'           1.44763
1201   'SGamma2[28,1]'           1.3698
1202   'SGamma2[28,2]'           1.3698
1203   'SGamma2[28,3]'           1.3698
1204   'SGamma2[29,1]'           1.06855
1205   'SGamma2[29,2]'           1.06855
1206   'SGamma2[29,3]'           1.06855
1207   'SGamma2[30,1]'           0.997358
1208   'SGamma2[30,2]'           0.997358
1209   'SGamma2[30,3]'           0.997358
1210   'gamma[1,1]'              1
1211   'gamma[1,2]'              1
1212   'gamma[1,3]'              1
1213   'gamma[2,1]'              1
1214   'gamma[2,2]'              1
1215   'gamma[2,3]'              1
1216   'gamma[3,1]'              1
1217   'gamma[3,2]'              1
1218   'gamma[3,3]'              1
1219   'gamma[4,1]'              1
1220   'gamma[4,2]'              1
1221   'gamma[4,3]'              1
1222   'gamma[5,1]'              1
1223   'gamma[5,2]'              1
1224   'gamma[5,3]'              1
1225   'gamma[6,1]'              1
1226   'gamma[6,2]'              1
1227   'gamma[6,3]'              1
1228   'gamma[7,1]'              1
1229   'gamma[7,2]'              1
1230   'gamma[7,3]'              1
1231   'gamma[8,1]'              1
1232   'gamma[8,2]'              1
1233   'gamma[8,3]'              1
1234   'gamma[9,1]'              1
1235   'gamma[9,2]'              1
1236   'gamma[9,3]'              1
1237   'gamma[10,1]'             1
1238   'gamma[10,2]'             1
1239   'gamma[10,3]'             1
1240   'gamma[11,1]'             1
1241   'gamma[11,2]'             1
1242   'gamma[11,3]'             1
1243   'gamma[12,1]'             1
1244   'gamma[12,2]'             1
1245   'gamma[12,3]'             1
1246   'gamma[13,1]'             1
1247   'gamma[13,2]'             1
1248   'gamma[13,3]'             1
1249   'gamma[14,1]'             1
1250   'gamma[14,2]'             1
1251   'gamma[14,3]'             1
1252   'gamma[15,1]'             1
1253   'gamma[15,2]'             1
1254   'gamma[15,3]'             1
1255   'gamma[16,1]'             1
1256   'gamma[16,2]'             1
1257   'gamma[16,3]'             1
1258   'gamma[17,1]'             1
1259   'gamma[17,2]'             1
1260   'gamma[17,3]'             1
1261   'gamma[18,1]'             1
1262   'gamma[18,2]'             1
1263   'gamma[18,3]'             1
1264   'gamma[19,1]'             1
1265   'gamma[19,2]'             1
1266   'gamma[19,3]'             1
1267   'gamma[20,1]'             1
1268   'gamma[20,2]'             1
1269   'gamma[20,3]'             1
1270   'gamma[21,1]'             1
1271   'gamma[21,2]'             1
1272   'gamma[21,3]'             1
1273   'gamma[22,1]'             1
1274   'gamma[22,2]'             1
1275   'gamma[22,3]'             1
1276   'gamma[23,1]'             1
1277   'gamma[23,2]'             1
1278   'gamma[23,3]'             1
1279   'gamma[24,1]'             1
1280   'gamma[24,2]'             1
1281   'gamma[24,3]'             1
1282   'gamma[25,1]'             1
1283   'gamma[25,2]'             1
1284   'gamma[25,3]'             1
1285   'gamma[26,1]'             1
1286   'gamma[26,2]'             1
1287   'gamma[26,3]'             1
1288   'gamma[27,1]'             1
1289   'gamma[27,2]'             1
1290   'gamma[27,3]'             1
1291   'gamma[28,1]'             1
1292   'gamma[28,2]'             1
1293   'gamma[28,3]'             1
1294   'gamma[29,1]'             1
1295   'gamma[29,2]'             1
1296   'gamma[29,3]'             1
1297   'gamma[30,1]'             1
1298   'gamma[30,2]'             1
1299   'gamma[30,3]'             1
1300   'PrS[1,1]'           314540
1301   'PrS[1,2]'           172881
1302   'PrS[1,3]'            96188.1
1303   'PrS[2,1]'           341002
1304   'PrS[2,2]'           188969
1305   'PrS[2,3]'           105966
1306   'PrS[3,1]'           335150
1307   'PrS[3,2]'           185401
1308   'PrS[3,3]'           103792
1309   'PrS[4,1]'           326768
1310   'PrS[4,2]'           180300
1311   'PrS[4,3]'           100689
1312   'PrS[5,1]'           320446
1313   'PrS[5,2]'           176461
1314   'PrS[5,3]'            98357.8
1315   'PrS[6,1]'           316438
1316   'PrS[6,2]'           174031
1317   'PrS[6,3]'            96884.5
1318   'PrS[7,1]'           314412
1319   'PrS[7,2]'           172804
1320   'PrS[7,3]'            96141.2
1321   'PrS[8,1]'           314154
1322   'PrS[8,2]'           172648
1323   'PrS[8,3]'            96046.7
1324   'PrS[9,1]'           315502
1325   'PrS[9,2]'           173464
1326   'PrS[9,3]'            96541
1327   'PrS[10,1]'          318764
1328   'PrS[10,2]'          175441
1329   'PrS[10,3]'           97739.3
1330   'PrS[11,1]'          324525
1331   'PrS[11,2]'          178937
1332   'PrS[11,3]'           99860.7
1333   'PrS[12,1]'          333452
1334   'PrS[12,2]'          184366
1335   'PrS[12,3]'          103162
1336   'PrS[13,1]'          346438
1337   'PrS[13,2]'          192288
1338   'PrS[13,3]'          107992
1339   'PrS[14,1]'          364427
1340   'PrS[14,2]'          203305
1341   'PrS[14,3]'          114736
1342   'PrS[15,1]'          360573
1343   'PrS[15,2]'          200941
1344   'PrS[15,3]'          113286
1345   'PrS[16,1]'          322443
1346   'PrS[16,2]'          177673
1347   'PrS[16,3]'           99093.3
1348   'PrS[17,1]'          293833
1349   'PrS[17,2]'          160380
1350   'PrS[17,3]'           88639.7
1351   'PrS[18,1]'          279790
1352   'PrS[18,2]'          151949
1353   'PrS[18,3]'           83575.3
1354   'PrS[19,1]'          272860
1355   'PrS[19,2]'          147803
1356   'PrS[19,3]'           81093.4
1357   'PrS[20,1]'          268309
1358   'PrS[20,2]'          145085
1359   'PrS[20,3]'           79469.9
1360   'PrS[21,1]'          264853
1361   'PrS[21,2]'          143024
1362   'PrS[21,3]'           78240.2
1363   'PrS[22,1]'          262169
1364   'PrS[22,2]'          141426
1365   'PrS[22,3]'           77287.2
1366   'PrS[23,1]'          260130
1367   'PrS[23,2]'          140213
1368   'PrS[23,3]'           76564.9
1369   'PrS[24,1]'          258589
1370   'PrS[24,2]'          139296
1371   'PrS[24,3]'           76019.5
1372   'PrS[25,1]'          257487
1373   'PrS[25,2]'          138641
1374   'PrS[25,3]'           75629.7
1375   'PrS[26,1]'          257492
1376   'PrS[26,2]'          138644
1377   'PrS[26,3]'           75631.5
1378   'PrS[27,1]'          262845
1379   'PrS[27,2]'          141828
1380   'PrS[27,3]'           77527.1
1381   'PrS[28,1]'          288130
1382   'PrS[28,2]'          156951
1383   'PrS[28,3]'           86577.5
1384   'PrS[29,1]'          330796
1385   'PrS[29,2]'          182750
1386   'PrS[29,3]'          102178
1387   'PrS[30,1]'          418670
1388   'PrS[30,2]'          236814
1389   'PrS[30,3]'          135418
1390   'PrSF[1]'            330273
1391   'PrSF[2]'            182432
1392   'PrSF[3]'            101984
1393   Vap                     137.928
;

