solve_message = 'LOQO 7.00: iteration limit (500 iterations, 3649 evaluations)\
primal objective 5509.120599691611\
  dual objective 1397.7119484640693'

:          _varname              _var          :=
1     'F[2]'                    0
2     'F[3]'                    0
3     'F[4]'                    0
4     'F[5]'                    0
5     'F[6]'                    0
6     'F[7]'                    0
7     'F[8]'                  200
8     'F[9]'                    0
9     'F[10]'                   0
10    'F[11]'                   0
11    'F[12]'                   0
12    'F[13]'                   0
13    'F[14]'                   0
14    'V[1]'                 5509.12
15    'V[2]'                 5642.92
16    'V[3]'                 5694.7
17    'V[4]'                 5725.63
18    'V[5]'                 5738.36
19    'V[6]'                 5741.55
20    'V[7]'                 5750.93
21    'V[8]'                 5788.49
22    'V[9]'                 5868.85
23    'V[10]'                5970.06
24    'V[11]'                6068.75
25    'V[12]'                6146.5
26    'V[13]'                6198.94
27    'V[14]'                6230.86
28    'V[15]'                   0
29    'y[1,1]'                  0.0106963
30    'y[1,2]'                  0.692613
31    'y[1,3]'                  0.301121
32    'y[2,1]'                  0.0211308
33    'y[2,2]'                  0.778235
34    'y[2,3]'                  0.195783
35    'y[3,1]'                  0.0398042
36    'y[3,2]'                  0.832238
37    'y[3,3]'                  0.122983
38    'y[4,1]'                  0.071635
39    'y[4,2]'                  0.847835
40    'y[4,3]'                  0.0755534
41    'y[5,1]'                  0.123553
42    'y[5,2]'                  0.825142
43    'y[5,3]'                  0.0463273
44    'y[6,1]'                  0.20319
45    'y[6,2]'                  0.762939
46    'y[6,3]'                  0.0288927
47    'y[7,1]'                  0.314766
48    'y[7,2]'                  0.661624
49    'y[7,3]'                  0.0186303
50    'y[8,1]'                  0.452506
51    'y[8,2]'                  0.529942
52    'y[8,3]'                  0.0125741
53    'y[9,1]'                  0.600718
54    'y[9,2]'                  0.389241
55    'y[9,3]'                  0.00505871
56    'y[10,1]'                 0.734013
57    'y[10,2]'                 0.259176
58    'y[10,3]'                 0.00182853
59    'y[11,1]'                 0.835457
60    'y[11,2]'                 0.158957
61    'y[11,3]'                 0.000604196
62    'y[12,1]'                 0.902974
63    'y[12,2]'                 0.0918571
64    'y[12,3]'                 0.00018705
65    'y[13,1]'                 0.943893
66    'y[13,2]'                 0.0510692
67    'y[13,3]'                 5.54811e-05
68    'y[14,1]'                 0.967276
69    'y[14,2]'                 0.0277261
70    'y[14,3]'                 1.60074e-05
71    'y[15,1]'                 0.980183
72    'y[15,2]'                 0.0148281
73    'y[15,3]'                 4.53159e-06
74    'L[1]'                    0
75    'L[2]'                 5645.99
76    'L[3]'                 5726.61
77    'L[4]'                 5777.16
78    'L[5]'                 5807.77
79    'L[6]'                 5820.34
80    'L[7]'                 5823.48
81    'L[8]'                 5832.76
82    'L[9]'                 5670.92
83    'L[10]'                5750.47
84    'L[11]'                5850.65
85    'L[12]'                5948.34
86    'L[13]'                6025.31
87    'L[14]'                6077.22
88    'L[15]'                6108.81
89    'x[1,1]'                  0.00498687
90    'x[1,2]'                  0.568832
91    'x[1,3]'                  0.430968
92    'x[2,1]'                  0.0105609
93    'x[2,2]'                  0.68987
94    'x[2,3]'                  0.30442
95    'x[3,1]'                  0.0209448
96    'x[3,2]'                  0.780688
97    'x[3,3]'                  0.203343
98    'x[4,1]'                  0.0393606
99    'x[4,2]'                  0.834068
100   'x[4,3]'                  0.131549
101   'x[5,1]'                  0.0707506
102   'x[5,2]'                  0.849481
103   'x[5,3]'                  0.0847461
104   'x[6,1]'                  0.121949
105   'x[6,2]'                  0.82712
106   'x[6,3]'                  0.0559102
107   'x[7,1]'                  0.200478
108   'x[7,2]'                  0.765789
109   'x[7,3]'                  0.038714
110   'x[8,1]'                  0.310509
111   'x[8,2]'                  0.66589
112   'x[8,3]'                  0.0285789
113   'x[9,1]'                  0.451456
114   'x[9,2]'                  0.5407
115   'x[9,3]'                  0.012827
116   'x[10,1]'                 0.602779
117   'x[10,2]'                 0.397044
118   'x[10,3]'                 0.00515911
119   'x[11,1]'                 0.738843
120   'x[11,2]'                 0.264275
121   'x[11,3]'                 0.00186399
122   'x[12,1]'                 0.842367
123   'x[12,2]'                 0.162001
124   'x[12,3]'                 0.00061543
125   'x[13,1]'                 0.91125
126   'x[13,2]'                 0.0935427
127   'x[13,3]'                 0.000190227
128   'x[14,1]'                 0.952988
129   'x[14,2]'                 0.0519379
130   'x[14,3]'                 5.62368e-05
131   'x[15,1]'                 0.976837
132   'x[15,2]'                 0.0281303
133   'x[15,3]'                 1.61372e-05
134   PC                       60.5828
135   PR                      139.194
136   'T[1]'                  461.009
137   'T[2]'                  457.537
138   'T[3]'                  455.002
139   'T[4]'                  452.896
140   'T[5]'                  450.905
141   'T[6]'                  448.664
142   'T[7]'                  445.864
143   'T[8]'                  442.407
144   'T[9]'                  438.269
145   'T[10]'                 434.319
146   'T[11]'                 431.08
147   'T[12]'                 428.78
148   'T[13]'                 427.318
149   'T[14]'                 426.457
150   'T[15]'                 425.973
151   TF                      447.618
152   QC                    56147.4
153   QR                    56231.9
154   'H[1,1]'                 10.4045
155   'H[1,2]'                 11.6659
156   'H[1,3]'                 12.9272
157   'H[2,1]'                 10.1449
158   'H[2,2]'                 11.3747
159   'H[2,3]'                 12.6045
160   'H[3,1]'                  9.9563
161   'H[3,2]'                 11.1632
162   'H[3,3]'                 12.3701
163   'H[4,1]'                  9.80024
164   'H[4,2]'                 10.9882
165   'H[4,3]'                 12.1762
166   'H[5,1]'                  9.65323
167   'H[5,2]'                 10.8233
168   'H[5,3]'                 11.9935
169   'H[6,1]'                  9.48838
170   'H[6,2]'                 10.6384
171   'H[6,3]'                 11.7886
172   'H[7,1]'                  9.28334
173   'H[7,2]'                 10.4085
174   'H[7,3]'                 11.5337
175   'H[8,1]'                  9.03152
176   'H[8,2]'                 10.126
177   'H[8,3]'                 11.2207
178   'H[9,1]'                  8.73222
179   'H[9,2]'                  9.79036
180   'H[9,3]'                 10.8487
181   'H[10,1]'                 8.44855
182   'H[10,2]'                 9.47221
183   'H[10,3]'                10.4962
184   'H[11,1]'                 8.21754
185   'H[11,2]'                 9.21311
186   'H[11,3]'                10.209
187   'H[12,1]'                 8.05427
188   'H[12,2]'                 9.03
189   'H[12,3]'                10.0061
190   'H[13,1]'                 7.95091
191   'H[13,2]'                 8.91407
192   'H[13,3]'                 9.87765
193   'H[14,1]'                 7.89017
194   'H[14,2]'                 8.84595
195   'H[14,3]'                 9.80216
196   'H[15,1]'                 7.85608
197   'H[15,2]'                 8.80771
198   'H[15,3]'                 9.75979
199   'HF[1]'                   9.41167
200   'HF[2]'                  10.5524
201   'HF[3]'                  11.6932
202   'h[1,1]'                  2.3081
203   'h[1,2]'                  2.24326
204   'h[1,3]'                  2.32789
205   'h[2,1]'                  1.95341
206   'h[2,2]'                  1.86126
207   'h[2,3]'                  1.91751
208   'h[3,1]'                  1.69657
209   'h[3,2]'                  1.58428
210   'h[3,3]'                  1.61967
211   'h[4,1]'                  1.48445
212   'h[4,2]'                  1.35532
213   'h[4,3]'                  1.37328
214   'h[5,1]'                  1.28499
215   'h[5,2]'                  1.13986
216   'h[5,3]'                  1.14127
217   'h[6,1]'                  1.06173
218   'h[6,2]'                  0.898507
219   'h[6,3]'                  0.881203
220   'h[7,1]'                  0.784601
221   'h[7,2]'                  0.598656
222   'h[7,3]'                  0.557868
223   'h[8,1]'                  0.445038
224   'h[8,2]'                  0.230862
225   'h[8,3]'                  0.160904
226   'h[9,1]'                  0.0425382
227   'h[9,2]'                 -0.205621
228   'h[9,3]'                 -0.310706
229   'h[10,1]'                -0.337942
230   'h[10,2]'                -0.618716
231   'h[10,3]'                -0.757548
232   'h[11,1]'                -0.647139
233   'h[11,2]'                -0.95475
234   'h[11,3]'                -1.12139
235   'h[12,1]'                -0.865331
236   'h[12,2]'                -1.19205
237   'h[12,3]'                -1.37851
238   'h[13,1]'                -1.00333
239   'h[13,2]'                -1.34221
240   'h[13,3]'                -1.54129
241   'h[14,1]'                -1.08437
242   'h[14,2]'                -1.43041
243   'h[14,3]'                -1.63694
244   'h[15,1]'                -1.12985
245   'h[15,2]'                -1.47992
246   'h[15,3]'                -1.69064
247   'hF[1]'                   0.957971
248   'hF[2]'                   0.786278
249   'hF[3]'                   0.760216
250   'tauGamma[1,1,1]'     1e-06
251   'tauGamma[1,1,2]'     1e-06
252   'tauGamma[1,1,3]'     1e-06
253   'tauGamma[1,2,1]'     1e-06
254   'tauGamma[1,2,2]'     1e-06
255   'tauGamma[1,2,3]'     1e-06
256   'tauGamma[1,3,1]'     1e-06
257   'tauGamma[1,3,2]'     1e-06
258   'tauGamma[1,3,3]'     1e-06
259   'tauGamma[2,1,1]'     1e-06
260   'tauGamma[2,1,2]'     1e-06
261   'tauGamma[2,1,3]'     1e-06
262   'tauGamma[2,2,1]'     1e-06
263   'tauGamma[2,2,2]'     1e-06
264   'tauGamma[2,2,3]'     1e-06
265   'tauGamma[2,3,1]'     1e-06
266   'tauGamma[2,3,2]'     1e-06
267   'tauGamma[2,3,3]'     1e-06
268   'tauGamma[3,1,1]'     1e-06
269   'tauGamma[3,1,2]'     1e-06
270   'tauGamma[3,1,3]'     1e-06
271   'tauGamma[3,2,1]'     1e-06
272   'tauGamma[3,2,2]'     1e-06
273   'tauGamma[3,2,3]'     1e-06
274   'tauGamma[3,3,1]'     1e-06
275   'tauGamma[3,3,2]'     1e-06
276   'tauGamma[3,3,3]'     1e-06
277   'tauGamma[4,1,1]'     1e-06
278   'tauGamma[4,1,2]'     1e-06
279   'tauGamma[4,1,3]'     1e-06
280   'tauGamma[4,2,1]'     1e-06
281   'tauGamma[4,2,2]'     1e-06
282   'tauGamma[4,2,3]'     1e-06
283   'tauGamma[4,3,1]'     1e-06
284   'tauGamma[4,3,2]'     1e-06
285   'tauGamma[4,3,3]'     1e-06
286   'tauGamma[5,1,1]'     1e-06
287   'tauGamma[5,1,2]'     1e-06
288   'tauGamma[5,1,3]'     1e-06
289   'tauGamma[5,2,1]'     1e-06
290   'tauGamma[5,2,2]'     1e-06
291   'tauGamma[5,2,3]'     1e-06
292   'tauGamma[5,3,1]'     1e-06
293   'tauGamma[5,3,2]'     1e-06
294   'tauGamma[5,3,3]'     1e-06
295   'tauGamma[6,1,1]'     1e-06
296   'tauGamma[6,1,2]'     1e-06
297   'tauGamma[6,1,3]'     1e-06
298   'tauGamma[6,2,1]'     1e-06
299   'tauGamma[6,2,2]'     1e-06
300   'tauGamma[6,2,3]'     1e-06
301   'tauGamma[6,3,1]'     1e-06
302   'tauGamma[6,3,2]'     1e-06
303   'tauGamma[6,3,3]'     1e-06
304   'tauGamma[7,1,1]'     1e-06
305   'tauGamma[7,1,2]'     1e-06
306   'tauGamma[7,1,3]'     1e-06
307   'tauGamma[7,2,1]'     1e-06
308   'tauGamma[7,2,2]'     1e-06
309   'tauGamma[7,2,3]'     1e-06
310   'tauGamma[7,3,1]'     1e-06
311   'tauGamma[7,3,2]'     1e-06
312   'tauGamma[7,3,3]'     1e-06
313   'tauGamma[8,1,1]'     1e-06
314   'tauGamma[8,1,2]'     1e-06
315   'tauGamma[8,1,3]'     1e-06
316   'tauGamma[8,2,1]'     1e-06
317   'tauGamma[8,2,2]'     1e-06
318   'tauGamma[8,2,3]'     1e-06
319   'tauGamma[8,3,1]'     1e-06
320   'tauGamma[8,3,2]'     1e-06
321   'tauGamma[8,3,3]'     1e-06
322   'tauGamma[9,1,1]'     1e-06
323   'tauGamma[9,1,2]'     1e-06
324   'tauGamma[9,1,3]'     1e-06
325   'tauGamma[9,2,1]'     1e-06
326   'tauGamma[9,2,2]'     1e-06
327   'tauGamma[9,2,3]'     1e-06
328   'tauGamma[9,3,1]'     1e-06
329   'tauGamma[9,3,2]'     1e-06
330   'tauGamma[9,3,3]'     1e-06
331   'tauGamma[10,1,1]'    1e-06
332   'tauGamma[10,1,2]'    1e-06
333   'tauGamma[10,1,3]'    1e-06
334   'tauGamma[10,2,1]'    1e-06
335   'tauGamma[10,2,2]'    1e-06
336   'tauGamma[10,2,3]'    1e-06
337   'tauGamma[10,3,1]'    1e-06
338   'tauGamma[10,3,2]'    1e-06
339   'tauGamma[10,3,3]'    1e-06
340   'tauGamma[11,1,1]'    1e-06
341   'tauGamma[11,1,2]'    1e-06
342   'tauGamma[11,1,3]'    1e-06
343   'tauGamma[11,2,1]'    1e-06
344   'tauGamma[11,2,2]'    1e-06
345   'tauGamma[11,2,3]'    1e-06
346   'tauGamma[11,3,1]'    1e-06
347   'tauGamma[11,3,2]'    1e-06
348   'tauGamma[11,3,3]'    1e-06
349   'tauGamma[12,1,1]'    1e-06
350   'tauGamma[12,1,2]'    1e-06
351   'tauGamma[12,1,3]'    1e-06
352   'tauGamma[12,2,1]'    1e-06
353   'tauGamma[12,2,2]'    1e-06
354   'tauGamma[12,2,3]'    1e-06
355   'tauGamma[12,3,1]'    1e-06
356   'tauGamma[12,3,2]'    1e-06
357   'tauGamma[12,3,3]'    1e-06
358   'tauGamma[13,1,1]'    1e-06
359   'tauGamma[13,1,2]'    1e-06
360   'tauGamma[13,1,3]'    1e-06
361   'tauGamma[13,2,1]'    1e-06
362   'tauGamma[13,2,2]'    1e-06
363   'tauGamma[13,2,3]'    1e-06
364   'tauGamma[13,3,1]'    1e-06
365   'tauGamma[13,3,2]'    1e-06
366   'tauGamma[13,3,3]'    1e-06
367   'tauGamma[14,1,1]'    1e-06
368   'tauGamma[14,1,2]'    1e-06
369   'tauGamma[14,1,3]'    1e-06
370   'tauGamma[14,2,1]'    1e-06
371   'tauGamma[14,2,2]'    1e-06
372   'tauGamma[14,2,3]'    1e-06
373   'tauGamma[14,3,1]'    1e-06
374   'tauGamma[14,3,2]'    1e-06
375   'tauGamma[14,3,3]'    1e-06
376   'tauGamma[15,1,1]'    1e-06
377   'tauGamma[15,1,2]'    1e-06
378   'tauGamma[15,1,3]'    1e-06
379   'tauGamma[15,2,1]'    1e-06
380   'tauGamma[15,2,2]'    1e-06
381   'tauGamma[15,2,3]'    1e-06
382   'tauGamma[15,3,1]'    1e-06
383   'tauGamma[15,3,2]'    1e-06
384   'tauGamma[15,3,3]'    1e-06
385   'PGamma[1,1,1]'           1
386   'PGamma[1,1,2]'           1
387   'PGamma[1,1,3]'           1
388   'PGamma[1,2,1]'           1
389   'PGamma[1,2,2]'           1
390   'PGamma[1,2,3]'           1
391   'PGamma[1,3,1]'           1
392   'PGamma[1,3,2]'           1
393   'PGamma[1,3,3]'           1
394   'PGamma[2,1,1]'           1
395   'PGamma[2,1,2]'           1
396   'PGamma[2,1,3]'           1
397   'PGamma[2,2,1]'           1
398   'PGamma[2,2,2]'           1
399   'PGamma[2,2,3]'           1
400   'PGamma[2,3,1]'           1
401   'PGamma[2,3,2]'           1
402   'PGamma[2,3,3]'           1
403   'PGamma[3,1,1]'           1
404   'PGamma[3,1,2]'           1
405   'PGamma[3,1,3]'           1
406   'PGamma[3,2,1]'           1
407   'PGamma[3,2,2]'           1
408   'PGamma[3,2,3]'           1
409   'PGamma[3,3,1]'           1
410   'PGamma[3,3,2]'           1
411   'PGamma[3,3,3]'           1
412   'PGamma[4,1,1]'           1
413   'PGamma[4,1,2]'           1
414   'PGamma[4,1,3]'           1
415   'PGamma[4,2,1]'           1
416   'PGamma[4,2,2]'           1
417   'PGamma[4,2,3]'           1
418   'PGamma[4,3,1]'           1
419   'PGamma[4,3,2]'           1
420   'PGamma[4,3,3]'           1
421   'PGamma[5,1,1]'           1
422   'PGamma[5,1,2]'           1
423   'PGamma[5,1,3]'           1
424   'PGamma[5,2,1]'           1
425   'PGamma[5,2,2]'           1
426   'PGamma[5,2,3]'           1
427   'PGamma[5,3,1]'           1
428   'PGamma[5,3,2]'           1
429   'PGamma[5,3,3]'           1
430   'PGamma[6,1,1]'           1
431   'PGamma[6,1,2]'           1
432   'PGamma[6,1,3]'           1
433   'PGamma[6,2,1]'           1
434   'PGamma[6,2,2]'           1
435   'PGamma[6,2,3]'           1
436   'PGamma[6,3,1]'           1
437   'PGamma[6,3,2]'           1
438   'PGamma[6,3,3]'           1
439   'PGamma[7,1,1]'           1
440   'PGamma[7,1,2]'           1
441   'PGamma[7,1,3]'           1
442   'PGamma[7,2,1]'           1
443   'PGamma[7,2,2]'           1
444   'PGamma[7,2,3]'           1
445   'PGamma[7,3,1]'           1
446   'PGamma[7,3,2]'           1
447   'PGamma[7,3,3]'           1
448   'PGamma[8,1,1]'           1
449   'PGamma[8,1,2]'           1
450   'PGamma[8,1,3]'           1
451   'PGamma[8,2,1]'           1
452   'PGamma[8,2,2]'           1
453   'PGamma[8,2,3]'           1
454   'PGamma[8,3,1]'           1
455   'PGamma[8,3,2]'           1
456   'PGamma[8,3,3]'           1
457   'PGamma[9,1,1]'           1
458   'PGamma[9,1,2]'           1
459   'PGamma[9,1,3]'           1
460   'PGamma[9,2,1]'           1
461   'PGamma[9,2,2]'           1
462   'PGamma[9,2,3]'           1
463   'PGamma[9,3,1]'           1
464   'PGamma[9,3,2]'           1
465   'PGamma[9,3,3]'           1
466   'PGamma[10,1,1]'          1
467   'PGamma[10,1,2]'          1
468   'PGamma[10,1,3]'          1
469   'PGamma[10,2,1]'          1
470   'PGamma[10,2,2]'          1
471   'PGamma[10,2,3]'          1
472   'PGamma[10,3,1]'          1
473   'PGamma[10,3,2]'          1
474   'PGamma[10,3,3]'          1
475   'PGamma[11,1,1]'          1
476   'PGamma[11,1,2]'          1
477   'PGamma[11,1,3]'          1
478   'PGamma[11,2,1]'          1
479   'PGamma[11,2,2]'          1
480   'PGamma[11,2,3]'          1
481   'PGamma[11,3,1]'          1
482   'PGamma[11,3,2]'          1
483   'PGamma[11,3,3]'          1
484   'PGamma[12,1,1]'          1
485   'PGamma[12,1,2]'          1
486   'PGamma[12,1,3]'          1
487   'PGamma[12,2,1]'          1
488   'PGamma[12,2,2]'          1
489   'PGamma[12,2,3]'          1
490   'PGamma[12,3,1]'          1
491   'PGamma[12,3,2]'          1
492   'PGamma[12,3,3]'          1
493   'PGamma[13,1,1]'          1
494   'PGamma[13,1,2]'          1
495   'PGamma[13,1,3]'          1
496   'PGamma[13,2,1]'          1
497   'PGamma[13,2,2]'          1
498   'PGamma[13,2,3]'          1
499   'PGamma[13,3,1]'          1
500   'PGamma[13,3,2]'          1
501   'PGamma[13,3,3]'          1
502   'PGamma[14,1,1]'          1
503   'PGamma[14,1,2]'          1
504   'PGamma[14,1,3]'          1
505   'PGamma[14,2,1]'          1
506   'PGamma[14,2,2]'          1
507   'PGamma[14,2,3]'          1
508   'PGamma[14,3,1]'          1
509   'PGamma[14,3,2]'          1
510   'PGamma[14,3,3]'          1
511   'PGamma[15,1,1]'          1
512   'PGamma[15,1,2]'          1
513   'PGamma[15,1,3]'          1
514   'PGamma[15,2,1]'          1
515   'PGamma[15,2,2]'          1
516   'PGamma[15,2,3]'          1
517   'PGamma[15,3,1]'          1
518   'PGamma[15,3,2]'          1
519   'PGamma[15,3,3]'          1
520   'SGamma1[1,1]'            1.00479e-06
521   'SGamma1[1,2]'            1.00479e-06
522   'SGamma1[1,3]'            1.00479e-06
523   'SGamma1[2,1]'            1.00485e-06
524   'SGamma1[2,2]'            1.00485e-06
525   'SGamma1[2,3]'            1.00485e-06
526   'SGamma1[3,1]'            1.00498e-06
527   'SGamma1[3,2]'            1.00498e-06
528   'SGamma1[3,3]'            1.00498e-06
529   'SGamma1[4,1]'            1.00498e-06
530   'SGamma1[4,2]'            1.00498e-06
531   'SGamma1[4,3]'            1.00498e-06
532   'SGamma1[5,1]'            1.00498e-06
533   'SGamma1[5,2]'            1.00498e-06
534   'SGamma1[5,3]'            1.00498e-06
535   'SGamma1[6,1]'            1.00498e-06
536   'SGamma1[6,2]'            1.00498e-06
537   'SGamma1[6,3]'            1.00498e-06
538   'SGamma1[7,1]'            1.00498e-06
539   'SGamma1[7,2]'            1.00498e-06
540   'SGamma1[7,3]'            1.00498e-06
541   'SGamma1[8,1]'            1.00498e-06
542   'SGamma1[8,2]'            1.00498e-06
543   'SGamma1[8,3]'            1.00498e-06
544   'SGamma1[9,1]'            1.00498e-06
545   'SGamma1[9,2]'            1.00498e-06
546   'SGamma1[9,3]'            1.00498e-06
547   'SGamma1[10,1]'           1.00498e-06
548   'SGamma1[10,2]'           1.00498e-06
549   'SGamma1[10,3]'           1.00498e-06
550   'SGamma1[11,1]'           1.00498e-06
551   'SGamma1[11,2]'           1.00498e-06
552   'SGamma1[11,3]'           1.00498e-06
553   'SGamma1[12,1]'           1.00498e-06
554   'SGamma1[12,2]'           1.00498e-06
555   'SGamma1[12,3]'           1.00498e-06
556   'SGamma1[13,1]'           1.00498e-06
557   'SGamma1[13,2]'           1.00498e-06
558   'SGamma1[13,3]'           1.00498e-06
559   'SGamma1[14,1]'           1.00498e-06
560   'SGamma1[14,2]'           1.00498e-06
561   'SGamma1[14,3]'           1.00498e-06
562   'SGamma1[15,1]'           1.00498e-06
563   'SGamma1[15,2]'           1.00498e-06
564   'SGamma1[15,3]'           1.00498e-06
565   'SGamma2[1,1]'            1.00479
566   'SGamma2[1,2]'            1.00479
567   'SGamma2[1,3]'            1.00479
568   'SGamma2[2,1]'            1.00485
569   'SGamma2[2,2]'            1.00485
570   'SGamma2[2,3]'            1.00485
571   'SGamma2[3,1]'            1.00498
572   'SGamma2[3,2]'            1.00498
573   'SGamma2[3,3]'            1.00498
574   'SGamma2[4,1]'            1.00498
575   'SGamma2[4,2]'            1.00498
576   'SGamma2[4,3]'            1.00498
577   'SGamma2[5,1]'            1.00498
578   'SGamma2[5,2]'            1.00498
579   'SGamma2[5,3]'            1.00498
580   'SGamma2[6,1]'            1.00498
581   'SGamma2[6,2]'            1.00498
582   'SGamma2[6,3]'            1.00498
583   'SGamma2[7,1]'            1.00498
584   'SGamma2[7,2]'            1.00498
585   'SGamma2[7,3]'            1.00498
586   'SGamma2[8,1]'            1.00498
587   'SGamma2[8,2]'            1.00498
588   'SGamma2[8,3]'            1.00498
589   'SGamma2[9,1]'            1.00498
590   'SGamma2[9,2]'            1.00498
591   'SGamma2[9,3]'            1.00498
592   'SGamma2[10,1]'           1.00498
593   'SGamma2[10,2]'           1.00498
594   'SGamma2[10,3]'           1.00498
595   'SGamma2[11,1]'           1.00498
596   'SGamma2[11,2]'           1.00498
597   'SGamma2[11,3]'           1.00498
598   'SGamma2[12,1]'           1.00498
599   'SGamma2[12,2]'           1.00498
600   'SGamma2[12,3]'           1.00498
601   'SGamma2[13,1]'           1.00498
602   'SGamma2[13,2]'           1.00498
603   'SGamma2[13,3]'           1.00498
604   'SGamma2[14,1]'           1.00498
605   'SGamma2[14,2]'           1.00498
606   'SGamma2[14,3]'           1.00498
607   'SGamma2[15,1]'           1.00498
608   'SGamma2[15,2]'           1.00498
609   'SGamma2[15,3]'           1.00498
610   'gamma[1,1]'              1
611   'gamma[1,2]'              1
612   'gamma[1,3]'              1
613   'gamma[2,1]'              1
614   'gamma[2,2]'              1
615   'gamma[2,3]'              1
616   'gamma[3,1]'              1
617   'gamma[3,2]'              1
618   'gamma[3,3]'              1
619   'gamma[4,1]'              1
620   'gamma[4,2]'              1
621   'gamma[4,3]'              1
622   'gamma[5,1]'              1
623   'gamma[5,2]'              1
624   'gamma[5,3]'              1
625   'gamma[6,1]'              1
626   'gamma[6,2]'              1
627   'gamma[6,3]'              1
628   'gamma[7,1]'              1
629   'gamma[7,2]'              1
630   'gamma[7,3]'              1
631   'gamma[8,1]'              1
632   'gamma[8,2]'              1
633   'gamma[8,3]'              1
634   'gamma[9,1]'              1
635   'gamma[9,2]'              1
636   'gamma[9,3]'              1
637   'gamma[10,1]'             1
638   'gamma[10,2]'             1
639   'gamma[10,3]'             1
640   'gamma[11,1]'             1
641   'gamma[11,2]'             1
642   'gamma[11,3]'             1
643   'gamma[12,1]'             1
644   'gamma[12,2]'             1
645   'gamma[12,3]'             1
646   'gamma[13,1]'             1
647   'gamma[13,2]'             1
648   'gamma[13,3]'             1
649   'gamma[14,1]'             1
650   'gamma[14,2]'             1
651   'gamma[14,3]'             1
652   'gamma[15,1]'             1
653   'gamma[15,2]'             1
654   'gamma[15,3]'             1
655   'PrS[1,1]'           434627
656   'PrS[1,2]'           246747
657   'PrS[1,3]'           141593
658   'PrS[2,1]'           405447
659   'PrS[2,2]'           228608
660   'PrS[2,3]'           130331
661   'PrS[3,1]'           385108
662   'PrS[3,2]'           216032
663   'PrS[3,3]'           122562
664   'PrS[4,1]'           368807
665   'PrS[4,2]'           205996
666   'PrS[4,3]'           116387
667   'PrS[5,1]'           353888
668   'PrS[5,2]'           196844
669   'PrS[5,3]'           110777
670   'PrS[6,1]'           337652
671   'PrS[6,2]'           186926
672   'PrS[6,3]'           104720
673   'PrS[7,1]'           318176
674   'PrS[7,2]'           175085
675   'PrS[7,3]'            97523.2
676   'PrS[8,1]'           295322
677   'PrS[8,2]'           161276
678   'PrS[8,3]'            89179.1
679   'PrS[9,1]'           269649
680   'PrS[9,2]'           145885
681   'PrS[9,3]'            79947.2
682   'PrS[10,1]'          246768
683   'PrS[10,2]'          132284
684   'PrS[10,3]'           71856
685   'PrS[11,1]'          229147
686   'PrS[11,2]'          121893
687   'PrS[11,3]'           65720.4
688   'PrS[12,1]'          217229
689   'PrS[12,2]'          114909
690   'PrS[12,3]'           61620.8
691   'PrS[13,1]'          209909
692   'PrS[13,2]'          110638
693   'PrS[13,3]'           59124
694   'PrS[14,1]'          205688
695   'PrS[14,2]'          108182
696   'PrS[14,3]'           57691.9
697   'PrS[15,1]'          203344
698   'PrS[15,2]'          106820
699   'PrS[15,3]'           56899.2
700   'PrSF[1]'            330273
701   'PrSF[2]'            182432
702   'PrSF[3]'            101984
703   Vap                    5509.12
;

