solve_message = 'LOQO 7.00: iteration limit (500 iterations, 3620 evaluations)\
primal objective 138.22849023923524\
  dual objective -21736861.043024797'

:           _varname              _var          :=
1      'F[2]'                    0
2      'F[3]'                    0
3      'F[4]'                    0
4      'F[5]'                    0
5      'F[6]'                    0
6      'F[7]'                    0
7      'F[8]'                    0
8      'F[9]'                    0
9      'F[10]'                   0
10     'F[11]'                   0
11     'F[12]'                   0
12     'F[13]'                   0
13     'F[14]'                   0
14     'F[15]'                 200
15     'F[16]'                   0
16     'F[17]'                   0
17     'F[18]'                   0
18     'F[19]'                   0
19     'F[20]'                   0
20     'F[21]'                   0
21     'F[22]'                   0
22     'F[23]'                   0
23     'F[24]'                   0
24     'F[25]'                   0
25     'F[26]'                   0
26     'F[27]'                   0
27     'F[28]'                   0
28     'F[29]'                   0
29     'V[1]'                  138.228
30     'V[2]'                  131.291
31     'V[3]'                  129.498
32     'V[4]'                  129.274
33     'V[5]'                  129.189
34     'V[6]'                  129.028
35     'V[7]'                  128.8
36     'V[8]'                  128.419
37     'V[9]'                  128.123
38     'V[10]'                 127.646
39     'V[11]'                 126.817
40     'V[12]'                 125.531
41     'V[13]'                 123.521
42     'V[14]'                 112.119
43     'V[15]'                 108.239
44     'V[16]'                 112.546
45     'V[17]'                 117.655
46     'V[18]'                 120.488
47     'V[19]'                 122.426
48     'V[20]'                 123.789
49     'V[21]'                 124.821
50     'V[22]'                 125.644
51     'V[23]'                 126.309
52     'V[24]'                 126.839
53     'V[25]'                 127.241
54     'V[26]'                 127.429
55     'V[27]'                 126.338
56     'V[28]'                 119.867
57     'V[29]'                 129.157
58     'V[30]'                   0
59     'y[1,1]'                  0.192035
60     'y[1,2]'                  0.586176
61     'y[1,3]'                  0.295159
62     'y[2,1]'                  0.281696
63     'y[2,2]'                  0.589271
64     'y[2,3]'                  0.225448
65     'y[3,1]'                  0.351668
66     'y[3,2]'                  0.558085
67     'y[3,3]'                  0.194612
68     'y[4,1]'                  0.404004
69     'y[4,2]'                  0.52115
70     'y[4,3]'                  0.17953
71     'y[5,1]'                  0.443889
72     'y[5,2]'                  0.490669
73     'y[5,3]'                  0.171788
74     'y[6,1]'                  0.474693
75     'y[6,2]'                  0.468242
76     'y[6,3]'                  0.167759
77     'y[7,1]'                  0.499083
78     'y[7,2]'                  0.45287
79     'y[7,3]'                  0.165931
80     'y[8,1]'                  0.519608
81     'y[8,2]'                  0.44346
82     'y[8,3]'                  0.165734
83     'y[9,1]'                  0.537671
84     'y[9,2]'                  0.438512
85     'y[9,3]'                  0.166728
86     'y[10,1]'                 0.556628
87     'y[10,2]'                 0.438608
88     'y[10,3]'                 0.169281
89     'y[11,1]'                 0.579361
90     'y[11,2]'                 0.444154
91     'y[11,3]'                 0.173702
92     'y[12,1]'                 0.608784
93     'y[12,2]'                 0.455788
94     'y[12,3]'                 0.180379
95     'y[13,1]'                 0.648531
96     'y[13,2]'                 0.474701
97     'y[13,3]'                 0.189889
98     'y[14,1]'                 0.699256
99     'y[14,2]'                 0.500026
100    'y[14,3]'                 0.202
101    'y[15,1]'                 0.659118
102    'y[15,2]'                 0.468671
103    'y[15,3]'                 0.192798
104    'y[16,1]'                 0.633074
105    'y[16,2]'                 0.452484
106    'y[16,3]'                 0.194608
107    'y[17,1]'                 0.610459
108    'y[17,2]'                 0.439817
109    'y[17,3]'                 0.196159
110    'y[18,1]'                 0.59953
111    'y[18,2]'                 0.433332
112    'y[18,3]'                 0.196539
113    'y[19,1]'                 0.59177
114    'y[19,2]'                 0.427793
115    'y[19,3]'                 0.195065
116    'y[20,1]'                 0.586545
117    'y[20,2]'                 0.423847
118    'y[20,3]'                 0.193113
119    'y[21,1]'                 0.582995
120    'y[21,2]'                 0.421286
121    'y[21,3]'                 0.1908
122    'y[22,1]'                 0.58066
123    'y[22,2]'                 0.419982
124    'y[22,3]'                 0.187926
125    'y[23,1]'                 0.579417
126    'y[23,2]'                 0.420026
127    'y[23,3]'                 0.184196
128    'y[24,1]'                 0.579379
129    'y[24,2]'                 0.421688
130    'y[24,3]'                 0.179203
131    'y[25,1]'                 0.581143
132    'y[25,2]'                 0.425501
133    'y[25,3]'                 0.172413
134    'y[26,1]'                 0.587412
135    'y[26,2]'                 0.432955
136    'y[26,3]'                 0.163372
137    'y[27,1]'                 0.609898
138    'y[27,2]'                 0.449397
139    'y[27,3]'                 0.152559
140    'y[28,1]'                 0.666664
141    'y[28,2]'                 0.475313
142    'y[28,3]'                 0.138356
143    'y[29,1]'                 0.65944
144    'y[29,2]'                 0.426224
145    'y[29,3]'                 0.1008
146    'y[30,1]'                 0.877921
147    'y[30,2]'                 0.444851
148    'y[30,3]'                 0.0788751
149    'L[1]'                    0
150    'L[2]'                  231.351
151    'L[3]'                  232.505
152    'L[4]'                  232.545
153    'L[5]'                  232.22
154    'L[6]'                  231.907
155    'L[7]'                  231.728
156    'L[8]'                  231.669
157    'L[9]'                  231.941
158    'L[10]'                 232.249
159    'L[11]'                 232.736
160    'L[12]'                 233.572
161    'L[13]'                 234.932
162    'L[14]'                 237.72
163    'L[15]'                 246.288
164    'L[16]'                  57.8658
165    'L[17]'                  54.2881
166    'L[18]'                  53.4363
167    'L[19]'                  53.1363
168    'L[20]'                  52.5422
169    'L[21]'                  51.8266
170    'L[22]'                  51.0812
171    'L[23]'                  50.3355
172    'L[24]'                  49.6037
173    'L[25]'                  48.9041
174    'L[26]'                  48.3073
175    'L[27]'                  48.2353
176    'L[28]'                  51.6568
177    'L[29]'                  65.1569
178    'L[30]'                  68.5952
179    'x[1,1]'                  0.120947
180    'x[1,2]'                  0.670452
181    'x[1,3]'                  0.605483
182    'x[2,1]'                  0.164779
183    'x[2,2]'                  0.621204
184    'x[2,3]'                  0.423215
185    'x[3,1]'                  0.209628
186    'x[3,2]'                  0.600654
187    'x[3,3]'                  0.373652
188    'x[4,1]'                  0.247099
189    'x[4,2]'                  0.576999
190    'x[4,3]'                  0.355459
191    'x[5,1]'                  0.276862
192    'x[5,2]'                  0.555075
193    'x[5,3]'                  0.348189
194    'x[6,1]'                  0.2998
195    'x[6,2]'                  0.537024
196    'x[6,3]'                  0.345137
197    'x[7,1]'                  0.317189
198    'x[7,2]'                  0.522976
199    'x[7,3]'                  0.343939
200    'x[8,1]'                  0.330459
201    'x[8,2]'                  0.512473
202    'x[8,3]'                  0.3438
203    'x[9,1]'                  0.340449
204    'x[9,2]'                  0.504294
205    'x[9,3]'                  0.344034
206    'x[10,1]'                 0.348849
207    'x[10,2]'                 0.498712
208    'x[10,3]'                 0.345014
209    'x[11,1]'                 0.356697
210    'x[11,2]'                 0.495214
211    'x[11,3]'                 0.34655
212    'x[12,1]'                 0.364833
213    'x[12,2]'                 0.493299
214    'x[12,3]'                 0.34841
215    'x[13,1]'                 0.374124
216    'x[13,2]'                 0.492644
217    'x[13,3]'                 0.350389
218    'x[14,1]'                 0.383882
219    'x[14,2]'                 0.491226
220    'x[14,3]'                 0.35108
221    'x[15,1]'                 0.363709
222    'x[15,2]'                 0.463166
223    'x[15,3]'                 0.337349
224    'x[16,1]'                 0.376956
225    'x[16,2]'                 0.486229
226    'x[16,3]'                 0.37295
227    'x[17,1]'                 0.392601
228    'x[17,2]'                 0.514487
229    'x[17,3]'                 0.412275
230    'x[18,1]'                 0.401749
231    'x[18,2]'                 0.530402
232    'x[18,3]'                 0.433949
233    'x[19,1]'                 0.404062
234    'x[19,2]'                 0.534579
235    'x[19,3]'                 0.440501
236    'x[20,1]'                 0.404946
237    'x[20,2]'                 0.536153
238    'x[20,3]'                 0.441915
239    'x[21,1]'                 0.405822
240    'x[21,2]'                 0.537783
241    'x[21,3]'                 0.440955
242    'x[22,1]'                 0.40703
243    'x[22,2]'                 0.540275
244    'x[22,3]'                 0.437968
245    'x[23,1]'                 0.408776
246    'x[23,2]'                 0.544185
247    'x[23,3]'                 0.4326
248    'x[24,1]'                 0.411333
249    'x[24,2]'                 0.550159
250    'x[24,3]'                 0.424067
251    'x[25,1]'                 0.415195
252    'x[25,2]'                 0.559016
253    'x[25,3]'                 0.411105
254    'x[26,1]'                 0.421498
255    'x[26,2]'                 0.57154
256    'x[26,3]'                 0.391599
257    'x[27,1]'                 0.432681
258    'x[27,2]'                 0.585843
259    'x[27,3]'                 0.360747
260    'x[28,1]'                 0.439028
261    'x[28,2]'                 0.570812
262    'x[28,3]'                 0.299106
263    'x[29,1]'                 0.385962
264    'x[29,2]'                 0.449417
265    'x[29,3]'                 0.188942
266    'x[30,1]'                 0.436275
267    'x[30,2]'                 0.391586
268    'x[30,3]'                 0.121156
269    PC                       63.2255
270    PR                       94.0027
271    'T[1]'                  446.353
272    'T[2]'                  449.871
273    'T[3]'                  448.977
274    'T[4]'                  447.761
275    'T[5]'                  446.84
276    'T[6]'                  446.255
277    'T[7]'                  445.963
278    'T[8]'                  445.933
279    'T[9]'                  446.14
280    'T[10]'                 446.625
281    'T[11]'                 447.464
282    'T[12]'                 448.744
283    'T[13]'                 450.571
284    'T[14]'                 453.023
285    'T[15]'                 452.703
286    'T[16]'                 449.052
287    'T[17]'                 445.416
288    'T[18]'                 443.502
289    'T[19]'                 442.633
290    'T[20]'                 442.122
291    'T[21]'                 441.743
292    'T[22]'                 441.421
293    'T[23]'                 441.126
294    'T[24]'                 440.836
295    'T[25]'                 440.548
296    'T[26]'                 440.349
297    'T[27]'                 440.868
298    'T[28]'                 444.307
299    'T[29]'                 449.871
300    'T[30]'                 457.826
301    TF                      447.618
302    QC                     1262.06
303    QR                     1359.63
304    'H[1,1]'                  9.31904
305    'H[1,2]'                 10.4485
306    'H[1,3]'                 11.5781
307    'H[2,1]'                  9.57706
308    'H[2,2]'                 10.7379
309    'H[2,3]'                 11.8988
310    'H[3,1]'                  9.51133
311    'H[3,2]'                 10.6642
312    'H[3,3]'                 11.8171
313    'H[4,1]'                  9.42211
314    'H[4,2]'                 10.5641
315    'H[4,3]'                 11.7062
316    'H[5,1]'                  9.35468
317    'H[5,2]'                 10.4885
318    'H[5,3]'                 11.6224
319    'H[6,1]'                  9.3119
320    'H[6,2]'                 10.4405
321    'H[6,3]'                 11.5692
322    'H[7,1]'                  9.29055
323    'H[7,2]'                 10.4166
324    'H[7,3]'                 11.5427
325    'H[8,1]'                  9.28836
326    'H[8,2]'                 10.4141
327    'H[8,3]'                 11.54
328    'H[9,1]'                  9.30352
329    'H[9,2]'                 10.4311
330    'H[9,3]'                 11.5588
331    'H[10,1]'                 9.33892
332    'H[10,2]'                10.4708
333    'H[10,3]'                11.6028
334    'H[11,1]'                 9.40035
335    'H[11,2]'                10.5397
336    'H[11,3]'                11.6792
337    'H[12,1]'                 9.49423
338    'H[12,2]'                10.645
339    'H[12,3]'                11.7958
340    'H[13,1]'                 9.6286
341    'H[13,2]'                10.7957
342    'H[13,3]'                11.9628
343    'H[14,1]'                 9.80959
344    'H[14,2]'                10.9987
345    'H[14,3]'                12.1878
346    'H[15,1]'                 9.78596
347    'H[15,2]'                10.9722
348    'H[15,3]'                12.1584
349    'H[16,1]'                 9.51684
350    'H[16,2]'                10.6704
351    'H[16,3]'                11.8239
352    'H[17,1]'                 9.25062
353    'H[17,2]'                10.3718
354    'H[17,3]'                11.4931
355    'H[18,1]'                 9.11114
356    'H[18,2]'                10.2153
357    'H[18,3]'                11.3197
358    'H[19,1]'                 9.04796
359    'H[19,2]'                10.1445
360    'H[19,3]'                11.2412
361    'H[20,1]'                 9.01088
362    'H[20,2]'                10.1029
363    'H[20,3]'                11.1951
364    'H[21,1]'                 8.98333
365    'H[21,2]'                10.072
366    'H[21,3]'                11.1608
367    'H[22,1]'                 8.96001
368    'H[22,2]'                10.0458
369    'H[22,3]'                11.1319
370    'H[23,1]'                 8.93861
371    'H[23,2]'                10.0218
372    'H[23,3]'                11.1053
373    'H[24,1]'                 8.91767
374    'H[24,2]'                 9.99835
375    'H[24,3]'                11.0792
376    'H[25,1]'                 8.89677
377    'H[25,2]'                 9.97491
378    'H[25,3]'                11.0533
379    'H[26,1]'                 8.88239
380    'H[26,2]'                 9.95879
381    'H[26,3]'                11.0354
382    'H[27,1]'                 8.91996
383    'H[27,2]'                10.0009
384    'H[27,3]'                11.0821
385    'H[28,1]'                 9.16974
386    'H[28,2]'                10.2811
387    'H[28,3]'                11.3925
388    'H[29,1]'                 9.5771
389    'H[29,2]'                10.7379
390    'H[29,3]'                11.8988
391    'H[30,1]'                10.1664
392    'H[30,2]'                11.3989
393    'H[30,3]'                12.6313
394    'HF[1]'                   9.41167
395    'HF[2]'                  10.5524
396    'HF[3]'                  11.6932
397    'h[1,1]'                  0.832805
398    'h[1,2]'                  0.650833
399    'h[1,3]'                  0.61415
400    'h[2,1]'                  1.18178
401    'h[2,2]'                  1.02832
402    'h[2,3]'                  1.0211
403    'h[3,1]'                  1.09279
404    'h[3,2]'                  0.9321
405    'h[3,3]'                  0.91741
406    'h[4,1]'                  0.972096
407    'h[4,2]'                  0.801559
408    'h[4,3]'                  0.776691
409    'h[5,1]'                  0.880948
410    'h[5,2]'                  0.702937
411    'h[5,3]'                  0.670346
412    'h[6,1]'                  0.823165
413    'h[6,2]'                  0.6404
414    'h[6,3]'                  0.602897
415    'h[7,1]'                  0.794331
416    'h[7,2]'                  0.609188
417    'h[7,3]'                  0.569229
418    'h[8,1]'                  0.791373
419    'h[8,2]'                  0.605986
420    'h[8,3]'                  0.565775
421    'h[9,1]'                  0.811845
422    'h[9,2]'                  0.628147
423    'h[9,3]'                  0.58968
424    'h[10,1]'                 0.859658
425    'h[10,2]'                 0.679896
426    'h[10,3]'                 0.645497
427    'h[11,1]'                 0.94267
428    'h[11,2]'                 0.769723
429    'h[11,3]'                 0.742365
430    'h[12,1]'                 1.06965
431    'h[12,2]'                 0.907077
432    'h[12,3]'                 0.89044
433    'h[13,1]'                 1.2516
434    'h[13,2]'                 1.10379
435    'h[13,3]'                 1.10241
436    'h[14,1]'                 1.49715
437    'h[14,2]'                 1.36904
438    'h[14,3]'                 1.38805
439    'h[15,1]'                 1.46506
440    'h[15,2]'                 1.33439
441    'h[15,3]'                 1.35074
442    'h[16,1]'                 1.10025
443    'h[16,2]'                 0.940163
444    'h[16,3]'                 0.9261
445    'h[17,1]'                 0.740426
446    'h[17,2]'                 0.550832
447    'h[17,3]'                 0.506273
448    'h[18,1]'                 0.552308
449    'h[18,2]'                 0.347094
450    'h[18,3]'                 0.286398
451    'h[19,1]'                 0.467182
452    'h[19,2]'                 0.25486
453    'h[19,3]'                 0.186818
454    'h[20,1]'                 0.41725
455    'h[20,2]'                 0.200745
456    'h[20,3]'                 0.128382
457    'h[21,1]'                 0.380163
458    'h[21,2]'                 0.160547
459    'h[21,3]'                 0.0849676
460    'h[22,1]'                 0.34877
461    'h[22,2]'                 0.126516
462    'h[22,3]'                 0.0482105
463    'h[23,1]'                 0.319968
464    'h[23,2]'                 0.0952915
465    'h[23,3]'                 0.0144821
466    'h[24,1]'                 0.291796
467    'h[24,2]'                 0.0647461
468    'h[24,3]'                -0.0185156
469    'h[25,1]'                 0.263683
470    'h[25,2]'                 0.0342627
471    'h[25,3]'                -0.051449
472    'h[26,1]'                 0.244347
473    'h[26,2]'                 0.0132956
474    'h[26,3]'                -0.0741028
475    'h[27,1]'                 0.294886
476    'h[27,2]'                 0.0680968
477    'h[27,3]'                -0.0148957
478    'h[28,1]'                 0.631303
479    'h[28,2]'                 0.432664
480    'h[28,3]'                 0.37876
481    'h[29,1]'                 1.18183
482    'h[29,2]'                 1.02837
483    'h[29,3]'                 1.02115
484    'h[30,1]'                 1.98284
485    'h[30,2]'                 1.89297
486    'h[30,3]'                 1.95159
487    'hF[1]'                   0.957971
488    'hF[2]'                   0.786278
489    'hF[3]'                   0.760216
490    'tauGamma[1,1,1]'     1e-06
491    'tauGamma[1,1,2]'     1e-06
492    'tauGamma[1,1,3]'     1e-06
493    'tauGamma[1,2,1]'     1e-06
494    'tauGamma[1,2,2]'     1e-06
495    'tauGamma[1,2,3]'     1e-06
496    'tauGamma[1,3,1]'     1e-06
497    'tauGamma[1,3,2]'     1e-06
498    'tauGamma[1,3,3]'     1e-06
499    'tauGamma[2,1,1]'     1e-06
500    'tauGamma[2,1,2]'     1e-06
501    'tauGamma[2,1,3]'     1e-06
502    'tauGamma[2,2,1]'     1e-06
503    'tauGamma[2,2,2]'     1e-06
504    'tauGamma[2,2,3]'     1e-06
505    'tauGamma[2,3,1]'     1e-06
506    'tauGamma[2,3,2]'     1e-06
507    'tauGamma[2,3,3]'     1e-06
508    'tauGamma[3,1,1]'     1e-06
509    'tauGamma[3,1,2]'     1e-06
510    'tauGamma[3,1,3]'     1e-06
511    'tauGamma[3,2,1]'     1e-06
512    'tauGamma[3,2,2]'     1e-06
513    'tauGamma[3,2,3]'     1e-06
514    'tauGamma[3,3,1]'     1e-06
515    'tauGamma[3,3,2]'     1e-06
516    'tauGamma[3,3,3]'     1e-06
517    'tauGamma[4,1,1]'     1e-06
518    'tauGamma[4,1,2]'     1e-06
519    'tauGamma[4,1,3]'     1e-06
520    'tauGamma[4,2,1]'     1e-06
521    'tauGamma[4,2,2]'     1e-06
522    'tauGamma[4,2,3]'     1e-06
523    'tauGamma[4,3,1]'     1e-06
524    'tauGamma[4,3,2]'     1e-06
525    'tauGamma[4,3,3]'     1e-06
526    'tauGamma[5,1,1]'     1e-06
527    'tauGamma[5,1,2]'     1e-06
528    'tauGamma[5,1,3]'     1e-06
529    'tauGamma[5,2,1]'     1e-06
530    'tauGamma[5,2,2]'     1e-06
531    'tauGamma[5,2,3]'     1e-06
532    'tauGamma[5,3,1]'     1e-06
533    'tauGamma[5,3,2]'     1e-06
534    'tauGamma[5,3,3]'     1e-06
535    'tauGamma[6,1,1]'     1e-06
536    'tauGamma[6,1,2]'     1e-06
537    'tauGamma[6,1,3]'     1e-06
538    'tauGamma[6,2,1]'     1e-06
539    'tauGamma[6,2,2]'     1e-06
540    'tauGamma[6,2,3]'     1e-06
541    'tauGamma[6,3,1]'     1e-06
542    'tauGamma[6,3,2]'     1e-06
543    'tauGamma[6,3,3]'     1e-06
544    'tauGamma[7,1,1]'     1e-06
545    'tauGamma[7,1,2]'     1e-06
546    'tauGamma[7,1,3]'     1e-06
547    'tauGamma[7,2,1]'     1e-06
548    'tauGamma[7,2,2]'     1e-06
549    'tauGamma[7,2,3]'     1e-06
550    'tauGamma[7,3,1]'     1e-06
551    'tauGamma[7,3,2]'     1e-06
552    'tauGamma[7,3,3]'     1e-06
553    'tauGamma[8,1,1]'     1e-06
554    'tauGamma[8,1,2]'     1e-06
555    'tauGamma[8,1,3]'     1e-06
556    'tauGamma[8,2,1]'     1e-06
557    'tauGamma[8,2,2]'     1e-06
558    'tauGamma[8,2,3]'     1e-06
559    'tauGamma[8,3,1]'     1e-06
560    'tauGamma[8,3,2]'     1e-06
561    'tauGamma[8,3,3]'     1e-06
562    'tauGamma[9,1,1]'     1e-06
563    'tauGamma[9,1,2]'     1e-06
564    'tauGamma[9,1,3]'     1e-06
565    'tauGamma[9,2,1]'     1e-06
566    'tauGamma[9,2,2]'     1e-06
567    'tauGamma[9,2,3]'     1e-06
568    'tauGamma[9,3,1]'     1e-06
569    'tauGamma[9,3,2]'     1e-06
570    'tauGamma[9,3,3]'     1e-06
571    'tauGamma[10,1,1]'    1e-06
572    'tauGamma[10,1,2]'    1e-06
573    'tauGamma[10,1,3]'    1e-06
574    'tauGamma[10,2,1]'    1e-06
575    'tauGamma[10,2,2]'    1e-06
576    'tauGamma[10,2,3]'    1e-06
577    'tauGamma[10,3,1]'    1e-06
578    'tauGamma[10,3,2]'    1e-06
579    'tauGamma[10,3,3]'    1e-06
580    'tauGamma[11,1,1]'    1e-06
581    'tauGamma[11,1,2]'    1e-06
582    'tauGamma[11,1,3]'    1e-06
583    'tauGamma[11,2,1]'    1e-06
584    'tauGamma[11,2,2]'    1e-06
585    'tauGamma[11,2,3]'    1e-06
586    'tauGamma[11,3,1]'    1e-06
587    'tauGamma[11,3,2]'    1e-06
588    'tauGamma[11,3,3]'    1e-06
589    'tauGamma[12,1,1]'    1e-06
590    'tauGamma[12,1,2]'    1e-06
591    'tauGamma[12,1,3]'    1e-06
592    'tauGamma[12,2,1]'    1e-06
593    'tauGamma[12,2,2]'    1e-06
594    'tauGamma[12,2,3]'    1e-06
595    'tauGamma[12,3,1]'    1e-06
596    'tauGamma[12,3,2]'    1e-06
597    'tauGamma[12,3,3]'    1e-06
598    'tauGamma[13,1,1]'    1e-06
599    'tauGamma[13,1,2]'    1e-06
600    'tauGamma[13,1,3]'    1e-06
601    'tauGamma[13,2,1]'    1e-06
602    'tauGamma[13,2,2]'    1e-06
603    'tauGamma[13,2,3]'    1e-06
604    'tauGamma[13,3,1]'    1e-06
605    'tauGamma[13,3,2]'    1e-06
606    'tauGamma[13,3,3]'    1e-06
607    'tauGamma[14,1,1]'    1e-06
608    'tauGamma[14,1,2]'    1e-06
609    'tauGamma[14,1,3]'    1e-06
610    'tauGamma[14,2,1]'    1e-06
611    'tauGamma[14,2,2]'    1e-06
612    'tauGamma[14,2,3]'    1e-06
613    'tauGamma[14,3,1]'    1e-06
614    'tauGamma[14,3,2]'    1e-06
615    'tauGamma[14,3,3]'    1e-06
616    'tauGamma[15,1,1]'    1e-06
617    'tauGamma[15,1,2]'    1e-06
618    'tauGamma[15,1,3]'    1e-06
619    'tauGamma[15,2,1]'    1e-06
620    'tauGamma[15,2,2]'    1e-06
621    'tauGamma[15,2,3]'    1e-06
622    'tauGamma[15,3,1]'    1e-06
623    'tauGamma[15,3,2]'    1e-06
624    'tauGamma[15,3,3]'    1e-06
625    'tauGamma[16,1,1]'    1e-06
626    'tauGamma[16,1,2]'    1e-06
627    'tauGamma[16,1,3]'    1e-06
628    'tauGamma[16,2,1]'    1e-06
629    'tauGamma[16,2,2]'    1e-06
630    'tauGamma[16,2,3]'    1e-06
631    'tauGamma[16,3,1]'    1e-06
632    'tauGamma[16,3,2]'    1e-06
633    'tauGamma[16,3,3]'    1e-06
634    'tauGamma[17,1,1]'    1e-06
635    'tauGamma[17,1,2]'    1e-06
636    'tauGamma[17,1,3]'    1e-06
637    'tauGamma[17,2,1]'    1e-06
638    'tauGamma[17,2,2]'    1e-06
639    'tauGamma[17,2,3]'    1e-06
640    'tauGamma[17,3,1]'    1e-06
641    'tauGamma[17,3,2]'    1e-06
642    'tauGamma[17,3,3]'    1e-06
643    'tauGamma[18,1,1]'    1e-06
644    'tauGamma[18,1,2]'    1e-06
645    'tauGamma[18,1,3]'    1e-06
646    'tauGamma[18,2,1]'    1e-06
647    'tauGamma[18,2,2]'    1e-06
648    'tauGamma[18,2,3]'    1e-06
649    'tauGamma[18,3,1]'    1e-06
650    'tauGamma[18,3,2]'    1e-06
651    'tauGamma[18,3,3]'    1e-06
652    'tauGamma[19,1,1]'    1e-06
653    'tauGamma[19,1,2]'    1e-06
654    'tauGamma[19,1,3]'    1e-06
655    'tauGamma[19,2,1]'    1e-06
656    'tauGamma[19,2,2]'    1e-06
657    'tauGamma[19,2,3]'    1e-06
658    'tauGamma[19,3,1]'    1e-06
659    'tauGamma[19,3,2]'    1e-06
660    'tauGamma[19,3,3]'    1e-06
661    'tauGamma[20,1,1]'    1e-06
662    'tauGamma[20,1,2]'    1e-06
663    'tauGamma[20,1,3]'    1e-06
664    'tauGamma[20,2,1]'    1e-06
665    'tauGamma[20,2,2]'    1e-06
666    'tauGamma[20,2,3]'    1e-06
667    'tauGamma[20,3,1]'    1e-06
668    'tauGamma[20,3,2]'    1e-06
669    'tauGamma[20,3,3]'    1e-06
670    'tauGamma[21,1,1]'    1e-06
671    'tauGamma[21,1,2]'    1e-06
672    'tauGamma[21,1,3]'    1e-06
673    'tauGamma[21,2,1]'    1e-06
674    'tauGamma[21,2,2]'    1e-06
675    'tauGamma[21,2,3]'    1e-06
676    'tauGamma[21,3,1]'    1e-06
677    'tauGamma[21,3,2]'    1e-06
678    'tauGamma[21,3,3]'    1e-06
679    'tauGamma[22,1,1]'    1e-06
680    'tauGamma[22,1,2]'    1e-06
681    'tauGamma[22,1,3]'    1e-06
682    'tauGamma[22,2,1]'    1e-06
683    'tauGamma[22,2,2]'    1e-06
684    'tauGamma[22,2,3]'    1e-06
685    'tauGamma[22,3,1]'    1e-06
686    'tauGamma[22,3,2]'    1e-06
687    'tauGamma[22,3,3]'    1e-06
688    'tauGamma[23,1,1]'    1e-06
689    'tauGamma[23,1,2]'    1e-06
690    'tauGamma[23,1,3]'    1e-06
691    'tauGamma[23,2,1]'    1e-06
692    'tauGamma[23,2,2]'    1e-06
693    'tauGamma[23,2,3]'    1e-06
694    'tauGamma[23,3,1]'    1e-06
695    'tauGamma[23,3,2]'    1e-06
696    'tauGamma[23,3,3]'    1e-06
697    'tauGamma[24,1,1]'    1e-06
698    'tauGamma[24,1,2]'    1e-06
699    'tauGamma[24,1,3]'    1e-06
700    'tauGamma[24,2,1]'    1e-06
701    'tauGamma[24,2,2]'    1e-06
702    'tauGamma[24,2,3]'    1e-06
703    'tauGamma[24,3,1]'    1e-06
704    'tauGamma[24,3,2]'    1e-06
705    'tauGamma[24,3,3]'    1e-06
706    'tauGamma[25,1,1]'    1e-06
707    'tauGamma[25,1,2]'    1e-06
708    'tauGamma[25,1,3]'    1e-06
709    'tauGamma[25,2,1]'    1e-06
710    'tauGamma[25,2,2]'    1e-06
711    'tauGamma[25,2,3]'    1e-06
712    'tauGamma[25,3,1]'    1e-06
713    'tauGamma[25,3,2]'    1e-06
714    'tauGamma[25,3,3]'    1e-06
715    'tauGamma[26,1,1]'    1e-06
716    'tauGamma[26,1,2]'    1e-06
717    'tauGamma[26,1,3]'    1e-06
718    'tauGamma[26,2,1]'    1e-06
719    'tauGamma[26,2,2]'    1e-06
720    'tauGamma[26,2,3]'    1e-06
721    'tauGamma[26,3,1]'    1e-06
722    'tauGamma[26,3,2]'    1e-06
723    'tauGamma[26,3,3]'    1e-06
724    'tauGamma[27,1,1]'    1e-06
725    'tauGamma[27,1,2]'    1e-06
726    'tauGamma[27,1,3]'    1e-06
727    'tauGamma[27,2,1]'    1e-06
728    'tauGamma[27,2,2]'    1e-06
729    'tauGamma[27,2,3]'    1e-06
730    'tauGamma[27,3,1]'    1e-06
731    'tauGamma[27,3,2]'    1e-06
732    'tauGamma[27,3,3]'    1e-06
733    'tauGamma[28,1,1]'    1e-06
734    'tauGamma[28,1,2]'    1e-06
735    'tauGamma[28,1,3]'    1e-06
736    'tauGamma[28,2,1]'    1e-06
737    'tauGamma[28,2,2]'    1e-06
738    'tauGamma[28,2,3]'    1e-06
739    'tauGamma[28,3,1]'    1e-06
740    'tauGamma[28,3,2]'    1e-06
741    'tauGamma[28,3,3]'    1e-06
742    'tauGamma[29,1,1]'    1e-06
743    'tauGamma[29,1,2]'    1e-06
744    'tauGamma[29,1,3]'    1e-06
745    'tauGamma[29,2,1]'    1e-06
746    'tauGamma[29,2,2]'    1e-06
747    'tauGamma[29,2,3]'    1e-06
748    'tauGamma[29,3,1]'    1e-06
749    'tauGamma[29,3,2]'    1e-06
750    'tauGamma[29,3,3]'    1e-06
751    'tauGamma[30,1,1]'    1e-06
752    'tauGamma[30,1,2]'    1e-06
753    'tauGamma[30,1,3]'    1e-06
754    'tauGamma[30,2,1]'    1e-06
755    'tauGamma[30,2,2]'    1e-06
756    'tauGamma[30,2,3]'    1e-06
757    'tauGamma[30,3,1]'    1e-06
758    'tauGamma[30,3,2]'    1e-06
759    'tauGamma[30,3,3]'    1e-06
760    'PGamma[1,1,1]'           1
761    'PGamma[1,1,2]'           1
762    'PGamma[1,1,3]'           1
763    'PGamma[1,2,1]'           1
764    'PGamma[1,2,2]'           1
765    'PGamma[1,2,3]'           1
766    'PGamma[1,3,1]'           1
767    'PGamma[1,3,2]'           1
768    'PGamma[1,3,3]'           1
769    'PGamma[2,1,1]'           1
770    'PGamma[2,1,2]'           1
771    'PGamma[2,1,3]'           1
772    'PGamma[2,2,1]'           1
773    'PGamma[2,2,2]'           1
774    'PGamma[2,2,3]'           1
775    'PGamma[2,3,1]'           1
776    'PGamma[2,3,2]'           1
777    'PGamma[2,3,3]'           1
778    'PGamma[3,1,1]'           1
779    'PGamma[3,1,2]'           1
780    'PGamma[3,1,3]'           1
781    'PGamma[3,2,1]'           1
782    'PGamma[3,2,2]'           1
783    'PGamma[3,2,3]'           1
784    'PGamma[3,3,1]'           1
785    'PGamma[3,3,2]'           1
786    'PGamma[3,3,3]'           1
787    'PGamma[4,1,1]'           1
788    'PGamma[4,1,2]'           1
789    'PGamma[4,1,3]'           1
790    'PGamma[4,2,1]'           1
791    'PGamma[4,2,2]'           1
792    'PGamma[4,2,3]'           1
793    'PGamma[4,3,1]'           1
794    'PGamma[4,3,2]'           1
795    'PGamma[4,3,3]'           1
796    'PGamma[5,1,1]'           1
797    'PGamma[5,1,2]'           1
798    'PGamma[5,1,3]'           1
799    'PGamma[5,2,1]'           1
800    'PGamma[5,2,2]'           1
801    'PGamma[5,2,3]'           1
802    'PGamma[5,3,1]'           1
803    'PGamma[5,3,2]'           1
804    'PGamma[5,3,3]'           1
805    'PGamma[6,1,1]'           1
806    'PGamma[6,1,2]'           1
807    'PGamma[6,1,3]'           1
808    'PGamma[6,2,1]'           1
809    'PGamma[6,2,2]'           1
810    'PGamma[6,2,3]'           1
811    'PGamma[6,3,1]'           1
812    'PGamma[6,3,2]'           1
813    'PGamma[6,3,3]'           1
814    'PGamma[7,1,1]'           1
815    'PGamma[7,1,2]'           1
816    'PGamma[7,1,3]'           1
817    'PGamma[7,2,1]'           1
818    'PGamma[7,2,2]'           1
819    'PGamma[7,2,3]'           1
820    'PGamma[7,3,1]'           1
821    'PGamma[7,3,2]'           1
822    'PGamma[7,3,3]'           1
823    'PGamma[8,1,1]'           1
824    'PGamma[8,1,2]'           1
825    'PGamma[8,1,3]'           1
826    'PGamma[8,2,1]'           1
827    'PGamma[8,2,2]'           1
828    'PGamma[8,2,3]'           1
829    'PGamma[8,3,1]'           1
830    'PGamma[8,3,2]'           1
831    'PGamma[8,3,3]'           1
832    'PGamma[9,1,1]'           1
833    'PGamma[9,1,2]'           1
834    'PGamma[9,1,3]'           1
835    'PGamma[9,2,1]'           1
836    'PGamma[9,2,2]'           1
837    'PGamma[9,2,3]'           1
838    'PGamma[9,3,1]'           1
839    'PGamma[9,3,2]'           1
840    'PGamma[9,3,3]'           1
841    'PGamma[10,1,1]'          1
842    'PGamma[10,1,2]'          1
843    'PGamma[10,1,3]'          1
844    'PGamma[10,2,1]'          1
845    'PGamma[10,2,2]'          1
846    'PGamma[10,2,3]'          1
847    'PGamma[10,3,1]'          1
848    'PGamma[10,3,2]'          1
849    'PGamma[10,3,3]'          1
850    'PGamma[11,1,1]'          1
851    'PGamma[11,1,2]'          1
852    'PGamma[11,1,3]'          1
853    'PGamma[11,2,1]'          1
854    'PGamma[11,2,2]'          1
855    'PGamma[11,2,3]'          1
856    'PGamma[11,3,1]'          1
857    'PGamma[11,3,2]'          1
858    'PGamma[11,3,3]'          1
859    'PGamma[12,1,1]'          1
860    'PGamma[12,1,2]'          1
861    'PGamma[12,1,3]'          1
862    'PGamma[12,2,1]'          1
863    'PGamma[12,2,2]'          1
864    'PGamma[12,2,3]'          1
865    'PGamma[12,3,1]'          1
866    'PGamma[12,3,2]'          1
867    'PGamma[12,3,3]'          1
868    'PGamma[13,1,1]'          1
869    'PGamma[13,1,2]'          1
870    'PGamma[13,1,3]'          1
871    'PGamma[13,2,1]'          1
872    'PGamma[13,2,2]'          1
873    'PGamma[13,2,3]'          1
874    'PGamma[13,3,1]'          1
875    'PGamma[13,3,2]'          1
876    'PGamma[13,3,3]'          1
877    'PGamma[14,1,1]'          1
878    'PGamma[14,1,2]'          1
879    'PGamma[14,1,3]'          1
880    'PGamma[14,2,1]'          1
881    'PGamma[14,2,2]'          1
882    'PGamma[14,2,3]'          1
883    'PGamma[14,3,1]'          1
884    'PGamma[14,3,2]'          1
885    'PGamma[14,3,3]'          1
886    'PGamma[15,1,1]'          1
887    'PGamma[15,1,2]'          1
888    'PGamma[15,1,3]'          1
889    'PGamma[15,2,1]'          1
890    'PGamma[15,2,2]'          1
891    'PGamma[15,2,3]'          1
892    'PGamma[15,3,1]'          1
893    'PGamma[15,3,2]'          1
894    'PGamma[15,3,3]'          1
895    'PGamma[16,1,1]'          1
896    'PGamma[16,1,2]'          1
897    'PGamma[16,1,3]'          1
898    'PGamma[16,2,1]'          1
899    'PGamma[16,2,2]'          1
900    'PGamma[16,2,3]'          1
901    'PGamma[16,3,1]'          1
902    'PGamma[16,3,2]'          1
903    'PGamma[16,3,3]'          1
904    'PGamma[17,1,1]'          1
905    'PGamma[17,1,2]'          1
906    'PGamma[17,1,3]'          1
907    'PGamma[17,2,1]'          1
908    'PGamma[17,2,2]'          1
909    'PGamma[17,2,3]'          1
910    'PGamma[17,3,1]'          1
911    'PGamma[17,3,2]'          1
912    'PGamma[17,3,3]'          1
913    'PGamma[18,1,1]'          1
914    'PGamma[18,1,2]'          1
915    'PGamma[18,1,3]'          1
916    'PGamma[18,2,1]'          1
917    'PGamma[18,2,2]'          1
918    'PGamma[18,2,3]'          1
919    'PGamma[18,3,1]'          1
920    'PGamma[18,3,2]'          1
921    'PGamma[18,3,3]'          1
922    'PGamma[19,1,1]'          1
923    'PGamma[19,1,2]'          1
924    'PGamma[19,1,3]'          1
925    'PGamma[19,2,1]'          1
926    'PGamma[19,2,2]'          1
927    'PGamma[19,2,3]'          1
928    'PGamma[19,3,1]'          1
929    'PGamma[19,3,2]'          1
930    'PGamma[19,3,3]'          1
931    'PGamma[20,1,1]'          1
932    'PGamma[20,1,2]'          1
933    'PGamma[20,1,3]'          1
934    'PGamma[20,2,1]'          1
935    'PGamma[20,2,2]'          1
936    'PGamma[20,2,3]'          1
937    'PGamma[20,3,1]'          1
938    'PGamma[20,3,2]'          1
939    'PGamma[20,3,3]'          1
940    'PGamma[21,1,1]'          1
941    'PGamma[21,1,2]'          1
942    'PGamma[21,1,3]'          1
943    'PGamma[21,2,1]'          1
944    'PGamma[21,2,2]'          1
945    'PGamma[21,2,3]'          1
946    'PGamma[21,3,1]'          1
947    'PGamma[21,3,2]'          1
948    'PGamma[21,3,3]'          1
949    'PGamma[22,1,1]'          1
950    'PGamma[22,1,2]'          1
951    'PGamma[22,1,3]'          1
952    'PGamma[22,2,1]'          1
953    'PGamma[22,2,2]'          1
954    'PGamma[22,2,3]'          1
955    'PGamma[22,3,1]'          1
956    'PGamma[22,3,2]'          1
957    'PGamma[22,3,3]'          1
958    'PGamma[23,1,1]'          1
959    'PGamma[23,1,2]'          1
960    'PGamma[23,1,3]'          1
961    'PGamma[23,2,1]'          1
962    'PGamma[23,2,2]'          1
963    'PGamma[23,2,3]'          1
964    'PGamma[23,3,1]'          1
965    'PGamma[23,3,2]'          1
966    'PGamma[23,3,3]'          1
967    'PGamma[24,1,1]'          1
968    'PGamma[24,1,2]'          1
969    'PGamma[24,1,3]'          1
970    'PGamma[24,2,1]'          1
971    'PGamma[24,2,2]'          1
972    'PGamma[24,2,3]'          1
973    'PGamma[24,3,1]'          1
974    'PGamma[24,3,2]'          1
975    'PGamma[24,3,3]'          1
976    'PGamma[25,1,1]'          1
977    'PGamma[25,1,2]'          1
978    'PGamma[25,1,3]'          1
979    'PGamma[25,2,1]'          1
980    'PGamma[25,2,2]'          1
981    'PGamma[25,2,3]'          1
982    'PGamma[25,3,1]'          1
983    'PGamma[25,3,2]'          1
984    'PGamma[25,3,3]'          1
985    'PGamma[26,1,1]'          1
986    'PGamma[26,1,2]'          1
987    'PGamma[26,1,3]'          1
988    'PGamma[26,2,1]'          1
989    'PGamma[26,2,2]'          1
990    'PGamma[26,2,3]'          1
991    'PGamma[26,3,1]'          1
992    'PGamma[26,3,2]'          1
993    'PGamma[26,3,3]'          1
994    'PGamma[27,1,1]'          1
995    'PGamma[27,1,2]'          1
996    'PGamma[27,1,3]'          1
997    'PGamma[27,2,1]'          1
998    'PGamma[27,2,2]'          1
999    'PGamma[27,2,3]'          1
1000   'PGamma[27,3,1]'          1
1001   'PGamma[27,3,2]'          1
1002   'PGamma[27,3,3]'          1
1003   'PGamma[28,1,1]'          1
1004   'PGamma[28,1,2]'          1
1005   'PGamma[28,1,3]'          1
1006   'PGamma[28,2,1]'          1
1007   'PGamma[28,2,2]'          1
1008   'PGamma[28,2,3]'          1
1009   'PGamma[28,3,1]'          1
1010   'PGamma[28,3,2]'          1
1011   'PGamma[28,3,3]'          1
1012   'PGamma[29,1,1]'          1
1013   'PGamma[29,1,2]'          1
1014   'PGamma[29,1,3]'          1
1015   'PGamma[29,2,1]'          1
1016   'PGamma[29,2,2]'          1
1017   'PGamma[29,2,3]'          1
1018   'PGamma[29,3,1]'          1
1019   'PGamma[29,3,2]'          1
1020   'PGamma[29,3,3]'          1
1021   'PGamma[30,1,1]'          1
1022   'PGamma[30,1,2]'          1
1023   'PGamma[30,1,3]'          1
1024   'PGamma[30,2,1]'          1
1025   'PGamma[30,2,2]'          1
1026   'PGamma[30,2,3]'          1
1027   'PGamma[30,3,1]'          1
1028   'PGamma[30,3,2]'          1
1029   'PGamma[30,3,3]'          1
1030   'SGamma1[1,1]'            1.39688e-06
1031   'SGamma1[1,2]'            1.39688e-06
1032   'SGamma1[1,3]'            1.39688e-06
1033   'SGamma1[2,1]'            1.2092e-06
1034   'SGamma1[2,2]'            1.2092e-06
1035   'SGamma1[2,3]'            1.2092e-06
1036   'SGamma1[3,1]'            1.18393e-06
1037   'SGamma1[3,2]'            1.18393e-06
1038   'SGamma1[3,3]'            1.18393e-06
1039   'SGamma1[4,1]'            1.17956e-06
1040   'SGamma1[4,2]'            1.17956e-06
1041   'SGamma1[4,3]'            1.17956e-06
1042   'SGamma1[5,1]'            1.18013e-06
1043   'SGamma1[5,2]'            1.18013e-06
1044   'SGamma1[5,3]'            1.18013e-06
1045   'SGamma1[6,1]'            1.18196e-06
1046   'SGamma1[6,2]'            1.18196e-06
1047   'SGamma1[6,3]'            1.18196e-06
1048   'SGamma1[7,1]'            1.1841e-06
1049   'SGamma1[7,2]'            1.1841e-06
1050   'SGamma1[7,3]'            1.1841e-06
1051   'SGamma1[8,1]'            1.18673e-06
1052   'SGamma1[8,2]'            1.18673e-06
1053   'SGamma1[8,3]'            1.18673e-06
1054   'SGamma1[9,1]'            1.18878e-06
1055   'SGamma1[9,2]'            1.18878e-06
1056   'SGamma1[9,3]'            1.18878e-06
1057   'SGamma1[10,1]'           1.19257e-06
1058   'SGamma1[10,2]'           1.19257e-06
1059   'SGamma1[10,3]'           1.19257e-06
1060   'SGamma1[11,1]'           1.19846e-06
1061   'SGamma1[11,2]'           1.19846e-06
1062   'SGamma1[11,3]'           1.19846e-06
1063   'SGamma1[12,1]'           1.20654e-06
1064   'SGamma1[12,2]'           1.20654e-06
1065   'SGamma1[12,3]'           1.20654e-06
1066   'SGamma1[13,1]'           1.21716e-06
1067   'SGamma1[13,2]'           1.21716e-06
1068   'SGamma1[13,3]'           1.21716e-06
1069   'SGamma1[14,1]'           1.22619e-06
1070   'SGamma1[14,2]'           1.22619e-06
1071   'SGamma1[14,3]'           1.22619e-06
1072   'SGamma1[15,1]'           1.16422e-06
1073   'SGamma1[15,2]'           1.16422e-06
1074   'SGamma1[15,3]'           1.16422e-06
1075   'SGamma1[16,1]'           1.23614e-06
1076   'SGamma1[16,2]'           1.23614e-06
1077   'SGamma1[16,3]'           1.23614e-06
1078   'SGamma1[17,1]'           1.31936e-06
1079   'SGamma1[17,2]'           1.31936e-06
1080   'SGamma1[17,3]'           1.31936e-06
1081   'SGamma1[18,1]'           1.3661e-06
1082   'SGamma1[18,2]'           1.3661e-06
1083   'SGamma1[18,3]'           1.3661e-06
1084   'SGamma1[19,1]'           1.37914e-06
1085   'SGamma1[19,2]'           1.37914e-06
1086   'SGamma1[19,3]'           1.37914e-06
1087   'SGamma1[20,1]'           1.38301e-06
1088   'SGamma1[20,2]'           1.38301e-06
1089   'SGamma1[20,3]'           1.38301e-06
1090   'SGamma1[21,1]'           1.38456e-06
1091   'SGamma1[21,2]'           1.38456e-06
1092   'SGamma1[21,3]'           1.38456e-06
1093   'SGamma1[22,1]'           1.38527e-06
1094   'SGamma1[22,2]'           1.38527e-06
1095   'SGamma1[22,3]'           1.38527e-06
1096   'SGamma1[23,1]'           1.38556e-06
1097   'SGamma1[23,2]'           1.38556e-06
1098   'SGamma1[23,3]'           1.38556e-06
1099   'SGamma1[24,1]'           1.38556e-06
1100   'SGamma1[24,2]'           1.38556e-06
1101   'SGamma1[24,3]'           1.38556e-06
1102   'SGamma1[25,1]'           1.38532e-06
1103   'SGamma1[25,2]'           1.38532e-06
1104   'SGamma1[25,3]'           1.38532e-06
1105   'SGamma1[26,1]'           1.38464e-06
1106   'SGamma1[26,2]'           1.38464e-06
1107   'SGamma1[26,3]'           1.38464e-06
1108   'SGamma1[27,1]'           1.37927e-06
1109   'SGamma1[27,2]'           1.37927e-06
1110   'SGamma1[27,3]'           1.37927e-06
1111   'SGamma1[28,1]'           1.30895e-06
1112   'SGamma1[28,2]'           1.30895e-06
1113   'SGamma1[28,3]'           1.30895e-06
1114   'SGamma1[29,1]'           1.02432e-06
1115   'SGamma1[29,2]'           1.02432e-06
1116   'SGamma1[29,3]'           1.02432e-06
1117   'SGamma1[30,1]'           9.49017e-07
1118   'SGamma1[30,2]'           9.49017e-07
1119   'SGamma1[30,3]'           9.49017e-07
1120   'SGamma2[1,1]'            1.39688
1121   'SGamma2[1,2]'            1.39688
1122   'SGamma2[1,3]'            1.39688
1123   'SGamma2[2,1]'            1.2092
1124   'SGamma2[2,2]'            1.2092
1125   'SGamma2[2,3]'            1.2092
1126   'SGamma2[3,1]'            1.18393
1127   'SGamma2[3,2]'            1.18393
1128   'SGamma2[3,3]'            1.18393
1129   'SGamma2[4,1]'            1.17956
1130   'SGamma2[4,2]'            1.17956
1131   'SGamma2[4,3]'            1.17956
1132   'SGamma2[5,1]'            1.18013
1133   'SGamma2[5,2]'            1.18013
1134   'SGamma2[5,3]'            1.18013
1135   'SGamma2[6,1]'            1.18196
1136   'SGamma2[6,2]'            1.18196
1137   'SGamma2[6,3]'            1.18196
1138   'SGamma2[7,1]'            1.1841
1139   'SGamma2[7,2]'            1.1841
1140   'SGamma2[7,3]'            1.1841
1141   'SGamma2[8,1]'            1.18673
1142   'SGamma2[8,2]'            1.18673
1143   'SGamma2[8,3]'            1.18673
1144   'SGamma2[9,1]'            1.18878
1145   'SGamma2[9,2]'            1.18878
1146   'SGamma2[9,3]'            1.18878
1147   'SGamma2[10,1]'           1.19257
1148   'SGamma2[10,2]'           1.19257
1149   'SGamma2[10,3]'           1.19257
1150   'SGamma2[11,1]'           1.19846
1151   'SGamma2[11,2]'           1.19846
1152   'SGamma2[11,3]'           1.19846
1153   'SGamma2[12,1]'           1.20654
1154   'SGamma2[12,2]'           1.20654
1155   'SGamma2[12,3]'           1.20654
1156   'SGamma2[13,1]'           1.21716
1157   'SGamma2[13,2]'           1.21716
1158   'SGamma2[13,3]'           1.21716
1159   'SGamma2[14,1]'           1.22619
1160   'SGamma2[14,2]'           1.22619
1161   'SGamma2[14,3]'           1.22619
1162   'SGamma2[15,1]'           1.16422
1163   'SGamma2[15,2]'           1.16422
1164   'SGamma2[15,3]'           1.16422
1165   'SGamma2[16,1]'           1.23614
1166   'SGamma2[16,2]'           1.23614
1167   'SGamma2[16,3]'           1.23614
1168   'SGamma2[17,1]'           1.31936
1169   'SGamma2[17,2]'           1.31936
1170   'SGamma2[17,3]'           1.31936
1171   'SGamma2[18,1]'           1.3661
1172   'SGamma2[18,2]'           1.3661
1173   'SGamma2[18,3]'           1.3661
1174   'SGamma2[19,1]'           1.37914
1175   'SGamma2[19,2]'           1.37914
1176   'SGamma2[19,3]'           1.37914
1177   'SGamma2[20,1]'           1.38301
1178   'SGamma2[20,2]'           1.38301
1179   'SGamma2[20,3]'           1.38301
1180   'SGamma2[21,1]'           1.38456
1181   'SGamma2[21,2]'           1.38456
1182   'SGamma2[21,3]'           1.38456
1183   'SGamma2[22,1]'           1.38527
1184   'SGamma2[22,2]'           1.38527
1185   'SGamma2[22,3]'           1.38527
1186   'SGamma2[23,1]'           1.38556
1187   'SGamma2[23,2]'           1.38556
1188   'SGamma2[23,3]'           1.38556
1189   'SGamma2[24,1]'           1.38556
1190   'SGamma2[24,2]'           1.38556
1191   'SGamma2[24,3]'           1.38556
1192   'SGamma2[25,1]'           1.38532
1193   'SGamma2[25,2]'           1.38532
1194   'SGamma2[25,3]'           1.38532
1195   'SGamma2[26,1]'           1.38464
1196   'SGamma2[26,2]'           1.38464
1197   'SGamma2[26,3]'           1.38464
1198   'SGamma2[27,1]'           1.37927
1199   'SGamma2[27,2]'           1.37927
1200   'SGamma2[27,3]'           1.37927
1201   'SGamma2[28,1]'           1.30895
1202   'SGamma2[28,2]'           1.30895
1203   'SGamma2[28,3]'           1.30895
1204   'SGamma2[29,1]'           1.02432
1205   'SGamma2[29,2]'           1.02432
1206   'SGamma2[29,3]'           1.02432
1207   'SGamma2[30,1]'           0.949017
1208   'SGamma2[30,2]'           0.949017
1209   'SGamma2[30,3]'           0.949017
1210   'gamma[1,1]'              1
1211   'gamma[1,2]'              1
1212   'gamma[1,3]'              1
1213   'gamma[2,1]'              1
1214   'gamma[2,2]'              1
1215   'gamma[2,3]'              1
1216   'gamma[3,1]'              1
1217   'gamma[3,2]'              1
1218   'gamma[3,3]'              1
1219   'gamma[4,1]'              1
1220   'gamma[4,2]'              1
1221   'gamma[4,3]'              1
1222   'gamma[5,1]'              1
1223   'gamma[5,2]'              1
1224   'gamma[5,3]'              1
1225   'gamma[6,1]'              1
1226   'gamma[6,2]'              1
1227   'gamma[6,3]'              1
1228   'gamma[7,1]'              1
1229   'gamma[7,2]'              1
1230   'gamma[7,3]'              1
1231   'gamma[8,1]'              1
1232   'gamma[8,2]'              1
1233   'gamma[8,3]'              1
1234   'gamma[9,1]'              1
1235   'gamma[9,2]'              1
1236   'gamma[9,3]'              1
1237   'gamma[10,1]'             1
1238   'gamma[10,2]'             1
1239   'gamma[10,3]'             1
1240   'gamma[11,1]'             1
1241   'gamma[11,2]'             1
1242   'gamma[11,3]'             1
1243   'gamma[12,1]'             1
1244   'gamma[12,2]'             1
1245   'gamma[12,3]'             1
1246   'gamma[13,1]'             1
1247   'gamma[13,2]'             1
1248   'gamma[13,3]'             1
1249   'gamma[14,1]'             1
1250   'gamma[14,2]'             1
1251   'gamma[14,3]'             1
1252   'gamma[15,1]'             1
1253   'gamma[15,2]'             1
1254   'gamma[15,3]'             1
1255   'gamma[16,1]'             1
1256   'gamma[16,2]'             1
1257   'gamma[16,3]'             1
1258   'gamma[17,1]'             1
1259   'gamma[17,2]'             1
1260   'gamma[17,3]'             1
1261   'gamma[18,1]'             1
1262   'gamma[18,2]'             1
1263   'gamma[18,3]'             1
1264   'gamma[19,1]'             1
1265   'gamma[19,2]'             1
1266   'gamma[19,3]'             1
1267   'gamma[20,1]'             1
1268   'gamma[20,2]'             1
1269   'gamma[20,3]'             1
1270   'gamma[21,1]'             1
1271   'gamma[21,2]'             1
1272   'gamma[21,3]'             1
1273   'gamma[22,1]'             1
1274   'gamma[22,2]'             1
1275   'gamma[22,3]'             1
1276   'gamma[23,1]'             1
1277   'gamma[23,2]'             1
1278   'gamma[23,3]'             1
1279   'gamma[24,1]'             1
1280   'gamma[24,2]'             1
1281   'gamma[24,3]'             1
1282   'gamma[25,1]'             1
1283   'gamma[25,2]'             1
1284   'gamma[25,3]'             1
1285   'gamma[26,1]'             1
1286   'gamma[26,2]'             1
1287   'gamma[26,3]'             1
1288   'gamma[27,1]'             1
1289   'gamma[27,2]'             1
1290   'gamma[27,3]'             1
1291   'gamma[28,1]'             1
1292   'gamma[28,2]'             1
1293   'gamma[28,3]'             1
1294   'gamma[29,1]'             1
1295   'gamma[29,2]'             1
1296   'gamma[29,3]'             1
1297   'gamma[30,1]'             1
1298   'gamma[30,2]'             1
1299   'gamma[30,3]'             1
1300   'PrS[1,1]'           321511
1301   'PrS[1,2]'           177107
1302   'PrS[1,3]'            98749.8
1303   'PrS[2,1]'           346322
1304   'PrS[2,2]'           192217
1305   'PrS[2,3]'           107949
1306   'PrS[3,1]'           339882
1307   'PrS[3,2]'           188285
1308   'PrS[3,3]'           105549
1309   'PrS[4,1]'           331272
1310   'PrS[4,2]'           183039
1311   'PrS[4,3]'           102354
1312   'PrS[5,1]'           324863
1313   'PrS[5,2]'           179143
1314   'PrS[5,3]'            99985.5
1315   'PrS[6,1]'           320842
1316   'PrS[6,2]'           176702
1317   'PrS[6,3]'            98503.7
1318   'PrS[7,1]'           318848
1319   'PrS[7,2]'           175492
1320   'PrS[7,3]'            97769.9
1321   'PrS[8,1]'           318643
1322   'PrS[8,2]'           175368
1323   'PrS[8,3]'            97694.9
1324   'PrS[9,1]'           320058
1325   'PrS[9,2]'           176226
1326   'PrS[9,3]'            98215.2
1327   'PrS[10,1]'          323378
1328   'PrS[10,2]'          178241
1329   'PrS[10,3]'           99437.7
1330   'PrS[11,1]'          329194
1331   'PrS[11,2]'          181775
1332   'PrS[11,3]'          101585
1333   'PrS[12,1]'          338220
1334   'PrS[12,2]'          187272
1335   'PrS[12,3]'          104931
1336   'PrS[13,1]'          351429
1337   'PrS[13,2]'          195339
1338   'PrS[13,3]'          109857
1339   'PrS[14,1]'          369771
1340   'PrS[14,2]'          206588
1341   'PrS[14,3]'          116751
1342   'PrS[15,1]'          367340
1343   'PrS[15,2]'          205094
1344   'PrS[15,3]'          115834
1345   'PrS[16,1]'          340419
1346   'PrS[16,2]'          188613
1347   'PrS[16,3]'          105749
1348   'PrS[17,1]'          315140
1349   'PrS[17,2]'          173245
1350   'PrS[17,3]'           96408.3
1351   'PrS[18,1]'          302422
1352   'PrS[18,2]'          165556
1353   'PrS[18,3]'           91759.3
1354   'PrS[19,1]'          296779
1355   'PrS[19,2]'          162153
1356   'PrS[19,3]'           89707.6
1357   'PrS[20,1]'          293500
1358   'PrS[20,2]'          160180
1359   'PrS[20,3]'           88519
1360   'PrS[21,1]'          291081
1361   'PrS[21,2]'          158724
1362   'PrS[21,3]'           87643.4
1363   'PrS[22,1]'          289042
1364   'PrS[22,2]'          157499
1365   'PrS[22,3]'           86906.8
1366   'PrS[23,1]'          287181
1367   'PrS[23,2]'          156381
1368   'PrS[23,3]'           86234.9
1369   'PrS[24,1]'          285368
1370   'PrS[24,2]'          155293
1371   'PrS[24,3]'           85581.2
1372   'PrS[25,1]'          283565
1373   'PrS[25,2]'          154211
1374   'PrS[25,3]'           84932.3
1375   'PrS[26,1]'          282330
1376   'PrS[26,2]'          153471
1377   'PrS[26,3]'           84488
1378   'PrS[27,1]'          285566
1379   'PrS[27,2]'          155412
1380   'PrS[27,3]'           85652.8
1381   'PrS[28,1]'          307722
1382   'PrS[28,2]'          168756
1383   'PrS[28,3]'           93692.2
1384   'PrS[29,1]'          346325
1385   'PrS[29,2]'          192219
1386   'PrS[29,3]'          107950
1387   'PrS[30,1]'          407819
1388   'PrS[30,2]'          230079
1389   'PrS[30,3]'          131241
1390   'PrSF[1]'            330273
1391   'PrSF[2]'            182432
1392   'PrSF[3]'            101984
1393   Vap                     138.228
;

