solve_message = 'LOQO 7.00: iteration limit (500 iterations, 4128 evaluations)\
primal objective 161.6421298282306\
  dual objective -138021039.81144616'

:           _varname              _var          :=
1      'F[2]'                    0
2      'F[3]'                    0
3      'F[4]'                    0
4      'F[5]'                    0
5      'F[6]'                    0
6      'F[7]'                    0
7      'F[8]'                    0
8      'F[9]'                    0
9      'F[10]'                   0
10     'F[11]'                   0
11     'F[12]'                   0
12     'F[13]'                   0
13     'F[14]'                   0
14     'F[15]'                 200
15     'F[16]'                   0
16     'F[17]'                   0
17     'F[18]'                   0
18     'F[19]'                   0
19     'F[20]'                   0
20     'F[21]'                   0
21     'F[22]'                   0
22     'F[23]'                   0
23     'F[24]'                   0
24     'F[25]'                   0
25     'F[26]'                   0
26     'F[27]'                   0
27     'F[28]'                   0
28     'F[29]'                   0
29     'V[1]'                  161.642
30     'V[2]'                  147.729
31     'V[3]'                  140.246
32     'V[4]'                  136.552
33     'V[5]'                  134.766
34     'V[6]'                  133.886
35     'V[7]'                  133.429
36     'V[8]'                  133.168
37     'V[9]'                  133.072
38     'V[10]'                 133.216
39     'V[11]'                 133.562
40     'V[12]'                 134.419
41     'V[13]'                 136.246
42     'V[14]'                 136.201
43     'V[15]'                 143.249
44     'V[16]'                 133.608
45     'V[17]'                 131.456
46     'V[18]'                 132.097
47     'V[19]'                 132.758
48     'V[20]'                 133.069
49     'V[21]'                 133.087
50     'V[22]'                 133.078
51     'V[23]'                 133.062
52     'V[24]'                 133.057
53     'V[25]'                 133.063
54     'V[26]'                 133.092
55     'V[27]'                 133.108
56     'V[28]'                 133.044
57     'V[29]'                 133.438
58     'V[30]'                   0
59     'y[1,1]'                  0.0644948
60     'y[1,2]'                  0.448002
61     'y[1,3]'                  0.364903
62     'y[2,1]'                  0.115849
63     'y[2,2]'                  0.546386
64     'y[2,3]'                  0.316221
65     'y[3,1]'                  0.170419
66     'y[3,2]'                  0.58436
67     'y[3,3]'                  0.278312
68     'y[4,1]'                  0.22411
69     'y[4,2]'                  0.583932
70     'y[4,3]'                  0.251989
71     'y[5,1]'                  0.274852
72     'y[5,2]'                  0.564161
73     'y[5,3]'                  0.233489
74     'y[6,1]'                  0.321429
75     'y[6,2]'                  0.53691
76     'y[6,3]'                  0.219679
77     'y[7,1]'                  0.362932
78     'y[7,2]'                  0.508521
79     'y[7,3]'                  0.208712
80     'y[8,1]'                  0.398622
81     'y[8,2]'                  0.481958
82     'y[8,3]'                  0.199579
83     'y[9,1]'                  0.427744
84     'y[9,2]'                  0.458091
85     'y[9,3]'                  0.191606
86     'y[10,1]'                 0.449591
87     'y[10,2]'                 0.436699
88     'y[10,3]'                 0.184265
89     'y[11,1]'                 0.463827
90     'y[11,2]'                 0.417231
91     'y[11,3]'                 0.177184
92     'y[12,1]'                 0.469518
93     'y[12,2]'                 0.398264
94     'y[12,3]'                 0.169783
95     'y[13,1]'                 0.467674
96     'y[13,2]'                 0.379762
97     'y[13,3]'                 0.162121
98     'y[14,1]'                 0.466266
99     'y[14,2]'                 0.366322
100    'y[14,3]'                 0.156172
101    'y[15,1]'                 0.45795
102    'y[15,2]'                 0.351128
103    'y[15,3]'                 0.149343
104    'y[16,1]'                 0.5157
105    'y[16,2]'                 0.418038
106    'y[16,3]'                 0.188019
107    'y[17,1]'                 0.514624
108    'y[17,2]'                 0.416352
109    'y[17,3]'                 0.177736
110    'y[18,1]'                 0.503784
111    'y[18,2]'                 0.408521
112    'y[18,3]'                 0.166079
113    'y[19,1]'                 0.496404
114    'y[19,2]'                 0.406209
115    'y[19,3]'                 0.158363
116    'y[20,1]'                 0.492233
117    'y[20,2]'                 0.407949
118    'y[20,3]'                 0.153543
119    'y[21,1]'                 0.49018
120    'y[21,2]'                 0.412182
121    'y[21,3]'                 0.150258
122    'y[22,1]'                 0.48828
123    'y[22,2]'                 0.416612
124    'y[22,3]'                 0.14716
125    'y[23,1]'                 0.486396
126    'y[23,2]'                 0.421068
127    'y[23,3]'                 0.144147
128    'y[24,1]'                 0.484435
129    'y[24,2]'                 0.425428
130    'y[24,3]'                 0.141149
131    'y[25,1]'                 0.482356
132    'y[25,2]'                 0.429608
133    'y[25,3]'                 0.138116
134    'y[26,1]'                 0.480071
135    'y[26,2]'                 0.433487
136    'y[26,3]'                 0.134968
137    'y[27,1]'                 0.477987
138    'y[27,2]'                 0.43748
139    'y[27,3]'                 0.131709
140    'y[28,1]'                 0.47607
141    'y[28,2]'                 0.440894
142    'y[28,3]'                 0.127489
143    'y[29,1]'                 0.47422
144    'y[29,2]'                 0.441028
145    'y[29,3]'                 0.120039
146    'y[30,1]'                 0.54396
147    'y[30,2]'                 0.477271
148    'y[30,3]'                 0.113763
149    'L[1]'                    0
150    'L[2]'                  219.655
151    'L[3]'                  225.733
152    'L[4]'                  228.041
153    'L[5]'                  228.793
154    'L[6]'                  228.959
155    'L[7]'                  228.904
156    'L[8]'                  228.765
157    'L[9]'                  228.597
158    'L[10]'                 228.418
159    'L[11]'                 228.093
160    'L[12]'                 227.51
161    'L[13]'                 225.985
162    'L[14]'                 221.867
163    'L[15]'                 216.439
164    'L[16]'                  10.8145
165    'L[17]'                  21.6582
166    'L[18]'                  20.9031
167    'L[19]'                  19.4391
168    'L[20]'                  18.7489
169    'L[21]'                  18.5369
170    'L[22]'                  18.7166
171    'L[23]'                  18.8931
172    'L[24]'                  19.0548
173    'L[25]'                  19.1977
174    'L[26]'                  19.3194
175    'L[27]'                  19.3808
176    'L[28]'                  19.6375
177    'L[29]'                  20.0999
178    'L[30]'                  19.1628
179    'x[1,1]'                  0.0340583
180    'x[1,2]'                  0.421887
181    'x[1,3]'                  0.605855
182    'x[2,1]'                  0.0591368
183    'x[2,2]'                  0.495708
184    'x[2,3]'                  0.504227
185    'x[3,1]'                  0.0853489
186    'x[3,2]'                  0.519209
187    'x[3,3]'                  0.433846
188    'x[4,1]'                  0.11236
189    'x[4,2]'                  0.519469
190    'x[4,3]'                  0.393338
191    'x[5,1]'                  0.13937
192    'x[5,2]'                  0.508167
193    'x[5,3]'                  0.36942
194    'x[6,1]'                  0.165465
195    'x[6,2]'                  0.491698
196    'x[6,3]'                  0.353876
197    'x[7,1]'                  0.189786
198    'x[7,2]'                  0.473796
199    'x[7,3]'                  0.342564
200    'x[8,1]'                  0.211614
201    'x[8,2]'                  0.456535
202    'x[8,3]'                  0.333512
203    'x[9,1]'                  0.230388
204    'x[9,2]'                  0.440887
205    'x[9,3]'                  0.325773
206    'x[10,1]'                 0.245763
207    'x[10,2]'                 0.427182
208    'x[10,3]'                 0.318871
209    'x[11,1]'                 0.257766
210    'x[11,2]'                 0.415613
211    'x[11,3]'                 0.312726
212    'x[12,1]'                 0.266414
213    'x[12,2]'                 0.405903
214    'x[12,3]'                 0.307212
215    'x[13,1]'                 0.272726
216    'x[13,2]'                 0.398871
217    'x[13,3]'                 0.303106
218    'x[14,1]'                 0.280401
219    'x[14,2]'                 0.39801
220    'x[14,3]'                 0.302938
221    'x[15,1]'                 0.286899
222    'x[15,2]'                 0.399083
223    'x[15,3]'                 0.304246
224    'x[16,1]'                 0.406428
225    'x[16,2]'                 0.61194
226    'x[16,3]'                 0.504588
227    'x[17,1]'                 0.368819
228    'x[17,2]'                 0.548826
229    'x[17,3]'                 0.425513
230    'x[18,1]'                 0.336752
231    'x[18,2]'                 0.49869
232    'x[18,3]'                 0.365703
233    'x[19,1]'                 0.320792
234    'x[19,2]'                 0.477741
235    'x[19,3]'                 0.33486
236    'x[20,1]'                 0.313784
237    'x[20,2]'                 0.472625
238    'x[20,3]'                 0.319398
239    'x[21,1]'                 0.311271
240    'x[21,2]'                 0.475501
241    'x[21,3]'                 0.311124
242    'x[22,1]'                 0.30916
243    'x[22,2]'                 0.479064
244    'x[22,3]'                 0.303647
245    'x[23,1]'                 0.307136
246    'x[23,2]'                 0.482748
247    'x[23,3]'                 0.29647
248    'x[24,1]'                 0.304987
249    'x[24,2]'                 0.486147
250    'x[24,3]'                 0.289271
251    'x[25,1]'                 0.302537
252    'x[25,2]'                 0.48889
253    'x[25,3]'                 0.281781
254    'x[26,1]'                 0.299585
255    'x[26,2]'                 0.490565
256    'x[26,3]'                 0.273693
257    'x[27,1]'                 0.296393
258    'x[27,2]'                 0.491632
259    'x[27,3]'                 0.265048
260    'x[28,1]'                 0.291036
261    'x[28,2]'                 0.487778
262    'x[28,3]'                 0.252205
263    'x[29,1]'                 0.281817
264    'x[29,2]'                 0.472979
265    'x[29,3]'                 0.229537
266    'x[30,1]'                 0.304442
267    'x[30,2]'                 0.47918
268    'x[30,3]'                 0.20248
269    PC                      105.192
270    PR                       86.3677
271    'T[1]'                  454.83
272    'T[2]'                  456.494
273    'T[3]'                  457.433
274    'T[4]'                  457.378
275    'T[5]'                  456.818
276    'T[6]'                  456.076
277    'T[7]'                  455.306
278    'T[8]'                  454.57
279    'T[9]'                  453.864
280    'T[10]'                 453.146
281    'T[11]'                 452.347
282    'T[12]'                 451.344
283    'T[13]'                 450.034
284    'T[14]'                 448.569
285    'T[15]'                 446.638
286    'T[16]'                 436.137
287    'T[17]'                 440.416
288    'T[18]'                 443.615
289    'T[19]'                 445.185
290    'T[20]'                 445.823
291    'T[21]'                 446.003
292    'T[22]'                 446.14
293    'T[23]'                 446.267
294    'T[24]'                 446.407
295    'T[25]'                 446.584
296    'T[26]'                 446.821
297    'T[27]'                 447.121
298    'T[28]'                 447.791
299    'T[29]'                 449.132
300    'T[30]'                 452.004
301    TF                      447.618
302    QC                     1237.69
303    QR                     1372.42
304    'H[1,1]'                  9.94352
305    'H[1,2]'                 11.1489
306    'H[1,3]'                 12.3543
307    'H[2,1]'                 10.0672
308    'H[2,2]'                 11.2876
309    'H[2,3]'                 12.508
310    'H[3,1]'                 10.1371
311    'H[3,2]'                 11.366
312    'H[3,3]'                 12.5949
313    'H[4,1]'                 10.133
314    'H[4,2]'                 11.3614
315    'H[4,3]'                 12.5898
316    'H[5,1]'                 10.0913
317    'H[5,2]'                 11.3147
318    'H[5,3]'                 12.538
319    'H[6,1]'                 10.0361
320    'H[6,2]'                 11.2527
321    'H[6,3]'                 12.4693
322    'H[7,1]'                  9.97884
323    'H[7,2]'                 11.1885
324    'H[7,3]'                 12.3982
325    'H[8,1]'                  9.9242
326    'H[8,2]'                 11.1272
327    'H[8,3]'                 12.3303
328    'H[9,1]'                  9.87189
329    'H[9,2]'                 11.0686
330    'H[9,3]'                 12.2652
331    'H[10,1]'                 9.81873
332    'H[10,2]'                11.009
333    'H[10,3]'                12.1992
334    'H[11,1]'                 9.75965
335    'H[11,2]'                10.9427
336    'H[11,3]'                12.1257
337    'H[12,1]'                 9.68563
338    'H[12,2]'                10.8597
339    'H[12,3]'                12.0337
340    'H[13,1]'                 9.58907
341    'H[13,2]'                10.7514
342    'H[13,3]'                11.9137
343    'H[14,1]'                 9.48144
344    'H[14,2]'                10.6307
345    'H[14,3]'                11.7799
346    'H[15,1]'                 9.33993
347    'H[15,2]'                10.472
348    'H[15,3]'                11.6041
349    'H[16,1]'                 8.57883
350    'H[16,2]'                 9.61832
351    'H[16,3]'                10.6581
352    'H[17,1]'                 8.88725
353    'H[17,2]'                 9.96424
354    'H[17,3]'                11.0414
355    'H[18,1]'                 9.11934
356    'H[18,2]'                10.2245
357    'H[18,3]'                11.3299
358    'H[19,1]'                 9.23375
359    'H[19,2]'                10.3529
360    'H[19,3]'                11.4721
361    'H[20,1]'                 9.28031
362    'H[20,2]'                10.4051
363    'H[20,3]'                11.53
364    'H[21,1]'                 9.2935
365    'H[21,2]'                10.4199
366    'H[21,3]'                11.5464
367    'H[22,1]'                 9.30351
368    'H[22,2]'                10.4311
369    'H[22,3]'                11.5588
370    'H[23,1]'                 9.31277
371    'H[23,2]'                10.4415
372    'H[23,3]'                11.5703
373    'H[24,1]'                 9.32299
374    'H[24,2]'                10.4529
375    'H[24,3]'                11.583
376    'H[25,1]'                 9.33592
377    'H[25,2]'                10.4675
378    'H[25,3]'                11.5991
379    'H[26,1]'                 9.35332
380    'H[26,2]'                10.487
381    'H[26,3]'                11.6207
382    'H[27,1]'                 9.37523
383    'H[27,2]'                10.5115
384    'H[27,3]'                11.6479
385    'H[28,1]'                 9.42436
386    'H[28,2]'                10.5666
387    'H[28,3]'                11.709
388    'H[29,1]'                 9.52277
389    'H[29,2]'                10.677
390    'H[29,3]'                11.8313
391    'H[30,1]'                 9.73432
392    'H[30,2]'                10.9143
393    'H[30,3]'                12.0943
394    'HF[1]'                   9.41167
395    'HF[2]'                  10.5524
396    'HF[3]'                  11.6932
397    'h[1,1]'                  1.67918
398    'h[1,2]'                  1.56552
399    'h[1,3]'                  1.59949
400    'h[2,1]'                  1.84754
401    'h[2,2]'                  1.74712
402    'h[2,3]'                  1.7948
403    'h[3,1]'                  1.94283
404    'h[3,2]'                  1.84985
405    'h[3,3]'                  1.90524
406    'h[4,1]'                  1.93725
407    'h[4,2]'                  1.84383
408    'h[4,3]'                  1.89878
409    'h[5,1]'                  1.88042
410    'h[5,2]'                  1.78257
411    'h[5,3]'                  1.83292
412    'h[6,1]'                  1.80514
413    'h[6,2]'                  1.7014
414    'h[6,3]'                  1.74564
415    'h[7,1]'                  1.72724
416    'h[7,2]'                  1.61738
417    'h[7,3]'                  1.65527
418    'h[8,1]'                  1.65291
419    'h[8,2]'                  1.53717
420    'h[8,3]'                  1.56898
421    'h[9,1]'                  1.58178
422    'h[9,2]'                  1.46041
423    'h[9,3]'                  1.48638
424    'h[10,1]'                 1.50956
425    'h[10,2]'                 1.38244
426    'h[10,3]'                 1.40247
427    'h[11,1]'                 1.42934
428    'h[11,2]'                 1.29581
429    'h[11,3]'                 1.30921
430    'h[12,1]'                 1.32893
431    'h[12,2]'                 1.18734
432    'h[12,3]'                 1.1924
433    'h[13,1]'                 1.19805
434    'h[13,2]'                 1.04591
435    'h[13,3]'                 1.04005
436    'h[14,1]'                 1.05234
437    'h[14,2]'                 0.888353
438    'h[14,3]'                 0.870258
439    'h[15,1]'                 0.861027
440    'h[15,2]'                 0.681378
441    'h[15,3]'                 0.647095
442    'h[16,1]'                -0.163317
443    'h[16,2]'                -0.429065
444    'h[16,3]'                -0.552343
445    'h[17,1]'                 0.250887
446    'h[17,2]'                 0.0203876
447    'h[17,3]'                -0.0664401
448    'h[18,1]'                 0.563356
449    'h[18,2]'                 0.359064
450    'h[18,3]'                 0.299318
451    'h[19,1]'                 0.717662
452    'h[19,2]'                 0.526185
453    'h[19,3]'                 0.47968
454    'h[20,1]'                 0.780507
455    'h[20,2]'                 0.594224
456    'h[20,3]'                 0.553086
457    'h[21,1]'                 0.798319
458    'h[21,2]'                 0.613506
459    'h[21,3]'                 0.573886
460    'h[22,1]'                 0.811834
461    'h[22,2]'                 0.628135
462    'h[22,3]'                 0.589667
463    'h[23,1]'                 0.824332
464    'h[23,2]'                 0.641663
465    'h[23,3]'                 0.604259
466    'h[24,1]'                 0.838134
467    'h[24,2]'                 0.656602
468    'h[24,3]'                 0.620372
469    'h[25,1]'                 0.855606
470    'h[25,2]'                 0.675511
471    'h[25,3]'                 0.640767
472    'h[26,1]'                 0.879107
473    'h[26,2]'                 0.700945
474    'h[26,3]'                 0.668197
475    'h[27,1]'                 0.908718
476    'h[27,2]'                 0.732987
477    'h[27,3]'                 0.702752
478    'h[28,1]'                 0.975136
479    'h[28,2]'                 0.804847
480    'h[28,3]'                 0.780237
481    'h[29,1]'                 1.10827
482    'h[29,2]'                 0.94884
483    'h[29,3]'                 0.935452
484    'h[30,1]'                 1.39497
485    'h[30,2]'                 1.25869
486    'h[30,3]'                 1.26924
487    'hF[1]'                   0.957971
488    'hF[2]'                   0.786278
489    'hF[3]'                   0.760216
490    'tauGamma[1,1,1]'     1e-06
491    'tauGamma[1,1,2]'     1e-06
492    'tauGamma[1,1,3]'     1e-06
493    'tauGamma[1,2,1]'     1e-06
494    'tauGamma[1,2,2]'     1e-06
495    'tauGamma[1,2,3]'     1e-06
496    'tauGamma[1,3,1]'     1e-06
497    'tauGamma[1,3,2]'     1e-06
498    'tauGamma[1,3,3]'     1e-06
499    'tauGamma[2,1,1]'     1e-06
500    'tauGamma[2,1,2]'     1e-06
501    'tauGamma[2,1,3]'     1e-06
502    'tauGamma[2,2,1]'     1e-06
503    'tauGamma[2,2,2]'     1e-06
504    'tauGamma[2,2,3]'     1e-06
505    'tauGamma[2,3,1]'     1e-06
506    'tauGamma[2,3,2]'     1e-06
507    'tauGamma[2,3,3]'     1e-06
508    'tauGamma[3,1,1]'     1e-06
509    'tauGamma[3,1,2]'     1e-06
510    'tauGamma[3,1,3]'     1e-06
511    'tauGamma[3,2,1]'     1e-06
512    'tauGamma[3,2,2]'     1e-06
513    'tauGamma[3,2,3]'     1e-06
514    'tauGamma[3,3,1]'     1e-06
515    'tauGamma[3,3,2]'     1e-06
516    'tauGamma[3,3,3]'     1e-06
517    'tauGamma[4,1,1]'     1e-06
518    'tauGamma[4,1,2]'     1e-06
519    'tauGamma[4,1,3]'     1e-06
520    'tauGamma[4,2,1]'     1e-06
521    'tauGamma[4,2,2]'     1e-06
522    'tauGamma[4,2,3]'     1e-06
523    'tauGamma[4,3,1]'     1e-06
524    'tauGamma[4,3,2]'     1e-06
525    'tauGamma[4,3,3]'     1e-06
526    'tauGamma[5,1,1]'     1e-06
527    'tauGamma[5,1,2]'     1e-06
528    'tauGamma[5,1,3]'     1e-06
529    'tauGamma[5,2,1]'     1e-06
530    'tauGamma[5,2,2]'     1e-06
531    'tauGamma[5,2,3]'     1e-06
532    'tauGamma[5,3,1]'     1e-06
533    'tauGamma[5,3,2]'     1e-06
534    'tauGamma[5,3,3]'     1e-06
535    'tauGamma[6,1,1]'     1e-06
536    'tauGamma[6,1,2]'     1e-06
537    'tauGamma[6,1,3]'     1e-06
538    'tauGamma[6,2,1]'     1e-06
539    'tauGamma[6,2,2]'     1e-06
540    'tauGamma[6,2,3]'     1e-06
541    'tauGamma[6,3,1]'     1e-06
542    'tauGamma[6,3,2]'     1e-06
543    'tauGamma[6,3,3]'     1e-06
544    'tauGamma[7,1,1]'     1e-06
545    'tauGamma[7,1,2]'     1e-06
546    'tauGamma[7,1,3]'     1e-06
547    'tauGamma[7,2,1]'     1e-06
548    'tauGamma[7,2,2]'     1e-06
549    'tauGamma[7,2,3]'     1e-06
550    'tauGamma[7,3,1]'     1e-06
551    'tauGamma[7,3,2]'     1e-06
552    'tauGamma[7,3,3]'     1e-06
553    'tauGamma[8,1,1]'     1e-06
554    'tauGamma[8,1,2]'     1e-06
555    'tauGamma[8,1,3]'     1e-06
556    'tauGamma[8,2,1]'     1e-06
557    'tauGamma[8,2,2]'     1e-06
558    'tauGamma[8,2,3]'     1e-06
559    'tauGamma[8,3,1]'     1e-06
560    'tauGamma[8,3,2]'     1e-06
561    'tauGamma[8,3,3]'     1e-06
562    'tauGamma[9,1,1]'     1e-06
563    'tauGamma[9,1,2]'     1e-06
564    'tauGamma[9,1,3]'     1e-06
565    'tauGamma[9,2,1]'     1e-06
566    'tauGamma[9,2,2]'     1e-06
567    'tauGamma[9,2,3]'     1e-06
568    'tauGamma[9,3,1]'     1e-06
569    'tauGamma[9,3,2]'     1e-06
570    'tauGamma[9,3,3]'     1e-06
571    'tauGamma[10,1,1]'    1e-06
572    'tauGamma[10,1,2]'    1e-06
573    'tauGamma[10,1,3]'    1e-06
574    'tauGamma[10,2,1]'    1e-06
575    'tauGamma[10,2,2]'    1e-06
576    'tauGamma[10,2,3]'    1e-06
577    'tauGamma[10,3,1]'    1e-06
578    'tauGamma[10,3,2]'    1e-06
579    'tauGamma[10,3,3]'    1e-06
580    'tauGamma[11,1,1]'    1e-06
581    'tauGamma[11,1,2]'    1e-06
582    'tauGamma[11,1,3]'    1e-06
583    'tauGamma[11,2,1]'    1e-06
584    'tauGamma[11,2,2]'    1e-06
585    'tauGamma[11,2,3]'    1e-06
586    'tauGamma[11,3,1]'    1e-06
587    'tauGamma[11,3,2]'    1e-06
588    'tauGamma[11,3,3]'    1e-06
589    'tauGamma[12,1,1]'    1e-06
590    'tauGamma[12,1,2]'    1e-06
591    'tauGamma[12,1,3]'    1e-06
592    'tauGamma[12,2,1]'    1e-06
593    'tauGamma[12,2,2]'    1e-06
594    'tauGamma[12,2,3]'    1e-06
595    'tauGamma[12,3,1]'    1e-06
596    'tauGamma[12,3,2]'    1e-06
597    'tauGamma[12,3,3]'    1e-06
598    'tauGamma[13,1,1]'    1e-06
599    'tauGamma[13,1,2]'    1e-06
600    'tauGamma[13,1,3]'    1e-06
601    'tauGamma[13,2,1]'    1e-06
602    'tauGamma[13,2,2]'    1e-06
603    'tauGamma[13,2,3]'    1e-06
604    'tauGamma[13,3,1]'    1e-06
605    'tauGamma[13,3,2]'    1e-06
606    'tauGamma[13,3,3]'    1e-06
607    'tauGamma[14,1,1]'    1e-06
608    'tauGamma[14,1,2]'    1e-06
609    'tauGamma[14,1,3]'    1e-06
610    'tauGamma[14,2,1]'    1e-06
611    'tauGamma[14,2,2]'    1e-06
612    'tauGamma[14,2,3]'    1e-06
613    'tauGamma[14,3,1]'    1e-06
614    'tauGamma[14,3,2]'    1e-06
615    'tauGamma[14,3,3]'    1e-06
616    'tauGamma[15,1,1]'    1e-06
617    'tauGamma[15,1,2]'    1e-06
618    'tauGamma[15,1,3]'    1e-06
619    'tauGamma[15,2,1]'    1e-06
620    'tauGamma[15,2,2]'    1e-06
621    'tauGamma[15,2,3]'    1e-06
622    'tauGamma[15,3,1]'    1e-06
623    'tauGamma[15,3,2]'    1e-06
624    'tauGamma[15,3,3]'    1e-06
625    'tauGamma[16,1,1]'    1e-06
626    'tauGamma[16,1,2]'    1e-06
627    'tauGamma[16,1,3]'    1e-06
628    'tauGamma[16,2,1]'    1e-06
629    'tauGamma[16,2,2]'    1e-06
630    'tauGamma[16,2,3]'    1e-06
631    'tauGamma[16,3,1]'    1e-06
632    'tauGamma[16,3,2]'    1e-06
633    'tauGamma[16,3,3]'    1e-06
634    'tauGamma[17,1,1]'    1e-06
635    'tauGamma[17,1,2]'    1e-06
636    'tauGamma[17,1,3]'    1e-06
637    'tauGamma[17,2,1]'    1e-06
638    'tauGamma[17,2,2]'    1e-06
639    'tauGamma[17,2,3]'    1e-06
640    'tauGamma[17,3,1]'    1e-06
641    'tauGamma[17,3,2]'    1e-06
642    'tauGamma[17,3,3]'    1e-06
643    'tauGamma[18,1,1]'    1e-06
644    'tauGamma[18,1,2]'    1e-06
645    'tauGamma[18,1,3]'    1e-06
646    'tauGamma[18,2,1]'    1e-06
647    'tauGamma[18,2,2]'    1e-06
648    'tauGamma[18,2,3]'    1e-06
649    'tauGamma[18,3,1]'    1e-06
650    'tauGamma[18,3,2]'    1e-06
651    'tauGamma[18,3,3]'    1e-06
652    'tauGamma[19,1,1]'    1e-06
653    'tauGamma[19,1,2]'    1e-06
654    'tauGamma[19,1,3]'    1e-06
655    'tauGamma[19,2,1]'    1e-06
656    'tauGamma[19,2,2]'    1e-06
657    'tauGamma[19,2,3]'    1e-06
658    'tauGamma[19,3,1]'    1e-06
659    'tauGamma[19,3,2]'    1e-06
660    'tauGamma[19,3,3]'    1e-06
661    'tauGamma[20,1,1]'    1e-06
662    'tauGamma[20,1,2]'    1e-06
663    'tauGamma[20,1,3]'    1e-06
664    'tauGamma[20,2,1]'    1e-06
665    'tauGamma[20,2,2]'    1e-06
666    'tauGamma[20,2,3]'    1e-06
667    'tauGamma[20,3,1]'    1e-06
668    'tauGamma[20,3,2]'    1e-06
669    'tauGamma[20,3,3]'    1e-06
670    'tauGamma[21,1,1]'    1e-06
671    'tauGamma[21,1,2]'    1e-06
672    'tauGamma[21,1,3]'    1e-06
673    'tauGamma[21,2,1]'    1e-06
674    'tauGamma[21,2,2]'    1e-06
675    'tauGamma[21,2,3]'    1e-06
676    'tauGamma[21,3,1]'    1e-06
677    'tauGamma[21,3,2]'    1e-06
678    'tauGamma[21,3,3]'    1e-06
679    'tauGamma[22,1,1]'    1e-06
680    'tauGamma[22,1,2]'    1e-06
681    'tauGamma[22,1,3]'    1e-06
682    'tauGamma[22,2,1]'    1e-06
683    'tauGamma[22,2,2]'    1e-06
684    'tauGamma[22,2,3]'    1e-06
685    'tauGamma[22,3,1]'    1e-06
686    'tauGamma[22,3,2]'    1e-06
687    'tauGamma[22,3,3]'    1e-06
688    'tauGamma[23,1,1]'    1e-06
689    'tauGamma[23,1,2]'    1e-06
690    'tauGamma[23,1,3]'    1e-06
691    'tauGamma[23,2,1]'    1e-06
692    'tauGamma[23,2,2]'    1e-06
693    'tauGamma[23,2,3]'    1e-06
694    'tauGamma[23,3,1]'    1e-06
695    'tauGamma[23,3,2]'    1e-06
696    'tauGamma[23,3,3]'    1e-06
697    'tauGamma[24,1,1]'    1e-06
698    'tauGamma[24,1,2]'    1e-06
699    'tauGamma[24,1,3]'    1e-06
700    'tauGamma[24,2,1]'    1e-06
701    'tauGamma[24,2,2]'    1e-06
702    'tauGamma[24,2,3]'    1e-06
703    'tauGamma[24,3,1]'    1e-06
704    'tauGamma[24,3,2]'    1e-06
705    'tauGamma[24,3,3]'    1e-06
706    'tauGamma[25,1,1]'    1e-06
707    'tauGamma[25,1,2]'    1e-06
708    'tauGamma[25,1,3]'    1e-06
709    'tauGamma[25,2,1]'    1e-06
710    'tauGamma[25,2,2]'    1e-06
711    'tauGamma[25,2,3]'    1e-06
712    'tauGamma[25,3,1]'    1e-06
713    'tauGamma[25,3,2]'    1e-06
714    'tauGamma[25,3,3]'    1e-06
715    'tauGamma[26,1,1]'    1e-06
716    'tauGamma[26,1,2]'    1e-06
717    'tauGamma[26,1,3]'    1e-06
718    'tauGamma[26,2,1]'    1e-06
719    'tauGamma[26,2,2]'    1e-06
720    'tauGamma[26,2,3]'    1e-06
721    'tauGamma[26,3,1]'    1e-06
722    'tauGamma[26,3,2]'    1e-06
723    'tauGamma[26,3,3]'    1e-06
724    'tauGamma[27,1,1]'    1e-06
725    'tauGamma[27,1,2]'    1e-06
726    'tauGamma[27,1,3]'    1e-06
727    'tauGamma[27,2,1]'    1e-06
728    'tauGamma[27,2,2]'    1e-06
729    'tauGamma[27,2,3]'    1e-06
730    'tauGamma[27,3,1]'    1e-06
731    'tauGamma[27,3,2]'    1e-06
732    'tauGamma[27,3,3]'    1e-06
733    'tauGamma[28,1,1]'    1e-06
734    'tauGamma[28,1,2]'    1e-06
735    'tauGamma[28,1,3]'    1e-06
736    'tauGamma[28,2,1]'    1e-06
737    'tauGamma[28,2,2]'    1e-06
738    'tauGamma[28,2,3]'    1e-06
739    'tauGamma[28,3,1]'    1e-06
740    'tauGamma[28,3,2]'    1e-06
741    'tauGamma[28,3,3]'    1e-06
742    'tauGamma[29,1,1]'    1e-06
743    'tauGamma[29,1,2]'    1e-06
744    'tauGamma[29,1,3]'    1e-06
745    'tauGamma[29,2,1]'    1e-06
746    'tauGamma[29,2,2]'    1e-06
747    'tauGamma[29,2,3]'    1e-06
748    'tauGamma[29,3,1]'    1e-06
749    'tauGamma[29,3,2]'    1e-06
750    'tauGamma[29,3,3]'    1e-06
751    'tauGamma[30,1,1]'    1e-06
752    'tauGamma[30,1,2]'    1e-06
753    'tauGamma[30,1,3]'    1e-06
754    'tauGamma[30,2,1]'    1e-06
755    'tauGamma[30,2,2]'    1e-06
756    'tauGamma[30,2,3]'    1e-06
757    'tauGamma[30,3,1]'    1e-06
758    'tauGamma[30,3,2]'    1e-06
759    'tauGamma[30,3,3]'    1e-06
760    'PGamma[1,1,1]'           1
761    'PGamma[1,1,2]'           1
762    'PGamma[1,1,3]'           1
763    'PGamma[1,2,1]'           1
764    'PGamma[1,2,2]'           1
765    'PGamma[1,2,3]'           1
766    'PGamma[1,3,1]'           1
767    'PGamma[1,3,2]'           1
768    'PGamma[1,3,3]'           1
769    'PGamma[2,1,1]'           1
770    'PGamma[2,1,2]'           1
771    'PGamma[2,1,3]'           1
772    'PGamma[2,2,1]'           1
773    'PGamma[2,2,2]'           1
774    'PGamma[2,2,3]'           1
775    'PGamma[2,3,1]'           1
776    'PGamma[2,3,2]'           1
777    'PGamma[2,3,3]'           1
778    'PGamma[3,1,1]'           1
779    'PGamma[3,1,2]'           1
780    'PGamma[3,1,3]'           1
781    'PGamma[3,2,1]'           1
782    'PGamma[3,2,2]'           1
783    'PGamma[3,2,3]'           1
784    'PGamma[3,3,1]'           1
785    'PGamma[3,3,2]'           1
786    'PGamma[3,3,3]'           1
787    'PGamma[4,1,1]'           1
788    'PGamma[4,1,2]'           1
789    'PGamma[4,1,3]'           1
790    'PGamma[4,2,1]'           1
791    'PGamma[4,2,2]'           1
792    'PGamma[4,2,3]'           1
793    'PGamma[4,3,1]'           1
794    'PGamma[4,3,2]'           1
795    'PGamma[4,3,3]'           1
796    'PGamma[5,1,1]'           1
797    'PGamma[5,1,2]'           1
798    'PGamma[5,1,3]'           1
799    'PGamma[5,2,1]'           1
800    'PGamma[5,2,2]'           1
801    'PGamma[5,2,3]'           1
802    'PGamma[5,3,1]'           1
803    'PGamma[5,3,2]'           1
804    'PGamma[5,3,3]'           1
805    'PGamma[6,1,1]'           1
806    'PGamma[6,1,2]'           1
807    'PGamma[6,1,3]'           1
808    'PGamma[6,2,1]'           1
809    'PGamma[6,2,2]'           1
810    'PGamma[6,2,3]'           1
811    'PGamma[6,3,1]'           1
812    'PGamma[6,3,2]'           1
813    'PGamma[6,3,3]'           1
814    'PGamma[7,1,1]'           1
815    'PGamma[7,1,2]'           1
816    'PGamma[7,1,3]'           1
817    'PGamma[7,2,1]'           1
818    'PGamma[7,2,2]'           1
819    'PGamma[7,2,3]'           1
820    'PGamma[7,3,1]'           1
821    'PGamma[7,3,2]'           1
822    'PGamma[7,3,3]'           1
823    'PGamma[8,1,1]'           1
824    'PGamma[8,1,2]'           1
825    'PGamma[8,1,3]'           1
826    'PGamma[8,2,1]'           1
827    'PGamma[8,2,2]'           1
828    'PGamma[8,2,3]'           1
829    'PGamma[8,3,1]'           1
830    'PGamma[8,3,2]'           1
831    'PGamma[8,3,3]'           1
832    'PGamma[9,1,1]'           1
833    'PGamma[9,1,2]'           1
834    'PGamma[9,1,3]'           1
835    'PGamma[9,2,1]'           1
836    'PGamma[9,2,2]'           1
837    'PGamma[9,2,3]'           1
838    'PGamma[9,3,1]'           1
839    'PGamma[9,3,2]'           1
840    'PGamma[9,3,3]'           1
841    'PGamma[10,1,1]'          1
842    'PGamma[10,1,2]'          1
843    'PGamma[10,1,3]'          1
844    'PGamma[10,2,1]'          1
845    'PGamma[10,2,2]'          1
846    'PGamma[10,2,3]'          1
847    'PGamma[10,3,1]'          1
848    'PGamma[10,3,2]'          1
849    'PGamma[10,3,3]'          1
850    'PGamma[11,1,1]'          1
851    'PGamma[11,1,2]'          1
852    'PGamma[11,1,3]'          1
853    'PGamma[11,2,1]'          1
854    'PGamma[11,2,2]'          1
855    'PGamma[11,2,3]'          1
856    'PGamma[11,3,1]'          1
857    'PGamma[11,3,2]'          1
858    'PGamma[11,3,3]'          1
859    'PGamma[12,1,1]'          1
860    'PGamma[12,1,2]'          1
861    'PGamma[12,1,3]'          1
862    'PGamma[12,2,1]'          1
863    'PGamma[12,2,2]'          1
864    'PGamma[12,2,3]'          1
865    'PGamma[12,3,1]'          1
866    'PGamma[12,3,2]'          1
867    'PGamma[12,3,3]'          1
868    'PGamma[13,1,1]'          1
869    'PGamma[13,1,2]'          1
870    'PGamma[13,1,3]'          1
871    'PGamma[13,2,1]'          1
872    'PGamma[13,2,2]'          1
873    'PGamma[13,2,3]'          1
874    'PGamma[13,3,1]'          1
875    'PGamma[13,3,2]'          1
876    'PGamma[13,3,3]'          1
877    'PGamma[14,1,1]'          1
878    'PGamma[14,1,2]'          1
879    'PGamma[14,1,3]'          1
880    'PGamma[14,2,1]'          1
881    'PGamma[14,2,2]'          1
882    'PGamma[14,2,3]'          1
883    'PGamma[14,3,1]'          1
884    'PGamma[14,3,2]'          1
885    'PGamma[14,3,3]'          1
886    'PGamma[15,1,1]'          1
887    'PGamma[15,1,2]'          1
888    'PGamma[15,1,3]'          1
889    'PGamma[15,2,1]'          1
890    'PGamma[15,2,2]'          1
891    'PGamma[15,2,3]'          1
892    'PGamma[15,3,1]'          1
893    'PGamma[15,3,2]'          1
894    'PGamma[15,3,3]'          1
895    'PGamma[16,1,1]'          1
896    'PGamma[16,1,2]'          1
897    'PGamma[16,1,3]'          1
898    'PGamma[16,2,1]'          1
899    'PGamma[16,2,2]'          1
900    'PGamma[16,2,3]'          1
901    'PGamma[16,3,1]'          1
902    'PGamma[16,3,2]'          1
903    'PGamma[16,3,3]'          1
904    'PGamma[17,1,1]'          1
905    'PGamma[17,1,2]'          1
906    'PGamma[17,1,3]'          1
907    'PGamma[17,2,1]'          1
908    'PGamma[17,2,2]'          1
909    'PGamma[17,2,3]'          1
910    'PGamma[17,3,1]'          1
911    'PGamma[17,3,2]'          1
912    'PGamma[17,3,3]'          1
913    'PGamma[18,1,1]'          1
914    'PGamma[18,1,2]'          1
915    'PGamma[18,1,3]'          1
916    'PGamma[18,2,1]'          1
917    'PGamma[18,2,2]'          1
918    'PGamma[18,2,3]'          1
919    'PGamma[18,3,1]'          1
920    'PGamma[18,3,2]'          1
921    'PGamma[18,3,3]'          1
922    'PGamma[19,1,1]'          1
923    'PGamma[19,1,2]'          1
924    'PGamma[19,1,3]'          1
925    'PGamma[19,2,1]'          1
926    'PGamma[19,2,2]'          1
927    'PGamma[19,2,3]'          1
928    'PGamma[19,3,1]'          1
929    'PGamma[19,3,2]'          1
930    'PGamma[19,3,3]'          1
931    'PGamma[20,1,1]'          1
932    'PGamma[20,1,2]'          1
933    'PGamma[20,1,3]'          1
934    'PGamma[20,2,1]'          1
935    'PGamma[20,2,2]'          1
936    'PGamma[20,2,3]'          1
937    'PGamma[20,3,1]'          1
938    'PGamma[20,3,2]'          1
939    'PGamma[20,3,3]'          1
940    'PGamma[21,1,1]'          1
941    'PGamma[21,1,2]'          1
942    'PGamma[21,1,3]'          1
943    'PGamma[21,2,1]'          1
944    'PGamma[21,2,2]'          1
945    'PGamma[21,2,3]'          1
946    'PGamma[21,3,1]'          1
947    'PGamma[21,3,2]'          1
948    'PGamma[21,3,3]'          1
949    'PGamma[22,1,1]'          1
950    'PGamma[22,1,2]'          1
951    'PGamma[22,1,3]'          1
952    'PGamma[22,2,1]'          1
953    'PGamma[22,2,2]'          1
954    'PGamma[22,2,3]'          1
955    'PGamma[22,3,1]'          1
956    'PGamma[22,3,2]'          1
957    'PGamma[22,3,3]'          1
958    'PGamma[23,1,1]'          1
959    'PGamma[23,1,2]'          1
960    'PGamma[23,1,3]'          1
961    'PGamma[23,2,1]'          1
962    'PGamma[23,2,2]'          1
963    'PGamma[23,2,3]'          1
964    'PGamma[23,3,1]'          1
965    'PGamma[23,3,2]'          1
966    'PGamma[23,3,3]'          1
967    'PGamma[24,1,1]'          1
968    'PGamma[24,1,2]'          1
969    'PGamma[24,1,3]'          1
970    'PGamma[24,2,1]'          1
971    'PGamma[24,2,2]'          1
972    'PGamma[24,2,3]'          1
973    'PGamma[24,3,1]'          1
974    'PGamma[24,3,2]'          1
975    'PGamma[24,3,3]'          1
976    'PGamma[25,1,1]'          1
977    'PGamma[25,1,2]'          1
978    'PGamma[25,1,3]'          1
979    'PGamma[25,2,1]'          1
980    'PGamma[25,2,2]'          1
981    'PGamma[25,2,3]'          1
982    'PGamma[25,3,1]'          1
983    'PGamma[25,3,2]'          1
984    'PGamma[25,3,3]'          1
985    'PGamma[26,1,1]'          1
986    'PGamma[26,1,2]'          1
987    'PGamma[26,1,3]'          1
988    'PGamma[26,2,1]'          1
989    'PGamma[26,2,2]'          1
990    'PGamma[26,2,3]'          1
991    'PGamma[26,3,1]'          1
992    'PGamma[26,3,2]'          1
993    'PGamma[26,3,3]'          1
994    'PGamma[27,1,1]'          1
995    'PGamma[27,1,2]'          1
996    'PGamma[27,1,3]'          1
997    'PGamma[27,2,1]'          1
998    'PGamma[27,2,2]'          1
999    'PGamma[27,2,3]'          1
1000   'PGamma[27,3,1]'          1
1001   'PGamma[27,3,2]'          1
1002   'PGamma[27,3,3]'          1
1003   'PGamma[28,1,1]'          1
1004   'PGamma[28,1,2]'          1
1005   'PGamma[28,1,3]'          1
1006   'PGamma[28,2,1]'          1
1007   'PGamma[28,2,2]'          1
1008   'PGamma[28,2,3]'          1
1009   'PGamma[28,3,1]'          1
1010   'PGamma[28,3,2]'          1
1011   'PGamma[28,3,3]'          1
1012   'PGamma[29,1,1]'          1
1013   'PGamma[29,1,2]'          1
1014   'PGamma[29,1,3]'          1
1015   'PGamma[29,2,1]'          1
1016   'PGamma[29,2,2]'          1
1017   'PGamma[29,2,3]'          1
1018   'PGamma[29,3,1]'          1
1019   'PGamma[29,3,2]'          1
1020   'PGamma[29,3,3]'          1
1021   'PGamma[30,1,1]'          1
1022   'PGamma[30,1,2]'          1
1023   'PGamma[30,1,3]'          1
1024   'PGamma[30,2,1]'          1
1025   'PGamma[30,2,2]'          1
1026   'PGamma[30,2,3]'          1
1027   'PGamma[30,3,1]'          1
1028   'PGamma[30,3,2]'          1
1029   'PGamma[30,3,3]'          1
1030   'SGamma1[1,1]'            1.0618e-06
1031   'SGamma1[1,2]'            1.0618e-06
1032   'SGamma1[1,3]'            1.0618e-06
1033   'SGamma1[2,1]'            1.05907e-06
1034   'SGamma1[2,2]'            1.05907e-06
1035   'SGamma1[2,3]'            1.05907e-06
1036   'SGamma1[3,1]'            1.0384e-06
1037   'SGamma1[3,2]'            1.0384e-06
1038   'SGamma1[3,3]'            1.0384e-06
1039   'SGamma1[4,1]'            1.02517e-06
1040   'SGamma1[4,2]'            1.02517e-06
1041   'SGamma1[4,3]'            1.02517e-06
1042   'SGamma1[5,1]'            1.01696e-06
1043   'SGamma1[5,2]'            1.01696e-06
1044   'SGamma1[5,3]'            1.01696e-06
1045   'SGamma1[6,1]'            1.01104e-06
1046   'SGamma1[6,2]'            1.01104e-06
1047   'SGamma1[6,3]'            1.01104e-06
1048   'SGamma1[7,1]'            1.00615e-06
1049   'SGamma1[7,2]'            1.00615e-06
1050   'SGamma1[7,3]'            1.00615e-06
1051   'SGamma1[8,1]'            1.00166e-06
1052   'SGamma1[8,2]'            1.00166e-06
1053   'SGamma1[8,3]'            1.00166e-06
1054   'SGamma1[9,1]'            9.97048e-07
1055   'SGamma1[9,2]'            9.97048e-07
1056   'SGamma1[9,3]'            9.97048e-07
1057   'SGamma1[10,1]'           9.91816e-07
1058   'SGamma1[10,2]'           9.91816e-07
1059   'SGamma1[10,3]'           9.91816e-07
1060   'SGamma1[11,1]'           9.86105e-07
1061   'SGamma1[11,2]'           9.86105e-07
1062   'SGamma1[11,3]'           9.86105e-07
1063   'SGamma1[12,1]'           9.7953e-07
1064   'SGamma1[12,2]'           9.7953e-07
1065   'SGamma1[12,3]'           9.7953e-07
1066   'SGamma1[13,1]'           9.74702e-07
1067   'SGamma1[13,2]'           9.74702e-07
1068   'SGamma1[13,3]'           9.74702e-07
1069   'SGamma1[14,1]'           9.81349e-07
1070   'SGamma1[14,2]'           9.81349e-07
1071   'SGamma1[14,3]'           9.81349e-07
1072   'SGamma1[15,1]'           9.90228e-07
1073   'SGamma1[15,2]'           9.90228e-07
1074   'SGamma1[15,3]'           9.90228e-07
1075   'SGamma1[16,1]'           1.52296e-06
1076   'SGamma1[16,2]'           1.52296e-06
1077   'SGamma1[16,3]'           1.52296e-06
1078   'SGamma1[17,1]'           1.34316e-06
1079   'SGamma1[17,2]'           1.34316e-06
1080   'SGamma1[17,3]'           1.34316e-06
1081   'SGamma1[18,1]'           1.20114e-06
1082   'SGamma1[18,2]'           1.20114e-06
1083   'SGamma1[18,3]'           1.20114e-06
1084   'SGamma1[19,1]'           1.13339e-06
1085   'SGamma1[19,2]'           1.13339e-06
1086   'SGamma1[19,3]'           1.13339e-06
1087   'SGamma1[20,1]'           1.10581e-06
1088   'SGamma1[20,2]'           1.10581e-06
1089   'SGamma1[20,3]'           1.10581e-06
1090   'SGamma1[21,1]'           1.0979e-06
1091   'SGamma1[21,2]'           1.0979e-06
1092   'SGamma1[21,3]'           1.0979e-06
1093   'SGamma1[22,1]'           1.09187e-06
1094   'SGamma1[22,2]'           1.09187e-06
1095   'SGamma1[22,3]'           1.09187e-06
1096   'SGamma1[23,1]'           1.08635e-06
1097   'SGamma1[23,2]'           1.08635e-06
1098   'SGamma1[23,3]'           1.08635e-06
1099   'SGamma1[24,1]'           1.0804e-06
1100   'SGamma1[24,2]'           1.0804e-06
1101   'SGamma1[24,3]'           1.0804e-06
1102   'SGamma1[25,1]'           1.07321e-06
1103   'SGamma1[25,2]'           1.07321e-06
1104   'SGamma1[25,3]'           1.07321e-06
1105   'SGamma1[26,1]'           1.06384e-06
1106   'SGamma1[26,2]'           1.06384e-06
1107   'SGamma1[26,3]'           1.06384e-06
1108   'SGamma1[27,1]'           1.05307e-06
1109   'SGamma1[27,2]'           1.05307e-06
1110   'SGamma1[27,3]'           1.05307e-06
1111   'SGamma1[28,1]'           1.03102e-06
1112   'SGamma1[28,2]'           1.03102e-06
1113   'SGamma1[28,3]'           1.03102e-06
1114   'SGamma1[29,1]'           9.84332e-07
1115   'SGamma1[29,2]'           9.84332e-07
1116   'SGamma1[29,3]'           9.84332e-07
1117   'SGamma1[30,1]'           9.86102e-07
1118   'SGamma1[30,2]'           9.86102e-07
1119   'SGamma1[30,3]'           9.86102e-07
1120   'SGamma2[1,1]'            1.0618
1121   'SGamma2[1,2]'            1.0618
1122   'SGamma2[1,3]'            1.0618
1123   'SGamma2[2,1]'            1.05907
1124   'SGamma2[2,2]'            1.05907
1125   'SGamma2[2,3]'            1.05907
1126   'SGamma2[3,1]'            1.0384
1127   'SGamma2[3,2]'            1.0384
1128   'SGamma2[3,3]'            1.0384
1129   'SGamma2[4,1]'            1.02517
1130   'SGamma2[4,2]'            1.02517
1131   'SGamma2[4,3]'            1.02517
1132   'SGamma2[5,1]'            1.01696
1133   'SGamma2[5,2]'            1.01696
1134   'SGamma2[5,3]'            1.01696
1135   'SGamma2[6,1]'            1.01104
1136   'SGamma2[6,2]'            1.01104
1137   'SGamma2[6,3]'            1.01104
1138   'SGamma2[7,1]'            1.00615
1139   'SGamma2[7,2]'            1.00615
1140   'SGamma2[7,3]'            1.00615
1141   'SGamma2[8,1]'            1.00166
1142   'SGamma2[8,2]'            1.00166
1143   'SGamma2[8,3]'            1.00166
1144   'SGamma2[9,1]'            0.997048
1145   'SGamma2[9,2]'            0.997048
1146   'SGamma2[9,3]'            0.997048
1147   'SGamma2[10,1]'           0.991816
1148   'SGamma2[10,2]'           0.991816
1149   'SGamma2[10,3]'           0.991816
1150   'SGamma2[11,1]'           0.986105
1151   'SGamma2[11,2]'           0.986105
1152   'SGamma2[11,3]'           0.986105
1153   'SGamma2[12,1]'           0.97953
1154   'SGamma2[12,2]'           0.97953
1155   'SGamma2[12,3]'           0.97953
1156   'SGamma2[13,1]'           0.974702
1157   'SGamma2[13,2]'           0.974702
1158   'SGamma2[13,3]'           0.974702
1159   'SGamma2[14,1]'           0.981349
1160   'SGamma2[14,2]'           0.981349
1161   'SGamma2[14,3]'           0.981349
1162   'SGamma2[15,1]'           0.990228
1163   'SGamma2[15,2]'           0.990228
1164   'SGamma2[15,3]'           0.990228
1165   'SGamma2[16,1]'           1.52296
1166   'SGamma2[16,2]'           1.52296
1167   'SGamma2[16,3]'           1.52296
1168   'SGamma2[17,1]'           1.34316
1169   'SGamma2[17,2]'           1.34316
1170   'SGamma2[17,3]'           1.34316
1171   'SGamma2[18,1]'           1.20114
1172   'SGamma2[18,2]'           1.20114
1173   'SGamma2[18,3]'           1.20114
1174   'SGamma2[19,1]'           1.13339
1175   'SGamma2[19,2]'           1.13339
1176   'SGamma2[19,3]'           1.13339
1177   'SGamma2[20,1]'           1.10581
1178   'SGamma2[20,2]'           1.10581
1179   'SGamma2[20,3]'           1.10581
1180   'SGamma2[21,1]'           1.0979
1181   'SGamma2[21,2]'           1.0979
1182   'SGamma2[21,3]'           1.0979
1183   'SGamma2[22,1]'           1.09187
1184   'SGamma2[22,2]'           1.09187
1185   'SGamma2[22,3]'           1.09187
1186   'SGamma2[23,1]'           1.08635
1187   'SGamma2[23,2]'           1.08635
1188   'SGamma2[23,3]'           1.08635
1189   'SGamma2[24,1]'           1.0804
1190   'SGamma2[24,2]'           1.0804
1191   'SGamma2[24,3]'           1.0804
1192   'SGamma2[25,1]'           1.07321
1193   'SGamma2[25,2]'           1.07321
1194   'SGamma2[25,3]'           1.07321
1195   'SGamma2[26,1]'           1.06384
1196   'SGamma2[26,2]'           1.06384
1197   'SGamma2[26,3]'           1.06384
1198   'SGamma2[27,1]'           1.05307
1199   'SGamma2[27,2]'           1.05307
1200   'SGamma2[27,3]'           1.05307
1201   'SGamma2[28,1]'           1.03102
1202   'SGamma2[28,2]'           1.03102
1203   'SGamma2[28,3]'           1.03102
1204   'SGamma2[29,1]'           0.984332
1205   'SGamma2[29,2]'           0.984332
1206   'SGamma2[29,3]'           0.984332
1207   'SGamma2[30,1]'           0.986102
1208   'SGamma2[30,2]'           0.986102
1209   'SGamma2[30,3]'           0.986102
1210   'gamma[1,1]'              1
1211   'gamma[1,2]'              1
1212   'gamma[1,3]'              1
1213   'gamma[2,1]'              1
1214   'gamma[2,2]'              1
1215   'gamma[2,3]'              1
1216   'gamma[3,1]'              1
1217   'gamma[3,2]'              1
1218   'gamma[3,3]'              1
1219   'gamma[4,1]'              1
1220   'gamma[4,2]'              1
1221   'gamma[4,3]'              1
1222   'gamma[5,1]'              1
1223   'gamma[5,2]'              1
1224   'gamma[5,3]'              1
1225   'gamma[6,1]'              1
1226   'gamma[6,2]'              1
1227   'gamma[6,3]'              1
1228   'gamma[7,1]'              1
1229   'gamma[7,2]'              1
1230   'gamma[7,3]'              1
1231   'gamma[8,1]'              1
1232   'gamma[8,2]'              1
1233   'gamma[8,3]'              1
1234   'gamma[9,1]'              1
1235   'gamma[9,2]'              1
1236   'gamma[9,3]'              1
1237   'gamma[10,1]'             1
1238   'gamma[10,2]'             1
1239   'gamma[10,3]'             1
1240   'gamma[11,1]'             1
1241   'gamma[11,2]'             1
1242   'gamma[11,3]'             1
1243   'gamma[12,1]'             1
1244   'gamma[12,2]'             1
1245   'gamma[12,3]'             1
1246   'gamma[13,1]'             1
1247   'gamma[13,2]'             1
1248   'gamma[13,3]'             1
1249   'gamma[14,1]'             1
1250   'gamma[14,2]'             1
1251   'gamma[14,3]'             1
1252   'gamma[15,1]'             1
1253   'gamma[15,2]'             1
1254   'gamma[15,3]'             1
1255   'gamma[16,1]'             1
1256   'gamma[16,2]'             1
1257   'gamma[16,3]'             1
1258   'gamma[17,1]'             1
1259   'gamma[17,2]'             1
1260   'gamma[17,3]'             1
1261   'gamma[18,1]'             1
1262   'gamma[18,2]'             1
1263   'gamma[18,3]'             1
1264   'gamma[19,1]'             1
1265   'gamma[19,2]'             1
1266   'gamma[19,3]'             1
1267   'gamma[20,1]'             1
1268   'gamma[20,2]'             1
1269   'gamma[20,3]'             1
1270   'gamma[21,1]'             1
1271   'gamma[21,2]'             1
1272   'gamma[21,3]'             1
1273   'gamma[22,1]'             1
1274   'gamma[22,2]'             1
1275   'gamma[22,3]'             1
1276   'gamma[23,1]'             1
1277   'gamma[23,2]'             1
1278   'gamma[23,3]'             1
1279   'gamma[24,1]'             1
1280   'gamma[24,2]'             1
1281   'gamma[24,3]'             1
1282   'gamma[25,1]'             1
1283   'gamma[25,2]'             1
1284   'gamma[25,3]'             1
1285   'gamma[26,1]'             1
1286   'gamma[26,2]'             1
1287   'gamma[26,3]'             1
1288   'gamma[27,1]'             1
1289   'gamma[27,2]'             1
1290   'gamma[27,3]'             1
1291   'gamma[28,1]'             1
1292   'gamma[28,2]'             1
1293   'gamma[28,3]'             1
1294   'gamma[29,1]'             1
1295   'gamma[29,2]'             1
1296   'gamma[29,3]'             1
1297   'gamma[30,1]'             1
1298   'gamma[30,2]'             1
1299   'gamma[30,3]'             1
1300   'PrS[1,1]'           383755
1301   'PrS[1,2]'           215198
1302   'PrS[1,3]'           122048
1303   'PrS[2,1]'           396983
1304   'PrS[2,2]'           223368
1305   'PrS[2,3]'           127089
1306   'PrS[3,1]'           404595
1307   'PrS[3,2]'           228080
1308   'PrS[3,3]'           130004
1309   'PrS[4,1]'           404147
1310   'PrS[4,2]'           227803
1311   'PrS[4,3]'           129832
1312   'PrS[5,1]'           399599
1313   'PrS[5,2]'           224986
1314   'PrS[5,3]'           128090
1315   'PrS[6,1]'           393625
1316   'PrS[6,2]'           221291
1317   'PrS[6,3]'           125807
1318   'PrS[7,1]'           387502
1319   'PrS[7,2]'           217510
1320   'PrS[7,3]'           123473
1321   'PrS[8,1]'           381716
1322   'PrS[8,2]'           213941
1323   'PrS[8,3]'           121273
1324   'PrS[9,1]'           376232
1325   'PrS[9,2]'           210562
1326   'PrS[9,3]'           119194
1327   'PrS[10,1]'          370714
1328   'PrS[10,2]'          207168
1329   'PrS[10,3]'          117107
1330   'PrS[11,1]'          364646
1331   'PrS[11,2]'          203440
1332   'PrS[11,3]'          114819
1333   'PrS[12,1]'          357141
1334   'PrS[12,2]'          198837
1335   'PrS[12,3]'          111997
1336   'PrS[13,1]'          347508
1337   'PrS[13,2]'          192942
1338   'PrS[13,3]'          108391
1339   'PrS[14,1]'          336980
1340   'PrS[14,2]'          186516
1341   'PrS[14,3]'          104471
1342   'PrS[15,1]'          323473
1343   'PrS[15,2]'          178299
1344   'PrS[15,3]'           99472.9
1345   'PrS[16,1]'          257104
1346   'PrS[16,2]'          138413
1347   'PrS[16,3]'           75494.2
1348   'PrS[17,1]'          282748
1349   'PrS[17,2]'          153721
1350   'PrS[17,3]'           84638.1
1351   'PrS[18,1]'          303160
1352   'PrS[18,2]'          166001
1353   'PrS[18,3]'           92028
1354   'PrS[19,1]'          313583
1355   'PrS[19,2]'          172302
1356   'PrS[19,3]'           95837.3
1357   'PrS[20,1]'          317894
1358   'PrS[20,2]'          174914
1359   'PrS[20,3]'           97419.5
1360   'PrS[21,1]'          319123
1361   'PrS[21,2]'          175659
1362   'PrS[21,3]'           97871.2
1363   'PrS[22,1]'          320057
1364   'PrS[22,2]'          176226
1365   'PrS[22,3]'           98214.9
1366   'PrS[23,1]'          320923
1367   'PrS[23,2]'          176751
1368   'PrS[23,3]'           98533.5
1369   'PrS[24,1]'          321881
1370   'PrS[24,2]'          177332
1371   'PrS[24,3]'           98886.1
1372   'PrS[25,1]'          323095
1373   'PrS[25,2]'          178069
1374   'PrS[25,3]'           99333.7
1375   'PrS[26,1]'          324734
1376   'PrS[26,2]'          179065
1377   'PrS[26,3]'           99938
1378   'PrS[27,1]'          326807
1379   'PrS[27,2]'          180324
1380   'PrS[27,3]'          100703
1381   'PrS[28,1]'          331487
1382   'PrS[28,2]'          183170
1383   'PrS[28,3]'          102434
1384   'PrS[29,1]'          340997
1385   'PrS[29,2]'          188965
1386   'PrS[29,3]'          105964
1387   'PrS[30,1]'          362066
1388   'PrS[30,2]'          201857
1389   'PrS[30,3]'          113848
1390   'PrSF[1]'            330273
1391   'PrSF[2]'            182432
1392   'PrSF[3]'            101984
1393   Vap                     161.642
;

