solve_message =
'Knitro 10.3.0: Current infeasible solution estimate cannot be improved.\
objective 1482195.7794287694; feasibility error 0.987\
127 iterations; 252 function evaluations'

:      _varname           _var           :=
1     'F[2]'              0
2     'F[3]'              0
3     'F[4]'              0
4     'F[5]'              0
5     'F[6]'              0
6     'F[7]'              0
7     'F[8]'            100
8     'F[9]'              0
9     'F[10]'             0
10    'F[11]'             0
11    'F[12]'             0
12    'F[13]'             0
13    'F[14]'             0
14    'Vs[1]'       1348890
15    'Vs[2]'        133304
16    'y[1,1,1]'          0.00131415
17    'y[1,1,2]'          0.752617
18    'y[1,1,3]'          0.246069
19    'y[1,2,1]'          0.0039565
20    'y[1,2,2]'          0.871855
21    'y[1,2,3]'          0.124188
22    'y[1,3,1]'          0.0109829
23    'y[1,3,2]'          0.931223
24    'y[1,3,3]'          0.0577943
25    'y[1,4,1]'          0.0289798
26    'y[1,4,2]'          0.945449
27    'y[1,4,3]'          0.0255714
28    'y[1,5,1]'          0.0729872
29    'y[1,5,2]'          0.916208
30    'y[1,5,3]'          0.0108045
31    'y[1,6,1]'          0.170796
32    'y[1,6,2]'          0.824957
33    'y[1,6,3]'          0.00424672
34    'y[1,7,1]'          0.349323
35    'y[1,7,2]'          0.649214
36    'y[1,7,3]'          0.0014635
37    'y[1,8,1]'          0.582811
38    'y[1,8,2]'          0.416774
39    'y[1,8,3]'          0.000415497
40    'y[1,9,1]'          0.784143
41    'y[1,9,2]'          0.215763
42    'y[1,9,3]'          9.37079e-05
43    'y[1,10,1]'         0.904247
44    'y[1,10,2]'         0.0957353
45    'y[1,10,3]'         1.81135e-05
46    'y[1,11,1]'         0.960855
47    'y[1,11,2]'         0.0391422
48    'y[1,11,3]'         3.22632e-06
49    'y[1,12,1]'         0.984567
50    'y[1,12,2]'         0.0154325
51    'y[1,12,3]'         5.54152e-07
52    'y[1,13,1]'         0.994005
53    'y[1,13,2]'         0.00599487
54    'y[1,13,3]'         9.37789e-08
55    'y[1,14,1]'         0.997685
56    'y[1,14,2]'         0.00231518
57    'y[1,14,3]'         1.5776e-08
58    'y[1,15,1]'         0.999108
59    'y[1,15,2]'         0.000892075
60    'y[1,15,3]'         2.64772e-09
61    'y[2,1,1]'          7.86724e-09
62    'y[2,1,2]'          0.69372
63    'y[2,1,3]'          0.30628
64    'y[2,2,1]'          2.46527e-08
65    'y[2,2,2]'          0.838632
66    'y[2,2,3]'          0.161368
67    'y[2,3,1]'          7.04182e-08
68    'y[2,3,2]'          0.922577
69    'y[2,3,3]'          0.0774229
70    'y[2,4,1]'          1.91296e-07
71    'y[2,4,2]'          0.964639
72    'y[2,4,3]'          0.0353606
73    'y[2,5,1]'          5.07132e-07
74    'y[2,5,2]'          0.984186
75    'y[2,5,3]'          0.0158132
76    'y[2,6,1]'          8.0166e-07
77    'y[2,6,2]'          0.993048
78    'y[2,6,3]'          0.00695147
79    'y[2,7,1]'          1.56619e-06
80    'y[2,7,2]'          0.996958
81    'y[2,7,3]'          0.00304053
82    'y[2,8,1]'          3.55332e-06
83    'y[2,8,2]'          0.998669
84    'y[2,8,3]'          0.00132696
85    'y[2,9,1]'          8.71869e-06
86    'y[2,9,2]'          0.999413
87    'y[2,9,3]'          0.000578559
88    'y[2,10,1]'         2.2145e-05
89    'y[2,10,2]'         0.999726
90    'y[2,10,3]'         0.000252144
91    'y[2,11,1]'         5.70421e-05
92    'y[2,11,2]'         0.999833
93    'y[2,11,3]'         0.000109865
94    'y[2,12,1]'         0.000147737
95    'y[2,12,2]'         0.999804
96    'y[2,12,3]'         4.78643e-05
97    'y[2,13,1]'         0.000383396
98    'y[2,13,2]'         0.999596
99    'y[2,13,3]'         2.08489e-05
100   'y[2,14,1]'         0.000995405
101   'y[2,14,2]'         0.998996
102   'y[2,14,3]'         9.07781e-06
103   'y[2,15,1]'         0.00258265
104   'y[2,15,2]'         0.997413
105   'y[2,15,3]'         3.9486e-06
106   'Ls[1]'       1348960
107   'Ls[2]'        133364
108   'x[1,1,1]'          0.000383648
109   'x[1,1,2]'          0.571045
110   'x[1,1,3]'          0.428571
111   'x[1,2,1]'          0.0013141
112   'x[1,2,2]'          0.752607
113   'x[1,2,3]'          0.246079
114   'x[1,3,1]'          0.00395632
115   'x[1,3,2]'          0.871839
116   'x[1,3,3]'          0.124204
117   'x[1,4,1]'          0.0109823
118   'x[1,4,2]'          0.931204
119   'x[1,4,3]'          0.0578135
120   'x[1,5,1]'          0.0289783
121   'x[1,5,2]'          0.945429
122   'x[1,5,3]'          0.0255923
123   'x[1,6,1]'          0.0729834
124   'x[1,6,2]'          0.91619
125   'x[1,6,3]'          0.0108262
126   'x[1,7,1]'          0.170787
127   'x[1,7,2]'          0.824944
128   'x[1,7,3]'          0.00426873
129   'x[1,8,1]'          0.349305
130   'x[1,8,2]'          0.64921
131   'x[1,8,3]'          0.00148567
132   'x[1,9,1]'          0.582802
133   'x[1,9,2]'          0.416783
134   'x[1,9,3]'          0.000415507
135   'x[1,10,1]'         0.784139
136   'x[1,10,2]'         0.215768
137   'x[1,10,3]'         9.37099e-05
138   'x[1,11,1]'         0.904244
139   'x[1,11,2]'         0.0957375
140   'x[1,11,3]'         1.81139e-05
141   'x[1,12,1]'         0.960854
142   'x[1,12,2]'         0.0391431
143   'x[1,12,3]'         3.2264e-06
144   'x[1,13,1]'         0.984567
145   'x[1,13,2]'         0.0154328
146   'x[1,13,3]'         5.54164e-07
147   'x[1,14,1]'         0.994005
148   'x[1,14,2]'         0.00599498
149   'x[1,14,3]'         9.37809e-08
150   'x[1,15,1]'         0.997685
151   'x[1,15,2]'         0.00231521
152   'x[1,15,3]'         1.57763e-08
153   'x[2,1,1]'          4.31408e-09
154   'x[2,1,2]'          0.986728
155   'x[2,1,3]'          1
156   'x[2,2,1]'          7.86469e-09
157   'x[2,2,2]'          0.693632
158   'x[2,2,3]'          0.306368
159   'x[2,3,1]'          2.46426e-08
160   'x[2,3,2]'          0.838479
161   'x[2,3,3]'          0.161521
162   'x[2,4,1]'          7.03877e-08
163   'x[2,4,2]'          0.922387
164   'x[2,4,3]'          0.0776133
165   'x[2,5,1]'          1.91212e-07
166   'x[2,5,2]'          0.96443
167   'x[2,5,3]'          0.0355697
168   'x[2,6,1]'          3.05697e-07
169   'x[2,6,2]'          0.984185
170   'x[2,6,3]'          0.0158144
171   'x[2,7,1]'          6.00248e-07
172   'x[2,7,2]'          0.993047
173   'x[2,7,3]'          0.00695202
174   'x[2,8,1]'          1.36484e-06
175   'x[2,8,2]'          0.996958
176   'x[2,8,3]'          0.00304077
177   'x[2,9,1]'          3.35212e-06
178   'x[2,9,2]'          0.99867
179   'x[2,9,3]'          0.00132707
180   'x[2,10,1]'         8.51789e-06
181   'x[2,10,2]'         0.999413
182   'x[2,10,3]'         0.000578604
183   'x[2,11,1]'         2.19453e-05
184   'x[2,11,2]'         0.999726
185   'x[2,11,3]'         0.000252163
186   'x[2,12,1]'         5.68451e-05
187   'x[2,12,2]'         0.999833
188   'x[2,12,3]'         0.000109873
189   'x[2,13,1]'         0.000147547
190   'x[2,13,2]'         0.999805
191   'x[2,13,3]'         4.78677e-05
192   'x[2,14,1]'         0.000383224
193   'x[2,14,2]'         0.999596
194   'x[2,14,3]'         2.08502e-05
195   'x[2,15,1]'         0.000995281
196   'x[2,15,2]'         0.998996
197   'x[2,15,3]'         9.07821e-06
198   'CC[2]'             0
199   'CC[3]'             0
200   'CC[4]'             0
201   'CC[5]'             0
202   'CC[6]'             0
203   'CC[7]'             0
204   'CC[8]'             0
205   'CC[9]'             0
206   'CC[10]'            0
207   'CC[11]'            1.62535e-11
208   'CC[12]'            0
209   'CC[13]'            0
210   'CC[14]'            0
211   'CR[2]'             0
212   'CR[3]'             0
213   'CR[4]'             0
214   'CR[5]'            70.0001
215   'CR[6]'             0
216   'CR[7]'             0
217   'CR[8]'             0
218   'CR[9]'             0
219   'CR[10]'            0
220   'CR[11]'            0
221   'CR[12]'            0
222   'CR[13]'            0
223   'CR[14]'            0
224   'PC[1]'            29.9999
225   'PC[2]'            10.3983
226   'PR[1]'             7.8771e-11
227   'PR[2]'            30
228   'PS[2]'             0
229   'PS[3]'             0
230   'PS[4]'             0
231   'PS[5]'             0
232   'PS[6]'             0
233   'PS[7]'             0
234   'PS[8]'             6.39969e-09
235   'PS[9]'             0
236   'PS[10]'            0
237   'PS[11]'            0
238   'PS[12]'            0
239   'PS[13]'            0
240   'PS[14]'            0
241   Vap           1482200
242   Sep                99.5
;

