solve_message =
'Knitro 10.3.0: Current infeasible solution estimate cannot be improved.\
objective 1.0622680856069597e-05; feasibility error 6.06\
39 iterations; 67 function evaluations'

:      _varname         _var         :=
1     'F[2]'          0
2     'F[3]'          0
3     'F[4]'          0
4     'F[5]'          0
5     'F[6]'          0
6     'F[7]'          0
7     'F[8]'        100
8     'F[9]'          0
9     'F[10]'         0
10    'F[11]'         0
11    'F[12]'         0
12    'F[13]'         0
13    'F[14]'         0
14    'Vs[1]'         5.29593e-06
15    'Vs[2]'         5.32675e-06
16    'y[1,1,1]'      0.595013
17    'y[1,1,2]'      0.305251
18    'y[1,1,3]'      0.0997356
19    'y[1,2,1]'      0.595013
20    'y[1,2,2]'      0.305251
21    'y[1,2,3]'      0.0997356
22    'y[1,3,1]'      0.595013
23    'y[1,3,2]'      0.305251
24    'y[1,3,3]'      0.0997356
25    'y[1,4,1]'      0.595013
26    'y[1,4,2]'      0.305251
27    'y[1,4,3]'      0.0997356
28    'y[1,5,1]'      0.595013
29    'y[1,5,2]'      0.305251
30    'y[1,5,3]'      0.0997356
31    'y[1,6,1]'      0.595013
32    'y[1,6,2]'      0.305251
33    'y[1,6,3]'      0.0997356
34    'y[1,7,1]'      0.595013
35    'y[1,7,2]'      0.305251
36    'y[1,7,3]'      0.0997356
37    'y[1,8,1]'      0.595013
38    'y[1,8,2]'      0.305251
39    'y[1,8,3]'      0.0997356
40    'y[1,9,1]'      0.559771
41    'y[1,9,2]'      0.244153
42    'y[1,9,3]'      0.196076
43    'y[1,10,1]'     0.526418
44    'y[1,10,2]'     0.242382
45    'y[1,10,3]'     0.2312
46    'y[1,11,1]'     0.49759
47    'y[1,11,2]'     0.262053
48    'y[1,11,3]'     0.240357
49    'y[1,12,1]'     0.487093
50    'y[1,12,2]'     0.284659
51    'y[1,12,3]'     0.228248
52    'y[1,13,1]'     0.506908
53    'y[1,13,2]'     0.289409
54    'y[1,13,3]'     0.203683
55    'y[1,14,1]'     0.576053
56    'y[1,14,2]'     0.260429
57    'y[1,14,3]'     0.163518
58    'y[1,15,1]'     0.692724
59    'y[1,15,2]'     0.191276
60    'y[1,15,3]'     0.115999
61    'y[2,1,1]'      0.583271
62    'y[2,1,2]'      0.299227
63    'y[2,1,3]'      0.117502
64    'y[2,2,1]'      0.595013
65    'y[2,2,2]'      0.305251
66    'y[2,2,3]'      0.0997356
67    'y[2,3,1]'      0.595013
68    'y[2,3,2]'      0.305251
69    'y[2,3,3]'      0.0997356
70    'y[2,4,1]'      0.595013
71    'y[2,4,2]'      0.305251
72    'y[2,4,3]'      0.0997356
73    'y[2,5,1]'      0.595013
74    'y[2,5,2]'      0.305251
75    'y[2,5,3]'      0.0997356
76    'y[2,6,1]'      0.52995
77    'y[2,6,2]'      0.253228
78    'y[2,6,3]'      0.216822
79    'y[2,7,1]'      0.46101
80    'y[2,7,2]'      0.295938
81    'y[2,7,3]'      0.243052
82    'y[2,8,1]'      0.446752
83    'y[2,8,2]'      0.333459
84    'y[2,8,3]'      0.219789
85    'y[2,9,1]'      0.474942
86    'y[2,9,2]'      0.335329
87    'y[2,9,3]'      0.18973
88    'y[2,10,1]'     0.53947
89    'y[2,10,2]'     0.312004
90    'y[2,10,3]'     0.148526
91    'y[2,11,1]'     0.542432
92    'y[2,11,2]'     0.340115
93    'y[2,11,3]'     0.117453
94    'y[2,12,1]'     0.467275
95    'y[2,12,2]'     0.421451
96    'y[2,12,3]'     0.111274
97    'y[2,13,1]'     0.378219
98    'y[2,13,2]'     0.50765
99    'y[2,13,3]'     0.114131
100   'y[2,14,1]'     0.229589
101   'y[2,14,2]'     0.644574
102   'y[2,14,3]'     0.125838
103   'y[2,15,1]'     0.199759
104   'y[2,15,2]'     0.72095
105   'y[2,15,3]'     0.0792908
106   'Ls[1]'       100
107   'Ls[2]'       100
108   'x[1,1,1]'      0.3
109   'x[1,1,2]'      0.4
110   'x[1,1,3]'      0.3
111   'x[1,2,1]'      0.3
112   'x[1,2,2]'      0.4
113   'x[1,2,3]'      0.3
114   'x[1,3,1]'      0.3
115   'x[1,3,2]'      0.4
116   'x[1,3,3]'      0.3
117   'x[1,4,1]'      0.3
118   'x[1,4,2]'      0.4
119   'x[1,4,3]'      0.3
120   'x[1,5,1]'      0.3
121   'x[1,5,2]'      0.4
122   'x[1,5,3]'      0.3
123   'x[1,6,1]'      0.3
124   'x[1,6,2]'      0.4
125   'x[1,6,3]'      0.3
126   'x[1,7,1]'      0.3
127   'x[1,7,2]'      0.4
128   'x[1,7,3]'      0.3
129   'x[1,8,1]'      0.3
130   'x[1,8,2]'      0.4
131   'x[1,8,3]'      0.3
132   'x[1,9,1]'      0.236778
133   'x[1,9,2]'      0.26841
134   'x[1,9,3]'      0.494812
135   'x[1,10,1]'     0.207603
136   'x[1,10,2]'     0.248435
137   'x[1,10,3]'     0.543962
138   'x[1,11,1]'     0.190456
139   'x[1,11,2]'     0.260687
140   'x[1,11,3]'     0.548857
141   'x[1,12,1]'     0.188166
142   'x[1,12,2]'     0.2858
143   'x[1,12,3]'     0.526034
144   'x[1,13,1]'     0.204874
145   'x[1,13,2]'     0.304002
146   'x[1,13,3]'     0.491125
147   'x[1,14,1]'     0.2585
148   'x[1,14,2]'     0.303735
149   'x[1,14,3]'     0.437765
150   'x[1,15,1]'     0.368097
151   'x[1,15,2]'     0.264162
152   'x[1,15,3]'     0.367741
153   'x[2,1,1]'      0.75
154   'x[2,1,2]'      1
155   'x[2,1,3]'      0.901387
156   'x[2,2,1]'      0.3
157   'x[2,2,2]'      0.4
158   'x[2,2,3]'      0.3
159   'x[2,3,1]'      0.3
160   'x[2,3,2]'      0.4
161   'x[2,3,3]'      0.3
162   'x[2,4,1]'      0.3
163   'x[2,4,2]'      0.4
164   'x[2,4,3]'      0.3
165   'x[2,5,1]'      0.3
166   'x[2,5,2]'      0.4
167   'x[2,5,3]'      0.3
168   'x[2,6,1]'      0.213549
169   'x[2,6,2]'      0.265206
170   'x[2,6,3]'      0.521245
171   'x[2,7,1]'      0.172007
172   'x[2,7,2]'      0.286975
173   'x[2,7,3]'      0.541018
174   'x[2,8,1]'      0.170213
175   'x[2,8,2]'      0.330201
176   'x[2,8,3]'      0.499586
177   'x[2,9,1]'      0.191634
178   'x[2,9,2]'      0.351651
179   'x[2,9,3]'      0.456715
180   'x[2,10,1]'     0.241215
181   'x[2,10,2]'     0.362583
182   'x[2,10,3]'     0.396202
183   'x[2,11,1]'     0.255009
184   'x[2,11,2]'     0.415569
185   'x[2,11,3]'     0.329422
186   'x[2,12,1]'     0.209871
187   'x[2,12,2]'     0.491968
188   'x[2,12,3]'     0.298161
189   'x[2,13,1]'     0.159015
190   'x[2,13,2]'     0.554714
191   'x[2,13,3]'     0.286271
192   'x[2,14,1]'     0.0864548
193   'x[2,14,2]'     0.630844
194   'x[2,14,3]'     0.282701
195   'x[2,15,1]'     0.078442
196   'x[2,15,2]'     0.735801
197   'x[2,15,3]'     0.185757
198   'CC[2]'         0
199   'CC[3]'         0
200   'CC[4]'         0
201   'CC[5]'         0
202   'CC[6]'         0
203   'CC[7]'         0
204   'CC[8]'         0
205   'CC[9]'         0
206   'CC[10]'        0
207   'CC[11]'        2.43066e-05
208   'CC[12]'        0
209   'CC[13]'        0
210   'CC[14]'        0
211   'CR[2]'         0
212   'CR[3]'         0
213   'CR[4]'         0
214   'CR[5]'       100
215   'CR[6]'         0
216   'CR[7]'         0
217   'CR[8]'         0
218   'CR[9]'         0
219   'CR[10]'        0
220   'CR[11]'        0
221   'CR[12]'        0
222   'CR[13]'        0
223   'CR[14]'        0
224   'PC[1]'        -6.15825e-06
225   'PC[2]'        -9.15149e-06
226   'PR[1]'        -3.09142e-09
227   'PR[2]'        40
228   'PS[2]'         0
229   'PS[3]'         0
230   'PS[4]'         0
231   'PS[5]'         0
232   'PS[6]'         0
233   'PS[7]'         0
234   'PS[8]'        -2.97455e-05
235   'PS[9]'         0
236   'PS[10]'        0
237   'PS[11]'        0
238   'PS[12]'        0
239   'PS[13]'        0
240   'PS[14]'        0
241   Vap             1.06227e-05
242   Sep            95
;

