solve_message = 'LOQO 7.00: iteration limit (500 iterations, 4141 evaluations)\
primal objective 56.68812989633752\
  dual objective -78407.83401413013'

:           _varname             _var          :=
1      'F[2]'                   0
2      'F[3]'                   0
3      'F[4]'                   0
4      'F[5]'                   0
5      'F[6]'                   0
6      'F[7]'                   0
7      'F[8]'                   0
8      'F[9]'                   0
9      'F[10]'                  0
10     'F[11]'                  0
11     'F[12]'                  0
12     'F[13]'                  0
13     'F[14]'                  0
14     'F[15]'                100
15     'F[16]'                  0
16     'F[17]'                  0
17     'F[18]'                  0
18     'F[19]'                  0
19     'F[20]'                  0
20     'F[21]'                  0
21     'F[22]'                  0
22     'F[23]'                  0
23     'F[24]'                  0
24     'F[25]'                  0
25     'F[26]'                  0
26     'F[27]'                  0
27     'F[28]'                  0
28     'F[29]'                  0
29     'V[1]'                  56.6881
30     'V[2]'                  54.603
31     'V[3]'                  55.454
32     'V[4]'                  55.2227
33     'V[5]'                  54.7215
34     'V[6]'                  54.314
35     'V[7]'                  54.1243
36     'V[8]'                  54.0642
37     'V[9]'                  54.4878
38     'V[10]'                 54.7826
39     'V[11]'                 54.9334
40     'V[12]'                 55.1448
41     'V[13]'                 56.0405
42     'V[14]'                 42.0472
43     'V[15]'                 54.8082
44     'V[16]'                 55.918
45     'V[17]'                 53.6855
46     'V[18]'                 53.1084
47     'V[19]'                 53.1712
48     'V[20]'                 53.4403
49     'V[21]'                 53.7867
50     'V[22]'                 54.1644
51     'V[23]'                 54.5537
52     'V[24]'                 54.948
53     'V[25]'                 55.3505
54     'V[26]'                 55.7695
55     'V[27]'                 56.218
56     'V[28]'                 57.2169
57     'V[29]'                 51.2803
58     'V[30]'                  0
59     'y[1,1]'                 0.0185936
60     'y[1,2]'                 0.74619
61     'y[1,3]'                 0.263415
62     'y[2,1]'                 0.0411908
63     'y[2,2]'                 0.805602
64     'y[2,3]'                 0.197126
65     'y[3,1]'                 0.0747786
66     'y[3,2]'                 0.782788
67     'y[3,3]'                 0.169101
68     'y[4,1]'                 0.124334
69     'y[4,2]'                 0.744289
70     'y[4,3]'                 0.156534
71     'y[5,1]'                 0.190361
72     'y[5,2]'                 0.689677
73     'y[5,3]'                 0.146809
74     'y[6,1]'                 0.26851
75     'y[6,2]'                 0.622012
76     'y[6,3]'                 0.136377
77     'y[7,1]'                 0.349581
78     'y[7,2]'                 0.548969
79     'y[7,3]'                 0.125187
80     'y[8,1]'                 0.423542
81     'y[8,2]'                 0.480645
82     'y[8,3]'                 0.114585
83     'y[9,1]'                 0.480169
84     'y[9,2]'                 0.421061
85     'y[9,3]'                 0.104976
86     'y[10,1]'                0.522186
87     'y[10,2]'                0.377355
88     'y[10,3]'                0.0979971
89     'y[11,1]'                0.55176
90     'y[11,2]'                0.347451
91     'y[11,3]'                0.0933884
92     'y[12,1]'                0.57402
93     'y[12,2]'                0.329012
94     'y[12,3]'                0.0909206
95     'y[13,1]'                0.608575
96     'y[13,2]'                0.326924
97     'y[13,3]'                0.0924839
98     'y[14,1]'                0.758085
99     'y[14,2]'                0.384991
100    'y[14,3]'                0.111937
101    'y[15,1]'                0.606504
102    'y[15,2]'                0.305187
103    'y[15,3]'                0.0896742
104    'y[16,1]'                0.602042
105    'y[16,2]'                0.31188
106    'y[16,3]'                0.0777131
107    'y[17,1]'                0.630445
108    'y[17,2]'                0.331012
109    'y[17,3]'                0.071732
110    'y[18,1]'                0.640219
111    'y[18,2]'                0.339354
112    'y[18,3]'                0.0667893
113    'y[19,1]'                0.641949
114    'y[19,2]'                0.342571
115    'y[19,3]'                0.0636134
116    'y[20,1]'                0.640858
117    'y[20,2]'                0.34377
118    'y[20,3]'                0.0618727
119    'y[21,1]'                0.638776
120    'y[21,2]'                0.344416
121    'y[21,3]'                0.0608037
122    'y[22,1]'                0.636519
123    'y[22,2]'                0.345381
124    'y[22,3]'                0.0596128
125    'y[23,1]'                0.634527
126    'y[23,2]'                0.347224
127    'y[23,3]'                0.0576516
128    'y[24,1]'                0.633042
129    'y[24,2]'                0.350258
130    'y[24,3]'                0.0544602
131    'y[25,1]'                0.632244
132    'y[25,2]'                0.354509
133    'y[25,3]'                0.0497648
134    'y[26,1]'                0.632552
135    'y[26,2]'                0.35949
136    'y[26,3]'                0.043476
137    'y[27,1]'                0.635396
138    'y[27,2]'                0.36335
139    'y[27,3]'                0.0356712
140    'y[28,1]'                0.64404
141    'y[28,2]'                0.359461
142    'y[28,3]'                0.0264728
143    'y[29,1]'                0.747543
144    'y[29,2]'                0.367858
145    'y[29,3]'                0.018451
146    'y[30,1]'                0.585296
147    'y[30,2]'                0.193537
148    'y[30,3]'                0.00458386
149    'L[1]'                   0
150    'L[2]'                 116.056
151    'L[3]'                 114.347
152    'L[4]'                 114.491
153    'L[5]'                 114.032
154    'L[6]'                 113.269
155    'L[7]'                 112.623
156    'L[8]'                 112.034
157    'L[9]'                 112.012
158    'L[10]'                111.736
159    'L[11]'                111.526
160    'L[12]'                111.194
161    'L[13]'                110.75
162    'L[14]'                111.64
163    'L[15]'                107.948
164    'L[16]'                 17.3062
165    'L[17]'                 17.9329
166    'L[18]'                 17.959
167    'L[19]'                 17.9348
168    'L[20]'                 17.8958
169    'L[21]'                 17.8402
170    'L[22]'                 17.7758
171    'L[23]'                 17.7132
172    'L[24]'                 17.6614
173    'L[25]'                 17.6275
174    'L[26]'                 17.6174
175    'L[27]'                 17.6362
176    'L[28]'                 17.6669
177    'L[29]'                 18.4415
178    'L[30]'                 17.249
179    'x[1,1]'                 0.00635963
180    'x[1,2]'                 0.675356
181    'x[1,3]'                 0.558175
182    'x[2,1]'                 0.0127911
183    'x[2,2]'                 0.654233
184    'x[2,3]'                 0.370524
185    'x[3,1]'                 0.0245711
186    'x[3,2]'                 0.677379
187    'x[3,3]'                 0.340961
188    'x[4,1]'                 0.04232
189    'x[4,2]'                 0.670156
190    'x[4,3]'                 0.329782
191    'x[5,1]'                 0.0675968
192    'x[5,2]'                 0.651337
193    'x[5,3]'                 0.326042
194    'x[6,1]'                 0.100708
195    'x[6,2]'                 0.624766
196    'x[6,3]'                 0.324215
197    'x[7,1]'                 0.139637
198    'x[7,2]'                 0.591941
199    'x[7,3]'                 0.321885
200    'x[8,1]'                 0.180473
201    'x[8,2]'                 0.557423
202    'x[8,3]'                 0.319314
203    'x[9,1]'                 0.217443
204    'x[9,2]'                 0.522972
205    'x[9,3]'                 0.315561
206    'x[10,1]'                0.248623
207    'x[10,2]'                0.495755
208    'x[10,3]'                0.313459
209    'x[11,1]'                0.272398
210    'x[11,2]'                0.475089
211    'x[11,3]'                0.312277
212    'x[12,1]'                0.289893
213    'x[12,2]'                0.461037
214    'x[12,3]'                0.312456
215    'x[13,1]'                0.304531
216    'x[13,2]'                0.453182
217    'x[13,3]'                0.314067
218    'x[14,1]'                0.325324
219    'x[14,2]'                0.449754
220    'x[14,3]'                0.314373
221    'x[15,1]'                0.318227
222    'x[15,2]'                0.445573
223    'x[15,3]'                0.322598
224    'x[16,1]'                0.331149
225    'x[16,2]'                0.480239
226    'x[16,3]'                0.296634
227    'x[17,1]'                0.335687
228    'x[17,2]'                0.491504
229    'x[17,3]'                0.26307
230    'x[18,1]'                0.338971
231    'x[18,2]'                0.500711
232    'x[18,3]'                0.243288
233    'x[19,1]'                0.341509
234    'x[19,2]'                0.508153
235    'x[19,3]'                0.233138
236    'x[20,1]'                0.343046
237    'x[20,2]'                0.513472
238    'x[20,3]'                0.228552
239    'x[21,1]'                0.34397
240    'x[21,2]'                0.517862
241    'x[21,3]'                0.226313
242    'x[22,1]'                0.344884
243    'x[22,2]'                0.522914
244    'x[22,3]'                0.223654
245    'x[23,1]'                0.34634
246    'x[23,2]'                0.530032
247    'x[23,3]'                0.218362
248    'x[24,1]'                0.348781
249    'x[24,2]'                0.540277
250    'x[24,3]'                0.208802
251    'x[25,1]'                0.352598
252    'x[25,2]'                0.554296
253    'x[25,3]'                0.193854
254    'x[26,1]'                0.358362
255    'x[26,2]'                0.572041
256    'x[26,3]'                0.172896
257    'x[27,1]'                0.367617
258    'x[27,2]'                0.591928
259    'x[27,3]'                0.145855
260    'x[28,1]'                0.385776
261    'x[28,2]'                0.608803
262    'x[28,3]'                0.113341
263    'x[29,1]'                0.424655
264    'x[29,2]'                0.587222
265    'x[29,3]'                0.0735095
266    'x[30,1]'                0.534051
267    'x[30,2]'                0.525528
268    'x[30,3]'                0.0366427
269    PC                      49.912
270    PR                      50.012
271    'T[1]'                 349.031
272    'T[2]'                 352.122
273    'T[3]'                 350.306
274    'T[4]'                 349.182
275    'T[5]'                 347.843
276    'T[6]'                 346.134
277    'T[7]'                 344.191
278    'T[8]'                 342.225
279    'T[9]'                 340.399
280    'T[10]'                338.918
281    'T[11]'                337.867
282    'T[12]'                337.22
283    'T[13]'                337.496
284    'T[14]'                342.093
285    'T[15]'                336.159
286    'T[16]'                334.778
287    'T[17]'                335.708
288    'T[18]'                335.87
289    'T[19]'                335.732
290    'T[20]'                335.554
291    'T[21]'                335.383
292    'T[22]'                335.205
293    'T[23]'                334.994
294    'T[24]'                334.726
295    'T[25]'                334.378
296    'T[26]'                333.93
297    'T[27]'                333.333
298    'T[28]'                332.354
299    'T[29]'                333.829
300    'T[30]'                320.974
301    TF                     338.159
302    QC                     570.853
303    QR                     568.139
304    'H[1,1]'                 1.2849
305    'H[1,2]'                 1.59629
306    'H[1,3]'                 1.90952
307    'H[2,1]'                 1.3701
308    'H[2,2]'                 1.70032
309    'H[2,3]'                 2.03463
310    'H[3,1]'                 1.31995
311    'H[3,2]'                 1.63911
312    'H[3,3]'                 1.961
313    'H[4,1]'                 1.28905
314    'H[4,2]'                 1.60136
315    'H[4,3]'                 1.91562
316    'H[5,1]'                 1.25239
317    'H[5,2]'                 1.55654
318    'H[5,3]'                 1.86175
319    'H[6,1]'                 1.20579
320    'H[6,2]'                 1.49954
321    'H[6,3]'                 1.79326
322    'H[7,1]'                 1.15315
323    'H[7,2]'                 1.43507
324    'H[7,3]'                 1.71584
325    'H[8,1]'                 1.10021
326    'H[8,2]'                 1.37017
327    'H[8,3]'                 1.63793
328    'H[9,1]'                 1.05134
329    'H[9,2]'                 1.31021
330    'H[9,3]'                 1.56598
331    'H[10,1]'                1.01194
332    'H[10,2]'                1.2618
333    'H[10,3]'                1.50791
334    'H[11,1]'                0.984066
335    'H[11,2]'                1.22753
336    'H[11,3]'                1.46683
337    'H[12,1]'                0.966967
338    'H[12,2]'                1.2065
339    'H[12,3]'                1.44162
340    'H[13,1]'                0.974268
341    'H[13,2]'                1.21548
342    'H[13,3]'                1.45238
343    'H[14,1]'                1.09667
344    'H[14,2]'                1.36584
345    'H[14,3]'                1.63273
346    'H[15,1]'                0.939015
347    'H[15,2]'                1.1721
348    'H[15,3]'                1.40039
349    'H[16,1]'                0.902744
350    'H[16,2]'                1.12743
351    'H[16,3]'                1.34686
352    'H[17,1]'                0.927146
353    'H[17,2]'                1.15749
354    'H[17,3]'                1.38287
355    'H[18,1]'                0.931404
356    'H[18,2]'                1.16273
357    'H[18,3]'                1.38916
358    'H[19,1]'                0.927789
359    'H[19,2]'                1.15828
360    'H[19,3]'                1.38382
361    'H[20,1]'                0.923103
362    'H[20,2]'                1.15251
363    'H[20,3]'                1.37691
364    'H[21,1]'                0.918614
365    'H[21,2]'                1.14698
366    'H[21,3]'                1.37028
367    'H[22,1]'                0.913943
368    'H[22,2]'                1.14123
369    'H[22,3]'                1.36339
370    'H[23,1]'                0.90841
371    'H[23,2]'                1.13441
372    'H[23,3]'                1.35522
373    'H[24,1]'                0.901379
374    'H[24,2]'                1.12575
375    'H[24,3]'                1.34484
376    'H[25,1]'                0.892289
377    'H[25,2]'                1.11455
378    'H[25,3]'                1.33142
379    'H[26,1]'                0.880573
380    'H[26,2]'                1.10011
381    'H[26,3]'                1.31412
382    'H[27,1]'                0.865012
383    'H[27,2]'                1.08092
384    'H[27,3]'                1.29114
385    'H[28,1]'                0.839522
386    'H[28,2]'                1.04947
387    'H[28,3]'                1.25348
388    'H[29,1]'                0.877936
389    'H[29,2]'                1.09685
390    'H[29,3]'                1.31023
391    'H[30,1]'                0.549674
392    'H[30,2]'                0.69036
393    'H[30,3]'                0.823914
394    'HF[1]'                  0.991793
395    'HF[2]'                  1.23703
396    'HF[3]'                  1.47822
397    'h[1,1]'                -7.31976
398    'h[1,2]'                -8.20401
399    'h[1,3]'                -8.9978
400    'h[2,1]'                -7.18361
401    'h[2,2]'                -8.0515
402    'h[2,3]'                -8.82224
403    'h[3,1]'                -7.26372
404    'h[3,2]'                -8.14122
405    'h[3,3]'                -8.92551
406    'h[4,1]'                -7.31312
407    'h[4,2]'                -8.19657
408    'h[4,3]'                -8.98923
409    'h[5,1]'                -7.37177
410    'h[5,2]'                -8.26232
411    'h[5,3]'                -9.06494
412    'h[6,1]'                -7.44638
413    'h[6,2]'                -8.34601
414    'h[6,3]'                -9.16132
415    'h[7,1]'                -7.53077
416    'h[7,2]'                -8.44073
417    'h[7,3]'                -9.27044
418    'h[8,1]'                -7.61574
419    'h[8,2]'                -8.53619
420    'h[8,3]'                -9.38043
421    'h[9,1]'                -7.69427
422    'h[9,2]'                -8.62446
423    'h[9,3]'                -9.48217
424    'h[10,1]'               -7.75767
425    'h[10,2]'               -8.69578
426    'h[10,3]'               -9.5644
427    'h[11,1]'               -7.80255
428    'h[11,2]'               -8.74629
429    'h[11,3]'               -9.62265
430    'h[12,1]'               -7.8301
431    'h[12,2]'               -8.77731
432    'h[12,3]'               -9.65843
433    'h[13,1]'               -7.81833
434    'h[13,2]'               -8.76406
435    'h[13,3]'               -9.64315
436    'h[14,1]'               -7.62142
437    'h[14,2]'               -8.54256
438    'h[14,3]'               -9.38778
439    'h[15,1]'               -7.87516
440    'h[15,2]'               -8.82807
441    'h[15,3]'               -9.71698
442    'h[16,1]'               -7.93369
443    'h[16,2]'               -8.89403
444    'h[16,3]'               -9.79309
445    'h[17,1]'               -7.89431
446    'h[17,2]'               -8.84965
447    'h[17,3]'               -9.74187
448    'h[18,1]'               -7.88744
449    'h[18,2]'               -8.84191
450    'h[18,3]'               -9.73294
451    'h[19,1]'               -7.89327
452    'h[19,2]'               -8.84848
453    'h[19,3]'               -9.74052
454    'h[20,1]'               -7.90083
455    'h[20,2]'               -8.857
456    'h[20,3]'               -9.75035
457    'h[21,1]'               -7.90808
458    'h[21,2]'               -8.86516
459    'h[21,3]'               -9.75977
460    'h[22,1]'               -7.91562
461    'h[22,2]'               -8.87366
462    'h[22,3]'               -9.76958
463    'h[23,1]'               -7.92455
464    'h[23,2]'               -8.88372
465    'h[23,3]'               -9.78119
466    'h[24,1]'               -7.9359
467    'h[24,2]'               -8.89652
468    'h[24,3]'               -9.79596
469    'h[25,1]'               -7.95058
470    'h[25,2]'               -8.91307
471    'h[25,3]'               -9.81505
472    'h[26,1]'               -7.9695
473    'h[26,2]'               -8.93441
474    'h[26,3]'               -9.83968
475    'h[27,1]'               -7.99465
476    'h[27,2]'               -8.96277
477    'h[27,3]'               -9.87242
478    'h[28,1]'               -8.03587
479    'h[28,2]'               -9.00928
480    'h[28,3]'               -9.92611
481    'h[29,1]'               -7.97376
482    'h[29,2]'               -8.93921
483    'h[29,3]'               -9.84523
484    'h[30,1]'               -8.50698
485    'h[30,2]'               -9.5424
486    'h[30,3]'              -10.5425
487    'hF[1]'                 -7.7901
488    'hF[2]'                 -8.73228
489    'hF[3]'                 -9.60649
490    'tauGamma[1,1,1]'    1e-06
491    'tauGamma[1,1,2]'    1e-06
492    'tauGamma[1,1,3]'    1e-06
493    'tauGamma[1,2,1]'    1e-06
494    'tauGamma[1,2,2]'    1e-06
495    'tauGamma[1,2,3]'    1e-06
496    'tauGamma[1,3,1]'    1e-06
497    'tauGamma[1,3,2]'    1e-06
498    'tauGamma[1,3,3]'    1e-06
499    'tauGamma[2,1,1]'    1e-06
500    'tauGamma[2,1,2]'    1e-06
501    'tauGamma[2,1,3]'    1e-06
502    'tauGamma[2,2,1]'    1e-06
503    'tauGamma[2,2,2]'    1e-06
504    'tauGamma[2,2,3]'    1e-06
505    'tauGamma[2,3,1]'    1e-06
506    'tauGamma[2,3,2]'    1e-06
507    'tauGamma[2,3,3]'    1e-06
508    'tauGamma[3,1,1]'    1e-06
509    'tauGamma[3,1,2]'    1e-06
510    'tauGamma[3,1,3]'    1e-06
511    'tauGamma[3,2,1]'    1e-06
512    'tauGamma[3,2,2]'    1e-06
513    'tauGamma[3,2,3]'    1e-06
514    'tauGamma[3,3,1]'    1e-06
515    'tauGamma[3,3,2]'    1e-06
516    'tauGamma[3,3,3]'    1e-06
517    'tauGamma[4,1,1]'    1e-06
518    'tauGamma[4,1,2]'    1e-06
519    'tauGamma[4,1,3]'    1e-06
520    'tauGamma[4,2,1]'    1e-06
521    'tauGamma[4,2,2]'    1e-06
522    'tauGamma[4,2,3]'    1e-06
523    'tauGamma[4,3,1]'    1e-06
524    'tauGamma[4,3,2]'    1e-06
525    'tauGamma[4,3,3]'    1e-06
526    'tauGamma[5,1,1]'    1e-06
527    'tauGamma[5,1,2]'    1e-06
528    'tauGamma[5,1,3]'    1e-06
529    'tauGamma[5,2,1]'    1e-06
530    'tauGamma[5,2,2]'    1e-06
531    'tauGamma[5,2,3]'    1e-06
532    'tauGamma[5,3,1]'    1e-06
533    'tauGamma[5,3,2]'    1e-06
534    'tauGamma[5,3,3]'    1e-06
535    'tauGamma[6,1,1]'    1e-06
536    'tauGamma[6,1,2]'    1e-06
537    'tauGamma[6,1,3]'    1e-06
538    'tauGamma[6,2,1]'    1e-06
539    'tauGamma[6,2,2]'    1e-06
540    'tauGamma[6,2,3]'    1e-06
541    'tauGamma[6,3,1]'    1e-06
542    'tauGamma[6,3,2]'    1e-06
543    'tauGamma[6,3,3]'    1e-06
544    'tauGamma[7,1,1]'    1e-06
545    'tauGamma[7,1,2]'    1e-06
546    'tauGamma[7,1,3]'    1e-06
547    'tauGamma[7,2,1]'    1e-06
548    'tauGamma[7,2,2]'    1e-06
549    'tauGamma[7,2,3]'    1e-06
550    'tauGamma[7,3,1]'    1e-06
551    'tauGamma[7,3,2]'    1e-06
552    'tauGamma[7,3,3]'    1e-06
553    'tauGamma[8,1,1]'    1e-06
554    'tauGamma[8,1,2]'    1e-06
555    'tauGamma[8,1,3]'    1e-06
556    'tauGamma[8,2,1]'    1e-06
557    'tauGamma[8,2,2]'    1e-06
558    'tauGamma[8,2,3]'    1e-06
559    'tauGamma[8,3,1]'    1e-06
560    'tauGamma[8,3,2]'    1e-06
561    'tauGamma[8,3,3]'    1e-06
562    'tauGamma[9,1,1]'    1e-06
563    'tauGamma[9,1,2]'    1e-06
564    'tauGamma[9,1,3]'    1e-06
565    'tauGamma[9,2,1]'    1e-06
566    'tauGamma[9,2,2]'    1e-06
567    'tauGamma[9,2,3]'    1e-06
568    'tauGamma[9,3,1]'    1e-06
569    'tauGamma[9,3,2]'    1e-06
570    'tauGamma[9,3,3]'    1e-06
571    'tauGamma[10,1,1]'   1e-06
572    'tauGamma[10,1,2]'   1e-06
573    'tauGamma[10,1,3]'   1e-06
574    'tauGamma[10,2,1]'   1e-06
575    'tauGamma[10,2,2]'   1e-06
576    'tauGamma[10,2,3]'   1e-06
577    'tauGamma[10,3,1]'   1e-06
578    'tauGamma[10,3,2]'   1e-06
579    'tauGamma[10,3,3]'   1e-06
580    'tauGamma[11,1,1]'   1e-06
581    'tauGamma[11,1,2]'   1e-06
582    'tauGamma[11,1,3]'   1e-06
583    'tauGamma[11,2,1]'   1e-06
584    'tauGamma[11,2,2]'   1e-06
585    'tauGamma[11,2,3]'   1e-06
586    'tauGamma[11,3,1]'   1e-06
587    'tauGamma[11,3,2]'   1e-06
588    'tauGamma[11,3,3]'   1e-06
589    'tauGamma[12,1,1]'   1e-06
590    'tauGamma[12,1,2]'   1e-06
591    'tauGamma[12,1,3]'   1e-06
592    'tauGamma[12,2,1]'   1e-06
593    'tauGamma[12,2,2]'   1e-06
594    'tauGamma[12,2,3]'   1e-06
595    'tauGamma[12,3,1]'   1e-06
596    'tauGamma[12,3,2]'   1e-06
597    'tauGamma[12,3,3]'   1e-06
598    'tauGamma[13,1,1]'   1e-06
599    'tauGamma[13,1,2]'   1e-06
600    'tauGamma[13,1,3]'   1e-06
601    'tauGamma[13,2,1]'   1e-06
602    'tauGamma[13,2,2]'   1e-06
603    'tauGamma[13,2,3]'   1e-06
604    'tauGamma[13,3,1]'   1e-06
605    'tauGamma[13,3,2]'   1e-06
606    'tauGamma[13,3,3]'   1e-06
607    'tauGamma[14,1,1]'   1e-06
608    'tauGamma[14,1,2]'   1e-06
609    'tauGamma[14,1,3]'   1e-06
610    'tauGamma[14,2,1]'   1e-06
611    'tauGamma[14,2,2]'   1e-06
612    'tauGamma[14,2,3]'   1e-06
613    'tauGamma[14,3,1]'   1e-06
614    'tauGamma[14,3,2]'   1e-06
615    'tauGamma[14,3,3]'   1e-06
616    'tauGamma[15,1,1]'   1e-06
617    'tauGamma[15,1,2]'   1e-06
618    'tauGamma[15,1,3]'   1e-06
619    'tauGamma[15,2,1]'   1e-06
620    'tauGamma[15,2,2]'   1e-06
621    'tauGamma[15,2,3]'   1e-06
622    'tauGamma[15,3,1]'   1e-06
623    'tauGamma[15,3,2]'   1e-06
624    'tauGamma[15,3,3]'   1e-06
625    'tauGamma[16,1,1]'   1e-06
626    'tauGamma[16,1,2]'   1e-06
627    'tauGamma[16,1,3]'   1e-06
628    'tauGamma[16,2,1]'   1e-06
629    'tauGamma[16,2,2]'   1e-06
630    'tauGamma[16,2,3]'   1e-06
631    'tauGamma[16,3,1]'   1e-06
632    'tauGamma[16,3,2]'   1e-06
633    'tauGamma[16,3,3]'   1e-06
634    'tauGamma[17,1,1]'   1e-06
635    'tauGamma[17,1,2]'   1e-06
636    'tauGamma[17,1,3]'   1e-06
637    'tauGamma[17,2,1]'   1e-06
638    'tauGamma[17,2,2]'   1e-06
639    'tauGamma[17,2,3]'   1e-06
640    'tauGamma[17,3,1]'   1e-06
641    'tauGamma[17,3,2]'   1e-06
642    'tauGamma[17,3,3]'   1e-06
643    'tauGamma[18,1,1]'   1e-06
644    'tauGamma[18,1,2]'   1e-06
645    'tauGamma[18,1,3]'   1e-06
646    'tauGamma[18,2,1]'   1e-06
647    'tauGamma[18,2,2]'   1e-06
648    'tauGamma[18,2,3]'   1e-06
649    'tauGamma[18,3,1]'   1e-06
650    'tauGamma[18,3,2]'   1e-06
651    'tauGamma[18,3,3]'   1e-06
652    'tauGamma[19,1,1]'   1e-06
653    'tauGamma[19,1,2]'   1e-06
654    'tauGamma[19,1,3]'   1e-06
655    'tauGamma[19,2,1]'   1e-06
656    'tauGamma[19,2,2]'   1e-06
657    'tauGamma[19,2,3]'   1e-06
658    'tauGamma[19,3,1]'   1e-06
659    'tauGamma[19,3,2]'   1e-06
660    'tauGamma[19,3,3]'   1e-06
661    'tauGamma[20,1,1]'   1e-06
662    'tauGamma[20,1,2]'   1e-06
663    'tauGamma[20,1,3]'   1e-06
664    'tauGamma[20,2,1]'   1e-06
665    'tauGamma[20,2,2]'   1e-06
666    'tauGamma[20,2,3]'   1e-06
667    'tauGamma[20,3,1]'   1e-06
668    'tauGamma[20,3,2]'   1e-06
669    'tauGamma[20,3,3]'   1e-06
670    'tauGamma[21,1,1]'   1e-06
671    'tauGamma[21,1,2]'   1e-06
672    'tauGamma[21,1,3]'   1e-06
673    'tauGamma[21,2,1]'   1e-06
674    'tauGamma[21,2,2]'   1e-06
675    'tauGamma[21,2,3]'   1e-06
676    'tauGamma[21,3,1]'   1e-06
677    'tauGamma[21,3,2]'   1e-06
678    'tauGamma[21,3,3]'   1e-06
679    'tauGamma[22,1,1]'   1e-06
680    'tauGamma[22,1,2]'   1e-06
681    'tauGamma[22,1,3]'   1e-06
682    'tauGamma[22,2,1]'   1e-06
683    'tauGamma[22,2,2]'   1e-06
684    'tauGamma[22,2,3]'   1e-06
685    'tauGamma[22,3,1]'   1e-06
686    'tauGamma[22,3,2]'   1e-06
687    'tauGamma[22,3,3]'   1e-06
688    'tauGamma[23,1,1]'   1e-06
689    'tauGamma[23,1,2]'   1e-06
690    'tauGamma[23,1,3]'   1e-06
691    'tauGamma[23,2,1]'   1e-06
692    'tauGamma[23,2,2]'   1e-06
693    'tauGamma[23,2,3]'   1e-06
694    'tauGamma[23,3,1]'   1e-06
695    'tauGamma[23,3,2]'   1e-06
696    'tauGamma[23,3,3]'   1e-06
697    'tauGamma[24,1,1]'   1e-06
698    'tauGamma[24,1,2]'   1e-06
699    'tauGamma[24,1,3]'   1e-06
700    'tauGamma[24,2,1]'   1e-06
701    'tauGamma[24,2,2]'   1e-06
702    'tauGamma[24,2,3]'   1e-06
703    'tauGamma[24,3,1]'   1e-06
704    'tauGamma[24,3,2]'   1e-06
705    'tauGamma[24,3,3]'   1e-06
706    'tauGamma[25,1,1]'   1e-06
707    'tauGamma[25,1,2]'   1e-06
708    'tauGamma[25,1,3]'   1e-06
709    'tauGamma[25,2,1]'   1e-06
710    'tauGamma[25,2,2]'   1e-06
711    'tauGamma[25,2,3]'   1e-06
712    'tauGamma[25,3,1]'   1e-06
713    'tauGamma[25,3,2]'   1e-06
714    'tauGamma[25,3,3]'   1e-06
715    'tauGamma[26,1,1]'   1e-06
716    'tauGamma[26,1,2]'   1e-06
717    'tauGamma[26,1,3]'   1e-06
718    'tauGamma[26,2,1]'   1e-06
719    'tauGamma[26,2,2]'   1e-06
720    'tauGamma[26,2,3]'   1e-06
721    'tauGamma[26,3,1]'   1e-06
722    'tauGamma[26,3,2]'   1e-06
723    'tauGamma[26,3,3]'   1e-06
724    'tauGamma[27,1,1]'   1e-06
725    'tauGamma[27,1,2]'   1e-06
726    'tauGamma[27,1,3]'   1e-06
727    'tauGamma[27,2,1]'   1e-06
728    'tauGamma[27,2,2]'   1e-06
729    'tauGamma[27,2,3]'   1e-06
730    'tauGamma[27,3,1]'   1e-06
731    'tauGamma[27,3,2]'   1e-06
732    'tauGamma[27,3,3]'   1e-06
733    'tauGamma[28,1,1]'   1e-06
734    'tauGamma[28,1,2]'   1e-06
735    'tauGamma[28,1,3]'   1e-06
736    'tauGamma[28,2,1]'   1e-06
737    'tauGamma[28,2,2]'   1e-06
738    'tauGamma[28,2,3]'   1e-06
739    'tauGamma[28,3,1]'   1e-06
740    'tauGamma[28,3,2]'   1e-06
741    'tauGamma[28,3,3]'   1e-06
742    'tauGamma[29,1,1]'   1e-06
743    'tauGamma[29,1,2]'   1e-06
744    'tauGamma[29,1,3]'   1e-06
745    'tauGamma[29,2,1]'   1e-06
746    'tauGamma[29,2,2]'   1e-06
747    'tauGamma[29,2,3]'   1e-06
748    'tauGamma[29,3,1]'   1e-06
749    'tauGamma[29,3,2]'   1e-06
750    'tauGamma[29,3,3]'   1e-06
751    'tauGamma[30,1,1]'   1e-06
752    'tauGamma[30,1,2]'   1e-06
753    'tauGamma[30,1,3]'   1e-06
754    'tauGamma[30,2,1]'   1e-06
755    'tauGamma[30,2,2]'   1e-06
756    'tauGamma[30,2,3]'   1e-06
757    'tauGamma[30,3,1]'   1e-06
758    'tauGamma[30,3,2]'   1e-06
759    'tauGamma[30,3,3]'   1e-06
760    'PGamma[1,1,1]'          1
761    'PGamma[1,1,2]'          1
762    'PGamma[1,1,3]'          1
763    'PGamma[1,2,1]'          1
764    'PGamma[1,2,2]'          1
765    'PGamma[1,2,3]'          1
766    'PGamma[1,3,1]'          1
767    'PGamma[1,3,2]'          1
768    'PGamma[1,3,3]'          1
769    'PGamma[2,1,1]'          1
770    'PGamma[2,1,2]'          1
771    'PGamma[2,1,3]'          1
772    'PGamma[2,2,1]'          1
773    'PGamma[2,2,2]'          1
774    'PGamma[2,2,3]'          1
775    'PGamma[2,3,1]'          1
776    'PGamma[2,3,2]'          1
777    'PGamma[2,3,3]'          1
778    'PGamma[3,1,1]'          1
779    'PGamma[3,1,2]'          1
780    'PGamma[3,1,3]'          1
781    'PGamma[3,2,1]'          1
782    'PGamma[3,2,2]'          1
783    'PGamma[3,2,3]'          1
784    'PGamma[3,3,1]'          1
785    'PGamma[3,3,2]'          1
786    'PGamma[3,3,3]'          1
787    'PGamma[4,1,1]'          1
788    'PGamma[4,1,2]'          1
789    'PGamma[4,1,3]'          1
790    'PGamma[4,2,1]'          1
791    'PGamma[4,2,2]'          1
792    'PGamma[4,2,3]'          1
793    'PGamma[4,3,1]'          1
794    'PGamma[4,3,2]'          1
795    'PGamma[4,3,3]'          1
796    'PGamma[5,1,1]'          1
797    'PGamma[5,1,2]'          1
798    'PGamma[5,1,3]'          1
799    'PGamma[5,2,1]'          1
800    'PGamma[5,2,2]'          1
801    'PGamma[5,2,3]'          1
802    'PGamma[5,3,1]'          1
803    'PGamma[5,3,2]'          1
804    'PGamma[5,3,3]'          1
805    'PGamma[6,1,1]'          1
806    'PGamma[6,1,2]'          1
807    'PGamma[6,1,3]'          1
808    'PGamma[6,2,1]'          1
809    'PGamma[6,2,2]'          1
810    'PGamma[6,2,3]'          1
811    'PGamma[6,3,1]'          1
812    'PGamma[6,3,2]'          1
813    'PGamma[6,3,3]'          1
814    'PGamma[7,1,1]'          1
815    'PGamma[7,1,2]'          1
816    'PGamma[7,1,3]'          1
817    'PGamma[7,2,1]'          1
818    'PGamma[7,2,2]'          1
819    'PGamma[7,2,3]'          1
820    'PGamma[7,3,1]'          1
821    'PGamma[7,3,2]'          1
822    'PGamma[7,3,3]'          1
823    'PGamma[8,1,1]'          1
824    'PGamma[8,1,2]'          1
825    'PGamma[8,1,3]'          1
826    'PGamma[8,2,1]'          1
827    'PGamma[8,2,2]'          1
828    'PGamma[8,2,3]'          1
829    'PGamma[8,3,1]'          1
830    'PGamma[8,3,2]'          1
831    'PGamma[8,3,3]'          1
832    'PGamma[9,1,1]'          1
833    'PGamma[9,1,2]'          1
834    'PGamma[9,1,3]'          1
835    'PGamma[9,2,1]'          1
836    'PGamma[9,2,2]'          1
837    'PGamma[9,2,3]'          1
838    'PGamma[9,3,1]'          1
839    'PGamma[9,3,2]'          1
840    'PGamma[9,3,3]'          1
841    'PGamma[10,1,1]'         1
842    'PGamma[10,1,2]'         1
843    'PGamma[10,1,3]'         1
844    'PGamma[10,2,1]'         1
845    'PGamma[10,2,2]'         1
846    'PGamma[10,2,3]'         1
847    'PGamma[10,3,1]'         1
848    'PGamma[10,3,2]'         1
849    'PGamma[10,3,3]'         1
850    'PGamma[11,1,1]'         1
851    'PGamma[11,1,2]'         1
852    'PGamma[11,1,3]'         1
853    'PGamma[11,2,1]'         1
854    'PGamma[11,2,2]'         1
855    'PGamma[11,2,3]'         1
856    'PGamma[11,3,1]'         1
857    'PGamma[11,3,2]'         1
858    'PGamma[11,3,3]'         1
859    'PGamma[12,1,1]'         1
860    'PGamma[12,1,2]'         1
861    'PGamma[12,1,3]'         1
862    'PGamma[12,2,1]'         1
863    'PGamma[12,2,2]'         1
864    'PGamma[12,2,3]'         1
865    'PGamma[12,3,1]'         1
866    'PGamma[12,3,2]'         1
867    'PGamma[12,3,3]'         1
868    'PGamma[13,1,1]'         1
869    'PGamma[13,1,2]'         1
870    'PGamma[13,1,3]'         1
871    'PGamma[13,2,1]'         1
872    'PGamma[13,2,2]'         1
873    'PGamma[13,2,3]'         1
874    'PGamma[13,3,1]'         1
875    'PGamma[13,3,2]'         1
876    'PGamma[13,3,3]'         1
877    'PGamma[14,1,1]'         1
878    'PGamma[14,1,2]'         1
879    'PGamma[14,1,3]'         1
880    'PGamma[14,2,1]'         1
881    'PGamma[14,2,2]'         1
882    'PGamma[14,2,3]'         1
883    'PGamma[14,3,1]'         1
884    'PGamma[14,3,2]'         1
885    'PGamma[14,3,3]'         1
886    'PGamma[15,1,1]'         1
887    'PGamma[15,1,2]'         1
888    'PGamma[15,1,3]'         1
889    'PGamma[15,2,1]'         1
890    'PGamma[15,2,2]'         1
891    'PGamma[15,2,3]'         1
892    'PGamma[15,3,1]'         1
893    'PGamma[15,3,2]'         1
894    'PGamma[15,3,3]'         1
895    'PGamma[16,1,1]'         1
896    'PGamma[16,1,2]'         1
897    'PGamma[16,1,3]'         1
898    'PGamma[16,2,1]'         1
899    'PGamma[16,2,2]'         1
900    'PGamma[16,2,3]'         1
901    'PGamma[16,3,1]'         1
902    'PGamma[16,3,2]'         1
903    'PGamma[16,3,3]'         1
904    'PGamma[17,1,1]'         1
905    'PGamma[17,1,2]'         1
906    'PGamma[17,1,3]'         1
907    'PGamma[17,2,1]'         1
908    'PGamma[17,2,2]'         1
909    'PGamma[17,2,3]'         1
910    'PGamma[17,3,1]'         1
911    'PGamma[17,3,2]'         1
912    'PGamma[17,3,3]'         1
913    'PGamma[18,1,1]'         1
914    'PGamma[18,1,2]'         1
915    'PGamma[18,1,3]'         1
916    'PGamma[18,2,1]'         1
917    'PGamma[18,2,2]'         1
918    'PGamma[18,2,3]'         1
919    'PGamma[18,3,1]'         1
920    'PGamma[18,3,2]'         1
921    'PGamma[18,3,3]'         1
922    'PGamma[19,1,1]'         1
923    'PGamma[19,1,2]'         1
924    'PGamma[19,1,3]'         1
925    'PGamma[19,2,1]'         1
926    'PGamma[19,2,2]'         1
927    'PGamma[19,2,3]'         1
928    'PGamma[19,3,1]'         1
929    'PGamma[19,3,2]'         1
930    'PGamma[19,3,3]'         1
931    'PGamma[20,1,1]'         1
932    'PGamma[20,1,2]'         1
933    'PGamma[20,1,3]'         1
934    'PGamma[20,2,1]'         1
935    'PGamma[20,2,2]'         1
936    'PGamma[20,2,3]'         1
937    'PGamma[20,3,1]'         1
938    'PGamma[20,3,2]'         1
939    'PGamma[20,3,3]'         1
940    'PGamma[21,1,1]'         1
941    'PGamma[21,1,2]'         1
942    'PGamma[21,1,3]'         1
943    'PGamma[21,2,1]'         1
944    'PGamma[21,2,2]'         1
945    'PGamma[21,2,3]'         1
946    'PGamma[21,3,1]'         1
947    'PGamma[21,3,2]'         1
948    'PGamma[21,3,3]'         1
949    'PGamma[22,1,1]'         1
950    'PGamma[22,1,2]'         1
951    'PGamma[22,1,3]'         1
952    'PGamma[22,2,1]'         1
953    'PGamma[22,2,2]'         1
954    'PGamma[22,2,3]'         1
955    'PGamma[22,3,1]'         1
956    'PGamma[22,3,2]'         1
957    'PGamma[22,3,3]'         1
958    'PGamma[23,1,1]'         1
959    'PGamma[23,1,2]'         1
960    'PGamma[23,1,3]'         1
961    'PGamma[23,2,1]'         1
962    'PGamma[23,2,2]'         1
963    'PGamma[23,2,3]'         1
964    'PGamma[23,3,1]'         1
965    'PGamma[23,3,2]'         1
966    'PGamma[23,3,3]'         1
967    'PGamma[24,1,1]'         1
968    'PGamma[24,1,2]'         1
969    'PGamma[24,1,3]'         1
970    'PGamma[24,2,1]'         1
971    'PGamma[24,2,2]'         1
972    'PGamma[24,2,3]'         1
973    'PGamma[24,3,1]'         1
974    'PGamma[24,3,2]'         1
975    'PGamma[24,3,3]'         1
976    'PGamma[25,1,1]'         1
977    'PGamma[25,1,2]'         1
978    'PGamma[25,1,3]'         1
979    'PGamma[25,2,1]'         1
980    'PGamma[25,2,2]'         1
981    'PGamma[25,2,3]'         1
982    'PGamma[25,3,1]'         1
983    'PGamma[25,3,2]'         1
984    'PGamma[25,3,3]'         1
985    'PGamma[26,1,1]'         1
986    'PGamma[26,1,2]'         1
987    'PGamma[26,1,3]'         1
988    'PGamma[26,2,1]'         1
989    'PGamma[26,2,2]'         1
990    'PGamma[26,2,3]'         1
991    'PGamma[26,3,1]'         1
992    'PGamma[26,3,2]'         1
993    'PGamma[26,3,3]'         1
994    'PGamma[27,1,1]'         1
995    'PGamma[27,1,2]'         1
996    'PGamma[27,1,3]'         1
997    'PGamma[27,2,1]'         1
998    'PGamma[27,2,2]'         1
999    'PGamma[27,2,3]'         1
1000   'PGamma[27,3,1]'         1
1001   'PGamma[27,3,2]'         1
1002   'PGamma[27,3,3]'         1
1003   'PGamma[28,1,1]'         1
1004   'PGamma[28,1,2]'         1
1005   'PGamma[28,1,3]'         1
1006   'PGamma[28,2,1]'         1
1007   'PGamma[28,2,2]'         1
1008   'PGamma[28,2,3]'         1
1009   'PGamma[28,3,1]'         1
1010   'PGamma[28,3,2]'         1
1011   'PGamma[28,3,3]'         1
1012   'PGamma[29,1,1]'         1
1013   'PGamma[29,1,2]'         1
1014   'PGamma[29,1,3]'         1
1015   'PGamma[29,2,1]'         1
1016   'PGamma[29,2,2]'         1
1017   'PGamma[29,2,3]'         1
1018   'PGamma[29,3,1]'         1
1019   'PGamma[29,3,2]'         1
1020   'PGamma[29,3,3]'         1
1021   'PGamma[30,1,1]'         1
1022   'PGamma[30,1,2]'         1
1023   'PGamma[30,1,3]'         1
1024   'PGamma[30,2,1]'         1
1025   'PGamma[30,2,2]'         1
1026   'PGamma[30,2,3]'         1
1027   'PGamma[30,3,1]'         1
1028   'PGamma[30,3,2]'         1
1029   'PGamma[30,3,3]'         1
1030   'SGamma1[1,1]'           1.23989e-06
1031   'SGamma1[1,2]'           1.23989e-06
1032   'SGamma1[1,3]'           1.23989e-06
1033   'SGamma1[2,1]'           1.03755e-06
1034   'SGamma1[2,2]'           1.03755e-06
1035   'SGamma1[2,3]'           1.03755e-06
1036   'SGamma1[3,1]'           1.04291e-06
1037   'SGamma1[3,2]'           1.04291e-06
1038   'SGamma1[3,3]'           1.04291e-06
1039   'SGamma1[4,1]'           1.04226e-06
1040   'SGamma1[4,2]'           1.04226e-06
1041   'SGamma1[4,3]'           1.04226e-06
1042   'SGamma1[5,1]'           1.04498e-06
1043   'SGamma1[5,2]'           1.04498e-06
1044   'SGamma1[5,3]'           1.04498e-06
1045   'SGamma1[6,1]'           1.04969e-06
1046   'SGamma1[6,2]'           1.04969e-06
1047   'SGamma1[6,3]'           1.04969e-06
1048   'SGamma1[7,1]'           1.05346e-06
1049   'SGamma1[7,2]'           1.05346e-06
1050   'SGamma1[7,3]'           1.05346e-06
1051   'SGamma1[8,1]'           1.05721e-06
1052   'SGamma1[8,2]'           1.05721e-06
1053   'SGamma1[8,3]'           1.05721e-06
1054   'SGamma1[9,1]'           1.05598e-06
1055   'SGamma1[9,2]'           1.05598e-06
1056   'SGamma1[9,3]'           1.05598e-06
1057   'SGamma1[10,1]'          1.05784e-06
1058   'SGamma1[10,2]'          1.05784e-06
1059   'SGamma1[10,3]'          1.05784e-06
1060   'SGamma1[11,1]'          1.05976e-06
1061   'SGamma1[11,2]'          1.05976e-06
1062   'SGamma1[11,3]'          1.05976e-06
1063   'SGamma1[12,1]'          1.06339e-06
1064   'SGamma1[12,2]'          1.06339e-06
1065   'SGamma1[12,3]'          1.06339e-06
1066   'SGamma1[13,1]'          1.07178e-06
1067   'SGamma1[13,2]'          1.07178e-06
1068   'SGamma1[13,3]'          1.07178e-06
1069   'SGamma1[14,1]'          1.08945e-06
1070   'SGamma1[14,2]'          1.08945e-06
1071   'SGamma1[14,3]'          1.08945e-06
1072   'SGamma1[15,1]'          1.0864e-06
1073   'SGamma1[15,2]'          1.0864e-06
1074   'SGamma1[15,3]'          1.0864e-06
1075   'SGamma1[16,1]'          1.10802e-06
1076   'SGamma1[16,2]'          1.10802e-06
1077   'SGamma1[16,3]'          1.10802e-06
1078   'SGamma1[17,1]'          1.09026e-06
1079   'SGamma1[17,2]'          1.09026e-06
1080   'SGamma1[17,3]'          1.09026e-06
1081   'SGamma1[18,1]'          1.08297e-06
1082   'SGamma1[18,2]'          1.08297e-06
1083   'SGamma1[18,3]'          1.08297e-06
1084   'SGamma1[19,1]'          1.0828e-06
1085   'SGamma1[19,2]'          1.0828e-06
1086   'SGamma1[19,3]'          1.0828e-06
1087   'SGamma1[20,1]'          1.08507e-06
1088   'SGamma1[20,2]'          1.08507e-06
1089   'SGamma1[20,3]'          1.08507e-06
1090   'SGamma1[21,1]'          1.08814e-06
1091   'SGamma1[21,2]'          1.08814e-06
1092   'SGamma1[21,3]'          1.08814e-06
1093   'SGamma1[22,1]'          1.09145e-06
1094   'SGamma1[22,2]'          1.09145e-06
1095   'SGamma1[22,3]'          1.09145e-06
1096   'SGamma1[23,1]'          1.09473e-06
1097   'SGamma1[23,2]'          1.09473e-06
1098   'SGamma1[23,3]'          1.09473e-06
1099   'SGamma1[24,1]'          1.09786e-06
1100   'SGamma1[24,2]'          1.09786e-06
1101   'SGamma1[24,3]'          1.09786e-06
1102   'SGamma1[25,1]'          1.10075e-06
1103   'SGamma1[25,2]'          1.10075e-06
1104   'SGamma1[25,3]'          1.10075e-06
1105   'SGamma1[26,1]'          1.1033e-06
1106   'SGamma1[26,2]'          1.1033e-06
1107   'SGamma1[26,3]'          1.1033e-06
1108   'SGamma1[27,1]'          1.1054e-06
1109   'SGamma1[27,2]'          1.1054e-06
1110   'SGamma1[27,3]'          1.1054e-06
1111   'SGamma1[28,1]'          1.10792e-06
1112   'SGamma1[28,2]'          1.10792e-06
1113   'SGamma1[28,3]'          1.10792e-06
1114   'SGamma1[29,1]'          1.08539e-06
1115   'SGamma1[29,2]'          1.08539e-06
1116   'SGamma1[29,3]'          1.08539e-06
1117   'SGamma1[30,1]'          1.09622e-06
1118   'SGamma1[30,2]'          1.09622e-06
1119   'SGamma1[30,3]'          1.09622e-06
1120   'SGamma2[1,1]'           1.23989
1121   'SGamma2[1,2]'           1.23989
1122   'SGamma2[1,3]'           1.23989
1123   'SGamma2[2,1]'           1.03755
1124   'SGamma2[2,2]'           1.03755
1125   'SGamma2[2,3]'           1.03755
1126   'SGamma2[3,1]'           1.04291
1127   'SGamma2[3,2]'           1.04291
1128   'SGamma2[3,3]'           1.04291
1129   'SGamma2[4,1]'           1.04226
1130   'SGamma2[4,2]'           1.04226
1131   'SGamma2[4,3]'           1.04226
1132   'SGamma2[5,1]'           1.04498
1133   'SGamma2[5,2]'           1.04498
1134   'SGamma2[5,3]'           1.04498
1135   'SGamma2[6,1]'           1.04969
1136   'SGamma2[6,2]'           1.04969
1137   'SGamma2[6,3]'           1.04969
1138   'SGamma2[7,1]'           1.05346
1139   'SGamma2[7,2]'           1.05346
1140   'SGamma2[7,3]'           1.05346
1141   'SGamma2[8,1]'           1.05721
1142   'SGamma2[8,2]'           1.05721
1143   'SGamma2[8,3]'           1.05721
1144   'SGamma2[9,1]'           1.05598
1145   'SGamma2[9,2]'           1.05598
1146   'SGamma2[9,3]'           1.05598
1147   'SGamma2[10,1]'          1.05784
1148   'SGamma2[10,2]'          1.05784
1149   'SGamma2[10,3]'          1.05784
1150   'SGamma2[11,1]'          1.05976
1151   'SGamma2[11,2]'          1.05976
1152   'SGamma2[11,3]'          1.05976
1153   'SGamma2[12,1]'          1.06339
1154   'SGamma2[12,2]'          1.06339
1155   'SGamma2[12,3]'          1.06339
1156   'SGamma2[13,1]'          1.07178
1157   'SGamma2[13,2]'          1.07178
1158   'SGamma2[13,3]'          1.07178
1159   'SGamma2[14,1]'          1.08945
1160   'SGamma2[14,2]'          1.08945
1161   'SGamma2[14,3]'          1.08945
1162   'SGamma2[15,1]'          1.0864
1163   'SGamma2[15,2]'          1.0864
1164   'SGamma2[15,3]'          1.0864
1165   'SGamma2[16,1]'          1.10802
1166   'SGamma2[16,2]'          1.10802
1167   'SGamma2[16,3]'          1.10802
1168   'SGamma2[17,1]'          1.09026
1169   'SGamma2[17,2]'          1.09026
1170   'SGamma2[17,3]'          1.09026
1171   'SGamma2[18,1]'          1.08297
1172   'SGamma2[18,2]'          1.08297
1173   'SGamma2[18,3]'          1.08297
1174   'SGamma2[19,1]'          1.0828
1175   'SGamma2[19,2]'          1.0828
1176   'SGamma2[19,3]'          1.0828
1177   'SGamma2[20,1]'          1.08507
1178   'SGamma2[20,2]'          1.08507
1179   'SGamma2[20,3]'          1.08507
1180   'SGamma2[21,1]'          1.08814
1181   'SGamma2[21,2]'          1.08814
1182   'SGamma2[21,3]'          1.08814
1183   'SGamma2[22,1]'          1.09145
1184   'SGamma2[22,2]'          1.09145
1185   'SGamma2[22,3]'          1.09145
1186   'SGamma2[23,1]'          1.09473
1187   'SGamma2[23,2]'          1.09473
1188   'SGamma2[23,3]'          1.09473
1189   'SGamma2[24,1]'          1.09786
1190   'SGamma2[24,2]'          1.09786
1191   'SGamma2[24,3]'          1.09786
1192   'SGamma2[25,1]'          1.10075
1193   'SGamma2[25,2]'          1.10075
1194   'SGamma2[25,3]'          1.10075
1195   'SGamma2[26,1]'          1.1033
1196   'SGamma2[26,2]'          1.1033
1197   'SGamma2[26,3]'          1.1033
1198   'SGamma2[27,1]'          1.1054
1199   'SGamma2[27,2]'          1.1054
1200   'SGamma2[27,3]'          1.1054
1201   'SGamma2[28,1]'          1.10792
1202   'SGamma2[28,2]'          1.10792
1203   'SGamma2[28,3]'          1.10792
1204   'SGamma2[29,1]'          1.08539
1205   'SGamma2[29,2]'          1.08539
1206   'SGamma2[29,3]'          1.08539
1207   'SGamma2[30,1]'          1.09622
1208   'SGamma2[30,2]'          1.09622
1209   'SGamma2[30,3]'          1.09622
1210   'gamma[1,1]'             1
1211   'gamma[1,2]'             1
1212   'gamma[1,3]'             1
1213   'gamma[2,1]'             1
1214   'gamma[2,2]'             1
1215   'gamma[2,3]'             1
1216   'gamma[3,1]'             1
1217   'gamma[3,2]'             1
1218   'gamma[3,3]'             1
1219   'gamma[4,1]'             1
1220   'gamma[4,2]'             1
1221   'gamma[4,3]'             1
1222   'gamma[5,1]'             1
1223   'gamma[5,2]'             1
1224   'gamma[5,3]'             1
1225   'gamma[6,1]'             1
1226   'gamma[6,2]'             1
1227   'gamma[6,3]'             1
1228   'gamma[7,1]'             1
1229   'gamma[7,2]'             1
1230   'gamma[7,3]'             1
1231   'gamma[8,1]'             1
1232   'gamma[8,2]'             1
1233   'gamma[8,3]'             1
1234   'gamma[9,1]'             1
1235   'gamma[9,2]'             1
1236   'gamma[9,3]'             1
1237   'gamma[10,1]'            1
1238   'gamma[10,2]'            1
1239   'gamma[10,3]'            1
1240   'gamma[11,1]'            1
1241   'gamma[11,2]'            1
1242   'gamma[11,3]'            1
1243   'gamma[12,1]'            1
1244   'gamma[12,2]'            1
1245   'gamma[12,3]'            1
1246   'gamma[13,1]'            1
1247   'gamma[13,2]'            1
1248   'gamma[13,3]'            1
1249   'gamma[14,1]'            1
1250   'gamma[14,2]'            1
1251   'gamma[14,3]'            1
1252   'gamma[15,1]'            1
1253   'gamma[15,2]'            1
1254   'gamma[15,3]'            1
1255   'gamma[16,1]'            1
1256   'gamma[16,2]'            1
1257   'gamma[16,3]'            1
1258   'gamma[17,1]'            1
1259   'gamma[17,2]'            1
1260   'gamma[17,3]'            1
1261   'gamma[18,1]'            1
1262   'gamma[18,2]'            1
1263   'gamma[18,3]'            1
1264   'gamma[19,1]'            1
1265   'gamma[19,2]'            1
1266   'gamma[19,3]'            1
1267   'gamma[20,1]'            1
1268   'gamma[20,2]'            1
1269   'gamma[20,3]'            1
1270   'gamma[21,1]'            1
1271   'gamma[21,2]'            1
1272   'gamma[21,3]'            1
1273   'gamma[22,1]'            1
1274   'gamma[22,2]'            1
1275   'gamma[22,3]'            1
1276   'gamma[23,1]'            1
1277   'gamma[23,2]'            1
1278   'gamma[23,3]'            1
1279   'gamma[24,1]'            1
1280   'gamma[24,2]'            1
1281   'gamma[24,3]'            1
1282   'gamma[25,1]'            1
1283   'gamma[25,2]'            1
1284   'gamma[25,3]'            1
1285   'gamma[26,1]'            1
1286   'gamma[26,2]'            1
1287   'gamma[26,3]'            1
1288   'gamma[27,1]'            1
1289   'gamma[27,2]'            1
1290   'gamma[27,3]'            1
1291   'gamma[28,1]'            1
1292   'gamma[28,2]'            1
1293   'gamma[28,3]'            1
1294   'gamma[29,1]'            1
1295   'gamma[29,2]'            1
1296   'gamma[29,3]'            1
1297   'gamma[30,1]'            1
1298   'gamma[30,2]'            1
1299   'gamma[30,3]'            1
1300   'PrS[1,1]'           88849.7
1301   'PrS[1,2]'           33579.4
1302   'PrS[1,3]'           14343.9
1303   'PrS[2,1]'           97897.2
1304   'PrS[2,2]'           37428.8
1305   'PrS[2,3]'           16173
1306   'PrS[3,1]'           92499.1
1307   'PrS[3,2]'           35126.6
1308   'PrS[3,3]'           15076.7
1309   'PrS[4,1]'           89276.8
1310   'PrS[4,2]'           33760
1311   'PrS[4,3]'           14429.3
1312   'PrS[5,1]'           85554.4
1313   'PrS[5,2]'           32188.7
1314   'PrS[5,3]'           13688.2
1315   'PrS[6,1]'           80979.1
1316   'PrS[6,2]'           30268.6
1317   'PrS[6,3]'           12787.7
1318   'PrS[7,1]'           76016
1319   'PrS[7,2]'           28200.6
1320   'PrS[7,3]'           11824.3
1321   'PrS[8,1]'           71240.9
1322   'PrS[8,2]'           26226
1323   'PrS[8,3]'           10911.3
1324   'PrS[9,1]'           67022
1325   'PrS[9,2]'           24494.7
1326   'PrS[9,3]'           10116.5
1327   'PrS[10,1]'          63748.4
1328   'PrS[10,2]'          23160.2
1329   'PrS[10,3]'           9507.86
1330   'PrS[11,1]'          61501.5
1331   'PrS[11,2]'          22248.9
1332   'PrS[11,3]'           9094.35
1333   'PrS[12,1]'          60150.7
1334   'PrS[12,2]'          21703
1335   'PrS[12,3]'           8847.46
1336   'PrS[13,1]'          60724.9
1337   'PrS[13,2]'          21934.9
1338   'PrS[13,3]'           8952.25
1339   'PrS[14,1]'          70929.8
1340   'PrS[14,2]'          26097.9
1341   'PrS[14,3]'          10852.3
1342   'PrS[15,1]'          57987.2
1343   'PrS[15,2]'          20831.8
1344   'PrS[15,3]'           8454.77
1345   'PrS[16,1]'          55261.8
1346   'PrS[16,2]'          19739.7
1347   'PrS[16,3]'           7965.03
1348   'PrS[17,1]'          57085.2
1349   'PrS[17,2]'          20469.6
1350   'PrS[17,3]'           8292.07
1351   'PrS[18,1]'          57407.7
1352   'PrS[18,2]'          20599
1353   'PrS[18,3]'           8350.17
1354   'PrS[19,1]'          57133.9
1355   'PrS[19,2]'          20489.2
1356   'PrS[19,3]'           8300.84
1357   'PrS[20,1]'          56780.3
1358   'PrS[20,2]'          20347.4
1359   'PrS[20,3]'           8237.21
1360   'PrS[21,1]'          56443
1361   'PrS[21,2]'          20212.2
1362   'PrS[21,3]'           8176.59
1363   'PrS[22,1]'          56093.5
1364   'PrS[22,2]'          20072.3
1365   'PrS[22,3]'           8113.88
1366   'PrS[23,1]'          55681.5
1367   'PrS[23,2]'          19907.5
1368   'PrS[23,3]'           8040.08
1369   'PrS[24,1]'          55160.9
1370   'PrS[24,2]'          19699.4
1371   'PrS[24,3]'           7947.01
1372   'PrS[25,1]'          54493.1
1373   'PrS[25,2]'          19432.9
1374   'PrS[25,3]'           7827.92
1375   'PrS[26,1]'          53640.7
1376   'PrS[26,2]'          19093.2
1377   'PrS[26,3]'           7676.41
1378   'PrS[27,1]'          52523
1379   'PrS[27,2]'          18648.8
1380   'PrS[27,3]'           7478.62
1381   'PrS[28,1]'          50727.7
1382   'PrS[28,2]'          17937.4
1383   'PrS[28,3]'           7163.01
1384   'PrS[29,1]'          53450.1
1385   'PrS[29,2]'          19017.4
1386   'PrS[29,3]'           7642.62
1387   'PrS[30,1]'          33240.5
1388   'PrS[30,2]'          11181.9
1389   'PrS[30,3]'           4240.41
1390   'PrSF[1]'            62118.8
1391   'PrSF[2]'            22498.9
1392   'PrSF[3]'             9207.62
1393   Vap                     56.6881
;

