solve_message = 'Knitro 10.3.0: Locally optimal or satisfactory solution.\
objective 1480.937471356536; feasibility error 5.3e-08\
1704 iterations; 6119 function evaluations'

:            _varname               _var          :=
1      'F[2]'                      0
2      'F[3]'                      0
3      'F[4]'                      0
4      'F[5]'                      0
5      'F[6]'                      0
6      'F[7]'                      0
7      'F[8]'                    100
8      'F[9]'                      0
9      'F[10]'                     0
10     'F[11]'                     0
11     'F[12]'                     0
12     'F[13]'                     0
13     'F[14]'                     0
14     'V[1,1]'                  898.588
15     'V[1,2]'                  898.417
16     'V[1,3]'                  898.111
17     'V[1,4]'                  897.674
18     'V[1,5]'                  897.447
19     'V[1,6]'                  898.745
20     'V[1,7]'                  904.013
21     'V[1,8]'                  916.598
22     'V[1,9]'                  931.489
23     'V[1,10]'                 944.427
24     'V[1,11]'                 952.668
25     'V[1,12]'                 956.662
26     'V[1,13]'                 957.93
27     'V[1,14]'                 959.412
28     'V[1,15]'                   0
29     'V[2,1]'                  582.35
30     'V[2,2]'                  582.328
31     'V[2,3]'                  582.18
32     'V[2,4]'                  581.811
33     'V[2,5]'                  581.105
34     'V[2,6]'                  580.4
35     'V[2,7]'                  581.903
36     'V[2,8]'                  589.525
37     'V[2,9]'                  602.337
38     'V[2,10]'                 613.511
39     'V[2,11]'                 622.963
40     'V[2,12]'                 628.124
41     'V[2,13]'                 630.201
42     'V[2,14]'                 630.966
43     'V[2,15]'                   0
44     'y[1,1,1]'                  1.0113e-06
45     'y[1,1,2]'                  0.00738713
46     'y[1,1,3]'                  0.992612
47     'y[1,2,1]'                  5.24752e-06
48     'y[1,2,2]'                  0.015705
49     'y[1,2,3]'                  0.98429
50     'y[1,3,1]'                  2.68859e-05
51     'y[1,3,2]'                  0.0328384
52     'y[1,3,3]'                  0.967135
53     'y[1,4,1]'                  0.000135481
54     'y[1,4,2]'                  0.0672184
55     'y[1,4,3]'                  0.932646
56     'y[1,5,1]'                  0.000661724
57     'y[1,5,2]'                  0.132662
58     'y[1,5,3]'                  0.866676
59     'y[1,6,1]'                  0.0030501
60     'y[1,6,2]'                  0.245182
61     'y[1,6,3]'                  0.751768
62     'y[1,7,1]'                  0.0127508
63     'y[1,7,2]'                  0.406045
64     'y[1,7,3]'                  0.581204
65     'y[1,8,1]'                  0.0461959
66     'y[1,8,2]'                  0.572785
67     'y[1,8,3]'                  0.381019
68     'y[1,9,1]'                  0.0481412
69     'y[1,9,2]'                  0.72555
70     'y[1,9,3]'                  0.226309
71     'y[1,10,1]'                 0.0512139
72     'y[1,10,2]'                 0.830942
73     'y[1,10,3]'                 0.117844
74     'y[1,11,1]'                 0.0581638
75     'y[1,11,2]'                 0.885713
76     'y[1,11,3]'                 0.0561231
77     'y[1,12,1]'                 0.0760762
78     'y[1,12,2]'                 0.898737
79     'y[1,12,3]'                 0.0251867
80     'y[1,13,1]'                 0.121862
81     'y[1,13,2]'                 0.867476
82     'y[1,13,3]'                 0.0106622
83     'y[1,14,1]'                 0.228578
84     'y[1,14,2]'                 0.767337
85     'y[1,14,3]'                 0.00408489
86     'y[1,15,1]'                 0.428647
87     'y[1,15,2]'                 0.570072
88     'y[1,15,3]'                 0.00128084
89     'y[2,1,1]'                  0.00156263
90     'y[2,1,2]'                  0.997489
91     'y[2,1,3]'                  0.000948137
92     'y[2,2,1]'                  0.00400376
93     'y[2,2,2]'                  0.995561
94     'y[2,2,3]'                  0.000434962
95     'y[2,3,1]'                  0.010065
96     'y[2,3,2]'                  0.989704
97     'y[2,3,3]'                  0.000231375
98     'y[2,4,1]'                  0.0249375
99     'y[2,4,2]'                  0.974913
100    'y[2,4,3]'                  0.000149811
101    'y[2,5,1]'                  0.0603872
102    'y[2,5,2]'                  0.939498
103    'y[2,5,3]'                  0.000115175
104    'y[2,6,1]'                  0.1393
105    'y[2,6,2]'                  0.860604
106    'y[2,6,3]'                  9.62732e-05
107    'y[2,7,1]'                  0.290624
108    'y[2,7,2]'                  0.709297
109    'y[2,7,3]'                  7.91426e-05
110    'y[2,8,1]'                  0.510319
111    'y[2,8,2]'                  0.489622
112    'y[2,8,3]'                  5.94588e-05
113    'y[2,9,1]'                  0.723732
114    'y[2,9,2]'                  0.276227
115    'y[2,9,3]'                  4.13783e-05
116    'y[2,10,1]'                 0.860602
117    'y[2,10,2]'                 0.139369
118    'y[2,10,3]'                 2.98966e-05
119    'y[2,11,1]'                 0.925638
120    'y[2,11,2]'                 0.0743374
121    'y[2,11,3]'                 2.4421e-05
122    'y[2,12,1]'                 0.972424
123    'y[2,12,2]'                 0.0275726
124    'y[2,12,3]'                 3.42234e-06
125    'y[2,13,1]'                 0.990169
126    'y[2,13,2]'                 0.00983032
127    'y[2,13,3]'                 4.59632e-07
128    'y[2,14,1]'                 0.996557
129    'y[2,14,2]'                 0.00344248
130    'y[2,14,3]'                 6.07209e-08
131    'y[2,15,1]'                 0.998813
132    'y[2,15,2]'                 0.00118656
133    'y[2,15,3]'                 7.93356e-09
134    'L[1,1]'                    0
135    'L[1,2]'                  928.6
136    'L[1,3]'                  928.43
137    'L[1,4]'                  928.124
138    'L[1,5]'                  927.686
139    'L[1,6]'                  927.459
140    'L[1,7]'                  928.758
141    'L[1,8]'                  934.025
142    'L[1,9]'                  846.61
143    'L[1,10]'                 861.501
144    'L[1,11]'                 874.44
145    'L[1,12]'                 882.68
146    'L[1,13]'                 886.675
147    'L[1,14]'                 887.942
148    'L[1,15]'                 889.424
149    'L[2,1]'                    0
150    'L[2,2]'                  622.325
151    'L[2,3]'                  622.303
152    'L[2,4]'                  622.155
153    'L[2,5]'                  621.786
154    'L[2,6]'                  621.08
155    'L[2,7]'                  620.375
156    'L[2,8]'                  621.878
157    'L[2,9]'                  629.501
158    'L[2,10]'                 642.312
159    'L[2,11]'                 653.486
160    'L[2,12]'                 592.951
161    'L[2,13]'                 598.111
162    'L[2,14]'                 600.188
163    'L[2,15]'                 600.954
164    'x[1,1,1]'                  1.89079e-07
165    'x[1,1,2]'                  0.00340003
166    'x[1,1,3]'                  0.9966
167    'x[1,2,1]'                  9.84725e-07
168    'x[1,2,2]'                  0.00725826
169    'x[1,2,3]'                  0.992741
170    'x[1,3,1]'                  5.084e-06
171    'x[1,3,2]'                  0.0153072
172    'x[1,3,3]'                  0.984688
173    'x[1,4,1]'                  2.60226e-05
174    'x[1,4,2]'                  0.0318865
175    'x[1,4,3]'                  0.968087
176    'x[1,5,1]'                  0.000131104
177    'x[1,5,2]'                  0.0651538
178    'x[1,5,3]'                  0.934715
179    'x[1,6,1]'                  0.000640316
180    'x[1,6,2]'                  0.128479
181    'x[1,6,3]'                  0.870881
182    'x[1,7,1]'                  0.00295154
183    'x[1,7,2]'                  0.237369
184    'x[1,7,3]'                  0.75968
185    'x[1,8,1]'                  0.0123411
186    'x[1,8,2]'                  0.393107
187    'x[1,8,3]'                  0.594552
188    'x[1,9,1]'                  0.0145794
189    'x[1,9,2]'                  0.573009
190    'x[1,9,3]'                  0.412411
191    'x[1,10,1]'                 0.0172292
192    'x[1,10,2]'                 0.738181
193    'x[1,10,3]'                 0.24459
194    'x[1,11,1]'                 0.0210052
195    'x[1,11,2]'                 0.851821
196    'x[1,11,3]'                 0.127174
197    'x[1,12,1]'                 0.0287882
198    'x[1,12,2]'                 0.91074
199    'x[1,12,3]'                 0.0604715
200    'x[1,13,1]'                 0.0482468
201    'x[1,13,2]'                 0.92468
202    'x[1,13,3]'                 0.0270736
203    'x[1,14,1]'                 0.0976808
204    'x[1,14,2]'                 0.890918
205    'x[1,14,3]'                 0.0114017
206    'x[1,15,1]'                 0.212835
207    'x[1,15,2]'                 0.78286
208    'x[1,15,3]'                 0.00430554
209    'x[2,1,1]'                  0.000584184
210    'x[2,1,2]'                  0.997173
211    'x[2,1,3]'                  0.00224245
212    'x[2,2,1]'                  0.00149978
213    'x[2,2,2]'                  0.997469
214    'x[2,2,3]'                  0.00103128
215    'x[2,3,1]'                  0.0037841
216    'x[2,3,2]'                  0.995665
217    'x[2,3,3]'                  0.000551071
218    'x[2,4,1]'                  0.00945586
219    'x[2,4,2]'                  0.990184
220    'x[2,4,3]'                  0.000360593
221    'x[2,5,1]'                  0.0233718
222    'x[2,5,2]'                  0.976344
223    'x[2,5,3]'                  0.000284349
224    'x[2,6,1]'                  0.056538
225    'x[2,6,2]'                  0.94321
226    'x[2,6,3]'                  0.000252096
227    'x[2,7,1]'                  0.130361
228    'x[2,7,2]'                  0.869404
229    'x[2,7,3]'                  0.000234567
230    'x[2,8,1]'                  0.27198
231    'x[2,8,2]'                  0.727802
232    'x[2,8,3]'                  0.000218204
233    'x[2,9,1]'                  0.477949
234    'x[2,9,2]'                  0.521853
235    'x[2,9,3]'                  0.000198086
236    'x[2,10,1]'                 0.678725
237    'x[2,10,2]'                 0.321096
238    'x[2,10,3]'                 0.000178366
239    'x[2,11,1]'                 0.807992
240    'x[2,11,2]'                 0.191843
241    'x[2,11,3]'                 0.000165244
242    'x[2,12,1]'                 0.921934
243    'x[2,12,2]'                 0.0780399
244    'x[2,12,3]'                 2.56566e-05
245    'x[2,13,1]'                 0.9711
246    'x[2,13,2]'                 0.0288966
247    'x[2,13,3]'                 3.59367e-06
248    'x[2,14,1]'                 0.989737
249    'x[2,14,2]'                 0.0102626
250    'x[2,14,3]'                 4.8222e-07
251    'x[2,15,1]'                 0.996445
252    'x[2,15,2]'                 0.00355514
253    'x[2,15,3]'                 6.33572e-08
254    'CC[2]'                     0
255    'CC[3]'                     0
256    'CC[4]'                     0
257    'CC[5]'                     0
258    'CC[6]'                     0
259    'CC[7]'                     0
260    'CC[8]'                     0
261    'CC[9]'                     0
262    'CC[10]'                    0
263    'CC[11]'                   69.9876
264    'CC[12]'                    0
265    'CC[13]'                    0
266    'CC[14]'                    0
267    'CR[2]'                     0
268    'CR[3]'                     0
269    'CR[4]'                     0
270    'CR[5]'                     6.7071e-14
271    'CR[6]'                     0
272    'CR[7]'                     0
273    'CR[8]'                     0
274    'CR[9]'                     0
275    'CR[10]'                    0
276    'CR[11]'                    0
277    'CR[12]'                    0
278    'CR[13]'                    0
279    'CR[14]'                    0
280    'PC[1]'                     2.72782e-13
281    'PC[2]'                    30.0123
282    'PR[1]'                    30.0124
283    'PR[2]'                    39.9753
284    'PS[2]'                     0
285    'PS[3]'                     0
286    'PS[4]'                     0
287    'PS[5]'                     0
288    'PS[6]'                     0
289    'PS[7]'                     0
290    'PS[8]'                     3.36658e-13
291    'PS[9]'                     0
292    'PS[10]'                    0
293    'PS[11]'                    0
294    'PS[12]'                    0
295    'PS[13]'                    0
296    'PS[14]'                    0
297    'T[1,1]'                  369.411
298    'T[1,2]'                  369.279
299    'T[1,3]'                  369.003
300    'T[1,4]'                  368.442
301    'T[1,5]'                  367.335
302    'T[1,6]'                  365.288
303    'T[1,7]'                  361.893
304    'T[1,8]'                  357.046
305    'T[1,9]'                  352.928
306    'T[1,10]'                 349.562
307    'T[1,11]'                 347.334
308    'T[1,12]'                 345.885
309    'T[1,13]'                 344.495
310    'T[1,14]'                 342.178
311    'T[1,15]'                 337.733
312    'T[2,1]'                  346.26
313    'T[2,2]'                  346.198
314    'T[2,3]'                  346.085
315    'T[2,4]'                  345.822
316    'T[2,5]'                  345.191
317    'T[2,6]'                  343.738
318    'T[2,7]'                  340.728
319    'T[2,8]'                  335.683
320    'T[2,9]'                  329.652
321    'T[2,10]'                 324.851
322    'T[2,11]'                 322.18
323    'T[2,12]'                 320.045
324    'T[2,13]'                 319.179
325    'T[2,14]'                 318.859
326    'T[2,15]'                 318.745
327    TF                        338.159
328    'QC[1]'                  9448.77
329    'QC[2]'                  5741
330    'QR[1]'                  9501.05
331    'QR[2]'                  5733.81
332    'H[1,1,1]'                  1.86164
333    'H[1,1,2]'                  2.29782
334    'H[1,1,3]'                  2.75504
335    'H[1,2,1]'                  1.85777
336    'H[1,2,2]'                  2.29314
337    'H[1,2,3]'                  2.74938
338    'H[1,3,1]'                  1.84975
339    'H[1,3,2]'                  2.28342
340    'H[1,3,3]'                  2.73765
341    'H[1,4,1]'                  1.83341
342    'H[1,4,2]'                  2.26362
343    'H[1,4,3]'                  2.71372
344    'H[1,5,1]'                  1.80127
345    'H[1,5,2]'                  2.22466
346    'H[1,5,3]'                  2.66666
347    'H[1,6,1]'                  1.74212
348    'H[1,6,2]'                  2.15291
349    'H[1,6,3]'                  2.58003
350    'H[1,7,1]'                  1.6448
351    'H[1,7,2]'                  2.03476
352    'H[1,7,3]'                  2.43747
353    'H[1,8,1]'                  1.50753
354    'H[1,8,2]'                  1.86783
355    'H[1,8,3]'                  2.23627
356    'H[1,9,1]'                  1.39246
357    'H[1,9,2]'                  1.72761
358    'H[1,9,3]'                  2.06746
359    'H[1,10,1]'                 1.29949
360    'H[1,10,2]'                 1.61411
361    'H[1,10,3]'                 1.93095
362    'H[1,11,1]'                 1.23849
363    'H[1,11,2]'                 1.53954
364    'H[1,11,3]'                 1.84132
365    'H[1,12,1]'                 1.19903
366    'H[1,12,2]'                 1.49126
367    'H[1,12,3]'                 1.78331
368    'H[1,13,1]'                 1.16138
369    'H[1,13,2]'                 1.44516
370    'H[1,13,3]'                 1.72795
371    'H[1,14,1]'                 1.09896
372    'H[1,14,2]'                 1.36865
373    'H[1,14,3]'                 1.6361
374    'H[1,15,1]'                 0.980528
375    'H[1,15,2]'                 1.22318
376    'H[1,15,3]'                 1.46162
377    'H[2,1,1]'                  1.20922
378    'H[2,1,2]'                  1.50374
379    'H[2,1,3]'                  1.7983
380    'H[2,2,1]'                  1.20755
381    'H[2,2,2]'                  1.50169
382    'H[2,2,3]'                  1.79584
383    'H[2,3,1]'                  1.20447
384    'H[2,3,2]'                  1.49792
385    'H[2,3,3]'                  1.79132
386    'H[2,4,1]'                  1.19732
387    'H[2,4,2]'                  1.48917
388    'H[2,4,3]'                  1.7808
389    'H[2,5,1]'                  1.18021
390    'H[2,5,2]'                  1.46822
391    'H[2,5,3]'                  1.75564
392    'H[2,6,1]'                  1.14092
393    'H[2,6,2]'                  1.42009
394    'H[2,6,3]'                  1.69785
395    'H[2,7,1]'                  1.06013
396    'H[2,7,2]'                  1.32099
397    'H[2,7,3]'                  1.57891
398    'H[2,8,1]'                  0.926484
399    'H[2,8,2]'                  1.15667
400    'H[2,8,3]'                  1.3819
401    'H[2,9,1]'                  0.769667
402    'H[2,9,2]'                  0.963186
403    'H[2,9,3]'                  1.15018
404    'H[2,10,1]'                 0.647133
405    'H[2,10,2]'                 0.811438
406    'H[2,10,3]'                 0.968646
407    'H[2,11,1]'                 0.579863
408    'H[2,11,2]'                 0.727903
409    'H[2,11,3]'                 0.868781
410    'H[2,12,1]'                 0.526529
411    'H[2,12,2]'                 0.661555
412    'H[2,12,3]'                 0.789494
413    'H[2,13,1]'                 0.505023
414    'H[2,13,2]'                 0.63477
415    'H[2,13,3]'                 0.757493
416    'H[2,14,1]'                 0.497089
417    'H[2,14,2]'                 0.624883
418    'H[2,14,3]'                 0.745683
419    'H[2,15,1]'                 0.494262
420    'H[2,15,2]'                 0.621359
421    'H[2,15,3]'                 0.741473
422    'HF[1]'                     0.991793
423    'HF[2]'                     1.23703
424    'HF[3]'                     1.47822
425    'h[1,1,1]'                 -6.40189
426    'h[1,1,2]'                 -7.1786
427    'h[1,1,3]'                 -7.81828
428    'h[1,2,1]'                 -6.40801
429    'h[1,2,2]'                 -7.18542
430    'h[1,2,3]'                 -7.82613
431    'h[1,3,1]'                 -6.42073
432    'h[1,3,2]'                 -7.19959
433    'h[1,3,3]'                 -7.84241
434    'h[1,4,1]'                 -6.44664
435    'h[1,4,2]'                 -7.22846
436    'h[1,4,3]'                 -7.8756
437    'h[1,5,1]'                 -6.49762
438    'h[1,5,2]'                 -7.28527
439    'h[1,5,3]'                 -7.94091
440    'h[1,6,1]'                 -6.59148
441    'h[1,6,2]'                 -7.38991
442    'h[1,6,3]'                 -8.06122
443    'h[1,7,1]'                 -6.74606
444    'h[1,7,2]'                 -7.56237
445    'h[1,7,3]'                 -8.25953
446    'h[1,8,1]'                 -6.96445
447    'h[1,8,2]'                 -7.80632
448    'h[1,8,3]'                 -8.54012
449    'h[1,9,1]'                 -7.14791
450    'h[1,9,2]'                 -8.01153
451    'h[1,9,3]'                 -8.77624
452    'h[1,10,1]'                -7.29643
453    'h[1,10,2]'                -8.17786
454    'h[1,10,3]'                -8.9677
455    'h[1,11,1]'                -7.39402
456    'h[1,11,2]'                -8.28727
457    'h[1,11,3]'                -9.09368
458    'h[1,12,1]'                -7.45722
459    'h[1,12,2]'                -8.35818
460    'h[1,12,3]'                -9.17534
461    'h[1,13,1]'                -7.51757
462    'h[1,13,2]'                -8.42591
463    'h[1,13,3]'                -9.25336
464    'h[1,14,1]'                -7.61774
465    'h[1,14,2]'                -8.53843
466    'h[1,14,3]'                -9.38301
467    'h[1,15,1]'                -7.80824
468    'h[1,15,2]'                -8.75271
469    'h[1,15,3]'                -9.63005
470    'h[2,1,1]'                 -7.44088
471    'h[2,1,2]'                 -8.33984
472    'h[2,1,3]'                 -9.15422
473    'h[2,2,1]'                 -7.44357
474    'h[2,2,2]'                 -8.34286
475    'h[2,2,3]'                 -9.1577
476    'h[2,3,1]'                 -7.44849
477    'h[2,3,2]'                 -8.34838
478    'h[2,3,3]'                 -9.16406
479    'h[2,4,1]'                 -7.45995
480    'h[2,4,2]'                 -8.36124
481    'h[2,4,3]'                 -9.17887
482    'h[2,5,1]'                 -7.48738
483    'h[2,5,2]'                 -8.39202
484    'h[2,5,3]'                 -9.21433
485    'h[2,6,1]'                 -7.55038
486    'h[2,6,2]'                 -8.46276
487    'h[2,6,3]'                 -9.29582
488    'h[2,7,1]'                 -7.68014
489    'h[2,7,2]'                 -8.60858
490    'h[2,7,3]'                 -9.46387
491    'h[2,8,1]'                 -7.89538
492    'h[2,8,2]'                 -8.85085
493    'h[2,8,3]'                 -9.74326
494    'h[2,9,1]'                 -8.14899
495    'h[2,9,2]'                 -9.13702
496    'h[2,9,3]'                -10.0736
497    'h[2,10,1]'                -8.34804
498    'h[2,10,2]'                -9.3622
499    'h[2,10,3]'               -10.334
500    'h[2,11,1]'                -8.45769
501    'h[2,11,2]'                -9.48648
502    'h[2,11,3]'               -10.4778
503    'h[2,12,1]'                -8.54481
504    'h[2,12,2]'                -9.58535
505    'h[2,12,3]'               -10.5922
506    'h[2,13,1]'                -8.57999
507    'h[2,13,2]'                -9.6253
508    'h[2,13,3]'               -10.6385
509    'h[2,14,1]'                -8.59298
510    'h[2,14,2]'                -9.64006
511    'h[2,14,3]'               -10.6556
512    'h[2,15,1]'                -8.59761
513    'h[2,15,2]'                -9.64532
514    'h[2,15,3]'               -10.6617
515    'hF[1]'                    -7.7901
516    'hF[2]'                    -8.73228
517    'hF[3]'                    -9.60649
518    'tauGamma[1,1,1,1]'     1e-06
519    'tauGamma[1,1,1,2]'     1e-06
520    'tauGamma[1,1,1,3]'     1e-06
521    'tauGamma[1,1,2,1]'     1e-06
522    'tauGamma[1,1,2,2]'     1e-06
523    'tauGamma[1,1,2,3]'     1e-06
524    'tauGamma[1,1,3,1]'     1e-06
525    'tauGamma[1,1,3,2]'     1e-06
526    'tauGamma[1,1,3,3]'     1e-06
527    'tauGamma[1,2,1,1]'     1e-06
528    'tauGamma[1,2,1,2]'     1e-06
529    'tauGamma[1,2,1,3]'     1e-06
530    'tauGamma[1,2,2,1]'     1e-06
531    'tauGamma[1,2,2,2]'     1e-06
532    'tauGamma[1,2,2,3]'     1e-06
533    'tauGamma[1,2,3,1]'     1e-06
534    'tauGamma[1,2,3,2]'     1e-06
535    'tauGamma[1,2,3,3]'     1e-06
536    'tauGamma[1,3,1,1]'     1e-06
537    'tauGamma[1,3,1,2]'     1e-06
538    'tauGamma[1,3,1,3]'     1e-06
539    'tauGamma[1,3,2,1]'     1e-06
540    'tauGamma[1,3,2,2]'     1e-06
541    'tauGamma[1,3,2,3]'     1e-06
542    'tauGamma[1,3,3,1]'     1e-06
543    'tauGamma[1,3,3,2]'     1e-06
544    'tauGamma[1,3,3,3]'     1e-06
545    'tauGamma[1,4,1,1]'     1e-06
546    'tauGamma[1,4,1,2]'     1e-06
547    'tauGamma[1,4,1,3]'     1e-06
548    'tauGamma[1,4,2,1]'     1e-06
549    'tauGamma[1,4,2,2]'     1e-06
550    'tauGamma[1,4,2,3]'     1e-06
551    'tauGamma[1,4,3,1]'     1e-06
552    'tauGamma[1,4,3,2]'     1e-06
553    'tauGamma[1,4,3,3]'     1e-06
554    'tauGamma[1,5,1,1]'     1e-06
555    'tauGamma[1,5,1,2]'     1e-06
556    'tauGamma[1,5,1,3]'     1e-06
557    'tauGamma[1,5,2,1]'     1e-06
558    'tauGamma[1,5,2,2]'     1e-06
559    'tauGamma[1,5,2,3]'     1e-06
560    'tauGamma[1,5,3,1]'     1e-06
561    'tauGamma[1,5,3,2]'     1e-06
562    'tauGamma[1,5,3,3]'     1e-06
563    'tauGamma[1,6,1,1]'     1e-06
564    'tauGamma[1,6,1,2]'     1e-06
565    'tauGamma[1,6,1,3]'     1e-06
566    'tauGamma[1,6,2,1]'     1e-06
567    'tauGamma[1,6,2,2]'     1e-06
568    'tauGamma[1,6,2,3]'     1e-06
569    'tauGamma[1,6,3,1]'     1e-06
570    'tauGamma[1,6,3,2]'     1e-06
571    'tauGamma[1,6,3,3]'     1e-06
572    'tauGamma[1,7,1,1]'     1e-06
573    'tauGamma[1,7,1,2]'     1e-06
574    'tauGamma[1,7,1,3]'     1e-06
575    'tauGamma[1,7,2,1]'     1e-06
576    'tauGamma[1,7,2,2]'     1e-06
577    'tauGamma[1,7,2,3]'     1e-06
578    'tauGamma[1,7,3,1]'     1e-06
579    'tauGamma[1,7,3,2]'     1e-06
580    'tauGamma[1,7,3,3]'     1e-06
581    'tauGamma[1,8,1,1]'     1e-06
582    'tauGamma[1,8,1,2]'     1e-06
583    'tauGamma[1,8,1,3]'     1e-06
584    'tauGamma[1,8,2,1]'     1e-06
585    'tauGamma[1,8,2,2]'     1e-06
586    'tauGamma[1,8,2,3]'     1e-06
587    'tauGamma[1,8,3,1]'     1e-06
588    'tauGamma[1,8,3,2]'     1e-06
589    'tauGamma[1,8,3,3]'     1e-06
590    'tauGamma[1,9,1,1]'     1e-06
591    'tauGamma[1,9,1,2]'     1e-06
592    'tauGamma[1,9,1,3]'     1e-06
593    'tauGamma[1,9,2,1]'     1e-06
594    'tauGamma[1,9,2,2]'     1e-06
595    'tauGamma[1,9,2,3]'     1e-06
596    'tauGamma[1,9,3,1]'     1e-06
597    'tauGamma[1,9,3,2]'     1e-06
598    'tauGamma[1,9,3,3]'     1e-06
599    'tauGamma[1,10,1,1]'    1e-06
600    'tauGamma[1,10,1,2]'    1e-06
601    'tauGamma[1,10,1,3]'    1e-06
602    'tauGamma[1,10,2,1]'    1e-06
603    'tauGamma[1,10,2,2]'    1e-06
604    'tauGamma[1,10,2,3]'    1e-06
605    'tauGamma[1,10,3,1]'    1e-06
606    'tauGamma[1,10,3,2]'    1e-06
607    'tauGamma[1,10,3,3]'    1e-06
608    'tauGamma[1,11,1,1]'    1e-06
609    'tauGamma[1,11,1,2]'    1e-06
610    'tauGamma[1,11,1,3]'    1e-06
611    'tauGamma[1,11,2,1]'    1e-06
612    'tauGamma[1,11,2,2]'    1e-06
613    'tauGamma[1,11,2,3]'    1e-06
614    'tauGamma[1,11,3,1]'    1e-06
615    'tauGamma[1,11,3,2]'    1e-06
616    'tauGamma[1,11,3,3]'    1e-06
617    'tauGamma[1,12,1,1]'    1e-06
618    'tauGamma[1,12,1,2]'    1e-06
619    'tauGamma[1,12,1,3]'    1e-06
620    'tauGamma[1,12,2,1]'    1e-06
621    'tauGamma[1,12,2,2]'    1e-06
622    'tauGamma[1,12,2,3]'    1e-06
623    'tauGamma[1,12,3,1]'    1e-06
624    'tauGamma[1,12,3,2]'    1e-06
625    'tauGamma[1,12,3,3]'    1e-06
626    'tauGamma[1,13,1,1]'    1e-06
627    'tauGamma[1,13,1,2]'    1e-06
628    'tauGamma[1,13,1,3]'    1e-06
629    'tauGamma[1,13,2,1]'    1e-06
630    'tauGamma[1,13,2,2]'    1e-06
631    'tauGamma[1,13,2,3]'    1e-06
632    'tauGamma[1,13,3,1]'    1e-06
633    'tauGamma[1,13,3,2]'    1e-06
634    'tauGamma[1,13,3,3]'    1e-06
635    'tauGamma[1,14,1,1]'    1e-06
636    'tauGamma[1,14,1,2]'    1e-06
637    'tauGamma[1,14,1,3]'    1e-06
638    'tauGamma[1,14,2,1]'    1e-06
639    'tauGamma[1,14,2,2]'    1e-06
640    'tauGamma[1,14,2,3]'    1e-06
641    'tauGamma[1,14,3,1]'    1e-06
642    'tauGamma[1,14,3,2]'    1e-06
643    'tauGamma[1,14,3,3]'    1e-06
644    'tauGamma[1,15,1,1]'    1e-06
645    'tauGamma[1,15,1,2]'    1e-06
646    'tauGamma[1,15,1,3]'    1e-06
647    'tauGamma[1,15,2,1]'    1e-06
648    'tauGamma[1,15,2,2]'    1e-06
649    'tauGamma[1,15,2,3]'    1e-06
650    'tauGamma[1,15,3,1]'    1e-06
651    'tauGamma[1,15,3,2]'    1e-06
652    'tauGamma[1,15,3,3]'    1e-06
653    'tauGamma[2,1,1,1]'     1e-06
654    'tauGamma[2,1,1,2]'     1e-06
655    'tauGamma[2,1,1,3]'     1e-06
656    'tauGamma[2,1,2,1]'     1e-06
657    'tauGamma[2,1,2,2]'     1e-06
658    'tauGamma[2,1,2,3]'     1e-06
659    'tauGamma[2,1,3,1]'     1e-06
660    'tauGamma[2,1,3,2]'     1e-06
661    'tauGamma[2,1,3,3]'     1e-06
662    'tauGamma[2,2,1,1]'     1e-06
663    'tauGamma[2,2,1,2]'     1e-06
664    'tauGamma[2,2,1,3]'     1e-06
665    'tauGamma[2,2,2,1]'     1e-06
666    'tauGamma[2,2,2,2]'     1e-06
667    'tauGamma[2,2,2,3]'     1e-06
668    'tauGamma[2,2,3,1]'     1e-06
669    'tauGamma[2,2,3,2]'     1e-06
670    'tauGamma[2,2,3,3]'     1e-06
671    'tauGamma[2,3,1,1]'     1e-06
672    'tauGamma[2,3,1,2]'     1e-06
673    'tauGamma[2,3,1,3]'     1e-06
674    'tauGamma[2,3,2,1]'     1e-06
675    'tauGamma[2,3,2,2]'     1e-06
676    'tauGamma[2,3,2,3]'     1e-06
677    'tauGamma[2,3,3,1]'     1e-06
678    'tauGamma[2,3,3,2]'     1e-06
679    'tauGamma[2,3,3,3]'     1e-06
680    'tauGamma[2,4,1,1]'     1e-06
681    'tauGamma[2,4,1,2]'     1e-06
682    'tauGamma[2,4,1,3]'     1e-06
683    'tauGamma[2,4,2,1]'     1e-06
684    'tauGamma[2,4,2,2]'     1e-06
685    'tauGamma[2,4,2,3]'     1e-06
686    'tauGamma[2,4,3,1]'     1e-06
687    'tauGamma[2,4,3,2]'     1e-06
688    'tauGamma[2,4,3,3]'     1e-06
689    'tauGamma[2,5,1,1]'     1e-06
690    'tauGamma[2,5,1,2]'     1e-06
691    'tauGamma[2,5,1,3]'     1e-06
692    'tauGamma[2,5,2,1]'     1e-06
693    'tauGamma[2,5,2,2]'     1e-06
694    'tauGamma[2,5,2,3]'     1e-06
695    'tauGamma[2,5,3,1]'     1e-06
696    'tauGamma[2,5,3,2]'     1e-06
697    'tauGamma[2,5,3,3]'     1e-06
698    'tauGamma[2,6,1,1]'     1e-06
699    'tauGamma[2,6,1,2]'     1e-06
700    'tauGamma[2,6,1,3]'     1e-06
701    'tauGamma[2,6,2,1]'     1e-06
702    'tauGamma[2,6,2,2]'     1e-06
703    'tauGamma[2,6,2,3]'     1e-06
704    'tauGamma[2,6,3,1]'     1e-06
705    'tauGamma[2,6,3,2]'     1e-06
706    'tauGamma[2,6,3,3]'     1e-06
707    'tauGamma[2,7,1,1]'     1e-06
708    'tauGamma[2,7,1,2]'     1e-06
709    'tauGamma[2,7,1,3]'     1e-06
710    'tauGamma[2,7,2,1]'     1e-06
711    'tauGamma[2,7,2,2]'     1e-06
712    'tauGamma[2,7,2,3]'     1e-06
713    'tauGamma[2,7,3,1]'     1e-06
714    'tauGamma[2,7,3,2]'     1e-06
715    'tauGamma[2,7,3,3]'     1e-06
716    'tauGamma[2,8,1,1]'     1e-06
717    'tauGamma[2,8,1,2]'     1e-06
718    'tauGamma[2,8,1,3]'     1e-06
719    'tauGamma[2,8,2,1]'     1e-06
720    'tauGamma[2,8,2,2]'     1e-06
721    'tauGamma[2,8,2,3]'     1e-06
722    'tauGamma[2,8,3,1]'     1e-06
723    'tauGamma[2,8,3,2]'     1e-06
724    'tauGamma[2,8,3,3]'     1e-06
725    'tauGamma[2,9,1,1]'     1e-06
726    'tauGamma[2,9,1,2]'     1e-06
727    'tauGamma[2,9,1,3]'     1e-06
728    'tauGamma[2,9,2,1]'     1e-06
729    'tauGamma[2,9,2,2]'     1e-06
730    'tauGamma[2,9,2,3]'     1e-06
731    'tauGamma[2,9,3,1]'     1e-06
732    'tauGamma[2,9,3,2]'     1e-06
733    'tauGamma[2,9,3,3]'     1e-06
734    'tauGamma[2,10,1,1]'    1e-06
735    'tauGamma[2,10,1,2]'    1e-06
736    'tauGamma[2,10,1,3]'    1e-06
737    'tauGamma[2,10,2,1]'    1e-06
738    'tauGamma[2,10,2,2]'    1e-06
739    'tauGamma[2,10,2,3]'    1e-06
740    'tauGamma[2,10,3,1]'    1e-06
741    'tauGamma[2,10,3,2]'    1e-06
742    'tauGamma[2,10,3,3]'    1e-06
743    'tauGamma[2,11,1,1]'    1e-06
744    'tauGamma[2,11,1,2]'    1e-06
745    'tauGamma[2,11,1,3]'    1e-06
746    'tauGamma[2,11,2,1]'    1e-06
747    'tauGamma[2,11,2,2]'    1e-06
748    'tauGamma[2,11,2,3]'    1e-06
749    'tauGamma[2,11,3,1]'    1e-06
750    'tauGamma[2,11,3,2]'    1e-06
751    'tauGamma[2,11,3,3]'    1e-06
752    'tauGamma[2,12,1,1]'    1e-06
753    'tauGamma[2,12,1,2]'    1e-06
754    'tauGamma[2,12,1,3]'    1e-06
755    'tauGamma[2,12,2,1]'    1e-06
756    'tauGamma[2,12,2,2]'    1e-06
757    'tauGamma[2,12,2,3]'    1e-06
758    'tauGamma[2,12,3,1]'    1e-06
759    'tauGamma[2,12,3,2]'    1e-06
760    'tauGamma[2,12,3,3]'    1e-06
761    'tauGamma[2,13,1,1]'    1e-06
762    'tauGamma[2,13,1,2]'    1e-06
763    'tauGamma[2,13,1,3]'    1e-06
764    'tauGamma[2,13,2,1]'    1e-06
765    'tauGamma[2,13,2,2]'    1e-06
766    'tauGamma[2,13,2,3]'    1e-06
767    'tauGamma[2,13,3,1]'    1e-06
768    'tauGamma[2,13,3,2]'    1e-06
769    'tauGamma[2,13,3,3]'    1e-06
770    'tauGamma[2,14,1,1]'    1e-06
771    'tauGamma[2,14,1,2]'    1e-06
772    'tauGamma[2,14,1,3]'    1e-06
773    'tauGamma[2,14,2,1]'    1e-06
774    'tauGamma[2,14,2,2]'    1e-06
775    'tauGamma[2,14,2,3]'    1e-06
776    'tauGamma[2,14,3,1]'    1e-06
777    'tauGamma[2,14,3,2]'    1e-06
778    'tauGamma[2,14,3,3]'    1e-06
779    'tauGamma[2,15,1,1]'    1e-06
780    'tauGamma[2,15,1,2]'    1e-06
781    'tauGamma[2,15,1,3]'    1e-06
782    'tauGamma[2,15,2,1]'    1e-06
783    'tauGamma[2,15,2,2]'    1e-06
784    'tauGamma[2,15,2,3]'    1e-06
785    'tauGamma[2,15,3,1]'    1e-06
786    'tauGamma[2,15,3,2]'    1e-06
787    'tauGamma[2,15,3,3]'    1e-06
788    'PGamma[1,1,1,1]'           1
789    'PGamma[1,1,1,2]'           1
790    'PGamma[1,1,1,3]'           1
791    'PGamma[1,1,2,1]'           1
792    'PGamma[1,1,2,2]'           1
793    'PGamma[1,1,2,3]'           1
794    'PGamma[1,1,3,1]'           1
795    'PGamma[1,1,3,2]'           1
796    'PGamma[1,1,3,3]'           1
797    'PGamma[1,2,1,1]'           1
798    'PGamma[1,2,1,2]'           1
799    'PGamma[1,2,1,3]'           1
800    'PGamma[1,2,2,1]'           1
801    'PGamma[1,2,2,2]'           1
802    'PGamma[1,2,2,3]'           1
803    'PGamma[1,2,3,1]'           1
804    'PGamma[1,2,3,2]'           1
805    'PGamma[1,2,3,3]'           1
806    'PGamma[1,3,1,1]'           1
807    'PGamma[1,3,1,2]'           1
808    'PGamma[1,3,1,3]'           1
809    'PGamma[1,3,2,1]'           1
810    'PGamma[1,3,2,2]'           1
811    'PGamma[1,3,2,3]'           1
812    'PGamma[1,3,3,1]'           1
813    'PGamma[1,3,3,2]'           1
814    'PGamma[1,3,3,3]'           1
815    'PGamma[1,4,1,1]'           1
816    'PGamma[1,4,1,2]'           1
817    'PGamma[1,4,1,3]'           1
818    'PGamma[1,4,2,1]'           1
819    'PGamma[1,4,2,2]'           1
820    'PGamma[1,4,2,3]'           1
821    'PGamma[1,4,3,1]'           1
822    'PGamma[1,4,3,2]'           1
823    'PGamma[1,4,3,3]'           1
824    'PGamma[1,5,1,1]'           1
825    'PGamma[1,5,1,2]'           1
826    'PGamma[1,5,1,3]'           1
827    'PGamma[1,5,2,1]'           1
828    'PGamma[1,5,2,2]'           1
829    'PGamma[1,5,2,3]'           1
830    'PGamma[1,5,3,1]'           1
831    'PGamma[1,5,3,2]'           1
832    'PGamma[1,5,3,3]'           1
833    'PGamma[1,6,1,1]'           1
834    'PGamma[1,6,1,2]'           1
835    'PGamma[1,6,1,3]'           1
836    'PGamma[1,6,2,1]'           1
837    'PGamma[1,6,2,2]'           1
838    'PGamma[1,6,2,3]'           1
839    'PGamma[1,6,3,1]'           1
840    'PGamma[1,6,3,2]'           1
841    'PGamma[1,6,3,3]'           1
842    'PGamma[1,7,1,1]'           1
843    'PGamma[1,7,1,2]'           1
844    'PGamma[1,7,1,3]'           1
845    'PGamma[1,7,2,1]'           1
846    'PGamma[1,7,2,2]'           1
847    'PGamma[1,7,2,3]'           1
848    'PGamma[1,7,3,1]'           1
849    'PGamma[1,7,3,2]'           1
850    'PGamma[1,7,3,3]'           1
851    'PGamma[1,8,1,1]'           1
852    'PGamma[1,8,1,2]'           1
853    'PGamma[1,8,1,3]'           1
854    'PGamma[1,8,2,1]'           1
855    'PGamma[1,8,2,2]'           1
856    'PGamma[1,8,2,3]'           1
857    'PGamma[1,8,3,1]'           1
858    'PGamma[1,8,3,2]'           1
859    'PGamma[1,8,3,3]'           1
860    'PGamma[1,9,1,1]'           1
861    'PGamma[1,9,1,2]'           1
862    'PGamma[1,9,1,3]'           1
863    'PGamma[1,9,2,1]'           1
864    'PGamma[1,9,2,2]'           1
865    'PGamma[1,9,2,3]'           1
866    'PGamma[1,9,3,1]'           1
867    'PGamma[1,9,3,2]'           1
868    'PGamma[1,9,3,3]'           1
869    'PGamma[1,10,1,1]'          1
870    'PGamma[1,10,1,2]'          1
871    'PGamma[1,10,1,3]'          1
872    'PGamma[1,10,2,1]'          1
873    'PGamma[1,10,2,2]'          1
874    'PGamma[1,10,2,3]'          1
875    'PGamma[1,10,3,1]'          1
876    'PGamma[1,10,3,2]'          1
877    'PGamma[1,10,3,3]'          1
878    'PGamma[1,11,1,1]'          1
879    'PGamma[1,11,1,2]'          1
880    'PGamma[1,11,1,3]'          1
881    'PGamma[1,11,2,1]'          1
882    'PGamma[1,11,2,2]'          1
883    'PGamma[1,11,2,3]'          1
884    'PGamma[1,11,3,1]'          1
885    'PGamma[1,11,3,2]'          1
886    'PGamma[1,11,3,3]'          1
887    'PGamma[1,12,1,1]'          1
888    'PGamma[1,12,1,2]'          1
889    'PGamma[1,12,1,3]'          1
890    'PGamma[1,12,2,1]'          1
891    'PGamma[1,12,2,2]'          1
892    'PGamma[1,12,2,3]'          1
893    'PGamma[1,12,3,1]'          1
894    'PGamma[1,12,3,2]'          1
895    'PGamma[1,12,3,3]'          1
896    'PGamma[1,13,1,1]'          1
897    'PGamma[1,13,1,2]'          1
898    'PGamma[1,13,1,3]'          1
899    'PGamma[1,13,2,1]'          1
900    'PGamma[1,13,2,2]'          1
901    'PGamma[1,13,2,3]'          1
902    'PGamma[1,13,3,1]'          1
903    'PGamma[1,13,3,2]'          1
904    'PGamma[1,13,3,3]'          1
905    'PGamma[1,14,1,1]'          1
906    'PGamma[1,14,1,2]'          1
907    'PGamma[1,14,1,3]'          1
908    'PGamma[1,14,2,1]'          1
909    'PGamma[1,14,2,2]'          1
910    'PGamma[1,14,2,3]'          1
911    'PGamma[1,14,3,1]'          1
912    'PGamma[1,14,3,2]'          1
913    'PGamma[1,14,3,3]'          1
914    'PGamma[1,15,1,1]'          1
915    'PGamma[1,15,1,2]'          1
916    'PGamma[1,15,1,3]'          1
917    'PGamma[1,15,2,1]'          1
918    'PGamma[1,15,2,2]'          1
919    'PGamma[1,15,2,3]'          1
920    'PGamma[1,15,3,1]'          1
921    'PGamma[1,15,3,2]'          1
922    'PGamma[1,15,3,3]'          1
923    'PGamma[2,1,1,1]'           1
924    'PGamma[2,1,1,2]'           1
925    'PGamma[2,1,1,3]'           1
926    'PGamma[2,1,2,1]'           1
927    'PGamma[2,1,2,2]'           1
928    'PGamma[2,1,2,3]'           1
929    'PGamma[2,1,3,1]'           1
930    'PGamma[2,1,3,2]'           1
931    'PGamma[2,1,3,3]'           1
932    'PGamma[2,2,1,1]'           1
933    'PGamma[2,2,1,2]'           1
934    'PGamma[2,2,1,3]'           1
935    'PGamma[2,2,2,1]'           1
936    'PGamma[2,2,2,2]'           1
937    'PGamma[2,2,2,3]'           1
938    'PGamma[2,2,3,1]'           1
939    'PGamma[2,2,3,2]'           1
940    'PGamma[2,2,3,3]'           1
941    'PGamma[2,3,1,1]'           1
942    'PGamma[2,3,1,2]'           1
943    'PGamma[2,3,1,3]'           1
944    'PGamma[2,3,2,1]'           1
945    'PGamma[2,3,2,2]'           1
946    'PGamma[2,3,2,3]'           1
947    'PGamma[2,3,3,1]'           1
948    'PGamma[2,3,3,2]'           1
949    'PGamma[2,3,3,3]'           1
950    'PGamma[2,4,1,1]'           1
951    'PGamma[2,4,1,2]'           1
952    'PGamma[2,4,1,3]'           1
953    'PGamma[2,4,2,1]'           1
954    'PGamma[2,4,2,2]'           1
955    'PGamma[2,4,2,3]'           1
956    'PGamma[2,4,3,1]'           1
957    'PGamma[2,4,3,2]'           1
958    'PGamma[2,4,3,3]'           1
959    'PGamma[2,5,1,1]'           1
960    'PGamma[2,5,1,2]'           1
961    'PGamma[2,5,1,3]'           1
962    'PGamma[2,5,2,1]'           1
963    'PGamma[2,5,2,2]'           1
964    'PGamma[2,5,2,3]'           1
965    'PGamma[2,5,3,1]'           1
966    'PGamma[2,5,3,2]'           1
967    'PGamma[2,5,3,3]'           1
968    'PGamma[2,6,1,1]'           1
969    'PGamma[2,6,1,2]'           1
970    'PGamma[2,6,1,3]'           1
971    'PGamma[2,6,2,1]'           1
972    'PGamma[2,6,2,2]'           1
973    'PGamma[2,6,2,3]'           1
974    'PGamma[2,6,3,1]'           1
975    'PGamma[2,6,3,2]'           1
976    'PGamma[2,6,3,3]'           1
977    'PGamma[2,7,1,1]'           1
978    'PGamma[2,7,1,2]'           1
979    'PGamma[2,7,1,3]'           1
980    'PGamma[2,7,2,1]'           1
981    'PGamma[2,7,2,2]'           1
982    'PGamma[2,7,2,3]'           1
983    'PGamma[2,7,3,1]'           1
984    'PGamma[2,7,3,2]'           1
985    'PGamma[2,7,3,3]'           1
986    'PGamma[2,8,1,1]'           1
987    'PGamma[2,8,1,2]'           1
988    'PGamma[2,8,1,3]'           1
989    'PGamma[2,8,2,1]'           1
990    'PGamma[2,8,2,2]'           1
991    'PGamma[2,8,2,3]'           1
992    'PGamma[2,8,3,1]'           1
993    'PGamma[2,8,3,2]'           1
994    'PGamma[2,8,3,3]'           1
995    'PGamma[2,9,1,1]'           1
996    'PGamma[2,9,1,2]'           1
997    'PGamma[2,9,1,3]'           1
998    'PGamma[2,9,2,1]'           1
999    'PGamma[2,9,2,2]'           1
1000   'PGamma[2,9,2,3]'           1
1001   'PGamma[2,9,3,1]'           1
1002   'PGamma[2,9,3,2]'           1
1003   'PGamma[2,9,3,3]'           1
1004   'PGamma[2,10,1,1]'          1
1005   'PGamma[2,10,1,2]'          1
1006   'PGamma[2,10,1,3]'          1
1007   'PGamma[2,10,2,1]'          1
1008   'PGamma[2,10,2,2]'          1
1009   'PGamma[2,10,2,3]'          1
1010   'PGamma[2,10,3,1]'          1
1011   'PGamma[2,10,3,2]'          1
1012   'PGamma[2,10,3,3]'          1
1013   'PGamma[2,11,1,1]'          1
1014   'PGamma[2,11,1,2]'          1
1015   'PGamma[2,11,1,3]'          1
1016   'PGamma[2,11,2,1]'          1
1017   'PGamma[2,11,2,2]'          1
1018   'PGamma[2,11,2,3]'          1
1019   'PGamma[2,11,3,1]'          1
1020   'PGamma[2,11,3,2]'          1
1021   'PGamma[2,11,3,3]'          1
1022   'PGamma[2,12,1,1]'          1
1023   'PGamma[2,12,1,2]'          1
1024   'PGamma[2,12,1,3]'          1
1025   'PGamma[2,12,2,1]'          1
1026   'PGamma[2,12,2,2]'          1
1027   'PGamma[2,12,2,3]'          1
1028   'PGamma[2,12,3,1]'          1
1029   'PGamma[2,12,3,2]'          1
1030   'PGamma[2,12,3,3]'          1
1031   'PGamma[2,13,1,1]'          1
1032   'PGamma[2,13,1,2]'          1
1033   'PGamma[2,13,1,3]'          1
1034   'PGamma[2,13,2,1]'          1
1035   'PGamma[2,13,2,2]'          1
1036   'PGamma[2,13,2,3]'          1
1037   'PGamma[2,13,3,1]'          1
1038   'PGamma[2,13,3,2]'          1
1039   'PGamma[2,13,3,3]'          1
1040   'PGamma[2,14,1,1]'          1
1041   'PGamma[2,14,1,2]'          1
1042   'PGamma[2,14,1,3]'          1
1043   'PGamma[2,14,2,1]'          1
1044   'PGamma[2,14,2,2]'          1
1045   'PGamma[2,14,2,3]'          1
1046   'PGamma[2,14,3,1]'          1
1047   'PGamma[2,14,3,2]'          1
1048   'PGamma[2,14,3,3]'          1
1049   'PGamma[2,15,1,1]'          1
1050   'PGamma[2,15,1,2]'          1
1051   'PGamma[2,15,1,3]'          1
1052   'PGamma[2,15,2,1]'          1
1053   'PGamma[2,15,2,2]'          1
1054   'PGamma[2,15,2,3]'          1
1055   'PGamma[2,15,3,1]'          1
1056   'PGamma[2,15,3,2]'          1
1057   'PGamma[2,15,3,3]'          1
1058   'SGamma1[1,1,1]'        1e-06
1059   'SGamma1[1,1,2]'        1e-06
1060   'SGamma1[1,1,3]'        1e-06
1061   'SGamma1[1,2,1]'        1e-06
1062   'SGamma1[1,2,2]'        1e-06
1063   'SGamma1[1,2,3]'        1e-06
1064   'SGamma1[1,3,1]'        1e-06
1065   'SGamma1[1,3,2]'        1e-06
1066   'SGamma1[1,3,3]'        1e-06
1067   'SGamma1[1,4,1]'        1e-06
1068   'SGamma1[1,4,2]'        1e-06
1069   'SGamma1[1,4,3]'        1e-06
1070   'SGamma1[1,5,1]'        1e-06
1071   'SGamma1[1,5,2]'        1e-06
1072   'SGamma1[1,5,3]'        1e-06
1073   'SGamma1[1,6,1]'        1e-06
1074   'SGamma1[1,6,2]'        1e-06
1075   'SGamma1[1,6,3]'        1e-06
1076   'SGamma1[1,7,1]'        1e-06
1077   'SGamma1[1,7,2]'        1e-06
1078   'SGamma1[1,7,3]'        1e-06
1079   'SGamma1[1,8,1]'        1e-06
1080   'SGamma1[1,8,2]'        1e-06
1081   'SGamma1[1,8,3]'        1e-06
1082   'SGamma1[1,9,1]'        1e-06
1083   'SGamma1[1,9,2]'        1e-06
1084   'SGamma1[1,9,3]'        1e-06
1085   'SGamma1[1,10,1]'       1e-06
1086   'SGamma1[1,10,2]'       1e-06
1087   'SGamma1[1,10,3]'       1e-06
1088   'SGamma1[1,11,1]'       1e-06
1089   'SGamma1[1,11,2]'       1e-06
1090   'SGamma1[1,11,3]'       1e-06
1091   'SGamma1[1,12,1]'       1e-06
1092   'SGamma1[1,12,2]'       1e-06
1093   'SGamma1[1,12,3]'       1e-06
1094   'SGamma1[1,13,1]'       1e-06
1095   'SGamma1[1,13,2]'       1e-06
1096   'SGamma1[1,13,3]'       1e-06
1097   'SGamma1[1,14,1]'       1e-06
1098   'SGamma1[1,14,2]'       1e-06
1099   'SGamma1[1,14,3]'       1e-06
1100   'SGamma1[1,15,1]'       1e-06
1101   'SGamma1[1,15,2]'       1e-06
1102   'SGamma1[1,15,3]'       1e-06
1103   'SGamma1[2,1,1]'        1e-06
1104   'SGamma1[2,1,2]'        1e-06
1105   'SGamma1[2,1,3]'        1e-06
1106   'SGamma1[2,2,1]'        1e-06
1107   'SGamma1[2,2,2]'        1e-06
1108   'SGamma1[2,2,3]'        1e-06
1109   'SGamma1[2,3,1]'        1e-06
1110   'SGamma1[2,3,2]'        1e-06
1111   'SGamma1[2,3,3]'        1e-06
1112   'SGamma1[2,4,1]'        1e-06
1113   'SGamma1[2,4,2]'        1e-06
1114   'SGamma1[2,4,3]'        1e-06
1115   'SGamma1[2,5,1]'        1e-06
1116   'SGamma1[2,5,2]'        1e-06
1117   'SGamma1[2,5,3]'        1e-06
1118   'SGamma1[2,6,1]'        1e-06
1119   'SGamma1[2,6,2]'        1e-06
1120   'SGamma1[2,6,3]'        1e-06
1121   'SGamma1[2,7,1]'        1e-06
1122   'SGamma1[2,7,2]'        1e-06
1123   'SGamma1[2,7,3]'        1e-06
1124   'SGamma1[2,8,1]'        1e-06
1125   'SGamma1[2,8,2]'        1e-06
1126   'SGamma1[2,8,3]'        1e-06
1127   'SGamma1[2,9,1]'        1e-06
1128   'SGamma1[2,9,2]'        1e-06
1129   'SGamma1[2,9,3]'        1e-06
1130   'SGamma1[2,10,1]'       1e-06
1131   'SGamma1[2,10,2]'       1e-06
1132   'SGamma1[2,10,3]'       1e-06
1133   'SGamma1[2,11,1]'       1e-06
1134   'SGamma1[2,11,2]'       1e-06
1135   'SGamma1[2,11,3]'       1e-06
1136   'SGamma1[2,12,1]'       1e-06
1137   'SGamma1[2,12,2]'       1e-06
1138   'SGamma1[2,12,3]'       1e-06
1139   'SGamma1[2,13,1]'       1e-06
1140   'SGamma1[2,13,2]'       1e-06
1141   'SGamma1[2,13,3]'       1e-06
1142   'SGamma1[2,14,1]'       1e-06
1143   'SGamma1[2,14,2]'       1e-06
1144   'SGamma1[2,14,3]'       1e-06
1145   'SGamma1[2,15,1]'       1e-06
1146   'SGamma1[2,15,2]'       1e-06
1147   'SGamma1[2,15,3]'       1e-06
1148   'SGamma2[1,1,1]'            1
1149   'SGamma2[1,1,2]'            1
1150   'SGamma2[1,1,3]'            1
1151   'SGamma2[1,2,1]'            1
1152   'SGamma2[1,2,2]'            1
1153   'SGamma2[1,2,3]'            1
1154   'SGamma2[1,3,1]'            1
1155   'SGamma2[1,3,2]'            1
1156   'SGamma2[1,3,3]'            1
1157   'SGamma2[1,4,1]'            1
1158   'SGamma2[1,4,2]'            1
1159   'SGamma2[1,4,3]'            1
1160   'SGamma2[1,5,1]'            1
1161   'SGamma2[1,5,2]'            1
1162   'SGamma2[1,5,3]'            1
1163   'SGamma2[1,6,1]'            1
1164   'SGamma2[1,6,2]'            1
1165   'SGamma2[1,6,3]'            1
1166   'SGamma2[1,7,1]'            1
1167   'SGamma2[1,7,2]'            1
1168   'SGamma2[1,7,3]'            1
1169   'SGamma2[1,8,1]'            1
1170   'SGamma2[1,8,2]'            1
1171   'SGamma2[1,8,3]'            1
1172   'SGamma2[1,9,1]'            1
1173   'SGamma2[1,9,2]'            1
1174   'SGamma2[1,9,3]'            1
1175   'SGamma2[1,10,1]'           1
1176   'SGamma2[1,10,2]'           1
1177   'SGamma2[1,10,3]'           1
1178   'SGamma2[1,11,1]'           1
1179   'SGamma2[1,11,2]'           1
1180   'SGamma2[1,11,3]'           1
1181   'SGamma2[1,12,1]'           1
1182   'SGamma2[1,12,2]'           1
1183   'SGamma2[1,12,3]'           1
1184   'SGamma2[1,13,1]'           1
1185   'SGamma2[1,13,2]'           1
1186   'SGamma2[1,13,3]'           1
1187   'SGamma2[1,14,1]'           1
1188   'SGamma2[1,14,2]'           1
1189   'SGamma2[1,14,3]'           1
1190   'SGamma2[1,15,1]'           1
1191   'SGamma2[1,15,2]'           1
1192   'SGamma2[1,15,3]'           1
1193   'SGamma2[2,1,1]'            1
1194   'SGamma2[2,1,2]'            1
1195   'SGamma2[2,1,3]'            1
1196   'SGamma2[2,2,1]'            1
1197   'SGamma2[2,2,2]'            1
1198   'SGamma2[2,2,3]'            1
1199   'SGamma2[2,3,1]'            1
1200   'SGamma2[2,3,2]'            1
1201   'SGamma2[2,3,3]'            1
1202   'SGamma2[2,4,1]'            1
1203   'SGamma2[2,4,2]'            1
1204   'SGamma2[2,4,3]'            1
1205   'SGamma2[2,5,1]'            1
1206   'SGamma2[2,5,2]'            1
1207   'SGamma2[2,5,3]'            1
1208   'SGamma2[2,6,1]'            1
1209   'SGamma2[2,6,2]'            1
1210   'SGamma2[2,6,3]'            1
1211   'SGamma2[2,7,1]'            1
1212   'SGamma2[2,7,2]'            1
1213   'SGamma2[2,7,3]'            1
1214   'SGamma2[2,8,1]'            1
1215   'SGamma2[2,8,2]'            1
1216   'SGamma2[2,8,3]'            1
1217   'SGamma2[2,9,1]'            1
1218   'SGamma2[2,9,2]'            1
1219   'SGamma2[2,9,3]'            1
1220   'SGamma2[2,10,1]'           1
1221   'SGamma2[2,10,2]'           1
1222   'SGamma2[2,10,3]'           1
1223   'SGamma2[2,11,1]'           1
1224   'SGamma2[2,11,2]'           1
1225   'SGamma2[2,11,3]'           1
1226   'SGamma2[2,12,1]'           1
1227   'SGamma2[2,12,2]'           1
1228   'SGamma2[2,12,3]'           1
1229   'SGamma2[2,13,1]'           1
1230   'SGamma2[2,13,2]'           1
1231   'SGamma2[2,13,3]'           1
1232   'SGamma2[2,14,1]'           1
1233   'SGamma2[2,14,2]'           1
1234   'SGamma2[2,14,3]'           1
1235   'SGamma2[2,15,1]'           1
1236   'SGamma2[2,15,2]'           1
1237   'SGamma2[2,15,3]'           1
1238   'gamma[1,1,1]'              1
1239   'gamma[1,1,2]'              1
1240   'gamma[1,1,3]'              1
1241   'gamma[1,2,1]'              1
1242   'gamma[1,2,2]'              1
1243   'gamma[1,2,3]'              1
1244   'gamma[1,3,1]'              1
1245   'gamma[1,3,2]'              1
1246   'gamma[1,3,3]'              1
1247   'gamma[1,4,1]'              1
1248   'gamma[1,4,2]'              1
1249   'gamma[1,4,3]'              1
1250   'gamma[1,5,1]'              1
1251   'gamma[1,5,2]'              1
1252   'gamma[1,5,3]'              1
1253   'gamma[1,6,1]'              1
1254   'gamma[1,6,2]'              1
1255   'gamma[1,6,3]'              1
1256   'gamma[1,7,1]'              1
1257   'gamma[1,7,2]'              1
1258   'gamma[1,7,3]'              1
1259   'gamma[1,8,1]'              1
1260   'gamma[1,8,2]'              1
1261   'gamma[1,8,3]'              1
1262   'gamma[1,9,1]'              1
1263   'gamma[1,9,2]'              1
1264   'gamma[1,9,3]'              1
1265   'gamma[1,10,1]'             1
1266   'gamma[1,10,2]'             1
1267   'gamma[1,10,3]'             1
1268   'gamma[1,11,1]'             1
1269   'gamma[1,11,2]'             1
1270   'gamma[1,11,3]'             1
1271   'gamma[1,12,1]'             1
1272   'gamma[1,12,2]'             1
1273   'gamma[1,12,3]'             1
1274   'gamma[1,13,1]'             1
1275   'gamma[1,13,2]'             1
1276   'gamma[1,13,3]'             1
1277   'gamma[1,14,1]'             1
1278   'gamma[1,14,2]'             1
1279   'gamma[1,14,3]'             1
1280   'gamma[1,15,1]'             1
1281   'gamma[1,15,2]'             1
1282   'gamma[1,15,3]'             1
1283   'gamma[2,1,1]'              1
1284   'gamma[2,1,2]'              1
1285   'gamma[2,1,3]'              1
1286   'gamma[2,2,1]'              1
1287   'gamma[2,2,2]'              1
1288   'gamma[2,2,3]'              1
1289   'gamma[2,3,1]'              1
1290   'gamma[2,3,2]'              1
1291   'gamma[2,3,3]'              1
1292   'gamma[2,4,1]'              1
1293   'gamma[2,4,2]'              1
1294   'gamma[2,4,3]'              1
1295   'gamma[2,5,1]'              1
1296   'gamma[2,5,2]'              1
1297   'gamma[2,5,3]'              1
1298   'gamma[2,6,1]'              1
1299   'gamma[2,6,2]'              1
1300   'gamma[2,6,3]'              1
1301   'gamma[2,7,1]'              1
1302   'gamma[2,7,2]'              1
1303   'gamma[2,7,3]'              1
1304   'gamma[2,8,1]'              1
1305   'gamma[2,8,2]'              1
1306   'gamma[2,8,3]'              1
1307   'gamma[2,9,1]'              1
1308   'gamma[2,9,2]'              1
1309   'gamma[2,9,3]'              1
1310   'gamma[2,10,1]'             1
1311   'gamma[2,10,2]'             1
1312   'gamma[2,10,3]'             1
1313   'gamma[2,11,1]'             1
1314   'gamma[2,11,2]'             1
1315   'gamma[2,11,3]'             1
1316   'gamma[2,12,1]'             1
1317   'gamma[2,12,2]'             1
1318   'gamma[2,12,3]'             1
1319   'gamma[2,13,1]'             1
1320   'gamma[2,13,2]'             1
1321   'gamma[2,13,3]'             1
1322   'gamma[2,14,1]'             1
1323   'gamma[2,14,2]'             1
1324   'gamma[2,14,3]'             1
1325   'gamma[2,15,1]'             1
1326   'gamma[2,15,2]'             1
1327   'gamma[2,15,3]'             1
1328   'PrS[1,1,1]'           162582
1329   'PrS[1,1,2]'            66043.5
1330   'PrS[1,1,3]'            30275.8
1331   'PrS[1,2,1]'           161986
1332   'PrS[1,2,2]'            65772.1
1333   'PrS[1,2,3]'            30138.7
1334   'PrS[1,3,1]'           160752
1335   'PrS[1,3,2]'            65211.5
1336   'PrS[1,3,3]'            29855.6
1337   'PrS[1,4,1]'           158257
1338   'PrS[1,4,2]'            64079.5
1339   'PrS[1,4,3]'            29284.6
1340   'PrS[1,5,1]'           153426
1341   'PrS[1,5,2]'            61893.3
1342   'PrS[1,5,3]'            28184.8
1343   'PrS[1,6,1]'           144796
1344   'PrS[1,6,2]'            58008.8
1345   'PrS[1,6,3]'            26239.9
1346   'PrS[1,7,1]'           131318
1347   'PrS[1,7,2]'            51998.2
1348   'PrS[1,7,3]'            23256
1349   'PrS[1,8,1]'           113786
1350   'PrS[1,8,2]'            44291.2
1351   'PrS[1,8,3]'            19480.3
1352   'PrS[1,9,1]'           100372
1353   'PrS[1,9,2]'            38489.6
1354   'PrS[1,9,3]'            16680.5
1355   'PrS[1,10,1]'           90356.4
1356   'PrS[1,10,2]'           34217.3
1357   'PrS[1,10,3]'           14645.6
1358   'PrS[1,11,1]'           84171.2
1359   'PrS[1,11,2]'           31606.9
1360   'PrS[1,11,3]'           13414.7
1361   'PrS[1,12,1]'           80328.9
1362   'PrS[1,12,2]'           29996.8
1363   'PrS[1,12,3]'           12660.7
1364   'PrS[1,13,1]'           76777.9
1365   'PrS[1,13,2]'           28517
1366   'PrS[1,13,3]'           11971.3
1367   'PrS[1,14,1]'           71131.5
1368   'PrS[1,14,2]'           26181
1369   'PrS[1,14,3]'           10890.5
1370   'PrS[1,15,1]'           61220.3
1371   'PrS[1,15,2]'           22135.2
1372   'PrS[1,15,3]'            9042.85
1373   'PrS[2,1,1]'            81310
1374   'PrS[2,1,2]'            30407.1
1375   'PrS[2,1,3]'            12852.4
1376   'PrS[2,2,1]'            81148.1
1377   'PrS[2,2,2]'            30339.3
1378   'PrS[2,2,3]'            12820.7
1379   'PrS[2,3,1]'            80851.9
1380   'PrS[2,3,2]'            30215.5
1381   'PrS[2,3,3]'            12762.8
1382   'PrS[2,4,1]'            80165.8
1383   'PrS[2,4,2]'            29928.7
1384   'PrS[2,4,3]'            12628.8
1385   'PrS[2,5,1]'            78539.9
1386   'PrS[2,5,2]'            29250.3
1387   'PrS[2,5,3]'            12312.4
1388   'PrS[2,6,1]'            74894.1
1389   'PrS[2,6,2]'            27735.3
1390   'PrS[2,6,3]'            11608.5
1391   'PrS[2,7,1]'            67767.2
1392   'PrS[2,7,2]'            24799.6
1393   'PrS[2,7,3]'            10256.1
1394   'PrS[2,8,1]'            57035.2
1395   'PrS[2,8,2]'            20449.6
1396   'PrS[2,8,3]'             8283.07
1397   'PrS[2,9,1]'            46029.2
1398   'PrS[2,9,2]'            16090
1399   'PrS[2,9,3]'             6349.74
1400   'PrS[2,10,1]'           38543
1401   'PrS[2,10,2]'           13193.7
1402   'PrS[2,10,3]'            5095.05
1403   'PrS[2,11,1]'           34823.4
1404   'PrS[2,11,2]'           11778.8
1405   'PrS[2,11,3]'            4492.36
1406   'PrS[2,12,1]'           32062.2
1407   'PrS[2,12,2]'           10739.9
1408   'PrS[2,12,3]'            4054.72
1409   'PrS[2,13,1]'           30994.4
1410   'PrS[2,13,2]'           10340.9
1411   'PrS[2,13,3]'            3887.85
1412   'PrS[2,14,1]'           30606.9
1413   'PrS[2,14,2]'           10196.5
1414   'PrS[2,14,3]'            3827.64
1415   'PrS[2,15,1]'           30469.7
1416   'PrS[2,15,2]'           10145.5
1417   'PrS[2,15,3]'            3806.36
1418   'PrSF[1]'               62118.8
1419   'PrSF[2]'               22498.9
1420   'PrSF[3]'                9207.62
1421   Vap                      1480.94
1422   Sep                        99.5
;

