solve_message = 'MINOS 5.51: infeasible problem (or bad starting guess).\
669 iterations\
Nonlin evals: constrs = 274, Jac = 274.'

:          _varname             _var          :=
1     'F[2]'                    0
2     'F[3]'                    0
3     'F[4]'                    0
4     'F[5]'                    0
5     'F[6]'                    0
6     'F[7]'                    0
7     'F[8]'                  200
8     'F[9]'                    0
9     'F[10]'                   0
10    'F[11]'                   0
11    'F[12]'                   0
12    'F[13]'                   0
13    'F[14]'                   0
14    'V[1]'                  372.776
15    'V[2]'                  371.306
16    'V[3]'                  371.103
17    'V[4]'                  371.786
18    'V[5]'                  372.484
19    'V[6]'                  372.477
20    'V[7]'                  371.639
21    'V[8]'                  371.055
22    'V[9]'                  371.992
23    'V[10]'                 373.594
24    'V[11]'                 375.769
25    'V[12]'                 378.192
26    'V[13]'                 380.409
27    'V[14]'                 382.285
28    'V[15]'                   0
29    'y[1,1]'                 -0.00269166
30    'y[1,2]'                  0.0582936
31    'y[1,3]'                  0.944398
32    'y[2,1]'                 -0.0049157
33    'y[2,2]'                  0.149025
34    'y[2,3]'                  0.855891
35    'y[3,1]'                 -0.00600543
36    'y[3,2]'                  0.274001
37    'y[3,3]'                  0.732005
38    'y[4,1]'                 -0.00246447
39    'y[4,2]'                  0.403778
40    'y[4,3]'                  0.598687
41    'y[5,1]'                  0.0116209
42    'y[5,2]'                  0.511423
43    'y[5,3]'                  0.476956
44    'y[6,1]'                  0.0453734
45    'y[6,2]'                  0.578726
46    'y[6,3]'                  0.3759
47    'y[7,1]'                  0.11039
48    'y[7,2]'                  0.594241
49    'y[7,3]'                  0.295369
50    'y[8,1]'                  0.21574
51    'y[8,2]'                  0.553255
52    'y[8,3]'                  0.231005
53    'y[9,1]'                  0.217386
54    'y[9,2]'                  0.581467
55    'y[9,3]'                  0.201147
56    'y[10,1]'                 0.219579
57    'y[10,2]'                 0.615825
58    'y[10,3]'                 0.164596
59    'y[11,1]'                 0.223451
60    'y[11,2]'                 0.652043
61    'y[11,3]'                 0.124506
62    'y[12,1]'                 0.232819
63    'y[12,2]'                 0.682384
64    'y[12,3]'                 0.0847971
65    'y[13,1]'                 0.257372
66    'y[13,2]'                 0.693401
67    'y[13,3]'                 0.0492268
68    'y[14,1]'                 0.315921
69    'y[14,2]'                 0.662876
70    'y[14,3]'                 0.0212023
71    'y[15,1]'                 0.429352
72    'y[15,2]'                 0.566309
73    'y[15,3]'                 0.00433844
74    'L[1]'                    0
75    'L[2]'                  432.912
76    'L[3]'                  431.442
77    'L[4]'                  431.239
78    'L[5]'                  431.922
79    'L[6]'                  432.619
80    'L[7]'                  432.612
81    'L[8]'                  431.775
82    'L[9]'                  231.191
83    'L[10]'                 232.128
84    'L[11]'                 233.729
85    'L[12]'                 235.905
86    'L[13]'                 238.328
87    'L[14]'                 240.545
88    'L[15]'                 242.42
89    'x[1,1]'                 -0.00105236
90    'x[1,2]'                  0.01605
91    'x[1,3]'                  0.985002
92    'x[2,1]'                 -0.00229659
93    'x[2,2]'                  0.0625167
94    'x[2,3]'                  0.93978
95    'x[3,1]'                 -0.00362439
96    'x[3,2]'                  0.147016
97    'x[3,3]'                  0.856608
98    'x[4,1]'                 -0.00341701
99    'x[4,2]'                  0.256046
100   'x[4,3]'                  0.747371
101   'x[5,1]'                  0.00149181
102   'x[5,2]'                  0.365583
103   'x[5,3]'                  0.632925
104   'x[6,1]'                  0.0163479
105   'x[6,2]'                  0.453979
106   'x[6,3]'                  0.529673
107   'x[7,1]'                  0.0489718
108   'x[7,2]'                  0.506536
109   'x[7,3]'                  0.444492
110   'x[8,1]'                  0.108867
111   'x[8,2]'                  0.514265
112   'x[8,3]'                  0.376868
113   'x[9,1]'                  0.113603
114   'x[9,2]'                  0.552248
115   'x[9,3]'                  0.334149
116   'x[10,1]'                 0.118781
117   'x[10,2]'                 0.599441
118   'x[10,3]'                 0.281777
119   'x[11,1]'                 0.12509
120   'x[11,2]'                 0.653046
121   'x[11,3]'                 0.221864
122   'x[12,1]'                 0.134737
123   'x[12,2]'                 0.706101
124   'x[12,3]'                 0.159162
125   'x[13,1]'                 0.153776
126   'x[13,2]'                 0.746377
127   'x[13,3]'                 0.0998471
128   'x[14,1]'                 0.195849
129   'x[14,2]'                 0.754049
130   'x[14,3]'                 0.0501027
131   'x[15,1]'                 0.283726
132   'x[15,2]'                 0.700331
133   'x[15,3]'                 0.0159424
134   PC                      139.864
135   PR                       60.1357
136   'T[1]'                  476.073
137   'T[2]'                  474.545
138   'T[3]'                  472.062
139   'T[4]'                  469.027
140   'T[5]'                  465.868
141   'T[6]'                  462.731
142   'T[7]'                  459.452
143   'T[8]'                  455.703
144   'T[9]'                  454.692
145   'T[10]'                 453.462
146   'T[11]'                 452.062
147   'T[12]'                 450.526
148   'T[13]'                 448.776
149   'T[14]'                 446.507
150   'T[15]'                 443.241
151   TF                      447.618
152   QC                     3720.72
153   QR                     3859.96
154   'H[1,1]'                 11.5483
155   'H[1,2]'                 12.9487
156   'H[1,3]'                 14.3488
157   'H[2,1]'                 11.4309
158   'H[2,2]'                 12.8171
159   'H[2,3]'                 14.2029
160   'H[3,1]'                 11.2409
161   'H[3,2]'                 12.604
162   'H[3,3]'                 13.9668
163   'H[4,1]'                 11.0098
164   'H[4,2]'                 12.3447
165   'H[4,3]'                 13.6795
166   'H[5,1]'                 10.7703
167   'H[5,2]'                 12.0761
168   'H[5,3]'                 13.3818
169   'H[6,1]'                 10.5338
170   'H[6,2]'                 11.8109
171   'H[6,3]'                 13.0879
172   'H[7,1]'                 10.2879
173   'H[7,2]'                 11.5351
174   'H[7,3]'                 12.7823
175   'H[8,1]'                 10.0083
176   'H[8,2]'                 11.2216
177   'H[8,3]'                 12.4348
178   'H[9,1]'                  9.93324
179   'H[9,2]'                 11.1374
180   'H[9,3]'                 12.3415
181   'H[10,1]'                 9.84214
182   'H[10,2]'                11.0352
183   'H[10,3]'                12.2283
184   'H[11,1]'                 9.73861
185   'H[11,2]'                10.9191
186   'H[11,3]'                12.0996
187   'H[12,1]'                 9.62531
188   'H[12,2]'                10.792
189   'H[12,3]'                11.9588
190   'H[13,1]'                 9.49663
191   'H[13,2]'                10.6477
192   'H[13,3]'                11.7988
193   'H[14,1]'                 9.33031
194   'H[14,2]'                10.4612
195   'H[14,3]'                11.5921
196   'H[15,1]'                 9.09212
197   'H[15,2]'                10.194
198   'H[15,3]'                11.2961
199   'HF[1]'                   9.41167
200   'HF[2]'                  10.5524
201   'HF[3]'                  11.6932
202   'h[1,1]'                  3.88737
203   'h[1,2]'                  3.93647
204   'h[1,3]'                  4.14099
205   'h[2,1]'                  3.72395
206   'h[2,2]'                  3.7619
207   'h[2,3]'                  3.95453
208   'h[3,1]'                  3.46007
209   'h[3,2]'                  3.47969
210   'h[3,3]'                  3.65285
211   'h[4,1]'                  3.1402
212   'h[4,2]'                  3.13706
213   'h[4,3]'                  3.28621
214   'h[5,1]'                  2.81004
215   'h[5,2]'                  2.78283
216   'h[5,3]'                  2.90674
217   'h[6,1]'                  2.48525
218   'h[6,2]'                  2.43383
219   'h[6,3]'                  2.53245
220   'h[7,1]'                  2.14864
221   'h[7,2]'                  2.07158
222   'h[7,3]'                  2.14352
223   'h[8,1]'                  1.76737
224   'h[8,2]'                  1.66066
225   'h[8,3]'                  1.70182
226   'h[9,1]'                  1.66521
227   'h[9,2]'                  1.55044
228   'h[9,3]'                  1.58326
229   'h[10,1]'                 1.54136
230   'h[10,2]'                 1.41677
231   'h[10,3]'                 1.43942
232   'h[11,1]'                 1.40079
233   'h[11,2]'                 1.26497
234   'h[11,3]'                 1.276
235   'h[12,1]'                 1.24715
236   'h[12,2]'                 1.09898
237   'h[12,3]'                 1.09723
238   'h[13,1]'                 1.07289
239   'h[13,2]'                 0.910583
240   'h[13,3]'                 0.89422
241   'h[14,1]'                 0.848027
242   'h[14,2]'                 0.667309
243   'h[14,3]'                 0.631921
244   'h[15,1]'                 0.526675
245   'h[15,2]'                 0.319324
246   'h[15,3]'                 0.256418
247   'hF[1]'                   0.957972
248   'hF[2]'                   0.786278
249   'hF[3]'                   0.760216
250   'tauGamma[1,1,1]'     1e-06
251   'tauGamma[1,1,2]'     1e-06
252   'tauGamma[1,1,3]'     1e-06
253   'tauGamma[1,2,1]'     1e-06
254   'tauGamma[1,2,2]'     1e-06
255   'tauGamma[1,2,3]'     1e-06
256   'tauGamma[1,3,1]'     1e-06
257   'tauGamma[1,3,2]'     1e-06
258   'tauGamma[1,3,3]'     1e-06
259   'tauGamma[2,1,1]'     1e-06
260   'tauGamma[2,1,2]'     1e-06
261   'tauGamma[2,1,3]'     1e-06
262   'tauGamma[2,2,1]'     1e-06
263   'tauGamma[2,2,2]'     1e-06
264   'tauGamma[2,2,3]'     1e-06
265   'tauGamma[2,3,1]'     1e-06
266   'tauGamma[2,3,2]'     1e-06
267   'tauGamma[2,3,3]'     1e-06
268   'tauGamma[3,1,1]'     1e-06
269   'tauGamma[3,1,2]'     1e-06
270   'tauGamma[3,1,3]'     1e-06
271   'tauGamma[3,2,1]'     1e-06
272   'tauGamma[3,2,2]'     1e-06
273   'tauGamma[3,2,3]'     1e-06
274   'tauGamma[3,3,1]'     1e-06
275   'tauGamma[3,3,2]'     1e-06
276   'tauGamma[3,3,3]'     1e-06
277   'tauGamma[4,1,1]'     1e-06
278   'tauGamma[4,1,2]'     1e-06
279   'tauGamma[4,1,3]'     1e-06
280   'tauGamma[4,2,1]'     1e-06
281   'tauGamma[4,2,2]'     1e-06
282   'tauGamma[4,2,3]'     1e-06
283   'tauGamma[4,3,1]'     1e-06
284   'tauGamma[4,3,2]'     1e-06
285   'tauGamma[4,3,3]'     1e-06
286   'tauGamma[5,1,1]'     1e-06
287   'tauGamma[5,1,2]'     1e-06
288   'tauGamma[5,1,3]'     1e-06
289   'tauGamma[5,2,1]'     1e-06
290   'tauGamma[5,2,2]'     1e-06
291   'tauGamma[5,2,3]'     1e-06
292   'tauGamma[5,3,1]'     1e-06
293   'tauGamma[5,3,2]'     1e-06
294   'tauGamma[5,3,3]'     1e-06
295   'tauGamma[6,1,1]'     1e-06
296   'tauGamma[6,1,2]'     1e-06
297   'tauGamma[6,1,3]'     1e-06
298   'tauGamma[6,2,1]'     1e-06
299   'tauGamma[6,2,2]'     1e-06
300   'tauGamma[6,2,3]'     1e-06
301   'tauGamma[6,3,1]'     1e-06
302   'tauGamma[6,3,2]'     1e-06
303   'tauGamma[6,3,3]'     1e-06
304   'tauGamma[7,1,1]'     1e-06
305   'tauGamma[7,1,2]'     1e-06
306   'tauGamma[7,1,3]'     1e-06
307   'tauGamma[7,2,1]'     1e-06
308   'tauGamma[7,2,2]'     1e-06
309   'tauGamma[7,2,3]'     1e-06
310   'tauGamma[7,3,1]'     1e-06
311   'tauGamma[7,3,2]'     1e-06
312   'tauGamma[7,3,3]'     1e-06
313   'tauGamma[8,1,1]'     1e-06
314   'tauGamma[8,1,2]'     1e-06
315   'tauGamma[8,1,3]'     1e-06
316   'tauGamma[8,2,1]'     1e-06
317   'tauGamma[8,2,2]'     1e-06
318   'tauGamma[8,2,3]'     1e-06
319   'tauGamma[8,3,1]'     1e-06
320   'tauGamma[8,3,2]'     1e-06
321   'tauGamma[8,3,3]'     1e-06
322   'tauGamma[9,1,1]'     1e-06
323   'tauGamma[9,1,2]'     1e-06
324   'tauGamma[9,1,3]'     1e-06
325   'tauGamma[9,2,1]'     1e-06
326   'tauGamma[9,2,2]'     1e-06
327   'tauGamma[9,2,3]'     1e-06
328   'tauGamma[9,3,1]'     1e-06
329   'tauGamma[9,3,2]'     1e-06
330   'tauGamma[9,3,3]'     1e-06
331   'tauGamma[10,1,1]'    1e-06
332   'tauGamma[10,1,2]'    1e-06
333   'tauGamma[10,1,3]'    1e-06
334   'tauGamma[10,2,1]'    1e-06
335   'tauGamma[10,2,2]'    1e-06
336   'tauGamma[10,2,3]'    1e-06
337   'tauGamma[10,3,1]'    1e-06
338   'tauGamma[10,3,2]'    1e-06
339   'tauGamma[10,3,3]'    1e-06
340   'tauGamma[11,1,1]'    1e-06
341   'tauGamma[11,1,2]'    1e-06
342   'tauGamma[11,1,3]'    1e-06
343   'tauGamma[11,2,1]'    1e-06
344   'tauGamma[11,2,2]'    1e-06
345   'tauGamma[11,2,3]'    1e-06
346   'tauGamma[11,3,1]'    1e-06
347   'tauGamma[11,3,2]'    1e-06
348   'tauGamma[11,3,3]'    1e-06
349   'tauGamma[12,1,1]'    1e-06
350   'tauGamma[12,1,2]'    1e-06
351   'tauGamma[12,1,3]'    1e-06
352   'tauGamma[12,2,1]'    1e-06
353   'tauGamma[12,2,2]'    1e-06
354   'tauGamma[12,2,3]'    1e-06
355   'tauGamma[12,3,1]'    1e-06
356   'tauGamma[12,3,2]'    1e-06
357   'tauGamma[12,3,3]'    1e-06
358   'tauGamma[13,1,1]'    1e-06
359   'tauGamma[13,1,2]'    1e-06
360   'tauGamma[13,1,3]'    1e-06
361   'tauGamma[13,2,1]'    1e-06
362   'tauGamma[13,2,2]'    1e-06
363   'tauGamma[13,2,3]'    1e-06
364   'tauGamma[13,3,1]'    1e-06
365   'tauGamma[13,3,2]'    1e-06
366   'tauGamma[13,3,3]'    1e-06
367   'tauGamma[14,1,1]'    1e-06
368   'tauGamma[14,1,2]'    1e-06
369   'tauGamma[14,1,3]'    1e-06
370   'tauGamma[14,2,1]'    1e-06
371   'tauGamma[14,2,2]'    1e-06
372   'tauGamma[14,2,3]'    1e-06
373   'tauGamma[14,3,1]'    1e-06
374   'tauGamma[14,3,2]'    1e-06
375   'tauGamma[14,3,3]'    1e-06
376   'tauGamma[15,1,1]'    1e-06
377   'tauGamma[15,1,2]'    1e-06
378   'tauGamma[15,1,3]'    1e-06
379   'tauGamma[15,2,1]'    1e-06
380   'tauGamma[15,2,2]'    1e-06
381   'tauGamma[15,2,3]'    1e-06
382   'tauGamma[15,3,1]'    1e-06
383   'tauGamma[15,3,2]'    1e-06
384   'tauGamma[15,3,3]'    1e-06
385   'PGamma[1,1,1]'           1
386   'PGamma[1,1,2]'           1
387   'PGamma[1,1,3]'           1
388   'PGamma[1,2,1]'           1
389   'PGamma[1,2,2]'           1
390   'PGamma[1,2,3]'           1
391   'PGamma[1,3,1]'           1
392   'PGamma[1,3,2]'           1
393   'PGamma[1,3,3]'           1
394   'PGamma[2,1,1]'           1
395   'PGamma[2,1,2]'           1
396   'PGamma[2,1,3]'           1
397   'PGamma[2,2,1]'           1
398   'PGamma[2,2,2]'           1
399   'PGamma[2,2,3]'           1
400   'PGamma[2,3,1]'           1
401   'PGamma[2,3,2]'           1
402   'PGamma[2,3,3]'           1
403   'PGamma[3,1,1]'           1
404   'PGamma[3,1,2]'           1
405   'PGamma[3,1,3]'           1
406   'PGamma[3,2,1]'           1
407   'PGamma[3,2,2]'           1
408   'PGamma[3,2,3]'           1
409   'PGamma[3,3,1]'           1
410   'PGamma[3,3,2]'           1
411   'PGamma[3,3,3]'           1
412   'PGamma[4,1,1]'           1
413   'PGamma[4,1,2]'           1
414   'PGamma[4,1,3]'           1
415   'PGamma[4,2,1]'           1
416   'PGamma[4,2,2]'           1
417   'PGamma[4,2,3]'           1
418   'PGamma[4,3,1]'           1
419   'PGamma[4,3,2]'           1
420   'PGamma[4,3,3]'           1
421   'PGamma[5,1,1]'           1
422   'PGamma[5,1,2]'           1
423   'PGamma[5,1,3]'           1
424   'PGamma[5,2,1]'           1
425   'PGamma[5,2,2]'           1
426   'PGamma[5,2,3]'           1
427   'PGamma[5,3,1]'           1
428   'PGamma[5,3,2]'           1
429   'PGamma[5,3,3]'           1
430   'PGamma[6,1,1]'           1
431   'PGamma[6,1,2]'           1
432   'PGamma[6,1,3]'           1
433   'PGamma[6,2,1]'           1
434   'PGamma[6,2,2]'           1
435   'PGamma[6,2,3]'           1
436   'PGamma[6,3,1]'           1
437   'PGamma[6,3,2]'           1
438   'PGamma[6,3,3]'           1
439   'PGamma[7,1,1]'           1
440   'PGamma[7,1,2]'           1
441   'PGamma[7,1,3]'           1
442   'PGamma[7,2,1]'           1
443   'PGamma[7,2,2]'           1
444   'PGamma[7,2,3]'           1
445   'PGamma[7,3,1]'           1
446   'PGamma[7,3,2]'           1
447   'PGamma[7,3,3]'           1
448   'PGamma[8,1,1]'           1
449   'PGamma[8,1,2]'           1
450   'PGamma[8,1,3]'           1
451   'PGamma[8,2,1]'           1
452   'PGamma[8,2,2]'           1
453   'PGamma[8,2,3]'           1
454   'PGamma[8,3,1]'           1
455   'PGamma[8,3,2]'           1
456   'PGamma[8,3,3]'           1
457   'PGamma[9,1,1]'           1
458   'PGamma[9,1,2]'           1
459   'PGamma[9,1,3]'           1
460   'PGamma[9,2,1]'           1
461   'PGamma[9,2,2]'           1
462   'PGamma[9,2,3]'           1
463   'PGamma[9,3,1]'           1
464   'PGamma[9,3,2]'           1
465   'PGamma[9,3,3]'           1
466   'PGamma[10,1,1]'          1
467   'PGamma[10,1,2]'          1
468   'PGamma[10,1,3]'          1
469   'PGamma[10,2,1]'          1
470   'PGamma[10,2,2]'          1
471   'PGamma[10,2,3]'          1
472   'PGamma[10,3,1]'          1
473   'PGamma[10,3,2]'          1
474   'PGamma[10,3,3]'          1
475   'PGamma[11,1,1]'          1
476   'PGamma[11,1,2]'          1
477   'PGamma[11,1,3]'          1
478   'PGamma[11,2,1]'          1
479   'PGamma[11,2,2]'          1
480   'PGamma[11,2,3]'          1
481   'PGamma[11,3,1]'          1
482   'PGamma[11,3,2]'          1
483   'PGamma[11,3,3]'          1
484   'PGamma[12,1,1]'          1
485   'PGamma[12,1,2]'          1
486   'PGamma[12,1,3]'          1
487   'PGamma[12,2,1]'          1
488   'PGamma[12,2,2]'          1
489   'PGamma[12,2,3]'          1
490   'PGamma[12,3,1]'          1
491   'PGamma[12,3,2]'          1
492   'PGamma[12,3,3]'          1
493   'PGamma[13,1,1]'          1
494   'PGamma[13,1,2]'          1
495   'PGamma[13,1,3]'          1
496   'PGamma[13,2,1]'          1
497   'PGamma[13,2,2]'          1
498   'PGamma[13,2,3]'          1
499   'PGamma[13,3,1]'          1
500   'PGamma[13,3,2]'          1
501   'PGamma[13,3,3]'          1
502   'PGamma[14,1,1]'          1
503   'PGamma[14,1,2]'          1
504   'PGamma[14,1,3]'          1
505   'PGamma[14,2,1]'          1
506   'PGamma[14,2,2]'          1
507   'PGamma[14,2,3]'          1
508   'PGamma[14,3,1]'          1
509   'PGamma[14,3,2]'          1
510   'PGamma[14,3,3]'          1
511   'PGamma[15,1,1]'          1
512   'PGamma[15,1,2]'          1
513   'PGamma[15,1,3]'          1
514   'PGamma[15,2,1]'          1
515   'PGamma[15,2,2]'          1
516   'PGamma[15,2,3]'          1
517   'PGamma[15,3,1]'          1
518   'PGamma[15,3,2]'          1
519   'PGamma[15,3,3]'          1
520   'SGamma1[1,1]'        1e-06
521   'SGamma1[1,2]'        1e-06
522   'SGamma1[1,3]'        1e-06
523   'SGamma1[2,1]'        1e-06
524   'SGamma1[2,2]'        1e-06
525   'SGamma1[2,3]'        1e-06
526   'SGamma1[3,1]'        1e-06
527   'SGamma1[3,2]'        1e-06
528   'SGamma1[3,3]'        1e-06
529   'SGamma1[4,1]'        1e-06
530   'SGamma1[4,2]'        1e-06
531   'SGamma1[4,3]'        1e-06
532   'SGamma1[5,1]'        1e-06
533   'SGamma1[5,2]'        1e-06
534   'SGamma1[5,3]'        1e-06
535   'SGamma1[6,1]'        1e-06
536   'SGamma1[6,2]'        1e-06
537   'SGamma1[6,3]'        1e-06
538   'SGamma1[7,1]'        1e-06
539   'SGamma1[7,2]'        1e-06
540   'SGamma1[7,3]'        1e-06
541   'SGamma1[8,1]'        1e-06
542   'SGamma1[8,2]'        1e-06
543   'SGamma1[8,3]'        1e-06
544   'SGamma1[9,1]'        1e-06
545   'SGamma1[9,2]'        1e-06
546   'SGamma1[9,3]'        1e-06
547   'SGamma1[10,1]'       1e-06
548   'SGamma1[10,2]'       1e-06
549   'SGamma1[10,3]'       1e-06
550   'SGamma1[11,1]'       1e-06
551   'SGamma1[11,2]'       1e-06
552   'SGamma1[11,3]'       1e-06
553   'SGamma1[12,1]'       1e-06
554   'SGamma1[12,2]'       1e-06
555   'SGamma1[12,3]'       1e-06
556   'SGamma1[13,1]'       1e-06
557   'SGamma1[13,2]'       1e-06
558   'SGamma1[13,3]'       1e-06
559   'SGamma1[14,1]'       1e-06
560   'SGamma1[14,2]'       1e-06
561   'SGamma1[14,3]'       1e-06
562   'SGamma1[15,1]'       1e-06
563   'SGamma1[15,2]'       1e-06
564   'SGamma1[15,3]'       1e-06
565   'SGamma2[1,1]'            1
566   'SGamma2[1,2]'            1
567   'SGamma2[1,3]'            1
568   'SGamma2[2,1]'            1
569   'SGamma2[2,2]'            1
570   'SGamma2[2,3]'            1
571   'SGamma2[3,1]'            1
572   'SGamma2[3,2]'            1
573   'SGamma2[3,3]'            1
574   'SGamma2[4,1]'            1
575   'SGamma2[4,2]'            1
576   'SGamma2[4,3]'            1
577   'SGamma2[5,1]'            1
578   'SGamma2[5,2]'            1
579   'SGamma2[5,3]'            1
580   'SGamma2[6,1]'            1
581   'SGamma2[6,2]'            1
582   'SGamma2[6,3]'            1
583   'SGamma2[7,1]'            1
584   'SGamma2[7,2]'            1
585   'SGamma2[7,3]'            1
586   'SGamma2[8,1]'            1
587   'SGamma2[8,2]'            1
588   'SGamma2[8,3]'            1
589   'SGamma2[9,1]'            1
590   'SGamma2[9,2]'            1
591   'SGamma2[9,3]'            1
592   'SGamma2[10,1]'           1
593   'SGamma2[10,2]'           1
594   'SGamma2[10,3]'           1
595   'SGamma2[11,1]'           1
596   'SGamma2[11,2]'           1
597   'SGamma2[11,3]'           1
598   'SGamma2[12,1]'           1
599   'SGamma2[12,2]'           1
600   'SGamma2[12,3]'           1
601   'SGamma2[13,1]'           1
602   'SGamma2[13,2]'           1
603   'SGamma2[13,3]'           1
604   'SGamma2[14,1]'           1
605   'SGamma2[14,2]'           1
606   'SGamma2[14,3]'           1
607   'SGamma2[15,1]'           1
608   'SGamma2[15,2]'           1
609   'SGamma2[15,3]'           1
610   'gamma[1,1]'              1
611   'gamma[1,2]'              1
612   'gamma[1,3]'              1
613   'gamma[2,1]'              1
614   'gamma[2,2]'              1
615   'gamma[2,3]'              1
616   'gamma[3,1]'              1
617   'gamma[3,2]'              1
618   'gamma[3,3]'              1
619   'gamma[4,1]'              1
620   'gamma[4,2]'              1
621   'gamma[4,3]'              1
622   'gamma[5,1]'              1
623   'gamma[5,2]'              1
624   'gamma[5,3]'              1
625   'gamma[6,1]'              1
626   'gamma[6,2]'              1
627   'gamma[6,3]'              1
628   'gamma[7,1]'              1
629   'gamma[7,2]'              1
630   'gamma[7,3]'              1
631   'gamma[8,1]'              1
632   'gamma[8,2]'              1
633   'gamma[8,3]'              1
634   'gamma[9,1]'              1
635   'gamma[9,2]'              1
636   'gamma[9,3]'              1
637   'gamma[10,1]'             1
638   'gamma[10,2]'             1
639   'gamma[10,3]'             1
640   'gamma[11,1]'             1
641   'gamma[11,2]'             1
642   'gamma[11,3]'             1
643   'gamma[12,1]'             1
644   'gamma[12,2]'             1
645   'gamma[12,3]'             1
646   'gamma[13,1]'             1
647   'gamma[13,2]'             1
648   'gamma[13,3]'             1
649   'gamma[14,1]'             1
650   'gamma[14,2]'             1
651   'gamma[14,3]'             1
652   'gamma[15,1]'             1
653   'gamma[15,2]'             1
654   'gamma[15,3]'             1
655   'PrS[1,1]'           580224
656   'PrS[1,2]'           338676
657   'PrS[1,3]'           199547
658   'PrS[2,1]'           563958
659   'PrS[2,2]'           328303
660   'PrS[2,3]'           192944
661   'PrS[3,1]'           538282
662   'PrS[3,2]'           311977
663   'PrS[3,3]'           182581
664   'PrS[4,1]'           508126
665   'PrS[4,2]'           292883
666   'PrS[4,3]'           170511
667   'PrS[5,1]'           478112
668   'PrS[5,2]'           273970
669   'PrS[5,3]'           158612
670   'PrS[6,1]'           449680
671   'PrS[6,2]'           256146
672   'PrS[6,3]'           147453
673   'PrS[7,1]'           421350
674   'PrS[7,2]'           238480
675   'PrS[7,3]'           136452
676   'PrS[8,1]'           390648
677   'PrS[8,2]'           219452
678   'PrS[8,3]'           124671
679   'PrS[9,1]'           382669
680   'PrS[9,2]'           214528
681   'PrS[9,3]'           121635
682   'PrS[10,1]'          373137
683   'PrS[10,2]'          208658
684   'PrS[10,3]'          118023
685   'PrS[11,1]'          362502
686   'PrS[11,2]'          202124
687   'PrS[11,3]'          114011
688   'PrS[12,1]'          351102
689   'PrS[12,2]'          195139
690   'PrS[12,3]'          109735
691   'PrS[13,1]'          338453
692   'PrS[13,2]'          187414
693   'PrS[13,3]'          105018
694   'PrS[14,1]'          322568
695   'PrS[14,2]'          177749
696   'PrS[14,3]'           99139.4
697   'PrS[15,1]'          300716
698   'PrS[15,2]'          164526
699   'PrS[15,3]'           91138.1
700   'PrSF[1]'            330273
701   'PrSF[2]'            182432
702   'PrSF[3]'            101984
;

