solve_message = 'MINOS 5.51: infeasible problem (or bad starting guess).\
1135 iterations\
Nonlin evals: constrs = 353, Jac = 353.'

:           _varname             _var          :=
1      'F[2]'                    0
2      'F[3]'                    0
3      'F[4]'                    0
4      'F[5]'                    0
5      'F[6]'                    0
6      'F[7]'                    0
7      'F[8]'                    0
8      'F[9]'                    0
9      'F[10]'                   0
10     'F[11]'                   0
11     'F[12]'                   0
12     'F[13]'                   0
13     'F[14]'                   0
14     'F[15]'                 200
15     'F[16]'                   0
16     'F[17]'                   0
17     'F[18]'                   0
18     'F[19]'                   0
19     'F[20]'                   0
20     'F[21]'                   0
21     'F[22]'                   0
22     'F[23]'                   0
23     'F[24]'                   0
24     'F[25]'                   0
25     'F[26]'                   0
26     'F[27]'                   0
27     'F[28]'                   0
28     'F[29]'                   0
29     'V[1]'                  256.942
30     'V[2]'                  257.244
31     'V[3]'                  256.887
32     'V[4]'                  256.182
33     'V[5]'                  255.43
34     'V[6]'                  254.793
35     'V[7]'                  254.32
36     'V[8]'                  254
37     'V[9]'                  253.795
38     'V[10]'                 253.668
39     'V[11]'                 253.592
40     'V[12]'                 253.546
41     'V[13]'                 253.519
42     'V[14]'                 253.503
43     'V[15]'                 253.493
44     'V[16]'                 253.493
45     'V[17]'                 253.493
46     'V[18]'                 253.494
47     'V[19]'                 253.496
48     'V[20]'                 253.498
49     'V[21]'                 253.504
50     'V[22]'                 253.518
51     'V[23]'                 253.55
52     'V[24]'                 253.627
53     'V[25]'                 253.802
54     'V[26]'                 254.195
55     'V[27]'                 255.046
56     'V[28]'                 256.832
57     'V[29]'                 260.609
58     'V[30]'                   0
59     'y[1,1]'                 -0.0062901
60     'y[1,2]'                  0.59838
61     'y[1,3]'                  0.40791
62     'y[2,1]'                  0.012949
63     'y[2,2]'                  0.667067
64     'y[2,3]'                  0.319984
65     'y[3,1]'                  0.049939
66     'y[3,2]'                  0.682219
67     'y[3,3]'                  0.267842
68     'y[4,1]'                  0.100534
69     'y[4,2]'                  0.662949
70     'y[4,3]'                  0.236518
71     'y[5,1]'                  0.158677
72     'y[5,2]'                  0.625213
73     'y[5,3]'                  0.216109
74     'y[6,1]'                  0.21811
75     'y[6,2]'                  0.580528
76     'y[6,3]'                  0.201363
77     'y[7,1]'                  0.273894
78     'y[7,2]'                  0.536244
79     'y[7,3]'                  0.189862
80     'y[8,1]'                  0.323028
81     'y[8,2]'                  0.496375
82     'y[8,3]'                  0.180597
83     'y[9,1]'                  0.364242
84     'y[9,2]'                  0.46263
85     'y[9,3]'                  0.173128
86     'y[10,1]'                 0.397577
87     'y[10,2]'                 0.435238
88     'y[10,3]'                 0.167185
89     'y[11,1]'                 0.423849
90     'y[11,2]'                 0.413627
91     'y[11,3]'                 0.162523
92     'y[12,1]'                 0.444116
93     'y[12,2]'                 0.396951
94     'y[12,3]'                 0.158933
95     'y[13,1]'                 0.459532
96     'y[13,2]'                 0.384268
97     'y[13,3]'                 0.1562
98     'y[14,1]'                 0.471132
99     'y[14,2]'                 0.374728
100    'y[14,3]'                 0.154141
101    'y[15,1]'                 0.479784
102    'y[15,2]'                 0.367612
103    'y[15,3]'                 0.152604
104    'y[16,1]'                 0.479784
105    'y[16,2]'                 0.367613
106    'y[16,3]'                 0.152603
107    'y[17,1]'                 0.47978
108    'y[17,2]'                 0.367627
109    'y[17,3]'                 0.152593
110    'y[18,1]'                 0.479769
111    'y[18,2]'                 0.367667
112    'y[18,3]'                 0.152564
113    'y[19,1]'                 0.479779
114    'y[19,2]'                 0.367735
115    'y[19,3]'                 0.152486
116    'y[20,1]'                 0.479814
117    'y[20,2]'                 0.367766
118    'y[20,3]'                 0.15242
119    'y[21,1]'                 0.479857
120    'y[21,2]'                 0.367926
121    'y[21,3]'                 0.152217
122    'y[22,1]'                 0.479962
123    'y[22,2]'                 0.368313
124    'y[22,3]'                 0.151725
125    'y[23,1]'                 0.480203
126    'y[23,2]'                 0.369233
127    'y[23,3]'                 0.150564
128    'y[24,1]'                 0.480812
129    'y[24,2]'                 0.371345
130    'y[24,3]'                 0.147843
131    'y[25,1]'                 0.482372
132    'y[25,2]'                 0.376035
133    'y[25,3]'                 0.141593
134    'y[26,1]'                 0.486603
135    'y[26,2]'                 0.385816
136    'y[26,3]'                 0.127582
137    'y[27,1]'                 0.499007
138    'y[27,2]'                 0.403766
139    'y[27,3]'                 0.097227
140    'y[28,1]'                 0.537755
141    'y[28,2]'                 0.427138
142    'y[28,3]'                 0.035107
143    'y[29,1]'                 0.656227
144    'y[29,2]'                 0.420129
145    'y[29,3]'                -0.076356
146    'y[30,1]'                 0.932199
147    'y[30,2]'                 0.272927
148    'y[30,3]'                -0.205125
149    'L[1]'                    0
150    'L[2]'                  423.531
151    'L[3]'                  423.833
152    'L[4]'                  423.476
153    'L[5]'                  422.771
154    'L[6]'                  422.019
155    'L[7]'                  421.382
156    'L[8]'                  420.909
157    'L[9]'                  420.589
158    'L[10]'                 420.384
159    'L[11]'                 420.257
160    'L[12]'                 420.181
161    'L[13]'                 420.135
162    'L[14]'                 420.108
163    'L[15]'                 420.092
164    'L[16]'                 220.082
165    'L[17]'                 220.082
166    'L[18]'                 220.082
167    'L[19]'                 220.083
168    'L[20]'                 220.085
169    'L[21]'                 220.087
170    'L[22]'                 220.093
171    'L[23]'                 220.107
172    'L[24]'                 220.139
173    'L[25]'                 220.216
174    'L[26]'                 220.391
175    'L[27]'                 220.783
176    'L[28]'                 221.635
177    'L[29]'                 223.421
178    'L[30]'                 227.198
179    'x[1,1]'                 -0.007254
180    'x[1,2]'                  0.460087
181    'x[1,3]'                  0.547167
182    'x[2,1]'                 -0.00221526
183    'x[2,2]'                  0.545101
184    'x[2,3]'                  0.457115
185    'x[3,1]'                  0.013227
186    'x[3,2]'                  0.58551
187    'x[3,3]'                  0.401263
188    'x[4,1]'                  0.0384042
189    'x[4,2]'                  0.592831
190    'x[4,3]'                  0.368765
191    'x[5,1]'                  0.0707435
192    'x[5,2]'                  0.579621
193    'x[5,3]'                  0.349635
194    'x[6,1]'                  0.106681
195    'x[6,2]'                  0.555875
196    'x[6,3]'                  0.337444
197    'x[7,1]'                  0.142725
198    'x[7,2]'                  0.528502
199    'x[7,3]'                  0.328773
200    'x[8,1]'                  0.176192
201    'x[8,2]'                  0.501744
202    'x[8,3]'                  0.322064
203    'x[9,1]'                  0.205439
204    'x[9,2]'                  0.477882
205    'x[9,3]'                  0.316679
206    'x[10,1]'                 0.229849
207    'x[10,2]'                 0.457811
208    'x[10,3]'                 0.31234
209    'x[11,1]'                 0.249551
210    'x[11,2]'                 0.441575
211    'x[11,3]'                 0.308874
212    'x[12,1]'                 0.265015
213    'x[12,2]'                 0.428822
214    'x[12,3]'                 0.306163
215    'x[13,1]'                 0.27693
216    'x[13,2]'                 0.418999
217    'x[13,3]'                 0.304071
218    'x[14,1]'                 0.285979
219    'x[14,2]'                 0.411544
220    'x[14,3]'                 0.302477
221    'x[15,1]'                 0.292774
222    'x[15,2]'                 0.405946
223    'x[15,3]'                 0.30128
224    'x[16,1]'                 0.292775
225    'x[16,2]'                 0.405948
226    'x[16,3]'                 0.301277
227    'x[17,1]'                 0.292774
228    'x[17,2]'                 0.405966
229    'x[17,3]'                 0.30126
230    'x[18,1]'                 0.292773
231    'x[18,2]'                 0.406019
232    'x[18,3]'                 0.301208
233    'x[19,1]'                 0.292799
234    'x[19,2]'                 0.406123
235    'x[19,3]'                 0.301078
236    'x[20,1]'                 0.292841
237    'x[20,2]'                 0.406188
238    'x[20,3]'                 0.300971
239    'x[21,1]'                 0.292921
240    'x[21,2]'                 0.406446
241    'x[21,3]'                 0.300633
242    'x[22,1]'                 0.293116
243    'x[22,2]'                 0.407068
244    'x[22,3]'                 0.299816
245    'x[23,1]'                 0.293571
246    'x[23,2]'                 0.408545
247    'x[23,3]'                 0.297884
248    'x[24,1]'                 0.294672
249    'x[24,2]'                 0.411967
250    'x[24,3]'                 0.293361
251    'x[25,1]'                 0.297321
252    'x[25,2]'                 0.419686
253    'x[25,3]'                 0.282993
254    'x[26,1]'                 0.303819
255    'x[26,2]'                 0.436347
256    'x[26,3]'                 0.259834
257    'x[27,1]'                 0.320389
258    'x[27,2]'                 0.469658
259    'x[27,3]'                 0.209953
260    'x[28,1]'                 0.364881
261    'x[28,2]'                 0.526541
262    'x[28,3]'                 0.108579
263    'x[29,1]'                 0.486524
264    'x[29,2]'                 0.587963
265    'x[29,3]'                -0.0744875
266    'x[30,1]'                 0.774495
267    'x[30,2]'                 0.538312
268    'x[30,3]'                -0.312807
269    PC                       33.411
270    PR                      166.589
271    'T[1]'                  464.251
272    'T[2]'                  461.768
273    'T[3]'                  459.794
274    'T[4]'                  458.058
275    'T[5]'                  456.418
276    'T[6]'                  454.855
277    'T[7]'                  453.407
278    'T[8]'                  452.122
279    'T[9]'                  451.03
280    'T[10]'                 450.134
281    'T[11]'                 449.42
282    'T[12]'                 448.864
283    'T[13]'                 448.438
284    'T[14]'                 448.116
285    'T[15]'                 447.874
286    'T[16]'                 447.874
287    'T[17]'                 447.874
288    'T[18]'                 447.873
289    'T[19]'                 447.87
290    'T[20]'                 447.867
291    'T[21]'                 447.858
292    'T[22]'                 447.837
293    'T[23]'                 447.789
294    'T[24]'                 447.673
295    'T[25]'                 447.405
296    'T[26]'                 446.789
297    'T[27]'                 445.379
298    'T[28]'                 442.187
299    'T[29]'                 435.237
300    'T[30]'                 423.051
301    TF                      447.618
302    QC                     2591.93
303    QR                     2645.46
304    'H[1,1]'                 10.6483
305    'H[1,2]'                 11.9393
306    'H[1,3]'                 13.2302
307    'H[2,1]'                 10.4614
308    'H[2,2]'                 11.7298
309    'H[2,3]'                 12.998
310    'H[3,1]'                 10.3134
311    'H[3,2]'                 11.5637
312    'H[3,3]'                 12.814
313    'H[4,1]'                 10.1837
314    'H[4,2]'                 11.4183
315    'H[4,3]'                 12.6528
316    'H[5,1]'                 10.0615
317    'H[5,2]'                 11.2813
318    'H[5,3]'                 12.5009
319    'H[6,1]'                  9.94534
320    'H[6,2]'                 11.151
321    'H[6,3]'                 12.3565
322    'H[7,1]'                  9.83804
323    'H[7,2]'                 11.0306
324    'H[7,3]'                 12.2232
325    'H[8,1]'                  9.74305
326    'H[8,2]'                 10.9241
327    'H[8,3]'                 12.1051
328    'H[9,1]'                  9.66245
329    'H[9,2]'                 10.8337
330    'H[9,3]'                 12.0049
331    'H[10,1]'                 9.59648
332    'H[10,2]'                10.7597
333    'H[10,3]'                11.9229
334    'H[11,1]'                 9.54393
335    'H[11,2]'                10.7007
336    'H[11,3]'                11.8576
337    'H[12,1]'                 9.50307
338    'H[12,2]'                10.6549
339    'H[12,3]'                11.8068
340    'H[13,1]'                 9.47178
341    'H[13,2]'                10.6198
342    'H[13,3]'                11.7679
343    'H[14,1]'                 9.44813
344    'H[14,2]'                10.5933
345    'H[14,3]'                11.7386
346    'H[15,1]'                 9.43044
347    'H[15,2]'                10.5735
348    'H[15,3]'                11.7166
349    'H[16,1]'                 9.43043
350    'H[16,2]'                10.5735
351    'H[16,3]'                11.7165
352    'H[17,1]'                 9.43041
353    'H[17,2]'                10.5734
354    'H[17,3]'                11.7165
355    'H[18,1]'                 9.43035
356    'H[18,2]'                10.5734
357    'H[18,3]'                11.7164
358    'H[19,1]'                 9.43012
359    'H[19,2]'                10.5731
360    'H[19,3]'                11.7162
361    'H[20,1]'                 9.42988
362    'H[20,2]'                10.5728
363    'H[20,3]'                11.7159
364    'H[21,1]'                 9.42925
365    'H[21,2]'                10.5721
366    'H[21,3]'                11.7151
367    'H[22,1]'                 9.42774
368    'H[22,2]'                10.5704
369    'H[22,3]'                11.7132
370    'H[23,1]'                 9.42417
371    'H[23,2]'                10.5664
372    'H[23,3]'                11.7088
373    'H[24,1]'                 9.41572
374    'H[24,2]'                10.557
375    'H[24,3]'                11.6983
376    'H[25,1]'                 9.39609
377    'H[25,2]'                10.5349
378    'H[25,3]'                11.6739
379    'H[26,1]'                 9.35092
380    'H[26,2]'                10.4843
381    'H[26,3]'                11.6177
382    'H[27,1]'                 9.24794
383    'H[27,2]'                10.3688
384    'H[27,3]'                11.4897
385    'H[28,1]'                 9.01554
386    'H[28,2]'                10.1081
387    'H[28,3]'                11.2009
388    'H[29,1]'                 8.51432
389    'H[29,2]'                 9.54597
390    'H[29,3]'                10.5779
391    'H[30,1]'                 7.65082
392    'H[30,2]'                 8.5775
393    'H[30,3]'                 9.50468
394    'HF[1]'                   9.41167
395    'HF[2]'                  10.5524
396    'HF[3]'                  11.6932
397    'h[1,1]'                  2.64231
398    'h[1,2]'                  2.60266
399    'h[1,3]'                  2.71356
400    'h[2,1]'                  2.38608
401    'h[2,2]'                  2.32717
402    'h[2,3]'                  2.41797
403    'h[3,1]'                  2.18353
404    'h[3,2]'                  2.10915
405    'h[3,3]'                  2.18388
406    'h[4,1]'                  2.00641
407    'h[4,2]'                  1.91837
408    'h[4,3]'                  1.97889
409    'h[5,1]'                  1.83984
410    'h[5,2]'                  1.73882
411    'h[5,3]'                  1.78587
412    'h[6,1]'                  1.68167
413    'h[6,2]'                  1.5682
414    'h[6,3]'                  1.60237
415    'h[7,1]'                  1.5358
416    'h[7,2]'                  1.41077
417    'h[7,3]'                  1.43296
418    'h[8,1]'                  1.40681
419    'h[8,2]'                  1.27148
420    'h[8,3]'                  1.28301
421    'h[9,1]'                  1.29749
422    'h[9,2]'                  1.15338
423    'h[9,3]'                  1.15582
424    'h[10,1]'                 1.20808
425    'h[10,2]'                 1.05675
426    'h[10,3]'                 1.05173
427    'h[11,1]'                 1.13692
428    'h[11,2]'                 0.979813
429    'h[11,3]'                 0.96883
430    'h[12,1]'                 1.0816
431    'h[12,2]'                 0.920001
432    'h[12,3]'                 0.90437
433    'h[13,1]'                 1.03927
434    'h[13,2]'                 0.874224
435    'h[13,3]'                 0.855029
436    'h[14,1]'                 1.00728
437    'h[14,2]'                 0.839622
438    'h[14,3]'                 0.817727
439    'h[15,1]'                 0.983348
440    'h[15,2]'                 0.813732
441    'h[15,3]'                 0.789815
442    'h[16,1]'                 0.983341
443    'h[16,2]'                 0.813724
444    'h[16,3]'                 0.789807
445    'h[17,1]'                 0.983315
446    'h[17,2]'                 0.813695
447    'h[17,3]'                 0.789776
448    'h[18,1]'                 0.983227
449    'h[18,2]'                 0.813601
450    'h[18,3]'                 0.789674
451    'h[19,1]'                 0.982917
452    'h[19,2]'                 0.813265
453    'h[19,3]'                 0.789312
454    'h[20,1]'                 0.982597
455    'h[20,2]'                 0.812918
456    'h[20,3]'                 0.788939
457    'h[21,1]'                 0.98175
458    'h[21,2]'                 0.812003
459    'h[21,3]'                 0.787951
460    'h[22,1]'                 0.979699
461    'h[22,2]'                 0.809784
462    'h[22,3]'                 0.785559
463    'h[23,1]'                 0.97487
464    'h[23,2]'                 0.804559
465    'h[23,3]'                 0.779926
466    'h[24,1]'                 0.963456
467    'h[24,2]'                 0.792212
468    'h[24,3]'                 0.766613
469    'h[25,1]'                 0.936911
470    'h[25,2]'                 0.763493
471    'h[25,3]'                 0.735647
472    'h[26,1]'                 0.875869
473    'h[26,2]'                 0.69744
474    'h[26,3]'                 0.664418
475    'h[27,1]'                 0.736804
476    'h[27,2]'                 0.54691
477    'h[27,3]'                 0.502042
478    'h[28,1]'                 0.423527
479    'h[28,2]'                 0.207549
480    'h[28,3]'                 0.135729
481    'h[29,1]'                -0.249816
482    'h[29,2]'                -0.522994
483    'h[29,3]'                -0.653963
484    'h[30,1]'                -1.40342
485    'h[30,2]'                -1.77784
486    'h[30,3]'                -2.0139
487    'hF[1]'                   0.957971
488    'hF[2]'                   0.786278
489    'hF[3]'                   0.760216
490    'tauGamma[1,1,1]'     1e-06
491    'tauGamma[1,1,2]'     1e-06
492    'tauGamma[1,1,3]'     1e-06
493    'tauGamma[1,2,1]'     1e-06
494    'tauGamma[1,2,2]'     1e-06
495    'tauGamma[1,2,3]'     1e-06
496    'tauGamma[1,3,1]'     1e-06
497    'tauGamma[1,3,2]'     1e-06
498    'tauGamma[1,3,3]'     1e-06
499    'tauGamma[2,1,1]'     1e-06
500    'tauGamma[2,1,2]'     1e-06
501    'tauGamma[2,1,3]'     1e-06
502    'tauGamma[2,2,1]'     1e-06
503    'tauGamma[2,2,2]'     1e-06
504    'tauGamma[2,2,3]'     1e-06
505    'tauGamma[2,3,1]'     1e-06
506    'tauGamma[2,3,2]'     1e-06
507    'tauGamma[2,3,3]'     1e-06
508    'tauGamma[3,1,1]'     1e-06
509    'tauGamma[3,1,2]'     1e-06
510    'tauGamma[3,1,3]'     1e-06
511    'tauGamma[3,2,1]'     1e-06
512    'tauGamma[3,2,2]'     1e-06
513    'tauGamma[3,2,3]'     1e-06
514    'tauGamma[3,3,1]'     1e-06
515    'tauGamma[3,3,2]'     1e-06
516    'tauGamma[3,3,3]'     1e-06
517    'tauGamma[4,1,1]'     1e-06
518    'tauGamma[4,1,2]'     1e-06
519    'tauGamma[4,1,3]'     1e-06
520    'tauGamma[4,2,1]'     1e-06
521    'tauGamma[4,2,2]'     1e-06
522    'tauGamma[4,2,3]'     1e-06
523    'tauGamma[4,3,1]'     1e-06
524    'tauGamma[4,3,2]'     1e-06
525    'tauGamma[4,3,3]'     1e-06
526    'tauGamma[5,1,1]'     1e-06
527    'tauGamma[5,1,2]'     1e-06
528    'tauGamma[5,1,3]'     1e-06
529    'tauGamma[5,2,1]'     1e-06
530    'tauGamma[5,2,2]'     1e-06
531    'tauGamma[5,2,3]'     1e-06
532    'tauGamma[5,3,1]'     1e-06
533    'tauGamma[5,3,2]'     1e-06
534    'tauGamma[5,3,3]'     1e-06
535    'tauGamma[6,1,1]'     1e-06
536    'tauGamma[6,1,2]'     1e-06
537    'tauGamma[6,1,3]'     1e-06
538    'tauGamma[6,2,1]'     1e-06
539    'tauGamma[6,2,2]'     1e-06
540    'tauGamma[6,2,3]'     1e-06
541    'tauGamma[6,3,1]'     1e-06
542    'tauGamma[6,3,2]'     1e-06
543    'tauGamma[6,3,3]'     1e-06
544    'tauGamma[7,1,1]'     1e-06
545    'tauGamma[7,1,2]'     1e-06
546    'tauGamma[7,1,3]'     1e-06
547    'tauGamma[7,2,1]'     1e-06
548    'tauGamma[7,2,2]'     1e-06
549    'tauGamma[7,2,3]'     1e-06
550    'tauGamma[7,3,1]'     1e-06
551    'tauGamma[7,3,2]'     1e-06
552    'tauGamma[7,3,3]'     1e-06
553    'tauGamma[8,1,1]'     1e-06
554    'tauGamma[8,1,2]'     1e-06
555    'tauGamma[8,1,3]'     1e-06
556    'tauGamma[8,2,1]'     1e-06
557    'tauGamma[8,2,2]'     1e-06
558    'tauGamma[8,2,3]'     1e-06
559    'tauGamma[8,3,1]'     1e-06
560    'tauGamma[8,3,2]'     1e-06
561    'tauGamma[8,3,3]'     1e-06
562    'tauGamma[9,1,1]'     1e-06
563    'tauGamma[9,1,2]'     1e-06
564    'tauGamma[9,1,3]'     1e-06
565    'tauGamma[9,2,1]'     1e-06
566    'tauGamma[9,2,2]'     1e-06
567    'tauGamma[9,2,3]'     1e-06
568    'tauGamma[9,3,1]'     1e-06
569    'tauGamma[9,3,2]'     1e-06
570    'tauGamma[9,3,3]'     1e-06
571    'tauGamma[10,1,1]'    1e-06
572    'tauGamma[10,1,2]'    1e-06
573    'tauGamma[10,1,3]'    1e-06
574    'tauGamma[10,2,1]'    1e-06
575    'tauGamma[10,2,2]'    1e-06
576    'tauGamma[10,2,3]'    1e-06
577    'tauGamma[10,3,1]'    1e-06
578    'tauGamma[10,3,2]'    1e-06
579    'tauGamma[10,3,3]'    1e-06
580    'tauGamma[11,1,1]'    1e-06
581    'tauGamma[11,1,2]'    1e-06
582    'tauGamma[11,1,3]'    1e-06
583    'tauGamma[11,2,1]'    1e-06
584    'tauGamma[11,2,2]'    1e-06
585    'tauGamma[11,2,3]'    1e-06
586    'tauGamma[11,3,1]'    1e-06
587    'tauGamma[11,3,2]'    1e-06
588    'tauGamma[11,3,3]'    1e-06
589    'tauGamma[12,1,1]'    1e-06
590    'tauGamma[12,1,2]'    1e-06
591    'tauGamma[12,1,3]'    1e-06
592    'tauGamma[12,2,1]'    1e-06
593    'tauGamma[12,2,2]'    1e-06
594    'tauGamma[12,2,3]'    1e-06
595    'tauGamma[12,3,1]'    1e-06
596    'tauGamma[12,3,2]'    1e-06
597    'tauGamma[12,3,3]'    1e-06
598    'tauGamma[13,1,1]'    1e-06
599    'tauGamma[13,1,2]'    1e-06
600    'tauGamma[13,1,3]'    1e-06
601    'tauGamma[13,2,1]'    1e-06
602    'tauGamma[13,2,2]'    1e-06
603    'tauGamma[13,2,3]'    1e-06
604    'tauGamma[13,3,1]'    1e-06
605    'tauGamma[13,3,2]'    1e-06
606    'tauGamma[13,3,3]'    1e-06
607    'tauGamma[14,1,1]'    1e-06
608    'tauGamma[14,1,2]'    1e-06
609    'tauGamma[14,1,3]'    1e-06
610    'tauGamma[14,2,1]'    1e-06
611    'tauGamma[14,2,2]'    1e-06
612    'tauGamma[14,2,3]'    1e-06
613    'tauGamma[14,3,1]'    1e-06
614    'tauGamma[14,3,2]'    1e-06
615    'tauGamma[14,3,3]'    1e-06
616    'tauGamma[15,1,1]'    1e-06
617    'tauGamma[15,1,2]'    1e-06
618    'tauGamma[15,1,3]'    1e-06
619    'tauGamma[15,2,1]'    1e-06
620    'tauGamma[15,2,2]'    1e-06
621    'tauGamma[15,2,3]'    1e-06
622    'tauGamma[15,3,1]'    1e-06
623    'tauGamma[15,3,2]'    1e-06
624    'tauGamma[15,3,3]'    1e-06
625    'tauGamma[16,1,1]'    1e-06
626    'tauGamma[16,1,2]'    1e-06
627    'tauGamma[16,1,3]'    1e-06
628    'tauGamma[16,2,1]'    1e-06
629    'tauGamma[16,2,2]'    1e-06
630    'tauGamma[16,2,3]'    1e-06
631    'tauGamma[16,3,1]'    1e-06
632    'tauGamma[16,3,2]'    1e-06
633    'tauGamma[16,3,3]'    1e-06
634    'tauGamma[17,1,1]'    1e-06
635    'tauGamma[17,1,2]'    1e-06
636    'tauGamma[17,1,3]'    1e-06
637    'tauGamma[17,2,1]'    1e-06
638    'tauGamma[17,2,2]'    1e-06
639    'tauGamma[17,2,3]'    1e-06
640    'tauGamma[17,3,1]'    1e-06
641    'tauGamma[17,3,2]'    1e-06
642    'tauGamma[17,3,3]'    1e-06
643    'tauGamma[18,1,1]'    1e-06
644    'tauGamma[18,1,2]'    1e-06
645    'tauGamma[18,1,3]'    1e-06
646    'tauGamma[18,2,1]'    1e-06
647    'tauGamma[18,2,2]'    1e-06
648    'tauGamma[18,2,3]'    1e-06
649    'tauGamma[18,3,1]'    1e-06
650    'tauGamma[18,3,2]'    1e-06
651    'tauGamma[18,3,3]'    1e-06
652    'tauGamma[19,1,1]'    1e-06
653    'tauGamma[19,1,2]'    1e-06
654    'tauGamma[19,1,3]'    1e-06
655    'tauGamma[19,2,1]'    1e-06
656    'tauGamma[19,2,2]'    1e-06
657    'tauGamma[19,2,3]'    1e-06
658    'tauGamma[19,3,1]'    1e-06
659    'tauGamma[19,3,2]'    1e-06
660    'tauGamma[19,3,3]'    1e-06
661    'tauGamma[20,1,1]'    1e-06
662    'tauGamma[20,1,2]'    1e-06
663    'tauGamma[20,1,3]'    1e-06
664    'tauGamma[20,2,1]'    1e-06
665    'tauGamma[20,2,2]'    1e-06
666    'tauGamma[20,2,3]'    1e-06
667    'tauGamma[20,3,1]'    1e-06
668    'tauGamma[20,3,2]'    1e-06
669    'tauGamma[20,3,3]'    1e-06
670    'tauGamma[21,1,1]'    1e-06
671    'tauGamma[21,1,2]'    1e-06
672    'tauGamma[21,1,3]'    1e-06
673    'tauGamma[21,2,1]'    1e-06
674    'tauGamma[21,2,2]'    1e-06
675    'tauGamma[21,2,3]'    1e-06
676    'tauGamma[21,3,1]'    1e-06
677    'tauGamma[21,3,2]'    1e-06
678    'tauGamma[21,3,3]'    1e-06
679    'tauGamma[22,1,1]'    1e-06
680    'tauGamma[22,1,2]'    1e-06
681    'tauGamma[22,1,3]'    1e-06
682    'tauGamma[22,2,1]'    1e-06
683    'tauGamma[22,2,2]'    1e-06
684    'tauGamma[22,2,3]'    1e-06
685    'tauGamma[22,3,1]'    1e-06
686    'tauGamma[22,3,2]'    1e-06
687    'tauGamma[22,3,3]'    1e-06
688    'tauGamma[23,1,1]'    1e-06
689    'tauGamma[23,1,2]'    1e-06
690    'tauGamma[23,1,3]'    1e-06
691    'tauGamma[23,2,1]'    1e-06
692    'tauGamma[23,2,2]'    1e-06
693    'tauGamma[23,2,3]'    1e-06
694    'tauGamma[23,3,1]'    1e-06
695    'tauGamma[23,3,2]'    1e-06
696    'tauGamma[23,3,3]'    1e-06
697    'tauGamma[24,1,1]'    1e-06
698    'tauGamma[24,1,2]'    1e-06
699    'tauGamma[24,1,3]'    1e-06
700    'tauGamma[24,2,1]'    1e-06
701    'tauGamma[24,2,2]'    1e-06
702    'tauGamma[24,2,3]'    1e-06
703    'tauGamma[24,3,1]'    1e-06
704    'tauGamma[24,3,2]'    1e-06
705    'tauGamma[24,3,3]'    1e-06
706    'tauGamma[25,1,1]'    1e-06
707    'tauGamma[25,1,2]'    1e-06
708    'tauGamma[25,1,3]'    1e-06
709    'tauGamma[25,2,1]'    1e-06
710    'tauGamma[25,2,2]'    1e-06
711    'tauGamma[25,2,3]'    1e-06
712    'tauGamma[25,3,1]'    1e-06
713    'tauGamma[25,3,2]'    1e-06
714    'tauGamma[25,3,3]'    1e-06
715    'tauGamma[26,1,1]'    1e-06
716    'tauGamma[26,1,2]'    1e-06
717    'tauGamma[26,1,3]'    1e-06
718    'tauGamma[26,2,1]'    1e-06
719    'tauGamma[26,2,2]'    1e-06
720    'tauGamma[26,2,3]'    1e-06
721    'tauGamma[26,3,1]'    1e-06
722    'tauGamma[26,3,2]'    1e-06
723    'tauGamma[26,3,3]'    1e-06
724    'tauGamma[27,1,1]'    1e-06
725    'tauGamma[27,1,2]'    1e-06
726    'tauGamma[27,1,3]'    1e-06
727    'tauGamma[27,2,1]'    1e-06
728    'tauGamma[27,2,2]'    1e-06
729    'tauGamma[27,2,3]'    1e-06
730    'tauGamma[27,3,1]'    1e-06
731    'tauGamma[27,3,2]'    1e-06
732    'tauGamma[27,3,3]'    1e-06
733    'tauGamma[28,1,1]'    1e-06
734    'tauGamma[28,1,2]'    1e-06
735    'tauGamma[28,1,3]'    1e-06
736    'tauGamma[28,2,1]'    1e-06
737    'tauGamma[28,2,2]'    1e-06
738    'tauGamma[28,2,3]'    1e-06
739    'tauGamma[28,3,1]'    1e-06
740    'tauGamma[28,3,2]'    1e-06
741    'tauGamma[28,3,3]'    1e-06
742    'tauGamma[29,1,1]'    1e-06
743    'tauGamma[29,1,2]'    1e-06
744    'tauGamma[29,1,3]'    1e-06
745    'tauGamma[29,2,1]'    1e-06
746    'tauGamma[29,2,2]'    1e-06
747    'tauGamma[29,2,3]'    1e-06
748    'tauGamma[29,3,1]'    1e-06
749    'tauGamma[29,3,2]'    1e-06
750    'tauGamma[29,3,3]'    1e-06
751    'tauGamma[30,1,1]'    1e-06
752    'tauGamma[30,1,2]'    1e-06
753    'tauGamma[30,1,3]'    1e-06
754    'tauGamma[30,2,1]'    1e-06
755    'tauGamma[30,2,2]'    1e-06
756    'tauGamma[30,2,3]'    1e-06
757    'tauGamma[30,3,1]'    1e-06
758    'tauGamma[30,3,2]'    1e-06
759    'tauGamma[30,3,3]'    1e-06
760    'PGamma[1,1,1]'           1
761    'PGamma[1,1,2]'           1
762    'PGamma[1,1,3]'           1
763    'PGamma[1,2,1]'           1
764    'PGamma[1,2,2]'           1
765    'PGamma[1,2,3]'           1
766    'PGamma[1,3,1]'           1
767    'PGamma[1,3,2]'           1
768    'PGamma[1,3,3]'           1
769    'PGamma[2,1,1]'           1
770    'PGamma[2,1,2]'           1
771    'PGamma[2,1,3]'           1
772    'PGamma[2,2,1]'           1
773    'PGamma[2,2,2]'           1
774    'PGamma[2,2,3]'           1
775    'PGamma[2,3,1]'           1
776    'PGamma[2,3,2]'           1
777    'PGamma[2,3,3]'           1
778    'PGamma[3,1,1]'           1
779    'PGamma[3,1,2]'           1
780    'PGamma[3,1,3]'           1
781    'PGamma[3,2,1]'           1
782    'PGamma[3,2,2]'           1
783    'PGamma[3,2,3]'           1
784    'PGamma[3,3,1]'           1
785    'PGamma[3,3,2]'           1
786    'PGamma[3,3,3]'           1
787    'PGamma[4,1,1]'           1
788    'PGamma[4,1,2]'           1
789    'PGamma[4,1,3]'           1
790    'PGamma[4,2,1]'           1
791    'PGamma[4,2,2]'           1
792    'PGamma[4,2,3]'           1
793    'PGamma[4,3,1]'           1
794    'PGamma[4,3,2]'           1
795    'PGamma[4,3,3]'           1
796    'PGamma[5,1,1]'           1
797    'PGamma[5,1,2]'           1
798    'PGamma[5,1,3]'           1
799    'PGamma[5,2,1]'           1
800    'PGamma[5,2,2]'           1
801    'PGamma[5,2,3]'           1
802    'PGamma[5,3,1]'           1
803    'PGamma[5,3,2]'           1
804    'PGamma[5,3,3]'           1
805    'PGamma[6,1,1]'           1
806    'PGamma[6,1,2]'           1
807    'PGamma[6,1,3]'           1
808    'PGamma[6,2,1]'           1
809    'PGamma[6,2,2]'           1
810    'PGamma[6,2,3]'           1
811    'PGamma[6,3,1]'           1
812    'PGamma[6,3,2]'           1
813    'PGamma[6,3,3]'           1
814    'PGamma[7,1,1]'           1
815    'PGamma[7,1,2]'           1
816    'PGamma[7,1,3]'           1
817    'PGamma[7,2,1]'           1
818    'PGamma[7,2,2]'           1
819    'PGamma[7,2,3]'           1
820    'PGamma[7,3,1]'           1
821    'PGamma[7,3,2]'           1
822    'PGamma[7,3,3]'           1
823    'PGamma[8,1,1]'           1
824    'PGamma[8,1,2]'           1
825    'PGamma[8,1,3]'           1
826    'PGamma[8,2,1]'           1
827    'PGamma[8,2,2]'           1
828    'PGamma[8,2,3]'           1
829    'PGamma[8,3,1]'           1
830    'PGamma[8,3,2]'           1
831    'PGamma[8,3,3]'           1
832    'PGamma[9,1,1]'           1
833    'PGamma[9,1,2]'           1
834    'PGamma[9,1,3]'           1
835    'PGamma[9,2,1]'           1
836    'PGamma[9,2,2]'           1
837    'PGamma[9,2,3]'           1
838    'PGamma[9,3,1]'           1
839    'PGamma[9,3,2]'           1
840    'PGamma[9,3,3]'           1
841    'PGamma[10,1,1]'          1
842    'PGamma[10,1,2]'          1
843    'PGamma[10,1,3]'          1
844    'PGamma[10,2,1]'          1
845    'PGamma[10,2,2]'          1
846    'PGamma[10,2,3]'          1
847    'PGamma[10,3,1]'          1
848    'PGamma[10,3,2]'          1
849    'PGamma[10,3,3]'          1
850    'PGamma[11,1,1]'          1
851    'PGamma[11,1,2]'          1
852    'PGamma[11,1,3]'          1
853    'PGamma[11,2,1]'          1
854    'PGamma[11,2,2]'          1
855    'PGamma[11,2,3]'          1
856    'PGamma[11,3,1]'          1
857    'PGamma[11,3,2]'          1
858    'PGamma[11,3,3]'          1
859    'PGamma[12,1,1]'          1
860    'PGamma[12,1,2]'          1
861    'PGamma[12,1,3]'          1
862    'PGamma[12,2,1]'          1
863    'PGamma[12,2,2]'          1
864    'PGamma[12,2,3]'          1
865    'PGamma[12,3,1]'          1
866    'PGamma[12,3,2]'          1
867    'PGamma[12,3,3]'          1
868    'PGamma[13,1,1]'          1
869    'PGamma[13,1,2]'          1
870    'PGamma[13,1,3]'          1
871    'PGamma[13,2,1]'          1
872    'PGamma[13,2,2]'          1
873    'PGamma[13,2,3]'          1
874    'PGamma[13,3,1]'          1
875    'PGamma[13,3,2]'          1
876    'PGamma[13,3,3]'          1
877    'PGamma[14,1,1]'          1
878    'PGamma[14,1,2]'          1
879    'PGamma[14,1,3]'          1
880    'PGamma[14,2,1]'          1
881    'PGamma[14,2,2]'          1
882    'PGamma[14,2,3]'          1
883    'PGamma[14,3,1]'          1
884    'PGamma[14,3,2]'          1
885    'PGamma[14,3,3]'          1
886    'PGamma[15,1,1]'          1
887    'PGamma[15,1,2]'          1
888    'PGamma[15,1,3]'          1
889    'PGamma[15,2,1]'          1
890    'PGamma[15,2,2]'          1
891    'PGamma[15,2,3]'          1
892    'PGamma[15,3,1]'          1
893    'PGamma[15,3,2]'          1
894    'PGamma[15,3,3]'          1
895    'PGamma[16,1,1]'          1
896    'PGamma[16,1,2]'          1
897    'PGamma[16,1,3]'          1
898    'PGamma[16,2,1]'          1
899    'PGamma[16,2,2]'          1
900    'PGamma[16,2,3]'          1
901    'PGamma[16,3,1]'          1
902    'PGamma[16,3,2]'          1
903    'PGamma[16,3,3]'          1
904    'PGamma[17,1,1]'          1
905    'PGamma[17,1,2]'          1
906    'PGamma[17,1,3]'          1
907    'PGamma[17,2,1]'          1
908    'PGamma[17,2,2]'          1
909    'PGamma[17,2,3]'          1
910    'PGamma[17,3,1]'          1
911    'PGamma[17,3,2]'          1
912    'PGamma[17,3,3]'          1
913    'PGamma[18,1,1]'          1
914    'PGamma[18,1,2]'          1
915    'PGamma[18,1,3]'          1
916    'PGamma[18,2,1]'          1
917    'PGamma[18,2,2]'          1
918    'PGamma[18,2,3]'          1
919    'PGamma[18,3,1]'          1
920    'PGamma[18,3,2]'          1
921    'PGamma[18,3,3]'          1
922    'PGamma[19,1,1]'          1
923    'PGamma[19,1,2]'          1
924    'PGamma[19,1,3]'          1
925    'PGamma[19,2,1]'          1
926    'PGamma[19,2,2]'          1
927    'PGamma[19,2,3]'          1
928    'PGamma[19,3,1]'          1
929    'PGamma[19,3,2]'          1
930    'PGamma[19,3,3]'          1
931    'PGamma[20,1,1]'          1
932    'PGamma[20,1,2]'          1
933    'PGamma[20,1,3]'          1
934    'PGamma[20,2,1]'          1
935    'PGamma[20,2,2]'          1
936    'PGamma[20,2,3]'          1
937    'PGamma[20,3,1]'          1
938    'PGamma[20,3,2]'          1
939    'PGamma[20,3,3]'          1
940    'PGamma[21,1,1]'          1
941    'PGamma[21,1,2]'          1
942    'PGamma[21,1,3]'          1
943    'PGamma[21,2,1]'          1
944    'PGamma[21,2,2]'          1
945    'PGamma[21,2,3]'          1
946    'PGamma[21,3,1]'          1
947    'PGamma[21,3,2]'          1
948    'PGamma[21,3,3]'          1
949    'PGamma[22,1,1]'          1
950    'PGamma[22,1,2]'          1
951    'PGamma[22,1,3]'          1
952    'PGamma[22,2,1]'          1
953    'PGamma[22,2,2]'          1
954    'PGamma[22,2,3]'          1
955    'PGamma[22,3,1]'          1
956    'PGamma[22,3,2]'          1
957    'PGamma[22,3,3]'          1
958    'PGamma[23,1,1]'          1
959    'PGamma[23,1,2]'          1
960    'PGamma[23,1,3]'          1
961    'PGamma[23,2,1]'          1
962    'PGamma[23,2,2]'          1
963    'PGamma[23,2,3]'          1
964    'PGamma[23,3,1]'          1
965    'PGamma[23,3,2]'          1
966    'PGamma[23,3,3]'          1
967    'PGamma[24,1,1]'          1
968    'PGamma[24,1,2]'          1
969    'PGamma[24,1,3]'          1
970    'PGamma[24,2,1]'          1
971    'PGamma[24,2,2]'          1
972    'PGamma[24,2,3]'          1
973    'PGamma[24,3,1]'          1
974    'PGamma[24,3,2]'          1
975    'PGamma[24,3,3]'          1
976    'PGamma[25,1,1]'          1
977    'PGamma[25,1,2]'          1
978    'PGamma[25,1,3]'          1
979    'PGamma[25,2,1]'          1
980    'PGamma[25,2,2]'          1
981    'PGamma[25,2,3]'          1
982    'PGamma[25,3,1]'          1
983    'PGamma[25,3,2]'          1
984    'PGamma[25,3,3]'          1
985    'PGamma[26,1,1]'          1
986    'PGamma[26,1,2]'          1
987    'PGamma[26,1,3]'          1
988    'PGamma[26,2,1]'          1
989    'PGamma[26,2,2]'          1
990    'PGamma[26,2,3]'          1
991    'PGamma[26,3,1]'          1
992    'PGamma[26,3,2]'          1
993    'PGamma[26,3,3]'          1
994    'PGamma[27,1,1]'          1
995    'PGamma[27,1,2]'          1
996    'PGamma[27,1,3]'          1
997    'PGamma[27,2,1]'          1
998    'PGamma[27,2,2]'          1
999    'PGamma[27,2,3]'          1
1000   'PGamma[27,3,1]'          1
1001   'PGamma[27,3,2]'          1
1002   'PGamma[27,3,3]'          1
1003   'PGamma[28,1,1]'          1
1004   'PGamma[28,1,2]'          1
1005   'PGamma[28,1,3]'          1
1006   'PGamma[28,2,1]'          1
1007   'PGamma[28,2,2]'          1
1008   'PGamma[28,2,3]'          1
1009   'PGamma[28,3,1]'          1
1010   'PGamma[28,3,2]'          1
1011   'PGamma[28,3,3]'          1
1012   'PGamma[29,1,1]'          1
1013   'PGamma[29,1,2]'          1
1014   'PGamma[29,1,3]'          1
1015   'PGamma[29,2,1]'          1
1016   'PGamma[29,2,2]'          1
1017   'PGamma[29,2,3]'          1
1018   'PGamma[29,3,1]'          1
1019   'PGamma[29,3,2]'          1
1020   'PGamma[29,3,3]'          1
1021   'PGamma[30,1,1]'          1
1022   'PGamma[30,1,2]'          1
1023   'PGamma[30,1,3]'          1
1024   'PGamma[30,2,1]'          1
1025   'PGamma[30,2,2]'          1
1026   'PGamma[30,2,3]'          1
1027   'PGamma[30,3,1]'          1
1028   'PGamma[30,3,2]'          1
1029   'PGamma[30,3,3]'          1
1030   'SGamma1[1,1]'        1e-06
1031   'SGamma1[1,2]'        1e-06
1032   'SGamma1[1,3]'        1e-06
1033   'SGamma1[2,1]'        1e-06
1034   'SGamma1[2,2]'        1e-06
1035   'SGamma1[2,3]'        1e-06
1036   'SGamma1[3,1]'        1e-06
1037   'SGamma1[3,2]'        1e-06
1038   'SGamma1[3,3]'        1e-06
1039   'SGamma1[4,1]'        1e-06
1040   'SGamma1[4,2]'        1e-06
1041   'SGamma1[4,3]'        1e-06
1042   'SGamma1[5,1]'        1e-06
1043   'SGamma1[5,2]'        1e-06
1044   'SGamma1[5,3]'        1e-06
1045   'SGamma1[6,1]'        1e-06
1046   'SGamma1[6,2]'        1e-06
1047   'SGamma1[6,3]'        1e-06
1048   'SGamma1[7,1]'        1e-06
1049   'SGamma1[7,2]'        1e-06
1050   'SGamma1[7,3]'        1e-06
1051   'SGamma1[8,1]'        1e-06
1052   'SGamma1[8,2]'        1e-06
1053   'SGamma1[8,3]'        1e-06
1054   'SGamma1[9,1]'        1e-06
1055   'SGamma1[9,2]'        1e-06
1056   'SGamma1[9,3]'        1e-06
1057   'SGamma1[10,1]'       1e-06
1058   'SGamma1[10,2]'       1e-06
1059   'SGamma1[10,3]'       1e-06
1060   'SGamma1[11,1]'       1e-06
1061   'SGamma1[11,2]'       1e-06
1062   'SGamma1[11,3]'       1e-06
1063   'SGamma1[12,1]'       1e-06
1064   'SGamma1[12,2]'       1e-06
1065   'SGamma1[12,3]'       1e-06
1066   'SGamma1[13,1]'       1e-06
1067   'SGamma1[13,2]'       1e-06
1068   'SGamma1[13,3]'       1e-06
1069   'SGamma1[14,1]'       1e-06
1070   'SGamma1[14,2]'       1e-06
1071   'SGamma1[14,3]'       1e-06
1072   'SGamma1[15,1]'       1e-06
1073   'SGamma1[15,2]'       1e-06
1074   'SGamma1[15,3]'       1e-06
1075   'SGamma1[16,1]'       1e-06
1076   'SGamma1[16,2]'       1e-06
1077   'SGamma1[16,3]'       1e-06
1078   'SGamma1[17,1]'       1e-06
1079   'SGamma1[17,2]'       1e-06
1080   'SGamma1[17,3]'       1e-06
1081   'SGamma1[18,1]'       1e-06
1082   'SGamma1[18,2]'       1e-06
1083   'SGamma1[18,3]'       1e-06
1084   'SGamma1[19,1]'       1e-06
1085   'SGamma1[19,2]'       1e-06
1086   'SGamma1[19,3]'       1e-06
1087   'SGamma1[20,1]'       1e-06
1088   'SGamma1[20,2]'       1e-06
1089   'SGamma1[20,3]'       1e-06
1090   'SGamma1[21,1]'       1e-06
1091   'SGamma1[21,2]'       1e-06
1092   'SGamma1[21,3]'       1e-06
1093   'SGamma1[22,1]'       1e-06
1094   'SGamma1[22,2]'       1e-06
1095   'SGamma1[22,3]'       1e-06
1096   'SGamma1[23,1]'       1e-06
1097   'SGamma1[23,2]'       1e-06
1098   'SGamma1[23,3]'       1e-06
1099   'SGamma1[24,1]'       1e-06
1100   'SGamma1[24,2]'       1e-06
1101   'SGamma1[24,3]'       1e-06
1102   'SGamma1[25,1]'       1e-06
1103   'SGamma1[25,2]'       1e-06
1104   'SGamma1[25,3]'       1e-06
1105   'SGamma1[26,1]'       1e-06
1106   'SGamma1[26,2]'       1e-06
1107   'SGamma1[26,3]'       1e-06
1108   'SGamma1[27,1]'       1e-06
1109   'SGamma1[27,2]'       1e-06
1110   'SGamma1[27,3]'       1e-06
1111   'SGamma1[28,1]'       1e-06
1112   'SGamma1[28,2]'       1e-06
1113   'SGamma1[28,3]'       1e-06
1114   'SGamma1[29,1]'       1e-06
1115   'SGamma1[29,2]'       1e-06
1116   'SGamma1[29,3]'       1e-06
1117   'SGamma1[30,1]'       1e-06
1118   'SGamma1[30,2]'       1e-06
1119   'SGamma1[30,3]'       1e-06
1120   'SGamma2[1,1]'            1
1121   'SGamma2[1,2]'            1
1122   'SGamma2[1,3]'            1
1123   'SGamma2[2,1]'            1
1124   'SGamma2[2,2]'            1
1125   'SGamma2[2,3]'            1
1126   'SGamma2[3,1]'            1
1127   'SGamma2[3,2]'            1
1128   'SGamma2[3,3]'            1
1129   'SGamma2[4,1]'            1
1130   'SGamma2[4,2]'            1
1131   'SGamma2[4,3]'            1
1132   'SGamma2[5,1]'            1
1133   'SGamma2[5,2]'            1
1134   'SGamma2[5,3]'            1
1135   'SGamma2[6,1]'            1
1136   'SGamma2[6,2]'            1
1137   'SGamma2[6,3]'            1
1138   'SGamma2[7,1]'            1
1139   'SGamma2[7,2]'            1
1140   'SGamma2[7,3]'            1
1141   'SGamma2[8,1]'            1
1142   'SGamma2[8,2]'            1
1143   'SGamma2[8,3]'            1
1144   'SGamma2[9,1]'            1
1145   'SGamma2[9,2]'            1
1146   'SGamma2[9,3]'            1
1147   'SGamma2[10,1]'           1
1148   'SGamma2[10,2]'           1
1149   'SGamma2[10,3]'           1
1150   'SGamma2[11,1]'           1
1151   'SGamma2[11,2]'           1
1152   'SGamma2[11,3]'           1
1153   'SGamma2[12,1]'           1
1154   'SGamma2[12,2]'           1
1155   'SGamma2[12,3]'           1
1156   'SGamma2[13,1]'           1
1157   'SGamma2[13,2]'           1
1158   'SGamma2[13,3]'           1
1159   'SGamma2[14,1]'           1
1160   'SGamma2[14,2]'           1
1161   'SGamma2[14,3]'           1
1162   'SGamma2[15,1]'           1
1163   'SGamma2[15,2]'           1
1164   'SGamma2[15,3]'           1
1165   'SGamma2[16,1]'           1
1166   'SGamma2[16,2]'           1
1167   'SGamma2[16,3]'           1
1168   'SGamma2[17,1]'           1
1169   'SGamma2[17,2]'           1
1170   'SGamma2[17,3]'           1
1171   'SGamma2[18,1]'           1
1172   'SGamma2[18,2]'           1
1173   'SGamma2[18,3]'           1
1174   'SGamma2[19,1]'           1
1175   'SGamma2[19,2]'           1
1176   'SGamma2[19,3]'           1
1177   'SGamma2[20,1]'           1
1178   'SGamma2[20,2]'           1
1179   'SGamma2[20,3]'           1
1180   'SGamma2[21,1]'           1
1181   'SGamma2[21,2]'           1
1182   'SGamma2[21,3]'           1
1183   'SGamma2[22,1]'           1
1184   'SGamma2[22,2]'           1
1185   'SGamma2[22,3]'           1
1186   'SGamma2[23,1]'           1
1187   'SGamma2[23,2]'           1
1188   'SGamma2[23,3]'           1
1189   'SGamma2[24,1]'           1
1190   'SGamma2[24,2]'           1
1191   'SGamma2[24,3]'           1
1192   'SGamma2[25,1]'           1
1193   'SGamma2[25,2]'           1
1194   'SGamma2[25,3]'           1
1195   'SGamma2[26,1]'           1
1196   'SGamma2[26,2]'           1
1197   'SGamma2[26,3]'           1
1198   'SGamma2[27,1]'           1
1199   'SGamma2[27,2]'           1
1200   'SGamma2[27,3]'           1
1201   'SGamma2[28,1]'           1
1202   'SGamma2[28,2]'           1
1203   'SGamma2[28,3]'           1
1204   'SGamma2[29,1]'           1
1205   'SGamma2[29,2]'           1
1206   'SGamma2[29,3]'           1
1207   'SGamma2[30,1]'           1
1208   'SGamma2[30,2]'           1
1209   'SGamma2[30,3]'           1
1210   'gamma[1,1]'              1
1211   'gamma[1,2]'              1
1212   'gamma[1,3]'              1
1213   'gamma[2,1]'              1
1214   'gamma[2,2]'              1
1215   'gamma[2,3]'              1
1216   'gamma[3,1]'              1
1217   'gamma[3,2]'              1
1218   'gamma[3,3]'              1
1219   'gamma[4,1]'              1
1220   'gamma[4,2]'              1
1221   'gamma[4,3]'              1
1222   'gamma[5,1]'              1
1223   'gamma[5,2]'              1
1224   'gamma[5,3]'              1
1225   'gamma[6,1]'              1
1226   'gamma[6,2]'              1
1227   'gamma[6,3]'              1
1228   'gamma[7,1]'              1
1229   'gamma[7,2]'              1
1230   'gamma[7,3]'              1
1231   'gamma[8,1]'              1
1232   'gamma[8,2]'              1
1233   'gamma[8,3]'              1
1234   'gamma[9,1]'              1
1235   'gamma[9,2]'              1
1236   'gamma[9,3]'              1
1237   'gamma[10,1]'             1
1238   'gamma[10,2]'             1
1239   'gamma[10,3]'             1
1240   'gamma[11,1]'             1
1241   'gamma[11,2]'             1
1242   'gamma[11,3]'             1
1243   'gamma[12,1]'             1
1244   'gamma[12,2]'             1
1245   'gamma[12,3]'             1
1246   'gamma[13,1]'             1
1247   'gamma[13,2]'             1
1248   'gamma[13,3]'             1
1249   'gamma[14,1]'             1
1250   'gamma[14,2]'             1
1251   'gamma[14,3]'             1
1252   'gamma[15,1]'             1
1253   'gamma[15,2]'             1
1254   'gamma[15,3]'             1
1255   'gamma[16,1]'             1
1256   'gamma[16,2]'             1
1257   'gamma[16,3]'             1
1258   'gamma[17,1]'             1
1259   'gamma[17,2]'             1
1260   'gamma[17,3]'             1
1261   'gamma[18,1]'             1
1262   'gamma[18,2]'             1
1263   'gamma[18,3]'             1
1264   'gamma[19,1]'             1
1265   'gamma[19,2]'             1
1266   'gamma[19,3]'             1
1267   'gamma[20,1]'             1
1268   'gamma[20,2]'             1
1269   'gamma[20,3]'             1
1270   'gamma[21,1]'             1
1271   'gamma[21,2]'             1
1272   'gamma[21,3]'             1
1273   'gamma[22,1]'             1
1274   'gamma[22,2]'             1
1275   'gamma[22,3]'             1
1276   'gamma[23,1]'             1
1277   'gamma[23,2]'             1
1278   'gamma[23,3]'             1
1279   'gamma[24,1]'             1
1280   'gamma[24,2]'             1
1281   'gamma[24,3]'             1
1282   'gamma[25,1]'             1
1283   'gamma[25,2]'             1
1284   'gamma[25,3]'             1
1285   'gamma[26,1]'             1
1286   'gamma[26,2]'             1
1287   'gamma[26,3]'             1
1288   'gamma[27,1]'             1
1289   'gamma[27,2]'             1
1290   'gamma[27,3]'             1
1291   'gamma[28,1]'             1
1292   'gamma[28,2]'             1
1293   'gamma[28,3]'             1
1294   'gamma[29,1]'             1
1295   'gamma[29,2]'             1
1296   'gamma[29,3]'             1
1297   'gamma[30,1]'             1
1298   'gamma[30,2]'             1
1299   'gamma[30,3]'             1
1300   'PrS[1,1]'           463293
1301   'PrS[1,2]'           264669
1302   'PrS[1,3]'           152782
1303   'PrS[2,1]'           441214
1304   'PrS[2,2]'           250856
1305   'PrS[2,3]'           144153
1306   'PrS[3,1]'           424233
1307   'PrS[3,2]'           240273
1308   'PrS[3,3]'           137566
1309   'PrS[4,1]'           409726
1310   'PrS[4,2]'           231261
1311   'PrS[4,3]'           131974
1312   'PrS[5,1]'           396371
1313   'PrS[5,2]'           222990
1314   'PrS[5,3]'           126856
1315   'PrS[6,1]'           383948
1316   'PrS[6,2]'           215317
1317   'PrS[6,3]'           122121
1318   'PrS[7,1]'           372712
1319   'PrS[7,2]'           208397
1320   'PrS[7,3]'           117862
1321   'PrS[8,1]'           362954
1322   'PrS[8,2]'           202401
1323   'PrS[8,3]'           114181
1324   'PrS[9,1]'           354812
1325   'PrS[9,2]'           197410
1326   'PrS[9,3]'           111124
1327   'PrS[10,1]'          348240
1328   'PrS[10,2]'          193389
1329   'PrS[10,3]'          108665
1330   'PrS[11,1]'          343065
1331   'PrS[11,2]'          190228
1332   'PrS[11,3]'          106734
1333   'PrS[12,1]'          339078
1334   'PrS[12,2]'          187795
1335   'PrS[12,3]'          105250
1336   'PrS[13,1]'          336047
1337   'PrS[13,2]'          185947
1338   'PrS[13,3]'          104124
1339   'PrS[14,1]'          333767
1340   'PrS[14,2]'          184558
1341   'PrS[14,3]'          103279
1342   'PrS[15,1]'          332068
1343   'PrS[15,2]'          183524
1344   'PrS[15,3]'          102649
1345   'PrS[16,1]'          332068
1346   'PrS[16,2]'          183524
1347   'PrS[16,3]'          102649
1348   'PrS[17,1]'          332066
1349   'PrS[17,2]'          183523
1350   'PrS[17,3]'          102648
1351   'PrS[18,1]'          332060
1352   'PrS[18,2]'          183519
1353   'PrS[18,3]'          102646
1354   'PrS[19,1]'          332038
1355   'PrS[19,2]'          183505
1356   'PrS[19,3]'          102638
1357   'PrS[20,1]'          332015
1358   'PrS[20,2]'          183492
1359   'PrS[20,3]'          102629
1360   'PrS[21,1]'          331955
1361   'PrS[21,2]'          183455
1362   'PrS[21,3]'          102607
1363   'PrS[22,1]'          331810
1364   'PrS[22,2]'          183367
1365   'PrS[22,3]'          102553
1366   'PrS[23,1]'          331468
1367   'PrS[23,2]'          183159
1368   'PrS[23,3]'          102427
1369   'PrS[24,1]'          330661
1370   'PrS[24,2]'          182667
1371   'PrS[24,3]'          102128
1372   'PrS[25,1]'          328788
1373   'PrS[25,2]'          181528
1374   'PrS[25,3]'          101435
1375   'PrS[26,1]'          324508
1376   'PrS[26,2]'          178927
1377   'PrS[26,3]'           99854.6
1378   'PrS[27,1]'          314892
1379   'PrS[27,2]'          173095
1380   'PrS[27,3]'           96317.3
1381   'PrS[28,1]'          293911
1382   'PrS[28,2]'          160427
1383   'PrS[28,3]'           88667.8
1384   'PrS[29,1]'          251949
1385   'PrS[29,2]'          135354
1386   'PrS[29,3]'           73676.2
1387   'PrS[30,1]'          189623
1388   'PrS[30,2]'           98879.9
1389   'PrS[30,3]'           52294.5
1390   'PrSF[1]'            330273
1391   'PrSF[2]'            182432
1392   'PrSF[3]'            101984
;

