solve_message = 'MINOS 5.51: infeasible problem (or bad starting guess).\
219 iterations\
Nonlin evals: constrs = 211, Jac = 211.'

:          _varname             _var          :=
1     'F[2]'                    0
2     'F[3]'                    0
3     'F[4]'                    0
4     'F[5]'                    0
5     'F[6]'                    0
6     'F[7]'                    0
7     'F[8]'                  200
8     'F[9]'                    0
9     'F[10]'                   0
10    'F[11]'                   0
11    'F[12]'                   0
12    'F[13]'                   0
13    'F[14]'                   0
14    'V[1]'                  234.999
15    'V[2]'                  235.167
16    'V[3]'                  235.877
17    'V[4]'                  236.367
18    'V[5]'                  236.226
19    'V[6]'                  235.432
20    'V[7]'                  234.293
21    'V[8]'                  233.232
22    'V[9]'                  232.597
23    'V[10]'                 232.753
24    'V[11]'                 233.648
25    'V[12]'                 234.97
26    'V[13]'                 236.233
27    'V[14]'                 237.087
28    'V[15]'                   0
29    'y[1,1]'                  0.00208262
30    'y[1,2]'                  0.325795
31    'y[1,3]'                  0.672122
32    'y[2,1]'                  0.00824544
33    'y[2,2]'                  0.445604
34    'y[2,3]'                  0.546151
35    'y[3,1]'                  0.021129
36    'y[3,2]'                  0.536825
37    'y[3,3]'                  0.442046
38    'y[4,1]'                  0.0442726
39    'y[4,2]'                  0.59162
40    'y[4,3]'                  0.364107
41    'y[5,1]'                  0.0821305
42    'y[5,2]'                  0.609817
43    'y[5,3]'                  0.308052
44    'y[6,1]'                  0.13922
45    'y[6,2]'                  0.593822
46    'y[6,3]'                  0.266958
47    'y[7,1]'                  0.218039
48    'y[7,2]'                  0.5473
49    'y[7,3]'                  0.234661
50    'y[8,1]'                  0.316325
51    'y[8,2]'                  0.476589
52    'y[8,3]'                  0.207086
53    'y[9,1]'                  0.311704
54    'y[9,2]'                  0.482771
55    'y[9,3]'                  0.205525
56    'y[10,1]'                 0.305234
57    'y[10,2]'                 0.504852
58    'y[10,3]'                 0.189914
59    'y[11,1]'                 0.295533
60    'y[11,2]'                 0.540838
61    'y[11,3]'                 0.163629
62    'y[12,1]'                 0.282858
63    'y[12,2]'                 0.585848
64    'y[12,3]'                 0.131294
65    'y[13,1]'                 0.273324
66    'y[13,2]'                 0.62952
67    'y[13,3]'                 0.0971558
68    'y[14,1]'                 0.287023
69    'y[14,2]'                 0.648578
70    'y[14,3]'                 0.0643991
71    'y[15,1]'                 0.364962
72    'y[15,2]'                 0.59946
73    'y[15,3]'                 0.0355782
74    'L[1]'                    0
75    'L[2]'                  295.679
76    'L[3]'                  295.847
77    'L[4]'                  296.557
78    'L[5]'                  297.047
79    'L[6]'                  296.906
80    'L[7]'                  296.113
81    'L[8]'                  294.973
82    'L[9]'                   92.981
83    'L[10]'                  92.3455
84    'L[11]'                  92.5015
85    'L[12]'                  93.3965
86    'L[13]'                  94.7185
87    'L[14]'                  95.9815
88    'L[15]'                  96.8363
89    'x[1,1]'                  0
90    'x[1,2]'                  0.197732
91    'x[1,3]'                  0.802268
92    'x[2,1]'                  0.00199086
93    'x[2,2]'                  0.297929
94    'x[2,3]'                  0.70008
95    'x[3,1]'                  0.00722215
96    'x[3,2]'                  0.390306
97    'x[3,3]'                  0.602472
98    'x[4,1]'                  0.0177515
99    'x[4,2]'                  0.459986
100   'x[4,3]'                  0.522262
101   'x[5,1]'                  0.036301
102   'x[5,2]'                  0.501239
103   'x[5,3]'                  0.46246
104   'x[6,1]'                  0.0662287
105   'x[6,2]'                  0.514054
106   'x[6,3]'                  0.419717
107   'x[7,1]'                  0.110865
108   'x[7,2]'                  0.500463
109   'x[7,3]'                  0.388672
110   'x[8,1]'                  0.171965
111   'x[8,2]'                  0.46355
112   'x[8,3]'                  0.364485
113   'x[9,1]'                  0.167616
114   'x[9,2]'                  0.463763
115   'x[9,3]'                  0.368621
116   'x[10,1]'                 0.163465
117   'x[10,2]'                 0.486103
118   'x[10,3]'                 0.350431
119   'x[11,1]'                 0.158064
120   'x[11,2]'                 0.530071
121   'x[11,3]'                 0.311865
122   'x[12,1]'                 0.15026
123   'x[12,2]'                 0.590722
124   'x[12,3]'                 0.259018
125   'x[13,1]'                 0.142245
126   'x[13,2]'                 0.658384
127   'x[13,3]'                 0.199371
128   'x[14,1]'                 0.146551
129   'x[14,2]'                 0.714099
130   'x[14,3]'                 0.13935
131   'x[15,1]'                 0.198648
132   'x[15,2]'                 0.717834
133   'x[15,3]'                 0.0835182
134   PC                      140.251
135   PR                       60.6804
136   'T[1]'                  470.486
137   'T[2]'                  467.572
138   'T[3]'                  464.843
139   'T[4]'                  462.458
140   'T[5]'                  460.316
141   'T[6]'                  458.181
142   'T[7]'                  455.823
143   'T[8]'                  453.115
144   'T[9]'                  453.253
145   'T[10]'                 452.951
146   'T[11]'                 452.321
147   'T[12]'                 451.518
148   'T[13]'                 450.586
149   'T[14]'                 449.219
150   'T[15]'                 446.476
151   TF                      447.618
152   QC                     2310.57
153   QR                     2450.93
154   'H[1,1]'                 11.1208
155   'H[1,2]'                 12.4692
156   'H[1,3]'                 13.8174
157   'H[2,1]'                 10.8993
158   'H[2,2]'                 12.2209
159   'H[2,3]'                 13.5422
160   'H[3,1]'                 10.6929
161   'H[3,2]'                 11.9893
162   'H[3,3]'                 13.2856
163   'H[4,1]'                 10.5132
164   'H[4,2]'                 11.7879
165   'H[4,3]'                 13.0624
166   'H[5,1]'                 10.3525
167   'H[5,2]'                 11.6076
168   'H[5,3]'                 12.8626
169   'H[6,1]'                 10.1929
170   'H[6,2]'                 11.4286
171   'H[6,3]'                 12.6642
172   'H[7,1]'                 10.0172
173   'H[7,2]'                 11.2316
174   'H[7,3]'                 12.4459
175   'H[8,1]'                  9.81642
176   'H[8,2]'                 11.0064
177   'H[8,3]'                 12.1963
178   'H[9,1]'                  9.82667
179   'H[9,2]'                 11.0179
180   'H[9,3]'                 12.209
181   'H[10,1]'                 9.80428
182   'H[10,2]'                10.9927
183   'H[10,3]'                12.1812
184   'H[11,1]'                 9.7577
185   'H[11,2]'                10.9405
186   'H[11,3]'                12.1233
187   'H[12,1]'                 9.6984
188   'H[12,2]'                10.874
189   'H[12,3]'                12.0496
190   'H[13,1]'                 9.62972
191   'H[13,2]'                10.797
192   'H[13,3]'                11.9642
193   'H[14,1]'                 9.52913
194   'H[14,2]'                10.6842
195   'H[14,3]'                11.8392
196   'H[15,1]'                 9.32805
197   'H[15,2]'                10.4586
198   'H[15,3]'                11.5893
199   'HF[1]'                   9.41167
200   'HF[2]'                  10.5524
201   'HF[3]'                  11.6932
202   'h[1,1]'                  3.29363
203   'h[1,2]'                  3.30148
204   'h[1,3]'                  3.46221
205   'h[2,1]'                  2.98776
206   'h[2,2]'                  2.97358
207   'h[2,3]'                  3.11114
208   'h[3,1]'                  2.70359
209   'h[3,2]'                  2.66851
210   'h[3,3]'                  2.78417
211   'h[4,1]'                  2.45707
212   'h[4,2]'                  2.40352
213   'h[4,3]'                  2.49992
214   'h[5,1]'                  2.23697
215   'h[5,2]'                  2.16669
216   'h[5,3]'                  2.24567
217   'h[6,1]'                  2.01898
218   'h[6,2]'                  1.93191
219   'h[6,3]'                  1.99345
220   'h[7,1]'                  1.77951
221   'h[7,2]'                  1.67376
222   'h[7,3]'                  1.71591
223   'h[8,1]'                  1.50642
224   'h[8,2]'                  1.37905
225   'h[8,3]'                  1.39882
226   'h[9,1]'                  1.52035
227   'h[9,2]'                  1.39408
228   'h[9,3]'                  1.415
229   'h[10,1]'                 1.48994
230   'h[10,2]'                 1.36125
231   'h[10,3]'                 1.37966
232   'h[11,1]'                 1.42669
233   'h[11,2]'                 1.29295
234   'h[11,3]'                 1.30613
235   'h[12,1]'                 1.34625
236   'h[12,2]'                 1.20605
237   'h[12,3]'                 1.21256
238   'h[13,1]'                 1.25312
239   'h[13,2]'                 1.10543
240   'h[13,3]'                 1.10417
241   'h[14,1]'                 1.11688
242   'h[14,2]'                 0.958149
243   'h[14,3]'                 0.945485
244   'h[15,1]'                 0.844973
245   'h[15,2]'                 0.664004
246   'h[15,3]'                 0.628356
247   'hF[1]'                   0.957971
248   'hF[2]'                   0.786278
249   'hF[3]'                   0.760216
250   'tauGamma[1,1,1]'     1e-06
251   'tauGamma[1,1,2]'     1e-06
252   'tauGamma[1,1,3]'     1e-06
253   'tauGamma[1,2,1]'     1e-06
254   'tauGamma[1,2,2]'     1e-06
255   'tauGamma[1,2,3]'     1e-06
256   'tauGamma[1,3,1]'     1e-06
257   'tauGamma[1,3,2]'     1e-06
258   'tauGamma[1,3,3]'     1e-06
259   'tauGamma[2,1,1]'     1e-06
260   'tauGamma[2,1,2]'     1e-06
261   'tauGamma[2,1,3]'     1e-06
262   'tauGamma[2,2,1]'     1e-06
263   'tauGamma[2,2,2]'     1e-06
264   'tauGamma[2,2,3]'     1e-06
265   'tauGamma[2,3,1]'     1e-06
266   'tauGamma[2,3,2]'     1e-06
267   'tauGamma[2,3,3]'     1e-06
268   'tauGamma[3,1,1]'     1e-06
269   'tauGamma[3,1,2]'     1e-06
270   'tauGamma[3,1,3]'     1e-06
271   'tauGamma[3,2,1]'     1e-06
272   'tauGamma[3,2,2]'     1e-06
273   'tauGamma[3,2,3]'     1e-06
274   'tauGamma[3,3,1]'     1e-06
275   'tauGamma[3,3,2]'     1e-06
276   'tauGamma[3,3,3]'     1e-06
277   'tauGamma[4,1,1]'     1e-06
278   'tauGamma[4,1,2]'     1e-06
279   'tauGamma[4,1,3]'     1e-06
280   'tauGamma[4,2,1]'     1e-06
281   'tauGamma[4,2,2]'     1e-06
282   'tauGamma[4,2,3]'     1e-06
283   'tauGamma[4,3,1]'     1e-06
284   'tauGamma[4,3,2]'     1e-06
285   'tauGamma[4,3,3]'     1e-06
286   'tauGamma[5,1,1]'     1e-06
287   'tauGamma[5,1,2]'     1e-06
288   'tauGamma[5,1,3]'     1e-06
289   'tauGamma[5,2,1]'     1e-06
290   'tauGamma[5,2,2]'     1e-06
291   'tauGamma[5,2,3]'     1e-06
292   'tauGamma[5,3,1]'     1e-06
293   'tauGamma[5,3,2]'     1e-06
294   'tauGamma[5,3,3]'     1e-06
295   'tauGamma[6,1,1]'     1e-06
296   'tauGamma[6,1,2]'     1e-06
297   'tauGamma[6,1,3]'     1e-06
298   'tauGamma[6,2,1]'     1e-06
299   'tauGamma[6,2,2]'     1e-06
300   'tauGamma[6,2,3]'     1e-06
301   'tauGamma[6,3,1]'     1e-06
302   'tauGamma[6,3,2]'     1e-06
303   'tauGamma[6,3,3]'     1e-06
304   'tauGamma[7,1,1]'     1e-06
305   'tauGamma[7,1,2]'     1e-06
306   'tauGamma[7,1,3]'     1e-06
307   'tauGamma[7,2,1]'     1e-06
308   'tauGamma[7,2,2]'     1e-06
309   'tauGamma[7,2,3]'     1e-06
310   'tauGamma[7,3,1]'     1e-06
311   'tauGamma[7,3,2]'     1e-06
312   'tauGamma[7,3,3]'     1e-06
313   'tauGamma[8,1,1]'     1e-06
314   'tauGamma[8,1,2]'     1e-06
315   'tauGamma[8,1,3]'     1e-06
316   'tauGamma[8,2,1]'     1e-06
317   'tauGamma[8,2,2]'     1e-06
318   'tauGamma[8,2,3]'     1e-06
319   'tauGamma[8,3,1]'     1e-06
320   'tauGamma[8,3,2]'     1e-06
321   'tauGamma[8,3,3]'     1e-06
322   'tauGamma[9,1,1]'     1e-06
323   'tauGamma[9,1,2]'     1e-06
324   'tauGamma[9,1,3]'     1e-06
325   'tauGamma[9,2,1]'     1e-06
326   'tauGamma[9,2,2]'     1e-06
327   'tauGamma[9,2,3]'     1e-06
328   'tauGamma[9,3,1]'     1e-06
329   'tauGamma[9,3,2]'     1e-06
330   'tauGamma[9,3,3]'     1e-06
331   'tauGamma[10,1,1]'    1e-06
332   'tauGamma[10,1,2]'    1e-06
333   'tauGamma[10,1,3]'    1e-06
334   'tauGamma[10,2,1]'    1e-06
335   'tauGamma[10,2,2]'    1e-06
336   'tauGamma[10,2,3]'    1e-06
337   'tauGamma[10,3,1]'    1e-06
338   'tauGamma[10,3,2]'    1e-06
339   'tauGamma[10,3,3]'    1e-06
340   'tauGamma[11,1,1]'    1e-06
341   'tauGamma[11,1,2]'    1e-06
342   'tauGamma[11,1,3]'    1e-06
343   'tauGamma[11,2,1]'    1e-06
344   'tauGamma[11,2,2]'    1e-06
345   'tauGamma[11,2,3]'    1e-06
346   'tauGamma[11,3,1]'    1e-06
347   'tauGamma[11,3,2]'    1e-06
348   'tauGamma[11,3,3]'    1e-06
349   'tauGamma[12,1,1]'    1e-06
350   'tauGamma[12,1,2]'    1e-06
351   'tauGamma[12,1,3]'    1e-06
352   'tauGamma[12,2,1]'    1e-06
353   'tauGamma[12,2,2]'    1e-06
354   'tauGamma[12,2,3]'    1e-06
355   'tauGamma[12,3,1]'    1e-06
356   'tauGamma[12,3,2]'    1e-06
357   'tauGamma[12,3,3]'    1e-06
358   'tauGamma[13,1,1]'    1e-06
359   'tauGamma[13,1,2]'    1e-06
360   'tauGamma[13,1,3]'    1e-06
361   'tauGamma[13,2,1]'    1e-06
362   'tauGamma[13,2,2]'    1e-06
363   'tauGamma[13,2,3]'    1e-06
364   'tauGamma[13,3,1]'    1e-06
365   'tauGamma[13,3,2]'    1e-06
366   'tauGamma[13,3,3]'    1e-06
367   'tauGamma[14,1,1]'    1e-06
368   'tauGamma[14,1,2]'    1e-06
369   'tauGamma[14,1,3]'    1e-06
370   'tauGamma[14,2,1]'    1e-06
371   'tauGamma[14,2,2]'    1e-06
372   'tauGamma[14,2,3]'    1e-06
373   'tauGamma[14,3,1]'    1e-06
374   'tauGamma[14,3,2]'    1e-06
375   'tauGamma[14,3,3]'    1e-06
376   'tauGamma[15,1,1]'    1e-06
377   'tauGamma[15,1,2]'    1e-06
378   'tauGamma[15,1,3]'    1e-06
379   'tauGamma[15,2,1]'    1e-06
380   'tauGamma[15,2,2]'    1e-06
381   'tauGamma[15,2,3]'    1e-06
382   'tauGamma[15,3,1]'    1e-06
383   'tauGamma[15,3,2]'    1e-06
384   'tauGamma[15,3,3]'    1e-06
385   'PGamma[1,1,1]'           1
386   'PGamma[1,1,2]'           1
387   'PGamma[1,1,3]'           1
388   'PGamma[1,2,1]'           1
389   'PGamma[1,2,2]'           1
390   'PGamma[1,2,3]'           1
391   'PGamma[1,3,1]'           1
392   'PGamma[1,3,2]'           1
393   'PGamma[1,3,3]'           1
394   'PGamma[2,1,1]'           1
395   'PGamma[2,1,2]'           1
396   'PGamma[2,1,3]'           1
397   'PGamma[2,2,1]'           1
398   'PGamma[2,2,2]'           1
399   'PGamma[2,2,3]'           1
400   'PGamma[2,3,1]'           1
401   'PGamma[2,3,2]'           1
402   'PGamma[2,3,3]'           1
403   'PGamma[3,1,1]'           1
404   'PGamma[3,1,2]'           1
405   'PGamma[3,1,3]'           1
406   'PGamma[3,2,1]'           1
407   'PGamma[3,2,2]'           1
408   'PGamma[3,2,3]'           1
409   'PGamma[3,3,1]'           1
410   'PGamma[3,3,2]'           1
411   'PGamma[3,3,3]'           1
412   'PGamma[4,1,1]'           1
413   'PGamma[4,1,2]'           1
414   'PGamma[4,1,3]'           1
415   'PGamma[4,2,1]'           1
416   'PGamma[4,2,2]'           1
417   'PGamma[4,2,3]'           1
418   'PGamma[4,3,1]'           1
419   'PGamma[4,3,2]'           1
420   'PGamma[4,3,3]'           1
421   'PGamma[5,1,1]'           1
422   'PGamma[5,1,2]'           1
423   'PGamma[5,1,3]'           1
424   'PGamma[5,2,1]'           1
425   'PGamma[5,2,2]'           1
426   'PGamma[5,2,3]'           1
427   'PGamma[5,3,1]'           1
428   'PGamma[5,3,2]'           1
429   'PGamma[5,3,3]'           1
430   'PGamma[6,1,1]'           1
431   'PGamma[6,1,2]'           1
432   'PGamma[6,1,3]'           1
433   'PGamma[6,2,1]'           1
434   'PGamma[6,2,2]'           1
435   'PGamma[6,2,3]'           1
436   'PGamma[6,3,1]'           1
437   'PGamma[6,3,2]'           1
438   'PGamma[6,3,3]'           1
439   'PGamma[7,1,1]'           1
440   'PGamma[7,1,2]'           1
441   'PGamma[7,1,3]'           1
442   'PGamma[7,2,1]'           1
443   'PGamma[7,2,2]'           1
444   'PGamma[7,2,3]'           1
445   'PGamma[7,3,1]'           1
446   'PGamma[7,3,2]'           1
447   'PGamma[7,3,3]'           1
448   'PGamma[8,1,1]'           1
449   'PGamma[8,1,2]'           1
450   'PGamma[8,1,3]'           1
451   'PGamma[8,2,1]'           1
452   'PGamma[8,2,2]'           1
453   'PGamma[8,2,3]'           1
454   'PGamma[8,3,1]'           1
455   'PGamma[8,3,2]'           1
456   'PGamma[8,3,3]'           1
457   'PGamma[9,1,1]'           1
458   'PGamma[9,1,2]'           1
459   'PGamma[9,1,3]'           1
460   'PGamma[9,2,1]'           1
461   'PGamma[9,2,2]'           1
462   'PGamma[9,2,3]'           1
463   'PGamma[9,3,1]'           1
464   'PGamma[9,3,2]'           1
465   'PGamma[9,3,3]'           1
466   'PGamma[10,1,1]'          1
467   'PGamma[10,1,2]'          1
468   'PGamma[10,1,3]'          1
469   'PGamma[10,2,1]'          1
470   'PGamma[10,2,2]'          1
471   'PGamma[10,2,3]'          1
472   'PGamma[10,3,1]'          1
473   'PGamma[10,3,2]'          1
474   'PGamma[10,3,3]'          1
475   'PGamma[11,1,1]'          1
476   'PGamma[11,1,2]'          1
477   'PGamma[11,1,3]'          1
478   'PGamma[11,2,1]'          1
479   'PGamma[11,2,2]'          1
480   'PGamma[11,2,3]'          1
481   'PGamma[11,3,1]'          1
482   'PGamma[11,3,2]'          1
483   'PGamma[11,3,3]'          1
484   'PGamma[12,1,1]'          1
485   'PGamma[12,1,2]'          1
486   'PGamma[12,1,3]'          1
487   'PGamma[12,2,1]'          1
488   'PGamma[12,2,2]'          1
489   'PGamma[12,2,3]'          1
490   'PGamma[12,3,1]'          1
491   'PGamma[12,3,2]'          1
492   'PGamma[12,3,3]'          1
493   'PGamma[13,1,1]'          1
494   'PGamma[13,1,2]'          1
495   'PGamma[13,1,3]'          1
496   'PGamma[13,2,1]'          1
497   'PGamma[13,2,2]'          1
498   'PGamma[13,2,3]'          1
499   'PGamma[13,3,1]'          1
500   'PGamma[13,3,2]'          1
501   'PGamma[13,3,3]'          1
502   'PGamma[14,1,1]'          1
503   'PGamma[14,1,2]'          1
504   'PGamma[14,1,3]'          1
505   'PGamma[14,2,1]'          1
506   'PGamma[14,2,2]'          1
507   'PGamma[14,2,3]'          1
508   'PGamma[14,3,1]'          1
509   'PGamma[14,3,2]'          1
510   'PGamma[14,3,3]'          1
511   'PGamma[15,1,1]'          1
512   'PGamma[15,1,2]'          1
513   'PGamma[15,1,3]'          1
514   'PGamma[15,2,1]'          1
515   'PGamma[15,2,2]'          1
516   'PGamma[15,2,3]'          1
517   'PGamma[15,3,1]'          1
518   'PGamma[15,3,2]'          1
519   'PGamma[15,3,3]'          1
520   'SGamma1[1,1]'        1e-06
521   'SGamma1[1,2]'        1e-06
522   'SGamma1[1,3]'        1e-06
523   'SGamma1[2,1]'        1e-06
524   'SGamma1[2,2]'        1e-06
525   'SGamma1[2,3]'        1e-06
526   'SGamma1[3,1]'        1e-06
527   'SGamma1[3,2]'        1e-06
528   'SGamma1[3,3]'        1e-06
529   'SGamma1[4,1]'        1e-06
530   'SGamma1[4,2]'        1e-06
531   'SGamma1[4,3]'        1e-06
532   'SGamma1[5,1]'        1e-06
533   'SGamma1[5,2]'        1e-06
534   'SGamma1[5,3]'        1e-06
535   'SGamma1[6,1]'        1e-06
536   'SGamma1[6,2]'        1e-06
537   'SGamma1[6,3]'        1e-06
538   'SGamma1[7,1]'        1e-06
539   'SGamma1[7,2]'        1e-06
540   'SGamma1[7,3]'        1e-06
541   'SGamma1[8,1]'        1e-06
542   'SGamma1[8,2]'        1e-06
543   'SGamma1[8,3]'        1e-06
544   'SGamma1[9,1]'        1e-06
545   'SGamma1[9,2]'        1e-06
546   'SGamma1[9,3]'        1e-06
547   'SGamma1[10,1]'       1e-06
548   'SGamma1[10,2]'       1e-06
549   'SGamma1[10,3]'       1e-06
550   'SGamma1[11,1]'       1e-06
551   'SGamma1[11,2]'       1e-06
552   'SGamma1[11,3]'       1e-06
553   'SGamma1[12,1]'       1e-06
554   'SGamma1[12,2]'       1e-06
555   'SGamma1[12,3]'       1e-06
556   'SGamma1[13,1]'       1e-06
557   'SGamma1[13,2]'       1e-06
558   'SGamma1[13,3]'       1e-06
559   'SGamma1[14,1]'       1e-06
560   'SGamma1[14,2]'       1e-06
561   'SGamma1[14,3]'       1e-06
562   'SGamma1[15,1]'       1e-06
563   'SGamma1[15,2]'       1e-06
564   'SGamma1[15,3]'       1e-06
565   'SGamma2[1,1]'            1
566   'SGamma2[1,2]'            1
567   'SGamma2[1,3]'            1
568   'SGamma2[2,1]'            1
569   'SGamma2[2,2]'            1
570   'SGamma2[2,3]'            1
571   'SGamma2[3,1]'            1
572   'SGamma2[3,2]'            1
573   'SGamma2[3,3]'            1
574   'SGamma2[4,1]'            1
575   'SGamma2[4,2]'            1
576   'SGamma2[4,3]'            1
577   'SGamma2[5,1]'            1
578   'SGamma2[5,2]'            1
579   'SGamma2[5,3]'            1
580   'SGamma2[6,1]'            1
581   'SGamma2[6,2]'            1
582   'SGamma2[6,3]'            1
583   'SGamma2[7,1]'            1
584   'SGamma2[7,2]'            1
585   'SGamma2[7,3]'            1
586   'SGamma2[8,1]'            1
587   'SGamma2[8,2]'            1
588   'SGamma2[8,3]'            1
589   'SGamma2[9,1]'            1
590   'SGamma2[9,2]'            1
591   'SGamma2[9,3]'            1
592   'SGamma2[10,1]'           1
593   'SGamma2[10,2]'           1
594   'SGamma2[10,3]'           1
595   'SGamma2[11,1]'           1
596   'SGamma2[11,2]'           1
597   'SGamma2[11,3]'           1
598   'SGamma2[12,1]'           1
599   'SGamma2[12,2]'           1
600   'SGamma2[12,3]'           1
601   'SGamma2[13,1]'           1
602   'SGamma2[13,2]'           1
603   'SGamma2[13,3]'           1
604   'SGamma2[14,1]'           1
605   'SGamma2[14,2]'           1
606   'SGamma2[14,3]'           1
607   'SGamma2[15,1]'           1
608   'SGamma2[15,2]'           1
609   'SGamma2[15,3]'           1
610   'gamma[1,1]'              1
611   'gamma[1,2]'              1
612   'gamma[1,3]'              1
613   'gamma[2,1]'              1
614   'gamma[2,2]'              1
615   'gamma[2,3]'              1
616   'gamma[3,1]'              1
617   'gamma[3,2]'              1
618   'gamma[3,3]'              1
619   'gamma[4,1]'              1
620   'gamma[4,2]'              1
621   'gamma[4,3]'              1
622   'gamma[5,1]'              1
623   'gamma[5,2]'              1
624   'gamma[5,3]'              1
625   'gamma[6,1]'              1
626   'gamma[6,2]'              1
627   'gamma[6,3]'              1
628   'gamma[7,1]'              1
629   'gamma[7,2]'              1
630   'gamma[7,3]'              1
631   'gamma[8,1]'              1
632   'gamma[8,2]'              1
633   'gamma[8,3]'              1
634   'gamma[9,1]'              1
635   'gamma[9,2]'              1
636   'gamma[9,3]'              1
637   'gamma[10,1]'             1
638   'gamma[10,2]'             1
639   'gamma[10,3]'             1
640   'gamma[11,1]'             1
641   'gamma[11,2]'             1
642   'gamma[11,3]'             1
643   'gamma[12,1]'             1
644   'gamma[12,2]'             1
645   'gamma[12,3]'             1
646   'gamma[13,1]'             1
647   'gamma[13,2]'             1
648   'gamma[13,3]'             1
649   'gamma[14,1]'             1
650   'gamma[14,2]'             1
651   'gamma[14,3]'             1
652   'gamma[15,1]'             1
653   'gamma[15,2]'             1
654   'gamma[15,3]'             1
655   'PrS[1,1]'           522458
656   'PrS[1,2]'           301947
657   'PrS[1,3]'           176233
658   'PrS[2,1]'           494129
659   'PrS[2,2]'           284051
660   'PrS[2,3]'           164947
661   'PrS[3,1]'           468674
662   'PrS[3,2]'           268043
663   'PrS[3,3]'           154895
664   'PrS[4,1]'           447264
665   'PrS[4,2]'           254635
666   'PrS[4,3]'           146511
667   'PrS[5,1]'           428673
668   'PrS[5,2]'           243037
669   'PrS[5,3]'           139284
670   'PrS[6,1]'           410745
671   'PrS[6,2]'           231893
672   'PrS[6,3]'           132365
673   'PrS[7,1]'           391603
674   'PrS[7,2]'           220042
675   'PrS[7,3]'           125036
676   'PrS[8,1]'           370475
677   'PrS[8,2]'           207021
678   'PrS[8,3]'           117017
679   'PrS[9,1]'           371535
680   'PrS[9,2]'           207672
681   'PrS[9,3]'           117417
682   'PrS[10,1]'          369224
683   'PrS[10,2]'          206252
684   'PrS[10,3]'          116545
685   'PrS[11,1]'          364447
686   'PrS[11,2]'          203318
687   'PrS[11,3]'          114744
688   'PrS[12,1]'          358428
689   'PrS[12,2]'          199626
690   'PrS[12,3]'          112480
691   'PrS[13,1]'          351540
692   'PrS[13,2]'          195408
693   'PrS[13,3]'          109899
694   'PrS[14,1]'          341618
695   'PrS[14,2]'          189344
696   'PrS[14,3]'          106195
697   'PrS[15,1]'          322356
698   'PrS[15,2]'          177620
699   'PrS[15,3]'           99061.2
700   'PrSF[1]'            330273
701   'PrSF[2]'            182432
702   'PrSF[3]'            101984
;

