solve_message = 'Knitro 10.3.0: Locally optimal or satisfactory solution.\
objective 171.80019036786905; feasibility error 8.24e-07\
268 iterations; 331 function evaluations'

:     _varname        _var         :=
1     'F[2]'        0
2     'F[3]'        0
3     'F[4]'        0
4     'F[5]'        0
5     'F[6]'        0
6     'F[7]'        0
7     'F[8]'        0
8     'F[9]'        0
9     'F[10]'       0
10    'F[11]'       0
11    'F[12]'       0
12    'F[13]'       0
13    'F[14]'       0
14    'F[15]'     200
15    'F[16]'       0
16    'F[17]'       0
17    'F[18]'       0
18    'F[19]'       0
19    'F[20]'       0
20    'F[21]'       0
21    'F[22]'       0
22    'F[23]'       0
23    'F[24]'       0
24    'F[25]'       0
25    'F[26]'       0
26    'F[27]'       0
27    'F[28]'       0
28    'F[29]'       0
29    Vs          171.8
30    'y[1,1]'      0.0123696
31    'y[1,2]'      0.644045
32    'y[1,3]'      0.343586
33    'y[2,1]'      0.0246233
34    'y[2,2]'      0.676632
35    'y[2,3]'      0.298745
36    'y[3,1]'      0.0428044
37    'y[3,2]'      0.683168
38    'y[3,3]'      0.274028
39    'y[4,1]'      0.0690241
40    'y[4,2]'      0.672861
41    'y[4,3]'      0.258115
42    'y[5,1]'      0.10533
43    'y[5,2]'      0.649624
44    'y[5,3]'      0.245046
45    'y[6,1]'      0.152845
46    'y[6,2]'      0.615299
47    'y[6,3]'      0.231856
48    'y[7,1]'      0.210616
49    'y[7,2]'      0.571933
50    'y[7,3]'      0.217451
51    'y[8,1]'      0.274866
52    'y[8,2]'      0.523054
53    'y[8,3]'      0.20208
54    'y[9,1]'      0.339605
55    'y[9,2]'      0.473559
56    'y[9,3]'      0.186836
57    'y[10,1]'     0.398655
58    'y[10,2]'     0.428325
59    'y[10,3]'     0.173019
60    'y[11,1]'     0.447823
61    'y[11,2]'     0.390632
62    'y[11,3]'     0.161545
63    'y[12,1]'     0.485746
64    'y[12,2]'     0.361549
65    'y[12,3]'     0.152706
66    'y[13,1]'     0.513305
67    'y[13,2]'     0.34041
68    'y[13,3]'     0.146285
69    'y[14,1]'     0.532478
70    'y[14,2]'     0.325703
71    'y[14,3]'     0.141819
72    'y[15,1]'     0.545415
73    'y[15,2]'     0.315779
74    'y[15,3]'     0.138806
75    'y[16,1]'     0.553182
76    'y[16,2]'     0.340005
77    'y[16,3]'     0.106813
78    'y[17,1]'     0.561576
79    'y[17,2]'     0.358109
80    'y[17,3]'     0.0803149
81    'y[18,1]'     0.57165
82    'y[18,2]'     0.36927
83    'y[18,3]'     0.05908
84    'y[19,1]'     0.585041
85    'y[19,2]'     0.372468
86    'y[19,3]'     0.0424913
87    'y[20,1]'     0.604008
88    'y[20,2]'     0.366209
89    'y[20,3]'     0.0297827
90    'y[21,1]'     0.631222
91    'y[21,2]'     0.348567
92    'y[21,3]'     0.0202104
93    'y[22,1]'     0.668967
94    'y[22,2]'     0.317887
95    'y[22,3]'     0.013146
96    'y[23,1]'     0.717595
97    'y[23,2]'     0.274307
98    'y[23,3]'     0.00809819
99    'y[24,1]'     0.773948
100   'y[24,2]'     0.221379
101   'y[24,3]'     0.00467347
102   'y[25,1]'     0.831489
103   'y[25,2]'     0.165998
104   'y[25,3]'     0.00251287
105   'y[26,1]'     0.883045
106   'y[26,2]'     0.115694
107   'y[26,3]'     0.00126147
108   'y[27,1]'     0.924077
109   'y[27,2]'     0.0753271
110   'y[27,3]'     0.000595577
111   'y[28,1]'     0.953762
112   'y[28,2]'     0.0459718
113   'y[28,3]'     0.000266045
114   'y[29,1]'     0.973788
115   'y[29,2]'     0.0261004
116   'y[29,3]'     0.000111765
117   'y[30,1]'     0.986669
118   'y[30,2]'     0.0132885
119   'y[30,3]'     4.23046e-05
120   Ls          311.598
121   'x[1,1]'      0.00429192
122   'x[1,2]'      0.566534
123   'x[1,3]'      0.429174
124   'x[2,1]'      0.00874558
125   'x[2,2]'      0.60927
126   'x[2,3]'      0.381985
127   'x[3,1]'      0.0155017
128   'x[3,2]'      0.627237
129   'x[3,3]'      0.357262
130   'x[4,1]'      0.0255259
131   'x[4,2]'      0.63084
132   'x[4,3]'      0.343634
133   'x[5,1]'      0.0399822
134   'x[5,2]'      0.625158
135   'x[5,3]'      0.33486
136   'x[6,1]'      0.0599997
137   'x[6,2]'      0.612346
138   'x[6,3]'      0.327655
139   'x[7,1]'      0.0861973
140   'x[7,2]'      0.593421
141   'x[7,3]'      0.320382
142   'x[8,1]'      0.118049
143   'x[8,2]'      0.569511
144   'x[8,3]'      0.31244
145   'x[9,1]'      0.153474
146   'x[9,2]'      0.542561
147   'x[9,3]'      0.303965
148   'x[10,1]'     0.189167
149   'x[10,2]'     0.515272
150   'x[10,3]'     0.29556
151   'x[11,1]'     0.221725
152   'x[11,2]'     0.490332
153   'x[11,3]'     0.287943
154   'x[12,1]'     0.248834
155   'x[12,2]'     0.46955
156   'x[12,3]'     0.281616
157   'x[13,1]'     0.269743
158   'x[13,2]'     0.453515
159   'x[13,3]'     0.276742
160   'x[14,1]'     0.284938
161   'x[14,2]'     0.44186
162   'x[14,3]'     0.273202
163   'x[15,1]'     0.295509
164   'x[15,2]'     0.433751
165   'x[15,3]'     0.27074
166   'x[16,1]'     0.307376
167   'x[16,2]'     0.478961
168   'x[16,3]'     0.213663
169   'x[17,1]'     0.319333
170   'x[17,2]'     0.516255
171   'x[17,3]'     0.164412
172   'x[18,1]'     0.332255
173   'x[18,2]'     0.544126
174   'x[18,3]'     0.123619
175   'x[19,1]'     0.347763
176   'x[19,2]'     0.561308
177   'x[19,3]'     0.0909285
178   'x[20,1]'     0.368378
179   'x[20,2]'     0.566231
180   'x[20,3]'     0.0653908
181   'x[21,1]'     0.397577
182   'x[21,2]'     0.556596
183   'x[21,3]'     0.0458264
184   'x[22,1]'     0.439473
185   'x[22,2]'     0.529437
186   'x[22,3]'     0.0310902
187   'x[23,1]'     0.497579
188   'x[23,2]'     0.482206
189   'x[23,3]'     0.020215
190   'x[24,1]'     0.57244
191   'x[24,2]'     0.415115
192   'x[24,3]'     0.012444
193   'x[25,1]'     0.659193
194   'x[25,2]'     0.333635
195   'x[25,3]'     0.00717181
196   'x[26,1]'     0.747776
197   'x[26,2]'     0.248378
198   'x[26,3]'     0.00384564
199   'x[27,1]'     0.827143
200   'x[27,2]'     0.170938
201   'x[27,3]'     0.00191917
202   'x[28,1]'     0.890311
203   'x[28,2]'     0.108795
204   'x[28,3]'     0.000894045
205   'x[29,1]'     0.93601
206   'x[29,2]'     0.0636031
207   'x[29,3]'     0.000386744
208   'x[30,1]'     0.966839
209   'x[30,2]'     0.033012
210   'x[30,3]'     0.000149236
211   PC           60.2025
212   PR          139.797
213   Vap         171.8
;

