solve_message =
'Knitro 10.3.0: Current infeasible solution estimate cannot be improved.\
objective 139.7960173784221; feasibility error 0.638\
525 iterations; 753 function evaluations'

:     _varname        _var         :=
1     'F[2]'        0
2     'F[3]'        0
3     'F[4]'        0
4     'F[5]'        0
5     'F[6]'        0
6     'F[7]'        0
7     'F[8]'        0
8     'F[9]'        0
9     'F[10]'       0
10    'F[11]'       0
11    'F[12]'       0
12    'F[13]'       0
13    'F[14]'       0
14    'F[15]'     200
15    'F[16]'       0
16    'F[17]'       0
17    'F[18]'       0
18    'F[19]'       0
19    'F[20]'       0
20    'F[21]'       0
21    'F[22]'       0
22    'F[23]'       0
23    'F[24]'       0
24    'F[25]'       0
25    'F[26]'       0
26    'F[27]'       0
27    'F[28]'       0
28    'F[29]'       0
29    Vs          139.796
30    'y[1,1]'      4.64909e-06
31    'y[1,2]'      0.0906178
32    'y[1,3]'      0.909378
33    'y[2,1]'      1.26667e-05
34    'y[2,2]'      0.113901
35    'y[2,3]'      0.886086
36    'y[3,1]'      3.18163e-05
37    'y[3,2]'      0.135252
38    'y[3,3]'      0.864716
39    'y[4,1]'      7.74322e-05
40    'y[4,2]'      0.154584
41    'y[4,3]'      0.845339
42    'y[5,1]'      0.000185522
43    'y[5,2]'      0.17188
44    'y[5,3]'      0.827935
45    'y[6,1]'      0.00044045
46    'y[6,2]'      0.187174
47    'y[6,3]'      0.812385
48    'y[7,1]'      0.00103898
49    'y[7,2]'      0.200518
50    'y[7,3]'      0.798443
51    'y[8,1]'      0.00243759
52    'y[8,2]'      0.211925
53    'y[8,3]'      0.785637
54    'y[9,1]'      0.0056859
55    'y[9,2]'      0.221261
56    'y[9,3]'      0.773053
57    'y[10,1]'     0.0131557
58    'y[10,2]'     0.228022
59    'y[10,3]'     0.758822
60    'y[11,1]'     0.0300077
61    'y[11,2]'     0.230889
62    'y[11,3]'     0.739104
63    'y[12,1]'     0.0665471
64    'y[12,2]'     0.226993
65    'y[12,3]'     0.70646
66    'y[13,1]'     0.139551
67    'y[13,2]'     0.211426
68    'y[13,3]'     0.649023
69    'y[14,1]'     0.264414
70    'y[14,2]'     0.179397
71    'y[14,3]'     0.556189
72    'y[15,1]'     0.430488
73    'y[15,2]'     0.547818
74    'y[15,3]'     0.0216942
75    'y[16,1]'     0.430488
76    'y[16,2]'     0.547818
77    'y[16,3]'     0.0216942
78    'y[17,1]'     0.430488
79    'y[17,2]'     0.547818
80    'y[17,3]'     0.0216942
81    'y[18,1]'     0.430488
82    'y[18,2]'     0.547818
83    'y[18,3]'     0.0216942
84    'y[19,1]'     0.430488
85    'y[19,2]'     0.547818
86    'y[19,3]'     0.0216942
87    'y[20,1]'     0.430488
88    'y[20,2]'     0.547818
89    'y[20,3]'     0.0216942
90    'y[21,1]'     0.430488
91    'y[21,2]'     0.547818
92    'y[21,3]'     0.0216942
93    'y[22,1]'     0.430488
94    'y[22,2]'     0.547818
95    'y[22,3]'     0.0216942
96    'y[23,1]'     0.430488
97    'y[23,2]'     0.547818
98    'y[23,3]'     0.0216942
99    'y[24,1]'     0.430488
100   'y[24,2]'     0.547818
101   'y[24,3]'     0.0216942
102   'y[25,1]'     0.430488
103   'y[25,2]'     0.547818
104   'y[25,3]'     0.0216942
105   'y[26,1]'     0.430488
106   'y[26,2]'     0.547818
107   'y[26,3]'     0.0216942
108   'y[27,1]'     0.430488
109   'y[27,2]'     0.547818
110   'y[27,3]'     0.0216942
111   'y[28,1]'     0.430488
112   'y[28,2]'     0.547818
113   'y[28,3]'     0.0216942
114   'y[29,1]'     0.430493
115   'y[29,2]'     0.547814
116   'y[29,3]'     0.0216933
117   'y[30,1]'     0.431654
118   'y[30,2]'     0.546763
119   'y[30,3]'     0.0215827
120   Ls          200.796
121   'x[1,1]'      1.32726e-06
122   'x[1,2]'      0.0655731
123   'x[1,3]'      0.934426
124   'x[2,1]'      3.64043e-06
125   'x[2,2]'      0.0830094
126   'x[2,3]'      0.916987
127   'x[3,1]'      9.22287e-06
128   'x[3,2]'      0.0992196
129   'x[3,3]'      0.900771
130   'x[4,1]'      2.25555e-05
131   'x[4,2]'      0.114084
132   'x[4,3]'      0.885893
133   'x[5,1]'      5.43144e-05
134   'x[5,2]'      0.127543
135   'x[5,3]'      0.872402
136   'x[6,1]'      0.000129568
137   'x[6,2]'      0.139585
138   'x[6,3]'      0.860286
139   'x[7,1]'      0.000307052
140   'x[7,2]'      0.150233
141   'x[7,3]'      0.84946
142   'x[8,1]'      0.000723754
143   'x[8,2]'      0.159523
144   'x[8,3]'      0.839753
145   'x[9,1]'      0.00169748
146   'x[9,2]'      0.167465
147   'x[9,3]'      0.830838
148   'x[10,1]'     0.00395898
149   'x[10,2]'     0.173964
150   'x[10,3]'     0.822077
151   'x[11,1]'     0.00915951
152   'x[11,2]'     0.178671
153   'x[11,3]'     0.812169
154   'x[12,1]'     0.0208921
155   'x[12,2]'     0.180667
156   'x[12,3]'     0.798441
157   'x[13,1]'     0.0463311
158   'x[13,2]'     0.177955
159   'x[13,3]'     0.775714
160   'x[14,1]'     0.0971572
161   'x[14,2]'     0.167117
162   'x[14,3]'     0.735726
163   'x[15,1]'     0.184088
164   'x[15,2]'     0.144818
165   'x[15,3]'     0.671094
166   'x[16,1]'     0.226881
167   'x[16,2]'     0.731959
168   'x[16,3]'     0.0411607
169   'x[17,1]'     0.226881
170   'x[17,2]'     0.731959
171   'x[17,3]'     0.0411607
172   'x[18,1]'     0.226881
173   'x[18,2]'     0.731959
174   'x[18,3]'     0.0411607
175   'x[19,1]'     0.226881
176   'x[19,2]'     0.731959
177   'x[19,3]'     0.0411607
178   'x[20,1]'     0.226881
179   'x[20,2]'     0.731959
180   'x[20,3]'     0.0411607
181   'x[21,1]'     0.226881
182   'x[21,2]'     0.731959
183   'x[21,3]'     0.0411607
184   'x[22,1]'     0.226881
185   'x[22,2]'     0.731959
186   'x[22,3]'     0.0411607
187   'x[23,1]'     0.226881
188   'x[23,2]'     0.731959
189   'x[23,3]'     0.0411607
190   'x[24,1]'     0.226881
191   'x[24,2]'     0.731959
192   'x[24,3]'     0.0411607
193   'x[25,1]'     0.226881
194   'x[25,2]'     0.731959
195   'x[25,3]'     0.0411607
196   'x[26,1]'     0.226881
197   'x[26,2]'     0.731959
198   'x[26,3]'     0.0411607
199   'x[27,1]'     0.226881
200   'x[27,2]'     0.731959
201   'x[27,3]'     0.0411607
202   'x[28,1]'     0.226881
203   'x[28,2]'     0.731959
204   'x[28,3]'     0.0411607
205   'x[29,1]'     0.226884
206   'x[29,2]'     0.731957
207   'x[29,3]'     0.0411591
208   'x[30,1]'     0.227724
209   'x[30,2]'     0.731285
210   'x[30,3]'     0.0409904
211   PC          139
212   PR           61
213   Vap         139.796
;

