solve_message =
'Knitro 10.3.0: Current infeasible solution estimate cannot be improved.\
objective 3.8960068596811825; feasibility error 78.1\
9295 iterations; 17034 function evaluations'

:     _varname        _var        :=
1     'F[2]'        0
2     'F[3]'        0
3     'F[4]'        0
4     'F[5]'        0
5     'F[6]'        0
6     'F[7]'        0
7     'F[8]'      200
8     'F[9]'        0
9     'F[10]'       0
10    'F[11]'       0
11    'F[12]'       0
12    'F[13]'       0
13    'F[14]'       0
14    Vs            3.89601
15    'y[1,1]'      0.54852
16    'y[1,2]'      0.295004
17    'y[1,3]'      0.156476
18    'y[2,1]'      0.55428
19    'y[2,2]'      0.29167
20    'y[2,3]'      0.15405
21    'y[3,1]'      0.554412
22    'y[3,2]'      0.291583
23    'y[3,3]'      0.154005
24    'y[4,1]'      0.554415
25    'y[4,2]'      0.291581
26    'y[4,3]'      0.154004
27    'y[5,1]'      0.554415
28    'y[5,2]'      0.291581
29    'y[5,3]'      0.154004
30    'y[6,1]'      0.554415
31    'y[6,2]'      0.291581
32    'y[6,3]'      0.154004
33    'y[7,1]'      0.554415
34    'y[7,2]'      0.291581
35    'y[7,3]'      0.154004
36    'y[8,1]'      0.554415
37    'y[8,2]'      0.291581
38    'y[8,3]'      0.154004
39    'y[9,1]'      0.554415
40    'y[9,2]'      0.291581
41    'y[9,3]'      0.154004
42    'y[10,1]'     0.554415
43    'y[10,2]'     0.291581
44    'y[10,3]'     0.154004
45    'y[11,1]'     0.554415
46    'y[11,2]'     0.291581
47    'y[11,3]'     0.154004
48    'y[12,1]'     0.554415
49    'y[12,2]'     0.291581
50    'y[12,3]'     0.154004
51    'y[13,1]'     0.554415
52    'y[13,2]'     0.291581
53    'y[13,3]'     0.154004
54    'y[14,1]'     0.554415
55    'y[14,2]'     0.291581
56    'y[14,3]'     0.154004
57    'y[15,1]'     0.0263544
58    'y[15,2]'     0.966325
59    'y[15,3]'     0.00732069
60    Ls          200
61    'x[1,1]'      0.294946
62    'x[1,2]'      0.402154
63    'x[1,3]'      0.302901
64    'x[2,1]'      0.299885
65    'x[2,2]'      0.400067
66    'x[2,3]'      0.300048
67    'x[3,1]'      0.299997
68    'x[3,2]'      0.400002
69    'x[3,3]'      0.300001
70    'x[4,1]'      0.3
71    'x[4,2]'      0.4
72    'x[4,3]'      0.3
73    'x[5,1]'      0.3
74    'x[5,2]'      0.4
75    'x[5,3]'      0.3
76    'x[6,1]'      0.3
77    'x[6,2]'      0.4
78    'x[6,3]'      0.3
79    'x[7,1]'      0.3
80    'x[7,2]'      0.4
81    'x[7,3]'      0.3
82    'x[8,1]'      0.3
83    'x[8,2]'      0.4
84    'x[8,3]'      0.3
85    'x[9,1]'      0.3
86    'x[9,2]'      0.4
87    'x[9,3]'      0.3
88    'x[10,1]'     0.3
89    'x[10,2]'     0.4
90    'x[10,3]'     0.3
91    'x[11,1]'     0.3
92    'x[11,2]'     0.4
93    'x[11,3]'     0.3
94    'x[12,1]'     0.3
95    'x[12,2]'     0.4
96    'x[12,3]'     0.3
97    'x[13,1]'     0.3
98    'x[13,2]'     0.4
99    'x[13,3]'     0.3
100   'x[14,1]'     0.3
101   'x[14,2]'     0.4
102   'x[14,3]'     0.3
103   'x[15,1]'     0.010531
104   'x[15,2]'     0.978938
105   'x[15,3]'     0.0105311
106   PC           81.96
107   PR          196.104
108   Vap           3.89601
;

