solve_message =
'Knitro 10.3.0: Relative change in infeasible solution estimate < xtol for xtol_iters.\
objective 139.79996192904886; feasibility error 0.776\
383 iterations; 728 function evaluations'

:     _varname        _var         :=
1     'F[2]'        0
2     'F[3]'        0
3     'F[4]'        0
4     'F[5]'        0
5     'F[6]'        0
6     'F[7]'        0
7     'F[8]'        0
8     'F[9]'        0
9     'F[10]'       0
10    'F[11]'       0
11    'F[12]'       0
12    'F[13]'       0
13    'F[14]'       0
14    'F[15]'     200
15    'F[16]'       0
16    'F[17]'       0
17    'F[18]'       0
18    'F[19]'       0
19    'F[20]'       0
20    'F[21]'       0
21    'F[22]'       0
22    'F[23]'       0
23    'F[24]'       0
24    'F[25]'       0
25    'F[26]'       0
26    'F[27]'       0
27    'F[28]'       0
28    'F[29]'       0
29    Vs          139.8
30    'y[1,1]'      2.26444e-06
31    'y[1,2]'      0.0187657
32    'y[1,3]'      0.981232
33    'y[2,1]'      6.33873e-06
34    'y[2,2]'      0.0241328
35    'y[2,3]'      0.975861
36    'y[3,1]'      1.64902e-05
37    'y[3,2]'      0.0293759
38    'y[3,3]'      0.970608
39    'y[4,1]'      4.17486e-05
40    'y[4,2]'      0.0344816
41    'y[4,3]'      0.965477
42    'y[5,1]'      0.000104499
43    'y[5,2]'      0.0394372
44    'y[5,3]'      0.960458
45    'y[6,1]'      0.000260147
46    'y[6,2]'      0.0442298
47    'y[6,3]'      0.95551
48    'y[7,1]'      0.000645547
49    'y[7,2]'      0.0488422
50    'y[7,3]'      0.950512
51    'y[8,1]'      0.00159767
52    'y[8,2]'      0.0532443
53    'y[8,3]'      0.945158
54    'y[9,1]'      0.00394139
55    'y[9,2]'      0.0573695
56    'y[9,3]'      0.938689
57    'y[10,1]'     0.00967039
58    'y[10,2]'     0.0610555
59    'y[10,3]'     0.929274
60    'y[11,1]'     0.0234629
61    'y[11,2]'     0.0639064
62    'y[11,3]'     0.912631
63    'y[12,1]'     0.0555391
64    'y[12,2]'     0.0650111
65    'y[12,3]'     0.87945
66    'y[13,1]'     0.124596
67    'y[13,2]'     0.0625912
68    'y[13,3]'     0.812813
69    'y[14,1]'     0.251531
70    'y[14,2]'     0.0543979
71    'y[14,3]'     0.694071
72    'y[15,1]'     0.429184
73    'y[15,2]'     0.566524
74    'y[15,3]'     0.00429185
75    'y[16,1]'     0.429184
76    'y[16,2]'     0.566524
77    'y[16,3]'     0.00429185
78    'y[17,1]'     0.429184
79    'y[17,2]'     0.566524
80    'y[17,3]'     0.00429185
81    'y[18,1]'     0.429184
82    'y[18,2]'     0.566524
83    'y[18,3]'     0.00429185
84    'y[19,1]'     0.429184
85    'y[19,2]'     0.566524
86    'y[19,3]'     0.00429185
87    'y[20,1]'     0.429184
88    'y[20,2]'     0.566524
89    'y[20,3]'     0.00429185
90    'y[21,1]'     0.429184
91    'y[21,2]'     0.566524
92    'y[21,3]'     0.00429185
93    'y[22,1]'     0.429184
94    'y[22,2]'     0.566524
95    'y[22,3]'     0.00429185
96    'y[23,1]'     0.429184
97    'y[23,2]'     0.566524
98    'y[23,3]'     0.00429185
99    'y[24,1]'     0.429184
100   'y[24,2]'     0.566524
101   'y[24,3]'     0.00429185
102   'y[25,1]'     0.429184
103   'y[25,2]'     0.566524
104   'y[25,3]'     0.00429185
105   'y[26,1]'     0.429184
106   'y[26,2]'     0.566524
107   'y[26,3]'     0.00429185
108   'y[27,1]'     0.429184
109   'y[27,2]'     0.566524
110   'y[27,3]'     0.00429185
111   'y[28,1]'     0.429184
112   'y[28,2]'     0.566524
113   'y[28,3]'     0.00429185
114   'y[29,1]'     0.429184
115   'y[29,2]'     0.566524
116   'y[29,3]'     0.00429185
117   'y[30,1]'     0.429184
118   'y[30,2]'     0.566524
119   'y[30,3]'     0.00429185
120   Ls          200
121   'x[1,1]'      6.32581e-07
122   'x[1,2]'      0.013289
123   'x[1,3]'      0.98671
124   'x[2,1]'      1.77325e-06
125   'x[2,2]'      0.0171172
126   'x[2,3]'      0.982881
127   'x[3,1]'      4.62117e-06
128   'x[3,2]'      0.0208688
129   'x[3,3]'      0.979127
130   'x[4,1]'      1.17171e-05
131   'x[4,2]'      0.0245337
132   'x[4,3]'      0.975455
133   'x[5,1]'      2.93727e-05
134   'x[5,2]'      0.0281026
135   'x[5,3]'      0.971868
136   'x[6,1]'      7.32352e-05
137   'x[6,2]'      0.0315666
138   'x[6,3]'      0.96836
139   'x[7,1]'      0.000182033
140   'x[7,2]'      0.0349166
141   'x[7,3]'      0.964901
142   'x[8,1]'      0.000451428
143   'x[8,2]'      0.0381407
144   'x[8,3]'      0.961408
145   'x[9,1]'      0.00111696
146   'x[9,2]'      0.0412178
147   'x[9,3]'      0.957665
148   'x[10,1]'     0.00275522
149   'x[10,2]'     0.0441013
150   'x[10,3]'     0.953144
151   'x[11,1]'     0.00675979
152   'x[11,2]'     0.0466778
153   'x[11,3]'     0.946562
154   'x[12,1]'     0.0164008
155   'x[12,2]'     0.0486706
156   'x[12,3]'     0.934929
157   'x[13,1]'     0.038822
158   'x[13,2]'     0.0494427
159   'x[13,3]'     0.911735
160   'x[14,1]'     0.0870925
161   'x[14,2]'     0.0477512
162   'x[14,3]'     0.865156
163   'x[15,1]'     0.175821
164   'x[15,2]'     0.0420241
165   'x[15,3]'     0.782155
166   'x[16,1]'     0.228181
167   'x[16,2]'     0.763604
168   'x[16,3]'     0.00821453
169   'x[17,1]'     0.228181
170   'x[17,2]'     0.763604
171   'x[17,3]'     0.00821453
172   'x[18,1]'     0.228181
173   'x[18,2]'     0.763604
174   'x[18,3]'     0.00821453
175   'x[19,1]'     0.228181
176   'x[19,2]'     0.763604
177   'x[19,3]'     0.00821453
178   'x[20,1]'     0.228181
179   'x[20,2]'     0.763604
180   'x[20,3]'     0.00821453
181   'x[21,1]'     0.228181
182   'x[21,2]'     0.763604
183   'x[21,3]'     0.00821453
184   'x[22,1]'     0.228181
185   'x[22,2]'     0.763604
186   'x[22,3]'     0.00821453
187   'x[23,1]'     0.228181
188   'x[23,2]'     0.763604
189   'x[23,3]'     0.00821453
190   'x[24,1]'     0.228181
191   'x[24,2]'     0.763604
192   'x[24,3]'     0.00821453
193   'x[25,1]'     0.228181
194   'x[25,2]'     0.763604
195   'x[25,3]'     0.00821453
196   'x[26,1]'     0.228181
197   'x[26,2]'     0.763604
198   'x[26,3]'     0.00821453
199   'x[27,1]'     0.228181
200   'x[27,2]'     0.763604
201   'x[27,3]'     0.00821453
202   'x[28,1]'     0.228181
203   'x[28,2]'     0.763604
204   'x[28,3]'     0.00821453
205   'x[29,1]'     0.228181
206   'x[29,2]'     0.763604
207   'x[29,3]'     0.00821453
208   'x[30,1]'     0.228181
209   'x[30,2]'     0.763604
210   'x[30,3]'     0.00821453
211   PC          139.8
212   PR           60.2
213   Vap         139.8
;

