solve_message =
'Knitro 10.3.0: Current infeasible solution estimate cannot be improved.\
objective 5707.950364655124; feasibility error 0.0668\
524 iterations; 658 function evaluations'

:     _varname         _var         :=
1     'F[2]'         0
2     'F[3]'         0
3     'F[4]'         0
4     'F[5]'         0
5     'F[6]'         0
6     'F[7]'         0
7     'F[8]'       200
8     'F[9]'         0
9     'F[10]'        0
10    'F[11]'        0
11    'F[12]'        0
12    'F[13]'        0
13    'F[14]'        0
14    Vs          5707.95
15    'y[1,1]'       4.59642e-06
16    'y[1,2]'       0.0906186
17    'y[1,3]'       0.909377
18    'y[2,1]'       1.55098e-05
19    'y[2,2]'       0.127997
20    'y[2,3]'       0.871988
21    'y[3,1]'       5.24827e-05
22    'y[3,2]'       0.171633
23    'y[3,3]'       0.828314
24    'y[4,1]'       0.000174471
25    'y[4,2]'       0.225919
26    'y[4,3]'       0.773907
27    'y[5,1]'       0.000567843
28    'y[5,2]'       0.290876
29    'y[5,3]'       0.708556
30    'y[6,1]'       0.00180173
31    'y[6,2]'       0.364916
32    'y[6,3]'       0.633282
33    'y[7,1]'       0.00554892
34    'y[7,2]'       0.444149
35    'y[7,3]'       0.550302
36    'y[8,1]'       0.0164827
37    'y[8,2]'       0.521218
38    'y[8,3]'       0.462299
39    'y[9,1]'       0.0178463
40    'y[9,2]'       0.598781
41    'y[9,3]'       0.383373
42    'y[10,1]'      0.0212837
43    'y[10,2]'      0.670124
44    'y[10,3]'      0.308593
45    'y[11,1]'      0.030308
46    'y[11,2]'      0.728925
47    'y[11,3]'      0.240767
48    'y[12,1]'      0.053678
49    'y[12,2]'      0.765375
50    'y[12,3]'      0.180947
51    'y[13,1]'      0.110703
52    'y[13,2]'      0.760769
53    'y[13,3]'      0.128528
54    'y[14,1]'      0.232691
55    'y[14,2]'      0.726792
56    'y[14,3]'      0.0405178
57    'y[15,1]'      0.431654
58    'y[15,2]'      0.546763
59    'y[15,3]'      0.0215827
60    Ls          5768.95
61    'x[1,1]'       1.31531e-06
62    'x[1,2]'       0.0655737
63    'x[1,3]'       0.934425
64    'x[2,1]'       4.56172e-06
65    'x[2,2]'       0.0903538
66    'x[2,3]'       0.909642
67    'x[3,1]'       1.53597e-05
68    'x[3,2]'       0.127337
69    'x[3,3]'       0.872648
70    'x[4,1]'       5.19417e-05
71    'x[4,2]'       0.170512
72    'x[4,3]'       0.829436
73    'x[5,1]'       0.00017264
74    'x[5,2]'       0.224224
75    'x[5,3]'       0.775604
76    'x[6,1]'       0.000561853
77    'x[6,2]'       0.288494
78    'x[6,3]'       0.710944
79    'x[7,1]'       0.00178269
80    'x[7,2]'       0.361751
81    'x[7,3]'       0.636467
82    'x[8,1]'       0.00549026
83    'x[8,2]'       0.440146
84    'x[8,3]'       0.554363
85    'x[9,1]'       0.00612006
86    'x[9,2]'       0.520581
87    'x[9,3]'       0.473299
88    'x[10,1]'      0.00751775
89    'x[10,2]'      0.600079
90    'x[10,3]'      0.392403
91    'x[11,1]'      0.011041
92    'x[11,2]'      0.673203
93    'x[11,3]'      0.315756
94    'x[12,1]'      0.0202905
95    'x[12,2]'      0.733472
96    'x[12,3]'      0.246237
97    'x[13,1]'      0.0442438
98    'x[13,2]'      0.770831
99    'x[13,3]'      0.184925
100   'x[14,1]'      0.102692
101   'x[14,2]'      0.766111
102   'x[14,3]'      0.131197
103   'x[15,1]'      0.227724
104   'x[15,2]'      0.731285
105   'x[15,3]'      0.0409905
106   PC           139
107   PR            61.0001
108   Vap         5707.95
;

