solve_message = 'MINOS 5.51: infeasible problem (or bad starting guess).\
1117 iterations\
Nonlin evals: constrs = 213, Jac = 213.'

:     _varname        _var        :=
1     'F[2]'        0
2     'F[3]'        0
3     'F[4]'        0
4     'F[5]'        0
5     'F[6]'        0
6     'F[7]'        0
7     'F[8]'        0
8     'F[9]'        0
9     'F[10]'       0
10    'F[11]'       0
11    'F[12]'       0
12    'F[13]'       0
13    'F[14]'       0
14    'F[15]'     200
15    'F[16]'       0
16    'F[17]'       0
17    'F[18]'       0
18    'F[19]'       0
19    'F[20]'       0
20    'F[21]'       0
21    'F[22]'       0
22    'F[23]'       0
23    'F[24]'       0
24    'F[25]'       0
25    'F[26]'       0
26    'F[27]'       0
27    'F[28]'       0
28    'F[29]'       0
29    Vs          149.752
30    'y[1,1]'      0.0605071
31    'y[1,2]'      0.603785
32    'y[1,3]'      0.335708
33    'y[2,1]'      0.113788
34    'y[2,2]'      0.604165
35    'y[2,3]'      0.282047
36    'y[3,1]'      0.182084
37    'y[3,2]'      0.570629
38    'y[3,3]'      0.247288
39    'y[4,1]'      0.260292
40    'y[4,2]'      0.51911
41    'y[4,3]'      0.220598
42    'y[5,1]'      0.336929
43    'y[5,2]'      0.464222
44    'y[5,3]'      0.198849
45    'y[6,1]'      0.401322
46    'y[6,2]'      0.416771
47    'y[6,3]'      0.181907
48    'y[7,1]'      0.449434
49    'y[7,2]'      0.38095
50    'y[7,3]'      0.169616
51    'y[8,1]'      0.482766
52    'y[8,2]'      0.356045
53    'y[8,3]'      0.16119
54    'y[9,1]'      0.504758
55    'y[9,2]'      0.339509
56    'y[9,3]'      0.155733
57    'y[10,1]'     0.52076
58    'y[10,2]'     0.328246
59    'y[10,3]'     0.150994
60    'y[11,1]'     0.531506
61    'y[11,2]'     0.320589
62    'y[11,3]'     0.147905
63    'y[12,1]'     0.538415
64    'y[12,2]'     0.315164
65    'y[12,3]'     0.146421
66    'y[13,1]'     0.542759
67    'y[13,2]'     0.311164
68    'y[13,3]'     0.146077
69    'y[14,1]'     0.545624
70    'y[14,2]'     0.308621
71    'y[14,3]'     0.145755
72    'y[15,1]'     0.547508
73    'y[15,2]'     0.307295
74    'y[15,3]'     0.145197
75    'y[16,1]'     0.531632
76    'y[16,2]'     0.166067
77    'y[16,3]'     0.302302
78    'y[17,1]'     0.540706
79    'y[17,2]'     0.19399
80    'y[17,3]'     0.265304
81    'y[18,1]'     0.54949
82    'y[18,2]'     0.224187
83    'y[18,3]'     0.226323
84    'y[19,1]'     0.557299
85    'y[19,2]'     0.249379
86    'y[19,3]'     0.193322
87    'y[20,1]'     0.564497
88    'y[20,2]'     0.270069
89    'y[20,3]'     0.165434
90    'y[21,1]'     0.5716
91    'y[21,2]'     0.286661
92    'y[21,3]'     0.141739
93    'y[22,1]'     0.579498
94    'y[22,2]'     0.299166
95    'y[22,3]'     0.121336
96    'y[23,1]'     0.589635
97    'y[23,2]'     0.306969
98    'y[23,3]'     0.103396
99    'y[24,1]'     0.604395
100   'y[24,2]'     0.308544
101   'y[24,3]'     0.0870609
102   'y[25,1]'     0.627504
103   'y[25,2]'     0.301141
104   'y[25,3]'     0.0713551
105   'y[26,1]'     0.66362
106   'y[26,2]'     0.281087
107   'y[26,3]'     0.0552927
108   'y[27,1]'     0.71546
109   'y[27,2]'     0.245693
110   'y[27,3]'     0.0388466
111   'y[28,1]'     0.787328
112   'y[28,2]'     0.190279
113   'y[28,3]'     0.0223929
114   'y[29,1]'     0.869164
115   'y[29,2]'     0.124336
116   'y[29,3]'     0.00650036
117   'y[30,1]'     0.933998
118   'y[30,2]'     0.0660021
119   'y[30,3]'     0
120   Ls          288.752
121   'x[1,1]'      0.0215666
122   'x[1,2]'      0.546771
123   'x[1,3]'      0.431662
124   'x[2,1]'      0.0423858
125   'x[2,2]'      0.575993
126   'x[2,3]'      0.381621
127   'x[3,1]'      0.0709794
128   'x[3,2]'      0.575485
129   'x[3,3]'      0.353535
130   'x[4,1]'      0.107397
131   'x[4,2]'      0.55733
132   'x[4,3]'      0.335273
133   'x[5,1]'      0.148509
134   'x[5,2]'      0.530183
135   'x[5,3]'      0.321307
136   'x[6,1]'      0.188186
137   'x[6,2]'      0.501763
138   'x[6,3]'      0.310051
139   'x[7,1]'      0.221098
140   'x[7,2]'      0.477517
141   'x[7,3]'      0.301385
142   'x[8,1]'      0.245442
143   'x[8,2]'      0.459398
144   'x[8,3]'      0.29516
145   'x[9,1]'      0.262177
146   'x[9,2]'      0.4469
147   'x[9,3]'      0.290922
148   'x[10,1]'     0.274238
149   'x[10,2]'     0.438653
150   'x[10,3]'     0.287109
151   'x[11,1]'     0.282739
152   'x[11,2]'     0.43287
153   'x[11,3]'     0.284391
154   'x[12,1]'     0.28836
155   'x[12,2]'     0.428922
156   'x[12,3]'     0.282718
157   'x[13,1]'     0.291945
158   'x[13,2]'     0.425042
159   'x[13,3]'     0.283013
160   'x[14,1]'     0.29425
161   'x[14,2]'     0.422655
162   'x[14,3]'     0.283094
163   'x[15,1]'     0.295773
164   'x[15,2]'     0.42124
165   'x[15,3]'     0.282987
166   'x[16,1]'     0.283072
167   'x[16,2]'     0.468499
168   'x[16,3]'     0.248429
169   'x[17,1]'     0.249851
170   'x[17,2]'     0.192508
171   'x[17,3]'     0.557641
172   'x[18,1]'     0.261612
173   'x[18,2]'     0.242031
174   'x[18,3]'     0.496358
175   'x[19,1]'     0.278224
176   'x[19,2]'     0.298878
177   'x[19,3]'     0.422898
178   'x[20,1]'     0.293099
179   'x[20,2]'     0.346532
180   'x[20,3]'     0.360369
181   'x[21,1]'     0.306689
182   'x[21,2]'     0.385845
183   'x[21,3]'     0.307467
184   'x[22,1]'     0.32004
185   'x[22,2]'     0.417576
186   'x[22,3]'     0.262384
187   'x[23,1]'     0.334804
188   'x[23,2]'     0.441856
189   'x[23,3]'     0.22334
190   'x[24,1]'     0.35353
191   'x[24,2]'     0.457711
192   'x[24,3]'     0.188758
193   'x[25,1]'     0.380314
194   'x[25,2]'     0.462656
195   'x[25,3]'     0.15703
196   'x[26,1]'     0.421264
197   'x[26,2]'     0.452381
198   'x[26,3]'     0.126355
199   'x[27,1]'     0.482871
200   'x[27,2]'     0.421844
201   'x[27,3]'     0.0952854
202   'x[28,1]'     0.575098
203   'x[28,2]'     0.360405
204   'x[28,3]'     0.0644971
205   'x[29,1]'     0.700117
206   'x[29,2]'     0.266867
207   'x[29,3]'     0.0330162
208   'x[30,1]'     0.840299
209   'x[30,2]'     0.159701
210   'x[30,3]'     0
211   PC           61
212   PR          139
;

