solve_message = 'MINOS 5.51: infeasible problem (or bad starting guess).\
452 iterations\
Nonlin evals: constrs = 232, Jac = 232.'

:     _varname        _var        :=
1     'F[2]'        0
2     'F[3]'        0
3     'F[4]'        0
4     'F[5]'        0
5     'F[6]'        0
6     'F[7]'        0
7     'F[8]'      200
8     'F[9]'        0
9     'F[10]'       0
10    'F[11]'       0
11    'F[12]'       0
12    'F[13]'       0
13    'F[14]'       0
14    Vs          325.164
15    'y[1,1]'      0.0366882
16    'y[1,2]'      0.207897
17    'y[1,3]'      0.755415
18    'y[2,1]'      0.0873837
19    'y[2,2]'      0.344191
20    'y[2,3]'      0.568425
21    'y[3,1]'      0.1034
22    'y[3,2]'      0.420172
23    'y[3,3]'      0.476428
24    'y[4,1]'      0.053838
25    'y[4,2]'      0.50796
26    'y[4,3]'      0.438202
27    'y[5,1]'      0.0503734
28    'y[5,2]'      0.502247
29    'y[5,3]'      0.447379
30    'y[6,1]'      0.0221876
31    'y[6,2]'      0.576485
32    'y[6,3]'      0.401327
33    'y[7,1]'      0.0628003
34    'y[7,2]'      0.642186
35    'y[7,3]'      0.295013
36    'y[8,1]'      0.255545
37    'y[8,2]'      0.580004
38    'y[8,3]'      0.164451
39    'y[9,1]'      0.217459
40    'y[9,2]'      0.140655
41    'y[9,3]'      0.641886
42    'y[10,1]'     0.150799
43    'y[10,2]'     0.748885
44    'y[10,3]'     0.100316
45    'y[11,1]'     0.236654
46    'y[11,2]'     0.726528
47    'y[11,3]'     0.0368181
48    'y[12,1]'     0.314074
49    'y[12,2]'     0.682826
50    'y[12,3]'     0.00310062
51    'y[13,1]'     0.2221
52    'y[13,2]'     0.737218
53    'y[13,3]'     0.0406822
54    'y[14,1]'     0.26285
55    'y[14,2]'     0.717993
56    'y[14,3]'     0.019157
57    'y[15,1]'     0.440754
58    'y[15,2]'     0.539823
59    'y[15,3]'     0.0194232
60    Ls          385.195
61    'x[1,1]'      0.00782946
62    'x[1,2]'      0.0993936
63    'x[1,3]'      0.892777
64    'x[2,1]'      0.03306
65    'x[2,2]'      0.272796
66    'x[2,3]'      0.694144
67    'x[3,1]'      0.0352026
68    'x[3,2]'      0.371787
69    'x[3,3]'      0.59301
70    'x[4,1]'      0.0195886
71    'x[4,2]'      0.45222
72    'x[4,3]'      0.528191
73    'x[5,1]'      0.0171852
74    'x[5,2]'      0.433923
75    'x[5,3]'      0.548892
76    'x[6,1]'      0.00523039
77    'x[6,2]'      0.473189
78    'x[6,3]'      0.521581
79    'x[7,1]'      0.0159164
80    'x[7,2]'      0.581362
81    'x[7,3]'      0.402721
82    'x[8,1]'      0.0966158
83    'x[8,2]'      0.619386
84    'x[8,3]'      0.283998
85    'x[9,1]'      0
86    'x[9,2]'     -0.260312
87    'x[9,3]'      1.26031
88    'x[10,1]'     0.699021
89    'x[10,2]'    -4.14514
90    'x[10,3]'     4.44612
91    'x[11,1]'     0.0998129
92    'x[11,2]'     0.840794
93    'x[11,3]'     0.059393
94    'x[12,1]'     0.147324
95    'x[12,2]'     0.852676
96    'x[12,3]'     0
97    'x[13,1]'     0.0684897
98    'x[13,2]'     0.866133
99    'x[13,3]'     0.0653771
100   'x[14,1]'     0.112118
101   'x[14,2]'     0.860049
102   'x[14,3]'     0.0278325
103   'x[15,1]'     0.235275
104   'x[15,2]'     0.728189
105   'x[15,3]'     0.0365362
106   PC          139.969
107   PR           60.0311
;

