solve_message =
'Knitro 10.3.0: Current infeasible solution estimate cannot be improved.\
objective 237.37490519379247; feasibility error 0.453\
1405 iterations; 3143 function evaluations'

:     _varname        _var         :=
1     'F[2]'        0
2     'F[3]'        0
3     'F[4]'        0
4     'F[5]'        0
5     'F[6]'        0
6     'F[7]'        0
7     'F[8]'      200
8     'F[9]'        0
9     'F[10]'       0
10    'F[11]'       0
11    'F[12]'       0
12    'F[13]'       0
13    'F[14]'       0
14    Vs          237.375
15    'y[1,1]'      4.20147e-07
16    'y[1,2]'      0.0604425
17    'y[1,3]'      0.939557
18    'y[2,1]'      1.58821e-08
19    'y[2,2]'      0.107311
20    'y[2,3]'      0.892689
21    'y[3,1]'      0.00651534
22    'y[3,2]'      0.167895
23    'y[3,3]'      0.825589
24    'y[4,1]'      0.0221225
25    'y[4,2]'      0.245005
26    'y[4,3]'      0.732873
27    'y[5,1]'      0.0556438
28    'y[5,2]'      0.327351
29    'y[5,3]'      0.617005
30    'y[6,1]'      0.118197
31    'y[6,2]'      0.392138
32    'y[6,3]'      0.489665
33    'y[7,1]'      0.216722
34    'y[7,2]'      0.414248
35    'y[7,3]'      0.369029
36    'y[8,1]'      0.345319
37    'y[8,2]'      0.63262
38    'y[8,3]'      0.022061
39    'y[9,1]'      0.345815
40    'y[9,2]'      0.634446
41    'y[9,3]'      0.0197389
42    'y[10,1]'     0.346467
43    'y[10,2]'     0.636198
44    'y[10,3]'     0.0173346
45    'y[11,1]'     0.347563
46    'y[11,2]'     0.637578
47    'y[11,3]'     0.0148588
48    'y[12,1]'     0.349988
49    'y[12,2]'     0.637691
50    'y[12,3]'     0.0123204
51    'y[13,1]'     0.356421
52    'y[13,2]'     0.633858
53    'y[13,3]'     0.00972178
54    'y[14,1]'     0.374756
55    'y[14,2]'     0.618189
56    'y[14,3]'     0.00705439
57    'y[15,1]'     0.426746
58    'y[15,2]'     0.568944
59    'y[15,3]'     0.00431017
60    Ls          298.17
61    'x[1,1]'      0.00978263
62    'x[1,2]'      0.0131574
63    'x[1,3]'      0.97706
64    'x[2,1]'      0.00199494
65    'x[2,2]'      0.0508014
66    'x[2,3]'      0.947204
67    'x[3,1]'      0.00199462
68    'x[3,2]'      0.088114
69    'x[3,3]'      0.909891
70    'x[4,1]'      0.00718152
71    'x[4,2]'      0.136345
72    'x[4,3]'      0.856473
73    'x[5,1]'      0.0196065
74    'x[5,2]'      0.197733
75    'x[5,3]'      0.782661
76    'x[6,1]'      0.0462931
77    'x[6,2]'      0.263289
78    'x[6,3]'      0.690418
79    'x[7,1]'      0.0960919
80    'x[7,2]'      0.314867
81    'x[7,3]'      0.589041
82    'x[8,1]'      0.174529
83    'x[8,2]'      0.332469
84    'x[8,3]'      0.493002
85    'x[9,1]'      0.229855
86    'x[9,2]'      0.722914
87    'x[9,3]'      0.0472317
88    'x[10,1]'     0.231056
89    'x[10,2]'     0.727327
90    'x[10,3]'     0.041617
91    'x[11,1]'     0.232632
92    'x[11,2]'     0.731564
93    'x[11,3]'     0.0358033
94    'x[12,1]'     0.235282
95    'x[12,2]'     0.734901
96    'x[12,3]'     0.029817
97    'x[13,1]'     0.241145
98    'x[13,2]'     0.735176
99    'x[13,3]'     0.0236791
100   'x[14,1]'     0.256699
101   'x[14,2]'     0.725906
102   'x[14,3]'     0.0173955
103   'x[15,1]'     0.301035
104   'x[15,2]'     0.688019
105   'x[15,3]'     0.0109457
106   PC          139.205
107   PR           60.7946
108   Vap         237.375
;

