solve_message =
'Knitro 10.3.0: Convergence to an infeasible point. Problem may be locally infeasible.\
objective 106.88752029819815; feasibility error 1.37\
82 iterations; 103 function evaluations'

:     _varname        _var        :=
1     'F[2]'        0
2     'F[3]'        0
3     'F[4]'        0
4     'F[5]'        0
5     'F[6]'        0
6     'F[7]'        0
7     'F[8]'      200
8     'F[9]'        0
9     'F[10]'       0
10    'F[11]'       0
11    'F[12]'       0
12    'F[13]'       0
13    'F[14]'       0
14    Vs          106.888
15    'y[1,1]'      0.00948981
16    'y[1,2]'      0.730715
17    'y[1,3]'      0.259795
18    'y[2,1]'      0.0137374
19    'y[2,2]'      0.780847
20    'y[2,3]'      0.205416
21    'y[3,1]'      0.0173113
22    'y[3,2]'      0.794165
23    'y[3,3]'      0.188523
24    'y[4,1]'      0.0203873
25    'y[4,2]'      0.796377
26    'y[4,3]'      0.183236
27    'y[5,1]'      0.0230635
28    'y[5,2]'      0.795475
29    'y[5,3]'      0.181462
30    'y[6,1]'      0.0253999
31    'y[6,2]'      0.793841
32    'y[6,3]'      0.180759
33    'y[7,1]'      0.0274405
34    'y[7,2]'      0.792163
35    'y[7,3]'      0.180396
36    'y[8,1]'      0.803324
37    'y[8,2]'      0.0165227
38    'y[8,3]'      0.180154
39    'y[9,1]'      0.823519
40    'y[9,2]'      0.0175356
41    'y[9,3]'      0.158946
42    'y[10,1]'     0.848645
43    'y[10,2]'     0.0185805
44    'y[10,3]'     0.132774
45    'y[11,1]'     0.876953
46    'y[11,2]'     0.019378
47    'y[11,3]'     0.103669
48    'y[12,1]'     0.90561
49    'y[12,2]'     0.0195593
50    'y[12,3]'     0.0748302
51    'y[13,1]'     0.931882
52    'y[13,2]'     0.01876
53    'y[13,3]'     0.0493582
54    'y[14,1]'     0.954251
55    'y[14,2]'     0.0166857
56    'y[14,3]'     0.0290635
57    'y[15,1]'     0.972697
58    'y[15,2]'     0.0131003
59    'y[15,3]'     0.014203
60    Ls          245.82
61    'x[1,1]'      0.00431864
62    'x[1,2]'      0.57006
63    'x[1,3]'      0.425621
64    'x[2,1]'      0.00656717
65    'x[2,2]'      0.639916
66    'x[2,3]'      0.353517
67    'x[3,1]'      0.0084141
68    'x[3,2]'      0.661715
69    'x[3,3]'      0.329871
70    'x[4,1]'      0.00996813
71    'x[4,2]'      0.667506
72    'x[4,3]'      0.322526
73    'x[5,1]'      0.0113056
74    'x[5,2]'      0.668467
75    'x[5,3]'      0.320227
76    'x[6,1]'      0.0124693
77    'x[6,2]'      0.668075
78    'x[6,3]'      0.319456
79    'x[7,1]'      0.0134852
80    'x[7,2]'      0.667365
81    'x[7,3]'      0.31915
82    'x[8,1]'      0.0143725
83    'x[8,2]'      0.666635
84    'x[8,3]'      0.318992
85    'x[9,1]'      0.57759
86    'x[9,2]'      0.0210839
87    'x[9,3]'      0.401326
88    'x[10,1]'     0.6247
89    'x[10,2]'     0.0234469
90    'x[10,3]'     0.351853
91    'x[11,1]'     0.683314
92    'x[11,2]'     0.0258843
93    'x[11,3]'     0.290801
94    'x[12,1]'     0.749349
95    'x[12,2]'     0.0277447
96    'x[12,3]'     0.222906
97    'x[13,1]'     0.816201
98    'x[13,2]'     0.0281677
99    'x[13,3]'     0.155632
100   'x[14,1]'     0.877485
101   'x[14,2]'     0.026303
102   'x[14,3]'     0.0962117
103   'x[15,1]'     0.929667
104   'x[15,2]'     0.0214642
105   'x[15,3]'     0.048869
106   PC           61.0673
107   PR          138.933
108   Vap         106.888
;

