solve_message = 'CONOPT 3.17A: Locally optimal; objective 250.12481025371423\
23 iterations; evals: nf = 23, ng = 0, nc = 432, nJ = 42, nH = 2, nHv = 21'

:      _varname         _var         :=
1     'F[2]'          0
2     'F[3]'          0
3     'F[4]'          0
4     'F[5]'          0
5     'F[6]'          0
6     'F[7]'          0
7     'F[8]'        100
8     'F[9]'          0
9     'F[10]'         0
10    'F[11]'         0
11    'F[12]'         0
12    'F[13]'         0
13    'F[14]'         0
14    'Vs[1]'       107.534
15    'Vs[2]'       142.591
16    'y[1,1,1]'      0.0224261
17    'y[1,1,2]'      0.734976
18    'y[1,1,3]'      0.242598
19    'y[1,2,1]'      0.0496604
20    'y[1,2,2]'      0.78803
21    'y[1,2,3]'      0.16231
22    'y[1,3,1]'      0.09424
23    'y[1,3,2]'      0.776631
24    'y[1,3,3]'      0.129129
25    'y[1,4,1]'      0.162254
26    'y[1,4,2]'      0.725135
27    'y[1,4,3]'      0.112611
28    'y[1,5,1]'      0.255138
29    'y[1,5,2]'      0.644328
30    'y[1,5,3]'      0.100534
31    'y[1,6,1]'      0.364075
32    'y[1,6,2]'      0.546663
33    'y[1,6,3]'      0.0892624
34    'y[1,7,1]'      0.47102
35    'y[1,7,2]'      0.450062
36    'y[1,7,3]'      0.0789183
37    'y[1,8,1]'      0.559114
38    'y[1,8,2]'      0.370323
39    'y[1,8,3]'      0.0705627
40    'y[1,9,1]'      0.650455
41    'y[1,9,2]'      0.322501
42    'y[1,9,3]'      0.0270448
43    'y[1,10,1]'     0.747163
44    'y[1,10,2]'     0.243825
45    'y[1,10,3]'     0.00901213
46    'y[1,11,1]'     0.834256
47    'y[1,11,2]'     0.163078
48    'y[1,11,3]'     0.00266633
49    'y[1,12,1]'     0.900631
50    'y[1,12,2]'     0.0986504
51    'y[1,12,3]'     0.000718573
52    'y[1,13,1]'     0.944723
53    'y[1,13,2]'     0.0550955
54    'y[1,13,3]'     0.000181099
55    'y[1,14,1]'     0.97133
56    'y[1,14,2]'     0.0286267
57    'y[1,14,3]'     4.33508e-05
58    'y[1,15,1]'     0.986449
59    'y[1,15,2]'     0.0135417
60    'y[1,15,3]'     9.65109e-06
61    'y[2,1,1]'      1.66092e-05
62    'y[2,1,2]'      0.090027
63    'y[2,1,3]'      0.909956
64    'y[2,2,1]'      7.65084e-05
65    'y[2,2,2]'      0.168948
66    'y[2,2,3]'      0.830975
67    'y[2,3,1]'      0.000318023
68    'y[2,3,2]'      0.282161
69    'y[2,3,3]'      0.71752
70    'y[2,4,1]'      0.00119189
71    'y[2,4,2]'      0.418934
72    'y[2,4,3]'      0.579874
73    'y[2,5,1]'      0.00400469
74    'y[2,5,2]'      0.552852
75    'y[2,5,3]'      0.443143
76    'y[2,6,1]'      0.00405431
77    'y[2,6,2]'      0.594633
78    'y[2,6,3]'      0.401313
79    'y[2,7,1]'      0.00411995
80    'y[2,7,2]'      0.649862
81    'y[2,7,3]'      0.346019
82    'y[2,8,1]'      0.00419807
83    'y[2,8,2]'      0.71533
84    'y[2,8,3]'      0.280472
85    'y[2,9,1]'      0.0042809
86    'y[2,9,2]'      0.783619
87    'y[2,9,3]'      0.2121
88    'y[2,10,1]'     0.00436229
89    'y[2,10,2]'     0.84597
90    'y[2,10,3]'     0.149668
91    'y[2,11,1]'     0.00445119
92    'y[2,11,2]'     0.896334
93    'y[2,11,3]'     0.0992152
94    'y[2,12,1]'     0.00460535
95    'y[2,12,2]'     0.933079
96    'y[2,12,3]'     0.062316
97    'y[2,13,1]'     0.00504306
98    'y[2,13,2]'     0.957707
99    'y[2,13,3]'     0.0372495
100   'y[2,14,1]'     0.00654298
101   'y[2,14,2]'     0.9724
102   'y[2,14,3]'     0.0210565
103   'y[2,15,1]'     0.011852
104   'y[2,15,2]'     0.977226
105   'y[2,15,3]'     0.0109222
106   'Ls[1]'       177.593
107   'Ls[2]'       173.437
108   'x[1,1,1]'      0.00663504
109   'x[1,1,2]'      0.565159
110   'x[1,1,3]'      0.428206
111   'x[1,2,1]'      0.0161967
112   'x[1,2,2]'      0.667985
113   'x[1,2,3]'      0.315818
114   'x[1,3,1]'      0.0326872
115   'x[1,3,2]'      0.700109
116   'x[1,3,3]'      0.267204
117   'x[1,4,1]'      0.0596805
118   'x[1,4,2]'      0.693207
119   'x[1,4,3]'      0.247112
120   'x[1,5,1]'      0.100864
121   'x[1,5,2]'      0.662026
122   'x[1,5,3]'      0.237111
123   'x[1,6,1]'      0.157106
124   'x[1,6,2]'      0.613096
125   'x[1,6,3]'      0.229798
126   'x[1,7,1]'      0.223068
127   'x[1,7,2]'      0.55396
128   'x[1,7,3]'      0.222973
129   'x[1,8,1]'      0.287824
130   'x[1,8,2]'      0.495467
131   'x[1,8,3]'      0.216709
132   'x[1,9,1]'      0.394219
133   'x[1,9,2]'      0.507994
134   'x[1,9,3]'      0.097787
135   'x[1,10,1]'     0.520805
136   'x[1,10,2]'     0.441718
137   'x[1,10,3]'     0.0374769
138   'x[1,11,1]'     0.65483
139   'x[1,11,2]'     0.332684
140   'x[1,11,3]'     0.0124859
141   'x[1,12,1]'     0.775529
142   'x[1,12,2]'     0.220779
143   'x[1,12,3]'     0.00369147
144   'x[1,13,1]'     0.867517
145   'x[1,13,2]'     0.131491
146   'x[1,13,3]'     0.000992125
147   'x[1,14,1]'     0.928623
148   'x[1,14,2]'     0.0711298
149   'x[1,14,3]'     0.000247256
150   'x[1,15,1]'     0.965496
151   'x[1,15,2]'     0.0344475
152   'x[1,15,3]'     5.63545e-05
153   'x[2,1,1]'      2.93308e-06
154   'x[2,1,2]'      0.0413196
155   'x[2,1,3]'      0.958677
156   'x[2,2,1]'      1.41769e-05
157   'x[2,2,2]'      0.0813643
158   'x[2,2,3]'      0.918622
159   'x[2,3,1]'      6.34229e-05
160   'x[2,3,2]'      0.146249
161   'x[2,3,3]'      0.853687
162   'x[2,4,1]'      0.000261983
163   'x[2,4,2]'      0.239327
164   'x[2,4,3]'      0.760411
165   'x[2,5,1]'      0.00098043
166   'x[2,5,2]'      0.351775
167   'x[2,5,3]'      0.647245
168   'x[2,6,1]'      0.00102804
169   'x[2,6,2]'      0.391879
170   'x[2,6,3]'      0.607093
171   'x[2,7,1]'      0.00109648
172   'x[2,7,2]'      0.449508
173   'x[2,7,3]'      0.549395
174   'x[2,8,1]'      0.00118703
175   'x[2,8,2]'      0.525686
176   'x[2,8,3]'      0.473127
177   'x[2,9,1]'      0.00129478
178   'x[2,9,2]'      0.615988
179   'x[2,9,3]'      0.382717
180   'x[2,10,1]'     0.00140903
181   'x[2,10,2]'     0.71018
182   'x[2,10,3]'     0.288411
183   'x[2,11,1]'     0.00152129
184   'x[2,11,2]'     0.796182
185   'x[2,11,3]'     0.202297
186   'x[2,12,1]'     0.00164391
187   'x[2,12,2]'     0.86565
188   'x[2,12,3]'     0.132706
189   'x[2,13,1]'     0.00185655
190   'x[2,13,2]'     0.916333
191   'x[2,13,3]'     0.0818106
192   'x[2,14,1]'     0.00246028
193   'x[2,14,2]'     0.950304
194   'x[2,14,3]'     0.0472359
195   'x[2,15,1]'     0.00452916
196   'x[2,15,2]'     0.97057
197   'x[2,15,3]'     0.0249007
198   'CC[2]'         0
199   'CC[3]'         0
200   'CC[4]'         0
201   'CC[5]'         0
202   'CC[6]'         0
203   'CC[7]'         0
204   'CC[8]'         0
205   'CC[9]'         0
206   'CC[10]'        0
207   'CC[11]'        0
208   'CC[12]'        0
209   'CC[13]'        0
210   'CC[14]'        0
211   'CR[2]'         0
212   'CR[3]'         0
213   'CR[4]'         0
214   'CR[5]'        70.0591
215   'CR[6]'         0
216   'CR[7]'         0
217   'CR[8]'         0
218   'CR[9]'         0
219   'CR[10]'        0
220   'CR[11]'        0
221   'CR[12]'        0
222   'CR[13]'        0
223   'CR[14]'        0
224   'PC[1]'        29.9409
225   'PC[2]'        39.2131
226   'PR[1]'         0
227   'PR[2]'        30.8461
228   'PS[2]'         0
229   'PS[3]'         0
230   'PS[4]'         0
231   'PS[5]'         0
232   'PS[6]'         0
233   'PS[7]'         0
234   'PS[8]'         0
235   'PS[9]'         0
236   'PS[10]'        0
237   'PS[11]'        0
238   'PS[12]'        0
239   'PS[13]'        0
240   'PS[14]'        0
241   Vap           250.125
242   Sep            95
;

