solve_message = 'CONOPT 3.17A: Locally infeasible; objective 5514717.962190478\
95 iterations; evals: nf = 3, ng = 0, nc = 1702, nJ = 138, nH = 0, nHv = 34'

:      _varname           _var           :=
1     'F[2]'              0
2     'F[3]'              0
3     'F[4]'              0
4     'F[5]'              0
5     'F[6]'              0
6     'F[7]'              0
7     'F[8]'            100
8     'F[9]'              0
9     'F[10]'             0
10    'F[11]'             0
11    'F[12]'             0
12    'F[13]'             0
13    'F[14]'             0
14    'Vs[1]'       5514690
15    'Vs[2]'            27.1539
16    'y[1,1,1]'          0.0013629
17    'y[1,1,2]'          0.752584
18    'y[1,1,3]'          0.246053
19    'y[1,2,1]'          0.00410295
20    'y[1,2,2]'          0.871734
21    'y[1,2,3]'          0.124163
22    'y[1,3,1]'          0.0113867
23    'y[1,3,2]'          0.930852
24    'y[1,3,3]'          0.0577613
25    'y[1,4,1]'          0.030026
26    'y[1,4,2]'          0.944441
27    'y[1,4,3]'          0.0255329
28    'y[1,5,1]'          0.0755002
29    'y[1,5,2]'          0.913736
30    'y[1,5,3]'          0.0107638
31    'y[1,6,1]'          0.176041
32    'y[1,6,2]'          0.81975
33    'y[1,6,3]'          0.00420896
34    'y[1,7,1]'          0.357691
35    'y[1,7,2]'          0.640873
36    'y[1,7,3]'          0.00143534
37    'y[1,8,1]'          0.591696
38    'y[1,8,2]'          0.407905
39    'y[1,8,3]'          0.000399494
40    'y[1,9,1]'          0.790286
41    'y[1,9,2]'          0.209624
42    'y[1,9,3]'          8.94384e-05
43    'y[1,10,1]'         0.907377
44    'y[1,10,2]'         0.092606
45    'y[1,10,3]'         1.72129e-05
46    'y[1,11,1]'         0.962212
47    'y[1,11,2]'         0.0377848
48    'y[1,11,3]'         3.05959e-06
49    'y[1,12,1]'         0.985115
50    'y[1,12,2]'         0.0148843
51    'y[1,12,3]'         5.25055e-07
52    'y[1,13,1]'         0.99422
53    'y[1,13,2]'         0.00577986
54    'y[1,13,3]'         8.88231e-08
55    'y[1,14,1]'         0.997768
56    'y[1,14,2]'         0.00223182
57    'y[1,14,3]'         1.49417e-08
58    'y[1,15,1]'         0.99914
59    'y[1,15,2]'         0.000859901
60    'y[1,15,3]'         2.50796e-09
61    'y[2,1,1]'          0.000321916
62    'y[2,1,2]'          0.999678
63    'y[2,1,3]'          2.53765e-15
64    'y[2,2,1]'          0.000836232
65    'y[2,2,2]'          0.999164
66    'y[2,2,3]'          1.10494e-15
67    'y[2,3,1]'          0.00217047
68    'y[2,3,2]'          0.99783
69    'y[2,3,3]'          6.4347e-16
70    'y[2,4,1]'          0.00562157
71    'y[2,4,2]'          0.994378
72    'y[2,4,3]'          2.79354e-16
73    'y[2,5,1]'          0.0144804
74    'y[2,5,2]'          0.98552
75    'y[2,5,3]'          1.20615e-16
76    'y[2,6,1]'          0.0367829
77    'y[2,6,2]'          0.963217
78    'y[2,6,3]'          0
79    'y[2,7,1]'          0.0902887
80    'y[2,7,2]'          0.909711
81    'y[2,7,3]'          0
82    'y[2,8,1]'          0.205057
83    'y[2,8,2]'          0.794943
84    'y[2,8,3]'          0
85    'y[2,9,1]'          0.401348
86    'y[2,9,2]'          0.598652
87    'y[2,9,3]'          0
88    'y[2,10,1]'         0.635359
89    'y[2,10,2]'         0.364641
90    'y[2,10,3]'         0
91    'y[2,11,1]'         0.819122
92    'y[2,11,2]'         0.180878
93    'y[2,11,3]'         0
94    'y[2,12,1]'         0.92169
95    'y[2,12,2]'         0.0783096
96    'y[2,12,3]'         0
97    'y[2,13,1]'         0.968344
98    'y[2,13,2]'         0.0316557
99    'y[2,13,3]'         0
100   'y[2,14,1]'         0.987578
101   'y[2,14,2]'         0.0124218
102   'y[2,14,3]'         0
103   'y[2,15,1]'         0.995184
104   'y[2,15,2]'         0.00481625
105   'y[2,15,3]'         0
106   'Ls[1]'       5514760
107   'Ls[2]'            27.1539
108   'x[1,1,1]'          0.000397895
109   'x[1,1,2]'          0.571043
110   'x[1,1,3]'          0.428559
111   'x[1,2,1]'          0.00136288
112   'x[1,2,2]'          0.752582
113   'x[1,2,3]'          0.246055
114   'x[1,3,1]'          0.00410291
115   'x[1,3,2]'          0.87173
116   'x[1,3,3]'          0.124167
117   'x[1,4,1]'          0.0113866
118   'x[1,4,2]'          0.930847
119   'x[1,4,3]'          0.057766
120   'x[1,5,1]'          0.0300256
121   'x[1,5,2]'          0.944436
122   'x[1,5,3]'          0.025538
123   'x[1,6,1]'          0.0754992
124   'x[1,6,2]'          0.913732
125   'x[1,6,3]'          0.0107691
126   'x[1,7,1]'          0.176039
127   'x[1,7,2]'          0.819747
128   'x[1,7,3]'          0.00421435
129   'x[1,8,1]'          0.357687
130   'x[1,8,2]'          0.640872
131   'x[1,8,3]'          0.00144076
132   'x[1,9,1]'          0.591693
133   'x[1,9,2]'          0.407907
134   'x[1,9,3]'          0.000399496
135   'x[1,10,1]'         0.790285
136   'x[1,10,2]'         0.209625
137   'x[1,10,3]'         8.94389e-05
138   'x[1,11,1]'         0.907376
139   'x[1,11,2]'         0.0926065
140   'x[1,11,3]'         1.7213e-05
141   'x[1,12,1]'         0.962212
142   'x[1,12,2]'         0.037785
143   'x[1,12,3]'         3.0596e-06
144   'x[1,13,1]'         0.985115
145   'x[1,13,2]'         0.0148843
146   'x[1,13,3]'         5.25058e-07
147   'x[1,14,1]'         0.99422
148   'x[1,14,2]'         0.00577989
149   'x[1,14,3]'         8.88236e-08
150   'x[1,15,1]'         0.997768
151   'x[1,15,2]'         0.00223182
152   'x[1,15,3]'         1.49417e-08
153   'x[2,1,1]'          0.000123885
154   'x[2,1,2]'          0.999876
155   'x[2,1,3]'          5.82622e-15
156   'x[2,2,1]'          0.000321916
157   'x[2,2,2]'          0.999678
158   'x[2,2,3]'          2.53765e-15
159   'x[2,3,1]'          0.000836232
160   'x[2,3,2]'          0.999164
161   'x[2,3,3]'          1.10494e-15
162   'x[2,4,1]'          0.00217047
163   'x[2,4,2]'          0.99783
164   'x[2,4,3]'          6.4347e-16
165   'x[2,5,1]'          0.00562157
166   'x[2,5,2]'          0.994378
167   'x[2,5,3]'          2.79354e-16
168   'x[2,6,1]'          0.0144804
169   'x[2,6,2]'          0.98552
170   'x[2,6,3]'          0
171   'x[2,7,1]'          0.0367829
172   'x[2,7,2]'          0.963217
173   'x[2,7,3]'          0
174   'x[2,8,1]'          0.0902887
175   'x[2,8,2]'          0.909711
176   'x[2,8,3]'          0
177   'x[2,9,1]'          0.205057
178   'x[2,9,2]'          0.794943
179   'x[2,9,3]'          0
180   'x[2,10,1]'         0.401348
181   'x[2,10,2]'         0.598652
182   'x[2,10,3]'         0
183   'x[2,11,1]'         0.635359
184   'x[2,11,2]'         0.364641
185   'x[2,11,3]'         0
186   'x[2,12,1]'         0.819122
187   'x[2,12,2]'         0.180878
188   'x[2,12,3]'         0
189   'x[2,13,1]'         0.92169
190   'x[2,13,2]'         0.0783096
191   'x[2,13,3]'         0
192   'x[2,14,1]'         0.968344
193   'x[2,14,2]'         0.0316557
194   'x[2,14,3]'         0
195   'x[2,15,1]'         0.987578
196   'x[2,15,2]'         0.0124218
197   'x[2,15,3]'         0
198   'CC[2]'             0
199   'CC[3]'             0
200   'CC[4]'             0
201   'CC[5]'             0
202   'CC[6]'             0
203   'CC[7]'             0
204   'CC[8]'             0
205   'CC[9]'             0
206   'CC[10]'            0
207   'CC[11]'            0
208   'CC[12]'            0
209   'CC[13]'            0
210   'CC[14]'            0
211   'CR[2]'             0
212   'CR[3]'             0
213   'CR[4]'             0
214   'CR[5]'             7.64226e-15
215   'CR[6]'             0
216   'CR[7]'             0
217   'CR[8]'             0
218   'CR[9]'             0
219   'CR[10]'            0
220   'CR[11]'            0
221   'CR[12]'            0
222   'CR[13]'            0
223   'CR[14]'            0
224   'PC[1]'            29.9979
225   'PC[2]'             2.64072e-15
226   'PR[1]'            70.0021
227   'PR[2]'             1.03381e-14
228   'PS[2]'             0
229   'PS[3]'             0
230   'PS[4]'             0
231   'PS[5]'             0
232   'PS[6]'             0
233   'PS[7]'             0
234   'PS[8]'             0
235   'PS[9]'             0
236   'PS[10]'            0
237   'PS[11]'            0
238   'PS[12]'            0
239   'PS[13]'            0
240   'PS[14]'            0
241   Vap           5514720
242   Sep                65.6302
;

