solve_message = 'MINLP-B&B (20100607): Optimal solution found\
1 subproblem, objective = 174.27655082714554\
Evals: obj = 10, constr = 16, grad = 14, Hes = 15'

:      _varname         _var         :=
1     'F[2]'          0
2     'F[3]'          0
3     'F[4]'          0
4     'F[5]'          0
5     'F[6]'          0
6     'F[7]'          0
7     'F[8]'        100
8     'F[9]'          0
9     'F[10]'         0
10    'F[11]'         0
11    'F[12]'         0
12    'F[13]'         0
13    'F[14]'         0
14    'Vs[1]'       103.887
15    'Vs[2]'        70.3892
16    'y[1,1,1]'      0.000223424
17    'y[1,1,2]'      0.200269
18    'y[1,1,3]'      0.799508
19    'y[1,2,1]'      0.000893411
20    'y[1,2,2]'      0.332355
21    'y[1,2,3]'      0.666751
22    'y[1,3,1]'      0.00309651
23    'y[1,3,2]'      0.473
24    'y[1,3,3]'      0.523903
25    'y[1,4,1]'      0.00957427
26    'y[1,4,2]'      0.592528
27    'y[1,4,3]'      0.397898
28    'y[1,5,1]'      0.0269285
29    'y[1,5,2]'      0.669545
30    'y[1,5,3]'      0.303526
31    'y[1,6,1]'      0.0695868
32    'y[1,6,2]'      0.692183
33    'y[1,6,3]'      0.23823
34    'y[1,7,1]'      0.162778
35    'y[1,7,2]'      0.647113
36    'y[1,7,3]'      0.190109
37    'y[1,8,1]'      0.328635
38    'y[1,8,2]'      0.523554
39    'y[1,8,3]'      0.147811
40    'y[1,9,1]'      0.328835
41    'y[1,9,2]'      0.52499
42    'y[1,9,3]'      0.146175
43    'y[1,10,1]'     0.329187
44    'y[1,10,2]'     0.527465
45    'y[1,10,3]'     0.143348
46    'y[1,11,1]'     0.329828
47    'y[1,11,2]'     0.531661
48    'y[1,11,3]'     0.138511
49    'y[1,12,1]'     0.331155
50    'y[1,12,2]'     0.538486
51    'y[1,12,3]'     0.130358
52    'y[1,13,1]'     0.334873
53    'y[1,13,2]'     0.548227
54    'y[1,13,3]'     0.1169
55    'y[1,14,1]'     0.349845
56    'y[1,14,2]'     0.554991
57    'y[1,14,3]'     0.0951632
58    'y[1,15,1]'     0.419138
59    'y[1,15,2]'     0.519797
60    'y[1,15,3]'     0.0610655
61    'y[2,1,1]'      0.0588393
62    'y[2,1,2]'      0.891418
63    'y[2,1,3]'      0.0497424
64    'y[2,2,1]'      0.114909
65    'y[2,2,2]'      0.85484
66    'y[2,2,3]'      0.0302513
67    'y[2,3,1]'      0.193392
68    'y[2,3,2]'      0.783106
69    'y[2,3,3]'      0.0235026
70    'y[2,4,1]'      0.290728
71    'y[2,4,2]'      0.689021
72    'y[2,4,3]'      0.0202509
73    'y[2,5,1]'      0.394524
74    'y[2,5,2]'      0.587532
75    'y[2,5,3]'      0.0179436
76    'y[2,6,1]'      0.488714
77    'y[2,6,2]'      0.495195
78    'y[2,6,3]'      0.0160917
79    'y[2,7,1]'      0.56244
80    'y[2,7,2]'      0.422871
81    'y[2,7,3]'      0.0146891
82    'y[2,8,1]'      0.613744
83    'y[2,8,2]'      0.372534
84    'y[2,8,3]'      0.0137217
85    'y[2,9,1]'      0.646592
86    'y[2,9,2]'      0.340304
87    'y[2,9,3]'      0.0131039
88    'y[2,10,1]'     0.666514
89    'y[2,10,2]'     0.320756
90    'y[2,10,3]'     0.0127295
91    'y[2,11,1]'     0.678202
92    'y[2,11,2]'     0.309288
93    'y[2,11,3]'     0.0125099
94    'y[2,12,1]'     0.71789
95    'y[2,12,2]'     0.27647
96    'y[2,12,3]'     0.00563945
97    'y[2,13,1]'     0.771402
98    'y[2,13,2]'     0.226252
99    'y[2,13,3]'     0.00234638
100   'y[2,14,1]'     0.835846
101   'y[2,14,2]'     0.163283
102   'y[2,14,3]'     0.000871314
103   'y[2,15,1]'     0.902208
104   'y[2,15,2]'     0.0975243
105   'y[2,15,3]'     0.000268186
106   'Ls[1]'       132.315
107   'Ls[2]'       109.67
108   'x[1,1,1]'      4.2231e-05
109   'x[1,1,2]'      0.0983837
110   'x[1,1,3]'      0.901574
111   'x[1,2,1]'      0.000184495
112   'x[1,2,2]'      0.178379
113   'x[1,2,3]'      0.821436
114   'x[1,3,1]'      0.000710537
115   'x[1,3,2]'      0.282087
116   'x[1,3,3]'      0.717202
117   'x[1,4,1]'      0.00244031
118   'x[1,4,2]'      0.392515
119   'x[1,4,3]'      0.605045
120   'x[1,5,1]'      0.00752635
121   'x[1,5,2]'      0.486363
122   'x[1,5,3]'      0.506111
123   'x[1,6,1]'      0.021152
124   'x[1,6,2]'      0.546833
125   'x[1,6,3]'      0.432015
126   'x[1,7,1]'      0.0546454
127   'x[1,7,2]'      0.564607
128   'x[1,7,3]'      0.380747
129   'x[1,8,1]'      0.127815
130   'x[1,8,2]'      0.529221
131   'x[1,8,3]'      0.342965
132   'x[1,9,1]'      0.128183
133   'x[1,9,2]'      0.531877
134   'x[1,9,3]'      0.33994
135   'x[1,10,1]'     0.128826
136   'x[1,10,2]'     0.536493
137   'x[1,10,3]'     0.334681
138   'x[1,11,1]'     0.129958
139   'x[1,11,2]'     0.54445
140   'x[1,11,3]'     0.325593
141   'x[1,12,1]'     0.132019
142   'x[1,12,2]'     0.55794
143   'x[1,12,3]'     0.310041
144   'x[1,13,1]'     0.136286
145   'x[1,13,2]'     0.579882
146   'x[1,13,3]'     0.283832
147   'x[1,14,1]'     0.148239
148   'x[1,14,2]'     0.611196
149   'x[1,14,3]'     0.240565
150   'x[1,15,1]'     0.196372
151   'x[1,15,2]'     0.632943
152   'x[1,15,3]'     0.170685
153   'x[2,1,1]'      0.0220174
154   'x[2,1,2]'      0.866937
155   'x[2,1,3]'      0.111046
156   'x[2,2,1]'      0.0456507
157   'x[2,2,2]'      0.88265
158   'x[2,2,3]'      0.0716995
159   'x[2,3,1]'      0.0816375
160   'x[2,3,2]'      0.859173
161   'x[2,3,3]'      0.0591896
162   'x[2,4,1]'      0.13201
163   'x[2,4,2]'      0.813132
164   'x[2,4,3]'      0.0548581
165   'x[2,5,1]'      0.194483
166   'x[2,5,2]'      0.752746
167   'x[2,5,3]'      0.052771
168   'x[2,6,1]'      0.261102
169   'x[2,6,2]'      0.687607
170   'x[2,6,3]'      0.0512902
171   'x[2,7,1]'      0.321556
172   'x[2,7,2]'      0.628343
173   'x[2,7,3]'      0.0501015
174   'x[2,8,1]'      0.368875
175   'x[2,8,2]'      0.581923
176   'x[2,8,3]'      0.0492013
177   'x[2,9,1]'      0.401804
178   'x[2,9,2]'      0.549615
179   'x[2,9,3]'      0.0485804
180   'x[2,10,1]'     0.422887
181   'x[2,10,2]'     0.528929
182   'x[2,10,3]'     0.0481839
183   'x[2,11,1]'     0.435673
184   'x[2,11,2]'     0.516383
185   'x[2,11,3]'     0.0479436
186   'x[2,12,1]'     0.488333
187   'x[2,12,2]'     0.488781
188   'x[2,12,3]'     0.0228861
189   'x[2,13,1]'     0.561661
190   'x[2,13,2]'     0.428147
191   'x[2,13,3]'     0.0101922
192   'x[2,14,1]'     0.66053
193   'x[2,14,2]'     0.335362
194   'x[2,14,3]'     0.00410788
195   'x[2,15,1]'     0.779597
196   'x[2,15,2]'     0.21902
197   'x[2,15,3]'     0.00138253
198   'CC[2]'         0
199   'CC[3]'         0
200   'CC[4]'         0
201   'CC[5]'         0
202   'CC[6]'         0
203   'CC[7]'         0
204   'CC[8]'         0
205   'CC[9]'         0
206   'CC[10]'        0
207   'CC[11]'       71.5726
208   'CC[12]'        0
209   'CC[13]'        0
210   'CC[14]'        0
211   'CR[2]'         0
212   'CR[3]'         0
213   'CR[4]'         0
214   'CR[5]'         0
215   'CR[6]'         0
216   'CR[7]'         0
217   'CR[8]'         0
218   'CR[9]'         0
219   'CR[10]'        0
220   'CR[11]'        0
221   'CR[12]'        0
222   'CR[13]'        0
223   'CR[14]'        0
224   'PC[1]'         0
225   'PC[2]'        32.2918
226   'PR[1]'        28.4274
227   'PR[2]'        39.2808
228   'PS[2]'         0
229   'PS[3]'         0
230   'PS[4]'         0
231   'PS[5]'         0
232   'PS[6]'         0
233   'PS[7]'         0
234   'PS[8]'         0
235   'PS[9]'         0
236   'PS[10]'        0
237   'PS[11]'        0
238   'PS[12]'        0
239   'PS[13]'        0
240   'PS[14]'        0
241   Vap           174.277
242   Sep            80
243   yPC1            0
244   yPR1            1
245   yPS             0
;

