solve_message =
'filterSQP (20020316): Optimal solution found, objective = 242.03110238084375\
50 iterations (47 for feasibility)\
Evals: obj = 5, constr = 154, grad = 46, Hes = 51'

:           _varname              _var          :=
1      'F[2]'                    0
2      'F[3]'                    0
3      'F[4]'                    0
4      'F[5]'                    0
5      'F[6]'                    0
6      'F[7]'                    0
7      'F[8]'                    0
8      'F[9]'                    0
9      'F[10]'                   0
10     'F[11]'                   0
11     'F[12]'                   0
12     'F[13]'                   0
13     'F[14]'                   0
14     'F[15]'                 200
15     'F[16]'                   0
16     'F[17]'                   0
17     'F[18]'                   0
18     'F[19]'                   0
19     'F[20]'                   0
20     'F[21]'                   0
21     'F[22]'                   0
22     'F[23]'                   0
23     'F[24]'                   0
24     'F[25]'                   0
25     'F[26]'                   0
26     'F[27]'                   0
27     'F[28]'                   0
28     'F[29]'                   0
29     'V[1]'                  242.031
30     'V[2]'                  241.777
31     'V[3]'                  241.819
32     'V[4]'                  242.278
33     'V[5]'                  243.074
34     'V[6]'                  243.977
35     'V[7]'                  244.774
36     'V[8]'                  245.37
37     'V[9]'                  245.77
38     'V[10]'                 246.023
39     'V[11]'                 246.188
40     'V[12]'                 246.326
41     'V[13]'                 246.525
42     'V[14]'                 246.919
43     'V[15]'                 247.97
44     'V[16]'                 247.996
45     'V[17]'                 248.03
46     'V[18]'                 248.078
47     'V[19]'                 248.142
48     'V[20]'                 248.228
49     'V[21]'                 248.344
50     'V[22]'                 248.497
51     'V[23]'                 248.695
52     'V[24]'                 248.949
53     'V[25]'                 249.266
54     'V[26]'                 249.651
55     'V[27]'                 250.11
56     'V[28]'                 250.667
57     'V[29]'                 251.42
58     'V[30]'                   0
59     'y[1,1]'                  3.97671e-05
60     'y[1,2]'                  0.126713
61     'y[1,3]'                  0.873247
62     'y[2,1]'                  0.000108006
63     'y[2,2]'                  0.211391
64     'y[2,3]'                  0.788501
65     'y[3,1]'                  0.000265517
66     'y[3,2]'                  0.316865
67     'y[3,3]'                  0.68287
68     'y[4,1]'                  0.000602868
69     'y[4,2]'                  0.431926
70     'y[4,3]'                  0.567471
71     'y[5,1]'                  0.00127508
72     'y[5,2]'                  0.54027
73     'y[5,3]'                  0.458454
74     'y[6,1]'                  0.00253943
75     'y[6,2]'                  0.628574
76     'y[6,3]'                  0.368887
77     'y[7,1]'                  0.00482781
78     'y[7,2]'                  0.691783
79     'y[7,3]'                  0.30339
80     'y[8,1]'                  0.00887637
81     'y[8,2]'                  0.731788
82     'y[8,3]'                  0.259335
83     'y[9,1]'                  0.0159363
84     'y[9,2]'                  0.753025
85     'y[9,3]'                  0.231039
86     'y[10,1]'                 0.0280867
87     'y[10,2]'                 0.759068
88     'y[10,3]'                 0.212846
89     'y[11,1]'                 0.0486331
90     'y[11,2]'                 0.751114
91     'y[11,3]'                 0.200253
92     'y[12,1]'                 0.0824259
93     'y[12,2]'                 0.727674
94     'y[12,3]'                 0.1899
95     'y[13,1]'                 0.135581
96     'y[13,2]'                 0.685143
97     'y[13,3]'                 0.179276
98     'y[14,1]'                 0.213621
99     'y[14,2]'                 0.619738
100    'y[14,3]'                 0.166641
101    'y[15,1]'                 0.317367
102    'y[15,2]'                 0.531278
103    'y[15,3]'                 0.151355
104    'y[16,1]'                 0.317524
105    'y[16,2]'                 0.532217
106    'y[16,3]'                 0.150259
107    'y[17,1]'                 0.317737
108    'y[17,2]'                 0.533495
109    'y[17,3]'                 0.148769
110    'y[18,1]'                 0.318025
111    'y[18,2]'                 0.535225
112    'y[18,3]'                 0.146751
113    'y[19,1]'                 0.318411
114    'y[19,2]'                 0.537552
115    'y[19,3]'                 0.144036
116    'y[20,1]'                 0.318926
117    'y[20,2]'                 0.540657
118    'y[20,3]'                 0.140416
119    'y[21,1]'                 0.319605
120    'y[21,2]'                 0.544752
121    'y[21,3]'                 0.135644
122    'y[22,1]'                 0.320486
123    'y[22,2]'                 0.550069
124    'y[22,3]'                 0.129446
125    'y[23,1]'                 0.321616
126    'y[23,2]'                 0.55683
127    'y[23,3]'                 0.121554
128    'y[24,1]'                 0.323057
129    'y[24,2]'                 0.565191
130    'y[24,3]'                 0.111752
131    'y[25,1]'                 0.324934
132    'y[25,2]'                 0.575119
133    'y[25,3]'                 0.0999477
134    'y[26,1]'                 0.327599
135    'y[26,2]'                 0.586161
136    'y[26,3]'                 0.0862406
137    'y[27,1]'                 0.332161
138    'y[27,2]'                 0.596877
139    'y[27,3]'                 0.0709619
140    'y[28,1]'                 0.342027
141    'y[28,2]'                 0.603331
142    'y[28,3]'                 0.0546422
143    'y[29,1]'                 0.366976
144    'y[29,2]'                 0.595102
145    'y[29,3]'                 0.0379219
146    'y[30,1]'                 0.431652
147    'y[30,2]'                 0.546765
148    'y[30,3]'                 0.0215828
149    'L[1]'                    0
150    'L[2]'                  303.032
151    'L[3]'                  302.778
152    'L[4]'                  302.82
153    'L[5]'                  303.278
154    'L[6]'                  304.075
155    'L[7]'                  304.978
156    'L[8]'                  305.775
157    'L[9]'                  306.371
158    'L[10]'                 306.771
159    'L[11]'                 307.024
160    'L[12]'                 307.188
161    'L[13]'                 307.327
162    'L[14]'                 307.526
163    'L[15]'                 307.919
164    'L[16]'                 108.971
165    'L[17]'                 108.996
166    'L[18]'                 109.031
167    'L[19]'                 109.078
168    'L[20]'                 109.143
169    'L[21]'                 109.229
170    'L[22]'                 109.345
171    'L[23]'                 109.497
172    'L[24]'                 109.696
173    'L[25]'                 109.95
174    'L[26]'                 110.267
175    'L[27]'                 110.652
176    'L[28]'                 111.111
177    'L[29]'                 111.667
178    'L[30]'                 112.421
179    'x[1,1]'                  1.20934e-05
180    'x[1,2]'                  0.065573
181    'x[1,3]'                  0.934415
182    'x[2,1]'                  3.41964e-05
183    'x[2,2]'                  0.114405
184    'x[2,3]'                  0.88556
185    'x[3,1]'                  8.86822e-05
186    'x[3,2]'                  0.182013
187    'x[3,3]'                  0.817899
188    'x[4,1]'                  0.000214466
189    'x[4,2]'                  0.266244
190    'x[4,3]'                  0.733542
191    'x[5,1]'                  0.000484041
192    'x[5,2]'                  0.358238
193    'x[5,3]'                  0.641278
194    'x[6,1]'                  0.00102171
195    'x[6,2]'                  0.445041
196    'x[6,3]'                  0.553937
197    'x[7,1]'                  0.00203392
198    'x[7,2]'                  0.515964
199    'x[7,3]'                  0.482002
200    'x[8,1]'                  0.00386709
201    'x[8,2]'                  0.566857
202    'x[8,3]'                  0.429276
203    'x[9,1]'                  0.00711143
204    'x[9,2]'                  0.59914
205    'x[9,3]'                  0.393749
206    'x[10,1]'                 0.0127698
207    'x[10,2]'                 0.616327
208    'x[10,3]'                 0.370903
209    'x[11,1]'                 0.0225087
210    'x[11,2]'                 0.621282
211    'x[11,3]'                 0.35621
212    'x[12,1]'                 0.0389781
213    'x[12,2]'                 0.614981
214    'x[12,3]'                 0.346041
215    'x[13,1]'                 0.0660677
216    'x[13,2]'                 0.596255
217    'x[13,3]'                 0.337678
218    'x[14,1]'                 0.10869
219    'x[14,2]'                 0.562246
220    'x[14,3]'                 0.329065
221    'x[15,1]'                 0.171304
222    'x[15,2]'                 0.509954
223    'x[15,3]'                 0.318742
224    'x[16,1]'                 0.17159
225    'x[16,2]'                 0.511523
226    'x[16,3]'                 0.316887
227    'x[17,1]'                 0.171981
228    'x[17,2]'                 0.513664
229    'x[17,3]'                 0.314355
230    'x[18,1]'                 0.172511
231    'x[18,2]'                 0.516576
232    'x[18,3]'                 0.310912
233    'x[19,1]'                 0.173229
234    'x[19,2]'                 0.520518
235    'x[19,3]'                 0.306253
236    'x[20,1]'                 0.174194
237    'x[20,2]'                 0.525818
238    'x[20,3]'                 0.299988
239    'x[21,1]'                 0.175478
240    'x[21,2]'                 0.532884
241    'x[21,3]'                 0.291638
242    'x[22,1]'                 0.17717
243    'x[22,2]'                 0.542192
244    'x[22,3]'                 0.280638
245    'x[23,1]'                 0.179368
246    'x[23,2]'                 0.554262
247    'x[23,3]'                 0.26637
248    'x[24,1]'                 0.182186
249    'x[24,2]'                 0.569584
250    'x[24,3]'                 0.24823
251    'x[25,1]'                 0.185772
252    'x[25,2]'                 0.588484
253    'x[25,3]'                 0.225744
254    'x[26,1]'                 0.190408
255    'x[26,2]'                 0.61086
256    'x[26,3]'                 0.198732
257    'x[27,1]'                 0.196889
258    'x[27,2]'                 0.635648
259    'x[27,3]'                 0.167463
260    'x[28,1]'                 0.207699
261    'x[28,2]'                 0.659567
262    'x[28,3]'                 0.132735
263    'x[29,1]'                 0.230465
264    'x[29,2]'                 0.673742
265    'x[29,3]'                 0.0957932
266    'x[30,1]'                 0.28701
267    'x[30,2]'                 0.654866
268    'x[30,3]'                 0.0581238
269    PC                      138.999
270    PR                       61.0007
271    'T[1]'                  389.158
272    'T[2]'                  387.818
273    'T[3]'                  386.054
274    'T[4]'                  383.991
275    'T[5]'                  381.886
276    'T[6]'                  380.02
277    'T[7]'                  378.555
278    'T[8]'                  377.498
279    'T[9]'                  376.754
280    'T[10]'                 376.191
281    'T[11]'                 375.676
282    'T[12]'                 375.078
283    'T[13]'                 374.263
284    'T[14]'                 373.108
285    'T[15]'                 371.547
286    'T[16]'                 371.512
287    'T[17]'                 371.465
288    'T[18]'                 371.4
289    'T[19]'                 371.314
290    'T[20]'                 371.198
291    'T[21]'                 371.044
292    'T[22]'                 370.843
293    'T[23]'                 370.585
294    'T[24]'                 370.259
295    'T[25]'                 369.859
296    'T[26]'                 369.38
297    'T[27]'                 368.815
298    'T[28]'                 368.132
299    'T[29]'                 367.216
300    'T[30]'                 365.734
301    TF                      368.932
302    QC                     2865.36
303    QR                     2921.5
304    'H[1,1]'                  2.46132
305    'H[1,2]'                  2.36423
306    'H[1,3]'                  2.96952
307    'H[2,1]'                  2.4218
308    'H[2,2]'                  2.32646
309    'H[2,3]'                  2.92155
310    'H[3,1]'                  2.36994
311    'H[3,2]'                  2.27691
312    'H[3,3]'                  2.85864
313    'H[4,1]'                  2.30952
314    'H[4,2]'                  2.21916
315    'H[4,3]'                  2.78535
316    'H[5,1]'                  2.24814
317    'H[5,2]'                  2.16049
318    'H[5,3]'                  2.71093
319    'H[6,1]'                  2.19391
320    'H[6,2]'                  2.10865
321    'H[6,3]'                  2.64521
322    'H[7,1]'                  2.15148
323    'H[7,2]'                  2.06808
324    'H[7,3]'                  2.5938
325    'H[8,1]'                  2.12095
326    'H[8,2]'                  2.03889
327    'H[8,3]'                  2.55682
328    'H[9,1]'                  2.09949
329    'H[9,2]'                  2.01836
330    'H[9,3]'                  2.53083
331    'H[10,1]'                 2.08328
332    'H[10,2]'                 2.00286
333    'H[10,3]'                 2.5112
334    'H[11,1]'                 2.06847
335    'H[11,2]'                 1.9887
336    'H[11,3]'                 2.49326
337    'H[12,1]'                 2.05129
338    'H[12,2]'                 1.97226
339    'H[12,3]'                 2.47245
340    'H[13,1]'                 2.02791
341    'H[13,2]'                 1.9499
342    'H[13,3]'                 2.44415
343    'H[14,1]'                 1.99484
344    'H[14,2]'                 1.91826
345    'H[14,3]'                 2.40412
346    'H[15,1]'                 1.95023
347    'H[15,2]'                 1.87559
348    'H[15,3]'                 2.35013
349    'H[16,1]'                 1.94925
350    'H[16,2]'                 1.87464
351    'H[16,3]'                 2.34894
352    'H[17,1]'                 1.9479
353    'H[17,2]'                 1.87335
354    'H[17,3]'                 2.34731
355    'H[18,1]'                 1.94607
356    'H[18,2]'                 1.8716
357    'H[18,3]'                 2.34509
358    'H[19,1]'                 1.9436
359    'H[19,2]'                 1.86924
360    'H[19,3]'                 2.34211
361    'H[20,1]'                 1.9403
362    'H[20,2]'                 1.86608
363    'H[20,3]'                 2.33811
364    'H[21,1]'                 1.93592
365    'H[21,2]'                 1.86189
366    'H[21,3]'                 2.33281
367    'H[22,1]'                 1.9302
368    'H[22,2]'                 1.85641
369    'H[22,3]'                 2.32589
370    'H[23,1]'                 1.92283
371    'H[23,2]'                 1.84937
372    'H[23,3]'                 2.31698
373    'H[24,1]'                 1.91357
374    'H[24,2]'                 1.8405
375    'H[24,3]'                 2.30577
376    'H[25,1]'                 1.9022
377    'H[25,2]'                 1.82962
378    'H[25,3]'                 2.29201
379    'H[26,1]'                 1.88859
380    'H[26,2]'                 1.8166
381    'H[26,3]'                 2.27555
382    'H[27,1]'                 1.87254
383    'H[27,2]'                 1.80124
384    'H[27,3]'                 2.25614
385    'H[28,1]'                 1.85319
386    'H[28,2]'                 1.78271
387    'H[28,3]'                 2.23273
388    'H[29,1]'                 1.82728
389    'H[29,2]'                 1.75791
390    'H[29,3]'                 2.2014
391    'H[30,1]'                 1.78544
392    'H[30,2]'                 1.71786
393    'H[30,3]'                 2.15081
394    'HF[1]'                   1.87586
395    'HF[2]'                   1.80442
396    'HF[3]'                   2.26016
397    'h[1,1]'                 -7.47588
398    'h[1,2]'                 -8.72858
399    'h[1,3]'                 -9.11553
400    'h[2,1]'                 -7.55915
401    'h[2,2]'                 -8.80213
402    'h[2,3]'                 -9.20662
403    'h[3,1]'                 -7.66812
404    'h[3,2]'                 -8.89846
405    'h[3,3]'                 -9.3259
406    'h[4,1]'                 -7.79473
407    'h[4,2]'                 -9.01049
408    'h[4,3]'                 -9.46457
409    'h[5,1]'                 -7.92293
410    'h[5,2]'                 -9.12403
411    'h[5,3]'                 -9.60507
412    'h[6,1]'                 -8.03585
413    'h[6,2]'                 -9.22415
414    'h[6,3]'                 -9.72891
415    'h[7,1]'                 -8.124
416    'h[7,2]'                 -9.30235
417    'h[7,3]'                 -9.82562
418    'h[8,1]'                 -8.18731
419    'h[8,2]'                 -9.35855
420    'h[8,3]'                 -9.8951
421    'h[9,1]'                 -8.23176
422    'h[9,2]'                 -9.39802
423    'h[9,3]'                 -9.94389
424    'h[10,1]'                -8.2653
425    'h[10,2]'                -9.42782
426    'h[10,3]'                -9.98072
427    'h[11,1]'                -8.29593
428    'h[11,2]'                -9.45503
429    'h[11,3]'               -10.0143
430    'h[12,1]'                -8.33144
431    'h[12,2]'                -9.48659
432    'h[12,3]'               -10.0533
433    'h[13,1]'                -8.3797
434    'h[13,2]'                -9.52949
435    'h[13,3]'               -10.1064
436    'h[14,1]'                -8.44789
437    'h[14,2]'                -9.59013
438    'h[14,3]'               -10.1813
439    'h[15,1]'                -8.53969
440    'h[15,2]'                -9.67182
441    'h[15,3]'               -10.2821
442    'h[16,1]'                -8.54172
443    'h[16,2]'                -9.67363
444    'h[16,3]'               -10.2844
445    'h[17,1]'                -8.54449
446    'h[17,2]'                -9.67609
447    'h[17,3]'               -10.2874
448    'h[18,1]'                -8.54825
449    'h[18,2]'                -9.67944
450    'h[18,3]'               -10.2916
451    'h[19,1]'                -8.55332
452    'h[19,2]'                -9.68395
453    'h[19,3]'               -10.2971
454    'h[20,1]'                -8.56011
455    'h[20,2]'                -9.69
456    'h[20,3]'               -10.3046
457    'h[21,1]'                -8.56911
458    'h[21,2]'                -9.69801
459    'h[21,3]'               -10.3145
460    'h[22,1]'                -8.58087
461    'h[22,2]'                -9.70848
462    'h[22,3]'               -10.3274
463    'h[23,1]'                -8.59599
464    'h[23,2]'                -9.72194
465    'h[23,3]'               -10.344
466    'h[24,1]'                -8.61502
467    'h[24,2]'                -9.73888
468    'h[24,3]'               -10.3649
469    'h[25,1]'                -8.63835
470    'h[25,2]'                -9.75967
471    'h[25,3]'               -10.3906
472    'h[26,1]'                -8.66627
473    'h[26,2]'                -9.78453
474    'h[26,3]'               -10.4213
475    'h[27,1]'                -8.69916
476    'h[27,2]'                -9.81384
477    'h[27,3]'               -10.4575
478    'h[28,1]'                -8.73881
479    'h[28,2]'                -9.84918
480    'h[28,3]'               -10.5011
481    'h[29,1]'                -8.79183
482    'h[29,2]'                -9.89644
483    'h[29,3]'               -10.5594
484    'h[30,1]'                -8.87732
485    'h[30,2]'                -9.97268
486    'h[30,3]'               -10.6534
487    'hF[1]'                  -8.69236
488    'hF[2]'                  -9.80778
489    'hF[3]'                 -10.45
490    'tauGamma[1,1,1]'     1e-06
491    'tauGamma[1,1,2]'         0.0235247
492    'tauGamma[1,1,3]'     1e-06
493    'tauGamma[1,2,1]'         0.0238259
494    'tauGamma[1,2,2]'     1e-06
495    'tauGamma[1,2,3]'     1e-06
496    'tauGamma[1,3,1]'     1e-06
497    'tauGamma[1,3,2]'     1e-06
498    'tauGamma[1,3,3]'     1e-06
499    'tauGamma[2,1,1]'     1e-06
500    'tauGamma[2,1,2]'         0.023606
501    'tauGamma[2,1,3]'     1e-06
502    'tauGamma[2,2,1]'         0.0239083
503    'tauGamma[2,2,2]'     1e-06
504    'tauGamma[2,2,3]'     1e-06
505    'tauGamma[2,3,1]'     1e-06
506    'tauGamma[2,3,2]'     1e-06
507    'tauGamma[2,3,3]'     1e-06
508    'tauGamma[3,1,1]'     1e-06
509    'tauGamma[3,1,2]'         0.0237138
510    'tauGamma[3,1,3]'     1e-06
511    'tauGamma[3,2,1]'         0.0240175
512    'tauGamma[3,2,2]'     1e-06
513    'tauGamma[3,2,3]'     1e-06
514    'tauGamma[3,3,1]'     1e-06
515    'tauGamma[3,3,2]'     1e-06
516    'tauGamma[3,3,3]'     1e-06
517    'tauGamma[4,1,1]'     1e-06
518    'tauGamma[4,1,2]'         0.0238412
519    'tauGamma[4,1,3]'     1e-06
520    'tauGamma[4,2,1]'         0.0241466
521    'tauGamma[4,2,2]'     1e-06
522    'tauGamma[4,2,3]'     1e-06
523    'tauGamma[4,3,1]'     1e-06
524    'tauGamma[4,3,2]'     1e-06
525    'tauGamma[4,3,3]'     1e-06
526    'tauGamma[5,1,1]'     1e-06
527    'tauGamma[5,1,2]'         0.0239726
528    'tauGamma[5,1,3]'     1e-06
529    'tauGamma[5,2,1]'         0.0242796
530    'tauGamma[5,2,2]'     1e-06
531    'tauGamma[5,2,3]'     1e-06
532    'tauGamma[5,3,1]'     1e-06
533    'tauGamma[5,3,2]'     1e-06
534    'tauGamma[5,3,3]'     1e-06
535    'tauGamma[6,1,1]'     1e-06
536    'tauGamma[6,1,2]'         0.0240904
537    'tauGamma[6,1,3]'     1e-06
538    'tauGamma[6,2,1]'         0.0243989
539    'tauGamma[6,2,2]'     1e-06
540    'tauGamma[6,2,3]'     1e-06
541    'tauGamma[6,3,1]'     1e-06
542    'tauGamma[6,3,2]'     1e-06
543    'tauGamma[6,3,3]'     1e-06
544    'tauGamma[7,1,1]'     1e-06
545    'tauGamma[7,1,2]'         0.0241836
546    'tauGamma[7,1,3]'     1e-06
547    'tauGamma[7,2,1]'         0.0244933
548    'tauGamma[7,2,2]'     1e-06
549    'tauGamma[7,2,3]'     1e-06
550    'tauGamma[7,3,1]'     1e-06
551    'tauGamma[7,3,2]'     1e-06
552    'tauGamma[7,3,3]'     1e-06
553    'tauGamma[8,1,1]'     1e-06
554    'tauGamma[8,1,2]'         0.0242513
555    'tauGamma[8,1,3]'     1e-06
556    'tauGamma[8,2,1]'         0.0245619
557    'tauGamma[8,2,2]'     1e-06
558    'tauGamma[8,2,3]'     1e-06
559    'tauGamma[8,3,1]'     1e-06
560    'tauGamma[8,3,2]'     1e-06
561    'tauGamma[8,3,3]'     1e-06
562    'tauGamma[9,1,1]'     1e-06
563    'tauGamma[9,1,2]'         0.0242992
564    'tauGamma[9,1,3]'     1e-06
565    'tauGamma[9,2,1]'         0.0246104
566    'tauGamma[9,2,2]'     1e-06
567    'tauGamma[9,2,3]'     1e-06
568    'tauGamma[9,3,1]'     1e-06
569    'tauGamma[9,3,2]'     1e-06
570    'tauGamma[9,3,3]'     1e-06
571    'tauGamma[10,1,1]'    1e-06
572    'tauGamma[10,1,2]'        0.0243356
573    'tauGamma[10,1,3]'    1e-06
574    'tauGamma[10,2,1]'        0.0246472
575    'tauGamma[10,2,2]'    1e-06
576    'tauGamma[10,2,3]'    1e-06
577    'tauGamma[10,3,1]'    1e-06
578    'tauGamma[10,3,2]'    1e-06
579    'tauGamma[10,3,3]'    1e-06
580    'tauGamma[11,1,1]'    1e-06
581    'tauGamma[11,1,2]'        0.0243689
582    'tauGamma[11,1,3]'    1e-06
583    'tauGamma[11,2,1]'        0.024681
584    'tauGamma[11,2,2]'    1e-06
585    'tauGamma[11,2,3]'    1e-06
586    'tauGamma[11,3,1]'    1e-06
587    'tauGamma[11,3,2]'    1e-06
588    'tauGamma[11,3,3]'    1e-06
589    'tauGamma[12,1,1]'    1e-06
590    'tauGamma[12,1,2]'        0.0244078
591    'tauGamma[12,1,3]'    1e-06
592    'tauGamma[12,2,1]'        0.0247204
593    'tauGamma[12,2,2]'    1e-06
594    'tauGamma[12,2,3]'    1e-06
595    'tauGamma[12,3,1]'    1e-06
596    'tauGamma[12,3,2]'    1e-06
597    'tauGamma[12,3,3]'    1e-06
598    'tauGamma[13,1,1]'    1e-06
599    'tauGamma[13,1,2]'        0.0244609
600    'tauGamma[13,1,3]'    1e-06
601    'tauGamma[13,2,1]'        0.0247742
602    'tauGamma[13,2,2]'    1e-06
603    'tauGamma[13,2,3]'    1e-06
604    'tauGamma[13,3,1]'    1e-06
605    'tauGamma[13,3,2]'    1e-06
606    'tauGamma[13,3,3]'    1e-06
607    'tauGamma[14,1,1]'    1e-06
608    'tauGamma[14,1,2]'        0.0245366
609    'tauGamma[14,1,3]'    1e-06
610    'tauGamma[14,2,1]'        0.0248508
611    'tauGamma[14,2,2]'    1e-06
612    'tauGamma[14,2,3]'    1e-06
613    'tauGamma[14,3,1]'    1e-06
614    'tauGamma[14,3,2]'    1e-06
615    'tauGamma[14,3,3]'    1e-06
616    'tauGamma[15,1,1]'    1e-06
617    'tauGamma[15,1,2]'        0.0246398
618    'tauGamma[15,1,3]'    1e-06
619    'tauGamma[15,2,1]'        0.0249553
620    'tauGamma[15,2,2]'    1e-06
621    'tauGamma[15,2,3]'    1e-06
622    'tauGamma[15,3,1]'    1e-06
623    'tauGamma[15,3,2]'    1e-06
624    'tauGamma[15,3,3]'    1e-06
625    'tauGamma[16,1,1]'    1e-06
626    'tauGamma[16,1,2]'        0.0246421
627    'tauGamma[16,1,3]'    1e-06
628    'tauGamma[16,2,1]'        0.0249576
629    'tauGamma[16,2,2]'    1e-06
630    'tauGamma[16,2,3]'    1e-06
631    'tauGamma[16,3,1]'    1e-06
632    'tauGamma[16,3,2]'    1e-06
633    'tauGamma[16,3,3]'    1e-06
634    'tauGamma[17,1,1]'    1e-06
635    'tauGamma[17,1,2]'        0.0246452
636    'tauGamma[17,1,3]'    1e-06
637    'tauGamma[17,2,1]'        0.0249608
638    'tauGamma[17,2,2]'    1e-06
639    'tauGamma[17,2,3]'    1e-06
640    'tauGamma[17,3,1]'    1e-06
641    'tauGamma[17,3,2]'    1e-06
642    'tauGamma[17,3,3]'    1e-06
643    'tauGamma[18,1,1]'    1e-06
644    'tauGamma[18,1,2]'        0.0246494
645    'tauGamma[18,1,3]'    1e-06
646    'tauGamma[18,2,1]'        0.0249651
647    'tauGamma[18,2,2]'    1e-06
648    'tauGamma[18,2,3]'    1e-06
649    'tauGamma[18,3,1]'    1e-06
650    'tauGamma[18,3,2]'    1e-06
651    'tauGamma[18,3,3]'    1e-06
652    'tauGamma[19,1,1]'    1e-06
653    'tauGamma[19,1,2]'        0.0246552
654    'tauGamma[19,1,3]'    1e-06
655    'tauGamma[19,2,1]'        0.0249709
656    'tauGamma[19,2,2]'    1e-06
657    'tauGamma[19,2,3]'    1e-06
658    'tauGamma[19,3,1]'    1e-06
659    'tauGamma[19,3,2]'    1e-06
660    'tauGamma[19,3,3]'    1e-06
661    'tauGamma[20,1,1]'    1e-06
662    'tauGamma[20,1,2]'        0.0246629
663    'tauGamma[20,1,3]'    1e-06
664    'tauGamma[20,2,1]'        0.0249787
665    'tauGamma[20,2,2]'    1e-06
666    'tauGamma[20,2,3]'    1e-06
667    'tauGamma[20,3,1]'    1e-06
668    'tauGamma[20,3,2]'    1e-06
669    'tauGamma[20,3,3]'    1e-06
670    'tauGamma[21,1,1]'    1e-06
671    'tauGamma[21,1,2]'        0.0246731
672    'tauGamma[21,1,3]'    1e-06
673    'tauGamma[21,2,1]'        0.0249891
674    'tauGamma[21,2,2]'    1e-06
675    'tauGamma[21,2,3]'    1e-06
676    'tauGamma[21,3,1]'    1e-06
677    'tauGamma[21,3,2]'    1e-06
678    'tauGamma[21,3,3]'    1e-06
679    'tauGamma[22,1,1]'    1e-06
680    'tauGamma[22,1,2]'        0.0246865
681    'tauGamma[22,1,3]'    1e-06
682    'tauGamma[22,2,1]'        0.0250026
683    'tauGamma[22,2,2]'    1e-06
684    'tauGamma[22,2,3]'    1e-06
685    'tauGamma[22,3,1]'    1e-06
686    'tauGamma[22,3,2]'    1e-06
687    'tauGamma[22,3,3]'    1e-06
688    'tauGamma[23,1,1]'    1e-06
689    'tauGamma[23,1,2]'        0.0247037
690    'tauGamma[23,1,3]'    1e-06
691    'tauGamma[23,2,1]'        0.0250201
692    'tauGamma[23,2,2]'    1e-06
693    'tauGamma[23,2,3]'    1e-06
694    'tauGamma[23,3,1]'    1e-06
695    'tauGamma[23,3,2]'    1e-06
696    'tauGamma[23,3,3]'    1e-06
697    'tauGamma[24,1,1]'    1e-06
698    'tauGamma[24,1,2]'        0.0247254
699    'tauGamma[24,1,3]'    1e-06
700    'tauGamma[24,2,1]'        0.0250421
701    'tauGamma[24,2,2]'    1e-06
702    'tauGamma[24,2,3]'    1e-06
703    'tauGamma[24,3,1]'    1e-06
704    'tauGamma[24,3,2]'    1e-06
705    'tauGamma[24,3,3]'    1e-06
706    'tauGamma[25,1,1]'    1e-06
707    'tauGamma[25,1,2]'        0.0247522
708    'tauGamma[25,1,3]'    1e-06
709    'tauGamma[25,2,1]'        0.0250692
710    'tauGamma[25,2,2]'    1e-06
711    'tauGamma[25,2,3]'    1e-06
712    'tauGamma[25,3,1]'    1e-06
713    'tauGamma[25,3,2]'    1e-06
714    'tauGamma[25,3,3]'    1e-06
715    'tauGamma[26,1,1]'    1e-06
716    'tauGamma[26,1,2]'        0.0247843
717    'tauGamma[26,1,3]'    1e-06
718    'tauGamma[26,2,1]'        0.0251017
719    'tauGamma[26,2,2]'    1e-06
720    'tauGamma[26,2,3]'    1e-06
721    'tauGamma[26,3,1]'    1e-06
722    'tauGamma[26,3,2]'    1e-06
723    'tauGamma[26,3,3]'    1e-06
724    'tauGamma[27,1,1]'    1e-06
725    'tauGamma[27,1,2]'        0.0248223
726    'tauGamma[27,1,3]'    1e-06
727    'tauGamma[27,2,1]'        0.0251402
728    'tauGamma[27,2,2]'    1e-06
729    'tauGamma[27,2,3]'    1e-06
730    'tauGamma[27,3,1]'    1e-06
731    'tauGamma[27,3,2]'    1e-06
732    'tauGamma[27,3,3]'    1e-06
733    'tauGamma[28,1,1]'    1e-06
734    'tauGamma[28,1,2]'        0.0248683
735    'tauGamma[28,1,3]'    1e-06
736    'tauGamma[28,2,1]'        0.0251868
737    'tauGamma[28,2,2]'    1e-06
738    'tauGamma[28,2,3]'    1e-06
739    'tauGamma[28,3,1]'    1e-06
740    'tauGamma[28,3,2]'    1e-06
741    'tauGamma[28,3,3]'    1e-06
742    'tauGamma[29,1,1]'    1e-06
743    'tauGamma[29,1,2]'        0.0249303
744    'tauGamma[29,1,3]'    1e-06
745    'tauGamma[29,2,1]'        0.0252496
746    'tauGamma[29,2,2]'    1e-06
747    'tauGamma[29,2,3]'    1e-06
748    'tauGamma[29,3,1]'    1e-06
749    'tauGamma[29,3,2]'    1e-06
750    'tauGamma[29,3,3]'    1e-06
751    'tauGamma[30,1,1]'    1e-06
752    'tauGamma[30,1,2]'        0.0250313
753    'tauGamma[30,1,3]'    1e-06
754    'tauGamma[30,2,1]'        0.0253519
755    'tauGamma[30,2,2]'    1e-06
756    'tauGamma[30,2,3]'    1e-06
757    'tauGamma[30,3,1]'    1e-06
758    'tauGamma[30,3,2]'    1e-06
759    'tauGamma[30,3,3]'    1e-06
760    'PGamma[1,1,1]'           1
761    'PGamma[1,1,2]'           0.992967
762    'PGamma[1,1,3]'           1
763    'PGamma[1,2,1]'           0.992878
764    'PGamma[1,2,2]'           1
765    'PGamma[1,2,3]'           1
766    'PGamma[1,3,1]'           1
767    'PGamma[1,3,2]'           1
768    'PGamma[1,3,3]'           1
769    'PGamma[2,1,1]'           1
770    'PGamma[2,1,2]'           0.992943
771    'PGamma[2,1,3]'           1
772    'PGamma[2,2,1]'           0.992853
773    'PGamma[2,2,2]'           1
774    'PGamma[2,2,3]'           1
775    'PGamma[2,3,1]'           1
776    'PGamma[2,3,2]'           1
777    'PGamma[2,3,3]'           1
778    'PGamma[3,1,1]'           1
779    'PGamma[3,1,2]'           0.992911
780    'PGamma[3,1,3]'           1
781    'PGamma[3,2,1]'           0.992821
782    'PGamma[3,2,2]'           1
783    'PGamma[3,2,3]'           1
784    'PGamma[3,3,1]'           1
785    'PGamma[3,3,2]'           1
786    'PGamma[3,3,3]'           1
787    'PGamma[4,1,1]'           1
788    'PGamma[4,1,2]'           0.992873
789    'PGamma[4,1,3]'           1
790    'PGamma[4,2,1]'           0.992782
791    'PGamma[4,2,2]'           1
792    'PGamma[4,2,3]'           1
793    'PGamma[4,3,1]'           1
794    'PGamma[4,3,2]'           1
795    'PGamma[4,3,3]'           1
796    'PGamma[5,1,1]'           1
797    'PGamma[5,1,2]'           0.992834
798    'PGamma[5,1,3]'           1
799    'PGamma[5,2,1]'           0.992743
800    'PGamma[5,2,2]'           1
801    'PGamma[5,2,3]'           1
802    'PGamma[5,3,1]'           1
803    'PGamma[5,3,2]'           1
804    'PGamma[5,3,3]'           1
805    'PGamma[6,1,1]'           1
806    'PGamma[6,1,2]'           0.992799
807    'PGamma[6,1,3]'           1
808    'PGamma[6,2,1]'           0.992707
809    'PGamma[6,2,2]'           1
810    'PGamma[6,2,3]'           1
811    'PGamma[6,3,1]'           1
812    'PGamma[6,3,2]'           1
813    'PGamma[6,3,3]'           1
814    'PGamma[7,1,1]'           1
815    'PGamma[7,1,2]'           0.992771
816    'PGamma[7,1,3]'           1
817    'PGamma[7,2,1]'           0.992679
818    'PGamma[7,2,2]'           1
819    'PGamma[7,2,3]'           1
820    'PGamma[7,3,1]'           1
821    'PGamma[7,3,2]'           1
822    'PGamma[7,3,3]'           1
823    'PGamma[8,1,1]'           1
824    'PGamma[8,1,2]'           0.992751
825    'PGamma[8,1,3]'           1
826    'PGamma[8,2,1]'           0.992659
827    'PGamma[8,2,2]'           1
828    'PGamma[8,2,3]'           1
829    'PGamma[8,3,1]'           1
830    'PGamma[8,3,2]'           1
831    'PGamma[8,3,3]'           1
832    'PGamma[9,1,1]'           1
833    'PGamma[9,1,2]'           0.992737
834    'PGamma[9,1,3]'           1
835    'PGamma[9,2,1]'           0.992644
836    'PGamma[9,2,2]'           1
837    'PGamma[9,2,3]'           1
838    'PGamma[9,3,1]'           1
839    'PGamma[9,3,2]'           1
840    'PGamma[9,3,3]'           1
841    'PGamma[10,1,1]'          1
842    'PGamma[10,1,2]'          0.992726
843    'PGamma[10,1,3]'          1
844    'PGamma[10,2,1]'          0.992633
845    'PGamma[10,2,2]'          1
846    'PGamma[10,2,3]'          1
847    'PGamma[10,3,1]'          1
848    'PGamma[10,3,2]'          1
849    'PGamma[10,3,3]'          1
850    'PGamma[11,1,1]'          1
851    'PGamma[11,1,2]'          0.992716
852    'PGamma[11,1,3]'          1
853    'PGamma[11,2,1]'          0.992623
854    'PGamma[11,2,2]'          1
855    'PGamma[11,2,3]'          1
856    'PGamma[11,3,1]'          1
857    'PGamma[11,3,2]'          1
858    'PGamma[11,3,3]'          1
859    'PGamma[12,1,1]'          1
860    'PGamma[12,1,2]'          0.992704
861    'PGamma[12,1,3]'          1
862    'PGamma[12,2,1]'          0.992611
863    'PGamma[12,2,2]'          1
864    'PGamma[12,2,3]'          1
865    'PGamma[12,3,1]'          1
866    'PGamma[12,3,2]'          1
867    'PGamma[12,3,3]'          1
868    'PGamma[13,1,1]'          1
869    'PGamma[13,1,2]'          0.992689
870    'PGamma[13,1,3]'          1
871    'PGamma[13,2,1]'          0.992595
872    'PGamma[13,2,2]'          1
873    'PGamma[13,2,3]'          1
874    'PGamma[13,3,1]'          1
875    'PGamma[13,3,2]'          1
876    'PGamma[13,3,3]'          1
877    'PGamma[14,1,1]'          1
878    'PGamma[14,1,2]'          0.992666
879    'PGamma[14,1,3]'          1
880    'PGamma[14,2,1]'          0.992572
881    'PGamma[14,2,2]'          1
882    'PGamma[14,2,3]'          1
883    'PGamma[14,3,1]'          1
884    'PGamma[14,3,2]'          1
885    'PGamma[14,3,3]'          1
886    'PGamma[15,1,1]'          1
887    'PGamma[15,1,2]'          0.992635
888    'PGamma[15,1,3]'          1
889    'PGamma[15,2,1]'          0.992541
890    'PGamma[15,2,2]'          1
891    'PGamma[15,2,3]'          1
892    'PGamma[15,3,1]'          1
893    'PGamma[15,3,2]'          1
894    'PGamma[15,3,3]'          1
895    'PGamma[16,1,1]'          1
896    'PGamma[16,1,2]'          0.992635
897    'PGamma[16,1,3]'          1
898    'PGamma[16,2,1]'          0.992541
899    'PGamma[16,2,2]'          1
900    'PGamma[16,2,3]'          1
901    'PGamma[16,3,1]'          1
902    'PGamma[16,3,2]'          1
903    'PGamma[16,3,3]'          1
904    'PGamma[17,1,1]'          1
905    'PGamma[17,1,2]'          0.992634
906    'PGamma[17,1,3]'          1
907    'PGamma[17,2,1]'          0.99254
908    'PGamma[17,2,2]'          1
909    'PGamma[17,2,3]'          1
910    'PGamma[17,3,1]'          1
911    'PGamma[17,3,2]'          1
912    'PGamma[17,3,3]'          1
913    'PGamma[18,1,1]'          1
914    'PGamma[18,1,2]'          0.992632
915    'PGamma[18,1,3]'          1
916    'PGamma[18,2,1]'          0.992538
917    'PGamma[18,2,2]'          1
918    'PGamma[18,2,3]'          1
919    'PGamma[18,3,1]'          1
920    'PGamma[18,3,2]'          1
921    'PGamma[18,3,3]'          1
922    'PGamma[19,1,1]'          1
923    'PGamma[19,1,2]'          0.992631
924    'PGamma[19,1,3]'          1
925    'PGamma[19,2,1]'          0.992537
926    'PGamma[19,2,2]'          1
927    'PGamma[19,2,3]'          1
928    'PGamma[19,3,1]'          1
929    'PGamma[19,3,2]'          1
930    'PGamma[19,3,3]'          1
931    'PGamma[20,1,1]'          1
932    'PGamma[20,1,2]'          0.992628
933    'PGamma[20,1,3]'          1
934    'PGamma[20,2,1]'          0.992534
935    'PGamma[20,2,2]'          1
936    'PGamma[20,2,3]'          1
937    'PGamma[20,3,1]'          1
938    'PGamma[20,3,2]'          1
939    'PGamma[20,3,3]'          1
940    'PGamma[21,1,1]'          1
941    'PGamma[21,1,2]'          0.992625
942    'PGamma[21,1,3]'          1
943    'PGamma[21,2,1]'          0.992531
944    'PGamma[21,2,2]'          1
945    'PGamma[21,2,3]'          1
946    'PGamma[21,3,1]'          1
947    'PGamma[21,3,2]'          1
948    'PGamma[21,3,3]'          1
949    'PGamma[22,1,1]'          1
950    'PGamma[22,1,2]'          0.992621
951    'PGamma[22,1,3]'          1
952    'PGamma[22,2,1]'          0.992527
953    'PGamma[22,2,2]'          1
954    'PGamma[22,2,3]'          1
955    'PGamma[22,3,1]'          1
956    'PGamma[22,3,2]'          1
957    'PGamma[22,3,3]'          1
958    'PGamma[23,1,1]'          1
959    'PGamma[23,1,2]'          0.992616
960    'PGamma[23,1,3]'          1
961    'PGamma[23,2,1]'          0.992522
962    'PGamma[23,2,2]'          1
963    'PGamma[23,2,3]'          1
964    'PGamma[23,3,1]'          1
965    'PGamma[23,3,2]'          1
966    'PGamma[23,3,3]'          1
967    'PGamma[24,1,1]'          1
968    'PGamma[24,1,2]'          0.99261
969    'PGamma[24,1,3]'          1
970    'PGamma[24,2,1]'          0.992516
971    'PGamma[24,2,2]'          1
972    'PGamma[24,2,3]'          1
973    'PGamma[24,3,1]'          1
974    'PGamma[24,3,2]'          1
975    'PGamma[24,3,3]'          1
976    'PGamma[25,1,1]'          1
977    'PGamma[25,1,2]'          0.992602
978    'PGamma[25,1,3]'          1
979    'PGamma[25,2,1]'          0.992507
980    'PGamma[25,2,2]'          1
981    'PGamma[25,2,3]'          1
982    'PGamma[25,3,1]'          1
983    'PGamma[25,3,2]'          1
984    'PGamma[25,3,3]'          1
985    'PGamma[26,1,1]'          1
986    'PGamma[26,1,2]'          0.992592
987    'PGamma[26,1,3]'          1
988    'PGamma[26,2,1]'          0.992498
989    'PGamma[26,2,2]'          1
990    'PGamma[26,2,3]'          1
991    'PGamma[26,3,1]'          1
992    'PGamma[26,3,2]'          1
993    'PGamma[26,3,3]'          1
994    'PGamma[27,1,1]'          1
995    'PGamma[27,1,2]'          0.992581
996    'PGamma[27,1,3]'          1
997    'PGamma[27,2,1]'          0.992486
998    'PGamma[27,2,2]'          1
999    'PGamma[27,2,3]'          1
1000   'PGamma[27,3,1]'          1
1001   'PGamma[27,3,2]'          1
1002   'PGamma[27,3,3]'          1
1003   'PGamma[28,1,1]'          1
1004   'PGamma[28,1,2]'          0.992567
1005   'PGamma[28,1,3]'          1
1006   'PGamma[28,2,1]'          0.992472
1007   'PGamma[28,2,2]'          1
1008   'PGamma[28,2,3]'          1
1009   'PGamma[28,3,1]'          1
1010   'PGamma[28,3,2]'          1
1011   'PGamma[28,3,3]'          1
1012   'PGamma[29,1,1]'          1
1013   'PGamma[29,1,2]'          0.992549
1014   'PGamma[29,1,3]'          1
1015   'PGamma[29,2,1]'          0.992454
1016   'PGamma[29,2,2]'          1
1017   'PGamma[29,2,3]'          1
1018   'PGamma[29,3,1]'          1
1019   'PGamma[29,3,2]'          1
1020   'PGamma[29,3,3]'          1
1021   'PGamma[30,1,1]'          1
1022   'PGamma[30,1,2]'          0.992519
1023   'PGamma[30,1,3]'          1
1024   'PGamma[30,2,1]'          0.992423
1025   'PGamma[30,2,2]'          1
1026   'PGamma[30,2,3]'          1
1027   'PGamma[30,3,1]'          1
1028   'PGamma[30,3,2]'          1
1029   'PGamma[30,3,3]'          1
1030   'SGamma1[1,1]'            0.00155214
1031   'SGamma1[1,2]'            1.28248e-06
1032   'SGamma1[1,3]'        1e-06
1033   'SGamma1[2,1]'            0.00271657
1034   'SGamma1[2,2]'            1.80151e-06
1035   'SGamma1[2,3]'        1e-06
1036   'SGamma1[3,1]'            0.00434092
1037   'SGamma1[3,2]'            3.088e-06
1038   'SGamma1[3,3]'        1e-06
1039   'SGamma1[4,1]'            0.0063832
1040   'SGamma1[4,2]'            6.07649e-06
1041   'SGamma1[4,3]'        1e-06
1042   'SGamma1[5,1]'            0.00863541
1043   'SGamma1[5,2]'            1.25201e-05
1044   'SGamma1[5,3]'        1e-06
1045   'SGamma1[6,1]'            0.0107799
1046   'SGamma1[6,2]'            2.54352e-05
1047   'SGamma1[6,3]'        1e-06
1048   'SGamma1[7,1]'            0.0125456
1049   'SGamma1[7,2]'            4.983e-05
1050   'SGamma1[7,3]'        1e-06
1051   'SGamma1[8,1]'            0.0138213
1052   'SGamma1[8,2]'            9.40984e-05
1053   'SGamma1[8,3]'        1e-06
1054   'SGamma1[9,1]'            0.014637
1055   'SGamma1[9,2]'            0.00017254
1056   'SGamma1[9,3]'        1e-06
1057   'SGamma1[10,1]'           0.0150792
1058   'SGamma1[10,2]'           0.000309487
1059   'SGamma1[10,3]'       1e-06
1060   'SGamma1[11,1]'           0.0152211
1061   'SGamma1[11,2]'           0.000545496
1062   'SGamma1[11,3]'       1e-06
1063   'SGamma1[12,1]'           0.0150906
1064   'SGamma1[12,2]'           0.000945389
1065   'SGamma1[12,3]'       1e-06
1066   'SGamma1[13,1]'           0.0146627
1067   'SGamma1[13,2]'           0.0016052
1068   'SGamma1[13,3]'       1e-06
1069   'SGamma1[14,1]'           0.0138689
1070   'SGamma1[14,2]'           0.00264821
1071   'SGamma1[14,3]'       1e-06
1072   'SGamma1[15,1]'           0.0126316
1073   'SGamma1[15,2]'           0.00419062
1074   'SGamma1[15,3]'       1e-06
1075   'SGamma1[16,1]'           0.0126717
1076   'SGamma1[16,2]'           0.00419801
1077   'SGamma1[16,3]'       1e-06
1078   'SGamma1[17,1]'           0.0127263
1079   'SGamma1[17,2]'           0.0042081
1080   'SGamma1[17,3]'       1e-06
1081   'SGamma1[18,1]'           0.0128006
1082   'SGamma1[18,2]'           0.00422181
1083   'SGamma1[18,3]'       1e-06
1084   'SGamma1[19,1]'           0.0129013
1085   'SGamma1[19,2]'           0.00424035
1086   'SGamma1[19,3]'       1e-06
1087   'SGamma1[20,1]'           0.0130367
1088   'SGamma1[20,2]'           0.00426528
1089   'SGamma1[20,3]'       1e-06
1090   'SGamma1[21,1]'           0.0132173
1091   'SGamma1[21,2]'           0.00429849
1092   'SGamma1[21,3]'       1e-06
1093   'SGamma1[22,1]'           0.0134554
1094   'SGamma1[22,2]'           0.00434225
1095   'SGamma1[22,3]'       1e-06
1096   'SGamma1[23,1]'           0.0137644
1097   'SGamma1[23,2]'           0.00439916
1098   'SGamma1[23,3]'       1e-06
1099   'SGamma1[24,1]'           0.0141572
1100   'SGamma1[24,2]'           0.00447216
1101   'SGamma1[24,3]'       1e-06
1102   'SGamma1[25,1]'           0.0146427
1103   'SGamma1[25,2]'           0.00456504
1104   'SGamma1[25,3]'       1e-06
1105   'SGamma1[26,1]'           0.0152189
1106   'SGamma1[26,2]'           0.00468498
1107   'SGamma1[26,3]'       1e-06
1108   'SGamma1[27,1]'           0.0158606
1109   'SGamma1[27,2]'           0.00485178
1110   'SGamma1[27,3]'       1e-06
1111   'SGamma1[28,1]'           0.0164877
1112   'SGamma1[28,2]'           0.00512752
1113   'SGamma1[28,3]'       1e-06
1114   'SGamma1[29,1]'           0.0168837
1115   'SGamma1[29,2]'           0.00570352
1116   'SGamma1[29,3]'       1e-06
1117   'SGamma1[30,1]'           0.0164766
1118   'SGamma1[30,2]'           0.00713122
1119   'SGamma1[30,3]'       1e-06
1120   'SGamma2[1,1]'            0.999533
1121   'SGamma2[1,2]'            1
1122   'SGamma2[1,3]'            1
1123   'SGamma2[2,1]'            0.999182
1124   'SGamma2[2,2]'            1
1125   'SGamma2[2,3]'            1
1126   'SGamma2[3,1]'            0.998693
1127   'SGamma2[3,2]'            0.999999
1128   'SGamma2[3,3]'            1
1129   'SGamma2[4,1]'            0.998078
1130   'SGamma2[4,2]'            0.999998
1131   'SGamma2[4,3]'            1
1132   'SGamma2[5,1]'            0.9974
1133   'SGamma2[5,2]'            0.999997
1134   'SGamma2[5,3]'            1
1135   'SGamma2[6,1]'            0.996754
1136   'SGamma2[6,2]'            0.999993
1137   'SGamma2[6,3]'            1
1138   'SGamma2[7,1]'            0.996223
1139   'SGamma2[7,2]'            0.999985
1140   'SGamma2[7,3]'            1
1141   'SGamma2[8,1]'            0.995838
1142   'SGamma2[8,2]'            0.999972
1143   'SGamma2[8,3]'            1
1144   'SGamma2[9,1]'            0.995593
1145   'SGamma2[9,2]'            0.999948
1146   'SGamma2[9,3]'            1
1147   'SGamma2[10,1]'           0.99546
1148   'SGamma2[10,2]'           0.999907
1149   'SGamma2[10,3]'           1
1150   'SGamma2[11,1]'           0.995417
1151   'SGamma2[11,2]'           0.999836
1152   'SGamma2[11,3]'           1
1153   'SGamma2[12,1]'           0.995456
1154   'SGamma2[12,2]'           0.999716
1155   'SGamma2[12,3]'           1
1156   'SGamma2[13,1]'           0.995585
1157   'SGamma2[13,2]'           0.999517
1158   'SGamma2[13,3]'           1
1159   'SGamma2[14,1]'           0.995824
1160   'SGamma2[14,2]'           0.999203
1161   'SGamma2[14,3]'           1
1162   'SGamma2[15,1]'           0.996196
1163   'SGamma2[15,2]'           0.998738
1164   'SGamma2[15,3]'           1
1165   'SGamma2[16,1]'           0.996184
1166   'SGamma2[16,2]'           0.998736
1167   'SGamma2[16,3]'           1
1168   'SGamma2[17,1]'           0.996168
1169   'SGamma2[17,2]'           0.998733
1170   'SGamma2[17,3]'           1
1171   'SGamma2[18,1]'           0.996146
1172   'SGamma2[18,2]'           0.998729
1173   'SGamma2[18,3]'           1
1174   'SGamma2[19,1]'           0.996115
1175   'SGamma2[19,2]'           0.998723
1176   'SGamma2[19,3]'           1
1177   'SGamma2[20,1]'           0.996074
1178   'SGamma2[20,2]'           0.998716
1179   'SGamma2[20,3]'           1
1180   'SGamma2[21,1]'           0.99602
1181   'SGamma2[21,2]'           0.998706
1182   'SGamma2[21,3]'           1
1183   'SGamma2[22,1]'           0.995948
1184   'SGamma2[22,2]'           0.998693
1185   'SGamma2[22,3]'           1
1186   'SGamma2[23,1]'           0.995855
1187   'SGamma2[23,2]'           0.998676
1188   'SGamma2[23,3]'           1
1189   'SGamma2[24,1]'           0.995737
1190   'SGamma2[24,2]'           0.998654
1191   'SGamma2[24,3]'           1
1192   'SGamma2[25,1]'           0.995591
1193   'SGamma2[25,2]'           0.998626
1194   'SGamma2[25,3]'           1
1195   'SGamma2[26,1]'           0.995417
1196   'SGamma2[26,2]'           0.99859
1197   'SGamma2[26,3]'           1
1198   'SGamma2[27,1]'           0.995224
1199   'SGamma2[27,2]'           0.998539
1200   'SGamma2[27,3]'           1
1201   'SGamma2[28,1]'           0.995035
1202   'SGamma2[28,2]'           0.998456
1203   'SGamma2[28,3]'           1
1204   'SGamma2[29,1]'           0.994916
1205   'SGamma2[29,2]'           0.998283
1206   'SGamma2[29,3]'           1
1207   'SGamma2[30,1]'           0.995038
1208   'SGamma2[30,2]'           0.997853
1209   'SGamma2[30,3]'           1
1210   'gamma[1,1]'              1.00309
1211   'gamma[1,2]'              1
1212   'gamma[1,3]'              1
1213   'gamma[2,1]'              1.00541
1214   'gamma[2,2]'              1
1215   'gamma[2,3]'              1
1216   'gamma[3,1]'              1.00867
1217   'gamma[3,2]'              1
1218   'gamma[3,3]'              1
1219   'gamma[4,1]'              1.01278
1220   'gamma[4,2]'              1.00001
1221   'gamma[4,3]'              0.999998
1222   'gamma[5,1]'              1.01732
1223   'gamma[5,2]'              1.00002
1224   'gamma[5,3]'              0.999993
1225   'gamma[6,1]'              1.02167
1226   'gamma[6,2]'              1.00003
1227   'gamma[6,3]'              0.999979
1228   'gamma[7,1]'              1.02524
1229   'gamma[7,2]'              1.00005
1230   'gamma[7,3]'              0.99995
1231   'gamma[8,1]'              1.0278
1232   'gamma[8,2]'              1.00008
1233   'gamma[8,3]'              0.999894
1234   'gamma[9,1]'              1.02937
1235   'gamma[9,2]'              1.00014
1236   'gamma[9,3]'              0.999793
1237   'gamma[10,1]'             1.0301
1238   'gamma[10,2]'             1.00024
1239   'gamma[10,3]'             0.999617
1240   'gamma[11,1]'             1.03008
1241   'gamma[11,2]'             1.00042
1242   'gamma[11,3]'             0.999317
1243   'gamma[12,1]'             1.02931
1244   'gamma[12,2]'             1.00074
1245   'gamma[12,3]'             0.998827
1246   'gamma[13,1]'             1.02766
1247   'gamma[13,2]'             1.00131
1248   'gamma[13,3]'             0.998068
1249   'gamma[14,1]'             1.02494
1250   'gamma[14,2]'             1.00235
1251   'gamma[14,3]'             0.996995
1252   'gamma[15,1]'             1.02108
1253   'gamma[15,2]'             1.00416
1254   'gamma[15,3]'             0.995688
1255   'gamma[16,1]'             1.02114
1256   'gamma[16,2]'             1.00415
1257   'gamma[16,3]'             0.995667
1258   'gamma[17,1]'             1.02122
1259   'gamma[17,2]'             1.00414
1260   'gamma[17,3]'             0.995639
1261   'gamma[18,1]'             1.02133
1262   'gamma[18,2]'             1.00413
1263   'gamma[18,3]'             0.9956
1264   'gamma[19,1]'             1.02149
1265   'gamma[19,2]'             1.00412
1266   'gamma[19,3]'             0.995546
1267   'gamma[20,1]'             1.02169
1268   'gamma[20,2]'             1.0041
1269   'gamma[20,3]'             0.995475
1270   'gamma[21,1]'             1.02196
1271   'gamma[21,2]'             1.00407
1272   'gamma[21,3]'             0.995378
1273   'gamma[22,1]'             1.02231
1274   'gamma[22,2]'             1.00403
1275   'gamma[22,3]'             0.995249
1276   'gamma[23,1]'             1.02277
1277   'gamma[23,2]'             1.00397
1278   'gamma[23,3]'             0.99508
1279   'gamma[24,1]'             1.02335
1280   'gamma[24,2]'             1.0039
1281   'gamma[24,3]'             0.994859
1282   'gamma[25,1]'             1.02405
1283   'gamma[25,2]'             1.0038
1284   'gamma[25,3]'             0.994578
1285   'gamma[26,1]'             1.02487
1286   'gamma[26,2]'             1.00369
1287   'gamma[26,3]'             0.994224
1288   'gamma[27,1]'             1.02572
1289   'gamma[27,2]'             1.00358
1290   'gamma[27,3]'             0.993775
1291   'gamma[28,1]'             1.02639
1292   'gamma[28,2]'             1.00354
1293   'gamma[28,3]'             0.993174
1294   'gamma[29,1]'             1.02625
1295   'gamma[29,2]'             1.00377
1296   'gamma[29,3]'             0.992245
1297   'gamma[30,1]'             1.02371
1298   'gamma[30,2]'             1.00499
1299   'gamma[30,3]'             0.99058
1300   'PrS[1,1]'           332165
1301   'PrS[1,2]'           195800
1302   'PrS[1,3]'            94692.1
1303   'PrS[2,1]'           318301
1304   'PrS[2,2]'           187221
1305   'PrS[2,3]'            90219.5
1306   'PrS[3,1]'           300762
1307   'PrS[3,2]'           176395
1308   'PrS[3,3]'            84597
1309   'PrS[4,1]'           281233
1310   'PrS[4,2]'           164378
1311   'PrS[4,3]'            78385.6
1312   'PrS[5,1]'           262370
1313   'PrS[5,2]'           152809
1314   'PrS[5,3]'            72438.6
1315   'PrS[6,1]'           246499
1316   'PrS[6,2]'           143107
1317   'PrS[6,3]'            67477.3
1318   'PrS[7,1]'           234588
1319   'PrS[7,2]'           135846
1320   'PrS[7,3]'            63780.9
1321   'PrS[8,1]'           226287
1322   'PrS[8,2]'           130796
1323   'PrS[8,3]'            61219.1
1324   'PrS[9,1]'           220584
1325   'PrS[9,2]'           127332
1326   'PrS[9,3]'            59466.4
1327   'PrS[10,1]'          216349
1328   'PrS[10,2]'          124762
1329   'PrS[10,3]'           58168.4
1330   'PrS[11,1]'          212532
1331   'PrS[11,2]'          122448
1332   'PrS[11,3]'           57001.6
1333   'PrS[12,1]'          208167
1334   'PrS[12,2]'          119804
1335   'PrS[12,3]'           55670.4
1336   'PrS[13,1]'          202337
1337   'PrS[13,2]'          116278
1338   'PrS[13,3]'           53898.4
1339   'PrS[14,1]'          194301
1340   'PrS[14,2]'          111425
1341   'PrS[14,3]'           51466.6
1342   'PrS[15,1]'          183845
1343   'PrS[15,2]'          105125
1344   'PrS[15,3]'           48322.6
1345   'PrS[16,1]'          183618
1346   'PrS[16,2]'          104988
1347   'PrS[16,3]'           48254.6
1348   'PrS[17,1]'          183309
1349   'PrS[17,2]'          104803
1350   'PrS[17,3]'           48162.1
1351   'PrS[18,1]'          182891
1352   'PrS[18,2]'          104551
1353   'PrS[18,3]'           48036.8
1354   'PrS[19,1]'          182327
1355   'PrS[19,2]'          104212
1356   'PrS[19,3]'           47868.2
1357   'PrS[20,1]'          181575
1358   'PrS[20,2]'          103760
1359   'PrS[20,3]'           47643.1
1360   'PrS[21,1]'          180582
1361   'PrS[21,2]'          103162
1362   'PrS[21,3]'           47346.1
1363   'PrS[22,1]'          179288
1364   'PrS[22,2]'          102385
1365   'PrS[22,3]'           46959.7
1366   'PrS[23,1]'          177636
1367   'PrS[23,2]'          101392
1368   'PrS[23,3]'           46466.6
1369   'PrS[24,1]'          175573
1370   'PrS[24,2]'          100153
1371   'PrS[24,3]'           45851.8
1372   'PrS[25,1]'          173065
1373   'PrS[25,2]'           98648.4
1374   'PrS[25,3]'           45106
1375   'PrS[26,1]'          170100
1376   'PrS[26,2]'           96870.5
1377   'PrS[26,3]'           44225.8
1378   'PrS[27,1]'          166653
1379   'PrS[27,2]'           94805.3
1380   'PrS[27,3]'           43205.1
1381   'PrS[28,1]'          162566
1382   'PrS[28,2]'           92359.4
1383   'PrS[28,3]'           41998.6
1384   'PrS[29,1]'          157216
1385   'PrS[29,2]'           89162.2
1386   'PrS[29,3]'           40425.3
1387   'PrS[30,1]'          148859
1388   'PrS[30,2]'           84179.3
1389   'PrS[30,3]'           37982.3
1390   'PrSF[1]'            167362
1391   'PrSF[2]'             95229.8
1392   'PrSF[3]'             43414.8
1393   Vap                     242.031
;

