solve_message =
'filterSQP (20020316): Optimal solution found, objective = 271.7652139862394\
40 iterations (36 for feasibility)\
Evals: obj = 9, constr = 98, grad = 29, Hes = 40'

:           _varname              _var          :=
1      'F[2]'                    0
2      'F[3]'                    0
3      'F[4]'                    0
4      'F[5]'                    0
5      'F[6]'                    0
6      'F[7]'                    0
7      'F[8]'                    0
8      'F[9]'                    0
9      'F[10]'                   0
10     'F[11]'                   0
11     'F[12]'                   0
12     'F[13]'                   0
13     'F[14]'                   0
14     'F[15]'                 200
15     'F[16]'                   0
16     'F[17]'                   0
17     'F[18]'                   0
18     'F[19]'                   0
19     'F[20]'                   0
20     'F[21]'                   0
21     'F[22]'                   0
22     'F[23]'                   0
23     'F[24]'                   0
24     'F[25]'                   0
25     'F[26]'                   0
26     'F[27]'                   0
27     'F[28]'                   0
28     'F[29]'                   0
29     'V[1]'                  271.765
30     'V[2]'                  271.542
31     'V[3]'                  271.242
32     'V[4]'                  270.902
33     'V[5]'                  270.636
34     'V[6]'                  270.632
35     'V[7]'                  271.046
36     'V[8]'                  271.858
37     'V[9]'                  272.86
38     'V[10]'                 273.805
39     'V[11]'                 274.559
40     'V[12]'                 275.125
41     'V[13]'                 275.605
42     'V[14]'                 276.184
43     'V[15]'                 277.412
44     'V[16]'                 277.63
45     'V[17]'                 277.895
46     'V[18]'                 278.208
47     'V[19]'                 278.567
48     'V[20]'                 278.966
49     'V[21]'                 279.39
50     'V[22]'                 279.822
51     'V[23]'                 280.246
52     'V[24]'                 280.643
53     'V[25]'                 281.005
54     'V[26]'                 281.331
55     'V[27]'                 281.638
56     'V[28]'                 281.979
57     'V[29]'                 282.503
58     'V[30]'                   0
59     'y[1,1]'                  7.17167e-06
60     'y[1,2]'                  0.0269896
61     'y[1,3]'                  0.973003
62     'y[2,1]'                  2.12837e-05
63     'y[2,2]'                  0.0492323
64     'y[2,3]'                  0.950746
65     'y[3,1]'                  5.96772e-05
66     'y[3,2]'                  0.0843255
67     'y[3,3]'                  0.915615
68     'y[4,1]'                  0.000161037
69     'y[4,2]'                  0.137257
70     'y[4,3]'                  0.862582
71     'y[5,1]'                  0.000417151
72     'y[5,2]'                  0.211864
73     'y[5,3]'                  0.787718
74     'y[6,1]'                  0.00102729
75     'y[6,2]'                  0.30743
76     'y[6,3]'                  0.691543
77     'y[7,1]'                  0.00238179
78     'y[7,2]'                  0.415569
79     'y[7,3]'                  0.582049
80     'y[8,1]'                  0.00517688
81     'y[8,2]'                  0.521367
82     'y[8,3]'                  0.473456
83     'y[9,1]'                  0.0105841
84     'y[9,2]'                  0.60983
85     'y[9,3]'                  0.379586
86     'y[10,1]'                 0.0205335
87     'y[10,2]'                 0.672067
88     'y[10,3]'                 0.307399
89     'y[11,1]'                 0.0381477
90     'y[11,2]'                 0.705728
91     'y[11,3]'                 0.256124
92     'y[12,1]'                 0.0682164
93     'y[12,2]'                 0.711176
94     'y[12,3]'                 0.220607
95     'y[13,1]'                 0.117245
96     'y[13,2]'                 0.687994
97     'y[13,3]'                 0.194761
98     'y[14,1]'                 0.192016
99     'y[14,2]'                 0.634535
100    'y[14,3]'                 0.173449
101    'y[15,1]'                 0.295474
102    'y[15,2]'                 0.55116
103    'y[15,3]'                 0.153366
104    'y[16,1]'                 0.296555
105    'y[16,2]'                 0.558469
106    'y[16,3]'                 0.144976
107    'y[17,1]'                 0.297825
108    'y[17,2]'                 0.567108
109    'y[17,3]'                 0.135067
110    'y[18,1]'                 0.299274
111    'y[18,2]'                 0.577029
112    'y[18,3]'                 0.123698
113    'y[19,1]'                 0.300872
114    'y[19,2]'                 0.58805
115    'y[19,3]'                 0.111078
116    'y[20,1]'                 0.302571
117    'y[20,2]'                 0.599848
118    'y[20,3]'                 0.0975806
119    'y[21,1]'                 0.304311
120    'y[21,2]'                 0.611978
121    'y[21,3]'                 0.0837103
122    'y[22,1]'                 0.306032
123    'y[22,2]'                 0.623933
124    'y[22,3]'                 0.0700349
125    'y[23,1]'                 0.3077
126    'y[23,2]'                 0.635204
127    'y[23,3]'                 0.0570959
128    'y[24,1]'                 0.309348
129    'y[24,2]'                 0.645327
130    'y[24,3]'                 0.0453249
131    'y[25,1]'                 0.31118
132    'y[25,2]'                 0.653828
133    'y[25,3]'                 0.0349924
134    'y[26,1]'                 0.313808
135    'y[26,2]'                 0.659993
136    'y[26,3]'                 0.0261985
137    'y[27,1]'                 0.318891
138    'y[27,2]'                 0.662212
139    'y[27,3]'                 0.0188974
140    'y[28,1]'                 0.330717
141    'y[28,2]'                 0.656343
142    'y[28,3]'                 0.0129403
143    'y[29,1]'                 0.359832
144    'y[29,2]'                 0.632039
145    'y[29,3]'                 0.00812895
146    'y[30,1]'                 0.429184
147    'y[30,2]'                 0.566524
148    'y[30,3]'                 0.00429185
149    'L[1]'                    0
150    'L[2]'                  331.965
151    'L[3]'                  331.743
152    'L[4]'                  331.442
153    'L[5]'                  331.102
154    'L[6]'                  330.836
155    'L[7]'                  330.832
156    'L[8]'                  331.246
157    'L[9]'                  332.058
158    'L[10]'                 333.06
159    'L[11]'                 334.005
160    'L[12]'                 334.76
161    'L[13]'                 335.325
162    'L[14]'                 335.805
163    'L[15]'                 336.384
164    'L[16]'                 137.612
165    'L[17]'                 137.83
166    'L[18]'                 138.095
167    'L[19]'                 138.408
168    'L[20]'                 138.768
169    'L[21]'                 139.166
170    'L[22]'                 139.59
171    'L[23]'                 140.022
172    'L[24]'                 140.446
173    'L[25]'                 140.843
174    'L[26]'                 141.205
175    'L[27]'                 141.531
176    'L[28]'                 141.838
177    'L[29]'                 142.179
178    'L[30]'                 142.704
179    'x[1,1]'                  2.08521e-06
180    'x[1,2]'                  0.013289
181    'x[1,3]'                  0.986709
182    'x[2,1]'                  6.24927e-06
183    'x[2,2]'                  0.024505
184    'x[2,3]'                  0.975489
185    'x[3,1]'                  1.77998e-05
186    'x[3,2]'                  0.0427098
187    'x[3,3]'                  0.957272
188    'x[4,1]'                  4.92167e-05
189    'x[4,2]'                  0.0714231
190    'x[4,3]'                  0.928528
191    'x[5,1]'                  0.000132137
192    'x[5,2]'                  0.114718
193    'x[5,3]'                  0.88515
194    'x[6,1]'                  0.000341624
195    'x[6,2]'                  0.175731
196    'x[6,3]'                  0.823927
197    'x[7,1]'                  0.000840734
198    'x[7,2]'                  0.253906
199    'x[7,3]'                  0.745253
200    'x[8,1]'                  0.0019493
201    'x[8,2]'                  0.342459
202    'x[8,3]'                  0.655591
203    'x[9,1]'                  0.00423872
204    'x[9,2]'                  0.429256
205    'x[9,3]'                  0.566506
206    'x[10,1]'                 0.00867145
207    'x[10,2]'                 0.502006
208    'x[10,3]'                 0.489322
209    'x[11,1]'                 0.016833
210    'x[11,2]'                 0.553331
211    'x[11,3]'                 0.429836
212    'x[12,1]'                 0.0312879
213    'x[12,2]'                 0.581206
214    'x[12,3]'                 0.387506
215    'x[13,1]'                 0.05597
216    'x[13,2]'                 0.585886
217    'x[13,3]'                 0.358144
218    'x[14,1]'                 0.0962266
219    'x[14,2]'                 0.567039
220    'x[14,3]'                 0.336734
221    'x[15,1]'                 0.157653
222    'x[15,2]'                 0.523355
223    'x[15,3]'                 0.318992
224    'x[16,1]'                 0.159638
225    'x[16,2]'                 0.535552
226    'x[16,3]'                 0.30481
227    'x[17,1]'                 0.162031
228    'x[17,2]'                 0.550299
229    'x[17,3]'                 0.28767
230    'x[18,1]'                 0.164844
231    'x[18,2]'                 0.567699
232    'x[18,3]'                 0.267457
233    'x[19,1]'                 0.168057
234    'x[19,2]'                 0.587639
235    'x[19,3]'                 0.244304
236    'x[20,1]'                 0.171605
237    'x[20,2]'                 0.609736
238    'x[20,3]'                 0.218658
239    'x[21,1]'                 0.175382
240    'x[21,2]'                 0.633324
241    'x[21,3]'                 0.191294
242    'x[22,1]'                 0.179251
243    'x[22,2]'                 0.657501
244    'x[22,3]'                 0.163248
245    'x[23,1]'                 0.183077
246    'x[23,2]'                 0.68125
247    'x[23,3]'                 0.135673
248    'x[24,1]'                 0.186774
249    'x[24,2]'                 0.703569
250    'x[24,3]'                 0.109657
251    'x[25,1]'                 0.190401
252    'x[25,2]'                 0.723545
253    'x[25,3]'                 0.0860539
254    'x[26,1]'                 0.19435
255    'x[26,2]'                 0.740262
256    'x[26,3]'                 0.0653873
257    'x[27,1]'                 0.199844
258    'x[27,2]'                 0.752319
259    'x[27,3]'                 0.0478372
260    'x[28,1]'                 0.210182
261    'x[28,2]'                 0.756525
262    'x[28,3]'                 0.0332932
263    'x[29,1]'                 0.233898
264    'x[29,2]'                 0.744658
265    'x[29,3]'                 0.021444
266    'x[30,1]'                 0.291891
267    'x[30,2]'                 0.696221
268    'x[30,3]'                 0.011888
269    PC                      139.8
270    PR                       60.2001
271    'T[1]'                  390.661
272    'T[2]'                  390.332
273    'T[3]'                  389.806
274    'T[4]'                  388.992
275    'T[5]'                  387.803
276    'T[6]'                  386.198
277    'T[7]'                  384.247
278    'T[8]'                  382.155
279    'T[9]'                  380.183
280    'T[10]'                 378.509
281    'T[11]'                 377.154
282    'T[12]'                 376.001
283    'T[13]'                 374.859
284    'T[14]'                 373.524
285    'T[15]'                 371.847
286    'T[16]'                 371.585
287    'T[17]'                 371.271
288    'T[18]'                 370.906
289    'T[19]'                 370.495
290    'T[20]'                 370.047
291    'T[21]'                 369.577
292    'T[22]'                 369.104
293    'T[23]'                 368.648
294    'T[24]'                 368.222
295    'T[25]'                 367.837
296    'T[26]'                 367.49
297    'T[27]'                 367.16
298    'T[28]'                 366.783
299    'T[29]'                 366.207
300    'T[30]'                 365.089
301    TF                      368.932
302    QC                     3214.14
303    QR                     3271.28
304    'H[1,1]'                  2.50575
305    'H[1,2]'                  2.40668
306    'H[1,3]'                  3.02346
307    'H[2,1]'                  2.49602
308    'H[2,2]'                  2.39738
309    'H[2,3]'                  3.01165
310    'H[3,1]'                  2.48045
311    'H[3,2]'                  2.3825
312    'H[3,3]'                  2.99274
313    'H[4,1]'                  2.45642
314    'H[4,2]'                  2.35955
315    'H[4,3]'                  2.96358
316    'H[5,1]'                  2.42137
317    'H[5,2]'                  2.32605
318    'H[5,3]'                  2.92103
319    'H[6,1]'                  2.37417
320    'H[6,2]'                  2.28095
321    'H[6,3]'                  2.86376
322    'H[7,1]'                  2.31701
323    'H[7,2]'                  2.22632
324    'H[7,3]'                  2.79444
325    'H[8,1]'                  2.25597
326    'H[8,2]'                  2.16797
327    'H[8,3]'                  2.72043
328    'H[9,1]'                  2.19863
329    'H[9,2]'                  2.11316
330    'H[9,3]'                  2.65093
331    'H[10,1]'                 2.15014
332    'H[10,2]'                 2.0668
333    'H[10,3]'                 2.59218
334    'H[11,1]'                 2.11102
335    'H[11,2]'                 2.02939
336    'H[11,3]'                 2.54479
337    'H[12,1]'                 2.07782
338    'H[12,2]'                 1.99763
339    'H[12,3]'                 2.50458
340    'H[13,1]'                 2.045
341    'H[13,2]'                 1.96625
342    'H[13,3]'                 2.46484
343    'H[14,1]'                 2.00674
344    'H[14,2]'                 1.92965
345    'H[14,3]'                 2.41853
346    'H[15,1]'                 1.9588
347    'H[15,2]'                 1.88378
348    'H[15,3]'                 2.3605
349    'H[16,1]'                 1.95132
350    'H[16,2]'                 1.87662
351    'H[16,3]'                 2.35144
352    'H[17,1]'                 1.94238
353    'H[17,2]'                 1.86807
354    'H[17,3]'                 2.34063
355    'H[18,1]'                 1.93199
356    'H[18,2]'                 1.85812
357    'H[18,3]'                 2.32805
358    'H[19,1]'                 1.92027
359    'H[19,2]'                 1.84691
360    'H[19,3]'                 2.31388
361    'H[20,1]'                 1.90752
362    'H[20,2]'                 1.83472
363    'H[20,3]'                 2.29845
364    'H[21,1]'                 1.89418
365    'H[21,2]'                 1.82194
366    'H[21,3]'                 2.28231
367    'H[22,1]'                 1.88076
368    'H[22,2]'                 1.8091
369    'H[22,3]'                 2.26608
370    'H[23,1]'                 1.8678
371    'H[23,2]'                 1.7967
372    'H[23,3]'                 2.25041
373    'H[24,1]'                 1.85575
374    'H[24,2]'                 1.78517
375    'H[24,3]'                 2.23583
376    'H[25,1]'                 1.84485
377    'H[25,2]'                 1.77473
378    'H[25,3]'                 2.22265
379    'H[26,1]'                 1.83503
380    'H[26,2]'                 1.76534
381    'H[26,3]'                 2.21078
382    'H[27,1]'                 1.82569
383    'H[27,2]'                 1.75639
384    'H[27,3]'                 2.19947
385    'H[28,1]'                 1.81504
386    'H[28,2]'                 1.7462
387    'H[28,3]'                 2.1866
388    'H[29,1]'                 1.79878
389    'H[29,2]'                 1.73063
390    'H[29,3]'                 2.16694
391    'H[30,1]'                 1.76727
392    'H[30,2]'                 1.70046
393    'H[30,3]'                 2.12884
394    'HF[1]'                   1.87586
395    'HF[2]'                   1.80442
396    'HF[3]'                   2.26016
397    'h[1,1]'                 -7.38206
398    'h[1,2]'                 -8.64576
399    'h[1,3]'                 -9.01294
400    'h[2,1]'                 -7.40262
401    'h[2,2]'                 -8.66391
402    'h[2,3]'                 -9.03543
403    'h[3,1]'                 -7.43552
404    'h[3,2]'                 -8.69294
405    'h[3,3]'                 -9.07139
406    'h[4,1]'                 -7.48621
407    'h[4,2]'                 -8.7377
408    'h[4,3]'                 -9.12683
409    'h[5,1]'                 -7.56006
410    'h[5,2]'                 -8.80293
411    'h[5,3]'                 -9.20761
412    'h[6,1]'                 -7.65926
413    'h[6,2]'                 -8.89063
414    'h[6,3]'                 -9.31619
415    'h[7,1]'                 -7.77905
416    'h[7,2]'                 -8.99661
417    'h[7,3]'                 -9.44739
418    'h[8,1]'                 -7.90659
419    'h[8,2]'                 -9.10956
420    'h[8,3]'                 -9.58717
421    'h[9,1]'                 -8.02604
422    'h[9,2]'                 -9.21544
423    'h[9,3]'                 -9.71814
424    'h[10,1]'                -8.12677
425    'h[10,2]'                -9.30481
426    'h[10,3]'                -9.82866
427    'h[11,1]'                -8.20788
428    'h[11,2]'                -9.37682
429    'h[11,3]'                -9.91768
430    'h[12,1]'                -8.27661
431    'h[12,2]'                -9.43786
432    'h[12,3]'                -9.99314
433    'h[13,1]'                -8.34442
434    'h[13,2]'                -9.49812
435    'h[13,3]'               -10.0676
436    'h[14,1]'                -8.42335
437    'h[14,2]'                -9.56831
438    'h[14,3]'               -10.1543
439    'h[15,1]'                -8.52207
440    'h[15,2]'                -9.65614
441    'h[15,3]'               -10.2628
442    'h[16,1]'                -8.53746
443    'h[16,2]'                -9.66984
444    'h[16,3]'               -10.2797
445    'h[17,1]'                -8.55584
446    'h[17,2]'                -9.68619
447    'h[17,3]'               -10.2999
448    'h[18,1]'                -8.5772
449    'h[18,2]'                -9.70521
450    'h[18,3]'               -10.3234
451    'h[19,1]'                -8.60126
452    'h[19,2]'                -9.72663
453    'h[19,3]'               -10.3498
454    'h[20,1]'                -8.62743
455    'h[20,2]'                -9.74994
456    'h[20,3]'               -10.3786
457    'h[21,1]'                -8.65481
458    'h[21,2]'                -9.77433
459    'h[21,3]'               -10.4087
460    'h[22,1]'                -8.68232
461    'h[22,2]'                -9.79884
462    'h[22,3]'               -10.4389
463    'h[23,1]'                -8.70887
464    'h[23,2]'                -9.82249
465    'h[23,3]'               -10.4681
466    'h[24,1]'                -8.73356
467    'h[24,2]'                -9.8445
468    'h[24,3]'               -10.4953
469    'h[25,1]'                -8.75588
470    'h[25,2]'                -9.86439
471    'h[25,3]'               -10.5198
472    'h[26,1]'                -8.77596
473    'h[26,2]'                -9.88229
474    'h[26,3]'               -10.5419
475    'h[27,1]'                -8.79509
476    'h[27,2]'                -9.89934
477    'h[27,3]'               -10.563
478    'h[28,1]'                -8.81684
479    'h[28,2]'                -9.91875
480    'h[28,3]'               -10.5869
481    'h[29,1]'                -8.85008
482    'h[29,2]'                -9.94839
483    'h[29,3]'               -10.6235
484    'h[30,1]'                -8.91441
485    'h[30,2]'               -10.0058
486    'h[30,3]'               -10.6942
487    'hF[1]'                  -8.69236
488    'hF[2]'                  -9.80778
489    'hF[3]'                 -10.45
490    'tauGamma[1,1,1]'     1e-06
491    'tauGamma[1,1,2]'         0.0234342
492    'tauGamma[1,1,3]'     1e-06
493    'tauGamma[1,2,1]'         0.0237343
494    'tauGamma[1,2,2]'     1e-06
495    'tauGamma[1,2,3]'     1e-06
496    'tauGamma[1,3,1]'     1e-06
497    'tauGamma[1,3,2]'     1e-06
498    'tauGamma[1,3,3]'     1e-06
499    'tauGamma[2,1,1]'     1e-06
500    'tauGamma[2,1,2]'         0.0234539
501    'tauGamma[2,1,3]'     1e-06
502    'tauGamma[2,2,1]'         0.0237543
503    'tauGamma[2,2,2]'     1e-06
504    'tauGamma[2,2,3]'     1e-06
505    'tauGamma[2,3,1]'     1e-06
506    'tauGamma[2,3,2]'     1e-06
507    'tauGamma[2,3,3]'     1e-06
508    'tauGamma[3,1,1]'     1e-06
509    'tauGamma[3,1,2]'         0.0234856
510    'tauGamma[3,1,3]'     1e-06
511    'tauGamma[3,2,1]'         0.0237864
512    'tauGamma[3,2,2]'     1e-06
513    'tauGamma[3,2,3]'     1e-06
514    'tauGamma[3,3,1]'     1e-06
515    'tauGamma[3,3,2]'     1e-06
516    'tauGamma[3,3,3]'     1e-06
517    'tauGamma[4,1,1]'     1e-06
518    'tauGamma[4,1,2]'         0.0235347
519    'tauGamma[4,1,3]'     1e-06
520    'tauGamma[4,2,1]'         0.0238361
521    'tauGamma[4,2,2]'     1e-06
522    'tauGamma[4,2,3]'     1e-06
523    'tauGamma[4,3,1]'     1e-06
524    'tauGamma[4,3,2]'     1e-06
525    'tauGamma[4,3,3]'     1e-06
526    'tauGamma[5,1,1]'     1e-06
527    'tauGamma[5,1,2]'         0.0236069
528    'tauGamma[5,1,3]'     1e-06
529    'tauGamma[5,2,1]'         0.0239092
530    'tauGamma[5,2,2]'     1e-06
531    'tauGamma[5,2,3]'     1e-06
532    'tauGamma[5,3,1]'     1e-06
533    'tauGamma[5,3,2]'     1e-06
534    'tauGamma[5,3,3]'     1e-06
535    'tauGamma[6,1,1]'     1e-06
536    'tauGamma[6,1,2]'         0.023705
537    'tauGamma[6,1,3]'     1e-06
538    'tauGamma[6,2,1]'         0.0240086
539    'tauGamma[6,2,2]'     1e-06
540    'tauGamma[6,2,3]'     1e-06
541    'tauGamma[6,3,1]'     1e-06
542    'tauGamma[6,3,2]'     1e-06
543    'tauGamma[6,3,3]'     1e-06
544    'tauGamma[7,1,1]'     1e-06
545    'tauGamma[7,1,2]'         0.0238253
546    'tauGamma[7,1,3]'     1e-06
547    'tauGamma[7,2,1]'         0.0241305
548    'tauGamma[7,2,2]'     1e-06
549    'tauGamma[7,2,3]'     1e-06
550    'tauGamma[7,3,1]'     1e-06
551    'tauGamma[7,3,2]'     1e-06
552    'tauGamma[7,3,3]'     1e-06
553    'tauGamma[8,1,1]'     1e-06
554    'tauGamma[8,1,2]'         0.0239557
555    'tauGamma[8,1,3]'     1e-06
556    'tauGamma[8,2,1]'         0.0242625
557    'tauGamma[8,2,2]'     1e-06
558    'tauGamma[8,2,3]'     1e-06
559    'tauGamma[8,3,1]'     1e-06
560    'tauGamma[8,3,2]'     1e-06
561    'tauGamma[8,3,3]'     1e-06
562    'tauGamma[9,1,1]'     1e-06
563    'tauGamma[9,1,2]'         0.02408
564    'tauGamma[9,1,3]'     1e-06
565    'tauGamma[9,2,1]'         0.0243884
566    'tauGamma[9,2,2]'     1e-06
567    'tauGamma[9,2,3]'     1e-06
568    'tauGamma[9,3,1]'     1e-06
569    'tauGamma[9,3,2]'     1e-06
570    'tauGamma[9,3,3]'     1e-06
571    'tauGamma[10,1,1]'    1e-06
572    'tauGamma[10,1,2]'        0.0241866
573    'tauGamma[10,1,3]'    1e-06
574    'tauGamma[10,2,1]'        0.0244963
575    'tauGamma[10,2,2]'    1e-06
576    'tauGamma[10,2,3]'    1e-06
577    'tauGamma[10,3,1]'    1e-06
578    'tauGamma[10,3,2]'    1e-06
579    'tauGamma[10,3,3]'    1e-06
580    'tauGamma[11,1,1]'    1e-06
581    'tauGamma[11,1,2]'        0.0242734
582    'tauGamma[11,1,3]'    1e-06
583    'tauGamma[11,2,1]'        0.0245843
584    'tauGamma[11,2,2]'    1e-06
585    'tauGamma[11,2,3]'    1e-06
586    'tauGamma[11,3,1]'    1e-06
587    'tauGamma[11,3,2]'    1e-06
588    'tauGamma[11,3,3]'    1e-06
589    'tauGamma[12,1,1]'    1e-06
590    'tauGamma[12,1,2]'        0.0243479
591    'tauGamma[12,1,3]'    1e-06
592    'tauGamma[12,2,1]'        0.0246597
593    'tauGamma[12,2,2]'    1e-06
594    'tauGamma[12,2,3]'    1e-06
595    'tauGamma[12,3,1]'    1e-06
596    'tauGamma[12,3,2]'    1e-06
597    'tauGamma[12,3,3]'    1e-06
598    'tauGamma[13,1,1]'    1e-06
599    'tauGamma[13,1,2]'        0.024422
600    'tauGamma[13,1,3]'    1e-06
601    'tauGamma[13,2,1]'        0.0247348
602    'tauGamma[13,2,2]'    1e-06
603    'tauGamma[13,2,3]'    1e-06
604    'tauGamma[13,3,1]'    1e-06
605    'tauGamma[13,3,2]'    1e-06
606    'tauGamma[13,3,3]'    1e-06
607    'tauGamma[14,1,1]'    1e-06
608    'tauGamma[14,1,2]'        0.0245093
609    'tauGamma[14,1,3]'    1e-06
610    'tauGamma[14,2,1]'        0.0248232
611    'tauGamma[14,2,2]'    1e-06
612    'tauGamma[14,2,3]'    1e-06
613    'tauGamma[14,3,1]'    1e-06
614    'tauGamma[14,3,2]'    1e-06
615    'tauGamma[14,3,3]'    1e-06
616    'tauGamma[15,1,1]'    1e-06
617    'tauGamma[15,1,2]'        0.0246199
618    'tauGamma[15,1,3]'    1e-06
619    'tauGamma[15,2,1]'        0.0249352
620    'tauGamma[15,2,2]'    1e-06
621    'tauGamma[15,2,3]'    1e-06
622    'tauGamma[15,3,1]'    1e-06
623    'tauGamma[15,3,2]'    1e-06
624    'tauGamma[15,3,3]'    1e-06
625    'tauGamma[16,1,1]'    1e-06
626    'tauGamma[16,1,2]'        0.0246372
627    'tauGamma[16,1,3]'    1e-06
628    'tauGamma[16,2,1]'        0.0249528
629    'tauGamma[16,2,2]'    1e-06
630    'tauGamma[16,2,3]'    1e-06
631    'tauGamma[16,3,1]'    1e-06
632    'tauGamma[16,3,2]'    1e-06
633    'tauGamma[16,3,3]'    1e-06
634    'tauGamma[17,1,1]'    1e-06
635    'tauGamma[17,1,2]'        0.024658
636    'tauGamma[17,1,3]'    1e-06
637    'tauGamma[17,2,1]'        0.0249738
638    'tauGamma[17,2,2]'    1e-06
639    'tauGamma[17,2,3]'    1e-06
640    'tauGamma[17,3,1]'    1e-06
641    'tauGamma[17,3,2]'    1e-06
642    'tauGamma[17,3,3]'    1e-06
643    'tauGamma[18,1,1]'    1e-06
644    'tauGamma[18,1,2]'        0.0246823
645    'tauGamma[18,1,3]'    1e-06
646    'tauGamma[18,2,1]'        0.0249984
647    'tauGamma[18,2,2]'    1e-06
648    'tauGamma[18,2,3]'    1e-06
649    'tauGamma[18,3,1]'    1e-06
650    'tauGamma[18,3,2]'    1e-06
651    'tauGamma[18,3,3]'    1e-06
652    'tauGamma[19,1,1]'    1e-06
653    'tauGamma[19,1,2]'        0.0247097
654    'tauGamma[19,1,3]'    1e-06
655    'tauGamma[19,2,1]'        0.0250262
656    'tauGamma[19,2,2]'    1e-06
657    'tauGamma[19,2,3]'    1e-06
658    'tauGamma[19,3,1]'    1e-06
659    'tauGamma[19,3,2]'    1e-06
660    'tauGamma[19,3,3]'    1e-06
661    'tauGamma[20,1,1]'    1e-06
662    'tauGamma[20,1,2]'        0.0247396
663    'tauGamma[20,1,3]'    1e-06
664    'tauGamma[20,2,1]'        0.0250565
665    'tauGamma[20,2,2]'    1e-06
666    'tauGamma[20,2,3]'    1e-06
667    'tauGamma[20,3,1]'    1e-06
668    'tauGamma[20,3,2]'    1e-06
669    'tauGamma[20,3,3]'    1e-06
670    'tauGamma[21,1,1]'    1e-06
671    'tauGamma[21,1,2]'        0.0247711
672    'tauGamma[21,1,3]'    1e-06
673    'tauGamma[21,2,1]'        0.0250883
674    'tauGamma[21,2,2]'    1e-06
675    'tauGamma[21,2,3]'    1e-06
676    'tauGamma[21,3,1]'    1e-06
677    'tauGamma[21,3,2]'    1e-06
678    'tauGamma[21,3,3]'    1e-06
679    'tauGamma[22,1,1]'    1e-06
680    'tauGamma[22,1,2]'        0.0248028
681    'tauGamma[22,1,3]'    1e-06
682    'tauGamma[22,2,1]'        0.0251204
683    'tauGamma[22,2,2]'    1e-06
684    'tauGamma[22,2,3]'    1e-06
685    'tauGamma[22,3,1]'    1e-06
686    'tauGamma[22,3,2]'    1e-06
687    'tauGamma[22,3,3]'    1e-06
688    'tauGamma[23,1,1]'    1e-06
689    'tauGamma[23,1,2]'        0.0248335
690    'tauGamma[23,1,3]'    1e-06
691    'tauGamma[23,2,1]'        0.0251515
692    'tauGamma[23,2,2]'    1e-06
693    'tauGamma[23,2,3]'    1e-06
694    'tauGamma[23,3,1]'    1e-06
695    'tauGamma[23,3,2]'    1e-06
696    'tauGamma[23,3,3]'    1e-06
697    'tauGamma[24,1,1]'    1e-06
698    'tauGamma[24,1,2]'        0.0248622
699    'tauGamma[24,1,3]'    1e-06
700    'tauGamma[24,2,1]'        0.0251806
701    'tauGamma[24,2,2]'    1e-06
702    'tauGamma[24,2,3]'    1e-06
703    'tauGamma[24,3,1]'    1e-06
704    'tauGamma[24,3,2]'    1e-06
705    'tauGamma[24,3,3]'    1e-06
706    'tauGamma[25,1,1]'    1e-06
707    'tauGamma[25,1,2]'        0.0248882
708    'tauGamma[25,1,3]'    1e-06
709    'tauGamma[25,2,1]'        0.025207
710    'tauGamma[25,2,2]'    1e-06
711    'tauGamma[25,2,3]'    1e-06
712    'tauGamma[25,3,1]'    1e-06
713    'tauGamma[25,3,2]'    1e-06
714    'tauGamma[25,3,3]'    1e-06
715    'tauGamma[26,1,1]'    1e-06
716    'tauGamma[26,1,2]'        0.0249117
717    'tauGamma[26,1,3]'    1e-06
718    'tauGamma[26,2,1]'        0.0252307
719    'tauGamma[26,2,2]'    1e-06
720    'tauGamma[26,2,3]'    1e-06
721    'tauGamma[26,3,1]'    1e-06
722    'tauGamma[26,3,2]'    1e-06
723    'tauGamma[26,3,3]'    1e-06
724    'tauGamma[27,1,1]'    1e-06
725    'tauGamma[27,1,2]'        0.0249341
726    'tauGamma[27,1,3]'    1e-06
727    'tauGamma[27,2,1]'        0.0252535
728    'tauGamma[27,2,2]'    1e-06
729    'tauGamma[27,2,3]'    1e-06
730    'tauGamma[27,3,1]'    1e-06
731    'tauGamma[27,3,2]'    1e-06
732    'tauGamma[27,3,3]'    1e-06
733    'tauGamma[28,1,1]'    1e-06
734    'tauGamma[28,1,2]'        0.0249597
735    'tauGamma[28,1,3]'    1e-06
736    'tauGamma[28,2,1]'        0.0252794
737    'tauGamma[28,2,2]'    1e-06
738    'tauGamma[28,2,3]'    1e-06
739    'tauGamma[28,3,1]'    1e-06
740    'tauGamma[28,3,2]'    1e-06
741    'tauGamma[28,3,3]'    1e-06
742    'tauGamma[29,1,1]'    1e-06
743    'tauGamma[29,1,2]'        0.024999
744    'tauGamma[29,1,3]'    1e-06
745    'tauGamma[29,2,1]'        0.0253192
746    'tauGamma[29,2,2]'    1e-06
747    'tauGamma[29,2,3]'    1e-06
748    'tauGamma[29,3,1]'    1e-06
749    'tauGamma[29,3,2]'    1e-06
750    'tauGamma[29,3,3]'    1e-06
751    'tauGamma[30,1,1]'    1e-06
752    'tauGamma[30,1,2]'        0.0250756
753    'tauGamma[30,1,3]'    1e-06
754    'tauGamma[30,2,1]'        0.0253967
755    'tauGamma[30,2,2]'    1e-06
756    'tauGamma[30,2,3]'    1e-06
757    'tauGamma[30,3,1]'    1e-06
758    'tauGamma[30,3,2]'    1e-06
759    'tauGamma[30,3,3]'    1e-06
760    'PGamma[1,1,1]'           1
761    'PGamma[1,1,2]'           0.992994
762    'PGamma[1,1,3]'           1
763    'PGamma[1,2,1]'           0.992905
764    'PGamma[1,2,2]'           1
765    'PGamma[1,2,3]'           1
766    'PGamma[1,3,1]'           1
767    'PGamma[1,3,2]'           1
768    'PGamma[1,3,3]'           1
769    'PGamma[2,1,1]'           1
770    'PGamma[2,1,2]'           0.992989
771    'PGamma[2,1,3]'           1
772    'PGamma[2,2,1]'           0.992899
773    'PGamma[2,2,2]'           1
774    'PGamma[2,2,3]'           1
775    'PGamma[2,3,1]'           1
776    'PGamma[2,3,2]'           1
777    'PGamma[2,3,3]'           1
778    'PGamma[3,1,1]'           1
779    'PGamma[3,1,2]'           0.992979
780    'PGamma[3,1,3]'           1
781    'PGamma[3,2,1]'           0.992889
782    'PGamma[3,2,2]'           1
783    'PGamma[3,2,3]'           1
784    'PGamma[3,3,1]'           1
785    'PGamma[3,3,2]'           1
786    'PGamma[3,3,3]'           1
787    'PGamma[4,1,1]'           1
788    'PGamma[4,1,2]'           0.992964
789    'PGamma[4,1,3]'           1
790    'PGamma[4,2,1]'           0.992875
791    'PGamma[4,2,2]'           1
792    'PGamma[4,2,3]'           1
793    'PGamma[4,3,1]'           1
794    'PGamma[4,3,2]'           1
795    'PGamma[4,3,3]'           1
796    'PGamma[5,1,1]'           1
797    'PGamma[5,1,2]'           0.992943
798    'PGamma[5,1,3]'           1
799    'PGamma[5,2,1]'           0.992853
800    'PGamma[5,2,2]'           1
801    'PGamma[5,2,3]'           1
802    'PGamma[5,3,1]'           1
803    'PGamma[5,3,2]'           1
804    'PGamma[5,3,3]'           1
805    'PGamma[6,1,1]'           1
806    'PGamma[6,1,2]'           0.992914
807    'PGamma[6,1,3]'           1
808    'PGamma[6,2,1]'           0.992823
809    'PGamma[6,2,2]'           1
810    'PGamma[6,2,3]'           1
811    'PGamma[6,3,1]'           1
812    'PGamma[6,3,2]'           1
813    'PGamma[6,3,3]'           1
814    'PGamma[7,1,1]'           1
815    'PGamma[7,1,2]'           0.992878
816    'PGamma[7,1,3]'           1
817    'PGamma[7,2,1]'           0.992787
818    'PGamma[7,2,2]'           1
819    'PGamma[7,2,3]'           1
820    'PGamma[7,3,1]'           1
821    'PGamma[7,3,2]'           1
822    'PGamma[7,3,3]'           1
823    'PGamma[8,1,1]'           1
824    'PGamma[8,1,2]'           0.992839
825    'PGamma[8,1,3]'           1
826    'PGamma[8,2,1]'           0.992748
827    'PGamma[8,2,2]'           1
828    'PGamma[8,2,3]'           1
829    'PGamma[8,3,1]'           1
830    'PGamma[8,3,2]'           1
831    'PGamma[8,3,3]'           1
832    'PGamma[9,1,1]'           1
833    'PGamma[9,1,2]'           0.992802
834    'PGamma[9,1,3]'           1
835    'PGamma[9,2,1]'           0.99271
836    'PGamma[9,2,2]'           1
837    'PGamma[9,2,3]'           1
838    'PGamma[9,3,1]'           1
839    'PGamma[9,3,2]'           1
840    'PGamma[9,3,3]'           1
841    'PGamma[10,1,1]'          1
842    'PGamma[10,1,2]'          0.99277
843    'PGamma[10,1,3]'          1
844    'PGamma[10,2,1]'          0.992678
845    'PGamma[10,2,2]'          1
846    'PGamma[10,2,3]'          1
847    'PGamma[10,3,1]'          1
848    'PGamma[10,3,2]'          1
849    'PGamma[10,3,3]'          1
850    'PGamma[11,1,1]'          1
851    'PGamma[11,1,2]'          0.992744
852    'PGamma[11,1,3]'          1
853    'PGamma[11,2,1]'          0.992652
854    'PGamma[11,2,2]'          1
855    'PGamma[11,2,3]'          1
856    'PGamma[11,3,1]'          1
857    'PGamma[11,3,2]'          1
858    'PGamma[11,3,3]'          1
859    'PGamma[12,1,1]'          1
860    'PGamma[12,1,2]'          0.992722
861    'PGamma[12,1,3]'          1
862    'PGamma[12,2,1]'          0.992629
863    'PGamma[12,2,2]'          1
864    'PGamma[12,2,3]'          1
865    'PGamma[12,3,1]'          1
866    'PGamma[12,3,2]'          1
867    'PGamma[12,3,3]'          1
868    'PGamma[13,1,1]'          1
869    'PGamma[13,1,2]'          0.9927
870    'PGamma[13,1,3]'          1
871    'PGamma[13,2,1]'          0.992607
872    'PGamma[13,2,2]'          1
873    'PGamma[13,2,3]'          1
874    'PGamma[13,3,1]'          1
875    'PGamma[13,3,2]'          1
876    'PGamma[13,3,3]'          1
877    'PGamma[14,1,1]'          1
878    'PGamma[14,1,2]'          0.992674
879    'PGamma[14,1,3]'          1
880    'PGamma[14,2,1]'          0.992581
881    'PGamma[14,2,2]'          1
882    'PGamma[14,2,3]'          1
883    'PGamma[14,3,1]'          1
884    'PGamma[14,3,2]'          1
885    'PGamma[14,3,3]'          1
886    'PGamma[15,1,1]'          1
887    'PGamma[15,1,2]'          0.992641
888    'PGamma[15,1,3]'          1
889    'PGamma[15,2,1]'          0.992547
890    'PGamma[15,2,2]'          1
891    'PGamma[15,2,3]'          1
892    'PGamma[15,3,1]'          1
893    'PGamma[15,3,2]'          1
894    'PGamma[15,3,3]'          1
895    'PGamma[16,1,1]'          1
896    'PGamma[16,1,2]'          0.992636
897    'PGamma[16,1,3]'          1
898    'PGamma[16,2,1]'          0.992542
899    'PGamma[16,2,2]'          1
900    'PGamma[16,2,3]'          1
901    'PGamma[16,3,1]'          1
902    'PGamma[16,3,2]'          1
903    'PGamma[16,3,3]'          1
904    'PGamma[17,1,1]'          1
905    'PGamma[17,1,2]'          0.99263
906    'PGamma[17,1,3]'          1
907    'PGamma[17,2,1]'          0.992536
908    'PGamma[17,2,2]'          1
909    'PGamma[17,2,3]'          1
910    'PGamma[17,3,1]'          1
911    'PGamma[17,3,2]'          1
912    'PGamma[17,3,3]'          1
913    'PGamma[18,1,1]'          1
914    'PGamma[18,1,2]'          0.992623
915    'PGamma[18,1,3]'          1
916    'PGamma[18,2,1]'          0.992529
917    'PGamma[18,2,2]'          1
918    'PGamma[18,2,3]'          1
919    'PGamma[18,3,1]'          1
920    'PGamma[18,3,2]'          1
921    'PGamma[18,3,3]'          1
922    'PGamma[19,1,1]'          1
923    'PGamma[19,1,2]'          0.992614
924    'PGamma[19,1,3]'          1
925    'PGamma[19,2,1]'          0.99252
926    'PGamma[19,2,2]'          1
927    'PGamma[19,2,3]'          1
928    'PGamma[19,3,1]'          1
929    'PGamma[19,3,2]'          1
930    'PGamma[19,3,3]'          1
931    'PGamma[20,1,1]'          1
932    'PGamma[20,1,2]'          0.992606
933    'PGamma[20,1,3]'          1
934    'PGamma[20,2,1]'          0.992511
935    'PGamma[20,2,2]'          1
936    'PGamma[20,2,3]'          1
937    'PGamma[20,3,1]'          1
938    'PGamma[20,3,2]'          1
939    'PGamma[20,3,3]'          1
940    'PGamma[21,1,1]'          1
941    'PGamma[21,1,2]'          0.992596
942    'PGamma[21,1,3]'          1
943    'PGamma[21,2,1]'          0.992502
944    'PGamma[21,2,2]'          1
945    'PGamma[21,2,3]'          1
946    'PGamma[21,3,1]'          1
947    'PGamma[21,3,2]'          1
948    'PGamma[21,3,3]'          1
949    'PGamma[22,1,1]'          1
950    'PGamma[22,1,2]'          0.992587
951    'PGamma[22,1,3]'          1
952    'PGamma[22,2,1]'          0.992492
953    'PGamma[22,2,2]'          1
954    'PGamma[22,2,3]'          1
955    'PGamma[22,3,1]'          1
956    'PGamma[22,3,2]'          1
957    'PGamma[22,3,3]'          1
958    'PGamma[23,1,1]'          1
959    'PGamma[23,1,2]'          0.992578
960    'PGamma[23,1,3]'          1
961    'PGamma[23,2,1]'          0.992483
962    'PGamma[23,2,2]'          1
963    'PGamma[23,2,3]'          1
964    'PGamma[23,3,1]'          1
965    'PGamma[23,3,2]'          1
966    'PGamma[23,3,3]'          1
967    'PGamma[24,1,1]'          1
968    'PGamma[24,1,2]'          0.992569
969    'PGamma[24,1,3]'          1
970    'PGamma[24,2,1]'          0.992474
971    'PGamma[24,2,2]'          1
972    'PGamma[24,2,3]'          1
973    'PGamma[24,3,1]'          1
974    'PGamma[24,3,2]'          1
975    'PGamma[24,3,3]'          1
976    'PGamma[25,1,1]'          1
977    'PGamma[25,1,2]'          0.992561
978    'PGamma[25,1,3]'          1
979    'PGamma[25,2,1]'          0.992466
980    'PGamma[25,2,2]'          1
981    'PGamma[25,2,3]'          1
982    'PGamma[25,3,1]'          1
983    'PGamma[25,3,2]'          1
984    'PGamma[25,3,3]'          1
985    'PGamma[26,1,1]'          1
986    'PGamma[26,1,2]'          0.992554
987    'PGamma[26,1,3]'          1
988    'PGamma[26,2,1]'          0.992459
989    'PGamma[26,2,2]'          1
990    'PGamma[26,2,3]'          1
991    'PGamma[26,3,1]'          1
992    'PGamma[26,3,2]'          1
993    'PGamma[26,3,3]'          1
994    'PGamma[27,1,1]'          1
995    'PGamma[27,1,2]'          0.992548
996    'PGamma[27,1,3]'          1
997    'PGamma[27,2,1]'          0.992453
998    'PGamma[27,2,2]'          1
999    'PGamma[27,2,3]'          1
1000   'PGamma[27,3,1]'          1
1001   'PGamma[27,3,2]'          1
1002   'PGamma[27,3,3]'          1
1003   'PGamma[28,1,1]'          1
1004   'PGamma[28,1,2]'          0.99254
1005   'PGamma[28,1,3]'          1
1006   'PGamma[28,2,1]'          0.992445
1007   'PGamma[28,2,2]'          1
1008   'PGamma[28,2,3]'          1
1009   'PGamma[28,3,1]'          1
1010   'PGamma[28,3,2]'          1
1011   'PGamma[28,3,3]'          1
1012   'PGamma[29,1,1]'          1
1013   'PGamma[29,1,2]'          0.992528
1014   'PGamma[29,1,3]'          1
1015   'PGamma[29,2,1]'          0.992433
1016   'PGamma[29,2,2]'          1
1017   'PGamma[29,2,3]'          1
1018   'PGamma[29,3,1]'          1
1019   'PGamma[29,3,2]'          1
1020   'PGamma[29,3,3]'          1
1021   'PGamma[30,1,1]'          1
1022   'PGamma[30,1,2]'          0.992506
1023   'PGamma[30,1,3]'          1
1024   'PGamma[30,2,1]'          0.99241
1025   'PGamma[30,2,2]'          1
1026   'PGamma[30,2,3]'          1
1027   'PGamma[30,3,1]'          1
1028   'PGamma[30,3,2]'          1
1029   'PGamma[30,3,3]'          1
1030   'SGamma1[1,1]'            0.000314154
1031   'SGamma1[1,2]'            1.04852e-06
1032   'SGamma1[1,3]'        1e-06
1033   'SGamma1[2,1]'            0.000578941
1034   'SGamma1[2,2]'            1.14554e-06
1035   'SGamma1[2,3]'        1e-06
1036   'SGamma1[3,1]'            0.00100964
1037   'SGamma1[3,2]'            1.41509e-06
1038   'SGamma1[3,3]'        1e-06
1039   'SGamma1[4,1]'            0.00169125
1040   'SGamma1[4,2]'            2.1501e-06
1041   'SGamma1[4,3]'        1e-06
1042   'SGamma1[5,1]'            0.00272409
1043   'SGamma1[5,2]'            4.09718e-06
1044   'SGamma1[5,3]'        1e-06
1045   'SGamma1[6,1]'            0.00418959
1046   'SGamma1[6,2]'            9.04047e-06
1047   'SGamma1[6,3]'        1e-06
1048   'SGamma1[7,1]'            0.00608343
1049   'SGamma1[7,2]'            2.08873e-05
1050   'SGamma1[7,3]'        1e-06
1051   'SGamma1[8,1]'            0.00824933
1052   'SGamma1[8,2]'            4.73607e-05
1053   'SGamma1[8,3]'        1e-06
1054   'SGamma1[9,1]'            0.0103931
1055   'SGamma1[9,2]'            0.00010233
1056   'SGamma1[9,3]'        1e-06
1057   'SGamma1[10,1]'           0.0122078
1058   'SGamma1[10,2]'           0.000209207
1059   'SGamma1[10,3]'       1e-06
1060   'SGamma1[11,1]'           0.0135037
1061   'SGamma1[11,2]'           0.000406614
1062   'SGamma1[11,3]'       1e-06
1063   'SGamma1[12,1]'           0.0142271
1064   'SGamma1[12,2]'           0.000757219
1065   'SGamma1[12,3]'       1e-06
1066   'SGamma1[13,1]'           0.0143851
1067   'SGamma1[13,2]'           0.00135787
1068   'SGamma1[13,3]'       1e-06
1069   'SGamma1[14,1]'           0.0139717
1070   'SGamma1[14,2]'           0.00234207
1071   'SGamma1[14,3]'       1e-06
1072   'SGamma1[15,1]'           0.0129532
1073   'SGamma1[15,2]'           0.00385367
1074   'SGamma1[15,3]'       1e-06
1075   'SGamma1[16,1]'           0.0132643
1076   'SGamma1[16,2]'           0.00390491
1077   'SGamma1[16,3]'       1e-06
1078   'SGamma1[17,1]'           0.013641
1079   'SGamma1[17,2]'           0.00396675
1080   'SGamma1[17,3]'       1e-06
1081   'SGamma1[18,1]'           0.014086
1082   'SGamma1[18,2]'           0.00403955
1083   'SGamma1[18,3]'       1e-06
1084   'SGamma1[19,1]'           0.0145967
1085   'SGamma1[19,2]'           0.00412281
1086   'SGamma1[19,3]'       1e-06
1087   'SGamma1[20,1]'           0.0151638
1088   'SGamma1[20,2]'           0.00421489
1089   'SGamma1[20,3]'       1e-06
1090   'SGamma1[21,1]'           0.0157702
1091   'SGamma1[21,2]'           0.00431306
1092   'SGamma1[21,3]'       1e-06
1093   'SGamma1[22,1]'           0.016393
1094   'SGamma1[22,2]'           0.00441378
1095   'SGamma1[22,3]'       1e-06
1096   'SGamma1[23,1]'           0.017006
1097   'SGamma1[23,2]'           0.00451351
1098   'SGamma1[23,3]'       1e-06
1099   'SGamma1[24,1]'           0.0175832
1100   'SGamma1[24,2]'           0.00460993
1101   'SGamma1[24,3]'       1e-06
1102   'SGamma1[25,1]'           0.0181013
1103   'SGamma1[25,2]'           0.00470429
1104   'SGamma1[25,3]'       1e-06
1105   'SGamma1[26,1]'           0.0185368
1106   'SGamma1[26,2]'           0.00480636
1107   'SGamma1[26,3]'       1e-06
1108   'SGamma1[27,1]'           0.0188555
1109   'SGamma1[27,2]'           0.0049466
1110   'SGamma1[27,3]'       1e-06
1111   'SGamma1[28,1]'           0.0189802
1112   'SGamma1[28,2]'           0.00520774
1113   'SGamma1[28,3]'       1e-06
1114   'SGamma1[29,1]'           0.0187117
1115   'SGamma1[29,2]'           0.0058043
1116   'SGamma1[29,3]'       1e-06
1117   'SGamma1[30,1]'           0.0175478
1118   'SGamma1[30,2]'           0.00726519
1119   'SGamma1[30,3]'       1e-06
1120   'SGamma2[1,1]'            0.999906
1121   'SGamma2[1,2]'            1
1122   'SGamma2[1,3]'            1
1123   'SGamma2[2,1]'            0.999826
1124   'SGamma2[2,2]'            1
1125   'SGamma2[2,3]'            1
1126   'SGamma2[3,1]'            0.999696
1127   'SGamma2[3,2]'            1
1128   'SGamma2[3,3]'            1
1129   'SGamma2[4,1]'            0.999491
1130   'SGamma2[4,2]'            1
1131   'SGamma2[4,3]'            1
1132   'SGamma2[5,1]'            0.99918
1133   'SGamma2[5,2]'            0.999999
1134   'SGamma2[5,3]'            1
1135   'SGamma2[6,1]'            0.998739
1136   'SGamma2[6,2]'            0.999998
1137   'SGamma2[6,3]'            1
1138   'SGamma2[7,1]'            0.998169
1139   'SGamma2[7,2]'            0.999994
1140   'SGamma2[7,3]'            1
1141   'SGamma2[8,1]'            0.997516
1142   'SGamma2[8,2]'            0.999986
1143   'SGamma2[8,3]'            1
1144   'SGamma2[9,1]'            0.996871
1145   'SGamma2[9,2]'            0.999969
1146   'SGamma2[9,3]'            1
1147   'SGamma2[10,1]'           0.996324
1148   'SGamma2[10,2]'           0.999937
1149   'SGamma2[10,3]'           1
1150   'SGamma2[11,1]'           0.995934
1151   'SGamma2[11,2]'           0.999878
1152   'SGamma2[11,3]'           1
1153   'SGamma2[12,1]'           0.995716
1154   'SGamma2[12,2]'           0.999772
1155   'SGamma2[12,3]'           1
1156   'SGamma2[13,1]'           0.995669
1157   'SGamma2[13,2]'           0.999591
1158   'SGamma2[13,3]'           1
1159   'SGamma2[14,1]'           0.995793
1160   'SGamma2[14,2]'           0.999295
1161   'SGamma2[14,3]'           1
1162   'SGamma2[15,1]'           0.9961
1163   'SGamma2[15,2]'           0.99884
1164   'SGamma2[15,3]'           1
1165   'SGamma2[16,1]'           0.996006
1166   'SGamma2[16,2]'           0.998824
1167   'SGamma2[16,3]'           1
1168   'SGamma2[17,1]'           0.995892
1169   'SGamma2[17,2]'           0.998806
1170   'SGamma2[17,3]'           1
1171   'SGamma2[18,1]'           0.995758
1172   'SGamma2[18,2]'           0.998784
1173   'SGamma2[18,3]'           1
1174   'SGamma2[19,1]'           0.995605
1175   'SGamma2[19,2]'           0.998759
1176   'SGamma2[19,3]'           1
1177   'SGamma2[20,1]'           0.995434
1178   'SGamma2[20,2]'           0.998731
1179   'SGamma2[20,3]'           1
1180   'SGamma2[21,1]'           0.995251
1181   'SGamma2[21,2]'           0.998702
1182   'SGamma2[21,3]'           1
1183   'SGamma2[22,1]'           0.995064
1184   'SGamma2[22,2]'           0.998671
1185   'SGamma2[22,3]'           1
1186   'SGamma2[23,1]'           0.994879
1187   'SGamma2[23,2]'           0.998641
1188   'SGamma2[23,3]'           1
1189   'SGamma2[24,1]'           0.994705
1190   'SGamma2[24,2]'           0.998612
1191   'SGamma2[24,3]'           1
1192   'SGamma2[25,1]'           0.994549
1193   'SGamma2[25,2]'           0.998584
1194   'SGamma2[25,3]'           1
1195   'SGamma2[26,1]'           0.994418
1196   'SGamma2[26,2]'           0.998553
1197   'SGamma2[26,3]'           1
1198   'SGamma2[27,1]'           0.994322
1199   'SGamma2[27,2]'           0.998511
1200   'SGamma2[27,3]'           1
1201   'SGamma2[28,1]'           0.994284
1202   'SGamma2[28,2]'           0.998432
1203   'SGamma2[28,3]'           1
1204   'SGamma2[29,1]'           0.994365
1205   'SGamma2[29,2]'           0.998252
1206   'SGamma2[29,3]'           1
1207   'SGamma2[30,1]'           0.994716
1208   'SGamma2[30,2]'           0.997812
1209   'SGamma2[30,3]'           1
1210   'gamma[1,1]'              1.00062
1211   'gamma[1,2]'              1
1212   'gamma[1,3]'              1
1213   'gamma[2,1]'              1.00115
1214   'gamma[2,2]'              1
1215   'gamma[2,3]'              1
1216   'gamma[3,1]'              1.00201
1217   'gamma[3,2]'              1
1218   'gamma[3,3]'              1
1219   'gamma[4,1]'              1.00337
1220   'gamma[4,2]'              1
1221   'gamma[4,3]'              1
1222   'gamma[5,1]'              1.00543
1223   'gamma[5,2]'              1.00001
1224   'gamma[5,3]'              1
1225   'gamma[6,1]'              1.00836
1226   'gamma[6,2]'              1.00001
1227   'gamma[6,3]'              0.999998
1228   'gamma[7,1]'              1.01216
1229   'gamma[7,2]'              1.00003
1230   'gamma[7,3]'              0.999991
1231   'gamma[8,1]'              1.01652
1232   'gamma[8,2]'              1.00006
1233   'gamma[8,3]'              0.999969
1234   'gamma[9,1]'              1.02081
1235   'gamma[9,2]'              1.00012
1236   'gamma[9,3]'              0.999913
1237   'gamma[10,1]'             1.02439
1238   'gamma[10,2]'             1.00021
1239   'gamma[10,3]'             0.99979
1240   'gamma[11,1]'             1.02679
1241   'gamma[11,2]'             1.00037
1242   'gamma[11,3]'             0.999547
1243   'gamma[12,1]'             1.02783
1244   'gamma[12,2]'             1.00064
1245   'gamma[12,3]'             0.999113
1246   'gamma[13,1]'             1.02742
1247   'gamma[13,2]'             1.00114
1248   'gamma[13,3]'             0.998395
1249   'gamma[14,1]'             1.02548
1250   'gamma[14,2]'             1.00205
1251   'gamma[14,3]'             0.99732
1252   'gamma[15,1]'             1.02198
1253   'gamma[15,2]'             1.00372
1254   'gamma[15,3]'             0.99593
1255   'gamma[16,1]'             1.02246
1256   'gamma[16,2]'             1.00367
1257   'gamma[16,3]'             0.99578
1258   'gamma[17,1]'             1.02304
1259   'gamma[17,2]'             1.00361
1260   'gamma[17,3]'             0.995595
1261   'gamma[18,1]'             1.02373
1262   'gamma[18,2]'             1.00354
1263   'gamma[18,3]'             0.995372
1264   'gamma[19,1]'             1.0245
1265   'gamma[19,2]'             1.00344
1266   'gamma[19,3]'             0.99511
1267   'gamma[20,1]'             1.02536
1268   'gamma[20,2]'             1.00333
1269   'gamma[20,3]'             0.994813
1270   'gamma[21,1]'             1.02627
1271   'gamma[21,2]'             1.0032
1272   'gamma[21,3]'             0.994486
1273   'gamma[22,1]'             1.02719
1274   'gamma[22,2]'             1.00306
1275   'gamma[22,3]'             0.994142
1276   'gamma[23,1]'             1.02809
1277   'gamma[23,2]'             1.00291
1278   'gamma[23,3]'             0.993792
1279   'gamma[24,1]'             1.02893
1280   'gamma[24,2]'             1.00277
1281   'gamma[24,3]'             0.993452
1282   'gamma[25,1]'             1.02966
1283   'gamma[25,2]'             1.00263
1284   'gamma[25,3]'             0.993128
1285   'gamma[26,1]'             1.03023
1286   'gamma[26,2]'             1.00253
1287   'gamma[26,3]'             0.992816
1288   'gamma[27,1]'             1.03055
1289   'gamma[27,2]'             1.00248
1290   'gamma[27,3]'             0.992486
1291   'gamma[28,1]'             1.03035
1292   'gamma[28,2]'             1.00257
1293   'gamma[28,3]'             0.992046
1294   'gamma[29,1]'             1.02901
1295   'gamma[29,2]'             1.003
1296   'gamma[29,3]'             0.991277
1297   'gamma[30,1]'             1.0251
1298   'gamma[30,2]'             1.00447
1299   'gamma[30,3]'             0.989797
1300   'PrS[1,1]'           348270
1301   'PrS[1,2]'           205788
1302   'PrS[1,3]'            99917.5
1303   'PrS[2,1]'           344695
1304   'PrS[2,2]'           203569
1305   'PrS[2,3]'            98754.9
1306   'PrS[3,1]'           339030
1307   'PrS[3,2]'           200054
1308   'PrS[3,3]'            96915.5
1309   'PrS[4,1]'           330422
1310   'PrS[4,2]'           194720
1311   'PrS[4,3]'            94128.6
1312   'PrS[5,1]'           318153
1313   'PrS[5,2]'           187129
1314   'PrS[5,3]'            90171.8
1315   'PrS[6,1]'           302164
1316   'PrS[6,2]'           177259
1317   'PrS[6,3]'            85044.7
1318   'PrS[7,1]'           283603
1319   'PrS[7,2]'           165834
1320   'PrS[7,3]'            79136.5
1321   'PrS[8,1]'           264722
1322   'PrS[8,2]'           154250
1323   'PrS[8,3]'            73177.3
1324   'PrS[9,1]'           247851
1325   'PrS[9,2]'           143932
1326   'PrS[9,3]'            67898.4
1327   'PrS[10,1]'          234220
1328   'PrS[10,2]'          135622
1329   'PrS[10,3]'           63667.1
1330   'PrS[11,1]'          223635
1331   'PrS[11,2]'          129184
1332   'PrS[11,3]'           60403.3
1333   'PrS[12,1]'          214934
1334   'PrS[12,2]'          123904
1335   'PrS[12,3]'           57735.6
1336   'PrS[13,1]'          206588
1337   'PrS[13,2]'          118849
1338   'PrS[13,3]'           55189.8
1339   'PrS[14,1]'          197166
1340   'PrS[14,2]'          113154
1341   'PrS[14,3]'           52332
1342   'PrS[15,1]'          185819
1343   'PrS[15,2]'          106313
1344   'PrS[15,3]'           48914.4
1345   'PrS[16,1]'          184093
1346   'PrS[16,2]'          105274
1347   'PrS[16,3]'           48397
1348   'PrS[17,1]'          182048
1349   'PrS[17,2]'          104044
1350   'PrS[17,3]'           47784.7
1351   'PrS[18,1]'          179692
1352   'PrS[18,2]'          102627
1353   'PrS[18,3]'           47080.2
1354   'PrS[19,1]'          177063
1355   'PrS[19,2]'          101048
1356   'PrS[19,3]'           46295.9
1357   'PrS[20,1]'          174236
1358   'PrS[20,2]'           99350.9
1359   'PrS[20,3]'           45454.1
1360   'PrS[21,1]'          171313
1361   'PrS[21,2]'           97597.4
1362   'PrS[21,3]'           44585.5
1363   'PrS[22,1]'          168412
1364   'PrS[22,2]'           95858.5
1365   'PrS[22,3]'           43725.4
1366   'PrS[23,1]'          165646
1367   'PrS[23,2]'           94202
1368   'PrS[23,3]'           42907.3
1369   'PrS[24,1]'          163103
1370   'PrS[24,2]'           92680.8
1371   'PrS[24,3]'           42157
1372   'PrS[25,1]'          160830
1373   'PrS[25,2]'           91321.3
1374   'PrS[25,3]'           41487.2
1375   'PrS[26,1]'          158803
1376   'PrS[26,2]'           90110.3
1377   'PrS[26,3]'           40891.3
1378   'PrS[27,1]'          156891
1379   'PrS[27,2]'           88968.4
1380   'PrS[27,3]'           40330
1381   'PrS[28,1]'          154736
1382   'PrS[28,2]'           87682.1
1383   'PrS[28,3]'           39698.4
1384   'PrS[29,1]'          151485
1385   'PrS[29,2]'           85743.8
1386   'PrS[29,3]'           38748.1
1387   'PrS[30,1]'          145336
1388   'PrS[30,2]'           82082.6
1389   'PrS[30,3]'           36957.9
1390   'PrSF[1]'            167362
1391   'PrSF[2]'             95229.8
1392   'PrSF[3]'             43414.8
1393   Vap                     271.765
;

