solve_message =
'filterSQP (20020316): SQP termination with iter > maxiter, objective = 628.5298248668144\
1001 iterations (1000 for feasibility)\
Evals: obj = 1, constr = 2019, grad = 502, Hes = 1001'

:          _varname              _var          :=
1     'F[2]'                    0
2     'F[3]'                    0
3     'F[4]'                    0
4     'F[5]'                    0
5     'F[6]'                    0
6     'F[7]'                    0
7     'F[8]'                  200
8     'F[9]'                    0
9     'F[10]'                   0
10    'F[11]'                   0
11    'F[12]'                   0
12    'F[13]'                   0
13    'F[14]'                   0
14    'V[1]'                  628.53
15    'V[2]'                  633.664
16    'V[3]'                  636.971
17    'V[4]'                  639.253
18    'V[5]'                  641.328
19    'V[6]'                  643.706
20    'V[7]'                  646.535
21    'V[8]'                  650.565
22    'V[9]'                  657.219
23    'V[10]'                 662.537
24    'V[11]'                 666.793
25    'V[12]'                 670.091
26    'V[13]'                 672.53
27    'V[14]'                 674.257
28    'V[15]'                   0
29    'y[1,1]'                  0.0325295
30    'y[1,2]'                  0.711334
31    'y[1,3]'                  0.256137
32    'y[2,1]'                  0.0604124
33    'y[2,2]'                  0.786339
34    'y[2,3]'                  0.153249
35    'y[3,1]'                  0.10092
36    'y[3,2]'                  0.798923
37    'y[3,3]'                  0.100156
38    'y[4,1]'                  0.157151
39    'y[4,2]'                  0.768735
40    'y[4,3]'                  0.0741138
41    'y[5,1]'                  0.230598
42    'y[5,2]'                  0.708707
43    'y[5,3]'                  0.0606945
44    'y[6,1]'                  0.31897
45    'y[6,2]'                  0.628401
46    'y[6,3]'                  0.0526281
47    'y[7,1]'                  0.415198
48    'y[7,2]'                  0.538003
49    'y[7,3]'                  0.0467987
50    'y[8,1]'                  0.509253
51    'y[8,2]'                  0.448605
52    'y[8,3]'                  0.0421418
53    'y[9,1]'                  0.617402
54    'y[9,2]'                  0.367422
55    'y[9,3]'                  0.0151755
56    'y[10,1]'                 0.716387
57    'y[10,2]'                 0.278612
58    'y[10,3]'                 0.00500161
59    'y[11,1]'                 0.799198
60    'y[11,2]'                 0.19926
61    'y[11,3]'                 0.00154192
62    'y[12,1]'                 0.863318
63    'y[12,2]'                 0.13623
64    'y[12,3]'                 0.000452337
65    'y[13,1]'                 0.91003
66    'y[13,2]'                 0.0898424
67    'y[13,3]'                 0.000127945
68    'y[14,1]'                 0.942572
69    'y[14,2]'                 0.0573933
70    'y[14,3]'                 3.51561e-05
71    'y[15,1]'                 0.964546
72    'y[15,2]'                 0.0354451
73    'y[15,3]'                 9.33922e-06
74    'L[1]'                    0
75    'L[2]'                  768.402
76    'L[3]'                  773.535
77    'L[4]'                  776.843
78    'L[5]'                  779.125
79    'L[6]'                  781.2
80    'L[7]'                  783.578
81    'L[8]'                  786.407
82    'L[9]'                  590.437
83    'L[10]'                 597.091
84    'L[11]'                 602.409
85    'L[12]'                 606.665
86    'L[13]'                 609.963
87    'L[14]'                 612.402
88    'L[15]'                 614.129
89    'x[1,1]'                  0.0143252
90    'x[1,2]'                  0.556715
91    'x[1,3]'                  0.42896
92    'x[2,1]'                  0.0292157
93    'x[2,2]'                  0.683188
94    'x[2,3]'                  0.287596
95    'x[3,1]'                  0.0520788
96    'x[3,2]'                  0.744818
97    'x[3,3]'                  0.203103
98    'x[4,1]'                  0.0853287
99    'x[4,2]'                  0.755313
100   'x[4,3]'                  0.159358
101   'x[5,1]'                  0.13151
102   'x[5,2]'                  0.730672
103   'x[5,3]'                  0.137817
104   'x[6,1]'                  0.191875
105   'x[6,2]'                  0.681493
106   'x[6,3]'                  0.126632
107   'x[7,1]'                  0.26459
108   'x[7,2]'                  0.615605
109   'x[7,3]'                  0.119805
110   'x[8,1]'                  0.343898
111   'x[8,2]'                  0.541331
112   'x[8,3]'                  0.114771
113   'x[9,1]'                  0.462888
114   'x[9,2]'                  0.49068
115   'x[9,3]'                  0.0464325
116   'x[10,1]'                 0.582444
117   'x[10,2]'                 0.400853
118   'x[10,3]'                 0.0167027
119   'x[11,1]'                 0.691617
120   'x[11,2]'                 0.302883
121   'x[11,3]'                 0.0054999
122   'x[12,1]'                 0.78281
123   'x[12,2]'                 0.215497
124   'x[12,3]'                 0.00169381
125   'x[13,1]'                 0.853339
126   'x[13,2]'                 0.146165
127   'x[13,3]'                 0.000496006
128   'x[14,1]'                 0.904677
129   'x[14,2]'                 0.0951834
130   'x[14,3]'                 0.000139591
131   'x[15,1]'                 0.94042
132   'x[15,2]'                 0.0595422
133   'x[15,3]'                 3.76838e-05
134   PC                       60.1281
135   PR                      139.872
136   'T[1]'                  377.206
137   'T[2]'                  374.331
138   'T[3]'                  372.421
139   'T[4]'                  371.007
140   'T[5]'                  369.714
141   'T[6]'                  368.353
142   'T[7]'                  366.907
143   'T[8]'                  365.467
144   'T[9]'                  362.795
145   'T[10]'                 360.792
146   'T[11]'                 359.269
147   'T[12]'                 358.13
148   'T[13]'                 357.305
149   'T[14]'                 356.73
150   'T[15]'                 356.339
151   TF                      368.932
152   QC                     7417.2
153   QR                     7441.09
154   'H[1,1]'                  2.11252
155   'H[1,2]'                  2.03082
156   'H[1,3]'                  2.54661
157   'H[2,1]'                  2.02987
158   'H[2,2]'                  1.95177
159   'H[2,3]'                  2.44652
160   'H[3,1]'                  1.97518
161   'H[3,2]'                  1.89946
162   'H[3,3]'                  2.38033
163   'H[4,1]'                  1.93487
164   'H[4,2]'                  1.86088
165   'H[4,3]'                  2.33154
166   'H[5,1]'                  1.89807
167   'H[5,2]'                  1.82567
168   'H[5,3]'                  2.28701
169   'H[6,1]'                  1.85946
170   'H[6,2]'                  1.78872
171   'H[6,3]'                  2.24031
172   'H[7,1]'                  1.81854
173   'H[7,2]'                  1.74954
174   'H[7,3]'                  2.19082
175   'H[8,1]'                  1.77792
176   'H[8,2]'                  1.71065
177   'H[8,3]'                  2.14171
178   'H[9,1]'                  1.70284
179   'H[9,2]'                  1.63877
180   'H[9,3]'                  2.05097
181   'H[10,1]'                 1.64683
182   'H[10,2]'                 1.58511
183   'H[10,3]'                 1.98329
184   'H[11,1]'                 1.60438
185   'H[11,2]'                 1.54445
186   'H[11,3]'                 1.93202
187   'H[12,1]'                 1.57271
188   'H[12,2]'                 1.5141
189   'H[12,3]'                 1.89376
190   'H[13,1]'                 1.54984
191   'H[13,2]'                 1.49218
192   'H[13,3]'                 1.86615
193   'H[14,1]'                 1.53389
194   'H[14,2]'                 1.47689
195   'H[14,3]'                 1.84688
196   'H[15,1]'                 1.52308
197   'H[15,2]'                 1.46653
198   'H[15,3]'                 1.83383
199   'HF[1]'                   1.87586
200   'HF[2]'                   1.80442
201   'HF[3]'                   2.26016
202   'h[1,1]'                 -8.20478
203   'h[1,2]'                 -9.37406
204   'h[1,3]'                 -9.91428
205   'h[2,1]'                 -8.37566
206   'h[2,2]'                 -9.5259
207   'h[2,3]'                -10.1019
208   'h[3,1]'                 -8.48836
209   'h[3,2]'                 -9.62614
210   'h[3,3]'                -10.2257
211   'h[4,1]'                 -8.57127
212   'h[4,2]'                 -9.69993
213   'h[4,3]'                -10.3169
214   'h[5,1]'                 -8.64683
215   'h[5,2]'                 -9.76722
216   'h[5,3]'                -10.3999
217   'h[6,1]'                 -8.72597
218   'h[6,2]'                 -9.83773
219   'h[6,3]'                -10.4869
220   'h[7,1]'                 -8.80971
221   'h[7,2]'                 -9.91238
222   'h[7,3]'                -10.579
223   'h[8,1]'                 -8.89269
224   'h[8,2]'                 -9.98639
225   'h[8,3]'                -10.6703
226   'h[9,1]'                 -9.04569
227   'h[9,2]'                -10.123
228   'h[9,3]'                -10.8387
229   'h[10,1]'                -9.15956
230   'h[10,2]'               -10.2247
231   'h[10,3]'               -10.964
232   'h[11,1]'                -9.24567
233   'h[11,2]'               -10.3017
234   'h[11,3]'               -11.0588
235   'h[12,1]'                -9.30984
236   'h[12,2]'               -10.3591
237   'h[12,3]'               -11.1295
238   'h[13,1]'                -9.35613
239   'h[13,2]'               -10.4005
240   'h[13,3]'               -11.1805
241   'h[14,1]'                -9.38839
242   'h[14,2]'               -10.4294
243   'h[14,3]'               -11.216
244   'h[15,1]'                -9.41025
245   'h[15,2]'               -10.4489
246   'h[15,3]'               -11.2401
247   'hF[1]'                  -8.69236
248   'hF[2]'                  -9.80778
249   'hF[3]'                 -10.45
250   'tauGamma[1,1,1]'     1e-06
251   'tauGamma[1,1,2]'         0.0242701
252   'tauGamma[1,1,3]'     1e-06
253   'tauGamma[1,2,1]'         0.0245809
254   'tauGamma[1,2,2]'     1e-06
255   'tauGamma[1,2,3]'     1e-06
256   'tauGamma[1,3,1]'     1e-06
257   'tauGamma[1,3,2]'     1e-06
258   'tauGamma[1,3,3]'     1e-06
259   'tauGamma[2,1,1]'     1e-06
260   'tauGamma[2,1,2]'         0.0244564
261   'tauGamma[2,1,3]'     1e-06
262   'tauGamma[2,2,1]'         0.0247696
263   'tauGamma[2,2,2]'     1e-06
264   'tauGamma[2,2,3]'     1e-06
265   'tauGamma[2,3,1]'     1e-06
266   'tauGamma[2,3,2]'     1e-06
267   'tauGamma[2,3,3]'     1e-06
268   'tauGamma[3,1,1]'     1e-06
269   'tauGamma[3,1,2]'         0.0245819
270   'tauGamma[3,1,3]'     1e-06
271   'tauGamma[3,2,1]'         0.0248967
272   'tauGamma[3,2,2]'     1e-06
273   'tauGamma[3,2,3]'     1e-06
274   'tauGamma[3,3,1]'     1e-06
275   'tauGamma[3,3,2]'     1e-06
276   'tauGamma[3,3,3]'     1e-06
277   'tauGamma[4,1,1]'     1e-06
278   'tauGamma[4,1,2]'         0.0246756
279   'tauGamma[4,1,3]'     1e-06
280   'tauGamma[4,2,1]'         0.0249916
281   'tauGamma[4,2,2]'     1e-06
282   'tauGamma[4,2,3]'     1e-06
283   'tauGamma[4,3,1]'     1e-06
284   'tauGamma[4,3,2]'     1e-06
285   'tauGamma[4,3,3]'     1e-06
286   'tauGamma[5,1,1]'     1e-06
287   'tauGamma[5,1,2]'         0.0247619
288   'tauGamma[5,1,3]'     1e-06
289   'tauGamma[5,2,1]'         0.025079
290   'tauGamma[5,2,2]'     1e-06
291   'tauGamma[5,2,3]'     1e-06
292   'tauGamma[5,3,1]'     1e-06
293   'tauGamma[5,3,2]'     1e-06
294   'tauGamma[5,3,3]'     1e-06
295   'tauGamma[6,1,1]'     1e-06
296   'tauGamma[6,1,2]'         0.0248534
297   'tauGamma[6,1,3]'     1e-06
298   'tauGamma[6,2,1]'         0.0251717
299   'tauGamma[6,2,2]'     1e-06
300   'tauGamma[6,2,3]'     1e-06
301   'tauGamma[6,3,1]'     1e-06
302   'tauGamma[6,3,2]'     1e-06
303   'tauGamma[6,3,3]'     1e-06
304   'tauGamma[7,1,1]'     1e-06
305   'tauGamma[7,1,2]'         0.0249513
306   'tauGamma[7,1,3]'     1e-06
307   'tauGamma[7,2,1]'         0.0252709
308   'tauGamma[7,2,2]'     1e-06
309   'tauGamma[7,2,3]'     1e-06
310   'tauGamma[7,3,1]'     1e-06
311   'tauGamma[7,3,2]'     1e-06
312   'tauGamma[7,3,3]'     1e-06
313   'tauGamma[8,1,1]'     1e-06
314   'tauGamma[8,1,2]'         0.0250496
315   'tauGamma[8,1,3]'     1e-06
316   'tauGamma[8,2,1]'         0.0253704
317   'tauGamma[8,2,2]'     1e-06
318   'tauGamma[8,2,3]'     1e-06
319   'tauGamma[8,3,1]'     1e-06
320   'tauGamma[8,3,2]'     1e-06
321   'tauGamma[8,3,3]'     1e-06
322   'tauGamma[9,1,1]'     1e-06
323   'tauGamma[9,1,2]'         0.0252341
324   'tauGamma[9,1,3]'     1e-06
325   'tauGamma[9,2,1]'         0.0255573
326   'tauGamma[9,2,2]'     1e-06
327   'tauGamma[9,2,3]'     1e-06
328   'tauGamma[9,3,1]'     1e-06
329   'tauGamma[9,3,2]'     1e-06
330   'tauGamma[9,3,3]'     1e-06
331   'tauGamma[10,1,1]'    1e-06
332   'tauGamma[10,1,2]'        0.0253742
333   'tauGamma[10,1,3]'    1e-06
334   'tauGamma[10,2,1]'        0.0256992
335   'tauGamma[10,2,2]'    1e-06
336   'tauGamma[10,2,3]'    1e-06
337   'tauGamma[10,3,1]'    1e-06
338   'tauGamma[10,3,2]'    1e-06
339   'tauGamma[10,3,3]'    1e-06
340   'tauGamma[11,1,1]'    1e-06
341   'tauGamma[11,1,2]'        0.0254818
342   'tauGamma[11,1,3]'    1e-06
343   'tauGamma[11,2,1]'        0.0258081
344   'tauGamma[11,2,2]'    1e-06
345   'tauGamma[11,2,3]'    1e-06
346   'tauGamma[11,3,1]'    1e-06
347   'tauGamma[11,3,2]'    1e-06
348   'tauGamma[11,3,3]'    1e-06
349   'tauGamma[12,1,1]'    1e-06
350   'tauGamma[12,1,2]'        0.0255628
351   'tauGamma[12,1,3]'    1e-06
352   'tauGamma[12,2,1]'        0.0258902
353   'tauGamma[12,2,2]'    1e-06
354   'tauGamma[12,2,3]'    1e-06
355   'tauGamma[12,3,1]'    1e-06
356   'tauGamma[12,3,2]'    1e-06
357   'tauGamma[12,3,3]'    1e-06
358   'tauGamma[13,1,1]'    1e-06
359   'tauGamma[13,1,2]'        0.0256218
360   'tauGamma[13,1,3]'    1e-06
361   'tauGamma[13,2,1]'        0.02595
362   'tauGamma[13,2,2]'    1e-06
363   'tauGamma[13,2,3]'    1e-06
364   'tauGamma[13,3,1]'    1e-06
365   'tauGamma[13,3,2]'    1e-06
366   'tauGamma[13,3,3]'    1e-06
367   'tauGamma[14,1,1]'    1e-06
368   'tauGamma[14,1,2]'        0.0256632
369   'tauGamma[14,1,3]'    1e-06
370   'tauGamma[14,2,1]'        0.0259918
371   'tauGamma[14,2,2]'    1e-06
372   'tauGamma[14,2,3]'    1e-06
373   'tauGamma[14,3,1]'    1e-06
374   'tauGamma[14,3,2]'    1e-06
375   'tauGamma[14,3,3]'    1e-06
376   'tauGamma[15,1,1]'    1e-06
377   'tauGamma[15,1,2]'        0.0256913
378   'tauGamma[15,1,3]'    1e-06
379   'tauGamma[15,2,1]'        0.0260203
380   'tauGamma[15,2,2]'    1e-06
381   'tauGamma[15,2,3]'    1e-06
382   'tauGamma[15,3,1]'    1e-06
383   'tauGamma[15,3,2]'    1e-06
384   'tauGamma[15,3,3]'    1e-06
385   'PGamma[1,1,1]'           1
386   'PGamma[1,1,2]'           0.992745
387   'PGamma[1,1,3]'           1
388   'PGamma[1,2,1]'           0.992653
389   'PGamma[1,2,2]'           1
390   'PGamma[1,2,3]'           1
391   'PGamma[1,3,1]'           1
392   'PGamma[1,3,2]'           1
393   'PGamma[1,3,3]'           1
394   'PGamma[2,1,1]'           1
395   'PGamma[2,1,2]'           0.99269
396   'PGamma[2,1,3]'           1
397   'PGamma[2,2,1]'           0.992597
398   'PGamma[2,2,2]'           1
399   'PGamma[2,2,3]'           1
400   'PGamma[2,3,1]'           1
401   'PGamma[2,3,2]'           1
402   'PGamma[2,3,3]'           1
403   'PGamma[3,1,1]'           1
404   'PGamma[3,1,2]'           0.992653
405   'PGamma[3,1,3]'           1
406   'PGamma[3,2,1]'           0.992559
407   'PGamma[3,2,2]'           1
408   'PGamma[3,2,3]'           1
409   'PGamma[3,3,1]'           1
410   'PGamma[3,3,2]'           1
411   'PGamma[3,3,3]'           1
412   'PGamma[4,1,1]'           1
413   'PGamma[4,1,2]'           0.992625
414   'PGamma[4,1,3]'           1
415   'PGamma[4,2,1]'           0.992531
416   'PGamma[4,2,2]'           1
417   'PGamma[4,2,3]'           1
418   'PGamma[4,3,1]'           1
419   'PGamma[4,3,2]'           1
420   'PGamma[4,3,3]'           1
421   'PGamma[5,1,1]'           1
422   'PGamma[5,1,2]'           0.992599
423   'PGamma[5,1,3]'           1
424   'PGamma[5,2,1]'           0.992505
425   'PGamma[5,2,2]'           1
426   'PGamma[5,2,3]'           1
427   'PGamma[5,3,1]'           1
428   'PGamma[5,3,2]'           1
429   'PGamma[5,3,3]'           1
430   'PGamma[6,1,1]'           1
431   'PGamma[6,1,2]'           0.992572
432   'PGamma[6,1,3]'           1
433   'PGamma[6,2,1]'           0.992477
434   'PGamma[6,2,2]'           1
435   'PGamma[6,2,3]'           1
436   'PGamma[6,3,1]'           1
437   'PGamma[6,3,2]'           1
438   'PGamma[6,3,3]'           1
439   'PGamma[7,1,1]'           1
440   'PGamma[7,1,2]'           0.992543
441   'PGamma[7,1,3]'           1
442   'PGamma[7,2,1]'           0.992447
443   'PGamma[7,2,2]'           1
444   'PGamma[7,2,3]'           1
445   'PGamma[7,3,1]'           1
446   'PGamma[7,3,2]'           1
447   'PGamma[7,3,3]'           1
448   'PGamma[8,1,1]'           1
449   'PGamma[8,1,2]'           0.992513
450   'PGamma[8,1,3]'           1
451   'PGamma[8,2,1]'           0.992418
452   'PGamma[8,2,2]'           1
453   'PGamma[8,2,3]'           1
454   'PGamma[8,3,1]'           1
455   'PGamma[8,3,2]'           1
456   'PGamma[8,3,3]'           1
457   'PGamma[9,1,1]'           1
458   'PGamma[9,1,2]'           0.992458
459   'PGamma[9,1,3]'           1
460   'PGamma[9,2,1]'           0.992362
461   'PGamma[9,2,2]'           1
462   'PGamma[9,2,3]'           1
463   'PGamma[9,3,1]'           1
464   'PGamma[9,3,2]'           1
465   'PGamma[9,3,3]'           1
466   'PGamma[10,1,1]'          1
467   'PGamma[10,1,2]'          0.992417
468   'PGamma[10,1,3]'          1
469   'PGamma[10,2,1]'          0.99232
470   'PGamma[10,2,2]'          1
471   'PGamma[10,2,3]'          1
472   'PGamma[10,3,1]'          1
473   'PGamma[10,3,2]'          1
474   'PGamma[10,3,3]'          1
475   'PGamma[11,1,1]'          1
476   'PGamma[11,1,2]'          0.992385
477   'PGamma[11,1,3]'          1
478   'PGamma[11,2,1]'          0.992287
479   'PGamma[11,2,2]'          1
480   'PGamma[11,2,3]'          1
481   'PGamma[11,3,1]'          1
482   'PGamma[11,3,2]'          1
483   'PGamma[11,3,3]'          1
484   'PGamma[12,1,1]'          1
485   'PGamma[12,1,2]'          0.99236
486   'PGamma[12,1,3]'          1
487   'PGamma[12,2,1]'          0.992263
488   'PGamma[12,2,2]'          1
489   'PGamma[12,2,3]'          1
490   'PGamma[12,3,1]'          1
491   'PGamma[12,3,2]'          1
492   'PGamma[12,3,3]'          1
493   'PGamma[13,1,1]'          1
494   'PGamma[13,1,2]'          0.992343
495   'PGamma[13,1,3]'          1
496   'PGamma[13,2,1]'          0.992245
497   'PGamma[13,2,2]'          1
498   'PGamma[13,2,3]'          1
499   'PGamma[13,3,1]'          1
500   'PGamma[13,3,2]'          1
501   'PGamma[13,3,3]'          1
502   'PGamma[14,1,1]'          1
503   'PGamma[14,1,2]'          0.992331
504   'PGamma[14,1,3]'          1
505   'PGamma[14,2,1]'          0.992233
506   'PGamma[14,2,2]'          1
507   'PGamma[14,2,3]'          1
508   'PGamma[14,3,1]'          1
509   'PGamma[14,3,2]'          1
510   'PGamma[14,3,3]'          1
511   'PGamma[15,1,1]'          1
512   'PGamma[15,1,2]'          0.992322
513   'PGamma[15,1,3]'          1
514   'PGamma[15,2,1]'          0.992224
515   'PGamma[15,2,2]'          1
516   'PGamma[15,2,3]'          1
517   'PGamma[15,3,1]'          1
518   'PGamma[15,3,2]'          1
519   'PGamma[15,3,3]'          1
520   'SGamma1[1,1]'            0.0135845
521   'SGamma1[1,2]'            0.000346136
522   'SGamma1[1,3]'        1e-06
523   'SGamma1[2,1]'            0.0167974
524   'SGamma1[2,2]'            0.000710261
525   'SGamma1[2,3]'        1e-06
526   'SGamma1[3,1]'            0.0184058
527   'SGamma1[3,2]'            0.00127174
528   'SGamma1[3,3]'        1e-06
529   'SGamma1[4,1]'            0.0187357
530   'SGamma1[4,2]'            0.00209092
531   'SGamma1[4,3]'        1e-06
532   'SGamma1[5,1]'            0.0181875
533   'SGamma1[5,2]'            0.00323321
534   'SGamma1[5,3]'        1e-06
535   'SGamma1[6,1]'            0.0170256
536   'SGamma1[6,2]'            0.00473413
537   'SGamma1[6,3]'        1e-06
538   'SGamma1[7,1]'            0.0154398
539   'SGamma1[7,2]'            0.00655338
540   'SGamma1[7,3]'        1e-06
541   'SGamma1[8,1]'            0.0136301
542   'SGamma1[8,2]'            0.00855068
543   'SGamma1[8,3]'        1e-06
544   'SGamma1[9,1]'            0.0124452
545   'SGamma1[9,2]'            0.011593
546   'SGamma1[9,3]'        1e-06
547   'SGamma1[10,1]'           0.0102231
548   'SGamma1[10,2]'           0.0146674
549   'SGamma1[10,3]'       1e-06
550   'SGamma1[11,1]'           0.00775723
551   'SGamma1[11,2]'           0.0174897
552   'SGamma1[11,3]'       1e-06
553   'SGamma1[12,1]'           0.00553687
554   'SGamma1[12,2]'           0.0198582
555   'SGamma1[12,3]'       1e-06
556   'SGamma1[13,1]'           0.00376441
557   'SGamma1[13,2]'           0.0216968
558   'SGamma1[13,3]'       1e-06
559   'SGamma1[14,1]'           0.00245568
560   'SGamma1[14,2]'           0.0230389
561   'SGamma1[14,3]'       1e-06
562   'SGamma1[15,1]'           0.0015382
563   'SGamma1[15,2]'           0.0239752
564   'SGamma1[15,3]'       1e-06
565   'SGamma2[1,1]'            0.99591
566   'SGamma2[1,2]'            0.999896
567   'SGamma2[1,3]'            1
568   'SGamma2[2,1]'            0.994942
569   'SGamma2[2,2]'            0.999786
570   'SGamma2[2,3]'            1
571   'SGamma2[3,1]'            0.994458
572   'SGamma2[3,2]'            0.999617
573   'SGamma2[3,3]'            1
574   'SGamma2[4,1]'            0.994358
575   'SGamma2[4,2]'            0.999371
576   'SGamma2[4,3]'            1
577   'SGamma2[5,1]'            0.994523
578   'SGamma2[5,2]'            0.999027
579   'SGamma2[5,3]'            1
580   'SGamma2[6,1]'            0.994873
581   'SGamma2[6,2]'            0.998575
582   'SGamma2[6,3]'            1
583   'SGamma2[7,1]'            0.995351
584   'SGamma2[7,2]'            0.998027
585   'SGamma2[7,3]'            1
586   'SGamma2[8,1]'            0.995895
587   'SGamma2[8,2]'            0.997425
588   'SGamma2[8,3]'            1
589   'SGamma2[9,1]'            0.996252
590   'SGamma2[9,2]'            0.996509
591   'SGamma2[9,3]'            1
592   'SGamma2[10,1]'           0.996921
593   'SGamma2[10,2]'           0.995583
594   'SGamma2[10,3]'           1
595   'SGamma2[11,1]'           0.997664
596   'SGamma2[11,2]'           0.994733
597   'SGamma2[11,3]'           1
598   'SGamma2[12,1]'           0.998333
599   'SGamma2[12,2]'           0.99402
600   'SGamma2[12,3]'           1
601   'SGamma2[13,1]'           0.998867
602   'SGamma2[13,2]'           0.993466
603   'SGamma2[13,3]'           1
604   'SGamma2[14,1]'           0.999261
605   'SGamma2[14,2]'           0.993062
606   'SGamma2[14,3]'           1
607   'SGamma2[15,1]'           0.999537
608   'SGamma2[15,2]'           0.99278
609   'SGamma2[15,3]'           1
610   'gamma[1,1]'              1.02703
611   'gamma[1,2]'              1.00031
612   'gamma[1,3]'              0.999613
613   'gamma[2,1]'              1.03303
614   'gamma[2,2]'              1.00046
615   'gamma[2,3]'              0.999021
616   'gamma[3,1]'              1.03539
617   'gamma[3,2]'              1.00066
618   'gamma[3,3]'              0.998086
619   'gamma[4,1]'              1.03476
620   'gamma[4,2]'              1.00104
621   'gamma[4,3]'              0.996809
622   'gamma[5,1]'              1.032
623   'gamma[5,2]'              1.00176
624   'gamma[5,3]'              0.995228
625   'gamma[6,1]'              1.02782
626   'gamma[6,2]'              1.00305
627   'gamma[6,3]'              0.993487
628   'gamma[7,1]'              1.0229
629   'gamma[7,2]'              1.0051
630   'gamma[7,3]'              0.991861
631   'gamma[8,1]'              1.018
632   'gamma[8,2]'              1.00796
633   'gamma[8,3]'              0.990667
634   'gamma[9,1]'              1.01342
635   'gamma[9,2]'              1.012
636   'gamma[9,3]'              0.988536
637   'gamma[10,1]'             1.00855
638   'gamma[10,2]'             1.01791
639   'gamma[10,3]'             0.98815
640   'gamma[11,1]'             1.00478
641   'gamma[11,2]'             1.02494
642   'gamma[11,3]'             0.989316
643   'gamma[12,1]'             1.0024
644   'gamma[12,2]'             1.03198
645   'gamma[12,3]'             0.99136
646   'gamma[13,1]'             1.0011
647   'gamma[13,2]'             1.03814
648   'gamma[13,3]'             0.99359
649   'gamma[14,1]'             1.00047
650   'gamma[14,2]'             1.04302
651   'gamma[14,3]'             0.995563
652   'gamma[15,1]'             1.00018
653   'gamma[15,2]'             1.04661
654   'gamma[15,3]'             0.99711
655   'PrS[1,1]'           224033
656   'PrS[1,2]'           129426
657   'PrS[1,3]'            60525.8
658   'PrS[2,1]'           202821
659   'PrS[2,2]'           116570
660   'PrS[2,3]'            54045.2
661   'PrS[3,1]'           189640
662   'PrS[3,2]'           108614
663   'PrS[3,3]'            50062.2
664   'PrS[4,1]'           180343
665   'PrS[4,2]'           103019
666   'PrS[4,3]'            47274.8
667   'PrS[5,1]'           172161
668   'PrS[5,2]'            98106
669   'PrS[5,3]'            44837.3
670   'PrS[6,1]'           163882
671   'PrS[6,2]'            93146.9
672   'PrS[6,3]'            42386.7
673   'PrS[7,1]'           155440
674   'PrS[7,2]'            88102.5
675   'PrS[7,3]'            39904.8
676   'PrS[8,1]'           147392
677   'PrS[8,2]'            83305.9
678   'PrS[8,3]'            37555.3
679   'PrS[9,1]'           133358
680   'PrS[9,2]'            74972.7
681   'PrS[9,3]'            33500
682   'PrS[10,1]'          123569
683   'PrS[10,2]'           69186.2
684   'PrS[10,3]'           30705.5
685   'PrS[11,1]'          116528
686   'PrS[11,2]'           65037.7
687   'PrS[11,3]'           28713.6
688   'PrS[12,1]'          111478
689   'PrS[12,2]'           62069.6
690   'PrS[12,3]'           27294.9
691   'PrS[13,1]'          107937
692   'PrS[13,2]'           59992.9
693   'PrS[13,3]'           26305.6
694   'PrS[14,1]'          105520
695   'PrS[14,2]'           58576.8
696   'PrS[14,3]'           25632.6
697   'PrS[15,1]'          103905
698   'PrS[15,2]'           57632
699   'PrS[15,3]'           25184.3
700   'PrSF[1]'            167362
701   'PrSF[2]'             95229.8
702   'PrSF[3]'             43414.8
703   Vap                     628.53
;

