solve_message =
'filterSQP (20020316): QP infeasible (ifail = 4), objective = 257.9974277718163\
13 iterations (12 for feasibility)\
Evals: obj = 1, constr = 17, grad = 12, Hes = 13'

:      _varname         _var         :=
1     'F[2]'          0
2     'F[3]'          0
3     'F[4]'          0
4     'F[5]'          0
5     'F[6]'          0
6     'F[7]'          0
7     'F[8]'        100
8     'F[9]'          0
9     'F[10]'         0
10    'F[11]'         0
11    'F[12]'         0
12    'F[13]'         0
13    'F[14]'         0
14    'Vs[1]'       124.924
15    'Vs[2]'       133.074
16    'y[1,1,1]'      0.0121101
17    'y[1,1,2]'      0.7431
18    'y[1,1,3]'      0.24479
19    'y[1,2,1]'      0.0280071
20    'y[1,2,2]'      0.810553
21    'y[1,2,3]'      0.16144
22    'y[1,3,1]'      0.0564544
23    'y[1,3,2]'      0.816868
24    'y[1,3,3]'      0.126677
25    'y[1,4,1]'      0.105038
26    'y[1,4,2]'      0.78446
27    'y[1,4,3]'      0.110502
28    'y[1,5,1]'      0.181458
29    'y[1,5,2]'      0.718894
30    'y[1,5,3]'      0.0996479
31    'y[1,6,1]'      0.286997
32    'y[1,6,2]'      0.623899
33    'y[1,6,3]'      0.0891045
34    'y[1,7,1]'      0.409086
35    'y[1,7,2]'      0.51279
36    'y[1,7,3]'      0.0781239
37    'y[1,8,1]'      0.524386
38    'y[1,8,2]'      0.407562
39    'y[1,8,3]'      0.0680527
40    'y[1,9,1]'      0.631233
41    'y[1,9,2]'      0.343612
42    'y[1,9,3]'      0.0251555
43    'y[1,10,1]'     0.743763
44    'y[1,10,2]'     0.248259
45    'y[1,10,3]'     0.00797786
46    'y[1,11,1]'     0.840633
47    'y[1,11,2]'     0.157144
48    'y[1,11,3]'     0.00222289
49    'y[1,12,1]'     0.909663
50    'y[1,12,2]'     0.0897744
51    'y[1,12,3]'     0.000562185
52    'y[1,13,1]'     0.952306
53    'y[1,13,2]'     0.0475611
54    'y[1,13,3]'     0.000133269
55    'y[1,14,1]'     0.976325
56    'y[1,14,2]'     0.0236444
57    'y[1,14,3]'     3.01844e-05
58    'y[1,15,1]'     0.989149
59    'y[1,15,2]'     0.0108444
60    'y[1,15,3]'     6.43188e-06
61    'y[2,1,1]'      1.0502e-05
62    'y[2,1,2]'      0.101366
63    'y[2,1,3]'      0.898624
64    'y[2,2,1]'      4.73594e-05
65    'y[2,2,2]'      0.187025
66    'y[2,2,3]'      0.812927
67    'y[2,3,1]'      0.00019153
68    'y[2,3,2]'      0.305143
69    'y[2,3,3]'      0.694666
70    'y[2,4,1]'      0.000697289
71    'y[2,4,2]'      0.441664
72    'y[2,4,3]'      0.557639
73    'y[2,5,1]'      0.00228488
74    'y[2,5,2]'      0.570196
75    'y[2,5,3]'      0.427519
76    'y[2,6,1]'      0.00230764
77    'y[2,6,2]'      0.604019
78    'y[2,6,3]'      0.393674
79    'y[2,7,1]'      0.00233839
80    'y[2,7,2]'      0.649682
81    'y[2,7,3]'      0.347979
82    'y[2,8,1]'      0.00237639
83    'y[2,8,2]'      0.705931
84    'y[2,8,3]'      0.291692
85    'y[2,9,1]'      0.00241879
86    'y[2,9,2]'      0.767891
87    'y[2,9,3]'      0.22969
88    'y[2,10,1]'     0.00246258
89    'y[2,10,2]'     0.828273
90    'y[2,10,3]'     0.169265
91    'y[2,11,1]'     0.00251083
92    'y[2,11,2]'     0.88048
93    'y[2,11,3]'     0.11701
94    'y[2,12,1]'     0.00259027
95    'y[2,12,2]'     0.92112
96    'y[2,12,3]'     0.0762897
97    'y[2,13,1]'     0.00281005
98    'y[2,13,2]'     0.950134
99    'y[2,13,3]'     0.0470563
100   'y[2,14,1]'     0.00357595
101   'y[2,14,2]'     0.969147
102   'y[2,14,3]'     0.0272775
103   'y[2,15,1]'     0.00637089
104   'y[2,15,2]'     0.97921
105   'y[2,15,3]'     0.0144186
106   'Ls[1]'       194.846
107   'Ls[2]'       163.957
108   'x[1,1,1]'      0.0035578
109   'x[1,1,2]'      0.567398
110   'x[1,1,3]'      0.429044
111   'x[1,2,1]'      0.00904104
112   'x[1,2,2]'      0.680048
113   'x[1,2,3]'      0.310911
114   'x[1,3,1]'      0.0192332
115   'x[1,3,2]'      0.723295
116   'x[1,3,3]'      0.257472
117   'x[1,4,1]'      0.0374719
118   'x[1,4,2]'      0.727343
119   'x[1,4,3]'      0.235185
120   'x[1,5,1]'      0.0686206
121   'x[1,5,2]'      0.706565
122   'x[1,5,3]'      0.224814
123   'x[1,6,1]'      0.117617
124   'x[1,6,2]'      0.664528
125   'x[1,6,3]'      0.217855
126   'x[1,7,1]'      0.185282
127   'x[1,7,2]'      0.603623
128   'x[1,7,3]'      0.211095
129   'x[1,8,1]'      0.263558
130   'x[1,8,2]'      0.532387
131   'x[1,8,3]'      0.204055
132   'x[1,9,1]'      0.377
133   'x[1,9,2]'      0.533369
134   'x[1,9,3]'      0.0896315
135   'x[1,10,1]'     0.51773
136   'x[1,10,2]'     0.449139
137   'x[1,10,3]'     0.0331308
138   'x[1,11,1]'     0.665946
139   'x[1,11,2]'     0.323548
140   'x[1,11,3]'     0.0105058
141   'x[1,12,1]'     0.793536
142   'x[1,12,2]'     0.203538
143   'x[1,12,3]'     0.00292578
144   'x[1,13,1]'     0.884457
145   'x[1,13,2]'     0.114805
146   'x[1,13,3]'     0.000738425
147   'x[1,14,1]'     0.940622
148   'x[1,14,2]'     0.0592047
149   'x[1,14,3]'     0.000173492
150   'x[1,15,1]'     0.972259
151   'x[1,15,2]'     0.0277035
152   'x[1,15,3]'     3.77168e-05
153   'x[2,1,1]'      1.86716e-06
154   'x[2,1,2]'      0.0468392
155   'x[2,1,3]'      0.953159
156   'x[2,2,1]'      8.87548e-06
157   'x[2,2,2]'      0.0910949
158   'x[2,2,3]'      0.908896
159   'x[2,3,1]'      3.87903e-05
160   'x[2,3,2]'      0.160619
161   'x[2,3,3]'      0.839342
162   'x[2,4,1]'      0.000155805
163   'x[2,4,2]'      0.256488
164   'x[2,4,3]'      0.743356
165   'x[2,5,1]'      0.000566297
166   'x[2,5,2]'      0.367293
167   'x[2,5,3]'      0.63214
168   'x[2,6,1]'      0.000588567
169   'x[2,6,2]'      0.400392
170   'x[2,6,3]'      0.599019
171   'x[2,7,1]'      0.000620777
172   'x[2,7,2]'      0.448257
173   'x[2,7,3]'      0.551122
174   'x[2,8,1]'      0.000664295
175   'x[2,8,2]'      0.512878
176   'x[2,8,3]'      0.486458
177   'x[2,9,1]'      0.000718065
178   'x[2,9,2]'      0.592479
179   'x[2,9,3]'      0.406803
180   'x[2,10,1]'     0.000778073
181   'x[2,10,2]'     0.680161
182   'x[2,10,3]'     0.319061
183   'x[2,11,1]'     0.000840035
184   'x[2,11,2]'     0.765611
185   'x[2,11,3]'     0.233549
186   'x[2,12,1]'     0.000908316
187   'x[2,12,2]'     0.839491
188   'x[2,12,3]'     0.159601
189   'x[2,13,1]'     0.00102074
190   'x[2,13,2]'     0.897004
191   'x[2,13,3]'     0.101976
192   'x[2,14,1]'     0.00133176
193   'x[2,14,2]'     0.938062
194   'x[2,14,3]'     0.060606
195   'x[2,15,1]'     0.00241562
196   'x[2,15,2]'     0.964968
197   'x[2,15,3]'     0.0326159
198   'CC[2]'         0
199   'CC[3]'         0
200   'CC[4]'         0
201   'CC[5]'         0
202   'CC[6]'         0
203   'CC[7]'         0
204   'CC[8]'         0
205   'CC[9]'         0
206   'CC[10]'        0
207   'CC[11]'        0
208   'CC[12]'        0
209   'CC[13]'        0
210   'CC[14]'        0
211   'CR[2]'         0
212   'CR[3]'         0
213   'CR[4]'         0
214   'CR[5]'        69.9224
215   'CR[6]'         0
216   'CR[7]'         0
217   'CR[8]'         0
218   'CR[9]'         0
219   'CR[10]'        0
220   'CR[11]'        0
221   'CR[12]'        0
222   'CR[13]'        0
223   'CR[14]'        0
224   'PC[1]'        30.0776
225   'PC[2]'        39.0389
226   'PR[1]'         0
227   'PR[2]'        30.8835
228   'PS[2]'         0
229   'PS[3]'         0
230   'PS[4]'         0
231   'PS[5]'         0
232   'PS[6]'         0
233   'PS[7]'         0
234   'PS[8]'         0
235   'PS[9]'         0
236   'PS[10]'        0
237   'PS[11]'        0
238   'PS[12]'        0
239   'PS[13]'        0
240   'PS[14]'        0
241   Vap           257.997
242   Sep            95
;

