solve_message =
'filterSQP (20020316): QP infeasible (ifail = 4), objective = 215.7111813999652\
19 iterations (18 for feasibility)\
Evals: obj = 1, constr = 31, grad = 16, Hes = 19'

:      _varname         _var         :=
1     'F[2]'          0
2     'F[3]'          0
3     'F[4]'          0
4     'F[5]'          0
5     'F[6]'          0
6     'F[7]'          0
7     'F[8]'        100
8     'F[9]'          0
9     'F[10]'         0
10    'F[11]'         0
11    'F[12]'         0
12    'F[13]'         0
13    'F[14]'         0
14    'Vs[1]'       115.367
15    'Vs[2]'       100.345
16    'y[1,1,1]'      0.0119374
17    'y[1,1,2]'      0.741862
18    'y[1,1,3]'      0.2462
19    'y[1,2,1]'      0.0272468
20    'y[1,2,2]'      0.808205
21    'y[1,2,3]'      0.164548
22    'y[1,3,1]'      0.0540868
23    'y[1,3,2]'      0.814808
24    'y[1,3,3]'      0.131106
25    'y[1,4,1]'      0.0991869
26    'y[1,4,2]'      0.785102
27    'y[1,4,3]'      0.115711
28    'y[1,5,1]'      0.169484
29    'y[1,5,2]'      0.725141
30    'y[1,5,3]'      0.105375
31    'y[1,6,1]'      0.26679
32    'y[1,6,2]'      0.637982
33    'y[1,6,3]'      0.0952281
34    'y[1,7,1]'      0.381281
35    'y[1,7,2]'      0.534284
36    'y[1,7,3]'      0.0844356
37    'y[1,8,1]'      0.492766
38    'y[1,8,2]'      0.433022
39    'y[1,8,3]'      0.0742119
40    'y[1,9,1]'      0.570243
41    'y[1,9,2]'      0.399552
42    'y[1,9,3]'      0.0302042
43    'y[1,10,1]'     0.665856
44    'y[1,10,2]'     0.323352
45    'y[1,10,3]'     0.0107926
46    'y[1,11,1]'     0.766661
47    'y[1,11,2]'     0.22994
48    'y[1,11,3]'     0.00339884
49    'y[1,12,1]'     0.853997
50    'y[1,12,2]'     0.145048
51    'y[1,12,3]'     0.000955392
52    'y[1,13,1]'     0.91707
53    'y[1,13,2]'     0.0826848
54    'y[1,13,3]'     0.000245498
55    'y[1,14,1]'     0.956761
56    'y[1,14,2]'     0.0431799
57    'y[1,14,3]'     5.88955e-05
58    'y[1,15,1]'     0.979594
59    'y[1,15,2]'     0.0203928
60    'y[1,15,3]'     1.30319e-05
61    'y[2,1,1]'      2.24106e-05
62    'y[2,1,2]'      0.175669
63    'y[2,1,3]'      0.824309
64    'y[2,2,1]'      9.01372e-05
65    'y[2,2,2]'      0.295305
66    'y[2,2,3]'      0.704605
67    'y[2,3,1]'      0.000316491
68    'y[2,3,2]'      0.428054
69    'y[2,3,3]'      0.571629
70    'y[2,4,1]'      0.000999732
71    'y[2,4,2]'      0.549674
72    'y[2,4,3]'      0.449326
73    'y[2,5,1]'      0.0029029
74    'y[2,5,2]'      0.642374
75    'y[2,5,3]'      0.354723
76    'y[2,6,1]'      0.00291045
77    'y[2,6,2]'      0.651386
78    'y[2,6,3]'      0.345703
79    'y[2,7,1]'      0.00292156
80    'y[2,7,2]'      0.664655
81    'y[2,7,3]'      0.332423
82    'y[2,8,1]'      0.00293747
83    'y[2,8,2]'      0.683624
84    'y[2,8,3]'      0.313438
85    'y[2,9,1]'      0.00295942
86    'y[2,9,2]'      0.709637
87    'y[2,9,3]'      0.287404
88    'y[2,10,1]'     0.00298854
89    'y[2,10,2]'     0.743338
90    'y[2,10,3]'     0.253673
91    'y[2,11,1]'     0.00302732
92    'y[2,11,2]'     0.78393
93    'y[2,11,3]'     0.213043
94    'y[2,12,1]'     0.00308926
95    'y[2,12,2]'     0.828724
96    'y[2,12,3]'     0.168187
97    'y[2,13,1]'     0.00324507
98    'y[2,13,2]'     0.87357
99    'y[2,13,3]'     0.123185
100   'y[2,14,1]'     0.0038249
101   'y[2,14,2]'     0.914017
102   'y[2,14,3]'     0.0821578
103   'y[2,15,1]'     0.00626884
104   'y[2,15,2]'     0.945863
105   'y[2,15,3]'     0.0478685
106   'Ls[1]'       184.991
107   'Ls[2]'       131.096
108   'x[1,1,1]'      0.00350187
109   'x[1,1,2]'      0.565618
110   'x[1,1,3]'      0.43088
111   'x[1,2,1]'      0.00876254
112   'x[1,2,2]'      0.67553
113   'x[1,2,3]'      0.315707
114   'x[1,3,1]'      0.01831
115   'x[1,3,2]'      0.716904
116   'x[1,3,3]'      0.264786
117   'x[1,4,1]'      0.0350484
118   'x[1,4,2]'      0.721021
119   'x[1,4,3]'      0.24393
120   'x[1,5,1]'      0.0631744
121   'x[1,5,2]'      0.702496
122   'x[1,5,3]'      0.23433
123   'x[1,6,1]'      0.107014
124   'x[1,6,2]'      0.665102
125   'x[1,6,3]'      0.227884
126   'x[1,7,1]'      0.167697
127   'x[1,7,2]'      0.610747
128   'x[1,7,3]'      0.221556
129   'x[1,8,1]'      0.239098
130   'x[1,8,2]'      0.546077
131   'x[1,8,3]'      0.214825
132   'x[1,9,1]'      0.318771
133   'x[1,9,2]'      0.580498
134   'x[1,9,3]'      0.100731
135   'x[1,10,1]'     0.423939
136   'x[1,10,2]'     0.535066
137   'x[1,10,3]'     0.0409946
138   'x[1,11,1]'     0.553724
139   'x[1,11,2]'     0.431631
140   'x[1,11,3]'     0.0146453
141   'x[1,12,1]'     0.690558
142   'x[1,12,2]'     0.304833
143   'x[1,12,3]'     0.00460895
144   'x[1,13,1]'     0.809108
145   'x[1,13,2]'     0.1896
146   'x[1,13,3]'     0.0012922
147   'x[1,14,1]'     0.894723
148   'x[1,14,2]'     0.104948
149   'x[1,14,3]'     0.000328582
150   'x[1,15,1]'     0.948601
151   'x[1,15,2]'     0.0513242
152   'x[1,15,3]'     7.52874e-05
153   'x[2,1,1]'      4.16993e-06
154   'x[2,1,2]'      0.0849527
155   'x[2,1,3]'      0.915043
156   'x[2,2,1]'      1.81319e-05
157   'x[2,2,2]'      0.154389
158   'x[2,2,3]'      0.845593
159   'x[2,3,1]'      6.99718e-05
160   'x[2,3,2]'      0.245962
161   'x[2,3,3]'      0.753968
162   'x[2,4,1]'      0.000243229
163   'x[2,4,2]'      0.347572
164   'x[2,4,3]'      0.652185
165   'x[2,5,1]'      0.000766202
166   'x[2,5,2]'      0.440664
167   'x[2,5,3]'      0.55857
168   'x[2,6,1]'      0.000774404
169   'x[2,6,2]'      0.450458
170   'x[2,6,3]'      0.548767
171   'x[2,7,1]'      0.000786725
172   'x[2,7,2]'      0.46517
173   'x[2,7,3]'      0.534043
174   'x[2,8,1]'      0.00080487
175   'x[2,8,2]'      0.48683
176   'x[2,8,3]'      0.512365
177   'x[2,9,1]'      0.000830844
178   'x[2,9,2]'      0.517795
179   'x[2,9,3]'      0.481375
180   'x[2,10,1]'     0.000866663
181   'x[2,10,2]'     0.560256
182   'x[2,10,3]'     0.438878
183   'x[2,11,1]'     0.000914194
184   'x[2,11,2]'     0.615269
185   'x[2,11,3]'     0.383817
186   'x[2,12,1]'     0.000977508
187   'x[2,12,2]'     0.681529
188   'x[2,12,3]'     0.317493
189   'x[2,13,1]'     0.00107861
190   'x[2,13,2]'     0.75465
191   'x[2,13,3]'     0.244271
192   'x[2,14,1]'     0.00133295
193   'x[2,14,2]'     0.827855
194   'x[2,14,3]'     0.170812
195   'x[2,15,1]'     0.00227945
196   'x[2,15,2]'     0.893879
197   'x[2,15,3]'     0.103841
198   'CC[2]'         0
199   'CC[3]'         0
200   'CC[4]'         0
201   'CC[5]'         0
202   'CC[6]'         0
203   'CC[7]'         0
204   'CC[8]'         0
205   'CC[9]'         0
206   'CC[10]'        0
207   'CC[11]'        0
208   'CC[12]'        0
209   'CC[13]'        0
210   'CC[14]'        0
211   'CR[2]'         0
212   'CR[3]'         0
213   'CR[4]'         0
214   'CR[5]'        69.624
215   'CR[6]'         0
216   'CR[7]'         0
217   'CR[8]'         0
218   'CR[9]'         0
219   'CR[10]'        0
220   'CR[11]'        0
221   'CR[12]'        0
222   'CR[13]'        0
223   'CR[14]'        0
224   'PC[1]'        30.376
225   'PC[2]'        38.8726
226   'PR[1]'         0
227   'PR[2]'        30.7514
228   'PS[2]'         0
229   'PS[3]'         0
230   'PS[4]'         0
231   'PS[5]'         0
232   'PS[6]'         0
233   'PS[7]'         0
234   'PS[8]'         0
235   'PS[9]'         0
236   'PS[10]'        0
237   'PS[11]'        0
238   'PS[12]'        0
239   'PS[13]'        0
240   'PS[14]'        0
241   Vap           215.711
242   Sep            90
;

