solve_message = 'MINLP-B&B (20100607): Optimal solution found\
1 subproblem, objective = 647.962645113876\
Evals: obj = 76, constr = 164, grad = 61, Hes = 79'

:            _varname               _var          :=
1      'F[2]'                      0
2      'F[3]'                      0
3      'F[4]'                      0
4      'F[5]'                      0
5      'F[6]'                      0
6      'F[7]'                      0
7      'F[8]'                    100
8      'F[9]'                      0
9      'F[10]'                     0
10     'F[11]'                     0
11     'F[12]'                     0
12     'F[13]'                     0
13     'F[14]'                     0
14     'V[1,1]'                  211.263
15     'V[1,2]'                  213.552
16     'V[1,3]'                  214.573
17     'V[1,4]'                  214.783
18     'V[1,5]'                  214.49
19     'V[1,6]'                  214.033
20     'V[1,7]'                  214.159
21     'V[1,8]'                  216.075
22     'V[1,9]'                  221.36
23     'V[1,10]'                 226.42
24     'V[1,11]'                 229.877
25     'V[1,12]'                 231.658
26     'V[1,13]'                 232.436
27     'V[1,14]'                 232.75
28     'V[1,15]'                   0
29     'V[2,1]'                  436.7
30     'V[2,2]'                  436.535
31     'V[2,3]'                  436.342
32     'V[2,4]'                  436.387
33     'V[2,5]'                  438.083
34     'V[2,6]'                  439.225
35     'V[2,7]'                  442.08
36     'V[2,8]'                  447.232
37     'V[2,9]'                  453.722
38     'V[2,10]'                 459.547
39     'V[2,11]'                 463.539
40     'V[2,12]'                 465.822
41     'V[2,13]'                 466.994
42     'V[2,14]'                 467.557
43     'V[2,15]'                   0
44     'y[1,1,1]'                  0.00316704
45     'y[1,1,2]'                  0.751327
46     'y[1,1,3]'                  0.245506
47     'y[1,2,1]'                  0.00816659
48     'y[1,2,2]'                  0.84236
49     'y[1,2,3]'                  0.149474
50     'y[1,3,1]'                  0.0190141
51     'y[1,3,2]'                  0.875415
52     'y[1,3,3]'                  0.105571
53     'y[1,4,1]'                  0.0420433
54     'y[1,4,2]'                  0.871987
55     'y[1,4,3]'                  0.0859693
56     'y[1,5,1]'                  0.0889723
57     'y[1,5,2]'                  0.835357
58     'y[1,5,3]'                  0.0756709
59     'y[1,6,1]'                  0.176965
60     'y[1,6,2]'                  0.755777
61     'y[1,6,3]'                  0.0672582
62     'y[1,7,1]'                  0.318367
63     'y[1,7,2]'                  0.624347
64     'y[1,7,3]'                  0.0572862
65     'y[1,8,1]'                  0.496296
66     'y[1,8,2]'                  0.45802
67     'y[1,8,3]'                  0.0456843
68     'y[1,9,1]'                  0.680528
69     'y[1,9,2]'                  0.307256
70     'y[1,9,3]'                  0.0122166
71     'y[1,10,1]'                 0.835604
72     'y[1,10,2]'                 0.161895
73     'y[1,10,3]'                 0.00250094
74     'y[1,11,1]'                 0.927475
75     'y[1,11,2]'                 0.0720995
76     'y[1,11,3]'                 0.000425261
77     'y[1,12,1]'                 0.970603
78     'y[1,12,2]'                 0.029331
79     'y[1,12,3]'                 6.55281e-05
80     'y[1,13,1]'                 0.988569
81     'y[1,13,2]'                 0.0114218
82     'y[1,13,3]'                 9.66116e-06
83     'y[1,14,1]'                 0.99567
84     'y[1,14,2]'                 0.00432871
85     'y[1,14,3]'                 1.39607e-06
86     'y[1,15,1]'                 0.998418
87     'y[1,15,2]'                 0.00158172
88     'y[1,15,3]'                 1.97207e-07
89     'y[2,1,1]'                  3.73374e-07
90     'y[2,1,2]'                  0.0196902
91     'y[2,1,3]'                  0.980309
92     'y[2,2,1]'                  1.86446e-06
93     'y[2,2,2]'                  0.0406177
94     'y[2,2,3]'                  0.95938
95     'y[2,3,1]'                  9.04741e-06
96     'y[2,3,2]'                  0.0807752
97     'y[2,3,3]'                  0.919216
98     'y[2,4,1]'                  4.23302e-05
99     'y[2,4,2]'                  0.153389
100    'y[2,4,3]'                  0.846568
101    'y[2,5,1]'                  0.000186466
102    'y[2,5,2]'                  0.271404
103    'y[2,5,3]'                  0.72841
104    'y[2,6,1]'                  0.000190148
105    'y[2,6,2]'                  0.355895
106    'y[2,6,3]'                  0.643915
107    'y[2,7,1]'                  0.000195134
108    'y[2,7,2]'                  0.480748
109    'y[2,7,3]'                  0.519057
110    'y[2,8,1]'                  0.000200739
111    'y[2,8,2]'                  0.63116
112    'y[2,8,3]'                  0.368639
113    'y[2,9,1]'                  0.000206362
114    'y[2,9,2]'                  0.772015
115    'y[2,9,3]'                  0.227778
116    'y[2,10,1]'                 0.000213293
117    'y[2,10,2]'                 0.874869
118    'y[2,10,3]'                 0.124917
119    'y[2,11,1]'                 0.000227301
120    'y[2,11,2]'                 0.93664
121    'y[2,11,3]'                 0.0631331
122    'y[2,12,1]'                 0.00026508
123    'y[2,12,2]'                 0.969332
124    'y[2,12,3]'                 0.0304026
125    'y[2,13,1]'                 0.000374375
126    'y[2,13,2]'                 0.985393
127    'y[2,13,3]'                 0.014233
128    'y[2,14,1]'                 0.000693767
129    'y[2,14,2]'                 0.992783
130    'y[2,14,3]'                 0.00652294
131    'y[2,15,1]'                 0.00162695
132    'y[2,15,2]'                 0.995464
133    'y[2,15,3]'                 0.00290885
134    'L[1,1]'                    0
135    'L[1,2]'                  281.28
136    'L[1,3]'                  283.569
137    'L[1,4]'                  284.591
138    'L[1,5]'                  284.801
139    'L[1,6]'                  284.508
140    'L[1,7]'                  284.05
141    'L[1,8]'                  284.176
142    'L[1,9]'                  186.092
143    'L[1,10]'                 191.378
144    'L[1,11]'                 196.437
145    'L[1,12]'                 199.894
146    'L[1,13]'                 201.676
147    'L[1,14]'                 202.453
148    'L[1,15]'                 202.767
149    'L[2,1]'                    0
150    'L[2,2]'                  466.859
151    'L[2,3]'                  466.694
152    'L[2,4]'                  466.501
153    'L[2,5]'                  466.546
154    'L[2,6]'                  398.225
155    'L[2,7]'                  399.367
156    'L[2,8]'                  402.222
157    'L[2,9]'                  407.374
158    'L[2,10]'                 413.864
159    'L[2,11]'                 419.688
160    'L[2,12]'                 423.681
161    'L[2,13]'                 425.963
162    'L[2,14]'                 427.135
163    'L[2,15]'                 427.699
164    'x[1,1,1]'                  0.000926195
165    'x[1,1,2]'                  0.570609
166    'x[1,1,3]'                  0.428465
167    'x[1,2,1]'                  0.00260924
168    'x[1,2,2]'                  0.706342
169    'x[1,2,3]'                  0.291049
170    'x[1,3,1]'                  0.00637883
171    'x[1,3,2]'                  0.77526
172    'x[1,3,3]'                  0.218361
173    'x[1,4,1]'                  0.014564
174    'x[1,4,2]'                  0.800424
175    'x[1,4,3]'                  0.185012
176    'x[1,5,1]'                  0.0319348
177    'x[1,5,2]'                  0.797894
178    'x[1,5,3]'                  0.170171
179    'x[1,6,1]'                  0.0673042
180    'x[1,6,2]'                  0.770202
181    'x[1,6,3]'                  0.162494
182    'x[1,7,1]'                  0.133572
183    'x[1,7,2]'                  0.710134
184    'x[1,7,3]'                  0.156294
185    'x[1,8,1]'                  0.240154
186    'x[1,8,2]'                  0.611106
187    'x[1,8,3]'                  0.14874
188    'x[1,9,1]'                  0.415396
189    'x[1,9,2]'                  0.531559
190    'x[1,9,3]'                  0.0530447
191    'x[1,10,1]'                 0.630725
192    'x[1,10,2]'                 0.355145
193    'x[1,10,3]'                 0.0141306
194    'x[1,11,1]'                 0.810753
195    'x[1,11,2]'                 0.186364
196    'x[1,11,3]'                 0.00288263
197    'x[1,12,1]'                 0.916834
198    'x[1,12,2]'                 0.0826766
199    'x[1,12,3]'                 0.000489018
200    'x[1,13,1]'                 0.966468
201    'x[1,13,2]'                 0.0334564
202    'x[1,13,3]'                 7.52407e-05
203    'x[1,14,1]'                 0.98711
204    'x[1,14,2]'                 0.0128791
205    'x[1,14,3]'                 1.10627e-05
206    'x[1,15,1]'                 0.995264
207    'x[1,15,2]'                 0.0047349
208    'x[1,15,3]'                 1.57335e-06
209    'x[2,1,1]'                  7.01894e-08
210    'x[2,1,2]'                  0.00911807
211    'x[2,1,3]'                  0.990882
212    'x[2,2,1]'                  3.53788e-07
213    'x[2,2,2]'                  0.0190072
214    'x[2,2,3]'                  0.980992
215    'x[2,3,1]'                  1.74851e-06
216    'x[2,3,2]'                  0.0385821
217    'x[2,3,3]'                  0.961416
218    'x[2,4,1]'                  8.46704e-06
219    'x[2,4,2]'                  0.0761426
220    'x[2,4,3]'                  0.923849
221    'x[2,5,1]'                  3.95984e-05
222    'x[2,5,2]'                  0.144063
223    'x[2,5,3]'                  0.855897
224    'x[2,6,1]'                  4.22881e-05
225    'x[2,6,2]'                  0.198933
226    'x[2,6,3]'                  0.801025
227    'x[2,7,1]'                  4.6749e-05
228    'x[2,7,2]'                  0.292063
229    'x[2,7,3]'                  0.70789
230    'x[2,8,1]'                  5.32472e-05
231    'x[2,8,2]'                  0.429742
232    'x[2,8,3]'                  0.570205
233    'x[2,9,1]'                  6.1195e-05
234    'x[2,9,2]'                  0.595516
235    'x[2,9,3]'                  0.404423
236    'x[2,10,1]'                 6.95481e-05
237    'x[2,10,2]'                 0.750495
238    'x[2,10,3]'                 0.249435
239    'x[2,11,1]'                 7.90361e-05
240    'x[2,11,2]'                 0.863416
241    'x[2,11,3]'                 0.136505
242    'x[2,12,1]'                 9.56264e-05
243    'x[2,12,2]'                 0.931106
244    'x[2,12,3]'                 0.0687988
245    'x[2,13,1]'                 0.000137646
246    'x[2,13,2]'                 0.966887
247    'x[2,13,3]'                 0.0329753
248    'x[2,14,1]'                 0.00025749
249    'x[2,14,2]'                 0.984453
250    'x[2,14,3]'                 0.0152897
251    'x[2,15,1]'                 0.000606801
252    'x[2,15,2]'                 0.992533
253    'x[2,15,3]'                 0.00685975
254    'CC[2]'                     0
255    'CC[3]'                     0
256    'CC[4]'                     0
257    'CC[5]'                     0
258    'CC[6]'                     0
259    'CC[7]'                     0
260    'CC[8]'                     0
261    'CC[9]'                     0
262    'CC[10]'                    0
263    'CC[11]'                    0
264    'CC[12]'                    0
265    'CC[13]'                    0
266    'CC[14]'                    0
267    'CR[2]'                     0
268    'CR[3]'                     0
269    'CR[4]'                     0
270    'CR[5]'                    70.0174
271    'CR[6]'                     0
272    'CR[7]'                     0
273    'CR[8]'                     0
274    'CR[9]'                     0
275    'CR[10]'                    0
276    'CR[11]'                    0
277    'CR[12]'                    0
278    'CR[13]'                    0
279    'CR[14]'                    0
280    'PC[1]'                    29.9826
281    'PC[2]'                    39.8584
282    'PR[1]'                     0
283    'PR[2]'                    30.159
284    'PS[2]'                     0
285    'PS[3]'                     0
286    'PS[4]'                     0
287    'PS[5]'                     0
288    'PS[6]'                     0
289    'PS[7]'                     0
290    'PS[8]'                     0
291    'PS[9]'                     0
292    'PS[10]'                    0
293    'PS[11]'                    0
294    'PS[12]'                    0
295    'PS[13]'                    0
296    'PS[14]'                    0
297    'T[1,1]'                  354.064
298    'T[1,2]'                  351.204
299    'T[1,3]'                  349.651
300    'T[1,4]'                  348.639
301    'T[1,5]'                  347.526
302    'T[1,6]'                  345.729
303    'T[1,7]'                  342.733
304    'T[1,8]'                  338.487
305    'T[1,9]'                  331.836
306    'T[1,10]'                 326.022
307    'T[1,11]'                 322.143
308    'T[1,12]'                 320.139
309    'T[1,13]'                 319.26
310    'T[1,14]'                 318.904
311    'T[1,15]'                 318.765
312    'T[2,1]'                  369.215
313    'T[2,2]'                  368.878
314    'T[2,3]'                  368.222
315    'T[2,4]'                  366.995
316    'T[2,5]'                  364.884
317    'T[2,6]'                  363.275
318    'T[2,7]'                  360.717
319    'T[2,8]'                  357.283
320    'T[2,9]'                  353.611
321    'T[2,10]'                 350.555
322    'T[2,11]'                 348.52
323    'T[2,12]'                 347.368
324    'T[2,13]'                 346.776
325    'T[2,14]'                 346.484
326    'T[2,15]'                 346.333
327    TF                        338.159
328    'QC[1]'                  2118.04
329    'QC[2]'                  4607.27
330    'QR[1]'                  2151.8
331    'QR[2]'                  4618.62
332    'H[1,1,1]'                  1.42406
333    'H[1,1,2]'                  1.76613
334    'H[1,1,3]'                  2.11382
335    'H[1,2,1]'                  1.34473
336    'H[1,2,2]'                  1.66936
337    'H[1,2,3]'                  1.99738
338    'H[1,3,1]'                  1.30192
339    'H[1,3,2]'                  1.61708
340    'H[1,3,3]'                  1.93452
341    'H[1,4,1]'                  1.27416
342    'H[1,4,2]'                  1.58316
343    'H[1,4,3]'                  1.89374
344    'H[1,5,1]'                  1.24371
345    'H[1,5,2]'                  1.54593
346    'H[1,5,3]'                  1.849
347    'H[1,6,1]'                  1.1948
348    'H[1,6,2]'                  1.48609
349    'H[1,6,3]'                  1.7771
350    'H[1,7,1]'                  1.11386
351    'H[1,7,2]'                  1.38692
352    'H[1,7,3]'                  1.65803
353    'H[1,8,1]'                  1.00049
354    'H[1,8,2]'                  1.24773
355    'H[1,8,3]'                  1.49104
356    'H[1,9,1]'                  0.826088
357    'H[1,9,2]'                  1.03289
358    'H[1,9,3]'                  1.23362
359    'H[1,10,1]'                 0.67683
360    'H[1,10,2]'                 0.848263
361    'H[1,10,3]'                 1.01268
362    'H[1,11,1]'                 0.57893
363    'H[1,11,2]'                 0.726744
364    'H[1,11,3]'                 0.867395
365    'H[1,12,1]'                 0.528874
366    'H[1,12,2]'                 0.664474
367    'H[1,12,3]'                 0.792982
368    'H[1,13,1]'                 0.507023
369    'H[1,13,2]'                 0.637261
370    'H[1,13,3]'                 0.760469
371    'H[1,14,1]'                 0.498202
372    'H[1,14,2]'                 0.62627
373    'H[1,14,3]'                 0.747339
374    'H[1,15,1]'                 0.494759
375    'H[1,15,2]'                 0.621979
376    'H[1,15,3]'                 0.742213
377    'H[2,1,1]'                  1.85592
378    'H[2,1,2]'                  2.29089
379    'H[2,1,3]'                  2.74667
380    'H[2,2,1]'                  1.84612
381    'H[2,2,2]'                  2.27901
382    'H[2,2,3]'                  2.73232
383    'H[2,3,1]'                  1.82701
384    'H[2,3,2]'                  2.25586
385    'H[2,3,3]'                  2.70435
386    'H[2,4,1]'                  1.79144
387    'H[2,4,2]'                  2.21274
388    'H[2,4,3]'                  2.65227
389    'H[2,5,1]'                  1.7305
390    'H[2,5,2]'                  2.13881
391    'H[2,5,3]'                  2.56301
392    'H[2,6,1]'                  1.6843
393    'H[2,6,2]'                  2.08273
394    'H[2,6,3]'                  2.49534
395    'H[2,7,1]'                  1.61129
396    'H[2,7,2]'                  1.99404
397    'H[2,7,3]'                  2.38837
398    'H[2,8,1]'                  1.51418
399    'H[2,8,2]'                  1.87592
400    'H[2,8,3]'                  2.24602
401    'H[2,9,1]'                  1.41144
402    'H[2,9,2]'                  1.75075
403    'H[2,9,3]'                  2.09531
404    'H[2,10,1]'                 1.3268
405    'H[2,10,2]'                 1.64747
406    'H[2,10,3]'                 1.97106
407    'H[2,11,1]'                 1.2709
408    'H[2,11,2]'                 1.57918
409    'H[2,11,3]'                 1.88895
410    'H[2,12,1]'                 1.23941
411    'H[2,12,2]'                 1.54068
412    'H[2,12,3]'                 1.84268
413    'H[2,13,1]'                 1.22328
414    'H[2,13,2]'                 1.52094
415    'H[2,13,3]'                 1.81897
416    'H[2,14,1]'                 1.21533
417    'H[2,14,2]'                 1.51121
418    'H[2,14,3]'                 1.80728
419    'H[2,15,1]'                 1.2112
420    'H[2,15,2]'                 1.50616
421    'H[2,15,3]'                 1.80122
422    'HF[1]'                     0.991793
423    'HF[2]'                     1.23703
424    'HF[3]'                     1.47822
425    'h[1,1,1]'                 -7.0975
426    'h[1,1,2]'                 -7.95512
427    'h[1,1,3]'                 -8.71132
428    'h[1,2,1]'                 -7.22413
429    'h[1,2,2]'                 -8.09687
430    'h[1,2,3]'                 -8.87446
431    'h[1,3,1]'                 -7.29254
432    'h[1,3,2]'                 -8.17351
433    'h[1,3,3]'                 -8.96269
434    'h[1,4,1]'                 -7.33694
435    'h[1,4,2]'                 -8.22327
436    'h[1,4,3]'                 -9.01998
437    'h[1,5,1]'                 -7.38566
438    'h[1,5,2]'                 -8.27789
439    'h[1,5,3]'                 -9.08288
440    'h[1,6,1]'                 -7.46399
441    'h[1,6,2]'                 -8.36577
442    'h[1,6,3]'                 -9.18408
443    'h[1,7,1]'                 -7.59382
444    'h[1,7,2]'                 -8.51155
445    'h[1,7,3]'                 -9.35204
446    'h[1,8,1]'                 -7.7761
447    'h[1,8,2]'                 -8.71652
448    'h[1,8,3]'                 -9.58831
449    'h[1,9,1]'                 -8.0576
450    'h[1,9,2]'                 -9.03381
451    'h[1,9,3]'                 -9.95444
452    'h[1,10,1]'                -8.29972
453    'h[1,10,2]'                -9.30749
454    'h[1,10,3]'               -10.2707
455    'h[1,11,1]'                -8.45921
456    'h[1,11,2]'                -9.4882
457    'h[1,11,3]'               -10.4798
458    'h[1,12,1]'                -8.54098
459    'h[1,12,2]'                -9.58099
460    'h[1,12,3]'               -10.5872
461    'h[1,13,1]'                -8.57672
462    'h[1,13,2]'                -9.62159
463    'h[1,13,3]'               -10.6342
464    'h[1,14,1]'                -8.59116
465    'h[1,14,2]'                -9.63799
466    'h[1,14,3]'               -10.6532
467    'h[1,15,1]'                -8.59679
468    'h[1,15,2]'                -9.64439
469    'h[1,15,3]'               -10.6607
470    'h[2,1,1]'                 -6.41095
471    'h[2,1,2]'                 -7.1887
472    'h[2,1,3]'                 -7.82989
473    'h[2,2,1]'                 -6.42649
474    'h[2,2,2]'                 -7.20601
475    'h[2,2,3]'                 -7.8498
476    'h[2,3,1]'                 -6.45679
477    'h[2,3,2]'                 -7.23976
478    'h[2,3,3]'                 -7.8886
479    'h[2,4,1]'                 -6.51321
480    'h[2,4,2]'                 -7.30264
481    'h[2,4,3]'                 -7.96088
482    'h[2,5,1]'                 -6.60993
483    'h[2,5,2]'                 -7.41048
484    'h[2,5,3]'                 -8.08487
485    'h[2,6,1]'                 -6.6833
486    'h[2,6,2]'                 -7.49233
487    'h[2,6,3]'                 -8.17898
488    'h[2,7,1]'                 -6.79933
489    'h[2,7,2]'                 -7.62184
490    'h[2,7,3]'                 -8.32792
491    'h[2,8,1]'                 -6.95386
492    'h[2,8,2]'                 -7.79448
493    'h[2,8,3]'                 -8.52649
494    'h[2,9,1]'                 -7.11762
495    'h[2,9,2]'                 -7.97763
496    'h[2,9,3]'                 -8.73723
497    'h[2,10,1]'                -7.25277
498    'h[2,10,2]'                -8.12895
499    'h[2,10,3]'                -8.91139
500    'h[2,11,1]'                -7.34215
501    'h[2,11,2]'                -8.22911
502    'h[2,11,3]'                -9.0267
503    'h[2,12,1]'                -7.39254
504    'h[2,12,2]'                -8.28561
505    'h[2,12,3]'                -9.09176
506    'h[2,13,1]'                -7.41837
507    'h[2,13,2]'                -8.31458
508    'h[2,13,3]'                -9.12513
509    'h[2,14,1]'                -7.4311
510    'h[2,14,2]'                -8.32887
511    'h[2,14,3]'                -9.14158
512    'h[2,15,1]'                -7.43771
513    'h[2,15,2]'                -8.33628
514    'h[2,15,3]'                -9.15012
515    'hF[1]'                    -7.7901
516    'hF[2]'                    -8.73228
517    'hF[3]'                    -9.60649
518    'tauGamma[1,1,1,1]'     1e-06
519    'tauGamma[1,1,1,2]'     1e-06
520    'tauGamma[1,1,1,3]'     1e-06
521    'tauGamma[1,1,2,1]'     1e-06
522    'tauGamma[1,1,2,2]'     1e-06
523    'tauGamma[1,1,2,3]'     1e-06
524    'tauGamma[1,1,3,1]'     1e-06
525    'tauGamma[1,1,3,2]'     1e-06
526    'tauGamma[1,1,3,3]'     1e-06
527    'tauGamma[1,2,1,1]'     1e-06
528    'tauGamma[1,2,1,2]'     1e-06
529    'tauGamma[1,2,1,3]'     1e-06
530    'tauGamma[1,2,2,1]'     1e-06
531    'tauGamma[1,2,2,2]'     1e-06
532    'tauGamma[1,2,2,3]'     1e-06
533    'tauGamma[1,2,3,1]'     1e-06
534    'tauGamma[1,2,3,2]'     1e-06
535    'tauGamma[1,2,3,3]'     1e-06
536    'tauGamma[1,3,1,1]'     1e-06
537    'tauGamma[1,3,1,2]'     1e-06
538    'tauGamma[1,3,1,3]'     1e-06
539    'tauGamma[1,3,2,1]'     1e-06
540    'tauGamma[1,3,2,2]'     1e-06
541    'tauGamma[1,3,2,3]'     1e-06
542    'tauGamma[1,3,3,1]'     1e-06
543    'tauGamma[1,3,3,2]'     1e-06
544    'tauGamma[1,3,3,3]'     1e-06
545    'tauGamma[1,4,1,1]'     1e-06
546    'tauGamma[1,4,1,2]'     1e-06
547    'tauGamma[1,4,1,3]'     1e-06
548    'tauGamma[1,4,2,1]'     1e-06
549    'tauGamma[1,4,2,2]'     1e-06
550    'tauGamma[1,4,2,3]'     1e-06
551    'tauGamma[1,4,3,1]'     1e-06
552    'tauGamma[1,4,3,2]'     1e-06
553    'tauGamma[1,4,3,3]'     1e-06
554    'tauGamma[1,5,1,1]'     1e-06
555    'tauGamma[1,5,1,2]'     1e-06
556    'tauGamma[1,5,1,3]'     1e-06
557    'tauGamma[1,5,2,1]'     1e-06
558    'tauGamma[1,5,2,2]'     1e-06
559    'tauGamma[1,5,2,3]'     1e-06
560    'tauGamma[1,5,3,1]'     1e-06
561    'tauGamma[1,5,3,2]'     1e-06
562    'tauGamma[1,5,3,3]'     1e-06
563    'tauGamma[1,6,1,1]'     1e-06
564    'tauGamma[1,6,1,2]'     1e-06
565    'tauGamma[1,6,1,3]'     1e-06
566    'tauGamma[1,6,2,1]'     1e-06
567    'tauGamma[1,6,2,2]'     1e-06
568    'tauGamma[1,6,2,3]'     1e-06
569    'tauGamma[1,6,3,1]'     1e-06
570    'tauGamma[1,6,3,2]'     1e-06
571    'tauGamma[1,6,3,3]'     1e-06
572    'tauGamma[1,7,1,1]'     1e-06
573    'tauGamma[1,7,1,2]'     1e-06
574    'tauGamma[1,7,1,3]'     1e-06
575    'tauGamma[1,7,2,1]'     1e-06
576    'tauGamma[1,7,2,2]'     1e-06
577    'tauGamma[1,7,2,3]'     1e-06
578    'tauGamma[1,7,3,1]'     1e-06
579    'tauGamma[1,7,3,2]'     1e-06
580    'tauGamma[1,7,3,3]'     1e-06
581    'tauGamma[1,8,1,1]'     1e-06
582    'tauGamma[1,8,1,2]'     1e-06
583    'tauGamma[1,8,1,3]'     1e-06
584    'tauGamma[1,8,2,1]'     1e-06
585    'tauGamma[1,8,2,2]'     1e-06
586    'tauGamma[1,8,2,3]'     1e-06
587    'tauGamma[1,8,3,1]'     1e-06
588    'tauGamma[1,8,3,2]'     1e-06
589    'tauGamma[1,8,3,3]'     1e-06
590    'tauGamma[1,9,1,1]'     1e-06
591    'tauGamma[1,9,1,2]'     1e-06
592    'tauGamma[1,9,1,3]'     1e-06
593    'tauGamma[1,9,2,1]'     1e-06
594    'tauGamma[1,9,2,2]'     1e-06
595    'tauGamma[1,9,2,3]'     1e-06
596    'tauGamma[1,9,3,1]'     1e-06
597    'tauGamma[1,9,3,2]'     1e-06
598    'tauGamma[1,9,3,3]'     1e-06
599    'tauGamma[1,10,1,1]'    1e-06
600    'tauGamma[1,10,1,2]'    1e-06
601    'tauGamma[1,10,1,3]'    1e-06
602    'tauGamma[1,10,2,1]'    1e-06
603    'tauGamma[1,10,2,2]'    1e-06
604    'tauGamma[1,10,2,3]'    1e-06
605    'tauGamma[1,10,3,1]'    1e-06
606    'tauGamma[1,10,3,2]'    1e-06
607    'tauGamma[1,10,3,3]'    1e-06
608    'tauGamma[1,11,1,1]'    1e-06
609    'tauGamma[1,11,1,2]'    1e-06
610    'tauGamma[1,11,1,3]'    1e-06
611    'tauGamma[1,11,2,1]'    1e-06
612    'tauGamma[1,11,2,2]'    1e-06
613    'tauGamma[1,11,2,3]'    1e-06
614    'tauGamma[1,11,3,1]'    1e-06
615    'tauGamma[1,11,3,2]'    1e-06
616    'tauGamma[1,11,3,3]'    1e-06
617    'tauGamma[1,12,1,1]'    1e-06
618    'tauGamma[1,12,1,2]'    1e-06
619    'tauGamma[1,12,1,3]'    1e-06
620    'tauGamma[1,12,2,1]'    1e-06
621    'tauGamma[1,12,2,2]'    1e-06
622    'tauGamma[1,12,2,3]'    1e-06
623    'tauGamma[1,12,3,1]'    1e-06
624    'tauGamma[1,12,3,2]'    1e-06
625    'tauGamma[1,12,3,3]'    1e-06
626    'tauGamma[1,13,1,1]'    1e-06
627    'tauGamma[1,13,1,2]'    1e-06
628    'tauGamma[1,13,1,3]'    1e-06
629    'tauGamma[1,13,2,1]'    1e-06
630    'tauGamma[1,13,2,2]'    1e-06
631    'tauGamma[1,13,2,3]'    1e-06
632    'tauGamma[1,13,3,1]'    1e-06
633    'tauGamma[1,13,3,2]'    1e-06
634    'tauGamma[1,13,3,3]'    1e-06
635    'tauGamma[1,14,1,1]'    1e-06
636    'tauGamma[1,14,1,2]'    1e-06
637    'tauGamma[1,14,1,3]'    1e-06
638    'tauGamma[1,14,2,1]'    1e-06
639    'tauGamma[1,14,2,2]'    1e-06
640    'tauGamma[1,14,2,3]'    1e-06
641    'tauGamma[1,14,3,1]'    1e-06
642    'tauGamma[1,14,3,2]'    1e-06
643    'tauGamma[1,14,3,3]'    1e-06
644    'tauGamma[1,15,1,1]'    1e-06
645    'tauGamma[1,15,1,2]'    1e-06
646    'tauGamma[1,15,1,3]'    1e-06
647    'tauGamma[1,15,2,1]'    1e-06
648    'tauGamma[1,15,2,2]'    1e-06
649    'tauGamma[1,15,2,3]'    1e-06
650    'tauGamma[1,15,3,1]'    1e-06
651    'tauGamma[1,15,3,2]'    1e-06
652    'tauGamma[1,15,3,3]'    1e-06
653    'tauGamma[2,1,1,1]'     1e-06
654    'tauGamma[2,1,1,2]'     1e-06
655    'tauGamma[2,1,1,3]'     1e-06
656    'tauGamma[2,1,2,1]'     1e-06
657    'tauGamma[2,1,2,2]'     1e-06
658    'tauGamma[2,1,2,3]'     1e-06
659    'tauGamma[2,1,3,1]'     1e-06
660    'tauGamma[2,1,3,2]'     1e-06
661    'tauGamma[2,1,3,3]'     1e-06
662    'tauGamma[2,2,1,1]'     1e-06
663    'tauGamma[2,2,1,2]'     1e-06
664    'tauGamma[2,2,1,3]'     1e-06
665    'tauGamma[2,2,2,1]'     1e-06
666    'tauGamma[2,2,2,2]'     1e-06
667    'tauGamma[2,2,2,3]'     1e-06
668    'tauGamma[2,2,3,1]'     1e-06
669    'tauGamma[2,2,3,2]'     1e-06
670    'tauGamma[2,2,3,3]'     1e-06
671    'tauGamma[2,3,1,1]'     1e-06
672    'tauGamma[2,3,1,2]'     1e-06
673    'tauGamma[2,3,1,3]'     1e-06
674    'tauGamma[2,3,2,1]'     1e-06
675    'tauGamma[2,3,2,2]'     1e-06
676    'tauGamma[2,3,2,3]'     1e-06
677    'tauGamma[2,3,3,1]'     1e-06
678    'tauGamma[2,3,3,2]'     1e-06
679    'tauGamma[2,3,3,3]'     1e-06
680    'tauGamma[2,4,1,1]'     1e-06
681    'tauGamma[2,4,1,2]'     1e-06
682    'tauGamma[2,4,1,3]'     1e-06
683    'tauGamma[2,4,2,1]'     1e-06
684    'tauGamma[2,4,2,2]'     1e-06
685    'tauGamma[2,4,2,3]'     1e-06
686    'tauGamma[2,4,3,1]'     1e-06
687    'tauGamma[2,4,3,2]'     1e-06
688    'tauGamma[2,4,3,3]'     1e-06
689    'tauGamma[2,5,1,1]'     1e-06
690    'tauGamma[2,5,1,2]'     1e-06
691    'tauGamma[2,5,1,3]'     1e-06
692    'tauGamma[2,5,2,1]'     1e-06
693    'tauGamma[2,5,2,2]'     1e-06
694    'tauGamma[2,5,2,3]'     1e-06
695    'tauGamma[2,5,3,1]'     1e-06
696    'tauGamma[2,5,3,2]'     1e-06
697    'tauGamma[2,5,3,3]'     1e-06
698    'tauGamma[2,6,1,1]'     1e-06
699    'tauGamma[2,6,1,2]'     1e-06
700    'tauGamma[2,6,1,3]'     1e-06
701    'tauGamma[2,6,2,1]'     1e-06
702    'tauGamma[2,6,2,2]'     1e-06
703    'tauGamma[2,6,2,3]'     1e-06
704    'tauGamma[2,6,3,1]'     1e-06
705    'tauGamma[2,6,3,2]'     1e-06
706    'tauGamma[2,6,3,3]'     1e-06
707    'tauGamma[2,7,1,1]'     1e-06
708    'tauGamma[2,7,1,2]'     1e-06
709    'tauGamma[2,7,1,3]'     1e-06
710    'tauGamma[2,7,2,1]'     1e-06
711    'tauGamma[2,7,2,2]'     1e-06
712    'tauGamma[2,7,2,3]'     1e-06
713    'tauGamma[2,7,3,1]'     1e-06
714    'tauGamma[2,7,3,2]'     1e-06
715    'tauGamma[2,7,3,3]'     1e-06
716    'tauGamma[2,8,1,1]'     1e-06
717    'tauGamma[2,8,1,2]'     1e-06
718    'tauGamma[2,8,1,3]'     1e-06
719    'tauGamma[2,8,2,1]'     1e-06
720    'tauGamma[2,8,2,2]'     1e-06
721    'tauGamma[2,8,2,3]'     1e-06
722    'tauGamma[2,8,3,1]'     1e-06
723    'tauGamma[2,8,3,2]'     1e-06
724    'tauGamma[2,8,3,3]'     1e-06
725    'tauGamma[2,9,1,1]'     1e-06
726    'tauGamma[2,9,1,2]'     1e-06
727    'tauGamma[2,9,1,3]'     1e-06
728    'tauGamma[2,9,2,1]'     1e-06
729    'tauGamma[2,9,2,2]'     1e-06
730    'tauGamma[2,9,2,3]'     1e-06
731    'tauGamma[2,9,3,1]'     1e-06
732    'tauGamma[2,9,3,2]'     1e-06
733    'tauGamma[2,9,3,3]'     1e-06
734    'tauGamma[2,10,1,1]'    1e-06
735    'tauGamma[2,10,1,2]'    1e-06
736    'tauGamma[2,10,1,3]'    1e-06
737    'tauGamma[2,10,2,1]'    1e-06
738    'tauGamma[2,10,2,2]'    1e-06
739    'tauGamma[2,10,2,3]'    1e-06
740    'tauGamma[2,10,3,1]'    1e-06
741    'tauGamma[2,10,3,2]'    1e-06
742    'tauGamma[2,10,3,3]'    1e-06
743    'tauGamma[2,11,1,1]'    1e-06
744    'tauGamma[2,11,1,2]'    1e-06
745    'tauGamma[2,11,1,3]'    1e-06
746    'tauGamma[2,11,2,1]'    1e-06
747    'tauGamma[2,11,2,2]'    1e-06
748    'tauGamma[2,11,2,3]'    1e-06
749    'tauGamma[2,11,3,1]'    1e-06
750    'tauGamma[2,11,3,2]'    1e-06
751    'tauGamma[2,11,3,3]'    1e-06
752    'tauGamma[2,12,1,1]'    1e-06
753    'tauGamma[2,12,1,2]'    1e-06
754    'tauGamma[2,12,1,3]'    1e-06
755    'tauGamma[2,12,2,1]'    1e-06
756    'tauGamma[2,12,2,2]'    1e-06
757    'tauGamma[2,12,2,3]'    1e-06
758    'tauGamma[2,12,3,1]'    1e-06
759    'tauGamma[2,12,3,2]'    1e-06
760    'tauGamma[2,12,3,3]'    1e-06
761    'tauGamma[2,13,1,1]'    1e-06
762    'tauGamma[2,13,1,2]'    1e-06
763    'tauGamma[2,13,1,3]'    1e-06
764    'tauGamma[2,13,2,1]'    1e-06
765    'tauGamma[2,13,2,2]'    1e-06
766    'tauGamma[2,13,2,3]'    1e-06
767    'tauGamma[2,13,3,1]'    1e-06
768    'tauGamma[2,13,3,2]'    1e-06
769    'tauGamma[2,13,3,3]'    1e-06
770    'tauGamma[2,14,1,1]'    1e-06
771    'tauGamma[2,14,1,2]'    1e-06
772    'tauGamma[2,14,1,3]'    1e-06
773    'tauGamma[2,14,2,1]'    1e-06
774    'tauGamma[2,14,2,2]'    1e-06
775    'tauGamma[2,14,2,3]'    1e-06
776    'tauGamma[2,14,3,1]'    1e-06
777    'tauGamma[2,14,3,2]'    1e-06
778    'tauGamma[2,14,3,3]'    1e-06
779    'tauGamma[2,15,1,1]'    1e-06
780    'tauGamma[2,15,1,2]'    1e-06
781    'tauGamma[2,15,1,3]'    1e-06
782    'tauGamma[2,15,2,1]'    1e-06
783    'tauGamma[2,15,2,2]'    1e-06
784    'tauGamma[2,15,2,3]'    1e-06
785    'tauGamma[2,15,3,1]'    1e-06
786    'tauGamma[2,15,3,2]'    1e-06
787    'tauGamma[2,15,3,3]'    1e-06
788    'PGamma[1,1,1,1]'           1
789    'PGamma[1,1,1,2]'           1
790    'PGamma[1,1,1,3]'           1
791    'PGamma[1,1,2,1]'           1
792    'PGamma[1,1,2,2]'           1
793    'PGamma[1,1,2,3]'           1
794    'PGamma[1,1,3,1]'           1
795    'PGamma[1,1,3,2]'           1
796    'PGamma[1,1,3,3]'           1
797    'PGamma[1,2,1,1]'           1
798    'PGamma[1,2,1,2]'           1
799    'PGamma[1,2,1,3]'           1
800    'PGamma[1,2,2,1]'           1
801    'PGamma[1,2,2,2]'           1
802    'PGamma[1,2,2,3]'           1
803    'PGamma[1,2,3,1]'           1
804    'PGamma[1,2,3,2]'           1
805    'PGamma[1,2,3,3]'           1
806    'PGamma[1,3,1,1]'           1
807    'PGamma[1,3,1,2]'           1
808    'PGamma[1,3,1,3]'           1
809    'PGamma[1,3,2,1]'           1
810    'PGamma[1,3,2,2]'           1
811    'PGamma[1,3,2,3]'           1
812    'PGamma[1,3,3,1]'           1
813    'PGamma[1,3,3,2]'           1
814    'PGamma[1,3,3,3]'           1
815    'PGamma[1,4,1,1]'           1
816    'PGamma[1,4,1,2]'           1
817    'PGamma[1,4,1,3]'           1
818    'PGamma[1,4,2,1]'           1
819    'PGamma[1,4,2,2]'           1
820    'PGamma[1,4,2,3]'           1
821    'PGamma[1,4,3,1]'           1
822    'PGamma[1,4,3,2]'           1
823    'PGamma[1,4,3,3]'           1
824    'PGamma[1,5,1,1]'           1
825    'PGamma[1,5,1,2]'           1
826    'PGamma[1,5,1,3]'           1
827    'PGamma[1,5,2,1]'           1
828    'PGamma[1,5,2,2]'           1
829    'PGamma[1,5,2,3]'           1
830    'PGamma[1,5,3,1]'           1
831    'PGamma[1,5,3,2]'           1
832    'PGamma[1,5,3,3]'           1
833    'PGamma[1,6,1,1]'           1
834    'PGamma[1,6,1,2]'           1
835    'PGamma[1,6,1,3]'           1
836    'PGamma[1,6,2,1]'           1
837    'PGamma[1,6,2,2]'           1
838    'PGamma[1,6,2,3]'           1
839    'PGamma[1,6,3,1]'           1
840    'PGamma[1,6,3,2]'           1
841    'PGamma[1,6,3,3]'           1
842    'PGamma[1,7,1,1]'           1
843    'PGamma[1,7,1,2]'           1
844    'PGamma[1,7,1,3]'           1
845    'PGamma[1,7,2,1]'           1
846    'PGamma[1,7,2,2]'           1
847    'PGamma[1,7,2,3]'           1
848    'PGamma[1,7,3,1]'           1
849    'PGamma[1,7,3,2]'           1
850    'PGamma[1,7,3,3]'           1
851    'PGamma[1,8,1,1]'           1
852    'PGamma[1,8,1,2]'           1
853    'PGamma[1,8,1,3]'           1
854    'PGamma[1,8,2,1]'           1
855    'PGamma[1,8,2,2]'           1
856    'PGamma[1,8,2,3]'           1
857    'PGamma[1,8,3,1]'           1
858    'PGamma[1,8,3,2]'           1
859    'PGamma[1,8,3,3]'           1
860    'PGamma[1,9,1,1]'           1
861    'PGamma[1,9,1,2]'           1
862    'PGamma[1,9,1,3]'           1
863    'PGamma[1,9,2,1]'           1
864    'PGamma[1,9,2,2]'           1
865    'PGamma[1,9,2,3]'           1
866    'PGamma[1,9,3,1]'           1
867    'PGamma[1,9,3,2]'           1
868    'PGamma[1,9,3,3]'           1
869    'PGamma[1,10,1,1]'          1
870    'PGamma[1,10,1,2]'          1
871    'PGamma[1,10,1,3]'          1
872    'PGamma[1,10,2,1]'          1
873    'PGamma[1,10,2,2]'          1
874    'PGamma[1,10,2,3]'          1
875    'PGamma[1,10,3,1]'          1
876    'PGamma[1,10,3,2]'          1
877    'PGamma[1,10,3,3]'          1
878    'PGamma[1,11,1,1]'          1
879    'PGamma[1,11,1,2]'          1
880    'PGamma[1,11,1,3]'          1
881    'PGamma[1,11,2,1]'          1
882    'PGamma[1,11,2,2]'          1
883    'PGamma[1,11,2,3]'          1
884    'PGamma[1,11,3,1]'          1
885    'PGamma[1,11,3,2]'          1
886    'PGamma[1,11,3,3]'          1
887    'PGamma[1,12,1,1]'          1
888    'PGamma[1,12,1,2]'          1
889    'PGamma[1,12,1,3]'          1
890    'PGamma[1,12,2,1]'          1
891    'PGamma[1,12,2,2]'          1
892    'PGamma[1,12,2,3]'          1
893    'PGamma[1,12,3,1]'          1
894    'PGamma[1,12,3,2]'          1
895    'PGamma[1,12,3,3]'          1
896    'PGamma[1,13,1,1]'          1
897    'PGamma[1,13,1,2]'          1
898    'PGamma[1,13,1,3]'          1
899    'PGamma[1,13,2,1]'          1
900    'PGamma[1,13,2,2]'          1
901    'PGamma[1,13,2,3]'          1
902    'PGamma[1,13,3,1]'          1
903    'PGamma[1,13,3,2]'          1
904    'PGamma[1,13,3,3]'          1
905    'PGamma[1,14,1,1]'          1
906    'PGamma[1,14,1,2]'          1
907    'PGamma[1,14,1,3]'          1
908    'PGamma[1,14,2,1]'          1
909    'PGamma[1,14,2,2]'          1
910    'PGamma[1,14,2,3]'          1
911    'PGamma[1,14,3,1]'          1
912    'PGamma[1,14,3,2]'          1
913    'PGamma[1,14,3,3]'          1
914    'PGamma[1,15,1,1]'          1
915    'PGamma[1,15,1,2]'          1
916    'PGamma[1,15,1,3]'          1
917    'PGamma[1,15,2,1]'          1
918    'PGamma[1,15,2,2]'          1
919    'PGamma[1,15,2,3]'          1
920    'PGamma[1,15,3,1]'          1
921    'PGamma[1,15,3,2]'          1
922    'PGamma[1,15,3,3]'          1
923    'PGamma[2,1,1,1]'           1
924    'PGamma[2,1,1,2]'           1
925    'PGamma[2,1,1,3]'           1
926    'PGamma[2,1,2,1]'           1
927    'PGamma[2,1,2,2]'           1
928    'PGamma[2,1,2,3]'           1
929    'PGamma[2,1,3,1]'           1
930    'PGamma[2,1,3,2]'           1
931    'PGamma[2,1,3,3]'           1
932    'PGamma[2,2,1,1]'           1
933    'PGamma[2,2,1,2]'           1
934    'PGamma[2,2,1,3]'           1
935    'PGamma[2,2,2,1]'           1
936    'PGamma[2,2,2,2]'           1
937    'PGamma[2,2,2,3]'           1
938    'PGamma[2,2,3,1]'           1
939    'PGamma[2,2,3,2]'           1
940    'PGamma[2,2,3,3]'           1
941    'PGamma[2,3,1,1]'           1
942    'PGamma[2,3,1,2]'           1
943    'PGamma[2,3,1,3]'           1
944    'PGamma[2,3,2,1]'           1
945    'PGamma[2,3,2,2]'           1
946    'PGamma[2,3,2,3]'           1
947    'PGamma[2,3,3,1]'           1
948    'PGamma[2,3,3,2]'           1
949    'PGamma[2,3,3,3]'           1
950    'PGamma[2,4,1,1]'           1
951    'PGamma[2,4,1,2]'           1
952    'PGamma[2,4,1,3]'           1
953    'PGamma[2,4,2,1]'           1
954    'PGamma[2,4,2,2]'           1
955    'PGamma[2,4,2,3]'           1
956    'PGamma[2,4,3,1]'           1
957    'PGamma[2,4,3,2]'           1
958    'PGamma[2,4,3,3]'           1
959    'PGamma[2,5,1,1]'           1
960    'PGamma[2,5,1,2]'           1
961    'PGamma[2,5,1,3]'           1
962    'PGamma[2,5,2,1]'           1
963    'PGamma[2,5,2,2]'           1
964    'PGamma[2,5,2,3]'           1
965    'PGamma[2,5,3,1]'           1
966    'PGamma[2,5,3,2]'           1
967    'PGamma[2,5,3,3]'           1
968    'PGamma[2,6,1,1]'           1
969    'PGamma[2,6,1,2]'           1
970    'PGamma[2,6,1,3]'           1
971    'PGamma[2,6,2,1]'           1
972    'PGamma[2,6,2,2]'           1
973    'PGamma[2,6,2,3]'           1
974    'PGamma[2,6,3,1]'           1
975    'PGamma[2,6,3,2]'           1
976    'PGamma[2,6,3,3]'           1
977    'PGamma[2,7,1,1]'           1
978    'PGamma[2,7,1,2]'           1
979    'PGamma[2,7,1,3]'           1
980    'PGamma[2,7,2,1]'           1
981    'PGamma[2,7,2,2]'           1
982    'PGamma[2,7,2,3]'           1
983    'PGamma[2,7,3,1]'           1
984    'PGamma[2,7,3,2]'           1
985    'PGamma[2,7,3,3]'           1
986    'PGamma[2,8,1,1]'           1
987    'PGamma[2,8,1,2]'           1
988    'PGamma[2,8,1,3]'           1
989    'PGamma[2,8,2,1]'           1
990    'PGamma[2,8,2,2]'           1
991    'PGamma[2,8,2,3]'           1
992    'PGamma[2,8,3,1]'           1
993    'PGamma[2,8,3,2]'           1
994    'PGamma[2,8,3,3]'           1
995    'PGamma[2,9,1,1]'           1
996    'PGamma[2,9,1,2]'           1
997    'PGamma[2,9,1,3]'           1
998    'PGamma[2,9,2,1]'           1
999    'PGamma[2,9,2,2]'           1
1000   'PGamma[2,9,2,3]'           1
1001   'PGamma[2,9,3,1]'           1
1002   'PGamma[2,9,3,2]'           1
1003   'PGamma[2,9,3,3]'           1
1004   'PGamma[2,10,1,1]'          1
1005   'PGamma[2,10,1,2]'          1
1006   'PGamma[2,10,1,3]'          1
1007   'PGamma[2,10,2,1]'          1
1008   'PGamma[2,10,2,2]'          1
1009   'PGamma[2,10,2,3]'          1
1010   'PGamma[2,10,3,1]'          1
1011   'PGamma[2,10,3,2]'          1
1012   'PGamma[2,10,3,3]'          1
1013   'PGamma[2,11,1,1]'          1
1014   'PGamma[2,11,1,2]'          1
1015   'PGamma[2,11,1,3]'          1
1016   'PGamma[2,11,2,1]'          1
1017   'PGamma[2,11,2,2]'          1
1018   'PGamma[2,11,2,3]'          1
1019   'PGamma[2,11,3,1]'          1
1020   'PGamma[2,11,3,2]'          1
1021   'PGamma[2,11,3,3]'          1
1022   'PGamma[2,12,1,1]'          1
1023   'PGamma[2,12,1,2]'          1
1024   'PGamma[2,12,1,3]'          1
1025   'PGamma[2,12,2,1]'          1
1026   'PGamma[2,12,2,2]'          1
1027   'PGamma[2,12,2,3]'          1
1028   'PGamma[2,12,3,1]'          1
1029   'PGamma[2,12,3,2]'          1
1030   'PGamma[2,12,3,3]'          1
1031   'PGamma[2,13,1,1]'          1
1032   'PGamma[2,13,1,2]'          1
1033   'PGamma[2,13,1,3]'          1
1034   'PGamma[2,13,2,1]'          1
1035   'PGamma[2,13,2,2]'          1
1036   'PGamma[2,13,2,3]'          1
1037   'PGamma[2,13,3,1]'          1
1038   'PGamma[2,13,3,2]'          1
1039   'PGamma[2,13,3,3]'          1
1040   'PGamma[2,14,1,1]'          1
1041   'PGamma[2,14,1,2]'          1
1042   'PGamma[2,14,1,3]'          1
1043   'PGamma[2,14,2,1]'          1
1044   'PGamma[2,14,2,2]'          1
1045   'PGamma[2,14,2,3]'          1
1046   'PGamma[2,14,3,1]'          1
1047   'PGamma[2,14,3,2]'          1
1048   'PGamma[2,14,3,3]'          1
1049   'PGamma[2,15,1,1]'          1
1050   'PGamma[2,15,1,2]'          1
1051   'PGamma[2,15,1,3]'          1
1052   'PGamma[2,15,2,1]'          1
1053   'PGamma[2,15,2,2]'          1
1054   'PGamma[2,15,2,3]'          1
1055   'PGamma[2,15,3,1]'          1
1056   'PGamma[2,15,3,2]'          1
1057   'PGamma[2,15,3,3]'          1
1058   'SGamma1[1,1,1]'        1e-06
1059   'SGamma1[1,1,2]'        1e-06
1060   'SGamma1[1,1,3]'        1e-06
1061   'SGamma1[1,2,1]'        1e-06
1062   'SGamma1[1,2,2]'        1e-06
1063   'SGamma1[1,2,3]'        1e-06
1064   'SGamma1[1,3,1]'        1e-06
1065   'SGamma1[1,3,2]'        1e-06
1066   'SGamma1[1,3,3]'        1e-06
1067   'SGamma1[1,4,1]'        1e-06
1068   'SGamma1[1,4,2]'        1e-06
1069   'SGamma1[1,4,3]'        1e-06
1070   'SGamma1[1,5,1]'        1e-06
1071   'SGamma1[1,5,2]'        1e-06
1072   'SGamma1[1,5,3]'        1e-06
1073   'SGamma1[1,6,1]'        1e-06
1074   'SGamma1[1,6,2]'        1e-06
1075   'SGamma1[1,6,3]'        1e-06
1076   'SGamma1[1,7,1]'        1e-06
1077   'SGamma1[1,7,2]'        1e-06
1078   'SGamma1[1,7,3]'        1e-06
1079   'SGamma1[1,8,1]'        1e-06
1080   'SGamma1[1,8,2]'        1e-06
1081   'SGamma1[1,8,3]'        1e-06
1082   'SGamma1[1,9,1]'        1e-06
1083   'SGamma1[1,9,2]'        1e-06
1084   'SGamma1[1,9,3]'        1e-06
1085   'SGamma1[1,10,1]'       1e-06
1086   'SGamma1[1,10,2]'       1e-06
1087   'SGamma1[1,10,3]'       1e-06
1088   'SGamma1[1,11,1]'       1e-06
1089   'SGamma1[1,11,2]'       1e-06
1090   'SGamma1[1,11,3]'       1e-06
1091   'SGamma1[1,12,1]'       1e-06
1092   'SGamma1[1,12,2]'       1e-06
1093   'SGamma1[1,12,3]'       1e-06
1094   'SGamma1[1,13,1]'       1e-06
1095   'SGamma1[1,13,2]'       1e-06
1096   'SGamma1[1,13,3]'       1e-06
1097   'SGamma1[1,14,1]'       1e-06
1098   'SGamma1[1,14,2]'       1e-06
1099   'SGamma1[1,14,3]'       1e-06
1100   'SGamma1[1,15,1]'       1e-06
1101   'SGamma1[1,15,2]'       1e-06
1102   'SGamma1[1,15,3]'       1e-06
1103   'SGamma1[2,1,1]'        1e-06
1104   'SGamma1[2,1,2]'        1e-06
1105   'SGamma1[2,1,3]'        1e-06
1106   'SGamma1[2,2,1]'        1e-06
1107   'SGamma1[2,2,2]'        1e-06
1108   'SGamma1[2,2,3]'        1e-06
1109   'SGamma1[2,3,1]'        1e-06
1110   'SGamma1[2,3,2]'        1e-06
1111   'SGamma1[2,3,3]'        1e-06
1112   'SGamma1[2,4,1]'        1e-06
1113   'SGamma1[2,4,2]'        1e-06
1114   'SGamma1[2,4,3]'        1e-06
1115   'SGamma1[2,5,1]'        1e-06
1116   'SGamma1[2,5,2]'        1e-06
1117   'SGamma1[2,5,3]'        1e-06
1118   'SGamma1[2,6,1]'        1e-06
1119   'SGamma1[2,6,2]'        1e-06
1120   'SGamma1[2,6,3]'        1e-06
1121   'SGamma1[2,7,1]'        1e-06
1122   'SGamma1[2,7,2]'        1e-06
1123   'SGamma1[2,7,3]'        1e-06
1124   'SGamma1[2,8,1]'        1e-06
1125   'SGamma1[2,8,2]'        1e-06
1126   'SGamma1[2,8,3]'        1e-06
1127   'SGamma1[2,9,1]'        1e-06
1128   'SGamma1[2,9,2]'        1e-06
1129   'SGamma1[2,9,3]'        1e-06
1130   'SGamma1[2,10,1]'       1e-06
1131   'SGamma1[2,10,2]'       1e-06
1132   'SGamma1[2,10,3]'       1e-06
1133   'SGamma1[2,11,1]'       1e-06
1134   'SGamma1[2,11,2]'       1e-06
1135   'SGamma1[2,11,3]'       1e-06
1136   'SGamma1[2,12,1]'       1e-06
1137   'SGamma1[2,12,2]'       1e-06
1138   'SGamma1[2,12,3]'       1e-06
1139   'SGamma1[2,13,1]'       1e-06
1140   'SGamma1[2,13,2]'       1e-06
1141   'SGamma1[2,13,3]'       1e-06
1142   'SGamma1[2,14,1]'       1e-06
1143   'SGamma1[2,14,2]'       1e-06
1144   'SGamma1[2,14,3]'       1e-06
1145   'SGamma1[2,15,1]'       1e-06
1146   'SGamma1[2,15,2]'       1e-06
1147   'SGamma1[2,15,3]'       1e-06
1148   'SGamma2[1,1,1]'            1
1149   'SGamma2[1,1,2]'            1
1150   'SGamma2[1,1,3]'            1
1151   'SGamma2[1,2,1]'            1
1152   'SGamma2[1,2,2]'            1
1153   'SGamma2[1,2,3]'            1
1154   'SGamma2[1,3,1]'            1
1155   'SGamma2[1,3,2]'            1
1156   'SGamma2[1,3,3]'            1
1157   'SGamma2[1,4,1]'            1
1158   'SGamma2[1,4,2]'            1
1159   'SGamma2[1,4,3]'            1
1160   'SGamma2[1,5,1]'            1
1161   'SGamma2[1,5,2]'            1
1162   'SGamma2[1,5,3]'            1
1163   'SGamma2[1,6,1]'            1
1164   'SGamma2[1,6,2]'            1
1165   'SGamma2[1,6,3]'            1
1166   'SGamma2[1,7,1]'            1
1167   'SGamma2[1,7,2]'            1
1168   'SGamma2[1,7,3]'            1
1169   'SGamma2[1,8,1]'            1
1170   'SGamma2[1,8,2]'            1
1171   'SGamma2[1,8,3]'            1
1172   'SGamma2[1,9,1]'            1
1173   'SGamma2[1,9,2]'            1
1174   'SGamma2[1,9,3]'            1
1175   'SGamma2[1,10,1]'           1
1176   'SGamma2[1,10,2]'           1
1177   'SGamma2[1,10,3]'           1
1178   'SGamma2[1,11,1]'           1
1179   'SGamma2[1,11,2]'           1
1180   'SGamma2[1,11,3]'           1
1181   'SGamma2[1,12,1]'           1
1182   'SGamma2[1,12,2]'           1
1183   'SGamma2[1,12,3]'           1
1184   'SGamma2[1,13,1]'           1
1185   'SGamma2[1,13,2]'           1
1186   'SGamma2[1,13,3]'           1
1187   'SGamma2[1,14,1]'           1
1188   'SGamma2[1,14,2]'           1
1189   'SGamma2[1,14,3]'           1
1190   'SGamma2[1,15,1]'           1
1191   'SGamma2[1,15,2]'           1
1192   'SGamma2[1,15,3]'           1
1193   'SGamma2[2,1,1]'            1
1194   'SGamma2[2,1,2]'            1
1195   'SGamma2[2,1,3]'            1
1196   'SGamma2[2,2,1]'            1
1197   'SGamma2[2,2,2]'            1
1198   'SGamma2[2,2,3]'            1
1199   'SGamma2[2,3,1]'            1
1200   'SGamma2[2,3,2]'            1
1201   'SGamma2[2,3,3]'            1
1202   'SGamma2[2,4,1]'            1
1203   'SGamma2[2,4,2]'            1
1204   'SGamma2[2,4,3]'            1
1205   'SGamma2[2,5,1]'            1
1206   'SGamma2[2,5,2]'            1
1207   'SGamma2[2,5,3]'            1
1208   'SGamma2[2,6,1]'            1
1209   'SGamma2[2,6,2]'            1
1210   'SGamma2[2,6,3]'            1
1211   'SGamma2[2,7,1]'            1
1212   'SGamma2[2,7,2]'            1
1213   'SGamma2[2,7,3]'            1
1214   'SGamma2[2,8,1]'            1
1215   'SGamma2[2,8,2]'            1
1216   'SGamma2[2,8,3]'            1
1217   'SGamma2[2,9,1]'            1
1218   'SGamma2[2,9,2]'            1
1219   'SGamma2[2,9,3]'            1
1220   'SGamma2[2,10,1]'           1
1221   'SGamma2[2,10,2]'           1
1222   'SGamma2[2,10,3]'           1
1223   'SGamma2[2,11,1]'           1
1224   'SGamma2[2,11,2]'           1
1225   'SGamma2[2,11,3]'           1
1226   'SGamma2[2,12,1]'           1
1227   'SGamma2[2,12,2]'           1
1228   'SGamma2[2,12,3]'           1
1229   'SGamma2[2,13,1]'           1
1230   'SGamma2[2,13,2]'           1
1231   'SGamma2[2,13,3]'           1
1232   'SGamma2[2,14,1]'           1
1233   'SGamma2[2,14,2]'           1
1234   'SGamma2[2,14,3]'           1
1235   'SGamma2[2,15,1]'           1
1236   'SGamma2[2,15,2]'           1
1237   'SGamma2[2,15,3]'           1
1238   'gamma[1,1,1]'              1
1239   'gamma[1,1,2]'              1
1240   'gamma[1,1,3]'              1
1241   'gamma[1,2,1]'              1
1242   'gamma[1,2,2]'              1
1243   'gamma[1,2,3]'              1
1244   'gamma[1,3,1]'              1
1245   'gamma[1,3,2]'              1
1246   'gamma[1,3,3]'              1
1247   'gamma[1,4,1]'              1
1248   'gamma[1,4,2]'              1
1249   'gamma[1,4,3]'              1
1250   'gamma[1,5,1]'              1
1251   'gamma[1,5,2]'              1
1252   'gamma[1,5,3]'              1
1253   'gamma[1,6,1]'              1
1254   'gamma[1,6,2]'              1
1255   'gamma[1,6,3]'              1
1256   'gamma[1,7,1]'              1
1257   'gamma[1,7,2]'              1
1258   'gamma[1,7,3]'              1
1259   'gamma[1,8,1]'              1
1260   'gamma[1,8,2]'              1
1261   'gamma[1,8,3]'              1
1262   'gamma[1,9,1]'              1
1263   'gamma[1,9,2]'              1
1264   'gamma[1,9,3]'              1
1265   'gamma[1,10,1]'             1
1266   'gamma[1,10,2]'             1
1267   'gamma[1,10,3]'             1
1268   'gamma[1,11,1]'             1
1269   'gamma[1,11,2]'             1
1270   'gamma[1,11,3]'             1
1271   'gamma[1,12,1]'             1
1272   'gamma[1,12,2]'             1
1273   'gamma[1,12,3]'             1
1274   'gamma[1,13,1]'             1
1275   'gamma[1,13,2]'             1
1276   'gamma[1,13,3]'             1
1277   'gamma[1,14,1]'             1
1278   'gamma[1,14,2]'             1
1279   'gamma[1,14,3]'             1
1280   'gamma[1,15,1]'             1
1281   'gamma[1,15,2]'             1
1282   'gamma[1,15,3]'             1
1283   'gamma[2,1,1]'              1
1284   'gamma[2,1,2]'              1
1285   'gamma[2,1,3]'              1
1286   'gamma[2,2,1]'              1
1287   'gamma[2,2,2]'              1
1288   'gamma[2,2,3]'              1
1289   'gamma[2,3,1]'              1
1290   'gamma[2,3,2]'              1
1291   'gamma[2,3,3]'              1
1292   'gamma[2,4,1]'              1
1293   'gamma[2,4,2]'              1
1294   'gamma[2,4,3]'              1
1295   'gamma[2,5,1]'              1
1296   'gamma[2,5,2]'              1
1297   'gamma[2,5,3]'              1
1298   'gamma[2,6,1]'              1
1299   'gamma[2,6,2]'              1
1300   'gamma[2,6,3]'              1
1301   'gamma[2,7,1]'              1
1302   'gamma[2,7,2]'              1
1303   'gamma[2,7,3]'              1
1304   'gamma[2,8,1]'              1
1305   'gamma[2,8,2]'              1
1306   'gamma[2,8,3]'              1
1307   'gamma[2,9,1]'              1
1308   'gamma[2,9,2]'              1
1309   'gamma[2,9,3]'              1
1310   'gamma[2,10,1]'             1
1311   'gamma[2,10,2]'             1
1312   'gamma[2,10,3]'             1
1313   'gamma[2,11,1]'             1
1314   'gamma[2,11,2]'             1
1315   'gamma[2,11,3]'             1
1316   'gamma[2,12,1]'             1
1317   'gamma[2,12,2]'             1
1318   'gamma[2,12,3]'             1
1319   'gamma[2,13,1]'             1
1320   'gamma[2,13,2]'             1
1321   'gamma[2,13,3]'             1
1322   'gamma[2,14,1]'             1
1323   'gamma[2,14,2]'             1
1324   'gamma[2,14,3]'             1
1325   'gamma[2,15,1]'             1
1326   'gamma[2,15,2]'             1
1327   'gamma[2,15,3]'             1
1328   'PrS[1,1,1]'           103942
1329   'PrS[1,1,2]'            40024.7
1330   'PrS[1,1,3]'            17417.4
1331   'PrS[1,2,1]'            95140.1
1332   'PrS[1,2,2]'            36251
1333   'PrS[1,2,3]'            15611.2
1334   'PrS[1,3,1]'            90609.3
1335   'PrS[1,3,2]'            34324.4
1336   'PrS[1,3,3]'            14696.3
1337   'PrS[1,4,1]'            87751.5
1338   'PrS[1,4,2]'            33115.2
1339   'PrS[1,4,3]'            14124.7
1340   'PrS[1,5,1]'            84689.2
1341   'PrS[1,5,2]'            31824.7
1342   'PrS[1,5,3]'            13517
1343   'PrS[1,6,1]'            79925.1
1344   'PrS[1,6,2]'            29828.1
1345   'PrS[1,6,3]'            12581.9
1346   'PrS[1,7,1]'            72451.9
1347   'PrS[1,7,2]'            26725.3
1348   'PrS[1,7,3]'            11141.5
1349   'PrS[1,8,1]'            62818.7
1350   'PrS[1,8,2]'            22782.7
1351   'PrS[1,8,3]'             9336.35
1352   'PrS[1,9,1]'            49799
1353   'PrS[1,9,2]'            17570.6
1354   'PrS[1,9,3]'             7000.79
1355   'PrS[1,10,1]'           40271.5
1356   'PrS[1,10,2]'           13856.9
1357   'PrS[1,10,3]'            5379.98
1358   'PrS[1,11,1]'           34773.7
1359   'PrS[1,11,2]'           11760
1360   'PrS[1,11,3]'            4484.41
1361   'PrS[1,12,1]'           32180.2
1362   'PrS[1,12,2]'           10784
1363   'PrS[1,12,3]'            4073.25
1364   'PrS[1,13,1]'           31092.6
1365   'PrS[1,13,2]'           10377.5
1366   'PrS[1,13,3]'            3903.14
1367   'PrS[1,14,1]'           30661.1
1368   'PrS[1,14,2]'           10216.7
1369   'PrS[1,14,3]'            3836.04
1370   'PrS[1,15,1]'           30493.8
1371   'PrS[1,15,2]'           10154.4
1372   'PrS[1,15,3]'            3810.09
1373   'PrS[2,1,1]'           161700
1374   'PrS[2,1,2]'            65642.3
1375   'PrS[2,1,3]'            30073.1
1376   'PrS[2,2,1]'           160194
1377   'PrS[2,2,2]'            64958.3
1378   'PrS[2,2,3]'            29727.8
1379   'PrS[2,3,1]'           157287
1380   'PrS[2,3,2]'            63639.9
1381   'PrS[2,3,3]'            29063.2
1382   'PrS[2,4,1]'           151969
1383   'PrS[2,4,2]'            61235.7
1384   'PrS[2,4,3]'            27854.7
1385   'PrS[2,5,1]'           143140
1386   'PrS[2,5,2]'            57266.5
1387   'PrS[2,5,3]'            25869.7
1388   'PrS[2,6,1]'           136682
1389   'PrS[2,6,2]'            54381.7
1390   'PrS[2,6,3]'            24435.4
1391   'PrS[2,7,1]'           126881
1392   'PrS[2,7,2]'            50035.5
1393   'PrS[2,7,3]'            22288.8
1394   'PrS[2,8,1]'           114597
1395   'PrS[2,8,2]'            44644.7
1396   'PrS[2,8,3]'            19652
1397   'PrS[2,9,1]'           102507
1398   'PrS[2,9,2]'            39406.7
1399   'PrS[2,9,3]'            17120.4
1400   'PrS[2,10,1]'           93224.3
1401   'PrS[2,10,2]'           35435
1402   'PrS[2,10,3]'           15223.1
1403   'PrS[2,11,1]'           87420.3
1404   'PrS[2,11,2]'           32975.4
1405   'PrS[2,11,3]'           14058.8
1406   'PrS[2,12,1]'           84262.9
1407   'PrS[2,12,2]'           31645.4
1408   'PrS[2,12,3]'           13432.8
1409   'PrS[2,13,1]'           82675.9
1410   'PrS[2,13,2]'           30979.3
1411   'PrS[2,13,3]'           13120.3
1412   'PrS[2,14,1]'           81901.4
1413   'PrS[2,14,2]'           30654.7
1414   'PrS[2,14,3]'           12968.3
1415   'PrS[2,15,1]'           81501.5
1416   'PrS[2,15,2]'           30487.2
1417   'PrS[2,15,3]'           12889.9
1418   'PrSF[1]'               62118.8
1419   'PrSF[2]'               22498.9
1420   'PrSF[3]'                9207.62
1421   Vap                       647.963
1422   Sep                        99
1423   yPC1                        1
1424   yPR1                        0
1425   yPS                         0
;

