solve_message = '\
bonmin: Optimal'

:            _varname               _var          :=
1      'F[2]'                      0
2      'F[3]'                      0
3      'F[4]'                      0
4      'F[5]'                      0
5      'F[6]'                      0
6      'F[7]'                      0
7      'F[8]'                    200
8      'F[9]'                      0
9      'F[10]'                     0
10     'F[11]'                     0
11     'F[12]'                     0
12     'F[13]'                     0
13     'F[14]'                     0
14     'V[1,1]'                  167.39
15     'V[1,2]'                  171.889
16     'V[1,3]'                  172.529
17     'V[1,4]'                  172.18
18     'V[1,5]'                  171.797
19     'V[1,6]'                  171.554
20     'V[1,7]'                  171.427
21     'V[1,8]'                  172.181
22     'V[1,9]'                  178.499
23     'V[1,10]'                 181.138
24     'V[1,11]'                 182.329
25     'V[1,12]'                 183.327
26     'V[1,13]'                 184.71
27     'V[1,14]'                 186.739
28     'V[1,15]'                   0
29     'V[2,1]'                  137.603
30     'V[2,2]'                  134.2
31     'V[2,3]'                  133.903
32     'V[2,4]'                  135.334
33     'V[2,5]'                  136.52
34     'V[2,6]'                  136.77
35     'V[2,7]'                  137.222
36     'V[2,8]'                  138.028
37     'V[2,9]'                  139.397
38     'V[2,10]'                 141.502
39     'V[2,11]'                 144.257
40     'V[2,12]'                 147.18
41     'V[2,13]'                 149.66
42     'V[2,14]'                 151.344
43     'V[2,15]'                   0
44     'y[1,1,1]'                  0.146931
45     'y[1,1,2]'                  0.682752
46     'y[1,1,3]'                  0.170317
47     'y[1,2,1]'                  0.22995
48     'y[1,2,2]'                  0.677578
49     'y[1,2,3]'                  0.0924722
50     'y[1,3,1]'                  0.306569
51     'y[1,3,2]'                  0.62262
52     'y[1,3,3]'                  0.070811
53     'y[1,4,1]'                  0.374351
54     'y[1,4,2]'                  0.562373
55     'y[1,4,3]'                  0.0632758
56     'y[1,5,1]'                  0.430737
57     'y[1,5,2]'                  0.509871
58     'y[1,5,3]'                  0.0593926
59     'y[1,6,1]'                  0.474965
60     'y[1,6,2]'                  0.468241
61     'y[1,6,3]'                  0.0567939
62     'y[1,7,1]'                  0.508025
63     'y[1,7,2]'                  0.437053
64     'y[1,7,3]'                  0.0549225
65     'y[1,8,1]'                  0.531848
66     'y[1,8,2]'                  0.414574
67     'y[1,8,3]'                  0.0535789
68     'y[1,9,1]'                  0.548588
69     'y[1,9,2]'                  0.434484
70     'y[1,9,3]'                  0.0169283
71     'y[1,10,1]'                 0.570118
72     'y[1,10,2]'                 0.425008
73     'y[1,10,3]'                 0.00487455
74     'y[1,11,1]'                 0.601649
75     'y[1,11,2]'                 0.39702
76     'y[1,11,3]'                 0.00133077
77     'y[1,12,1]'                 0.647058
78     'y[1,12,2]'                 0.352597
79     'y[1,12,3]'                 0.000345085
80     'y[1,13,1]'                 0.70787
81     'y[1,13,2]'                 0.292046
82     'y[1,13,3]'                 8.37133e-05
83     'y[1,14,1]'                 0.78086
84     'y[1,14,2]'                 0.219122
85     'y[1,14,3]'                 1.85216e-05
86     'y[1,15,1]'                 0.857171
87     'y[1,15,2]'                 0.142825
88     'y[1,15,3]'                 3.54912e-06
89     'y[2,1,1]'                  0.00234569
90     'y[2,1,2]'                  0.211199
91     'y[2,1,3]'                  0.786455
92     'y[2,2,1]'                  0.0071509
93     'y[2,2,2]'                  0.381791
94     'y[2,2,3]'                  0.611058
95     'y[2,3,1]'                  0.0175971
96     'y[2,3,2]'                  0.546598
97     'y[2,3,3]'                  0.435805
98     'y[2,4,1]'                  0.0371558
99     'y[2,4,2]'                  0.657189
100    'y[2,4,3]'                  0.305655
101    'y[2,5,1]'                  0.0706904
102    'y[2,5,2]'                  0.70168
103    'y[2,5,3]'                  0.22763
104    'y[2,6,1]'                  0.0708357
105    'y[2,6,2]'                  0.70903
106    'y[2,6,3]'                  0.220134
107    'y[2,7,1]'                  0.0710581
108    'y[2,7,2]'                  0.72114
109    'y[2,7,3]'                  0.207802
110    'y[2,8,1]'                  0.0713675
111    'y[2,8,2]'                  0.740068
112    'y[2,8,3]'                  0.188565
113    'y[2,9,1]'                  0.0717419
114    'y[2,9,2]'                  0.767262
115    'y[2,9,3]'                  0.160996
116    'y[2,10,1]'                 0.0721241
117    'y[2,10,2]'                 0.80174
118    'y[2,10,3]'                 0.126136
119    'y[2,11,1]'                 0.0724994
120    'y[2,11,2]'                 0.838707
121    'y[2,11,3]'                 0.0887936
122    'y[2,12,1]'                 0.073129
123    'y[2,12,2]'                 0.871179
124    'y[2,12,3]'                 0.0556924
125    'y[2,13,1]'                 0.0751397
126    'y[2,13,2]'                 0.893636
127    'y[2,13,3]'                 0.0312246
128    'y[2,14,1]'                 0.0824419
129    'y[2,14,2]'                 0.901975
130    'y[2,14,3]'                 0.0155827
131    'y[2,15,1]'                 0.108222
132    'y[2,15,2]'                 0.885256
133    'y[2,15,3]'                 0.0065211
134    'L[1,1]'                    0
135    'L[1,2]'                  306.84
136    'L[1,3]'                  311.339
137    'L[1,4]'                  311.979
138    'L[1,5]'                  311.63
139    'L[1,6]'                  311.247
140    'L[1,7]'                  311.004
141    'L[1,8]'                  310.877
142    'L[1,9]'                  111.631
143    'L[1,10]'                 117.949
144    'L[1,11]'                 120.588
145    'L[1,12]'                 121.779
146    'L[1,13]'                 122.777
147    'L[1,14]'                 124.16
148    'L[1,15]'                 126.189
149    'L[2,1]'                    0
150    'L[2,2]'                  202.529
151    'L[2,3]'                  199.127
152    'L[2,4]'                  198.829
153    'L[2,5]'                  200.261
154    'L[2,6]'                   61.9962
155    'L[2,7]'                   62.2467
156    'L[2,8]'                   62.6991
157    'L[2,9]'                   63.5044
158    'L[2,10]'                  64.8732
159    'L[2,11]'                  66.9787
160    'L[2,12]'                  69.7332
161    'L[2,13]'                  72.6569
162    'L[2,14]'                  75.1369
163    'L[2,15]'                  76.821
164    'x[1,1,1]'                  0.0580741
165    'x[1,1,2]'                  0.511666
166    'x[1,1,3]'                  0.43026
167    'x[1,2,1]'                  0.106548
168    'x[1,2,2]'                  0.604998
169    'x[1,2,3]'                  0.288454
170    'x[1,3,1]'                  0.152966
171    'x[1,3,2]'                  0.603265
172    'x[1,3,3]'                  0.243769
173    'x[1,4,1]'                  0.195496
174    'x[1,4,2]'                  0.573025
175    'x[1,4,3]'                  0.231479
176    'x[1,5,1]'                  0.232821
177    'x[1,5,2]'                  0.539682
178    'x[1,5,3]'                  0.227496
179    'x[1,6,1]'                  0.26377
180    'x[1,6,2]'                  0.510675
181    'x[1,6,3]'                  0.225555
182    'x[1,7,1]'                  0.288037
183    'x[1,7,2]'                  0.487712
184    'x[1,7,3]'                  0.224251
185    'x[1,8,1]'                  0.30619
186    'x[1,8,2]'                  0.470522
187    'x[1,8,3]'                  0.223287
188    'x[1,9,1]'                  0.355389
189    'x[1,9,2]'                  0.561972
190    'x[1,9,3]'                  0.0826387
191    'x[1,10,1]'                 0.390175
192    'x[1,10,2]'                 0.584209
193    'x[1,10,3]'                 0.0256168
194    'x[1,11,1]'                 0.425982
195    'x[1,11,2]'                 0.566698
196    'x[1,11,3]'                 0.00732039
197    'x[1,12,1]'                 0.474601
198    'x[1,12,2]'                 0.523408
199    'x[1,12,3]'                 0.00199068
200    'x[1,13,1]'                 0.543437
201    'x[1,13,2]'                 0.45605
202    'x[1,13,3]'                 0.00051352
203    'x[1,14,1]'                 0.63506
204    'x[1,14,2]'                 0.364818
205    'x[1,14,3]'                 0.000122807
206    'x[1,15,1]'                 0.744243
207    'x[1,15,2]'                 0.255731
208    'x[1,15,3]'                 2.57059e-05
209    'x[2,1,1]'                  0.000513397
210    'x[2,1,2]'                  0.0828567
211    'x[2,1,3]'                  0.91663
212    'x[2,2,1]'                  0.0017583
213    'x[2,2,2]'                  0.170055
214    'x[2,2,3]'                  0.828186
215    'x[2,3,1]'                  0.00498669
216    'x[2,3,2]'                  0.284321
217    'x[2,3,3]'                  0.710692
218    'x[2,4,1]'                  0.0120185
219    'x[2,4,2]'                  0.395166
220    'x[2,4,3]'                  0.592816
221    'x[2,5,1]'                  0.0252759
222    'x[2,5,2]'                  0.470984
223    'x[2,5,3]'                  0.50374
224    'x[2,6,1]'                  0.0255744
225    'x[2,6,2]'                  0.481009
226    'x[2,6,3]'                  0.493416
227    'x[2,7,1]'                  0.0260753
228    'x[2,7,2]'                  0.498047
229    'x[2,7,3]'                  0.475877
230    'x[2,8,1]'                  0.0268849
231    'x[2,8,2]'                  0.526073
232    'x[2,8,3]'                  0.447042
233    'x[2,9,1]'                  0.0281176
234    'x[2,9,2]'                  0.569686
235    'x[2,9,3]'                  0.402196
236    'x[2,10,1]'                 0.0298347
237    'x[2,10,2]'                 0.631716
238    'x[2,10,3]'                 0.338449
239    'x[2,11,1]'                 0.0319594
240    'x[2,11,2]'                 0.708815
241    'x[2,11,3]'                 0.259226
242    'x[2,12,1]'                 0.0343225
243    'x[2,12,2]'                 0.78896
244    'x[2,12,3]'                 0.176718
245    'x[2,13,1]'                 0.0371341
246    'x[2,13,2]'                 0.856739
247    'x[2,13,3]'                 0.106127
248    'x[2,14,1]'                 0.042327
249    'x[2,14,2]'                 0.901947
250    'x[2,14,3]'                 0.0557264
251    'x[2,15,1]'                 0.0574324
252    'x[2,15,2]'                 0.918194
253    'x[2,15,3]'                 0.0243734
254    'CC[2]'                     0
255    'CC[3]'                     0
256    'CC[4]'                     0
257    'CC[5]'                     0
258    'CC[6]'                     0
259    'CC[7]'                     0
260    'CC[8]'                     0
261    'CC[9]'                     0
262    'CC[10]'                    0
263    'CC[11]'                    0
264    'CC[12]'                    0
265    'CC[13]'                    0
266    'CC[14]'                    0
267    'CR[2]'                     0
268    'CR[3]'                     0
269    'CR[4]'                     0
270    'CR[5]'                   139.45
271    'CR[6]'                     0
272    'CR[7]'                     0
273    'CR[8]'                     0
274    'CR[9]'                     0
275    'CR[10]'                    0
276    'CR[11]'                    0
277    'CR[12]'                    0
278    'CR[13]'                    0
279    'CR[14]'                    0
280    'PC[1]'                    60.5498
281    'PC[2]'                    74.5234
282    'PR[1]'                     0
283    'PR[2]'                    64.9268
284    'PS[2]'                     0
285    'PS[3]'                     0
286    'PS[4]'                     0
287    'PS[5]'                     0
288    'PS[6]'                     0
289    'PS[7]'                     0
290    'PS[8]'                     0
291    'PS[9]'                     0
292    'PS[10]'                    0
293    'PS[11]'                    0
294    'PS[12]'                    0
295    'PS[13]'                    0
296    'PS[14]'                    0
297    'T[1,1]'                  438.396
298    'T[1,2]'                  430.665
299    'T[1,3]'                  427.165
300    'T[1,4]'                  425.04
301    'T[1,5]'                  423.451
302    'T[1,6]'                  422.211
303    'T[1,7]'                  421.267
304    'T[1,8]'                  420.573
305    'T[1,9]'                  415.302
306    'T[1,10]'                 412.901
307    'T[1,11]'                 411.43
308    'T[1,12]'                 409.913
309    'T[1,13]'                 407.973
310    'T[1,14]'                 405.549
311    'T[1,15]'                 402.839
312    'T[2,1]'                  469.888
313    'T[2,2]'                  463.326
314    'T[2,3]'                  455.569
315    'T[2,4]'                  448.575
316    'T[2,5]'                  443.424
317    'T[2,6]'                  442.933
318    'T[2,7]'                  442.11
319    'T[2,8]'                  440.791
320    'T[2,9]'                  438.815
321    'T[2,10]'                 436.152
322    'T[2,11]'                 433.057
323    'T[2,12]'                 430.054
324    'T[2,13]'                 427.614
325    'T[2,14]'                 425.831
326    'T[2,15]'                 424.297
327    TF                        422.969
328    'QC[1]'                  1612.2
329    'QC[2]'                  1370.93
330    'QR[1]'                  1727.55
331    'QR[2]'                  1508.1
332    'H[1,1,1]'                  7.68583
333    'H[1,1,2]'                  8.74137
334    'H[1,1,3]'                 10.8601
335    'H[1,2,1]'                  7.19933
336    'H[1,2,2]'                  8.18804
337    'H[1,2,3]'                 10.1724
338    'H[1,3,1]'                  6.98131
339    'H[1,3,2]'                  7.94007
340    'H[1,3,3]'                  9.86418
341    'H[1,4,1]'                  6.84974
342    'H[1,4,2]'                  7.79042
343    'H[1,4,3]'                  9.67818
344    'H[1,5,1]'                  6.75162
345    'H[1,5,2]'                  7.67882
346    'H[1,5,3]'                  9.53948
347    'H[1,6,1]'                  6.67527
348    'H[1,6,2]'                  7.59198
349    'H[1,6,3]'                  9.43155
350    'H[1,7,1]'                  6.61726
351    'H[1,7,2]'                  7.52601
352    'H[1,7,3]'                  9.34955
353    'H[1,8,1]'                  6.5747
354    'H[1,8,2]'                  7.47761
355    'H[1,8,3]'                  9.28939
356    'H[1,9,1]'                  6.2533
357    'H[1,9,2]'                  7.11205
358    'H[1,9,3]'                  8.83506
359    'H[1,10,1]'                 6.10795
360    'H[1,10,2]'                 6.94673
361    'H[1,10,3]'                 8.6296
362    'H[1,11,1]'                 6.01927
363    'H[1,11,2]'                 6.84587
364    'H[1,11,3]'                 8.50424
365    'H[1,12,1]'                 5.9281
366    'H[1,12,2]'                 6.74218
367    'H[1,12,3]'                 8.37537
368    'H[1,13,1]'                 5.81186
369    'H[1,13,2]'                 6.60997
370    'H[1,13,3]'                 8.21106
371    'H[1,14,1]'                 5.6673
372    'H[1,14,2]'                 6.44556
373    'H[1,14,3]'                 8.00672
374    'H[1,15,1]'                 5.50653
375    'H[1,15,2]'                 6.2627
376    'H[1,15,3]'                 7.77947
377    'H[2,1,1]'                  9.73783
378    'H[2,1,2]'                 11.0753
379    'H[2,1,3]'                 13.7609
380    'H[2,2,1]'                  9.30111
381    'H[2,2,2]'                 10.5785
382    'H[2,2,3]'                 13.1435
383    'H[2,3,1]'                  8.79104
384    'H[2,3,2]'                  9.9984
385    'H[2,3,3]'                 12.4225
386    'H[2,4,1]'                  8.33689
387    'H[2,4,2]'                  9.48186
388    'H[2,4,3]'                 11.7805
389    'H[2,5,1]'                  8.00594
390    'H[2,5,2]'                  9.10545
391    'H[2,5,3]'                 11.3126
392    'H[2,6,1]'                  7.97454
393    'H[2,6,2]'                  9.06973
394    'H[2,6,3]'                 11.2682
395    'H[2,7,1]'                  7.92203
396    'H[2,7,2]'                  9.01001
397    'H[2,7,3]'                 11.194
398    'H[2,8,1]'                  7.83794
399    'H[2,8,2]'                  8.91438
400    'H[2,8,3]'                 11.0751
401    'H[2,9,1]'                  7.71237
402    'H[2,9,2]'                  8.77155
403    'H[2,9,3]'                 10.8976
404    'H[2,10,1]'                 7.54389
405    'H[2,10,2]'                 8.57993
406    'H[2,10,3]'                10.6595
407    'H[2,11,1]'                 7.34913
408    'H[2,11,2]'                 8.35842
409    'H[2,11,3]'                10.3841
410    'H[2,12,1]'                 7.16113
411    'H[2,12,2]'                 8.14459
412    'H[2,12,3]'                10.1184
413    'H[2,13,1]'                 7.00924
414    'H[2,13,2]'                 7.97184
415    'H[2,13,3]'                 9.90366
416    'H[2,14,1]'                 6.89862
417    'H[2,14,2]'                 7.84602
418    'H[2,14,3]'                 9.74729
419    'H[2,15,1]'                 6.80379
420    'H[2,15,2]'                 7.73816
421    'H[2,15,3]'                 9.61323
422    'HF[1]'                     6.72192
423    'HF[2]'                     7.64505
424    'HF[3]'                     9.4975
425    'h[1,1,1]'                  0.396339
426    'h[1,1,2]'                  0.0548203
427    'h[1,1,3]'                 -0.296298
428    'h[1,2,1]'                 -0.297438
429    'h[1,2,2]'                 -0.686591
430    'h[1,2,3]'                 -1.16785
431    'h[1,3,1]'                 -0.606349
432    'h[1,3,2]'                 -1.01779
433    'h[1,3,3]'                 -1.55836
434    'h[1,4,1]'                 -0.792233
435    'h[1,4,2]'                 -1.2174
436    'h[1,4,3]'                 -1.79405
437    'h[1,5,1]'                 -0.93059
438    'h[1,5,2]'                 -1.36612
439    'h[1,5,3]'                 -1.96981
440    'h[1,6,1]'                 -1.0381
441    'h[1,6,2]'                 -1.48177
442    'h[1,6,3]'                 -2.10657
443    'h[1,7,1]'                 -1.11969
444    'h[1,7,2]'                 -1.56958
445    'h[1,7,3]'                 -2.21048
446    'h[1,8,1]'                 -1.17951
447    'h[1,8,2]'                 -1.63399
448    'h[1,8,3]'                 -2.28672
449    'h[1,9,1]'                 -1.63005
450    'h[1,9,2]'                 -2.11984
451    'h[1,9,3]'                 -2.86262
452    'h[1,10,1]'                -1.83313
453    'h[1,10,2]'                -2.33923
454    'h[1,10,3]'                -3.12313
455    'h[1,11,1]'                -1.95683
456    'h[1,11,2]'                -2.473
457    'h[1,11,3]'                -3.2821
458    'h[1,12,1]'                -2.08386
459    'h[1,12,2]'                -2.61046
460    'h[1,12,3]'                -3.44557
461    'h[1,13,1]'                -2.2456
462    'h[1,13,2]'                -2.78562
463    'h[1,13,3]'                -3.65402
464    'h[1,14,1]'                -2.44642
465    'h[1,14,2]'                -3.00331
466    'h[1,14,3]'                -3.91333
467    'h[1,15,1]'                -2.66936
468    'h[1,15,2]'                -3.24526
469    'h[1,15,3]'                -4.20183
470    'h[2,1,1]'                  3.41194
471    'h[2,1,2]'                  3.23068
472    'h[2,1,3]'                  3.39002
473    'h[2,2,1]'                  2.75525
474    'h[2,2,2]'                  2.54662
475    'h[2,2,3]'                  2.60324
476    'h[2,3,1]'                  1.99963
477    'h[2,3,2]'                  1.75387
478    'h[2,3,3]'                  1.68616
479    'h[2,4,1]'                  1.33572
480    'h[2,4,2]'                  1.05291
481    'h[2,4,3]'                  0.870927
482    'h[2,5,1]'                  0.856526
483    'h[2,5,2]'                  0.544639
484    'h[2,5,3]'                  0.277429
485    'h[2,6,1]'                  0.811239
486    'h[2,6,2]'                  0.496509
487    'h[2,6,3]'                  0.22113
488    'h[2,7,1]'                  0.735596
489    'h[2,7,2]'                  0.41608
490    'h[2,7,3]'                  0.127013
491    'h[2,8,1]'                  0.614628
492    'h[2,8,2]'                  0.287368
493    'h[2,8,3]'                 -0.023702
494    'h[2,9,1]'                  0.434378
495    'h[2,9,2]'                  0.0953696
496    'h[2,9,3]'                 -0.248738
497    'h[2,10,1]'                 0.193258
498    'h[2,10,2]'                -0.161845
499    'h[2,10,3]'                -0.550614
500    'h[2,11,1]'                -0.0844877
501    'h[2,11,2]'                -0.458654
502    'h[2,11,3]'                -0.899517
503    'h[2,12,1]'                -0.351643
504    'h[2,12,2]'                -0.74466
505    'h[2,12,3]'                -1.23627
506    'h[2,13,1]'                -0.566839
507    'h[2,13,2]'                -0.975397
508    'h[2,13,3]'                -1.50833
509    'h[2,14,1]'                -0.723217
510    'h[2,14,2]'                -1.14326
511    'h[2,14,3]'                -1.70648
512    'h[2,15,1]'                -0.857052
513    'h[2,15,2]'                -1.28706
514    'h[2,15,3]'                -1.87635
515    'hF[1]'                    -0.972416
516    'hF[2]'                    -1.4111
517    'hF[3]'                    -2.02299
518    'tauGamma[1,1,1,1]'     1e-06
519    'tauGamma[1,1,1,2]'     1e-06
520    'tauGamma[1,1,1,3]'     1e-06
521    'tauGamma[1,1,2,1]'     1e-06
522    'tauGamma[1,1,2,2]'     1e-06
523    'tauGamma[1,1,2,3]'     1e-06
524    'tauGamma[1,1,3,1]'     1e-06
525    'tauGamma[1,1,3,2]'     1e-06
526    'tauGamma[1,1,3,3]'     1e-06
527    'tauGamma[1,2,1,1]'     1e-06
528    'tauGamma[1,2,1,2]'     1e-06
529    'tauGamma[1,2,1,3]'     1e-06
530    'tauGamma[1,2,2,1]'     1e-06
531    'tauGamma[1,2,2,2]'     1e-06
532    'tauGamma[1,2,2,3]'     1e-06
533    'tauGamma[1,2,3,1]'     1e-06
534    'tauGamma[1,2,3,2]'     1e-06
535    'tauGamma[1,2,3,3]'     1e-06
536    'tauGamma[1,3,1,1]'     1e-06
537    'tauGamma[1,3,1,2]'     1e-06
538    'tauGamma[1,3,1,3]'     1e-06
539    'tauGamma[1,3,2,1]'     1e-06
540    'tauGamma[1,3,2,2]'     1e-06
541    'tauGamma[1,3,2,3]'     1e-06
542    'tauGamma[1,3,3,1]'     1e-06
543    'tauGamma[1,3,3,2]'     1e-06
544    'tauGamma[1,3,3,3]'     1e-06
545    'tauGamma[1,4,1,1]'     1e-06
546    'tauGamma[1,4,1,2]'     1e-06
547    'tauGamma[1,4,1,3]'     1e-06
548    'tauGamma[1,4,2,1]'     1e-06
549    'tauGamma[1,4,2,2]'     1e-06
550    'tauGamma[1,4,2,3]'     1e-06
551    'tauGamma[1,4,3,1]'     1e-06
552    'tauGamma[1,4,3,2]'     1e-06
553    'tauGamma[1,4,3,3]'     1e-06
554    'tauGamma[1,5,1,1]'     1e-06
555    'tauGamma[1,5,1,2]'     1e-06
556    'tauGamma[1,5,1,3]'     1e-06
557    'tauGamma[1,5,2,1]'     1e-06
558    'tauGamma[1,5,2,2]'     1e-06
559    'tauGamma[1,5,2,3]'     1e-06
560    'tauGamma[1,5,3,1]'     1e-06
561    'tauGamma[1,5,3,2]'     1e-06
562    'tauGamma[1,5,3,3]'     1e-06
563    'tauGamma[1,6,1,1]'     1e-06
564    'tauGamma[1,6,1,2]'     1e-06
565    'tauGamma[1,6,1,3]'     1e-06
566    'tauGamma[1,6,2,1]'     1e-06
567    'tauGamma[1,6,2,2]'     1e-06
568    'tauGamma[1,6,2,3]'     1e-06
569    'tauGamma[1,6,3,1]'     1e-06
570    'tauGamma[1,6,3,2]'     1e-06
571    'tauGamma[1,6,3,3]'     1e-06
572    'tauGamma[1,7,1,1]'     1e-06
573    'tauGamma[1,7,1,2]'     1e-06
574    'tauGamma[1,7,1,3]'     1e-06
575    'tauGamma[1,7,2,1]'     1e-06
576    'tauGamma[1,7,2,2]'     1e-06
577    'tauGamma[1,7,2,3]'     1e-06
578    'tauGamma[1,7,3,1]'     1e-06
579    'tauGamma[1,7,3,2]'     1e-06
580    'tauGamma[1,7,3,3]'     1e-06
581    'tauGamma[1,8,1,1]'     1e-06
582    'tauGamma[1,8,1,2]'     1e-06
583    'tauGamma[1,8,1,3]'     1e-06
584    'tauGamma[1,8,2,1]'     1e-06
585    'tauGamma[1,8,2,2]'     1e-06
586    'tauGamma[1,8,2,3]'     1e-06
587    'tauGamma[1,8,3,1]'     1e-06
588    'tauGamma[1,8,3,2]'     1e-06
589    'tauGamma[1,8,3,3]'     1e-06
590    'tauGamma[1,9,1,1]'     1e-06
591    'tauGamma[1,9,1,2]'     1e-06
592    'tauGamma[1,9,1,3]'     1e-06
593    'tauGamma[1,9,2,1]'     1e-06
594    'tauGamma[1,9,2,2]'     1e-06
595    'tauGamma[1,9,2,3]'     1e-06
596    'tauGamma[1,9,3,1]'     1e-06
597    'tauGamma[1,9,3,2]'     1e-06
598    'tauGamma[1,9,3,3]'     1e-06
599    'tauGamma[1,10,1,1]'    1e-06
600    'tauGamma[1,10,1,2]'    1e-06
601    'tauGamma[1,10,1,3]'    1e-06
602    'tauGamma[1,10,2,1]'    1e-06
603    'tauGamma[1,10,2,2]'    1e-06
604    'tauGamma[1,10,2,3]'    1e-06
605    'tauGamma[1,10,3,1]'    1e-06
606    'tauGamma[1,10,3,2]'    1e-06
607    'tauGamma[1,10,3,3]'    1e-06
608    'tauGamma[1,11,1,1]'    1e-06
609    'tauGamma[1,11,1,2]'    1e-06
610    'tauGamma[1,11,1,3]'    1e-06
611    'tauGamma[1,11,2,1]'    1e-06
612    'tauGamma[1,11,2,2]'    1e-06
613    'tauGamma[1,11,2,3]'    1e-06
614    'tauGamma[1,11,3,1]'    1e-06
615    'tauGamma[1,11,3,2]'    1e-06
616    'tauGamma[1,11,3,3]'    1e-06
617    'tauGamma[1,12,1,1]'    1e-06
618    'tauGamma[1,12,1,2]'    1e-06
619    'tauGamma[1,12,1,3]'    1e-06
620    'tauGamma[1,12,2,1]'    1e-06
621    'tauGamma[1,12,2,2]'    1e-06
622    'tauGamma[1,12,2,3]'    1e-06
623    'tauGamma[1,12,3,1]'    1e-06
624    'tauGamma[1,12,3,2]'    1e-06
625    'tauGamma[1,12,3,3]'    1e-06
626    'tauGamma[1,13,1,1]'    1e-06
627    'tauGamma[1,13,1,2]'    1e-06
628    'tauGamma[1,13,1,3]'    1e-06
629    'tauGamma[1,13,2,1]'    1e-06
630    'tauGamma[1,13,2,2]'    1e-06
631    'tauGamma[1,13,2,3]'    1e-06
632    'tauGamma[1,13,3,1]'    1e-06
633    'tauGamma[1,13,3,2]'    1e-06
634    'tauGamma[1,13,3,3]'    1e-06
635    'tauGamma[1,14,1,1]'    1e-06
636    'tauGamma[1,14,1,2]'    1e-06
637    'tauGamma[1,14,1,3]'    1e-06
638    'tauGamma[1,14,2,1]'    1e-06
639    'tauGamma[1,14,2,2]'    1e-06
640    'tauGamma[1,14,2,3]'    1e-06
641    'tauGamma[1,14,3,1]'    1e-06
642    'tauGamma[1,14,3,2]'    1e-06
643    'tauGamma[1,14,3,3]'    1e-06
644    'tauGamma[1,15,1,1]'    1e-06
645    'tauGamma[1,15,1,2]'    1e-06
646    'tauGamma[1,15,1,3]'    1e-06
647    'tauGamma[1,15,2,1]'    1e-06
648    'tauGamma[1,15,2,2]'    1e-06
649    'tauGamma[1,15,2,3]'    1e-06
650    'tauGamma[1,15,3,1]'    1e-06
651    'tauGamma[1,15,3,2]'    1e-06
652    'tauGamma[1,15,3,3]'    1e-06
653    'tauGamma[2,1,1,1]'     1e-06
654    'tauGamma[2,1,1,2]'     1e-06
655    'tauGamma[2,1,1,3]'     1e-06
656    'tauGamma[2,1,2,1]'     1e-06
657    'tauGamma[2,1,2,2]'     1e-06
658    'tauGamma[2,1,2,3]'     1e-06
659    'tauGamma[2,1,3,1]'     1e-06
660    'tauGamma[2,1,3,2]'     1e-06
661    'tauGamma[2,1,3,3]'     1e-06
662    'tauGamma[2,2,1,1]'     1e-06
663    'tauGamma[2,2,1,2]'     1e-06
664    'tauGamma[2,2,1,3]'     1e-06
665    'tauGamma[2,2,2,1]'     1e-06
666    'tauGamma[2,2,2,2]'     1e-06
667    'tauGamma[2,2,2,3]'     1e-06
668    'tauGamma[2,2,3,1]'     1e-06
669    'tauGamma[2,2,3,2]'     1e-06
670    'tauGamma[2,2,3,3]'     1e-06
671    'tauGamma[2,3,1,1]'     1e-06
672    'tauGamma[2,3,1,2]'     1e-06
673    'tauGamma[2,3,1,3]'     1e-06
674    'tauGamma[2,3,2,1]'     1e-06
675    'tauGamma[2,3,2,2]'     1e-06
676    'tauGamma[2,3,2,3]'     1e-06
677    'tauGamma[2,3,3,1]'     1e-06
678    'tauGamma[2,3,3,2]'     1e-06
679    'tauGamma[2,3,3,3]'     1e-06
680    'tauGamma[2,4,1,1]'     1e-06
681    'tauGamma[2,4,1,2]'     1e-06
682    'tauGamma[2,4,1,3]'     1e-06
683    'tauGamma[2,4,2,1]'     1e-06
684    'tauGamma[2,4,2,2]'     1e-06
685    'tauGamma[2,4,2,3]'     1e-06
686    'tauGamma[2,4,3,1]'     1e-06
687    'tauGamma[2,4,3,2]'     1e-06
688    'tauGamma[2,4,3,3]'     1e-06
689    'tauGamma[2,5,1,1]'     1e-06
690    'tauGamma[2,5,1,2]'     1e-06
691    'tauGamma[2,5,1,3]'     1e-06
692    'tauGamma[2,5,2,1]'     1e-06
693    'tauGamma[2,5,2,2]'     1e-06
694    'tauGamma[2,5,2,3]'     1e-06
695    'tauGamma[2,5,3,1]'     1e-06
696    'tauGamma[2,5,3,2]'     1e-06
697    'tauGamma[2,5,3,3]'     1e-06
698    'tauGamma[2,6,1,1]'     1e-06
699    'tauGamma[2,6,1,2]'     1e-06
700    'tauGamma[2,6,1,3]'     1e-06
701    'tauGamma[2,6,2,1]'     1e-06
702    'tauGamma[2,6,2,2]'     1e-06
703    'tauGamma[2,6,2,3]'     1e-06
704    'tauGamma[2,6,3,1]'     1e-06
705    'tauGamma[2,6,3,2]'     1e-06
706    'tauGamma[2,6,3,3]'     1e-06
707    'tauGamma[2,7,1,1]'     1e-06
708    'tauGamma[2,7,1,2]'     1e-06
709    'tauGamma[2,7,1,3]'     1e-06
710    'tauGamma[2,7,2,1]'     1e-06
711    'tauGamma[2,7,2,2]'     1e-06
712    'tauGamma[2,7,2,3]'     1e-06
713    'tauGamma[2,7,3,1]'     1e-06
714    'tauGamma[2,7,3,2]'     1e-06
715    'tauGamma[2,7,3,3]'     1e-06
716    'tauGamma[2,8,1,1]'     1e-06
717    'tauGamma[2,8,1,2]'     1e-06
718    'tauGamma[2,8,1,3]'     1e-06
719    'tauGamma[2,8,2,1]'     1e-06
720    'tauGamma[2,8,2,2]'     1e-06
721    'tauGamma[2,8,2,3]'     1e-06
722    'tauGamma[2,8,3,1]'     1e-06
723    'tauGamma[2,8,3,2]'     1e-06
724    'tauGamma[2,8,3,3]'     1e-06
725    'tauGamma[2,9,1,1]'     1e-06
726    'tauGamma[2,9,1,2]'     1e-06
727    'tauGamma[2,9,1,3]'     1e-06
728    'tauGamma[2,9,2,1]'     1e-06
729    'tauGamma[2,9,2,2]'     1e-06
730    'tauGamma[2,9,2,3]'     1e-06
731    'tauGamma[2,9,3,1]'     1e-06
732    'tauGamma[2,9,3,2]'     1e-06
733    'tauGamma[2,9,3,3]'     1e-06
734    'tauGamma[2,10,1,1]'    1e-06
735    'tauGamma[2,10,1,2]'    1e-06
736    'tauGamma[2,10,1,3]'    1e-06
737    'tauGamma[2,10,2,1]'    1e-06
738    'tauGamma[2,10,2,2]'    1e-06
739    'tauGamma[2,10,2,3]'    1e-06
740    'tauGamma[2,10,3,1]'    1e-06
741    'tauGamma[2,10,3,2]'    1e-06
742    'tauGamma[2,10,3,3]'    1e-06
743    'tauGamma[2,11,1,1]'    1e-06
744    'tauGamma[2,11,1,2]'    1e-06
745    'tauGamma[2,11,1,3]'    1e-06
746    'tauGamma[2,11,2,1]'    1e-06
747    'tauGamma[2,11,2,2]'    1e-06
748    'tauGamma[2,11,2,3]'    1e-06
749    'tauGamma[2,11,3,1]'    1e-06
750    'tauGamma[2,11,3,2]'    1e-06
751    'tauGamma[2,11,3,3]'    1e-06
752    'tauGamma[2,12,1,1]'    1e-06
753    'tauGamma[2,12,1,2]'    1e-06
754    'tauGamma[2,12,1,3]'    1e-06
755    'tauGamma[2,12,2,1]'    1e-06
756    'tauGamma[2,12,2,2]'    1e-06
757    'tauGamma[2,12,2,3]'    1e-06
758    'tauGamma[2,12,3,1]'    1e-06
759    'tauGamma[2,12,3,2]'    1e-06
760    'tauGamma[2,12,3,3]'    1e-06
761    'tauGamma[2,13,1,1]'    1e-06
762    'tauGamma[2,13,1,2]'    1e-06
763    'tauGamma[2,13,1,3]'    1e-06
764    'tauGamma[2,13,2,1]'    1e-06
765    'tauGamma[2,13,2,2]'    1e-06
766    'tauGamma[2,13,2,3]'    1e-06
767    'tauGamma[2,13,3,1]'    1e-06
768    'tauGamma[2,13,3,2]'    1e-06
769    'tauGamma[2,13,3,3]'    1e-06
770    'tauGamma[2,14,1,1]'    1e-06
771    'tauGamma[2,14,1,2]'    1e-06
772    'tauGamma[2,14,1,3]'    1e-06
773    'tauGamma[2,14,2,1]'    1e-06
774    'tauGamma[2,14,2,2]'    1e-06
775    'tauGamma[2,14,2,3]'    1e-06
776    'tauGamma[2,14,3,1]'    1e-06
777    'tauGamma[2,14,3,2]'    1e-06
778    'tauGamma[2,14,3,3]'    1e-06
779    'tauGamma[2,15,1,1]'    1e-06
780    'tauGamma[2,15,1,2]'    1e-06
781    'tauGamma[2,15,1,3]'    1e-06
782    'tauGamma[2,15,2,1]'    1e-06
783    'tauGamma[2,15,2,2]'    1e-06
784    'tauGamma[2,15,2,3]'    1e-06
785    'tauGamma[2,15,3,1]'    1e-06
786    'tauGamma[2,15,3,2]'    1e-06
787    'tauGamma[2,15,3,3]'    1e-06
788    'PGamma[1,1,1,1]'           1
789    'PGamma[1,1,1,2]'           1
790    'PGamma[1,1,1,3]'           1
791    'PGamma[1,1,2,1]'           1
792    'PGamma[1,1,2,2]'           1
793    'PGamma[1,1,2,3]'           1
794    'PGamma[1,1,3,1]'           1
795    'PGamma[1,1,3,2]'           1
796    'PGamma[1,1,3,3]'           1
797    'PGamma[1,2,1,1]'           1
798    'PGamma[1,2,1,2]'           1
799    'PGamma[1,2,1,3]'           1
800    'PGamma[1,2,2,1]'           1
801    'PGamma[1,2,2,2]'           1
802    'PGamma[1,2,2,3]'           1
803    'PGamma[1,2,3,1]'           1
804    'PGamma[1,2,3,2]'           1
805    'PGamma[1,2,3,3]'           1
806    'PGamma[1,3,1,1]'           1
807    'PGamma[1,3,1,2]'           1
808    'PGamma[1,3,1,3]'           1
809    'PGamma[1,3,2,1]'           1
810    'PGamma[1,3,2,2]'           1
811    'PGamma[1,3,2,3]'           1
812    'PGamma[1,3,3,1]'           1
813    'PGamma[1,3,3,2]'           1
814    'PGamma[1,3,3,3]'           1
815    'PGamma[1,4,1,1]'           1
816    'PGamma[1,4,1,2]'           1
817    'PGamma[1,4,1,3]'           1
818    'PGamma[1,4,2,1]'           1
819    'PGamma[1,4,2,2]'           1
820    'PGamma[1,4,2,3]'           1
821    'PGamma[1,4,3,1]'           1
822    'PGamma[1,4,3,2]'           1
823    'PGamma[1,4,3,3]'           1
824    'PGamma[1,5,1,1]'           1
825    'PGamma[1,5,1,2]'           1
826    'PGamma[1,5,1,3]'           1
827    'PGamma[1,5,2,1]'           1
828    'PGamma[1,5,2,2]'           1
829    'PGamma[1,5,2,3]'           1
830    'PGamma[1,5,3,1]'           1
831    'PGamma[1,5,3,2]'           1
832    'PGamma[1,5,3,3]'           1
833    'PGamma[1,6,1,1]'           1
834    'PGamma[1,6,1,2]'           1
835    'PGamma[1,6,1,3]'           1
836    'PGamma[1,6,2,1]'           1
837    'PGamma[1,6,2,2]'           1
838    'PGamma[1,6,2,3]'           1
839    'PGamma[1,6,3,1]'           1
840    'PGamma[1,6,3,2]'           1
841    'PGamma[1,6,3,3]'           1
842    'PGamma[1,7,1,1]'           1
843    'PGamma[1,7,1,2]'           1
844    'PGamma[1,7,1,3]'           1
845    'PGamma[1,7,2,1]'           1
846    'PGamma[1,7,2,2]'           1
847    'PGamma[1,7,2,3]'           1
848    'PGamma[1,7,3,1]'           1
849    'PGamma[1,7,3,2]'           1
850    'PGamma[1,7,3,3]'           1
851    'PGamma[1,8,1,1]'           1
852    'PGamma[1,8,1,2]'           1
853    'PGamma[1,8,1,3]'           1
854    'PGamma[1,8,2,1]'           1
855    'PGamma[1,8,2,2]'           1
856    'PGamma[1,8,2,3]'           1
857    'PGamma[1,8,3,1]'           1
858    'PGamma[1,8,3,2]'           1
859    'PGamma[1,8,3,3]'           1
860    'PGamma[1,9,1,1]'           1
861    'PGamma[1,9,1,2]'           1
862    'PGamma[1,9,1,3]'           1
863    'PGamma[1,9,2,1]'           1
864    'PGamma[1,9,2,2]'           1
865    'PGamma[1,9,2,3]'           1
866    'PGamma[1,9,3,1]'           1
867    'PGamma[1,9,3,2]'           1
868    'PGamma[1,9,3,3]'           1
869    'PGamma[1,10,1,1]'          1
870    'PGamma[1,10,1,2]'          1
871    'PGamma[1,10,1,3]'          1
872    'PGamma[1,10,2,1]'          1
873    'PGamma[1,10,2,2]'          1
874    'PGamma[1,10,2,3]'          1
875    'PGamma[1,10,3,1]'          1
876    'PGamma[1,10,3,2]'          1
877    'PGamma[1,10,3,3]'          1
878    'PGamma[1,11,1,1]'          1
879    'PGamma[1,11,1,2]'          1
880    'PGamma[1,11,1,3]'          1
881    'PGamma[1,11,2,1]'          1
882    'PGamma[1,11,2,2]'          1
883    'PGamma[1,11,2,3]'          1
884    'PGamma[1,11,3,1]'          1
885    'PGamma[1,11,3,2]'          1
886    'PGamma[1,11,3,3]'          1
887    'PGamma[1,12,1,1]'          1
888    'PGamma[1,12,1,2]'          1
889    'PGamma[1,12,1,3]'          1
890    'PGamma[1,12,2,1]'          1
891    'PGamma[1,12,2,2]'          1
892    'PGamma[1,12,2,3]'          1
893    'PGamma[1,12,3,1]'          1
894    'PGamma[1,12,3,2]'          1
895    'PGamma[1,12,3,3]'          1
896    'PGamma[1,13,1,1]'          1
897    'PGamma[1,13,1,2]'          1
898    'PGamma[1,13,1,3]'          1
899    'PGamma[1,13,2,1]'          1
900    'PGamma[1,13,2,2]'          1
901    'PGamma[1,13,2,3]'          1
902    'PGamma[1,13,3,1]'          1
903    'PGamma[1,13,3,2]'          1
904    'PGamma[1,13,3,3]'          1
905    'PGamma[1,14,1,1]'          1
906    'PGamma[1,14,1,2]'          1
907    'PGamma[1,14,1,3]'          1
908    'PGamma[1,14,2,1]'          1
909    'PGamma[1,14,2,2]'          1
910    'PGamma[1,14,2,3]'          1
911    'PGamma[1,14,3,1]'          1
912    'PGamma[1,14,3,2]'          1
913    'PGamma[1,14,3,3]'          1
914    'PGamma[1,15,1,1]'          1
915    'PGamma[1,15,1,2]'          1
916    'PGamma[1,15,1,3]'          1
917    'PGamma[1,15,2,1]'          1
918    'PGamma[1,15,2,2]'          1
919    'PGamma[1,15,2,3]'          1
920    'PGamma[1,15,3,1]'          1
921    'PGamma[1,15,3,2]'          1
922    'PGamma[1,15,3,3]'          1
923    'PGamma[2,1,1,1]'           1
924    'PGamma[2,1,1,2]'           1
925    'PGamma[2,1,1,3]'           1
926    'PGamma[2,1,2,1]'           1
927    'PGamma[2,1,2,2]'           1
928    'PGamma[2,1,2,3]'           1
929    'PGamma[2,1,3,1]'           1
930    'PGamma[2,1,3,2]'           1
931    'PGamma[2,1,3,3]'           1
932    'PGamma[2,2,1,1]'           1
933    'PGamma[2,2,1,2]'           1
934    'PGamma[2,2,1,3]'           1
935    'PGamma[2,2,2,1]'           1
936    'PGamma[2,2,2,2]'           1
937    'PGamma[2,2,2,3]'           1
938    'PGamma[2,2,3,1]'           1
939    'PGamma[2,2,3,2]'           1
940    'PGamma[2,2,3,3]'           1
941    'PGamma[2,3,1,1]'           1
942    'PGamma[2,3,1,2]'           1
943    'PGamma[2,3,1,3]'           1
944    'PGamma[2,3,2,1]'           1
945    'PGamma[2,3,2,2]'           1
946    'PGamma[2,3,2,3]'           1
947    'PGamma[2,3,3,1]'           1
948    'PGamma[2,3,3,2]'           1
949    'PGamma[2,3,3,3]'           1
950    'PGamma[2,4,1,1]'           1
951    'PGamma[2,4,1,2]'           1
952    'PGamma[2,4,1,3]'           1
953    'PGamma[2,4,2,1]'           1
954    'PGamma[2,4,2,2]'           1
955    'PGamma[2,4,2,3]'           1
956    'PGamma[2,4,3,1]'           1
957    'PGamma[2,4,3,2]'           1
958    'PGamma[2,4,3,3]'           1
959    'PGamma[2,5,1,1]'           1
960    'PGamma[2,5,1,2]'           1
961    'PGamma[2,5,1,3]'           1
962    'PGamma[2,5,2,1]'           1
963    'PGamma[2,5,2,2]'           1
964    'PGamma[2,5,2,3]'           1
965    'PGamma[2,5,3,1]'           1
966    'PGamma[2,5,3,2]'           1
967    'PGamma[2,5,3,3]'           1
968    'PGamma[2,6,1,1]'           1
969    'PGamma[2,6,1,2]'           1
970    'PGamma[2,6,1,3]'           1
971    'PGamma[2,6,2,1]'           1
972    'PGamma[2,6,2,2]'           1
973    'PGamma[2,6,2,3]'           1
974    'PGamma[2,6,3,1]'           1
975    'PGamma[2,6,3,2]'           1
976    'PGamma[2,6,3,3]'           1
977    'PGamma[2,7,1,1]'           1
978    'PGamma[2,7,1,2]'           1
979    'PGamma[2,7,1,3]'           1
980    'PGamma[2,7,2,1]'           1
981    'PGamma[2,7,2,2]'           1
982    'PGamma[2,7,2,3]'           1
983    'PGamma[2,7,3,1]'           1
984    'PGamma[2,7,3,2]'           1
985    'PGamma[2,7,3,3]'           1
986    'PGamma[2,8,1,1]'           1
987    'PGamma[2,8,1,2]'           1
988    'PGamma[2,8,1,3]'           1
989    'PGamma[2,8,2,1]'           1
990    'PGamma[2,8,2,2]'           1
991    'PGamma[2,8,2,3]'           1
992    'PGamma[2,8,3,1]'           1
993    'PGamma[2,8,3,2]'           1
994    'PGamma[2,8,3,3]'           1
995    'PGamma[2,9,1,1]'           1
996    'PGamma[2,9,1,2]'           1
997    'PGamma[2,9,1,3]'           1
998    'PGamma[2,9,2,1]'           1
999    'PGamma[2,9,2,2]'           1
1000   'PGamma[2,9,2,3]'           1
1001   'PGamma[2,9,3,1]'           1
1002   'PGamma[2,9,3,2]'           1
1003   'PGamma[2,9,3,3]'           1
1004   'PGamma[2,10,1,1]'          1
1005   'PGamma[2,10,1,2]'          1
1006   'PGamma[2,10,1,3]'          1
1007   'PGamma[2,10,2,1]'          1
1008   'PGamma[2,10,2,2]'          1
1009   'PGamma[2,10,2,3]'          1
1010   'PGamma[2,10,3,1]'          1
1011   'PGamma[2,10,3,2]'          1
1012   'PGamma[2,10,3,3]'          1
1013   'PGamma[2,11,1,1]'          1
1014   'PGamma[2,11,1,2]'          1
1015   'PGamma[2,11,1,3]'          1
1016   'PGamma[2,11,2,1]'          1
1017   'PGamma[2,11,2,2]'          1
1018   'PGamma[2,11,2,3]'          1
1019   'PGamma[2,11,3,1]'          1
1020   'PGamma[2,11,3,2]'          1
1021   'PGamma[2,11,3,3]'          1
1022   'PGamma[2,12,1,1]'          1
1023   'PGamma[2,12,1,2]'          1
1024   'PGamma[2,12,1,3]'          1
1025   'PGamma[2,12,2,1]'          1
1026   'PGamma[2,12,2,2]'          1
1027   'PGamma[2,12,2,3]'          1
1028   'PGamma[2,12,3,1]'          1
1029   'PGamma[2,12,3,2]'          1
1030   'PGamma[2,12,3,3]'          1
1031   'PGamma[2,13,1,1]'          1
1032   'PGamma[2,13,1,2]'          1
1033   'PGamma[2,13,1,3]'          1
1034   'PGamma[2,13,2,1]'          1
1035   'PGamma[2,13,2,2]'          1
1036   'PGamma[2,13,2,3]'          1
1037   'PGamma[2,13,3,1]'          1
1038   'PGamma[2,13,3,2]'          1
1039   'PGamma[2,13,3,3]'          1
1040   'PGamma[2,14,1,1]'          1
1041   'PGamma[2,14,1,2]'          1
1042   'PGamma[2,14,1,3]'          1
1043   'PGamma[2,14,2,1]'          1
1044   'PGamma[2,14,2,2]'          1
1045   'PGamma[2,14,2,3]'          1
1046   'PGamma[2,14,3,1]'          1
1047   'PGamma[2,14,3,2]'          1
1048   'PGamma[2,14,3,3]'          1
1049   'PGamma[2,15,1,1]'          1
1050   'PGamma[2,15,1,2]'          1
1051   'PGamma[2,15,1,3]'          1
1052   'PGamma[2,15,2,1]'          1
1053   'PGamma[2,15,2,2]'          1
1054   'PGamma[2,15,2,3]'          1
1055   'PGamma[2,15,3,1]'          1
1056   'PGamma[2,15,3,2]'          1
1057   'PGamma[2,15,3,3]'          1
1058   'SGamma1[1,1,1]'        1e-06
1059   'SGamma1[1,1,2]'        1e-06
1060   'SGamma1[1,1,3]'        1e-06
1061   'SGamma1[1,2,1]'        1e-06
1062   'SGamma1[1,2,2]'        1e-06
1063   'SGamma1[1,2,3]'        1e-06
1064   'SGamma1[1,3,1]'        1e-06
1065   'SGamma1[1,3,2]'        1e-06
1066   'SGamma1[1,3,3]'        1e-06
1067   'SGamma1[1,4,1]'        1e-06
1068   'SGamma1[1,4,2]'        1e-06
1069   'SGamma1[1,4,3]'        1e-06
1070   'SGamma1[1,5,1]'        1e-06
1071   'SGamma1[1,5,2]'        1e-06
1072   'SGamma1[1,5,3]'        1e-06
1073   'SGamma1[1,6,1]'        1e-06
1074   'SGamma1[1,6,2]'        1e-06
1075   'SGamma1[1,6,3]'        1e-06
1076   'SGamma1[1,7,1]'        1e-06
1077   'SGamma1[1,7,2]'        1e-06
1078   'SGamma1[1,7,3]'        1e-06
1079   'SGamma1[1,8,1]'        1e-06
1080   'SGamma1[1,8,2]'        1e-06
1081   'SGamma1[1,8,3]'        1e-06
1082   'SGamma1[1,9,1]'        1e-06
1083   'SGamma1[1,9,2]'        1e-06
1084   'SGamma1[1,9,3]'        1e-06
1085   'SGamma1[1,10,1]'       1e-06
1086   'SGamma1[1,10,2]'       1e-06
1087   'SGamma1[1,10,3]'       1e-06
1088   'SGamma1[1,11,1]'       1e-06
1089   'SGamma1[1,11,2]'       1e-06
1090   'SGamma1[1,11,3]'       1e-06
1091   'SGamma1[1,12,1]'       1e-06
1092   'SGamma1[1,12,2]'       1e-06
1093   'SGamma1[1,12,3]'       1e-06
1094   'SGamma1[1,13,1]'       1e-06
1095   'SGamma1[1,13,2]'       1e-06
1096   'SGamma1[1,13,3]'       1e-06
1097   'SGamma1[1,14,1]'       1e-06
1098   'SGamma1[1,14,2]'       1e-06
1099   'SGamma1[1,14,3]'       1e-06
1100   'SGamma1[1,15,1]'       1e-06
1101   'SGamma1[1,15,2]'       1e-06
1102   'SGamma1[1,15,3]'       1e-06
1103   'SGamma1[2,1,1]'        1e-06
1104   'SGamma1[2,1,2]'        1e-06
1105   'SGamma1[2,1,3]'        1e-06
1106   'SGamma1[2,2,1]'        1e-06
1107   'SGamma1[2,2,2]'        1e-06
1108   'SGamma1[2,2,3]'        1e-06
1109   'SGamma1[2,3,1]'        1e-06
1110   'SGamma1[2,3,2]'        1e-06
1111   'SGamma1[2,3,3]'        1e-06
1112   'SGamma1[2,4,1]'        1e-06
1113   'SGamma1[2,4,2]'        1e-06
1114   'SGamma1[2,4,3]'        1e-06
1115   'SGamma1[2,5,1]'        1e-06
1116   'SGamma1[2,5,2]'        1e-06
1117   'SGamma1[2,5,3]'        1e-06
1118   'SGamma1[2,6,1]'        1e-06
1119   'SGamma1[2,6,2]'        1e-06
1120   'SGamma1[2,6,3]'        1e-06
1121   'SGamma1[2,7,1]'        1e-06
1122   'SGamma1[2,7,2]'        1e-06
1123   'SGamma1[2,7,3]'        1e-06
1124   'SGamma1[2,8,1]'        1e-06
1125   'SGamma1[2,8,2]'        1e-06
1126   'SGamma1[2,8,3]'        1e-06
1127   'SGamma1[2,9,1]'        1e-06
1128   'SGamma1[2,9,2]'        1e-06
1129   'SGamma1[2,9,3]'        1e-06
1130   'SGamma1[2,10,1]'       1e-06
1131   'SGamma1[2,10,2]'       1e-06
1132   'SGamma1[2,10,3]'       1e-06
1133   'SGamma1[2,11,1]'       1e-06
1134   'SGamma1[2,11,2]'       1e-06
1135   'SGamma1[2,11,3]'       1e-06
1136   'SGamma1[2,12,1]'       1e-06
1137   'SGamma1[2,12,2]'       1e-06
1138   'SGamma1[2,12,3]'       1e-06
1139   'SGamma1[2,13,1]'       1e-06
1140   'SGamma1[2,13,2]'       1e-06
1141   'SGamma1[2,13,3]'       1e-06
1142   'SGamma1[2,14,1]'       1e-06
1143   'SGamma1[2,14,2]'       1e-06
1144   'SGamma1[2,14,3]'       1e-06
1145   'SGamma1[2,15,1]'       1e-06
1146   'SGamma1[2,15,2]'       1e-06
1147   'SGamma1[2,15,3]'       1e-06
1148   'SGamma2[1,1,1]'            1
1149   'SGamma2[1,1,2]'            1
1150   'SGamma2[1,1,3]'            1
1151   'SGamma2[1,2,1]'            1
1152   'SGamma2[1,2,2]'            1
1153   'SGamma2[1,2,3]'            1
1154   'SGamma2[1,3,1]'            1
1155   'SGamma2[1,3,2]'            1
1156   'SGamma2[1,3,3]'            1
1157   'SGamma2[1,4,1]'            1
1158   'SGamma2[1,4,2]'            1
1159   'SGamma2[1,4,3]'            1
1160   'SGamma2[1,5,1]'            1
1161   'SGamma2[1,5,2]'            1
1162   'SGamma2[1,5,3]'            1
1163   'SGamma2[1,6,1]'            1
1164   'SGamma2[1,6,2]'            1
1165   'SGamma2[1,6,3]'            1
1166   'SGamma2[1,7,1]'            1
1167   'SGamma2[1,7,2]'            1
1168   'SGamma2[1,7,3]'            1
1169   'SGamma2[1,8,1]'            1
1170   'SGamma2[1,8,2]'            1
1171   'SGamma2[1,8,3]'            1
1172   'SGamma2[1,9,1]'            1
1173   'SGamma2[1,9,2]'            1
1174   'SGamma2[1,9,3]'            1
1175   'SGamma2[1,10,1]'           1
1176   'SGamma2[1,10,2]'           1
1177   'SGamma2[1,10,3]'           1
1178   'SGamma2[1,11,1]'           1
1179   'SGamma2[1,11,2]'           1
1180   'SGamma2[1,11,3]'           1
1181   'SGamma2[1,12,1]'           1
1182   'SGamma2[1,12,2]'           1
1183   'SGamma2[1,12,3]'           1
1184   'SGamma2[1,13,1]'           1
1185   'SGamma2[1,13,2]'           1
1186   'SGamma2[1,13,3]'           1
1187   'SGamma2[1,14,1]'           1
1188   'SGamma2[1,14,2]'           1
1189   'SGamma2[1,14,3]'           1
1190   'SGamma2[1,15,1]'           1
1191   'SGamma2[1,15,2]'           1
1192   'SGamma2[1,15,3]'           1
1193   'SGamma2[2,1,1]'            1
1194   'SGamma2[2,1,2]'            1
1195   'SGamma2[2,1,3]'            1
1196   'SGamma2[2,2,1]'            1
1197   'SGamma2[2,2,2]'            1
1198   'SGamma2[2,2,3]'            1
1199   'SGamma2[2,3,1]'            1
1200   'SGamma2[2,3,2]'            1
1201   'SGamma2[2,3,3]'            1
1202   'SGamma2[2,4,1]'            1
1203   'SGamma2[2,4,2]'            1
1204   'SGamma2[2,4,3]'            1
1205   'SGamma2[2,5,1]'            1
1206   'SGamma2[2,5,2]'            1
1207   'SGamma2[2,5,3]'            1
1208   'SGamma2[2,6,1]'            1
1209   'SGamma2[2,6,2]'            1
1210   'SGamma2[2,6,3]'            1
1211   'SGamma2[2,7,1]'            1
1212   'SGamma2[2,7,2]'            1
1213   'SGamma2[2,7,3]'            1
1214   'SGamma2[2,8,1]'            1
1215   'SGamma2[2,8,2]'            1
1216   'SGamma2[2,8,3]'            1
1217   'SGamma2[2,9,1]'            1
1218   'SGamma2[2,9,2]'            1
1219   'SGamma2[2,9,3]'            1
1220   'SGamma2[2,10,1]'           1
1221   'SGamma2[2,10,2]'           1
1222   'SGamma2[2,10,3]'           1
1223   'SGamma2[2,11,1]'           1
1224   'SGamma2[2,11,2]'           1
1225   'SGamma2[2,11,3]'           1
1226   'SGamma2[2,12,1]'           1
1227   'SGamma2[2,12,2]'           1
1228   'SGamma2[2,12,3]'           1
1229   'SGamma2[2,13,1]'           1
1230   'SGamma2[2,13,2]'           1
1231   'SGamma2[2,13,3]'           1
1232   'SGamma2[2,14,1]'           1
1233   'SGamma2[2,14,2]'           1
1234   'SGamma2[2,14,3]'           1
1235   'SGamma2[2,15,1]'           1
1236   'SGamma2[2,15,2]'           1
1237   'SGamma2[2,15,3]'           1
1238   'gamma[1,1,1]'              1
1239   'gamma[1,1,2]'              1
1240   'gamma[1,1,3]'              1
1241   'gamma[1,2,1]'              1
1242   'gamma[1,2,2]'              1
1243   'gamma[1,2,3]'              1
1244   'gamma[1,3,1]'              1
1245   'gamma[1,3,2]'              1
1246   'gamma[1,3,3]'              1
1247   'gamma[1,4,1]'              1
1248   'gamma[1,4,2]'              1
1249   'gamma[1,4,3]'              1
1250   'gamma[1,5,1]'              1
1251   'gamma[1,5,2]'              1
1252   'gamma[1,5,3]'              1
1253   'gamma[1,6,1]'              1
1254   'gamma[1,6,2]'              1
1255   'gamma[1,6,3]'              1
1256   'gamma[1,7,1]'              1
1257   'gamma[1,7,2]'              1
1258   'gamma[1,7,3]'              1
1259   'gamma[1,8,1]'              1
1260   'gamma[1,8,2]'              1
1261   'gamma[1,8,3]'              1
1262   'gamma[1,9,1]'              1
1263   'gamma[1,9,2]'              1
1264   'gamma[1,9,3]'              1
1265   'gamma[1,10,1]'             1
1266   'gamma[1,10,2]'             1
1267   'gamma[1,10,3]'             1
1268   'gamma[1,11,1]'             1
1269   'gamma[1,11,2]'             1
1270   'gamma[1,11,3]'             1
1271   'gamma[1,12,1]'             1
1272   'gamma[1,12,2]'             1
1273   'gamma[1,12,3]'             1
1274   'gamma[1,13,1]'             1
1275   'gamma[1,13,2]'             1
1276   'gamma[1,13,3]'             1
1277   'gamma[1,14,1]'             1
1278   'gamma[1,14,2]'             1
1279   'gamma[1,14,3]'             1
1280   'gamma[1,15,1]'             1
1281   'gamma[1,15,2]'             1
1282   'gamma[1,15,3]'             1
1283   'gamma[2,1,1]'              1
1284   'gamma[2,1,2]'              1
1285   'gamma[2,1,3]'              1
1286   'gamma[2,2,1]'              1
1287   'gamma[2,2,2]'              1
1288   'gamma[2,2,3]'              1
1289   'gamma[2,3,1]'              1
1290   'gamma[2,3,2]'              1
1291   'gamma[2,3,3]'              1
1292   'gamma[2,4,1]'              1
1293   'gamma[2,4,2]'              1
1294   'gamma[2,4,3]'              1
1295   'gamma[2,5,1]'              1
1296   'gamma[2,5,2]'              1
1297   'gamma[2,5,3]'              1
1298   'gamma[2,6,1]'              1
1299   'gamma[2,6,2]'              1
1300   'gamma[2,6,3]'              1
1301   'gamma[2,7,1]'              1
1302   'gamma[2,7,2]'              1
1303   'gamma[2,7,3]'              1
1304   'gamma[2,8,1]'              1
1305   'gamma[2,8,2]'              1
1306   'gamma[2,8,3]'              1
1307   'gamma[2,9,1]'              1
1308   'gamma[2,9,2]'              1
1309   'gamma[2,9,3]'              1
1310   'gamma[2,10,1]'             1
1311   'gamma[2,10,2]'             1
1312   'gamma[2,10,3]'             1
1313   'gamma[2,11,1]'             1
1314   'gamma[2,11,2]'             1
1315   'gamma[2,11,3]'             1
1316   'gamma[2,12,1]'             1
1317   'gamma[2,12,2]'             1
1318   'gamma[2,12,3]'             1
1319   'gamma[2,13,1]'             1
1320   'gamma[2,13,2]'             1
1321   'gamma[2,13,3]'             1
1322   'gamma[2,14,1]'             1
1323   'gamma[2,14,2]'             1
1324   'gamma[2,14,3]'             1
1325   'gamma[2,15,1]'             1
1326   'gamma[2,15,2]'             1
1327   'gamma[2,15,3]'             1
1328   'PrS[1,1,1]'           512716
1329   'PrS[1,1,2]'           270410
1330   'PrS[1,1,3]'            80218.5
1331   'PrS[1,2,1]'           437355
1332   'PrS[1,2,2]'           226961
1333   'PrS[1,2,3]'            64965.2
1334   'PrS[1,3,1]'           406144
1335   'PrS[1,3,2]'           209151
1336   'PrS[1,3,3]'            58866.6
1337   'PrS[1,4,1]'           388051
1338   'PrS[1,4,2]'           198883
1339   'PrS[1,4,3]'            55395.1
1340   'PrS[1,5,1]'           374917
1341   'PrS[1,5,2]'           191456
1342   'PrS[1,5,3]'            52905.9
1343   'PrS[1,6,1]'           364907
1344   'PrS[1,6,2]'           185811
1345   'PrS[1,6,3]'            51026.6
1346   'PrS[1,7,1]'           357424
1347   'PrS[1,7,2]'           181600
1348   'PrS[1,7,3]'            49632
1349   'PrS[1,8,1]'           351999
1350   'PrS[1,8,2]'           178553
1351   'PrS[1,8,3]'            48626.8
1352   'PrS[1,9,1]'           312816
1353   'PrS[1,9,2]'           156677
1354   'PrS[1,9,3]'            41512.3
1355   'PrS[1,10,1]'          296109
1356   'PrS[1,10,2]'          147426
1357   'PrS[1,10,3]'           38561.7
1358   'PrS[1,11,1]'          286219
1359   'PrS[1,11,2]'          141974
1360   'PrS[1,11,3]'           36839.6
1361   'PrS[1,12,1]'          276287
1362   'PrS[1,12,2]'          136516
1363   'PrS[1,12,3]'           35129.5
1364   'PrS[1,13,1]'          263968
1365   'PrS[1,13,2]'          129773
1366   'PrS[1,13,3]'           33035.7
1367   'PrS[1,14,1]'          249175
1368   'PrS[1,14,2]'          121718
1369   'PrS[1,14,3]'           30563.3
1370   'PrS[1,15,1]'          233399
1371   'PrS[1,15,2]'          113180
1372   'PrS[1,15,3]'           27979.1
1373   'PrS[2,1,1]'           925900
1374   'PrS[2,1,2]'           516548
1375   'PrS[2,1,3]'           173871
1376   'PrS[2,2,1]'           824165
1377   'PrS[2,2,2]'           454969
1378   'PrS[2,2,3]'           149520
1379   'PrS[2,3,1]'           715113
1380   'PrS[2,3,2]'           389588
1381   'PrS[2,3,3]'           124267
1382   'PrS[2,4,1]'           626502
1383   'PrS[2,4,2]'           337021
1384   'PrS[2,4,3]'           104486
1385   'PrS[2,5,1]'           566761
1386   'PrS[2,5,2]'           301911
1387   'PrS[2,5,3]'            91573.2
1388   'PrS[2,6,1]'           561298
1389   'PrS[2,6,2]'           298715
1390   'PrS[2,6,3]'            90410.8
1391   'PrS[2,7,1]'           552243
1392   'PrS[2,7,2]'           293424
1393   'PrS[2,7,3]'            88491.3
1394   'PrS[2,8,1]'           537946
1395   'PrS[2,8,2]'           285083
1396   'PrS[2,8,3]'            85478.8
1397   'PrS[2,9,1]'           517060
1398   'PrS[2,9,2]'           272932
1399   'PrS[2,9,3]'            81119
1400   'PrS[2,10,1]'          489898
1401   'PrS[2,10,2]'          257192
1402   'PrS[2,10,3]'           75525.4
1403   'PrS[2,11,1]'          459709
1404   'PrS[2,11,2]'          239786
1405   'PrS[2,11,3]'           69414.5
1406   'PrS[2,12,1]'          431775
1407   'PrS[2,12,2]'          223768
1408   'PrS[2,12,3]'           63864.9
1409   'PrS[2,13,1]'          410056
1410   'PrS[2,13,2]'          211377
1411   'PrS[2,13,3]'           59623.5
1412   'PrS[2,14,1]'          394708
1413   'PrS[2,14,2]'          202656
1414   'PrS[2,14,3]'           56666.9
1415   'PrS[2,15,1]'          381862
1416   'PrS[2,15,2]'          195380
1417   'PrS[2,15,3]'           54219
1418   'PrSF[1]'              371002
1419   'PrSF[2]'              189246
1420   'PrSF[3]'               52169.1
1421   Vap                       304.993
1422   Sep                       160
1423   yPC1                        1
1424   yPR1                        0
1425   yPS                         0
;

