solve_message =
'Knitro 10.3.0: Current infeasible solution estimate cannot be improved.\
objective 18846.50987215178; feasibility error 0.0054\
806 iterations; 2130 function evaluations'

:            _varname               _var           :=
1      'F[2]'                       0
2      'F[3]'                       0
3      'F[4]'                       0
4      'F[5]'                       0
5      'F[6]'                       0
6      'F[7]'                       0
7      'F[8]'                     200
8      'F[9]'                       0
9      'F[10]'                      0
10     'F[11]'                      0
11     'F[12]'                      0
12     'F[13]'                      0
13     'F[14]'                      0
14     'V[1,1]'                  2321.64
15     'V[1,2]'                  2319.87
16     'V[1,3]'                  2315.56
17     'V[1,4]'                  2303.76
18     'V[1,5]'                  2273.65
19     'V[1,6]'                  2210.67
20     'V[1,7]'                  2133.79
21     'V[1,8]'                  2153.72
22     'V[1,9]'                  2296.99
23     'V[1,10]'                 2458.07
24     'V[1,11]'                 2544.06
25     'V[1,12]'                 2571.06
26     'V[1,13]'                 2573.82
27     'V[1,14]'                 2573.16
28     'V[1,15]'                    0
29     'V[2,1]'                 16524.9
30     'V[2,2]'                 16481
31     'V[2,3]'                 16454.5
32     'V[2,4]'                 16411.4
33     'V[2,5]'                 16353.5
34     'V[2,6]'                 16305.6
35     'V[2,7]'                 16331
36     'V[2,8]'                 16502.1
37     'V[2,9]'                 16815.6
38     'V[2,10]'                17167.9
39     'V[2,11]'                17462.8
40     'V[2,12]'                17656.1
41     'V[2,13]'                17765.4
42     'V[2,14]'                17836.2
43     'V[2,15]'                    0
44     'y[1,1,1]'                   1.08366e-06
45     'y[1,1,2]'                   0.000694862
46     'y[1,1,3]'                   0.999304
47     'y[1,2,1]'                   5.45709e-06
48     'y[1,2,2]'                   0.00198019
49     'y[1,2,3]'                   0.998014
50     'y[1,3,1]'                   2.73192e-05
51     'y[1,3,2]'                   0.00559928
52     'y[1,3,3]'                   0.994373
53     'y[1,4,1]'                   0.000135932
54     'y[1,4,2]'                   0.01571
55     'y[1,4,3]'                   0.984154
56     'y[1,5,1]'                   0.000666265
57     'y[1,5,2]'                   0.0433402
58     'y[1,5,3]'                   0.955994
59     'y[1,6,1]'                   0.00313592
60     'y[1,6,2]'                   0.114385
61     'y[1,6,3]'                   0.882479
62     'y[1,7,1]'                   0.0133307
63     'y[1,7,2]'                   0.270181
64     'y[1,7,3]'                   0.716488
65     'y[1,8,1]'                   0.0459454
66     'y[1,8,2]'                   0.507524
67     'y[1,8,3]'                   0.44653
68     'y[1,9,1]'                   0.0531961
69     'y[1,9,2]'                   0.735749
70     'y[1,9,3]'                   0.211055
71     'y[1,10,1]'                  0.0639372
72     'y[1,10,2]'                  0.861366
73     'y[1,10,3]'                  0.0746963
74     'y[1,11,1]'                  0.0829438
75     'y[1,11,2]'                  0.894436
76     'y[1,11,3]'                  0.0226204
77     'y[1,12,1]'                  0.117801
78     'y[1,12,2]'                  0.875836
79     'y[1,12,3]'                  0.00636225
80     'y[1,13,1]'                  0.179776
81     'y[1,13,2]'                  0.818533
82     'y[1,13,3]'                  0.00169142
83     'y[1,14,1]'                  0.281769
84     'y[1,14,2]'                  0.717814
85     'y[1,14,3]'                  0.000416748
86     'y[1,15,1]'                  0.428576
87     'y[1,15,2]'                  0.571333
88     'y[1,15,3]'                  9.11058e-05
89     'y[2,1,1]'                   0.0101058
90     'y[2,1,2]'                   0.98985
91     'y[2,1,3]'                   4.42313e-05
92     'y[2,2,1]'                   0.0194688
93     'y[2,2,2]'                   0.980519
94     'y[2,2,3]'                   1.23803e-05
95     'y[2,3,1]'                   0.037165
96     'y[2,3,2]'                   0.962831
97     'y[2,3,3]'                   3.58049e-06
98     'y[2,4,1]'                   0.0698557
99     'y[2,4,2]'                   0.930143
100    'y[2,4,3]'                   1.16228e-06
101    'y[2,5,1]'                   0.127755
102    'y[2,5,2]'                   0.872244
103    'y[2,5,3]'                   4.99161e-07
104    'y[2,6,1]'                   0.222947
105    'y[2,6,2]'                   0.777053
106    'y[2,6,3]'                   3.09276e-07
107    'y[2,7,1]'                   0.361442
108    'y[2,7,2]'                   0.638558
109    'y[2,7,3]'                   2.39157e-07
110    'y[2,8,1]'                   0.529928
111    'y[2,8,2]'                   0.470072
112    'y[2,8,3]'                   1.95322e-07
113    'y[2,9,1]'                   0.69394
114    'y[2,9,2]'                   0.306059
115    'y[2,9,3]'                   1.59229e-07
116    'y[2,10,1]'                  0.821054
117    'y[2,10,2]'                  0.178946
118    'y[2,10,3]'                  1.31617e-07
119    'y[2,11,1]'                  0.902599
120    'y[2,11,2]'                  0.0974008
121    'y[2,11,3]'                  1.13556e-07
122    'y[2,12,1]'                  0.950579
123    'y[2,12,2]'                  0.0494207
124    'y[2,12,3]'                  1.39452e-08
125    'y[2,13,1]'                  0.975644
126    'y[2,13,2]'                  0.0243557
127    'y[2,13,3]'                  1.65328e-09
128    'y[2,14,1]'                  0.988179
129    'y[2,14,2]'                  0.0118209
130    'y[2,14,3]'                  1.92486e-10
131    'y[2,15,1]'                  0.996327
132    'y[2,15,2]'                  0.00570307
133    'y[2,15,3]'                  2.22755e-11
134    'L[1,1]'                     0
135    'L[1,2]'                  2381.64
136    'L[1,3]'                  2379.87
137    'L[1,4]'                  2375.56
138    'L[1,5]'                  2363.76
139    'L[1,6]'                  2333.65
140    'L[1,7]'                  2270.67
141    'L[1,8]'                  2193.79
142    'L[1,9]'                  2013.73
143    'L[1,10]'                 2156.99
144    'L[1,11]'                 2318.07
145    'L[1,12]'                 2404.06
146    'L[1,13]'                 2431.06
147    'L[1,14]'                 2433.82
148    'L[1,15]'                 2433.17
149    'L[2,1]'                     0
150    'L[2,2]'                 16604.9
151    'L[2,3]'                 16561.1
152    'L[2,4]'                 16534.6
153    'L[2,5]'                 16491.5
154    'L[2,6]'                 16433.6
155    'L[2,7]'                 16385.7
156    'L[2,8]'                 16411
157    'L[2,9]'                 16582.2
158    'L[2,10]'                16895.6
159    'L[2,11]'                17248
160    'L[2,12]'                17402.9
161    'L[2,13]'                17596.2
162    'L[2,14]'                17705.4
163    'L[2,15]'                17776.3
164    'x[1,1,1]'                   2.10726e-07
165    'x[1,1,2]'                   0.000239684
166    'x[1,1,3]'                   1
167    'x[1,2,1]'                   1.06167e-06
168    'x[1,2,2]'                   0.000683393
169    'x[1,2,3]'                   0.999316
170    'x[1,3,1]'                   5.32482e-06
171    'x[1,3,2]'                   0.00193631
172    'x[1,3,3]'                   0.998058
173    'x[1,4,1]'                   2.66345e-05
174    'x[1,4,2]'                   0.00546391
175    'x[1,4,3]'                   0.994509
176    'x[1,5,1]'                   0.000132487
177    'x[1,5,2]'                   0.0153173
178    'x[1,5,3]'                   0.98455
179    'x[1,6,1]'                   0.00064914
180    'x[1,6,2]'                   0.042232
181    'x[1,6,3]'                   0.957119
182    'x[1,7,1]'                   0.00305306
183    'x[1,7,2]'                   0.111369
184    'x[1,7,3]'                   0.885578
185    'x[1,8,1]'                   0.0129661
186    'x[1,8,2]'                   0.262798
187    'x[1,8,3]'                   0.724236
188    'x[1,9,1]'                   0.0193442
189    'x[1,9,2]'                   0.503088
190    'x[1,9,3]'                   0.477568
191    'x[1,10,1]'                  0.0288323
192    'x[1,10,2]'                  0.74642
193    'x[1,10,3]'                  0.224748
194    'x[1,11,1]'                  0.041915
195    'x[1,11,2]'                  0.878883
196    'x[1,11,3]'                  0.079202
197    'x[1,12,1]'                  0.0628162
198    'x[1,12,2]'                  0.913251
199    'x[1,12,3]'                  0.0239324
200    'x[1,13,1]'                  0.0999046
201    'x[1,13,2]'                  0.893372
202    'x[1,13,3]'                  0.00672338
203    'x[1,14,1]'                  0.165464
204    'x[1,14,2]'                  0.832752
205    'x[1,14,3]'                  0.00178347
206    'x[1,15,1]'                  0.273322
207    'x[1,15,2]'                  0.726242
208    'x[1,15,3]'                  0.000435485
209    'x[2,1,1]'                   0.00523675
210    'x[2,1,2]'                   1
211    'x[2,1,3]'                   0.000160145
212    'x[2,2,1]'                   0.0100822
213    'x[2,2,2]'                   0.989873
214    'x[2,2,3]'                   4.47861e-05
215    'x[2,3,1]'                   0.0193998
216    'x[2,3,2]'                   0.980587
217    'x[2,3,3]'                   1.30906e-05
218    'x[2,4,1]'                   0.0370102
219    'x[2,4,2]'                   0.962985
220    'x[2,4,3]'                   4.33454e-06
221    'x[2,5,1]'                   0.0695418
222    'x[2,5,2]'                   0.930456
223    'x[2,5,3]'                   1.93004e-06
224    'x[2,6,1]'                   0.127158
225    'x[2,6,2]'                   0.872841
226    'x[2,6,3]'                   1.27286e-06
227    'x[2,7,1]'                   0.221883
228    'x[2,7,2]'                   0.778116
229    'x[2,7,3]'                   1.08617e-06
230    'x[2,8,1]'                   0.359704
231    'x[2,8,2]'                   0.640295
232    'x[2,8,3]'                   1.01519e-06
233    'x[2,9,1]'                   0.527394
234    'x[2,9,2]'                   0.472605
235    'x[2,9,3]'                   9.63559e-07
236    'x[2,10,1]'                  0.690676
237    'x[2,10,2]'                  0.309323
238    'x[2,10,3]'                  9.13383e-07
239    'x[2,11,1]'                  0.817267
240    'x[2,11,2]'                  0.182732
241    'x[2,11,3]'                  8.70492e-07
242    'x[2,12,1]'                  0.902283
243    'x[2,12,2]'                  0.0977166
244    'x[2,12,3]'                  1.13947e-07
245    'x[2,13,1]'                  0.95043
246    'x[2,13,2]'                  0.0495697
247    'x[2,13,3]'                  1.39926e-08
248    'x[2,14,1]'                  0.975581
249    'x[2,14,2]'                  0.0244189
250    'x[2,14,3]'                  1.6588e-09
251    'x[2,15,1]'                  0.988158
252    'x[2,15,2]'                  0.0118416
253    'x[2,15,3]'                  1.93058e-10
254    'CC[2]'                      0
255    'CC[3]'                      0
256    'CC[4]'                      0
257    'CC[5]'                      0
258    'CC[6]'                      0
259    'CC[7]'                      0
260    'CC[8]'                      0
261    'CC[9]'                      0
262    'CC[10]'                     0
263    'CC[11]'                   139.998
264    'CC[12]'                     0
265    'CC[13]'                     0
266    'CC[14]'                     0
267    'CR[2]'                      0
268    'CR[3]'                      0
269    'CR[4]'                      0
270    'CR[5]'                      1.35836e-09
271    'CR[6]'                      0
272    'CR[7]'                      0
273    'CR[8]'                      0
274    'CR[9]'                      0
275    'CR[10]'                     0
276    'CR[11]'                     0
277    'CR[12]'                     0
278    'CR[13]'                     0
279    'CR[14]'                     0
280    'PC[1]'                      4.9064e-09
281    'PC[2]'                     59.8026
282    'PR[1]'                     59.9872
283    'PR[2]'                     79.6446
284    'PS[2]'                      0
285    'PS[3]'                      0
286    'PS[4]'                      0
287    'PS[5]'                      0
288    'PS[6]'                      0
289    'PS[7]'                      0
290    'PS[8]'                      5.21611e-09
291    'PS[9]'                      0
292    'PS[10]'                     0
293    'PS[11]'                     0
294    'PS[12]'                     0
295    'PS[13]'                     0
296    'PS[14]'                     0
297    'T[1,1]'                   476.746
298    'T[1,2]'                   476.719
299    'T[1,3]'                   476.609
300    'T[1,4]'                   476.3
301    'T[1,5]'                   475.436
302    'T[1,6]'                   473.097
303    'T[1,7]'                   467.309
304    'T[1,8]'                   455.793
305    'T[1,9]'                   442.569
306    'T[1,10]'                  431.964
307    'T[1,11]'                  426.57
308    'T[1,12]'                  424.075
309    'T[1,13]'                  422.18
310    'T[1,14]'                  419.677
311    'T[1,15]'                  415.994
312    'T[2,1]'                   425.4
313    'T[2,2]'                   425.43
314    'T[2,3]'                   425.061
315    'T[2,4]'                   424.373
316    'T[2,5]'                   423.128
317    'T[2,6]'                   420.997
318    'T[2,7]'                   417.687
319    'T[2,8]'                   413.258
320    'T[2,9]'                   408.4
321    'T[2,10]'                  404.145
322    'T[2,11]'                  401.122
323    'T[2,12]'                  399.212
324    'T[2,13]'                  398.17
325    'T[2,14]'                  397.636
326    'T[2,15]'                  397.452
327    TF                         422.969
328    'QC[1]'                  23373.9
329    'QC[2]'                 148463
330    'QR[1]'                  23661.1
331    'QR[2]'                 148441
332    'H[1,1,1]'                  10.1992
333    'H[1,1,2]'                  11.6
334    'H[1,1,3]'                  14.4131
335    'H[1,2,1]'                  10.1974
336    'H[1,2,2]'                  11.5979
337    'H[1,2,3]'                  14.4104
338    'H[1,3,1]'                  10.1899
339    'H[1,3,2]'                  11.5895
340    'H[1,3,3]'                  14.4
341    'H[1,4,1]'                  10.169
342    'H[1,4,2]'                  11.5657
343    'H[1,4,3]'                  14.3704
344    'H[1,5,1]'                  10.1107
345    'H[1,5,2]'                  11.4993
346    'H[1,5,3]'                  14.2879
347    'H[1,6,1]'                   9.95306
348    'H[1,6,2]'                  11.32
349    'H[1,6,3]'                  14.0651
350    'H[1,7,1]'                   9.5656
351    'H[1,7,2]'                  10.8794
352    'H[1,7,3]'                  13.5174
353    'H[1,8,1]'                   8.80564
354    'H[1,8,2]'                  10.015
355    'H[1,8,3]'                  12.4431
356    'H[1,9,1]'                   7.95133
357    'H[1,9,2]'                   9.04333
358    'H[1,9,3]'                  11.2354
359    'H[1,10,1]'                  7.28059
360    'H[1,10,2]'                  8.28045
361    'H[1,10,3]'                 10.2872
362    'H[1,11,1]'                  6.94442
363    'H[1,11,2]'                  7.89811
364    'H[1,11,3]'                  9.81203
365    'H[1,12,1]'                  6.79013
366    'H[1,12,2]'                  7.72262
367    'H[1,12,3]'                  9.59392
368    'H[1,13,1]'                  6.67339
369    'H[1,13,2]'                  7.58985
370    'H[1,13,3]'                  9.42889
371    'H[1,14,1]'                  6.51987
372    'H[1,14,2]'                  7.41524
373    'H[1,14,3]'                  9.21188
374    'H[1,15,1]'                  6.2953
375    'H[1,15,2]'                  7.15983
376    'H[1,15,3]'                  8.89444
377    'H[2,1,1]'                   6.87197
378    'H[2,1,2]'                   7.81571
379    'H[2,1,3]'                   9.70961
380    'H[2,2,1]'                   6.87381
381    'H[2,2,2]'                   7.8178
382    'H[2,2,3]'                   9.71221
383    'H[2,3,1]'                   6.85101
384    'H[2,3,2]'                   7.79187
385    'H[2,3,3]'                   9.67998
386    'H[2,4,1]'                   6.80851
387    'H[2,4,2]'                   7.74353
388    'H[2,4,3]'                   9.61991
389    'H[2,5,1]'                   6.73169
390    'H[2,5,2]'                   7.65616
391    'H[2,5,3]'                   9.51132
392    'H[2,6,1]'                   6.6007
393    'H[2,6,2]'                   7.50718
394    'H[2,6,3]'                   9.32615
395    'H[2,7,1]'                   6.39834
396    'H[2,7,2]'                   7.27702
397    'H[2,7,3]'                   9.04009
398    'H[2,8,1]'                   6.12953
399    'H[2,8,2]'                   6.97128
400    'H[2,8,3]'                   8.6601
401    'H[2,9,1]'                   5.83743
402    'H[2,9,2]'                   6.63905
403    'H[2,9,3]'                   8.2472
404    'H[2,10,1]'                  5.5839
405    'H[2,10,2]'                  6.3507
406    'H[2,10,3]'                  7.88884
407    'H[2,11,1]'                  5.40514
408    'H[2,11,2]'                  6.14738
409    'H[2,11,3]'                  7.63616
410    'H[2,12,1]'                  5.29274
411    'H[2,12,2]'                  6.01955
412    'H[2,12,3]'                  7.47729
413    'H[2,13,1]'                  5.2316
414    'H[2,13,2]'                  5.95
415    'H[2,13,3]'                  7.39086
416    'H[2,14,1]'                  5.20034
417    'H[2,14,2]'                  5.91445
418    'H[2,14,3]'                  7.34668
419    'H[2,15,1]'                  5.1896
420    'H[2,15,2]'                  5.90224
421    'H[2,15,3]'                  7.33151
422    'HF[1]'                      6.72192
423    'HF[2]'                      7.64505
424    'HF[3]'                      9.4975
425    'h[1,1,1]'                   4.11721
426    'h[1,1,2]'                   3.95955
427    'h[1,1,3]'                   4.22326
428    'h[1,2,1]'                   4.11431
429    'h[1,2,2]'                   3.95657
430    'h[1,2,3]'                   4.21987
431    'h[1,3,1]'                   4.10288
432    'h[1,3,2]'                   3.94481
433    'h[1,3,3]'                   4.20647
434    'h[1,4,1]'                   4.07066
435    'h[1,4,2]'                   3.91164
436    'h[1,4,3]'                   4.16867
437    'h[1,5,1]'                   3.98084
438    'h[1,5,2]'                   3.81913
439    'h[1,5,3]'                   4.06316
440    'h[1,6,1]'                   3.73934
441    'h[1,6,2]'                   3.56983
442    'h[1,6,3]'                   3.77842
443    'h[1,7,1]'                   3.1518
444    'h[1,7,2]'                   2.96027
445    'h[1,7,3]'                   3.07954
446    'h[1,8,1]'                   2.02111
447    'h[1,8,2]'                   1.77647
448    'h[1,8,3]'                   1.71238
449    'h[1,9,1]'                   0.777791
450    'h[1,9,2]'                   0.46095
451    'h[1,9,3]'                   0.179525
452    'h[1,10,1]'                 -0.182002
453    'h[1,10,2]'                 -0.562992
454    'h[1,10,3]'                 -1.02231
455    'h[1,11,1]'                 -0.658512
456    'h[1,11,2]'                 -1.07379
457    'h[1,11,3]'                 -1.62445
458    'h[1,12,1]'                 -0.87631
459    'h[1,12,2]'                 -1.30776
460    'h[1,12,3]'                 -1.90082
461    'h[1,13,1]'                 -1.04074
462    'h[1,13,2]'                 -1.48461
463    'h[1,13,3]'                 -2.10994
464    'h[1,14,1]'                 -1.25653
465    'h[1,14,2]'                 -1.71695
466    'h[1,14,3]'                 -2.38496
467    'h[1,15,1]'                 -1.57129
468    'h[1,15,2]'                 -2.05639
469    'h[1,15,3]'                 -2.78734
470    'h[2,1,1]'                  -0.760849
471    'h[2,1,2]'                  -1.18368
472    'h[2,1,3]'                  -1.75422
473    'h[2,2,1]'                  -0.758254
474    'h[2,2,2]'                  -1.1809
475    'h[2,2,3]'                  -1.75093
476    'h[2,3,1]'                  -0.790434
477    'h[2,3,2]'                  -1.21547
478    'h[2,3,3]'                  -1.79176
479    'h[2,4,1]'                  -0.850388
480    'h[2,4,2]'                  -1.2799
481    'h[2,4,3]'                  -1.86789
482    'h[2,5,1]'                  -0.958654
483    'h[2,5,2]'                  -1.3963
484    'h[2,5,3]'                  -2.00549
485    'h[2,6,1]'                  -1.14297
486    'h[2,6,2]'                  -1.59464
487    'h[2,6,3]'                  -2.24014
488    'h[2,7,1]'                  -1.42699
489    'h[2,7,2]'                  -1.90071
490    'h[2,7,3]'                  -2.6027
491    'h[2,8,1]'                  -1.803
492    'h[2,8,2]'                  -2.30667
493    'h[2,8,3]'                  -3.08445
494    'h[2,9,1]'                  -2.21004
495    'h[2,9,2]'                  -2.7471
496    'h[2,9,3]'                  -3.60816
497    'h[2,10,1]'                 -2.56212
498    'h[2,10,2]'                 -3.12884
499    'h[2,10,3]'                 -4.06297
500    'h[2,11,1]'                 -2.80975
501    'h[2,11,2]'                 -3.39776
502    'h[2,11,3]'                 -4.38384
503    'h[2,12,1]'                 -2.96518
504    'h[2,12,2]'                 -3.56674
505    'h[2,12,3]'                 -4.58566
506    'h[2,13,1]'                 -3.04967
507    'h[2,13,2]'                 -3.65864
508    'h[2,13,3]'                 -4.69549
509    'h[2,14,1]'                 -3.09284
510    'h[2,14,2]'                 -3.70561
511    'h[2,14,3]'                 -4.75164
512    'h[2,15,1]'                 -3.10766
513    'h[2,15,2]'                 -3.72174
514    'h[2,15,3]'                 -4.77093
515    'hF[1]'                     -0.972416
516    'hF[2]'                     -1.4111
517    'hF[3]'                     -2.02299
518    'tauGamma[1,1,1,1]'      1e-06
519    'tauGamma[1,1,1,2]'      1e-06
520    'tauGamma[1,1,1,3]'      1e-06
521    'tauGamma[1,1,2,1]'      1e-06
522    'tauGamma[1,1,2,2]'      1e-06
523    'tauGamma[1,1,2,3]'      1e-06
524    'tauGamma[1,1,3,1]'      1e-06
525    'tauGamma[1,1,3,2]'      1e-06
526    'tauGamma[1,1,3,3]'      1e-06
527    'tauGamma[1,2,1,1]'      1e-06
528    'tauGamma[1,2,1,2]'      1e-06
529    'tauGamma[1,2,1,3]'      1e-06
530    'tauGamma[1,2,2,1]'      1e-06
531    'tauGamma[1,2,2,2]'      1e-06
532    'tauGamma[1,2,2,3]'      1e-06
533    'tauGamma[1,2,3,1]'      1e-06
534    'tauGamma[1,2,3,2]'      1e-06
535    'tauGamma[1,2,3,3]'      1e-06
536    'tauGamma[1,3,1,1]'      1e-06
537    'tauGamma[1,3,1,2]'      1e-06
538    'tauGamma[1,3,1,3]'      1e-06
539    'tauGamma[1,3,2,1]'      1e-06
540    'tauGamma[1,3,2,2]'      1e-06
541    'tauGamma[1,3,2,3]'      1e-06
542    'tauGamma[1,3,3,1]'      1e-06
543    'tauGamma[1,3,3,2]'      1e-06
544    'tauGamma[1,3,3,3]'      1e-06
545    'tauGamma[1,4,1,1]'      1e-06
546    'tauGamma[1,4,1,2]'      1e-06
547    'tauGamma[1,4,1,3]'      1e-06
548    'tauGamma[1,4,2,1]'      1e-06
549    'tauGamma[1,4,2,2]'      1e-06
550    'tauGamma[1,4,2,3]'      1e-06
551    'tauGamma[1,4,3,1]'      1e-06
552    'tauGamma[1,4,3,2]'      1e-06
553    'tauGamma[1,4,3,3]'      1e-06
554    'tauGamma[1,5,1,1]'      1e-06
555    'tauGamma[1,5,1,2]'      1e-06
556    'tauGamma[1,5,1,3]'      1e-06
557    'tauGamma[1,5,2,1]'      1e-06
558    'tauGamma[1,5,2,2]'      1e-06
559    'tauGamma[1,5,2,3]'      1e-06
560    'tauGamma[1,5,3,1]'      1e-06
561    'tauGamma[1,5,3,2]'      1e-06
562    'tauGamma[1,5,3,3]'      1e-06
563    'tauGamma[1,6,1,1]'      1e-06
564    'tauGamma[1,6,1,2]'      1e-06
565    'tauGamma[1,6,1,3]'      1e-06
566    'tauGamma[1,6,2,1]'      1e-06
567    'tauGamma[1,6,2,2]'      1e-06
568    'tauGamma[1,6,2,3]'      1e-06
569    'tauGamma[1,6,3,1]'      1e-06
570    'tauGamma[1,6,3,2]'      1e-06
571    'tauGamma[1,6,3,3]'      1e-06
572    'tauGamma[1,7,1,1]'      1e-06
573    'tauGamma[1,7,1,2]'      1e-06
574    'tauGamma[1,7,1,3]'      1e-06
575    'tauGamma[1,7,2,1]'      1e-06
576    'tauGamma[1,7,2,2]'      1e-06
577    'tauGamma[1,7,2,3]'      1e-06
578    'tauGamma[1,7,3,1]'      1e-06
579    'tauGamma[1,7,3,2]'      1e-06
580    'tauGamma[1,7,3,3]'      1e-06
581    'tauGamma[1,8,1,1]'      1e-06
582    'tauGamma[1,8,1,2]'      1e-06
583    'tauGamma[1,8,1,3]'      1e-06
584    'tauGamma[1,8,2,1]'      1e-06
585    'tauGamma[1,8,2,2]'      1e-06
586    'tauGamma[1,8,2,3]'      1e-06
587    'tauGamma[1,8,3,1]'      1e-06
588    'tauGamma[1,8,3,2]'      1e-06
589    'tauGamma[1,8,3,3]'      1e-06
590    'tauGamma[1,9,1,1]'      1e-06
591    'tauGamma[1,9,1,2]'      1e-06
592    'tauGamma[1,9,1,3]'      1e-06
593    'tauGamma[1,9,2,1]'      1e-06
594    'tauGamma[1,9,2,2]'      1e-06
595    'tauGamma[1,9,2,3]'      1e-06
596    'tauGamma[1,9,3,1]'      1e-06
597    'tauGamma[1,9,3,2]'      1e-06
598    'tauGamma[1,9,3,3]'      1e-06
599    'tauGamma[1,10,1,1]'     1e-06
600    'tauGamma[1,10,1,2]'     1e-06
601    'tauGamma[1,10,1,3]'     1e-06
602    'tauGamma[1,10,2,1]'     1e-06
603    'tauGamma[1,10,2,2]'     1e-06
604    'tauGamma[1,10,2,3]'     1e-06
605    'tauGamma[1,10,3,1]'     1e-06
606    'tauGamma[1,10,3,2]'     1e-06
607    'tauGamma[1,10,3,3]'     1e-06
608    'tauGamma[1,11,1,1]'     1e-06
609    'tauGamma[1,11,1,2]'     1e-06
610    'tauGamma[1,11,1,3]'     1e-06
611    'tauGamma[1,11,2,1]'     1e-06
612    'tauGamma[1,11,2,2]'     1e-06
613    'tauGamma[1,11,2,3]'     1e-06
614    'tauGamma[1,11,3,1]'     1e-06
615    'tauGamma[1,11,3,2]'     1e-06
616    'tauGamma[1,11,3,3]'     1e-06
617    'tauGamma[1,12,1,1]'     1e-06
618    'tauGamma[1,12,1,2]'     1e-06
619    'tauGamma[1,12,1,3]'     1e-06
620    'tauGamma[1,12,2,1]'     1e-06
621    'tauGamma[1,12,2,2]'     1e-06
622    'tauGamma[1,12,2,3]'     1e-06
623    'tauGamma[1,12,3,1]'     1e-06
624    'tauGamma[1,12,3,2]'     1e-06
625    'tauGamma[1,12,3,3]'     1e-06
626    'tauGamma[1,13,1,1]'     1e-06
627    'tauGamma[1,13,1,2]'     1e-06
628    'tauGamma[1,13,1,3]'     1e-06
629    'tauGamma[1,13,2,1]'     1e-06
630    'tauGamma[1,13,2,2]'     1e-06
631    'tauGamma[1,13,2,3]'     1e-06
632    'tauGamma[1,13,3,1]'     1e-06
633    'tauGamma[1,13,3,2]'     1e-06
634    'tauGamma[1,13,3,3]'     1e-06
635    'tauGamma[1,14,1,1]'     1e-06
636    'tauGamma[1,14,1,2]'     1e-06
637    'tauGamma[1,14,1,3]'     1e-06
638    'tauGamma[1,14,2,1]'     1e-06
639    'tauGamma[1,14,2,2]'     1e-06
640    'tauGamma[1,14,2,3]'     1e-06
641    'tauGamma[1,14,3,1]'     1e-06
642    'tauGamma[1,14,3,2]'     1e-06
643    'tauGamma[1,14,3,3]'     1e-06
644    'tauGamma[1,15,1,1]'     1e-06
645    'tauGamma[1,15,1,2]'     1e-06
646    'tauGamma[1,15,1,3]'     1e-06
647    'tauGamma[1,15,2,1]'     1e-06
648    'tauGamma[1,15,2,2]'     1e-06
649    'tauGamma[1,15,2,3]'     1e-06
650    'tauGamma[1,15,3,1]'     1e-06
651    'tauGamma[1,15,3,2]'     1e-06
652    'tauGamma[1,15,3,3]'     1e-06
653    'tauGamma[2,1,1,1]'      1e-06
654    'tauGamma[2,1,1,2]'      1e-06
655    'tauGamma[2,1,1,3]'      1e-06
656    'tauGamma[2,1,2,1]'      1e-06
657    'tauGamma[2,1,2,2]'      1e-06
658    'tauGamma[2,1,2,3]'      1e-06
659    'tauGamma[2,1,3,1]'      1e-06
660    'tauGamma[2,1,3,2]'      1e-06
661    'tauGamma[2,1,3,3]'      1e-06
662    'tauGamma[2,2,1,1]'      1e-06
663    'tauGamma[2,2,1,2]'      1e-06
664    'tauGamma[2,2,1,3]'      1e-06
665    'tauGamma[2,2,2,1]'      1e-06
666    'tauGamma[2,2,2,2]'      1e-06
667    'tauGamma[2,2,2,3]'      1e-06
668    'tauGamma[2,2,3,1]'      1e-06
669    'tauGamma[2,2,3,2]'      1e-06
670    'tauGamma[2,2,3,3]'      1e-06
671    'tauGamma[2,3,1,1]'      1e-06
672    'tauGamma[2,3,1,2]'      1e-06
673    'tauGamma[2,3,1,3]'      1e-06
674    'tauGamma[2,3,2,1]'      1e-06
675    'tauGamma[2,3,2,2]'      1e-06
676    'tauGamma[2,3,2,3]'      1e-06
677    'tauGamma[2,3,3,1]'      1e-06
678    'tauGamma[2,3,3,2]'      1e-06
679    'tauGamma[2,3,3,3]'      1e-06
680    'tauGamma[2,4,1,1]'      1e-06
681    'tauGamma[2,4,1,2]'      1e-06
682    'tauGamma[2,4,1,3]'      1e-06
683    'tauGamma[2,4,2,1]'      1e-06
684    'tauGamma[2,4,2,2]'      1e-06
685    'tauGamma[2,4,2,3]'      1e-06
686    'tauGamma[2,4,3,1]'      1e-06
687    'tauGamma[2,4,3,2]'      1e-06
688    'tauGamma[2,4,3,3]'      1e-06
689    'tauGamma[2,5,1,1]'      1e-06
690    'tauGamma[2,5,1,2]'      1e-06
691    'tauGamma[2,5,1,3]'      1e-06
692    'tauGamma[2,5,2,1]'      1e-06
693    'tauGamma[2,5,2,2]'      1e-06
694    'tauGamma[2,5,2,3]'      1e-06
695    'tauGamma[2,5,3,1]'      1e-06
696    'tauGamma[2,5,3,2]'      1e-06
697    'tauGamma[2,5,3,3]'      1e-06
698    'tauGamma[2,6,1,1]'      1e-06
699    'tauGamma[2,6,1,2]'      1e-06
700    'tauGamma[2,6,1,3]'      1e-06
701    'tauGamma[2,6,2,1]'      1e-06
702    'tauGamma[2,6,2,2]'      1e-06
703    'tauGamma[2,6,2,3]'      1e-06
704    'tauGamma[2,6,3,1]'      1e-06
705    'tauGamma[2,6,3,2]'      1e-06
706    'tauGamma[2,6,3,3]'      1e-06
707    'tauGamma[2,7,1,1]'      1e-06
708    'tauGamma[2,7,1,2]'      1e-06
709    'tauGamma[2,7,1,3]'      1e-06
710    'tauGamma[2,7,2,1]'      1e-06
711    'tauGamma[2,7,2,2]'      1e-06
712    'tauGamma[2,7,2,3]'      1e-06
713    'tauGamma[2,7,3,1]'      1e-06
714    'tauGamma[2,7,3,2]'      1e-06
715    'tauGamma[2,7,3,3]'      1e-06
716    'tauGamma[2,8,1,1]'      1e-06
717    'tauGamma[2,8,1,2]'      1e-06
718    'tauGamma[2,8,1,3]'      1e-06
719    'tauGamma[2,8,2,1]'      1e-06
720    'tauGamma[2,8,2,2]'      1e-06
721    'tauGamma[2,8,2,3]'      1e-06
722    'tauGamma[2,8,3,1]'      1e-06
723    'tauGamma[2,8,3,2]'      1e-06
724    'tauGamma[2,8,3,3]'      1e-06
725    'tauGamma[2,9,1,1]'      1e-06
726    'tauGamma[2,9,1,2]'      1e-06
727    'tauGamma[2,9,1,3]'      1e-06
728    'tauGamma[2,9,2,1]'      1e-06
729    'tauGamma[2,9,2,2]'      1e-06
730    'tauGamma[2,9,2,3]'      1e-06
731    'tauGamma[2,9,3,1]'      1e-06
732    'tauGamma[2,9,3,2]'      1e-06
733    'tauGamma[2,9,3,3]'      1e-06
734    'tauGamma[2,10,1,1]'     1e-06
735    'tauGamma[2,10,1,2]'     1e-06
736    'tauGamma[2,10,1,3]'     1e-06
737    'tauGamma[2,10,2,1]'     1e-06
738    'tauGamma[2,10,2,2]'     1e-06
739    'tauGamma[2,10,2,3]'     1e-06
740    'tauGamma[2,10,3,1]'     1e-06
741    'tauGamma[2,10,3,2]'     1e-06
742    'tauGamma[2,10,3,3]'     1e-06
743    'tauGamma[2,11,1,1]'     1e-06
744    'tauGamma[2,11,1,2]'     1e-06
745    'tauGamma[2,11,1,3]'     1e-06
746    'tauGamma[2,11,2,1]'     1e-06
747    'tauGamma[2,11,2,2]'     1e-06
748    'tauGamma[2,11,2,3]'     1e-06
749    'tauGamma[2,11,3,1]'     1e-06
750    'tauGamma[2,11,3,2]'     1e-06
751    'tauGamma[2,11,3,3]'     1e-06
752    'tauGamma[2,12,1,1]'     1e-06
753    'tauGamma[2,12,1,2]'     1e-06
754    'tauGamma[2,12,1,3]'     1e-06
755    'tauGamma[2,12,2,1]'     1e-06
756    'tauGamma[2,12,2,2]'     1e-06
757    'tauGamma[2,12,2,3]'     1e-06
758    'tauGamma[2,12,3,1]'     1e-06
759    'tauGamma[2,12,3,2]'     1e-06
760    'tauGamma[2,12,3,3]'     1e-06
761    'tauGamma[2,13,1,1]'     1e-06
762    'tauGamma[2,13,1,2]'     1e-06
763    'tauGamma[2,13,1,3]'     1e-06
764    'tauGamma[2,13,2,1]'     1e-06
765    'tauGamma[2,13,2,2]'     1e-06
766    'tauGamma[2,13,2,3]'     1e-06
767    'tauGamma[2,13,3,1]'     1e-06
768    'tauGamma[2,13,3,2]'     1e-06
769    'tauGamma[2,13,3,3]'     1e-06
770    'tauGamma[2,14,1,1]'     1e-06
771    'tauGamma[2,14,1,2]'     1e-06
772    'tauGamma[2,14,1,3]'     1e-06
773    'tauGamma[2,14,2,1]'     1e-06
774    'tauGamma[2,14,2,2]'     1e-06
775    'tauGamma[2,14,2,3]'     1e-06
776    'tauGamma[2,14,3,1]'     1e-06
777    'tauGamma[2,14,3,2]'     1e-06
778    'tauGamma[2,14,3,3]'     1e-06
779    'tauGamma[2,15,1,1]'     1e-06
780    'tauGamma[2,15,1,2]'     1e-06
781    'tauGamma[2,15,1,3]'     1e-06
782    'tauGamma[2,15,2,1]'     1e-06
783    'tauGamma[2,15,2,2]'     1e-06
784    'tauGamma[2,15,2,3]'     1e-06
785    'tauGamma[2,15,3,1]'     1e-06
786    'tauGamma[2,15,3,2]'     1e-06
787    'tauGamma[2,15,3,3]'     1e-06
788    'PGamma[1,1,1,1]'            1
789    'PGamma[1,1,1,2]'            1
790    'PGamma[1,1,1,3]'            1
791    'PGamma[1,1,2,1]'            1
792    'PGamma[1,1,2,2]'            1
793    'PGamma[1,1,2,3]'            1
794    'PGamma[1,1,3,1]'            1
795    'PGamma[1,1,3,2]'            1
796    'PGamma[1,1,3,3]'            1
797    'PGamma[1,2,1,1]'            1
798    'PGamma[1,2,1,2]'            1
799    'PGamma[1,2,1,3]'            1
800    'PGamma[1,2,2,1]'            1
801    'PGamma[1,2,2,2]'            1
802    'PGamma[1,2,2,3]'            1
803    'PGamma[1,2,3,1]'            1
804    'PGamma[1,2,3,2]'            1
805    'PGamma[1,2,3,3]'            1
806    'PGamma[1,3,1,1]'            1
807    'PGamma[1,3,1,2]'            1
808    'PGamma[1,3,1,3]'            1
809    'PGamma[1,3,2,1]'            1
810    'PGamma[1,3,2,2]'            1
811    'PGamma[1,3,2,3]'            1
812    'PGamma[1,3,3,1]'            1
813    'PGamma[1,3,3,2]'            1
814    'PGamma[1,3,3,3]'            1
815    'PGamma[1,4,1,1]'            1
816    'PGamma[1,4,1,2]'            1
817    'PGamma[1,4,1,3]'            1
818    'PGamma[1,4,2,1]'            1
819    'PGamma[1,4,2,2]'            1
820    'PGamma[1,4,2,3]'            1
821    'PGamma[1,4,3,1]'            1
822    'PGamma[1,4,3,2]'            1
823    'PGamma[1,4,3,3]'            1
824    'PGamma[1,5,1,1]'            1
825    'PGamma[1,5,1,2]'            1
826    'PGamma[1,5,1,3]'            1
827    'PGamma[1,5,2,1]'            1
828    'PGamma[1,5,2,2]'            1
829    'PGamma[1,5,2,3]'            1
830    'PGamma[1,5,3,1]'            1
831    'PGamma[1,5,3,2]'            1
832    'PGamma[1,5,3,3]'            1
833    'PGamma[1,6,1,1]'            1
834    'PGamma[1,6,1,2]'            1
835    'PGamma[1,6,1,3]'            1
836    'PGamma[1,6,2,1]'            1
837    'PGamma[1,6,2,2]'            1
838    'PGamma[1,6,2,3]'            1
839    'PGamma[1,6,3,1]'            1
840    'PGamma[1,6,3,2]'            1
841    'PGamma[1,6,3,3]'            1
842    'PGamma[1,7,1,1]'            1
843    'PGamma[1,7,1,2]'            1
844    'PGamma[1,7,1,3]'            1
845    'PGamma[1,7,2,1]'            1
846    'PGamma[1,7,2,2]'            1
847    'PGamma[1,7,2,3]'            1
848    'PGamma[1,7,3,1]'            1
849    'PGamma[1,7,3,2]'            1
850    'PGamma[1,7,3,3]'            1
851    'PGamma[1,8,1,1]'            1
852    'PGamma[1,8,1,2]'            1
853    'PGamma[1,8,1,3]'            1
854    'PGamma[1,8,2,1]'            1
855    'PGamma[1,8,2,2]'            1
856    'PGamma[1,8,2,3]'            1
857    'PGamma[1,8,3,1]'            1
858    'PGamma[1,8,3,2]'            1
859    'PGamma[1,8,3,3]'            1
860    'PGamma[1,9,1,1]'            1
861    'PGamma[1,9,1,2]'            1
862    'PGamma[1,9,1,3]'            1
863    'PGamma[1,9,2,1]'            1
864    'PGamma[1,9,2,2]'            1
865    'PGamma[1,9,2,3]'            1
866    'PGamma[1,9,3,1]'            1
867    'PGamma[1,9,3,2]'            1
868    'PGamma[1,9,3,3]'            1
869    'PGamma[1,10,1,1]'           1
870    'PGamma[1,10,1,2]'           1
871    'PGamma[1,10,1,3]'           1
872    'PGamma[1,10,2,1]'           1
873    'PGamma[1,10,2,2]'           1
874    'PGamma[1,10,2,3]'           1
875    'PGamma[1,10,3,1]'           1
876    'PGamma[1,10,3,2]'           1
877    'PGamma[1,10,3,3]'           1
878    'PGamma[1,11,1,1]'           1
879    'PGamma[1,11,1,2]'           1
880    'PGamma[1,11,1,3]'           1
881    'PGamma[1,11,2,1]'           1
882    'PGamma[1,11,2,2]'           1
883    'PGamma[1,11,2,3]'           1
884    'PGamma[1,11,3,1]'           1
885    'PGamma[1,11,3,2]'           1
886    'PGamma[1,11,3,3]'           1
887    'PGamma[1,12,1,1]'           1
888    'PGamma[1,12,1,2]'           1
889    'PGamma[1,12,1,3]'           1
890    'PGamma[1,12,2,1]'           1
891    'PGamma[1,12,2,2]'           1
892    'PGamma[1,12,2,3]'           1
893    'PGamma[1,12,3,1]'           1
894    'PGamma[1,12,3,2]'           1
895    'PGamma[1,12,3,3]'           1
896    'PGamma[1,13,1,1]'           1
897    'PGamma[1,13,1,2]'           1
898    'PGamma[1,13,1,3]'           1
899    'PGamma[1,13,2,1]'           1
900    'PGamma[1,13,2,2]'           1
901    'PGamma[1,13,2,3]'           1
902    'PGamma[1,13,3,1]'           1
903    'PGamma[1,13,3,2]'           1
904    'PGamma[1,13,3,3]'           1
905    'PGamma[1,14,1,1]'           1
906    'PGamma[1,14,1,2]'           1
907    'PGamma[1,14,1,3]'           1
908    'PGamma[1,14,2,1]'           1
909    'PGamma[1,14,2,2]'           1
910    'PGamma[1,14,2,3]'           1
911    'PGamma[1,14,3,1]'           1
912    'PGamma[1,14,3,2]'           1
913    'PGamma[1,14,3,3]'           1
914    'PGamma[1,15,1,1]'           1
915    'PGamma[1,15,1,2]'           1
916    'PGamma[1,15,1,3]'           1
917    'PGamma[1,15,2,1]'           1
918    'PGamma[1,15,2,2]'           1
919    'PGamma[1,15,2,3]'           1
920    'PGamma[1,15,3,1]'           1
921    'PGamma[1,15,3,2]'           1
922    'PGamma[1,15,3,3]'           1
923    'PGamma[2,1,1,1]'            1
924    'PGamma[2,1,1,2]'            1
925    'PGamma[2,1,1,3]'            1
926    'PGamma[2,1,2,1]'            1
927    'PGamma[2,1,2,2]'            1
928    'PGamma[2,1,2,3]'            1
929    'PGamma[2,1,3,1]'            1
930    'PGamma[2,1,3,2]'            1
931    'PGamma[2,1,3,3]'            1
932    'PGamma[2,2,1,1]'            1
933    'PGamma[2,2,1,2]'            1
934    'PGamma[2,2,1,3]'            1
935    'PGamma[2,2,2,1]'            1
936    'PGamma[2,2,2,2]'            1
937    'PGamma[2,2,2,3]'            1
938    'PGamma[2,2,3,1]'            1
939    'PGamma[2,2,3,2]'            1
940    'PGamma[2,2,3,3]'            1
941    'PGamma[2,3,1,1]'            1
942    'PGamma[2,3,1,2]'            1
943    'PGamma[2,3,1,3]'            1
944    'PGamma[2,3,2,1]'            1
945    'PGamma[2,3,2,2]'            1
946    'PGamma[2,3,2,3]'            1
947    'PGamma[2,3,3,1]'            1
948    'PGamma[2,3,3,2]'            1
949    'PGamma[2,3,3,3]'            1
950    'PGamma[2,4,1,1]'            1
951    'PGamma[2,4,1,2]'            1
952    'PGamma[2,4,1,3]'            1
953    'PGamma[2,4,2,1]'            1
954    'PGamma[2,4,2,2]'            1
955    'PGamma[2,4,2,3]'            1
956    'PGamma[2,4,3,1]'            1
957    'PGamma[2,4,3,2]'            1
958    'PGamma[2,4,3,3]'            1
959    'PGamma[2,5,1,1]'            1
960    'PGamma[2,5,1,2]'            1
961    'PGamma[2,5,1,3]'            1
962    'PGamma[2,5,2,1]'            1
963    'PGamma[2,5,2,2]'            1
964    'PGamma[2,5,2,3]'            1
965    'PGamma[2,5,3,1]'            1
966    'PGamma[2,5,3,2]'            1
967    'PGamma[2,5,3,3]'            1
968    'PGamma[2,6,1,1]'            1
969    'PGamma[2,6,1,2]'            1
970    'PGamma[2,6,1,3]'            1
971    'PGamma[2,6,2,1]'            1
972    'PGamma[2,6,2,2]'            1
973    'PGamma[2,6,2,3]'            1
974    'PGamma[2,6,3,1]'            1
975    'PGamma[2,6,3,2]'            1
976    'PGamma[2,6,3,3]'            1
977    'PGamma[2,7,1,1]'            1
978    'PGamma[2,7,1,2]'            1
979    'PGamma[2,7,1,3]'            1
980    'PGamma[2,7,2,1]'            1
981    'PGamma[2,7,2,2]'            1
982    'PGamma[2,7,2,3]'            1
983    'PGamma[2,7,3,1]'            1
984    'PGamma[2,7,3,2]'            1
985    'PGamma[2,7,3,3]'            1
986    'PGamma[2,8,1,1]'            1
987    'PGamma[2,8,1,2]'            1
988    'PGamma[2,8,1,3]'            1
989    'PGamma[2,8,2,1]'            1
990    'PGamma[2,8,2,2]'            1
991    'PGamma[2,8,2,3]'            1
992    'PGamma[2,8,3,1]'            1
993    'PGamma[2,8,3,2]'            1
994    'PGamma[2,8,3,3]'            1
995    'PGamma[2,9,1,1]'            1
996    'PGamma[2,9,1,2]'            1
997    'PGamma[2,9,1,3]'            1
998    'PGamma[2,9,2,1]'            1
999    'PGamma[2,9,2,2]'            1
1000   'PGamma[2,9,2,3]'            1
1001   'PGamma[2,9,3,1]'            1
1002   'PGamma[2,9,3,2]'            1
1003   'PGamma[2,9,3,3]'            1
1004   'PGamma[2,10,1,1]'           1
1005   'PGamma[2,10,1,2]'           1
1006   'PGamma[2,10,1,3]'           1
1007   'PGamma[2,10,2,1]'           1
1008   'PGamma[2,10,2,2]'           1
1009   'PGamma[2,10,2,3]'           1
1010   'PGamma[2,10,3,1]'           1
1011   'PGamma[2,10,3,2]'           1
1012   'PGamma[2,10,3,3]'           1
1013   'PGamma[2,11,1,1]'           1
1014   'PGamma[2,11,1,2]'           1
1015   'PGamma[2,11,1,3]'           1
1016   'PGamma[2,11,2,1]'           1
1017   'PGamma[2,11,2,2]'           1
1018   'PGamma[2,11,2,3]'           1
1019   'PGamma[2,11,3,1]'           1
1020   'PGamma[2,11,3,2]'           1
1021   'PGamma[2,11,3,3]'           1
1022   'PGamma[2,12,1,1]'           1
1023   'PGamma[2,12,1,2]'           1
1024   'PGamma[2,12,1,3]'           1
1025   'PGamma[2,12,2,1]'           1
1026   'PGamma[2,12,2,2]'           1
1027   'PGamma[2,12,2,3]'           1
1028   'PGamma[2,12,3,1]'           1
1029   'PGamma[2,12,3,2]'           1
1030   'PGamma[2,12,3,3]'           1
1031   'PGamma[2,13,1,1]'           1
1032   'PGamma[2,13,1,2]'           1
1033   'PGamma[2,13,1,3]'           1
1034   'PGamma[2,13,2,1]'           1
1035   'PGamma[2,13,2,2]'           1
1036   'PGamma[2,13,2,3]'           1
1037   'PGamma[2,13,3,1]'           1
1038   'PGamma[2,13,3,2]'           1
1039   'PGamma[2,13,3,3]'           1
1040   'PGamma[2,14,1,1]'           1
1041   'PGamma[2,14,1,2]'           1
1042   'PGamma[2,14,1,3]'           1
1043   'PGamma[2,14,2,1]'           1
1044   'PGamma[2,14,2,2]'           1
1045   'PGamma[2,14,2,3]'           1
1046   'PGamma[2,14,3,1]'           1
1047   'PGamma[2,14,3,2]'           1
1048   'PGamma[2,14,3,3]'           1
1049   'PGamma[2,15,1,1]'           1
1050   'PGamma[2,15,1,2]'           1
1051   'PGamma[2,15,1,3]'           1
1052   'PGamma[2,15,2,1]'           1
1053   'PGamma[2,15,2,2]'           1
1054   'PGamma[2,15,2,3]'           1
1055   'PGamma[2,15,3,1]'           1
1056   'PGamma[2,15,3,2]'           1
1057   'PGamma[2,15,3,3]'           1
1058   'SGamma1[1,1,1]'             1.00024e-06
1059   'SGamma1[1,1,2]'             1.00024e-06
1060   'SGamma1[1,1,3]'             1.00024e-06
1061   'SGamma1[1,2,1]'         1e-06
1062   'SGamma1[1,2,2]'         1e-06
1063   'SGamma1[1,2,3]'         1e-06
1064   'SGamma1[1,3,1]'         1e-06
1065   'SGamma1[1,3,2]'         1e-06
1066   'SGamma1[1,3,3]'         1e-06
1067   'SGamma1[1,4,1]'         1e-06
1068   'SGamma1[1,4,2]'         1e-06
1069   'SGamma1[1,4,3]'         1e-06
1070   'SGamma1[1,5,1]'         1e-06
1071   'SGamma1[1,5,2]'         1e-06
1072   'SGamma1[1,5,3]'         1e-06
1073   'SGamma1[1,6,1]'         1e-06
1074   'SGamma1[1,6,2]'         1e-06
1075   'SGamma1[1,6,3]'         1e-06
1076   'SGamma1[1,7,1]'         1e-06
1077   'SGamma1[1,7,2]'         1e-06
1078   'SGamma1[1,7,3]'         1e-06
1079   'SGamma1[1,8,1]'         1e-06
1080   'SGamma1[1,8,2]'         1e-06
1081   'SGamma1[1,8,3]'         1e-06
1082   'SGamma1[1,9,1]'         1e-06
1083   'SGamma1[1,9,2]'         1e-06
1084   'SGamma1[1,9,3]'         1e-06
1085   'SGamma1[1,10,1]'        1e-06
1086   'SGamma1[1,10,2]'        1e-06
1087   'SGamma1[1,10,3]'        1e-06
1088   'SGamma1[1,11,1]'        1e-06
1089   'SGamma1[1,11,2]'        1e-06
1090   'SGamma1[1,11,3]'        1e-06
1091   'SGamma1[1,12,1]'        1e-06
1092   'SGamma1[1,12,2]'        1e-06
1093   'SGamma1[1,12,3]'        1e-06
1094   'SGamma1[1,13,1]'        1e-06
1095   'SGamma1[1,13,2]'        1e-06
1096   'SGamma1[1,13,3]'        1e-06
1097   'SGamma1[1,14,1]'        1e-06
1098   'SGamma1[1,14,2]'        1e-06
1099   'SGamma1[1,14,3]'        1e-06
1100   'SGamma1[1,15,1]'        1e-06
1101   'SGamma1[1,15,2]'        1e-06
1102   'SGamma1[1,15,3]'        1e-06
1103   'SGamma1[2,1,1]'             1.0054e-06
1104   'SGamma1[2,1,2]'             1.0054e-06
1105   'SGamma1[2,1,3]'             1.0054e-06
1106   'SGamma1[2,2,1]'         1e-06
1107   'SGamma1[2,2,2]'         1e-06
1108   'SGamma1[2,2,3]'         1e-06
1109   'SGamma1[2,3,1]'         1e-06
1110   'SGamma1[2,3,2]'         1e-06
1111   'SGamma1[2,3,3]'         1e-06
1112   'SGamma1[2,4,1]'         1e-06
1113   'SGamma1[2,4,2]'         1e-06
1114   'SGamma1[2,4,3]'         1e-06
1115   'SGamma1[2,5,1]'         1e-06
1116   'SGamma1[2,5,2]'         1e-06
1117   'SGamma1[2,5,3]'         1e-06
1118   'SGamma1[2,6,1]'         1e-06
1119   'SGamma1[2,6,2]'         1e-06
1120   'SGamma1[2,6,3]'         1e-06
1121   'SGamma1[2,7,1]'         1e-06
1122   'SGamma1[2,7,2]'         1e-06
1123   'SGamma1[2,7,3]'         1e-06
1124   'SGamma1[2,8,1]'         1e-06
1125   'SGamma1[2,8,2]'         1e-06
1126   'SGamma1[2,8,3]'         1e-06
1127   'SGamma1[2,9,1]'         1e-06
1128   'SGamma1[2,9,2]'         1e-06
1129   'SGamma1[2,9,3]'         1e-06
1130   'SGamma1[2,10,1]'        1e-06
1131   'SGamma1[2,10,2]'        1e-06
1132   'SGamma1[2,10,3]'        1e-06
1133   'SGamma1[2,11,1]'        1e-06
1134   'SGamma1[2,11,2]'        1e-06
1135   'SGamma1[2,11,3]'        1e-06
1136   'SGamma1[2,12,1]'        1e-06
1137   'SGamma1[2,12,2]'        1e-06
1138   'SGamma1[2,12,3]'        1e-06
1139   'SGamma1[2,13,1]'        1e-06
1140   'SGamma1[2,13,2]'        1e-06
1141   'SGamma1[2,13,3]'        1e-06
1142   'SGamma1[2,14,1]'        1e-06
1143   'SGamma1[2,14,2]'        1e-06
1144   'SGamma1[2,14,3]'        1e-06
1145   'SGamma1[2,15,1]'        1e-06
1146   'SGamma1[2,15,2]'        1e-06
1147   'SGamma1[2,15,3]'        1e-06
1148   'SGamma2[1,1,1]'             1.00024
1149   'SGamma2[1,1,2]'             1.00024
1150   'SGamma2[1,1,3]'             1.00024
1151   'SGamma2[1,2,1]'             1
1152   'SGamma2[1,2,2]'             1
1153   'SGamma2[1,2,3]'             1
1154   'SGamma2[1,3,1]'             1
1155   'SGamma2[1,3,2]'             1
1156   'SGamma2[1,3,3]'             1
1157   'SGamma2[1,4,1]'             1
1158   'SGamma2[1,4,2]'             1
1159   'SGamma2[1,4,3]'             1
1160   'SGamma2[1,5,1]'             1
1161   'SGamma2[1,5,2]'             1
1162   'SGamma2[1,5,3]'             1
1163   'SGamma2[1,6,1]'             1
1164   'SGamma2[1,6,2]'             1
1165   'SGamma2[1,6,3]'             1
1166   'SGamma2[1,7,1]'             1
1167   'SGamma2[1,7,2]'             1
1168   'SGamma2[1,7,3]'             1
1169   'SGamma2[1,8,1]'             1
1170   'SGamma2[1,8,2]'             1
1171   'SGamma2[1,8,3]'             1
1172   'SGamma2[1,9,1]'             1
1173   'SGamma2[1,9,2]'             1
1174   'SGamma2[1,9,3]'             1
1175   'SGamma2[1,10,1]'            1
1176   'SGamma2[1,10,2]'            1
1177   'SGamma2[1,10,3]'            1
1178   'SGamma2[1,11,1]'            1
1179   'SGamma2[1,11,2]'            1
1180   'SGamma2[1,11,3]'            1
1181   'SGamma2[1,12,1]'            1
1182   'SGamma2[1,12,2]'            1
1183   'SGamma2[1,12,3]'            1
1184   'SGamma2[1,13,1]'            1
1185   'SGamma2[1,13,2]'            1
1186   'SGamma2[1,13,3]'            1
1187   'SGamma2[1,14,1]'            1
1188   'SGamma2[1,14,2]'            1
1189   'SGamma2[1,14,3]'            1
1190   'SGamma2[1,15,1]'            1
1191   'SGamma2[1,15,2]'            1
1192   'SGamma2[1,15,3]'            1
1193   'SGamma2[2,1,1]'             1.0054
1194   'SGamma2[2,1,2]'             1.0054
1195   'SGamma2[2,1,3]'             1.0054
1196   'SGamma2[2,2,1]'             1
1197   'SGamma2[2,2,2]'             1
1198   'SGamma2[2,2,3]'             1
1199   'SGamma2[2,3,1]'             1
1200   'SGamma2[2,3,2]'             1
1201   'SGamma2[2,3,3]'             1
1202   'SGamma2[2,4,1]'             1
1203   'SGamma2[2,4,2]'             1
1204   'SGamma2[2,4,3]'             1
1205   'SGamma2[2,5,1]'             1
1206   'SGamma2[2,5,2]'             1
1207   'SGamma2[2,5,3]'             1
1208   'SGamma2[2,6,1]'             1
1209   'SGamma2[2,6,2]'             1
1210   'SGamma2[2,6,3]'             1
1211   'SGamma2[2,7,1]'             1
1212   'SGamma2[2,7,2]'             1
1213   'SGamma2[2,7,3]'             1
1214   'SGamma2[2,8,1]'             1
1215   'SGamma2[2,8,2]'             1
1216   'SGamma2[2,8,3]'             1
1217   'SGamma2[2,9,1]'             1
1218   'SGamma2[2,9,2]'             1
1219   'SGamma2[2,9,3]'             1
1220   'SGamma2[2,10,1]'            1
1221   'SGamma2[2,10,2]'            1
1222   'SGamma2[2,10,3]'            1
1223   'SGamma2[2,11,1]'            1
1224   'SGamma2[2,11,2]'            1
1225   'SGamma2[2,11,3]'            1
1226   'SGamma2[2,12,1]'            1
1227   'SGamma2[2,12,2]'            1
1228   'SGamma2[2,12,3]'            1
1229   'SGamma2[2,13,1]'            1
1230   'SGamma2[2,13,2]'            1
1231   'SGamma2[2,13,3]'            1
1232   'SGamma2[2,14,1]'            1
1233   'SGamma2[2,14,2]'            1
1234   'SGamma2[2,14,3]'            1
1235   'SGamma2[2,15,1]'            1
1236   'SGamma2[2,15,2]'            1
1237   'SGamma2[2,15,3]'            1
1238   'gamma[1,1,1]'               1
1239   'gamma[1,1,2]'               1
1240   'gamma[1,1,3]'               1
1241   'gamma[1,2,1]'               1
1242   'gamma[1,2,2]'               1
1243   'gamma[1,2,3]'               1
1244   'gamma[1,3,1]'               1
1245   'gamma[1,3,2]'               1
1246   'gamma[1,3,3]'               1
1247   'gamma[1,4,1]'               1
1248   'gamma[1,4,2]'               1
1249   'gamma[1,4,3]'               1
1250   'gamma[1,5,1]'               1
1251   'gamma[1,5,2]'               1
1252   'gamma[1,5,3]'               1
1253   'gamma[1,6,1]'               1
1254   'gamma[1,6,2]'               1
1255   'gamma[1,6,3]'               1
1256   'gamma[1,7,1]'               1
1257   'gamma[1,7,2]'               1
1258   'gamma[1,7,3]'               1
1259   'gamma[1,8,1]'               1
1260   'gamma[1,8,2]'               1
1261   'gamma[1,8,3]'               1
1262   'gamma[1,9,1]'               1
1263   'gamma[1,9,2]'               1
1264   'gamma[1,9,3]'               1
1265   'gamma[1,10,1]'              1
1266   'gamma[1,10,2]'              1
1267   'gamma[1,10,3]'              1
1268   'gamma[1,11,1]'              1
1269   'gamma[1,11,2]'              1
1270   'gamma[1,11,3]'              1
1271   'gamma[1,12,1]'              1
1272   'gamma[1,12,2]'              1
1273   'gamma[1,12,3]'              1
1274   'gamma[1,13,1]'              1
1275   'gamma[1,13,2]'              1
1276   'gamma[1,13,3]'              1
1277   'gamma[1,14,1]'              1
1278   'gamma[1,14,2]'              1
1279   'gamma[1,14,3]'              1
1280   'gamma[1,15,1]'              1
1281   'gamma[1,15,2]'              1
1282   'gamma[1,15,3]'              1
1283   'gamma[2,1,1]'               1
1284   'gamma[2,1,2]'               1
1285   'gamma[2,1,3]'               1
1286   'gamma[2,2,1]'               1
1287   'gamma[2,2,2]'               1
1288   'gamma[2,2,3]'               1
1289   'gamma[2,3,1]'               1
1290   'gamma[2,3,2]'               1
1291   'gamma[2,3,3]'               1
1292   'gamma[2,4,1]'               1
1293   'gamma[2,4,2]'               1
1294   'gamma[2,4,3]'               1
1295   'gamma[2,5,1]'               1
1296   'gamma[2,5,2]'               1
1297   'gamma[2,5,3]'               1
1298   'gamma[2,6,1]'               1
1299   'gamma[2,6,2]'               1
1300   'gamma[2,6,3]'               1
1301   'gamma[2,7,1]'               1
1302   'gamma[2,7,2]'               1
1303   'gamma[2,7,3]'               1
1304   'gamma[2,8,1]'               1
1305   'gamma[2,8,2]'               1
1306   'gamma[2,8,3]'               1
1307   'gamma[2,9,1]'               1
1308   'gamma[2,9,2]'               1
1309   'gamma[2,9,3]'               1
1310   'gamma[2,10,1]'              1
1311   'gamma[2,10,2]'              1
1312   'gamma[2,10,3]'              1
1313   'gamma[2,11,1]'              1
1314   'gamma[2,11,2]'              1
1315   'gamma[2,11,3]'              1
1316   'gamma[2,12,1]'              1
1317   'gamma[2,12,2]'              1
1318   'gamma[2,12,3]'              1
1319   'gamma[2,13,1]'              1
1320   'gamma[2,13,2]'              1
1321   'gamma[2,13,3]'              1
1322   'gamma[2,14,1]'              1
1323   'gamma[2,14,2]'              1
1324   'gamma[2,14,3]'              1
1325   'gamma[2,15,1]'              1
1326   'gamma[2,15,2]'              1
1327   'gamma[2,15,3]'              1
1328   'PrS[1,1,1]'           1042130
1329   'PrS[1,1,2]'            587497
1330   'PrS[1,1,3]'            202509
1331   'PrS[1,2,1]'           1041640
1332   'PrS[1,2,2]'            587196
1333   'PrS[1,2,3]'            202386
1334   'PrS[1,3,1]'           1039700
1335   'PrS[1,3,2]'            586008
1336   'PrS[1,3,3]'            201902
1337   'PrS[1,4,1]'           1034240
1338   'PrS[1,4,2]'            582664
1339   'PrS[1,4,3]'            200540
1340   'PrS[1,5,1]'           1019110
1341   'PrS[1,5,2]'            573398
1342   'PrS[1,5,3]'            196772
1343   'PrS[1,6,1]'            978978
1344   'PrS[1,6,2]'            548874
1345   'PrS[1,6,3]'            186846
1346   'PrS[1,7,1]'            884836
1347   'PrS[1,7,2]'            491630
1348   'PrS[1,7,3]'            163956
1349   'PrS[1,8,1]'            718093
1350   'PrS[1,8,2]'            391364
1351   'PrS[1,8,3]'            124944
1352   'PrS[1,9,1]'            557283
1353   'PrS[1,9,2]'            296368
1354   'PrS[1,9,3]'             89558.6
1355   'PrS[1,10,1]'           449387
1356   'PrS[1,10,2]'           233857
1357   'PrS[1,10,3]'            67351.9
1358   'PrS[1,11,1]'           401015
1359   'PrS[1,11,2]'           206236
1360   'PrS[1,11,3]'            57877.6
1361   'PrS[1,12,1]'           380036
1362   'PrS[1,12,2]'           194347
1363   'PrS[1,12,3]'            53872.9
1364   'PrS[1,13,1]'           364663
1365   'PrS[1,13,2]'           185674
1366   'PrS[1,13,3]'            50981
1367   'PrS[1,14,1]'           345092
1368   'PrS[1,14,2]'           174680
1369   'PrS[1,14,3]'            47353.8
1370   'PrS[1,15,1]'           317760
1371   'PrS[1,15,2]'           159424
1372   'PrS[1,15,3]'            42395.4
1373   'PrS[2,1,1]'            391069
1374   'PrS[2,1,2]'            200593
1375   'PrS[2,1,3]'             55971
1376   'PrS[2,2,1]'            391320
1377   'PrS[2,2,2]'            200735
1378   'PrS[2,2,3]'             56018.8
1379   'PrS[2,3,1]'            388223
1380   'PrS[2,3,2]'            198980
1381   'PrS[2,3,3]'             55428
1382   'PrS[2,4,1]'            382496
1383   'PrS[2,4,2]'            195738
1384   'PrS[2,4,3]'             54339.1
1385   'PrS[2,5,1]'            372288
1386   'PrS[2,5,2]'            189971
1387   'PrS[2,5,3]'             52410.7
1388   'PrS[2,6,1]'            355307
1389   'PrS[2,6,2]'            180411
1390   'PrS[2,6,3]'             49239.1
1391   'PrS[2,7,1]'            330112
1392   'PrS[2,7,2]'            166304
1393   'PrS[2,7,3]'             44620.3
1394   'PrS[2,8,1]'            298550
1395   'PrS[2,8,2]'            148775
1396   'PrS[2,8,3]'             38989.7
1397   'PrS[2,9,1]'            266645
1398   'PrS[2,9,2]'            131236
1399   'PrS[2,9,3]'             33488.1
1400   'PrS[2,10,1]'           240904
1401   'PrS[2,10,2]'           117234
1402   'PrS[2,10,3]'            29201.5
1403   'PrS[2,11,1]'           223809
1404   'PrS[2,11,2]'           108017
1405   'PrS[2,11,3]'            26435.9
1406   'PrS[2,12,1]'           213497
1407   'PrS[2,12,2]'           102491
1408   'PrS[2,12,3]'            24800.8
1409   'PrS[2,13,1]'           208026
1410   'PrS[2,13,2]'            99570.5
1411   'PrS[2,13,3]'            23943.9
1412   'PrS[2,14,1]'           205267
1413   'PrS[2,14,2]'            98100.4
1414   'PrS[2,14,3]'            23514.6
1415   'PrS[2,15,1]'           204325
1416   'PrS[2,15,2]'            97599.2
1417   'PrS[2,15,3]'            23368.5
1418   'PrSF[1]'               371002
1419   'PrSF[2]'               189246
1420   'PrSF[3]'                52169.1
1421   Vap                      18846.5
1422   Sep                        199
;

