solve_message = 'LOQO 7.00: optimal solution (27 iterations, 28 evaluations)\
primal objective 197.46730906371874\
  dual objective 197.46730870454897'

:     _varname        _var         :=
1     'F[2]'        0
2     'F[3]'        0
3     'F[4]'        0
4     'F[5]'        0
5     'F[6]'        0
6     'F[7]'        0
7     'F[8]'      200
8     'F[9]'        0
9     'F[10]'       0
10    'F[11]'       0
11    'F[12]'       0
12    'F[13]'       0
13    'F[14]'       0
14    Vs          197.467
15    'y[1,1]'      0.00268914
16    'y[1,2]'      0.182888
17    'y[1,3]'      0.814423
18    'y[2,1]'      0.00920143
19    'y[2,2]'      0.367387
20    'y[2,3]'      0.623412
21    'y[3,1]'      0.0242081
22    'y[3,2]'      0.56233
23    'y[3,3]'      0.413462
24    'y[4,1]'      0.0513575
25    'y[4,2]'      0.689112
26    'y[4,3]'      0.259531
27    'y[5,1]'      0.0943781
28    'y[5,2]'      0.729461
29    'y[5,3]'      0.176161
30    'y[6,1]'      0.158371
31    'y[6,2]'      0.705032
32    'y[6,3]'      0.136597
33    'y[7,1]'      0.247591
34    'y[7,2]'      0.635897
35    'y[7,3]'      0.116513
36    'y[8,1]'      0.360529
37    'y[8,2]'      0.536035
38    'y[8,3]'      0.103436
39    'y[9,1]'      0.36165
40    'y[9,2]'      0.539863
41    'y[9,3]'      0.098487
42    'y[10,1]'     0.363231
43    'y[10,2]'     0.545205
44    'y[10,3]'     0.0915641
45    'y[11,1]'     0.365431
46    'y[11,2]'     0.552349
47    'y[11,3]'     0.0822202
48    'y[12,1]'     0.368592
49    'y[12,2]'     0.561216
50    'y[12,3]'     0.0701916
51    'y[13,1]'     0.374002
52    'y[13,2]'     0.570403
53    'y[13,3]'     0.0555946
54    'y[14,1]'     0.387305
55    'y[14,2]'     0.573656
56    'y[14,3]'     0.0390386
57    'y[15,1]'     0.43152
58    'y[15,2]'     0.546893
59    'y[15,3]'     0.0215879
60    Ls          258.5
61    'x[1,1]'      0.000541002
62    'x[1,2]'      0.0655383
63    'x[1,3]'      0.933921
64    'x[2,1]'      0.00218196
65    'x[2,2]'      0.155181
66    'x[2,3]'      0.842637
67    'x[3,1]'      0.00715667
68    'x[3,2]'      0.296119
69    'x[3,3]'      0.696724
70    'x[4,1]'      0.0186202
71    'x[4,2]'      0.445035
72    'x[4,3]'      0.536345
73    'x[5,1]'      0.0393595
74    'x[5,2]'      0.541883
75    'x[5,3]'      0.418757
76    'x[6,1]'      0.0722227
77    'x[6,2]'      0.572706
78    'x[6,3]'      0.355071
79    'x[7,1]'      0.121107
80    'x[7,2]'      0.554045
81    'x[7,3]'      0.324849
82    'x[8,1]'      0.189261
83    'x[8,2]'      0.501233
84    'x[8,3]'      0.309506
85    'x[9,1]'      0.191892
86    'x[9,2]'      0.510242
87    'x[9,3]'      0.297866
88    'x[10,1]'     0.195675
89    'x[10,2]'     0.523164
90    'x[10,3]'     0.28116
91    'x[11,1]'     0.201012
92    'x[11,2]'     0.541196
93    'x[11,3]'     0.257792
94    'x[12,1]'     0.208438
95    'x[12,2]'     0.56531
96    'x[12,3]'     0.226252
97    'x[13,1]'     0.219109
98    'x[13,2]'     0.595241
99    'x[13,3]'     0.185649
100   'x[14,1]'     0.23737
101   'x[14,2]'     0.626252
102   'x[14,3]'     0.136377
103   'x[15,1]'     0.282275
104   'x[15,2]'     0.637233
105   'x[15,3]'     0.0804926
106   PC          138.967
107   PR           61.033
108   Vap         197.467
;

