solve_message = 'LOQO 7.00: optimal solution (29 iterations, 40 evaluations)\
primal objective 236.0209675510815\
  dual objective 236.0209645763441'

:     _varname        _var         :=
1     'F[2]'        0
2     'F[3]'        0
3     'F[4]'        0
4     'F[5]'        0
5     'F[6]'        0
6     'F[7]'        0
7     'F[8]'      200
8     'F[9]'        0
9     'F[10]'       0
10    'F[11]'       0
11    'F[12]'       0
12    'F[13]'       0
13    'F[14]'       0
14    Vs          236.021
15    'y[1,1]'      0.000459813
16    'y[1,2]'      0.041298
17    'y[1,3]'      0.958242
18    'y[2,1]'      0.00202241
19    'y[2,2]'      0.105484
20    'y[2,3]'      0.892494
21    'y[3,1]'      0.00774395
22    'y[3,2]'      0.231613
23    'y[3,3]'      0.760643
24    'y[4,1]'      0.0244729
25    'y[4,2]'      0.4158
26    'y[4,3]'      0.559727
27    'y[5,1]'      0.0609033
28    'y[5,2]'      0.585148
29    'y[5,3]'      0.353949
30    'y[6,1]'      0.122441
31    'y[6,2]'      0.664027
32    'y[6,3]'      0.213532
33    'y[7,1]'      0.211592
34    'y[7,2]'      0.647393
35    'y[7,3]'      0.141015
36    'y[8,1]'      0.327647
37    'y[8,2]'      0.565684
38    'y[8,3]'      0.106668
39    'y[9,1]'      0.332502
40    'y[9,2]'      0.584806
41    'y[9,3]'      0.0826923
42    'y[10,1]'     0.337107
43    'y[10,2]'     0.60236
44    'y[10,3]'     0.0605326
45    'y[11,1]'     0.341394
46    'y[11,2]'     0.616716
47    'y[11,3]'     0.04189
48    'y[12,1]'     0.346112
49    'y[12,2]'     0.626488
50    'y[12,3]'     0.0273995
51    'y[13,1]'     0.354071
52    'y[13,2]'     0.629131
53    'y[13,3]'     0.0167983
54    'y[14,1]'     0.373808
55    'y[14,2]'     0.616831
56    'y[14,3]'     0.00936076
57    'y[15,1]'     0.429164
58    'y[15,2]'     0.566544
59    'y[15,3]'     0.004292
60    Ls          296.226
61    'x[1,1]'      8.30587e-05
62    'x[1,2]'      0.0132879
63    'x[1,3]'      0.986629
64    'x[2,1]'      0.000383241
65    'x[2,2]'      0.0356052
66    'x[2,3]'      0.964012
67    'x[3,1]'      0.00162826
68    'x[3,2]'      0.086746
69    'x[3,3]'      0.911626
70    'x[4,1]'      0.00618695
71    'x[4,2]'      0.187241
72    'x[4,3]'      0.806572
73    'x[5,1]'      0.0195159
74    'x[5,2]'      0.333993
75    'x[5,3]'      0.646491
76    'x[6,1]'      0.0485422
77    'x[6,2]'      0.468923
78    'x[6,3]'      0.482535
79    'x[7,1]'      0.0975733
80    'x[7,2]'      0.53177
81    'x[7,3]'      0.370656
82    'x[8,1]'      0.168605
83    'x[8,2]'      0.518517
84    'x[8,3]'      0.312878
85    'x[9,1]'      0.180166
86    'x[9,2]'      0.564436
87    'x[9,3]'      0.255398
88    'x[10,1]'     0.192073
89    'x[10,2]'     0.611336
90    'x[10,3]'     0.196591
91    'x[11,1]'     0.203369
92    'x[11,2]'     0.654393
93    'x[11,3]'     0.142238
94    'x[12,1]'     0.213884
95    'x[12,2]'     0.689604
96    'x[12,3]'     0.0965117
97    'x[13,1]'     0.225457
98    'x[13,2]'     0.713574
99    'x[13,3]'     0.0609696
100   'x[14,1]'     0.244976
101   'x[14,2]'     0.720056
102   'x[14,3]'     0.0349672
103   'x[15,1]'     0.293388
104   'x[15,2]'     0.689887
105   'x[15,3]'     0.0167245
106   PC          139.795
107   PR           60.205
108   Vap         236.021
;

