solve_message = 'LOQO 7.00: optimal solution (27 iterations, 27 evaluations)\
primal objective 386.8627398592242\
  dual objective 386.86273915105875'

:     _varname        _var         :=
1     'F[2]'        0
2     'F[3]'        0
3     'F[4]'        0
4     'F[5]'        0
5     'F[6]'        0
6     'F[7]'        0
7     'F[8]'      200
8     'F[9]'        0
9     'F[10]'       0
10    'F[11]'       0
11    'F[12]'       0
12    'F[13]'       0
13    'F[14]'       0
14    Vs          386.863
15    'y[1,1]'      0.0533875
16    'y[1,2]'      0.759288
17    'y[1,3]'      0.187324
18    'y[2,1]'      0.0929535
19    'y[2,2]'      0.815718
20    'y[2,3]'      0.0913284
21    'y[3,1]'      0.141409
22    'y[3,2]'      0.797887
23    'y[3,3]'      0.060704
24    'y[4,1]'      0.200153
25    'y[4,2]'      0.749046
26    'y[4,3]'      0.0508008
27    'y[5,1]'      0.268325
28    'y[5,2]'      0.685056
29    'y[5,3]'      0.0466186
30    'y[6,1]'      0.342382
31    'y[6,2]'      0.613731
32    'y[6,3]'      0.0438868
33    'y[7,1]'      0.416886
34    'y[7,2]'      0.54155
35    'y[7,3]'      0.0415638
36    'y[8,1]'      0.48616
37    'y[8,2]'      0.47434
38    'y[8,3]'      0.0394996
39    'y[9,1]'      0.558887
40    'y[9,2]'      0.429682
41    'y[9,3]'      0.0114306
42    'y[10,1]'     0.634152
43    'y[10,2]'     0.362758
44    'y[10,3]'     0.00308996
45    'y[11,1]'     0.710464
46    'y[11,2]'     0.288744
47    'y[11,3]'     0.000791063
48    'y[12,1]'     0.782595
49    'y[12,2]'     0.217212
50    'y[12,3]'     0.00019279
51    'y[13,1]'     0.845398
52    'y[13,2]'     0.154558
53    'y[13,3]'     4.4933e-05
54    'y[14,1]'     0.89606
55    'y[14,2]'     0.10393
56    'y[14,3]'     1.00435e-05
57    'y[15,1]'     0.934424
58    'y[15,2]'     0.0655736
59    'y[15,3]'     2.12565e-06
60    Ls          525.863
61    'x[1,1]'      0.0215828
62    'x[1,2]'      0.546763
63    'x[1,3]'      0.431654
64    'x[2,1]'      0.0449806
65    'x[2,2]'      0.703112
66    'x[2,3]'      0.251907
67    'x[3,1]'      0.0740883
68    'x[3,2]'      0.744626
69    'x[3,3]'      0.181286
70    'x[4,1]'      0.109736
71    'x[4,2]'      0.731508
72    'x[4,3]'      0.158756
73    'x[5,1]'      0.152952
74    'x[5,2]'      0.695577
75    'x[5,3]'      0.151471
76    'x[6,1]'      0.203104
77    'x[6,2]'      0.648502
78    'x[6,3]'      0.148394
79    'x[7,1]'      0.257586
80    'x[7,2]'      0.59603
81    'x[7,3]'      0.146384
82    'x[8,1]'      0.312397
83    'x[8,2]'      0.542928
84    'x[8,3]'      0.144675
85    'x[9,1]'      0.402247
86    'x[9,2]'      0.55086
87    'x[9,3]'      0.0468933
88    'x[10,1]'     0.488588
89    'x[10,2]'     0.497842
90    'x[10,3]'     0.0135699
91    'x[11,1]'     0.577942
92    'x[11,2]'     0.41839
93    'x[11,3]'     0.00366799
94    'x[12,1]'     0.66854
95    'x[12,2]'     0.330521
96    'x[12,3]'     0.000938748
97    'x[13,1]'     0.754173
98    'x[13,2]'     0.245598
99    'x[13,3]'     0.000228481
100   'x[14,1]'     0.828732
101   'x[14,2]'     0.171215
102   'x[14,3]'     5.29464e-05
103   'x[15,1]'     0.888879
104   'x[15,2]'     0.11111
105   'x[15,3]'     1.15257e-05
106   PC           61.0001
107   PR          139
108   Vap         386.863
;

