solve_message = 'LOQO 7.00: optimal solution (40 iterations, 43 evaluations)\
primal objective 234.22267457772577\
  dual objective 234.22267284583825'

:     _varname        _var         :=
1     'F[2]'        0
2     'F[3]'        0
3     'F[4]'        0
4     'F[5]'        0
5     'F[6]'        0
6     'F[7]'        0
7     'F[8]'        0
8     'F[9]'        0
9     'F[10]'       0
10    'F[11]'       0
11    'F[12]'       0
12    'F[13]'       0
13    'F[14]'       0
14    'F[15]'     200
15    'F[16]'       0
16    'F[17]'       0
17    'F[18]'       0
18    'F[19]'       0
19    'F[20]'       0
20    'F[21]'       0
21    'F[22]'       0
22    'F[23]'       0
23    'F[24]'       0
24    'F[25]'       0
25    'F[26]'       0
26    'F[27]'       0
27    'F[28]'       0
28    'F[29]'       0
29    Vs          234.223
30    'y[1,1]'      0.0533874
31    'y[1,2]'      0.759288
32    'y[1,3]'      0.187324
33    'y[2,1]'      0.0879759
34    'y[2,2]'      0.808619
35    'y[2,3]'      0.103405
36    'y[3,1]'      0.125982
37    'y[3,2]'      0.795164
38    'y[3,3]'      0.0788543
39    'y[4,1]'      0.167999
40    'y[4,2]'      0.760856
41    'y[4,3]'      0.0711451
42    'y[5,1]'      0.213332
43    'y[5,2]'      0.718916
44    'y[5,3]'      0.0677526
45    'y[6,1]'      0.26031
46    'y[6,2]'      0.674275
47    'y[6,3]'      0.0654147
48    'y[7,1]'      0.306792
49    'y[7,2]'      0.629834
50    'y[7,3]'      0.0633737
51    'y[8,1]'      0.350664
52    'y[8,2]'      0.587827
53    'y[8,3]'      0.0615085
54    'y[9,1]'      0.390253
55    'y[9,2]'      0.549908
56    'y[9,3]'      0.0598388
57    'y[10,1]'     0.424551
58    'y[10,2]'     0.517054
59    'y[10,3]'     0.0583952
60    'y[11,1]'     0.453229
61    'y[11,2]'     0.489582
62    'y[11,3]'     0.0571888
63    'y[12,1]'     0.476507
64    'y[12,2]'     0.467283
65    'y[12,3]'     0.0562096
66    'y[13,1]'     0.49495
67    'y[13,2]'     0.449616
68    'y[13,3]'     0.0554339
69    'y[14,1]'     0.509284
70    'y[14,2]'     0.435885
71    'y[14,3]'     0.054831
72    'y[15,1]'     0.52026
73    'y[15,2]'     0.425371
74    'y[15,3]'     0.0543694
75    'y[16,1]'     0.536987
76    'y[16,2]'     0.444515
77    'y[16,3]'     0.0184977
78    'y[17,1]'     0.546959
79    'y[17,2]'     0.446996
80    'y[17,3]'     0.00604504
81    'y[18,1]'     0.556027
82    'y[18,2]'     0.442031
83    'y[18,3]'     0.0019423
84    'y[19,1]'     0.56686
85    'y[19,2]'     0.432522
86    'y[19,3]'     0.00061778
87    'y[20,1]'     0.580958
88    'y[20,2]'     0.418847
89    'y[20,3]'     0.000194637
90    'y[21,1]'     0.599444
91    'y[21,2]'     0.400496
92    'y[21,3]'     6.06311e-05
93    'y[22,1]'     0.623237
94    'y[22,2]'     0.376744
95    'y[22,3]'     1.86172e-05
96    'y[23,1]'     0.652937
97    'y[23,2]'     0.347057
98    'y[23,3]'     5.61347e-06
99    'y[24,1]'     0.688563
100   'y[24,2]'     0.311435
101   'y[24,3]'     1.65462e-06
102   'y[25,1]'     0.729296
103   'y[25,2]'     0.270703
104   'y[25,3]'     4.72547e-07
105   'y[26,1]'     0.773387
106   'y[26,2]'     0.226613
107   'y[26,3]'     1.22242e-07
108   'y[27,1]'     0.818372
109   'y[27,2]'     0.181628
110   'y[27,3]'     5.91956e-12
111   'y[28,1]'     0.861582
112   'y[28,2]'     0.138418
113   'y[28,3]'     5.42645e-13
114   'y[29,1]'     0.900748
115   'y[29,2]'     0.0992516
116   'y[29,3]'     1.45615e-13
117   'y[30,1]'     0.934426
118   'y[30,2]'     0.0655738
119   'y[30,3]'     2.61221e-13
120   Ls          373.223
121   'x[1,1]'      0.0215827
122   'x[1,2]'      0.546763
123   'x[1,3]'      0.431655
124   'x[2,1]'      0.0415424
125   'x[2,2]'      0.680137
126   'x[2,3]'      0.278321
127   'x[3,1]'      0.0632489
128   'x[3,2]'      0.711095
129   'x[3,3]'      0.225656
130   'x[4,1]'      0.0871002
131   'x[4,2]'      0.702651
132   'x[4,3]'      0.210248
133   'x[5,1]'      0.113469
134   'x[5,2]'      0.681121
135   'x[5,3]'      0.20541
136   'x[6,1]'      0.141918
137   'x[6,2]'      0.6548
138   'x[6,3]'      0.203281
139   'x[7,1]'      0.171401
140   'x[7,2]'      0.626785
141   'x[7,3]'      0.201814
142   'x[8,1]'      0.200571
143   'x[8,2]'      0.598896
144   'x[8,3]'      0.200533
145   'x[9,1]'      0.228104
146   'x[9,2]'      0.572533
147   'x[9,3]'      0.199363
148   'x[10,1]'     0.252949
149   'x[10,2]'     0.548736
150   'x[10,3]'     0.198315
151   'x[11,1]'     0.274473
152   'x[11,2]'     0.528118
153   'x[11,3]'     0.197409
154   'x[12,1]'     0.29247
155   'x[12,2]'     0.510878
156   'x[12,3]'     0.196652
157   'x[13,1]'     0.307079
158   'x[13,2]'     0.496884
159   'x[13,3]'     0.196037
160   'x[14,1]'     0.318653
161   'x[14,2]'     0.485796
162   'x[14,3]'     0.19555
163   'x[15,1]'     0.327649
164   'x[15,2]'     0.477179
165   'x[15,3]'     0.195172
166   'x[16,1]'     0.374412
167   'x[16,2]'     0.552073
168   'x[16,3]'     0.0735154
169   'x[17,1]'     0.39703
170   'x[17,2]'     0.577958
171   'x[17,3]'     0.0250117
172   'x[18,1]'     0.410514
173   'x[18,2]'     0.581312
174   'x[18,3]'     0.00817379
175   'x[19,1]'     0.422774
176   'x[19,2]'     0.5746
177   'x[19,3]'     0.00262628
178   'x[20,1]'     0.437423
179   'x[20,2]'     0.561742
180   'x[20,3]'     0.000835329
181   'x[21,1]'     0.456485
182   'x[21,2]'     0.543251
183   'x[21,3]'     0.000263178
184   'x[22,1]'     0.481481
185   'x[22,2]'     0.518438
186   'x[22,3]'     8.19822e-05
187   'x[23,1]'     0.513653
188   'x[23,2]'     0.486322
189   'x[23,3]'     2.51731e-05
190   'x[24,1]'     0.553812
191   'x[24,2]'     0.446181
192   'x[24,3]'     7.59022e-06
193   'x[25,1]'     0.601983
194   'x[25,2]'     0.398015
195   'x[25,3]'     2.23726e-06
196   'x[26,1]'     0.65706
197   'x[26,2]'     0.342939
198   'x[26,3]'     6.38932e-07
199   'x[27,1]'     0.716677
200   'x[27,2]'     0.283322
201   'x[27,3]'     1.65272e-07
202   'x[28,1]'     0.777504
203   'x[28,2]'     0.222496
204   'x[28,3]'     2.8021e-14
205   'x[29,1]'     0.83593
206   'x[29,2]'     0.16407
207   'x[29,3]'     1.71265e-14
208   'x[30,1]'     0.888889
209   'x[30,2]'     0.111111
210   'x[30,3]'     3.09657e-14
211   PC           61
212   PR          139
213   Vap         234.223
;

