solve_message = 'MINOS 5.51: infeasible problem (or bad starting guess).\
616 iterations\
Nonlin evals: constrs = 248, Jac = 248.'

:     _varname        _var         :=
1     'F[2]'        0
2     'F[3]'        0
3     'F[4]'        0
4     'F[5]'        0
5     'F[6]'        0
6     'F[7]'        0
7     'F[8]'      100
8     'F[9]'        0
9     'F[10]'       0
10    'F[11]'       0
11    'F[12]'       0
12    'F[13]'       0
13    'F[14]'       0
14    Vs          610.377
15    'y[1,1]'     -4.58736e-05
16    'y[1,2]'      0.0341154
17    'y[1,3]'      0.965931
18    'y[2,1]'     -0.00138098
19    'y[2,2]'      0.0634898
20    'y[2,3]'      0.937891
21    'y[3,1]'     -0.00309145
22    'y[3,2]'      0.110089
23    'y[3,3]'      0.893003
24    'y[4,1]'     -0.00647339
25    'y[4,2]'      0.173974
26    'y[4,3]'      0.8325
27    'y[5,1]'     -0.0122206
28    'y[5,2]'      0.253397
29    'y[5,3]'      0.758823
30    'y[6,1]'     -0.0193857
31    'y[6,2]'      0.344641
32    'y[6,3]'      0.674745
33    'y[7,1]'     -0.0247046
34    'y[7,2]'      0.440291
35    'y[7,3]'      0.584413
36    'y[8,1]'     -0.00956777
37    'y[8,2]'      0.523695
38    'y[8,3]'      0.485872
39    'y[9,1]'     -0.00718627
40    'y[9,2]'      0.590847
41    'y[9,3]'      0.416339
42    'y[10,1]'    -0.000611491
43    'y[10,2]'     0.663627
44    'y[10,3]'     0.336985
45    'y[11,1]'     0.00982221
46    'y[11,2]'     0.729089
47    'y[11,3]'     0.261089
48    'y[12,1]'     0.0369269
49    'y[12,2]'     0.780477
50    'y[12,3]'     0.182596
51    'y[13,1]'     0.100793
52    'y[13,2]'     0.794142
53    'y[13,3]'     0.105065
54    'y[14,1]'     0.228408
55    'y[14,2]'     0.730618
56    'y[14,3]'     0.0409741
57    'y[15,1]'     0.429946
58    'y[15,2]'     0.567484
59    'y[15,3]'     0.00256991
60    Ls          640.477
61    'x[1,1]'      0
62    'x[1,2]'      0.0197503
63    'x[1,3]'      0.98025
64    'x[2,1]'      0
65    'x[2,2]'      0.0396491
66    'x[2,3]'      0.960351
67    'x[3,1]'     -0.00113459
68    'x[3,2]'      0.0734879
69    'x[3,3]'      0.927647
70    'x[4,1]'     -0.00246801
71    'x[4,2]'      0.123036
72    'x[4,3]'      0.879432
73    'x[5,1]'     -0.00486241
74    'x[5,2]'      0.187824
75    'x[5,3]'      0.817039
76    'x[6,1]'     -0.00826107
77    'x[6,2]'      0.266159
78    'x[6,3]'      0.742103
79    'x[7,1]'     -0.0123707
80    'x[7,2]'      0.352895
81    'x[7,3]'      0.659476
82    'x[8,1]'     -0.0120526
83    'x[8,2]'      0.441324
84    'x[8,3]'      0.570728
85    'x[9,1]'     -0.0103198
86    'x[9,2]'      0.515212
87    'x[9,3]'      0.495108
88    'x[10,1]'    -0.00632857
89    'x[10,2]'     0.599538
90    'x[10,3]'     0.406791
91    'x[11,1]'    -0.00100641
92    'x[11,2]'     0.680205
93    'x[11,3]'     0.320802
94    'x[12,1]'     0.0123226
95    'x[12,2]'     0.756648
96    'x[12,3]'     0.23103
97    'x[13,1]'     0.0439895
98    'x[13,2]'     0.814393
99    'x[13,3]'     0.141617
100   'x[14,1]'     0.112593
101   'x[14,2]'     0.821749
102   'x[14,3]'     0.0656582
103   'x[15,1]'     0.244425
104   'x[15,2]'     0.741714
105   'x[15,3]'     0.0138608
106   PC           69.9
107   PR           30.1
;

