solve_message = 'MINOS 5.51: infeasible problem (or bad starting guess).\
781 iterations\
Nonlin evals: constrs = 282, Jac = 282.'

:     _varname        _var         :=
1     'F[2]'        0
2     'F[3]'        0
3     'F[4]'        0
4     'F[5]'        0
5     'F[6]'        0
6     'F[7]'        0
7     'F[8]'        0
8     'F[9]'        0
9     'F[10]'       0
10    'F[11]'       0
11    'F[12]'       0
12    'F[13]'       0
13    'F[14]'       0
14    'F[15]'     100
15    'F[16]'       0
16    'F[17]'       0
17    'F[18]'       0
18    'F[19]'       0
19    'F[20]'       0
20    'F[21]'       0
21    'F[22]'       0
22    'F[23]'       0
23    'F[24]'       0
24    'F[25]'       0
25    'F[26]'       0
26    'F[27]'       0
27    'F[28]'       0
28    'F[29]'       0
29    Vs           68.1742
30    'y[1,1]'      0.00442883
31    'y[1,2]'      0.119989
32    'y[1,3]'      0.875582
33    'y[2,1]'      0.00448017
34    'y[2,2]'      0.158888
35    'y[2,3]'      0.836632
36    'y[3,1]'      0.00451609
37    'y[3,2]'      0.196091
38    'y[3,3]'      0.799393
39    'y[4,1]'      0.00452032
40    'y[4,2]'      0.231219
41    'y[4,3]'      0.76426
42    'y[5,1]'      0.00447849
43    'y[5,2]'      0.263171
44    'y[5,3]'      0.73235
45    'y[6,1]'      0.00436604
46    'y[6,2]'      0.291527
47    'y[6,3]'      0.704107
48    'y[7,1]'      0.00414175
49    'y[7,2]'      0.316321
50    'y[7,3]'      0.679537
51    'y[8,1]'      0.00373768
52    'y[8,2]'      0.335857
53    'y[8,3]'      0.660405
54    'y[9,1]'      0.00305323
55    'y[9,2]'      0.347796
56    'y[9,3]'      0.649151
57    'y[10,1]'     0.00191239
58    'y[10,2]'     0.289019
59    'y[10,3]'     0.709069
60    'y[11,1]'     0.00178953
61    'y[11,2]'     0.263917
62    'y[11,3]'     0.734293
63    'y[12,1]'     0.574439
64    'y[12,2]'     0.106117
65    'y[12,3]'     0.319444
66    'y[13,1]'     0.742908
67    'y[13,2]'     0.0492126
68    'y[13,3]'     0.207879
69    'y[14,1]'     0.305714
70    'y[14,2]'     0.0286774
71    'y[14,3]'     0.665609
72    'y[15,1]'     0.443037
73    'y[15,2]'     0.556963
74    'y[15,3]'     0
75    'y[16,1]'     0.443003
76    'y[16,2]'     0.556936
77    'y[16,3]'     6.12456e-05
78    'y[17,1]'     0.443002
79    'y[17,2]'     0.556928
80    'y[17,3]'     6.9951e-05
81    'y[18,1]'     0.443002
82    'y[18,2]'     0.556928
83    'y[18,3]'     7.01639e-05
84    'y[19,1]'     0.442999
85    'y[19,2]'     0.556925
86    'y[19,3]'     7.56136e-05
87    'y[20,1]'     0.443006
88    'y[20,2]'     0.556939
89    'y[20,3]'     5.48765e-05
90    'y[21,1]'     0.443003
91    'y[21,2]'     0.556936
92    'y[21,3]'     6.11166e-05
93    'y[22,1]'     0.443006
94    'y[22,2]'     0.556938
95    'y[22,3]'     5.55594e-05
96    'y[23,1]'     0.443002
97    'y[23,2]'     0.556928
98    'y[23,3]'     7.02913e-05
99    'y[24,1]'     0.443006
100   'y[24,2]'     0.556932
101   'y[24,3]'     6.16317e-05
102   'y[25,1]'     0.443007
103   'y[25,2]'     0.556938
104   'y[25,3]'     5.56668e-05
105   'y[26,1]'     0.443003
106   'y[26,2]'     0.556935
107   'y[26,3]'     6.18019e-05
108   'y[27,1]'     0.443003
109   'y[27,2]'     0.556927
110   'y[27,3]'     7.06564e-05
111   'y[28,1]'     0.443007
112   'y[28,2]'     0.556937
113   'y[28,3]'     5.63482e-05
114   'y[29,1]'     0.443003
115   'y[29,2]'     0.556926
116   'y[29,3]'     7.08676e-05
117   'y[30,1]'     0.443007
118   'y[30,2]'     0.556931
119   'y[30,3]'     6.21243e-05
120   Ls          100
121   'x[1,1]'      0.00175668
122   'x[1,2]'      0.0626017
123   'x[1,3]'      0.935642
124   'x[2,1]'      0.00166731
125   'x[2,2]'      0.105612
126   'x[2,3]'      0.89272
127   'x[3,1]'      0.00170133
128   'x[3,2]'      0.13256
129   'x[3,3]'      0.865739
130   'x[4,1]'      0.00172513
131   'x[4,2]'      0.158489
132   'x[4,3]'      0.839786
133   'x[5,1]'      0.00172793
134   'x[5,2]'      0.182855
135   'x[5,3]'      0.815417
136   'x[6,1]'      0.00170021
137   'x[6,2]'      0.204961
138   'x[6,3]'      0.793339
139   'x[7,1]'      0.0016257
140   'x[7,2]'      0.224556
141   'x[7,3]'      0.773819
142   'x[8,1]'      0.0014771
143   'x[8,2]'      0.24168
144   'x[8,3]'      0.756843
145   'x[9,1]'      0.00120938
146   'x[9,2]'      0.254874
147   'x[9,3]'      0.743917
148   'x[10,1]'     0.00075588
149   'x[10,2]'     0.262572
150   'x[10,3]'     0.736672
151   'x[11,1]'     0
152   'x[11,2]'     0.211494
153   'x[11,3]'     0.788506
154   'x[12,1]'     0.0190942
155   'x[12,2]'     0.194863
156   'x[12,3]'     0.786043
157   'x[13,1]'     0.398513
158   'x[13,2]'     0.0903093
159   'x[13,3]'     0.511178
160   'x[14,1]'     0.510135
161   'x[14,2]'     0.0526067
162   'x[14,3]'     0.437259
163   'x[15,1]'     0.201289
164   'x[15,2]'     0.0390007
165   'x[15,3]'     0.759711
166   'x[16,1]'     0.246233
167   'x[16,2]'     0.740305
168   'x[16,3]'     0.0134628
169   'x[17,1]'     0.255872
170   'x[17,2]'     0.742552
171   'x[17,3]'     0.00157573
172   'x[18,1]'     0.255875
173   'x[18,2]'     0.742553
174   'x[18,3]'     0.00157195
175   'x[19,1]'     0.255881
176   'x[19,2]'     0.742556
177   'x[19,3]'     0.00156291
178   'x[20,1]'     0.256713
179   'x[20,2]'     0.742749
180   'x[20,3]'     0.000538798
181   'x[21,1]'     0.255862
182   'x[21,2]'     0.742546
183   'x[21,3]'     0.00159266
184   'x[22,1]'     0.255862
185   'x[22,2]'     0.742544
186   'x[22,3]'     0.00159337
187   'x[23,1]'     0.255866
188   'x[23,2]'     0.742551
189   'x[23,3]'     0.00158262
190   'x[24,1]'     0.255869
191   'x[24,2]'     0.742549
192   'x[24,3]'     0.00158206
193   'x[25,1]'     0.256164
194   'x[25,2]'     0.742616
195   'x[25,3]'     0.00122009
196   'x[26,1]'     0.255861
197   'x[26,2]'     0.742546
198   'x[26,3]'     0.0015926
199   'x[27,1]'     0.255873
200   'x[27,2]'     0.742553
201   'x[27,3]'     0.00157455
202   'x[28,1]'     0.255865
203   'x[28,2]'     0.742545
204   'x[28,3]'     0.00158936
205   'x[29,1]'     0.255867
206   'x[29,2]'     0.742552
207   'x[29,3]'     0.00158146
208   'x[30,1]'     0.255869
209   'x[30,2]'     0.742549
210   'x[30,3]'     0.00158219
211   PC           68.1742
212   PR           31.8258
;

