solve_message = 'MINOS 5.51: infeasible problem (or bad starting guess).\
682 iterations\
Nonlin evals: constrs = 210, Jac = 210.'

:     _varname       _var        :=
1     'F[2]'        0
2     'F[3]'        0
3     'F[4]'        0
4     'F[5]'        0
5     'F[6]'        0
6     'F[7]'        0
7     'F[8]'        0
8     'F[9]'        0
9     'F[10]'       0
10    'F[11]'       0
11    'F[12]'       0
12    'F[13]'       0
13    'F[14]'       0
14    'F[15]'     100
15    'F[16]'       0
16    'F[17]'       0
17    'F[18]'       0
18    'F[19]'       0
19    'F[20]'       0
20    'F[21]'       0
21    'F[22]'       0
22    'F[23]'       0
23    'F[24]'       0
24    'F[25]'       0
25    'F[26]'       0
26    'F[27]'       0
27    'F[28]'       0
28    'F[29]'       0
29    Vs           89.3212
30    'y[1,1]'      0.050859
31    'y[1,2]'      0.578374
32    'y[1,3]'      0.370767
33    'y[2,1]'      0.111439
34    'y[2,2]'      0.574668
35    'y[2,3]'      0.313894
36    'y[3,1]'      0.189266
37    'y[3,2]'      0.537704
38    'y[3,3]'      0.27303
39    'y[4,1]'      0.269682
40    'y[4,2]'      0.487894
41    'y[4,3]'      0.242424
42    'y[5,1]'      0.340785
43    'y[5,2]'      0.439697
44    'y[5,3]'      0.219518
45    'y[6,1]'      0.39713
46    'y[6,2]'      0.400043
47    'y[6,3]'      0.202827
48    'y[7,1]'      0.43856
49    'y[7,2]'      0.370382
50    'y[7,3]'      0.191058
51    'y[8,1]'      0.467534
52    'y[8,2]'      0.349468
53    'y[8,3]'      0.182998
54    'y[9,1]'      0.487198
55    'y[9,2]'      0.335264
56    'y[9,3]'      0.177538
57    'y[10,1]'     0.501121
58    'y[10,2]'     0.325545
59    'y[10,3]'     0.173334
60    'y[11,1]'     0.510597
61    'y[11,2]'     0.318882
62    'y[11,3]'     0.170521
63    'y[12,1]'     0.51689
64    'y[12,2]'     0.314373
65    'y[12,3]'     0.168737
66    'y[13,1]'     0.521069
67    'y[13,2]'     0.310891
68    'y[13,3]'     0.168039
69    'y[14,1]'     0.523901
70    'y[14,2]'     0.308548
71    'y[14,3]'     0.167551
72    'y[15,1]'     0.525798
73    'y[15,2]'     0.307036
74    'y[15,3]'     0.167166
75    'y[16,1]'     0.529354
76    'y[16,2]'     0.307622
77    'y[16,3]'     0.163024
78    'y[17,1]'     0.529829
79    'y[17,2]'     0.306098
80    'y[17,3]'     0.164074
81    'y[18,1]'     0.530981
82    'y[18,2]'     0.304436
83    'y[18,3]'     0.164584
84    'y[19,1]'     0.533164
85    'y[19,2]'     0.302862
86    'y[19,3]'     0.163973
87    'y[20,1]'     0.536196
88    'y[20,2]'     0.302274
89    'y[20,3]'     0.16153
90    'y[21,1]'     0.536865
91    'y[21,2]'     0.306167
92    'y[21,3]'     0.156967
93    'y[22,1]'     0.537914
94    'y[22,2]'     0.311957
95    'y[22,3]'     0.15013
96    'y[23,1]'     0.539899
97    'y[23,2]'     0.320362
98    'y[23,3]'     0.139739
99    'y[24,1]'     0.544711
100   'y[24,2]'     0.331766
101   'y[24,3]'     0.123522
102   'y[25,1]'     0.558542
103   'y[25,2]'     0.343976
104   'y[25,3]'     0.0974818
105   'y[26,1]'     0.584331
106   'y[26,2]'     0.349806
107   'y[26,3]'     0.0658635
108   'y[27,1]'     0.633226
109   'y[27,2]'     0.339036
110   'y[27,3]'     0.0277383
111   'y[28,1]'     0.720973
112   'y[28,2]'     0.294991
113   'y[28,3]'    -0.0159644
114   'y[29,1]'     0.851628
115   'y[29,2]'     0.204485
116   'y[29,3]'    -0.0561125
117   'y[30,1]'     0.97258
118   'y[30,2]'     0.0931407
119   'y[30,3]'    -0.0657207
120   Ls          161.428
121   'x[1,1]'      0.0166408
122   'x[1,2]'      0.527947
123   'x[1,3]'      0.455412
124   'x[2,1]'      0.0401108
125   'x[2,2]'      0.553558
126   'x[2,3]'      0.406331
127   'x[3,1]'      0.0763998
128   'x[3,2]'      0.549482
129   'x[3,3]'      0.374119
130   'x[4,1]'      0.120376
131   'x[4,2]'      0.528155
132   'x[4,3]'      0.351468
133   'x[5,1]'      0.164454
134   'x[5,2]'      0.500745
135   'x[5,3]'      0.334802
136   'x[6,1]'      0.202744
137   'x[6,2]'      0.474765
138   'x[6,3]'      0.322491
139   'x[7,1]'      0.232752
140   'x[7,2]'      0.453646
141   'x[7,3]'      0.313601
142   'x[8,1]'      0.254653
143   'x[8,2]'      0.437975
144   'x[8,3]'      0.307373
145   'x[9,1]'      0.269887
146   'x[9,2]'      0.426988
147   'x[9,3]'      0.303125
148   'x[10,1]'     0.280944
149   'x[10,2]'     0.41956
150   'x[10,3]'     0.299497
151   'x[11,1]'     0.288631
152   'x[11,2]'     0.414349
153   'x[11,3]'     0.297019
154   'x[12,1]'     0.293802
155   'x[12,2]'     0.41076
156   'x[12,3]'     0.295438
157   'x[13,1]'     0.297206
158   'x[13,2]'     0.407587
159   'x[13,3]'     0.295207
160   'x[14,1]'     0.299522
161   'x[14,2]'     0.405446
162   'x[14,3]'     0.295032
163   'x[15,1]'     0.301086
164   'x[15,2]'     0.404093
165   'x[15,3]'     0.294821
166   'x[16,1]'     0.304462
167   'x[16,2]'     0.406716
168   'x[16,3]'     0.288822
169   'x[17,1]'     0.304541
170   'x[17,2]'     0.404726
171   'x[17,3]'     0.290732
172   'x[18,1]'     0.305403
173   'x[18,2]'     0.402785
174   'x[18,3]'     0.291812
175   'x[19,1]'     0.307265
176   'x[19,2]'     0.401499
177   'x[19,3]'     0.291237
178   'x[20,1]'     0.310058
179   'x[20,2]'     0.402171
180   'x[20,3]'     0.28777
181   'x[21,1]'     0.311213
182   'x[21,2]'     0.408622
183   'x[21,3]'     0.280165
184   'x[22,1]'     0.313116
185   'x[22,2]'     0.418027
186   'x[22,3]'     0.268856
187   'x[23,1]'     0.316331
188   'x[23,2]'     0.431802
189   'x[23,3]'     0.251867
190   'x[24,1]'     0.322692
191   'x[24,2]'     0.451227
192   'x[24,3]'     0.226082
193   'x[25,1]'     0.337847
194   'x[25,2]'     0.475577
195   'x[25,3]'     0.186576
196   'x[26,1]'     0.364301
197   'x[26,2]'     0.497492
198   'x[26,3]'     0.138207
199   'x[27,1]'     0.412871
200   'x[27,2]'     0.5062
201   'x[27,3]'     0.0809296
202   'x[28,1]'     0.502532
203   'x[28,2]'     0.482841
204   'x[28,3]'     0.0146274
205   'x[29,1]'     0.655221
206   'x[29,2]'     0.399898
207   'x[29,3]'    -0.0551187
208   'x[30,1]'     0.856438
209   'x[30,2]'     0.247722
210   'x[30,3]'    -0.10416
211   PC           27.893
212   PR           72.107
;

