solve_message =
'filterSQP (20020316): Optimal solution found, objective = 342.1027061098086\
172 iterations (138 for feasibility)\
Evals: obj = 58, constr = 357, grad = 100, Hes = 157'

:            _varname               _var          :=
1      'F[2]'                      0
2      'F[3]'                      0
3      'F[4]'                      0
4      'F[5]'                      0
5      'F[6]'                      0
6      'F[7]'                      0
7      'F[8]'                    200
8      'F[9]'                      0
9      'F[10]'                     0
10     'F[11]'                     0
11     'F[12]'                     0
12     'F[13]'                     0
13     'F[14]'                     0
14     'V[1,1]'                  200.535
15     'V[1,2]'                  193.894
16     'V[1,3]'                  190.025
17     'V[1,4]'                  191.396
18     'V[1,5]'                  195.374
19     'V[1,6]'                  197.995
20     'V[1,7]'                  198.177
21     'V[1,8]'                  197.346
22     'V[1,9]'                  198.077
23     'V[1,10]'                 199.212
24     'V[1,11]'                 200.869
25     'V[1,12]'                 203.077
26     'V[1,13]'                 205.666
27     'V[1,14]'                 208.297
28     'V[1,15]'                   0
29     'V[2,1]'                  141.568
30     'V[2,2]'                  141.413
31     'V[2,3]'                  141.152
32     'V[2,4]'                  141.046
33     'V[2,5]'                  141.132
34     'V[2,6]'                  141.362
35     'V[2,7]'                  141.661
36     'V[2,8]'                  141.963
37     'V[2,9]'                  142.228
38     'V[2,10]'                 142.44
39     'V[2,11]'                 149.338
40     'V[2,12]'                 150.089
41     'V[2,13]'                 151.142
42     'V[2,14]'                 152.713
43     'V[2,15]'                   0
44     'y[1,1,1]'                  0.00110116
45     'y[1,1,2]'                  0.112517
46     'y[1,1,3]'                  0.886382
47     'y[1,2,1]'                  0.00402246
48     'y[1,2,2]'                  0.239539
49     'y[1,2,3]'                  0.756439
50     'y[1,3,1]'                  0.0122778
51     'y[1,3,2]'                  0.417008
52     'y[1,3,3]'                  0.570714
53     'y[1,4,1]'                  0.0312078
54     'y[1,4,2]'                  0.589299
55     'y[1,4,3]'                  0.379494
56     'y[1,5,1]'                  0.0673955
57     'y[1,5,2]'                  0.692662
58     'y[1,5,3]'                  0.239943
59     'y[1,6,1]'                  0.12887
60     'y[1,6,2]'                  0.710238
61     'y[1,6,3]'                  0.160892
62     'y[1,7,1]'                  0.224149
63     'y[1,7,2]'                  0.65581
64     'y[1,7,3]'                  0.120041
65     'y[1,8,1]'                  0.355496
66     'y[1,8,2]'                  0.547861
67     'y[1,8,3]'                  0.0966428
68     'y[1,9,1]'                  0.355962
69     'y[1,9,2]'                  0.553735
70     'y[1,9,3]'                  0.0903034
71     'y[1,10,1]'                 0.356604
72     'y[1,10,2]'                 0.562357
73     'y[1,10,3]'                 0.0810384
74     'y[1,11,1]'                 0.357476
75     'y[1,11,2]'                 0.574011
76     'y[1,11,3]'                 0.0685129
77     'y[1,12,1]'                 0.358915
78     'y[1,12,2]'                 0.587789
79     'y[1,12,3]'                 0.0532957
80     'y[1,13,1]'                 0.362777
81     'y[1,13,2]'                 0.600128
82     'y[1,13,3]'                 0.0370953
83     'y[1,14,1]'                 0.377157
84     'y[1,14,2]'                 0.600705
85     'y[1,14,3]'                 0.0221378
86     'y[1,15,1]'                 0.432018
87     'y[1,15,2]'                 0.557911
88     'y[1,15,3]'                 0.0100712
89     'y[2,1,1]'                  0.117559
90     'y[2,1,2]'                  0.877455
91     'y[2,1,3]'                  0.00498525
92     'y[2,2,1]'                  0.182181
93     'y[2,2,2]'                  0.815521
94     'y[2,2,3]'                  0.00229825
95     'y[2,3,1]'                  0.253963
96     'y[2,3,2]'                  0.744301
97     'y[2,3,3]'                  0.00173616
98     'y[2,4,1]'                  0.327853
99     'y[2,4,2]'                  0.670588
100    'y[2,4,3]'                  0.00155901
101    'y[2,5,1]'                  0.398074
102    'y[2,5,2]'                  0.600473
103    'y[2,5,3]'                  0.00145291
104    'y[2,6,1]'                  0.459899
105    'y[2,6,2]'                  0.538733
106    'y[2,6,3]'                  0.00136804
107    'y[2,7,1]'                  0.510764
108    'y[2,7,2]'                  0.487937
109    'y[2,7,3]'                  0.00129886
110    'y[2,8,1]'                  0.550328
111    'y[2,8,2]'                  0.448427
112    'y[2,8,3]'                  0.00124475
113    'y[2,9,1]'                  0.57978
114    'y[2,9,2]'                  0.419016
115    'y[2,9,3]'                  0.00120419
116    'y[2,10,1]'                 0.600994
117    'y[2,10,2]'                 0.397832
118    'y[2,10,3]'                 0.00117481
119    'y[2,11,1]'                 0.615915
120    'y[2,11,2]'                 0.382931
121    'y[2,11,3]'                 0.00115406
122    'y[2,12,1]'                 0.656816
123    'y[2,12,2]'                 0.342878
124    'y[2,12,3]'                 0.000305687
125    'y[2,13,1]'                 0.712726
126    'y[2,13,2]'                 0.287198
127    'y[2,13,3]'                 7.60673e-05
128    'y[2,14,1]'                 0.781665
129    'y[2,14,2]'                 0.218318
130    'y[2,14,3]'                 1.73127e-05
131    'y[2,15,1]'                 0.856058
132    'y[2,15,2]'                 0.143939
133    'y[2,15,3]'                 3.40485e-06
134    'L[1,1]'                    0
135    'L[1,2]'                  261.684
136    'L[1,3]'                  255.043
137    'L[1,4]'                  251.175
138    'L[1,5]'                  252.545
139    'L[1,6]'                  256.523
140    'L[1,7]'                  259.144
141    'L[1,8]'                  259.326
142    'L[1,9]'                   58.4946
143    'L[1,10]'                  59.2264
144    'L[1,11]'                  60.3608
145    'L[1,12]'                  62.0182
146    'L[1,13]'                  64.2261
147    'L[1,14]'                  66.8151
148    'L[1,15]'                  69.4465
149    'L[2,1]'                    0
150    'L[2,2]'                  202.036
151    'L[2,3]'                  201.88
152    'L[2,4]'                  201.62
153    'L[2,5]'                  201.514
154    'L[2,6]'                  201.6
155    'L[2,7]'                  201.83
156    'L[2,8]'                  202.129
157    'L[2,9]'                  202.431
158    'L[2,10]'                 202.695
159    'L[2,11]'                 202.908
160    'L[2,12]'                  96.7012
161    'L[2,13]'                  97.4523
162    'L[2,14]'                  98.5053
163    'L[2,15]'                 100.076
164    'x[1,1,1]'                  0.000227388
165    'x[1,1,2]'                  0.0414326
166    'x[1,1,3]'                  0.95834
167    'x[1,2,1]'                  0.000896981
168    'x[1,2,2]'                  0.0959064
169    'x[1,2,3]'                  0.903197
170    'x[1,3,1]'                  0.00311256
171    'x[1,3,2]'                  0.192041
172    'x[1,3,3]'                  0.804846
173    'x[1,4,1]'                  0.00934411
174    'x[1,4,2]'                  0.325573
175    'x[1,4,3]'                  0.665082
176    'x[1,5,1]'                  0.0237065
177    'x[1,5,2]'                  0.456643
178    'x[1,5,3]'                  0.519651
179    'x[1,6,1]'                  0.0513842
180    'x[1,6,2]'                  0.537424
181    'x[1,6,3]'                  0.411192
182    'x[1,7,1]'                  0.0985151
183    'x[1,7,2]'                  0.552423
184    'x[1,7,3]'                  0.349062
185    'x[1,8,1]'                  0.171348
186    'x[1,8,2]'                  0.51094
187    'x[1,8,3]'                  0.317712
188    'x[1,9,1]'                  0.173854
189    'x[1,9,2]'                  0.524005
190    'x[1,9,3]'                  0.302141
191    'x[1,10,1]'                 0.177656
192    'x[1,10,2]'                 0.543944
193    'x[1,10,3]'                 0.2784
194    'x[1,11,1]'                 0.183127
195    'x[1,11,2]'                 0.572586
196    'x[1,11,3]'                 0.244288
197    'x[1,12,1]'                 0.190585
198    'x[1,12,2]'                 0.610059
199    'x[1,12,3]'                 0.199357
200    'x[1,13,1]'                 0.200874
201    'x[1,13,2]'                 0.652383
202    'x[1,13,3]'                 0.146743
203    'x[1,14,1]'                 0.218885
204    'x[1,14,2]'                 0.68786
205    'x[1,14,3]'                 0.0932552
206    'x[1,15,1]'                 0.267469
207    'x[1,15,2]'                 0.686267
208    'x[1,15,3]'                 0.0462636
209    'x[2,1,1]'                  0.0628937
210    'x[2,1,2]'                  0.918271
211    'x[2,1,3]'                  0.0188352
212    'x[2,2,1]'                  0.101198
213    'x[2,2,2]'                  0.889671
214    'x[2,2,3]'                  0.00913041
215    'x[2,3,1]'                  0.146452
216    'x[2,3,2]'                  0.846297
217    'x[2,3,3]'                  0.00725142
218    'x[2,4,1]'                  0.19666
219    'x[2,4,2]'                  0.796476
220    'x[2,4,3]'                  0.00686431
221    'x[2,5,1]'                  0.248347
222    'x[2,5,2]'                  0.74491
223    'x[2,5,3]'                  0.00674301
224    'x[2,6,1]'                  0.297541
225    'x[2,6,2]'                  0.695793
226    'x[2,6,3]'                  0.00666652
227    'x[2,7,1]'                  0.340957
228    'x[2,7,2]'                  0.652442
229    'x[2,7,3]'                  0.00660114
230    'x[2,8,1]'                  0.376782
231    'x[2,8,2]'                  0.616673
232    'x[2,8,3]'                  0.00654491
233    'x[2,9,1]'                  0.404728
234    'x[2,9,2]'                  0.588773
235    'x[2,9,3]'                  0.00649914
236    'x[2,10,1]'                 0.425583
237    'x[2,10,2]'                 0.567953
238    'x[2,10,3]'                 0.00646382
239    'x[2,11,1]'                 0.440637
240    'x[2,11,2]'                 0.552925
241    'x[2,11,3]'                 0.00643769
242    'x[2,12,1]'                 0.4852
243    'x[2,12,2]'                 0.51302
244    'x[2,12,3]'                 0.00178039
245    'x[2,13,1]'                 0.5492
246    'x[2,13,2]'                 0.450331
247    'x[2,13,3]'                 0.000468958
248    'x[2,14,1]'                 0.636137
249    'x[2,14,2]'                 0.363749
250    'x[2,14,3]'                 0.000114895
251    'x[2,15,1]'                 0.742536
252    'x[2,15,2]'                 0.257439
253    'x[2,15,3]'                 2.46278e-05
254    'CC[2]'                     0
255    'CC[3]'                     0
256    'CC[4]'                     0
257    'CC[5]'                     0
258    'CC[6]'                     0
259    'CC[7]'                     0
260    'CC[8]'                     0
261    'CC[9]'                     0
262    'CC[10]'                    0
263    'CC[11]'                  113.104
264    'CC[12]'                    0
265    'CC[13]'                    0
266    'CC[14]'                    0
267    'CR[2]'                     0
268    'CR[3]'                     0
269    'CR[4]'                     0
270    'CR[5]'                     0
271    'CR[6]'                     0
272    'CR[7]'                     0
273    'CR[8]'                     0
274    'CR[9]'                     0
275    'CR[10]'                    0
276    'CR[11]'                    0
277    'CR[12]'                    0
278    'CR[13]'                    0
279    'CR[14]'                    0
280    'PC[1]'                    25.7466
281    'PC[2]'                    52.6367
282    'PR[1]'                    61.1491
283    'PR[2]'                    60.4676
284    'PS[2]'                     0
285    'PS[3]'                     0
286    'PS[4]'                     0
287    'PS[5]'                     0
288    'PS[6]'                     0
289    'PS[7]'                     0
290    'PS[8]'                     0
291    'PS[9]'                     0
292    'PS[10]'                    0
293    'PS[11]'                    0
294    'PS[12]'                    0
295    'PS[13]'                    0
296    'PS[14]'                    0
297    'T[1,1]'                  473.238
298    'T[1,2]'                  468.823
299    'T[1,3]'                  461.634
300    'T[1,4]'                  452.632
301    'T[1,5]'                  444.257
302    'T[1,6]'                  437.962
303    'T[1,7]'                  433.202
304    'T[1,8]'                  428.792
305    'T[1,9]'                  428.169
306    'T[1,10]'                 427.237
307    'T[1,11]'                 425.934
308    'T[1,12]'                 424.269
309    'T[1,13]'                 422.345
310    'T[1,14]'                 420.209
311    'T[1,15]'                 417.309
312    'T[2,1]'                  423.924
313    'T[2,2]'                  422.199
314    'T[2,3]'                  420.498
315    'T[2,4]'                  418.722
316    'T[2,5]'                  416.969
317    'T[2,6]'                  415.36
318    'T[2,7]'                  413.986
319    'T[2,8]'                  412.883
320    'T[2,9]'                  412.041
321    'T[2,10]'                 411.423
322    'T[2,11]'                 410.982
323    'T[2,12]'                 409.609
324    'T[2,13]'                 407.816
325    'T[2,14]'                 405.521
326    'T[2,15]'                 402.88
327    TF                        422.969
328    'QC[1]'                  1858.95
329    'QC[2]'                  1317.49
330    'QR[1]'                  2141.94
331    'QR[2]'                  1290.29
332    'H[1,1,1]'                  9.96254
333    'H[1,1,2]'                 11.3308
334    'H[1,1,3]'                 14.0785
335    'H[1,2,1]'                  9.66662
336    'H[1,2,2]'                 10.9943
337    'H[1,2,3]'                 13.6602
338    'H[1,3,1]'                  9.1893
339    'H[1,3,2]'                 10.4514
340    'H[1,3,3]'                 12.9855
341    'H[1,4,1]'                  8.59965
342    'H[1,4,2]'                  9.78072
343    'H[1,4,3]'                 12.1519
344    'H[1,5,1]'                  8.05926
345    'H[1,5,2]'                  9.16609
346    'H[1,5,3]'                 11.388
347    'H[1,6,1]'                  7.65833
348    'H[1,6,2]'                  8.71009
349    'H[1,6,3]'                 10.8212
350    'H[1,7,1]'                  7.35819
351    'H[1,7,2]'                  8.36871
352    'H[1,7,3]'                 10.3969
353    'H[1,8,1]'                  7.08251
354    'H[1,8,2]'                  8.05517
355    'H[1,8,3]'                 10.0072
356    'H[1,9,1]'                  7.04372
357    'H[1,9,2]'                  8.01105
358    'H[1,9,3]'                  9.9524
359    'H[1,10,1]'                 6.98583
360    'H[1,10,2]'                 7.94521
361    'H[1,10,3]'                 9.87056
362    'H[1,11,1]'                 6.90503
363    'H[1,11,2]'                 7.85331
364    'H[1,11,3]'                 9.75634
365    'H[1,12,1]'                 6.8021
366    'H[1,12,2]'                 7.73624
367    'H[1,12,3]'                 9.61084
368    'H[1,13,1]'                 6.68355
369    'H[1,13,2]'                 7.60141
370    'H[1,13,3]'                 9.44326
371    'H[1,14,1]'                 6.55244
372    'H[1,14,2]'                 7.45228
373    'H[1,14,3]'                 9.25792
374    'H[1,15,1]'                 6.37529
375    'H[1,15,2]'                 7.2508
376    'H[1,15,3]'                 9.00751
377    'H[2,1,1]'                  6.78077
378    'H[2,1,2]'                  7.71198
379    'H[2,1,3]'                  9.5807
380    'H[2,2,1]'                  6.67457
381    'H[2,2,2]'                  7.59119
382    'H[2,2,3]'                  9.43056
383    'H[2,3,1]'                  6.57011
384    'H[2,3,2]'                  7.47238
385    'H[2,3,3]'                  9.2829
386    'H[2,4,1]'                  6.46148
387    'H[2,4,2]'                  7.34883
388    'H[2,4,3]'                  9.12934
389    'H[2,5,1]'                  6.35457
390    'H[2,5,2]'                  7.22723
391    'H[2,5,3]'                  8.97821
392    'H[2,6,1]'                  6.25682
393    'H[2,6,2]'                  7.11606
394    'H[2,6,3]'                  8.84004
395    'H[2,7,1]'                  6.17357
396    'H[2,7,2]'                  7.02137
397    'H[2,7,3]'                  8.72236
398    'H[2,8,1]'                  6.1069
399    'H[2,8,2]'                  6.94554
400    'H[2,8,3]'                  8.62812
401    'H[2,9,1]'                  6.0561
402    'H[2,9,2]'                  6.88777
403    'H[2,9,3]'                  8.55631
404    'H[2,10,1]'                 6.01887
405    'H[2,10,2]'                 6.84542
406    'H[2,10,3]'                 8.50368
407    'H[2,11,1]'                 5.99234
408    'H[2,11,2]'                 6.81524
409    'H[2,11,3]'                 8.46618
410    'H[2,12,1]'                 5.90984
411    'H[2,12,2]'                 6.72142
412    'H[2,12,3]'                 8.34957
413    'H[2,13,1]'                 5.80247
414    'H[2,13,2]'                 6.5993
415    'H[2,13,3]'                 8.19779
416    'H[2,14,1]'                 5.66565
417    'H[2,14,2]'                 6.44368
418    'H[2,14,3]'                 8.00439
419    'H[2,15,1]'                 5.50895
420    'H[2,15,2]'                 6.26546
421    'H[2,15,3]'                 7.7829
422    'HF[1]'                     6.72192
423    'HF[2]'                     7.64505
424    'HF[3]'                     9.4975
425    'h[1,1,1]'                  3.75383
426    'h[1,1,2]'                  3.58481
427    'h[1,1,3]'                  3.79555
428    'h[1,2,1]'                  3.3042
429    'h[1,2,2]'                  3.11878
430    'h[1,2,3]'                  3.26163
431    'h[1,3,1]'                  2.58863
432    'h[1,3,2]'                  2.3723
433    'h[1,3,3]'                  2.40205
434    'h[1,4,1]'                  1.7189
435    'h[1,4,2]'                  1.45795
436    'h[1,4,3]'                  1.34247
437    'h[1,5,1]'                  0.933485
438    'h[1,5,2]'                  0.626393
439    'h[1,5,3]'                  0.37302
440    'h[1,6,1]'                  0.356952
441    'h[1,6,2]'                  0.0128224
442    'h[1,6,3]'                 -0.345569
443    'h[1,7,1]'                 -0.0715995
444    'h[1,7,2]'                 -0.444869
445    'h[1,7,3]'                 -0.8833
446    'h[1,8,1]'                 -0.463109
447    'h[1,8,2]'                 -0.864137
448    'h[1,8,3]'                 -1.3771
449    'h[1,9,1]'                 -0.518041
450    'h[1,9,2]'                 -0.923047
451    'h[1,9,3]'                 -1.44658
452    'h[1,10,1]'                -0.599966
453    'h[1,10,2]'                -1.01094
454    'h[1,10,3]'                -1.55028
455    'h[1,11,1]'                -0.714169
456    'h[1,11,2]'                -1.13355
457    'h[1,11,3]'                -1.69501
458    'h[1,12,1]'                -0.859434
459    'h[1,12,2]'                -1.28962
460    'h[1,12,3]'                -1.87938
461    'h[1,13,1]'                -1.02644
462    'h[1,13,2]'                -1.46922
463    'h[1,13,3]'                -2.09173
464    'h[1,14,1]'                -1.21079
465    'h[1,14,2]'                -1.66769
466    'h[1,14,3]'                -2.32662
467    'h[1,15,1]'                -1.45929
468    'h[1,15,2]'                -1.93554
469    'h[1,15,3]'                -2.644
470    'h[2,1,1]'                 -0.889497
471    'h[2,1,2]'                 -1.32194
472    'h[2,1,3]'                 -1.91757
473    'h[2,2,1]'                 -1.03908
474    'h[2,2,2]'                 -1.48282
475    'h[2,2,3]'                 -2.10782
476    'h[2,3,1]'                 -1.18596
477    'h[2,3,2]'                 -1.64095
478    'h[2,3,3]'                 -2.29496
479    'h[2,4,1]'                 -1.33846
480    'h[2,4,2]'                 -1.80526
481    'h[2,4,3]'                 -2.48957
482    'h[2,5,1]'                 -1.48831
483    'h[2,5,2]'                 -1.96686
484    'h[2,5,3]'                 -2.68114
485    'h[2,6,1]'                 -1.62512
486    'h[2,6,2]'                 -2.11451
487    'h[2,6,3]'                 -2.8563
488    'h[2,7,1]'                 -1.74149
489    'h[2,7,2]'                 -2.2402
490    'h[2,7,3]'                 -3.0055
491    'h[2,8,1]'                 -1.83459
492    'h[2,8,2]'                 -2.34081
493    'h[2,8,3]'                 -3.12501
494    'h[2,9,1]'                 -1.90546
495    'h[2,9,2]'                 -2.41744
496    'h[2,9,3]'                 -3.21607
497    'h[2,10,1]'                -1.95739
498    'h[2,10,2]'                -2.4736
499    'h[2,10,3]'                -3.28282
500    'h[2,11,1]'                -1.99437
501    'h[2,11,2]'                -2.51361
502    'h[2,11,3]'                -3.33038
503    'h[2,12,1]'                -2.10927
504    'h[2,12,2]'                -2.63797
505    'h[2,12,3]'                -3.4783
506    'h[2,13,1]'                -2.25865
507    'h[2,13,2]'                -2.79976
508    'h[2,13,3]'                -3.67085
509    'h[2,14,1]'                -2.44871
510    'h[2,14,2]'                -3.0058
511    'h[2,14,3]'                -3.91629
512    'h[2,15,1]'                -2.66601
513    'h[2,15,2]'                -3.24161
514    'h[2,15,3]'                -4.19748
515    'hF[1]'                    -0.972416
516    'hF[2]'                    -1.4111
517    'hF[3]'                    -2.02299
518    'tauGamma[1,1,1,1]'     1e-06
519    'tauGamma[1,1,1,2]'     1e-06
520    'tauGamma[1,1,1,3]'     1e-06
521    'tauGamma[1,1,2,1]'     1e-06
522    'tauGamma[1,1,2,2]'     1e-06
523    'tauGamma[1,1,2,3]'     1e-06
524    'tauGamma[1,1,3,1]'     1e-06
525    'tauGamma[1,1,3,2]'     1e-06
526    'tauGamma[1,1,3,3]'     1e-06
527    'tauGamma[1,2,1,1]'     1e-06
528    'tauGamma[1,2,1,2]'     1e-06
529    'tauGamma[1,2,1,3]'     1e-06
530    'tauGamma[1,2,2,1]'     1e-06
531    'tauGamma[1,2,2,2]'     1e-06
532    'tauGamma[1,2,2,3]'     1e-06
533    'tauGamma[1,2,3,1]'     1e-06
534    'tauGamma[1,2,3,2]'     1e-06
535    'tauGamma[1,2,3,3]'     1e-06
536    'tauGamma[1,3,1,1]'     1e-06
537    'tauGamma[1,3,1,2]'     1e-06
538    'tauGamma[1,3,1,3]'     1e-06
539    'tauGamma[1,3,2,1]'     1e-06
540    'tauGamma[1,3,2,2]'     1e-06
541    'tauGamma[1,3,2,3]'     1e-06
542    'tauGamma[1,3,3,1]'     1e-06
543    'tauGamma[1,3,3,2]'     1e-06
544    'tauGamma[1,3,3,3]'     1e-06
545    'tauGamma[1,4,1,1]'     1e-06
546    'tauGamma[1,4,1,2]'     1e-06
547    'tauGamma[1,4,1,3]'     1e-06
548    'tauGamma[1,4,2,1]'     1e-06
549    'tauGamma[1,4,2,2]'     1e-06
550    'tauGamma[1,4,2,3]'     1e-06
551    'tauGamma[1,4,3,1]'     1e-06
552    'tauGamma[1,4,3,2]'     1e-06
553    'tauGamma[1,4,3,3]'     1e-06
554    'tauGamma[1,5,1,1]'     1e-06
555    'tauGamma[1,5,1,2]'     1e-06
556    'tauGamma[1,5,1,3]'     1e-06
557    'tauGamma[1,5,2,1]'     1e-06
558    'tauGamma[1,5,2,2]'     1e-06
559    'tauGamma[1,5,2,3]'     1e-06
560    'tauGamma[1,5,3,1]'     1e-06
561    'tauGamma[1,5,3,2]'     1e-06
562    'tauGamma[1,5,3,3]'     1e-06
563    'tauGamma[1,6,1,1]'     1e-06
564    'tauGamma[1,6,1,2]'     1e-06
565    'tauGamma[1,6,1,3]'     1e-06
566    'tauGamma[1,6,2,1]'     1e-06
567    'tauGamma[1,6,2,2]'     1e-06
568    'tauGamma[1,6,2,3]'     1e-06
569    'tauGamma[1,6,3,1]'     1e-06
570    'tauGamma[1,6,3,2]'     1e-06
571    'tauGamma[1,6,3,3]'     1e-06
572    'tauGamma[1,7,1,1]'     1e-06
573    'tauGamma[1,7,1,2]'     1e-06
574    'tauGamma[1,7,1,3]'     1e-06
575    'tauGamma[1,7,2,1]'     1e-06
576    'tauGamma[1,7,2,2]'     1e-06
577    'tauGamma[1,7,2,3]'     1e-06
578    'tauGamma[1,7,3,1]'     1e-06
579    'tauGamma[1,7,3,2]'     1e-06
580    'tauGamma[1,7,3,3]'     1e-06
581    'tauGamma[1,8,1,1]'     1e-06
582    'tauGamma[1,8,1,2]'     1e-06
583    'tauGamma[1,8,1,3]'     1e-06
584    'tauGamma[1,8,2,1]'     1e-06
585    'tauGamma[1,8,2,2]'     1e-06
586    'tauGamma[1,8,2,3]'     1e-06
587    'tauGamma[1,8,3,1]'     1e-06
588    'tauGamma[1,8,3,2]'     1e-06
589    'tauGamma[1,8,3,3]'     1e-06
590    'tauGamma[1,9,1,1]'     1e-06
591    'tauGamma[1,9,1,2]'     1e-06
592    'tauGamma[1,9,1,3]'     1e-06
593    'tauGamma[1,9,2,1]'     1e-06
594    'tauGamma[1,9,2,2]'     1e-06
595    'tauGamma[1,9,2,3]'     1e-06
596    'tauGamma[1,9,3,1]'     1e-06
597    'tauGamma[1,9,3,2]'     1e-06
598    'tauGamma[1,9,3,3]'     1e-06
599    'tauGamma[1,10,1,1]'    1e-06
600    'tauGamma[1,10,1,2]'    1e-06
601    'tauGamma[1,10,1,3]'    1e-06
602    'tauGamma[1,10,2,1]'    1e-06
603    'tauGamma[1,10,2,2]'    1e-06
604    'tauGamma[1,10,2,3]'    1e-06
605    'tauGamma[1,10,3,1]'    1e-06
606    'tauGamma[1,10,3,2]'    1e-06
607    'tauGamma[1,10,3,3]'    1e-06
608    'tauGamma[1,11,1,1]'    1e-06
609    'tauGamma[1,11,1,2]'    1e-06
610    'tauGamma[1,11,1,3]'    1e-06
611    'tauGamma[1,11,2,1]'    1e-06
612    'tauGamma[1,11,2,2]'    1e-06
613    'tauGamma[1,11,2,3]'    1e-06
614    'tauGamma[1,11,3,1]'    1e-06
615    'tauGamma[1,11,3,2]'    1e-06
616    'tauGamma[1,11,3,3]'    1e-06
617    'tauGamma[1,12,1,1]'    1e-06
618    'tauGamma[1,12,1,2]'    1e-06
619    'tauGamma[1,12,1,3]'    1e-06
620    'tauGamma[1,12,2,1]'    1e-06
621    'tauGamma[1,12,2,2]'    1e-06
622    'tauGamma[1,12,2,3]'    1e-06
623    'tauGamma[1,12,3,1]'    1e-06
624    'tauGamma[1,12,3,2]'    1e-06
625    'tauGamma[1,12,3,3]'    1e-06
626    'tauGamma[1,13,1,1]'    1e-06
627    'tauGamma[1,13,1,2]'    1e-06
628    'tauGamma[1,13,1,3]'    1e-06
629    'tauGamma[1,13,2,1]'    1e-06
630    'tauGamma[1,13,2,2]'    1e-06
631    'tauGamma[1,13,2,3]'    1e-06
632    'tauGamma[1,13,3,1]'    1e-06
633    'tauGamma[1,13,3,2]'    1e-06
634    'tauGamma[1,13,3,3]'    1e-06
635    'tauGamma[1,14,1,1]'    1e-06
636    'tauGamma[1,14,1,2]'    1e-06
637    'tauGamma[1,14,1,3]'    1e-06
638    'tauGamma[1,14,2,1]'    1e-06
639    'tauGamma[1,14,2,2]'    1e-06
640    'tauGamma[1,14,2,3]'    1e-06
641    'tauGamma[1,14,3,1]'    1e-06
642    'tauGamma[1,14,3,2]'    1e-06
643    'tauGamma[1,14,3,3]'    1e-06
644    'tauGamma[1,15,1,1]'    1e-06
645    'tauGamma[1,15,1,2]'    1e-06
646    'tauGamma[1,15,1,3]'    1e-06
647    'tauGamma[1,15,2,1]'    1e-06
648    'tauGamma[1,15,2,2]'    1e-06
649    'tauGamma[1,15,2,3]'    1e-06
650    'tauGamma[1,15,3,1]'    1e-06
651    'tauGamma[1,15,3,2]'    1e-06
652    'tauGamma[1,15,3,3]'    1e-06
653    'tauGamma[2,1,1,1]'     1e-06
654    'tauGamma[2,1,1,2]'     1e-06
655    'tauGamma[2,1,1,3]'     1e-06
656    'tauGamma[2,1,2,1]'     1e-06
657    'tauGamma[2,1,2,2]'     1e-06
658    'tauGamma[2,1,2,3]'     1e-06
659    'tauGamma[2,1,3,1]'     1e-06
660    'tauGamma[2,1,3,2]'     1e-06
661    'tauGamma[2,1,3,3]'     1e-06
662    'tauGamma[2,2,1,1]'     1e-06
663    'tauGamma[2,2,1,2]'     1e-06
664    'tauGamma[2,2,1,3]'     1e-06
665    'tauGamma[2,2,2,1]'     1e-06
666    'tauGamma[2,2,2,2]'     1e-06
667    'tauGamma[2,2,2,3]'     1e-06
668    'tauGamma[2,2,3,1]'     1e-06
669    'tauGamma[2,2,3,2]'     1e-06
670    'tauGamma[2,2,3,3]'     1e-06
671    'tauGamma[2,3,1,1]'     1e-06
672    'tauGamma[2,3,1,2]'     1e-06
673    'tauGamma[2,3,1,3]'     1e-06
674    'tauGamma[2,3,2,1]'     1e-06
675    'tauGamma[2,3,2,2]'     1e-06
676    'tauGamma[2,3,2,3]'     1e-06
677    'tauGamma[2,3,3,1]'     1e-06
678    'tauGamma[2,3,3,2]'     1e-06
679    'tauGamma[2,3,3,3]'     1e-06
680    'tauGamma[2,4,1,1]'     1e-06
681    'tauGamma[2,4,1,2]'     1e-06
682    'tauGamma[2,4,1,3]'     1e-06
683    'tauGamma[2,4,2,1]'     1e-06
684    'tauGamma[2,4,2,2]'     1e-06
685    'tauGamma[2,4,2,3]'     1e-06
686    'tauGamma[2,4,3,1]'     1e-06
687    'tauGamma[2,4,3,2]'     1e-06
688    'tauGamma[2,4,3,3]'     1e-06
689    'tauGamma[2,5,1,1]'     1e-06
690    'tauGamma[2,5,1,2]'     1e-06
691    'tauGamma[2,5,1,3]'     1e-06
692    'tauGamma[2,5,2,1]'     1e-06
693    'tauGamma[2,5,2,2]'     1e-06
694    'tauGamma[2,5,2,3]'     1e-06
695    'tauGamma[2,5,3,1]'     1e-06
696    'tauGamma[2,5,3,2]'     1e-06
697    'tauGamma[2,5,3,3]'     1e-06
698    'tauGamma[2,6,1,1]'     1e-06
699    'tauGamma[2,6,1,2]'     1e-06
700    'tauGamma[2,6,1,3]'     1e-06
701    'tauGamma[2,6,2,1]'     1e-06
702    'tauGamma[2,6,2,2]'     1e-06
703    'tauGamma[2,6,2,3]'     1e-06
704    'tauGamma[2,6,3,1]'     1e-06
705    'tauGamma[2,6,3,2]'     1e-06
706    'tauGamma[2,6,3,3]'     1e-06
707    'tauGamma[2,7,1,1]'     1e-06
708    'tauGamma[2,7,1,2]'     1e-06
709    'tauGamma[2,7,1,3]'     1e-06
710    'tauGamma[2,7,2,1]'     1e-06
711    'tauGamma[2,7,2,2]'     1e-06
712    'tauGamma[2,7,2,3]'     1e-06
713    'tauGamma[2,7,3,1]'     1e-06
714    'tauGamma[2,7,3,2]'     1e-06
715    'tauGamma[2,7,3,3]'     1e-06
716    'tauGamma[2,8,1,1]'     1e-06
717    'tauGamma[2,8,1,2]'     1e-06
718    'tauGamma[2,8,1,3]'     1e-06
719    'tauGamma[2,8,2,1]'     1e-06
720    'tauGamma[2,8,2,2]'     1e-06
721    'tauGamma[2,8,2,3]'     1e-06
722    'tauGamma[2,8,3,1]'     1e-06
723    'tauGamma[2,8,3,2]'     1e-06
724    'tauGamma[2,8,3,3]'     1e-06
725    'tauGamma[2,9,1,1]'     1e-06
726    'tauGamma[2,9,1,2]'     1e-06
727    'tauGamma[2,9,1,3]'     1e-06
728    'tauGamma[2,9,2,1]'     1e-06
729    'tauGamma[2,9,2,2]'     1e-06
730    'tauGamma[2,9,2,3]'     1e-06
731    'tauGamma[2,9,3,1]'     1e-06
732    'tauGamma[2,9,3,2]'     1e-06
733    'tauGamma[2,9,3,3]'     1e-06
734    'tauGamma[2,10,1,1]'    1e-06
735    'tauGamma[2,10,1,2]'    1e-06
736    'tauGamma[2,10,1,3]'    1e-06
737    'tauGamma[2,10,2,1]'    1e-06
738    'tauGamma[2,10,2,2]'    1e-06
739    'tauGamma[2,10,2,3]'    1e-06
740    'tauGamma[2,10,3,1]'    1e-06
741    'tauGamma[2,10,3,2]'    1e-06
742    'tauGamma[2,10,3,3]'    1e-06
743    'tauGamma[2,11,1,1]'    1e-06
744    'tauGamma[2,11,1,2]'    1e-06
745    'tauGamma[2,11,1,3]'    1e-06
746    'tauGamma[2,11,2,1]'    1e-06
747    'tauGamma[2,11,2,2]'    1e-06
748    'tauGamma[2,11,2,3]'    1e-06
749    'tauGamma[2,11,3,1]'    1e-06
750    'tauGamma[2,11,3,2]'    1e-06
751    'tauGamma[2,11,3,3]'    1e-06
752    'tauGamma[2,12,1,1]'    1e-06
753    'tauGamma[2,12,1,2]'    1e-06
754    'tauGamma[2,12,1,3]'    1e-06
755    'tauGamma[2,12,2,1]'    1e-06
756    'tauGamma[2,12,2,2]'    1e-06
757    'tauGamma[2,12,2,3]'    1e-06
758    'tauGamma[2,12,3,1]'    1e-06
759    'tauGamma[2,12,3,2]'    1e-06
760    'tauGamma[2,12,3,3]'    1e-06
761    'tauGamma[2,13,1,1]'    1e-06
762    'tauGamma[2,13,1,2]'    1e-06
763    'tauGamma[2,13,1,3]'    1e-06
764    'tauGamma[2,13,2,1]'    1e-06
765    'tauGamma[2,13,2,2]'    1e-06
766    'tauGamma[2,13,2,3]'    1e-06
767    'tauGamma[2,13,3,1]'    1e-06
768    'tauGamma[2,13,3,2]'    1e-06
769    'tauGamma[2,13,3,3]'    1e-06
770    'tauGamma[2,14,1,1]'    1e-06
771    'tauGamma[2,14,1,2]'    1e-06
772    'tauGamma[2,14,1,3]'    1e-06
773    'tauGamma[2,14,2,1]'    1e-06
774    'tauGamma[2,14,2,2]'    1e-06
775    'tauGamma[2,14,2,3]'    1e-06
776    'tauGamma[2,14,3,1]'    1e-06
777    'tauGamma[2,14,3,2]'    1e-06
778    'tauGamma[2,14,3,3]'    1e-06
779    'tauGamma[2,15,1,1]'    1e-06
780    'tauGamma[2,15,1,2]'    1e-06
781    'tauGamma[2,15,1,3]'    1e-06
782    'tauGamma[2,15,2,1]'    1e-06
783    'tauGamma[2,15,2,2]'    1e-06
784    'tauGamma[2,15,2,3]'    1e-06
785    'tauGamma[2,15,3,1]'    1e-06
786    'tauGamma[2,15,3,2]'    1e-06
787    'tauGamma[2,15,3,3]'    1e-06
788    'PGamma[1,1,1,1]'           1
789    'PGamma[1,1,1,2]'           1
790    'PGamma[1,1,1,3]'           1
791    'PGamma[1,1,2,1]'           1
792    'PGamma[1,1,2,2]'           1
793    'PGamma[1,1,2,3]'           1
794    'PGamma[1,1,3,1]'           1
795    'PGamma[1,1,3,2]'           1
796    'PGamma[1,1,3,3]'           1
797    'PGamma[1,2,1,1]'           1
798    'PGamma[1,2,1,2]'           1
799    'PGamma[1,2,1,3]'           1
800    'PGamma[1,2,2,1]'           1
801    'PGamma[1,2,2,2]'           1
802    'PGamma[1,2,2,3]'           1
803    'PGamma[1,2,3,1]'           1
804    'PGamma[1,2,3,2]'           1
805    'PGamma[1,2,3,3]'           1
806    'PGamma[1,3,1,1]'           1
807    'PGamma[1,3,1,2]'           1
808    'PGamma[1,3,1,3]'           1
809    'PGamma[1,3,2,1]'           1
810    'PGamma[1,3,2,2]'           1
811    'PGamma[1,3,2,3]'           1
812    'PGamma[1,3,3,1]'           1
813    'PGamma[1,3,3,2]'           1
814    'PGamma[1,3,3,3]'           1
815    'PGamma[1,4,1,1]'           1
816    'PGamma[1,4,1,2]'           1
817    'PGamma[1,4,1,3]'           1
818    'PGamma[1,4,2,1]'           1
819    'PGamma[1,4,2,2]'           1
820    'PGamma[1,4,2,3]'           1
821    'PGamma[1,4,3,1]'           1
822    'PGamma[1,4,3,2]'           1
823    'PGamma[1,4,3,3]'           1
824    'PGamma[1,5,1,1]'           1
825    'PGamma[1,5,1,2]'           1
826    'PGamma[1,5,1,3]'           1
827    'PGamma[1,5,2,1]'           1
828    'PGamma[1,5,2,2]'           1
829    'PGamma[1,5,2,3]'           1
830    'PGamma[1,5,3,1]'           1
831    'PGamma[1,5,3,2]'           1
832    'PGamma[1,5,3,3]'           1
833    'PGamma[1,6,1,1]'           1
834    'PGamma[1,6,1,2]'           1
835    'PGamma[1,6,1,3]'           1
836    'PGamma[1,6,2,1]'           1
837    'PGamma[1,6,2,2]'           1
838    'PGamma[1,6,2,3]'           1
839    'PGamma[1,6,3,1]'           1
840    'PGamma[1,6,3,2]'           1
841    'PGamma[1,6,3,3]'           1
842    'PGamma[1,7,1,1]'           1
843    'PGamma[1,7,1,2]'           1
844    'PGamma[1,7,1,3]'           1
845    'PGamma[1,7,2,1]'           1
846    'PGamma[1,7,2,2]'           1
847    'PGamma[1,7,2,3]'           1
848    'PGamma[1,7,3,1]'           1
849    'PGamma[1,7,3,2]'           1
850    'PGamma[1,7,3,3]'           1
851    'PGamma[1,8,1,1]'           1
852    'PGamma[1,8,1,2]'           1
853    'PGamma[1,8,1,3]'           1
854    'PGamma[1,8,2,1]'           1
855    'PGamma[1,8,2,2]'           1
856    'PGamma[1,8,2,3]'           1
857    'PGamma[1,8,3,1]'           1
858    'PGamma[1,8,3,2]'           1
859    'PGamma[1,8,3,3]'           1
860    'PGamma[1,9,1,1]'           1
861    'PGamma[1,9,1,2]'           1
862    'PGamma[1,9,1,3]'           1
863    'PGamma[1,9,2,1]'           1
864    'PGamma[1,9,2,2]'           1
865    'PGamma[1,9,2,3]'           1
866    'PGamma[1,9,3,1]'           1
867    'PGamma[1,9,3,2]'           1
868    'PGamma[1,9,3,3]'           1
869    'PGamma[1,10,1,1]'          1
870    'PGamma[1,10,1,2]'          1
871    'PGamma[1,10,1,3]'          1
872    'PGamma[1,10,2,1]'          1
873    'PGamma[1,10,2,2]'          1
874    'PGamma[1,10,2,3]'          1
875    'PGamma[1,10,3,1]'          1
876    'PGamma[1,10,3,2]'          1
877    'PGamma[1,10,3,3]'          1
878    'PGamma[1,11,1,1]'          1
879    'PGamma[1,11,1,2]'          1
880    'PGamma[1,11,1,3]'          1
881    'PGamma[1,11,2,1]'          1
882    'PGamma[1,11,2,2]'          1
883    'PGamma[1,11,2,3]'          1
884    'PGamma[1,11,3,1]'          1
885    'PGamma[1,11,3,2]'          1
886    'PGamma[1,11,3,3]'          1
887    'PGamma[1,12,1,1]'          1
888    'PGamma[1,12,1,2]'          1
889    'PGamma[1,12,1,3]'          1
890    'PGamma[1,12,2,1]'          1
891    'PGamma[1,12,2,2]'          1
892    'PGamma[1,12,2,3]'          1
893    'PGamma[1,12,3,1]'          1
894    'PGamma[1,12,3,2]'          1
895    'PGamma[1,12,3,3]'          1
896    'PGamma[1,13,1,1]'          1
897    'PGamma[1,13,1,2]'          1
898    'PGamma[1,13,1,3]'          1
899    'PGamma[1,13,2,1]'          1
900    'PGamma[1,13,2,2]'          1
901    'PGamma[1,13,2,3]'          1
902    'PGamma[1,13,3,1]'          1
903    'PGamma[1,13,3,2]'          1
904    'PGamma[1,13,3,3]'          1
905    'PGamma[1,14,1,1]'          1
906    'PGamma[1,14,1,2]'          1
907    'PGamma[1,14,1,3]'          1
908    'PGamma[1,14,2,1]'          1
909    'PGamma[1,14,2,2]'          1
910    'PGamma[1,14,2,3]'          1
911    'PGamma[1,14,3,1]'          1
912    'PGamma[1,14,3,2]'          1
913    'PGamma[1,14,3,3]'          1
914    'PGamma[1,15,1,1]'          1
915    'PGamma[1,15,1,2]'          1
916    'PGamma[1,15,1,3]'          1
917    'PGamma[1,15,2,1]'          1
918    'PGamma[1,15,2,2]'          1
919    'PGamma[1,15,2,3]'          1
920    'PGamma[1,15,3,1]'          1
921    'PGamma[1,15,3,2]'          1
922    'PGamma[1,15,3,3]'          1
923    'PGamma[2,1,1,1]'           1
924    'PGamma[2,1,1,2]'           1
925    'PGamma[2,1,1,3]'           1
926    'PGamma[2,1,2,1]'           1
927    'PGamma[2,1,2,2]'           1
928    'PGamma[2,1,2,3]'           1
929    'PGamma[2,1,3,1]'           1
930    'PGamma[2,1,3,2]'           1
931    'PGamma[2,1,3,3]'           1
932    'PGamma[2,2,1,1]'           1
933    'PGamma[2,2,1,2]'           1
934    'PGamma[2,2,1,3]'           1
935    'PGamma[2,2,2,1]'           1
936    'PGamma[2,2,2,2]'           1
937    'PGamma[2,2,2,3]'           1
938    'PGamma[2,2,3,1]'           1
939    'PGamma[2,2,3,2]'           1
940    'PGamma[2,2,3,3]'           1
941    'PGamma[2,3,1,1]'           1
942    'PGamma[2,3,1,2]'           1
943    'PGamma[2,3,1,3]'           1
944    'PGamma[2,3,2,1]'           1
945    'PGamma[2,3,2,2]'           1
946    'PGamma[2,3,2,3]'           1
947    'PGamma[2,3,3,1]'           1
948    'PGamma[2,3,3,2]'           1
949    'PGamma[2,3,3,3]'           1
950    'PGamma[2,4,1,1]'           1
951    'PGamma[2,4,1,2]'           1
952    'PGamma[2,4,1,3]'           1
953    'PGamma[2,4,2,1]'           1
954    'PGamma[2,4,2,2]'           1
955    'PGamma[2,4,2,3]'           1
956    'PGamma[2,4,3,1]'           1
957    'PGamma[2,4,3,2]'           1
958    'PGamma[2,4,3,3]'           1
959    'PGamma[2,5,1,1]'           1
960    'PGamma[2,5,1,2]'           1
961    'PGamma[2,5,1,3]'           1
962    'PGamma[2,5,2,1]'           1
963    'PGamma[2,5,2,2]'           1
964    'PGamma[2,5,2,3]'           1
965    'PGamma[2,5,3,1]'           1
966    'PGamma[2,5,3,2]'           1
967    'PGamma[2,5,3,3]'           1
968    'PGamma[2,6,1,1]'           1
969    'PGamma[2,6,1,2]'           1
970    'PGamma[2,6,1,3]'           1
971    'PGamma[2,6,2,1]'           1
972    'PGamma[2,6,2,2]'           1
973    'PGamma[2,6,2,3]'           1
974    'PGamma[2,6,3,1]'           1
975    'PGamma[2,6,3,2]'           1
976    'PGamma[2,6,3,3]'           1
977    'PGamma[2,7,1,1]'           1
978    'PGamma[2,7,1,2]'           1
979    'PGamma[2,7,1,3]'           1
980    'PGamma[2,7,2,1]'           1
981    'PGamma[2,7,2,2]'           1
982    'PGamma[2,7,2,3]'           1
983    'PGamma[2,7,3,1]'           1
984    'PGamma[2,7,3,2]'           1
985    'PGamma[2,7,3,3]'           1
986    'PGamma[2,8,1,1]'           1
987    'PGamma[2,8,1,2]'           1
988    'PGamma[2,8,1,3]'           1
989    'PGamma[2,8,2,1]'           1
990    'PGamma[2,8,2,2]'           1
991    'PGamma[2,8,2,3]'           1
992    'PGamma[2,8,3,1]'           1
993    'PGamma[2,8,3,2]'           1
994    'PGamma[2,8,3,3]'           1
995    'PGamma[2,9,1,1]'           1
996    'PGamma[2,9,1,2]'           1
997    'PGamma[2,9,1,3]'           1
998    'PGamma[2,9,2,1]'           1
999    'PGamma[2,9,2,2]'           1
1000   'PGamma[2,9,2,3]'           1
1001   'PGamma[2,9,3,1]'           1
1002   'PGamma[2,9,3,2]'           1
1003   'PGamma[2,9,3,3]'           1
1004   'PGamma[2,10,1,1]'          1
1005   'PGamma[2,10,1,2]'          1
1006   'PGamma[2,10,1,3]'          1
1007   'PGamma[2,10,2,1]'          1
1008   'PGamma[2,10,2,2]'          1
1009   'PGamma[2,10,2,3]'          1
1010   'PGamma[2,10,3,1]'          1
1011   'PGamma[2,10,3,2]'          1
1012   'PGamma[2,10,3,3]'          1
1013   'PGamma[2,11,1,1]'          1
1014   'PGamma[2,11,1,2]'          1
1015   'PGamma[2,11,1,3]'          1
1016   'PGamma[2,11,2,1]'          1
1017   'PGamma[2,11,2,2]'          1
1018   'PGamma[2,11,2,3]'          1
1019   'PGamma[2,11,3,1]'          1
1020   'PGamma[2,11,3,2]'          1
1021   'PGamma[2,11,3,3]'          1
1022   'PGamma[2,12,1,1]'          1
1023   'PGamma[2,12,1,2]'          1
1024   'PGamma[2,12,1,3]'          1
1025   'PGamma[2,12,2,1]'          1
1026   'PGamma[2,12,2,2]'          1
1027   'PGamma[2,12,2,3]'          1
1028   'PGamma[2,12,3,1]'          1
1029   'PGamma[2,12,3,2]'          1
1030   'PGamma[2,12,3,3]'          1
1031   'PGamma[2,13,1,1]'          1
1032   'PGamma[2,13,1,2]'          1
1033   'PGamma[2,13,1,3]'          1
1034   'PGamma[2,13,2,1]'          1
1035   'PGamma[2,13,2,2]'          1
1036   'PGamma[2,13,2,3]'          1
1037   'PGamma[2,13,3,1]'          1
1038   'PGamma[2,13,3,2]'          1
1039   'PGamma[2,13,3,3]'          1
1040   'PGamma[2,14,1,1]'          1
1041   'PGamma[2,14,1,2]'          1
1042   'PGamma[2,14,1,3]'          1
1043   'PGamma[2,14,2,1]'          1
1044   'PGamma[2,14,2,2]'          1
1045   'PGamma[2,14,2,3]'          1
1046   'PGamma[2,14,3,1]'          1
1047   'PGamma[2,14,3,2]'          1
1048   'PGamma[2,14,3,3]'          1
1049   'PGamma[2,15,1,1]'          1
1050   'PGamma[2,15,1,2]'          1
1051   'PGamma[2,15,1,3]'          1
1052   'PGamma[2,15,2,1]'          1
1053   'PGamma[2,15,2,2]'          1
1054   'PGamma[2,15,2,3]'          1
1055   'PGamma[2,15,3,1]'          1
1056   'PGamma[2,15,3,2]'          1
1057   'PGamma[2,15,3,3]'          1
1058   'SGamma1[1,1,1]'        1e-06
1059   'SGamma1[1,1,2]'        1e-06
1060   'SGamma1[1,1,3]'        1e-06
1061   'SGamma1[1,2,1]'        1e-06
1062   'SGamma1[1,2,2]'        1e-06
1063   'SGamma1[1,2,3]'        1e-06
1064   'SGamma1[1,3,1]'        1e-06
1065   'SGamma1[1,3,2]'        1e-06
1066   'SGamma1[1,3,3]'        1e-06
1067   'SGamma1[1,4,1]'        1e-06
1068   'SGamma1[1,4,2]'        1e-06
1069   'SGamma1[1,4,3]'        1e-06
1070   'SGamma1[1,5,1]'        1e-06
1071   'SGamma1[1,5,2]'        1e-06
1072   'SGamma1[1,5,3]'        1e-06
1073   'SGamma1[1,6,1]'        1e-06
1074   'SGamma1[1,6,2]'        1e-06
1075   'SGamma1[1,6,3]'        1e-06
1076   'SGamma1[1,7,1]'        1e-06
1077   'SGamma1[1,7,2]'        1e-06
1078   'SGamma1[1,7,3]'        1e-06
1079   'SGamma1[1,8,1]'        1e-06
1080   'SGamma1[1,8,2]'        1e-06
1081   'SGamma1[1,8,3]'        1e-06
1082   'SGamma1[1,9,1]'        1e-06
1083   'SGamma1[1,9,2]'        1e-06
1084   'SGamma1[1,9,3]'        1e-06
1085   'SGamma1[1,10,1]'       1e-06
1086   'SGamma1[1,10,2]'       1e-06
1087   'SGamma1[1,10,3]'       1e-06
1088   'SGamma1[1,11,1]'       1e-06
1089   'SGamma1[1,11,2]'       1e-06
1090   'SGamma1[1,11,3]'       1e-06
1091   'SGamma1[1,12,1]'       1e-06
1092   'SGamma1[1,12,2]'       1e-06
1093   'SGamma1[1,12,3]'       1e-06
1094   'SGamma1[1,13,1]'       1e-06
1095   'SGamma1[1,13,2]'       1e-06
1096   'SGamma1[1,13,3]'       1e-06
1097   'SGamma1[1,14,1]'       1e-06
1098   'SGamma1[1,14,2]'       1e-06
1099   'SGamma1[1,14,3]'       1e-06
1100   'SGamma1[1,15,1]'       1e-06
1101   'SGamma1[1,15,2]'       1e-06
1102   'SGamma1[1,15,3]'       1e-06
1103   'SGamma1[2,1,1]'        1e-06
1104   'SGamma1[2,1,2]'        1e-06
1105   'SGamma1[2,1,3]'        1e-06
1106   'SGamma1[2,2,1]'        1e-06
1107   'SGamma1[2,2,2]'        1e-06
1108   'SGamma1[2,2,3]'        1e-06
1109   'SGamma1[2,3,1]'        1e-06
1110   'SGamma1[2,3,2]'        1e-06
1111   'SGamma1[2,3,3]'        1e-06
1112   'SGamma1[2,4,1]'        1e-06
1113   'SGamma1[2,4,2]'        1e-06
1114   'SGamma1[2,4,3]'        1e-06
1115   'SGamma1[2,5,1]'        1e-06
1116   'SGamma1[2,5,2]'        1e-06
1117   'SGamma1[2,5,3]'        1e-06
1118   'SGamma1[2,6,1]'        1e-06
1119   'SGamma1[2,6,2]'        1e-06
1120   'SGamma1[2,6,3]'        1e-06
1121   'SGamma1[2,7,1]'        1e-06
1122   'SGamma1[2,7,2]'        1e-06
1123   'SGamma1[2,7,3]'        1e-06
1124   'SGamma1[2,8,1]'        1e-06
1125   'SGamma1[2,8,2]'        1e-06
1126   'SGamma1[2,8,3]'        1e-06
1127   'SGamma1[2,9,1]'        1e-06
1128   'SGamma1[2,9,2]'        1e-06
1129   'SGamma1[2,9,3]'        1e-06
1130   'SGamma1[2,10,1]'       1e-06
1131   'SGamma1[2,10,2]'       1e-06
1132   'SGamma1[2,10,3]'       1e-06
1133   'SGamma1[2,11,1]'       1e-06
1134   'SGamma1[2,11,2]'       1e-06
1135   'SGamma1[2,11,3]'       1e-06
1136   'SGamma1[2,12,1]'       1e-06
1137   'SGamma1[2,12,2]'       1e-06
1138   'SGamma1[2,12,3]'       1e-06
1139   'SGamma1[2,13,1]'       1e-06
1140   'SGamma1[2,13,2]'       1e-06
1141   'SGamma1[2,13,3]'       1e-06
1142   'SGamma1[2,14,1]'       1e-06
1143   'SGamma1[2,14,2]'       1e-06
1144   'SGamma1[2,14,3]'       1e-06
1145   'SGamma1[2,15,1]'       1e-06
1146   'SGamma1[2,15,2]'       1e-06
1147   'SGamma1[2,15,3]'       1e-06
1148   'SGamma2[1,1,1]'            1
1149   'SGamma2[1,1,2]'            1
1150   'SGamma2[1,1,3]'            1
1151   'SGamma2[1,2,1]'            1
1152   'SGamma2[1,2,2]'            1
1153   'SGamma2[1,2,3]'            1
1154   'SGamma2[1,3,1]'            1
1155   'SGamma2[1,3,2]'            1
1156   'SGamma2[1,3,3]'            1
1157   'SGamma2[1,4,1]'            1
1158   'SGamma2[1,4,2]'            1
1159   'SGamma2[1,4,3]'            1
1160   'SGamma2[1,5,1]'            1
1161   'SGamma2[1,5,2]'            1
1162   'SGamma2[1,5,3]'            1
1163   'SGamma2[1,6,1]'            1
1164   'SGamma2[1,6,2]'            1
1165   'SGamma2[1,6,3]'            1
1166   'SGamma2[1,7,1]'            1
1167   'SGamma2[1,7,2]'            1
1168   'SGamma2[1,7,3]'            1
1169   'SGamma2[1,8,1]'            1
1170   'SGamma2[1,8,2]'            1
1171   'SGamma2[1,8,3]'            1
1172   'SGamma2[1,9,1]'            1
1173   'SGamma2[1,9,2]'            1
1174   'SGamma2[1,9,3]'            1
1175   'SGamma2[1,10,1]'           1
1176   'SGamma2[1,10,2]'           1
1177   'SGamma2[1,10,3]'           1
1178   'SGamma2[1,11,1]'           1
1179   'SGamma2[1,11,2]'           1
1180   'SGamma2[1,11,3]'           1
1181   'SGamma2[1,12,1]'           1
1182   'SGamma2[1,12,2]'           1
1183   'SGamma2[1,12,3]'           1
1184   'SGamma2[1,13,1]'           1
1185   'SGamma2[1,13,2]'           1
1186   'SGamma2[1,13,3]'           1
1187   'SGamma2[1,14,1]'           1
1188   'SGamma2[1,14,2]'           1
1189   'SGamma2[1,14,3]'           1
1190   'SGamma2[1,15,1]'           1
1191   'SGamma2[1,15,2]'           1
1192   'SGamma2[1,15,3]'           1
1193   'SGamma2[2,1,1]'            1
1194   'SGamma2[2,1,2]'            1
1195   'SGamma2[2,1,3]'            1
1196   'SGamma2[2,2,1]'            1
1197   'SGamma2[2,2,2]'            1
1198   'SGamma2[2,2,3]'            1
1199   'SGamma2[2,3,1]'            1
1200   'SGamma2[2,3,2]'            1
1201   'SGamma2[2,3,3]'            1
1202   'SGamma2[2,4,1]'            1
1203   'SGamma2[2,4,2]'            1
1204   'SGamma2[2,4,3]'            1
1205   'SGamma2[2,5,1]'            1
1206   'SGamma2[2,5,2]'            1
1207   'SGamma2[2,5,3]'            1
1208   'SGamma2[2,6,1]'            1
1209   'SGamma2[2,6,2]'            1
1210   'SGamma2[2,6,3]'            1
1211   'SGamma2[2,7,1]'            1
1212   'SGamma2[2,7,2]'            1
1213   'SGamma2[2,7,3]'            1
1214   'SGamma2[2,8,1]'            1
1215   'SGamma2[2,8,2]'            1
1216   'SGamma2[2,8,3]'            1
1217   'SGamma2[2,9,1]'            1
1218   'SGamma2[2,9,2]'            1
1219   'SGamma2[2,9,3]'            1
1220   'SGamma2[2,10,1]'           1
1221   'SGamma2[2,10,2]'           1
1222   'SGamma2[2,10,3]'           1
1223   'SGamma2[2,11,1]'           1
1224   'SGamma2[2,11,2]'           1
1225   'SGamma2[2,11,3]'           1
1226   'SGamma2[2,12,1]'           1
1227   'SGamma2[2,12,2]'           1
1228   'SGamma2[2,12,3]'           1
1229   'SGamma2[2,13,1]'           1
1230   'SGamma2[2,13,2]'           1
1231   'SGamma2[2,13,3]'           1
1232   'SGamma2[2,14,1]'           1
1233   'SGamma2[2,14,2]'           1
1234   'SGamma2[2,14,3]'           1
1235   'SGamma2[2,15,1]'           1
1236   'SGamma2[2,15,2]'           1
1237   'SGamma2[2,15,3]'           1
1238   'gamma[1,1,1]'              1
1239   'gamma[1,1,2]'              1
1240   'gamma[1,1,3]'              1
1241   'gamma[1,2,1]'              1
1242   'gamma[1,2,2]'              1
1243   'gamma[1,2,3]'              1
1244   'gamma[1,3,1]'              1
1245   'gamma[1,3,2]'              1
1246   'gamma[1,3,3]'              1
1247   'gamma[1,4,1]'              1
1248   'gamma[1,4,2]'              1
1249   'gamma[1,4,3]'              1
1250   'gamma[1,5,1]'              1
1251   'gamma[1,5,2]'              1
1252   'gamma[1,5,3]'              1
1253   'gamma[1,6,1]'              1
1254   'gamma[1,6,2]'              1
1255   'gamma[1,6,3]'              1
1256   'gamma[1,7,1]'              1
1257   'gamma[1,7,2]'              1
1258   'gamma[1,7,3]'              1
1259   'gamma[1,8,1]'              1
1260   'gamma[1,8,2]'              1
1261   'gamma[1,8,3]'              1
1262   'gamma[1,9,1]'              1
1263   'gamma[1,9,2]'              1
1264   'gamma[1,9,3]'              1
1265   'gamma[1,10,1]'             1
1266   'gamma[1,10,2]'             1
1267   'gamma[1,10,3]'             1
1268   'gamma[1,11,1]'             1
1269   'gamma[1,11,2]'             1
1270   'gamma[1,11,3]'             1
1271   'gamma[1,12,1]'             1
1272   'gamma[1,12,2]'             1
1273   'gamma[1,12,3]'             1
1274   'gamma[1,13,1]'             1
1275   'gamma[1,13,2]'             1
1276   'gamma[1,13,3]'             1
1277   'gamma[1,14,1]'             1
1278   'gamma[1,14,2]'             1
1279   'gamma[1,14,3]'             1
1280   'gamma[1,15,1]'             1
1281   'gamma[1,15,2]'             1
1282   'gamma[1,15,3]'             1
1283   'gamma[2,1,1]'              1
1284   'gamma[2,1,2]'              1
1285   'gamma[2,1,3]'              1
1286   'gamma[2,2,1]'              1
1287   'gamma[2,2,2]'              1
1288   'gamma[2,2,3]'              1
1289   'gamma[2,3,1]'              1
1290   'gamma[2,3,2]'              1
1291   'gamma[2,3,3]'              1
1292   'gamma[2,4,1]'              1
1293   'gamma[2,4,2]'              1
1294   'gamma[2,4,3]'              1
1295   'gamma[2,5,1]'              1
1296   'gamma[2,5,2]'              1
1297   'gamma[2,5,3]'              1
1298   'gamma[2,6,1]'              1
1299   'gamma[2,6,2]'              1
1300   'gamma[2,6,3]'              1
1301   'gamma[2,7,1]'              1
1302   'gamma[2,7,2]'              1
1303   'gamma[2,7,3]'              1
1304   'gamma[2,8,1]'              1
1305   'gamma[2,8,2]'              1
1306   'gamma[2,8,3]'              1
1307   'gamma[2,9,1]'              1
1308   'gamma[2,9,2]'              1
1309   'gamma[2,9,3]'              1
1310   'gamma[2,10,1]'             1
1311   'gamma[2,10,2]'             1
1312   'gamma[2,10,3]'             1
1313   'gamma[2,11,1]'             1
1314   'gamma[2,11,2]'             1
1315   'gamma[2,11,3]'             1
1316   'gamma[2,12,1]'             1
1317   'gamma[2,12,2]'             1
1318   'gamma[2,12,3]'             1
1319   'gamma[2,13,1]'             1
1320   'gamma[2,13,2]'             1
1321   'gamma[2,13,3]'             1
1322   'gamma[2,14,1]'             1
1323   'gamma[2,14,2]'             1
1324   'gamma[2,14,3]'             1
1325   'gamma[2,15,1]'             1
1326   'gamma[2,15,2]'             1
1327   'gamma[2,15,3]'             1
1328   'PrS[1,1,1]'           981363
1329   'PrS[1,1,2]'           550329
1330   'PrS[1,1,3]'           187434
1331   'PrS[1,2,1]'           908772
1332   'PrS[1,2,2]'           506145
1333   'PrS[1,2,3]'           169722
1334   'PrS[1,3,1]'           799374
1335   'PrS[1,3,2]'           440045
1336   'PrS[1,3,3]'           143698
1337   'PrS[1,4,1]'           676817
1338   'PrS[1,4,2]'           366803
1339   'PrS[1,4,3]'           115631
1340   'PrS[1,5,1]'           576117
1341   'PrS[1,5,2]'           307391
1342   'PrS[1,5,3]'            93571.2
1343   'PrS[1,6,1]'           508241
1344   'PrS[1,6,2]'           267814
1345   'PrS[1,6,3]'            79293.3
1346   'PrS[1,7,1]'           461084
1347   'PrS[1,7,2]'           240576
1348   'PrS[1,7,3]'            69690.3
1349   'PrS[1,8,1]'           420438
1350   'PrS[1,8,2]'           217293
1351   'PrS[1,8,3]'            61642.8
1352   'PrS[1,9,1]'           414920
1353   'PrS[1,9,2]'           214147
1354   'PrS[1,9,3]'            60567.6
1355   'PrS[1,10,1]'          406774
1356   'PrS[1,10,2]'          209510
1357   'PrS[1,10,3]'           58988.4
1358   'PrS[1,11,1]'          395586
1359   'PrS[1,11,2]'          203154
1360   'PrS[1,11,3]'           56835.1
1361   'PrS[1,12,1]'          381636
1362   'PrS[1,12,2]'          195252
1363   'PrS[1,12,3]'           54176.1
1364   'PrS[1,13,1]'          365984
1365   'PrS[1,13,2]'          186418
1366   'PrS[1,13,3]'           51228.1
1367   'PrS[1,14,1]'          349183
1368   'PrS[1,14,2]'          176973
1369   'PrS[1,14,3]'           48106.8
1370   'PrS[1,15,1]'          327321
1371   'PrS[1,15,2]'          164747
1372   'PrS[1,15,3]'           44115.2
1373   'PrS[2,1,1]'           378788
1374   'PrS[2,1,2]'           193642
1375   'PrS[2,1,3]'            53636.9
1376   'PrS[2,2,1]'           364816
1377   'PrS[2,2,2]'           185760
1378   'PrS[2,2,3]'            51009.7
1379   'PrS[2,3,1]'           351417
1380   'PrS[2,3,2]'           178226
1381   'PrS[2,3,3]'            48519.2
1382   'PrS[2,4,1]'           337839
1383   'PrS[2,4,2]'           170620
1384   'PrS[2,4,3]'            46025.5
1385   'PrS[2,5,1]'           324826
1386   'PrS[2,5,2]'           163356
1387   'PrS[2,5,3]'            43664.8
1388   'PrS[2,6,1]'           313229
1389   'PrS[2,6,2]'           156906
1390   'PrS[2,6,3]'            41586
1391   'PrS[2,7,1]'           303575
1392   'PrS[2,7,2]'           151554
1393   'PrS[2,7,3]'            39874
1394   'PrS[2,8,1]'           295991
1395   'PrS[2,8,2]'           147361
1396   'PrS[2,8,3]'            38541
1397   'PrS[2,9,1]'           290299
1398   'PrS[2,9,2]'           144221
1399   'PrS[2,9,3]'            37547.9
1400   'PrS[2,10,1]'          286175
1401   'PrS[2,10,2]'          141949
1402   'PrS[2,10,3]'           36832
1403   'PrS[2,11,1]'          283260
1404   'PrS[2,11,2]'          140346
1405   'PrS[2,11,3]'           36328.2
1406   'PrS[2,12,1]'          274327
1407   'PrS[2,12,2]'          135442
1408   'PrS[2,12,3]'           34794.4
1409   'PrS[2,13,1]'          262990
1410   'PrS[2,13,2]'          129239
1411   'PrS[2,13,3]'           32870.8
1412   'PrS[2,14,1]'          249010
1413   'PrS[2,14,2]'          121628
1414   'PrS[2,14,3]'           30535.9
1415   'PrS[2,15,1]'          233632
1416   'PrS[2,15,2]'          113305
1417   'PrS[2,15,3]'           28016.8
1418   'PrSF[1]'              371002
1419   'PrSF[2]'              189246
1420   'PrSF[3]'               52169.1
1421   Vap                       342.103
1422   Sep                       160
;

