solve_message =
'Knitro 10.3.0: Relative change in infeasible solution estimate < xtol for xtol_iters.\
objective 5.122984045237123e-11; feasibility error 1.35\
64 iterations; 97 function evaluations'

:      _varname         _var         :=
1     'F[2]'          0
2     'F[3]'          0
3     'F[4]'          0
4     'F[5]'          0
5     'F[6]'          0
6     'F[7]'          0
7     'F[8]'        100
8     'F[9]'          0
9     'F[10]'         0
10    'F[11]'         0
11    'F[12]'         0
12    'F[13]'         0
13    'F[14]'         0
14    'Vs[1]'         5.17742e-11
15    'Vs[2]'        -5.44315e-13
16    'y[1,1,1]'      0.595013
17    'y[1,1,2]'      0.305251
18    'y[1,1,3]'      0.0997356
19    'y[1,2,1]'      0.595013
20    'y[1,2,2]'      0.305251
21    'y[1,2,3]'      0.0997356
22    'y[1,3,1]'      0.595013
23    'y[1,3,2]'      0.305251
24    'y[1,3,3]'      0.0997356
25    'y[1,4,1]'      0.595013
26    'y[1,4,2]'      0.305251
27    'y[1,4,3]'      0.0997356
28    'y[1,5,1]'      0.595013
29    'y[1,5,2]'      0.305251
30    'y[1,5,3]'      0.0997356
31    'y[1,6,1]'      0.595013
32    'y[1,6,2]'      0.305251
33    'y[1,6,3]'      0.0997356
34    'y[1,7,1]'      0.595013
35    'y[1,7,2]'      0.305251
36    'y[1,7,3]'      0.0997356
37    'y[1,8,1]'      0.595013
38    'y[1,8,2]'      0.305251
39    'y[1,8,3]'      0.0997356
40    'y[1,9,1]'      0.5824
41    'y[1,9,2]'      0.319178
42    'y[1,9,3]'      0.098422
43    'y[1,10,1]'     0.585788
44    'y[1,10,2]'     0.3103
45    'y[1,10,3]'     0.103912
46    'y[1,11,1]'     0.581167
47    'y[1,11,2]'     0.309745
48    'y[1,11,3]'     0.109088
49    'y[1,12,1]'     0.58101
50    'y[1,12,2]'     0.305351
51    'y[1,12,3]'     0.11364
52    'y[1,13,1]'     0.583163
53    'y[1,13,2]'     0.299719
54    'y[1,13,3]'     0.117118
55    'y[1,14,1]'     0.622628
56    'y[1,14,2]'     0.265904
57    'y[1,14,3]'     0.111468
58    'y[1,15,1]'     0.862408
59    'y[1,15,2]'     0.0735911
60    'y[1,15,3]'     0.0640005
61    'y[2,1,1]'      0.259482
62    'y[2,1,2]'      0.594546
63    'y[2,1,3]'      0.145972
64    'y[2,2,1]'      0.387252
65    'y[2,2,2]'      0.518468
66    'y[2,2,3]'      0.0942805
67    'y[2,3,1]'      0.487184
68    'y[2,3,2]'      0.437634
69    'y[2,3,3]'      0.0751817
70    'y[2,4,1]'      0.557857
71    'y[2,4,2]'      0.376419
72    'y[2,4,3]'      0.0657242
73    'y[2,5,1]'      0.603252
74    'y[2,5,2]'      0.336778
75    'y[2,5,3]'      0.0599696
76    'y[2,6,1]'      0.621727
77    'y[2,6,2]'      0.317957
78    'y[2,6,3]'      0.0603155
79    'y[2,7,1]'      0.631267
80    'y[2,7,2]'      0.309786
81    'y[2,7,3]'      0.0589471
82    'y[2,8,1]'      0.636357
83    'y[2,8,2]'      0.304701
84    'y[2,8,3]'      0.0589422
85    'y[2,9,1]'      0.643677
86    'y[2,9,2]'      0.30031
87    'y[2,9,3]'      0.0560122
88    'y[2,10,1]'     0.654071
89    'y[2,10,2]'     0.29267
90    'y[2,10,3]'     0.0532592
91    'y[2,11,1]'     0.66784
92    'y[2,11,2]'     0.282226
93    'y[2,11,3]'     0.0499347
94    'y[2,12,1]'     0.612161
95    'y[2,12,2]'     0.331561
96    'y[2,12,3]'     0.056278
97    'y[2,13,1]'     0.609698
98    'y[2,13,2]'     0.33804
99    'y[2,13,3]'     0.0522617
100   'y[2,14,1]'     0.63352
101   'y[2,14,2]'     0.322413
102   'y[2,14,3]'     0.0440671
103   'y[2,15,1]'     0.697879
104   'y[2,15,2]'     0.27471
105   'y[2,15,3]'     0.0274108
106   'Ls[1]'       100
107   'Ls[2]'        -1.69027e-12
108   'x[1,1,1]'      0.705882
109   'x[1,1,2]'      0.941176
110   'x[1,1,3]'      0.705882
111   'x[1,2,1]'      0.3
112   'x[1,2,2]'      0.4
113   'x[1,2,3]'      0.3
114   'x[1,3,1]'      0.3
115   'x[1,3,2]'      0.4
116   'x[1,3,3]'      0.3
117   'x[1,4,1]'      0.3
118   'x[1,4,2]'      0.4
119   'x[1,4,3]'      0.3
120   'x[1,5,1]'      0.3
121   'x[1,5,2]'      0.4
122   'x[1,5,3]'      0.3
123   'x[1,6,1]'      0.3
124   'x[1,6,2]'      0.4
125   'x[1,6,3]'      0.3
126   'x[1,7,1]'      0.3
127   'x[1,7,2]'      0.4
128   'x[1,7,3]'      0.3
129   'x[1,8,1]'      0.3
130   'x[1,8,2]'      0.4
131   'x[1,8,3]'      0.3
132   'x[1,9,1]'      0.291328
133   'x[1,9,2]'      0.414955
134   'x[1,9,3]'      0.293717
135   'x[1,10,1]'     0.29112
136   'x[1,10,2]'     0.400793
137   'x[1,10,3]'     0.308087
138   'x[1,11,1]'     0.285305
139   'x[1,11,2]'     0.395203
140   'x[1,11,3]'     0.319492
141   'x[1,12,1]'     0.283063
142   'x[1,12,2]'     0.386639
143   'x[1,12,3]'     0.330298
144   'x[1,13,1]'     0.282972
145   'x[1,13,2]'     0.377986
146   'x[1,13,3]'     0.339042
147   'x[1,14,1]'     0.314661
148   'x[1,14,2]'     0.349259
149   'x[1,14,3]'     0.33608
150   'x[1,15,1]'     0.600775
151   'x[1,15,2]'     0.133239
152   'x[1,15,3]'     0.265986
153   'x[2,1,1]'      0.0969821
154   'x[2,1,2]'      0.577533
155   'x[2,1,3]'      0.325485
156   'x[2,2,1]'      0.168574
157   'x[2,2,2]'      0.586579
158   'x[2,2,3]'      0.244847
159   'x[2,3,1]'      0.235
160   'x[2,3,2]'      0.548647
161   'x[2,3,3]'      0.216353
162   'x[2,4,1]'      0.289303
163   'x[2,4,2]'      0.507352
164   'x[2,4,3]'      0.203344
165   'x[2,5,1]'      0.328512
166   'x[2,5,2]'      0.476656
167   'x[2,5,3]'      0.194832
168   'x[2,6,1]'      0.343887
169   'x[2,6,2]'      0.457081
170   'x[2,6,3]'      0.199031
171   'x[2,7,1]'      0.353042
172   'x[2,7,2]'      0.450281
173   'x[2,7,3]'      0.196677
174   'x[2,8,1]'      0.35752
175   'x[2,8,2]'      0.444919
176   'x[2,8,3]'      0.197561
177   'x[2,9,1]'      0.366069
178   'x[2,9,2]'      0.443887
179   'x[2,9,3]'      0.190044
180   'x[2,10,1]'     0.377538
181   'x[2,10,2]'     0.439059
182   'x[2,10,3]'     0.183403
183   'x[2,11,1]'     0.393019
184   'x[2,11,2]'     0.431665
185   'x[2,11,3]'     0.175316
186   'x[2,12,1]'     0.338277
187   'x[2,12,2]'     0.476189
188   'x[2,12,3]'     0.185534
189   'x[2,13,1]'     0.338711
190   'x[2,13,2]'     0.488079
191   'x[2,13,3]'     0.173211
192   'x[2,14,1]'     0.365273
193   'x[2,14,2]'     0.483145
194   'x[2,14,3]'     0.151582
195   'x[2,15,1]'     0.44299
196   'x[2,15,2]'     0.453207
197   'x[2,15,3]'     0.103804
198   'CC[2]'         0
199   'CC[3]'         0
200   'CC[4]'         0
201   'CC[5]'         0
202   'CC[6]'         0
203   'CC[7]'         0
204   'CC[8]'         0
205   'CC[9]'         0
206   'CC[10]'        0
207   'CC[11]'        1.75646e-11
208   'CC[12]'        0
209   'CC[13]'        0
210   'CC[14]'        0
211   'CR[2]'         0
212   'CR[3]'         0
213   'CR[4]'         0
214   'CR[5]'         1.06489e-13
215   'CR[6]'         0
216   'CR[7]'         0
217   'CR[8]'         0
218   'CR[9]'         0
219   'CR[10]'        0
220   'CR[11]'        0
221   'CR[12]'        0
222   'CR[13]'        0
223   'CR[14]'        0
224   'PC[1]'         7.0792e-12
225   'PC[2]'         1.41365e-11
226   'PR[1]'        42.5
227   'PR[2]'        -3.50923e-13
228   'PS[2]'         0
229   'PS[3]'         0
230   'PS[4]'         0
231   'PS[5]'         0
232   'PS[6]'         0
233   'PS[7]'         0
234   'PS[8]'         4.9704e-13
235   'PS[9]'         0
236   'PS[10]'        0
237   'PS[11]'        0
238   'PS[12]'        0
239   'PS[13]'        0
240   'PS[14]'        0
241   Vap             5.12298e-11
242   Sep            80
;

