solve_message =
'filterSQP (20020316): Nonlinear constraints locally infeasible\
157 iterations (156 for feasibility)\
Evals: obj = 1, constr = 292, grad = 94, Hes = 134'

:      _varname          _var         :=
1     'F[2]'           0
2     'F[3]'           0
3     'F[4]'           0
4     'F[5]'           0
5     'F[6]'           0
6     'F[7]'           0
7     'F[8]'         100
8     'F[9]'           0
9     'F[10]'          0
10    'F[11]'          0
11    'F[12]'          0
12    'F[13]'          0
13    'F[14]'          0
14    'Vs[1]'        767.527
15    'Vs[2]'        770.736
16    'y[1,1,1]'       8.68693e-07
17    'y[1,1,2]'       0.00742034
18    'y[1,1,3]'       0.992579
19    'y[1,2,1]'       4.97338e-06
20    'y[1,2,2]'       0.0165167
21    'y[1,2,3]'       0.983478
22    'y[1,3,1]'       2.80042e-05
23    'y[1,3,2]'       0.0360177
24    'y[1,3,3]'       0.963954
25    'y[1,4,1]'       0.000153857
26    'y[1,4,2]'       0.0763909
27    'y[1,4,3]'       0.923455
28    'y[1,5,1]'       0.000805888
29    'y[1,5,2]'       0.154204
30    'y[1,5,3]'       0.84499
31    'y[1,6,1]'       0.00386774
32    'y[1,6,2]'       0.284988
33    'y[1,6,3]'       0.711144
34    'y[1,7,1]'       0.0161621
35    'y[1,7,2]'       0.458407
36    'y[1,7,3]'       0.525431
37    'y[1,8,1]'       0.0562747
38    'y[1,8,2]'       0.614297
39    'y[1,8,3]'       0.329428
40    'y[1,9,1]'       0.059526
41    'y[1,9,2]'       0.749283
42    'y[1,9,3]'       0.191191
43    'y[1,10,1]'      0.0637204
44    'y[1,10,2]'      0.836409
45    'y[1,10,3]'      0.0998707
46    'y[1,11,1]'      0.0717816
47    'y[1,11,2]'      0.879473
48    'y[1,11,3]'      0.048745
49    'y[1,12,1]'      0.0910122
50    'y[1,12,2]'      0.886277
51    'y[1,12,3]'      0.0227106
52    'y[1,13,1]'      0.137835
53    'y[1,13,2]'      0.852092
54    'y[1,13,3]'      0.0100728
55    'y[1,14,1]'      0.241868
56    'y[1,14,2]'      0.754026
57    'y[1,14,3]'      0.00410585
58    'y[1,15,1]'      0.42883
59    'y[1,15,2]'      0.570379
60    'y[1,15,3]'      0.000790593
61    'y[2,1,1]'       0.00236579
62    'y[2,1,2]'       0.997031
63    'y[2,1,3]'       0.000602968
64    'y[2,2,1]'       0.00594279
65    'y[2,2,2]'       0.993779
66    'y[2,2,3]'       0.000278541
67    'y[2,3,1]'       0.0146703
68    'y[2,3,2]'       0.985186
69    'y[2,3,3]'       0.000143806
70    'y[2,4,1]'       0.035575
71    'y[2,4,2]'       0.964338
72    'y[2,4,3]'       8.73399e-05
73    'y[2,5,1]'       0.0835067
74    'y[2,5,2]'       0.916431
75    'y[2,5,3]'       6.25163e-05
76    'y[2,6,1]'       0.183203
77    'y[2,6,2]'       0.816748
78    'y[2,6,3]'       4.935e-05
79    'y[2,7,1]'       0.354166
80    'y[2,7,2]'       0.645795
81    'y[2,7,3]'       3.92342e-05
82    'y[2,8,1]'       0.568927
83    'y[2,8,2]'       0.431043
84    'y[2,8,3]'       2.98823e-05
85    'y[2,9,1]'       0.753879
86    'y[2,9,2]'       0.246099
87    'y[2,9,3]'       2.25738e-05
88    'y[2,10,1]'      0.868058
89    'y[2,10,2]'      0.131924
90    'y[2,10,3]'      1.82058e-05
91    'y[2,11,1]'      0.924727
92    'y[2,11,2]'      0.0752566
93    'y[2,11,3]'      1.60635e-05
94    'y[2,12,1]'      0.968377
95    'y[2,12,2]'      0.0316199
96    'y[2,12,3]'      2.94327e-06
97    'y[2,13,1]'      0.987112
98    'y[2,13,2]'      0.0128877
99    'y[2,13,3]'      5.23818e-07
100   'y[2,14,1]'      0.99483
101   'y[2,14,2]'      0.00517018
102   'y[2,14,3]'      9.20067e-08
103   'y[2,15,1]'      0.997955
104   'y[2,15,2]'      0.0020447
105   'y[2,15,3]'      1.59907e-08
106   'Ls[1]'        797.569
107   'Ls[2]'        810.668
108   'x[1,1,1]'       1.46222e-07
109   'x[1,1,2]'       0.00324622
110   'x[1,1,3]'       0.996754
111   'x[1,2,1]'       8.4148e-07
112   'x[1,2,2]'       0.00726311
113   'x[1,2,3]'       0.992736
114   'x[1,3,1]'       4.79155e-06
115   'x[1,3,2]'       0.0160168
116   'x[1,3,3]'       0.983978
117   'x[1,4,1]'       2.69549e-05
118   'x[1,4,2]'       0.0347832
119   'x[1,4,3]'       0.96519
120   'x[1,5,1]'       0.000148067
121   'x[1,5,2]'       0.0736358
122   'x[1,5,3]'       0.926216
123   'x[1,6,1]'       0.000775538
124   'x[1,6,2]'       0.148518
125   'x[1,6,3]'       0.850706
126   'x[1,7,1]'       0.00372206
127   'x[1,7,2]'       0.274375
128   'x[1,7,3]'       0.721903
129   'x[1,8,1]'       0.0155533
130   'x[1,8,2]'       0.441262
131   'x[1,8,3]'       0.543185
132   'x[1,9,1]'       0.0189118
133   'x[1,9,2]'       0.618702
134   'x[1,9,3]'       0.362387
135   'x[1,10,1]'      0.0224892
136   'x[1,10,2]'      0.767225
137   'x[1,10,3]'      0.210286
138   'x[1,11,1]'      0.0271043
139   'x[1,11,2]'      0.863088
140   'x[1,11,3]'      0.109807
141   'x[1,12,1]'      0.035974
142   'x[1,12,2]'      0.910472
143   'x[1,12,3]'      0.0535542
144   'x[1,13,1]'      0.0571331
145   'x[1,13,2]'      0.917958
146   'x[1,13,3]'      0.0249089
147   'x[1,14,1]'      0.108652
148   'x[1,14,2]'      0.880345
149   'x[1,14,3]'      0.0110037
150   'x[1,15,1]'      0.223118
151   'x[1,15,2]'      0.772444
152   'x[1,15,3]'      0.00443833
153   'x[2,1,1]'       0.000910879
154   'x[2,1,2]'       0.997704
155   'x[2,1,3]'       0.00138502
156   'x[2,2,1]'       0.00229412
157   'x[2,2,2]'       0.997064
158   'x[2,2,3]'       0.000641491
159   'x[2,3,1]'       0.00569493
160   'x[2,3,2]'       0.993972
161   'x[2,3,3]'       0.000333045
162   'x[2,4,1]'       0.0139926
163   'x[2,4,2]'       0.985802
164   'x[2,4,3]'       0.000204947
165   'x[2,5,1]'       0.0338674
166   'x[2,5,2]'       0.965981
167   'x[2,5,3]'       0.000151262
168   'x[2,6,1]'       0.0794381
169   'x[2,6,2]'       0.920434
170   'x[2,6,3]'       0.000127662
171   'x[2,7,1]'       0.174223
172   'x[2,7,2]'       0.825662
173   'x[2,7,3]'       0.000115144
174   'x[2,8,1]'       0.336765
175   'x[2,8,2]'       0.66313
176   'x[2,8,3]'       0.000105526
177   'x[2,9,1]'       0.540947
178   'x[2,9,2]'       0.458956
179   'x[2,9,3]'       9.66351e-05
180   'x[2,10,1]'      0.716788
181   'x[2,10,2]'      0.283122
182   'x[2,10,3]'      8.96866e-05
183   'x[2,11,1]'      0.825343
184   'x[2,11,2]'      0.174571
185   'x[2,11,3]'      8.55337e-05
186   'x[2,12,1]'      0.921759
187   'x[2,12,2]'      0.0782243
188   'x[2,12,3]'      1.6714e-05
189   'x[2,13,1]'      0.967178
190   'x[2,13,2]'      0.0328187
191   'x[2,13,3]'      3.06194e-06
192   'x[2,14,1]'      0.986672
193   'x[2,14,2]'      0.0133272
194   'x[2,14,3]'      5.44403e-07
195   'x[2,15,1]'      0.994703
196   'x[2,15,2]'      0.00529688
197   'x[2,15,3]'      9.50881e-08
198   'CC[2]'          0
199   'CC[3]'          0
200   'CC[4]'          0
201   'CC[5]'          0
202   'CC[6]'          0
203   'CC[7]'          0
204   'CC[8]'          0
205   'CC[9]'          0
206   'CC[10]'         0
207   'CC[11]'        69.9578
208   'CC[12]'         0
209   'CC[13]'         0
210   'CC[14]'         0
211   'CR[2]'          0
212   'CR[3]'          0
213   'CR[4]'          0
214   'CR[5]'          0
215   'CR[6]'          0
216   'CR[7]'          0
217   'CR[8]'          0
218   'CR[9]'          0
219   'CR[10]'         0
220   'CR[11]'         0
221   'CR[12]'         0
222   'CR[13]'         0
223   'CR[14]'         0
224   'PC[1]'          0
225   'PC[2]'         30.025
226   'PR[1]'         30.0422
227   'PR[2]'         39.9328
228   'PS[2]'          0
229   'PS[3]'          0
230   'PS[4]'          0
231   'PS[5]'          0
232   'PS[6]'          0
233   'PS[7]'          0
234   'PS[8]'          0
235   'PS[9]'          0
236   'PS[10]'         0
237   'PS[11]'         0
238   'PS[12]'         0
239   'PS[13]'         0
240   'PS[14]'         0
241   Vap           1538.26
242   Sep             99.5
;

