solve_message =
'Knitro 10.3.0: Iteration limit reached. Current point is infeasible.\
objective 200.18810911373737; feasibility error 0.000431\
10000 iterations; 10463 function evaluations'

:     _varname        _var         :=
1     'F[2]'        0
2     'F[3]'        0
3     'F[4]'        0
4     'F[5]'        0
5     'F[6]'        0
6     'F[7]'        0
7     'F[8]'      200
8     'F[9]'        0
9     'F[10]'       0
10    'F[11]'       0
11    'F[12]'       0
12    'F[13]'       0
13    'F[14]'       0
14    Vs          200.188
15    'y[1,1]'      0.00251675
16    'y[1,2]'      0.169925
17    'y[1,3]'      0.827467
18    'y[2,1]'      0.00853037
19    'y[2,2]'      0.348033
20    'y[2,3]'      0.643323
21    'y[3,1]'      0.0229124
22    'y[3,2]'      0.544894
23    'y[3,3]'      0.432131
24    'y[4,1]'      0.0495409
25    'y[4,2]'      0.679495
26    'y[4,3]'      0.27093
27    'y[5,1]'      0.0921479
28    'y[5,2]'      0.726481
29    'y[5,3]'      0.181352
30    'y[6,1]'      0.155776
31    'y[6,2]'      0.705686
32    'y[6,3]'      0.138527
33    'y[7,1]'      0.244801
34    'y[7,2]'      0.638126
35    'y[7,3]'      0.117068
36    'y[8,1]'      0.357958
37    'y[8,2]'      0.538564
38    'y[8,3]'      0.10347
39    'y[9,1]'      0.359315
40    'y[9,2]'      0.543256
41    'y[9,3]'      0.0974219
42    'y[10,1]'     0.361159
43    'y[10,2]'     0.549552
44    'y[10,3]'     0.0892823
45    'y[11,1]'     0.36362
46    'y[11,2]'     0.557602
47    'y[11,3]'     0.078771
48    'y[12,1]'     0.367019
49    'y[12,2]'     0.567085
50    'y[12,3]'     0.0658881
51    'y[13,1]'     0.372696
52    'y[13,2]'     0.576248
53    'y[13,3]'     0.0510485
54    'y[14,1]'     0.386508
55    'y[14,2]'     0.578411
56    'y[14,3]'     0.0350708
57    'y[15,1]'     0.431613
58    'y[15,2]'     0.549347
59    'y[15,3]'     0.0190174
60    Ls          261.256
61    'x[1,1]'      0.000570641
62    'x[1,2]'      0.0602165
63    'x[1,3]'      0.939182
64    'x[2,1]'      0.00206155
65    'x[2,2]'      0.144282
66    'x[2,3]'      0.853597
67    'x[3,1]'      0.0066693
68    'x[3,2]'      0.280758
69    'x[3,3]'      0.712496
70    'x[4,1]'      0.0176894
71    'x[4,2]'      0.431603
72    'x[4,3]'      0.550669
73    'x[5,1]'      0.0380936
74    'x[5,2]'      0.534742
75    'x[5,3]'      0.427148
76    'x[6,1]'      0.0707412
77    'x[6,2]'      0.570744
78    'x[6,3]'      0.358509
79    'x[7,1]'      0.119497
80    'x[7,2]'      0.55481
81    'x[7,3]'      0.325694
82    'x[8,1]'      0.187712
83    'x[8,2]'      0.503042
84    'x[8,3]'      0.309251
85    'x[9,1]'      0.190896
86    'x[9,2]'      0.514098
87    'x[9,3]'      0.295015
88    'x[10,1]'     0.195333
89    'x[10,2]'     0.529431
90    'x[10,3]'     0.275249
91    'x[11,1]'     0.201358
92    'x[11,2]'     0.550007
93    'x[11,3]'     0.248648
94    'x[12,1]'     0.2094
95    'x[12,2]'     0.576315
96    'x[12,3]'     0.214296
97    'x[13,1]'     0.22051
98    'x[13,2]'     0.607306
99    'x[13,3]'     0.172194
100   'x[14,1]'     0.23906
101   'x[14,2]'     0.63725
102   'x[14,3]'     0.123697
103   'x[15,1]'     0.2842
104   'x[15,2]'     0.64432
105   'x[15,3]'     0.0714805
106   PC          138.933
107   PR           61.0724
108   Vap         200.188
;

