solve_message =
'Knitro 10.3.0: Current infeasible solution estimate cannot be improved.\
objective 144.84747638353613; feasibility error 0.304\
2731 iterations; 2860 function evaluations'

:     _varname        _var         :=
1     'F[2]'        0
2     'F[3]'        0
3     'F[4]'        0
4     'F[5]'        0
5     'F[6]'        0
6     'F[7]'        0
7     'F[8]'        0
8     'F[9]'        0
9     'F[10]'       0
10    'F[11]'       0
11    'F[12]'       0
12    'F[13]'       0
13    'F[14]'       0
14    'F[15]'     200
15    'F[16]'       0
16    'F[17]'       0
17    'F[18]'       0
18    'F[19]'       0
19    'F[20]'       0
20    'F[21]'       0
21    'F[22]'       0
22    'F[23]'       0
23    'F[24]'       0
24    'F[25]'       0
25    'F[26]'       0
26    'F[27]'       0
27    'F[28]'       0
28    'F[29]'       0
29    Vs          144.847
30    'y[1,1]'      9.34634e-05
31    'y[1,2]'      0.183353
32    'y[1,3]'      0.816553
33    'y[2,1]'      0.000306396
34    'y[2,2]'      0.357999
35    'y[2,3]'      0.641695
36    'y[3,1]'      0.000788872
37    'y[3,2]'      0.543364
38    'y[3,3]'      0.455847
39    'y[4,1]'      0.00169398
40    'y[4,2]'      0.681501
41    'y[4,3]'      0.316805
42    'y[5,1]'      0.00324527
43    'y[5,2]'      0.759124
44    'y[5,3]'      0.23763
45    'y[6,1]'      0.00585463
46    'y[6,2]'      0.794872
47    'y[6,3]'      0.199273
48    'y[7,1]'      0.0102562
49    'y[7,2]'      0.807804
50    'y[7,3]'      0.18194
51    'y[8,1]'      0.0176898
52    'y[8,2]'      0.808314
53    'y[8,3]'      0.173996
54    'y[9,1]'      0.0301724
55    'y[9,2]'      0.800084
56    'y[9,3]'      0.169744
57    'y[10,1]'     0.0508368
58    'y[10,2]'     0.782711
59    'y[10,3]'     0.166452
60    'y[11,1]'     0.0841794
61    'y[11,2]'     0.753172
62    'y[11,3]'     0.162648
63    'y[12,1]'     0.135765
64    'y[12,2]'     0.706884
65    'y[12,3]'     0.157351
66    'y[13,1]'     0.210577
67    'y[13,2]'     0.639533
68    'y[13,3]'     0.14989
69    'y[14,1]'     0.309475
70    'y[14,2]'     0.550421
71    'y[14,3]'     0.140103
72    'y[15,1]'     0.425341
73    'y[15,2]'     0.55032
74    'y[15,3]'     0.0243384
75    'y[16,1]'     0.425341
76    'y[16,2]'     0.55032
77    'y[16,3]'     0.0243384
78    'y[17,1]'     0.425341
79    'y[17,2]'     0.55032
80    'y[17,3]'     0.0243384
81    'y[18,1]'     0.425341
82    'y[18,2]'     0.55032
83    'y[18,3]'     0.0243384
84    'y[19,1]'     0.425341
85    'y[19,2]'     0.55032
86    'y[19,3]'     0.0243384
87    'y[20,1]'     0.425341
88    'y[20,2]'     0.55032
89    'y[20,3]'     0.0243384
90    'y[21,1]'     0.425341
91    'y[21,2]'     0.55032
92    'y[21,3]'     0.0243384
93    'y[22,1]'     0.425341
94    'y[22,2]'     0.55032
95    'y[22,3]'     0.0243384
96    'y[23,1]'     0.425341
97    'y[23,2]'     0.55032
98    'y[23,3]'     0.0243384
99    'y[24,1]'     0.425341
100   'y[24,2]'     0.55032
101   'y[24,3]'     0.0243384
102   'y[25,1]'     0.425341
103   'y[25,2]'     0.55032
104   'y[25,3]'     0.0243383
105   'y[26,1]'     0.425342
106   'y[26,2]'     0.550321
107   'y[26,3]'     0.0243374
108   'y[27,1]'     0.425343
109   'y[27,2]'     0.550325
110   'y[27,3]'     0.0243311
111   'y[28,1]'     0.425361
112   'y[28,2]'     0.550353
113   'y[28,3]'     0.0242861
114   'y[29,1]'     0.425622
115   'y[29,2]'     0.550417
116   'y[29,3]'     0.0239609
117   'y[30,1]'     0.431649
118   'y[30,2]'     0.546768
119   'y[30,3]'     0.0215829
120   Ls          205.848
121   'x[1,1]'      1.87641e-05
122   'x[1,2]'      0.0655682
123   'x[1,3]'      0.934413
124   'x[2,1]'      7.13272e-05
125   'x[2,2]'      0.148449
126   'x[2,3]'      0.85148
127   'x[3,1]'      0.000221159
128   'x[3,2]'      0.27134
129   'x[3,3]'      0.728439
130   'x[4,1]'      0.000560659
131   'x[4,2]'      0.401774
132   'x[4,3]'      0.597665
133   'x[5,1]'      0.00119755
134   'x[5,2]'      0.498976
135   'x[5,3]'      0.499826
136   'x[6,1]'      0.00228913
137   'x[6,2]'      0.553597
138   'x[6,3]'      0.444114
139   'x[7,1]'      0.00412523
140   'x[7,2]'      0.578751
141   'x[7,3]'      0.417124
142   'x[8,1]'      0.00722246
143   'x[8,2]'      0.58785
144   'x[8,3]'      0.404927
145   'x[9,1]'      0.0124532
146   'x[9,2]'      0.588209
147   'x[9,3]'      0.399337
148   'x[10,1]'     0.0212367
149   'x[10,2]'     0.582418
150   'x[10,3]'     0.396345
151   'x[11,1]'     0.0357774
152   'x[11,2]'     0.570194
153   'x[11,3]'     0.394029
154   'x[12,1]'     0.0592393
155   'x[12,2]'     0.549408
156   'x[12,3]'     0.391352
157   'x[13,1]'     0.0955381
158   'x[13,2]'     0.516837
159   'x[13,3]'     0.387625
160   'x[14,1]'     0.14818
161   'x[14,2]'     0.469445
162   'x[14,3]'     0.382374
163   'x[15,1]'     0.217771
164   'x[15,2]'     0.40674
165   'x[15,3]'     0.375488
166   'x[16,1]'     0.275422
167   'x[16,2]'     0.634747
168   'x[16,3]'     0.0898312
169   'x[17,1]'     0.275422
170   'x[17,2]'     0.634747
171   'x[17,3]'     0.0898312
172   'x[18,1]'     0.275422
173   'x[18,2]'     0.634747
174   'x[18,3]'     0.0898312
175   'x[19,1]'     0.275422
176   'x[19,2]'     0.634747
177   'x[19,3]'     0.0898312
178   'x[20,1]'     0.275422
179   'x[20,2]'     0.634747
180   'x[20,3]'     0.0898312
181   'x[21,1]'     0.275422
182   'x[21,2]'     0.634747
183   'x[21,3]'     0.0898312
184   'x[22,1]'     0.275422
185   'x[22,2]'     0.634747
186   'x[22,3]'     0.0898312
187   'x[23,1]'     0.275422
188   'x[23,2]'     0.634747
189   'x[23,3]'     0.0898312
190   'x[24,1]'     0.275422
191   'x[24,2]'     0.634747
192   'x[24,3]'     0.0898312
193   'x[25,1]'     0.275422
194   'x[25,2]'     0.634748
195   'x[25,3]'     0.0898308
196   'x[26,1]'     0.275422
197   'x[26,2]'     0.63475
198   'x[26,3]'     0.0898277
199   'x[27,1]'     0.275428
200   'x[27,2]'     0.634766
201   'x[27,3]'     0.0898061
202   'x[28,1]'     0.275474
203   'x[28,2]'     0.634875
204   'x[28,3]'     0.089651
205   'x[29,1]'     0.275907
206   'x[29,2]'     0.635558
207   'x[29,3]'     0.0885353
208   'x[30,1]'     0.282382
209   'x[30,2]'     0.637138
210   'x[30,3]'     0.0804803
211   PC          138.999
212   PR           61.0009
213   Vap         144.847
;

