solve_message =
'Knitro 10.3.0: Current infeasible solution estimate cannot be improved.\
objective 176.2842131919203; feasibility error 0.344\
121 iterations; 191 function evaluations'

:     _varname        _var         :=
1     'F[2]'        0
2     'F[3]'        0
3     'F[4]'        0
4     'F[5]'        0
5     'F[6]'        0
6     'F[7]'        0
7     'F[8]'      200
8     'F[9]'        0
9     'F[10]'       0
10    'F[11]'       0
11    'F[12]'       0
12    'F[13]'       0
13    'F[14]'       0
14    Vs          176.284
15    'y[1,1]'      0.000683804
16    'y[1,2]'      0.0411613
17    'y[1,3]'      0.958155
18    'y[2,1]'      0.00286292
19    'y[2,2]'      0.10114
20    'y[2,3]'      0.895997
21    'y[3,1]'      0.0104301
22    'y[3,2]'      0.212973
23    'y[3,3]'      0.776597
24    'y[4,1]'      0.0319341
25    'y[4,2]'      0.372339
26    'y[4,3]'      0.595727
27    'y[5,1]'      0.0785317
28    'y[5,2]'      0.519607
29    'y[5,3]'      0.401861
30    'y[6,1]'      0.156385
31    'y[6,2]'      0.585641
32    'y[6,3]'      0.257975
33    'y[7,1]'      0.264181
34    'y[7,2]'      0.559548
35    'y[7,3]'      0.176271
36    'y[8,1]'      0.393814
37    'y[8,2]'      0.592768
38    'y[8,3]'      0.0134185
39    'y[9,1]'      0.393927
40    'y[9,2]'      0.593134
41    'y[9,3]'      0.0129386
42    'y[10,1]'     0.394082
43    'y[10,2]'     0.593621
44    'y[10,3]'     0.0122972
45    'y[11,1]'     0.394305
46    'y[11,2]'     0.594252
47    'y[11,3]'     0.0114434
48    'y[12,1]'     0.394704
49    'y[12,2]'     0.594984
50    'y[12,3]'     0.0103124
51    'y[13,1]'     0.395849
52    'y[13,2]'     0.595329
53    'y[13,3]'     0.00882214
54    'y[14,1]'     0.401043
55    'y[14,2]'     0.592092
56    'y[14,3]'     0.00686525
57    'y[15,1]'     0.429146
58    'y[15,2]'     0.566562
59    'y[15,3]'     0.00429187
60    Ls          236.489
61    'x[1,1]'      0.000123546
62    'x[1,2]'      0.0132452
63    'x[1,3]'      0.986631
64    'x[2,1]'      0.000541183
65    'x[2,2]'      0.0340545
66    'x[2,3]'      0.965404
67    'x[3,1]'      0.00216556
68    'x[3,2]'      0.0787638
69    'x[3,3]'      0.919071
70    'x[4,1]'      0.00780631
71    'x[4,2]'      0.162126
72    'x[4,3]'      0.830067
73    'x[5,1]'      0.0238358
74    'x[5,2]'      0.280922
75    'x[5,3]'      0.695243
76    'x[6,1]'      0.0585708
77    'x[6,2]'      0.390699
78    'x[6,3]'      0.550731
79    'x[7,1]'      0.116604
80    'x[7,2]'      0.439921
81    'x[7,3]'      0.443475
82    'x[8,1]'      0.196958
83    'x[8,2]'      0.420472
84    'x[8,3]'      0.382571
85    'x[9,1]'      0.258449
86    'x[9,2]'      0.693166
87    'x[9,3]'      0.0483851
88    'x[10,1]'     0.258998
89    'x[10,2]'     0.694935
90    'x[10,3]'     0.0460666
91    'x[11,1]'     0.259746
92    'x[11,2]'     0.697287
93    'x[11,3]'     0.0429679
94    'x[12,1]'     0.260823
95    'x[12,2]'     0.700334
96    'x[12,3]'     0.0388429
97    'x[13,1]'     0.262749
98    'x[13,2]'     0.703872
99    'x[13,3]'     0.0333786
100   'x[14,1]'     0.268284
101   'x[14,2]'     0.705537
102   'x[14,3]'     0.0261787
103   'x[15,1]'     0.293373
104   'x[15,2]'     0.689902
105   'x[15,3]'     0.0167244
106   PC          139.795
107   PR           60.2049
108   Vap         176.284
;

