solve_message =
'Knitro 10.3.0: Convergence to an infeasible point. Problem may be locally infeasible.\
objective 83.81336487108618; feasibility error 2.11\
40 iterations; 43 function evaluations'

:     _varname        _var        :=
1     'F[2]'        0
2     'F[3]'        0
3     'F[4]'        0
4     'F[5]'        0
5     'F[6]'        0
6     'F[7]'        0
7     'F[8]'        0
8     'F[9]'        0
9     'F[10]'       0
10    'F[11]'       0
11    'F[12]'       0
12    'F[13]'       0
13    'F[14]'       0
14    'F[15]'     200
15    'F[16]'       0
16    'F[17]'       0
17    'F[18]'       0
18    'F[19]'       0
19    'F[20]'       0
20    'F[21]'       0
21    'F[22]'       0
22    'F[23]'       0
23    'F[24]'       0
24    'F[25]'       0
25    'F[26]'       0
26    'F[27]'       0
27    'F[28]'       0
28    'F[29]'       0
29    Vs           83.8134
30    'y[1,1]'      0.0107961
31    'y[1,2]'      0.800049
32    'y[1,3]'      0.189155
33    'y[2,1]'      0.015529
34    'y[2,2]'      0.84729
35    'y[2,3]'      0.137181
36    'y[3,1]'      0.0192537
37    'y[3,2]'      0.85388
38    'y[3,3]'      0.126866
39    'y[4,1]'      0.0223084
40    'y[4,2]'      0.852956
41    'y[4,3]'      0.124736
42    'y[5,1]'      0.0248431
43    'y[5,2]'      0.850963
44    'y[5,3]'      0.124193
45    'y[6,1]'      0.02695
46    'y[6,2]'      0.849075
47    'y[6,3]'      0.123975
48    'y[7,1]'      0.0287
49    'y[7,2]'      0.847462
50    'y[7,3]'      0.123838
51    'y[8,1]'      0.0301516
52    'y[8,2]'      0.846116
53    'y[8,3]'      0.123732
54    'y[9,1]'      0.0313543
55    'y[9,2]'      0.845
56    'y[9,3]'      0.123646
57    'y[10,1]'     0.0323498
58    'y[10,2]'     0.844075
59    'y[10,3]'     0.123575
60    'y[11,1]'     0.0331731
61    'y[11,2]'     0.84331
62    'y[11,3]'     0.123516
63    'y[12,1]'     0.0338534
64    'y[12,2]'     0.842679
65    'y[12,3]'     0.123468
66    'y[13,1]'     0.0344153
67    'y[13,2]'     0.842157
68    'y[13,3]'     0.123428
69    'y[14,1]'     0.0348792
70    'y[14,2]'     0.841726
71    'y[14,3]'     0.123395
72    'y[15,1]'     0.862612
73    'y[15,2]'     0.0140204
74    'y[15,3]'     0.123368
75    'y[16,1]'     0.865138
76    'y[16,2]'     0.0141243
77    'y[16,3]'     0.120738
78    'y[17,1]'     0.868967
79    'y[17,2]'     0.0142818
80    'y[17,3]'     0.116751
81    'y[18,1]'     0.874604
82    'y[18,2]'     0.0145137
83    'y[18,3]'     0.110883
84    'y[19,1]'     0.882549
85    'y[19,2]'     0.0148403
86    'y[19,3]'     0.102611
87    'y[20,1]'     0.893092
88    'y[20,2]'     0.0152732
89    'y[20,3]'     0.091635
90    'y[21,1]'     0.906015
91    'y[21,2]'     0.0158025
92    'y[21,3]'     0.0781828
93    'y[22,1]'     0.9204
94    'y[22,2]'     0.0163883
95    'y[22,3]'     0.0632121
96    'y[23,1]'     0.934795
97    'y[23,2]'     0.0169657
98    'y[23,3]'     0.0482396
99    'y[24,1]'     0.947753
100   'y[24,2]'     0.0174645
101   'y[24,3]'     0.0347823
102   'y[25,1]'     0.958375
103   'y[25,2]'     0.0178257
104   'y[25,3]'     0.0237997
105   'y[26,1]'     0.966483
106   'y[26,2]'     0.0179965
107   'y[26,3]'     0.0155209
108   'y[27,1]'     0.972454
109   'y[27,2]'     0.0179001
110   'y[27,3]'     0.00964608
111   'y[28,1]'     0.976971
112   'y[28,2]'     0.0173755
113   'y[28,3]'     0.00565354
114   'y[29,1]'     0.980906
115   'y[29,2]'     0.0160748
116   'y[29,3]'     0.00301945
117   'y[30,1]'     0.985412
118   'y[30,2]'     0.0132715
119   'y[30,3]'     0.00131644
120   Ls          223.534
121   'x[1,1]'      0.00429428
122   'x[1,2]'      0.566845
123   'x[1,3]'      0.42886
124   'x[2,1]'      0.00673212
125   'x[2,2]'      0.654284
126   'x[2,3]'      0.338984
127   'x[3,1]'      0.00850669
128   'x[3,2]'      0.671997
129   'x[3,3]'      0.319496
130   'x[4,1]'      0.00990328
131   'x[4,2]'      0.674468
132   'x[4,3]'      0.315629
133   'x[5,1]'      0.0110486
134   'x[5,2]'      0.674122
135   'x[5,3]'      0.31483
136   'x[6,1]'      0.011999
137   'x[6,2]'      0.673375
138   'x[6,3]'      0.314626
139   'x[7,1]'      0.012789
140   'x[7,2]'      0.672666
141   'x[7,3]'      0.314545
142   'x[8,1]'      0.0134451
143   'x[8,2]'      0.672062
144   'x[8,3]'      0.314493
145   'x[9,1]'      0.0139894
146   'x[9,2]'      0.671557
147   'x[9,3]'      0.314453
148   'x[10,1]'     0.0144404
149   'x[10,2]'     0.671138
150   'x[10,3]'     0.314421
151   'x[11,1]'     0.0148136
152   'x[11,2]'     0.670792
153   'x[11,3]'     0.314395
154   'x[12,1]'     0.0151223
155   'x[12,2]'     0.670505
156   'x[12,3]'     0.314373
157   'x[13,1]'     0.0153774
158   'x[13,2]'     0.670268
159   'x[13,3]'     0.314354
160   'x[14,1]'     0.0155881
161   'x[14,2]'     0.670072
162   'x[14,3]'     0.314339
163   'x[15,1]'     0.015762
164   'x[15,2]'     0.669911
165   'x[15,3]'     0.314327
166   'x[16,1]'     0.548075
167   'x[16,2]'     0.0159385
168   'x[16,3]'     0.435987
169   'x[17,1]'     0.55707
170   'x[17,2]'     0.0163086
171   'x[17,3]'     0.426621
172   'x[18,1]'     0.570708
173   'x[18,2]'     0.0168696
174   'x[18,3]'     0.412422
175   'x[19,1]'     0.590782
176   'x[19,2]'     0.0176952
177   'x[19,3]'     0.391523
178   'x[20,1]'     0.619078
179   'x[20,2]'     0.0188584
180   'x[20,3]'     0.362064
181   'x[21,1]'     0.656625
182   'x[21,2]'     0.0204002
183   'x[21,3]'     0.322975
184   'x[22,1]'     0.702649
185   'x[22,2]'     0.0222854
186   'x[22,3]'     0.275066
187   'x[23,1]'     0.753879
188   'x[23,2]'     0.0243715
189   'x[23,3]'     0.22175
190   'x[24,1]'     0.805145
191   'x[24,2]'     0.0264278
192   'x[24,3]'     0.168427
193   'x[25,1]'     0.851295
194   'x[25,2]'     0.0282043
195   'x[25,3]'     0.120501
196   'x[26,1]'     0.889122
197   'x[26,2]'     0.0294904
198   'x[26,3]'     0.0813875
199   'x[27,1]'     0.917997
200   'x[27,2]'     0.030099
201   'x[27,3]'     0.0519037
202   'x[28,1]'     0.939263
203   'x[28,2]'     0.0297555
204   'x[28,3]'     0.0309814
205   'x[29,1]'     0.95535
206   'x[29,2]'     0.0278872
207   'x[29,3]'     0.0167625
208   'x[30,1]'     0.969364
209   'x[30,2]'     0.0232549
210   'x[30,3]'     0.00738149
211   PC           60.2794
212   PR          139.721
213   Vap          83.8134
;

