solve_message = 'Knitro 10.3.0: Locally optimal or satisfactory solution.\
objective 276.7960529660249; feasibility error 7.22e-08\
50 iterations; 51 function evaluations'

:          _varname              _var          :=
1     'F[2]'                    0
2     'F[3]'                    0
3     'F[4]'                    0
4     'F[5]'                    0
5     'F[6]'                    0
6     'F[7]'                    0
7     'F[8]'                  200
8     'F[9]'                    0
9     'F[10]'                   0
10    'F[11]'                   0
11    'F[12]'                   0
12    'F[13]'                   0
13    'F[14]'                   0
14    'V[1]'                  276.796
15    'V[2]'                  276.459
16    'V[3]'                  276.487
17    'V[4]'                  277.08
18    'V[5]'                  278.194
19    'V[6]'                  279.59
20    'V[7]'                  281.107
21    'V[8]'                  283.134
22    'V[9]'                  283.619
23    'V[10]'                 284.225
24    'V[11]'                 284.944
25    'V[12]'                 285.761
26    'V[13]'                 286.679
27    'V[14]'                 287.804
28    'V[15]'                   0
29    'y[1,1]'                  0.00174258
30    'y[1,2]'                  0.12651
31    'y[1,3]'                  0.871748
32    'y[2,1]'                  0.00479336
33    'y[2,2]'                  0.212531
34    'y[2,3]'                  0.782676
35    'y[3,1]'                  0.0119152
36    'y[3,2]'                  0.320094
37    'y[3,3]'                  0.667991
38    'y[4,1]'                  0.0270639
39    'y[4,2]'                  0.433793
40    'y[4,3]'                  0.539143
41    'y[5,1]'                  0.0561378
42    'y[5,2]'                  0.529091
43    'y[5,3]'                  0.414771
44    'y[6,1]'                  0.106371
45    'y[6,2]'                  0.582928
46    'y[6,3]'                  0.3107
47    'y[7,1]'                  0.184233
48    'y[7,2]'                  0.583198
49    'y[7,3]'                  0.232569
50    'y[8,1]'                  0.291122
51    'y[8,2]'                  0.531574
52    'y[8,3]'                  0.177304
53    'y[9,1]'                  0.293694
54    'y[9,2]'                  0.54778
55    'y[9,3]'                  0.158527
56    'y[10,1]'                 0.29699
57    'y[10,2]'                 0.566512
58    'y[10,3]'                 0.136499
59    'y[11,1]'                 0.301532
60    'y[11,2]'                 0.586298
61    'y[11,3]'                 0.11217
62    'y[12,1]'                 0.308919
63    'y[12,2]'                 0.604071
64    'y[12,3]'                 0.08701
65    'y[13,1]'                 0.323617
66    'y[13,2]'                 0.613733
67    'y[13,3]'                 0.0626504
68    'y[14,1]'                 0.356732
69    'y[14,2]'                 0.602781
70    'y[14,3]'                 0.0404864
71    'y[15,1]'                 0.431522
72    'y[15,2]'                 0.54689
73    'y[15,3]'                 0.0215878
74    'L[1]'                    0
75    'L[2]'                  337.828
76    'L[3]'                  337.492
77    'L[4]'                  337.519
78    'L[5]'                  338.113
79    'L[6]'                  339.226
80    'L[7]'                  340.622
81    'L[8]'                  342.139
82    'L[9]'                  144.166
83    'L[10]'                 144.651
84    'L[11]'                 145.257
85    'L[12]'                 145.977
86    'L[13]'                 146.793
87    'L[14]'                 147.711
88    'L[15]'                 148.836
89    'x[1,1]'                  0.000530489
90    'x[1,2]'                  0.065539
91    'x[1,3]'                  0.933931
92    'x[2,1]'                  0.0015236
93    'x[2,2]'                  0.115495
94    'x[2,3]'                  0.882982
95    'x[3,1]'                  0.00402246
96    'x[3,2]'                  0.185949
97    'x[3,3]'                  0.810029
98    'x[4,1]'                  0.00985656
99    'x[4,2]'                  0.274064
100   'x[4,3]'                  0.71608
101   'x[5,1]'                  0.0222744
102   'x[5,2]'                  0.36732
103   'x[5,3]'                  0.610405
104   'x[6,1]'                  0.0461331
105   'x[6,2]'                  0.44569
106   'x[6,3]'                  0.508176
107   'x[7,1]'                  0.0874067
108   'x[7,2]'                  0.490223
109   'x[7,3]'                  0.42237
110   'x[8,1]'                  0.151464
111   'x[8,2]'                  0.490855
112   'x[8,3]'                  0.357681
113   'x[9,1]'                  0.155785
114   'x[9,2]'                  0.51681
115   'x[9,3]'                  0.327405
116   'x[10,1]'                 0.16128
117   'x[10,2]'                 0.548634
118   'x[10,3]'                 0.290085
119   'x[11,1]'                 0.168282
120   'x[11,2]'                 0.585284
121   'x[11,3]'                 0.246434
122   'x[12,1]'                 0.177783
123   'x[12,2]'                 0.623813
124   'x[12,3]'                 0.198403
125   'x[13,1]'                 0.192853
126   'x[13,2]'                 0.658203
127   'x[13,3]'                 0.148945
128   'x[14,1]'                 0.222098
129   'x[14,2]'                 0.67662
130   'x[14,3]'                 0.101282
131   'x[15,1]'                 0.286901
132   'x[15,2]'                 0.654967
133   'x[15,3]'                 0.0581321
134   PC                      138.968
135   PR                       61.0324
136   'T[1]'                  389.125
137   'T[2]'                  387.694
138   'T[3]'                  385.719
139   'T[4]'                  383.268
140   'T[5]'                  380.558
141   'T[6]'                  377.829
142   'T[7]'                  375.186
143   'T[8]'                  372.593
144   'T[9]'                  372.019
145   'T[10]'                 371.324
146   'T[11]'                 370.521
147   'T[12]'                 369.63
148   'T[13]'                 368.639
149   'T[14]'                 367.443
150   'T[15]'                 365.736
151   TF                      368.932
152   QC                     3285.65
153   QR                     3341.71
154   'H[1,1]'                  2.46034
155   'H[1,2]'                  2.36329
156   'H[1,3]'                  2.96833
157   'H[2,1]'                  2.41815
158   'H[2,2]'                  2.32298
159   'H[2,3]'                  2.91713
160   'H[3,1]'                  2.3601
161   'H[3,2]'                  2.2675
162   'H[3,3]'                  2.8467
163   'H[4,1]'                  2.28839
164   'H[4,2]'                  2.19897
165   'H[4,3]'                  2.75974
166   'H[5,1]'                  2.20951
167   'H[5,2]'                  2.12357
168   'H[5,3]'                  2.66412
169   'H[6,1]'                  2.13051
170   'H[6,2]'                  2.04802
171   'H[6,3]'                  2.56839
172   'H[7,1]'                  2.0544
173   'H[7,2]'                  1.97523
174   'H[7,3]'                  2.47622
175   'H[8,1]'                  1.98011
176   'H[8,2]'                  1.90417
177   'H[8,3]'                  2.38629
178   'H[9,1]'                  1.96371
179   'H[9,2]'                  1.88848
180   'H[9,3]'                  2.36644
181   'H[10,1]'                 1.94388
182   'H[10,2]'                 1.86951
183   'H[10,3]'                 2.34245
184   'H[11,1]'                 1.92103
185   'H[11,2]'                 1.84764
186   'H[11,3]'                 2.3148
187   'H[12,1]'                 1.89567
188   'H[12,2]'                 1.82337
189   'H[12,3]'                 2.28412
190   'H[13,1]'                 1.86755
191   'H[13,2]'                 1.79646
192   'H[13,3]'                 2.2501
193   'H[14,1]'                 1.83368
194   'H[14,2]'                 1.76404
195   'H[14,3]'                 2.20914
196   'H[15,1]'                 1.7855
197   'H[15,2]'                 1.71792
198   'H[15,3]'                 2.15088
199   'HF[1]'                   1.87586
200   'HF[2]'                   1.80442
201   'HF[3]'                   2.26016
202   'h[1,1]'                 -7.47796
203   'h[1,2]'                 -8.73041
204   'h[1,3]'                 -9.1178
205   'h[2,1]'                 -7.56682
206   'h[2,2]'                 -8.80891
207   'h[2,3]'                 -9.21502
208   'h[3,1]'                 -7.68877
209   'h[3,2]'                 -8.91673
210   'h[3,3]'                 -9.34851
211   'h[4,1]'                 -7.8389
212   'h[4,2]'                 -9.0496
213   'h[4,3]'                 -9.51296
214   'h[5,1]'                 -8.00339
215   'h[5,2]'                 -9.19536
216   'h[5,3]'                 -9.6933
217   'h[6,1]'                 -8.16751
218   'h[6,2]'                 -9.34097
219   'h[6,3]'                 -9.87337
220   'h[7,1]'                 -8.32502
221   'h[7,2]'                 -9.48088
222   'h[7,3]'                -10.0463
223   'h[8,1]'                 -8.47821
224   'h[8,2]'                 -9.61711
225   'h[8,3]'                -10.2146
226   'h[9,1]'                 -8.51197
227   'h[9,2]'                 -9.64715
228   'h[9,3]'                -10.2517
229   'h[10,1]'                -8.55274
230   'h[10,2]'                -9.68344
231   'h[10,3]'               -10.2965
232   'h[11,1]'                -8.5997
233   'h[11,2]'                -9.72524
234   'h[11,3]'               -10.3481
235   'h[12,1]'                -8.65174
236   'h[12,2]'                -9.77159
237   'h[12,3]'               -10.4053
238   'h[13,1]'                -8.7094
239   'h[13,2]'                -9.82296
240   'h[13,3]'               -10.4687
241   'h[14,1]'                -8.77874
242   'h[14,2]'                -9.88477
243   'h[14,3]'               -10.545
244   'h[15,1]'                -8.8772
245   'h[15,2]'                -9.97258
246   'h[15,3]'               -10.6533
247   'hF[1]'                  -8.69236
248   'hF[2]'                  -9.80778
249   'hF[3]'                 -10.45
250   'tauGamma[1,1,1]'     1e-06
251   'tauGamma[1,1,2]'         0.0235267
252   'tauGamma[1,1,3]'     1e-06
253   'tauGamma[1,2,1]'         0.023828
254   'tauGamma[1,2,2]'     1e-06
255   'tauGamma[1,2,3]'     1e-06
256   'tauGamma[1,3,1]'     1e-06
257   'tauGamma[1,3,2]'     1e-06
258   'tauGamma[1,3,3]'     1e-06
259   'tauGamma[2,1,1]'     1e-06
260   'tauGamma[2,1,2]'         0.0236135
261   'tauGamma[2,1,3]'     1e-06
262   'tauGamma[2,2,1]'         0.0239159
263   'tauGamma[2,2,2]'     1e-06
264   'tauGamma[2,2,3]'     1e-06
265   'tauGamma[2,3,1]'     1e-06
266   'tauGamma[2,3,2]'     1e-06
267   'tauGamma[2,3,3]'     1e-06
268   'tauGamma[3,1,1]'     1e-06
269   'tauGamma[3,1,2]'         0.0237344
270   'tauGamma[3,1,3]'     1e-06
271   'tauGamma[3,2,1]'         0.0240384
272   'tauGamma[3,2,2]'     1e-06
273   'tauGamma[3,2,3]'     1e-06
274   'tauGamma[3,3,1]'     1e-06
275   'tauGamma[3,3,2]'     1e-06
276   'tauGamma[3,3,3]'     1e-06
277   'tauGamma[4,1,1]'     1e-06
278   'tauGamma[4,1,2]'         0.0238862
279   'tauGamma[4,1,3]'     1e-06
280   'tauGamma[4,2,1]'         0.0241921
281   'tauGamma[4,2,2]'     1e-06
282   'tauGamma[4,2,3]'     1e-06
283   'tauGamma[4,3,1]'     1e-06
284   'tauGamma[4,3,2]'     1e-06
285   'tauGamma[4,3,3]'     1e-06
286   'tauGamma[5,1,1]'     1e-06
287   'tauGamma[5,1,2]'         0.0240563
288   'tauGamma[5,1,3]'     1e-06
289   'tauGamma[5,2,1]'         0.0243644
290   'tauGamma[5,2,2]'     1e-06
291   'tauGamma[5,2,3]'     1e-06
292   'tauGamma[5,3,1]'     1e-06
293   'tauGamma[5,3,2]'     1e-06
294   'tauGamma[5,3,3]'     1e-06
295   'tauGamma[6,1,1]'     1e-06
296   'tauGamma[6,1,2]'         0.0242301
297   'tauGamma[6,1,3]'     1e-06
298   'tauGamma[6,2,1]'         0.0245404
299   'tauGamma[6,2,2]'     1e-06
300   'tauGamma[6,2,3]'     1e-06
301   'tauGamma[6,3,1]'     1e-06
302   'tauGamma[6,3,2]'     1e-06
303   'tauGamma[6,3,3]'     1e-06
304   'tauGamma[7,1,1]'     1e-06
305   'tauGamma[7,1,2]'         0.0244007
306   'tauGamma[7,1,3]'     1e-06
307   'tauGamma[7,2,1]'         0.0247132
308   'tauGamma[7,2,2]'     1e-06
309   'tauGamma[7,2,3]'     1e-06
310   'tauGamma[7,3,1]'     1e-06
311   'tauGamma[7,3,2]'     1e-06
312   'tauGamma[7,3,3]'     1e-06
313   'tauGamma[8,1,1]'     1e-06
314   'tauGamma[8,1,2]'         0.0245705
315   'tauGamma[8,1,3]'     1e-06
316   'tauGamma[8,2,1]'         0.0248852
317   'tauGamma[8,2,2]'     1e-06
318   'tauGamma[8,2,3]'     1e-06
319   'tauGamma[8,3,1]'     1e-06
320   'tauGamma[8,3,2]'     1e-06
321   'tauGamma[8,3,3]'     1e-06
322   'tauGamma[9,1,1]'     1e-06
323   'tauGamma[9,1,2]'         0.0246085
324   'tauGamma[9,1,3]'     1e-06
325   'tauGamma[9,2,1]'         0.0249236
326   'tauGamma[9,2,2]'     1e-06
327   'tauGamma[9,2,3]'     1e-06
328   'tauGamma[9,3,1]'     1e-06
329   'tauGamma[9,3,2]'     1e-06
330   'tauGamma[9,3,3]'     1e-06
331   'tauGamma[10,1,1]'    1e-06
332   'tauGamma[10,1,2]'        0.0246545
333   'tauGamma[10,1,3]'    1e-06
334   'tauGamma[10,2,1]'        0.0249703
335   'tauGamma[10,2,2]'    1e-06
336   'tauGamma[10,2,3]'    1e-06
337   'tauGamma[10,3,1]'    1e-06
338   'tauGamma[10,3,2]'    1e-06
339   'tauGamma[10,3,3]'    1e-06
340   'tauGamma[11,1,1]'    1e-06
341   'tauGamma[11,1,2]'        0.0247079
342   'tauGamma[11,1,3]'    1e-06
343   'tauGamma[11,2,1]'        0.0250244
344   'tauGamma[11,2,2]'    1e-06
345   'tauGamma[11,2,3]'    1e-06
346   'tauGamma[11,3,1]'    1e-06
347   'tauGamma[11,3,2]'    1e-06
348   'tauGamma[11,3,3]'    1e-06
349   'tauGamma[12,1,1]'    1e-06
350   'tauGamma[12,1,2]'        0.0247675
351   'tauGamma[12,1,3]'    1e-06
352   'tauGamma[12,2,1]'        0.0250847
353   'tauGamma[12,2,2]'    1e-06
354   'tauGamma[12,2,3]'    1e-06
355   'tauGamma[12,3,1]'    1e-06
356   'tauGamma[12,3,2]'    1e-06
357   'tauGamma[12,3,3]'    1e-06
358   'tauGamma[13,1,1]'    1e-06
359   'tauGamma[13,1,2]'        0.0248341
360   'tauGamma[13,1,3]'    1e-06
361   'tauGamma[13,2,1]'        0.0251522
362   'tauGamma[13,2,2]'    1e-06
363   'tauGamma[13,2,3]'    1e-06
364   'tauGamma[13,3,1]'    1e-06
365   'tauGamma[13,3,2]'    1e-06
366   'tauGamma[13,3,3]'    1e-06
367   'tauGamma[14,1,1]'    1e-06
368   'tauGamma[14,1,2]'        0.024915
369   'tauGamma[14,1,3]'    1e-06
370   'tauGamma[14,2,1]'        0.025234
371   'tauGamma[14,2,2]'    1e-06
372   'tauGamma[14,2,3]'    1e-06
373   'tauGamma[14,3,1]'    1e-06
374   'tauGamma[14,3,2]'    1e-06
375   'tauGamma[14,3,3]'    1e-06
376   'tauGamma[15,1,1]'    1e-06
377   'tauGamma[15,1,2]'        0.0250312
378   'tauGamma[15,1,3]'    1e-06
379   'tauGamma[15,2,1]'        0.0253518
380   'tauGamma[15,2,2]'    1e-06
381   'tauGamma[15,2,3]'    1e-06
382   'tauGamma[15,3,1]'    1e-06
383   'tauGamma[15,3,2]'    1e-06
384   'tauGamma[15,3,3]'    1e-06
385   'PGamma[1,1,1]'           1
386   'PGamma[1,1,2]'           0.992967
387   'PGamma[1,1,3]'           1
388   'PGamma[1,2,1]'           0.992877
389   'PGamma[1,2,2]'           1
390   'PGamma[1,2,3]'           1
391   'PGamma[1,3,1]'           1
392   'PGamma[1,3,2]'           1
393   'PGamma[1,3,3]'           1
394   'PGamma[2,1,1]'           1
395   'PGamma[2,1,2]'           0.992941
396   'PGamma[2,1,3]'           1
397   'PGamma[2,2,1]'           0.992851
398   'PGamma[2,2,2]'           1
399   'PGamma[2,2,3]'           1
400   'PGamma[2,3,1]'           1
401   'PGamma[2,3,2]'           1
402   'PGamma[2,3,3]'           1
403   'PGamma[3,1,1]'           1
404   'PGamma[3,1,2]'           0.992905
405   'PGamma[3,1,3]'           1
406   'PGamma[3,2,1]'           0.992814
407   'PGamma[3,2,2]'           1
408   'PGamma[3,2,3]'           1
409   'PGamma[3,3,1]'           1
410   'PGamma[3,3,2]'           1
411   'PGamma[3,3,3]'           1
412   'PGamma[4,1,1]'           1
413   'PGamma[4,1,2]'           0.99286
414   'PGamma[4,1,3]'           1
415   'PGamma[4,2,1]'           0.992769
416   'PGamma[4,2,2]'           1
417   'PGamma[4,2,3]'           1
418   'PGamma[4,3,1]'           1
419   'PGamma[4,3,2]'           1
420   'PGamma[4,3,3]'           1
421   'PGamma[5,1,1]'           1
422   'PGamma[5,1,2]'           0.992809
423   'PGamma[5,1,3]'           1
424   'PGamma[5,2,1]'           0.992717
425   'PGamma[5,2,2]'           1
426   'PGamma[5,2,3]'           1
427   'PGamma[5,3,1]'           1
428   'PGamma[5,3,2]'           1
429   'PGamma[5,3,3]'           1
430   'PGamma[6,1,1]'           1
431   'PGamma[6,1,2]'           0.992757
432   'PGamma[6,1,3]'           1
433   'PGamma[6,2,1]'           0.992665
434   'PGamma[6,2,2]'           1
435   'PGamma[6,2,3]'           1
436   'PGamma[6,3,1]'           1
437   'PGamma[6,3,2]'           1
438   'PGamma[6,3,3]'           1
439   'PGamma[7,1,1]'           1
440   'PGamma[7,1,2]'           0.992707
441   'PGamma[7,1,3]'           1
442   'PGamma[7,2,1]'           0.992613
443   'PGamma[7,2,2]'           1
444   'PGamma[7,2,3]'           1
445   'PGamma[7,3,1]'           1
446   'PGamma[7,3,2]'           1
447   'PGamma[7,3,3]'           1
448   'PGamma[8,1,1]'           1
449   'PGamma[8,1,2]'           0.992656
450   'PGamma[8,1,3]'           1
451   'PGamma[8,2,1]'           0.992562
452   'PGamma[8,2,2]'           1
453   'PGamma[8,2,3]'           1
454   'PGamma[8,3,1]'           1
455   'PGamma[8,3,2]'           1
456   'PGamma[8,3,3]'           1
457   'PGamma[9,1,1]'           1
458   'PGamma[9,1,2]'           0.992645
459   'PGamma[9,1,3]'           1
460   'PGamma[9,2,1]'           0.992551
461   'PGamma[9,2,2]'           1
462   'PGamma[9,2,3]'           1
463   'PGamma[9,3,1]'           1
464   'PGamma[9,3,2]'           1
465   'PGamma[9,3,3]'           1
466   'PGamma[10,1,1]'          1
467   'PGamma[10,1,2]'          0.992631
468   'PGamma[10,1,3]'          1
469   'PGamma[10,2,1]'          0.992537
470   'PGamma[10,2,2]'          1
471   'PGamma[10,2,3]'          1
472   'PGamma[10,3,1]'          1
473   'PGamma[10,3,2]'          1
474   'PGamma[10,3,3]'          1
475   'PGamma[11,1,1]'          1
476   'PGamma[11,1,2]'          0.992615
477   'PGamma[11,1,3]'          1
478   'PGamma[11,2,1]'          0.992521
479   'PGamma[11,2,2]'          1
480   'PGamma[11,2,3]'          1
481   'PGamma[11,3,1]'          1
482   'PGamma[11,3,2]'          1
483   'PGamma[11,3,3]'          1
484   'PGamma[12,1,1]'          1
485   'PGamma[12,1,2]'          0.992597
486   'PGamma[12,1,3]'          1
487   'PGamma[12,2,1]'          0.992503
488   'PGamma[12,2,2]'          1
489   'PGamma[12,2,3]'          1
490   'PGamma[12,3,1]'          1
491   'PGamma[12,3,2]'          1
492   'PGamma[12,3,3]'          1
493   'PGamma[13,1,1]'          1
494   'PGamma[13,1,2]'          0.992577
495   'PGamma[13,1,3]'          1
496   'PGamma[13,2,1]'          0.992483
497   'PGamma[13,2,2]'          1
498   'PGamma[13,2,3]'          1
499   'PGamma[13,3,1]'          1
500   'PGamma[13,3,2]'          1
501   'PGamma[13,3,3]'          1
502   'PGamma[14,1,1]'          1
503   'PGamma[14,1,2]'          0.992553
504   'PGamma[14,1,3]'          1
505   'PGamma[14,2,1]'          0.992458
506   'PGamma[14,2,2]'          1
507   'PGamma[14,2,3]'          1
508   'PGamma[14,3,1]'          1
509   'PGamma[14,3,2]'          1
510   'PGamma[14,3,3]'          1
511   'PGamma[15,1,1]'          1
512   'PGamma[15,1,2]'          0.992519
513   'PGamma[15,1,3]'          1
514   'PGamma[15,2,1]'          0.992423
515   'PGamma[15,2,2]'          1
516   'PGamma[15,2,3]'          1
517   'PGamma[15,3,1]'          1
518   'PGamma[15,3,2]'          1
519   'PGamma[15,3,3]'          1
520   'SGamma1[1,1]'            0.00155147
521   'SGamma1[1,2]'            1.33923e-05
522   'SGamma1[1,3]'        1e-06
523   'SGamma1[2,1]'            0.0027433
524   'SGamma1[2,2]'            3.67221e-05
525   'SGamma1[2,3]'        1e-06
526   'SGamma1[3,1]'            0.00443861
527   'SGamma1[3,2]'            9.57894e-05
528   'SGamma1[3,3]'        1e-06
529   'SGamma1[4,1]'            0.00658296
530   'SGamma1[4,2]'            0.000234745
531   'SGamma1[4,3]'        1e-06
532   'SGamma1[5,1]'            0.00888499
533   'SGamma1[5,2]'            0.000532963
534   'SGamma1[5,3]'        1e-06
535   'SGamma1[6,1]'            0.0108577
536   'SGamma1[6,2]'            0.00111067
537   'SGamma1[6,3]'        1e-06
538   'SGamma1[7,1]'            0.012026
539   'SGamma1[7,2]'            0.00211814
540   'SGamma1[7,3]'        1e-06
541   'SGamma1[8,1]'            0.0121247
542   'SGamma1[8,2]'            0.00369506
543   'SGamma1[8,3]'        1e-06
544   'SGamma1[9,1]'            0.0127853
545   'SGamma1[9,2]'            0.00380628
546   'SGamma1[9,3]'        1e-06
547   'SGamma1[10,1]'           0.0135978
548   'SGamma1[10,2]'           0.00394783
549   'SGamma1[10,3]'       1e-06
550   'SGamma1[11,1]'           0.0145372
551   'SGamma1[11,2]'           0.00412804
552   'SGamma1[11,3]'       1e-06
553   'SGamma1[12,1]'           0.0155313
554   'SGamma1[12,2]'           0.00437148
555   'SGamma1[12,3]'       1e-06
556   'SGamma1[13,1]'           0.0164311
557   'SGamma1[13,2]'           0.00475459
558   'SGamma1[13,3]'       1e-06
559   'SGamma1[14,1]'           0.0169454
560   'SGamma1[14,2]'           0.00549313
561   'SGamma1[14,3]'       1e-06
562   'SGamma1[15,1]'           0.0164791
563   'SGamma1[15,2]'           0.00712847
564   'SGamma1[15,3]'       1e-06
565   'SGamma2[1,1]'            0.999533
566   'SGamma2[1,2]'            0.999996
567   'SGamma2[1,3]'            1
568   'SGamma2[2,1]'            0.999174
569   'SGamma2[2,2]'            0.999989
570   'SGamma2[2,3]'            1
571   'SGamma2[3,1]'            0.998664
572   'SGamma2[3,2]'            0.999971
573   'SGamma2[3,3]'            1
574   'SGamma2[4,1]'            0.998018
575   'SGamma2[4,2]'            0.99993
576   'SGamma2[4,3]'            1
577   'SGamma2[5,1]'            0.997325
578   'SGamma2[5,2]'            0.99984
579   'SGamma2[5,3]'            1
580   'SGamma2[6,1]'            0.996731
581   'SGamma2[6,2]'            0.999666
582   'SGamma2[6,3]'            1
583   'SGamma2[7,1]'            0.996379
584   'SGamma2[7,2]'            0.999362
585   'SGamma2[7,3]'            1
586   'SGamma2[8,1]'            0.996349
587   'SGamma2[8,2]'            0.998888
588   'SGamma2[8,3]'            1
589   'SGamma2[9,1]'            0.99615
590   'SGamma2[9,2]'            0.998854
591   'SGamma2[9,3]'            1
592   'SGamma2[10,1]'           0.995905
593   'SGamma2[10,2]'           0.998812
594   'SGamma2[10,3]'           1
595   'SGamma2[11,1]'           0.995623
596   'SGamma2[11,2]'           0.998757
597   'SGamma2[11,3]'           1
598   'SGamma2[12,1]'           0.995323
599   'SGamma2[12,2]'           0.998684
600   'SGamma2[12,3]'           1
601   'SGamma2[13,1]'           0.995052
602   'SGamma2[13,2]'           0.998569
603   'SGamma2[13,3]'           1
604   'SGamma2[14,1]'           0.994897
605   'SGamma2[14,2]'           0.998346
606   'SGamma2[14,3]'           1
607   'SGamma2[15,1]'           0.995038
608   'SGamma2[15,2]'           0.997854
609   'SGamma2[15,3]'           1
610   'gamma[1,1]'              1.00309
611   'gamma[1,2]'              1.00002
612   'gamma[1,3]'              0.999999
613   'gamma[2,1]'              1.00546
614   'gamma[2,2]'              1.00006
615   'gamma[2,3]'              0.999993
616   'gamma[3,1]'              1.00883
617   'gamma[3,2]'              1.00016
618   'gamma[3,3]'              0.999965
619   'gamma[4,1]'              1.01305
620   'gamma[4,2]'              1.00034
621   'gamma[4,3]'              0.999872
622   'gamma[5,1]'              1.01744
623   'gamma[5,2]'              1.00068
624   'gamma[5,3]'              0.999607
625   'gamma[6,1]'              1.02084
626   'gamma[6,2]'              1.00124
627   'gamma[6,3]'              0.999002
628   'gamma[7,1]'              1.0221
629   'gamma[7,2]'              1.00218
630   'gamma[7,3]'              0.997905
631   'gamma[8,1]'              1.02071
632   'gamma[8,2]'              1.00381
633   'gamma[8,3]'              0.996341
634   'gamma[9,1]'              1.02174
635   'gamma[9,2]'              1.00372
636   'gamma[9,3]'              0.996031
637   'gamma[10,1]'             1.02299
638   'gamma[10,2]'             1.00361
639   'gamma[10,3]'             0.995629
640   'gamma[11,1]'             1.02439
641   'gamma[11,2]'             1.00347
642   'gamma[11,3]'             0.995124
643   'gamma[12,1]'             1.02579
644   'gamma[12,2]'             1.00333
645   'gamma[12,3]'             0.994496
646   'gamma[13,1]'             1.0268
647   'gamma[13,2]'             1.00329
648   'gamma[13,3]'             0.993683
649   'gamma[14,1]'             1.02664
650   'gamma[14,2]'             1.0036
651   'gamma[14,3]'             0.992499
652   'gamma[15,1]'             1.02372
653   'gamma[15,2]'             1.00498
654   'gamma[15,3]'             0.990582
655   'PrS[1,1]'           331814
656   'PrS[1,2]'           195582
657   'PrS[1,3]'            94578.7
658   'PrS[2,1]'           317044
659   'PrS[2,2]'           186444
660   'PrS[2,3]'            89815.2
661   'PrS[3,1]'           297515
662   'PrS[3,2]'           174394
663   'PrS[3,3]'            83560.6
664   'PrS[4,1]'           274631
665   'PrS[4,2]'           160324
666   'PrS[4,3]'            76298.2
667   'PrS[5,1]'           250991
668   'PrS[5,2]'           145850
669   'PrS[5,3]'            68877.5
670   'PrS[6,1]'           228861
671   'PrS[6,2]'           132361
672   'PrS[6,3]'            62012.2
673   'PrS[7,1]'           208952
674   'PrS[7,2]'           120279
675   'PrS[7,3]'            55909.5
676   'PrS[8,1]'           190801
677   'PrS[8,2]'           109314
678   'PrS[8,3]'            50411.7
679   'PrS[9,1]'           186958
680   'PrS[9,2]'           106999
681   'PrS[9,3]'            49256.2
682   'PrS[10,1]'          182392
683   'PrS[10,2]'          104251
684   'PrS[10,3]'           47887.4
685   'PrS[11,1]'          177233
686   'PrS[11,2]'          101150
687   'PrS[11,3]'           46346.5
688   'PrS[12,1]'          171638
689   'PrS[12,2]'           97792.6
690   'PrS[12,3]'           44682.1
691   'PrS[13,1]'          165591
692   'PrS[13,2]'           94169.4
693   'PrS[13,3]'           42891.2
694   'PrS[14,1]'          158525
695   'PrS[14,2]'           89944
696   'PrS[14,3]'           40809.6
697   'PrS[15,1]'          148870
698   'PrS[15,2]'           84185.8
699   'PrS[15,3]'           37985.5
700   'PrSF[1]'            167362
701   'PrSF[2]'             95229.8
702   'PrSF[3]'             43414.8
703   Vap                     276.796
;

