solve_message =
'filterSQP (20020316): Optimal solution found, objective = 487.0994139111483\
370 iterations (341 for feasibility)\
Evals: obj = 46, constr = 812, grad = 196, Hes = 356'

:            _varname               _var          :=
1      'F[2]'                      0
2      'F[3]'                      0
3      'F[4]'                      0
4      'F[5]'                      0
5      'F[6]'                      0
6      'F[7]'                      0
7      'F[8]'                    200
8      'F[9]'                      0
9      'F[10]'                     0
10     'F[11]'                     0
11     'F[12]'                     0
12     'F[13]'                     0
13     'F[14]'                     0
14     'V[1,1]'                  255.786
15     'V[1,2]'                  264.453
16     'V[1,3]'                  266.24
17     'V[1,4]'                  265.702
18     'V[1,5]'                  264.9
19     'V[1,6]'                  264.444
20     'V[1,7]'                  264.38
21     'V[1,8]'                  266.954
22     'V[1,9]'                  277.208
23     'V[1,10]'                 282.398
24     'V[1,11]'                 286.361
25     'V[1,12]'                 290.01
26     'V[1,13]'                 293.161
27     'V[1,14]'                 295.586
28     'V[1,15]'                   0
29     'V[2,1]'                  231.314
30     'V[2,2]'                  224.205
31     'V[2,3]'                  222.492
32     'V[2,4]'                  227.717
33     'V[2,5]'                  235.08
34     'V[2,6]'                  245.605
35     'V[2,7]'                  254.776
36     'V[2,8]'                  259.998
37     'V[2,9]'                  261.282
38     'V[2,10]'                 261.074
39     'V[2,11]'                 260.378
40     'V[2,12]'                 260.049
41     'V[2,13]'                 261.309
42     'V[2,14]'                 265.052
43     'V[2,15]'                   0
44     'y[1,1,1]'                  0.0839711
45     'y[1,1,2]'                  0.745978
46     'y[1,1,3]'                  0.170051
47     'y[1,2,1]'                  0.14398
48     'y[1,2,2]'                  0.770851
49     'y[1,2,3]'                  0.0851688
50     'y[1,3,1]'                  0.213336
51     'y[1,3,2]'                  0.726663
52     'y[1,3,3]'                  0.0600005
53     'y[1,4,1]'                  0.290174
54     'y[1,4,2]'                  0.658465
55     'y[1,4,3]'                  0.0513607
56     'y[1,5,1]'                  0.369147
57     'y[1,5,2]'                  0.583971
58     'y[1,5,3]'                  0.046882
59     'y[1,6,1]'                  0.443584
60     'y[1,6,2]'                  0.512853
61     'y[1,6,3]'                  0.0435626
62     'y[1,7,1]'                  0.508054
63     'y[1,7,2]'                  0.451109
64     'y[1,7,3]'                  0.0408364
65     'y[1,8,1]'                  0.559881
66     'y[1,8,2]'                  0.40147
67     'y[1,8,3]'                  0.0386488
68     'y[1,9,1]'                  0.636604
69     'y[1,9,2]'                  0.354397
70     'y[1,9,3]'                  0.00899917
71     'y[1,10,1]'                 0.716935
72     'y[1,10,2]'                 0.281217
73     'y[1,10,3]'                 0.00184832
74     'y[1,11,1]'                 0.794591
75     'y[1,11,2]'                 0.205064
76     'y[1,11,3]'                 0.000344591
77     'y[1,12,1]'                 0.861435
78     'y[1,12,2]'                 0.138506
79     'y[1,12,3]'                 5.90941e-05
80     'y[1,13,1]'                 0.912734
81     'y[1,13,2]'                 0.0872563
82     'y[1,13,3]'                 9.46128e-06
83     'y[1,14,1]'                 0.948543
84     'y[1,14,2]'                 0.0514559
85     'y[1,14,3]'                 1.43497e-06
86     'y[1,15,1]'                 0.971859
87     'y[1,15,2]'                 0.0281404
88     'y[1,15,3]'                 2.05318e-07
89     'y[2,1,1]'                  0.000475658
90     'y[2,1,2]'                  0.136051
91     'y[2,1,3]'                  0.863473
92     'y[2,2,1]'                  0.00173654
93     'y[2,2,2]'                  0.287042
94     'y[2,2,3]'                  0.711221
95     'y[2,3,1]'                  0.00522754
96     'y[2,3,2]'                  0.48839
97     'y[2,3,3]'                  0.506382
98     'y[2,4,1]'                  0.013024
99     'y[2,4,2]'                  0.670533
100    'y[2,4,3]'                  0.316443
101    'y[2,5,1]'                  0.0279695
102    'y[2,5,2]'                  0.778225
103    'y[2,5,3]'                  0.193806
104    'y[2,6,1]'                  0.0296547
105    'y[2,6,2]'                  0.870513
106    'y[2,6,3]'                  0.0998325
107    'y[2,7,1]'                  0.0339408
108    'y[2,7,2]'                  0.925641
109    'y[2,7,3]'                  0.0404186
110    'y[2,8,1]'                  0.0456305
111    'y[2,8,2]'                  0.942795
112    'y[2,8,3]'                  0.0115744
113    'y[2,9,1]'                  0.0673103
114    'y[2,9,2]'                  0.929503
115    'y[2,9,3]'                  0.00318633
116    'y[2,10,1]'                 0.106713
117    'y[2,10,2]'                 0.892438
118    'y[2,10,3]'                 0.000849583
119    'y[2,11,1]'                 0.174924
120    'y[2,11,2]'                 0.824859
121    'y[2,11,3]'                 0.000216387
122    'y[2,12,1]'                 0.283093
123    'y[2,12,2]'                 0.716856
124    'y[2,12,3]'                 5.11771e-05
125    'y[2,13,1]'                 0.432161
126    'y[2,13,2]'                 0.567828
127    'y[2,13,3]'                 1.08267e-05
128    'y[2,14,1]'                 0.601008
129    'y[2,14,2]'                 0.39899
130    'y[2,14,3]'                 1.98334e-06
131    'y[2,15,1]'                 0.752985
132    'y[2,15,2]'                 0.247014
133    'y[2,15,3]'                 3.11996e-07
134    'L[1,1]'                    0
135    'L[1,2]'                  398.846
136    'L[1,3]'                  407.513
137    'L[1,4]'                  409.3
138    'L[1,5]'                  408.763
139    'L[1,6]'                  407.961
140    'L[1,7]'                  407.504
141    'L[1,8]'                  407.44
142    'L[1,9]'                  210.015
143    'L[1,10]'                 220.269
144    'L[1,11]'                 225.459
145    'L[1,12]'                 229.422
146    'L[1,13]'                 233.071
147    'L[1,14]'                 236.222
148    'L[1,15]'                 238.646
149    'L[2,1]'                    0
150    'L[2,2]'                  291.093
151    'L[2,3]'                  283.985
152    'L[2,4]'                  282.271
153    'L[2,5]'                  287.496
154    'L[2,6]'                  151.799
155    'L[2,7]'                  162.324
156    'L[2,8]'                  171.495
157    'L[2,9]'                  256.272
158    'L[2,10]'                 257.556
159    'L[2,11]'                 257.348
160    'L[2,12]'                 256.652
161    'L[2,13]'                 256.322
162    'L[2,14]'                 257.583
163    'L[2,15]'                 261.326
164    'x[1,1,1]'                  0.0325929
165    'x[1,1,2]'                  0.548004
166    'x[1,1,3]'                  0.419403
167    'x[1,2,1]'                  0.0655425
168    'x[1,2,2]'                  0.674968
169    'x[1,2,3]'                  0.25949
170    'x[1,3,1]'                  0.104877
171    'x[1,3,2]'                  0.692619
172    'x[1,3,3]'                  0.202504
173    'x[1,4,1]'                  0.150162
174    'x[1,4,2]'                  0.664218
175    'x[1,4,3]'                  0.18562
176    'x[1,5,1]'                  0.200025
177    'x[1,5,2]'                  0.619806
178    'x[1,5,3]'                  0.18017
179    'x[1,6,1]'                  0.251127
180    'x[1,6,2]'                  0.571358
181    'x[1,6,3]'                  0.177515
182    'x[1,7,1]'                  0.2993
183    'x[1,7,2]'                  0.525193
184    'x[1,7,3]'                  0.175507
185    'x[1,8,1]'                  0.34111
186    'x[1,8,2]'                  0.485131
187    'x[1,8,3]'                  0.173759
188    'x[1,9,1]'                  0.448185
189    'x[1,9,2]'                  0.502688
190    'x[1,9,3]'                  0.0491273
191    'x[1,10,1]'                 0.54994
192    'x[1,10,2]'                 0.438734
193    'x[1,10,3]'                 0.0113254
194    'x[1,11,1]'                 0.652554
195    'x[1,11,2]'                 0.345131
196    'x[1,11,3]'                 0.00231505
197    'x[1,12,1]'                 0.750595
198    'x[1,12,2]'                 0.248974
199    'x[1,12,3]'                 0.000430064
200    'x[1,13,1]'                 0.834458
201    'x[1,13,2]'                 0.165468
202    'x[1,13,3]'                 7.34807e-05
203    'x[1,14,1]'                 0.898483
204    'x[1,14,2]'                 0.101506
205    'x[1,14,3]'                 1.16924e-05
206    'x[1,15,1]'                 0.942979
207    'x[1,15,2]'                 0.0570189
208    'x[1,15,3]'                 1.72836e-06
209    'x[2,1,1]'                  9.9487e-05
210    'x[2,1,2]'                  0.0508011
211    'x[2,1,3]'                  0.949099
212    'x[2,2,1]'                  0.000398407
213    'x[2,2,2]'                  0.118544
214    'x[2,2,3]'                  0.881057
215    'x[2,3,1]'                  0.00139194
216    'x[2,3,2]'                  0.237313
217    'x[2,3,3]'                  0.761295
218    'x[2,4,1]'                  0.00414152
219    'x[2,4,2]'                  0.395717
220    'x[2,4,3]'                  0.600141
221    'x[2,5,1]'                  0.0103365
222    'x[2,5,2]'                  0.541671
223    'x[2,5,3]'                  0.447992
224    'x[2,6,1]'                  0.0126369
225    'x[2,6,2]'                  0.708728
226    'x[2,6,3]'                  0.278635
227    'x[2,7,1]'                  0.0161808
228    'x[2,7,2]'                  0.85287
229    'x[2,7,3]'                  0.130949
230    'x[2,8,1]'                  0.0232688
231    'x[2,8,2]'                  0.935713
232    'x[2,8,3]'                  0.0410185
233    'x[2,9,1]'                  0.0353459
234    'x[2,9,2]'                  0.952911
235    'x[2,9,3]'                  0.0117427
236    'x[2,10,1]'                 0.0573907
237    'x[2,10,2]'                 0.939377
238    'x[2,10,3]'                 0.00323242
239    'x[2,11,1]'                 0.0973555
240    'x[2,11,2]'                 0.901783
241    'x[2,11,3]'                 0.000861879
242    'x[2,12,1]'                 0.166532
243    'x[2,12,2]'                 0.833249
244    'x[2,12,3]'                 0.000219524
245    'x[2,13,1]'                 0.276262
246    'x[2,13,2]'                 0.723686
247    'x[2,13,3]'                 5.19165e-05
248    'x[2,14,1]'                 0.42752
249    'x[2,14,2]'                 0.572469
250    'x[2,14,3]'                 1.09788e-05
251    'x[2,15,1]'                 0.598841
252    'x[2,15,2]'                 0.401157
253    'x[2,15,3]'                 2.00717e-06
254    'CC[2]'                     0
255    'CC[3]'                     0
256    'CC[4]'                     0
257    'CC[5]'                     0
258    'CC[6]'                     0
259    'CC[7]'                     0
260    'CC[8]'                     0
261    'CC[9]'                     0
262    'CC[10]'                    0
263    'CC[11]'                    0
264    'CC[12]'                    0
265    'CC[13]'                    0
266    'CC[14]'                    0
267    'CR[2]'                     0
268    'CR[3]'                     0
269    'CR[4]'                     0
270    'CR[5]'                   143.06
271    'CR[6]'                     0
272    'CR[7]'                     0
273    'CR[8]'                     0
274    'CR[9]'                     0
275    'CR[10]'                    0
276    'CR[11]'                    0
277    'CR[12]'                    0
278    'CR[13]'                    0
279    'CR[14]'                    0
280    'PC[1]'                    56.9396
281    'PC[2]'                     3.72606
282    'PR[1]'                     0
283    'PR[2]'                    59.7796
284    'PS[2]'                     0
285    'PS[3]'                     0
286    'PS[4]'                     0
287    'PS[5]'                     0
288    'PS[6]'                     0
289    'PS[7]'                     0
290    'PS[8]'                    79.5548
291    'PS[9]'                     0
292    'PS[10]'                    0
293    'PS[11]'                    0
294    'PS[12]'                    0
295    'PS[13]'                    0
296    'PS[14]'                    0
297    'T[1,1]'                  439.297
298    'T[1,2]'                  431.512
299    'T[1,3]'                  427.862
300    'T[1,4]'                  425.463
301    'T[1,5]'                  423.337
302    'T[1,6]'                  421.334
303    'T[1,7]'                  419.534
304    'T[1,8]'                  418.025
305    'T[1,9]'                  411.674
306    'T[1,10]'                 408.008
307    'T[1,11]'                 405.143
308    'T[1,12]'                 402.694
309    'T[1,13]'                 400.73
310    'T[1,14]'                 399.296
311    'T[1,15]'                 398.329
312    'T[2,1]'                  472.498
313    'T[2,2]'                  467.21
314    'T[2,3]'                  458.94
315    'T[2,4]'                  449.464
316    'T[2,5]'                  441.753
317    'T[2,6]'                  434.7
318    'T[2,7]'                  429.311
319    'T[2,8]'                  426.147
320    'T[2,9]'                  424.784
321    'T[2,10]'                 423.682
322    'T[2,11]'                 422.111
323    'T[2,12]'                 419.599
324    'T[2,13]'                 415.889
325    'T[2,14]'                 411.229
326    'T[2,15]'                 406.485
327    TF                        422.969
328    'QC[1]'                  2483.85
329    'QC[2]'                  2365.56
330    'QR[1]'                  2604.31
331    'QR[2]'                  2485.77
332    'H[1,1,1]'                  7.74297
333    'H[1,1,2]'                  8.80636
334    'H[1,1,3]'                 10.9409
335    'H[1,2,1]'                  7.25227
336    'H[1,2,2]'                  8.24824
337    'H[1,2,3]'                 10.2472
338    'H[1,3,1]'                  7.02463
339    'H[1,3,2]'                  7.98934
340    'H[1,3,3]'                  9.92542
341    'H[1,4,1]'                  6.87588
342    'H[1,4,2]'                  7.82016
343    'H[1,4,3]'                  9.71514
344    'H[1,5,1]'                  6.74462
345    'H[1,5,2]'                  7.67086
346    'H[1,5,3]'                  9.52958
347    'H[1,6,1]'                  6.62141
348    'H[1,6,2]'                  7.53073
349    'H[1,6,3]'                  9.35542
350    'H[1,7,1]'                  6.51108
351    'H[1,7,2]'                  7.40524
352    'H[1,7,3]'                  9.19945
353    'H[1,8,1]'                  6.41893
354    'H[1,8,2]'                  7.30044
355    'H[1,8,3]'                  9.0692
356    'H[1,9,1]'                  6.03399
357    'H[1,9,2]'                  6.86262
358    'H[1,9,3]'                  8.52505
359    'H[1,10,1]'                 5.81395
360    'H[1,10,2]'                 6.61235
361    'H[1,10,3]'                 8.21402
362    'H[1,11,1]'                 5.64314
363    'H[1,11,2]'                 6.41808
364    'H[1,11,3]'                 7.97257
365    'H[1,12,1]'                 5.49793
366    'H[1,12,2]'                 6.25292
367    'H[1,12,3]'                 7.76732
368    'H[1,13,1]'                 5.38201
369    'H[1,13,2]'                 6.12107
370    'H[1,13,3]'                 7.60346
371    'H[1,14,1]'                 5.29766
372    'H[1,14,2]'                 6.02514
373    'H[1,14,3]'                 7.48423
374    'H[1,15,1]'                 5.24095
375    'H[1,15,2]'                 5.96064
376    'H[1,15,3]'                 7.40408
377    'H[2,1,1]'                  9.91276
378    'H[2,1,2]'                 11.2742
379    'H[2,1,3]'                 14.0082
380    'H[2,2,1]'                  9.55903
381    'H[2,2,2]'                 10.8719
382    'H[2,2,3]'                 13.5081
383    'H[2,3,1]'                  9.0119
384    'H[2,3,2]'                 10.2496
385    'H[2,3,3]'                 12.7347
386    'H[2,4,1]'                  8.39433
387    'H[2,4,2]'                  9.54719
388    'H[2,4,3]'                 11.8617
389    'H[2,5,1]'                  7.89926
390    'H[2,5,2]'                  8.98412
391    'H[2,5,3]'                 11.1618
392    'H[2,6,1]'                  7.45239
393    'H[2,6,2]'                  8.47585
394    'H[2,6,3]'                 10.5301
395    'H[2,7,1]'                  7.11485
396    'H[2,7,2]'                  8.09195
397    'H[2,7,3]'                 10.0529
398    'H[2,8,1]'                  6.91823
399    'H[2,8,2]'                  7.86832
400    'H[2,8,3]'                  9.77501
401    'H[2,9,1]'                  6.83391
402    'H[2,9,2]'                  7.77242
403    'H[2,9,3]'                  9.65581
404    'H[2,10,1]'                 6.76589
405    'H[2,10,2]'                 7.69505
406    'H[2,10,3]'                 9.55965
407    'H[2,11,1]'                 6.66915
408    'H[2,11,2]'                 7.58502
409    'H[2,11,3]'                 9.4229
410    'H[2,12,1]'                 6.51506
411    'H[2,12,2]'                 7.40977
412    'H[2,12,3]'                 9.20508
413    'H[2,13,1]'                 6.28894
414    'H[2,13,2]'                 7.15259
415    'H[2,13,3]'                 8.88545
416    'H[2,14,1]'                 6.00715
417    'H[2,14,2]'                 6.83209
418    'H[2,14,3]'                 8.48711
419    'H[2,15,1]'                 5.72306
420    'H[2,15,2]'                 6.50898
421    'H[2,15,3]'                 8.08555
422    'HF[1]'                     6.72192
423    'HF[2]'                     7.64505
424    'HF[3]'                     9.4975
425    'h[1,1,1]'                  0.478262
426    'h[1,1,2]'                  0.142136
427    'h[1,1,3]'                 -0.193901
428    'h[1,2,1]'                 -0.222254
429    'h[1,2,2]'                 -0.60608
430    'h[1,2,3]'                 -1.07303
431    'h[1,3,1]'                 -0.545059
432    'h[1,3,2]'                 -0.95203
433    'h[1,3,3]'                 -1.48077
434    'h[1,4,1]'                 -0.755328
435    'h[1,4,2]'                 -1.17775
436    'h[1,4,3]'                 -1.74721
437    'h[1,5,1]'                 -0.94045
438    'h[1,5,2]'                 -1.37672
439    'h[1,5,3]'                 -1.98234
440    'h[1,6,1]'                 -1.11386
441    'h[1,6,2]'                 -1.5633
442    'h[1,6,3]'                 -2.20305
443    'h[1,7,1]'                 -1.26887
444    'h[1,7,2]'                 -1.73026
445    'h[1,7,3]'                 -2.40072
446    'h[1,8,1]'                 -1.39813
447    'h[1,8,2]'                 -1.86958
448    'h[1,8,3]'                 -2.5658
449    'h[1,9,1]'                 -1.93631
450    'h[1,9,2]'                 -2.4508
451    'h[1,9,3]'                 -3.25571
452    'h[1,10,1]'                -2.24269
453    'h[1,10,2]'                -2.78246
454    'h[1,10,3]'                -3.65026
455    'h[1,11,1]'                -2.47995
456    'h[1,11,2]'                -3.03968
457    'h[1,11,3]'                -3.95668
458    'h[1,12,1]'                -2.68128
459    'h[1,12,2]'                -3.2582
460    'h[1,12,3]'                -4.21727
461    'h[1,13,1]'                -2.84175
462    'h[1,13,2]'                -3.43254
463    'h[1,13,3]'                -4.42537
464    'h[1,14,1]'                -2.9584
465    'h[1,14,2]'                -3.55935
466    'h[1,14,3]'                -4.57684
467    'h[1,15,1]'                -3.03675
468    'h[1,15,2]'                -3.64459
469    'h[1,15,3]'                -4.6787
470    'h[2,1,1]'                  3.67785
471    'h[2,1,2]'                  3.50623
472    'h[2,1,3]'                  3.70568
473    'h[2,2,1]'                  3.1419
474    'h[2,2,2]'                  2.94997
475    'h[2,2,3]'                  3.0677
476    'h[2,3,1]'                  2.32542
477    'h[2,3,2]'                  2.09636
478    'h[2,3,3]'                  2.08303
479    'h[2,4,1]'                  1.41927
480    'h[2,4,2]'                  1.14133
481    'h[2,4,3]'                  0.973972
482    'h[2,5,1]'                  0.70282
483    'h[2,5,2]'                  0.381217
484    'h[2,5,3]'                  0.0862021
485    'h[2,6,1]'                  0.0626355
486    'h[2,6,2]'                 -0.301364
487    'h[2,6,3]'                 -0.714547
488    'h[2,7,1]'                 -0.417281
489    'h[2,7,2]'                 -0.815005
490    'h[2,7,3]'                 -1.31918
491    'h[2,8,1]'                 -0.695519
492    'h[2,8,2]'                 -1.11352
493    'h[2,8,3]'                 -1.67136
494    'h[2,9,1]'                 -0.814558
495    'h[2,9,2]'                 -1.24139
496    'h[2,9,3]'                 -1.82239
497    'h[2,10,1]'                -0.91048
498    'h[2,10,2]'                -1.3445
499    'h[2,10,3]'                -1.94424
500    'h[2,11,1]'                -1.04671
501    'h[2,11,2]'                -1.49103
502    'h[2,11,3]'                -2.11753
503    'h[2,12,1]'                -1.26328
504    'h[2,12,2]'                -1.72423
505    'h[2,12,3]'                -2.39358
506    'h[2,13,1]'                -1.58019
507    'h[2,13,2]'                -2.066
508    'h[2,13,3]'                -2.79874
509    'h[2,14,1]'                -1.97372
510    'h[2,14,2]'                -2.49127
511    'h[2,14,3]'                -3.30383
512    'h[2,15,1]'                -2.369
513    'h[2,15,2]'                -2.91935
514    'h[2,15,3]'                -3.81329
515    'hF[1]'                    -0.972416
516    'hF[2]'                    -1.4111
517    'hF[3]'                    -2.02299
518    'tauGamma[1,1,1,1]'     1e-06
519    'tauGamma[1,1,1,2]'     1e-06
520    'tauGamma[1,1,1,3]'     1e-06
521    'tauGamma[1,1,2,1]'     1e-06
522    'tauGamma[1,1,2,2]'     1e-06
523    'tauGamma[1,1,2,3]'     1e-06
524    'tauGamma[1,1,3,1]'     1e-06
525    'tauGamma[1,1,3,2]'     1e-06
526    'tauGamma[1,1,3,3]'     1e-06
527    'tauGamma[1,2,1,1]'     1e-06
528    'tauGamma[1,2,1,2]'     1e-06
529    'tauGamma[1,2,1,3]'     1e-06
530    'tauGamma[1,2,2,1]'     1e-06
531    'tauGamma[1,2,2,2]'     1e-06
532    'tauGamma[1,2,2,3]'     1e-06
533    'tauGamma[1,2,3,1]'     1e-06
534    'tauGamma[1,2,3,2]'     1e-06
535    'tauGamma[1,2,3,3]'     1e-06
536    'tauGamma[1,3,1,1]'     1e-06
537    'tauGamma[1,3,1,2]'     1e-06
538    'tauGamma[1,3,1,3]'     1e-06
539    'tauGamma[1,3,2,1]'     1e-06
540    'tauGamma[1,3,2,2]'     1e-06
541    'tauGamma[1,3,2,3]'     1e-06
542    'tauGamma[1,3,3,1]'     1e-06
543    'tauGamma[1,3,3,2]'     1e-06
544    'tauGamma[1,3,3,3]'     1e-06
545    'tauGamma[1,4,1,1]'     1e-06
546    'tauGamma[1,4,1,2]'     1e-06
547    'tauGamma[1,4,1,3]'     1e-06
548    'tauGamma[1,4,2,1]'     1e-06
549    'tauGamma[1,4,2,2]'     1e-06
550    'tauGamma[1,4,2,3]'     1e-06
551    'tauGamma[1,4,3,1]'     1e-06
552    'tauGamma[1,4,3,2]'     1e-06
553    'tauGamma[1,4,3,3]'     1e-06
554    'tauGamma[1,5,1,1]'     1e-06
555    'tauGamma[1,5,1,2]'     1e-06
556    'tauGamma[1,5,1,3]'     1e-06
557    'tauGamma[1,5,2,1]'     1e-06
558    'tauGamma[1,5,2,2]'     1e-06
559    'tauGamma[1,5,2,3]'     1e-06
560    'tauGamma[1,5,3,1]'     1e-06
561    'tauGamma[1,5,3,2]'     1e-06
562    'tauGamma[1,5,3,3]'     1e-06
563    'tauGamma[1,6,1,1]'     1e-06
564    'tauGamma[1,6,1,2]'     1e-06
565    'tauGamma[1,6,1,3]'     1e-06
566    'tauGamma[1,6,2,1]'     1e-06
567    'tauGamma[1,6,2,2]'     1e-06
568    'tauGamma[1,6,2,3]'     1e-06
569    'tauGamma[1,6,3,1]'     1e-06
570    'tauGamma[1,6,3,2]'     1e-06
571    'tauGamma[1,6,3,3]'     1e-06
572    'tauGamma[1,7,1,1]'     1e-06
573    'tauGamma[1,7,1,2]'     1e-06
574    'tauGamma[1,7,1,3]'     1e-06
575    'tauGamma[1,7,2,1]'     1e-06
576    'tauGamma[1,7,2,2]'     1e-06
577    'tauGamma[1,7,2,3]'     1e-06
578    'tauGamma[1,7,3,1]'     1e-06
579    'tauGamma[1,7,3,2]'     1e-06
580    'tauGamma[1,7,3,3]'     1e-06
581    'tauGamma[1,8,1,1]'     1e-06
582    'tauGamma[1,8,1,2]'     1e-06
583    'tauGamma[1,8,1,3]'     1e-06
584    'tauGamma[1,8,2,1]'     1e-06
585    'tauGamma[1,8,2,2]'     1e-06
586    'tauGamma[1,8,2,3]'     1e-06
587    'tauGamma[1,8,3,1]'     1e-06
588    'tauGamma[1,8,3,2]'     1e-06
589    'tauGamma[1,8,3,3]'     1e-06
590    'tauGamma[1,9,1,1]'     1e-06
591    'tauGamma[1,9,1,2]'     1e-06
592    'tauGamma[1,9,1,3]'     1e-06
593    'tauGamma[1,9,2,1]'     1e-06
594    'tauGamma[1,9,2,2]'     1e-06
595    'tauGamma[1,9,2,3]'     1e-06
596    'tauGamma[1,9,3,1]'     1e-06
597    'tauGamma[1,9,3,2]'     1e-06
598    'tauGamma[1,9,3,3]'     1e-06
599    'tauGamma[1,10,1,1]'    1e-06
600    'tauGamma[1,10,1,2]'    1e-06
601    'tauGamma[1,10,1,3]'    1e-06
602    'tauGamma[1,10,2,1]'    1e-06
603    'tauGamma[1,10,2,2]'    1e-06
604    'tauGamma[1,10,2,3]'    1e-06
605    'tauGamma[1,10,3,1]'    1e-06
606    'tauGamma[1,10,3,2]'    1e-06
607    'tauGamma[1,10,3,3]'    1e-06
608    'tauGamma[1,11,1,1]'    1e-06
609    'tauGamma[1,11,1,2]'    1e-06
610    'tauGamma[1,11,1,3]'    1e-06
611    'tauGamma[1,11,2,1]'    1e-06
612    'tauGamma[1,11,2,2]'    1e-06
613    'tauGamma[1,11,2,3]'    1e-06
614    'tauGamma[1,11,3,1]'    1e-06
615    'tauGamma[1,11,3,2]'    1e-06
616    'tauGamma[1,11,3,3]'    1e-06
617    'tauGamma[1,12,1,1]'    1e-06
618    'tauGamma[1,12,1,2]'    1e-06
619    'tauGamma[1,12,1,3]'    1e-06
620    'tauGamma[1,12,2,1]'    1e-06
621    'tauGamma[1,12,2,2]'    1e-06
622    'tauGamma[1,12,2,3]'    1e-06
623    'tauGamma[1,12,3,1]'    1e-06
624    'tauGamma[1,12,3,2]'    1e-06
625    'tauGamma[1,12,3,3]'    1e-06
626    'tauGamma[1,13,1,1]'    1e-06
627    'tauGamma[1,13,1,2]'    1e-06
628    'tauGamma[1,13,1,3]'    1e-06
629    'tauGamma[1,13,2,1]'    1e-06
630    'tauGamma[1,13,2,2]'    1e-06
631    'tauGamma[1,13,2,3]'    1e-06
632    'tauGamma[1,13,3,1]'    1e-06
633    'tauGamma[1,13,3,2]'    1e-06
634    'tauGamma[1,13,3,3]'    1e-06
635    'tauGamma[1,14,1,1]'    1e-06
636    'tauGamma[1,14,1,2]'    1e-06
637    'tauGamma[1,14,1,3]'    1e-06
638    'tauGamma[1,14,2,1]'    1e-06
639    'tauGamma[1,14,2,2]'    1e-06
640    'tauGamma[1,14,2,3]'    1e-06
641    'tauGamma[1,14,3,1]'    1e-06
642    'tauGamma[1,14,3,2]'    1e-06
643    'tauGamma[1,14,3,3]'    1e-06
644    'tauGamma[1,15,1,1]'    1e-06
645    'tauGamma[1,15,1,2]'    1e-06
646    'tauGamma[1,15,1,3]'    1e-06
647    'tauGamma[1,15,2,1]'    1e-06
648    'tauGamma[1,15,2,2]'    1e-06
649    'tauGamma[1,15,2,3]'    1e-06
650    'tauGamma[1,15,3,1]'    1e-06
651    'tauGamma[1,15,3,2]'    1e-06
652    'tauGamma[1,15,3,3]'    1e-06
653    'tauGamma[2,1,1,1]'     1e-06
654    'tauGamma[2,1,1,2]'     1e-06
655    'tauGamma[2,1,1,3]'     1e-06
656    'tauGamma[2,1,2,1]'     1e-06
657    'tauGamma[2,1,2,2]'     1e-06
658    'tauGamma[2,1,2,3]'     1e-06
659    'tauGamma[2,1,3,1]'     1e-06
660    'tauGamma[2,1,3,2]'     1e-06
661    'tauGamma[2,1,3,3]'     1e-06
662    'tauGamma[2,2,1,1]'     1e-06
663    'tauGamma[2,2,1,2]'     1e-06
664    'tauGamma[2,2,1,3]'     1e-06
665    'tauGamma[2,2,2,1]'     1e-06
666    'tauGamma[2,2,2,2]'     1e-06
667    'tauGamma[2,2,2,3]'     1e-06
668    'tauGamma[2,2,3,1]'     1e-06
669    'tauGamma[2,2,3,2]'     1e-06
670    'tauGamma[2,2,3,3]'     1e-06
671    'tauGamma[2,3,1,1]'     1e-06
672    'tauGamma[2,3,1,2]'     1e-06
673    'tauGamma[2,3,1,3]'     1e-06
674    'tauGamma[2,3,2,1]'     1e-06
675    'tauGamma[2,3,2,2]'     1e-06
676    'tauGamma[2,3,2,3]'     1e-06
677    'tauGamma[2,3,3,1]'     1e-06
678    'tauGamma[2,3,3,2]'     1e-06
679    'tauGamma[2,3,3,3]'     1e-06
680    'tauGamma[2,4,1,1]'     1e-06
681    'tauGamma[2,4,1,2]'     1e-06
682    'tauGamma[2,4,1,3]'     1e-06
683    'tauGamma[2,4,2,1]'     1e-06
684    'tauGamma[2,4,2,2]'     1e-06
685    'tauGamma[2,4,2,3]'     1e-06
686    'tauGamma[2,4,3,1]'     1e-06
687    'tauGamma[2,4,3,2]'     1e-06
688    'tauGamma[2,4,3,3]'     1e-06
689    'tauGamma[2,5,1,1]'     1e-06
690    'tauGamma[2,5,1,2]'     1e-06
691    'tauGamma[2,5,1,3]'     1e-06
692    'tauGamma[2,5,2,1]'     1e-06
693    'tauGamma[2,5,2,2]'     1e-06
694    'tauGamma[2,5,2,3]'     1e-06
695    'tauGamma[2,5,3,1]'     1e-06
696    'tauGamma[2,5,3,2]'     1e-06
697    'tauGamma[2,5,3,3]'     1e-06
698    'tauGamma[2,6,1,1]'     1e-06
699    'tauGamma[2,6,1,2]'     1e-06
700    'tauGamma[2,6,1,3]'     1e-06
701    'tauGamma[2,6,2,1]'     1e-06
702    'tauGamma[2,6,2,2]'     1e-06
703    'tauGamma[2,6,2,3]'     1e-06
704    'tauGamma[2,6,3,1]'     1e-06
705    'tauGamma[2,6,3,2]'     1e-06
706    'tauGamma[2,6,3,3]'     1e-06
707    'tauGamma[2,7,1,1]'     1e-06
708    'tauGamma[2,7,1,2]'     1e-06
709    'tauGamma[2,7,1,3]'     1e-06
710    'tauGamma[2,7,2,1]'     1e-06
711    'tauGamma[2,7,2,2]'     1e-06
712    'tauGamma[2,7,2,3]'     1e-06
713    'tauGamma[2,7,3,1]'     1e-06
714    'tauGamma[2,7,3,2]'     1e-06
715    'tauGamma[2,7,3,3]'     1e-06
716    'tauGamma[2,8,1,1]'     1e-06
717    'tauGamma[2,8,1,2]'     1e-06
718    'tauGamma[2,8,1,3]'     1e-06
719    'tauGamma[2,8,2,1]'     1e-06
720    'tauGamma[2,8,2,2]'     1e-06
721    'tauGamma[2,8,2,3]'     1e-06
722    'tauGamma[2,8,3,1]'     1e-06
723    'tauGamma[2,8,3,2]'     1e-06
724    'tauGamma[2,8,3,3]'     1e-06
725    'tauGamma[2,9,1,1]'     1e-06
726    'tauGamma[2,9,1,2]'     1e-06
727    'tauGamma[2,9,1,3]'     1e-06
728    'tauGamma[2,9,2,1]'     1e-06
729    'tauGamma[2,9,2,2]'     1e-06
730    'tauGamma[2,9,2,3]'     1e-06
731    'tauGamma[2,9,3,1]'     1e-06
732    'tauGamma[2,9,3,2]'     1e-06
733    'tauGamma[2,9,3,3]'     1e-06
734    'tauGamma[2,10,1,1]'    1e-06
735    'tauGamma[2,10,1,2]'    1e-06
736    'tauGamma[2,10,1,3]'    1e-06
737    'tauGamma[2,10,2,1]'    1e-06
738    'tauGamma[2,10,2,2]'    1e-06
739    'tauGamma[2,10,2,3]'    1e-06
740    'tauGamma[2,10,3,1]'    1e-06
741    'tauGamma[2,10,3,2]'    1e-06
742    'tauGamma[2,10,3,3]'    1e-06
743    'tauGamma[2,11,1,1]'    1e-06
744    'tauGamma[2,11,1,2]'    1e-06
745    'tauGamma[2,11,1,3]'    1e-06
746    'tauGamma[2,11,2,1]'    1e-06
747    'tauGamma[2,11,2,2]'    1e-06
748    'tauGamma[2,11,2,3]'    1e-06
749    'tauGamma[2,11,3,1]'    1e-06
750    'tauGamma[2,11,3,2]'    1e-06
751    'tauGamma[2,11,3,3]'    1e-06
752    'tauGamma[2,12,1,1]'    1e-06
753    'tauGamma[2,12,1,2]'    1e-06
754    'tauGamma[2,12,1,3]'    1e-06
755    'tauGamma[2,12,2,1]'    1e-06
756    'tauGamma[2,12,2,2]'    1e-06
757    'tauGamma[2,12,2,3]'    1e-06
758    'tauGamma[2,12,3,1]'    1e-06
759    'tauGamma[2,12,3,2]'    1e-06
760    'tauGamma[2,12,3,3]'    1e-06
761    'tauGamma[2,13,1,1]'    1e-06
762    'tauGamma[2,13,1,2]'    1e-06
763    'tauGamma[2,13,1,3]'    1e-06
764    'tauGamma[2,13,2,1]'    1e-06
765    'tauGamma[2,13,2,2]'    1e-06
766    'tauGamma[2,13,2,3]'    1e-06
767    'tauGamma[2,13,3,1]'    1e-06
768    'tauGamma[2,13,3,2]'    1e-06
769    'tauGamma[2,13,3,3]'    1e-06
770    'tauGamma[2,14,1,1]'    1e-06
771    'tauGamma[2,14,1,2]'    1e-06
772    'tauGamma[2,14,1,3]'    1e-06
773    'tauGamma[2,14,2,1]'    1e-06
774    'tauGamma[2,14,2,2]'    1e-06
775    'tauGamma[2,14,2,3]'    1e-06
776    'tauGamma[2,14,3,1]'    1e-06
777    'tauGamma[2,14,3,2]'    1e-06
778    'tauGamma[2,14,3,3]'    1e-06
779    'tauGamma[2,15,1,1]'    1e-06
780    'tauGamma[2,15,1,2]'    1e-06
781    'tauGamma[2,15,1,3]'    1e-06
782    'tauGamma[2,15,2,1]'    1e-06
783    'tauGamma[2,15,2,2]'    1e-06
784    'tauGamma[2,15,2,3]'    1e-06
785    'tauGamma[2,15,3,1]'    1e-06
786    'tauGamma[2,15,3,2]'    1e-06
787    'tauGamma[2,15,3,3]'    1e-06
788    'PGamma[1,1,1,1]'           1
789    'PGamma[1,1,1,2]'           1
790    'PGamma[1,1,1,3]'           1
791    'PGamma[1,1,2,1]'           1
792    'PGamma[1,1,2,2]'           1
793    'PGamma[1,1,2,3]'           1
794    'PGamma[1,1,3,1]'           1
795    'PGamma[1,1,3,2]'           1
796    'PGamma[1,1,3,3]'           1
797    'PGamma[1,2,1,1]'           1
798    'PGamma[1,2,1,2]'           1
799    'PGamma[1,2,1,3]'           1
800    'PGamma[1,2,2,1]'           1
801    'PGamma[1,2,2,2]'           1
802    'PGamma[1,2,2,3]'           1
803    'PGamma[1,2,3,1]'           1
804    'PGamma[1,2,3,2]'           1
805    'PGamma[1,2,3,3]'           1
806    'PGamma[1,3,1,1]'           1
807    'PGamma[1,3,1,2]'           1
808    'PGamma[1,3,1,3]'           1
809    'PGamma[1,3,2,1]'           1
810    'PGamma[1,3,2,2]'           1
811    'PGamma[1,3,2,3]'           1
812    'PGamma[1,3,3,1]'           1
813    'PGamma[1,3,3,2]'           1
814    'PGamma[1,3,3,3]'           1
815    'PGamma[1,4,1,1]'           1
816    'PGamma[1,4,1,2]'           1
817    'PGamma[1,4,1,3]'           1
818    'PGamma[1,4,2,1]'           1
819    'PGamma[1,4,2,2]'           1
820    'PGamma[1,4,2,3]'           1
821    'PGamma[1,4,3,1]'           1
822    'PGamma[1,4,3,2]'           1
823    'PGamma[1,4,3,3]'           1
824    'PGamma[1,5,1,1]'           1
825    'PGamma[1,5,1,2]'           1
826    'PGamma[1,5,1,3]'           1
827    'PGamma[1,5,2,1]'           1
828    'PGamma[1,5,2,2]'           1
829    'PGamma[1,5,2,3]'           1
830    'PGamma[1,5,3,1]'           1
831    'PGamma[1,5,3,2]'           1
832    'PGamma[1,5,3,3]'           1
833    'PGamma[1,6,1,1]'           1
834    'PGamma[1,6,1,2]'           1
835    'PGamma[1,6,1,3]'           1
836    'PGamma[1,6,2,1]'           1
837    'PGamma[1,6,2,2]'           1
838    'PGamma[1,6,2,3]'           1
839    'PGamma[1,6,3,1]'           1
840    'PGamma[1,6,3,2]'           1
841    'PGamma[1,6,3,3]'           1
842    'PGamma[1,7,1,1]'           1
843    'PGamma[1,7,1,2]'           1
844    'PGamma[1,7,1,3]'           1
845    'PGamma[1,7,2,1]'           1
846    'PGamma[1,7,2,2]'           1
847    'PGamma[1,7,2,3]'           1
848    'PGamma[1,7,3,1]'           1
849    'PGamma[1,7,3,2]'           1
850    'PGamma[1,7,3,3]'           1
851    'PGamma[1,8,1,1]'           1
852    'PGamma[1,8,1,2]'           1
853    'PGamma[1,8,1,3]'           1
854    'PGamma[1,8,2,1]'           1
855    'PGamma[1,8,2,2]'           1
856    'PGamma[1,8,2,3]'           1
857    'PGamma[1,8,3,1]'           1
858    'PGamma[1,8,3,2]'           1
859    'PGamma[1,8,3,3]'           1
860    'PGamma[1,9,1,1]'           1
861    'PGamma[1,9,1,2]'           1
862    'PGamma[1,9,1,3]'           1
863    'PGamma[1,9,2,1]'           1
864    'PGamma[1,9,2,2]'           1
865    'PGamma[1,9,2,3]'           1
866    'PGamma[1,9,3,1]'           1
867    'PGamma[1,9,3,2]'           1
868    'PGamma[1,9,3,3]'           1
869    'PGamma[1,10,1,1]'          1
870    'PGamma[1,10,1,2]'          1
871    'PGamma[1,10,1,3]'          1
872    'PGamma[1,10,2,1]'          1
873    'PGamma[1,10,2,2]'          1
874    'PGamma[1,10,2,3]'          1
875    'PGamma[1,10,3,1]'          1
876    'PGamma[1,10,3,2]'          1
877    'PGamma[1,10,3,3]'          1
878    'PGamma[1,11,1,1]'          1
879    'PGamma[1,11,1,2]'          1
880    'PGamma[1,11,1,3]'          1
881    'PGamma[1,11,2,1]'          1
882    'PGamma[1,11,2,2]'          1
883    'PGamma[1,11,2,3]'          1
884    'PGamma[1,11,3,1]'          1
885    'PGamma[1,11,3,2]'          1
886    'PGamma[1,11,3,3]'          1
887    'PGamma[1,12,1,1]'          1
888    'PGamma[1,12,1,2]'          1
889    'PGamma[1,12,1,3]'          1
890    'PGamma[1,12,2,1]'          1
891    'PGamma[1,12,2,2]'          1
892    'PGamma[1,12,2,3]'          1
893    'PGamma[1,12,3,1]'          1
894    'PGamma[1,12,3,2]'          1
895    'PGamma[1,12,3,3]'          1
896    'PGamma[1,13,1,1]'          1
897    'PGamma[1,13,1,2]'          1
898    'PGamma[1,13,1,3]'          1
899    'PGamma[1,13,2,1]'          1
900    'PGamma[1,13,2,2]'          1
901    'PGamma[1,13,2,3]'          1
902    'PGamma[1,13,3,1]'          1
903    'PGamma[1,13,3,2]'          1
904    'PGamma[1,13,3,3]'          1
905    'PGamma[1,14,1,1]'          1
906    'PGamma[1,14,1,2]'          1
907    'PGamma[1,14,1,3]'          1
908    'PGamma[1,14,2,1]'          1
909    'PGamma[1,14,2,2]'          1
910    'PGamma[1,14,2,3]'          1
911    'PGamma[1,14,3,1]'          1
912    'PGamma[1,14,3,2]'          1
913    'PGamma[1,14,3,3]'          1
914    'PGamma[1,15,1,1]'          1
915    'PGamma[1,15,1,2]'          1
916    'PGamma[1,15,1,3]'          1
917    'PGamma[1,15,2,1]'          1
918    'PGamma[1,15,2,2]'          1
919    'PGamma[1,15,2,3]'          1
920    'PGamma[1,15,3,1]'          1
921    'PGamma[1,15,3,2]'          1
922    'PGamma[1,15,3,3]'          1
923    'PGamma[2,1,1,1]'           1
924    'PGamma[2,1,1,2]'           1
925    'PGamma[2,1,1,3]'           1
926    'PGamma[2,1,2,1]'           1
927    'PGamma[2,1,2,2]'           1
928    'PGamma[2,1,2,3]'           1
929    'PGamma[2,1,3,1]'           1
930    'PGamma[2,1,3,2]'           1
931    'PGamma[2,1,3,3]'           1
932    'PGamma[2,2,1,1]'           1
933    'PGamma[2,2,1,2]'           1
934    'PGamma[2,2,1,3]'           1
935    'PGamma[2,2,2,1]'           1
936    'PGamma[2,2,2,2]'           1
937    'PGamma[2,2,2,3]'           1
938    'PGamma[2,2,3,1]'           1
939    'PGamma[2,2,3,2]'           1
940    'PGamma[2,2,3,3]'           1
941    'PGamma[2,3,1,1]'           1
942    'PGamma[2,3,1,2]'           1
943    'PGamma[2,3,1,3]'           1
944    'PGamma[2,3,2,1]'           1
945    'PGamma[2,3,2,2]'           1
946    'PGamma[2,3,2,3]'           1
947    'PGamma[2,3,3,1]'           1
948    'PGamma[2,3,3,2]'           1
949    'PGamma[2,3,3,3]'           1
950    'PGamma[2,4,1,1]'           1
951    'PGamma[2,4,1,2]'           1
952    'PGamma[2,4,1,3]'           1
953    'PGamma[2,4,2,1]'           1
954    'PGamma[2,4,2,2]'           1
955    'PGamma[2,4,2,3]'           1
956    'PGamma[2,4,3,1]'           1
957    'PGamma[2,4,3,2]'           1
958    'PGamma[2,4,3,3]'           1
959    'PGamma[2,5,1,1]'           1
960    'PGamma[2,5,1,2]'           1
961    'PGamma[2,5,1,3]'           1
962    'PGamma[2,5,2,1]'           1
963    'PGamma[2,5,2,2]'           1
964    'PGamma[2,5,2,3]'           1
965    'PGamma[2,5,3,1]'           1
966    'PGamma[2,5,3,2]'           1
967    'PGamma[2,5,3,3]'           1
968    'PGamma[2,6,1,1]'           1
969    'PGamma[2,6,1,2]'           1
970    'PGamma[2,6,1,3]'           1
971    'PGamma[2,6,2,1]'           1
972    'PGamma[2,6,2,2]'           1
973    'PGamma[2,6,2,3]'           1
974    'PGamma[2,6,3,1]'           1
975    'PGamma[2,6,3,2]'           1
976    'PGamma[2,6,3,3]'           1
977    'PGamma[2,7,1,1]'           1
978    'PGamma[2,7,1,2]'           1
979    'PGamma[2,7,1,3]'           1
980    'PGamma[2,7,2,1]'           1
981    'PGamma[2,7,2,2]'           1
982    'PGamma[2,7,2,3]'           1
983    'PGamma[2,7,3,1]'           1
984    'PGamma[2,7,3,2]'           1
985    'PGamma[2,7,3,3]'           1
986    'PGamma[2,8,1,1]'           1
987    'PGamma[2,8,1,2]'           1
988    'PGamma[2,8,1,3]'           1
989    'PGamma[2,8,2,1]'           1
990    'PGamma[2,8,2,2]'           1
991    'PGamma[2,8,2,3]'           1
992    'PGamma[2,8,3,1]'           1
993    'PGamma[2,8,3,2]'           1
994    'PGamma[2,8,3,3]'           1
995    'PGamma[2,9,1,1]'           1
996    'PGamma[2,9,1,2]'           1
997    'PGamma[2,9,1,3]'           1
998    'PGamma[2,9,2,1]'           1
999    'PGamma[2,9,2,2]'           1
1000   'PGamma[2,9,2,3]'           1
1001   'PGamma[2,9,3,1]'           1
1002   'PGamma[2,9,3,2]'           1
1003   'PGamma[2,9,3,3]'           1
1004   'PGamma[2,10,1,1]'          1
1005   'PGamma[2,10,1,2]'          1
1006   'PGamma[2,10,1,3]'          1
1007   'PGamma[2,10,2,1]'          1
1008   'PGamma[2,10,2,2]'          1
1009   'PGamma[2,10,2,3]'          1
1010   'PGamma[2,10,3,1]'          1
1011   'PGamma[2,10,3,2]'          1
1012   'PGamma[2,10,3,3]'          1
1013   'PGamma[2,11,1,1]'          1
1014   'PGamma[2,11,1,2]'          1
1015   'PGamma[2,11,1,3]'          1
1016   'PGamma[2,11,2,1]'          1
1017   'PGamma[2,11,2,2]'          1
1018   'PGamma[2,11,2,3]'          1
1019   'PGamma[2,11,3,1]'          1
1020   'PGamma[2,11,3,2]'          1
1021   'PGamma[2,11,3,3]'          1
1022   'PGamma[2,12,1,1]'          1
1023   'PGamma[2,12,1,2]'          1
1024   'PGamma[2,12,1,3]'          1
1025   'PGamma[2,12,2,1]'          1
1026   'PGamma[2,12,2,2]'          1
1027   'PGamma[2,12,2,3]'          1
1028   'PGamma[2,12,3,1]'          1
1029   'PGamma[2,12,3,2]'          1
1030   'PGamma[2,12,3,3]'          1
1031   'PGamma[2,13,1,1]'          1
1032   'PGamma[2,13,1,2]'          1
1033   'PGamma[2,13,1,3]'          1
1034   'PGamma[2,13,2,1]'          1
1035   'PGamma[2,13,2,2]'          1
1036   'PGamma[2,13,2,3]'          1
1037   'PGamma[2,13,3,1]'          1
1038   'PGamma[2,13,3,2]'          1
1039   'PGamma[2,13,3,3]'          1
1040   'PGamma[2,14,1,1]'          1
1041   'PGamma[2,14,1,2]'          1
1042   'PGamma[2,14,1,3]'          1
1043   'PGamma[2,14,2,1]'          1
1044   'PGamma[2,14,2,2]'          1
1045   'PGamma[2,14,2,3]'          1
1046   'PGamma[2,14,3,1]'          1
1047   'PGamma[2,14,3,2]'          1
1048   'PGamma[2,14,3,3]'          1
1049   'PGamma[2,15,1,1]'          1
1050   'PGamma[2,15,1,2]'          1
1051   'PGamma[2,15,1,3]'          1
1052   'PGamma[2,15,2,1]'          1
1053   'PGamma[2,15,2,2]'          1
1054   'PGamma[2,15,2,3]'          1
1055   'PGamma[2,15,3,1]'          1
1056   'PGamma[2,15,3,2]'          1
1057   'PGamma[2,15,3,3]'          1
1058   'SGamma1[1,1,1]'        1e-06
1059   'SGamma1[1,1,2]'        1e-06
1060   'SGamma1[1,1,3]'        1e-06
1061   'SGamma1[1,2,1]'        1e-06
1062   'SGamma1[1,2,2]'        1e-06
1063   'SGamma1[1,2,3]'        1e-06
1064   'SGamma1[1,3,1]'        1e-06
1065   'SGamma1[1,3,2]'        1e-06
1066   'SGamma1[1,3,3]'        1e-06
1067   'SGamma1[1,4,1]'        1e-06
1068   'SGamma1[1,4,2]'        1e-06
1069   'SGamma1[1,4,3]'        1e-06
1070   'SGamma1[1,5,1]'        1e-06
1071   'SGamma1[1,5,2]'        1e-06
1072   'SGamma1[1,5,3]'        1e-06
1073   'SGamma1[1,6,1]'        1e-06
1074   'SGamma1[1,6,2]'        1e-06
1075   'SGamma1[1,6,3]'        1e-06
1076   'SGamma1[1,7,1]'        1e-06
1077   'SGamma1[1,7,2]'        1e-06
1078   'SGamma1[1,7,3]'        1e-06
1079   'SGamma1[1,8,1]'        1e-06
1080   'SGamma1[1,8,2]'        1e-06
1081   'SGamma1[1,8,3]'        1e-06
1082   'SGamma1[1,9,1]'        1e-06
1083   'SGamma1[1,9,2]'        1e-06
1084   'SGamma1[1,9,3]'        1e-06
1085   'SGamma1[1,10,1]'       1e-06
1086   'SGamma1[1,10,2]'       1e-06
1087   'SGamma1[1,10,3]'       1e-06
1088   'SGamma1[1,11,1]'       1e-06
1089   'SGamma1[1,11,2]'       1e-06
1090   'SGamma1[1,11,3]'       1e-06
1091   'SGamma1[1,12,1]'       1e-06
1092   'SGamma1[1,12,2]'       1e-06
1093   'SGamma1[1,12,3]'       1e-06
1094   'SGamma1[1,13,1]'       1e-06
1095   'SGamma1[1,13,2]'       1e-06
1096   'SGamma1[1,13,3]'       1e-06
1097   'SGamma1[1,14,1]'       1e-06
1098   'SGamma1[1,14,2]'       1e-06
1099   'SGamma1[1,14,3]'       1e-06
1100   'SGamma1[1,15,1]'       1e-06
1101   'SGamma1[1,15,2]'       1e-06
1102   'SGamma1[1,15,3]'       1e-06
1103   'SGamma1[2,1,1]'        1e-06
1104   'SGamma1[2,1,2]'        1e-06
1105   'SGamma1[2,1,3]'        1e-06
1106   'SGamma1[2,2,1]'        1e-06
1107   'SGamma1[2,2,2]'        1e-06
1108   'SGamma1[2,2,3]'        1e-06
1109   'SGamma1[2,3,1]'        1e-06
1110   'SGamma1[2,3,2]'        1e-06
1111   'SGamma1[2,3,3]'        1e-06
1112   'SGamma1[2,4,1]'        1e-06
1113   'SGamma1[2,4,2]'        1e-06
1114   'SGamma1[2,4,3]'        1e-06
1115   'SGamma1[2,5,1]'        1e-06
1116   'SGamma1[2,5,2]'        1e-06
1117   'SGamma1[2,5,3]'        1e-06
1118   'SGamma1[2,6,1]'        1e-06
1119   'SGamma1[2,6,2]'        1e-06
1120   'SGamma1[2,6,3]'        1e-06
1121   'SGamma1[2,7,1]'        1e-06
1122   'SGamma1[2,7,2]'        1e-06
1123   'SGamma1[2,7,3]'        1e-06
1124   'SGamma1[2,8,1]'        1e-06
1125   'SGamma1[2,8,2]'        1e-06
1126   'SGamma1[2,8,3]'        1e-06
1127   'SGamma1[2,9,1]'        1e-06
1128   'SGamma1[2,9,2]'        1e-06
1129   'SGamma1[2,9,3]'        1e-06
1130   'SGamma1[2,10,1]'       1e-06
1131   'SGamma1[2,10,2]'       1e-06
1132   'SGamma1[2,10,3]'       1e-06
1133   'SGamma1[2,11,1]'       1e-06
1134   'SGamma1[2,11,2]'       1e-06
1135   'SGamma1[2,11,3]'       1e-06
1136   'SGamma1[2,12,1]'       1e-06
1137   'SGamma1[2,12,2]'       1e-06
1138   'SGamma1[2,12,3]'       1e-06
1139   'SGamma1[2,13,1]'       1e-06
1140   'SGamma1[2,13,2]'       1e-06
1141   'SGamma1[2,13,3]'       1e-06
1142   'SGamma1[2,14,1]'       1e-06
1143   'SGamma1[2,14,2]'       1e-06
1144   'SGamma1[2,14,3]'       1e-06
1145   'SGamma1[2,15,1]'       1e-06
1146   'SGamma1[2,15,2]'       1e-06
1147   'SGamma1[2,15,3]'       1e-06
1148   'SGamma2[1,1,1]'            1
1149   'SGamma2[1,1,2]'            1
1150   'SGamma2[1,1,3]'            1
1151   'SGamma2[1,2,1]'            1
1152   'SGamma2[1,2,2]'            1
1153   'SGamma2[1,2,3]'            1
1154   'SGamma2[1,3,1]'            1
1155   'SGamma2[1,3,2]'            1
1156   'SGamma2[1,3,3]'            1
1157   'SGamma2[1,4,1]'            1
1158   'SGamma2[1,4,2]'            1
1159   'SGamma2[1,4,3]'            1
1160   'SGamma2[1,5,1]'            1
1161   'SGamma2[1,5,2]'            1
1162   'SGamma2[1,5,3]'            1
1163   'SGamma2[1,6,1]'            1
1164   'SGamma2[1,6,2]'            1
1165   'SGamma2[1,6,3]'            1
1166   'SGamma2[1,7,1]'            1
1167   'SGamma2[1,7,2]'            1
1168   'SGamma2[1,7,3]'            1
1169   'SGamma2[1,8,1]'            1
1170   'SGamma2[1,8,2]'            1
1171   'SGamma2[1,8,3]'            1
1172   'SGamma2[1,9,1]'            1
1173   'SGamma2[1,9,2]'            1
1174   'SGamma2[1,9,3]'            1
1175   'SGamma2[1,10,1]'           1
1176   'SGamma2[1,10,2]'           1
1177   'SGamma2[1,10,3]'           1
1178   'SGamma2[1,11,1]'           1
1179   'SGamma2[1,11,2]'           1
1180   'SGamma2[1,11,3]'           1
1181   'SGamma2[1,12,1]'           1
1182   'SGamma2[1,12,2]'           1
1183   'SGamma2[1,12,3]'           1
1184   'SGamma2[1,13,1]'           1
1185   'SGamma2[1,13,2]'           1
1186   'SGamma2[1,13,3]'           1
1187   'SGamma2[1,14,1]'           1
1188   'SGamma2[1,14,2]'           1
1189   'SGamma2[1,14,3]'           1
1190   'SGamma2[1,15,1]'           1
1191   'SGamma2[1,15,2]'           1
1192   'SGamma2[1,15,3]'           1
1193   'SGamma2[2,1,1]'            1
1194   'SGamma2[2,1,2]'            1
1195   'SGamma2[2,1,3]'            1
1196   'SGamma2[2,2,1]'            1
1197   'SGamma2[2,2,2]'            1
1198   'SGamma2[2,2,3]'            1
1199   'SGamma2[2,3,1]'            1
1200   'SGamma2[2,3,2]'            1
1201   'SGamma2[2,3,3]'            1
1202   'SGamma2[2,4,1]'            1
1203   'SGamma2[2,4,2]'            1
1204   'SGamma2[2,4,3]'            1
1205   'SGamma2[2,5,1]'            1
1206   'SGamma2[2,5,2]'            1
1207   'SGamma2[2,5,3]'            1
1208   'SGamma2[2,6,1]'            1
1209   'SGamma2[2,6,2]'            1
1210   'SGamma2[2,6,3]'            1
1211   'SGamma2[2,7,1]'            1
1212   'SGamma2[2,7,2]'            1
1213   'SGamma2[2,7,3]'            1
1214   'SGamma2[2,8,1]'            1
1215   'SGamma2[2,8,2]'            1
1216   'SGamma2[2,8,3]'            1
1217   'SGamma2[2,9,1]'            1
1218   'SGamma2[2,9,2]'            1
1219   'SGamma2[2,9,3]'            1
1220   'SGamma2[2,10,1]'           1
1221   'SGamma2[2,10,2]'           1
1222   'SGamma2[2,10,3]'           1
1223   'SGamma2[2,11,1]'           1
1224   'SGamma2[2,11,2]'           1
1225   'SGamma2[2,11,3]'           1
1226   'SGamma2[2,12,1]'           1
1227   'SGamma2[2,12,2]'           1
1228   'SGamma2[2,12,3]'           1
1229   'SGamma2[2,13,1]'           1
1230   'SGamma2[2,13,2]'           1
1231   'SGamma2[2,13,3]'           1
1232   'SGamma2[2,14,1]'           1
1233   'SGamma2[2,14,2]'           1
1234   'SGamma2[2,14,3]'           1
1235   'SGamma2[2,15,1]'           1
1236   'SGamma2[2,15,2]'           1
1237   'SGamma2[2,15,3]'           1
1238   'gamma[1,1,1]'              1
1239   'gamma[1,1,2]'              1
1240   'gamma[1,1,3]'              1
1241   'gamma[1,2,1]'              1
1242   'gamma[1,2,2]'              1
1243   'gamma[1,2,3]'              1
1244   'gamma[1,3,1]'              1
1245   'gamma[1,3,2]'              1
1246   'gamma[1,3,3]'              1
1247   'gamma[1,4,1]'              1
1248   'gamma[1,4,2]'              1
1249   'gamma[1,4,3]'              1
1250   'gamma[1,5,1]'              1
1251   'gamma[1,5,2]'              1
1252   'gamma[1,5,3]'              1
1253   'gamma[1,6,1]'              1
1254   'gamma[1,6,2]'              1
1255   'gamma[1,6,3]'              1
1256   'gamma[1,7,1]'              1
1257   'gamma[1,7,2]'              1
1258   'gamma[1,7,3]'              1
1259   'gamma[1,8,1]'              1
1260   'gamma[1,8,2]'              1
1261   'gamma[1,8,3]'              1
1262   'gamma[1,9,1]'              1
1263   'gamma[1,9,2]'              1
1264   'gamma[1,9,3]'              1
1265   'gamma[1,10,1]'             1
1266   'gamma[1,10,2]'             1
1267   'gamma[1,10,3]'             1
1268   'gamma[1,11,1]'             1
1269   'gamma[1,11,2]'             1
1270   'gamma[1,11,3]'             1
1271   'gamma[1,12,1]'             1
1272   'gamma[1,12,2]'             1
1273   'gamma[1,12,3]'             1
1274   'gamma[1,13,1]'             1
1275   'gamma[1,13,2]'             1
1276   'gamma[1,13,3]'             1
1277   'gamma[1,14,1]'             1
1278   'gamma[1,14,2]'             1
1279   'gamma[1,14,3]'             1
1280   'gamma[1,15,1]'             1
1281   'gamma[1,15,2]'             1
1282   'gamma[1,15,3]'             1
1283   'gamma[2,1,1]'              1
1284   'gamma[2,1,2]'              1
1285   'gamma[2,1,3]'              1
1286   'gamma[2,2,1]'              1
1287   'gamma[2,2,2]'              1
1288   'gamma[2,2,3]'              1
1289   'gamma[2,3,1]'              1
1290   'gamma[2,3,2]'              1
1291   'gamma[2,3,3]'              1
1292   'gamma[2,4,1]'              1
1293   'gamma[2,4,2]'              1
1294   'gamma[2,4,3]'              1
1295   'gamma[2,5,1]'              1
1296   'gamma[2,5,2]'              1
1297   'gamma[2,5,3]'              1
1298   'gamma[2,6,1]'              1
1299   'gamma[2,6,2]'              1
1300   'gamma[2,6,3]'              1
1301   'gamma[2,7,1]'              1
1302   'gamma[2,7,2]'              1
1303   'gamma[2,7,3]'              1
1304   'gamma[2,8,1]'              1
1305   'gamma[2,8,2]'              1
1306   'gamma[2,8,3]'              1
1307   'gamma[2,9,1]'              1
1308   'gamma[2,9,2]'              1
1309   'gamma[2,9,3]'              1
1310   'gamma[2,10,1]'             1
1311   'gamma[2,10,2]'             1
1312   'gamma[2,10,3]'             1
1313   'gamma[2,11,1]'             1
1314   'gamma[2,11,2]'             1
1315   'gamma[2,11,3]'             1
1316   'gamma[2,12,1]'             1
1317   'gamma[2,12,2]'             1
1318   'gamma[2,12,3]'             1
1319   'gamma[2,13,1]'             1
1320   'gamma[2,13,2]'             1
1321   'gamma[2,13,3]'             1
1322   'gamma[2,14,1]'             1
1323   'gamma[2,14,2]'             1
1324   'gamma[2,14,3]'             1
1325   'gamma[2,15,1]'             1
1326   'gamma[2,15,2]'             1
1327   'gamma[2,15,3]'             1
1328   'PrS[1,1,1]'           522099
1329   'PrS[1,1,2]'           275860
1330   'PrS[1,1,3]'            82166.3
1331   'PrS[1,2,1]'           445169
1332   'PrS[1,2,2]'           231438
1333   'PrS[1,2,3]'            66512.9
1334   'PrS[1,3,1]'           412222
1335   'PrS[1,3,2]'           212611
1336   'PrS[1,3,3]'            60043.6
1337   'PrS[1,4,1]'           391602
1338   'PrS[1,4,2]'           200895
1339   'PrS[1,4,3]'            56072.7
1340   'PrS[1,5,1]'           373992
1341   'PrS[1,5,2]'           190933
1342   'PrS[1,5,3]'            52731.6
1343   'PrS[1,6,1]'           357955
1344   'PrS[1,6,2]'           181899
1345   'PrS[1,6,3]'            49730.8
1346   'PrS[1,7,1]'           343993
1347   'PrS[1,7,2]'           174064
1348   'PrS[1,7,3]'            47152
1349   'PrS[1,8,1]'           332619
1350   'PrS[1,8,2]'           167703
1351   'PrS[1,8,3]'            45075
1352   'PrS[1,9,1]'           287845
1353   'PrS[1,9,2]'           142869
1354   'PrS[1,9,3]'            37121.5
1355   'PrS[1,10,1]'          264186
1356   'PrS[1,10,2]'          129893
1357   'PrS[1,10,3]'           33072.6
1358   'PrS[1,11,1]'          246759
1359   'PrS[1,11,2]'          120407
1360   'PrS[1,11,3]'           30164
1361   'PrS[1,12,1]'          232575
1362   'PrS[1,12,2]'          112735
1363   'PrS[1,12,3]'           27845.6
1364   'PrS[1,13,1]'          221659
1365   'PrS[1,13,2]'          106863
1366   'PrS[1,13,3]'           26092.9
1367   'PrS[1,14,1]'          213941
1368   'PrS[1,14,2]'          102729
1369   'PrS[1,14,3]'           24870.6
1370   'PrS[1,15,1]'          208856
1371   'PrS[1,15,2]'          100013
1372   'PrS[1,15,3]'           24073.5
1373   'PrS[2,1,1]'           968891
1374   'PrS[2,1,2]'           542721
1375   'PrS[2,1,3]'           184367
1376   'PrS[2,2,1]'           883293
1377   'PrS[2,2,2]'           490695
1378   'PrS[2,2,3]'           163586
1379   'PrS[2,3,1]'           761068
1380   'PrS[2,3,2]'           417053
1381   'PrS[2,3,3]'           134794
1382   'PrS[2,4,1]'           637279
1383   'PrS[2,4,2]'           343385
1384   'PrS[2,4,3]'           106853
1385   'PrS[2,5,1]'           548347
1386   'PrS[2,5,2]'           291149
1387   'PrS[2,5,3]'            87668.2
1388   'PrS[2,6,1]'           475554
1389   'PrS[2,6,2]'           248910
1390   'PrS[2,6,3]'            72607.6
1391   'PrS[2,7,1]'           425077
1392   'PrS[2,7,2]'           219941
1393   'PrS[2,7,3]'            62549.8
1394   'PrS[2,8,1]'           397400
1395   'PrS[2,8,2]'           204184
1396   'PrS[2,8,3]'            57183
1397   'PrS[2,9,1]'           385912
1398   'PrS[2,9,2]'           197672
1399   'PrS[2,9,3]'            54988.1
1400   'PrS[2,10,1]'          376808
1401   'PrS[2,10,2]'          192524
1402   'PrS[2,10,3]'           53262.8
1403   'PrS[2,11,1]'          364113
1404   'PrS[2,11,2]'          185364
1405   'PrS[2,11,3]'           50878.1
1406   'PrS[2,12,1]'          344491
1407   'PrS[2,12,2]'          174343
1408   'PrS[2,12,3]'           47243.3
1409   'PrS[2,13,1]'          317008
1410   'PrS[2,13,2]'          159006
1411   'PrS[2,13,3]'           42260.8
1412   'PrS[2,14,1]'          284885
1413   'PrS[2,14,2]'          141240
1414   'PrS[2,14,3]'           36608.9
1415   'PrS[2,15,1]'          254813
1416   'PrS[2,15,2]'          124783
1417   'PrS[2,15,3]'           31500.1
1418   'PrSF[1]'              371002
1419   'PrSF[2]'              189246
1420   'PrSF[3]'               52169.1
1421   Vap                       487.099
1422   Sep                       180
;

