solve_message =
'filterSQP (20020316): Optimal solution found, objective = 669.2747972657542\
15 iterations (4 for feasibility)\
Evals: obj = 15, constr = 18, grad = 15, Hes = 15'

:      _varname         _var         :=
1     'F[2]'          0
2     'F[3]'          0
3     'F[4]'          0
4     'F[5]'          0
5     'F[6]'          0
6     'F[7]'          0
7     'F[8]'        100
8     'F[9]'          0
9     'F[10]'         0
10    'F[11]'         0
11    'F[12]'         0
12    'F[13]'         0
13    'F[14]'         0
14    'Vs[1]'       370.382
15    'Vs[2]'       298.893
16    'y[1,1,1]'      2.80553e-06
17    'y[1,1,2]'      0.0113689
18    'y[1,1,3]'      0.988628
19    'y[1,2,1]'      1.54765e-05
20    'y[1,2,2]'      0.0246507
21    'y[1,2,3]'      0.975334
22    'y[1,3,1]'      8.31231e-05
23    'y[1,3,2]'      0.0516479
24    'y[1,3,3]'      0.948269
25    'y[1,4,1]'      0.000431857
26    'y[1,4,2]'      0.104003
27    'y[1,4,3]'      0.895566
28    'y[1,5,1]'      0.00211479
29    'y[1,5,2]'      0.196702
30    'y[1,5,3]'      0.801184
31    'y[1,6,1]'      0.00936779
32    'y[1,6,2]'      0.335932
33    'y[1,6,3]'      0.6547
34    'y[1,7,1]'      0.0357516
35    'y[1,7,2]'      0.49388
36    'y[1,7,3]'      0.470368
37    'y[1,8,1]'      0.112326
38    'y[1,8,2]'      0.597521
39    'y[1,8,3]'      0.290153
40    'y[1,9,1]'      0.116723
41    'y[1,9,2]'      0.702328
42    'y[1,9,3]'      0.180949
43    'y[1,10,1]'     0.121177
44    'y[1,10,2]'     0.776176
45    'y[1,10,3]'     0.102647
46    'y[1,11,1]'     0.127731
47    'y[1,11,2]'     0.817789
48    'y[1,11,3]'     0.0544801
49    'y[1,12,1]'     0.142025
50    'y[1,12,2]'     0.83043
51    'y[1,12,3]'     0.0275446
52    'y[1,13,1]'     0.177562
53    'y[1,13,2]'     0.809203
54    'y[1,13,3]'     0.0132348
55    'y[1,14,1]'     0.261929
56    'y[1,14,2]'     0.732239
57    'y[1,14,3]'     0.00583229
58    'y[1,15,1]'     0.428564
59    'y[1,15,2]'     0.569282
60    'y[1,15,3]'     0.00215397
61    'y[2,1,1]'      0.00380105
62    'y[2,1,2]'      0.994554
63    'y[2,1,3]'      0.00164523
64    'y[2,2,1]'      0.00912135
65    'y[2,2,2]'      0.990056
66    'y[2,2,3]'      0.000822406
67    'y[2,3,1]'      0.0210981
68    'y[2,3,2]'      0.978398
69    'y[2,3,3]'      0.000503649
70    'y[2,4,1]'      0.0474214
71    'y[2,4,2]'      0.952202
72    'y[2,4,3]'      0.000376317
73    'y[2,5,1]'      0.102347
74    'y[2,5,2]'      0.897336
75    'y[2,5,3]'      0.00031732
76    'y[2,6,1]'      0.205472
77    'y[2,6,2]'      0.794252
78    'y[2,6,3]'      0.00027601
79    'y[2,7,1]'      0.365625
80    'y[2,7,2]'      0.634143
81    'y[2,7,3]'      0.000232564
82    'y[2,8,1]'      0.553391
83    'y[2,8,2]'      0.446422
84    'y[2,8,3]'      0.00018688
85    'y[2,9,1]'      0.712849
86    'y[2,9,2]'      0.287001
87    'y[2,9,3]'      0.000149217
88    'y[2,10,1]'     0.815192
89    'y[2,10,2]'     0.184683
90    'y[2,10,3]'     0.000125263
91    'y[2,11,1]'     0.869592
92    'y[2,11,2]'     0.130295
93    'y[2,11,3]'     0.000112568
94    'y[2,12,1]'     0.939019
95    'y[2,12,2]'     0.0609576
96    'y[2,12,3]'     2.30246e-05
97    'y[2,13,1]'     0.973005
98    'y[2,13,2]'     0.0269909
99    'y[2,13,3]'     4.47355e-06
100   'y[2,14,1]'     0.988448
101   'y[2,14,2]'     0.0115514
102   'y[2,14,3]'     8.462e-07
103   'y[2,15,1]'     0.995227
104   'y[2,15,2]'     0.0047726
105   'y[2,15,3]'     1.55969e-07
106   'Ls[1]'       400.38
107   'Ls[2]'       338.809
108   'x[1,1,1]'      4.73298e-07
109   'x[1,1,2]'      0.00498479
110   'x[1,1,3]'      0.995015
111   'x[1,2,1]'      2.63078e-06
112   'x[1,2,2]'      0.0108906
113   'x[1,2,3]'      0.989107
114   'x[1,3,1]'      1.43524e-05
115   'x[1,3,2]'      0.0231772
116   'x[1,3,3]'      0.976808
117   'x[1,4,1]'      7.69305e-05
118   'x[1,4,2]'      0.0481516
119   'x[1,4,3]'      0.951771
120   'x[1,5,1]'      0.000399535
121   'x[1,5,2]'      0.0965836
122   'x[1,5,3]'      0.903017
123   'x[1,6,1]'      0.00195638
124   'x[1,6,2]'      0.182337
125   'x[1,6,3]'      0.815706
126   'x[1,7,1]'      0.00866594
127   'x[1,7,2]'      0.311136
128   'x[1,7,3]'      0.680198
129   'x[1,8,1]'      0.0330729
130   'x[1,8,2]'      0.457249
131   'x[1,8,3]'      0.509678
132   'x[1,9,1]'      0.0386294
133   'x[1,9,2]'      0.604102
134   'x[1,9,3]'      0.357269
135   'x[1,10,1]'     0.0440507
136   'x[1,10,2]'     0.733333
137   'x[1,10,3]'     0.222616
138   'x[1,11,1]'     0.0495429
139   'x[1,11,2]'     0.824391
140   'x[1,11,3]'     0.126066
141   'x[1,12,1]'     0.0576248
142   'x[1,12,2]'     0.875701
143   'x[1,12,3]'     0.0666743
144   'x[1,13,1]'     0.0752494
145   'x[1,13,2]'     0.891289
146   'x[1,13,3]'     0.0334617
147   'x[1,14,1]'     0.119068
148   'x[1,14,2]'     0.865115
149   'x[1,14,3]'     0.0158171
150   'x[1,15,1]'     0.223096
151   'x[1,15,2]'     0.770215
152   'x[1,15,3]'     0.00668949
153   'x[2,1,1]'      0.0014628
154   'x[2,1,2]'      0.99476
155   'x[2,1,3]'      0.00377733
156   'x[2,2,1]'      0.00352558
157   'x[2,2,2]'      0.994578
158   'x[2,2,3]'      0.00189642
159   'x[2,3,1]'      0.00821908
160   'x[2,3,2]'      0.99061
161   'x[2,3,3]'      0.00117053
162   'x[2,4,1]'      0.0187848
163   'x[2,4,2]'      0.980326
164   'x[2,4,3]'      0.00088933
165   'x[2,5,1]'      0.0420069
166   'x[2,5,2]'      0.957216
167   'x[2,5,3]'      0.000776999
168   'x[2,6,1]'      0.0904612
169   'x[2,6,2]'      0.908814
170   'x[2,6,3]'      0.000724953
171   'x[2,7,1]'      0.181438
172   'x[2,7,2]'      0.817874
173   'x[2,7,3]'      0.00068851
174   'x[2,8,1]'      0.322722
175   'x[2,8,2]'      0.676628
176   'x[2,8,3]'      0.000650182
177   'x[2,9,1]'      0.488367
178   'x[2,9,2]'      0.511023
179   'x[2,9,3]'      0.00060988
180   'x[2,10,1]'     0.629039
181   'x[2,10,2]'     0.370384
182   'x[2,10,3]'     0.000576655
183   'x[2,11,1]'     0.719324
184   'x[2,11,2]'     0.28012
185   'x[2,11,3]'     0.000555523
186   'x[2,12,1]'     0.855531
187   'x[2,12,2]'     0.144344
188   'x[2,12,3]'     0.00012515
189   'x[2,13,1]'     0.932729
190   'x[2,13,2]'     0.0672459
191   'x[2,13,3]'     2.5584e-05
192   'x[2,14,1]'     0.970517
193   'x[2,14,2]'     0.0294776
194   'x[2,14,3]'     4.95678e-06
195   'x[2,15,1]'     0.987689
196   'x[2,15,2]'     0.0123101
197   'x[2,15,3]'     9.23451e-07
198   'CC[2]'         0
199   'CC[3]'         0
200   'CC[4]'         0
201   'CC[5]'         0
202   'CC[6]'         0
203   'CC[7]'         0
204   'CC[8]'         0
205   'CC[9]'         0
206   'CC[10]'        0
207   'CC[11]'       70.0012
208   'CC[12]'        0
209   'CC[13]'        0
210   'CC[14]'        0
211   'CR[2]'         0
212   'CR[3]'         0
213   'CR[4]'         0
214   'CR[5]'         0
215   'CR[6]'         0
216   'CR[7]'         0
217   'CR[8]'         0
218   'CR[9]'         0
219   'CR[10]'        0
220   'CR[11]'        0
221   'CR[12]'        0
222   'CR[13]'        0
223   'CR[14]'        0
224   'PC[1]'         0
225   'PC[2]'        30.0852
226   'PR[1]'        29.9988
227   'PR[2]'        39.916
228   'PS[2]'         0
229   'PS[3]'         0
230   'PS[4]'         0
231   'PS[5]'         0
232   'PS[6]'         0
233   'PS[7]'         0
234   'PS[8]'         0
235   'PS[9]'         0
236   'PS[10]'        0
237   'PS[11]'        0
238   'PS[12]'        0
239   'PS[13]'        0
240   'PS[14]'        0
241   Vap           669.275
242   Sep            99
;

