solve_message =
'filterSQP (20020316): Nonlinear constraints locally infeasible\
182 iterations (181 for feasibility)\
Evals: obj = 1, constr = 282, grad = 102, Hes = 144'

:      _varname          _var         :=
1     'F[2]'           0
2     'F[3]'           0
3     'F[4]'           0
4     'F[5]'           0
5     'F[6]'           0
6     'F[7]'           0
7     'F[8]'         100
8     'F[9]'           0
9     'F[10]'          0
10    'F[11]'          0
11    'F[12]'          0
12    'F[13]'          0
13    'F[14]'          0
14    'Vs[1]'        755.935
15    'Vs[2]'        684.779
16    'y[1,1,1]'       8.87488e-07
17    'y[1,1,2]'       0.00746665
18    'y[1,1,3]'       0.992532
19    'y[1,2,1]'       5.0785e-06
20    'y[1,2,2]'       0.016614
21    'y[1,2,3]'       0.983381
22    'y[1,3,1]'       2.85785e-05
23    'y[1,3,2]'       0.0362109
24    'y[1,3,3]'       0.963761
25    'y[1,4,1]'       0.000156897
26    'y[1,4,2]'       0.0767481
27    'y[1,4,3]'       0.923095
28    'y[1,5,1]'       0.00082107
29    'y[1,5,2]'       0.15479
30    'y[1,5,3]'       0.844389
31    'y[1,6,1]'       0.00393624
32    'y[1,6,2]'       0.285756
33    'y[1,6,3]'       0.710307
34    'y[1,7,1]'       0.0164266
35    'y[1,7,2]'       0.459041
36    'y[1,7,3]'       0.524532
37    'y[1,8,1]'       0.0571063
38    'y[1,8,2]'       0.614189
39    'y[1,8,3]'       0.328705
40    'y[1,9,1]'       0.0603819
41    'y[1,9,2]'       0.748717
42    'y[1,9,3]'       0.190901
43    'y[1,10,1]'      0.0645859
44    'y[1,10,2]'      0.835624
45    'y[1,10,3]'      0.0997905
46    'y[1,11,1]'      0.0726344
47    'y[1,11,2]'      0.878636
48    'y[1,11,3]'      0.0487296
49    'y[1,12,1]'      0.0918166
50    'y[1,12,2]'      0.885482
51    'y[1,12,3]'      0.0227011
52    'y[1,13,1]'      0.138533
53    'y[1,13,2]'      0.851413
54    'y[1,13,3]'      0.0100541
55    'y[1,14,1]'      0.242396
56    'y[1,14,2]'      0.753525
57    'y[1,14,3]'      0.00407937
58    'y[1,15,1]'      0.428571
59    'y[1,15,2]'      0.570029
60    'y[1,15,3]'      0.00139972
61    'y[2,1,1]'       0.00245786
62    'y[2,1,2]'       0.996474
63    'y[2,1,3]'       0.00106773
64    'y[2,2,1]'       0.00615187
65    'y[2,2,2]'       0.993351
66    'y[2,2,3]'       0.000496826
67    'y[2,3,1]'       0.015106
68    'y[2,3,2]'       0.984633
69    'y[2,3,3]'       0.000261038
70    'y[2,4,1]'       0.036405
71    'y[2,4,2]'       0.963432
72    'y[2,4,3]'       0.000162652
73    'y[2,5,1]'       0.0848728
74    'y[2,5,2]'       0.915008
75    'y[2,5,3]'       0.000119293
76    'y[2,6,1]'       0.184861
77    'y[2,6,2]'       0.815043
78    'y[2,6,3]'       9.57285e-05
79    'y[2,7,1]'       0.354969
80    'y[2,7,2]'       0.644954
81    'y[2,7,3]'       7.68407e-05
82    'y[2,8,1]'       0.567497
83    'y[2,8,2]'       0.432444
84    'y[2,8,3]'       5.89248e-05
85    'y[2,9,1]'       0.750376
86    'y[2,9,2]'       0.249579
87    'y[2,9,3]'       4.47674e-05
88    'y[2,10,1]'      0.863683
89    'y[2,10,2]'      0.136281
90    'y[2,10,3]'      3.6239e-05
91    'y[2,11,1]'      0.920254
92    'y[2,11,2]'      0.0797139
93    'y[2,11,3]'      3.20243e-05
94    'y[2,12,1]'      0.966225
95    'y[2,12,2]'      0.0337694
96    'y[2,12,3]'      5.91712e-06
97    'y[2,13,1]'      0.986149
98    'y[2,13,2]'      0.0138501
99    'y[2,13,3]'      1.06003e-06
100   'y[2,14,1]'      0.994416
101   'y[2,14,2]'      0.00558372
102   'y[2,14,3]'      1.87236e-07
103   'y[2,15,1]'      0.997784
104   'y[2,15,2]'      0.00221566
105   'y[2,15,3]'      3.26878e-08
106   'Ls[1]'        785.935
107   'Ls[2]'        724.751
108   'x[1,1,1]'       1.4939e-07
109   'x[1,1,2]'       0.00326657
110   'x[1,1,3]'       0.996733
111   'x[1,2,1]'       8.59314e-07
112   'x[1,2,2]'       0.00730633
113   'x[1,2,3]'       0.992693
114   'x[1,3,1]'       4.89035e-06
115   'x[1,3,2]'       0.0161045
116   'x[1,3,3]'       0.983891
117   'x[1,4,1]'       2.74933e-05
118   'x[1,4,2]'       0.0349533
119   'x[1,4,3]'       0.965019
120   'x[1,5,1]'       0.000150913
121   'x[1,5,2]'       0.0739433
122   'x[1,5,3]'       0.925906
123   'x[1,6,1]'       0.000789735
124   'x[1,6,2]'       0.149006
125   'x[1,6,3]'       0.850204
126   'x[1,7,1]'       0.00378599
127   'x[1,7,2]'       0.274973
128   'x[1,7,3]'       0.721241
129   'x[1,8,1]'       0.0157996
130   'x[1,8,2]'       0.441644
131   'x[1,8,3]'       0.542557
132   'x[1,9,1]'       0.0191981
133   'x[1,9,2]'       0.618695
134   'x[1,9,3]'       0.362107
135   'x[1,10,1]'      0.022808
136   'x[1,10,2]'      0.766952
137   'x[1,10,3]'      0.21024
138   'x[1,11,1]'      0.0274409
139   'x[1,11,2]'      0.862728
140   'x[1,11,3]'      0.109831
141   'x[1,12,1]'      0.0363108
142   'x[1,12,2]'      0.910129
143   'x[1,12,3]'      0.0535597
144   'x[1,13,1]'      0.0574506
145   'x[1,13,2]'      0.917675
146   'x[1,13,3]'      0.0248749
147   'x[1,14,1]'      0.108935
148   'x[1,14,2]'      0.880128
149   'x[1,14,3]'      0.0109373
150   'x[1,15,1]'      0.223397
151   'x[1,15,2]'      0.772251
152   'x[1,15,3]'      0.00435283
153   'x[2,1,1]'       0.000945811
154   'x[2,1,2]'       0.996603
155   'x[2,1,3]'       0.00245125
156   'x[2,2,1]'       0.00237446
157   'x[2,2,2]'       0.996482
158   'x[2,2,3]'       0.00114404
159   'x[2,3,1]'       0.00586475
160   'x[2,3,2]'       0.993531
161   'x[2,3,3]'       0.000604616
162   'x[2,4,1]'       0.0143251
163   'x[2,4,2]'       0.985293
164   'x[2,4,3]'       0.000381832
165   'x[2,5,1]'       0.0344493
166   'x[2,5,2]'       0.965262
167   'x[2,5,3]'       0.000288872
168   'x[2,6,1]'       0.0802441
169   'x[2,6,2]'       0.919508
170   'x[2,6,3]'       0.000247905
171   'x[2,7,1]'       0.174718
172   'x[2,7,2]'       0.825056
173   'x[2,7,3]'       0.000225639
174   'x[2,8,1]'       0.335444
175   'x[2,8,2]'       0.664348
176   'x[2,8,3]'       0.000207793
177   'x[2,9,1]'       0.53625
178   'x[2,9,2]'       0.463559
179   'x[2,9,3]'       0.000190866
180   'x[2,10,1]'      0.709044
181   'x[2,10,2]'      0.290779
182   'x[2,10,3]'      0.000177489
183   'x[2,11,1]'      0.816101
184   'x[2,11,2]'      0.183729
185   'x[2,11,3]'      0.000169431
186   'x[2,12,1]'      0.916698
187   'x[2,12,2]'      0.0832682
188   'x[2,12,3]'      3.34915e-05
189   'x[2,13,1]'      0.964777
190   'x[2,13,2]'      0.0352165
191   'x[2,13,3]'      6.18699e-06
192   'x[2,14,1]'      0.985615
193   'x[2,14,2]'      0.0143837
194   'x[2,14,3]'      1.10715e-06
195   'x[2,15,1]'      0.994262
196   'x[2,15,2]'      0.00573819
197   'x[2,15,3]'      1.94324e-07
198   'CC[2]'          0
199   'CC[3]'          0
200   'CC[4]'          0
201   'CC[5]'          0
202   'CC[6]'          0
203   'CC[7]'          0
204   'CC[8]'          0
205   'CC[9]'          0
206   'CC[10]'         0
207   'CC[11]'        70
208   'CC[12]'         0
209   'CC[13]'         0
210   'CC[14]'         0
211   'CR[2]'          0
212   'CR[3]'          0
213   'CR[4]'          0
214   'CR[5]'          0
215   'CR[6]'          0
216   'CR[7]'          0
217   'CR[8]'          0
218   'CR[9]'          0
219   'CR[10]'         0
220   'CR[11]'         0
221   'CR[12]'         0
222   'CR[13]'         0
223   'CR[14]'         0
224   'PC[1]'          0
225   'PC[2]'         30.0287
226   'PR[1]'         30
227   'PR[2]'         39.9713
228   'PS[2]'          0
229   'PS[3]'          0
230   'PS[4]'          0
231   'PS[5]'          0
232   'PS[6]'          0
233   'PS[7]'          0
234   'PS[8]'          0
235   'PS[9]'          0
236   'PS[10]'         0
237   'PS[11]'         0
238   'PS[12]'         0
239   'PS[13]'         0
240   'PS[14]'         0
241   Vap           1440.71
242   Sep             99.401
;

