solve_message =
'filterSQP (20020316): QP infeasible (ifail = 4), objective = 162.67202469396057\
41 iterations (40 for feasibility)\
Evals: obj = 1, constr = 43, grad = 26, Hes = 29'

:      _varname         _var         :=
1     'F[2]'          0
2     'F[3]'          0
3     'F[4]'          0
4     'F[5]'          0
5     'F[6]'          0
6     'F[7]'          0
7     'F[8]'        100
8     'F[9]'          0
9     'F[10]'         0
10    'F[11]'         0
11    'F[12]'         0
12    'F[13]'         0
13    'F[14]'         0
14    'Vs[1]'        70.7003
15    'Vs[2]'        91.9717
16    'y[1,1,1]'      0.0170856
17    'y[1,1,2]'      0.651701
18    'y[1,1,3]'      0.331213
19    'y[1,2,1]'      0.0387548
20    'y[1,2,2]'      0.726713
21    'y[1,2,3]'      0.234532
22    'y[1,3,1]'      0.0745726
23    'y[1,3,2]'      0.733611
24    'y[1,3,3]'      0.191816
25    'y[1,4,1]'      0.130456
26    'y[1,4,2]'      0.699702
27    'y[1,4,3]'      0.169842
28    'y[1,5,1]'      0.210003
29    'y[1,5,2]'      0.636344
30    'y[1,5,3]'      0.153653
31    'y[1,6,1]'      0.309214
32    'y[1,6,2]'      0.552729
33    'y[1,6,3]'      0.138057
34    'y[1,7,1]'      0.414208
35    'y[1,7,2]'      0.462975
36    'y[1,7,3]'      0.122817
37    'y[1,8,1]'      0.507595
38    'y[1,8,2]'      0.382823
39    'y[1,8,3]'      0.109582
40    'y[1,9,1]'      0.510081
41    'y[1,9,2]'      0.390955
42    'y[1,9,3]'      0.0989638
43    'y[1,10,1]'     0.513122
44    'y[1,10,2]'     0.400315
45    'y[1,10,3]'     0.0865631
46    'y[1,11,1]'     0.517037
47    'y[1,11,2]'     0.410244
48    'y[1,11,3]'     0.0727194
49    'y[1,12,1]'     0.523094
50    'y[1,12,2]'     0.41893
51    'y[1,12,3]'     0.0579762
52    'y[1,13,1]'     0.53583
53    'y[1,13,2]'     0.421232
54    'y[1,13,3]'     0.0429371
55    'y[1,14,1]'     0.569414
56    'y[1,14,2]'     0.402479
57    'y[1,14,3]'     0.0281073
58    'y[1,15,1]'     0.657837
59    'y[1,15,2]'     0.328024
60    'y[1,15,3]'     0.014139
61    'y[2,1,1]'      4.97396e-05
62    'y[2,1,2]'      0.21947
63    'y[2,1,3]'      0.780481
64    'y[2,2,1]'      0.000191562
65    'y[2,2,2]'      0.354599
66    'y[2,2,3]'      0.645209
67    'y[2,3,1]'      0.000638543
68    'y[2,3,2]'      0.490967
69    'y[2,3,3]'      0.508395
70    'y[2,4,1]'      0.00191702
71    'y[2,4,2]'      0.603767
72    'y[2,4,3]'      0.394316
73    'y[2,5,1]'      0.0053303
74    'y[2,5,2]'      0.681418
75    'y[2,5,3]'      0.313251
76    'y[2,6,1]'      0.0117838
77    'y[2,6,2]'      0.778751
78    'y[2,6,3]'      0.209465
79    'y[2,7,1]'      0.0368643
80    'y[2,7,2]'      0.847394
81    'y[2,7,3]'      0.115741
82    'y[2,8,1]'      0.121534
83    'y[2,8,2]'      0.833461
84    'y[2,8,3]'      0.045005
85    'y[2,9,1]'      0.267365
86    'y[2,9,2]'      0.71603
87    'y[2,9,3]'      0.0166053
88    'y[2,10,1]'     0.46114
89    'y[2,10,2]'     0.532496
90    'y[2,10,3]'     0.0063637
91    'y[2,11,1]'     0.64689
92    'y[2,11,2]'     0.350102
93    'y[2,11,3]'     0.00300729
94    'y[2,12,1]'     0.727815
95    'y[2,12,2]'     0.271116
96    'y[2,12,3]'     0.00106951
97    'y[2,13,1]'     0.813117
98    'y[2,13,2]'     0.186541
99    'y[2,13,3]'     0.00034202
100   'y[2,14,1]'     0.887298
101   'y[2,14,2]'     0.112604
102   'y[2,14,3]'     9.77574e-05
103   'y[2,15,1]'     0.941675
104   'y[2,15,2]'     0.0583006
105   'y[2,15,3]'     2.43525e-05
106   'Ls[1]'       125.482
107   'Ls[2]'       120.759
108   'x[1,1,1]'      0.00463419
109   'x[1,1,2]'      0.45941
110   'x[1,1,3]'      0.535956
111   'x[1,2,1]'      0.0116497
112   'x[1,2,2]'      0.567752
113   'x[1,2,3]'      0.420598
114   'x[1,3,1]'      0.0238587
115   'x[1,3,2]'      0.610016
116   'x[1,3,3]'      0.366125
117   'x[1,4,1]'      0.0440395
118   'x[1,4,2]'      0.613903
119   'x[1,4,3]'      0.342057
120   'x[1,5,1]'      0.0755259
121   'x[1,5,2]'      0.594798
122   'x[1,5,3]'      0.329676
123   'x[1,6,1]'      0.120345
124   'x[1,6,2]'      0.5591
125   'x[1,6,3]'      0.320555
126   'x[1,7,1]'      0.176244
127   'x[1,7,2]'      0.511989
128   'x[1,7,3]'      0.311768
129   'x[1,8,1]'      0.2354
130   'x[1,8,2]'      0.461419
131   'x[1,8,3]'      0.303182
132   'x[1,9,1]'      0.240992
133   'x[1,9,2]'      0.480064
134   'x[1,9,3]'      0.278944
135   'x[1,10,1]'     0.247888
136   'x[1,10,2]'     0.502626
137   'x[1,10,3]'     0.249485
138   'x[1,11,1]'     0.256326
139   'x[1,11,2]'     0.528594
140   'x[1,11,3]'     0.215079
141   'x[1,12,1]'     0.267187
142   'x[1,12,2]'     0.556143
143   'x[1,12,3]'     0.17667
144   'x[1,13,1]'     0.283992
145   'x[1,13,2]'     0.580242
146   'x[1,13,3]'     0.135765
147   'x[1,14,1]'     0.319331
148   'x[1,14,2]'     0.58663
149   'x[1,14,3]'     0.0940393
150   'x[1,15,1]'     0.412507
151   'x[1,15,2]'     0.534598
152   'x[1,15,3]'     0.0528942
153   'x[2,1,1]'      9.51639e-06
154   'x[2,1,2]'      0.109132
155   'x[2,1,3]'      0.890858
156   'x[2,2,1]'      4.01508e-05
157   'x[2,2,2]'      0.193166
158   'x[2,2,3]'      0.806794
159   'x[2,3,1]'      0.000148164
160   'x[2,3,2]'      0.296083
161   'x[2,3,3]'      0.703769
162   'x[2,4,1]'      0.00048859
163   'x[2,4,2]'      0.399942
164   'x[2,4,3]'      0.59957
165   'x[2,5,1]'      0.00146229
166   'x[2,5,2]'      0.485852
167   'x[2,5,3]'      0.512686
168   'x[2,6,1]'      0.00358669
169   'x[2,6,2]'      0.61605
170   'x[2,6,3]'      0.380363
171   'x[2,7,1]'      0.0125827
172   'x[2,7,2]'      0.751731
173   'x[2,7,3]'      0.235686
174   'x[2,8,1]'      0.0475446
175   'x[2,8,2]'      0.847418
176   'x[2,8,3]'      0.105037
177   'x[2,9,1]'      0.120034
178   'x[2,9,2]'      0.83549
179   'x[2,9,3]'      0.0444759
180   'x[2,10,1]'     0.244888
181   'x[2,10,2]'     0.734951
182   'x[2,10,3]'     0.0201614
183   'x[2,11,1]'     0.410789
184   'x[2,11,2]'     0.577818
185   'x[2,11,3]'     0.011393
186   'x[2,12,1]'     0.505839
187   'x[2,12,2]'     0.489727
188   'x[2,12,3]'     0.00443459
189   'x[2,13,1]'     0.625485
190   'x[2,13,2]'     0.372946
191   'x[2,13,3]'     0.00156961
192   'x[2,14,1]'     0.751604
193   'x[2,14,2]'     0.247902
194   'x[2,14,3]'     0.000494021
195   'x[2,15,1]'     0.86128
196   'x[2,15,2]'     0.138588
197   'x[2,15,3]'     0.000132881
198   'CC[2]'         0
199   'CC[3]'         0
200   'CC[4]'         0
201   'CC[5]'         0
202   'CC[6]'         0
203   'CC[7]'         0
204   'CC[8]'         0
205   'CC[9]'         0
206   'CC[10]'        0
207   'CC[11]'       45.2181
208   'CC[12]'        0
209   'CC[13]'        0
210   'CC[14]'        0
211   'CR[2]'         0
212   'CR[3]'         0
213   'CR[4]'         0
214   'CR[5]'        54.7819
215   'CR[6]'         0
216   'CR[7]'         0
217   'CR[8]'         0
218   'CR[9]'         0
219   'CR[10]'        0
220   'CR[11]'        0
221   'CR[12]'        0
222   'CR[13]'        0
223   'CR[14]'        0
224   'PC[1]'         0
225   'PC[2]'        29.7652
226   'PR[1]'         0
227   'PR[2]'        28.7877
228   'PS[2]'         0
229   'PS[3]'         0
230   'PS[4]'         0
231   'PS[5]'         0
232   'PS[6]'         0
233   'PS[7]'         0
234   'PS[8]'        41.4471
235   'PS[9]'         0
236   'PS[10]'        0
237   'PS[11]'        0
238   'PS[12]'        0
239   'PS[13]'        0
240   'PS[14]'        0
241   Vap           162.672
242   Sep            80
;

