solve_message = 'MINOS 5.51: optimal solution found.\
501 iterations, objective 301.0192924159469\
Nonlin evals: constrs = 316, Jac = 315.'

:     _varname        _var         :=
1     'F[2]'        0
2     'F[3]'        0
3     'F[4]'        0
4     'F[5]'        0
5     'F[6]'        0
6     'F[7]'        0
7     'F[8]'      200
8     'F[9]'        0
9     'F[10]'       0
10    'F[11]'       0
11    'F[12]'       0
12    'F[13]'       0
13    'F[14]'       0
14    Vs          301.019
15    'y[1,1]'      0.00191418
16    'y[1,2]'      0.128195
17    'y[1,3]'      0.869891
18    'y[2,1]'      0.00535887
19    'y[2,2]'      0.217878
20    'y[2,3]'      0.776763
21    'y[3,1]'      0.0133956
22    'y[3,2]'      0.329951
23    'y[3,3]'      0.656654
24    'y[4,1]'      0.0301097
25    'y[4,2]'      0.446192
26    'y[4,3]'      0.523699
27    'y[5,1]'      0.0608983
28    'y[5,2]'      0.540028
29    'y[5,3]'      0.399074
30    'y[6,1]'      0.111495
31    'y[6,2]'      0.589816
32    'y[6,3]'      0.298689
33    'y[7,1]'      0.186332
34    'y[7,2]'      0.58734
35    'y[7,3]'      0.226328
36    'y[8,1]'      0.285839
37    'y[8,2]'      0.537139
38    'y[8,3]'      0.177022
39    'y[9,1]'      0.289652
40    'y[9,2]'      0.555197
41    'y[9,3]'      0.155151
42    'y[10,1]'     0.294262
43    'y[10,2]'     0.574527
44    'y[10,3]'     0.131211
45    'y[11,1]'     0.30024
46    'y[11,2]'     0.593382
47    'y[11,3]'     0.106378
48    'y[12,1]'     0.309275
49    'y[12,2]'     0.608744
50    'y[12,3]'     0.0819809
51    'y[13,1]'     0.325747
52    'y[13,2]'     0.615051
53    'y[13,3]'     0.059202
54    'y[14,1]'     0.359775
55    'y[14,2]'     0.60134
56    'y[14,3]'     0.0388852
57    'y[15,1]'     0.431512
58    'y[15,2]'     0.5469
59    'y[15,3]'     0.0215881
60    Ls          362.054
61    'x[1,1]'      0.000570838
62    'x[1,2]'      0.0655363
63    'x[1,3]'      0.933893
64    'x[2,1]'      0.00168772
65    'x[2,2]'      0.117632
66    'x[2,3]'      0.880681
67    'x[3,1]'      0.00455171
68    'x[3,2]'      0.192196
69    'x[3,3]'      0.803252
70    'x[4,1]'      0.0112336
71    'x[4,2]'      0.285376
72    'x[4,3]'      0.70339
73    'x[5,1]'      0.02513
74    'x[5,2]'      0.382021
75    'x[5,3]'      0.592849
76    'x[6,1]'      0.0507283
77    'x[6,2]'      0.460038
78    'x[6,3]'      0.489233
79    'x[7,1]'      0.0927957
80    'x[7,2]'      0.501433
81    'x[7,3]'      0.405771
82    'x[8,1]'      0.155016
83    'x[8,2]'      0.499375
84    'x[8,3]'      0.345609
85    'x[9,1]'      0.160921
86    'x[9,2]'      0.52877
87    'x[9,3]'      0.310309
88    'x[10,1]'     0.168003
89    'x[10,2]'     0.562312
90    'x[10,3]'     0.269685
91    'x[11,1]'     0.176567
92    'x[11,2]'     0.598217
93    'x[11,3]'     0.225215
94    'x[12,1]'     0.187671
95    'x[12,2]'     0.633241
96    'x[12,3]'     0.179088
97    'x[13,1]'     0.204454
98    'x[13,2]'     0.661776
99    'x[13,3]'     0.133769
100   'x[14,1]'     0.23505
101   'x[14,2]'     0.673493
102   'x[14,3]'     0.0914568
103   'x[15,1]'     0.298259
104   'x[15,2]'     0.648024
105   'x[15,3]'     0.0537177
106   PC          138.965
107   PR           61.0348
;

