solve_message = 'MINOS 5.51: infeasible problem (or bad starting guess).\
627 iterations\
Nonlin evals: constrs = 379, Jac = 379.'

:     _varname        _var         :=
1     'F[2]'        0
2     'F[3]'        0
3     'F[4]'        0
4     'F[5]'        0
5     'F[6]'        0
6     'F[7]'        0
7     'F[8]'      200
8     'F[9]'        0
9     'F[10]'       0
10    'F[11]'       0
11    'F[12]'       0
12    'F[13]'       0
13    'F[14]'       0
14    Vs          119.376
15    'y[1,1]'      0.00949299
16    'y[1,2]'      0.721596
17    'y[1,3]'      0.268911
18    'y[2,1]'      0.0138238
19    'y[2,2]'      0.777228
20    'y[2,3]'      0.208949
21    'y[3,1]'      0.0175015
22    'y[3,2]'      0.793554
23    'y[3,3]'      0.188945
24    'y[4,1]'      0.0207944
25    'y[4,2]'      0.796607
26    'y[4,3]'      0.182598
27    'y[5,1]'      0.0466538
28    'y[5,2]'      0.780781
29    'y[5,3]'      0.172565
30    'y[6,1]'      0.835784
31    'y[6,2]'      0
32    'y[6,3]'      0.164216
33    'y[7,1]'      0.642311
34    'y[7,2]'      0.254529
35    'y[7,3]'      0.103159
36    'y[8,1]'      0.492934
37    'y[8,2]'      0.449212
38    'y[8,3]'      0.0578541
39    'y[9,1]'     -0.284248
40    'y[9,2]'      1.39848
41    'y[9,3]'     -0.114231
42    'y[10,1]'     0.767356
43    'y[10,2]'     0.0243537
44    'y[10,3]'     0.208291
45    'y[11,1]'     0.8264
46    'y[11,2]'     0.027081
47    'y[11,3]'     0.146519
48    'y[12,1]'     0.89053
49    'y[12,2]'     0.0282235
50    'y[12,3]'     0.0812462
51    'y[13,1]'     0.950131
52    'y[13,2]'     0.0249333
53    'y[13,3]'     0.024936
54    'y[14,1]'     0.975191
55    'y[14,2]'     0.0197032
56    'y[14,3]'     0.00510576
57    'y[15,1]'     0.985704
58    'y[15,2]'     0.0142955
59    'y[15,3]'     0
60    Ls          260.618
61    'x[1,1]'      0.00408769
62    'x[1,2]'      0.556993
63    'x[1,3]'      0.438919
64    'x[2,1]'      0.00609254
65    'x[2,2]'      0.633492
66    'x[2,3]'      0.360415
67    'x[3,1]'      0.00743426
68    'x[3,2]'      0.659851
69    'x[3,3]'      0.332715
70    'x[4,1]'      0.0080778
71    'x[4,2]'      0.668388
72    'x[4,3]'      0.323534
73    'x[5,1]'      0.00823477
74    'x[5,2]'      0.671534
75    'x[5,3]'      0.320231
76    'x[6,1]'      0.00223629
77    'x[6,2]'      0.676765
78    'x[6,3]'      0.320999
79    'x[7,1]'      0.406224
80    'x[7,2]'      0.280069
81    'x[7,3]'      0.313706
82    'x[8,1]'      0.310116
83    'x[8,2]'      0.423761
84    'x[8,3]'      0.266124
85    'x[9,1]'     -0.000407088
86    'x[9,2]'      0.912616
87    'x[9,3]'      0.0877909
88    'x[10,1]'    -1.62633
89    'x[10,2]'     2.88836
90    'x[10,3]'    -0.26203
91    'x[11,1]'     0.554058
92    'x[11,2]'     0.0340658
93    'x[11,3]'     0.411877
94    'x[12,1]'     0.670872
95    'x[12,2]'     0.0388041
96    'x[12,3]'     0.290323
97    'x[13,1]'     0.801933
98    'x[13,2]'     0.0414579
99    'x[13,3]'     0.156609
100   'x[14,1]'     0.916171
101   'x[14,2]'     0.0342234
102   'x[14,3]'     0.0496051
103   'x[15,1]'     0.960839
104   'x[15,2]'     0.0241923
105   'x[15,3]'     0.0149688
106   PC           58.7584
107   PR          141.242
;

