solve_message = 'MINOS 5.51: infeasible problem (or bad starting guess).\
541 iterations\
Nonlin evals: constrs = 365, Jac = 365.'

:     _varname       _var        :=
1     'F[2]'        0
2     'F[3]'        0
3     'F[4]'        0
4     'F[5]'        0
5     'F[6]'        0
6     'F[7]'        0
7     'F[8]'      200
8     'F[9]'        0
9     'F[10]'       0
10    'F[11]'       0
11    'F[12]'       0
12    'F[13]'       0
13    'F[14]'       0
14    Vs          164.474
15    'y[1,1]'      0.0559321
16    'y[1,2]'      0.686138
17    'y[1,3]'      0.25793
18    'y[2,1]'      0.108931
19    'y[2,2]'      0.705693
20    'y[2,3]'      0.185376
21    'y[3,1]'      0.163327
22    'y[3,2]'      0.680291
23    'y[3,3]'      0.156382
24    'y[4,1]'      0.212513
25    'y[4,2]'      0.643992
26    'y[4,3]'      0.143495
27    'y[5,1]'      0.250992
28    'y[5,2]'      0.611
29    'y[5,3]'      0.138009
30    'y[6,1]'      0.287974
31    'y[6,2]'      0.577841
32    'y[6,3]'      0.134184
33    'y[7,1]'      0.405372
34    'y[7,2]'      0.480826
35    'y[7,3]'      0.113801
36    'y[8,1]'      0.438103
37    'y[8,2]'      0.166096
38    'y[8,3]'      0.395801
39    'y[9,1]'      0.464069
40    'y[9,2]'      0.141283
41    'y[9,3]'      0.394648
42    'y[10,1]'     0.52728
43    'y[10,2]'     0.087416
44    'y[10,3]'     0.385304
45    'y[11,1]'     0.567499
46    'y[11,2]'     0.098637
47    'y[11,3]'     0.333864
48    'y[12,1]'     0.635491
49    'y[12,2]'     0.104911
50    'y[12,3]'     0.259598
51    'y[13,1]'     0.732076
52    'y[13,2]'     0.103204
53    'y[13,3]'     0.16472
54    'y[14,1]'     0.852872
55    'y[14,2]'     0.0928292
56    'y[14,3]'     0.0542983
57    'y[15,1]'     0.934043
58    'y[15,2]'     0.0659575
59    'y[15,3]'     0
60    Ls          303.525
61    'x[1,1]'      0.0215208
62    'x[1,2]'      0.546567
63    'x[1,3]'      0.431912
64    'x[2,1]'      0.0482218
65    'x[2,2]'      0.616178
66    'x[2,3]'      0.3356
67    'x[3,1]'      0.0799831
68    'x[3,2]'      0.622147
69    'x[3,3]'      0.29787
70    'x[4,1]'      0.11037
71    'x[4,2]'      0.608359
72    'x[4,3]'      0.281271
73    'x[5,1]'      0.136395
74    'x[5,2]'      0.588458
75    'x[5,3]'      0.275148
76    'x[6,1]'      0.154363
77    'x[6,2]'      0.572394
78    'x[6,3]'      0.273243
79    'x[7,1]'      0.203177
80    'x[7,2]'      0.527622
81    'x[7,3]'      0.269201
82    'x[8,1]'      0.27193
83    'x[8,2]'      0.478992
84    'x[8,3]'      0.249078
85    'x[9,1]'      0.21825
86    'x[9,2]'      0.114254
87    'x[9,3]'      0.667496
88    'x[10,1]'     0.253981
89    'x[10,2]'     0.0712957
90    'x[10,3]'     0.674723
91    'x[11,1]'     0.287927
92    'x[11,2]'     0.0810872
93    'x[11,3]'     0.630985
94    'x[12,1]'     0.36339
95    'x[12,2]'     0.101553
96    'x[12,3]'     0.535057
97    'x[13,1]'     0.481197
98    'x[13,2]'     0.117591
99    'x[13,3]'     0.401212
100   'x[14,1]'     0.65802
101   'x[14,2]'     0.129715
102   'x[14,3]'     0.212266
103   'x[15,1]'     0.842092
104   'x[15,2]'     0.112506
105   'x[15,3]'     0.0454025
106   PC           60.9487
107   PR          139.051
;

