solve_message = 'CONOPT 3.17A: Locally optimal; objective 236.43379332012165\
210 iterations; evals: nf = 95, ng = 0, nc = 1363, nJ = 101, nH = 2, nHv = 8'

:            _varname                 _var            :=
1      'F[2]'                      0
2      'F[3]'                      0
3      'F[4]'                      0
4      'F[5]'                      0
5      'F[6]'                      0
6      'F[7]'                      0
7      'F[8]'                    100
8      'F[9]'                      0
9      'F[10]'                     0
10     'F[11]'                     0
11     'F[12]'                     0
12     'F[13]'                     0
13     'F[14]'                     0
14     'V[1,1]'                   96.6872159
15     'V[1,2]'                   97.32374657
16     'V[1,3]'                   97.38318304
17     'V[1,4]'                   97.18371693
18     'V[1,5]'                   96.9605326
19     'V[1,6]'                   96.90602226
20     'V[1,7]'                   97.09897575
21     'V[1,8]'                   97.56644964
22     'V[1,9]'                   99.13945927
23     'V[1,10]'                 100.6185839
24     'V[1,11]'                 102.0541252
25     'V[1,12]'                 103.2450177
26     'V[1,13]'                 104.0457721
27     'V[1,14]'                 104.501918
28     'V[1,15]'                   0
29     'V[2,1]'                  139.7465774
30     'V[2,2]'                  139.795506
31     'V[2,3]'                  140.1191999
32     'V[2,4]'                  140.859052
33     'V[2,5]'                  142.0426934
34     'V[2,6]'                  142.3901311
35     'V[2,7]'                  142.9462801
36     'V[2,8]'                  143.7593808
37     'V[2,9]'                  144.799209
38     'V[2,10]'                 145.928607
39     'V[2,11]'                 146.965013
40     'V[2,12]'                 147.7831632
41     'V[2,13]'                 148.3553962
42     'V[2,14]'                 148.7164252
43     'V[2,15]'                   0
44     'y[1,1,1]'                  0.0216437801
45     'y[1,1,2]'                  0.7366816661
46     'y[1,1,3]'                  0.2416745538
47     'y[1,2,1]'                  0.04746402751
48     'y[1,2,2]'                  0.789182888
49     'y[1,2,3]'                  0.1633530845
50     'y[1,3,1]'                  0.08952828519
51     'y[1,3,2]'                  0.7792043231
52     'y[1,3,3]'                  0.1312673917
53     'y[1,4,1]'                  0.154031123
54     'y[1,4,2]'                  0.7309504919
55     'y[1,4,3]'                  0.1150183851
56     'y[1,5,1]'                  0.2436436873
57     'y[1,5,2]'                  0.653778168
58     'y[1,5,3]'                  0.1025781446
59     'y[1,6,1]'                  0.3518999626
60     'y[1,6,2]'                  0.5577695403
61     'y[1,6,3]'                  0.09033049706
62     'y[1,7,1]'                  0.4621822007
63     'y[1,7,2]'                  0.4593106911
64     'y[1,7,3]'                  0.07850710821
65     'y[1,8,1]'                  0.5563228492
66     'y[1,8,2]'                  0.3751527852
67     'y[1,8,3]'                  0.06852436564
68     'y[1,9,1]'                  0.6404086577
69     'y[1,9,2]'                  0.3348453605
70     'y[1,9,3]'                  0.02474598178
71     'y[1,10,1]'                 0.7411524076
72     'y[1,10,2]'                 0.2514573115
73     'y[1,10,3]'                 0.007390280814
74     'y[1,11,1]'                 0.8378736467
75     'y[1,11,2]'                 0.1602801806
76     'y[1,11,3]'                 0.001846172654
77     'y[1,12,1]'                 0.9106924209
78     'y[1,12,2]'                 0.08890967947
79     'y[1,12,3]'                 0.0003978996779
80     'y[1,13,1]'                 0.9554593629
81     'y[1,13,2]'                 0.04446319815
82     'y[1,13,3]'                 7.743896101e-05
83     'y[1,14,1]'                 0.9794903092
84     'y[1,14,2]'                 0.02049557617
85     'y[1,14,3]'                 1.411459247e-05
86     'y[1,15,1]'                 0.9914296144
87     'y[1,15,2]'                 0.008567989595
88     'y[1,15,3]'                 2.396035018e-06
89     'y[2,1,1]'                  2.07962823e-05
90     'y[2,1,2]'                  0.1000175511
91     'y[2,1,3]'                  0.8999616526
92     'y[2,2,1]'                  8.758015024e-05
93     'y[2,2,2]'                  0.179857587
94     'y[2,2,3]'                  0.8200548328
95     'y[2,3,1]'                  0.0003373332829
96     'y[2,3,2]'                  0.2903561949
97     'y[2,3,3]'                  0.7093064719
98     'y[2,4,1]'                  0.001196652836
99     'y[2,4,2]'                  0.4218241098
100    'y[2,4,3]'                  0.5769792374
101    'y[2,5,1]'                  0.003895541535
102    'y[2,5,2]'                  0.5515001257
103    'y[2,5,3]'                  0.4446043328
104    'y[2,6,1]'                  0.003923591175
105    'y[2,6,2]'                  0.5889452197
106    'y[2,6,3]'                  0.4071311891
107    'y[2,7,1]'                  0.003960331492
108    'y[2,7,2]'                  0.6405382638
109    'y[2,7,3]'                  0.3555014048
110    'y[2,8,1]'                  0.004003439967
111    'y[2,8,2]'                  0.7046611869
112    'y[2,8,3]'                  0.2913353732
113    'y[2,9,1]'                  0.004048512254
114    'y[2,9,2]'                  0.7746477058
115    'y[2,9,3]'                  0.2213037819
116    'y[2,10,1]'                 0.004093608396
117    'y[2,10,2]'                 0.8407059601
118    'y[2,10,3]'                 0.1552004315
119    'y[2,11,1]'                 0.004150788787
120    'y[2,11,2]'                 0.8947941079
121    'y[2,11,3]'                 0.1010551033
122    'y[2,12,1]'                 0.004278249622
123    'y[2,12,2]'                 0.9339669457
124    'y[2,12,3]'                 0.06175480469
125    'y[2,13,1]'                 0.004691863394
126    'y[2,13,2]'                 0.959594976
127    'y[2,13,3]'                 0.03571316062
128    'y[2,14,1]'                 0.006169267593
129    'y[2,14,2]'                 0.9743379965
130    'y[2,14,3]'                 0.01949273589
131    'y[2,15,1]'                 0.01148976871
132    'y[2,15,2]'                 0.978740823
133    'y[2,15,3]'                 0.009769408325
134    'L[1,1]'                    0
135    'L[1,2]'                  166.8808367
136    'L[1,3]'                  167.5173674
137    'L[1,4]'                  167.5768038
138    'L[1,5]'                  167.3773377
139    'L[1,6]'                  167.1541534
140    'L[1,7]'                  167.0996431
141    'L[1,8]'                  167.2925966
142    'L[1,9]'                   67.76007045
143    'L[1,10]'                  69.33308007
144    'L[1,11]'                  70.81220475
145    'L[1,12]'                  72.24774601
146    'L[1,13]'                  73.4386385
147    'L[1,14]'                  74.23939287
148    'L[1,15]'                  74.69553881
149    'L[2,1]'                    0
150    'L[2,2]'                  170.866586
151    'L[2,3]'                  170.9155145
152    'L[2,4]'                  171.2392085
153    'L[2,5]'                  171.9790606
154    'L[2,6]'                  102.9690812
155    'L[2,7]'                  103.3165189
156    'L[2,8]'                  103.8726678
157    'L[2,9]'                  104.6857685
158    'L[2,10]'                 105.7255968
159    'L[2,11]'                 106.8549948
160    'L[2,12]'                 107.8914008
161    'L[2,13]'                 108.709551
162    'L[2,14]'                 109.281784
163    'L[2,15]'                 109.6428129
164    'x[1,1,1]'                  0.006397632173
165    'x[1,1,2]'                  0.5662141203
166    'x[1,1,3]'                  0.4273882475
167    'x[1,2,1]'                  0.01523092679
168    'x[1,2,2]'                  0.6649793994
169    'x[1,2,3]'                  0.3197896738
170    'x[1,3,1]'                  0.03025626555
171    'x[1,3,2]'                  0.6957538581
172    'x[1,3,3]'                  0.2739898764
173    'x[1,4,1]'                  0.05470698892
174    'x[1,4,2]'                  0.6899881954
175    'x[1,4,3]'                  0.2553048157
176    'x[1,5,1]'                  0.09211754849
177    'x[1,5,2]'                  0.6618644223
178    'x[1,5,3]'                  0.2460180292
179    'x[1,6,1]'                  0.1440161322
180    'x[1,6,2]'                  0.6170070951
181    'x[1,6,3]'                  0.2389767727
182    'x[1,7,1]'                  0.2067646462
183    'x[1,7,2]'                  0.5613168588
184    'x[1,7,3]'                  0.231918495
185    'x[1,8,1]'                  0.2709414057
186    'x[1,8,2]'                  0.5041658665
187    'x[1,8,3]'                  0.2248927278
188    'x[1,9,1]'                  0.3649275754
189    'x[1,9,2]'                  0.5364065346
190    'x[1,9,3]'                  0.09866588993
191    'x[1,10,1]'                 0.4895043026
192    'x[1,10,2]'                 0.4751124167
193    'x[1,10,3]'                 0.03538328072
194    'x[1,11,1]'                 0.6358053512
195    'x[1,11,2]'                 0.3536946484
196    'x[1,11,3]'                 0.01050000033
197    'x[1,12,1]'                 0.7745229174
198    'x[1,12,2]'                 0.2228702453
199    'x[1,12,3]'                 0.002606837285
200    'x[1,13,1]'                 0.8779237931
201    'x[1,13,2]'                 0.121517785
202    'x[1,13,3]'                 0.0005584218743
203    'x[1,14,1]'                 0.941017664
204    'x[1,14,2]'                 0.05887476802
205    'x[1,14,3]'                 0.0001075679508
206    'x[1,15,1]'                 0.9747260695
207    'x[1,15,2]'                 0.02525513979
208    'x[1,15,3]'                 1.879074547e-05
209    'x[2,1,1]'                  4.055251782e-06
210    'x[2,1,2]'                  0.04825448083
211    'x[2,1,3]'                  0.9517414639
212    'x[2,2,1]'                  1.774723085e-05
213    'x[2,2,2]'                  0.09058991974
214    'x[2,2,3]'                  0.909392333
215    'x[2,3,1]'                  7.237207763e-05
216    'x[2,3,2]'                  0.1558955154
217    'x[2,3,3]'                  0.8440321125
218    'x[2,4,1]'                  0.0002767652899
219    'x[2,4,2]'                  0.2463580505
220    'x[2,4,3]'                  0.7533651842
221    'x[2,5,1]'                  0.0009808495459
222    'x[2,5,2]'                  0.3542258219
223    'x[2,5,3]'                  0.6447933286
224    'x[2,6,1]'                  0.001013764943
225    'x[2,6,2]'                  0.389375368
226    'x[2,6,3]'                  0.609610867
227    'x[2,7,1]'                  0.001062113743
228    'x[2,7,2]'                  0.4415271454
229    'x[2,7,3]'                  0.5574107408
230    'x[2,8,1]'                  0.00112799536
231    'x[2,8,2]'                  0.513317158
232    'x[2,8,3]'                  0.4855548466
233    'x[2,9,1]'                  0.001209192855
234    'x[2,9,2]'                  0.6023618813
235    'x[2,9,3]'                  0.3964289258
236    'x[2,10,1]'                 0.001298404634
237    'x[2,10,2]'                 0.6992198476
238    'x[2,10,3]'                 0.2994817477
239    'x[2,11,1]'                 0.00138905817
240    'x[2,11,2]'                 0.7902308212
241    'x[2,11,3]'                 0.2083801206
242    'x[2,12,1]'                 0.001492926772
243    'x[2,12,2]'                 0.8643922282
244    'x[2,12,3]'                 0.134114845
245    'x[2,13,1]'                 0.00168620414
246    'x[2,13,2]'                 0.917873814
247    'x[2,13,3]'                 0.08043998185
248    'x[2,14,1]'                 0.002261277922
249    'x[2,14,2]'                 0.9527493941
250    'x[2,14,3]'                 0.04498932798
251    'x[2,15,1]'                 0.004273190759
252    'x[2,15,2]'                 0.9727689531
253    'x[2,15,3]'                 0.02295785614
254    'CC[2]'                     0
255    'CC[3]'                     0
256    'CC[4]'                     0
257    'CC[5]'                     0
258    'CC[6]'                     0
259    'CC[7]'                     0
260    'CC[8]'                     0
261    'CC[9]'                     0
262    'CC[10]'                    0
263    'CC[11]'                    0
264    'CC[12]'                    0
265    'CC[13]'                    0
266    'CC[14]'                    0
267    'CR[2]'                     0
268    'CR[3]'                     0
269    'CR[4]'                     0
270    'CR[5]'                    70.1936208
271    'CR[6]'                     0
272    'CR[7]'                     0
273    'CR[8]'                     0
274    'CR[9]'                     0
275    'CR[10]'                    0
276    'CR[11]'                    0
277    'CR[12]'                    0
278    'CR[13]'                    0
279    'CR[14]'                    0
280    'PC[1]'                    29.8063792
281    'PC[2]'                    39.07361224
282    'PR[1]'                     0
283    'PR[2]'                    31.12000857
284    'PS[2]'                     0
285    'PS[3]'                     0
286    'PS[4]'                     0
287    'PS[5]'                     0
288    'PS[6]'                     0
289    'PS[7]'                     0
290    'PS[8]'                     0
291    'PS[9]'                     0
292    'PS[10]'                    0
293    'PS[11]'                    0
294    'PS[12]'                    0
295    'PS[13]'                    0
296    'PS[14]'                    0
297    'T[1,1]'                  353.715946
298    'T[1,2]'                  351.065261
299    'T[1,3]'                  349.4180634
300    'T[1,4]'                  347.8549387
301    'T[1,5]'                  345.9115089
302    'T[1,6]'                  343.4857745
303    'T[1,7]'                  340.8070586
304    'T[1,8]'                  338.2979564
305    'T[1,9]'                  333.7726821
306    'T[1,10]'                 329.6491289
307    'T[1,11]'                 325.8796857
308    'T[1,12]'                 322.8603131
309    'T[1,13]'                 320.8503994
310    'T[1,14]'                 319.7056569
311    'T[1,15]'                 319.1166264
312    'T[2,1]'                  367.9015122
313    'T[2,2]'                  366.5345522
314    'T[2,3]'                  364.5266225
315    'T[2,4]'                  361.9222981
316    'T[2,5]'                  359.0302607
317    'T[2,6]'                  358.1615336
318    'T[2,7]'                  356.9169018
319    'T[2,8]'                  355.2843205
320    'T[2,9]'                  353.3779401
321    'T[2,10]'                 351.4382016
322    'T[2,11]'                 349.7290007
323    'T[2,12]'                 348.4080382
324    'T[2,13]'                 347.4857458
325    'T[2,14]'                 346.8721471
326    'T[2,15]'                 346.420484
327    TF                        338.1587438
328    'QC[1]'                   953.5603032
329    'QC[2]'                  1467.892995
330    'QR[1]'                   986.6765297
331    'QR[2]'                  1479.313311
332    'H[1,1,1]'                  1.414361792
333    'H[1,1,2]'                  1.754313791
334    'H[1,1,3]'                  2.099594758
335    'H[1,2,1]'                  1.340886218
336    'H[1,2,2]'                  1.664671317
337    'H[1,2,3]'                  1.991744556
338    'H[1,3,1]'                  1.295530528
339    'H[1,3,2]'                  1.609277466
340    'H[1,3,3]'                  1.92513532
341    'H[1,4,1]'                  1.252705805
342    'H[1,4,2]'                  1.556932026
343    'H[1,4,3]'                  1.862216778
344    'H[1,5,1]'                  1.199756106
345    'H[1,5,2]'                  1.492151209
346    'H[1,5,3]'                  1.784384604
347    'H[1,6,1]'                  1.134124793
348    'H[1,6,2]'                  1.411760231
349    'H[1,6,3]'                  1.687848402
350    'H[1,7,1]'                  1.06224315
351    'H[1,7,2]'                  1.323586911
352    'H[1,7,3]'                  1.58203112
353    'H[1,8,1]'                  0.9954810682
354    'H[1,8,2]'                  1.241569116
355    'H[1,8,3]'                  1.483660369
356    'H[1,9,1]'                  0.8764687468
357    'H[1,9,2]'                  1.095045527
358    'H[1,9,3]'                  1.308060598
359    'H[1,10,1]'                 0.7695937588
360    'H[1,10,2]'                 0.963095543
361    'H[1,10,3]'                 1.150071746
362    'H[1,11,1]'                 0.6732155942
363    'H[1,11,2]'                 0.8437824769
364    'H[1,11,3]'                 1.007325185
365    'H[1,12,1]'                 0.5969282573
366    'H[1,12,2]'                 0.749110264
367    'H[1,12,3]'                 0.8941294788
368    'H[1,13,1]'                 0.5465975528
369    'H[1,13,2]'                 0.6865327848
370    'H[1,13,3]'                 0.8193401132
371    'H[1,14,1]'                 0.5180935288
372    'H[1,14,2]'                 0.6510502126
373    'H[1,14,3]'                 0.776943867
374    'H[1,15,1]'                 0.5034724983
375    'H[1,15,2]'                 0.6328373183
376    'H[1,15,3]'                 0.7551851359
377    'H[2,1,1]'                  1.817714972
378    'H[2,1,2]'                  2.244591632
379    'H[2,1,3]'                  2.690735326
380    'H[2,2,1]'                  1.778109973
381    'H[2,2,2]'                  2.196572911
382    'H[2,2,3]'                  2.632742507
383    'H[2,3,1]'                  1.720217158
384    'H[2,3,2]'                  2.12633774
385    'H[2,3,3]'                  2.547955729
386    'H[2,4,1]'                  1.645632617
387    'H[2,4,2]'                  2.035772234
388    'H[2,4,3]'                  2.438691858
389    'H[2,5,1]'                  1.563477845
390    'H[2,5,2]'                  1.935903717
391    'H[2,5,3]'                  2.318289907
392    'H[2,6,1]'                  1.538937853
393    'H[2,6,2]'                  1.906048898
394    'H[2,6,3]'                  2.282314267
395    'H[2,7,1]'                  1.503890781
396    'H[2,7,2]'                  1.863391795
397    'H[2,7,3]'                  2.230925581
398    'H[2,8,1]'                  1.458119252
399    'H[2,8,2]'                  1.807645847
400    'H[2,8,3]'                  2.163793604
401    'H[2,9,1]'                  1.404958986
402    'H[2,9,2]'                  1.742848434
403    'H[2,9,3]'                  2.085796594
404    'H[2,10,1]'                 1.351187527
405    'H[2,10,2]'                 1.677246195
406    'H[2,10,3]'                 2.006869238
407    'H[2,11,1]'                 1.304074339
408    'H[2,11,2]'                 1.619715711
409    'H[2,11,3]'                 1.937684867
410    'H[2,12,1]'                 1.267834915
411    'H[2,12,2]'                 1.57542944
412    'H[2,12,3]'                 1.884447655
413    'H[2,13,1]'                 1.242621846
414    'H[2,13,2]'                 1.544600033
415    'H[2,13,3]'                 1.847397415
416    'H[2,14,1]'                 1.225888352
417    'H[2,14,2]'                 1.524130819
418    'H[2,14,3]'                 1.822802511
419    'H[2,15,1]'                 1.213591812
420    'H[2,15,2]'                 1.509084848
421    'H[2,15,3]'                 1.804726289
422    'HF[1]'                     0.9917930392
423    'HF[2]'                     1.237034729
424    'HF[3]'                     1.478223544
425    'h[1,1,1]'                 -7.112967752
426    'h[1,1,2]'                 -7.97242094
427    'h[1,1,3]'                 -8.731232904
428    'h[1,2,1]'                 -7.230263841
429    'h[1,2,2]'                 -8.103738671
430    'h[1,2,3]'                 -8.882369341
431    'h[1,3,1]'                 -7.302753324
432    'h[1,3,2]'                 -8.184953832
433    'h[1,3,3]'                 -8.975863518
434    'h[1,4,1]'                 -7.371259758
435    'h[1,4,2]'                 -8.261750423
436    'h[1,4,3]'                 -9.064287874
437    'h[1,5,1]'                 -7.456050337
438    'h[1,5,2]'                 -8.356862832
439    'h[1,5,3]'                 -9.173825639
440    'h[1,6,1]'                 -7.561289568
441    'h[1,6,2]'                 -8.47501073
442    'h[1,6,3]'                 -9.309933468
443    'h[1,7,1]'                 -7.676741186
444    'h[1,7,2]'                 -8.604753503
445    'h[1,7,3]'                 -9.459456138
446    'h[1,8,1]'                 -7.784159307
447    'h[1,8,2]'                 -8.725596126
448    'h[1,8,3]'                 -9.598781476
449    'h[1,9,1]'                 -7.976133594
450    'h[1,9,2]'                 -8.941887231
451    'h[1,9,3]'                 -9.84831633
452    'h[1,10,1]'                -8.149107143
453    'h[1,10,2]'                -9.137151455
454    'h[1,10,3]'               -10.07379683
455    'h[1,11,1]'                -8.305603369
456    'h[1,11,2]'                -9.314148074
457    'h[1,11,3]'               -10.27837565
458    'h[1,12,1]'                -8.429846857
459    'h[1,12,2]'                -9.454905875
460    'h[1,12,3]'               -10.44121558
461    'h[1,13,1]'                -8.512006437
462    'h[1,13,2]'                -9.548107583
463    'h[1,13,3]'               -10.54911741
464    'h[1,14,1]'                -8.558605853
465    'h[1,14,2]'                -9.601014263
466    'h[1,14,3]'               -10.61039839
467    'h[1,15,1]'                -8.582528841
468    'h[1,15,2]'                -9.628187954
469    'h[1,15,3]'               -10.64188192
470    'h[2,1,1]'                 -6.471532571
471    'h[2,1,2]'                 -7.256196511
472    'h[2,1,3]'                 -7.907487265
473    'h[2,2,1]'                 -6.534360316
474    'h[2,2,2]'                 -7.326222775
475    'h[2,2,3]'                 -7.987994113
476    'h[2,3,1]'                 -6.626251318
477    'h[2,3,2]'                 -7.428688298
478    'h[2,3,3]'                 -8.105805117
479    'h[2,4,1]'                 -6.744735854
480    'h[2,4,2]'                 -7.560891811
481    'h[2,4,3]'                 -8.257827414
482    'h[2,5,1]'                 -6.875389221
483    'h[2,5,2]'                 -7.70678885
484    'h[2,5,3]'                 -8.425626034
485    'h[2,6,1]'                 -6.914447311
486    'h[2,6,2]'                 -7.750428553
487    'h[2,6,3]'                 -8.475823683
488    'h[2,7,1]'                 -6.970255053
489    'h[2,7,2]'                 -7.812803007
490    'h[2,7,3]'                 -8.547577481
491    'h[2,8,1]'                 -7.04318892
492    'h[2,8,2]'                 -7.894355722
493    'h[2,8,3]'                 -8.641404847
494    'h[2,9,1]'                 -7.12796933
495    'h[2,9,2]'                 -7.989209266
496    'h[2,9,3]'                 -8.750552662
497    'h[2,10,1]'                -7.213808946
498    'h[2,10,2]'                -8.085309577
499    'h[2,10,3]'                -8.86115634
500    'h[2,11,1]'                -7.289093146
501    'h[2,11,2]'                -8.169645745
502    'h[2,11,3]'                -8.958239625
503    'h[2,12,1]'                -7.347050764
504    'h[2,12,2]'                -8.23460687
505    'h[2,12,3]'                -9.033032579
506    'h[2,13,1]'                -7.387400057
507    'h[2,13,2]'                -8.279850262
508    'h[2,13,3]'                -9.085130713
509    'h[2,14,1]'                -7.414191338
510    'h[2,14,2]'                -8.30989962
511    'h[2,14,3]'                -9.119736189
512    'h[2,15,1]'                -7.433885077
513    'h[2,15,2]'                -8.331992676
514    'h[2,15,3]'                -9.145180796
515    'hF[1]'                    -7.790098768
516    'hF[2]'                    -8.732281577
517    'hF[3]'                    -9.606491254
518    'tauGamma[1,1,1,1]'     1e-06
519    'tauGamma[1,1,1,2]'     1e-06
520    'tauGamma[1,1,1,3]'     1e-06
521    'tauGamma[1,1,2,1]'     1e-06
522    'tauGamma[1,1,2,2]'     1e-06
523    'tauGamma[1,1,2,3]'     1e-06
524    'tauGamma[1,1,3,1]'     1e-06
525    'tauGamma[1,1,3,2]'     1e-06
526    'tauGamma[1,1,3,3]'     1e-06
527    'tauGamma[1,2,1,1]'     1e-06
528    'tauGamma[1,2,1,2]'     1e-06
529    'tauGamma[1,2,1,3]'     1e-06
530    'tauGamma[1,2,2,1]'     1e-06
531    'tauGamma[1,2,2,2]'     1e-06
532    'tauGamma[1,2,2,3]'     1e-06
533    'tauGamma[1,2,3,1]'     1e-06
534    'tauGamma[1,2,3,2]'     1e-06
535    'tauGamma[1,2,3,3]'     1e-06
536    'tauGamma[1,3,1,1]'     1e-06
537    'tauGamma[1,3,1,2]'     1e-06
538    'tauGamma[1,3,1,3]'     1e-06
539    'tauGamma[1,3,2,1]'     1e-06
540    'tauGamma[1,3,2,2]'     1e-06
541    'tauGamma[1,3,2,3]'     1e-06
542    'tauGamma[1,3,3,1]'     1e-06
543    'tauGamma[1,3,3,2]'     1e-06
544    'tauGamma[1,3,3,3]'     1e-06
545    'tauGamma[1,4,1,1]'     1e-06
546    'tauGamma[1,4,1,2]'     1e-06
547    'tauGamma[1,4,1,3]'     1e-06
548    'tauGamma[1,4,2,1]'     1e-06
549    'tauGamma[1,4,2,2]'     1e-06
550    'tauGamma[1,4,2,3]'     1e-06
551    'tauGamma[1,4,3,1]'     1e-06
552    'tauGamma[1,4,3,2]'     1e-06
553    'tauGamma[1,4,3,3]'     1e-06
554    'tauGamma[1,5,1,1]'     1e-06
555    'tauGamma[1,5,1,2]'     1e-06
556    'tauGamma[1,5,1,3]'     1e-06
557    'tauGamma[1,5,2,1]'     1e-06
558    'tauGamma[1,5,2,2]'     1e-06
559    'tauGamma[1,5,2,3]'     1e-06
560    'tauGamma[1,5,3,1]'     1e-06
561    'tauGamma[1,5,3,2]'     1e-06
562    'tauGamma[1,5,3,3]'     1e-06
563    'tauGamma[1,6,1,1]'     1e-06
564    'tauGamma[1,6,1,2]'     1e-06
565    'tauGamma[1,6,1,3]'     1e-06
566    'tauGamma[1,6,2,1]'     1e-06
567    'tauGamma[1,6,2,2]'     1e-06
568    'tauGamma[1,6,2,3]'     1e-06
569    'tauGamma[1,6,3,1]'     1e-06
570    'tauGamma[1,6,3,2]'     1e-06
571    'tauGamma[1,6,3,3]'     1e-06
572    'tauGamma[1,7,1,1]'     1e-06
573    'tauGamma[1,7,1,2]'     1e-06
574    'tauGamma[1,7,1,3]'     1e-06
575    'tauGamma[1,7,2,1]'     1e-06
576    'tauGamma[1,7,2,2]'     1e-06
577    'tauGamma[1,7,2,3]'     1e-06
578    'tauGamma[1,7,3,1]'     1e-06
579    'tauGamma[1,7,3,2]'     1e-06
580    'tauGamma[1,7,3,3]'     1e-06
581    'tauGamma[1,8,1,1]'     1e-06
582    'tauGamma[1,8,1,2]'     1e-06
583    'tauGamma[1,8,1,3]'     1e-06
584    'tauGamma[1,8,2,1]'     1e-06
585    'tauGamma[1,8,2,2]'     1e-06
586    'tauGamma[1,8,2,3]'     1e-06
587    'tauGamma[1,8,3,1]'     1e-06
588    'tauGamma[1,8,3,2]'     1e-06
589    'tauGamma[1,8,3,3]'     1e-06
590    'tauGamma[1,9,1,1]'     1e-06
591    'tauGamma[1,9,1,2]'     1e-06
592    'tauGamma[1,9,1,3]'     1e-06
593    'tauGamma[1,9,2,1]'     1e-06
594    'tauGamma[1,9,2,2]'     1e-06
595    'tauGamma[1,9,2,3]'     1e-06
596    'tauGamma[1,9,3,1]'     1e-06
597    'tauGamma[1,9,3,2]'     1e-06
598    'tauGamma[1,9,3,3]'     1e-06
599    'tauGamma[1,10,1,1]'    1e-06
600    'tauGamma[1,10,1,2]'    1e-06
601    'tauGamma[1,10,1,3]'    1e-06
602    'tauGamma[1,10,2,1]'    1e-06
603    'tauGamma[1,10,2,2]'    1e-06
604    'tauGamma[1,10,2,3]'    1e-06
605    'tauGamma[1,10,3,1]'    1e-06
606    'tauGamma[1,10,3,2]'    1e-06
607    'tauGamma[1,10,3,3]'    1e-06
608    'tauGamma[1,11,1,1]'    1e-06
609    'tauGamma[1,11,1,2]'    1e-06
610    'tauGamma[1,11,1,3]'    1e-06
611    'tauGamma[1,11,2,1]'    1e-06
612    'tauGamma[1,11,2,2]'    1e-06
613    'tauGamma[1,11,2,3]'    1e-06
614    'tauGamma[1,11,3,1]'    1e-06
615    'tauGamma[1,11,3,2]'    1e-06
616    'tauGamma[1,11,3,3]'    1e-06
617    'tauGamma[1,12,1,1]'    1e-06
618    'tauGamma[1,12,1,2]'    1e-06
619    'tauGamma[1,12,1,3]'    1e-06
620    'tauGamma[1,12,2,1]'    1e-06
621    'tauGamma[1,12,2,2]'    1e-06
622    'tauGamma[1,12,2,3]'    1e-06
623    'tauGamma[1,12,3,1]'    1e-06
624    'tauGamma[1,12,3,2]'    1e-06
625    'tauGamma[1,12,3,3]'    1e-06
626    'tauGamma[1,13,1,1]'    1e-06
627    'tauGamma[1,13,1,2]'    1e-06
628    'tauGamma[1,13,1,3]'    1e-06
629    'tauGamma[1,13,2,1]'    1e-06
630    'tauGamma[1,13,2,2]'    1e-06
631    'tauGamma[1,13,2,3]'    1e-06
632    'tauGamma[1,13,3,1]'    1e-06
633    'tauGamma[1,13,3,2]'    1e-06
634    'tauGamma[1,13,3,3]'    1e-06
635    'tauGamma[1,14,1,1]'    1e-06
636    'tauGamma[1,14,1,2]'    1e-06
637    'tauGamma[1,14,1,3]'    1e-06
638    'tauGamma[1,14,2,1]'    1e-06
639    'tauGamma[1,14,2,2]'    1e-06
640    'tauGamma[1,14,2,3]'    1e-06
641    'tauGamma[1,14,3,1]'    1e-06
642    'tauGamma[1,14,3,2]'    1e-06
643    'tauGamma[1,14,3,3]'    1e-06
644    'tauGamma[1,15,1,1]'    1e-06
645    'tauGamma[1,15,1,2]'    1e-06
646    'tauGamma[1,15,1,3]'    1e-06
647    'tauGamma[1,15,2,1]'    1e-06
648    'tauGamma[1,15,2,2]'    1e-06
649    'tauGamma[1,15,2,3]'    1e-06
650    'tauGamma[1,15,3,1]'    1e-06
651    'tauGamma[1,15,3,2]'    1e-06
652    'tauGamma[1,15,3,3]'    1e-06
653    'tauGamma[2,1,1,1]'     1e-06
654    'tauGamma[2,1,1,2]'     1e-06
655    'tauGamma[2,1,1,3]'     1e-06
656    'tauGamma[2,1,2,1]'     1e-06
657    'tauGamma[2,1,2,2]'     1e-06
658    'tauGamma[2,1,2,3]'     1e-06
659    'tauGamma[2,1,3,1]'     1e-06
660    'tauGamma[2,1,3,2]'     1e-06
661    'tauGamma[2,1,3,3]'     1e-06
662    'tauGamma[2,2,1,1]'     1e-06
663    'tauGamma[2,2,1,2]'     1e-06
664    'tauGamma[2,2,1,3]'     1e-06
665    'tauGamma[2,2,2,1]'     1e-06
666    'tauGamma[2,2,2,2]'     1e-06
667    'tauGamma[2,2,2,3]'     1e-06
668    'tauGamma[2,2,3,1]'     1e-06
669    'tauGamma[2,2,3,2]'     1e-06
670    'tauGamma[2,2,3,3]'     1e-06
671    'tauGamma[2,3,1,1]'     1e-06
672    'tauGamma[2,3,1,2]'     1e-06
673    'tauGamma[2,3,1,3]'     1e-06
674    'tauGamma[2,3,2,1]'     1e-06
675    'tauGamma[2,3,2,2]'     1e-06
676    'tauGamma[2,3,2,3]'     1e-06
677    'tauGamma[2,3,3,1]'     1e-06
678    'tauGamma[2,3,3,2]'     1e-06
679    'tauGamma[2,3,3,3]'     1e-06
680    'tauGamma[2,4,1,1]'     1e-06
681    'tauGamma[2,4,1,2]'     1e-06
682    'tauGamma[2,4,1,3]'     1e-06
683    'tauGamma[2,4,2,1]'     1e-06
684    'tauGamma[2,4,2,2]'     1e-06
685    'tauGamma[2,4,2,3]'     1e-06
686    'tauGamma[2,4,3,1]'     1e-06
687    'tauGamma[2,4,3,2]'     1e-06
688    'tauGamma[2,4,3,3]'     1e-06
689    'tauGamma[2,5,1,1]'     1e-06
690    'tauGamma[2,5,1,2]'     1e-06
691    'tauGamma[2,5,1,3]'     1e-06
692    'tauGamma[2,5,2,1]'     1e-06
693    'tauGamma[2,5,2,2]'     1e-06
694    'tauGamma[2,5,2,3]'     1e-06
695    'tauGamma[2,5,3,1]'     1e-06
696    'tauGamma[2,5,3,2]'     1e-06
697    'tauGamma[2,5,3,3]'     1e-06
698    'tauGamma[2,6,1,1]'     1e-06
699    'tauGamma[2,6,1,2]'     1e-06
700    'tauGamma[2,6,1,3]'     1e-06
701    'tauGamma[2,6,2,1]'     1e-06
702    'tauGamma[2,6,2,2]'     1e-06
703    'tauGamma[2,6,2,3]'     1e-06
704    'tauGamma[2,6,3,1]'     1e-06
705    'tauGamma[2,6,3,2]'     1e-06
706    'tauGamma[2,6,3,3]'     1e-06
707    'tauGamma[2,7,1,1]'     1e-06
708    'tauGamma[2,7,1,2]'     1e-06
709    'tauGamma[2,7,1,3]'     1e-06
710    'tauGamma[2,7,2,1]'     1e-06
711    'tauGamma[2,7,2,2]'     1e-06
712    'tauGamma[2,7,2,3]'     1e-06
713    'tauGamma[2,7,3,1]'     1e-06
714    'tauGamma[2,7,3,2]'     1e-06
715    'tauGamma[2,7,3,3]'     1e-06
716    'tauGamma[2,8,1,1]'     1e-06
717    'tauGamma[2,8,1,2]'     1e-06
718    'tauGamma[2,8,1,3]'     1e-06
719    'tauGamma[2,8,2,1]'     1e-06
720    'tauGamma[2,8,2,2]'     1e-06
721    'tauGamma[2,8,2,3]'     1e-06
722    'tauGamma[2,8,3,1]'     1e-06
723    'tauGamma[2,8,3,2]'     1e-06
724    'tauGamma[2,8,3,3]'     1e-06
725    'tauGamma[2,9,1,1]'     1e-06
726    'tauGamma[2,9,1,2]'     1e-06
727    'tauGamma[2,9,1,3]'     1e-06
728    'tauGamma[2,9,2,1]'     1e-06
729    'tauGamma[2,9,2,2]'     1e-06
730    'tauGamma[2,9,2,3]'     1e-06
731    'tauGamma[2,9,3,1]'     1e-06
732    'tauGamma[2,9,3,2]'     1e-06
733    'tauGamma[2,9,3,3]'     1e-06
734    'tauGamma[2,10,1,1]'    1e-06
735    'tauGamma[2,10,1,2]'    1e-06
736    'tauGamma[2,10,1,3]'    1e-06
737    'tauGamma[2,10,2,1]'    1e-06
738    'tauGamma[2,10,2,2]'    1e-06
739    'tauGamma[2,10,2,3]'    1e-06
740    'tauGamma[2,10,3,1]'    1e-06
741    'tauGamma[2,10,3,2]'    1e-06
742    'tauGamma[2,10,3,3]'    1e-06
743    'tauGamma[2,11,1,1]'    1e-06
744    'tauGamma[2,11,1,2]'    1e-06
745    'tauGamma[2,11,1,3]'    1e-06
746    'tauGamma[2,11,2,1]'    1e-06
747    'tauGamma[2,11,2,2]'    1e-06
748    'tauGamma[2,11,2,3]'    1e-06
749    'tauGamma[2,11,3,1]'    1e-06
750    'tauGamma[2,11,3,2]'    1e-06
751    'tauGamma[2,11,3,3]'    1e-06
752    'tauGamma[2,12,1,1]'    1e-06
753    'tauGamma[2,12,1,2]'    1e-06
754    'tauGamma[2,12,1,3]'    1e-06
755    'tauGamma[2,12,2,1]'    1e-06
756    'tauGamma[2,12,2,2]'    1e-06
757    'tauGamma[2,12,2,3]'    1e-06
758    'tauGamma[2,12,3,1]'    1e-06
759    'tauGamma[2,12,3,2]'    1e-06
760    'tauGamma[2,12,3,3]'    1e-06
761    'tauGamma[2,13,1,1]'    1e-06
762    'tauGamma[2,13,1,2]'    1e-06
763    'tauGamma[2,13,1,3]'    1e-06
764    'tauGamma[2,13,2,1]'    1e-06
765    'tauGamma[2,13,2,2]'    1e-06
766    'tauGamma[2,13,2,3]'    1e-06
767    'tauGamma[2,13,3,1]'    1e-06
768    'tauGamma[2,13,3,2]'    1e-06
769    'tauGamma[2,13,3,3]'    1e-06
770    'tauGamma[2,14,1,1]'    1e-06
771    'tauGamma[2,14,1,2]'    1e-06
772    'tauGamma[2,14,1,3]'    1e-06
773    'tauGamma[2,14,2,1]'    1e-06
774    'tauGamma[2,14,2,2]'    1e-06
775    'tauGamma[2,14,2,3]'    1e-06
776    'tauGamma[2,14,3,1]'    1e-06
777    'tauGamma[2,14,3,2]'    1e-06
778    'tauGamma[2,14,3,3]'    1e-06
779    'tauGamma[2,15,1,1]'    1e-06
780    'tauGamma[2,15,1,2]'    1e-06
781    'tauGamma[2,15,1,3]'    1e-06
782    'tauGamma[2,15,2,1]'    1e-06
783    'tauGamma[2,15,2,2]'    1e-06
784    'tauGamma[2,15,2,3]'    1e-06
785    'tauGamma[2,15,3,1]'    1e-06
786    'tauGamma[2,15,3,2]'    1e-06
787    'tauGamma[2,15,3,3]'    1e-06
788    'PGamma[1,1,1,1]'           1
789    'PGamma[1,1,1,2]'           1
790    'PGamma[1,1,1,3]'           1
791    'PGamma[1,1,2,1]'           1
792    'PGamma[1,1,2,2]'           1
793    'PGamma[1,1,2,3]'           1
794    'PGamma[1,1,3,1]'           1
795    'PGamma[1,1,3,2]'           1
796    'PGamma[1,1,3,3]'           1
797    'PGamma[1,2,1,1]'           1
798    'PGamma[1,2,1,2]'           1
799    'PGamma[1,2,1,3]'           1
800    'PGamma[1,2,2,1]'           1
801    'PGamma[1,2,2,2]'           1
802    'PGamma[1,2,2,3]'           1
803    'PGamma[1,2,3,1]'           1
804    'PGamma[1,2,3,2]'           1
805    'PGamma[1,2,3,3]'           1
806    'PGamma[1,3,1,1]'           1
807    'PGamma[1,3,1,2]'           1
808    'PGamma[1,3,1,3]'           1
809    'PGamma[1,3,2,1]'           1
810    'PGamma[1,3,2,2]'           1
811    'PGamma[1,3,2,3]'           1
812    'PGamma[1,3,3,1]'           1
813    'PGamma[1,3,3,2]'           1
814    'PGamma[1,3,3,3]'           1
815    'PGamma[1,4,1,1]'           1
816    'PGamma[1,4,1,2]'           1
817    'PGamma[1,4,1,3]'           1
818    'PGamma[1,4,2,1]'           1
819    'PGamma[1,4,2,2]'           1
820    'PGamma[1,4,2,3]'           1
821    'PGamma[1,4,3,1]'           1
822    'PGamma[1,4,3,2]'           1
823    'PGamma[1,4,3,3]'           1
824    'PGamma[1,5,1,1]'           1
825    'PGamma[1,5,1,2]'           1
826    'PGamma[1,5,1,3]'           1
827    'PGamma[1,5,2,1]'           1
828    'PGamma[1,5,2,2]'           1
829    'PGamma[1,5,2,3]'           1
830    'PGamma[1,5,3,1]'           1
831    'PGamma[1,5,3,2]'           1
832    'PGamma[1,5,3,3]'           1
833    'PGamma[1,6,1,1]'           1
834    'PGamma[1,6,1,2]'           1
835    'PGamma[1,6,1,3]'           1
836    'PGamma[1,6,2,1]'           1
837    'PGamma[1,6,2,2]'           1
838    'PGamma[1,6,2,3]'           1
839    'PGamma[1,6,3,1]'           1
840    'PGamma[1,6,3,2]'           1
841    'PGamma[1,6,3,3]'           1
842    'PGamma[1,7,1,1]'           1
843    'PGamma[1,7,1,2]'           1
844    'PGamma[1,7,1,3]'           1
845    'PGamma[1,7,2,1]'           1
846    'PGamma[1,7,2,2]'           1
847    'PGamma[1,7,2,3]'           1
848    'PGamma[1,7,3,1]'           1
849    'PGamma[1,7,3,2]'           1
850    'PGamma[1,7,3,3]'           1
851    'PGamma[1,8,1,1]'           1
852    'PGamma[1,8,1,2]'           1
853    'PGamma[1,8,1,3]'           1
854    'PGamma[1,8,2,1]'           1
855    'PGamma[1,8,2,2]'           1
856    'PGamma[1,8,2,3]'           1
857    'PGamma[1,8,3,1]'           1
858    'PGamma[1,8,3,2]'           1
859    'PGamma[1,8,3,3]'           1
860    'PGamma[1,9,1,1]'           1
861    'PGamma[1,9,1,2]'           1
862    'PGamma[1,9,1,3]'           1
863    'PGamma[1,9,2,1]'           1
864    'PGamma[1,9,2,2]'           1
865    'PGamma[1,9,2,3]'           1
866    'PGamma[1,9,3,1]'           1
867    'PGamma[1,9,3,2]'           1
868    'PGamma[1,9,3,3]'           1
869    'PGamma[1,10,1,1]'          1
870    'PGamma[1,10,1,2]'          1
871    'PGamma[1,10,1,3]'          1
872    'PGamma[1,10,2,1]'          1
873    'PGamma[1,10,2,2]'          1
874    'PGamma[1,10,2,3]'          1
875    'PGamma[1,10,3,1]'          1
876    'PGamma[1,10,3,2]'          1
877    'PGamma[1,10,3,3]'          1
878    'PGamma[1,11,1,1]'          1
879    'PGamma[1,11,1,2]'          1
880    'PGamma[1,11,1,3]'          1
881    'PGamma[1,11,2,1]'          1
882    'PGamma[1,11,2,2]'          1
883    'PGamma[1,11,2,3]'          1
884    'PGamma[1,11,3,1]'          1
885    'PGamma[1,11,3,2]'          1
886    'PGamma[1,11,3,3]'          1
887    'PGamma[1,12,1,1]'          1
888    'PGamma[1,12,1,2]'          1
889    'PGamma[1,12,1,3]'          1
890    'PGamma[1,12,2,1]'          1
891    'PGamma[1,12,2,2]'          1
892    'PGamma[1,12,2,3]'          1
893    'PGamma[1,12,3,1]'          1
894    'PGamma[1,12,3,2]'          1
895    'PGamma[1,12,3,3]'          1
896    'PGamma[1,13,1,1]'          1
897    'PGamma[1,13,1,2]'          1
898    'PGamma[1,13,1,3]'          1
899    'PGamma[1,13,2,1]'          1
900    'PGamma[1,13,2,2]'          1
901    'PGamma[1,13,2,3]'          1
902    'PGamma[1,13,3,1]'          1
903    'PGamma[1,13,3,2]'          1
904    'PGamma[1,13,3,3]'          1
905    'PGamma[1,14,1,1]'          1
906    'PGamma[1,14,1,2]'          1
907    'PGamma[1,14,1,3]'          1
908    'PGamma[1,14,2,1]'          1
909    'PGamma[1,14,2,2]'          1
910    'PGamma[1,14,2,3]'          1
911    'PGamma[1,14,3,1]'          1
912    'PGamma[1,14,3,2]'          1
913    'PGamma[1,14,3,3]'          1
914    'PGamma[1,15,1,1]'          1
915    'PGamma[1,15,1,2]'          1
916    'PGamma[1,15,1,3]'          1
917    'PGamma[1,15,2,1]'          1
918    'PGamma[1,15,2,2]'          1
919    'PGamma[1,15,2,3]'          1
920    'PGamma[1,15,3,1]'          1
921    'PGamma[1,15,3,2]'          1
922    'PGamma[1,15,3,3]'          1
923    'PGamma[2,1,1,1]'           1
924    'PGamma[2,1,1,2]'           1
925    'PGamma[2,1,1,3]'           1
926    'PGamma[2,1,2,1]'           1
927    'PGamma[2,1,2,2]'           1
928    'PGamma[2,1,2,3]'           1
929    'PGamma[2,1,3,1]'           1
930    'PGamma[2,1,3,2]'           1
931    'PGamma[2,1,3,3]'           1
932    'PGamma[2,2,1,1]'           1
933    'PGamma[2,2,1,2]'           1
934    'PGamma[2,2,1,3]'           1
935    'PGamma[2,2,2,1]'           1
936    'PGamma[2,2,2,2]'           1
937    'PGamma[2,2,2,3]'           1
938    'PGamma[2,2,3,1]'           1
939    'PGamma[2,2,3,2]'           1
940    'PGamma[2,2,3,3]'           1
941    'PGamma[2,3,1,1]'           1
942    'PGamma[2,3,1,2]'           1
943    'PGamma[2,3,1,3]'           1
944    'PGamma[2,3,2,1]'           1
945    'PGamma[2,3,2,2]'           1
946    'PGamma[2,3,2,3]'           1
947    'PGamma[2,3,3,1]'           1
948    'PGamma[2,3,3,2]'           1
949    'PGamma[2,3,3,3]'           1
950    'PGamma[2,4,1,1]'           1
951    'PGamma[2,4,1,2]'           1
952    'PGamma[2,4,1,3]'           1
953    'PGamma[2,4,2,1]'           1
954    'PGamma[2,4,2,2]'           1
955    'PGamma[2,4,2,3]'           1
956    'PGamma[2,4,3,1]'           1
957    'PGamma[2,4,3,2]'           1
958    'PGamma[2,4,3,3]'           1
959    'PGamma[2,5,1,1]'           1
960    'PGamma[2,5,1,2]'           1
961    'PGamma[2,5,1,3]'           1
962    'PGamma[2,5,2,1]'           1
963    'PGamma[2,5,2,2]'           1
964    'PGamma[2,5,2,3]'           1
965    'PGamma[2,5,3,1]'           1
966    'PGamma[2,5,3,2]'           1
967    'PGamma[2,5,3,3]'           1
968    'PGamma[2,6,1,1]'           1
969    'PGamma[2,6,1,2]'           1
970    'PGamma[2,6,1,3]'           1
971    'PGamma[2,6,2,1]'           1
972    'PGamma[2,6,2,2]'           1
973    'PGamma[2,6,2,3]'           1
974    'PGamma[2,6,3,1]'           1
975    'PGamma[2,6,3,2]'           1
976    'PGamma[2,6,3,3]'           1
977    'PGamma[2,7,1,1]'           1
978    'PGamma[2,7,1,2]'           1
979    'PGamma[2,7,1,3]'           1
980    'PGamma[2,7,2,1]'           1
981    'PGamma[2,7,2,2]'           1
982    'PGamma[2,7,2,3]'           1
983    'PGamma[2,7,3,1]'           1
984    'PGamma[2,7,3,2]'           1
985    'PGamma[2,7,3,3]'           1
986    'PGamma[2,8,1,1]'           1
987    'PGamma[2,8,1,2]'           1
988    'PGamma[2,8,1,3]'           1
989    'PGamma[2,8,2,1]'           1
990    'PGamma[2,8,2,2]'           1
991    'PGamma[2,8,2,3]'           1
992    'PGamma[2,8,3,1]'           1
993    'PGamma[2,8,3,2]'           1
994    'PGamma[2,8,3,3]'           1
995    'PGamma[2,9,1,1]'           1
996    'PGamma[2,9,1,2]'           1
997    'PGamma[2,9,1,3]'           1
998    'PGamma[2,9,2,1]'           1
999    'PGamma[2,9,2,2]'           1
1000   'PGamma[2,9,2,3]'           1
1001   'PGamma[2,9,3,1]'           1
1002   'PGamma[2,9,3,2]'           1
1003   'PGamma[2,9,3,3]'           1
1004   'PGamma[2,10,1,1]'          1
1005   'PGamma[2,10,1,2]'          1
1006   'PGamma[2,10,1,3]'          1
1007   'PGamma[2,10,2,1]'          1
1008   'PGamma[2,10,2,2]'          1
1009   'PGamma[2,10,2,3]'          1
1010   'PGamma[2,10,3,1]'          1
1011   'PGamma[2,10,3,2]'          1
1012   'PGamma[2,10,3,3]'          1
1013   'PGamma[2,11,1,1]'          1
1014   'PGamma[2,11,1,2]'          1
1015   'PGamma[2,11,1,3]'          1
1016   'PGamma[2,11,2,1]'          1
1017   'PGamma[2,11,2,2]'          1
1018   'PGamma[2,11,2,3]'          1
1019   'PGamma[2,11,3,1]'          1
1020   'PGamma[2,11,3,2]'          1
1021   'PGamma[2,11,3,3]'          1
1022   'PGamma[2,12,1,1]'          1
1023   'PGamma[2,12,1,2]'          1
1024   'PGamma[2,12,1,3]'          1
1025   'PGamma[2,12,2,1]'          1
1026   'PGamma[2,12,2,2]'          1
1027   'PGamma[2,12,2,3]'          1
1028   'PGamma[2,12,3,1]'          1
1029   'PGamma[2,12,3,2]'          1
1030   'PGamma[2,12,3,3]'          1
1031   'PGamma[2,13,1,1]'          1
1032   'PGamma[2,13,1,2]'          1
1033   'PGamma[2,13,1,3]'          1
1034   'PGamma[2,13,2,1]'          1
1035   'PGamma[2,13,2,2]'          1
1036   'PGamma[2,13,2,3]'          1
1037   'PGamma[2,13,3,1]'          1
1038   'PGamma[2,13,3,2]'          1
1039   'PGamma[2,13,3,3]'          1
1040   'PGamma[2,14,1,1]'          1
1041   'PGamma[2,14,1,2]'          1
1042   'PGamma[2,14,1,3]'          1
1043   'PGamma[2,14,2,1]'          1
1044   'PGamma[2,14,2,2]'          1
1045   'PGamma[2,14,2,3]'          1
1046   'PGamma[2,14,3,1]'          1
1047   'PGamma[2,14,3,2]'          1
1048   'PGamma[2,14,3,3]'          1
1049   'PGamma[2,15,1,1]'          1
1050   'PGamma[2,15,1,2]'          1
1051   'PGamma[2,15,1,3]'          1
1052   'PGamma[2,15,2,1]'          1
1053   'PGamma[2,15,2,2]'          1
1054   'PGamma[2,15,2,3]'          1
1055   'PGamma[2,15,3,1]'          1
1056   'PGamma[2,15,3,2]'          1
1057   'PGamma[2,15,3,3]'          1
1058   'SGamma1[1,1,1]'        1e-06
1059   'SGamma1[1,1,2]'        1e-06
1060   'SGamma1[1,1,3]'        1e-06
1061   'SGamma1[1,2,1]'        1e-06
1062   'SGamma1[1,2,2]'        1e-06
1063   'SGamma1[1,2,3]'        1e-06
1064   'SGamma1[1,3,1]'        1e-06
1065   'SGamma1[1,3,2]'        1e-06
1066   'SGamma1[1,3,3]'        1e-06
1067   'SGamma1[1,4,1]'        1e-06
1068   'SGamma1[1,4,2]'        1e-06
1069   'SGamma1[1,4,3]'        1e-06
1070   'SGamma1[1,5,1]'        1e-06
1071   'SGamma1[1,5,2]'        1e-06
1072   'SGamma1[1,5,3]'        1e-06
1073   'SGamma1[1,6,1]'        1e-06
1074   'SGamma1[1,6,2]'        1e-06
1075   'SGamma1[1,6,3]'        1e-06
1076   'SGamma1[1,7,1]'        1e-06
1077   'SGamma1[1,7,2]'        1e-06
1078   'SGamma1[1,7,3]'        1e-06
1079   'SGamma1[1,8,1]'        1e-06
1080   'SGamma1[1,8,2]'        1e-06
1081   'SGamma1[1,8,3]'        1e-06
1082   'SGamma1[1,9,1]'        1e-06
1083   'SGamma1[1,9,2]'        1e-06
1084   'SGamma1[1,9,3]'        1e-06
1085   'SGamma1[1,10,1]'       1e-06
1086   'SGamma1[1,10,2]'       1e-06
1087   'SGamma1[1,10,3]'       1e-06
1088   'SGamma1[1,11,1]'       1e-06
1089   'SGamma1[1,11,2]'       1e-06
1090   'SGamma1[1,11,3]'       1e-06
1091   'SGamma1[1,12,1]'       1e-06
1092   'SGamma1[1,12,2]'       1e-06
1093   'SGamma1[1,12,3]'       1e-06
1094   'SGamma1[1,13,1]'       1e-06
1095   'SGamma1[1,13,2]'       1e-06
1096   'SGamma1[1,13,3]'       1e-06
1097   'SGamma1[1,14,1]'       1e-06
1098   'SGamma1[1,14,2]'       1e-06
1099   'SGamma1[1,14,3]'       1e-06
1100   'SGamma1[1,15,1]'       1e-06
1101   'SGamma1[1,15,2]'       1e-06
1102   'SGamma1[1,15,3]'       1e-06
1103   'SGamma1[2,1,1]'        1e-06
1104   'SGamma1[2,1,2]'        1e-06
1105   'SGamma1[2,1,3]'        1e-06
1106   'SGamma1[2,2,1]'        1e-06
1107   'SGamma1[2,2,2]'        1e-06
1108   'SGamma1[2,2,3]'        1e-06
1109   'SGamma1[2,3,1]'        1e-06
1110   'SGamma1[2,3,2]'        1e-06
1111   'SGamma1[2,3,3]'        1e-06
1112   'SGamma1[2,4,1]'        1e-06
1113   'SGamma1[2,4,2]'        1e-06
1114   'SGamma1[2,4,3]'        1e-06
1115   'SGamma1[2,5,1]'        1e-06
1116   'SGamma1[2,5,2]'        1e-06
1117   'SGamma1[2,5,3]'        1e-06
1118   'SGamma1[2,6,1]'        1e-06
1119   'SGamma1[2,6,2]'        1e-06
1120   'SGamma1[2,6,3]'        1e-06
1121   'SGamma1[2,7,1]'        1e-06
1122   'SGamma1[2,7,2]'        1e-06
1123   'SGamma1[2,7,3]'        1e-06
1124   'SGamma1[2,8,1]'        1e-06
1125   'SGamma1[2,8,2]'        1e-06
1126   'SGamma1[2,8,3]'        1e-06
1127   'SGamma1[2,9,1]'        1e-06
1128   'SGamma1[2,9,2]'        1e-06
1129   'SGamma1[2,9,3]'        1e-06
1130   'SGamma1[2,10,1]'       1e-06
1131   'SGamma1[2,10,2]'       1e-06
1132   'SGamma1[2,10,3]'       1e-06
1133   'SGamma1[2,11,1]'       1e-06
1134   'SGamma1[2,11,2]'       1e-06
1135   'SGamma1[2,11,3]'       1e-06
1136   'SGamma1[2,12,1]'       1e-06
1137   'SGamma1[2,12,2]'       1e-06
1138   'SGamma1[2,12,3]'       1e-06
1139   'SGamma1[2,13,1]'       1e-06
1140   'SGamma1[2,13,2]'       1e-06
1141   'SGamma1[2,13,3]'       1e-06
1142   'SGamma1[2,14,1]'       1e-06
1143   'SGamma1[2,14,2]'       1e-06
1144   'SGamma1[2,14,3]'       1e-06
1145   'SGamma1[2,15,1]'       1e-06
1146   'SGamma1[2,15,2]'       1e-06
1147   'SGamma1[2,15,3]'       1e-06
1148   'SGamma2[1,1,1]'            1
1149   'SGamma2[1,1,2]'            1
1150   'SGamma2[1,1,3]'            1
1151   'SGamma2[1,2,1]'            1
1152   'SGamma2[1,2,2]'            1
1153   'SGamma2[1,2,3]'            1
1154   'SGamma2[1,3,1]'            1
1155   'SGamma2[1,3,2]'            1
1156   'SGamma2[1,3,3]'            1
1157   'SGamma2[1,4,1]'            1
1158   'SGamma2[1,4,2]'            1
1159   'SGamma2[1,4,3]'            1
1160   'SGamma2[1,5,1]'            1
1161   'SGamma2[1,5,2]'            1
1162   'SGamma2[1,5,3]'            1
1163   'SGamma2[1,6,1]'            1
1164   'SGamma2[1,6,2]'            1
1165   'SGamma2[1,6,3]'            1
1166   'SGamma2[1,7,1]'            1
1167   'SGamma2[1,7,2]'            1
1168   'SGamma2[1,7,3]'            1
1169   'SGamma2[1,8,1]'            1
1170   'SGamma2[1,8,2]'            1
1171   'SGamma2[1,8,3]'            1
1172   'SGamma2[1,9,1]'            1
1173   'SGamma2[1,9,2]'            1
1174   'SGamma2[1,9,3]'            1
1175   'SGamma2[1,10,1]'           1
1176   'SGamma2[1,10,2]'           1
1177   'SGamma2[1,10,3]'           1
1178   'SGamma2[1,11,1]'           1
1179   'SGamma2[1,11,2]'           1
1180   'SGamma2[1,11,3]'           1
1181   'SGamma2[1,12,1]'           1
1182   'SGamma2[1,12,2]'           1
1183   'SGamma2[1,12,3]'           1
1184   'SGamma2[1,13,1]'           1
1185   'SGamma2[1,13,2]'           1
1186   'SGamma2[1,13,3]'           1
1187   'SGamma2[1,14,1]'           1
1188   'SGamma2[1,14,2]'           1
1189   'SGamma2[1,14,3]'           1
1190   'SGamma2[1,15,1]'           1
1191   'SGamma2[1,15,2]'           1
1192   'SGamma2[1,15,3]'           1
1193   'SGamma2[2,1,1]'            1
1194   'SGamma2[2,1,2]'            1
1195   'SGamma2[2,1,3]'            1
1196   'SGamma2[2,2,1]'            1
1197   'SGamma2[2,2,2]'            1
1198   'SGamma2[2,2,3]'            1
1199   'SGamma2[2,3,1]'            1
1200   'SGamma2[2,3,2]'            1
1201   'SGamma2[2,3,3]'            1
1202   'SGamma2[2,4,1]'            1
1203   'SGamma2[2,4,2]'            1
1204   'SGamma2[2,4,3]'            1
1205   'SGamma2[2,5,1]'            1
1206   'SGamma2[2,5,2]'            1
1207   'SGamma2[2,5,3]'            1
1208   'SGamma2[2,6,1]'            1
1209   'SGamma2[2,6,2]'            1
1210   'SGamma2[2,6,3]'            1
1211   'SGamma2[2,7,1]'            1
1212   'SGamma2[2,7,2]'            1
1213   'SGamma2[2,7,3]'            1
1214   'SGamma2[2,8,1]'            1
1215   'SGamma2[2,8,2]'            1
1216   'SGamma2[2,8,3]'            1
1217   'SGamma2[2,9,1]'            1
1218   'SGamma2[2,9,2]'            1
1219   'SGamma2[2,9,3]'            1
1220   'SGamma2[2,10,1]'           1
1221   'SGamma2[2,10,2]'           1
1222   'SGamma2[2,10,3]'           1
1223   'SGamma2[2,11,1]'           1
1224   'SGamma2[2,11,2]'           1
1225   'SGamma2[2,11,3]'           1
1226   'SGamma2[2,12,1]'           1
1227   'SGamma2[2,12,2]'           1
1228   'SGamma2[2,12,3]'           1
1229   'SGamma2[2,13,1]'           1
1230   'SGamma2[2,13,2]'           1
1231   'SGamma2[2,13,3]'           1
1232   'SGamma2[2,14,1]'           1
1233   'SGamma2[2,14,2]'           1
1234   'SGamma2[2,14,3]'           1
1235   'SGamma2[2,15,1]'           1
1236   'SGamma2[2,15,2]'           1
1237   'SGamma2[2,15,3]'           1
1238   'gamma[1,1,1]'              1.000001
1239   'gamma[1,1,2]'              1.000001
1240   'gamma[1,1,3]'              1.000001
1241   'gamma[1,2,1]'              1.000001
1242   'gamma[1,2,2]'              1.000001
1243   'gamma[1,2,3]'              1.000001
1244   'gamma[1,3,1]'              1.000001
1245   'gamma[1,3,2]'              1.000001
1246   'gamma[1,3,3]'              1.000001
1247   'gamma[1,4,1]'              1.000001
1248   'gamma[1,4,2]'              1.000001
1249   'gamma[1,4,3]'              1.000001
1250   'gamma[1,5,1]'              1.000001
1251   'gamma[1,5,2]'              1.000001
1252   'gamma[1,5,3]'              1.000001
1253   'gamma[1,6,1]'              1.000001
1254   'gamma[1,6,2]'              1.000001
1255   'gamma[1,6,3]'              1.000001
1256   'gamma[1,7,1]'              1.000001
1257   'gamma[1,7,2]'              1.000001
1258   'gamma[1,7,3]'              1.000001
1259   'gamma[1,8,1]'              1.000001
1260   'gamma[1,8,2]'              1.000001
1261   'gamma[1,8,3]'              1.000001
1262   'gamma[1,9,1]'              1.000001
1263   'gamma[1,9,2]'              1.000001
1264   'gamma[1,9,3]'              1.000001
1265   'gamma[1,10,1]'             1.000001
1266   'gamma[1,10,2]'             1.000001
1267   'gamma[1,10,3]'             1.000001
1268   'gamma[1,11,1]'             1.000001
1269   'gamma[1,11,2]'             1.000001
1270   'gamma[1,11,3]'             1.000001
1271   'gamma[1,12,1]'             1.000001
1272   'gamma[1,12,2]'             1.000001
1273   'gamma[1,12,3]'             1.000001
1274   'gamma[1,13,1]'             1.000001
1275   'gamma[1,13,2]'             1.000001
1276   'gamma[1,13,3]'             1.000001
1277   'gamma[1,14,1]'             1.000001
1278   'gamma[1,14,2]'             1.000001
1279   'gamma[1,14,3]'             1.000001
1280   'gamma[1,15,1]'             1.000001
1281   'gamma[1,15,2]'             1.000001
1282   'gamma[1,15,3]'             1.000001
1283   'gamma[2,1,1]'              1.000001
1284   'gamma[2,1,2]'              1.000001
1285   'gamma[2,1,3]'              1.000001
1286   'gamma[2,2,1]'              1.000001
1287   'gamma[2,2,2]'              1.000001
1288   'gamma[2,2,3]'              1.000001
1289   'gamma[2,3,1]'              1.000001
1290   'gamma[2,3,2]'              1.000001
1291   'gamma[2,3,3]'              1.000001
1292   'gamma[2,4,1]'              1.000001
1293   'gamma[2,4,2]'              1.000001
1294   'gamma[2,4,3]'              1.000001
1295   'gamma[2,5,1]'              1.000001
1296   'gamma[2,5,2]'              1.000001
1297   'gamma[2,5,3]'              1.000001
1298   'gamma[2,6,1]'              1.000001
1299   'gamma[2,6,2]'              1.000001
1300   'gamma[2,6,3]'              1.000001
1301   'gamma[2,7,1]'              1.000001
1302   'gamma[2,7,2]'              1.000001
1303   'gamma[2,7,3]'              1.000001
1304   'gamma[2,8,1]'              1.000001
1305   'gamma[2,8,2]'              1.000001
1306   'gamma[2,8,3]'              1.000001
1307   'gamma[2,9,1]'              1.000001
1308   'gamma[2,9,2]'              1.000001
1309   'gamma[2,9,3]'              1.000001
1310   'gamma[2,10,1]'             1.000001
1311   'gamma[2,10,2]'             1.000001
1312   'gamma[2,10,3]'             1.000001
1313   'gamma[2,11,1]'             1.000001
1314   'gamma[2,11,2]'             1.000001
1315   'gamma[2,11,3]'             1.000001
1316   'gamma[2,12,1]'             1.000001
1317   'gamma[2,12,2]'             1.000001
1318   'gamma[2,12,3]'             1.000001
1319   'gamma[2,13,1]'             1.000001
1320   'gamma[2,13,2]'             1.000001
1321   'gamma[2,13,3]'             1.000001
1322   'gamma[2,14,1]'             1.000001
1323   'gamma[2,14,2]'             1.000001
1324   'gamma[2,14,3]'             1.000001
1325   'gamma[2,15,1]'             1.000001
1326   'gamma[2,15,2]'             1.000001
1327   'gamma[2,15,3]'             1.000001
1328   'PrS[1,1,1]'           102837.4452
1329   'PrS[1,1,2]'            39549.09945
1330   'PrS[1,1,3]'            17188.80887
1331   'PrS[1,2,1]'            94727.41568
1332   'PrS[1,2,2]'            36075.04664
1333   'PrS[1,2,3]'            15527.45703
1334   'PrS[1,3,1]'            89946.10797
1335   'PrS[1,3,2]'            34043.41845
1336   'PrS[1,3,3]'            14563.29921
1337   'PrS[1,4,1]'            85586.07359
1338   'PrS[1,4,2]'            32202.06593
1339   'PrS[1,4,3]'            13694.4846
1340   'PrS[1,5,1]'            80398.92182
1341   'PrS[1,5,2]'            30026.09193
1342   'PrS[1,5,3]'            12674.33953
1343   'PrS[1,6,1]'            74275.48742
1344   'PrS[1,6,2]'            27479.07242
1345   'PrS[1,6,3]'            11489.89715
1346   'PrS[1,7,1]'            67947.63833
1347   'PrS[1,7,2]'            24873.44278
1348   'PrS[1,7,3]'            10289.89704
1349   'PrS[1,8,1]'            62414.99654
1350   'PrS[1,8,2]'            22618.93583
1351   'PrS[1,8,3]'             9262.048364
1352   'PrS[1,9,1]'            53344.2908
1353   'PrS[1,9,2]'            18975.25666
1354   'PrS[1,9,3]'             7623.863013
1355   'PrS[1,10,1]'           46024.4326
1356   'PrS[1,10,2]'           16088.12086
1357   'PrS[1,10,3]'            6348.926155
1358   'PrS[1,11,1]'           40058.23269
1359   'PrS[1,11,2]'           13774.90991
1360   'PrS[1,11,3]'            5344.664319
1361   'PrS[1,12,1]'           35741.67343
1362   'PrS[1,12,2]'           12126.46971
1363   'PrS[1,12,3]'            4639.77688
1364   'PrS[1,13,1]'           33082.08203
1365   'PrS[1,13,2]'           11122.39426
1366   'PrS[1,13,3]'            4215.358623
1367   'PrS[1,14,1]'           31640.2423
1368   'PrS[1,14,2]'           10582.01458
1369   'PrS[1,14,3]'            3988.622007
1370   'PrS[1,15,1]'           30918.38057
1371   'PrS[1,15,2]'           10312.56233
1372   'PrS[1,15,3]'            3876.02513
1373   'PrS[2,1,1]'           155885.3539
1374   'PrS[2,1,2]'            63005.14311
1375   'PrS[2,1,3]'            28743.68514
1376   'PrS[2,2,1]'           150007.3436
1377   'PrS[2,2,2]'            60351.25707
1378   'PrS[2,2,3]'            27411.26239
1379   'PrS[2,3,1]'           141685.5581
1380   'PrS[2,3,2]'            56615.44261
1381   'PrS[2,3,3]'            25545.38103
1382   'PrS[2,4,1]'           131429.8415
1383   'PrS[2,4,2]'            52047.76352
1384   'PrS[2,4,3]'            23280.4876
1385   'PrS[2,5,1]'           120726.5741
1386   'PrS[2,5,2]'            47326.33047
1387   'PrS[2,5,3]'            20959.96669
1388   'PrS[2,6,1]'           117647.8278
1389   'PrS[2,6,2]'            45977.34188
1390   'PrS[2,6,3]'            20301.0783
1391   'PrS[2,7,1]'           113343.8456
1392   'PrS[2,7,2]'            44098.63041
1393   'PrS[2,7,3]'            19386.67907
1394   'PrS[2,8,1]'           107885.5898
1395   'PrS[2,8,2]'            41728.42593
1396   'PrS[2,8,3]'            18238.63609
1397   'PrS[2,9,1]'           101774.1113
1398   'PrS[2,9,2]'            39091.66702
1399   'PrS[2,9,3]'            16969.18299
1400   'PrS[2,10,1]'           95837.10159
1401   'PrS[2,10,2]'           36548.35307
1402   'PrS[2,10,3]'           15752.88122
1403   'PrS[2,11,1]'           90833.83165
1404   'PrS[2,11,2]'           34419.66064
1405   'PrS[2,11,3]'           14741.42265
1406   'PrS[2,12,1]'           87109.40502
1407   'PrS[2,12,2]'           32844.15444
1408   'PrS[2,12,3]'           13996.88303
1409   'PrS[2,13,1]'           84580.96592
1410   'PrS[2,13,2]'           31779.16035
1411   'PrS[2,13,3]'           13495.64843
1412   'PrS[2,14,1]'           82931.03749
1413   'PrS[2,14,2]'           31086.25397
1414   'PrS[2,14,3]'           13170.45338
1415   'PrS[2,15,1]'           81732.81158
1416   'PrS[2,15,2]'           30584.08096
1417   'PrS[2,15,3]'           12935.23623
1418   'PrSF[1]'               62118.83661
1419   'PrSF[2]'               22498.90966
1420   'PrSF[3]'                9207.617175
1421   Vap                       236.4337933
1422   Sep                        95
;

