solve_message = 'CONOPT 3.17A: Locally optimal; objective 647.9626451139452\
163 iterations; evals: nf = 76, ng = 0, nc = 1440, nJ = 135, nH = 3, nHv = 22'

:            _varname                 _var            :=
1      'F[2]'                      0
2      'F[3]'                      0
3      'F[4]'                      0
4      'F[5]'                      0
5      'F[6]'                      0
6      'F[7]'                      0
7      'F[8]'                    100
8      'F[9]'                      0
9      'F[10]'                     0
10     'F[11]'                     0
11     'F[12]'                     0
12     'F[13]'                     0
13     'F[14]'                     0
14     'V[1,1]'                  211.2627395
15     'V[1,2]'                  213.5519069
16     'V[1,3]'                  214.5732927
17     'V[1,4]'                  214.7832348
18     'V[1,5]'                  214.4902812
19     'V[1,6]'                  214.0326381
20     'V[1,7]'                  214.1590477
21     'V[1,8]'                  216.0749925
22     'V[1,9]'                  221.3604543
23     'V[1,10]'                 226.4197145
24     'V[1,11]'                 229.8767072
25     'V[1,12]'                 231.6581451
26     'V[1,13]'                 232.4359447
27     'V[1,14]'                 232.7497508
28     'V[1,15]'                   0
29     'V[2,1]'                  436.6999057
30     'V[2,2]'                  436.5345838
31     'V[2,3]'                  436.3423331
32     'V[2,4]'                  436.3866909
33     'V[2,5]'                  438.0831966
34     'V[2,6]'                  439.2253291
35     'V[2,7]'                  442.0804476
36     'V[2,8]'                  447.2322185
37     'V[2,9]'                  453.7222538
38     'V[2,10]'                 459.5466734
39     'V[2,11]'                 463.5391864
40     'V[2,12]'                 465.8216111
41     'V[2,13]'                 466.9935032
42     'V[2,14]'                 467.5573174
43     'V[2,15]'                   0
44     'y[1,1,1]'                  0.003167044323
45     'y[1,1,2]'                  0.7513272951
46     'y[1,1,3]'                  0.2455056606
47     'y[1,2,1]'                  0.008166588436
48     'y[1,2,2]'                  0.842359676
49     'y[1,2,3]'                  0.1494737356
50     'y[1,3,1]'                  0.01901411993
51     'y[1,3,2]'                  0.8754145818
52     'y[1,3,3]'                  0.1055712983
53     'y[1,4,1]'                  0.04204334346
54     'y[1,4,2]'                  0.8719873971
55     'y[1,4,3]'                  0.08596925946
56     'y[1,5,1]'                  0.08897233792
57     'y[1,5,2]'                  0.8353567422
58     'y[1,5,3]'                  0.0756709199
59     'y[1,6,1]'                  0.1769650563
60     'y[1,6,2]'                  0.7557767697
61     'y[1,6,3]'                  0.06725817407
62     'y[1,7,1]'                  0.3183670393
63     'y[1,7,2]'                  0.6243467525
64     'y[1,7,3]'                  0.0572862082
65     'y[1,8,1]'                  0.4962961994
66     'y[1,8,2]'                  0.4580195201
67     'y[1,8,3]'                  0.04568428046
68     'y[1,9,1]'                  0.6805277047
69     'y[1,9,2]'                  0.3072556534
70     'y[1,9,3]'                  0.01221664193
71     'y[1,10,1]'                 0.835603591
72     'y[1,10,2]'                 0.1618954736
73     'y[1,10,3]'                 0.002500935402
74     'y[1,11,1]'                 0.9274752672
75     'y[1,11,2]'                 0.0720994713
76     'y[1,11,3]'                 0.0004252614907
77     'y[1,12,1]'                 0.9706034976
78     'y[1,12,2]'                 0.02933097423
79     'y[1,12,3]'                 6.552814099e-05
80     'y[1,13,1]'                 0.9885685304
81     'y[1,13,2]'                 0.01142180844
82     'y[1,13,3]'                 9.66116254e-06
83     'y[1,14,1]'                 0.9956698973
84     'y[1,14,2]'                 0.004328706624
85     'y[1,14,3]'                 1.396074068e-06
86     'y[1,15,1]'                 0.9984180864
87     'y[1,15,2]'                 0.001581716414
88     'y[1,15,3]'                 1.972071861e-07
89     'y[2,1,1]'                  3.733741846e-07
90     'y[2,1,2]'                  0.01969016826
91     'y[2,1,3]'                  0.9803094584
92     'y[2,2,1]'                  1.864460697e-06
93     'y[2,2,2]'                  0.04061770838
94     'y[2,2,3]'                  0.9593804272
95     'y[2,3,1]'                  9.047412076e-06
96     'y[2,3,2]'                  0.08077522746
97     'y[2,3,3]'                  0.9192157251
98     'y[2,4,1]'                  4.233018415e-05
99     'y[2,4,2]'                  0.1533893891
100    'y[2,4,3]'                  0.8465682808
101    'y[2,5,1]'                  0.0001864664047
102    'y[2,5,2]'                  0.2714039851
103    'y[2,5,3]'                  0.7284095485
104    'y[2,6,1]'                  0.0001901475865
105    'y[2,6,2]'                  0.3558947073
106    'y[2,6,3]'                  0.6439151451
107    'y[2,7,1]'                  0.0001951337915
108    'y[2,7,2]'                  0.4807478352
109    'y[2,7,3]'                  0.519057031
110    'y[2,8,1]'                  0.0002007388438
111    'y[2,8,2]'                  0.6311602466
112    'y[2,8,3]'                  0.3686390146
113    'y[2,9,1]'                  0.0002063621176
114    'y[2,9,2]'                  0.7720153252
115    'y[2,9,3]'                  0.2277783127
116    'y[2,10,1]'                 0.0002132931946
117    'y[2,10,2]'                 0.8748692553
118    'y[2,10,3]'                 0.1249174515
119    'y[2,11,1]'                 0.0002273006005
120    'y[2,11,2]'                 0.9366395644
121    'y[2,11,3]'                 0.06313313497
122    'y[2,12,1]'                 0.0002650799161
123    'y[2,12,2]'                 0.9693322829
124    'y[2,12,3]'                 0.03040263721
125    'y[2,13,1]'                 0.0003743746552
126    'y[2,13,2]'                 0.9853926679
127    'y[2,13,3]'                 0.01423295745
128    'y[2,14,1]'                 0.000693767345
129    'y[2,14,2]'                 0.9927832923
130    'y[2,14,3]'                 0.006522940364
131    'y[2,15,1]'                 0.001626951609
132    'y[2,15,2]'                 0.9954642023
133    'y[2,15,3]'                 0.002908846098
134    'L[1,1]'                    0
135    'L[1,2]'                  281.2801594
136    'L[1,3]'                  283.5693268
137    'L[1,4]'                  284.5907126
138    'L[1,5]'                  284.8006547
139    'L[1,6]'                  284.5077011
140    'L[1,7]'                  284.050058
141    'L[1,8]'                  284.1764676
142    'L[1,9]'                  186.0924124
143    'L[1,10]'                 191.3778742
144    'L[1,11]'                 196.4371344
145    'L[1,12]'                 199.8941272
146    'L[1,13]'                 201.675565
147    'L[1,14]'                 202.4533646
148    'L[1,15]'                 202.7671707
149    'L[2,1]'                    0
150    'L[2,2]'                  466.8589523
151    'L[2,3]'                  466.6936305
152    'L[2,4]'                  466.5013798
153    'L[2,5]'                  466.5457375
154    'L[2,6]'                  398.2248233
155    'L[2,7]'                  399.3669558
156    'L[2,8]'                  402.2220743
157    'L[2,9]'                  407.3738453
158    'L[2,10]'                 413.8638806
159    'L[2,11]'                 419.6883002
160    'L[2,12]'                 423.6808131
161    'L[2,13]'                 425.9632379
162    'L[2,14]'                 427.1351299
163    'L[2,15]'                 427.6989441
164    'x[1,1,1]'                  0.0009261946724
165    'x[1,1,2]'                  0.5706090872
166    'x[1,1,3]'                  0.4284647182
167    'x[1,2,1]'                  0.002609242766
168    'x[1,2,2]'                  0.7063421718
169    'x[1,2,3]'                  0.2910485854
170    'x[1,3,1]'                  0.006378829174
171    'x[1,3,2]'                  0.7752604756
172    'x[1,3,3]'                  0.2183606952
173    'x[1,4,1]'                  0.01456397521
174    'x[1,4,2]'                  0.8004237498
175    'x[1,4,3]'                  0.185012275
176    'x[1,5,1]'                  0.03193481096
177    'x[1,5,2]'                  0.7978944084
178    'x[1,5,3]'                  0.1701707806
179    'x[1,6,1]'                  0.06730415896
180    'x[1,6,2]'                  0.7702022748
181    'x[1,6,3]'                  0.1624935662
182    'x[1,7,1]'                  0.1335720467
183    'x[1,7,2]'                  0.7101335353
184    'x[1,7,3]'                  0.156294418
185    'x[1,8,1]'                  0.2401537055
186    'x[1,8,2]'                  0.6111064842
187    'x[1,8,3]'                  0.1487398103
188    'x[1,9,1]'                  0.4153960193
189    'x[1,9,2]'                  0.5315592353
190    'x[1,9,3]'                  0.05304474544
191    'x[1,10,1]'                 0.630724801
192    'x[1,10,2]'                 0.3551446444
193    'x[1,10,3]'                 0.01413055457
194    'x[1,11,1]'                 0.8107528994
195    'x[1,11,2]'                 0.1863644726
196    'x[1,11,3]'                 0.002882627913
197    'x[1,12,1]'                 0.9168343905
198    'x[1,12,2]'                 0.08267659162
199    'x[1,12,3]'                 0.0004890178607
200    'x[1,13,1]'                 0.9664683753
201    'x[1,13,2]'                 0.03345638399
202    'x[1,13,3]'                 7.524072047e-05
203    'x[1,14,1]'                 0.9871098483
204    'x[1,14,2]'                 0.01287908897
205    'x[1,14,3]'                 1.106273865e-05
206    'x[1,15,1]'                 0.9952635307
207    'x[1,15,2]'                 0.004734895918
208    'x[1,15,3]'                 1.573346958e-06
209    'x[2,1,1]'                  7.018939146e-08
210    'x[2,1,2]'                  0.009118071569
211    'x[2,1,3]'                  0.9908818582
212    'x[2,2,1]'                  3.53788474e-07
213    'x[2,2,2]'                  0.01900721176
214    'x[2,2,3]'                  0.9809924345
215    'x[2,3,1]'                  1.748509871e-06
216    'x[2,3,2]'                  0.03858211381
217    'x[2,3,3]'                  0.9614161377
218    'x[2,4,1]'                  8.467039777e-06
219    'x[2,4,2]'                  0.07614263343
220    'x[2,4,3]'                  0.9238488995
221    'x[2,5,1]'                  3.959835948e-05
222    'x[2,5,2]'                  0.1440632179
223    'x[2,5,3]'                  0.8558971837
224    'x[2,6,1]'                  4.228805738e-05
225    'x[2,6,2]'                  0.1989327058
226    'x[2,6,3]'                  0.8010250062
227    'x[2,7,1]'                  4.674896489e-05
228    'x[2,7,2]'                  0.2920631878
229    'x[2,7,3]'                  0.7078900633
230    'x[2,8,1]'                  5.324717561e-05
231    'x[2,8,2]'                  0.4297417906
232    'x[2,8,3]'                  0.5702049622
233    'x[2,9,1]'                  6.119497929e-05
234    'x[2,9,2]'                  0.5955159282
235    'x[2,9,3]'                  0.4044228768
236    'x[2,10,1]'                 6.954808578e-05
237    'x[2,10,2]'                 0.7504954266
238    'x[2,10,3]'                 0.2494350253
239    'x[2,11,1]'                 7.903611704e-05
240    'x[2,11,2]'                 0.8634161879
241    'x[2,11,3]'                 0.136504776
242    'x[2,12,1]'                 9.562644736e-05
243    'x[2,12,2]'                 0.9311055532
244    'x[2,12,3]'                 0.06879882034
245    'x[2,13,1]'                 0.0001376464069
246    'x[2,13,2]'                 0.9668870582
247    'x[2,13,3]'                 0.03297529535
248    'x[2,14,1]'                 0.0002574896785
249    'x[2,14,2]'                 0.9844528366
250    'x[2,14,3]'                 0.01528967375
251    'x[2,15,1]'                 0.0006068014846
252    'x[2,15,2]'                 0.9925334513
253    'x[2,15,3]'                 0.006859747177
254    'CC[2]'                     0
255    'CC[3]'                     0
256    'CC[4]'                     0
257    'CC[5]'                     0
258    'CC[6]'                     0
259    'CC[7]'                     0
260    'CC[8]'                     0
261    'CC[9]'                     0
262    'CC[10]'                    0
263    'CC[11]'                    0
264    'CC[12]'                    0
265    'CC[13]'                    0
266    'CC[14]'                    0
267    'CR[2]'                     0
268    'CR[3]'                     0
269    'CR[4]'                     0
270    'CR[5]'                    70.01741991
271    'CR[6]'                     0
272    'CR[7]'                     0
273    'CR[8]'                     0
274    'CR[9]'                     0
275    'CR[10]'                    0
276    'CR[11]'                    0
277    'CR[12]'                    0
278    'CR[13]'                    0
279    'CR[14]'                    0
280    'PC[1]'                    29.98258009
281    'PC[2]'                    39.85837323
282    'PR[1]'                     0
283    'PR[2]'                    30.15904668
284    'PS[2]'                     0
285    'PS[3]'                     0
286    'PS[4]'                     0
287    'PS[5]'                     0
288    'PS[6]'                     0
289    'PS[7]'                     0
290    'PS[8]'                     0
291    'PS[9]'                     0
292    'PS[10]'                    0
293    'PS[11]'                    0
294    'PS[12]'                    0
295    'PS[13]'                    0
296    'PS[14]'                    0
297    'T[1,1]'                  354.0640399
298    'T[1,2]'                  351.2043537
299    'T[1,3]'                  349.6505754
300    'T[1,4]'                  348.6389123
301    'T[1,5]'                  347.5256712
302    'T[1,6]'                  345.7291007
303    'T[1,7]'                  342.7329388
304    'T[1,8]'                  338.4868888
305    'T[1,9]'                  331.8360626
306    'T[1,10]'                 326.0219515
307    'T[1,11]'                 322.1432254
308    'T[1,12]'                 320.1391751
309    'T[1,13]'                 319.2597693
310    'T[1,14]'                 318.903976
311    'T[1,15]'                 318.7649748
312    'T[2,1]'                  369.2151362
313    'T[2,2]'                  368.8784974
314    'T[2,3]'                  368.2216511
315    'T[2,4]'                  366.995356
316    'T[2,5]'                  364.8840109
317    'T[2,6]'                  363.2748995
318    'T[2,7]'                  360.7165334
319    'T[2,8]'                  357.2829638
320    'T[2,9]'                  353.6110572
321    'T[2,10]'                 350.5546056
322    'T[2,11]'                 348.5199934
323    'T[2,12]'                 347.3681843
324    'T[2,13]'                 346.7764117
325    'T[2,14]'                 346.4843558
326    'T[2,15]'                 346.3326811
327    TF                        338.1587438
328    'QC[1]'                  2118.043024
329    'QC[2]'                  4607.266634
330    'QR[1]'                  2151.800907
331    'QR[2]'                  4618.621506
332    'H[1,1,1]'                  1.424055438
333    'H[1,1,2]'                  1.766131872
334    'H[1,1,3]'                  2.113818651
335    'H[1,2,1]'                  1.34472682
336    'H[1,2,2]'                  1.669359836
337    'H[1,2,3]'                  1.9973836
338    'H[1,3,1]'                  1.301918614
339    'H[1,3,2]'                  1.617082149
340    'H[1,3,3]'                  1.934518533
341    'H[1,4,1]'                  1.274157896
342    'H[1,4,2]'                  1.583158582
343    'H[1,4,3]'                  1.893737721
344    'H[1,5,1]'                  1.243711782
345    'H[1,5,2]'                  1.545933066
346    'H[1,5,3]'                  1.848999256
347    'H[1,6,1]'                  1.194803078
348    'H[1,6,2]'                  1.486088026
349    'H[1,6,3]'                  1.777101762
350    'H[1,7,1]'                  1.113859792
351    'H[1,7,2]'                  1.386915907
352    'H[1,7,3]'                  1.658025841
353    'H[1,8,1]'                  1.000488995
354    'H[1,8,2]'                  1.247725688
355    'H[1,8,3]'                  1.491042501
356    'H[1,9,1]'                  0.8260878285
357    'H[1,9,2]'                  1.032889517
358    'H[1,9,3]'                  1.233622116
359    'H[1,10,1]'                 0.6768301329
360    'H[1,10,2]'                 0.8482629342
361    'H[1,10,3]'                 1.01268379
362    'H[1,11,1]'                 0.5789300197
363    'H[1,11,2]'                 0.7267435184
364    'H[1,11,3]'                 0.8673950735
365    'H[1,12,1]'                 0.5288742867
366    'H[1,12,2]'                 0.664474079
367    'H[1,12,3]'                 0.7929824489
368    'H[1,13,1]'                 0.5070227553
369    'H[1,13,2]'                 0.637260516
370    'H[1,13,3]'                 0.760469301
371    'H[1,14,1]'                 0.4982016974
372    'H[1,14,2]'                 0.6262696134
373    'H[1,14,3]'                 0.7473392469
374    'H[1,15,1]'                 0.4947585774
375    'H[1,15,2]'                 0.6219787067
376    'H[1,15,3]'                 0.7422133923
377    'H[2,1,1]'                  1.855921305
378    'H[2,1,2]'                  2.290892491
379    'H[2,1,3]'                  2.746672911
380    'H[2,2,1]'                  1.846116597
381    'H[2,2,2]'                  2.279012549
382    'H[2,2,3]'                  2.732318547
383    'H[2,3,1]'                  1.827012879
384    'H[2,3,2]'                  2.255861393
385    'H[2,3,3]'                  2.704348938
386    'H[2,4,1]'                  1.791443451
387    'H[2,4,2]'                  2.212741614
388    'H[2,4,3]'                  2.652267357
389    'H[2,5,1]'                  1.730496728
390    'H[2,5,2]'                  2.138812716
391    'H[2,5,3]'                  2.563012093
392    'H[2,6,1]'                  1.684298279
393    'H[2,6,2]'                  2.082734199
394    'H[2,6,3]'                  2.495340493
395    'H[2,7,1]'                  1.611294344
396    'H[2,7,2]'                  1.994044682
397    'H[2,7,3]'                  2.388373986
398    'H[2,8,1]'                  1.514184914
399    'H[2,8,2]'                  1.875923593
400    'H[2,8,3]'                  2.246020838
401    'H[2,9,1]'                  1.411442902
402    'H[2,9,2]'                  1.750754824
403    'H[2,9,3]'                  2.095311538
404    'H[2,10,1]'                 1.326800343
405    'H[2,10,2]'                 1.647472832
406    'H[2,10,3]'                 1.971061028
407    'H[2,11,1]'                 1.270900474
408    'H[2,11,2]'                 1.579176861
409    'H[2,11,3]'                 1.888951813
410    'H[2,12,1]'                 1.239413298
411    'H[2,12,2]'                 1.540675697
412    'H[2,12,3]'                 1.84268182
413    'H[2,13,1]'                 1.22328048
414    'H[2,13,2]'                 1.520940145
415    'H[2,13,3]'                 1.81896907
416    'H[2,14,1]'                 1.215329652
417    'H[2,14,2]'                 1.511211478
418    'H[2,14,3]'                 1.807281101
419    'H[2,15,1]'                 1.211203426
420    'H[2,15,2]'                 1.506162012
421    'H[2,15,3]'                 1.801215027
422    'HF[1]'                     0.9917930392
423    'HF[2]'                     1.237034729
424    'HF[3]'                     1.478223544
425    'h[1,1,1]'                 -7.09750485
426    'h[1,1,2]'                 -7.955118315
427    'h[1,1,3]'                 -8.711321967
428    'h[1,2,1]'                 -7.224128631
429    'h[1,2,2]'                 -8.096867102
430    'h[1,2,3]'                 -8.874459648
431    'h[1,3,1]'                 -7.292539577
432    'h[1,3,2]'                 -8.17350778
433    'h[1,3,3]'                 -8.962685848
434    'h[1,4,1]'                 -7.336935283
435    'h[1,4,2]'                 -8.223266828
436    'h[1,4,3]'                 -9.019975367
437    'h[1,5,1]'                 -7.385655345
438    'h[1,5,2]'                 -8.277893612
439    'h[1,5,3]'                 -9.082877489
440    'h[1,6,1]'                 -7.463986928
441    'h[1,6,2]'                 -8.36576911
442    'h[1,6,3]'                 -9.184084156
443    'h[1,7,1]'                 -7.593817257
444    'h[1,7,2]'                 -8.511550838
445    'h[1,7,3]'                 -9.35203795
446    'h[1,8,1]'                 -7.776095135
447    'h[1,8,2]'                 -8.716519734
448    'h[1,8,3]'                 -9.588314732
449    'h[1,9,1]'                 -8.05760211
450    'h[1,9,2]'                 -9.033807785
451    'h[1,9,3]'                 -9.954435189
452    'h[1,10,1]'                -8.299724953
453    'h[1,10,2]'                -9.307493644
454    'h[1,10,3]'               -10.27068063
455    'h[1,11,1]'                -8.459209341
456    'h[1,11,2]'                -9.488203309
457    'h[1,11,3]'               -10.47975734
458    'h[1,12,1]'                -8.540975057
459    'h[1,12,2]'                -9.580993299
460    'h[1,12,3]'               -10.58720583
461    'h[1,13,1]'                -8.576718638
462    'h[1,13,2]'                -9.62158745
463    'h[1,13,3]'               -10.63423401
464    'h[1,14,1]'                -8.591156312
465    'h[1,14,2]'                -9.637989879
466    'h[1,14,3]'               -10.65323994
467    'h[1,15,1]'                -8.596793126
468    'h[1,15,2]'                -9.644394644
469    'h[1,15,3]'               -10.66066191
470    'h[2,1,1]'                 -6.410949239
471    'h[2,1,2]'                 -7.188695267
472    'h[2,1,3]'                 -7.829887975
473    'h[2,2,1]'                 -6.426494136
474    'h[2,2,2]'                 -7.20601305
475    'h[2,2,3]'                 -7.849796053
476    'h[2,3,1]'                 -6.456786732
477    'h[2,3,2]'                 -7.239764774
478    'h[2,3,3]'                 -7.888596972
479    'h[2,4,1]'                 -6.513205509
480    'h[2,4,2]'                 -7.302641338
481    'h[2,4,3]'                 -7.96088275
482    'h[2,5,1]'                 -6.60993023
483    'h[2,5,2]'                 -7.410484952
484    'h[2,5,3]'                 -8.084874682
485    'h[2,6,1]'                 -6.683297232
486    'h[2,6,2]'                 -7.492327291
487    'h[2,6,3]'                 -8.178981346
488    'h[2,7,1]'                 -6.799326033
489    'h[2,7,2]'                 -7.621836023
490    'h[2,7,3]'                 -8.327916255
491    'h[2,8,1]'                 -6.953859739
492    'h[2,8,2]'                 -7.794476
493    'h[2,8,3]'                 -8.526493853
494    'h[2,9,1]'                 -7.117624378
495    'h[2,9,2]'                 -7.977631987
496    'h[2,9,3]'                 -8.737229631
497    'h[2,10,1]'                -7.252769455
498    'h[2,10,2]'                -8.128948294
499    'h[2,10,3]'                -8.91138856
500    'h[2,11,1]'                -7.342146326
501    'h[2,11,2]'                -8.229108591
502    'h[2,11,3]'                -9.026701675
503    'h[2,12,1]'                -7.392536368
504    'h[2,12,2]'                -8.28561067
505    'h[2,12,3]'                -9.091764308
506    'h[2,13,1]'                -7.418367574
507    'h[2,13,2]'                -8.314584343
508    'h[2,13,3]'                -9.125131464
509    'h[2,14,1]'                -7.431101483
510    'h[2,14,2]'                -8.328869727
511    'h[2,14,3]'                -9.141583998
512    'h[2,15,1]'                -7.43771086
513    'h[2,15,2]'                -8.336284993
514    'h[2,15,3]'                -9.150124442
515    'hF[1]'                    -7.790098768
516    'hF[2]'                    -8.732281577
517    'hF[3]'                    -9.606491254
518    'tauGamma[1,1,1,1]'     1e-06
519    'tauGamma[1,1,1,2]'     1e-06
520    'tauGamma[1,1,1,3]'     1e-06
521    'tauGamma[1,1,2,1]'     1e-06
522    'tauGamma[1,1,2,2]'     1e-06
523    'tauGamma[1,1,2,3]'     1e-06
524    'tauGamma[1,1,3,1]'     1e-06
525    'tauGamma[1,1,3,2]'     1e-06
526    'tauGamma[1,1,3,3]'     1e-06
527    'tauGamma[1,2,1,1]'     1e-06
528    'tauGamma[1,2,1,2]'     1e-06
529    'tauGamma[1,2,1,3]'     1e-06
530    'tauGamma[1,2,2,1]'     1e-06
531    'tauGamma[1,2,2,2]'     1e-06
532    'tauGamma[1,2,2,3]'     1e-06
533    'tauGamma[1,2,3,1]'     1e-06
534    'tauGamma[1,2,3,2]'     1e-06
535    'tauGamma[1,2,3,3]'     1e-06
536    'tauGamma[1,3,1,1]'     1e-06
537    'tauGamma[1,3,1,2]'     1e-06
538    'tauGamma[1,3,1,3]'     1e-06
539    'tauGamma[1,3,2,1]'     1e-06
540    'tauGamma[1,3,2,2]'     1e-06
541    'tauGamma[1,3,2,3]'     1e-06
542    'tauGamma[1,3,3,1]'     1e-06
543    'tauGamma[1,3,3,2]'     1e-06
544    'tauGamma[1,3,3,3]'     1e-06
545    'tauGamma[1,4,1,1]'     1e-06
546    'tauGamma[1,4,1,2]'     1e-06
547    'tauGamma[1,4,1,3]'     1e-06
548    'tauGamma[1,4,2,1]'     1e-06
549    'tauGamma[1,4,2,2]'     1e-06
550    'tauGamma[1,4,2,3]'     1e-06
551    'tauGamma[1,4,3,1]'     1e-06
552    'tauGamma[1,4,3,2]'     1e-06
553    'tauGamma[1,4,3,3]'     1e-06
554    'tauGamma[1,5,1,1]'     1e-06
555    'tauGamma[1,5,1,2]'     1e-06
556    'tauGamma[1,5,1,3]'     1e-06
557    'tauGamma[1,5,2,1]'     1e-06
558    'tauGamma[1,5,2,2]'     1e-06
559    'tauGamma[1,5,2,3]'     1e-06
560    'tauGamma[1,5,3,1]'     1e-06
561    'tauGamma[1,5,3,2]'     1e-06
562    'tauGamma[1,5,3,3]'     1e-06
563    'tauGamma[1,6,1,1]'     1e-06
564    'tauGamma[1,6,1,2]'     1e-06
565    'tauGamma[1,6,1,3]'     1e-06
566    'tauGamma[1,6,2,1]'     1e-06
567    'tauGamma[1,6,2,2]'     1e-06
568    'tauGamma[1,6,2,3]'     1e-06
569    'tauGamma[1,6,3,1]'     1e-06
570    'tauGamma[1,6,3,2]'     1e-06
571    'tauGamma[1,6,3,3]'     1e-06
572    'tauGamma[1,7,1,1]'     1e-06
573    'tauGamma[1,7,1,2]'     1e-06
574    'tauGamma[1,7,1,3]'     1e-06
575    'tauGamma[1,7,2,1]'     1e-06
576    'tauGamma[1,7,2,2]'     1e-06
577    'tauGamma[1,7,2,3]'     1e-06
578    'tauGamma[1,7,3,1]'     1e-06
579    'tauGamma[1,7,3,2]'     1e-06
580    'tauGamma[1,7,3,3]'     1e-06
581    'tauGamma[1,8,1,1]'     1e-06
582    'tauGamma[1,8,1,2]'     1e-06
583    'tauGamma[1,8,1,3]'     1e-06
584    'tauGamma[1,8,2,1]'     1e-06
585    'tauGamma[1,8,2,2]'     1e-06
586    'tauGamma[1,8,2,3]'     1e-06
587    'tauGamma[1,8,3,1]'     1e-06
588    'tauGamma[1,8,3,2]'     1e-06
589    'tauGamma[1,8,3,3]'     1e-06
590    'tauGamma[1,9,1,1]'     1e-06
591    'tauGamma[1,9,1,2]'     1e-06
592    'tauGamma[1,9,1,3]'     1e-06
593    'tauGamma[1,9,2,1]'     1e-06
594    'tauGamma[1,9,2,2]'     1e-06
595    'tauGamma[1,9,2,3]'     1e-06
596    'tauGamma[1,9,3,1]'     1e-06
597    'tauGamma[1,9,3,2]'     1e-06
598    'tauGamma[1,9,3,3]'     1e-06
599    'tauGamma[1,10,1,1]'    1e-06
600    'tauGamma[1,10,1,2]'    1e-06
601    'tauGamma[1,10,1,3]'    1e-06
602    'tauGamma[1,10,2,1]'    1e-06
603    'tauGamma[1,10,2,2]'    1e-06
604    'tauGamma[1,10,2,3]'    1e-06
605    'tauGamma[1,10,3,1]'    1e-06
606    'tauGamma[1,10,3,2]'    1e-06
607    'tauGamma[1,10,3,3]'    1e-06
608    'tauGamma[1,11,1,1]'    1e-06
609    'tauGamma[1,11,1,2]'    1e-06
610    'tauGamma[1,11,1,3]'    1e-06
611    'tauGamma[1,11,2,1]'    1e-06
612    'tauGamma[1,11,2,2]'    1e-06
613    'tauGamma[1,11,2,3]'    1e-06
614    'tauGamma[1,11,3,1]'    1e-06
615    'tauGamma[1,11,3,2]'    1e-06
616    'tauGamma[1,11,3,3]'    1e-06
617    'tauGamma[1,12,1,1]'    1e-06
618    'tauGamma[1,12,1,2]'    1e-06
619    'tauGamma[1,12,1,3]'    1e-06
620    'tauGamma[1,12,2,1]'    1e-06
621    'tauGamma[1,12,2,2]'    1e-06
622    'tauGamma[1,12,2,3]'    1e-06
623    'tauGamma[1,12,3,1]'    1e-06
624    'tauGamma[1,12,3,2]'    1e-06
625    'tauGamma[1,12,3,3]'    1e-06
626    'tauGamma[1,13,1,1]'    1e-06
627    'tauGamma[1,13,1,2]'    1e-06
628    'tauGamma[1,13,1,3]'    1e-06
629    'tauGamma[1,13,2,1]'    1e-06
630    'tauGamma[1,13,2,2]'    1e-06
631    'tauGamma[1,13,2,3]'    1e-06
632    'tauGamma[1,13,3,1]'    1e-06
633    'tauGamma[1,13,3,2]'    1e-06
634    'tauGamma[1,13,3,3]'    1e-06
635    'tauGamma[1,14,1,1]'    1e-06
636    'tauGamma[1,14,1,2]'    1e-06
637    'tauGamma[1,14,1,3]'    1e-06
638    'tauGamma[1,14,2,1]'    1e-06
639    'tauGamma[1,14,2,2]'    1e-06
640    'tauGamma[1,14,2,3]'    1e-06
641    'tauGamma[1,14,3,1]'    1e-06
642    'tauGamma[1,14,3,2]'    1e-06
643    'tauGamma[1,14,3,3]'    1e-06
644    'tauGamma[1,15,1,1]'    1e-06
645    'tauGamma[1,15,1,2]'    1e-06
646    'tauGamma[1,15,1,3]'    1e-06
647    'tauGamma[1,15,2,1]'    1e-06
648    'tauGamma[1,15,2,2]'    1e-06
649    'tauGamma[1,15,2,3]'    1e-06
650    'tauGamma[1,15,3,1]'    1e-06
651    'tauGamma[1,15,3,2]'    1e-06
652    'tauGamma[1,15,3,3]'    1e-06
653    'tauGamma[2,1,1,1]'     1e-06
654    'tauGamma[2,1,1,2]'     1e-06
655    'tauGamma[2,1,1,3]'     1e-06
656    'tauGamma[2,1,2,1]'     1e-06
657    'tauGamma[2,1,2,2]'     1e-06
658    'tauGamma[2,1,2,3]'     1e-06
659    'tauGamma[2,1,3,1]'     1e-06
660    'tauGamma[2,1,3,2]'     1e-06
661    'tauGamma[2,1,3,3]'     1e-06
662    'tauGamma[2,2,1,1]'     1e-06
663    'tauGamma[2,2,1,2]'     1e-06
664    'tauGamma[2,2,1,3]'     1e-06
665    'tauGamma[2,2,2,1]'     1e-06
666    'tauGamma[2,2,2,2]'     1e-06
667    'tauGamma[2,2,2,3]'     1e-06
668    'tauGamma[2,2,3,1]'     1e-06
669    'tauGamma[2,2,3,2]'     1e-06
670    'tauGamma[2,2,3,3]'     1e-06
671    'tauGamma[2,3,1,1]'     1e-06
672    'tauGamma[2,3,1,2]'     1e-06
673    'tauGamma[2,3,1,3]'     1e-06
674    'tauGamma[2,3,2,1]'     1e-06
675    'tauGamma[2,3,2,2]'     1e-06
676    'tauGamma[2,3,2,3]'     1e-06
677    'tauGamma[2,3,3,1]'     1e-06
678    'tauGamma[2,3,3,2]'     1e-06
679    'tauGamma[2,3,3,3]'     1e-06
680    'tauGamma[2,4,1,1]'     1e-06
681    'tauGamma[2,4,1,2]'     1e-06
682    'tauGamma[2,4,1,3]'     1e-06
683    'tauGamma[2,4,2,1]'     1e-06
684    'tauGamma[2,4,2,2]'     1e-06
685    'tauGamma[2,4,2,3]'     1e-06
686    'tauGamma[2,4,3,1]'     1e-06
687    'tauGamma[2,4,3,2]'     1e-06
688    'tauGamma[2,4,3,3]'     1e-06
689    'tauGamma[2,5,1,1]'     1e-06
690    'tauGamma[2,5,1,2]'     1e-06
691    'tauGamma[2,5,1,3]'     1e-06
692    'tauGamma[2,5,2,1]'     1e-06
693    'tauGamma[2,5,2,2]'     1e-06
694    'tauGamma[2,5,2,3]'     1e-06
695    'tauGamma[2,5,3,1]'     1e-06
696    'tauGamma[2,5,3,2]'     1e-06
697    'tauGamma[2,5,3,3]'     1e-06
698    'tauGamma[2,6,1,1]'     1e-06
699    'tauGamma[2,6,1,2]'     1e-06
700    'tauGamma[2,6,1,3]'     1e-06
701    'tauGamma[2,6,2,1]'     1e-06
702    'tauGamma[2,6,2,2]'     1e-06
703    'tauGamma[2,6,2,3]'     1e-06
704    'tauGamma[2,6,3,1]'     1e-06
705    'tauGamma[2,6,3,2]'     1e-06
706    'tauGamma[2,6,3,3]'     1e-06
707    'tauGamma[2,7,1,1]'     1e-06
708    'tauGamma[2,7,1,2]'     1e-06
709    'tauGamma[2,7,1,3]'     1e-06
710    'tauGamma[2,7,2,1]'     1e-06
711    'tauGamma[2,7,2,2]'     1e-06
712    'tauGamma[2,7,2,3]'     1e-06
713    'tauGamma[2,7,3,1]'     1e-06
714    'tauGamma[2,7,3,2]'     1e-06
715    'tauGamma[2,7,3,3]'     1e-06
716    'tauGamma[2,8,1,1]'     1e-06
717    'tauGamma[2,8,1,2]'     1e-06
718    'tauGamma[2,8,1,3]'     1e-06
719    'tauGamma[2,8,2,1]'     1e-06
720    'tauGamma[2,8,2,2]'     1e-06
721    'tauGamma[2,8,2,3]'     1e-06
722    'tauGamma[2,8,3,1]'     1e-06
723    'tauGamma[2,8,3,2]'     1e-06
724    'tauGamma[2,8,3,3]'     1e-06
725    'tauGamma[2,9,1,1]'     1e-06
726    'tauGamma[2,9,1,2]'     1e-06
727    'tauGamma[2,9,1,3]'     1e-06
728    'tauGamma[2,9,2,1]'     1e-06
729    'tauGamma[2,9,2,2]'     1e-06
730    'tauGamma[2,9,2,3]'     1e-06
731    'tauGamma[2,9,3,1]'     1e-06
732    'tauGamma[2,9,3,2]'     1e-06
733    'tauGamma[2,9,3,3]'     1e-06
734    'tauGamma[2,10,1,1]'    1e-06
735    'tauGamma[2,10,1,2]'    1e-06
736    'tauGamma[2,10,1,3]'    1e-06
737    'tauGamma[2,10,2,1]'    1e-06
738    'tauGamma[2,10,2,2]'    1e-06
739    'tauGamma[2,10,2,3]'    1e-06
740    'tauGamma[2,10,3,1]'    1e-06
741    'tauGamma[2,10,3,2]'    1e-06
742    'tauGamma[2,10,3,3]'    1e-06
743    'tauGamma[2,11,1,1]'    1e-06
744    'tauGamma[2,11,1,2]'    1e-06
745    'tauGamma[2,11,1,3]'    1e-06
746    'tauGamma[2,11,2,1]'    1e-06
747    'tauGamma[2,11,2,2]'    1e-06
748    'tauGamma[2,11,2,3]'    1e-06
749    'tauGamma[2,11,3,1]'    1e-06
750    'tauGamma[2,11,3,2]'    1e-06
751    'tauGamma[2,11,3,3]'    1e-06
752    'tauGamma[2,12,1,1]'    1e-06
753    'tauGamma[2,12,1,2]'    1e-06
754    'tauGamma[2,12,1,3]'    1e-06
755    'tauGamma[2,12,2,1]'    1e-06
756    'tauGamma[2,12,2,2]'    1e-06
757    'tauGamma[2,12,2,3]'    1e-06
758    'tauGamma[2,12,3,1]'    1e-06
759    'tauGamma[2,12,3,2]'    1e-06
760    'tauGamma[2,12,3,3]'    1e-06
761    'tauGamma[2,13,1,1]'    1e-06
762    'tauGamma[2,13,1,2]'    1e-06
763    'tauGamma[2,13,1,3]'    1e-06
764    'tauGamma[2,13,2,1]'    1e-06
765    'tauGamma[2,13,2,2]'    1e-06
766    'tauGamma[2,13,2,3]'    1e-06
767    'tauGamma[2,13,3,1]'    1e-06
768    'tauGamma[2,13,3,2]'    1e-06
769    'tauGamma[2,13,3,3]'    1e-06
770    'tauGamma[2,14,1,1]'    1e-06
771    'tauGamma[2,14,1,2]'    1e-06
772    'tauGamma[2,14,1,3]'    1e-06
773    'tauGamma[2,14,2,1]'    1e-06
774    'tauGamma[2,14,2,2]'    1e-06
775    'tauGamma[2,14,2,3]'    1e-06
776    'tauGamma[2,14,3,1]'    1e-06
777    'tauGamma[2,14,3,2]'    1e-06
778    'tauGamma[2,14,3,3]'    1e-06
779    'tauGamma[2,15,1,1]'    1e-06
780    'tauGamma[2,15,1,2]'    1e-06
781    'tauGamma[2,15,1,3]'    1e-06
782    'tauGamma[2,15,2,1]'    1e-06
783    'tauGamma[2,15,2,2]'    1e-06
784    'tauGamma[2,15,2,3]'    1e-06
785    'tauGamma[2,15,3,1]'    1e-06
786    'tauGamma[2,15,3,2]'    1e-06
787    'tauGamma[2,15,3,3]'    1e-06
788    'PGamma[1,1,1,1]'           1
789    'PGamma[1,1,1,2]'           1
790    'PGamma[1,1,1,3]'           1
791    'PGamma[1,1,2,1]'           1
792    'PGamma[1,1,2,2]'           1
793    'PGamma[1,1,2,3]'           1
794    'PGamma[1,1,3,1]'           1
795    'PGamma[1,1,3,2]'           1
796    'PGamma[1,1,3,3]'           1
797    'PGamma[1,2,1,1]'           1
798    'PGamma[1,2,1,2]'           1
799    'PGamma[1,2,1,3]'           1
800    'PGamma[1,2,2,1]'           1
801    'PGamma[1,2,2,2]'           1
802    'PGamma[1,2,2,3]'           1
803    'PGamma[1,2,3,1]'           1
804    'PGamma[1,2,3,2]'           1
805    'PGamma[1,2,3,3]'           1
806    'PGamma[1,3,1,1]'           1
807    'PGamma[1,3,1,2]'           1
808    'PGamma[1,3,1,3]'           1
809    'PGamma[1,3,2,1]'           1
810    'PGamma[1,3,2,2]'           1
811    'PGamma[1,3,2,3]'           1
812    'PGamma[1,3,3,1]'           1
813    'PGamma[1,3,3,2]'           1
814    'PGamma[1,3,3,3]'           1
815    'PGamma[1,4,1,1]'           1
816    'PGamma[1,4,1,2]'           1
817    'PGamma[1,4,1,3]'           1
818    'PGamma[1,4,2,1]'           1
819    'PGamma[1,4,2,2]'           1
820    'PGamma[1,4,2,3]'           1
821    'PGamma[1,4,3,1]'           1
822    'PGamma[1,4,3,2]'           1
823    'PGamma[1,4,3,3]'           1
824    'PGamma[1,5,1,1]'           1
825    'PGamma[1,5,1,2]'           1
826    'PGamma[1,5,1,3]'           1
827    'PGamma[1,5,2,1]'           1
828    'PGamma[1,5,2,2]'           1
829    'PGamma[1,5,2,3]'           1
830    'PGamma[1,5,3,1]'           1
831    'PGamma[1,5,3,2]'           1
832    'PGamma[1,5,3,3]'           1
833    'PGamma[1,6,1,1]'           1
834    'PGamma[1,6,1,2]'           1
835    'PGamma[1,6,1,3]'           1
836    'PGamma[1,6,2,1]'           1
837    'PGamma[1,6,2,2]'           1
838    'PGamma[1,6,2,3]'           1
839    'PGamma[1,6,3,1]'           1
840    'PGamma[1,6,3,2]'           1
841    'PGamma[1,6,3,3]'           1
842    'PGamma[1,7,1,1]'           1
843    'PGamma[1,7,1,2]'           1
844    'PGamma[1,7,1,3]'           1
845    'PGamma[1,7,2,1]'           1
846    'PGamma[1,7,2,2]'           1
847    'PGamma[1,7,2,3]'           1
848    'PGamma[1,7,3,1]'           1
849    'PGamma[1,7,3,2]'           1
850    'PGamma[1,7,3,3]'           1
851    'PGamma[1,8,1,1]'           1
852    'PGamma[1,8,1,2]'           1
853    'PGamma[1,8,1,3]'           1
854    'PGamma[1,8,2,1]'           1
855    'PGamma[1,8,2,2]'           1
856    'PGamma[1,8,2,3]'           1
857    'PGamma[1,8,3,1]'           1
858    'PGamma[1,8,3,2]'           1
859    'PGamma[1,8,3,3]'           1
860    'PGamma[1,9,1,1]'           1
861    'PGamma[1,9,1,2]'           1
862    'PGamma[1,9,1,3]'           1
863    'PGamma[1,9,2,1]'           1
864    'PGamma[1,9,2,2]'           1
865    'PGamma[1,9,2,3]'           1
866    'PGamma[1,9,3,1]'           1
867    'PGamma[1,9,3,2]'           1
868    'PGamma[1,9,3,3]'           1
869    'PGamma[1,10,1,1]'          1
870    'PGamma[1,10,1,2]'          1
871    'PGamma[1,10,1,3]'          1
872    'PGamma[1,10,2,1]'          1
873    'PGamma[1,10,2,2]'          1
874    'PGamma[1,10,2,3]'          1
875    'PGamma[1,10,3,1]'          1
876    'PGamma[1,10,3,2]'          1
877    'PGamma[1,10,3,3]'          1
878    'PGamma[1,11,1,1]'          1
879    'PGamma[1,11,1,2]'          1
880    'PGamma[1,11,1,3]'          1
881    'PGamma[1,11,2,1]'          1
882    'PGamma[1,11,2,2]'          1
883    'PGamma[1,11,2,3]'          1
884    'PGamma[1,11,3,1]'          1
885    'PGamma[1,11,3,2]'          1
886    'PGamma[1,11,3,3]'          1
887    'PGamma[1,12,1,1]'          1
888    'PGamma[1,12,1,2]'          1
889    'PGamma[1,12,1,3]'          1
890    'PGamma[1,12,2,1]'          1
891    'PGamma[1,12,2,2]'          1
892    'PGamma[1,12,2,3]'          1
893    'PGamma[1,12,3,1]'          1
894    'PGamma[1,12,3,2]'          1
895    'PGamma[1,12,3,3]'          1
896    'PGamma[1,13,1,1]'          1
897    'PGamma[1,13,1,2]'          1
898    'PGamma[1,13,1,3]'          1
899    'PGamma[1,13,2,1]'          1
900    'PGamma[1,13,2,2]'          1
901    'PGamma[1,13,2,3]'          1
902    'PGamma[1,13,3,1]'          1
903    'PGamma[1,13,3,2]'          1
904    'PGamma[1,13,3,3]'          1
905    'PGamma[1,14,1,1]'          1
906    'PGamma[1,14,1,2]'          1
907    'PGamma[1,14,1,3]'          1
908    'PGamma[1,14,2,1]'          1
909    'PGamma[1,14,2,2]'          1
910    'PGamma[1,14,2,3]'          1
911    'PGamma[1,14,3,1]'          1
912    'PGamma[1,14,3,2]'          1
913    'PGamma[1,14,3,3]'          1
914    'PGamma[1,15,1,1]'          1
915    'PGamma[1,15,1,2]'          1
916    'PGamma[1,15,1,3]'          1
917    'PGamma[1,15,2,1]'          1
918    'PGamma[1,15,2,2]'          1
919    'PGamma[1,15,2,3]'          1
920    'PGamma[1,15,3,1]'          1
921    'PGamma[1,15,3,2]'          1
922    'PGamma[1,15,3,3]'          1
923    'PGamma[2,1,1,1]'           1
924    'PGamma[2,1,1,2]'           1
925    'PGamma[2,1,1,3]'           1
926    'PGamma[2,1,2,1]'           1
927    'PGamma[2,1,2,2]'           1
928    'PGamma[2,1,2,3]'           1
929    'PGamma[2,1,3,1]'           1
930    'PGamma[2,1,3,2]'           1
931    'PGamma[2,1,3,3]'           1
932    'PGamma[2,2,1,1]'           1
933    'PGamma[2,2,1,2]'           1
934    'PGamma[2,2,1,3]'           1
935    'PGamma[2,2,2,1]'           1
936    'PGamma[2,2,2,2]'           1
937    'PGamma[2,2,2,3]'           1
938    'PGamma[2,2,3,1]'           1
939    'PGamma[2,2,3,2]'           1
940    'PGamma[2,2,3,3]'           1
941    'PGamma[2,3,1,1]'           1
942    'PGamma[2,3,1,2]'           1
943    'PGamma[2,3,1,3]'           1
944    'PGamma[2,3,2,1]'           1
945    'PGamma[2,3,2,2]'           1
946    'PGamma[2,3,2,3]'           1
947    'PGamma[2,3,3,1]'           1
948    'PGamma[2,3,3,2]'           1
949    'PGamma[2,3,3,3]'           1
950    'PGamma[2,4,1,1]'           1
951    'PGamma[2,4,1,2]'           1
952    'PGamma[2,4,1,3]'           1
953    'PGamma[2,4,2,1]'           1
954    'PGamma[2,4,2,2]'           1
955    'PGamma[2,4,2,3]'           1
956    'PGamma[2,4,3,1]'           1
957    'PGamma[2,4,3,2]'           1
958    'PGamma[2,4,3,3]'           1
959    'PGamma[2,5,1,1]'           1
960    'PGamma[2,5,1,2]'           1
961    'PGamma[2,5,1,3]'           1
962    'PGamma[2,5,2,1]'           1
963    'PGamma[2,5,2,2]'           1
964    'PGamma[2,5,2,3]'           1
965    'PGamma[2,5,3,1]'           1
966    'PGamma[2,5,3,2]'           1
967    'PGamma[2,5,3,3]'           1
968    'PGamma[2,6,1,1]'           1
969    'PGamma[2,6,1,2]'           1
970    'PGamma[2,6,1,3]'           1
971    'PGamma[2,6,2,1]'           1
972    'PGamma[2,6,2,2]'           1
973    'PGamma[2,6,2,3]'           1
974    'PGamma[2,6,3,1]'           1
975    'PGamma[2,6,3,2]'           1
976    'PGamma[2,6,3,3]'           1
977    'PGamma[2,7,1,1]'           1
978    'PGamma[2,7,1,2]'           1
979    'PGamma[2,7,1,3]'           1
980    'PGamma[2,7,2,1]'           1
981    'PGamma[2,7,2,2]'           1
982    'PGamma[2,7,2,3]'           1
983    'PGamma[2,7,3,1]'           1
984    'PGamma[2,7,3,2]'           1
985    'PGamma[2,7,3,3]'           1
986    'PGamma[2,8,1,1]'           1
987    'PGamma[2,8,1,2]'           1
988    'PGamma[2,8,1,3]'           1
989    'PGamma[2,8,2,1]'           1
990    'PGamma[2,8,2,2]'           1
991    'PGamma[2,8,2,3]'           1
992    'PGamma[2,8,3,1]'           1
993    'PGamma[2,8,3,2]'           1
994    'PGamma[2,8,3,3]'           1
995    'PGamma[2,9,1,1]'           1
996    'PGamma[2,9,1,2]'           1
997    'PGamma[2,9,1,3]'           1
998    'PGamma[2,9,2,1]'           1
999    'PGamma[2,9,2,2]'           1
1000   'PGamma[2,9,2,3]'           1
1001   'PGamma[2,9,3,1]'           1
1002   'PGamma[2,9,3,2]'           1
1003   'PGamma[2,9,3,3]'           1
1004   'PGamma[2,10,1,1]'          1
1005   'PGamma[2,10,1,2]'          1
1006   'PGamma[2,10,1,3]'          1
1007   'PGamma[2,10,2,1]'          1
1008   'PGamma[2,10,2,2]'          1
1009   'PGamma[2,10,2,3]'          1
1010   'PGamma[2,10,3,1]'          1
1011   'PGamma[2,10,3,2]'          1
1012   'PGamma[2,10,3,3]'          1
1013   'PGamma[2,11,1,1]'          1
1014   'PGamma[2,11,1,2]'          1
1015   'PGamma[2,11,1,3]'          1
1016   'PGamma[2,11,2,1]'          1
1017   'PGamma[2,11,2,2]'          1
1018   'PGamma[2,11,2,3]'          1
1019   'PGamma[2,11,3,1]'          1
1020   'PGamma[2,11,3,2]'          1
1021   'PGamma[2,11,3,3]'          1
1022   'PGamma[2,12,1,1]'          1
1023   'PGamma[2,12,1,2]'          1
1024   'PGamma[2,12,1,3]'          1
1025   'PGamma[2,12,2,1]'          1
1026   'PGamma[2,12,2,2]'          1
1027   'PGamma[2,12,2,3]'          1
1028   'PGamma[2,12,3,1]'          1
1029   'PGamma[2,12,3,2]'          1
1030   'PGamma[2,12,3,3]'          1
1031   'PGamma[2,13,1,1]'          1
1032   'PGamma[2,13,1,2]'          1
1033   'PGamma[2,13,1,3]'          1
1034   'PGamma[2,13,2,1]'          1
1035   'PGamma[2,13,2,2]'          1
1036   'PGamma[2,13,2,3]'          1
1037   'PGamma[2,13,3,1]'          1
1038   'PGamma[2,13,3,2]'          1
1039   'PGamma[2,13,3,3]'          1
1040   'PGamma[2,14,1,1]'          1
1041   'PGamma[2,14,1,2]'          1
1042   'PGamma[2,14,1,3]'          1
1043   'PGamma[2,14,2,1]'          1
1044   'PGamma[2,14,2,2]'          1
1045   'PGamma[2,14,2,3]'          1
1046   'PGamma[2,14,3,1]'          1
1047   'PGamma[2,14,3,2]'          1
1048   'PGamma[2,14,3,3]'          1
1049   'PGamma[2,15,1,1]'          1
1050   'PGamma[2,15,1,2]'          1
1051   'PGamma[2,15,1,3]'          1
1052   'PGamma[2,15,2,1]'          1
1053   'PGamma[2,15,2,2]'          1
1054   'PGamma[2,15,2,3]'          1
1055   'PGamma[2,15,3,1]'          1
1056   'PGamma[2,15,3,2]'          1
1057   'PGamma[2,15,3,3]'          1
1058   'SGamma1[1,1,1]'        1e-06
1059   'SGamma1[1,1,2]'        1e-06
1060   'SGamma1[1,1,3]'        1e-06
1061   'SGamma1[1,2,1]'        1e-06
1062   'SGamma1[1,2,2]'        1e-06
1063   'SGamma1[1,2,3]'        1e-06
1064   'SGamma1[1,3,1]'        1e-06
1065   'SGamma1[1,3,2]'        1e-06
1066   'SGamma1[1,3,3]'        1e-06
1067   'SGamma1[1,4,1]'        1e-06
1068   'SGamma1[1,4,2]'        1e-06
1069   'SGamma1[1,4,3]'        1e-06
1070   'SGamma1[1,5,1]'        1e-06
1071   'SGamma1[1,5,2]'        1e-06
1072   'SGamma1[1,5,3]'        1e-06
1073   'SGamma1[1,6,1]'        1e-06
1074   'SGamma1[1,6,2]'        1e-06
1075   'SGamma1[1,6,3]'        1e-06
1076   'SGamma1[1,7,1]'        1e-06
1077   'SGamma1[1,7,2]'        1e-06
1078   'SGamma1[1,7,3]'        1e-06
1079   'SGamma1[1,8,1]'        1e-06
1080   'SGamma1[1,8,2]'        1e-06
1081   'SGamma1[1,8,3]'        1e-06
1082   'SGamma1[1,9,1]'        1e-06
1083   'SGamma1[1,9,2]'        1e-06
1084   'SGamma1[1,9,3]'        1e-06
1085   'SGamma1[1,10,1]'       1e-06
1086   'SGamma1[1,10,2]'       1e-06
1087   'SGamma1[1,10,3]'       1e-06
1088   'SGamma1[1,11,1]'       1e-06
1089   'SGamma1[1,11,2]'       1e-06
1090   'SGamma1[1,11,3]'       1e-06
1091   'SGamma1[1,12,1]'       1e-06
1092   'SGamma1[1,12,2]'       1e-06
1093   'SGamma1[1,12,3]'       1e-06
1094   'SGamma1[1,13,1]'       1e-06
1095   'SGamma1[1,13,2]'       1e-06
1096   'SGamma1[1,13,3]'       1e-06
1097   'SGamma1[1,14,1]'       1e-06
1098   'SGamma1[1,14,2]'       1e-06
1099   'SGamma1[1,14,3]'       1e-06
1100   'SGamma1[1,15,1]'       1e-06
1101   'SGamma1[1,15,2]'       1e-06
1102   'SGamma1[1,15,3]'       1e-06
1103   'SGamma1[2,1,1]'        1e-06
1104   'SGamma1[2,1,2]'        1e-06
1105   'SGamma1[2,1,3]'        1e-06
1106   'SGamma1[2,2,1]'        1e-06
1107   'SGamma1[2,2,2]'        1e-06
1108   'SGamma1[2,2,3]'        1e-06
1109   'SGamma1[2,3,1]'        1e-06
1110   'SGamma1[2,3,2]'        1e-06
1111   'SGamma1[2,3,3]'        1e-06
1112   'SGamma1[2,4,1]'        1e-06
1113   'SGamma1[2,4,2]'        1e-06
1114   'SGamma1[2,4,3]'        1e-06
1115   'SGamma1[2,5,1]'        1e-06
1116   'SGamma1[2,5,2]'        1e-06
1117   'SGamma1[2,5,3]'        1e-06
1118   'SGamma1[2,6,1]'        1e-06
1119   'SGamma1[2,6,2]'        1e-06
1120   'SGamma1[2,6,3]'        1e-06
1121   'SGamma1[2,7,1]'        1e-06
1122   'SGamma1[2,7,2]'        1e-06
1123   'SGamma1[2,7,3]'        1e-06
1124   'SGamma1[2,8,1]'        1e-06
1125   'SGamma1[2,8,2]'        1e-06
1126   'SGamma1[2,8,3]'        1e-06
1127   'SGamma1[2,9,1]'        1e-06
1128   'SGamma1[2,9,2]'        1e-06
1129   'SGamma1[2,9,3]'        1e-06
1130   'SGamma1[2,10,1]'       1e-06
1131   'SGamma1[2,10,2]'       1e-06
1132   'SGamma1[2,10,3]'       1e-06
1133   'SGamma1[2,11,1]'       1e-06
1134   'SGamma1[2,11,2]'       1e-06
1135   'SGamma1[2,11,3]'       1e-06
1136   'SGamma1[2,12,1]'       1e-06
1137   'SGamma1[2,12,2]'       1e-06
1138   'SGamma1[2,12,3]'       1e-06
1139   'SGamma1[2,13,1]'       1e-06
1140   'SGamma1[2,13,2]'       1e-06
1141   'SGamma1[2,13,3]'       1e-06
1142   'SGamma1[2,14,1]'       1e-06
1143   'SGamma1[2,14,2]'       1e-06
1144   'SGamma1[2,14,3]'       1e-06
1145   'SGamma1[2,15,1]'       1e-06
1146   'SGamma1[2,15,2]'       1e-06
1147   'SGamma1[2,15,3]'       1e-06
1148   'SGamma2[1,1,1]'            1
1149   'SGamma2[1,1,2]'            1
1150   'SGamma2[1,1,3]'            1
1151   'SGamma2[1,2,1]'            1
1152   'SGamma2[1,2,2]'            1
1153   'SGamma2[1,2,3]'            1
1154   'SGamma2[1,3,1]'            1
1155   'SGamma2[1,3,2]'            1
1156   'SGamma2[1,3,3]'            1
1157   'SGamma2[1,4,1]'            1
1158   'SGamma2[1,4,2]'            1
1159   'SGamma2[1,4,3]'            1
1160   'SGamma2[1,5,1]'            1
1161   'SGamma2[1,5,2]'            1
1162   'SGamma2[1,5,3]'            1
1163   'SGamma2[1,6,1]'            1
1164   'SGamma2[1,6,2]'            1
1165   'SGamma2[1,6,3]'            1
1166   'SGamma2[1,7,1]'            1
1167   'SGamma2[1,7,2]'            1
1168   'SGamma2[1,7,3]'            1
1169   'SGamma2[1,8,1]'            1
1170   'SGamma2[1,8,2]'            1
1171   'SGamma2[1,8,3]'            1
1172   'SGamma2[1,9,1]'            1
1173   'SGamma2[1,9,2]'            1
1174   'SGamma2[1,9,3]'            1
1175   'SGamma2[1,10,1]'           1
1176   'SGamma2[1,10,2]'           1
1177   'SGamma2[1,10,3]'           1
1178   'SGamma2[1,11,1]'           1
1179   'SGamma2[1,11,2]'           1
1180   'SGamma2[1,11,3]'           1
1181   'SGamma2[1,12,1]'           1
1182   'SGamma2[1,12,2]'           1
1183   'SGamma2[1,12,3]'           1
1184   'SGamma2[1,13,1]'           1
1185   'SGamma2[1,13,2]'           1
1186   'SGamma2[1,13,3]'           1
1187   'SGamma2[1,14,1]'           1
1188   'SGamma2[1,14,2]'           1
1189   'SGamma2[1,14,3]'           1
1190   'SGamma2[1,15,1]'           1
1191   'SGamma2[1,15,2]'           1
1192   'SGamma2[1,15,3]'           1
1193   'SGamma2[2,1,1]'            1
1194   'SGamma2[2,1,2]'            1
1195   'SGamma2[2,1,3]'            1
1196   'SGamma2[2,2,1]'            1
1197   'SGamma2[2,2,2]'            1
1198   'SGamma2[2,2,3]'            1
1199   'SGamma2[2,3,1]'            1
1200   'SGamma2[2,3,2]'            1
1201   'SGamma2[2,3,3]'            1
1202   'SGamma2[2,4,1]'            1
1203   'SGamma2[2,4,2]'            1
1204   'SGamma2[2,4,3]'            1
1205   'SGamma2[2,5,1]'            1
1206   'SGamma2[2,5,2]'            1
1207   'SGamma2[2,5,3]'            1
1208   'SGamma2[2,6,1]'            1
1209   'SGamma2[2,6,2]'            1
1210   'SGamma2[2,6,3]'            1
1211   'SGamma2[2,7,1]'            1
1212   'SGamma2[2,7,2]'            1
1213   'SGamma2[2,7,3]'            1
1214   'SGamma2[2,8,1]'            1
1215   'SGamma2[2,8,2]'            1
1216   'SGamma2[2,8,3]'            1
1217   'SGamma2[2,9,1]'            1
1218   'SGamma2[2,9,2]'            1
1219   'SGamma2[2,9,3]'            1
1220   'SGamma2[2,10,1]'           1
1221   'SGamma2[2,10,2]'           1
1222   'SGamma2[2,10,3]'           1
1223   'SGamma2[2,11,1]'           1
1224   'SGamma2[2,11,2]'           1
1225   'SGamma2[2,11,3]'           1
1226   'SGamma2[2,12,1]'           1
1227   'SGamma2[2,12,2]'           1
1228   'SGamma2[2,12,3]'           1
1229   'SGamma2[2,13,1]'           1
1230   'SGamma2[2,13,2]'           1
1231   'SGamma2[2,13,3]'           1
1232   'SGamma2[2,14,1]'           1
1233   'SGamma2[2,14,2]'           1
1234   'SGamma2[2,14,3]'           1
1235   'SGamma2[2,15,1]'           1
1236   'SGamma2[2,15,2]'           1
1237   'SGamma2[2,15,3]'           1
1238   'gamma[1,1,1]'              1.000001
1239   'gamma[1,1,2]'              1.000001
1240   'gamma[1,1,3]'              1.000001
1241   'gamma[1,2,1]'              1.000001
1242   'gamma[1,2,2]'              1.000001
1243   'gamma[1,2,3]'              1.000001
1244   'gamma[1,3,1]'              1.000001
1245   'gamma[1,3,2]'              1.000001
1246   'gamma[1,3,3]'              1.000001
1247   'gamma[1,4,1]'              1.000001
1248   'gamma[1,4,2]'              1.000001
1249   'gamma[1,4,3]'              1.000001
1250   'gamma[1,5,1]'              1.000001
1251   'gamma[1,5,2]'              1.000001
1252   'gamma[1,5,3]'              1.000001
1253   'gamma[1,6,1]'              1.000001
1254   'gamma[1,6,2]'              1.000001
1255   'gamma[1,6,3]'              1.000001
1256   'gamma[1,7,1]'              1.000001
1257   'gamma[1,7,2]'              1.000001
1258   'gamma[1,7,3]'              1.000001
1259   'gamma[1,8,1]'              1.000001
1260   'gamma[1,8,2]'              1.000001
1261   'gamma[1,8,3]'              1.000001
1262   'gamma[1,9,1]'              1.000001
1263   'gamma[1,9,2]'              1.000001
1264   'gamma[1,9,3]'              1.000001
1265   'gamma[1,10,1]'             1.000001
1266   'gamma[1,10,2]'             1.000001
1267   'gamma[1,10,3]'             1.000001
1268   'gamma[1,11,1]'             1.000001
1269   'gamma[1,11,2]'             1.000001
1270   'gamma[1,11,3]'             1.000001
1271   'gamma[1,12,1]'             1.000001
1272   'gamma[1,12,2]'             1.000001
1273   'gamma[1,12,3]'             1.000001
1274   'gamma[1,13,1]'             1.000001
1275   'gamma[1,13,2]'             1.000001
1276   'gamma[1,13,3]'             1.000001
1277   'gamma[1,14,1]'             1.000001
1278   'gamma[1,14,2]'             1.000001
1279   'gamma[1,14,3]'             1.000001
1280   'gamma[1,15,1]'             1.000001
1281   'gamma[1,15,2]'             1.000001
1282   'gamma[1,15,3]'             1.000001
1283   'gamma[2,1,1]'              1.000001
1284   'gamma[2,1,2]'              1.000001
1285   'gamma[2,1,3]'              1.000001
1286   'gamma[2,2,1]'              1.000001
1287   'gamma[2,2,2]'              1.000001
1288   'gamma[2,2,3]'              1.000001
1289   'gamma[2,3,1]'              1.000001
1290   'gamma[2,3,2]'              1.000001
1291   'gamma[2,3,3]'              1.000001
1292   'gamma[2,4,1]'              1.000001
1293   'gamma[2,4,2]'              1.000001
1294   'gamma[2,4,3]'              1.000001
1295   'gamma[2,5,1]'              1.000001
1296   'gamma[2,5,2]'              1.000001
1297   'gamma[2,5,3]'              1.000001
1298   'gamma[2,6,1]'              1.000001
1299   'gamma[2,6,2]'              1.000001
1300   'gamma[2,6,3]'              1.000001
1301   'gamma[2,7,1]'              1.000001
1302   'gamma[2,7,2]'              1.000001
1303   'gamma[2,7,3]'              1.000001
1304   'gamma[2,8,1]'              1.000001
1305   'gamma[2,8,2]'              1.000001
1306   'gamma[2,8,3]'              1.000001
1307   'gamma[2,9,1]'              1.000001
1308   'gamma[2,9,2]'              1.000001
1309   'gamma[2,9,3]'              1.000001
1310   'gamma[2,10,1]'             1.000001
1311   'gamma[2,10,2]'             1.000001
1312   'gamma[2,10,3]'             1.000001
1313   'gamma[2,11,1]'             1.000001
1314   'gamma[2,11,2]'             1.000001
1315   'gamma[2,11,3]'             1.000001
1316   'gamma[2,12,1]'             1.000001
1317   'gamma[2,12,2]'             1.000001
1318   'gamma[2,12,3]'             1.000001
1319   'gamma[2,13,1]'             1.000001
1320   'gamma[2,13,2]'             1.000001
1321   'gamma[2,13,3]'             1.000001
1322   'gamma[2,14,1]'             1.000001
1323   'gamma[2,14,2]'             1.000001
1324   'gamma[2,14,3]'             1.000001
1325   'gamma[2,15,1]'             1.000001
1326   'gamma[2,15,2]'             1.000001
1327   'gamma[2,15,3]'             1.000001
1328   'PrS[1,1,1]'           103941.5756
1329   'PrS[1,1,2]'            40024.68437
1330   'PrS[1,1,3]'            17417.42211
1331   'PrS[1,2,1]'            95140.10233
1332   'PrS[1,2,2]'            36250.98949
1333   'PrS[1,2,3]'            15611.21944
1334   'PrS[1,3,1]'            90609.28219
1335   'PrS[1,3,2]'            34324.44833
1336   'PrS[1,3,3]'            14696.32768
1337   'PrS[1,4,1]'            87751.54012
1338   'PrS[1,4,2]'            33115.22228
1339   'PrS[1,4,3]'            14124.72741
1340   'PrS[1,5,1]'            84689.21079
1341   'PrS[1,5,2]'            31824.67618
1342   'PrS[1,5,3]'            13517.03553
1343   'PrS[1,6,1]'            79925.07448
1344   'PrS[1,6,2]'            29828.14013
1345   'PrS[1,6,3]'            12581.90308
1346   'PrS[1,7,1]'            72451.92868
1347   'PrS[1,7,2]'            26725.34177
1348   'PrS[1,7,3]'            11141.50968
1349   'PrS[1,8,1]'            62818.72106
1350   'PrS[1,8,2]'            22782.66521
1351   'PrS[1,8,3]'             9336.347301
1352   'PrS[1,9,1]'            49799.03335
1353   'PrS[1,9,2]'            17570.56178
1354   'PrS[1,9,3]'             7000.787706
1355   'PrS[1,10,1]'           40271.50148
1356   'PrS[1,10,2]'           13856.9251
1357   'PrS[1,10,3]'            5379.980487
1358   'PrS[1,11,1]'           34773.72854
1359   'PrS[1,11,2]'           11759.97472
1360   'PrS[1,11,3]'            4484.405766
1361   'PrS[1,12,1]'           32180.17411
1362   'PrS[1,12,2]'           10784.03669
1363   'PrS[1,12,3]'            4073.245241
1364   'PrS[1,13,1]'           31092.56611
1365   'PrS[1,13,2]'           10377.51345
1366   'PrS[1,13,3]'            3903.137727
1367   'PrS[1,14,1]'           30661.0713
1368   'PrS[1,14,2]'           10216.69532
1369   'PrS[1,14,3]'            3836.041001
1370   'PrS[1,15,1]'           30493.81646
1371   'PrS[1,15,2]'           10154.43157
1372   'PrS[1,15,3]'            3810.093771
1373   'PrS[2,1,1]'           161700.083
1374   'PrS[2,1,2]'            65642.31117
1375   'PrS[2,1,3]'            30073.1381
1376   'PrS[2,2,1]'           160194.2729
1377   'PrS[2,2,2]'            64958.26802
1378   'PrS[2,2,3]'            29727.79029
1379   'PrS[2,3,1]'           157287.3211
1380   'PrS[2,3,2]'            63639.91702
1381   'PrS[2,3,3]'            29063.20267
1382   'PrS[2,4,1]'           151969.3446
1383   'PrS[2,4,2]'            61235.72408
1384   'PrS[2,4,3]'            27854.69961
1385   'PrS[2,5,1]'           143139.9417
1386   'PrS[2,5,2]'            57266.48693
1387   'PrS[2,5,3]'            25869.70436
1388   'PrS[2,6,1]'           136681.7451
1389   'PrS[2,6,2]'            54381.69909
1390   'PrS[2,6,3]'            24435.43073
1391   'PrS[2,7,1]'           126881.3868
1392   'PrS[2,7,2]'            50035.46602
1393   'PrS[2,7,3]'            22288.80039
1394   'PrS[2,8,1]'           114596.7431
1395   'PrS[2,8,2]'            44644.656
1396   'PrS[2,8,3]'            19652.04441
1397   'PrS[2,9,1]'           102506.5499
1398   'PrS[2,9,2]'            39406.69135
1399   'PrS[2,9,3]'            17120.40721
1400   'PrS[2,10,1]'           93224.3257
1401   'PrS[2,10,2]'           35435.0082
1402   'PrS[2,10,3]'           15223.1004
1403   'PrS[2,11,1]'           87420.32572
1404   'PrS[2,11,2]'           32975.37513
1405   'PrS[2,11,3]'           14058.75756
1406   'PrS[2,12,1]'           84262.86782
1407   'PrS[2,12,2]'           31645.44396
1408   'PrS[2,12,3]'           13432.83556
1409   'PrS[2,13,1]'           82675.91184
1410   'PrS[2,13,2]'           30979.25804
1411   'PrS[2,13,3]'           13120.30376
1412   'PrS[2,14,1]'           81901.42574
1413   'PrS[2,14,2]'           30654.69348
1414   'PrS[2,14,3]'           12968.28727
1415   'PrS[2,15,1]'           81501.46847
1416   'PrS[2,15,2]'           30487.2272
1417   'PrS[2,15,3]'           12889.91541
1418   'PrSF[1]'               62118.83661
1419   'PrSF[2]'               22498.90966
1420   'PrSF[3]'                9207.617175
1421   Vap                       647.9626451
1422   Sep                        99
;

