solve_message = 'LOQO 7.00: iteration limit (500 iterations, 4387 evaluations)\
primal objective 136.92597297258095\
  dual objective -552050.590092835'

:          _varname              _var          :=
1     'F[2]'                    0
2     'F[3]'                    0
3     'F[4]'                    0
4     'F[5]'                    0
5     'F[6]'                    0
6     'F[7]'                    0
7     'F[8]'                  200
8     'F[9]'                    0
9     'F[10]'                   0
10    'F[11]'                   0
11    'F[12]'                   0
12    'F[13]'                   0
13    'F[14]'                   0
14    'V[1]'                  136.926
15    'V[2]'                  130.716
16    'V[3]'                  126.624
17    'V[4]'                  123.888
18    'V[5]'                  122.302
19    'V[6]'                  121.835
20    'V[7]'                  123.566
21    'V[8]'                  130.694
22    'V[9]'                  120.87
23    'V[10]'                 119.956
24    'V[11]'                 119.669
25    'V[12]'                 119.609
26    'V[13]'                 119.855
27    'V[14]'                 121.189
28    'V[15]'                   0
29    'y[1,1]'                  0.0433937
30    'y[1,2]'                  0.572945
31    'y[1,3]'                  0.309887
32    'y[2,1]'                  0.0877308
33    'y[2,2]'                  0.719958
34    'y[2,3]'                  0.191932
35    'y[3,1]'                  0.143051
36    'y[3,2]'                  0.755668
37    'y[3,3]'                  0.142974
38    'y[4,1]'                  0.20846
39    'y[4,2]'                  0.726856
40    'y[4,3]'                  0.122358
41    'y[5,1]'                  0.280561
42    'y[5,2]'                  0.662177
43    'y[5,3]'                  0.110301
44    'y[6,1]'                  0.351632
45    'y[6,2]'                  0.577907
46    'y[6,3]'                  0.0997716
47    'y[7,1]'                  0.411323
48    'y[7,2]'                  0.487043
49    'y[7,3]'                  0.0890927
50    'y[8,1]'                  0.463053
51    'y[8,2]'                  0.410998
52    'y[8,3]'                  0.0803032
53    'y[9,1]'                  0.51169
54    'y[9,2]'                  0.470675
55    'y[9,3]'                  0.0977869
56    'y[10,1]'                 0.510181
57    'y[10,2]'                 0.471033
58    'y[10,3]'                 0.0891501
59    'y[11,1]'                 0.509637
60    'y[11,2]'                 0.475725
61    'y[11,3]'                 0.0856704
62    'y[12,1]'                 0.509798
63    'y[12,2]'                 0.48302
64    'y[12,3]'                 0.0845395
65    'y[13,1]'                 0.511322
66    'y[13,2]'                 0.494664
67    'y[13,3]'                 0.0837688
68    'y[14,1]'                 0.522072
69    'y[14,2]'                 0.517982
70    'y[14,3]'                 0.0778195
71    'y[15,1]'                 0.616765
72    'y[15,2]'                 0.566396
73    'y[15,3]'                 0.0579762
74    'L[1]'                    0
75    'L[2]'                  208.394
76    'L[3]'                  215.115
77    'L[4]'                  217.469
78    'L[5]'                  217.877
79    'L[6]'                  217.436
80    'L[7]'                  215.73
81    'L[8]'                  210.016
82    'L[9]'                    6.64617
83    'L[10]'                  12.2549
84    'L[11]'                  10.784
85    'L[12]'                  10.4314
86    'L[13]'                  10.386
87    'L[14]'                  10.9774
88    'L[15]'                  18.2315
89    'x[1,1]'                  0.0156553
90    'x[1,2]'                  0.388308
91    'x[1,3]'                  0.69374
92    'x[2,1]'                  0.0339536
93    'x[2,2]'                  0.527261
94    'x[2,3]'                  0.471625
95    'x[3,1]'                  0.0580387
96    'x[3,2]'                  0.582956
97    'x[3,3]'                  0.373995
98    'x[4,1]'                  0.0876505
99    'x[4,2]'                  0.583218
100   'x[4,3]'                  0.335571
101   'x[5,1]'                  0.122836
102   'x[5,2]'                  0.555516
103   'x[5,3]'                  0.319163
104   'x[6,1]'                  0.162384
105   'x[6,2]'                  0.514148
106   'x[6,3]'                  0.30987
107   'x[7,1]'                  0.203796
108   'x[7,2]'                  0.46827
109   'x[7,3]'                  0.303854
110   'x[8,1]'                  0.248311
111   'x[8,2]'                  0.431227
112   'x[8,3]'                  0.304347
113   'x[9,1]'                  0.314731
114   'x[9,2]'                  0.574756
115   'x[9,3]'                  0.445243
116   'x[10,1]'                 0.2973
117   'x[10,2]'                 0.54181
118   'x[10,3]'                 0.377598
119   'x[11,1]'                 0.29622
120   'x[11,2]'                 0.545652
121   'x[11,3]'                 0.361617
122   'x[12,1]'                 0.303626
123   'x[12,2]'                 0.569166
124   'x[12,3]'                 0.368693
125   'x[13,1]'                 0.320362
126   'x[13,2]'                 0.616517
127   'x[13,3]'                 0.391017
128   'x[14,1]'                 0.34574
129   'x[14,2]'                 0.686472
130   'x[14,3]'                 0.391325
131   'x[15,1]'                 0.325315
132   'x[15,2]'                 0.583555
133   'x[15,3]'                 0.214975
134   PC                       92.73
135   PR                       81.2099
136   'T[1]'                  442.978
137   'T[2]'                  439.437
138   'T[3]'                  437.096
139   'T[4]'                  435.346
140   'T[5]'                  433.382
141   'T[6]'                  430.822
142   'T[7]'                  427.493
143   'T[8]'                  423.816
144   'T[9]'                  417.6
145   'T[10]'                 420.024
146   'T[11]'                 420.14
147   'T[12]'                 419.042
148   'T[13]'                 416.778
149   'T[14]'                 414.333
150   'T[15]'                 424.579
151   TF                      422.969
152   QC                     1066.06
153   QR                     1263.98
154   'H[1,1]'                  7.97746
155   'H[1,2]'                  9.07305
156   'H[1,3]'                 11.2724
157   'H[2,1]'                  7.75184
158   'H[2,2]'                  8.81645
159   'H[2,3]'                 10.9534
160   'H[3,1]'                  7.60356
161   'H[3,2]'                  8.6478
162   'H[3,3]'                 10.7438
163   'H[4,1]'                  7.49305
164   'H[4,2]'                  8.52211
165   'H[4,3]'                 10.5876
166   'H[5,1]'                  7.36951
167   'H[5,2]'                  8.3816
168   'H[5,3]'                 10.4129
169   'H[6,1]'                  7.20914
170   'H[6,2]'                  8.1992
171   'H[6,3]'                 10.1862
172   'H[7,1]'                  7.00172
173   'H[7,2]'                  7.96328
174   'H[7,3]'                  9.89303
175   'H[8,1]'                  6.77414
176   'H[8,2]'                  7.70443
177   'H[8,3]'                  9.57131
178   'H[9,1]'                  6.39299
179   'H[9,2]'                  7.27093
180   'H[9,3]'                  9.03253
181   'H[10,1]'                 6.54109
182   'H[10,2]'                 7.43938
183   'H[10,3]'                 9.24188
184   'H[11,1]'                 6.54821
185   'H[11,2]'                 7.44747
186   'H[11,3]'                 9.25194
187   'H[12,1]'                 6.481
188   'H[12,2]'                 7.37103
189   'H[12,3]'                 9.15694
190   'H[13,1]'                 6.34298
191   'H[13,2]'                 7.21405
192   'H[13,3]'                 8.96183
193   'H[14,1]'                 6.19454
194   'H[14,2]'                 7.04522
195   'H[14,3]'                 8.752
196   'H[15,1]'                 6.8212
197   'H[15,2]'                 7.75797
198   'H[15,3]'                 9.63785
199   'HF[1]'                   6.72192
200   'HF[2]'                   7.64505
201   'HF[3]'                   9.4975
202   'h[1,1]'                  0.81545
203   'h[1,2]'                  0.500985
204   'h[1,3]'                  0.226366
205   'h[2,1]'                  0.490986
206   'h[2,2]'                  0.155693
207   'h[2,3]'                 -0.178007
208   'h[3,1]'                  0.278567
209   'h[3,2]'                 -0.070793
210   'h[3,3]'                 -0.443701
211   'h[4,1]'                  0.120661
212   'h[4,2]'                 -0.239372
213   'h[4,3]'                 -0.64169
214   'h[5,1]'                 -0.0554718
215   'h[5,2]'                 -0.427621
216   'h[5,3]'                 -0.863009
217   'h[6,1]'                 -0.283508
218   'h[6,2]'                 -0.67167
219   'h[6,3]'                 -1.15028
220   'h[7,1]'                 -0.577481
221   'h[7,2]'                 -0.986815
222   'h[7,3]'                 -1.52181
223   'h[8,1]'                 -0.898854
224   'h[8,2]'                 -1.332
225   'h[8,3]'                 -1.92947
226   'h[9,1]'                 -1.43449
227   'h[9,2]'                 -1.9088
228   'h[9,3]'                 -2.61229
229   'h[10,1]'                -1.22672
230   'h[10,2]'                -1.68485
231   'h[10,3]'                -2.34694
232   'h[11,1]'                -1.21673
233   'h[11,2]'                -1.67408
234   'h[11,3]'                -2.33419
235   'h[12,1]'                -1.31108
236   'h[12,2]'                -1.77574
237   'h[12,3]'                -2.4546
238   'h[13,1]'                -1.50455
239   'h[13,2]'                -1.98438
240   'h[13,3]'                -2.70191
241   'h[14,1]'                -1.71219
242   'h[14,2]'                -2.20855
243   'h[14,3]'                -2.96792
244   'h[15,1]'                -0.832489
245   'h[15,2]'                -1.26066
246   'h[15,3]'                -1.84516
247   'hF[1]'                  -0.972416
248   'hF[2]'                  -1.4111
249   'hF[3]'                  -2.02299
250   'tauGamma[1,1,1]'     1e-06
251   'tauGamma[1,1,2]'     1e-06
252   'tauGamma[1,1,3]'     1e-06
253   'tauGamma[1,2,1]'     1e-06
254   'tauGamma[1,2,2]'     1e-06
255   'tauGamma[1,2,3]'     1e-06
256   'tauGamma[1,3,1]'     1e-06
257   'tauGamma[1,3,2]'     1e-06
258   'tauGamma[1,3,3]'     1e-06
259   'tauGamma[2,1,1]'     1e-06
260   'tauGamma[2,1,2]'     1e-06
261   'tauGamma[2,1,3]'     1e-06
262   'tauGamma[2,2,1]'     1e-06
263   'tauGamma[2,2,2]'     1e-06
264   'tauGamma[2,2,3]'     1e-06
265   'tauGamma[2,3,1]'     1e-06
266   'tauGamma[2,3,2]'     1e-06
267   'tauGamma[2,3,3]'     1e-06
268   'tauGamma[3,1,1]'     1e-06
269   'tauGamma[3,1,2]'     1e-06
270   'tauGamma[3,1,3]'     1e-06
271   'tauGamma[3,2,1]'     1e-06
272   'tauGamma[3,2,2]'     1e-06
273   'tauGamma[3,2,3]'     1e-06
274   'tauGamma[3,3,1]'     1e-06
275   'tauGamma[3,3,2]'     1e-06
276   'tauGamma[3,3,3]'     1e-06
277   'tauGamma[4,1,1]'     1e-06
278   'tauGamma[4,1,2]'     1e-06
279   'tauGamma[4,1,3]'     1e-06
280   'tauGamma[4,2,1]'     1e-06
281   'tauGamma[4,2,2]'     1e-06
282   'tauGamma[4,2,3]'     1e-06
283   'tauGamma[4,3,1]'     1e-06
284   'tauGamma[4,3,2]'     1e-06
285   'tauGamma[4,3,3]'     1e-06
286   'tauGamma[5,1,1]'     1e-06
287   'tauGamma[5,1,2]'     1e-06
288   'tauGamma[5,1,3]'     1e-06
289   'tauGamma[5,2,1]'     1e-06
290   'tauGamma[5,2,2]'     1e-06
291   'tauGamma[5,2,3]'     1e-06
292   'tauGamma[5,3,1]'     1e-06
293   'tauGamma[5,3,2]'     1e-06
294   'tauGamma[5,3,3]'     1e-06
295   'tauGamma[6,1,1]'     1e-06
296   'tauGamma[6,1,2]'     1e-06
297   'tauGamma[6,1,3]'     1e-06
298   'tauGamma[6,2,1]'     1e-06
299   'tauGamma[6,2,2]'     1e-06
300   'tauGamma[6,2,3]'     1e-06
301   'tauGamma[6,3,1]'     1e-06
302   'tauGamma[6,3,2]'     1e-06
303   'tauGamma[6,3,3]'     1e-06
304   'tauGamma[7,1,1]'     1e-06
305   'tauGamma[7,1,2]'     1e-06
306   'tauGamma[7,1,3]'     1e-06
307   'tauGamma[7,2,1]'     1e-06
308   'tauGamma[7,2,2]'     1e-06
309   'tauGamma[7,2,3]'     1e-06
310   'tauGamma[7,3,1]'     1e-06
311   'tauGamma[7,3,2]'     1e-06
312   'tauGamma[7,3,3]'     1e-06
313   'tauGamma[8,1,1]'     1e-06
314   'tauGamma[8,1,2]'     1e-06
315   'tauGamma[8,1,3]'     1e-06
316   'tauGamma[8,2,1]'     1e-06
317   'tauGamma[8,2,2]'     1e-06
318   'tauGamma[8,2,3]'     1e-06
319   'tauGamma[8,3,1]'     1e-06
320   'tauGamma[8,3,2]'     1e-06
321   'tauGamma[8,3,3]'     1e-06
322   'tauGamma[9,1,1]'     1e-06
323   'tauGamma[9,1,2]'     1e-06
324   'tauGamma[9,1,3]'     1e-06
325   'tauGamma[9,2,1]'     1e-06
326   'tauGamma[9,2,2]'     1e-06
327   'tauGamma[9,2,3]'     1e-06
328   'tauGamma[9,3,1]'     1e-06
329   'tauGamma[9,3,2]'     1e-06
330   'tauGamma[9,3,3]'     1e-06
331   'tauGamma[10,1,1]'    1e-06
332   'tauGamma[10,1,2]'    1e-06
333   'tauGamma[10,1,3]'    1e-06
334   'tauGamma[10,2,1]'    1e-06
335   'tauGamma[10,2,2]'    1e-06
336   'tauGamma[10,2,3]'    1e-06
337   'tauGamma[10,3,1]'    1e-06
338   'tauGamma[10,3,2]'    1e-06
339   'tauGamma[10,3,3]'    1e-06
340   'tauGamma[11,1,1]'    1e-06
341   'tauGamma[11,1,2]'    1e-06
342   'tauGamma[11,1,3]'    1e-06
343   'tauGamma[11,2,1]'    1e-06
344   'tauGamma[11,2,2]'    1e-06
345   'tauGamma[11,2,3]'    1e-06
346   'tauGamma[11,3,1]'    1e-06
347   'tauGamma[11,3,2]'    1e-06
348   'tauGamma[11,3,3]'    1e-06
349   'tauGamma[12,1,1]'    1e-06
350   'tauGamma[12,1,2]'    1e-06
351   'tauGamma[12,1,3]'    1e-06
352   'tauGamma[12,2,1]'    1e-06
353   'tauGamma[12,2,2]'    1e-06
354   'tauGamma[12,2,3]'    1e-06
355   'tauGamma[12,3,1]'    1e-06
356   'tauGamma[12,3,2]'    1e-06
357   'tauGamma[12,3,3]'    1e-06
358   'tauGamma[13,1,1]'    1e-06
359   'tauGamma[13,1,2]'    1e-06
360   'tauGamma[13,1,3]'    1e-06
361   'tauGamma[13,2,1]'    1e-06
362   'tauGamma[13,2,2]'    1e-06
363   'tauGamma[13,2,3]'    1e-06
364   'tauGamma[13,3,1]'    1e-06
365   'tauGamma[13,3,2]'    1e-06
366   'tauGamma[13,3,3]'    1e-06
367   'tauGamma[14,1,1]'    1e-06
368   'tauGamma[14,1,2]'    1e-06
369   'tauGamma[14,1,3]'    1e-06
370   'tauGamma[14,2,1]'    1e-06
371   'tauGamma[14,2,2]'    1e-06
372   'tauGamma[14,2,3]'    1e-06
373   'tauGamma[14,3,1]'    1e-06
374   'tauGamma[14,3,2]'    1e-06
375   'tauGamma[14,3,3]'    1e-06
376   'tauGamma[15,1,1]'    1e-06
377   'tauGamma[15,1,2]'    1e-06
378   'tauGamma[15,1,3]'    1e-06
379   'tauGamma[15,2,1]'    1e-06
380   'tauGamma[15,2,2]'    1e-06
381   'tauGamma[15,2,3]'    1e-06
382   'tauGamma[15,3,1]'    1e-06
383   'tauGamma[15,3,2]'    1e-06
384   'tauGamma[15,3,3]'    1e-06
385   'PGamma[1,1,1]'           1
386   'PGamma[1,1,2]'           1
387   'PGamma[1,1,3]'           1
388   'PGamma[1,2,1]'           1
389   'PGamma[1,2,2]'           1
390   'PGamma[1,2,3]'           1
391   'PGamma[1,3,1]'           1
392   'PGamma[1,3,2]'           1
393   'PGamma[1,3,3]'           1
394   'PGamma[2,1,1]'           1
395   'PGamma[2,1,2]'           1
396   'PGamma[2,1,3]'           1
397   'PGamma[2,2,1]'           1
398   'PGamma[2,2,2]'           1
399   'PGamma[2,2,3]'           1
400   'PGamma[2,3,1]'           1
401   'PGamma[2,3,2]'           1
402   'PGamma[2,3,3]'           1
403   'PGamma[3,1,1]'           1
404   'PGamma[3,1,2]'           1
405   'PGamma[3,1,3]'           1
406   'PGamma[3,2,1]'           1
407   'PGamma[3,2,2]'           1
408   'PGamma[3,2,3]'           1
409   'PGamma[3,3,1]'           1
410   'PGamma[3,3,2]'           1
411   'PGamma[3,3,3]'           1
412   'PGamma[4,1,1]'           1
413   'PGamma[4,1,2]'           1
414   'PGamma[4,1,3]'           1
415   'PGamma[4,2,1]'           1
416   'PGamma[4,2,2]'           1
417   'PGamma[4,2,3]'           1
418   'PGamma[4,3,1]'           1
419   'PGamma[4,3,2]'           1
420   'PGamma[4,3,3]'           1
421   'PGamma[5,1,1]'           1
422   'PGamma[5,1,2]'           1
423   'PGamma[5,1,3]'           1
424   'PGamma[5,2,1]'           1
425   'PGamma[5,2,2]'           1
426   'PGamma[5,2,3]'           1
427   'PGamma[5,3,1]'           1
428   'PGamma[5,3,2]'           1
429   'PGamma[5,3,3]'           1
430   'PGamma[6,1,1]'           1
431   'PGamma[6,1,2]'           1
432   'PGamma[6,1,3]'           1
433   'PGamma[6,2,1]'           1
434   'PGamma[6,2,2]'           1
435   'PGamma[6,2,3]'           1
436   'PGamma[6,3,1]'           1
437   'PGamma[6,3,2]'           1
438   'PGamma[6,3,3]'           1
439   'PGamma[7,1,1]'           1
440   'PGamma[7,1,2]'           1
441   'PGamma[7,1,3]'           1
442   'PGamma[7,2,1]'           1
443   'PGamma[7,2,2]'           1
444   'PGamma[7,2,3]'           1
445   'PGamma[7,3,1]'           1
446   'PGamma[7,3,2]'           1
447   'PGamma[7,3,3]'           1
448   'PGamma[8,1,1]'           1
449   'PGamma[8,1,2]'           1
450   'PGamma[8,1,3]'           1
451   'PGamma[8,2,1]'           1
452   'PGamma[8,2,2]'           1
453   'PGamma[8,2,3]'           1
454   'PGamma[8,3,1]'           1
455   'PGamma[8,3,2]'           1
456   'PGamma[8,3,3]'           1
457   'PGamma[9,1,1]'           1
458   'PGamma[9,1,2]'           1
459   'PGamma[9,1,3]'           1
460   'PGamma[9,2,1]'           1
461   'PGamma[9,2,2]'           1
462   'PGamma[9,2,3]'           1
463   'PGamma[9,3,1]'           1
464   'PGamma[9,3,2]'           1
465   'PGamma[9,3,3]'           1
466   'PGamma[10,1,1]'          1
467   'PGamma[10,1,2]'          1
468   'PGamma[10,1,3]'          1
469   'PGamma[10,2,1]'          1
470   'PGamma[10,2,2]'          1
471   'PGamma[10,2,3]'          1
472   'PGamma[10,3,1]'          1
473   'PGamma[10,3,2]'          1
474   'PGamma[10,3,3]'          1
475   'PGamma[11,1,1]'          1
476   'PGamma[11,1,2]'          1
477   'PGamma[11,1,3]'          1
478   'PGamma[11,2,1]'          1
479   'PGamma[11,2,2]'          1
480   'PGamma[11,2,3]'          1
481   'PGamma[11,3,1]'          1
482   'PGamma[11,3,2]'          1
483   'PGamma[11,3,3]'          1
484   'PGamma[12,1,1]'          1
485   'PGamma[12,1,2]'          1
486   'PGamma[12,1,3]'          1
487   'PGamma[12,2,1]'          1
488   'PGamma[12,2,2]'          1
489   'PGamma[12,2,3]'          1
490   'PGamma[12,3,1]'          1
491   'PGamma[12,3,2]'          1
492   'PGamma[12,3,3]'          1
493   'PGamma[13,1,1]'          1
494   'PGamma[13,1,2]'          1
495   'PGamma[13,1,3]'          1
496   'PGamma[13,2,1]'          1
497   'PGamma[13,2,2]'          1
498   'PGamma[13,2,3]'          1
499   'PGamma[13,3,1]'          1
500   'PGamma[13,3,2]'          1
501   'PGamma[13,3,3]'          1
502   'PGamma[14,1,1]'          1
503   'PGamma[14,1,2]'          1
504   'PGamma[14,1,3]'          1
505   'PGamma[14,2,1]'          1
506   'PGamma[14,2,2]'          1
507   'PGamma[14,2,3]'          1
508   'PGamma[14,3,1]'          1
509   'PGamma[14,3,2]'          1
510   'PGamma[14,3,3]'          1
511   'PGamma[15,1,1]'          1
512   'PGamma[15,1,2]'          1
513   'PGamma[15,1,3]'          1
514   'PGamma[15,2,1]'          1
515   'PGamma[15,2,2]'          1
516   'PGamma[15,2,3]'          1
517   'PGamma[15,3,1]'          1
518   'PGamma[15,3,2]'          1
519   'PGamma[15,3,3]'          1
520   'SGamma1[1,1]'            1.0977e-06
521   'SGamma1[1,2]'            1.0977e-06
522   'SGamma1[1,3]'            1.0977e-06
523   'SGamma1[2,1]'            1.03284e-06
524   'SGamma1[2,2]'            1.03284e-06
525   'SGamma1[2,3]'            1.03284e-06
526   'SGamma1[3,1]'            1.01499e-06
527   'SGamma1[3,2]'            1.01499e-06
528   'SGamma1[3,3]'            1.01499e-06
529   'SGamma1[4,1]'            1.00644e-06
530   'SGamma1[4,2]'            1.00644e-06
531   'SGamma1[4,3]'            1.00644e-06
532   'SGamma1[5,1]'            9.97516e-07
533   'SGamma1[5,2]'            9.97516e-07
534   'SGamma1[5,3]'            9.97516e-07
535   'SGamma1[6,1]'            9.86403e-07
536   'SGamma1[6,2]'            9.86403e-07
537   'SGamma1[6,3]'            9.86403e-07
538   'SGamma1[7,1]'            9.7592e-07
539   'SGamma1[7,2]'            9.7592e-07
540   'SGamma1[7,3]'            9.7592e-07
541   'SGamma1[8,1]'            9.83884e-07
542   'SGamma1[8,2]'            9.83884e-07
543   'SGamma1[8,3]'            9.83884e-07
544   'SGamma1[9,1]'            1.33473e-06
545   'SGamma1[9,2]'            1.33473e-06
546   'SGamma1[9,3]'            1.33473e-06
547   'SGamma1[10,1]'           1.21671e-06
548   'SGamma1[10,2]'           1.21671e-06
549   'SGamma1[10,3]'           1.21671e-06
550   'SGamma1[11,1]'           1.20349e-06
551   'SGamma1[11,2]'           1.20349e-06
552   'SGamma1[11,3]'           1.20349e-06
553   'SGamma1[12,1]'           1.24149e-06
554   'SGamma1[12,2]'           1.24149e-06
555   'SGamma1[12,3]'           1.24149e-06
556   'SGamma1[13,1]'           1.3279e-06
557   'SGamma1[13,2]'           1.3279e-06
558   'SGamma1[13,3]'           1.3279e-06
559   'SGamma1[14,1]'           1.42354e-06
560   'SGamma1[14,2]'           1.42354e-06
561   'SGamma1[14,3]'           1.42354e-06
562   'SGamma1[15,1]'           1.12384e-06
563   'SGamma1[15,2]'           1.12384e-06
564   'SGamma1[15,3]'           1.12384e-06
565   'SGamma2[1,1]'            1.0977
566   'SGamma2[1,2]'            1.0977
567   'SGamma2[1,3]'            1.0977
568   'SGamma2[2,1]'            1.03284
569   'SGamma2[2,2]'            1.03284
570   'SGamma2[2,3]'            1.03284
571   'SGamma2[3,1]'            1.01499
572   'SGamma2[3,2]'            1.01499
573   'SGamma2[3,3]'            1.01499
574   'SGamma2[4,1]'            1.00644
575   'SGamma2[4,2]'            1.00644
576   'SGamma2[4,3]'            1.00644
577   'SGamma2[5,1]'            0.997516
578   'SGamma2[5,2]'            0.997516
579   'SGamma2[5,3]'            0.997516
580   'SGamma2[6,1]'            0.986403
581   'SGamma2[6,2]'            0.986403
582   'SGamma2[6,3]'            0.986403
583   'SGamma2[7,1]'            0.97592
584   'SGamma2[7,2]'            0.97592
585   'SGamma2[7,3]'            0.97592
586   'SGamma2[8,1]'            0.983884
587   'SGamma2[8,2]'            0.983884
588   'SGamma2[8,3]'            0.983884
589   'SGamma2[9,1]'            1.33473
590   'SGamma2[9,2]'            1.33473
591   'SGamma2[9,3]'            1.33473
592   'SGamma2[10,1]'           1.21671
593   'SGamma2[10,2]'           1.21671
594   'SGamma2[10,3]'           1.21671
595   'SGamma2[11,1]'           1.20349
596   'SGamma2[11,2]'           1.20349
597   'SGamma2[11,3]'           1.20349
598   'SGamma2[12,1]'           1.24149
599   'SGamma2[12,2]'           1.24149
600   'SGamma2[12,3]'           1.24149
601   'SGamma2[13,1]'           1.3279
602   'SGamma2[13,2]'           1.3279
603   'SGamma2[13,3]'           1.3279
604   'SGamma2[14,1]'           1.42354
605   'SGamma2[14,2]'           1.42354
606   'SGamma2[14,3]'           1.42354
607   'SGamma2[15,1]'           1.12384
608   'SGamma2[15,2]'           1.12384
609   'SGamma2[15,3]'           1.12384
610   'gamma[1,1]'              1
611   'gamma[1,2]'              1
612   'gamma[1,3]'              1
613   'gamma[2,1]'              1
614   'gamma[2,2]'              1
615   'gamma[2,3]'              1
616   'gamma[3,1]'              1
617   'gamma[3,2]'              1
618   'gamma[3,3]'              1
619   'gamma[4,1]'              1
620   'gamma[4,2]'              1
621   'gamma[4,3]'              1
622   'gamma[5,1]'              1
623   'gamma[5,2]'              1
624   'gamma[5,3]'              1
625   'gamma[6,1]'              1
626   'gamma[6,2]'              1
627   'gamma[6,3]'              1
628   'gamma[7,1]'              1
629   'gamma[7,2]'              1
630   'gamma[7,3]'              1
631   'gamma[8,1]'              1
632   'gamma[8,2]'              1
633   'gamma[8,3]'              1
634   'gamma[9,1]'              1
635   'gamma[9,2]'              1
636   'gamma[9,3]'              1
637   'gamma[10,1]'             1
638   'gamma[10,2]'             1
639   'gamma[10,3]'             1
640   'gamma[11,1]'             1
641   'gamma[11,2]'             1
642   'gamma[11,3]'             1
643   'gamma[12,1]'             1
644   'gamma[12,2]'             1
645   'gamma[12,3]'             1
646   'gamma[13,1]'             1
647   'gamma[13,2]'             1
648   'gamma[13,3]'             1
649   'gamma[14,1]'             1
650   'gamma[14,2]'             1
651   'gamma[14,3]'             1
652   'gamma[15,1]'             1
653   'gamma[15,2]'             1
654   'gamma[15,3]'             1
655   'PrS[1,1]'           561805
656   'PrS[1,2]'           299011
657   'PrS[1,3]'            90518.5
658   'PrS[2,1]'           523565
659   'PrS[2,2]'           276712
660   'PrS[2,3]'            82471.6
661   'PrS[3,1]'           499406
662   'PrS[3,2]'           262694
663   'PrS[3,3]'            77473.5
664   'PrS[4,1]'           481893
665   'PrS[4,2]'           252568
666   'PrS[4,3]'            73894.1
667   'PrS[5,1]'           462808
668   'PrS[5,2]'           241568
669   'PrS[5,3]'            70036.5
670   'PrS[6,1]'           438797
671   'PrS[6,2]'           227786
672   'PrS[6,3]'            65250.1
673   'PrS[7,1]'           409000
674   'PrS[7,2]'           210776
675   'PrS[7,3]'            59419
676   'PrS[8,1]'           377905
677   'PrS[8,2]'           193143
678   'PrS[8,3]'            53469.8
679   'PrS[9,1]'           329463
680   'PrS[9,2]'           165941
681   'PrS[9,3]'            44502.6
682   'PrS[10,1]'          347755
683   'PrS[10,2]'          176172
684   'PrS[10,3]'           47843.6
685   'PrS[11,1]'          348650
686   'PrS[11,2]'          176674
687   'PrS[11,3]'           48008.6
688   'PrS[12,1]'          340252
689   'PrS[12,2]'          171970
690   'PrS[12,3]'           46466.5
691   'PrS[13,1]'          323436
692   'PrS[13,2]'          162582
693   'PrS[13,3]'           43414.3
694   'PrS[14,1]'          305988
695   'PrS[14,2]'          152890
696   'PrS[14,3]'           40300.2
697   'PrS[15,1]'          384200
698   'PrS[15,2]'          196703
699   'PrS[15,3]'           54662.6
700   'PrSF[1]'            371002
701   'PrSF[2]'            189246
702   'PrSF[3]'             52169.1
703   Vap                     136.926
;

