solve_message = 'LOQO 7.00: iteration limit (500 iterations, 4914 evaluations)\
primal objective 253.1800017501656\
  dual objective -1496496.5350400398'

:           _varname              _var          :=
1      'F[2]'                    0
2      'F[3]'                    0
3      'F[4]'                    0
4      'F[5]'                    0
5      'F[6]'                    0
6      'F[7]'                    0
7      'F[8]'                    0
8      'F[9]'                    0
9      'F[10]'                   0
10     'F[11]'                   0
11     'F[12]'                   0
12     'F[13]'                   0
13     'F[14]'                   0
14     'F[15]'                 200
15     'F[16]'                   0
16     'F[17]'                   0
17     'F[18]'                   0
18     'F[19]'                   0
19     'F[20]'                   0
20     'F[21]'                   0
21     'F[22]'                   0
22     'F[23]'                   0
23     'F[24]'                   0
24     'F[25]'                   0
25     'F[26]'                   0
26     'F[27]'                   0
27     'F[28]'                   0
28     'F[29]'                   0
29     'V[1]'                  253.18
30     'V[2]'                  269.163
31     'V[3]'                  277.888
32     'V[4]'                  281.403
33     'V[5]'                  282.587
34     'V[6]'                  282.829
35     'V[7]'                  282.618
36     'V[8]'                  282.095
37     'V[9]'                  281.394
38     'V[10]'                 280.871
39     'V[11]'                 279.922
40     'V[12]'                 278.541
41     'V[13]'                 277.102
42     'V[14]'                 258.011
43     'V[15]'                 266.186
44     'V[16]'                 279.758
45     'V[17]'                 284.211
46     'V[18]'                 285.739
47     'V[19]'                 286.272
48     'V[20]'                 286.465
49     'V[21]'                 286.54
50     'V[22]'                 286.575
51     'V[23]'                 286.594
52     'V[24]'                 286.606
53     'V[25]'                 286.621
54     'V[26]'                 286.67
55     'V[27]'                 286.893
56     'V[28]'                 287.867
57     'V[29]'                 290.597
58     'V[30]'                   0
59     'y[1,1]'                  0.00146007
60     'y[1,2]'                  0.769196
61     'y[1,3]'                  0.262506
62     'y[2,1]'                  0.00263108
63     'y[2,2]'                  0.882304
64     'y[2,3]'                  0.132294
65     'y[3,1]'                  0.00404469
66     'y[3,2]'                  0.916785
67     'y[3,3]'                  0.0873392
68     'y[4,1]'                  0.00584346
69     'y[4,2]'                  0.924797
70     'y[4,3]'                  0.073056
71     'y[5,1]'                  0.00827194
72     'y[5,2]'                  0.925009
73     'y[5,3]'                  0.068675
74     'y[6,1]'                  0.0117413
75     'y[6,2]'                  0.922444
76     'y[6,3]'                  0.0673683
77     'y[7,1]'                  0.01693
78     'y[7,2]'                  0.91782
79     'y[7,3]'                  0.0669533
80     'y[8,1]'                  0.0249245
81     'y[8,2]'                  0.910424
82     'y[8,3]'                  0.0667064
83     'y[9,1]'                  0.0374339
84     'y[9,2]'                  0.899223
85     'y[9,3]'                  0.0663623
86     'y[10,1]'                 0.0568299
87     'y[10,2]'                 0.879617
88     'y[10,3]'                 0.0654875
89     'y[11,1]'                 0.0864954
90     'y[11,2]'                 0.851678
91     'y[11,3]'                 0.0642008
92     'y[12,1]'                 0.130524
93     'y[12,2]'                 0.813346
94     'y[12,3]'                 0.0624767
95     'y[13,1]'                 0.193941
96     'y[13,2]'                 0.76606
97     'y[13,3]'                 0.0605439
98     'y[14,1]'                 0.286853
99     'y[14,2]'                 0.724113
100    'y[14,3]'                 0.0596021
101    'y[15,1]'                 0.367477
102    'y[15,2]'                 0.603876
103    'y[15,3]'                 0.0532511
104    'y[16,1]'                 0.360833
105    'y[16,2]'                 0.631312
106    'y[16,3]'                 0.0187757
107    'y[17,1]'                 0.359275
108    'y[17,2]'                 0.644702
109    'y[17,3]'                 0.00652788
110    'y[18,1]'                 0.358217
111    'y[18,2]'                 0.649706
112    'y[18,3]'                 0.0024392
113    'y[19,1]'                 0.357315
114    'y[19,2]'                 0.651791
115    'y[19,3]'                 0.00109246
116    'y[20,1]'                 0.356562
117    'y[20,2]'                 0.652962
118    'y[20,3]'                 0.000630381
119    'y[21,1]'                 0.356014
120    'y[21,2]'                 0.65375
121    'y[21,3]'                 0.000448893
122    'y[22,1]'                 0.355826
123    'y[22,2]'                 0.654145
124    'y[22,3]'                 0.000354485
125    'y[23,1]'                 0.356341
126    'y[23,2]'                 0.653828
127    'y[23,3]'                 0.000285306
128    'y[24,1]'                 0.358259
129    'y[24,2]'                 0.652073
130    'y[24,3]'                 0.000221612
131    'y[25,1]'                 0.362975
132    'y[25,2]'                 0.647384
133    'y[25,3]'                 0.000157384
134    'y[26,1]'                 0.373179
135    'y[26,2]'                 0.636764
136    'y[26,3]'                 9.181e-05
137    'y[27,1]'                 0.393883
138    'y[27,2]'                 0.614561
139    'y[27,3]'                 2.78782e-05
140    'y[28,1]'                 0.434478
141    'y[28,2]'                 0.572251
142    'y[28,3]'                -2.56764e-05
143    'y[29,1]'                 0.520923
144    'y[29,2]'                 0.509323
145    'y[29,3]'                -5.33794e-05
146    'y[30,1]'                 0.898262
147    'y[30,2]'                 0.544747
148    'y[30,3]'                -5.18414e-05
149    'L[1]'                    0
150    'L[2]'                  359.939
151    'L[3]'                  372.167
152    'L[4]'                  379.395
153    'L[5]'                  382.313
154    'L[6]'                  383.27
155    'L[7]'                  383.449
156    'L[8]'                  383.153
157    'L[9]'                  382.21
158    'L[10]'                 382.465
159    'L[11]'                 381.743
160    'L[12]'                 380.528
161    'L[13]'                 378.564
162    'L[14]'                 374.516
163    'L[15]'                 380.07
164    'L[16]'                 175.565
165    'L[17]'                 182.081
166    'L[18]'                 185.407
167    'L[19]'                 186.7
168    'L[20]'                 187.146
169    'L[21]'                 187.284
170    'L[22]'                 187.316
171    'L[23]'                 187.31
172    'L[24]'                 187.288
173    'L[25]'                 187.248
174    'L[26]'                 187.148
175    'L[27]'                 186.822
176    'L[28]'                 185.613
177    'L[29]'                 180.769
178    'L[30]'                 149.139
179    'x[1,1]'                  0.00050248
180    'x[1,2]'                  0.495315
181    'x[1,3]'                  0.552831
182    'x[2,1]'                  0.00108041
183    'x[2,2]'                  0.68986
184    'x[2,3]'                  0.351756
185    'x[3,1]'                  0.00179648
186    'x[3,2]'                  0.781482
187    'x[3,3]'                  0.257654
188    'x[4,1]'                  0.00266507
189    'x[4,2]'                  0.811618
190    'x[4,3]'                  0.22321
191    'x[5,1]'                  0.00380412
192    'x[5,2]'                  0.819245
193    'x[5,3]'                  0.212141
194    'x[6,1]'                  0.0054162
195    'x[6,2]'                  0.819718
196    'x[6,3]'                  0.208946
197    'x[7,1]'                  0.0078267
198    'x[7,2]'                  0.817549
199    'x[7,3]'                  0.208254
200    'x[8,1]'                  0.0115594
201    'x[8,2]'                  0.813807
202    'x[8,3]'                  0.208364
203    'x[9,1]'                  0.017457
204    'x[9,2]'                  0.80869
205    'x[9,3]'                  0.208812
206    'x[10,1]'                 0.0267105
207    'x[10,2]'                 0.797913
208    'x[10,3]'                 0.208214
209    'x[11,1]'                 0.0411732
210    'x[11,2]'                 0.783464
211    'x[11,3]'                 0.207599
212    'x[12,1]'                 0.0632397
213    'x[12,2]'                 0.762935
214    'x[12,3]'                 0.206832
215    'x[13,1]'                 0.0959456
216    'x[13,2]'                 0.735299
217    'x[13,3]'                 0.206074
218    'x[14,1]'                 0.143727
219    'x[14,2]'                 0.704848
220    'x[14,3]'                 0.206328
221    'x[15,1]'                 0.195289
222    'x[15,2]'                 0.627317
223    'x[15,3]'                 0.199407
224    'x[16,1]'                 0.216727
225    'x[16,2]'                 0.750932
226    'x[16,3]'                 0.0828204
227    'x[17,1]'                 0.226346
228    'x[17,2]'                 0.808512
229    'x[17,3]'                 0.030699
230    'x[18,1]'                 0.22874
231    'x[18,2]'                 0.82704
232    'x[18,3]'                 0.0116794
233    'x[19,1]'                 0.228642
234    'x[19,2]'                 0.831619
235    'x[19,3]'                 0.00524486
236    'x[20,1]'                 0.227897
237    'x[20,2]'                 0.832049
238    'x[20,3]'                 0.00302128
239    'x[21,1]'                 0.227109
240    'x[21,2]'                 0.831277
241    'x[21,3]'                 0.00214572
242    'x[22,1]'                 0.226548
243    'x[22,2]'                 0.82999
244    'x[22,3]'                 0.00169008
245    'x[23,1]'                 0.226515
246    'x[23,2]'                 0.828126
247    'x[23,3]'                 0.00135752
248    'x[24,1]'                 0.227556
249    'x[24,2]'                 0.825189
250    'x[24,3]'                 0.00105364
251    'x[25,1]'                 0.230768
252    'x[25,2]'                 0.820114
253    'x[25,3]'                 0.000749685
254    'x[26,1]'                 0.238356
255    'x[26,2]'                 0.810812
256    'x[26,3]'                 0.000440855
257    'x[27,1]'                 0.254748
258    'x[27,2]'                 0.793487
259    'x[27,3]'                 0.00013768
260    'x[28,1]'                 0.289084
261    'x[28,2]'                 0.76247
262    'x[28,3]'                -0.000127226
263    'x[29,1]'                 0.363812
264    'x[29,2]'                 0.716116
265    'x[29,3]'                -0.000285569
266    'x[30,1]'                 0.617037
267    'x[30,2]'                 0.751944
268    'x[30,3]'                -0.00027344
269    PC                       65.7981
270    PR                      108.567
271    'T[1]'                  445.345
272    'T[2]'                  436.493
273    'T[3]'                  432.681
274    'T[4]'                  431.412
275    'T[5]'                  431.016
276    'T[6]'                  430.871
277    'T[7]'                  430.768
278    'T[8]'                  430.617
279    'T[9]'                  430.355
280    'T[10]'                 429.982
281    'T[11]'                 429.38
282    'T[12]'                 428.545
283    'T[13]'                 427.564
284    'T[14]'                 426.969
285    'T[15]'                 424.232
286    'T[16]'                 418.662
287    'T[17]'                 416.533
288    'T[18]'                 415.937
289    'T[19]'                 415.845
290    'T[20]'                 415.895
291    'T[21]'                 415.981
292    'T[22]'                 416.067
293    'T[23]'                 416.137
294    'T[24]'                 416.172
295    'T[25]'                 416.13
296    'T[26]'                 415.925
297    'T[27]'                 415.372
298    'T[28]'                 414.127
299    'T[29]'                 412.017
300    'T[30]'                 412.735
301    TF                      422.969
302    QC                     2563.49
303    QR                     2733.15
304    'H[1,1]'                  8.12903
305    'H[1,2]'                  9.24545
306    'H[1,3]'                 11.4866
307    'H[2,1]'                  7.56541
308    'H[2,2]'                  8.6044
309    'H[2,3]'                 10.6899
310    'H[3,1]'                  7.32549
311    'H[3,2]'                  8.33153
312    'H[3,3]'                 10.3507
313    'H[4,1]'                  7.24602
314    'H[4,2]'                  8.24114
315    'H[4,3]'                 10.2384
316    'H[5,1]'                  7.22128
317    'H[5,2]'                  8.213
318    'H[5,3]'                 10.2034
319    'H[6,1]'                  7.2122
320    'H[6,2]'                  8.20267
321    'H[6,3]'                 10.1906
322    'H[7,1]'                  7.20578
323    'H[7,2]'                  8.19537
324    'H[7,3]'                 10.1815
325    'H[8,1]'                  7.19631
326    'H[8,2]'                  8.1846
327    'H[8,3]'                 10.1681
328    'H[9,1]'                  7.17993
329    'H[9,2]'                  8.16597
330    'H[9,3]'                 10.1449
331    'H[10,1]'                 7.1567
332    'H[10,2]'                 8.13955
333    'H[10,3]'                10.1121
334    'H[11,1]'                 7.11914
335    'H[11,2]'                 8.09683
336    'H[11,3]'                10.059
337    'H[12,1]'                 7.0671
338    'H[12,2]'                 8.03764
339    'H[12,3]'                 9.98544
340    'H[13,1]'                 7.00611
341    'H[13,2]'                 7.96827
342    'H[13,3]'                 9.89923
343    'H[14,1]'                 6.96917
344    'H[14,2]'                 7.92626
345    'H[14,3]'                 9.84702
346    'H[15,1]'                 6.79978
347    'H[15,2]'                 7.73361
348    'H[15,3]'                 9.60757
349    'H[16,1]'                 6.45781
350    'H[16,2]'                 7.34466
351    'H[16,3]'                 9.12416
352    'H[17,1]'                 6.32806
353    'H[17,2]'                 7.19708
354    'H[17,3]'                 8.94074
355    'H[18,1]'                 6.29182
356    'H[18,2]'                 7.15587
357    'H[18,3]'                 8.88952
358    'H[19,1]'                 6.28622
359    'H[19,2]'                 7.14949
360    'H[19,3]'                 8.88159
361    'H[20,1]'                 6.28931
362    'H[20,2]'                 7.15301
363    'H[20,3]'                 8.88597
364    'H[21,1]'                 6.29448
365    'H[21,2]'                 7.1589
366    'H[21,3]'                 8.89328
367    'H[22,1]'                 6.29971
368    'H[22,2]'                 7.16483
369    'H[22,3]'                 8.90066
370    'H[23,1]'                 6.30399
371    'H[23,2]'                 7.1697
372    'H[23,3]'                 8.90671
373    'H[24,1]'                 6.30608
374    'H[24,2]'                 7.17209
375    'H[24,3]'                 8.90968
376    'H[25,1]'                 6.30355
377    'H[25,2]'                 7.1692
378    'H[25,3]'                 8.90609
379    'H[26,1]'                 6.29111
380    'H[26,2]'                 7.15506
381    'H[26,3]'                 8.88851
382    'H[27,1]'                 6.25755
383    'H[27,2]'                 7.11688
384    'H[27,3]'                 8.84107
385    'H[28,1]'                 6.18206
386    'H[28,2]'                 7.03103
387    'H[28,3]'                 8.73437
388    'H[29,1]'                 6.05465
389    'H[29,2]'                 6.88611
390    'H[29,3]'                 8.55426
391    'H[30,1]'                 6.09797
392    'H[30,2]'                 6.93538
393    'H[30,3]'                 8.61549
394    'HF[1]'                   6.72192
395    'HF[2]'                   7.64505
396    'HF[3]'                   9.4975
397    'h[1,1]'                  1.03433
398    'h[1,2]'                  0.73345
399    'h[1,3]'                  0.498124
400    'h[2,1]'                  0.224009
401    'h[2,2]'                 -0.129017
402    'h[2,3]'                 -0.512061
403    'h[3,1]'                 -0.118129
404    'h[3,2]'                 -0.494642
405    'h[3,3]'                 -0.941861
406    'h[4,1]'                 -0.231134
407    'h[4,2]'                 -0.615587
408    'h[4,3]'                 -1.08423
409    'h[5,1]'                 -0.266278
410    'h[5,2]'                 -0.653217
411    'h[5,3]'                 -1.12855
412    'h[6,1]'                 -0.279165
413    'h[6,2]'                 -0.667019
414    'h[6,3]'                 -1.1448
415    'h[7,1]'                 -0.288285
416    'h[7,2]'                 -0.676786
417    'h[7,3]'                 -1.15631
418    'h[8,1]'                 -0.30173
419    'h[8,2]'                 -0.691187
420    'h[8,3]'                 -1.17327
421    'h[9,1]'                 -0.324977
422    'h[9,2]'                 -0.71609
423    'h[9,3]'                 -1.20261
424    'h[10,1]'                -0.357937
425    'h[10,2]'                -0.751404
426    'h[10,3]'                -1.24422
427    'h[11,1]'                -0.411203
428    'h[11,2]'                -0.80849
429    'h[11,3]'                -1.3115
430    'h[12,1]'                -0.484942
431    'h[12,2]'                -0.887549
432    'h[12,3]'                -1.40471
433    'h[13,1]'                -0.571274
434    'h[13,2]'                -0.980155
435    'h[13,3]'                -1.51395
436    'h[14,1]'                -0.623519
437    'h[14,2]'                -1.03622
438    'h[14,3]'                -1.58011
439    'h[15,1]'                -0.862696
440    'h[15,2]'                -1.29313
441    'h[15,3]'                -1.88352
442    'h[16,1]'                -1.34361
443    'h[16,2]'                -1.8108
444    'h[16,3]'                -2.49615
445    'h[17,1]'                -1.52544
446    'h[17,2]'                -2.00691
447    'h[17,3]'                -2.72864
448    'h[18,1]'                -1.57615
449    'h[18,2]'                -2.06165
450    'h[18,3]'                -2.79357
451    'h[19,1]'                -1.584
452    'h[19,2]'                -2.07012
453    'h[19,3]'                -2.80362
454    'h[20,1]'                -1.57967
455    'h[20,2]'                -2.06544
456    'h[20,3]'                -2.79808
457    'h[21,1]'                -1.57243
458    'h[21,2]'                -2.05763
459    'h[21,3]'                -2.78881
460    'h[22,1]'                -1.56512
461    'h[22,2]'                -2.04975
462    'h[22,3]'                -2.77945
463    'h[23,1]'                -1.55913
464    'h[23,2]'                -2.04328
465    'h[23,3]'                -2.77178
466    'h[24,1]'                -1.5562
467    'h[24,2]'                -2.04011
468    'h[24,3]'                -2.76802
469    'h[25,1]'                -1.55975
470    'h[25,2]'                -2.04394
471    'h[25,3]'                -2.77257
472    'h[26,1]'                -1.57716
473    'h[26,2]'                -2.06273
474    'h[26,3]'                -2.79486
475    'h[27,1]'                -1.62411
476    'h[27,2]'                -2.11342
477    'h[27,3]'                -2.855
478    'h[28,1]'                -1.72962
479    'h[28,2]'                -2.22738
480    'h[28,3]'                -2.99028
481    'h[29,1]'                -1.90749
482    'h[29,2]'                -2.41964
483    'h[29,3]'                -3.21868
484    'h[30,1]'                -1.84706
485    'h[30,2]'                -2.35429
486    'h[30,3]'                -3.14102
487    'hF[1]'                  -0.972416
488    'hF[2]'                  -1.4111
489    'hF[3]'                  -2.02299
490    'tauGamma[1,1,1]'     1e-06
491    'tauGamma[1,1,2]'     1e-06
492    'tauGamma[1,1,3]'     1e-06
493    'tauGamma[1,2,1]'     1e-06
494    'tauGamma[1,2,2]'     1e-06
495    'tauGamma[1,2,3]'     1e-06
496    'tauGamma[1,3,1]'     1e-06
497    'tauGamma[1,3,2]'     1e-06
498    'tauGamma[1,3,3]'     1e-06
499    'tauGamma[2,1,1]'     1e-06
500    'tauGamma[2,1,2]'     1e-06
501    'tauGamma[2,1,3]'     1e-06
502    'tauGamma[2,2,1]'     1e-06
503    'tauGamma[2,2,2]'     1e-06
504    'tauGamma[2,2,3]'     1e-06
505    'tauGamma[2,3,1]'     1e-06
506    'tauGamma[2,3,2]'     1e-06
507    'tauGamma[2,3,3]'     1e-06
508    'tauGamma[3,1,1]'     1e-06
509    'tauGamma[3,1,2]'     1e-06
510    'tauGamma[3,1,3]'     1e-06
511    'tauGamma[3,2,1]'     1e-06
512    'tauGamma[3,2,2]'     1e-06
513    'tauGamma[3,2,3]'     1e-06
514    'tauGamma[3,3,1]'     1e-06
515    'tauGamma[3,3,2]'     1e-06
516    'tauGamma[3,3,3]'     1e-06
517    'tauGamma[4,1,1]'     1e-06
518    'tauGamma[4,1,2]'     1e-06
519    'tauGamma[4,1,3]'     1e-06
520    'tauGamma[4,2,1]'     1e-06
521    'tauGamma[4,2,2]'     1e-06
522    'tauGamma[4,2,3]'     1e-06
523    'tauGamma[4,3,1]'     1e-06
524    'tauGamma[4,3,2]'     1e-06
525    'tauGamma[4,3,3]'     1e-06
526    'tauGamma[5,1,1]'     1e-06
527    'tauGamma[5,1,2]'     1e-06
528    'tauGamma[5,1,3]'     1e-06
529    'tauGamma[5,2,1]'     1e-06
530    'tauGamma[5,2,2]'     1e-06
531    'tauGamma[5,2,3]'     1e-06
532    'tauGamma[5,3,1]'     1e-06
533    'tauGamma[5,3,2]'     1e-06
534    'tauGamma[5,3,3]'     1e-06
535    'tauGamma[6,1,1]'     1e-06
536    'tauGamma[6,1,2]'     1e-06
537    'tauGamma[6,1,3]'     1e-06
538    'tauGamma[6,2,1]'     1e-06
539    'tauGamma[6,2,2]'     1e-06
540    'tauGamma[6,2,3]'     1e-06
541    'tauGamma[6,3,1]'     1e-06
542    'tauGamma[6,3,2]'     1e-06
543    'tauGamma[6,3,3]'     1e-06
544    'tauGamma[7,1,1]'     1e-06
545    'tauGamma[7,1,2]'     1e-06
546    'tauGamma[7,1,3]'     1e-06
547    'tauGamma[7,2,1]'     1e-06
548    'tauGamma[7,2,2]'     1e-06
549    'tauGamma[7,2,3]'     1e-06
550    'tauGamma[7,3,1]'     1e-06
551    'tauGamma[7,3,2]'     1e-06
552    'tauGamma[7,3,3]'     1e-06
553    'tauGamma[8,1,1]'     1e-06
554    'tauGamma[8,1,2]'     1e-06
555    'tauGamma[8,1,3]'     1e-06
556    'tauGamma[8,2,1]'     1e-06
557    'tauGamma[8,2,2]'     1e-06
558    'tauGamma[8,2,3]'     1e-06
559    'tauGamma[8,3,1]'     1e-06
560    'tauGamma[8,3,2]'     1e-06
561    'tauGamma[8,3,3]'     1e-06
562    'tauGamma[9,1,1]'     1e-06
563    'tauGamma[9,1,2]'     1e-06
564    'tauGamma[9,1,3]'     1e-06
565    'tauGamma[9,2,1]'     1e-06
566    'tauGamma[9,2,2]'     1e-06
567    'tauGamma[9,2,3]'     1e-06
568    'tauGamma[9,3,1]'     1e-06
569    'tauGamma[9,3,2]'     1e-06
570    'tauGamma[9,3,3]'     1e-06
571    'tauGamma[10,1,1]'    1e-06
572    'tauGamma[10,1,2]'    1e-06
573    'tauGamma[10,1,3]'    1e-06
574    'tauGamma[10,2,1]'    1e-06
575    'tauGamma[10,2,2]'    1e-06
576    'tauGamma[10,2,3]'    1e-06
577    'tauGamma[10,3,1]'    1e-06
578    'tauGamma[10,3,2]'    1e-06
579    'tauGamma[10,3,3]'    1e-06
580    'tauGamma[11,1,1]'    1e-06
581    'tauGamma[11,1,2]'    1e-06
582    'tauGamma[11,1,3]'    1e-06
583    'tauGamma[11,2,1]'    1e-06
584    'tauGamma[11,2,2]'    1e-06
585    'tauGamma[11,2,3]'    1e-06
586    'tauGamma[11,3,1]'    1e-06
587    'tauGamma[11,3,2]'    1e-06
588    'tauGamma[11,3,3]'    1e-06
589    'tauGamma[12,1,1]'    1e-06
590    'tauGamma[12,1,2]'    1e-06
591    'tauGamma[12,1,3]'    1e-06
592    'tauGamma[12,2,1]'    1e-06
593    'tauGamma[12,2,2]'    1e-06
594    'tauGamma[12,2,3]'    1e-06
595    'tauGamma[12,3,1]'    1e-06
596    'tauGamma[12,3,2]'    1e-06
597    'tauGamma[12,3,3]'    1e-06
598    'tauGamma[13,1,1]'    1e-06
599    'tauGamma[13,1,2]'    1e-06
600    'tauGamma[13,1,3]'    1e-06
601    'tauGamma[13,2,1]'    1e-06
602    'tauGamma[13,2,2]'    1e-06
603    'tauGamma[13,2,3]'    1e-06
604    'tauGamma[13,3,1]'    1e-06
605    'tauGamma[13,3,2]'    1e-06
606    'tauGamma[13,3,3]'    1e-06
607    'tauGamma[14,1,1]'    1e-06
608    'tauGamma[14,1,2]'    1e-06
609    'tauGamma[14,1,3]'    1e-06
610    'tauGamma[14,2,1]'    1e-06
611    'tauGamma[14,2,2]'    1e-06
612    'tauGamma[14,2,3]'    1e-06
613    'tauGamma[14,3,1]'    1e-06
614    'tauGamma[14,3,2]'    1e-06
615    'tauGamma[14,3,3]'    1e-06
616    'tauGamma[15,1,1]'    1e-06
617    'tauGamma[15,1,2]'    1e-06
618    'tauGamma[15,1,3]'    1e-06
619    'tauGamma[15,2,1]'    1e-06
620    'tauGamma[15,2,2]'    1e-06
621    'tauGamma[15,2,3]'    1e-06
622    'tauGamma[15,3,1]'    1e-06
623    'tauGamma[15,3,2]'    1e-06
624    'tauGamma[15,3,3]'    1e-06
625    'tauGamma[16,1,1]'    1e-06
626    'tauGamma[16,1,2]'    1e-06
627    'tauGamma[16,1,3]'    1e-06
628    'tauGamma[16,2,1]'    1e-06
629    'tauGamma[16,2,2]'    1e-06
630    'tauGamma[16,2,3]'    1e-06
631    'tauGamma[16,3,1]'    1e-06
632    'tauGamma[16,3,2]'    1e-06
633    'tauGamma[16,3,3]'    1e-06
634    'tauGamma[17,1,1]'    1e-06
635    'tauGamma[17,1,2]'    1e-06
636    'tauGamma[17,1,3]'    1e-06
637    'tauGamma[17,2,1]'    1e-06
638    'tauGamma[17,2,2]'    1e-06
639    'tauGamma[17,2,3]'    1e-06
640    'tauGamma[17,3,1]'    1e-06
641    'tauGamma[17,3,2]'    1e-06
642    'tauGamma[17,3,3]'    1e-06
643    'tauGamma[18,1,1]'    1e-06
644    'tauGamma[18,1,2]'    1e-06
645    'tauGamma[18,1,3]'    1e-06
646    'tauGamma[18,2,1]'    1e-06
647    'tauGamma[18,2,2]'    1e-06
648    'tauGamma[18,2,3]'    1e-06
649    'tauGamma[18,3,1]'    1e-06
650    'tauGamma[18,3,2]'    1e-06
651    'tauGamma[18,3,3]'    1e-06
652    'tauGamma[19,1,1]'    1e-06
653    'tauGamma[19,1,2]'    1e-06
654    'tauGamma[19,1,3]'    1e-06
655    'tauGamma[19,2,1]'    1e-06
656    'tauGamma[19,2,2]'    1e-06
657    'tauGamma[19,2,3]'    1e-06
658    'tauGamma[19,3,1]'    1e-06
659    'tauGamma[19,3,2]'    1e-06
660    'tauGamma[19,3,3]'    1e-06
661    'tauGamma[20,1,1]'    1e-06
662    'tauGamma[20,1,2]'    1e-06
663    'tauGamma[20,1,3]'    1e-06
664    'tauGamma[20,2,1]'    1e-06
665    'tauGamma[20,2,2]'    1e-06
666    'tauGamma[20,2,3]'    1e-06
667    'tauGamma[20,3,1]'    1e-06
668    'tauGamma[20,3,2]'    1e-06
669    'tauGamma[20,3,3]'    1e-06
670    'tauGamma[21,1,1]'    1e-06
671    'tauGamma[21,1,2]'    1e-06
672    'tauGamma[21,1,3]'    1e-06
673    'tauGamma[21,2,1]'    1e-06
674    'tauGamma[21,2,2]'    1e-06
675    'tauGamma[21,2,3]'    1e-06
676    'tauGamma[21,3,1]'    1e-06
677    'tauGamma[21,3,2]'    1e-06
678    'tauGamma[21,3,3]'    1e-06
679    'tauGamma[22,1,1]'    1e-06
680    'tauGamma[22,1,2]'    1e-06
681    'tauGamma[22,1,3]'    1e-06
682    'tauGamma[22,2,1]'    1e-06
683    'tauGamma[22,2,2]'    1e-06
684    'tauGamma[22,2,3]'    1e-06
685    'tauGamma[22,3,1]'    1e-06
686    'tauGamma[22,3,2]'    1e-06
687    'tauGamma[22,3,3]'    1e-06
688    'tauGamma[23,1,1]'    1e-06
689    'tauGamma[23,1,2]'    1e-06
690    'tauGamma[23,1,3]'    1e-06
691    'tauGamma[23,2,1]'    1e-06
692    'tauGamma[23,2,2]'    1e-06
693    'tauGamma[23,2,3]'    1e-06
694    'tauGamma[23,3,1]'    1e-06
695    'tauGamma[23,3,2]'    1e-06
696    'tauGamma[23,3,3]'    1e-06
697    'tauGamma[24,1,1]'    1e-06
698    'tauGamma[24,1,2]'    1e-06
699    'tauGamma[24,1,3]'    1e-06
700    'tauGamma[24,2,1]'    1e-06
701    'tauGamma[24,2,2]'    1e-06
702    'tauGamma[24,2,3]'    1e-06
703    'tauGamma[24,3,1]'    1e-06
704    'tauGamma[24,3,2]'    1e-06
705    'tauGamma[24,3,3]'    1e-06
706    'tauGamma[25,1,1]'    1e-06
707    'tauGamma[25,1,2]'    1e-06
708    'tauGamma[25,1,3]'    1e-06
709    'tauGamma[25,2,1]'    1e-06
710    'tauGamma[25,2,2]'    1e-06
711    'tauGamma[25,2,3]'    1e-06
712    'tauGamma[25,3,1]'    1e-06
713    'tauGamma[25,3,2]'    1e-06
714    'tauGamma[25,3,3]'    1e-06
715    'tauGamma[26,1,1]'    1e-06
716    'tauGamma[26,1,2]'    1e-06
717    'tauGamma[26,1,3]'    1e-06
718    'tauGamma[26,2,1]'    1e-06
719    'tauGamma[26,2,2]'    1e-06
720    'tauGamma[26,2,3]'    1e-06
721    'tauGamma[26,3,1]'    1e-06
722    'tauGamma[26,3,2]'    1e-06
723    'tauGamma[26,3,3]'    1e-06
724    'tauGamma[27,1,1]'    1e-06
725    'tauGamma[27,1,2]'    1e-06
726    'tauGamma[27,1,3]'    1e-06
727    'tauGamma[27,2,1]'    1e-06
728    'tauGamma[27,2,2]'    1e-06
729    'tauGamma[27,2,3]'    1e-06
730    'tauGamma[27,3,1]'    1e-06
731    'tauGamma[27,3,2]'    1e-06
732    'tauGamma[27,3,3]'    1e-06
733    'tauGamma[28,1,1]'    1e-06
734    'tauGamma[28,1,2]'    1e-06
735    'tauGamma[28,1,3]'    1e-06
736    'tauGamma[28,2,1]'    1e-06
737    'tauGamma[28,2,2]'    1e-06
738    'tauGamma[28,2,3]'    1e-06
739    'tauGamma[28,3,1]'    1e-06
740    'tauGamma[28,3,2]'    1e-06
741    'tauGamma[28,3,3]'    1e-06
742    'tauGamma[29,1,1]'    1e-06
743    'tauGamma[29,1,2]'    1e-06
744    'tauGamma[29,1,3]'    1e-06
745    'tauGamma[29,2,1]'    1e-06
746    'tauGamma[29,2,2]'    1e-06
747    'tauGamma[29,2,3]'    1e-06
748    'tauGamma[29,3,1]'    1e-06
749    'tauGamma[29,3,2]'    1e-06
750    'tauGamma[29,3,3]'    1e-06
751    'tauGamma[30,1,1]'    1e-06
752    'tauGamma[30,1,2]'    1e-06
753    'tauGamma[30,1,3]'    1e-06
754    'tauGamma[30,2,1]'    1e-06
755    'tauGamma[30,2,2]'    1e-06
756    'tauGamma[30,2,3]'    1e-06
757    'tauGamma[30,3,1]'    1e-06
758    'tauGamma[30,3,2]'    1e-06
759    'tauGamma[30,3,3]'    1e-06
760    'PGamma[1,1,1]'           1
761    'PGamma[1,1,2]'           1
762    'PGamma[1,1,3]'           1
763    'PGamma[1,2,1]'           1
764    'PGamma[1,2,2]'           1
765    'PGamma[1,2,3]'           1
766    'PGamma[1,3,1]'           1
767    'PGamma[1,3,2]'           1
768    'PGamma[1,3,3]'           1
769    'PGamma[2,1,1]'           1
770    'PGamma[2,1,2]'           1
771    'PGamma[2,1,3]'           1
772    'PGamma[2,2,1]'           1
773    'PGamma[2,2,2]'           1
774    'PGamma[2,2,3]'           1
775    'PGamma[2,3,1]'           1
776    'PGamma[2,3,2]'           1
777    'PGamma[2,3,3]'           1
778    'PGamma[3,1,1]'           1
779    'PGamma[3,1,2]'           1
780    'PGamma[3,1,3]'           1
781    'PGamma[3,2,1]'           1
782    'PGamma[3,2,2]'           1
783    'PGamma[3,2,3]'           1
784    'PGamma[3,3,1]'           1
785    'PGamma[3,3,2]'           1
786    'PGamma[3,3,3]'           1
787    'PGamma[4,1,1]'           1
788    'PGamma[4,1,2]'           1
789    'PGamma[4,1,3]'           1
790    'PGamma[4,2,1]'           1
791    'PGamma[4,2,2]'           1
792    'PGamma[4,2,3]'           1
793    'PGamma[4,3,1]'           1
794    'PGamma[4,3,2]'           1
795    'PGamma[4,3,3]'           1
796    'PGamma[5,1,1]'           1
797    'PGamma[5,1,2]'           1
798    'PGamma[5,1,3]'           1
799    'PGamma[5,2,1]'           1
800    'PGamma[5,2,2]'           1
801    'PGamma[5,2,3]'           1
802    'PGamma[5,3,1]'           1
803    'PGamma[5,3,2]'           1
804    'PGamma[5,3,3]'           1
805    'PGamma[6,1,1]'           1
806    'PGamma[6,1,2]'           1
807    'PGamma[6,1,3]'           1
808    'PGamma[6,2,1]'           1
809    'PGamma[6,2,2]'           1
810    'PGamma[6,2,3]'           1
811    'PGamma[6,3,1]'           1
812    'PGamma[6,3,2]'           1
813    'PGamma[6,3,3]'           1
814    'PGamma[7,1,1]'           1
815    'PGamma[7,1,2]'           1
816    'PGamma[7,1,3]'           1
817    'PGamma[7,2,1]'           1
818    'PGamma[7,2,2]'           1
819    'PGamma[7,2,3]'           1
820    'PGamma[7,3,1]'           1
821    'PGamma[7,3,2]'           1
822    'PGamma[7,3,3]'           1
823    'PGamma[8,1,1]'           1
824    'PGamma[8,1,2]'           1
825    'PGamma[8,1,3]'           1
826    'PGamma[8,2,1]'           1
827    'PGamma[8,2,2]'           1
828    'PGamma[8,2,3]'           1
829    'PGamma[8,3,1]'           1
830    'PGamma[8,3,2]'           1
831    'PGamma[8,3,3]'           1
832    'PGamma[9,1,1]'           1
833    'PGamma[9,1,2]'           1
834    'PGamma[9,1,3]'           1
835    'PGamma[9,2,1]'           1
836    'PGamma[9,2,2]'           1
837    'PGamma[9,2,3]'           1
838    'PGamma[9,3,1]'           1
839    'PGamma[9,3,2]'           1
840    'PGamma[9,3,3]'           1
841    'PGamma[10,1,1]'          1
842    'PGamma[10,1,2]'          1
843    'PGamma[10,1,3]'          1
844    'PGamma[10,2,1]'          1
845    'PGamma[10,2,2]'          1
846    'PGamma[10,2,3]'          1
847    'PGamma[10,3,1]'          1
848    'PGamma[10,3,2]'          1
849    'PGamma[10,3,3]'          1
850    'PGamma[11,1,1]'          1
851    'PGamma[11,1,2]'          1
852    'PGamma[11,1,3]'          1
853    'PGamma[11,2,1]'          1
854    'PGamma[11,2,2]'          1
855    'PGamma[11,2,3]'          1
856    'PGamma[11,3,1]'          1
857    'PGamma[11,3,2]'          1
858    'PGamma[11,3,3]'          1
859    'PGamma[12,1,1]'          1
860    'PGamma[12,1,2]'          1
861    'PGamma[12,1,3]'          1
862    'PGamma[12,2,1]'          1
863    'PGamma[12,2,2]'          1
864    'PGamma[12,2,3]'          1
865    'PGamma[12,3,1]'          1
866    'PGamma[12,3,2]'          1
867    'PGamma[12,3,3]'          1
868    'PGamma[13,1,1]'          1
869    'PGamma[13,1,2]'          1
870    'PGamma[13,1,3]'          1
871    'PGamma[13,2,1]'          1
872    'PGamma[13,2,2]'          1
873    'PGamma[13,2,3]'          1
874    'PGamma[13,3,1]'          1
875    'PGamma[13,3,2]'          1
876    'PGamma[13,3,3]'          1
877    'PGamma[14,1,1]'          1
878    'PGamma[14,1,2]'          1
879    'PGamma[14,1,3]'          1
880    'PGamma[14,2,1]'          1
881    'PGamma[14,2,2]'          1
882    'PGamma[14,2,3]'          1
883    'PGamma[14,3,1]'          1
884    'PGamma[14,3,2]'          1
885    'PGamma[14,3,3]'          1
886    'PGamma[15,1,1]'          1
887    'PGamma[15,1,2]'          1
888    'PGamma[15,1,3]'          1
889    'PGamma[15,2,1]'          1
890    'PGamma[15,2,2]'          1
891    'PGamma[15,2,3]'          1
892    'PGamma[15,3,1]'          1
893    'PGamma[15,3,2]'          1
894    'PGamma[15,3,3]'          1
895    'PGamma[16,1,1]'          1
896    'PGamma[16,1,2]'          1
897    'PGamma[16,1,3]'          1
898    'PGamma[16,2,1]'          1
899    'PGamma[16,2,2]'          1
900    'PGamma[16,2,3]'          1
901    'PGamma[16,3,1]'          1
902    'PGamma[16,3,2]'          1
903    'PGamma[16,3,3]'          1
904    'PGamma[17,1,1]'          1
905    'PGamma[17,1,2]'          1
906    'PGamma[17,1,3]'          1
907    'PGamma[17,2,1]'          1
908    'PGamma[17,2,2]'          1
909    'PGamma[17,2,3]'          1
910    'PGamma[17,3,1]'          1
911    'PGamma[17,3,2]'          1
912    'PGamma[17,3,3]'          1
913    'PGamma[18,1,1]'          1
914    'PGamma[18,1,2]'          1
915    'PGamma[18,1,3]'          1
916    'PGamma[18,2,1]'          1
917    'PGamma[18,2,2]'          1
918    'PGamma[18,2,3]'          1
919    'PGamma[18,3,1]'          1
920    'PGamma[18,3,2]'          1
921    'PGamma[18,3,3]'          1
922    'PGamma[19,1,1]'          1
923    'PGamma[19,1,2]'          1
924    'PGamma[19,1,3]'          1
925    'PGamma[19,2,1]'          1
926    'PGamma[19,2,2]'          1
927    'PGamma[19,2,3]'          1
928    'PGamma[19,3,1]'          1
929    'PGamma[19,3,2]'          1
930    'PGamma[19,3,3]'          1
931    'PGamma[20,1,1]'          1
932    'PGamma[20,1,2]'          1
933    'PGamma[20,1,3]'          1
934    'PGamma[20,2,1]'          1
935    'PGamma[20,2,2]'          1
936    'PGamma[20,2,3]'          1
937    'PGamma[20,3,1]'          1
938    'PGamma[20,3,2]'          1
939    'PGamma[20,3,3]'          1
940    'PGamma[21,1,1]'          1
941    'PGamma[21,1,2]'          1
942    'PGamma[21,1,3]'          1
943    'PGamma[21,2,1]'          1
944    'PGamma[21,2,2]'          1
945    'PGamma[21,2,3]'          1
946    'PGamma[21,3,1]'          1
947    'PGamma[21,3,2]'          1
948    'PGamma[21,3,3]'          1
949    'PGamma[22,1,1]'          1
950    'PGamma[22,1,2]'          1
951    'PGamma[22,1,3]'          1
952    'PGamma[22,2,1]'          1
953    'PGamma[22,2,2]'          1
954    'PGamma[22,2,3]'          1
955    'PGamma[22,3,1]'          1
956    'PGamma[22,3,2]'          1
957    'PGamma[22,3,3]'          1
958    'PGamma[23,1,1]'          1
959    'PGamma[23,1,2]'          1
960    'PGamma[23,1,3]'          1
961    'PGamma[23,2,1]'          1
962    'PGamma[23,2,2]'          1
963    'PGamma[23,2,3]'          1
964    'PGamma[23,3,1]'          1
965    'PGamma[23,3,2]'          1
966    'PGamma[23,3,3]'          1
967    'PGamma[24,1,1]'          1
968    'PGamma[24,1,2]'          1
969    'PGamma[24,1,3]'          1
970    'PGamma[24,2,1]'          1
971    'PGamma[24,2,2]'          1
972    'PGamma[24,2,3]'          1
973    'PGamma[24,3,1]'          1
974    'PGamma[24,3,2]'          1
975    'PGamma[24,3,3]'          1
976    'PGamma[25,1,1]'          1
977    'PGamma[25,1,2]'          1
978    'PGamma[25,1,3]'          1
979    'PGamma[25,2,1]'          1
980    'PGamma[25,2,2]'          1
981    'PGamma[25,2,3]'          1
982    'PGamma[25,3,1]'          1
983    'PGamma[25,3,2]'          1
984    'PGamma[25,3,3]'          1
985    'PGamma[26,1,1]'          1
986    'PGamma[26,1,2]'          1
987    'PGamma[26,1,3]'          1
988    'PGamma[26,2,1]'          1
989    'PGamma[26,2,2]'          1
990    'PGamma[26,2,3]'          1
991    'PGamma[26,3,1]'          1
992    'PGamma[26,3,2]'          1
993    'PGamma[26,3,3]'          1
994    'PGamma[27,1,1]'          1
995    'PGamma[27,1,2]'          1
996    'PGamma[27,1,3]'          1
997    'PGamma[27,2,1]'          1
998    'PGamma[27,2,2]'          1
999    'PGamma[27,2,3]'          1
1000   'PGamma[27,3,1]'          1
1001   'PGamma[27,3,2]'          1
1002   'PGamma[27,3,3]'          1
1003   'PGamma[28,1,1]'          1
1004   'PGamma[28,1,2]'          1
1005   'PGamma[28,1,3]'          1
1006   'PGamma[28,2,1]'          1
1007   'PGamma[28,2,2]'          1
1008   'PGamma[28,2,3]'          1
1009   'PGamma[28,3,1]'          1
1010   'PGamma[28,3,2]'          1
1011   'PGamma[28,3,3]'          1
1012   'PGamma[29,1,1]'          1
1013   'PGamma[29,1,2]'          1
1014   'PGamma[29,1,3]'          1
1015   'PGamma[29,2,1]'          1
1016   'PGamma[29,2,2]'          1
1017   'PGamma[29,2,3]'          1
1018   'PGamma[29,3,1]'          1
1019   'PGamma[29,3,2]'          1
1020   'PGamma[29,3,3]'          1
1021   'PGamma[30,1,1]'          1
1022   'PGamma[30,1,2]'          1
1023   'PGamma[30,1,3]'          1
1024   'PGamma[30,2,1]'          1
1025   'PGamma[30,2,2]'          1
1026   'PGamma[30,2,3]'          1
1027   'PGamma[30,3,1]'          1
1028   'PGamma[30,3,2]'          1
1029   'PGamma[30,3,3]'          1
1030   'SGamma1[1,1]'            1.04865e-06
1031   'SGamma1[1,2]'            1.04865e-06
1032   'SGamma1[1,3]'            1.04865e-06
1033   'SGamma1[2,1]'            1.0427e-06
1034   'SGamma1[2,2]'            1.0427e-06
1035   'SGamma1[2,3]'            1.0427e-06
1036   'SGamma1[3,1]'            1.04093e-06
1037   'SGamma1[3,2]'            1.04093e-06
1038   'SGamma1[3,3]'            1.04093e-06
1039   'SGamma1[4,1]'            1.03749e-06
1040   'SGamma1[4,2]'            1.03749e-06
1041   'SGamma1[4,3]'            1.03749e-06
1042   'SGamma1[5,1]'            1.03519e-06
1043   'SGamma1[5,2]'            1.03519e-06
1044   'SGamma1[5,3]'            1.03519e-06
1045   'SGamma1[6,1]'            1.03408e-06
1046   'SGamma1[6,2]'            1.03408e-06
1047   'SGamma1[6,3]'            1.03408e-06
1048   'SGamma1[7,1]'            1.03363e-06
1049   'SGamma1[7,2]'            1.03363e-06
1050   'SGamma1[7,3]'            1.03363e-06
1051   'SGamma1[8,1]'            1.03373e-06
1052   'SGamma1[8,2]'            1.03373e-06
1053   'SGamma1[8,3]'            1.03373e-06
1054   'SGamma1[9,1]'            1.03496e-06
1055   'SGamma1[9,2]'            1.03496e-06
1056   'SGamma1[9,3]'            1.03496e-06
1057   'SGamma1[10,1]'           1.03284e-06
1058   'SGamma1[10,2]'           1.03284e-06
1059   'SGamma1[10,3]'           1.03284e-06
1060   'SGamma1[11,1]'           1.03224e-06
1061   'SGamma1[11,2]'           1.03224e-06
1062   'SGamma1[11,3]'           1.03224e-06
1063   'SGamma1[12,1]'           1.03301e-06
1064   'SGamma1[12,2]'           1.03301e-06
1065   'SGamma1[12,3]'           1.03301e-06
1066   'SGamma1[13,1]'           1.03732e-06
1067   'SGamma1[13,2]'           1.03732e-06
1068   'SGamma1[13,3]'           1.03732e-06
1069   'SGamma1[14,1]'           1.0549e-06
1070   'SGamma1[14,2]'           1.0549e-06
1071   'SGamma1[14,3]'           1.0549e-06
1072   'SGamma1[15,1]'           1.02201e-06
1073   'SGamma1[15,2]'           1.02201e-06
1074   'SGamma1[15,3]'           1.02201e-06
1075   'SGamma1[16,1]'           1.05048e-06
1076   'SGamma1[16,2]'           1.05048e-06
1077   'SGamma1[16,3]'           1.05048e-06
1078   'SGamma1[17,1]'           1.06556e-06
1079   'SGamma1[17,2]'           1.06556e-06
1080   'SGamma1[17,3]'           1.06556e-06
1081   'SGamma1[18,1]'           1.06746e-06
1082   'SGamma1[18,2]'           1.06746e-06
1083   'SGamma1[18,3]'           1.06746e-06
1084   'SGamma1[19,1]'           1.06551e-06
1085   'SGamma1[19,2]'           1.06551e-06
1086   'SGamma1[19,3]'           1.06551e-06
1087   'SGamma1[20,1]'           1.06297e-06
1088   'SGamma1[20,2]'           1.06297e-06
1089   'SGamma1[20,3]'           1.06297e-06
1090   'SGamma1[21,1]'           1.06053e-06
1091   'SGamma1[21,2]'           1.06053e-06
1092   'SGamma1[21,3]'           1.06053e-06
1093   'SGamma1[22,1]'           1.05823e-06
1094   'SGamma1[22,2]'           1.05823e-06
1095   'SGamma1[22,3]'           1.05823e-06
1096   'SGamma1[23,1]'           1.056e-06
1097   'SGamma1[23,2]'           1.056e-06
1098   'SGamma1[23,3]'           1.056e-06
1099   'SGamma1[24,1]'           1.0538e-06
1100   'SGamma1[24,2]'           1.0538e-06
1101   'SGamma1[24,3]'           1.0538e-06
1102   'SGamma1[25,1]'           1.05163e-06
1103   'SGamma1[25,2]'           1.05163e-06
1104   'SGamma1[25,3]'           1.05163e-06
1105   'SGamma1[26,1]'           1.04961e-06
1106   'SGamma1[26,2]'           1.04961e-06
1107   'SGamma1[26,3]'           1.04961e-06
1108   'SGamma1[27,1]'           1.04837e-06
1109   'SGamma1[27,2]'           1.04837e-06
1110   'SGamma1[27,3]'           1.04837e-06
1111   'SGamma1[28,1]'           1.05143e-06
1112   'SGamma1[28,2]'           1.05143e-06
1113   'SGamma1[28,3]'           1.05143e-06
1114   'SGamma1[29,1]'           1.07964e-06
1115   'SGamma1[29,2]'           1.07964e-06
1116   'SGamma1[29,3]'           1.07964e-06
1117   'SGamma1[30,1]'           1.36871e-06
1118   'SGamma1[30,2]'           1.36871e-06
1119   'SGamma1[30,3]'           1.36871e-06
1120   'SGamma2[1,1]'            1.04865
1121   'SGamma2[1,2]'            1.04865
1122   'SGamma2[1,3]'            1.04865
1123   'SGamma2[2,1]'            1.0427
1124   'SGamma2[2,2]'            1.0427
1125   'SGamma2[2,3]'            1.0427
1126   'SGamma2[3,1]'            1.04093
1127   'SGamma2[3,2]'            1.04093
1128   'SGamma2[3,3]'            1.04093
1129   'SGamma2[4,1]'            1.03749
1130   'SGamma2[4,2]'            1.03749
1131   'SGamma2[4,3]'            1.03749
1132   'SGamma2[5,1]'            1.03519
1133   'SGamma2[5,2]'            1.03519
1134   'SGamma2[5,3]'            1.03519
1135   'SGamma2[6,1]'            1.03408
1136   'SGamma2[6,2]'            1.03408
1137   'SGamma2[6,3]'            1.03408
1138   'SGamma2[7,1]'            1.03363
1139   'SGamma2[7,2]'            1.03363
1140   'SGamma2[7,3]'            1.03363
1141   'SGamma2[8,1]'            1.03373
1142   'SGamma2[8,2]'            1.03373
1143   'SGamma2[8,3]'            1.03373
1144   'SGamma2[9,1]'            1.03496
1145   'SGamma2[9,2]'            1.03496
1146   'SGamma2[9,3]'            1.03496
1147   'SGamma2[10,1]'           1.03284
1148   'SGamma2[10,2]'           1.03284
1149   'SGamma2[10,3]'           1.03284
1150   'SGamma2[11,1]'           1.03224
1151   'SGamma2[11,2]'           1.03224
1152   'SGamma2[11,3]'           1.03224
1153   'SGamma2[12,1]'           1.03301
1154   'SGamma2[12,2]'           1.03301
1155   'SGamma2[12,3]'           1.03301
1156   'SGamma2[13,1]'           1.03732
1157   'SGamma2[13,2]'           1.03732
1158   'SGamma2[13,3]'           1.03732
1159   'SGamma2[14,1]'           1.0549
1160   'SGamma2[14,2]'           1.0549
1161   'SGamma2[14,3]'           1.0549
1162   'SGamma2[15,1]'           1.02201
1163   'SGamma2[15,2]'           1.02201
1164   'SGamma2[15,3]'           1.02201
1165   'SGamma2[16,1]'           1.05048
1166   'SGamma2[16,2]'           1.05048
1167   'SGamma2[16,3]'           1.05048
1168   'SGamma2[17,1]'           1.06556
1169   'SGamma2[17,2]'           1.06556
1170   'SGamma2[17,3]'           1.06556
1171   'SGamma2[18,1]'           1.06746
1172   'SGamma2[18,2]'           1.06746
1173   'SGamma2[18,3]'           1.06746
1174   'SGamma2[19,1]'           1.06551
1175   'SGamma2[19,2]'           1.06551
1176   'SGamma2[19,3]'           1.06551
1177   'SGamma2[20,1]'           1.06297
1178   'SGamma2[20,2]'           1.06297
1179   'SGamma2[20,3]'           1.06297
1180   'SGamma2[21,1]'           1.06053
1181   'SGamma2[21,2]'           1.06053
1182   'SGamma2[21,3]'           1.06053
1183   'SGamma2[22,1]'           1.05823
1184   'SGamma2[22,2]'           1.05823
1185   'SGamma2[22,3]'           1.05823
1186   'SGamma2[23,1]'           1.056
1187   'SGamma2[23,2]'           1.056
1188   'SGamma2[23,3]'           1.056
1189   'SGamma2[24,1]'           1.0538
1190   'SGamma2[24,2]'           1.0538
1191   'SGamma2[24,3]'           1.0538
1192   'SGamma2[25,1]'           1.05163
1193   'SGamma2[25,2]'           1.05163
1194   'SGamma2[25,3]'           1.05163
1195   'SGamma2[26,1]'           1.04961
1196   'SGamma2[26,2]'           1.04961
1197   'SGamma2[26,3]'           1.04961
1198   'SGamma2[27,1]'           1.04837
1199   'SGamma2[27,2]'           1.04837
1200   'SGamma2[27,3]'           1.04837
1201   'SGamma2[28,1]'           1.05143
1202   'SGamma2[28,2]'           1.05143
1203   'SGamma2[28,3]'           1.05143
1204   'SGamma2[29,1]'           1.07964
1205   'SGamma2[29,2]'           1.07964
1206   'SGamma2[29,3]'           1.07964
1207   'SGamma2[30,1]'           1.36871
1208   'SGamma2[30,2]'           1.36871
1209   'SGamma2[30,3]'           1.36871
1210   'gamma[1,1]'              1
1211   'gamma[1,2]'              1
1212   'gamma[1,3]'              1
1213   'gamma[2,1]'              1
1214   'gamma[2,2]'              1
1215   'gamma[2,3]'              1
1216   'gamma[3,1]'              1
1217   'gamma[3,2]'              1
1218   'gamma[3,3]'              1
1219   'gamma[4,1]'              1
1220   'gamma[4,2]'              1
1221   'gamma[4,3]'              1
1222   'gamma[5,1]'              1
1223   'gamma[5,2]'              1
1224   'gamma[5,3]'              1
1225   'gamma[6,1]'              1
1226   'gamma[6,2]'              1
1227   'gamma[6,3]'              1
1228   'gamma[7,1]'              1
1229   'gamma[7,2]'              1
1230   'gamma[7,3]'              1
1231   'gamma[8,1]'              1
1232   'gamma[8,2]'              1
1233   'gamma[8,3]'              1
1234   'gamma[9,1]'              1
1235   'gamma[9,2]'              1
1236   'gamma[9,3]'              1
1237   'gamma[10,1]'             1
1238   'gamma[10,2]'             1
1239   'gamma[10,3]'             1
1240   'gamma[11,1]'             1
1241   'gamma[11,2]'             1
1242   'gamma[11,3]'             1
1243   'gamma[12,1]'             1
1244   'gamma[12,2]'             1
1245   'gamma[12,3]'             1
1246   'gamma[13,1]'             1
1247   'gamma[13,2]'             1
1248   'gamma[13,3]'             1
1249   'gamma[14,1]'             1
1250   'gamma[14,2]'             1
1251   'gamma[14,3]'             1
1252   'gamma[15,1]'             1
1253   'gamma[15,2]'             1
1254   'gamma[15,3]'             1
1255   'gamma[16,1]'             1
1256   'gamma[16,2]'             1
1257   'gamma[16,3]'             1
1258   'gamma[17,1]'             1
1259   'gamma[17,2]'             1
1260   'gamma[17,3]'             1
1261   'gamma[18,1]'             1
1262   'gamma[18,2]'             1
1263   'gamma[18,3]'             1
1264   'gamma[19,1]'             1
1265   'gamma[19,2]'             1
1266   'gamma[19,3]'             1
1267   'gamma[20,1]'             1
1268   'gamma[20,2]'             1
1269   'gamma[20,3]'             1
1270   'gamma[21,1]'             1
1271   'gamma[21,2]'             1
1272   'gamma[21,3]'             1
1273   'gamma[22,1]'             1
1274   'gamma[22,2]'             1
1275   'gamma[22,3]'             1
1276   'gamma[23,1]'             1
1277   'gamma[23,2]'             1
1278   'gamma[23,3]'             1
1279   'gamma[24,1]'             1
1280   'gamma[24,2]'             1
1281   'gamma[24,3]'             1
1282   'gamma[25,1]'             1
1283   'gamma[25,2]'             1
1284   'gamma[25,3]'             1
1285   'gamma[26,1]'             1
1286   'gamma[26,2]'             1
1287   'gamma[26,3]'             1
1288   'gamma[27,1]'             1
1289   'gamma[27,2]'             1
1290   'gamma[27,3]'             1
1291   'gamma[28,1]'             1
1292   'gamma[28,2]'             1
1293   'gamma[28,3]'             1
1294   'gamma[29,1]'             1
1295   'gamma[29,2]'             1
1296   'gamma[29,3]'             1
1297   'gamma[30,1]'             1
1298   'gamma[30,2]'             1
1299   'gamma[30,3]'             1
1300   'PrS[1,1]'           588515
1301   'PrS[1,2]'           314663
1302   'PrS[1,3]'            96233.1
1303   'PrS[2,1]'           493312
1304   'PrS[2,2]'           259167
1305   'PrS[2,3]'            76223.8
1306   'PrS[3,1]'           456132
1307   'PrS[3,2]'           237730
1308   'PrS[3,3]'            68698.1
1309   'PrS[4,1]'           444242
1310   'PrS[4,2]'           230906
1311   'PrS[4,3]'            66328.8
1312   'PrS[5,1]'           440583
1313   'PrS[5,2]'           228810
1314   'PrS[5,3]'            65603.6
1315   'PrS[6,1]'           439247
1316   'PrS[6,2]'           228044
1317   'PrS[6,3]'            65339.1
1318   'PrS[7,1]'           438302
1319   'PrS[7,2]'           227503
1320   'PrS[7,3]'            65152.3
1321   'PrS[8,1]'           436912
1322   'PrS[8,2]'           226707
1323   'PrS[8,3]'            64877.6
1324   'PrS[9,1]'           434515
1325   'PrS[9,2]'           225335
1326   'PrS[9,3]'            64404.6
1327   'PrS[10,1]'          431130
1328   'PrS[10,2]'          223399
1329   'PrS[10,3]'           63738
1330   'PrS[11,1]'          425694
1331   'PrS[11,2]'          220293
1332   'PrS[11,3]'           62670.8
1333   'PrS[12,1]'          418240
1334   'PrS[12,2]'          216039
1335   'PrS[12,3]'           61213.9
1336   'PrS[13,1]'          409616
1337   'PrS[13,2]'          211127
1338   'PrS[13,3]'           59538.2
1339   'PrS[14,1]'          404451
1340   'PrS[14,2]'          208189
1341   'PrS[14,3]'           58539.8
1342   'PrS[15,1]'          381327
1343   'PrS[15,2]'          195077
1344   'PrS[15,3]'           54117.4
1345   'PrS[16,1]'          337387
1346   'PrS[16,2]'          170367
1347   'PrS[16,3]'           45943
1348   'PrS[17,1]'          321652
1349   'PrS[17,2]'          161589
1350   'PrS[17,3]'           43093.6
1351   'PrS[18,1]'          317349
1352   'PrS[18,2]'          159195
1353   'PrS[18,3]'           42321.8
1354   'PrS[19,1]'          316686
1355   'PrS[19,2]'          158827
1356   'PrS[19,3]'           42203.2
1357   'PrS[20,1]'          317052
1358   'PrS[20,2]'          159030
1359   'PrS[20,3]'           42268.6
1360   'PrS[21,1]'          317663
1361   'PrS[21,2]'          159370
1362   'PrS[21,3]'           42378.1
1363   'PrS[22,1]'          318282
1364   'PrS[22,2]'          159714
1365   'PrS[22,3]'           42488.8
1366   'PrS[23,1]'          318789
1367   'PrS[23,2]'          159996
1368   'PrS[23,3]'           42579.7
1369   'PrS[24,1]'          319038
1370   'PrS[24,2]'          160134
1371   'PrS[24,3]'           42624.3
1372   'PrS[25,1]'          318737
1373   'PrS[25,2]'          159967
1374   'PrS[25,3]'           42570.3
1375   'PrS[26,1]'          317264
1376   'PrS[26,2]'          159148
1377   'PrS[26,3]'           42306.6
1378   'PrS[27,1]'          313314
1379   'PrS[27,2]'          156953
1380   'PrS[27,3]'           41601.1
1381   'PrS[28,1]'          304551
1382   'PrS[28,2]'          152094
1383   'PrS[28,3]'           40046.2
1384   'PrS[29,1]'          290137
1385   'PrS[29,2]'          144132
1386   'PrS[29,3]'           37519.7
1387   'PrS[30,1]'          294984
1388   'PrS[30,2]'          146805
1389   'PrS[30,3]'           38364.9
1390   'PrSF[1]'            371002
1391   'PrSF[2]'            189246
1392   'PrSF[3]'             52169.1
1393   Vap                     253.18
;

