solve_message = 'CONOPT 3.17A: Locally optimal; objective 2566.1677518123547\
95 iterations; evals: nf = 25, ng = 0, nc = 3206, nJ = 247, nH = 2, nHv = 86'

:      _varname          _var         :=
1     'F[2]'           0
2     'F[3]'           0
3     'F[4]'           0
4     'F[5]'           0
5     'F[6]'           0
6     'F[7]'           0
7     'F[8]'         100
8     'F[9]'           0
9     'F[10]'          0
10    'F[11]'          0
11    'F[12]'          0
12    'F[13]'          0
13    'F[14]'          0
14    'Vs[1]'        863.796
15    'Vs[2]'       1702.37
16    'y[1,1,1]'       0.00179298
17    'y[1,1,2]'       0.752211
18    'y[1,1,3]'       0.245996
19    'y[1,2,1]'       0.00515399
20    'y[1,2,2]'       0.862711
21    'y[1,2,3]'       0.132135
22    'y[1,3,1]'       0.013571
23    'y[1,3,2]'       0.913383
24    'y[1,3,3]'       0.0730464
25    'y[1,4,1]'       0.033956
26    'y[1,4,2]'       0.920983
27    'y[1,4,3]'       0.0450606
28    'y[1,5,1]'       0.0810388
29    'y[1,5,2]'       0.887082
30    'y[1,5,3]'       0.0318795
31    'y[1,6,1]'       0.179637
32    'y[1,6,2]'       0.795627
33    'y[1,6,3]'       0.0247364
34    'y[1,7,1]'       0.34986
35    'y[1,7,2]'       0.630732
36    'y[1,7,3]'       0.0194086
37    'y[1,8,1]'       0.564851
38    'y[1,8,2]'       0.4205
39    'y[1,8,3]'       0.0146494
40    'y[1,9,1]'       0.763489
41    'y[1,9,2]'       0.232974
42    'y[1,9,3]'       0.00353621
43    'y[1,10,1]'      0.889848
44    'y[1,10,2]'      0.109428
45    'y[1,10,3]'      0.000723715
46    'y[1,11,1]'      0.952964
47    'y[1,11,2]'      0.0469009
48    'y[1,11,3]'      0.000135181
49    'y[1,12,1]'      0.98072
50    'y[1,12,2]'      0.0192554
51    'y[1,12,3]'      2.4199e-05
52    'y[1,13,1]'      0.992242
53    'y[1,13,2]'      0.00775359
54    'y[1,13,3]'      4.25357e-06
55    'y[1,14,1]'      0.99691
56    'y[1,14,2]'      0.00308897
57    'y[1,14,3]'      7.41506e-07
58    'y[1,15,1]'      0.998783
59    'y[1,15,2]'      0.0012168
60    'y[1,15,3]'      1.28238e-07
61    'y[2,1,1]'       2.71782e-08
62    'y[2,1,2]'       0.00757136
63    'y[2,1,3]'       0.992429
64    'y[2,2,1]'       1.58269e-07
65    'y[2,2,2]'       0.0170447
66    'y[2,2,3]'       0.982955
67    'y[2,3,1]'       9.08546e-07
68    'y[2,3,2]'       0.0377571
69    'y[2,3,3]'       0.962242
70    'y[2,4,1]'       5.08217e-06
71    'y[2,4,2]'       0.0813815
72    'y[2,4,3]'       0.918613
73    'y[2,5,1]'       2.69954e-05
74    'y[2,5,2]'       0.166442
75    'y[2,5,3]'       0.833531
76    'y[2,6,1]'       2.80671e-05
77    'y[2,6,2]'       0.28258
78    'y[2,6,3]'       0.717392
79    'y[2,7,1]'       2.97213e-05
80    'y[2,7,2]'       0.45333
81    'y[2,7,3]'       0.546641
82    'y[2,8,1]'       3.18693e-05
83    'y[2,8,2]'       0.643529
84    'y[2,8,3]'       0.356439
85    'y[2,9,1]'       3.46573e-05
86    'y[2,9,2]'       0.799733
87    'y[2,9,3]'       0.200233
88    'y[2,10,1]'      3.95101e-05
89    'y[2,10,2]'      0.898972
90    'y[2,10,3]'      0.100989
91    'y[2,11,1]'      5.08186e-05
92    'y[2,11,2]'      0.952128
93    'y[2,11,3]'      0.0478212
94    'y[2,12,1]'      8.01628e-05
95    'y[2,12,2]'      0.978002
96    'y[2,12,3]'      0.0219177
97    'y[2,13,1]'      0.000158036
98    'y[2,13,2]'      0.989961
99    'y[2,13,3]'      0.00988143
100   'y[2,14,1]'      0.000365308
101   'y[2,14,2]'      0.995223
102   'y[2,14,3]'      0.00441195
103   'y[2,15,1]'      0.000916769
104   'y[2,15,2]'      0.997132
105   'y[2,15,3]'      0.00195164
106   'Ls[1]'        933.797
107   'Ls[2]'       1732.39
108   'x[1,1,1]'       0.00052359
109   'x[1,1,2]'       0.570906
110   'x[1,1,3]'       0.42857
111   'x[1,2,1]'       0.00169782
112   'x[1,2,2]'       0.73862
113   'x[1,2,3]'       0.259683
114   'x[1,3,1]'       0.00480688
115   'x[1,3,2]'       0.840836
116   'x[1,3,3]'       0.154357
117   'x[1,4,1]'       0.012593
118   'x[1,4,2]'       0.88771
119   'x[1,4,3]'       0.0996975
120   'x[1,5,1]'       0.0314498
121   'x[1,5,2]'       0.894741
122   'x[1,5,3]'       0.0738096
123   'x[1,6,1]'       0.0750031
124   'x[1,6,2]'       0.86338
125   'x[1,6,3]'       0.0616166
126   'x[1,7,1]'       0.16621
127   'x[1,7,2]'       0.778781
128   'x[1,7,3]'       0.055009
129   'x[1,8,1]'       0.323672
130   'x[1,8,2]'       0.626247
131   'x[1,8,3]'       0.0500806
132   'x[1,9,1]'       0.549238
133   'x[1,9,2]'       0.435586
134   'x[1,9,3]'       0.0151765
135   'x[1,10,1]'      0.755024
136   'x[1,10,2]'      0.241313
137   'x[1,10,3]'      0.00366344
138   'x[1,11,1]'      0.885929
139   'x[1,11,2]'      0.113321
140   'x[1,11,3]'      0.00074975
141   'x[1,12,1]'      0.951315
142   'x[1,12,2]'      0.0485446
143   'x[1,12,3]'      0.000140041
144   'x[1,13,1]'      0.98007
145   'x[1,13,2]'      0.0199045
146   'x[1,13,3]'      2.50651e-05
147   'x[1,14,1]'      0.992007
148   'x[1,14,2]'      0.00798879
149   'x[1,14,3]'      4.402e-06
150   'x[1,15,1]'      0.996843
151   'x[1,15,2]'      0.00315633
152   'x[1,15,3]'      7.63571e-07
153   'x[2,1,1]'       4.57514e-09
154   'x[2,1,2]'       0.00331257
155   'x[2,1,3]'       0.996687
156   'x[2,2,1]'       2.67865e-08
157   'x[2,2,2]'       0.00749756
158   'x[2,2,3]'       0.992502
159   'x[2,3,1]'       1.55605e-07
160   'x[2,3,2]'       0.0168068
161   'x[2,3,3]'       0.983193
162   'x[2,4,1]'       8.9288e-07
163   'x[2,4,2]'       0.0371602
164   'x[2,4,3]'       0.962839
165   'x[2,5,1]'       4.99418e-06
166   'x[2,5,2]'       0.0800286
167   'x[2,5,3]'       0.919966
168   'x[2,6,1]'       5.59736e-06
169   'x[2,6,2]'       0.146465
170   'x[2,6,3]'       0.853529
171   'x[2,7,1]'       6.69482e-06
172   'x[2,7,2]'       0.265395
173   'x[2,7,3]'       0.734598
174   'x[2,8,1]'       8.38876e-06
175   'x[2,8,2]'       0.440252
176   'x[2,8,3]'       0.55974
177   'x[2,9,1]'       1.05885e-05
178   'x[2,9,2]'       0.635026
179   'x[2,9,3]'       0.364964
180   'x[2,10,1]'      1.34435e-05
181   'x[2,10,2]'      0.794986
182   'x[2,10,3]'      0.205001
183   'x[2,11,1]'      1.84129e-05
184   'x[2,11,2]'      0.896611
185   'x[2,11,3]'      0.103371
186   'x[2,12,1]'      2.99935e-05
187   'x[2,12,2]'      0.951046
188   'x[2,12,3]'      0.0489243
189   'x[2,13,1]'      6.00434e-05
190   'x[2,13,2]'      0.977542
191   'x[2,13,3]'      0.0223978
192   'x[2,14,1]'      0.000139789
193   'x[2,14,2]'      0.989788
194   'x[2,14,3]'      0.0100721
195   'x[2,15,1]'      0.000352046
196   'x[2,15,2]'      0.995177
197   'x[2,15,3]'      0.00447112
198   'CC[2]'          0
199   'CC[3]'          0
200   'CC[4]'          0
201   'CC[5]'          0
202   'CC[6]'          0
203   'CC[7]'          0
204   'CC[8]'          0
205   'CC[9]'          0
206   'CC[10]'         0
207   'CC[11]'         0
208   'CC[12]'         0
209   'CC[13]'         0
210   'CC[14]'         0
211   'CR[2]'          0
212   'CR[3]'          0
213   'CR[4]'          0
214   'CR[5]'         70.0001
215   'CR[6]'          0
216   'CR[7]'          0
217   'CR[8]'          0
218   'CR[9]'          0
219   'CR[10]'         0
220   'CR[11]'         0
221   'CR[12]'         0
222   'CR[13]'         0
223   'CR[14]'         0
224   'PC[1]'         29.9999
225   'PC[2]'         39.9787
226   'PR[1]'          0
227   'PR[2]'         30.0214
228   'PS[2]'          0
229   'PS[3]'          0
230   'PS[4]'          0
231   'PS[5]'          0
232   'PS[6]'          0
233   'PS[7]'          0
234   'PS[8]'          0
235   'PS[9]'          0
236   'PS[10]'         0
237   'PS[11]'         0
238   'PS[12]'         0
239   'PS[13]'         0
240   'PS[14]'         0
241   Vap           2566.17
242   Sep             99.5
;

