solve_message = 'CONOPT 3.17A: Locally optimal; objective 152.71796546179866\
93 iterations; evals: nf = 78, ng = 0, nc = 2699, nJ = 202, nH = 2, nHv = 68'

:      _varname         _var         :=
1     'F[2]'          0
2     'F[3]'          0
3     'F[4]'          0
4     'F[5]'          0
5     'F[6]'          0
6     'F[7]'          0
7     'F[8]'        100
8     'F[9]'          0
9     'F[10]'         0
10    'F[11]'         0
11    'F[12]'         0
12    'F[13]'         0
13    'F[14]'         0
14    'Vs[1]'        80.8746
15    'Vs[2]'        71.8434
16    'y[1,1,1]'      0.0669446
17    'y[1,1,2]'      0.697239
18    'y[1,1,3]'      0.235817
19    'y[1,2,1]'      0.132511
20    'y[1,2,2]'      0.708181
21    'y[1,2,3]'      0.159307
22    'y[1,3,1]'      0.215951
23    'y[1,3,2]'      0.656233
24    'y[1,3,3]'      0.127816
25    'y[1,4,1]'      0.310012
26    'y[1,4,2]'      0.579045
27    'y[1,4,3]'      0.110944
28    'y[1,5,1]'      0.402011
29    'y[1,5,2]'      0.498891
30    'y[1,5,3]'      0.0990979
31    'y[1,6,1]'      0.480035
32    'y[1,6,2]'      0.429846
33    'y[1,6,3]'      0.0901191
34    'y[1,7,1]'      0.538513
35    'y[1,7,2]'      0.377867
36    'y[1,7,3]'      0.0836196
37    'y[1,8,1]'      0.578389
38    'y[1,8,2]'      0.342376
39    'y[1,8,3]'      0.0792352
40    'y[1,9,1]'      0.619011
41    'y[1,9,2]'      0.344474
42    'y[1,9,3]'      0.0365148
43    'y[1,10,1]'     0.66779
44    'y[1,10,2]'     0.316836
45    'y[1,10,3]'     0.0153739
46    'y[1,11,1]'     0.727148
47    'y[1,11,2]'     0.266901
48    'y[1,11,3]'     0.00595077
49    'y[1,12,1]'     0.793624
50    'y[1,12,2]'     0.204265
51    'y[1,12,3]'     0.00211059
52    'y[1,13,1]'     0.858671
53    'y[1,13,2]'     0.140645
54    'y[1,13,3]'     0.000683593
55    'y[1,14,1]'     0.913662
56    'y[1,14,2]'     0.0861362
57    'y[1,14,3]'     0.000201322
58    'y[1,15,1]'     0.954516
59    'y[1,15,2]'     0.0454321
60    'y[1,15,3]'     5.19872e-05
61    'y[2,1,1]'      0.00020834
62    'y[2,1,2]'      0.246495
63    'y[2,1,3]'      0.753297
64    'y[2,2,1]'      0.000766276
65    'y[2,2,2]'      0.385052
66    'y[2,2,3]'      0.614182
67    'y[2,3,1]'      0.0024298
68    'y[2,3,2]'      0.514355
69    'y[2,3,3]'      0.483215
70    'y[2,4,1]'      0.00696805
71    'y[2,4,2]'      0.612983
72    'y[2,4,3]'      0.380049
73    'y[2,5,1]'      0.0185717
74    'y[2,5,2]'      0.67284
75    'y[2,5,3]'      0.308588
76    'y[2,6,1]'      0.0186408
77    'y[2,6,2]'      0.685674
78    'y[2,6,3]'      0.295685
79    'y[2,7,1]'      0.0187352
80    'y[2,7,2]'      0.703194
81    'y[2,7,3]'      0.278071
82    'y[2,8,1]'      0.0188592
83    'y[2,8,2]'      0.726187
84    'y[2,8,3]'      0.254954
85    'y[2,9,1]'      0.0190148
86    'y[2,9,2]'      0.754855
87    'y[2,9,3]'      0.22613
88    'y[2,10,1]'     0.0192018
89    'y[2,10,2]'     0.788392
90    'y[2,10,3]'     0.192406
91    'y[2,11,1]'     0.0194303
92    'y[2,11,2]'     0.824809
93    'y[2,11,3]'     0.155761
94    'y[2,12,1]'     0.0197835
95    'y[2,12,2]'     0.861217
96    'y[2,12,3]'     0.119
97    'y[2,13,1]'     0.0206946
98    'y[2,13,2]'     0.894358
99    'y[2,13,3]'     0.084947
100   'y[2,14,1]'     0.0241261
101   'y[2,14,2]'     0.920269
102   'y[2,14,3]'     0.0556052
103   'y[2,15,1]'     0.0384011
104   'y[2,15,2]'     0.929838
105   'y[2,15,3]'     0.0317604
106   'Ls[1]'       150.941
107   'Ls[2]'        97.4653
108   'x[1,1,1]'      0.0203731
109   'x[1,1,2]'      0.551481
110   'x[1,1,3]'      0.428146
111   'x[1,2,1]'      0.0453263
112   'x[1,2,2]'      0.629579
113   'x[1,2,3]'      0.325095
114   'x[1,3,1]'      0.0804571
115   'x[1,3,2]'      0.635442
116   'x[1,3,3]'      0.284101
117   'x[1,4,1]'      0.125164
118   'x[1,4,2]'      0.607607
119   'x[1,4,3]'      0.267228
120   'x[1,5,1]'      0.175563
121   'x[1,5,2]'      0.56625
122   'x[1,5,3]'      0.258188
123   'x[1,6,1]'      0.224856
124   'x[1,6,2]'      0.523303
125   'x[1,6,3]'      0.251841
126   'x[1,7,1]'      0.266662
127   'x[1,7,2]'      0.486308
128   'x[1,7,3]'      0.24703
129   'x[1,8,1]'      0.297995
130   'x[1,8,2]'      0.458458
131   'x[1,8,3]'      0.243547
132   'x[1,9,1]'      0.357366
133   'x[1,9,2]'      0.516868
134   'x[1,9,3]'      0.125765
135   'x[1,10,1]'     0.421859
136   'x[1,10,2]'     0.520199
137   'x[1,10,3]'     0.0579414
138   'x[1,11,1]'     0.499302
139   'x[1,11,2]'     0.47632
140   'x[1,11,3]'     0.0243775
141   'x[1,12,1]'     0.59354
142   'x[1,12,2]'     0.397043
143   'x[1,12,3]'     0.00941705
144   'x[1,13,1]'     0.69908
145   'x[1,13,2]'     0.2976
146   'x[1,13,3]'     0.00332028
147   'x[1,14,1]'     0.80235
148   'x[1,14,2]'     0.196595
149   'x[1,14,3]'     0.00105474
150   'x[1,15,1]'     0.889656
151   'x[1,15,2]'     0.110055
152   'x[1,15,3]'     0.000289076
153   'x[2,1,1]'      4.05729e-05
154   'x[2,1,2]'      0.124761
155   'x[2,1,3]'      0.875198
156   'x[2,2,1]'      0.000164237
157   'x[2,2,2]'      0.214493
158   'x[2,2,3]'      0.785343
159   'x[2,3,1]'      0.000575501
160   'x[2,3,2]'      0.316626
161   'x[2,3,3]'      0.682798
162   'x[2,4,1]'      0.00180172
163   'x[2,4,2]'      0.411938
164   'x[2,4,3]'      0.586261
165   'x[2,5,1]'      0.00514694
166   'x[2,5,2]'      0.484638
167   'x[2,5,3]'      0.510215
168   'x[2,6,1]'      0.00522921
169   'x[2,6,2]'      0.499917
170   'x[2,6,3]'      0.494854
171   'x[2,7,1]'      0.00534483
172   'x[2,7,2]'      0.521386
173   'x[2,7,3]'      0.473269
174   'x[2,8,1]'      0.00550271
175   'x[2,8,2]'      0.550694
176   'x[2,8,3]'      0.443804
177   'x[2,9,1]'      0.00571021
178   'x[2,9,2]'      0.589158
179   'x[2,9,3]'      0.405131
180   'x[2,10,1]'     0.00597048
181   'x[2,10,2]'     0.637115
182   'x[2,10,3]'     0.356914
183   'x[2,11,1]'     0.00628329
184   'x[2,11,2]'     0.693218
185   'x[2,11,3]'     0.300499
186   'x[2,12,1]'     0.00666551
187   'x[2,12,2]'     0.754139
188   'x[2,12,3]'     0.239196
189   'x[2,13,1]'     0.00725637
190   'x[2,13,2]'     0.815044
191   'x[2,13,3]'     0.1777
192   'x[2,14,1]'     0.00878062
193   'x[2,14,2]'     0.870485
194   'x[2,14,3]'     0.120734
195   'x[2,15,1]'     0.0145209
196   'x[2,15,2]'     0.91383
197   'x[2,15,3]'     0.0716494
198   'CC[2]'         0
199   'CC[3]'         0
200   'CC[4]'         0
201   'CC[5]'         0
202   'CC[6]'         0
203   'CC[7]'         0
204   'CC[8]'         0
205   'CC[9]'         0
206   'CC[10]'        0
207   'CC[11]'        0
208   'CC[12]'        0
209   'CC[13]'        0
210   'CC[14]'        0
211   'CR[2]'         0
212   'CR[3]'         0
213   'CR[4]'         0
214   'CR[5]'        54.5189
215   'CR[6]'         0
216   'CR[7]'         0
217   'CR[8]'         0
218   'CR[9]'         0
219   'CR[10]'        0
220   'CR[11]'        0
221   'CR[12]'        0
222   'CR[13]'        0
223   'CR[14]'        0
224   'PC[1]'        29.9341
225   'PC[2]'        28.897
226   'PR[1]'        15.547
227   'PR[2]'        25.6219
228   'PS[2]'         0
229   'PS[3]'         0
230   'PS[4]'         0
231   'PS[5]'         0
232   'PS[6]'         0
233   'PS[7]'         0
234   'PS[8]'         0
235   'PS[9]'         0
236   'PS[10]'        0
237   'PS[11]'        0
238   'PS[12]'        0
239   'PS[13]'        0
240   'PS[14]'        0
241   Vap           152.718
242   Sep            80
;

