solve_message = 'Knitro 10.3.0: Locally optimal or satisfactory solution.\
objective 147.1390697248243; feasibility error 3.77e-07\
45 iterations; 54 function evaluations'

:            _varname               _var          :=
1      'F[2]'                      0
2      'F[3]'                      0
3      'F[4]'                      0
4      'F[5]'                      0
5      'F[6]'                      0
6      'F[7]'                      0
7      'F[8]'                    100
8      'F[9]'                      0
9      'F[10]'                     0
10     'F[11]'                     0
11     'F[12]'                     0
12     'F[13]'                     0
13     'F[14]'                     0
14     'V[1,1]'                   71.6459
15     'V[1,2]'                   71.909
16     'V[1,3]'                   71.8695
17     'V[1,4]'                   71.8228
18     'V[1,5]'                   71.8666
19     'V[1,6]'                   71.9798
20     'V[1,7]'                   72.1085
21     'V[1,8]'                   72.2655
22     'V[1,9]'                   73.0641
23     'V[1,10]'                  73.6308
24     'V[1,11]'                  74.1557
25     'V[1,12]'                  74.7899
26     'V[1,13]'                  75.5475
27     'V[1,14]'                  76.2983
28     'V[1,15]'                   0
29     'V[2,1]'                   75.4932
30     'V[2,2]'                   76.0483
31     'V[2,3]'                   76.5701
32     'V[2,4]'                   76.9229
33     'V[2,5]'                   77.0631
34     'V[2,6]'                   77.1083
35     'V[2,7]'                   77.1756
36     'V[2,8]'                   77.2744
37     'V[2,9]'                   77.4163
38     'V[2,10]'                  77.6133
39     'V[2,11]'                  77.8733
40     'V[2,12]'                  78.1932
41     'V[2,13]'                  78.5523
42     'V[2,14]'                  78.9096
43     'V[2,15]'                   0
44     'y[1,1,1]'                  0.0795705
45     'y[1,1,2]'                  0.689399
46     'y[1,1,3]'                  0.23103
47     'y[1,2,1]'                  0.153559
48     'y[1,2,2]'                  0.690534
49     'y[1,2,3]'                  0.155907
50     'y[1,3,1]'                  0.243354
51     'y[1,3,2]'                  0.631916
52     'y[1,3,3]'                  0.12473
53     'y[1,4,1]'                  0.339727
54     'y[1,4,2]'                  0.552872
55     'y[1,4,3]'                  0.1074
56     'y[1,5,1]'                  0.429712
57     'y[1,5,2]'                  0.47526
58     'y[1,5,3]'                  0.0950283
59     'y[1,6,1]'                  0.503133
60     'y[1,6,2]'                  0.411132
61     'y[1,6,3]'                  0.0857348
62     'y[1,7,1]'                  0.556622
63     'y[1,7,2]'                  0.364268
64     'y[1,7,3]'                  0.0791094
65     'y[1,8,1]'                  0.592429
66     'y[1,8,2]'                  0.332878
67     'y[1,8,3]'                  0.0746929
68     'y[1,9,1]'                  0.619328
69     'y[1,9,2]'                  0.347487
70     'y[1,9,3]'                  0.0331847
71     'y[1,10,1]'                 0.656171
72     'y[1,10,2]'                 0.330562
73     'y[1,10,3]'                 0.0132676
74     'y[1,11,1]'                 0.708581
75     'y[1,11,2]'                 0.28662
76     'y[1,11,3]'                 0.00479907
77     'y[1,12,1]'                 0.776207
78     'y[1,12,2]'                 0.222247
79     'y[1,12,3]'                 0.001546
80     'y[1,13,1]'                 0.849102
81     'y[1,13,2]'                 0.150462
82     'y[1,13,3]'                 0.000435437
83     'y[1,14,1]'                 0.912553
84     'y[1,14,2]'                 0.0873409
85     'y[1,14,3]'                 0.000106413
86     'y[1,15,1]'                 0.957795
87     'y[1,15,2]'                 0.042183
88     'y[1,15,3]'                 2.20255e-05
89     'y[2,1,1]'                  0.000546664
90     'y[2,1,2]'                  0.366982
91     'y[2,1,3]'                  0.632471
92     'y[2,2,1]'                  0.0016775
93     'y[2,2,2]'                  0.507965
94     'y[2,2,3]'                  0.490357
95     'y[2,3,1]'                  0.00448388
96     'y[2,3,2]'                  0.610659
97     'y[2,3,3]'                  0.384857
98     'y[2,4,1]'                  0.0111406
99     'y[2,4,2]'                  0.673078
100    'y[2,4,3]'                  0.315781
101    'y[2,5,1]'                  0.0264244
102    'y[2,5,2]'                  0.700773
103    'y[2,5,3]'                  0.272802
104    'y[2,6,1]'                  0.0264535
105    'y[2,6,2]'                  0.707173
106    'y[2,6,3]'                  0.266373
107    'y[2,7,1]'                  0.0264953
108    'y[2,7,2]'                  0.716464
109    'y[2,7,3]'                  0.25704
110    'y[2,8,1]'                  0.0265537
111    'y[2,8,2]'                  0.729641
112    'y[2,8,3]'                  0.243806
113    'y[2,9,1]'                  0.0266326
114    'y[2,9,2]'                  0.747712
115    'y[2,9,3]'                  0.225655
116    'y[2,10,1]'                 0.0267366
117    'y[2,10,2]'                 0.771381
118    'y[2,10,3]'                 0.201883
119    'y[2,11,1]'                 0.0268817
120    'y[2,11,2]'                 0.800543
121    'y[2,11,3]'                 0.172575
122    'y[2,12,1]'                 0.0271578
123    'y[2,12,2]'                 0.833783
124    'y[2,12,3]'                 0.139059
125    'y[2,13,1]'                 0.0280463
126    'y[2,13,2]'                 0.868052
127    'y[2,13,3]'                 0.103901
128    'y[2,14,1]'                 0.031917
129    'y[2,14,2]'                 0.897887
130    'y[2,14,3]'                 0.0701959
131    'y[2,15,1]'                 0.0496785
132    'y[2,15,2]'                 0.909885
133    'y[2,15,3]'                 0.0404361
134    'L[1,1]'                    0
135    'L[1,2]'                  142.113
136    'L[1,3]'                  142.376
137    'L[1,4]'                  142.336
138    'L[1,5]'                  142.29
139    'L[1,6]'                  142.334
140    'L[1,7]'                  142.447
141    'L[1,8]'                  142.575
142    'L[1,9]'                   42.7325
143    'L[1,10]'                  43.531
144    'L[1,11]'                  44.0977
145    'L[1,12]'                  44.6227
146    'L[1,13]'                  45.2569
147    'L[1,14]'                  46.0145
148    'L[1,15]'                  46.7653
149    'L[2,1]'                    0
150    'L[2,2]'                  111.559
151    'L[2,3]'                  112.114
152    'L[2,4]'                  112.636
153    'L[2,5]'                  112.989
154    'L[2,6]'                   42.6618
155    'L[2,7]'                   42.707
156    'L[2,8]'                   42.7743
157    'L[2,9]'                   42.8731
158    'L[2,10]'                  43.0151
159    'L[2,11]'                  43.2121
160    'L[2,12]'                  43.472
161    'L[2,13]'                  43.7919
162    'L[2,14]'                  44.1511
163    'L[2,15]'                  44.5084
164    'x[1,1,1]'                  0.0243152
165    'x[1,1,2]'                  0.549963
166    'x[1,1,3]'                  0.425722
167    'x[1,2,1]'                  0.052172
168    'x[1,2,2]'                  0.620259
169    'x[1,2,3]'                  0.327569
170    'x[1,3,1]'                  0.0895914
171    'x[1,3,2]'                  0.62096
172    'x[1,3,3]'                  0.289448
173    'x[1,4,1]'                  0.134914
174    'x[1,4,2]'                  0.591343
175    'x[1,4,3]'                  0.273743
176    'x[1,5,1]'                  0.183524
177    'x[1,5,2]'                  0.551431
178    'x[1,5,3]'                  0.265045
179    'x[1,6,1]'                  0.229007
180    'x[1,6,2]'                  0.512244
181    'x[1,6,3]'                  0.258749
182    'x[1,7,1]'                  0.266267
183    'x[1,7,2]'                  0.47981
184    'x[1,7,3]'                  0.253923
185    'x[1,8,1]'                  0.293533
186    'x[1,8,2]'                  0.456047
187    'x[1,8,3]'                  0.25042
188    'x[1,9,1]'                  0.339919
189    'x[1,9,2]'                  0.533782
190    'x[1,9,3]'                  0.126299
191    'x[1,10,1]'                 0.3897
192    'x[1,10,2]'                 0.554617
193    'x[1,10,3]'                 0.0556834
194    'x[1,11,1]'                 0.454168
195    'x[1,11,2]'                 0.523694
196    'x[1,11,3]'                 0.0221384
197    'x[1,12,1]'                 0.543641
198    'x[1,12,2]'                 0.448398
199    'x[1,12,3]'                 0.0079607
200    'x[1,13,1]'                 0.65771
201    'x[1,13,2]'                 0.33975
202    'x[1,13,3]'                 0.00254049
203    'x[1,14,1]'                 0.779341
204    'x[1,14,2]'                 0.219958
205    'x[1,14,3]'                 0.000700772
206    'x[1,15,1]'                 0.883981
207    'x[1,15,2]'                 0.115859
208    'x[1,15,3]'                 0.000159705
209    'x[2,1,1]'                  0.00012238
210    'x[2,1,2]'                  0.206651
211    'x[2,1,3]'                  0.793227
212    'x[2,2,1]'                  0.000409498
213    'x[2,2,2]'                  0.315149
214    'x[2,2,3]'                  0.684442
215    'x[2,3,1]'                  0.00117724
216    'x[2,3,2]'                  0.411036
217    'x[2,3,3]'                  0.587787
218    'x[2,4,1]'                  0.00308734
219    'x[2,4,2]'                  0.481296
220    'x[2,4,3]'                  0.515616
221    'x[2,5,1]'                  0.00762363
222    'x[2,5,2]'                  0.524196
223    'x[2,5,3]'                  0.468181
224    'x[2,6,1]'                  0.00767287
225    'x[2,6,2]'                  0.532152
226    'x[2,6,3]'                  0.460176
227    'x[2,7,1]'                  0.00774535
228    'x[2,7,2]'                  0.543885
229    'x[2,7,3]'                  0.44837
230    'x[2,8,1]'                  0.00785024
231    'x[2,8,2]'                  0.560905
232    'x[2,8,3]'                  0.431244
233    'x[2,9,1]'                  0.00799846
234    'x[2,9,2]'                  0.585013
235    'x[2,9,3]'                  0.406989
236    'x[2,10,1]'                 0.00820164
237    'x[2,10,2]'                 0.618014
238    'x[2,10,3]'                 0.373784
239    'x[2,11,1]'                 0.00847251
240    'x[2,11,2]'                 0.661116
241    'x[2,11,3]'                 0.330411
242    'x[2,12,1]'                 0.00884164
243    'x[2,12,2]'                 0.714016
244    'x[2,12,3]'                 0.277143
245    'x[2,13,1]'                 0.00946643
246    'x[2,13,2]'                 0.774
247    'x[2,13,3]'                 0.216533
248    'x[2,14,1]'                 0.011191
249    'x[2,14,2]'                 0.835457
250    'x[2,14,3]'                 0.153351
251    'x[2,15,1]'                 0.0181888
252    'x[2,15,2]'                 0.888613
253    'x[2,15,3]'                 0.0931977
254    'CC[2]'                     0
255    'CC[3]'                     0
256    'CC[4]'                     0
257    'CC[5]'                     0
258    'CC[6]'                     0
259    'CC[7]'                     0
260    'CC[8]'                     0
261    'CC[9]'                     0
262    'CC[10]'                    0
263    'CC[11]'                    1.19027e-13
264    'CC[12]'                    0
265    'CC[13]'                    0
266    'CC[14]'                    0
267    'CR[2]'                     0
268    'CR[3]'                     0
269    'CR[4]'                     0
270    'CR[5]'                    70.467
271    'CR[6]'                     0
272    'CR[7]'                     0
273    'CR[8]'                     0
274    'CR[9]'                     0
275    'CR[10]'                    0
276    'CR[11]'                    0
277    'CR[12]'                    0
278    'CR[13]'                    0
279    'CR[14]'                    0
280    'PC[1]'                    29.533
281    'PC[2]'                    34.4013
282    'PR[1]'                     2.79149e-13
283    'PR[2]'                    36.0657
284    'PS[2]'                     0
285    'PS[3]'                     0
286    'PS[4]'                     0
287    'PS[5]'                     0
288    'PS[6]'                     0
289    'PS[7]'                     0
290    'PS[8]'                     7.03358e-14
291    'PS[9]'                     0
292    'PS[10]'                    0
293    'PS[11]'                    0
294    'PS[12]'                    0
295    'PS[13]'                    0
296    'PS[14]'                    0
297    'T[1,1]'                  352.637
298    'T[1,2]'                  349.25
299    'T[1,3]'                  346.736
300    'T[1,4]'                  344.402
301    'T[1,5]'                  342.196
302    'T[1,6]'                  340.293
303    'T[1,7]'                  338.824
304    'T[1,8]'                  337.795
305    'T[1,9]'                  334.841
306    'T[1,10]'                 332.605
307    'T[1,11]'                 330.477
308    'T[1,12]'                 328.043
309    'T[1,13]'                 325.33
310    'T[1,14]'                 322.751
311    'T[1,15]'                 320.736
312    'T[2,1]'                  363.046
313    'T[2,2]'                  360.078
314    'T[2,3]'                  357.625
315    'T[2,4]'                  355.831
316    'T[2,5]'                  354.507
317    'T[2,6]'                  354.333
318    'T[2,7]'                  354.077
319    'T[2,8]'                  353.711
320    'T[2,9]'                  353.199
321    'T[2,10]'                 352.513
322    'T[2,11]'                 351.641
323    'T[2,12]'                 350.604
324    'T[2,13]'                 349.458
325    'T[2,14]'                 348.258
326    'T[2,15]'                 346.907
327    TF                        338.159
328    'QC[1]'                   703.08
329    'QC[2]'                   782.68
330    'QR[1]'                   734.366
331    'QR[2]'                   794.035
332    'H[1,1,1]'                  1.38439
333    'H[1,1,2]'                  1.71776
334    'H[1,1,3]'                  2.05561
335    'H[1,2,1]'                  1.29092
336    'H[1,2,2]'                  1.60364
337    'H[1,2,3]'                  1.91836
338    'H[1,3,1]'                  1.22217
339    'H[1,3,2]'                  1.51958
340    'H[1,3,3]'                  1.81734
341    'H[1,4,1]'                  1.15886
342    'H[1,4,2]'                  1.44207
343    'H[1,4,3]'                  1.72424
344    'H[1,5,1]'                  1.09945
345    'H[1,5,2]'                  1.36924
346    'H[1,5,3]'                  1.63681
347    'H[1,6,1]'                  1.04852
348    'H[1,6,2]'                  1.30674
349    'H[1,6,3]'                  1.56182
350    'H[1,7,1]'                  1.00944
351    'H[1,7,2]'                  1.25873
352    'H[1,7,3]'                  1.50424
353    'H[1,8,1]'                  0.982165
354    'H[1,8,2]'                  1.2252
355    'H[1,8,3]'                  1.46403
356    'H[1,9,1]'                  0.904395
357    'H[1,9,2]'                  1.12946
358    'H[1,9,3]'                  1.34929
359    'H[1,10,1]'                 0.846043
360    'H[1,10,2]'                 1.05752
361    'H[1,10,3]'                 1.26311
362    'H[1,11,1]'                 0.790929
363    'H[1,11,2]'                 0.989466
364    'H[1,11,3]'                 1.18164
365    'H[1,12,1]'                 0.728379
366    'H[1,12,2]'                 0.912112
367    'H[1,12,3]'                 1.08906
368    'H[1,13,1]'                 0.659273
369    'H[1,13,2]'                 0.826495
370    'H[1,13,3]'                 0.986651
371    'H[1,14,1]'                 0.594192
372    'H[1,14,2]'                 0.74571
373    'H[1,14,3]'                 0.890065
374    'H[1,15,1]'                 0.543745
375    'H[1,15,2]'                 0.682983
376    'H[1,15,3]'                 0.815098
377    'H[2,1,1]'                  1.67775
378    'H[2,1,2]'                  2.07479
379    'H[2,1,3]'                  2.48575
380    'H[2,2,1]'                  1.59316
381    'H[2,2,2]'                  1.972
382    'H[2,2,3]'                  2.3618
383    'H[2,3,1]'                  1.52382
384    'H[2,3,2]'                  1.88766
385    'H[2,3,3]'                  2.26015
386    'H[2,4,1]'                  1.47341
387    'H[2,4,2]'                  1.82628
388    'H[2,4,3]'                  2.18623
389    'H[2,5,1]'                  1.43642
390    'H[2,5,2]'                  1.7812
391    'H[2,5,3]'                  2.13195
392    'H[2,6,1]'                  1.43155
393    'H[2,6,2]'                  1.77526
394    'H[2,6,3]'                  2.12481
395    'H[2,7,1]'                  1.42442
396    'H[2,7,2]'                  1.76658
397    'H[2,7,3]'                  2.11436
398    'H[2,8,1]'                  1.41421
399    'H[2,8,2]'                  1.75413
400    'H[2,8,3]'                  2.09938
401    'H[2,9,1]'                  1.39999
402    'H[2,9,2]'                  1.73679
403    'H[2,9,3]'                  2.0785
404    'H[2,10,1]'                 1.38095
405    'H[2,10,2]'                 1.71357
406    'H[2,10,3]'                 2.05056
407    'H[2,11,1]'                 1.3568
408    'H[2,11,2]'                 1.6841
409    'H[2,11,3]'                 2.01511
410    'H[2,12,1]'                 1.32816
411    'H[2,12,2]'                 1.64913
412    'H[2,12,3]'                 1.97305
413    'H[2,13,1]'                 1.29662
414    'H[2,13,2]'                 1.61061
415    'H[2,13,3]'                 1.92673
416    'H[2,14,1]'                 1.26373
417    'H[2,14,2]'                 1.57041
418    'H[2,14,3]'                 1.87841
419    'H[2,15,1]'                 1.22683
420    'H[2,15,2]'                 1.52529
421    'H[2,15,3]'                 1.82419
422    'HF[1]'                     0.991793
423    'HF[2]'                     1.23703
424    'HF[3]'                     1.47822
425    'h[1,1,1]'                 -7.16079
426    'h[1,1,2]'                 -8.02595
427    'h[1,1,3]'                 -8.79283
428    'h[1,2,1]'                 -7.31013
429    'h[1,2,2]'                 -8.19322
430    'h[1,2,3]'                 -8.98538
431    'h[1,3,1]'                 -7.42015
432    'h[1,3,2]'                 -8.31658
433    'h[1,3,3]'                 -9.12743
434    'h[1,4,1]'                 -7.5216
435    'h[1,4,2]'                 -8.43045
436    'h[1,4,3]'                 -9.25859
437    'h[1,5,1]'                 -7.61696
438    'h[1,5,2]'                 -8.53755
439    'h[1,5,3]'                 -9.382
440    'h[1,6,1]'                 -7.6988
441    'h[1,6,2]'                 -8.62956
442    'h[1,6,3]'                 -9.48805
443    'h[1,7,1]'                 -7.76168
444    'h[1,7,2]'                 -8.7003
445    'h[1,7,3]'                 -9.56961
446    'h[1,8,1]'                 -7.80561
447    'h[1,8,2]'                 -8.74974
448    'h[1,8,3]'                 -9.62662
449    'h[1,9,1]'                 -7.93103
450    'h[1,9,2]'                 -8.89103
451    'h[1,9,3]'                 -9.78962
452    'h[1,10,1]'                -8.02532
453    'h[1,10,2]'                -8.99737
454    'h[1,10,3]'                -9.91237
455    'h[1,11,1]'                -8.11453
456    'h[1,11,2]'                -9.09809
457    'h[1,11,3]'               -10.0287
458    'h[1,12,1]'                -8.21597
459    'h[1,12,2]'                -9.21273
460    'h[1,12,3]'               -10.1611
461    'h[1,13,1]'                -8.32829
462    'h[1,13,2]'                -9.33983
463    'h[1,13,3]'               -10.3081
464    'h[1,14,1]'                -8.43431
465    'h[1,14,2]'                -9.45997
466    'h[1,14,3]'               -10.4471
467    'h[1,15,1]'                -8.51667
468    'h[1,15,2]'                -9.5534
469    'h[1,15,3]'               -10.5552
470    'h[2,1,1]'                 -6.69369
471    'h[2,1,2]'                 -7.50393
472    'h[2,1,3]'                 -8.19232
473    'h[2,2,1]'                 -6.82817
474    'h[2,2,2]'                 -7.65404
475    'h[2,2,3]'                 -8.36496
476    'h[2,3,1]'                 -6.93851
477    'h[2,3,2]'                 -7.77732
478    'h[2,3,3]'                 -8.50676
479    'h[2,4,1]'                 -7.01882
480    'h[2,4,2]'                 -7.8671
481    'h[2,4,3]'                 -8.61004
482    'h[2,5,1]'                 -7.07779
483    'h[2,5,2]'                 -7.93306
484    'h[2,5,3]'                 -8.68594
485    'h[2,6,1]'                 -7.08556
486    'h[2,6,2]'                 -7.94175
487    'h[2,6,3]'                 -8.69594
488    'h[2,7,1]'                 -7.09692
489    'h[2,7,2]'                 -7.95446
490    'h[2,7,3]'                 -8.71056
491    'h[2,8,1]'                 -7.1132
492    'h[2,8,2]'                 -7.97269
493    'h[2,8,3]'                 -8.73154
494    'h[2,9,1]'                 -7.1359
495    'h[2,9,2]'                 -7.99809
496    'h[2,9,3]'                 -8.76077
497    'h[2,10,1]'                -7.16629
498    'h[2,10,2]'                -8.0321
499    'h[2,10,3]'                -8.79991
500    'h[2,11,1]'                -7.20484
501    'h[2,11,2]'                -8.07527
502    'h[2,11,3]'                -8.8496
503    'h[2,12,1]'                -7.2506
504    'h[2,12,2]'                -8.12652
505    'h[2,12,3]'                -8.90859
506    'h[2,13,1]'                -7.30101
507    'h[2,13,2]'                -8.183
508    'h[2,13,3]'                -8.97362
509    'h[2,14,1]'                -7.35362
510    'h[2,14,2]'                -8.24197
511    'h[2,14,3]'                -9.04152
512    'h[2,15,1]'                -7.41268
513    'h[2,15,2]'                -8.3082
514    'h[2,15,3]'                -9.11778
515    'hF[1]'                    -7.7901
516    'hF[2]'                    -8.73228
517    'hF[3]'                    -9.60649
518    'tauGamma[1,1,1,1]'     1e-06
519    'tauGamma[1,1,1,2]'     1e-06
520    'tauGamma[1,1,1,3]'     1e-06
521    'tauGamma[1,1,2,1]'     1e-06
522    'tauGamma[1,1,2,2]'     1e-06
523    'tauGamma[1,1,2,3]'     1e-06
524    'tauGamma[1,1,3,1]'     1e-06
525    'tauGamma[1,1,3,2]'     1e-06
526    'tauGamma[1,1,3,3]'     1e-06
527    'tauGamma[1,2,1,1]'     1e-06
528    'tauGamma[1,2,1,2]'     1e-06
529    'tauGamma[1,2,1,3]'     1e-06
530    'tauGamma[1,2,2,1]'     1e-06
531    'tauGamma[1,2,2,2]'     1e-06
532    'tauGamma[1,2,2,3]'     1e-06
533    'tauGamma[1,2,3,1]'     1e-06
534    'tauGamma[1,2,3,2]'     1e-06
535    'tauGamma[1,2,3,3]'     1e-06
536    'tauGamma[1,3,1,1]'     1e-06
537    'tauGamma[1,3,1,2]'     1e-06
538    'tauGamma[1,3,1,3]'     1e-06
539    'tauGamma[1,3,2,1]'     1e-06
540    'tauGamma[1,3,2,2]'     1e-06
541    'tauGamma[1,3,2,3]'     1e-06
542    'tauGamma[1,3,3,1]'     1e-06
543    'tauGamma[1,3,3,2]'     1e-06
544    'tauGamma[1,3,3,3]'     1e-06
545    'tauGamma[1,4,1,1]'     1e-06
546    'tauGamma[1,4,1,2]'     1e-06
547    'tauGamma[1,4,1,3]'     1e-06
548    'tauGamma[1,4,2,1]'     1e-06
549    'tauGamma[1,4,2,2]'     1e-06
550    'tauGamma[1,4,2,3]'     1e-06
551    'tauGamma[1,4,3,1]'     1e-06
552    'tauGamma[1,4,3,2]'     1e-06
553    'tauGamma[1,4,3,3]'     1e-06
554    'tauGamma[1,5,1,1]'     1e-06
555    'tauGamma[1,5,1,2]'     1e-06
556    'tauGamma[1,5,1,3]'     1e-06
557    'tauGamma[1,5,2,1]'     1e-06
558    'tauGamma[1,5,2,2]'     1e-06
559    'tauGamma[1,5,2,3]'     1e-06
560    'tauGamma[1,5,3,1]'     1e-06
561    'tauGamma[1,5,3,2]'     1e-06
562    'tauGamma[1,5,3,3]'     1e-06
563    'tauGamma[1,6,1,1]'     1e-06
564    'tauGamma[1,6,1,2]'     1e-06
565    'tauGamma[1,6,1,3]'     1e-06
566    'tauGamma[1,6,2,1]'     1e-06
567    'tauGamma[1,6,2,2]'     1e-06
568    'tauGamma[1,6,2,3]'     1e-06
569    'tauGamma[1,6,3,1]'     1e-06
570    'tauGamma[1,6,3,2]'     1e-06
571    'tauGamma[1,6,3,3]'     1e-06
572    'tauGamma[1,7,1,1]'     1e-06
573    'tauGamma[1,7,1,2]'     1e-06
574    'tauGamma[1,7,1,3]'     1e-06
575    'tauGamma[1,7,2,1]'     1e-06
576    'tauGamma[1,7,2,2]'     1e-06
577    'tauGamma[1,7,2,3]'     1e-06
578    'tauGamma[1,7,3,1]'     1e-06
579    'tauGamma[1,7,3,2]'     1e-06
580    'tauGamma[1,7,3,3]'     1e-06
581    'tauGamma[1,8,1,1]'     1e-06
582    'tauGamma[1,8,1,2]'     1e-06
583    'tauGamma[1,8,1,3]'     1e-06
584    'tauGamma[1,8,2,1]'     1e-06
585    'tauGamma[1,8,2,2]'     1e-06
586    'tauGamma[1,8,2,3]'     1e-06
587    'tauGamma[1,8,3,1]'     1e-06
588    'tauGamma[1,8,3,2]'     1e-06
589    'tauGamma[1,8,3,3]'     1e-06
590    'tauGamma[1,9,1,1]'     1e-06
591    'tauGamma[1,9,1,2]'     1e-06
592    'tauGamma[1,9,1,3]'     1e-06
593    'tauGamma[1,9,2,1]'     1e-06
594    'tauGamma[1,9,2,2]'     1e-06
595    'tauGamma[1,9,2,3]'     1e-06
596    'tauGamma[1,9,3,1]'     1e-06
597    'tauGamma[1,9,3,2]'     1e-06
598    'tauGamma[1,9,3,3]'     1e-06
599    'tauGamma[1,10,1,1]'    1e-06
600    'tauGamma[1,10,1,2]'    1e-06
601    'tauGamma[1,10,1,3]'    1e-06
602    'tauGamma[1,10,2,1]'    1e-06
603    'tauGamma[1,10,2,2]'    1e-06
604    'tauGamma[1,10,2,3]'    1e-06
605    'tauGamma[1,10,3,1]'    1e-06
606    'tauGamma[1,10,3,2]'    1e-06
607    'tauGamma[1,10,3,3]'    1e-06
608    'tauGamma[1,11,1,1]'    1e-06
609    'tauGamma[1,11,1,2]'    1e-06
610    'tauGamma[1,11,1,3]'    1e-06
611    'tauGamma[1,11,2,1]'    1e-06
612    'tauGamma[1,11,2,2]'    1e-06
613    'tauGamma[1,11,2,3]'    1e-06
614    'tauGamma[1,11,3,1]'    1e-06
615    'tauGamma[1,11,3,2]'    1e-06
616    'tauGamma[1,11,3,3]'    1e-06
617    'tauGamma[1,12,1,1]'    1e-06
618    'tauGamma[1,12,1,2]'    1e-06
619    'tauGamma[1,12,1,3]'    1e-06
620    'tauGamma[1,12,2,1]'    1e-06
621    'tauGamma[1,12,2,2]'    1e-06
622    'tauGamma[1,12,2,3]'    1e-06
623    'tauGamma[1,12,3,1]'    1e-06
624    'tauGamma[1,12,3,2]'    1e-06
625    'tauGamma[1,12,3,3]'    1e-06
626    'tauGamma[1,13,1,1]'    1e-06
627    'tauGamma[1,13,1,2]'    1e-06
628    'tauGamma[1,13,1,3]'    1e-06
629    'tauGamma[1,13,2,1]'    1e-06
630    'tauGamma[1,13,2,2]'    1e-06
631    'tauGamma[1,13,2,3]'    1e-06
632    'tauGamma[1,13,3,1]'    1e-06
633    'tauGamma[1,13,3,2]'    1e-06
634    'tauGamma[1,13,3,3]'    1e-06
635    'tauGamma[1,14,1,1]'    1e-06
636    'tauGamma[1,14,1,2]'    1e-06
637    'tauGamma[1,14,1,3]'    1e-06
638    'tauGamma[1,14,2,1]'    1e-06
639    'tauGamma[1,14,2,2]'    1e-06
640    'tauGamma[1,14,2,3]'    1e-06
641    'tauGamma[1,14,3,1]'    1e-06
642    'tauGamma[1,14,3,2]'    1e-06
643    'tauGamma[1,14,3,3]'    1e-06
644    'tauGamma[1,15,1,1]'    1e-06
645    'tauGamma[1,15,1,2]'    1e-06
646    'tauGamma[1,15,1,3]'    1e-06
647    'tauGamma[1,15,2,1]'    1e-06
648    'tauGamma[1,15,2,2]'    1e-06
649    'tauGamma[1,15,2,3]'    1e-06
650    'tauGamma[1,15,3,1]'    1e-06
651    'tauGamma[1,15,3,2]'    1e-06
652    'tauGamma[1,15,3,3]'    1e-06
653    'tauGamma[2,1,1,1]'     1e-06
654    'tauGamma[2,1,1,2]'     1e-06
655    'tauGamma[2,1,1,3]'     1e-06
656    'tauGamma[2,1,2,1]'     1e-06
657    'tauGamma[2,1,2,2]'     1e-06
658    'tauGamma[2,1,2,3]'     1e-06
659    'tauGamma[2,1,3,1]'     1e-06
660    'tauGamma[2,1,3,2]'     1e-06
661    'tauGamma[2,1,3,3]'     1e-06
662    'tauGamma[2,2,1,1]'     1e-06
663    'tauGamma[2,2,1,2]'     1e-06
664    'tauGamma[2,2,1,3]'     1e-06
665    'tauGamma[2,2,2,1]'     1e-06
666    'tauGamma[2,2,2,2]'     1e-06
667    'tauGamma[2,2,2,3]'     1e-06
668    'tauGamma[2,2,3,1]'     1e-06
669    'tauGamma[2,2,3,2]'     1e-06
670    'tauGamma[2,2,3,3]'     1e-06
671    'tauGamma[2,3,1,1]'     1e-06
672    'tauGamma[2,3,1,2]'     1e-06
673    'tauGamma[2,3,1,3]'     1e-06
674    'tauGamma[2,3,2,1]'     1e-06
675    'tauGamma[2,3,2,2]'     1e-06
676    'tauGamma[2,3,2,3]'     1e-06
677    'tauGamma[2,3,3,1]'     1e-06
678    'tauGamma[2,3,3,2]'     1e-06
679    'tauGamma[2,3,3,3]'     1e-06
680    'tauGamma[2,4,1,1]'     1e-06
681    'tauGamma[2,4,1,2]'     1e-06
682    'tauGamma[2,4,1,3]'     1e-06
683    'tauGamma[2,4,2,1]'     1e-06
684    'tauGamma[2,4,2,2]'     1e-06
685    'tauGamma[2,4,2,3]'     1e-06
686    'tauGamma[2,4,3,1]'     1e-06
687    'tauGamma[2,4,3,2]'     1e-06
688    'tauGamma[2,4,3,3]'     1e-06
689    'tauGamma[2,5,1,1]'     1e-06
690    'tauGamma[2,5,1,2]'     1e-06
691    'tauGamma[2,5,1,3]'     1e-06
692    'tauGamma[2,5,2,1]'     1e-06
693    'tauGamma[2,5,2,2]'     1e-06
694    'tauGamma[2,5,2,3]'     1e-06
695    'tauGamma[2,5,3,1]'     1e-06
696    'tauGamma[2,5,3,2]'     1e-06
697    'tauGamma[2,5,3,3]'     1e-06
698    'tauGamma[2,6,1,1]'     1e-06
699    'tauGamma[2,6,1,2]'     1e-06
700    'tauGamma[2,6,1,3]'     1e-06
701    'tauGamma[2,6,2,1]'     1e-06
702    'tauGamma[2,6,2,2]'     1e-06
703    'tauGamma[2,6,2,3]'     1e-06
704    'tauGamma[2,6,3,1]'     1e-06
705    'tauGamma[2,6,3,2]'     1e-06
706    'tauGamma[2,6,3,3]'     1e-06
707    'tauGamma[2,7,1,1]'     1e-06
708    'tauGamma[2,7,1,2]'     1e-06
709    'tauGamma[2,7,1,3]'     1e-06
710    'tauGamma[2,7,2,1]'     1e-06
711    'tauGamma[2,7,2,2]'     1e-06
712    'tauGamma[2,7,2,3]'     1e-06
713    'tauGamma[2,7,3,1]'     1e-06
714    'tauGamma[2,7,3,2]'     1e-06
715    'tauGamma[2,7,3,3]'     1e-06
716    'tauGamma[2,8,1,1]'     1e-06
717    'tauGamma[2,8,1,2]'     1e-06
718    'tauGamma[2,8,1,3]'     1e-06
719    'tauGamma[2,8,2,1]'     1e-06
720    'tauGamma[2,8,2,2]'     1e-06
721    'tauGamma[2,8,2,3]'     1e-06
722    'tauGamma[2,8,3,1]'     1e-06
723    'tauGamma[2,8,3,2]'     1e-06
724    'tauGamma[2,8,3,3]'     1e-06
725    'tauGamma[2,9,1,1]'     1e-06
726    'tauGamma[2,9,1,2]'     1e-06
727    'tauGamma[2,9,1,3]'     1e-06
728    'tauGamma[2,9,2,1]'     1e-06
729    'tauGamma[2,9,2,2]'     1e-06
730    'tauGamma[2,9,2,3]'     1e-06
731    'tauGamma[2,9,3,1]'     1e-06
732    'tauGamma[2,9,3,2]'     1e-06
733    'tauGamma[2,9,3,3]'     1e-06
734    'tauGamma[2,10,1,1]'    1e-06
735    'tauGamma[2,10,1,2]'    1e-06
736    'tauGamma[2,10,1,3]'    1e-06
737    'tauGamma[2,10,2,1]'    1e-06
738    'tauGamma[2,10,2,2]'    1e-06
739    'tauGamma[2,10,2,3]'    1e-06
740    'tauGamma[2,10,3,1]'    1e-06
741    'tauGamma[2,10,3,2]'    1e-06
742    'tauGamma[2,10,3,3]'    1e-06
743    'tauGamma[2,11,1,1]'    1e-06
744    'tauGamma[2,11,1,2]'    1e-06
745    'tauGamma[2,11,1,3]'    1e-06
746    'tauGamma[2,11,2,1]'    1e-06
747    'tauGamma[2,11,2,2]'    1e-06
748    'tauGamma[2,11,2,3]'    1e-06
749    'tauGamma[2,11,3,1]'    1e-06
750    'tauGamma[2,11,3,2]'    1e-06
751    'tauGamma[2,11,3,3]'    1e-06
752    'tauGamma[2,12,1,1]'    1e-06
753    'tauGamma[2,12,1,2]'    1e-06
754    'tauGamma[2,12,1,3]'    1e-06
755    'tauGamma[2,12,2,1]'    1e-06
756    'tauGamma[2,12,2,2]'    1e-06
757    'tauGamma[2,12,2,3]'    1e-06
758    'tauGamma[2,12,3,1]'    1e-06
759    'tauGamma[2,12,3,2]'    1e-06
760    'tauGamma[2,12,3,3]'    1e-06
761    'tauGamma[2,13,1,1]'    1e-06
762    'tauGamma[2,13,1,2]'    1e-06
763    'tauGamma[2,13,1,3]'    1e-06
764    'tauGamma[2,13,2,1]'    1e-06
765    'tauGamma[2,13,2,2]'    1e-06
766    'tauGamma[2,13,2,3]'    1e-06
767    'tauGamma[2,13,3,1]'    1e-06
768    'tauGamma[2,13,3,2]'    1e-06
769    'tauGamma[2,13,3,3]'    1e-06
770    'tauGamma[2,14,1,1]'    1e-06
771    'tauGamma[2,14,1,2]'    1e-06
772    'tauGamma[2,14,1,3]'    1e-06
773    'tauGamma[2,14,2,1]'    1e-06
774    'tauGamma[2,14,2,2]'    1e-06
775    'tauGamma[2,14,2,3]'    1e-06
776    'tauGamma[2,14,3,1]'    1e-06
777    'tauGamma[2,14,3,2]'    1e-06
778    'tauGamma[2,14,3,3]'    1e-06
779    'tauGamma[2,15,1,1]'    1e-06
780    'tauGamma[2,15,1,2]'    1e-06
781    'tauGamma[2,15,1,3]'    1e-06
782    'tauGamma[2,15,2,1]'    1e-06
783    'tauGamma[2,15,2,2]'    1e-06
784    'tauGamma[2,15,2,3]'    1e-06
785    'tauGamma[2,15,3,1]'    1e-06
786    'tauGamma[2,15,3,2]'    1e-06
787    'tauGamma[2,15,3,3]'    1e-06
788    'PGamma[1,1,1,1]'           1
789    'PGamma[1,1,1,2]'           1
790    'PGamma[1,1,1,3]'           1
791    'PGamma[1,1,2,1]'           1
792    'PGamma[1,1,2,2]'           1
793    'PGamma[1,1,2,3]'           1
794    'PGamma[1,1,3,1]'           1
795    'PGamma[1,1,3,2]'           1
796    'PGamma[1,1,3,3]'           1
797    'PGamma[1,2,1,1]'           1
798    'PGamma[1,2,1,2]'           1
799    'PGamma[1,2,1,3]'           1
800    'PGamma[1,2,2,1]'           1
801    'PGamma[1,2,2,2]'           1
802    'PGamma[1,2,2,3]'           1
803    'PGamma[1,2,3,1]'           1
804    'PGamma[1,2,3,2]'           1
805    'PGamma[1,2,3,3]'           1
806    'PGamma[1,3,1,1]'           1
807    'PGamma[1,3,1,2]'           1
808    'PGamma[1,3,1,3]'           1
809    'PGamma[1,3,2,1]'           1
810    'PGamma[1,3,2,2]'           1
811    'PGamma[1,3,2,3]'           1
812    'PGamma[1,3,3,1]'           1
813    'PGamma[1,3,3,2]'           1
814    'PGamma[1,3,3,3]'           1
815    'PGamma[1,4,1,1]'           1
816    'PGamma[1,4,1,2]'           1
817    'PGamma[1,4,1,3]'           1
818    'PGamma[1,4,2,1]'           1
819    'PGamma[1,4,2,2]'           1
820    'PGamma[1,4,2,3]'           1
821    'PGamma[1,4,3,1]'           1
822    'PGamma[1,4,3,2]'           1
823    'PGamma[1,4,3,3]'           1
824    'PGamma[1,5,1,1]'           1
825    'PGamma[1,5,1,2]'           1
826    'PGamma[1,5,1,3]'           1
827    'PGamma[1,5,2,1]'           1
828    'PGamma[1,5,2,2]'           1
829    'PGamma[1,5,2,3]'           1
830    'PGamma[1,5,3,1]'           1
831    'PGamma[1,5,3,2]'           1
832    'PGamma[1,5,3,3]'           1
833    'PGamma[1,6,1,1]'           1
834    'PGamma[1,6,1,2]'           1
835    'PGamma[1,6,1,3]'           1
836    'PGamma[1,6,2,1]'           1
837    'PGamma[1,6,2,2]'           1
838    'PGamma[1,6,2,3]'           1
839    'PGamma[1,6,3,1]'           1
840    'PGamma[1,6,3,2]'           1
841    'PGamma[1,6,3,3]'           1
842    'PGamma[1,7,1,1]'           1
843    'PGamma[1,7,1,2]'           1
844    'PGamma[1,7,1,3]'           1
845    'PGamma[1,7,2,1]'           1
846    'PGamma[1,7,2,2]'           1
847    'PGamma[1,7,2,3]'           1
848    'PGamma[1,7,3,1]'           1
849    'PGamma[1,7,3,2]'           1
850    'PGamma[1,7,3,3]'           1
851    'PGamma[1,8,1,1]'           1
852    'PGamma[1,8,1,2]'           1
853    'PGamma[1,8,1,3]'           1
854    'PGamma[1,8,2,1]'           1
855    'PGamma[1,8,2,2]'           1
856    'PGamma[1,8,2,3]'           1
857    'PGamma[1,8,3,1]'           1
858    'PGamma[1,8,3,2]'           1
859    'PGamma[1,8,3,3]'           1
860    'PGamma[1,9,1,1]'           1
861    'PGamma[1,9,1,2]'           1
862    'PGamma[1,9,1,3]'           1
863    'PGamma[1,9,2,1]'           1
864    'PGamma[1,9,2,2]'           1
865    'PGamma[1,9,2,3]'           1
866    'PGamma[1,9,3,1]'           1
867    'PGamma[1,9,3,2]'           1
868    'PGamma[1,9,3,3]'           1
869    'PGamma[1,10,1,1]'          1
870    'PGamma[1,10,1,2]'          1
871    'PGamma[1,10,1,3]'          1
872    'PGamma[1,10,2,1]'          1
873    'PGamma[1,10,2,2]'          1
874    'PGamma[1,10,2,3]'          1
875    'PGamma[1,10,3,1]'          1
876    'PGamma[1,10,3,2]'          1
877    'PGamma[1,10,3,3]'          1
878    'PGamma[1,11,1,1]'          1
879    'PGamma[1,11,1,2]'          1
880    'PGamma[1,11,1,3]'          1
881    'PGamma[1,11,2,1]'          1
882    'PGamma[1,11,2,2]'          1
883    'PGamma[1,11,2,3]'          1
884    'PGamma[1,11,3,1]'          1
885    'PGamma[1,11,3,2]'          1
886    'PGamma[1,11,3,3]'          1
887    'PGamma[1,12,1,1]'          1
888    'PGamma[1,12,1,2]'          1
889    'PGamma[1,12,1,3]'          1
890    'PGamma[1,12,2,1]'          1
891    'PGamma[1,12,2,2]'          1
892    'PGamma[1,12,2,3]'          1
893    'PGamma[1,12,3,1]'          1
894    'PGamma[1,12,3,2]'          1
895    'PGamma[1,12,3,3]'          1
896    'PGamma[1,13,1,1]'          1
897    'PGamma[1,13,1,2]'          1
898    'PGamma[1,13,1,3]'          1
899    'PGamma[1,13,2,1]'          1
900    'PGamma[1,13,2,2]'          1
901    'PGamma[1,13,2,3]'          1
902    'PGamma[1,13,3,1]'          1
903    'PGamma[1,13,3,2]'          1
904    'PGamma[1,13,3,3]'          1
905    'PGamma[1,14,1,1]'          1
906    'PGamma[1,14,1,2]'          1
907    'PGamma[1,14,1,3]'          1
908    'PGamma[1,14,2,1]'          1
909    'PGamma[1,14,2,2]'          1
910    'PGamma[1,14,2,3]'          1
911    'PGamma[1,14,3,1]'          1
912    'PGamma[1,14,3,2]'          1
913    'PGamma[1,14,3,3]'          1
914    'PGamma[1,15,1,1]'          1
915    'PGamma[1,15,1,2]'          1
916    'PGamma[1,15,1,3]'          1
917    'PGamma[1,15,2,1]'          1
918    'PGamma[1,15,2,2]'          1
919    'PGamma[1,15,2,3]'          1
920    'PGamma[1,15,3,1]'          1
921    'PGamma[1,15,3,2]'          1
922    'PGamma[1,15,3,3]'          1
923    'PGamma[2,1,1,1]'           1
924    'PGamma[2,1,1,2]'           1
925    'PGamma[2,1,1,3]'           1
926    'PGamma[2,1,2,1]'           1
927    'PGamma[2,1,2,2]'           1
928    'PGamma[2,1,2,3]'           1
929    'PGamma[2,1,3,1]'           1
930    'PGamma[2,1,3,2]'           1
931    'PGamma[2,1,3,3]'           1
932    'PGamma[2,2,1,1]'           1
933    'PGamma[2,2,1,2]'           1
934    'PGamma[2,2,1,3]'           1
935    'PGamma[2,2,2,1]'           1
936    'PGamma[2,2,2,2]'           1
937    'PGamma[2,2,2,3]'           1
938    'PGamma[2,2,3,1]'           1
939    'PGamma[2,2,3,2]'           1
940    'PGamma[2,2,3,3]'           1
941    'PGamma[2,3,1,1]'           1
942    'PGamma[2,3,1,2]'           1
943    'PGamma[2,3,1,3]'           1
944    'PGamma[2,3,2,1]'           1
945    'PGamma[2,3,2,2]'           1
946    'PGamma[2,3,2,3]'           1
947    'PGamma[2,3,3,1]'           1
948    'PGamma[2,3,3,2]'           1
949    'PGamma[2,3,3,3]'           1
950    'PGamma[2,4,1,1]'           1
951    'PGamma[2,4,1,2]'           1
952    'PGamma[2,4,1,3]'           1
953    'PGamma[2,4,2,1]'           1
954    'PGamma[2,4,2,2]'           1
955    'PGamma[2,4,2,3]'           1
956    'PGamma[2,4,3,1]'           1
957    'PGamma[2,4,3,2]'           1
958    'PGamma[2,4,3,3]'           1
959    'PGamma[2,5,1,1]'           1
960    'PGamma[2,5,1,2]'           1
961    'PGamma[2,5,1,3]'           1
962    'PGamma[2,5,2,1]'           1
963    'PGamma[2,5,2,2]'           1
964    'PGamma[2,5,2,3]'           1
965    'PGamma[2,5,3,1]'           1
966    'PGamma[2,5,3,2]'           1
967    'PGamma[2,5,3,3]'           1
968    'PGamma[2,6,1,1]'           1
969    'PGamma[2,6,1,2]'           1
970    'PGamma[2,6,1,3]'           1
971    'PGamma[2,6,2,1]'           1
972    'PGamma[2,6,2,2]'           1
973    'PGamma[2,6,2,3]'           1
974    'PGamma[2,6,3,1]'           1
975    'PGamma[2,6,3,2]'           1
976    'PGamma[2,6,3,3]'           1
977    'PGamma[2,7,1,1]'           1
978    'PGamma[2,7,1,2]'           1
979    'PGamma[2,7,1,3]'           1
980    'PGamma[2,7,2,1]'           1
981    'PGamma[2,7,2,2]'           1
982    'PGamma[2,7,2,3]'           1
983    'PGamma[2,7,3,1]'           1
984    'PGamma[2,7,3,2]'           1
985    'PGamma[2,7,3,3]'           1
986    'PGamma[2,8,1,1]'           1
987    'PGamma[2,8,1,2]'           1
988    'PGamma[2,8,1,3]'           1
989    'PGamma[2,8,2,1]'           1
990    'PGamma[2,8,2,2]'           1
991    'PGamma[2,8,2,3]'           1
992    'PGamma[2,8,3,1]'           1
993    'PGamma[2,8,3,2]'           1
994    'PGamma[2,8,3,3]'           1
995    'PGamma[2,9,1,1]'           1
996    'PGamma[2,9,1,2]'           1
997    'PGamma[2,9,1,3]'           1
998    'PGamma[2,9,2,1]'           1
999    'PGamma[2,9,2,2]'           1
1000   'PGamma[2,9,2,3]'           1
1001   'PGamma[2,9,3,1]'           1
1002   'PGamma[2,9,3,2]'           1
1003   'PGamma[2,9,3,3]'           1
1004   'PGamma[2,10,1,1]'          1
1005   'PGamma[2,10,1,2]'          1
1006   'PGamma[2,10,1,3]'          1
1007   'PGamma[2,10,2,1]'          1
1008   'PGamma[2,10,2,2]'          1
1009   'PGamma[2,10,2,3]'          1
1010   'PGamma[2,10,3,1]'          1
1011   'PGamma[2,10,3,2]'          1
1012   'PGamma[2,10,3,3]'          1
1013   'PGamma[2,11,1,1]'          1
1014   'PGamma[2,11,1,2]'          1
1015   'PGamma[2,11,1,3]'          1
1016   'PGamma[2,11,2,1]'          1
1017   'PGamma[2,11,2,2]'          1
1018   'PGamma[2,11,2,3]'          1
1019   'PGamma[2,11,3,1]'          1
1020   'PGamma[2,11,3,2]'          1
1021   'PGamma[2,11,3,3]'          1
1022   'PGamma[2,12,1,1]'          1
1023   'PGamma[2,12,1,2]'          1
1024   'PGamma[2,12,1,3]'          1
1025   'PGamma[2,12,2,1]'          1
1026   'PGamma[2,12,2,2]'          1
1027   'PGamma[2,12,2,3]'          1
1028   'PGamma[2,12,3,1]'          1
1029   'PGamma[2,12,3,2]'          1
1030   'PGamma[2,12,3,3]'          1
1031   'PGamma[2,13,1,1]'          1
1032   'PGamma[2,13,1,2]'          1
1033   'PGamma[2,13,1,3]'          1
1034   'PGamma[2,13,2,1]'          1
1035   'PGamma[2,13,2,2]'          1
1036   'PGamma[2,13,2,3]'          1
1037   'PGamma[2,13,3,1]'          1
1038   'PGamma[2,13,3,2]'          1
1039   'PGamma[2,13,3,3]'          1
1040   'PGamma[2,14,1,1]'          1
1041   'PGamma[2,14,1,2]'          1
1042   'PGamma[2,14,1,3]'          1
1043   'PGamma[2,14,2,1]'          1
1044   'PGamma[2,14,2,2]'          1
1045   'PGamma[2,14,2,3]'          1
1046   'PGamma[2,14,3,1]'          1
1047   'PGamma[2,14,3,2]'          1
1048   'PGamma[2,14,3,3]'          1
1049   'PGamma[2,15,1,1]'          1
1050   'PGamma[2,15,1,2]'          1
1051   'PGamma[2,15,1,3]'          1
1052   'PGamma[2,15,2,1]'          1
1053   'PGamma[2,15,2,2]'          1
1054   'PGamma[2,15,2,3]'          1
1055   'PGamma[2,15,3,1]'          1
1056   'PGamma[2,15,3,2]'          1
1057   'PGamma[2,15,3,3]'          1
1058   'SGamma1[1,1,1]'        1e-06
1059   'SGamma1[1,1,2]'        1e-06
1060   'SGamma1[1,1,3]'        1e-06
1061   'SGamma1[1,2,1]'        1e-06
1062   'SGamma1[1,2,2]'        1e-06
1063   'SGamma1[1,2,3]'        1e-06
1064   'SGamma1[1,3,1]'        1e-06
1065   'SGamma1[1,3,2]'        1e-06
1066   'SGamma1[1,3,3]'        1e-06
1067   'SGamma1[1,4,1]'        1e-06
1068   'SGamma1[1,4,2]'        1e-06
1069   'SGamma1[1,4,3]'        1e-06
1070   'SGamma1[1,5,1]'        1e-06
1071   'SGamma1[1,5,2]'        1e-06
1072   'SGamma1[1,5,3]'        1e-06
1073   'SGamma1[1,6,1]'        1e-06
1074   'SGamma1[1,6,2]'        1e-06
1075   'SGamma1[1,6,3]'        1e-06
1076   'SGamma1[1,7,1]'        1e-06
1077   'SGamma1[1,7,2]'        1e-06
1078   'SGamma1[1,7,3]'        1e-06
1079   'SGamma1[1,8,1]'        1e-06
1080   'SGamma1[1,8,2]'        1e-06
1081   'SGamma1[1,8,3]'        1e-06
1082   'SGamma1[1,9,1]'        1e-06
1083   'SGamma1[1,9,2]'        1e-06
1084   'SGamma1[1,9,3]'        1e-06
1085   'SGamma1[1,10,1]'       1e-06
1086   'SGamma1[1,10,2]'       1e-06
1087   'SGamma1[1,10,3]'       1e-06
1088   'SGamma1[1,11,1]'       1e-06
1089   'SGamma1[1,11,2]'       1e-06
1090   'SGamma1[1,11,3]'       1e-06
1091   'SGamma1[1,12,1]'       1e-06
1092   'SGamma1[1,12,2]'       1e-06
1093   'SGamma1[1,12,3]'       1e-06
1094   'SGamma1[1,13,1]'       1e-06
1095   'SGamma1[1,13,2]'       1e-06
1096   'SGamma1[1,13,3]'       1e-06
1097   'SGamma1[1,14,1]'       1e-06
1098   'SGamma1[1,14,2]'       1e-06
1099   'SGamma1[1,14,3]'       1e-06
1100   'SGamma1[1,15,1]'       1e-06
1101   'SGamma1[1,15,2]'       1e-06
1102   'SGamma1[1,15,3]'       1e-06
1103   'SGamma1[2,1,1]'        1e-06
1104   'SGamma1[2,1,2]'        1e-06
1105   'SGamma1[2,1,3]'        1e-06
1106   'SGamma1[2,2,1]'        1e-06
1107   'SGamma1[2,2,2]'        1e-06
1108   'SGamma1[2,2,3]'        1e-06
1109   'SGamma1[2,3,1]'        1e-06
1110   'SGamma1[2,3,2]'        1e-06
1111   'SGamma1[2,3,3]'        1e-06
1112   'SGamma1[2,4,1]'        1e-06
1113   'SGamma1[2,4,2]'        1e-06
1114   'SGamma1[2,4,3]'        1e-06
1115   'SGamma1[2,5,1]'        1e-06
1116   'SGamma1[2,5,2]'        1e-06
1117   'SGamma1[2,5,3]'        1e-06
1118   'SGamma1[2,6,1]'        1e-06
1119   'SGamma1[2,6,2]'        1e-06
1120   'SGamma1[2,6,3]'        1e-06
1121   'SGamma1[2,7,1]'        1e-06
1122   'SGamma1[2,7,2]'        1e-06
1123   'SGamma1[2,7,3]'        1e-06
1124   'SGamma1[2,8,1]'        1e-06
1125   'SGamma1[2,8,2]'        1e-06
1126   'SGamma1[2,8,3]'        1e-06
1127   'SGamma1[2,9,1]'        1e-06
1128   'SGamma1[2,9,2]'        1e-06
1129   'SGamma1[2,9,3]'        1e-06
1130   'SGamma1[2,10,1]'       1e-06
1131   'SGamma1[2,10,2]'       1e-06
1132   'SGamma1[2,10,3]'       1e-06
1133   'SGamma1[2,11,1]'       1e-06
1134   'SGamma1[2,11,2]'       1e-06
1135   'SGamma1[2,11,3]'       1e-06
1136   'SGamma1[2,12,1]'       1e-06
1137   'SGamma1[2,12,2]'       1e-06
1138   'SGamma1[2,12,3]'       1e-06
1139   'SGamma1[2,13,1]'       1e-06
1140   'SGamma1[2,13,2]'       1e-06
1141   'SGamma1[2,13,3]'       1e-06
1142   'SGamma1[2,14,1]'       1e-06
1143   'SGamma1[2,14,2]'       1e-06
1144   'SGamma1[2,14,3]'       1e-06
1145   'SGamma1[2,15,1]'       1e-06
1146   'SGamma1[2,15,2]'       1e-06
1147   'SGamma1[2,15,3]'       1e-06
1148   'SGamma2[1,1,1]'            1
1149   'SGamma2[1,1,2]'            1
1150   'SGamma2[1,1,3]'            1
1151   'SGamma2[1,2,1]'            1
1152   'SGamma2[1,2,2]'            1
1153   'SGamma2[1,2,3]'            1
1154   'SGamma2[1,3,1]'            1
1155   'SGamma2[1,3,2]'            1
1156   'SGamma2[1,3,3]'            1
1157   'SGamma2[1,4,1]'            1
1158   'SGamma2[1,4,2]'            1
1159   'SGamma2[1,4,3]'            1
1160   'SGamma2[1,5,1]'            1
1161   'SGamma2[1,5,2]'            1
1162   'SGamma2[1,5,3]'            1
1163   'SGamma2[1,6,1]'            1
1164   'SGamma2[1,6,2]'            1
1165   'SGamma2[1,6,3]'            1
1166   'SGamma2[1,7,1]'            1
1167   'SGamma2[1,7,2]'            1
1168   'SGamma2[1,7,3]'            1
1169   'SGamma2[1,8,1]'            1
1170   'SGamma2[1,8,2]'            1
1171   'SGamma2[1,8,3]'            1
1172   'SGamma2[1,9,1]'            1
1173   'SGamma2[1,9,2]'            1
1174   'SGamma2[1,9,3]'            1
1175   'SGamma2[1,10,1]'           1
1176   'SGamma2[1,10,2]'           1
1177   'SGamma2[1,10,3]'           1
1178   'SGamma2[1,11,1]'           1
1179   'SGamma2[1,11,2]'           1
1180   'SGamma2[1,11,3]'           1
1181   'SGamma2[1,12,1]'           1
1182   'SGamma2[1,12,2]'           1
1183   'SGamma2[1,12,3]'           1
1184   'SGamma2[1,13,1]'           1
1185   'SGamma2[1,13,2]'           1
1186   'SGamma2[1,13,3]'           1
1187   'SGamma2[1,14,1]'           1
1188   'SGamma2[1,14,2]'           1
1189   'SGamma2[1,14,3]'           1
1190   'SGamma2[1,15,1]'           1
1191   'SGamma2[1,15,2]'           1
1192   'SGamma2[1,15,3]'           1
1193   'SGamma2[2,1,1]'            1
1194   'SGamma2[2,1,2]'            1
1195   'SGamma2[2,1,3]'            1
1196   'SGamma2[2,2,1]'            1
1197   'SGamma2[2,2,2]'            1
1198   'SGamma2[2,2,3]'            1
1199   'SGamma2[2,3,1]'            1
1200   'SGamma2[2,3,2]'            1
1201   'SGamma2[2,3,3]'            1
1202   'SGamma2[2,4,1]'            1
1203   'SGamma2[2,4,2]'            1
1204   'SGamma2[2,4,3]'            1
1205   'SGamma2[2,5,1]'            1
1206   'SGamma2[2,5,2]'            1
1207   'SGamma2[2,5,3]'            1
1208   'SGamma2[2,6,1]'            1
1209   'SGamma2[2,6,2]'            1
1210   'SGamma2[2,6,3]'            1
1211   'SGamma2[2,7,1]'            1
1212   'SGamma2[2,7,2]'            1
1213   'SGamma2[2,7,3]'            1
1214   'SGamma2[2,8,1]'            1
1215   'SGamma2[2,8,2]'            1
1216   'SGamma2[2,8,3]'            1
1217   'SGamma2[2,9,1]'            1
1218   'SGamma2[2,9,2]'            1
1219   'SGamma2[2,9,3]'            1
1220   'SGamma2[2,10,1]'           1
1221   'SGamma2[2,10,2]'           1
1222   'SGamma2[2,10,3]'           1
1223   'SGamma2[2,11,1]'           1
1224   'SGamma2[2,11,2]'           1
1225   'SGamma2[2,11,3]'           1
1226   'SGamma2[2,12,1]'           1
1227   'SGamma2[2,12,2]'           1
1228   'SGamma2[2,12,3]'           1
1229   'SGamma2[2,13,1]'           1
1230   'SGamma2[2,13,2]'           1
1231   'SGamma2[2,13,3]'           1
1232   'SGamma2[2,14,1]'           1
1233   'SGamma2[2,14,2]'           1
1234   'SGamma2[2,14,3]'           1
1235   'SGamma2[2,15,1]'           1
1236   'SGamma2[2,15,2]'           1
1237   'SGamma2[2,15,3]'           1
1238   'gamma[1,1,1]'              1
1239   'gamma[1,1,2]'              1
1240   'gamma[1,1,3]'              1
1241   'gamma[1,2,1]'              1
1242   'gamma[1,2,2]'              1
1243   'gamma[1,2,3]'              1
1244   'gamma[1,3,1]'              1
1245   'gamma[1,3,2]'              1
1246   'gamma[1,3,3]'              1
1247   'gamma[1,4,1]'              1
1248   'gamma[1,4,2]'              1
1249   'gamma[1,4,3]'              1
1250   'gamma[1,5,1]'              1
1251   'gamma[1,5,2]'              1
1252   'gamma[1,5,3]'              1
1253   'gamma[1,6,1]'              1
1254   'gamma[1,6,2]'              1
1255   'gamma[1,6,3]'              1
1256   'gamma[1,7,1]'              1
1257   'gamma[1,7,2]'              1
1258   'gamma[1,7,3]'              1
1259   'gamma[1,8,1]'              1
1260   'gamma[1,8,2]'              1
1261   'gamma[1,8,3]'              1
1262   'gamma[1,9,1]'              1
1263   'gamma[1,9,2]'              1
1264   'gamma[1,9,3]'              1
1265   'gamma[1,10,1]'             1
1266   'gamma[1,10,2]'             1
1267   'gamma[1,10,3]'             1
1268   'gamma[1,11,1]'             1
1269   'gamma[1,11,2]'             1
1270   'gamma[1,11,3]'             1
1271   'gamma[1,12,1]'             1
1272   'gamma[1,12,2]'             1
1273   'gamma[1,12,3]'             1
1274   'gamma[1,13,1]'             1
1275   'gamma[1,13,2]'             1
1276   'gamma[1,13,3]'             1
1277   'gamma[1,14,1]'             1
1278   'gamma[1,14,2]'             1
1279   'gamma[1,14,3]'             1
1280   'gamma[1,15,1]'             1
1281   'gamma[1,15,2]'             1
1282   'gamma[1,15,3]'             1
1283   'gamma[2,1,1]'              1
1284   'gamma[2,1,2]'              1
1285   'gamma[2,1,3]'              1
1286   'gamma[2,2,1]'              1
1287   'gamma[2,2,2]'              1
1288   'gamma[2,2,3]'              1
1289   'gamma[2,3,1]'              1
1290   'gamma[2,3,2]'              1
1291   'gamma[2,3,3]'              1
1292   'gamma[2,4,1]'              1
1293   'gamma[2,4,2]'              1
1294   'gamma[2,4,3]'              1
1295   'gamma[2,5,1]'              1
1296   'gamma[2,5,2]'              1
1297   'gamma[2,5,3]'              1
1298   'gamma[2,6,1]'              1
1299   'gamma[2,6,2]'              1
1300   'gamma[2,6,3]'              1
1301   'gamma[2,7,1]'              1
1302   'gamma[2,7,2]'              1
1303   'gamma[2,7,3]'              1
1304   'gamma[2,8,1]'              1
1305   'gamma[2,8,2]'              1
1306   'gamma[2,8,3]'              1
1307   'gamma[2,9,1]'              1
1308   'gamma[2,9,2]'              1
1309   'gamma[2,9,3]'              1
1310   'gamma[2,10,1]'             1
1311   'gamma[2,10,2]'             1
1312   'gamma[2,10,3]'             1
1313   'gamma[2,11,1]'             1
1314   'gamma[2,11,2]'             1
1315   'gamma[2,11,3]'             1
1316   'gamma[2,12,1]'             1
1317   'gamma[2,12,2]'             1
1318   'gamma[2,12,3]'             1
1319   'gamma[2,13,1]'             1
1320   'gamma[2,13,2]'             1
1321   'gamma[2,13,3]'             1
1322   'gamma[2,14,1]'             1
1323   'gamma[2,14,2]'             1
1324   'gamma[2,14,3]'             1
1325   'gamma[2,15,1]'             1
1326   'gamma[2,15,2]'             1
1327   'gamma[2,15,3]'             1
1328   'PrS[1,1,1]'            99474.5
1329   'PrS[1,1,2]'            38104.4
1330   'PrS[1,1,3]'            16496.1
1331   'PrS[1,2,1]'            89469.2
1332   'PrS[1,2,2]'            33841.5
1333   'PrS[1,2,3]'            14467.8
1334   'PrS[1,3,1]'            82567.5
1335   'PrS[1,3,2]'            30933.8
1336   'PrS[1,3,3]'            13099
1337   'PrS[1,4,1]'            76544.2
1338   'PrS[1,4,2]'            28419.9
1339   'PrS[1,4,3]'            11926.1
1340   'PrS[1,5,1]'            71174.1
1341   'PrS[1,5,2]'            26198.5
1342   'PrS[1,5,3]'            10898.6
1343   'PrS[1,6,1]'            66783.9
1344   'PrS[1,6,2]'            24397.3
1345   'PrS[1,6,3]'            10072
1346   'PrS[1,7,1]'            63545
1347   'PrS[1,7,2]'            23077.5
1348   'PrS[1,7,3]'             9470.29
1349   'PrS[1,8,1]'            61350.3
1350   'PrS[1,8,2]'            22187.8
1351   'PrS[1,8,3]'             9066.66
1352   'PrS[1,9,1]'            55383.8
1353   'PrS[1,9,2]'            19788.5
1354   'PrS[1,9,3]'             7986.83
1355   'PrS[1,10,1]'           51182.8
1356   'PrS[1,10,2]'           18117.4
1357   'PrS[1,10,3]'            7242.77
1358   'PrS[1,11,1]'           47425.3
1359   'PrS[1,11,2]'           16636.7
1360   'PrS[1,11,3]'            6589.43
1361   'PrS[1,12,1]'           43401.3
1362   'PrS[1,12,2]'           15066.4
1363   'PrS[1,12,3]'            5903.31
1364   'PrS[1,13,1]'           39243.1
1365   'PrS[1,13,2]'           13461.9
1366   'PrS[1,13,3]'            5210.09
1367   'PrS[1,14,1]'           35593.3
1368   'PrS[1,14,2]'           12070.2
1369   'PrS[1,14,3]'            4615.89
1370   'PrS[1,15,1]'           32935.7
1371   'PrS[1,15,2]'           11067.4
1372   'PrS[1,15,3]'            4192.23
1373   'PrS[2,1,1]'           135783
1374   'PrS[2,1,2]'            53981.6
1375   'PrS[2,1,3]'            24237.1
1376   'PrS[2,2,1]'           124523
1377   'PrS[2,2,2]'            48995.4
1378   'PrS[2,2,3]'            21777.8
1379   'PrS[2,3,1]'           115778
1380   'PrS[2,3,2]'            45160.3
1381   'PrS[2,3,3]'            19902.9
1382   'PrS[2,4,1]'           109689
1383   'PrS[2,4,2]'            42509.9
1384   'PrS[2,4,3]'            18616.5
1385   'PrS[2,5,1]'           105361
1386   'PrS[2,5,2]'            40637
1387   'PrS[2,5,3]'            17712.2
1388   'PrS[2,6,1]'           104800
1389   'PrS[2,6,2]'            40395
1390   'PrS[2,6,3]'            17595.6
1391   'PrS[2,7,1]'           103984
1392   'PrS[2,7,2]'            40042.9
1393   'PrS[2,7,3]'            17426.2
1394   'PrS[2,8,1]'           102821
1395   'PrS[2,8,2]'            39541.8
1396   'PrS[2,8,3]'            17185.3
1397   'PrS[2,9,1]'           101215
1398   'PrS[2,9,2]'            38851.4
1399   'PrS[2,9,3]'            16853.9
1400   'PrS[2,10,1]'           99093.1
1401   'PrS[2,10,2]'           37940.9
1402   'PrS[2,10,3]'           16417.8
1403   'PrS[2,11,1]'           96445.6
1404   'PrS[2,11,2]'           36808.2
1405   'PrS[2,11,3]'           15876.7
1406   'PrS[2,12,1]'           93368.3
1407   'PrS[2,12,2]'           35496.3
1408   'PrS[2,12,3]'           15252.2
1409   'PrS[2,13,1]'           90058.9
1410   'PrS[2,13,2]'           34091.2
1411   'PrS[2,13,3]'           14585.9
1412   'PrS[2,14,1]'           86694
1413   'PrS[2,14,2]'           32668.9
1414   'PrS[2,14,3]'           13914.3
1415   'PrS[2,15,1]'           83023.7
1416   'PrS[2,15,2]'           31125.1
1417   'PrS[2,15,3]'           13188.7
1418   'PrSF[1]'               62118.8
1419   'PrSF[2]'               22498.9
1420   'PrSF[3]'                9207.62
1421   Vap                       147.139
1422   Sep                        80
;

