solve_message = 'MINOS 5.51: infeasible problem (or bad starting guess).\
927 iterations\
Nonlin evals: constrs = 243, Jac = 243.'

:     _varname        _var         :=
1     'F[2]'        0
2     'F[3]'        0
3     'F[4]'        0
4     'F[5]'        0
5     'F[6]'        0
6     'F[7]'        0
7     'F[8]'        0
8     'F[9]'        0
9     'F[10]'       0
10    'F[11]'       0
11    'F[12]'       0
12    'F[13]'       0
13    'F[14]'       0
14    'F[15]'     200
15    'F[16]'       0
16    'F[17]'       0
17    'F[18]'       0
18    'F[19]'       0
19    'F[20]'       0
20    'F[21]'       0
21    'F[22]'       0
22    'F[23]'       0
23    'F[24]'       0
24    'F[25]'       0
25    'F[26]'       0
26    'F[27]'       0
27    'F[28]'       0
28    'F[29]'       0
29    Vs          226.748
30    'y[1,1]'      0.0553029
31    'y[1,2]'      0.7575
32    'y[1,3]'      0.187198
33    'y[2,1]'      0.102447
34    'y[2,2]'      0.795028
35    'y[2,3]'      0.102525
36    'y[3,1]'      0.158274
37    'y[3,2]'      0.764149
38    'y[3,3]'      0.0775762
39    'y[4,1]'      0.218679
40    'y[4,2]'      0.711964
41    'y[4,3]'      0.069357
42    'y[5,1]'      0.278688
43    'y[5,2]'      0.655914
44    'y[5,3]'      0.0653982
45    'y[6,1]'      0.333867
46    'y[6,2]'      0.603506
47    'y[6,3]'      0.062627
48    'y[7,1]'      0.381476
49    'y[7,2]'      0.558119
50    'y[7,3]'      0.0604054
51    'y[8,1]'      0.4205
52    'y[8,2]'      0.520887
53    'y[8,3]'      0.0586131
54    'y[9,1]'      0.451316
55    'y[9,2]'      0.491499
56    'y[9,3]'      0.0571856
57    'y[10,1]'     0.474964
58    'y[10,2]'     0.468941
59    'y[10,3]'     0.056095
60    'y[11,1]'     0.492746
61    'y[11,2]'     0.451989
62    'y[11,3]'     0.0552651
63    'y[12,1]'     0.505921
64    'y[12,2]'     0.439418
65    'y[12,3]'     0.0546613
66    'y[13,1]'     0.515556
67    'y[13,2]'     0.430233
68    'y[13,3]'     0.0542106
69    'y[14,1]'     0.522531
70    'y[14,2]'     0.423589
71    'y[14,3]'     0.0538807
72    'y[15,1]'     0.527539
73    'y[15,2]'     0.418818
74    'y[15,3]'     0.0536427
75    'y[16,1]'     0.542005
76    'y[16,2]'     0.441816
77    'y[16,3]'     0.0161788
78    'y[17,1]'     0.547822
79    'y[17,2]'     0.447933
80    'y[17,3]'     0.00424409
81    'y[18,1]'     0.551342
82    'y[18,2]'     0.44778
83    'y[18,3]'     0.000877699
84    'y[19,1]'     0.555056
85    'y[19,2]'     0.444898
86    'y[19,3]'     4.5666e-05
87    'y[20,1]'     0.560024
88    'y[20,2]'     0.440089
89    'y[20,3]'    -0.000112714
90    'y[21,1]'     0.567345
91    'y[21,2]'     0.432754
92    'y[21,3]'    -9.94654e-05
93    'y[22,1]'     0.578255
94    'y[22,2]'     0.421809
95    'y[22,3]'    -6.37244e-05
96    'y[23,1]'     0.594335
97    'y[23,2]'     0.4057
98    'y[23,3]'    -3.53167e-05
99    'y[24,1]'     0.617556
100   'y[24,2]'     0.382484
101   'y[24,3]'    -4.01217e-05
102   'y[25,1]'     0.650094
103   'y[25,2]'     0.349958
104   'y[25,3]'    -5.22217e-05
105   'y[26,1]'     0.693836
106   'y[26,2]'     0.306227
107   'y[26,3]'    -6.28141e-05
108   'y[27,1]'     0.749009
109   'y[27,2]'     0.251061
110   'y[27,3]'    -6.96098e-05
111   'y[28,1]'     0.812299
112   'y[28,2]'     0.187761
113   'y[28,3]'    -6.0232e-05
114   'y[29,1]'     0.875862
115   'y[29,2]'     0.124172
116   'y[29,3]'    -3.4421e-05
117   'y[30,1]'     0.928988
118   'y[30,2]'     0.0710322
119   'y[30,3]'    -2.05632e-05
120   Ls          365.75
121   'x[1,1]'      0.0207752
122   'x[1,2]'      0.547645
123   'x[1,3]'      0.43158
124   'x[2,1]'      0.0457345
125   'x[2,2]'      0.676979
126   'x[2,3]'      0.277286
127   'x[3,1]'      0.0771613
128   'x[3,2]'      0.698437
129   'x[3,3]'      0.224402
130   'x[4,1]'      0.112835
131   'x[4,2]'      0.678226
132   'x[4,3]'      0.208938
133   'x[5,1]'      0.150504
134   'x[5,2]'      0.645639
135   'x[5,3]'      0.203856
136   'x[6,1]'      0.187348
137   'x[6,2]'      0.611236
138   'x[6,3]'      0.201416
139   'x[7,1]'      0.220894
140   'x[7,2]'      0.579408
141   'x[7,3]'      0.199698
142   'x[8,1]'      0.249618
143   'x[8,2]'      0.552047
144   'x[8,3]'      0.198335
145   'x[9,1]'      0.273081
146   'x[9,2]'      0.529685
147   'x[9,3]'      0.197234
148   'x[10,1]'     0.29151
149   'x[10,2]'     0.512102
150   'x[10,3]'     0.196388
151   'x[11,1]'     0.305619
152   'x[11,2]'     0.498644
153   'x[11,3]'     0.195737
154   'x[12,1]'     0.316185
155   'x[12,2]'     0.488536
156   'x[12,3]'     0.19528
157   'x[13,1]'     0.32398
158   'x[13,2]'     0.481098
159   'x[13,3]'     0.194922
160   'x[14,1]'     0.329653
161   'x[14,2]'     0.475692
162   'x[14,3]'     0.194654
163   'x[15,1]'     0.333744
164   'x[15,2]'     0.471797
165   'x[15,3]'     0.19446
166   'x[16,1]'     0.381014
167   'x[16,2]'     0.553136
168   'x[16,3]'     0.0658504
169   'x[17,1]'     0.399715
170   'x[17,2]'     0.582219
171   'x[17,3]'     0.0180656
172   'x[18,1]'     0.407107
173   'x[18,2]'     0.589062
174   'x[18,3]'     0.0038308
175   'x[19,1]'     0.41174
176   'x[19,2]'     0.588015
177   'x[19,3]'     0.000245018
178   'x[20,1]'     0.416794
179   'x[20,2]'     0.583648
180   'x[20,3]'    -0.000441247
181   'x[21,1]'     0.42396
182   'x[21,2]'     0.576432
183   'x[21,3]'    -0.000392536
184   'x[22,1]'     0.43468
185   'x[22,2]'     0.565563
186   'x[22,3]'    -0.000242263
187   'x[23,1]'     0.450657
188   'x[23,2]'     0.549459
189   'x[23,3]'    -0.000115479
190   'x[24,1]'     0.474129
191   'x[24,2]'     0.52599
192   'x[24,3]'    -0.000119221
193   'x[25,1]'     0.507809
194   'x[25,2]'     0.49234
195   'x[25,3]'    -0.000149061
196   'x[26,1]'     0.554723
197   'x[26,2]'     0.445447
198   'x[26,3]'    -0.000170056
199   'x[27,1]'     0.617171
200   'x[27,2]'     0.383012
201   'x[27,3]'    -0.000183543
202   'x[28,1]'     0.694657
203   'x[28,2]'     0.305475
204   'x[28,3]'    -0.000131894
205   'x[29,1]'     0.781439
206   'x[29,2]'     0.218685
207   'x[29,3]'    -0.00012328
208   'x[30,1]'     0.864977
209   'x[30,2]'     0.135109
210   'x[30,3]'    -8.60565e-05
211   PC           60.9986
212   PR          139.001
;

