solve_message = 'MINOS 5.51: infeasible problem (or bad starting guess).\
633 iterations\
Nonlin evals: constrs = 286, Jac = 286.'

:     _varname        _var         :=
1     'F[2]'        0
2     'F[3]'        0
3     'F[4]'        0
4     'F[5]'        0
5     'F[6]'        0
6     'F[7]'        0
7     'F[8]'        0
8     'F[9]'        0
9     'F[10]'       0
10    'F[11]'       0
11    'F[12]'       0
12    'F[13]'       0
13    'F[14]'       0
14    'F[15]'     200
15    'F[16]'       0
16    'F[17]'       0
17    'F[18]'       0
18    'F[19]'       0
19    'F[20]'       0
20    'F[21]'       0
21    'F[22]'       0
22    'F[23]'       0
23    'F[24]'       0
24    'F[25]'       0
25    'F[26]'       0
26    'F[27]'       0
27    'F[28]'       0
28    'F[29]'       0
29    Vs          256.328
30    'y[1,1]'      0.396242
31    'y[1,2]'      0.193264
32    'y[1,3]'      0.410494
33    'y[2,1]'      0.582056
34    'y[2,2]'      0.272129
35    'y[2,3]'      0.145815
36    'y[3,1]'      0.64402
37    'y[3,2]'      0.278268
38    'y[3,3]'      0.0777122
39    'y[4,1]'      0.728499
40    'y[4,2]'      0.208913
41    'y[4,3]'      0.0625872
42    'y[5,1]'      0.810416
43    'y[5,2]'      0.135387
44    'y[5,3]'      0.0541977
45    'y[6,1]'      0.88823
46    'y[6,2]'      0.057106
47    'y[6,3]'      0.0546639
48    'y[7,1]'      0.918382
49    'y[7,2]'      0.0303844
50    'y[7,3]'      0.0512338
51    'y[8,1]'      0.928857
52    'y[8,2]'      0.0213891
53    'y[8,3]'      0.049754
54    'y[9,1]'      0.929127
55    'y[9,2]'      0.0185706
56    'y[9,3]'      0.052302
57    'y[10,1]'     0.928293
58    'y[10,2]'     0.01654
59    'y[10,3]'     0.0551667
60    'y[11,1]'     0.92533
61    'y[11,2]'     0.0198216
62    'y[11,3]'     0.0548485
63    'y[12,1]'     0.922436
64    'y[12,2]'     0.0227136
65    'y[12,3]'     0.0548502
66    'y[13,1]'     0.920846
67    'y[13,2]'     0.0242193
68    'y[13,3]'     0.0549352
69    'y[14,1]'     0.924193
70    'y[14,2]'     0.0202078
71    'y[14,3]'     0.0555989
72    'y[15,1]'     0.945127
73    'y[15,2]'    -0.00280495
74    'y[15,3]'     0.0576777
75    'y[16,1]'     0.943702
76    'y[16,2]'    -0.00218412
77    'y[16,3]'     0.0584818
78    'y[17,1]'     0.941783
79    'y[17,2]'    -0.00111305
80    'y[17,3]'     0.0593304
81    'y[18,1]'     0.93877
82    'y[18,2]'     0.00165271
83    'y[18,3]'     0.0595769
84    'y[19,1]'     0.939033
85    'y[19,2]'     0.00145524
86    'y[19,3]'     0.0595119
87    'y[20,1]'     0.939278
88    'y[20,2]'     0.00127552
89    'y[20,3]'     0.0594467
90    'y[21,1]'     0.939533
91    'y[21,2]'     0.00110355
92    'y[21,3]'     0.0593639
93    'y[22,1]'     0.939788
94    'y[22,2]'     0.000977057
95    'y[22,3]'     0.0592345
96    'y[23,1]'     0.939994
97    'y[23,2]'     0.00102083
98    'y[23,3]'     0.0589854
99    'y[24,1]'     0.940103
100   'y[24,2]'     0.00149909
101   'y[24,3]'     0.0583979
102   'y[25,1]'     0.939945
103   'y[25,2]'     0.00305717
104   'y[25,3]'     0.0569974
105   'y[26,1]'     0.939183
106   'y[26,2]'     0.00516838
107   'y[26,3]'     0.0556484
108   'y[27,1]'     0.937028
109   'y[27,2]'     0.00655863
110   'y[27,3]'     0.0564138
111   'y[28,1]'     0.934128
112   'y[28,2]'     0.00769362
113   'y[28,3]'     0.0581779
114   'y[29,1]'     0.931198
115   'y[29,2]'     0.0066221
116   'y[29,3]'     0.0621804
117   'y[30,1]'     0.984776
118   'y[30,2]'     0.0118338
119   'y[30,3]'     0.00338976
120   Ls          277.215
121   'x[1,1]'      0.00664098
122   'x[1,2]'      0.0609537
123   'x[1,3]'      0.932405
124   'x[2,1]'      0.276184
125   'x[2,2]'      0.237498
126   'x[2,3]'      0.486318
127   'x[3,1]'      0.394366
128   'x[3,2]'      0.319983
129   'x[3,3]'      0.28565
130   'x[4,1]'      0.49241
131   'x[4,2]'      0.258999
132   'x[4,3]'      0.248591
133   'x[5,1]'      0.595698
134   'x[5,2]'      0.177231
135   'x[5,3]'      0.227071
136   'x[6,1]'      0.685617
137   'x[6,2]'      0.0759466
138   'x[6,3]'      0.238436
139   'x[7,1]'      0.728478
140   'x[7,2]'      0.0405486
141   'x[7,3]'      0.230974
142   'x[8,1]'      0.739445
143   'x[8,2]'      0.0283608
144   'x[8,3]'      0.232194
145   'x[9,1]'      0.731404
146   'x[9,2]'      0.0242393
147   'x[9,3]'      0.244356
148   'x[10,1]'     0.724919
149   'x[10,2]'     0.0222724
150   'x[10,3]'     0.252808
151   'x[11,1]'     0.72208
152   'x[11,2]'     0.0268445
153   'x[11,3]'     0.251075
154   'x[12,1]'     0.718811
155   'x[12,2]'     0.0306132
156   'x[12,3]'     0.250575
157   'x[13,1]'     0.716986
158   'x[13,2]'     0.032459
159   'x[13,3]'     0.250555
160   'x[14,1]'     0.71671
161   'x[14,2]'     0.0327146
162   'x[14,3]'     0.250575
163   'x[15,1]'     0.685626
164   'x[15,2]'     0.0692263
165   'x[15,3]'     0.245148
166   'x[16,1]'     0.552185
167   'x[16,2]'     0.23127
168   'x[16,3]'     0.216545
169   'x[17,1]'     0.550086
170   'x[17,2]'     0.231005
171   'x[17,3]'     0.21891
172   'x[18,1]'     0.547324
173   'x[18,2]'     0.233319
174   'x[18,3]'     0.219357
175   'x[19,1]'     0.546284
176   'x[19,2]'     0.234837
177   'x[19,3]'     0.218878
178   'x[20,1]'     0.546358
179   'x[20,2]'     0.234967
180   'x[20,3]'     0.218675
181   'x[21,1]'     0.546433
182   'x[21,2]'     0.23515
183   'x[21,3]'     0.218417
184   'x[22,1]'     0.546528
185   'x[22,2]'     0.235451
186   'x[22,3]'     0.218021
187   'x[23,1]'     0.546634
188   'x[23,2]'     0.236101
189   'x[23,3]'     0.217265
190   'x[24,1]'     0.546773
191   'x[24,2]'     0.237742
192   'x[24,3]'     0.215485
193   'x[25,1]'     0.547013
194   'x[25,2]'     0.241752
195   'x[25,3]'     0.211235
196   'x[26,1]'     0.547222
197   'x[26,2]'     0.245816
198   'x[26,3]'     0.206962
199   'x[27,1]'     0.546336
200   'x[27,2]'     0.244882
201   'x[27,3]'     0.208781
202   'x[28,1]'     0.543566
203   'x[28,2]'     0.243091
204   'x[28,3]'     0.213343
205   'x[29,1]'     0.539524
206   'x[29,2]'     0.236164
207   'x[29,3]'     0.224311
208   'x[30,1]'     0.577448
209   'x[30,2]'     0.370532
210   'x[30,3]'     0.0520197
211   PC          179.113
212   PR           20.887
;

