solve_message =
'Knitro 10.3.0: Convergence to an infeasible point. Problem may be locally infeasible.\
objective 34041.717611249565; feasibility error 0.00548\
509 iterations; 1131 function evaluations'

:            _varname               _var           :=
1      'F[2]'                       0
2      'F[3]'                       0
3      'F[4]'                       0
4      'F[5]'                       0
5      'F[6]'                       0
6      'F[7]'                       0
7      'F[8]'                     200
8      'F[9]'                       0
9      'F[10]'                      0
10     'F[11]'                      0
11     'F[12]'                      0
12     'F[13]'                      0
13     'F[14]'                      0
14     'V[1,1]'                 25839.4
15     'V[1,2]'                 27548.4
16     'V[1,3]'                 28329.9
17     'V[1,4]'                 28534
18     'V[1,5]'                 28513.8
19     'V[1,6]'                 28448
20     'V[1,7]'                 28488
21     'V[1,8]'                 28783.5
22     'V[1,9]'                 29347.6
23     'V[1,10]'                29979.6
24     'V[1,11]'                30494.3
25     'V[1,12]'                30828.3
26     'V[1,13]'                31016.3
27     'V[1,14]'                31137.1
28     'V[1,15]'                    0
29     'V[2,1]'                  8202.28
30     'V[2,2]'                  8194.88
31     'V[2,3]'                  8176.78
32     'V[2,4]'                  8127.42
33     'V[2,5]'                  8029.07
34     'V[2,6]'                  7841.76
35     'V[2,7]'                  7614.67
36     'V[2,8]'                  7675.11
37     'V[2,9]'                  8212.55
38     'V[2,10]'                 8806.98
39     'V[2,11]'                 9122.95
40     'V[2,12]'                 9235.93
41     'V[2,13]'                 9269.78
42     'V[2,14]'                 9300.63
43     'V[2,15]'                    0
44     'y[1,1,1]'                   0.00812315
45     'y[1,1,2]'                   0.808824
46     'y[1,1,3]'                   0.183052
47     'y[1,2,1]'                   0.0177755
48     'y[1,2,2]'                   0.921749
49     'y[1,2,3]'                   0.0604756
50     'y[1,3,1]'                   0.0353775
51     'y[1,3,2]'                   0.946581
52     'y[1,3,3]'                   0.0180412
53     'y[1,4,1]'                   0.0674339
54     'y[1,4,2]'                   0.927083
55     'y[1,4,3]'                   0.0054829
56     'y[1,5,1]'                   0.124134
57     'y[1,5,2]'                   0.873896
58     'y[1,5,3]'                   0.00196984
59     'y[1,6,1]'                   0.217761
60     'y[1,6,2]'                   0.781246
61     'y[1,6,3]'                   0.000992099
62     'y[1,7,1]'                   0.355018
63     'y[1,7,2]'                   0.644297
64     'y[1,7,3]'                   0.000684666
65     'y[1,8,1]'                   0.523593
66     'y[1,8,2]'                   0.475868
67     'y[1,8,3]'                   0.000538613
68     'y[1,9,1]'                   0.689953
69     'y[1,9,2]'                   0.309958
70     'y[1,9,3]'                   8.95952e-05
71     'y[1,10,1]'                  0.820145
72     'y[1,10,2]'                  0.179842
73     'y[1,10,3]'                  1.29517e-05
74     'y[1,11,1]'                  0.904104
75     'y[1,11,2]'                  0.095894
76     'y[1,11,3]'                  1.68968e-06
77     'y[1,12,1]'                  0.951459
78     'y[1,12,2]'                  0.0485405
79     'y[1,12,3]'                  2.06944e-07
80     'y[1,13,1]'                  0.976122
81     'y[1,13,2]'                  0.0238777
82     'y[1,13,3]'                  2.44821e-08
83     'y[1,14,1]'                  0.988427
84     'y[1,14,2]'                  0.0115726
85     'y[1,14,3]'                  2.84518e-09
86     'y[1,15,1]'                  0.996348
87     'y[1,15,2]'                  0.00557765
88     'y[1,15,3]'                  3.28525e-10
89     'y[2,1,1]'                   1.03959e-07
90     'y[2,1,2]'                   0.000814242
91     'y[2,1,3]'                   0.999186
92     'y[2,2,1]'                   5.31133e-07
93     'y[2,2,2]'                   0.00234764
94     'y[2,2,3]'                   0.997652
95     'y[2,3,1]'                   2.7044e-06
96     'y[2,3,2]'                   0.00674112
97     'y[2,3,3]'                   0.993256
98     'y[2,4,1]'                   1.36787e-05
99     'y[2,4,2]'                   0.0192108
100    'y[2,4,3]'                   0.980776
101    'y[2,5,1]'                   6.79404e-05
102    'y[2,5,2]'                   0.0536674
103    'y[2,5,3]'                   0.946265
104    'y[2,6,1]'                   7.35167e-05
105    'y[2,6,2]'                   0.119578
106    'y[2,6,3]'                   0.880348
107    'y[2,7,1]'                   8.6391e-05
108    'y[2,7,2]'                   0.271085
109    'y[2,7,3]'                   0.728828
110    'y[2,8,1]'                   0.000113299
111    'y[2,8,2]'                   0.526592
112    'y[2,8,3]'                   0.473295
113    'y[2,9,1]'                   0.000164859
114    'y[2,9,2]'                   0.782073
115    'y[2,9,3]'                   0.217762
116    'y[2,10,1]'                  0.000259621
117    'y[2,10,2]'                  0.924281
118    'y[2,10,3]'                  0.0754596
119    'y[2,11,1]'                  0.000437167
120    'y[2,11,2]'                  0.976782
121    'y[2,11,3]'                  0.0227807
122    'y[2,12,1]'                  0.000778992
123    'y[2,12,2]'                  0.992667
124    'y[2,12,3]'                  0.00655363
125    'y[2,13,1]'                  0.00144552
126    'y[2,13,2]'                  0.996697
127    'y[2,13,3]'                  0.00185729
128    'y[2,14,1]'                  0.00275003
129    'y[2,14,2]'                  0.996726
130    'y[2,14,3]'                  0.000523507
131    'y[2,15,1]'                  0.00532874
132    'y[2,15,2]'                  1
133    'y[2,15,3]'                  0.000147878
134    'L[1,1]'                     0
135    'L[1,2]'                 25979.5
136    'L[1,3]'                 27688.5
137    'L[1,4]'                 28470
138    'L[1,5]'                 28674.1
139    'L[1,6]'                 28653.9
140    'L[1,7]'                 28588.1
141    'L[1,8]'                 28628
142    'L[1,9]'                 28723.6
143    'L[1,10]'                29287.6
144    'L[1,11]'                29919.7
145    'L[1,12]'                30434.4
146    'L[1,13]'                30768.4
147    'L[1,14]'                30956.4
148    'L[1,15]'                31077.2
149    'L[2,1]'                     0
150    'L[2,2]'                  8262.28
151    'L[2,3]'                  8254.89
152    'L[2,4]'                  8236.79
153    'L[2,5]'                  8187.42
154    'L[2,6]'                  7948.98
155    'L[2,7]'                  7761.67
156    'L[2,8]'                  7534.58
157    'L[2,9]'                  7595.02
158    'L[2,10]'                 8132.46
159    'L[2,11]'                 8726.9
160    'L[2,12]'                 9042.86
161    'L[2,13]'                 9155.85
162    'L[2,14]'                 9189.69
163    'L[2,15]'                 9220.55
164    'x[1,1,1]'                   0.0030297
165    'x[1,1,2]'                   0.568677
166    'x[1,1,3]'                   0.428293
167    'x[1,2,1]'                   0.00809569
168    'x[1,2,2]'                   0.80753
169    'x[1,2,3]'                   0.184375
170    'x[1,3,1]'                   0.0177009
171    'x[1,3,2]'                   0.919963
172    'x[1,3,3]'                   0.0623366
173    'x[1,4,1]'                   0.0352183
174    'x[1,4,2]'                   0.944722
175    'x[1,4,3]'                   0.0200599
176    'x[1,5,1]'                   0.0671192
177    'x[1,5,2]'                   0.925332
178    'x[1,5,3]'                   0.00754859
179    'x[1,6,1]'                   0.123542
180    'x[1,6,2]'                   0.872404
181    'x[1,6,3]'                   0.00405417
182    'x[1,7,1]'                   0.216709
183    'x[1,7,2]'                   0.780205
184    'x[1,7,3]'                   0.00308602
185    'x[1,8,1]'                   0.353296
186    'x[1,8,2]'                   0.643927
187    'x[1,8,3]'                   0.00277716
188    'x[1,9,1]'                   0.522611
189    'x[1,9,2]'                   0.476849
190    'x[1,9,3]'                   0.000539737
191    'x[1,10,1]'                  0.68933
192    'x[1,10,2]'                  0.310581
193    'x[1,10,3]'                  8.97785e-05
194    'x[1,11,1]'                  0.819796
195    'x[1,11,2]'                  0.180191
196    'x[1,11,3]'                  1.29776e-05
197    'x[1,12,1]'                  0.903927
198    'x[1,12,2]'                  0.0960718
199    'x[1,12,3]'                  1.69301e-06
200    'x[1,13,1]'                  0.951376
201    'x[1,13,2]'                  0.0486242
202    'x[1,13,3]'                  2.07346e-07
203    'x[1,14,1]'                  0.976087
204    'x[1,14,2]'                  0.0239132
205    'x[1,14,3]'                  2.45288e-08
206    'x[1,15,1]'                  0.988416
207    'x[1,15,2]'                  0.0115842
208    'x[1,15,3]'                  2.85003e-09
209    'x[2,1,1]'                   2.02173e-08
210    'x[2,1,2]'                   0.000280891
211    'x[2,1,3]'                   1
212    'x[2,2,1]'                   1.0335e-07
213    'x[2,2,2]'                   0.000810368
214    'x[2,2,3]'                   0.99919
215    'x[2,3,1]'                   5.2742e-07
216    'x[2,3,2]'                   0.00233262
217    'x[2,3,3]'                   0.997667
218    'x[2,4,1]'                   2.68485e-06
219    'x[2,4,2]'                   0.00669406
220    'x[2,4,3]'                   0.993303
221    'x[2,5,1]'                   1.35786e-05
222    'x[2,5,2]'                   0.019072
223    'x[2,5,3]'                   0.980914
224    'x[2,6,1]'                   1.52303e-05
225    'x[2,6,2]'                   0.044188
226    'x[2,6,3]'                   0.955797
227    'x[2,7,1]'                   1.95921e-05
228    'x[2,7,2]'                   0.11055
229    'x[2,7,3]'                   0.88943
230    'x[2,8,1]'                   3.0978e-05
231    'x[2,8,2]'                   0.263396
232    'x[2,8,3]'                   0.736573
233    'x[2,9,1]'                   5.86106e-05
234    'x[2,9,2]'                   0.521657
235    'x[2,9,3]'                   0.478284
236    'x[2,10,1]'                  0.000114293
237    'x[2,10,2]'                  0.77998
238    'x[2,10,3]'                  0.219905
239    'x[2,11,1]'                  0.000213368
240    'x[2,11,2]'                  0.923636
241    'x[2,11,3]'                  0.0761507
242    'x[2,12,1]'                  0.000394103
243    'x[2,12,2]'                  0.976625
244    'x[2,12,3]'                  0.0229812
245    'x[2,13,1]'                  0.00073945
246    'x[2,13,2]'                  0.992651
247    'x[2,13,3]'                  0.00660966
248    'x[2,14,1]'                  0.00141194
249    'x[2,14,2]'                  0.996716
250    'x[2,14,3]'                  0.00187219
251    'x[2,15,1]'                  0.00272788
252    'x[2,15,2]'                  0.996745
253    'x[2,15,3]'                  0.000526777
254    'CC[2]'                      0
255    'CC[3]'                      0
256    'CC[4]'                      0
257    'CC[5]'                      0
258    'CC[6]'                      0
259    'CC[7]'                      0
260    'CC[8]'                      0
261    'CC[9]'                      0
262    'CC[10]'                     0
263    'CC[11]'                     1.3787e-09
264    'CC[12]'                     0
265    'CC[13]'                     0
266    'CC[14]'                     0
267    'CR[2]'                      0
268    'CR[3]'                      0
269    'CR[4]'                      0
270    'CR[5]'                    140.091
271    'CR[6]'                      0
272    'CR[7]'                      0
273    'CR[8]'                      0
274    'CR[9]'                      0
275    'CR[10]'                     0
276    'CR[11]'                     0
277    'CR[12]'                     0
278    'CR[13]'                     0
279    'CR[14]'                     0
280    'PC[1]'                     59.7939
281    'PC[2]'                     79.6496
282    'PR[1]'                      4.83167e-09
283    'PR[2]'                     59.9882
284    'PS[2]'                      0
285    'PS[3]'                      0
286    'PS[4]'                      0
287    'PS[5]'                      0
288    'PS[6]'                      0
289    'PS[7]'                      0
290    'PS[8]'                      6.08731e-09
291    'PS[9]'                      0
292    'PS[10]'                     0
293    'PS[11]'                     0
294    'PS[12]'                     0
295    'PS[13]'                     0
296    'PS[14]'                     0
297    'T[1,1]'                   441.292
298    'T[1,2]'                   431.488
299    'T[1,3]'                   427.035
300    'T[1,4]'                   425.037
301    'T[1,5]'                   423.436
302    'T[1,6]'                   421.238
303    'T[1,7]'                   417.94
304    'T[1,8]'                   413.517
305    'T[1,9]'                   408.542
306    'T[1,10]'                  404.18
307    'T[1,11]'                  401.064
308    'T[1,12]'                  399.176
309    'T[1,13]'                  398.149
310    'T[1,14]'                  397.625
311    'T[1,15]'                  397.443
312    'T[2,1]'                   476.741
313    'T[2,2]'                   476.708
314    'T[2,3]'                   476.576
315    'T[2,4]'                   476.198
316    'T[2,5]'                   475.139
317    'T[2,6]'                   473.05
318    'T[2,7]'                   467.866
319    'T[2,8]'                   457.5
320    'T[2,9]'                   443.715
321    'T[2,10]'                  433.122
322    'T[2,11]'                  428.201
323    'T[2,12]'                  426.517
324    'T[2,13]'                  426.001
325    'T[2,14]'                  425.83
326    'T[2,15]'                  425.967
327    TF                         422.969
328    'QC[1]'                 259170
329    'QC[2]'                  83463.6
330    'QR[1]'                 259305
331    'QR[2]'                  83597.6
332    'H[1,1,1]'                   7.86983
333    'H[1,1,2]'                   8.95065
334    'H[1,1,3]'                  11.1202
335    'H[1,2,1]'                   7.2508
336    'H[1,2,2]'                   8.24658
337    'H[1,2,3]'                  10.2451
338    'H[1,3,1]'                   6.97327
339    'H[1,3,2]'                   7.93092
340    'H[1,3,3]'                   9.85281
341    'H[1,4,1]'                   6.84952
342    'H[1,4,2]'                   7.79018
343    'H[1,4,3]'                   9.67788
344    'H[1,5,1]'                   6.75067
345    'H[1,5,2]'                   7.67775
346    'H[1,5,3]'                   9.53814
347    'H[1,6,1]'                   6.61552
348    'H[1,6,2]'                   7.52403
349    'H[1,6,3]'                   9.34709
350    'H[1,7,1]'                   6.41374
351    'H[1,7,2]'                   7.29453
352    'H[1,7,3]'                   9.06186
353    'H[1,8,1]'                   6.1452
354    'H[1,8,2]'                   6.98911
355    'H[1,8,3]'                   8.68226
356    'H[1,9,1]'                   5.84592
357    'H[1,9,2]'                   6.64872
358    'H[1,9,3]'                   8.25922
359    'H[1,10,1]'                  5.58598
360    'H[1,10,2]'                  6.35306
361    'H[1,10,3]'                  7.89177
362    'H[1,11,1]'                  5.40172
363    'H[1,11,2]'                  6.1435
364    'H[1,11,3]'                  7.63133
365    'H[1,12,1]'                  5.29063
366    'H[1,12,2]'                  6.01714
367    'H[1,12,3]'                  7.4743
368    'H[1,13,1]'                  5.23041
369    'H[1,13,2]'                  5.94866
370    'H[1,13,3]'                  7.38919
371    'H[1,14,1]'                  5.19971
372    'H[1,14,2]'                  5.91374
373    'H[1,14,3]'                  7.3458
374    'H[1,15,1]'                  5.18905
375    'H[1,15,2]'                  5.90161
376    'H[1,15,3]'                  7.33072
377    'H[2,1,1]'                  10.1989
378    'H[2,1,2]'                  11.5996
379    'H[2,1,3]'                  14.4126
380    'H[2,2,1]'                  10.1966
381    'H[2,2,2]'                  11.5971
382    'H[2,2,3]'                  14.4094
383    'H[2,3,1]'                  10.1877
384    'H[2,3,2]'                  11.5869
385    'H[2,3,3]'                  14.3968
386    'H[2,4,1]'                  10.1622
387    'H[2,4,2]'                  11.5579
388    'H[2,4,3]'                  14.3607
389    'H[2,5,1]'                  10.0907
390    'H[2,5,2]'                  11.4765
391    'H[2,5,3]'                  14.2596
392    'H[2,6,1]'                   9.94993
393    'H[2,6,2]'                  11.3165
394    'H[2,6,3]'                  14.0607
395    'H[2,7,1]'                   9.60271
396    'H[2,7,2]'                  10.9216
397    'H[2,7,3]'                  13.5699
398    'H[2,8,1]'                   8.9174
399    'H[2,8,2]'                  10.1421
400    'H[2,8,3]'                  12.6011
401    'H[2,9,1]'                   8.02453
402    'H[2,9,2]'                   9.1266
403    'H[2,9,3]'                  11.3389
404    'H[2,10,1]'                  7.3532
405    'H[2,10,2]'                  8.36305
406    'H[2,10,3]'                 10.3899
407    'H[2,11,1]'                  7.04574
408    'H[2,11,2]'                  8.01335
409    'H[2,11,3]'                  9.95526
410    'H[2,12,1]'                  6.94115
411    'H[2,12,2]'                  7.89439
412    'H[2,12,3]'                  9.8074
413    'H[2,13,1]'                  6.90916
414    'H[2,13,2]'                  7.858
415    'H[2,13,3]'                  9.76218
416    'H[2,14,1]'                  6.89857
417    'H[2,14,2]'                  7.84596
418    'H[2,14,3]'                  9.74721
419    'H[2,15,1]'                  6.90705
420    'H[2,15,2]'                  7.8556
421    'H[2,15,3]'                  9.7592
422    'HF[1]'                      6.72192
423    'HF[2]'                      7.64505
424    'HF[3]'                      9.4975
425    'h[1,1,1]'                   0.660481
426    'h[1,1,2]'                   0.336169
427    'h[1,1,3]'                   0.0334553
428    'h[1,2,1]'                  -0.224331
429    'h[1,2,2]'                  -0.608303
430    'h[1,2,3]'                  -1.07565
431    'h[1,3,1]'                  -0.617723
432    'h[1,3,2]'                  -1.03
433    'h[1,3,3]'                  -1.57277
434    'h[1,4,1]'                  -0.792535
435    'h[1,4,2]'                  -1.21773
436    'h[1,4,3]'                  -1.79443
437    'h[1,5,1]'                  -0.931918
438    'h[1,5,2]'                  -1.36755
439    'h[1,5,3]'                  -1.97149
440    'h[1,6,1]'                  -1.12214
441    'h[1,6,2]'                  -1.57222
442    'h[1,6,3]'                  -2.2136
443    'h[1,7,1]'                  -1.4054
444    'h[1,7,2]'                  -1.87743
445    'h[1,7,3]'                  -2.57511
446    'h[1,8,1]'                  -1.78111
447    'h[1,8,2]'                  -2.28301
448    'h[1,8,3]'                  -3.05635
449    'h[1,9,1]'                  -2.19822
450    'h[1,9,2]'                  -2.73429
451    'h[1,9,3]'                  -3.59292
452    'h[1,10,1]'                 -2.55925
453    'h[1,10,2]'                 -3.12572
454    'h[1,10,3]'                 -4.05925
455    'h[1,11,1]'                 -2.81448
456    'h[1,11,2]'                 -3.4029
457    'h[1,11,3]'                 -4.38997
458    'h[1,12,1]'                 -2.96811
459    'h[1,12,2]'                 -3.56992
460    'h[1,12,3]'                 -4.58946
461    'h[1,13,1]'                 -3.0513
462    'h[1,13,2]'                 -3.66042
463    'h[1,13,3]'                 -4.69762
464    'h[1,14,1]'                 -3.0937
465    'h[1,14,2]'                 -3.70655
466    'h[1,14,3]'                 -4.75276
467    'h[1,15,1]'                 -3.10843
468    'h[1,15,2]'                 -3.72258
469    'h[1,15,3]'                 -4.77193
470    'h[2,1,1]'                   4.11664
471    'h[2,1,2]'                   3.95897
472    'h[2,1,3]'                   4.2226
473    'h[2,2,1]'                   4.11318
474    'h[2,2,2]'                   3.95541
475    'h[2,2,3]'                   4.21854
476    'h[2,3,1]'                   4.09939
477    'h[2,3,2]'                   3.94122
478    'h[2,3,3]'                   4.20238
479    'h[2,4,1]'                   4.06008
480    'h[2,4,2]'                   3.90076
481    'h[2,4,3]'                   4.15625
482    'h[2,5,1]'                   3.95009
483    'h[2,5,2]'                   3.78742
484    'h[2,5,3]'                   4.02699
485    'h[2,6,1]'                   3.73456
486    'h[2,6,2]'                   3.56489
487    'h[2,6,3]'                   3.77278
488    'h[2,7,1]'                   3.20772
489    'h[2,7,2]'                   3.01846
490    'h[2,7,3]'                   3.14642
491    'h[2,8,1]'                   2.18578
492    'h[2,8,2]'                   1.94968
493    'h[2,8,3]'                   1.91318
494    'h[2,9,1]'                   0.88335
495    'h[2,9,2]'                   0.57314
496    'h[2,9,3]'                   0.310759
497    'h[2,10,1]'                 -0.0786926
498    'h[2,10,2]'                 -0.452456
499    'h[2,10,3]'                 -0.892225
500    'h[2,11,1]'                 -0.515181
501    'h[2,11,2]'                 -0.91998
502    'h[2,11,3]'                 -1.44296
503    'h[2,12,1]'                 -0.663138
504    'h[2,12,2]'                 -1.07875
505    'h[2,12,3]'                 -1.63031
506    'h[2,13,1]'                 -0.708337
507    'h[2,13,2]'                 -1.12728
508    'h[2,13,3]'                 -1.68761
509    'h[2,14,1]'                 -0.723295
510    'h[2,14,2]'                 -1.14335
511    'h[2,14,3]'                 -1.70658
512    'h[2,15,1]'                 -0.711318
513    'h[2,15,2]'                 -1.13048
514    'h[2,15,3]'                 -1.69139
515    'hF[1]'                     -0.972416
516    'hF[2]'                     -1.4111
517    'hF[3]'                     -2.02299
518    'tauGamma[1,1,1,1]'      1e-06
519    'tauGamma[1,1,1,2]'      1e-06
520    'tauGamma[1,1,1,3]'      1e-06
521    'tauGamma[1,1,2,1]'      1e-06
522    'tauGamma[1,1,2,2]'      1e-06
523    'tauGamma[1,1,2,3]'      1e-06
524    'tauGamma[1,1,3,1]'      1e-06
525    'tauGamma[1,1,3,2]'      1e-06
526    'tauGamma[1,1,3,3]'      1e-06
527    'tauGamma[1,2,1,1]'      1e-06
528    'tauGamma[1,2,1,2]'      1e-06
529    'tauGamma[1,2,1,3]'      1e-06
530    'tauGamma[1,2,2,1]'      1e-06
531    'tauGamma[1,2,2,2]'      1e-06
532    'tauGamma[1,2,2,3]'      1e-06
533    'tauGamma[1,2,3,1]'      1e-06
534    'tauGamma[1,2,3,2]'      1e-06
535    'tauGamma[1,2,3,3]'      1e-06
536    'tauGamma[1,3,1,1]'      1e-06
537    'tauGamma[1,3,1,2]'      1e-06
538    'tauGamma[1,3,1,3]'      1e-06
539    'tauGamma[1,3,2,1]'      1e-06
540    'tauGamma[1,3,2,2]'      1e-06
541    'tauGamma[1,3,2,3]'      1e-06
542    'tauGamma[1,3,3,1]'      1e-06
543    'tauGamma[1,3,3,2]'      1e-06
544    'tauGamma[1,3,3,3]'      1e-06
545    'tauGamma[1,4,1,1]'      1e-06
546    'tauGamma[1,4,1,2]'      1e-06
547    'tauGamma[1,4,1,3]'      1e-06
548    'tauGamma[1,4,2,1]'      1e-06
549    'tauGamma[1,4,2,2]'      1e-06
550    'tauGamma[1,4,2,3]'      1e-06
551    'tauGamma[1,4,3,1]'      1e-06
552    'tauGamma[1,4,3,2]'      1e-06
553    'tauGamma[1,4,3,3]'      1e-06
554    'tauGamma[1,5,1,1]'      1e-06
555    'tauGamma[1,5,1,2]'      1e-06
556    'tauGamma[1,5,1,3]'      1e-06
557    'tauGamma[1,5,2,1]'      1e-06
558    'tauGamma[1,5,2,2]'      1e-06
559    'tauGamma[1,5,2,3]'      1e-06
560    'tauGamma[1,5,3,1]'      1e-06
561    'tauGamma[1,5,3,2]'      1e-06
562    'tauGamma[1,5,3,3]'      1e-06
563    'tauGamma[1,6,1,1]'      1e-06
564    'tauGamma[1,6,1,2]'      1e-06
565    'tauGamma[1,6,1,3]'      1e-06
566    'tauGamma[1,6,2,1]'      1e-06
567    'tauGamma[1,6,2,2]'      1e-06
568    'tauGamma[1,6,2,3]'      1e-06
569    'tauGamma[1,6,3,1]'      1e-06
570    'tauGamma[1,6,3,2]'      1e-06
571    'tauGamma[1,6,3,3]'      1e-06
572    'tauGamma[1,7,1,1]'      1e-06
573    'tauGamma[1,7,1,2]'      1e-06
574    'tauGamma[1,7,1,3]'      1e-06
575    'tauGamma[1,7,2,1]'      1e-06
576    'tauGamma[1,7,2,2]'      1e-06
577    'tauGamma[1,7,2,3]'      1e-06
578    'tauGamma[1,7,3,1]'      1e-06
579    'tauGamma[1,7,3,2]'      1e-06
580    'tauGamma[1,7,3,3]'      1e-06
581    'tauGamma[1,8,1,1]'      1e-06
582    'tauGamma[1,8,1,2]'      1e-06
583    'tauGamma[1,8,1,3]'      1e-06
584    'tauGamma[1,8,2,1]'      1e-06
585    'tauGamma[1,8,2,2]'      1e-06
586    'tauGamma[1,8,2,3]'      1e-06
587    'tauGamma[1,8,3,1]'      1e-06
588    'tauGamma[1,8,3,2]'      1e-06
589    'tauGamma[1,8,3,3]'      1e-06
590    'tauGamma[1,9,1,1]'      1e-06
591    'tauGamma[1,9,1,2]'      1e-06
592    'tauGamma[1,9,1,3]'      1e-06
593    'tauGamma[1,9,2,1]'      1e-06
594    'tauGamma[1,9,2,2]'      1e-06
595    'tauGamma[1,9,2,3]'      1e-06
596    'tauGamma[1,9,3,1]'      1e-06
597    'tauGamma[1,9,3,2]'      1e-06
598    'tauGamma[1,9,3,3]'      1e-06
599    'tauGamma[1,10,1,1]'     1e-06
600    'tauGamma[1,10,1,2]'     1e-06
601    'tauGamma[1,10,1,3]'     1e-06
602    'tauGamma[1,10,2,1]'     1e-06
603    'tauGamma[1,10,2,2]'     1e-06
604    'tauGamma[1,10,2,3]'     1e-06
605    'tauGamma[1,10,3,1]'     1e-06
606    'tauGamma[1,10,3,2]'     1e-06
607    'tauGamma[1,10,3,3]'     1e-06
608    'tauGamma[1,11,1,1]'     1e-06
609    'tauGamma[1,11,1,2]'     1e-06
610    'tauGamma[1,11,1,3]'     1e-06
611    'tauGamma[1,11,2,1]'     1e-06
612    'tauGamma[1,11,2,2]'     1e-06
613    'tauGamma[1,11,2,3]'     1e-06
614    'tauGamma[1,11,3,1]'     1e-06
615    'tauGamma[1,11,3,2]'     1e-06
616    'tauGamma[1,11,3,3]'     1e-06
617    'tauGamma[1,12,1,1]'     1e-06
618    'tauGamma[1,12,1,2]'     1e-06
619    'tauGamma[1,12,1,3]'     1e-06
620    'tauGamma[1,12,2,1]'     1e-06
621    'tauGamma[1,12,2,2]'     1e-06
622    'tauGamma[1,12,2,3]'     1e-06
623    'tauGamma[1,12,3,1]'     1e-06
624    'tauGamma[1,12,3,2]'     1e-06
625    'tauGamma[1,12,3,3]'     1e-06
626    'tauGamma[1,13,1,1]'     1e-06
627    'tauGamma[1,13,1,2]'     1e-06
628    'tauGamma[1,13,1,3]'     1e-06
629    'tauGamma[1,13,2,1]'     1e-06
630    'tauGamma[1,13,2,2]'     1e-06
631    'tauGamma[1,13,2,3]'     1e-06
632    'tauGamma[1,13,3,1]'     1e-06
633    'tauGamma[1,13,3,2]'     1e-06
634    'tauGamma[1,13,3,3]'     1e-06
635    'tauGamma[1,14,1,1]'     1e-06
636    'tauGamma[1,14,1,2]'     1e-06
637    'tauGamma[1,14,1,3]'     1e-06
638    'tauGamma[1,14,2,1]'     1e-06
639    'tauGamma[1,14,2,2]'     1e-06
640    'tauGamma[1,14,2,3]'     1e-06
641    'tauGamma[1,14,3,1]'     1e-06
642    'tauGamma[1,14,3,2]'     1e-06
643    'tauGamma[1,14,3,3]'     1e-06
644    'tauGamma[1,15,1,1]'     1e-06
645    'tauGamma[1,15,1,2]'     1e-06
646    'tauGamma[1,15,1,3]'     1e-06
647    'tauGamma[1,15,2,1]'     1e-06
648    'tauGamma[1,15,2,2]'     1e-06
649    'tauGamma[1,15,2,3]'     1e-06
650    'tauGamma[1,15,3,1]'     1e-06
651    'tauGamma[1,15,3,2]'     1e-06
652    'tauGamma[1,15,3,3]'     1e-06
653    'tauGamma[2,1,1,1]'      1e-06
654    'tauGamma[2,1,1,2]'      1e-06
655    'tauGamma[2,1,1,3]'      1e-06
656    'tauGamma[2,1,2,1]'      1e-06
657    'tauGamma[2,1,2,2]'      1e-06
658    'tauGamma[2,1,2,3]'      1e-06
659    'tauGamma[2,1,3,1]'      1e-06
660    'tauGamma[2,1,3,2]'      1e-06
661    'tauGamma[2,1,3,3]'      1e-06
662    'tauGamma[2,2,1,1]'      1e-06
663    'tauGamma[2,2,1,2]'      1e-06
664    'tauGamma[2,2,1,3]'      1e-06
665    'tauGamma[2,2,2,1]'      1e-06
666    'tauGamma[2,2,2,2]'      1e-06
667    'tauGamma[2,2,2,3]'      1e-06
668    'tauGamma[2,2,3,1]'      1e-06
669    'tauGamma[2,2,3,2]'      1e-06
670    'tauGamma[2,2,3,3]'      1e-06
671    'tauGamma[2,3,1,1]'      1e-06
672    'tauGamma[2,3,1,2]'      1e-06
673    'tauGamma[2,3,1,3]'      1e-06
674    'tauGamma[2,3,2,1]'      1e-06
675    'tauGamma[2,3,2,2]'      1e-06
676    'tauGamma[2,3,2,3]'      1e-06
677    'tauGamma[2,3,3,1]'      1e-06
678    'tauGamma[2,3,3,2]'      1e-06
679    'tauGamma[2,3,3,3]'      1e-06
680    'tauGamma[2,4,1,1]'      1e-06
681    'tauGamma[2,4,1,2]'      1e-06
682    'tauGamma[2,4,1,3]'      1e-06
683    'tauGamma[2,4,2,1]'      1e-06
684    'tauGamma[2,4,2,2]'      1e-06
685    'tauGamma[2,4,2,3]'      1e-06
686    'tauGamma[2,4,3,1]'      1e-06
687    'tauGamma[2,4,3,2]'      1e-06
688    'tauGamma[2,4,3,3]'      1e-06
689    'tauGamma[2,5,1,1]'      1e-06
690    'tauGamma[2,5,1,2]'      1e-06
691    'tauGamma[2,5,1,3]'      1e-06
692    'tauGamma[2,5,2,1]'      1e-06
693    'tauGamma[2,5,2,2]'      1e-06
694    'tauGamma[2,5,2,3]'      1e-06
695    'tauGamma[2,5,3,1]'      1e-06
696    'tauGamma[2,5,3,2]'      1e-06
697    'tauGamma[2,5,3,3]'      1e-06
698    'tauGamma[2,6,1,1]'      1e-06
699    'tauGamma[2,6,1,2]'      1e-06
700    'tauGamma[2,6,1,3]'      1e-06
701    'tauGamma[2,6,2,1]'      1e-06
702    'tauGamma[2,6,2,2]'      1e-06
703    'tauGamma[2,6,2,3]'      1e-06
704    'tauGamma[2,6,3,1]'      1e-06
705    'tauGamma[2,6,3,2]'      1e-06
706    'tauGamma[2,6,3,3]'      1e-06
707    'tauGamma[2,7,1,1]'      1e-06
708    'tauGamma[2,7,1,2]'      1e-06
709    'tauGamma[2,7,1,3]'      1e-06
710    'tauGamma[2,7,2,1]'      1e-06
711    'tauGamma[2,7,2,2]'      1e-06
712    'tauGamma[2,7,2,3]'      1e-06
713    'tauGamma[2,7,3,1]'      1e-06
714    'tauGamma[2,7,3,2]'      1e-06
715    'tauGamma[2,7,3,3]'      1e-06
716    'tauGamma[2,8,1,1]'      1e-06
717    'tauGamma[2,8,1,2]'      1e-06
718    'tauGamma[2,8,1,3]'      1e-06
719    'tauGamma[2,8,2,1]'      1e-06
720    'tauGamma[2,8,2,2]'      1e-06
721    'tauGamma[2,8,2,3]'      1e-06
722    'tauGamma[2,8,3,1]'      1e-06
723    'tauGamma[2,8,3,2]'      1e-06
724    'tauGamma[2,8,3,3]'      1e-06
725    'tauGamma[2,9,1,1]'      1e-06
726    'tauGamma[2,9,1,2]'      1e-06
727    'tauGamma[2,9,1,3]'      1e-06
728    'tauGamma[2,9,2,1]'      1e-06
729    'tauGamma[2,9,2,2]'      1e-06
730    'tauGamma[2,9,2,3]'      1e-06
731    'tauGamma[2,9,3,1]'      1e-06
732    'tauGamma[2,9,3,2]'      1e-06
733    'tauGamma[2,9,3,3]'      1e-06
734    'tauGamma[2,10,1,1]'     1e-06
735    'tauGamma[2,10,1,2]'     1e-06
736    'tauGamma[2,10,1,3]'     1e-06
737    'tauGamma[2,10,2,1]'     1e-06
738    'tauGamma[2,10,2,2]'     1e-06
739    'tauGamma[2,10,2,3]'     1e-06
740    'tauGamma[2,10,3,1]'     1e-06
741    'tauGamma[2,10,3,2]'     1e-06
742    'tauGamma[2,10,3,3]'     1e-06
743    'tauGamma[2,11,1,1]'     1e-06
744    'tauGamma[2,11,1,2]'     1e-06
745    'tauGamma[2,11,1,3]'     1e-06
746    'tauGamma[2,11,2,1]'     1e-06
747    'tauGamma[2,11,2,2]'     1e-06
748    'tauGamma[2,11,2,3]'     1e-06
749    'tauGamma[2,11,3,1]'     1e-06
750    'tauGamma[2,11,3,2]'     1e-06
751    'tauGamma[2,11,3,3]'     1e-06
752    'tauGamma[2,12,1,1]'     1e-06
753    'tauGamma[2,12,1,2]'     1e-06
754    'tauGamma[2,12,1,3]'     1e-06
755    'tauGamma[2,12,2,1]'     1e-06
756    'tauGamma[2,12,2,2]'     1e-06
757    'tauGamma[2,12,2,3]'     1e-06
758    'tauGamma[2,12,3,1]'     1e-06
759    'tauGamma[2,12,3,2]'     1e-06
760    'tauGamma[2,12,3,3]'     1e-06
761    'tauGamma[2,13,1,1]'     1e-06
762    'tauGamma[2,13,1,2]'     1e-06
763    'tauGamma[2,13,1,3]'     1e-06
764    'tauGamma[2,13,2,1]'     1e-06
765    'tauGamma[2,13,2,2]'     1e-06
766    'tauGamma[2,13,2,3]'     1e-06
767    'tauGamma[2,13,3,1]'     1e-06
768    'tauGamma[2,13,3,2]'     1e-06
769    'tauGamma[2,13,3,3]'     1e-06
770    'tauGamma[2,14,1,1]'     1e-06
771    'tauGamma[2,14,1,2]'     1e-06
772    'tauGamma[2,14,1,3]'     1e-06
773    'tauGamma[2,14,2,1]'     1e-06
774    'tauGamma[2,14,2,2]'     1e-06
775    'tauGamma[2,14,2,3]'     1e-06
776    'tauGamma[2,14,3,1]'     1e-06
777    'tauGamma[2,14,3,2]'     1e-06
778    'tauGamma[2,14,3,3]'     1e-06
779    'tauGamma[2,15,1,1]'     1e-06
780    'tauGamma[2,15,1,2]'     1e-06
781    'tauGamma[2,15,1,3]'     1e-06
782    'tauGamma[2,15,2,1]'     1e-06
783    'tauGamma[2,15,2,2]'     1e-06
784    'tauGamma[2,15,2,3]'     1e-06
785    'tauGamma[2,15,3,1]'     1e-06
786    'tauGamma[2,15,3,2]'     1e-06
787    'tauGamma[2,15,3,3]'     1e-06
788    'PGamma[1,1,1,1]'            1
789    'PGamma[1,1,1,2]'            1
790    'PGamma[1,1,1,3]'            1
791    'PGamma[1,1,2,1]'            1
792    'PGamma[1,1,2,2]'            1
793    'PGamma[1,1,2,3]'            1
794    'PGamma[1,1,3,1]'            1
795    'PGamma[1,1,3,2]'            1
796    'PGamma[1,1,3,3]'            1
797    'PGamma[1,2,1,1]'            1
798    'PGamma[1,2,1,2]'            1
799    'PGamma[1,2,1,3]'            1
800    'PGamma[1,2,2,1]'            1
801    'PGamma[1,2,2,2]'            1
802    'PGamma[1,2,2,3]'            1
803    'PGamma[1,2,3,1]'            1
804    'PGamma[1,2,3,2]'            1
805    'PGamma[1,2,3,3]'            1
806    'PGamma[1,3,1,1]'            1
807    'PGamma[1,3,1,2]'            1
808    'PGamma[1,3,1,3]'            1
809    'PGamma[1,3,2,1]'            1
810    'PGamma[1,3,2,2]'            1
811    'PGamma[1,3,2,3]'            1
812    'PGamma[1,3,3,1]'            1
813    'PGamma[1,3,3,2]'            1
814    'PGamma[1,3,3,3]'            1
815    'PGamma[1,4,1,1]'            1
816    'PGamma[1,4,1,2]'            1
817    'PGamma[1,4,1,3]'            1
818    'PGamma[1,4,2,1]'            1
819    'PGamma[1,4,2,2]'            1
820    'PGamma[1,4,2,3]'            1
821    'PGamma[1,4,3,1]'            1
822    'PGamma[1,4,3,2]'            1
823    'PGamma[1,4,3,3]'            1
824    'PGamma[1,5,1,1]'            1
825    'PGamma[1,5,1,2]'            1
826    'PGamma[1,5,1,3]'            1
827    'PGamma[1,5,2,1]'            1
828    'PGamma[1,5,2,2]'            1
829    'PGamma[1,5,2,3]'            1
830    'PGamma[1,5,3,1]'            1
831    'PGamma[1,5,3,2]'            1
832    'PGamma[1,5,3,3]'            1
833    'PGamma[1,6,1,1]'            1
834    'PGamma[1,6,1,2]'            1
835    'PGamma[1,6,1,3]'            1
836    'PGamma[1,6,2,1]'            1
837    'PGamma[1,6,2,2]'            1
838    'PGamma[1,6,2,3]'            1
839    'PGamma[1,6,3,1]'            1
840    'PGamma[1,6,3,2]'            1
841    'PGamma[1,6,3,3]'            1
842    'PGamma[1,7,1,1]'            1
843    'PGamma[1,7,1,2]'            1
844    'PGamma[1,7,1,3]'            1
845    'PGamma[1,7,2,1]'            1
846    'PGamma[1,7,2,2]'            1
847    'PGamma[1,7,2,3]'            1
848    'PGamma[1,7,3,1]'            1
849    'PGamma[1,7,3,2]'            1
850    'PGamma[1,7,3,3]'            1
851    'PGamma[1,8,1,1]'            1
852    'PGamma[1,8,1,2]'            1
853    'PGamma[1,8,1,3]'            1
854    'PGamma[1,8,2,1]'            1
855    'PGamma[1,8,2,2]'            1
856    'PGamma[1,8,2,3]'            1
857    'PGamma[1,8,3,1]'            1
858    'PGamma[1,8,3,2]'            1
859    'PGamma[1,8,3,3]'            1
860    'PGamma[1,9,1,1]'            1
861    'PGamma[1,9,1,2]'            1
862    'PGamma[1,9,1,3]'            1
863    'PGamma[1,9,2,1]'            1
864    'PGamma[1,9,2,2]'            1
865    'PGamma[1,9,2,3]'            1
866    'PGamma[1,9,3,1]'            1
867    'PGamma[1,9,3,2]'            1
868    'PGamma[1,9,3,3]'            1
869    'PGamma[1,10,1,1]'           1
870    'PGamma[1,10,1,2]'           1
871    'PGamma[1,10,1,3]'           1
872    'PGamma[1,10,2,1]'           1
873    'PGamma[1,10,2,2]'           1
874    'PGamma[1,10,2,3]'           1
875    'PGamma[1,10,3,1]'           1
876    'PGamma[1,10,3,2]'           1
877    'PGamma[1,10,3,3]'           1
878    'PGamma[1,11,1,1]'           1
879    'PGamma[1,11,1,2]'           1
880    'PGamma[1,11,1,3]'           1
881    'PGamma[1,11,2,1]'           1
882    'PGamma[1,11,2,2]'           1
883    'PGamma[1,11,2,3]'           1
884    'PGamma[1,11,3,1]'           1
885    'PGamma[1,11,3,2]'           1
886    'PGamma[1,11,3,3]'           1
887    'PGamma[1,12,1,1]'           1
888    'PGamma[1,12,1,2]'           1
889    'PGamma[1,12,1,3]'           1
890    'PGamma[1,12,2,1]'           1
891    'PGamma[1,12,2,2]'           1
892    'PGamma[1,12,2,3]'           1
893    'PGamma[1,12,3,1]'           1
894    'PGamma[1,12,3,2]'           1
895    'PGamma[1,12,3,3]'           1
896    'PGamma[1,13,1,1]'           1
897    'PGamma[1,13,1,2]'           1
898    'PGamma[1,13,1,3]'           1
899    'PGamma[1,13,2,1]'           1
900    'PGamma[1,13,2,2]'           1
901    'PGamma[1,13,2,3]'           1
902    'PGamma[1,13,3,1]'           1
903    'PGamma[1,13,3,2]'           1
904    'PGamma[1,13,3,3]'           1
905    'PGamma[1,14,1,1]'           1
906    'PGamma[1,14,1,2]'           1
907    'PGamma[1,14,1,3]'           1
908    'PGamma[1,14,2,1]'           1
909    'PGamma[1,14,2,2]'           1
910    'PGamma[1,14,2,3]'           1
911    'PGamma[1,14,3,1]'           1
912    'PGamma[1,14,3,2]'           1
913    'PGamma[1,14,3,3]'           1
914    'PGamma[1,15,1,1]'           1
915    'PGamma[1,15,1,2]'           1
916    'PGamma[1,15,1,3]'           1
917    'PGamma[1,15,2,1]'           1
918    'PGamma[1,15,2,2]'           1
919    'PGamma[1,15,2,3]'           1
920    'PGamma[1,15,3,1]'           1
921    'PGamma[1,15,3,2]'           1
922    'PGamma[1,15,3,3]'           1
923    'PGamma[2,1,1,1]'            1
924    'PGamma[2,1,1,2]'            1
925    'PGamma[2,1,1,3]'            1
926    'PGamma[2,1,2,1]'            1
927    'PGamma[2,1,2,2]'            1
928    'PGamma[2,1,2,3]'            1
929    'PGamma[2,1,3,1]'            1
930    'PGamma[2,1,3,2]'            1
931    'PGamma[2,1,3,3]'            1
932    'PGamma[2,2,1,1]'            1
933    'PGamma[2,2,1,2]'            1
934    'PGamma[2,2,1,3]'            1
935    'PGamma[2,2,2,1]'            1
936    'PGamma[2,2,2,2]'            1
937    'PGamma[2,2,2,3]'            1
938    'PGamma[2,2,3,1]'            1
939    'PGamma[2,2,3,2]'            1
940    'PGamma[2,2,3,3]'            1
941    'PGamma[2,3,1,1]'            1
942    'PGamma[2,3,1,2]'            1
943    'PGamma[2,3,1,3]'            1
944    'PGamma[2,3,2,1]'            1
945    'PGamma[2,3,2,2]'            1
946    'PGamma[2,3,2,3]'            1
947    'PGamma[2,3,3,1]'            1
948    'PGamma[2,3,3,2]'            1
949    'PGamma[2,3,3,3]'            1
950    'PGamma[2,4,1,1]'            1
951    'PGamma[2,4,1,2]'            1
952    'PGamma[2,4,1,3]'            1
953    'PGamma[2,4,2,1]'            1
954    'PGamma[2,4,2,2]'            1
955    'PGamma[2,4,2,3]'            1
956    'PGamma[2,4,3,1]'            1
957    'PGamma[2,4,3,2]'            1
958    'PGamma[2,4,3,3]'            1
959    'PGamma[2,5,1,1]'            1
960    'PGamma[2,5,1,2]'            1
961    'PGamma[2,5,1,3]'            1
962    'PGamma[2,5,2,1]'            1
963    'PGamma[2,5,2,2]'            1
964    'PGamma[2,5,2,3]'            1
965    'PGamma[2,5,3,1]'            1
966    'PGamma[2,5,3,2]'            1
967    'PGamma[2,5,3,3]'            1
968    'PGamma[2,6,1,1]'            1
969    'PGamma[2,6,1,2]'            1
970    'PGamma[2,6,1,3]'            1
971    'PGamma[2,6,2,1]'            1
972    'PGamma[2,6,2,2]'            1
973    'PGamma[2,6,2,3]'            1
974    'PGamma[2,6,3,1]'            1
975    'PGamma[2,6,3,2]'            1
976    'PGamma[2,6,3,3]'            1
977    'PGamma[2,7,1,1]'            1
978    'PGamma[2,7,1,2]'            1
979    'PGamma[2,7,1,3]'            1
980    'PGamma[2,7,2,1]'            1
981    'PGamma[2,7,2,2]'            1
982    'PGamma[2,7,2,3]'            1
983    'PGamma[2,7,3,1]'            1
984    'PGamma[2,7,3,2]'            1
985    'PGamma[2,7,3,3]'            1
986    'PGamma[2,8,1,1]'            1
987    'PGamma[2,8,1,2]'            1
988    'PGamma[2,8,1,3]'            1
989    'PGamma[2,8,2,1]'            1
990    'PGamma[2,8,2,2]'            1
991    'PGamma[2,8,2,3]'            1
992    'PGamma[2,8,3,1]'            1
993    'PGamma[2,8,3,2]'            1
994    'PGamma[2,8,3,3]'            1
995    'PGamma[2,9,1,1]'            1
996    'PGamma[2,9,1,2]'            1
997    'PGamma[2,9,1,3]'            1
998    'PGamma[2,9,2,1]'            1
999    'PGamma[2,9,2,2]'            1
1000   'PGamma[2,9,2,3]'            1
1001   'PGamma[2,9,3,1]'            1
1002   'PGamma[2,9,3,2]'            1
1003   'PGamma[2,9,3,3]'            1
1004   'PGamma[2,10,1,1]'           1
1005   'PGamma[2,10,1,2]'           1
1006   'PGamma[2,10,1,3]'           1
1007   'PGamma[2,10,2,1]'           1
1008   'PGamma[2,10,2,2]'           1
1009   'PGamma[2,10,2,3]'           1
1010   'PGamma[2,10,3,1]'           1
1011   'PGamma[2,10,3,2]'           1
1012   'PGamma[2,10,3,3]'           1
1013   'PGamma[2,11,1,1]'           1
1014   'PGamma[2,11,1,2]'           1
1015   'PGamma[2,11,1,3]'           1
1016   'PGamma[2,11,2,1]'           1
1017   'PGamma[2,11,2,2]'           1
1018   'PGamma[2,11,2,3]'           1
1019   'PGamma[2,11,3,1]'           1
1020   'PGamma[2,11,3,2]'           1
1021   'PGamma[2,11,3,3]'           1
1022   'PGamma[2,12,1,1]'           1
1023   'PGamma[2,12,1,2]'           1
1024   'PGamma[2,12,1,3]'           1
1025   'PGamma[2,12,2,1]'           1
1026   'PGamma[2,12,2,2]'           1
1027   'PGamma[2,12,2,3]'           1
1028   'PGamma[2,12,3,1]'           1
1029   'PGamma[2,12,3,2]'           1
1030   'PGamma[2,12,3,3]'           1
1031   'PGamma[2,13,1,1]'           1
1032   'PGamma[2,13,1,2]'           1
1033   'PGamma[2,13,1,3]'           1
1034   'PGamma[2,13,2,1]'           1
1035   'PGamma[2,13,2,2]'           1
1036   'PGamma[2,13,2,3]'           1
1037   'PGamma[2,13,3,1]'           1
1038   'PGamma[2,13,3,2]'           1
1039   'PGamma[2,13,3,3]'           1
1040   'PGamma[2,14,1,1]'           1
1041   'PGamma[2,14,1,2]'           1
1042   'PGamma[2,14,1,3]'           1
1043   'PGamma[2,14,2,1]'           1
1044   'PGamma[2,14,2,2]'           1
1045   'PGamma[2,14,2,3]'           1
1046   'PGamma[2,14,3,1]'           1
1047   'PGamma[2,14,3,2]'           1
1048   'PGamma[2,14,3,3]'           1
1049   'PGamma[2,15,1,1]'           1
1050   'PGamma[2,15,1,2]'           1
1051   'PGamma[2,15,1,3]'           1
1052   'PGamma[2,15,2,1]'           1
1053   'PGamma[2,15,2,2]'           1
1054   'PGamma[2,15,2,3]'           1
1055   'PGamma[2,15,3,1]'           1
1056   'PGamma[2,15,3,2]'           1
1057   'PGamma[2,15,3,3]'           1
1058   'SGamma1[1,1,1]'         1e-06
1059   'SGamma1[1,1,2]'         1e-06
1060   'SGamma1[1,1,3]'         1e-06
1061   'SGamma1[1,2,1]'         1e-06
1062   'SGamma1[1,2,2]'         1e-06
1063   'SGamma1[1,2,3]'         1e-06
1064   'SGamma1[1,3,1]'         1e-06
1065   'SGamma1[1,3,2]'         1e-06
1066   'SGamma1[1,3,3]'         1e-06
1067   'SGamma1[1,4,1]'         1e-06
1068   'SGamma1[1,4,2]'         1e-06
1069   'SGamma1[1,4,3]'         1e-06
1070   'SGamma1[1,5,1]'         1e-06
1071   'SGamma1[1,5,2]'         1e-06
1072   'SGamma1[1,5,3]'         1e-06
1073   'SGamma1[1,6,1]'         1e-06
1074   'SGamma1[1,6,2]'         1e-06
1075   'SGamma1[1,6,3]'         1e-06
1076   'SGamma1[1,7,1]'         1e-06
1077   'SGamma1[1,7,2]'         1e-06
1078   'SGamma1[1,7,3]'         1e-06
1079   'SGamma1[1,8,1]'         1e-06
1080   'SGamma1[1,8,2]'         1e-06
1081   'SGamma1[1,8,3]'         1e-06
1082   'SGamma1[1,9,1]'         1e-06
1083   'SGamma1[1,9,2]'         1e-06
1084   'SGamma1[1,9,3]'         1e-06
1085   'SGamma1[1,10,1]'        1e-06
1086   'SGamma1[1,10,2]'        1e-06
1087   'SGamma1[1,10,3]'        1e-06
1088   'SGamma1[1,11,1]'        1e-06
1089   'SGamma1[1,11,2]'        1e-06
1090   'SGamma1[1,11,3]'        1e-06
1091   'SGamma1[1,12,1]'        1e-06
1092   'SGamma1[1,12,2]'        1e-06
1093   'SGamma1[1,12,3]'        1e-06
1094   'SGamma1[1,13,1]'        1e-06
1095   'SGamma1[1,13,2]'        1e-06
1096   'SGamma1[1,13,3]'        1e-06
1097   'SGamma1[1,14,1]'        1e-06
1098   'SGamma1[1,14,2]'        1e-06
1099   'SGamma1[1,14,3]'        1e-06
1100   'SGamma1[1,15,1]'        1e-06
1101   'SGamma1[1,15,2]'        1e-06
1102   'SGamma1[1,15,3]'        1e-06
1103   'SGamma1[2,1,1]'             1.00028e-06
1104   'SGamma1[2,1,2]'             1.00028e-06
1105   'SGamma1[2,1,3]'             1.00028e-06
1106   'SGamma1[2,2,1]'         1e-06
1107   'SGamma1[2,2,2]'         1e-06
1108   'SGamma1[2,2,3]'         1e-06
1109   'SGamma1[2,3,1]'         1e-06
1110   'SGamma1[2,3,2]'         1e-06
1111   'SGamma1[2,3,3]'         1e-06
1112   'SGamma1[2,4,1]'         1e-06
1113   'SGamma1[2,4,2]'         1e-06
1114   'SGamma1[2,4,3]'         1e-06
1115   'SGamma1[2,5,1]'         1e-06
1116   'SGamma1[2,5,2]'         1e-06
1117   'SGamma1[2,5,3]'         1e-06
1118   'SGamma1[2,6,1]'         1e-06
1119   'SGamma1[2,6,2]'         1e-06
1120   'SGamma1[2,6,3]'         1e-06
1121   'SGamma1[2,7,1]'         1e-06
1122   'SGamma1[2,7,2]'         1e-06
1123   'SGamma1[2,7,3]'         1e-06
1124   'SGamma1[2,8,1]'         1e-06
1125   'SGamma1[2,8,2]'         1e-06
1126   'SGamma1[2,8,3]'         1e-06
1127   'SGamma1[2,9,1]'         1e-06
1128   'SGamma1[2,9,2]'         1e-06
1129   'SGamma1[2,9,3]'         1e-06
1130   'SGamma1[2,10,1]'        1e-06
1131   'SGamma1[2,10,2]'        1e-06
1132   'SGamma1[2,10,3]'        1e-06
1133   'SGamma1[2,11,1]'        1e-06
1134   'SGamma1[2,11,2]'        1e-06
1135   'SGamma1[2,11,3]'        1e-06
1136   'SGamma1[2,12,1]'        1e-06
1137   'SGamma1[2,12,2]'        1e-06
1138   'SGamma1[2,12,3]'        1e-06
1139   'SGamma1[2,13,1]'        1e-06
1140   'SGamma1[2,13,2]'        1e-06
1141   'SGamma1[2,13,3]'        1e-06
1142   'SGamma1[2,14,1]'        1e-06
1143   'SGamma1[2,14,2]'        1e-06
1144   'SGamma1[2,14,3]'        1e-06
1145   'SGamma1[2,15,1]'        1e-06
1146   'SGamma1[2,15,2]'        1e-06
1147   'SGamma1[2,15,3]'        1e-06
1148   'SGamma2[1,1,1]'             1
1149   'SGamma2[1,1,2]'             1
1150   'SGamma2[1,1,3]'             1
1151   'SGamma2[1,2,1]'             1
1152   'SGamma2[1,2,2]'             1
1153   'SGamma2[1,2,3]'             1
1154   'SGamma2[1,3,1]'             1
1155   'SGamma2[1,3,2]'             1
1156   'SGamma2[1,3,3]'             1
1157   'SGamma2[1,4,1]'             1
1158   'SGamma2[1,4,2]'             1
1159   'SGamma2[1,4,3]'             1
1160   'SGamma2[1,5,1]'             1
1161   'SGamma2[1,5,2]'             1
1162   'SGamma2[1,5,3]'             1
1163   'SGamma2[1,6,1]'             1
1164   'SGamma2[1,6,2]'             1
1165   'SGamma2[1,6,3]'             1
1166   'SGamma2[1,7,1]'             1
1167   'SGamma2[1,7,2]'             1
1168   'SGamma2[1,7,3]'             1
1169   'SGamma2[1,8,1]'             1
1170   'SGamma2[1,8,2]'             1
1171   'SGamma2[1,8,3]'             1
1172   'SGamma2[1,9,1]'             1
1173   'SGamma2[1,9,2]'             1
1174   'SGamma2[1,9,3]'             1
1175   'SGamma2[1,10,1]'            1
1176   'SGamma2[1,10,2]'            1
1177   'SGamma2[1,10,3]'            1
1178   'SGamma2[1,11,1]'            1
1179   'SGamma2[1,11,2]'            1
1180   'SGamma2[1,11,3]'            1
1181   'SGamma2[1,12,1]'            1
1182   'SGamma2[1,12,2]'            1
1183   'SGamma2[1,12,3]'            1
1184   'SGamma2[1,13,1]'            1
1185   'SGamma2[1,13,2]'            1
1186   'SGamma2[1,13,3]'            1
1187   'SGamma2[1,14,1]'            1
1188   'SGamma2[1,14,2]'            1
1189   'SGamma2[1,14,3]'            1
1190   'SGamma2[1,15,1]'            1
1191   'SGamma2[1,15,2]'            1
1192   'SGamma2[1,15,3]'            1
1193   'SGamma2[2,1,1]'             1.00028
1194   'SGamma2[2,1,2]'             1.00028
1195   'SGamma2[2,1,3]'             1.00028
1196   'SGamma2[2,2,1]'             1
1197   'SGamma2[2,2,2]'             1
1198   'SGamma2[2,2,3]'             1
1199   'SGamma2[2,3,1]'             1
1200   'SGamma2[2,3,2]'             1
1201   'SGamma2[2,3,3]'             1
1202   'SGamma2[2,4,1]'             1
1203   'SGamma2[2,4,2]'             1
1204   'SGamma2[2,4,3]'             1
1205   'SGamma2[2,5,1]'             1
1206   'SGamma2[2,5,2]'             1
1207   'SGamma2[2,5,3]'             1
1208   'SGamma2[2,6,1]'             1
1209   'SGamma2[2,6,2]'             1
1210   'SGamma2[2,6,3]'             1
1211   'SGamma2[2,7,1]'             1
1212   'SGamma2[2,7,2]'             1
1213   'SGamma2[2,7,3]'             1
1214   'SGamma2[2,8,1]'             1
1215   'SGamma2[2,8,2]'             1
1216   'SGamma2[2,8,3]'             1
1217   'SGamma2[2,9,1]'             1
1218   'SGamma2[2,9,2]'             1
1219   'SGamma2[2,9,3]'             1
1220   'SGamma2[2,10,1]'            1
1221   'SGamma2[2,10,2]'            1
1222   'SGamma2[2,10,3]'            1
1223   'SGamma2[2,11,1]'            1
1224   'SGamma2[2,11,2]'            1
1225   'SGamma2[2,11,3]'            1
1226   'SGamma2[2,12,1]'            1
1227   'SGamma2[2,12,2]'            1
1228   'SGamma2[2,12,3]'            1
1229   'SGamma2[2,13,1]'            1
1230   'SGamma2[2,13,2]'            1
1231   'SGamma2[2,13,3]'            1
1232   'SGamma2[2,14,1]'            1
1233   'SGamma2[2,14,2]'            1
1234   'SGamma2[2,14,3]'            1
1235   'SGamma2[2,15,1]'            1
1236   'SGamma2[2,15,2]'            1
1237   'SGamma2[2,15,3]'            1
1238   'gamma[1,1,1]'               1
1239   'gamma[1,1,2]'               1
1240   'gamma[1,1,3]'               1
1241   'gamma[1,2,1]'               1
1242   'gamma[1,2,2]'               1
1243   'gamma[1,2,3]'               1
1244   'gamma[1,3,1]'               1
1245   'gamma[1,3,2]'               1
1246   'gamma[1,3,3]'               1
1247   'gamma[1,4,1]'               1
1248   'gamma[1,4,2]'               1
1249   'gamma[1,4,3]'               1
1250   'gamma[1,5,1]'               1
1251   'gamma[1,5,2]'               1
1252   'gamma[1,5,3]'               1
1253   'gamma[1,6,1]'               1
1254   'gamma[1,6,2]'               1
1255   'gamma[1,6,3]'               1
1256   'gamma[1,7,1]'               1
1257   'gamma[1,7,2]'               1
1258   'gamma[1,7,3]'               1
1259   'gamma[1,8,1]'               1
1260   'gamma[1,8,2]'               1
1261   'gamma[1,8,3]'               1
1262   'gamma[1,9,1]'               1
1263   'gamma[1,9,2]'               1
1264   'gamma[1,9,3]'               1
1265   'gamma[1,10,1]'              1
1266   'gamma[1,10,2]'              1
1267   'gamma[1,10,3]'              1
1268   'gamma[1,11,1]'              1
1269   'gamma[1,11,2]'              1
1270   'gamma[1,11,3]'              1
1271   'gamma[1,12,1]'              1
1272   'gamma[1,12,2]'              1
1273   'gamma[1,12,3]'              1
1274   'gamma[1,13,1]'              1
1275   'gamma[1,13,2]'              1
1276   'gamma[1,13,3]'              1
1277   'gamma[1,14,1]'              1
1278   'gamma[1,14,2]'              1
1279   'gamma[1,14,3]'              1
1280   'gamma[1,15,1]'              1
1281   'gamma[1,15,2]'              1
1282   'gamma[1,15,3]'              1
1283   'gamma[2,1,1]'               1
1284   'gamma[2,1,2]'               1
1285   'gamma[2,1,3]'               1
1286   'gamma[2,2,1]'               1
1287   'gamma[2,2,2]'               1
1288   'gamma[2,2,3]'               1
1289   'gamma[2,3,1]'               1
1290   'gamma[2,3,2]'               1
1291   'gamma[2,3,3]'               1
1292   'gamma[2,4,1]'               1
1293   'gamma[2,4,2]'               1
1294   'gamma[2,4,3]'               1
1295   'gamma[2,5,1]'               1
1296   'gamma[2,5,2]'               1
1297   'gamma[2,5,3]'               1
1298   'gamma[2,6,1]'               1
1299   'gamma[2,6,2]'               1
1300   'gamma[2,6,3]'               1
1301   'gamma[2,7,1]'               1
1302   'gamma[2,7,2]'               1
1303   'gamma[2,7,3]'               1
1304   'gamma[2,8,1]'               1
1305   'gamma[2,8,2]'               1
1306   'gamma[2,8,3]'               1
1307   'gamma[2,9,1]'               1
1308   'gamma[2,9,2]'               1
1309   'gamma[2,9,3]'               1
1310   'gamma[2,10,1]'              1
1311   'gamma[2,10,2]'              1
1312   'gamma[2,10,3]'              1
1313   'gamma[2,11,1]'              1
1314   'gamma[2,11,2]'              1
1315   'gamma[2,11,3]'              1
1316   'gamma[2,12,1]'              1
1317   'gamma[2,12,2]'              1
1318   'gamma[2,12,3]'              1
1319   'gamma[2,13,1]'              1
1320   'gamma[2,13,2]'              1
1321   'gamma[2,13,3]'              1
1322   'gamma[2,14,1]'              1
1323   'gamma[2,14,2]'              1
1324   'gamma[2,14,3]'              1
1325   'gamma[2,15,1]'              1
1326   'gamma[2,15,2]'              1
1327   'gamma[2,15,3]'              1
1328   'PrS[1,1,1]'            543339
1329   'PrS[1,1,2]'            288227
1330   'PrS[1,1,3]'             86612.4
1331   'PrS[1,2,1]'            444952
1332   'PrS[1,2,2]'            231313
1333   'PrS[1,2,3]'             66469.8
1334   'PrS[1,3,1]'            405022
1335   'PrS[1,3,2]'            208513
1336   'PrS[1,3,3]'             58650
1337   'PrS[1,4,1]'            388022
1338   'PrS[1,4,2]'            198866
1339   'PrS[1,4,3]'             55389.6
1340   'PrS[1,5,1]'            374792
1341   'PrS[1,5,2]'            191385
1342   'PrS[1,5,3]'             52882.4
1343   'PrS[1,6,1]'            357201
1344   'PrS[1,6,2]'            181475
1345   'PrS[1,6,3]'             49590.6
1346   'PrS[1,7,1]'            331986
1347   'PrS[1,7,2]'            167349
1348   'PrS[1,7,3]'             44960
1349   'PrS[1,8,1]'            300332
1350   'PrS[1,8,2]'            149760
1351   'PrS[1,8,3]'             39302.7
1352   'PrS[1,9,1]'            267539
1353   'PrS[1,9,2]'            131725
1354   'PrS[1,9,3]'             33639.4
1355   'PrS[1,10,1]'           241107
1356   'PrS[1,10,2]'           117344
1357   'PrS[1,10,3]'            29234.8
1358   'PrS[1,11,1]'           223490
1359   'PrS[1,11,2]'           107846
1360   'PrS[1,11,3]'            26385
1361   'PrS[1,12,1]'           213306
1362   'PrS[1,12,2]'           102389
1363   'PrS[1,12,3]'            24770.8
1364   'PrS[1,13,1]'           207921
1365   'PrS[1,13,2]'            99514.6
1366   'PrS[1,13,3]'            23927.5
1367   'PrS[1,14,1]'           205212
1368   'PrS[1,14,2]'            98071.2
1369   'PrS[1,14,3]'            23506
1370   'PrS[1,15,1]'           204276
1371   'PrS[1,15,2]'            97573.2
1372   'PrS[1,15,3]'            23360.9
1373   'PrS[2,1,1]'           1042040
1374   'PrS[2,1,2]'            587439
1375   'PrS[2,1,3]'            202485
1376   'PrS[2,2,1]'           1041450
1377   'PrS[2,2,2]'            587078
1378   'PrS[2,2,3]'            202338
1379   'PrS[2,3,1]'           1039110
1380   'PrS[2,3,2]'            585645
1381   'PrS[2,3,3]'            201754
1382   'PrS[2,4,1]'           1032460
1383   'PrS[2,4,2]'            581569
1384   'PrS[2,4,3]'            200094
1385   'PrS[2,5,1]'           1013950
1386   'PrS[2,5,2]'            570243
1387   'PrS[2,5,3]'            195491
1388   'PrS[2,6,1]'            978192
1389   'PrS[2,6,2]'            548395
1390   'PrS[2,6,3]'            186653
1391   'PrS[2,7,1]'            893579
1392   'PrS[2,7,2]'            496928
1393   'PrS[2,7,3]'            166058
1394   'PrS[2,8,1]'            741172
1395   'PrS[2,8,2]'            405146
1396   'PrS[2,8,3]'            130215
1397   'PrS[2,9,1]'            570012
1398   'PrS[2,9,2]'            303814
1399   'PrS[2,9,3]'             92266.3
1400   'PrS[2,10,1]'           460327
1401   'PrS[2,10,2]'           240141
1402   'PrS[2,10,3]'            69538.4
1403   'PrS[2,11,1]'           415206
1404   'PrS[2,11,2]'           214310
1405   'PrS[2,11,3]'            60623.3
1406   'PrS[2,12,1]'           400562
1407   'PrS[2,12,2]'           205979
1408   'PrS[2,12,3]'            57790.4
1409   'PrS[2,13,1]'           396153
1410   'PrS[2,13,2]'           203476
1411   'PrS[2,13,3]'            56943.7
1412   'PrS[2,14,1]'           394701
1413   'PrS[2,14,2]'           202652
1414   'PrS[2,14,3]'            56665.5
1415   'PrS[2,15,1]'           395863
1416   'PrS[2,15,2]'           203312
1417   'PrS[2,15,3]'            56888.2
1418   'PrSF[1]'               371002
1419   'PrSF[2]'               189246
1420   'PrSF[3]'                52169.1
1421   Vap                      34041.7
1422   Sep                        199
;

