solve_message =
'Knitro 10.3.0: Convergence to an infeasible point. Problem may be locally infeasible.\
objective 16668.9232674295; feasibility error 2.09\
242 iterations; 986 function evaluations'

:          _varname              _var          :=
1     'F[2]'                    0
2     'F[3]'                    0
3     'F[4]'                    0
4     'F[5]'                    0
5     'F[6]'                    0
6     'F[7]'                    0
7     'F[8]'                  200
8     'F[9]'                    0
9     'F[10]'                   0
10    'F[11]'                   0
11    'F[12]'                   0
12    'F[13]'                   0
13    'F[14]'                   0
14    'V[1]'                16668.9
15    'V[2]'                16683.8
16    'V[3]'                16704.4
17    'V[4]'                16732.5
18    'V[5]'                16769.4
19    'V[6]'                16815.1
20    'V[7]'                16868.6
21    'V[8]'                16924.5
22    'V[9]'                16978.5
23    'V[10]'               17026.1
24    'V[11]'               17063.5
25    'V[12]'               17088.1
26    'V[13]'               17101.9
27    'V[14]'               17129.3
28    'V[15]'                   0
29    'y[1,1]'                  2.51571e-06
30    'y[1,2]'                  0.100635
31    'y[1,3]'                  0.899363
32    'y[2,1]'                  8.35255e-06
33    'y[2,2]'                  0.139129
34    'y[2,3]'                  0.860863
35    'y[3,1]'                  2.72414e-05
36    'y[3,2]'                  0.189295
37    'y[3,3]'                  0.810678
38    'y[4,1]'                  8.68723e-05
39    'y[4,2]'                  0.252288
40    'y[4,3]'                  0.747625
41    'y[5,1]'                  0.000269435
42    'y[5,2]'                  0.327645
43    'y[5,3]'                  0.672086
44    'y[6,1]'                  0.000808742
45    'y[6,2]'                  0.412501
46    'y[6,3]'                  0.586691
47    'y[7,1]'                  0.00234142
48    'y[7,2]'                  0.501402
49    'y[7,3]'                  0.496256
50    'y[8,1]'                  0.00652955
51    'y[8,2]'                  0.586945
52    'y[8,3]'                  0.406526
53    'y[9,1]'                  0.00815023
54    'y[9,2]'                  0.666433
55    'y[9,3]'                  0.325417
56    'y[10,1]'                 0.0122428
57    'y[10,2]'                 0.733618
58    'y[10,3]'                 0.254139
59    'y[11,1]'                 0.0225036
60    'y[11,2]'                 0.783636
61    'y[11,3]'                 0.193861
62    'y[12,1]'                 0.0475487
63    'y[12,2]'                 0.808702
64    'y[12,3]'                 0.143749
65    'y[13,1]'                 0.105444
66    'y[13,2]'                 0.792782
67    'y[13,3]'                 0.101774
68    'y[14,1]'                 0.225211
69    'y[14,2]'                 0.708882
70    'y[14,3]'                 0.0659069
71    'y[15,1]'                 0.425244
72    'y[15,2]'                 0.538643
73    'y[15,3]'                 0.0361135
74    'L[1]'                    0
75    'L[2]'                16730.3
76    'L[3]'                16745.2
77    'L[4]'                16765.8
78    'L[5]'                16794
79    'L[6]'                16830.9
80    'L[7]'                16876.5
81    'L[8]'                16927.9
82    'L[9]'                16783.4
83    'L[10]'               16837.4
84    'L[11]'               16885
85    'L[12]'               16922.4
86    'L[13]'               16947
87    'L[14]'               16960.8
88    'L[15]'               16988.2
89    'x[1,1]'                  7.46198e-07
90    'x[1,2]'                  0.0719007
91    'x[1,3]'                  0.928099
92    'x[2,1]'                  2.50922e-06
93    'x[2,2]'                  0.100529
94    'x[2,3]'                  0.899468
95    'x[3,1]'                  8.32465e-06
96    'x[3,2]'                  0.138882
97    'x[3,3]'                  0.86111
98    'x[4,1]'                  2.71443e-05
99    'x[4,2]'                  0.188865
100   'x[4,3]'                  0.811108
101   'x[5,1]'                  8.65573e-05
102   'x[5,2]'                  0.251629
103   'x[5,3]'                  0.748285
104   'x[6,1]'                  0.000268455
105   'x[6,2]'                  0.326711
106   'x[6,3]'                  0.67302
107   'x[7,1]'                  0.000805802
108   'x[7,2]'                  0.411261
109   'x[7,3]'                  0.587933
110   'x[8,1]'                  0.00233321
111   'x[8,2]'                  0.499906
112   'x[8,3]'                  0.497761
113   'x[9,1]'                  0.00300949
114   'x[9,2]'                  0.587351
115   'x[9,3]'                  0.40964
116   'x[10,1]'                 0.00465504
117   'x[10,2]'                 0.667504
118   'x[10,3]'                 0.327841
119   'x[11,1]'                 0.00879168
120   'x[11,2]'                 0.735247
121   'x[11,3]'                 0.255961
122   'x[12,1]'                 0.0191456
123   'x[12,2]'                 0.785678
124   'x[12,3]'                 0.195176
125   'x[13,1]'                 0.0444041
126   'x[13,2]'                 0.810951
127   'x[13,3]'                 0.144645
128   'x[14,1]'                 0.102784
129   'x[14,2]'                 0.794896
130   'x[14,3]'                 0.10232
131   'x[15,1]'                 0.223549
132   'x[15,2]'                 0.710296
133   'x[15,3]'                 0.0661544
134   PC                      141.095
135   PR                       61.4159
136   'T[1]'                  390.169
137   'T[2]'                  389.818
138   'T[3]'                  389.353
139   'T[4]'                  388.752
140   'T[5]'                  388.011
141   'T[6]'                  387.143
142   'T[7]'                  386.185
143   'T[8]'                  385.173
144   'T[9]'                  384.274
145   'T[10]'                 383.44
146   'T[11]'                 382.628
147   'T[12]'                 381.688
148   'T[13]'                 380.278
149   'T[14]'                 377.776
150   'T[15]'                 373.478
151   TF                      372.396
152   QC                   199947
153   QR                    2e+05
154   'H[1,1]'                  2.49118
155   'H[1,2]'                  1.4236
156   'H[1,3]'                  3.00577
157   'H[2,1]'                  2.48083
158   'H[2,2]'                  1.41912
159   'H[2,3]'                  2.9932
160   'H[3,1]'                  2.46706
161   'H[3,2]'                  1.41315
162   'H[3,3]'                  2.97649
163   'H[4,1]'                  2.44934
164   'H[4,2]'                  1.40545
165   'H[4,3]'                  2.95498
166   'H[5,1]'                  2.42749
167   'H[5,2]'                  1.3959
168   'H[5,3]'                  2.92846
169   'H[6,1]'                  2.40194
170   'H[6,2]'                  1.38469
171   'H[6,3]'                  2.89747
172   'H[7,1]'                  2.37377
173   'H[7,2]'                  1.37227
174   'H[7,3]'                  2.86329
175   'H[8,1]'                  2.3441
176   'H[8,2]'                  1.3591
177   'H[8,3]'                  2.82729
178   'H[9,1]'                  2.3178
179   'H[9,2]'                  1.34737
180   'H[9,3]'                  2.7954
181   'H[10,1]'                 2.29342
182   'H[10,2]'                 1.33644
183   'H[10,3]'                 2.76583
184   'H[11,1]'                 2.26973
185   'H[11,2]'                 1.32577
186   'H[11,3]'                 2.73711
187   'H[12,1]'                 2.24236
188   'H[12,2]'                 1.31337
189   'H[12,3]'                 2.70393
190   'H[13,1]'                 2.20139
191   'H[13,2]'                 1.29469
192   'H[13,3]'                 2.65428
193   'H[14,1]'                 2.12898
194   'H[14,2]'                 1.26128
195   'H[14,3]'                 2.56655
196   'H[15,1]'                 2.00543
197   'H[15,2]'                 1.20311
198   'H[15,3]'                 2.41693
199   'HF[1]'                   1.97448
200   'HF[2]'                   1.18831
201   'HF[3]'                   2.37948
202   'h[1,1]'                 -7.41285
203   'h[1,2]'                 -9.86049
204   'h[1,3]'                 -9.0466
205   'h[2,1]'                 -7.43472
206   'h[2,2]'                 -9.87761
207   'h[2,3]'                 -9.07052
208   'h[3,1]'                 -7.46378
209   'h[3,2]'                 -9.90038
210   'h[3,3]'                 -9.10229
211   'h[4,1]'                 -7.50114
212   'h[4,2]'                 -9.92969
213   'h[4,3]'                 -9.14316
214   'h[5,1]'                 -7.54717
215   'h[5,2]'                 -9.96586
216   'h[5,3]'                 -9.19351
217   'h[6,1]'                 -7.60091
218   'h[6,2]'                -10.0082
219   'h[6,3]'                 -9.25232
220   'h[7,1]'                 -7.66008
221   'h[7,2]'                -10.0549
222   'h[7,3]'                 -9.3171
223   'h[8,1]'                 -7.72232
224   'h[8,2]'                -10.1041
225   'h[8,3]'                 -9.38525
226   'h[9,1]'                 -7.7774
227   'h[9,2]'                -10.1477
228   'h[9,3]'                 -9.44557
229   'h[10,1]'                -7.8284
230   'h[10,2]'               -10.1882
231   'h[10,3]'                -9.50146
232   'h[11,1]'                -7.87787
233   'h[11,2]'               -10.2276
234   'h[11,3]'                -9.55568
235   'h[12,1]'                -7.93497
236   'h[12,2]'               -10.2731
237   'h[12,3]'                -9.61827
238   'h[13,1]'                -8.02029
239   'h[13,2]'               -10.3413
240   'h[13,3]'                -9.71184
241   'h[14,1]'                -8.17066
242   'h[14,2]'               -10.4621
243   'h[14,3]'                -9.87683
244   'h[15,1]'                -8.42606
245   'h[15,2]'               -10.6688
246   'h[15,3]'               -10.1573
247   'hF[1]'                  -8.4898
248   'hF[2]'                 -10.7208
249   'hF[3]'                 -10.2273
250   'tauGamma[1,1,1]'     1e-06
251   'tauGamma[1,1,2]'        -0.36774
252   'tauGamma[1,1,3]'     1e-06
253   'tauGamma[1,2,1]'         0.386172
254   'tauGamma[1,2,2]'     1e-06
255   'tauGamma[1,2,3]'         0.204162
256   'tauGamma[1,3,1]'     1e-06
257   'tauGamma[1,3,2]'        -0.178799
258   'tauGamma[1,3,3]'     1e-06
259   'tauGamma[2,1,1]'     1e-06
260   'tauGamma[2,1,2]'        -0.36807
261   'tauGamma[2,1,3]'     1e-06
262   'tauGamma[2,2,1]'         0.386519
263   'tauGamma[2,2,2]'     1e-06
264   'tauGamma[2,2,3]'         0.200136
265   'tauGamma[2,3,1]'     1e-06
266   'tauGamma[2,3,2]'        -0.173373
267   'tauGamma[2,3,3]'     1e-06
268   'tauGamma[3,1,1]'     1e-06
269   'tauGamma[3,1,2]'        -0.36851
270   'tauGamma[3,1,3]'     1e-06
271   'tauGamma[3,2,1]'         0.386981
272   'tauGamma[3,2,2]'     1e-06
273   'tauGamma[3,2,3]'         0.194771
274   'tauGamma[3,3,1]'     1e-06
275   'tauGamma[3,3,2]'        -0.16614
276   'tauGamma[3,3,3]'     1e-06
277   'tauGamma[4,1,1]'     1e-06
278   'tauGamma[4,1,2]'        -0.369079
279   'tauGamma[4,1,3]'     1e-06
280   'tauGamma[4,2,1]'         0.387579
281   'tauGamma[4,2,2]'     1e-06
282   'tauGamma[4,2,3]'         0.187838
283   'tauGamma[4,3,1]'     1e-06
284   'tauGamma[4,3,2]'        -0.156795
285   'tauGamma[4,3,3]'     1e-06
286   'tauGamma[5,1,1]'     1e-06
287   'tauGamma[5,1,2]'        -0.369784
288   'tauGamma[5,1,3]'     1e-06
289   'tauGamma[5,2,1]'         0.388319
290   'tauGamma[5,2,2]'     1e-06
291   'tauGamma[5,2,3]'         0.179247
292   'tauGamma[5,3,1]'     1e-06
293   'tauGamma[5,3,2]'        -0.145216
294   'tauGamma[5,3,3]'     1e-06
295   'tauGamma[6,1,1]'     1e-06
296   'tauGamma[6,1,2]'        -0.370613
297   'tauGamma[6,1,3]'     1e-06
298   'tauGamma[6,2,1]'         0.38919
299   'tauGamma[6,2,2]'     1e-06
300   'tauGamma[6,2,3]'         0.169146
301   'tauGamma[6,3,1]'     1e-06
302   'tauGamma[6,3,2]'        -0.131601
303   'tauGamma[6,3,3]'     1e-06
304   'tauGamma[7,1,1]'     1e-06
305   'tauGamma[7,1,2]'        -0.371533
306   'tauGamma[7,1,3]'     1e-06
307   'tauGamma[7,2,1]'         0.390156
308   'tauGamma[7,2,2]'     1e-06
309   'tauGamma[7,2,3]'         0.157934
310   'tauGamma[7,3,1]'     1e-06
311   'tauGamma[7,3,2]'        -0.116488
312   'tauGamma[7,3,3]'     1e-06
313   'tauGamma[8,1,1]'     1e-06
314   'tauGamma[8,1,2]'        -0.372509
315   'tauGamma[8,1,3]'     1e-06
316   'tauGamma[8,2,1]'         0.391181
317   'tauGamma[8,2,2]'     1e-06
318   'tauGamma[8,2,3]'         0.14604
319   'tauGamma[8,3,1]'     1e-06
320   'tauGamma[8,3,2]'        -0.100456
321   'tauGamma[8,3,3]'     1e-06
322   'tauGamma[9,1,1]'     1e-06
323   'tauGamma[9,1,2]'        -0.37338
324   'tauGamma[9,1,3]'     1e-06
325   'tauGamma[9,2,1]'         0.392096
326   'tauGamma[9,2,2]'     1e-06
327   'tauGamma[9,2,3]'         0.135428
328   'tauGamma[9,3,1]'     1e-06
329   'tauGamma[9,3,2]'        -0.0861515
330   'tauGamma[9,3,3]'     1e-06
331   'tauGamma[10,1,1]'    1e-06
332   'tauGamma[10,1,2]'       -0.374193
333   'tauGamma[10,1,3]'    1e-06
334   'tauGamma[10,2,1]'        0.392949
335   'tauGamma[10,2,2]'    1e-06
336   'tauGamma[10,2,3]'        0.125526
337   'tauGamma[10,3,1]'    1e-06
338   'tauGamma[10,3,2]'       -0.0728044
339   'tauGamma[10,3,3]'    1e-06
340   'tauGamma[11,1,1]'    1e-06
341   'tauGamma[11,1,2]'       -0.374987
342   'tauGamma[11,1,3]'    1e-06
343   'tauGamma[11,2,1]'        0.393783
344   'tauGamma[11,2,2]'    1e-06
345   'tauGamma[11,2,3]'        0.115852
346   'tauGamma[11,3,1]'    1e-06
347   'tauGamma[11,3,2]'       -0.0597643
348   'tauGamma[11,3,3]'    1e-06
349   'tauGamma[12,1,1]'    1e-06
350   'tauGamma[12,1,2]'       -0.37591
351   'tauGamma[12,1,3]'    1e-06
352   'tauGamma[12,2,1]'        0.394752
353   'tauGamma[12,2,2]'    1e-06
354   'tauGamma[12,2,3]'        0.1046
355   'tauGamma[12,3,1]'    1e-06
356   'tauGamma[12,3,2]'       -0.0445986
357   'tauGamma[12,3,3]'    1e-06
358   'tauGamma[13,1,1]'    1e-06
359   'tauGamma[13,1,2]'       -0.377304
360   'tauGamma[13,1,3]'    1e-06
361   'tauGamma[13,2,1]'        0.396216
362   'tauGamma[13,2,2]'    1e-06
363   'tauGamma[13,2,3]'        0.0876154
364   'tauGamma[13,3,1]'    1e-06
365   'tauGamma[13,3,2]'       -0.0217045
366   'tauGamma[13,3,3]'    1e-06
367   'tauGamma[14,1,1]'    1e-06
368   'tauGamma[14,1,2]'       -0.379803
369   'tauGamma[14,1,3]'    1e-06
370   'tauGamma[14,2,1]'        0.39884
371   'tauGamma[14,2,2]'    1e-06
372   'tauGamma[14,2,3]'        0.0571695
373   'tauGamma[14,3,1]'    1e-06
374   'tauGamma[14,3,2]'        0.0193338
375   'tauGamma[14,3,3]'    1e-06
376   'tauGamma[15,1,1]'    1e-06
377   'tauGamma[15,1,2]'       -0.384173
378   'tauGamma[15,1,3]'    1e-06
379   'tauGamma[15,2,1]'        0.40343
380   'tauGamma[15,2,2]'    1e-06
381   'tauGamma[15,2,3]'        0.00391421
382   'tauGamma[15,3,1]'    1e-06
383   'tauGamma[15,3,2]'        0.0911171
384   'tauGamma[15,3,3]'    1e-06
385   'PGamma[1,1,1]'           1
386   'PGamma[1,1,2]'           1.11664
387   'PGamma[1,1,3]'           1
388   'PGamma[1,2,1]'           0.890607
389   'PGamma[1,2,2]'           1
390   'PGamma[1,2,3]'           0.95999
391   'PGamma[1,3,1]'           1
392   'PGamma[1,3,2]'           1.03641
393   'PGamma[1,3,3]'           1
394   'PGamma[2,1,1]'           1
395   'PGamma[2,1,2]'           1.11675
396   'PGamma[2,1,3]'           1
397   'PGamma[2,2,1]'           0.890515
398   'PGamma[2,2,2]'           1
399   'PGamma[2,2,3]'           0.960763
400   'PGamma[2,3,1]'           1
401   'PGamma[2,3,2]'           1.03528
402   'PGamma[2,3,3]'           1
403   'PGamma[3,1,1]'           1
404   'PGamma[3,1,2]'           1.1169
405   'PGamma[3,1,3]'           1
406   'PGamma[3,2,1]'           0.890391
407   'PGamma[3,2,2]'           1
408   'PGamma[3,2,3]'           0.961795
409   'PGamma[3,3,1]'           1
410   'PGamma[3,3,2]'           1.03379
411   'PGamma[3,3,3]'           1
412   'PGamma[4,1,1]'           1
413   'PGamma[4,1,2]'           1.11709
414   'PGamma[4,1,3]'           1
415   'PGamma[4,2,1]'           0.890232
416   'PGamma[4,2,2]'           1
417   'PGamma[4,2,3]'           0.963129
418   'PGamma[4,3,1]'           1
419   'PGamma[4,3,2]'           1.03186
420   'PGamma[4,3,3]'           1
421   'PGamma[5,1,1]'           1
422   'PGamma[5,1,2]'           1.11732
423   'PGamma[5,1,3]'           1
424   'PGamma[5,2,1]'           0.890034
425   'PGamma[5,2,2]'           1
426   'PGamma[5,2,3]'           0.964786
427   'PGamma[5,3,1]'           1
428   'PGamma[5,3,2]'           1.02947
429   'PGamma[5,3,3]'           1
430   'PGamma[6,1,1]'           1
431   'PGamma[6,1,2]'           1.1176
432   'PGamma[6,1,3]'           1
433   'PGamma[6,2,1]'           0.889801
434   'PGamma[6,2,2]'           1
435   'PGamma[6,2,3]'           0.966737
436   'PGamma[6,3,1]'           1
437   'PGamma[6,3,2]'           1.02667
438   'PGamma[6,3,3]'           1
439   'PGamma[7,1,1]'           1
440   'PGamma[7,1,2]'           1.11791
441   'PGamma[7,1,3]'           1
442   'PGamma[7,2,1]'           0.889544
443   'PGamma[7,2,2]'           1
444   'PGamma[7,2,3]'           0.968907
445   'PGamma[7,3,1]'           1
446   'PGamma[7,3,2]'           1.02357
447   'PGamma[7,3,3]'           1
448   'PGamma[8,1,1]'           1
449   'PGamma[8,1,2]'           1.11824
450   'PGamma[8,1,3]'           1
451   'PGamma[8,2,1]'           0.88927
452   'PGamma[8,2,2]'           1
453   'PGamma[8,2,3]'           0.971214
454   'PGamma[8,3,1]'           1
455   'PGamma[8,3,2]'           1.02029
456   'PGamma[8,3,3]'           1
457   'PGamma[9,1,1]'           1
458   'PGamma[9,1,2]'           1.11853
459   'PGamma[9,1,3]'           1
460   'PGamma[9,2,1]'           0.889026
461   'PGamma[9,2,2]'           1
462   'PGamma[9,2,3]'           0.973278
463   'PGamma[9,3,1]'           1
464   'PGamma[9,3,2]'           1.01738
465   'PGamma[9,3,3]'           1
466   'PGamma[10,1,1]'          1
467   'PGamma[10,1,2]'          1.1188
468   'PGamma[10,1,3]'          1
469   'PGamma[10,2,1]'          0.888799
470   'PGamma[10,2,2]'          1
471   'PGamma[10,2,3]'          0.975207
472   'PGamma[10,3,1]'          1
473   'PGamma[10,3,2]'          1.01467
474   'PGamma[10,3,3]'          1
475   'PGamma[11,1,1]'          1
476   'PGamma[11,1,2]'          1.11907
477   'PGamma[11,1,3]'          1
478   'PGamma[11,2,1]'          0.888576
479   'PGamma[11,2,2]'          1
480   'PGamma[11,2,3]'          0.977096
481   'PGamma[11,3,1]'          1
482   'PGamma[11,3,2]'          1.01202
483   'PGamma[11,3,3]'          1
484   'PGamma[12,1,1]'          1
485   'PGamma[12,1,2]'          1.11938
486   'PGamma[12,1,3]'          1
487   'PGamma[12,2,1]'          0.888318
488   'PGamma[12,2,2]'          1
489   'PGamma[12,2,3]'          0.979297
490   'PGamma[12,3,1]'          1
491   'PGamma[12,3,2]'          1.00896
492   'PGamma[12,3,3]'          1
493   'PGamma[13,1,1]'          1
494   'PGamma[13,1,2]'          1.11985
495   'PGamma[13,1,3]'          1
496   'PGamma[13,2,1]'          0.887928
497   'PGamma[13,2,2]'          1
498   'PGamma[13,2,3]'          0.98263
499   'PGamma[13,3,1]'          1
500   'PGamma[13,3,2]'          1.00435
501   'PGamma[13,3,3]'          1
502   'PGamma[14,1,1]'          1
503   'PGamma[14,1,2]'          1.12069
504   'PGamma[14,1,3]'          1
505   'PGamma[14,2,1]'          0.887229
506   'PGamma[14,2,2]'          1
507   'PGamma[14,2,3]'          0.988631
508   'PGamma[14,3,1]'          1
509   'PGamma[14,3,2]'          0.996141
510   'PGamma[14,3,3]'          1
511   'PGamma[15,1,1]'          1
512   'PGamma[15,1,2]'          1.12216
513   'PGamma[15,1,3]'          1
514   'PGamma[15,2,1]'          0.886008
515   'PGamma[15,2,2]'          1
516   'PGamma[15,2,3]'          0.999217
517   'PGamma[15,3,1]'          1
518   'PGamma[15,3,2]'          0.981942
519   'PGamma[15,3,3]'          1
520   'SGamma1[1,1]'            0.0247296
521   'SGamma1[1,2]'           -0.171985
522   'SGamma1[1,3]'            0.014093
523   'SGamma1[2,1]'            0.0346031
524   'SGamma1[2,2]'           -0.161446
525   'SGamma1[2,3]'            0.019331
526   'SGamma1[3,1]'            0.0478548
527   'SGamma1[3,2]'           -0.147902
528   'SGamma1[3,3]'            0.0260175
529   'SGamma1[4,1]'            0.0651659
530   'SGamma1[4,2]'           -0.13124
531   'SGamma1[4,3]'            0.0341688
532   'SGamma1[5,1]'            0.0869679
533   'SGamma1[5,2]'           -0.1119
534   'SGamma1[5,3]'            0.0435161
535   'SGamma1[6,1]'            0.113141
536   'SGamma1[6,2]'           -0.0910429
537   'SGamma1[6,3]'            0.0534244
538   'SGamma1[7,1]'            0.142733
539   'SGamma1[7,2]'           -0.0704355
540   'SGamma1[7,3]'            0.0629332
541   'SGamma1[8,1]'            0.173901
542   'SGamma1[8,2]'           -0.0519892
543   'SGamma1[8,3]'            0.0709054
544   'SGamma1[9,1]'            0.204741
545   'SGamma1[9,2]'           -0.0371607
546   'SGamma1[9,3]'            0.0774185
547   'SGamma1[10,1]'           0.233128
548   'SGamma1[10,2]'          -0.0261665
549   'SGamma1[10,3]'           0.081712
550   'SGamma1[11,1]'           0.257268
551   'SGamma1[11,2]'          -0.0191698
552   'SGamma1[11,3]'           0.0832288
553   'SGamma1[12,1]'           0.275511
554   'SGamma1[12,2]'          -0.016838
555   'SGamma1[12,3]'           0.080481
556   'SGamma1[13,1]'           0.285302
557   'SGamma1[13,2]'          -0.021914
558   'SGamma1[13,3]'           0.0698178
559   'SGamma1[14,1]'           0.281284
560   'SGamma1[14,2]'          -0.0417774
561   'SGamma1[14,3]'           0.0449274
562   'SGamma1[15,1]'           0.25389
563   'SGamma1[15,2]'          -0.090453
564   'SGamma1[15,3]'           0.00277836
565   'SGamma2[1,1]'            0.992135
566   'SGamma2[1,2]'            1.03379
567   'SGamma2[1,3]'            0.997123
568   'SGamma2[2,1]'            0.988994
569   'SGamma2[2,2]'            1.03174
570   'SGamma2[2,3]'            0.996056
571   'SGamma2[3,1]'            0.984777
572   'SGamma2[3,2]'            1.02909
573   'SGamma2[3,3]'            0.994694
574   'SGamma2[4,1]'            0.979269
575   'SGamma2[4,2]'            1.02584
576   'SGamma2[4,3]'            0.993036
577   'SGamma2[5,1]'            0.972329
578   'SGamma2[5,2]'            1.02206
579   'SGamma2[5,3]'            0.991139
580   'SGamma2[6,1]'            0.963997
581   'SGamma2[6,2]'            1.01798
582   'SGamma2[6,3]'            0.989132
583   'SGamma2[7,1]'            0.954574
584   'SGamma2[7,2]'            1.01395
585   'SGamma2[7,3]'            0.987213
586   'SGamma2[8,1]'            0.944645
587   'SGamma2[8,2]'            1.01038
588   'SGamma2[8,3]'            0.98561
589   'SGamma2[9,1]'            0.934819
590   'SGamma2[9,2]'            1.00748
591   'SGamma2[9,3]'            0.984305
592   'SGamma2[10,1]'           0.925773
593   'SGamma2[10,2]'           1.00536
594   'SGamma2[10,3]'           0.983451
595   'SGamma2[11,1]'           0.918076
596   'SGamma2[11,2]'           1.00412
597   'SGamma2[11,3]'           0.98316
598   'SGamma2[12,1]'           0.912254
599   'SGamma2[12,2]'           1.00403
600   'SGamma2[12,3]'           0.983734
601   'SGamma2[13,1]'           0.909115
602   'SGamma2[13,2]'           1.00595
603   'SGamma2[13,3]'           0.985913
604   'SGamma2[14,1]'           0.910359
605   'SGamma2[14,2]'           1.01201
606   'SGamma2[14,3]'           0.990963
607   'SGamma2[15,1]'           0.919032
608   'SGamma2[15,2]'           1.02611
609   'SGamma2[15,3]'           0.999444
610   'gamma[1,1]'              0.996139
611   'gamma[1,2]'              1.01512
612   'gamma[1,3]'              1.00008
613   'gamma[2,1]'              0.994455
614   'gamma[2,2]'              1.01569
615   'gamma[2,3]'              1.00018
616   'gamma[3,1]'              0.9921
617   'gamma[3,2]'              1.0162
618   'gamma[3,3]'              1.00039
619   'gamma[4,1]'              0.988907
620   'gamma[4,2]'              1.01646
621   'gamma[4,3]'              1.00082
622   'gamma[5,1]'              0.984801
623   'gamma[5,2]'              1.01621
624   'gamma[5,3]'              1.0017
625   'gamma[6,1]'              0.979935
626   'gamma[6,2]'              1.01518
627   'gamma[6,3]'              1.00334
628   'gamma[7,1]'              0.974793
629   'gamma[7,2]'              1.01333
630   'gamma[7,3]'              1.00615
631   'gamma[8,1]'              0.97013
632   'gamma[8,2]'              1.01086
633   'gamma[8,3]'              1.01047
634   'gamma[9,1]'              0.966719
635   'gamma[9,2]'              1.00814
636   'gamma[9,3]'              1.01612
637   'gamma[10,1]'             0.964863
638   'gamma[10,2]'             1.0057
639   'gamma[10,3]'             1.02287
640   'gamma[11,1]'             0.964522
641   'gamma[11,2]'             1.0038
642   'gamma[11,3]'             1.03024
643   'gamma[12,1]'             0.965467
644   'gamma[12,2]'             1.00251
645   'gamma[12,3]'             1.03797
646   'gamma[13,1]'             0.967688
647   'gamma[13,2]'             1.00177
648   'gamma[13,3]'             1.0462
649   'gamma[14,1]'             0.971834
650   'gamma[14,2]'             1.00135
651   'gamma[14,3]'             1.05464
652   'gamma[15,1]'             0.979153
653   'gamma[15,2]'             1.00035
654   'gamma[15,3]'             1.05892
655   'PrS[1,1]'           342928
656   'PrS[1,2]'           139706
657   'PrS[1,3]'            98179.6
658   'PrS[2,1]'           339166
659   'PrS[2,2]'           138064
660   'PrS[2,3]'            96958.8
661   'PrS[3,1]'           334214
662   'PrS[3,2]'           135903
663   'PrS[3,3]'            95354
664   'PrS[4,1]'           327917
665   'PrS[4,2]'           133159
666   'PrS[4,3]'            93318.1
667   'PrS[5,1]'           320272
668   'PrS[5,2]'           129831
669   'PrS[5,3]'            90852.8
670   'PrS[6,1]'           311500
671   'PrS[6,2]'           126018
672   'PrS[6,3]'            88033.7
673   'PrS[7,1]'           302033
674   'PrS[7,2]'           121909
675   'PrS[7,3]'            85002.2
676   'PrS[8,1]'           292291
677   'PrS[8,2]'           117688
678   'PrS[8,3]'            81895.4
679   'PrS[9,1]'           283853
680   'PrS[9,2]'           114039
681   'PrS[9,3]'            79215.2
682   'PrS[10,1]'          276191
683   'PrS[10,2]'          110730
684   'PrS[10,3]'           76790.1
685   'PrS[11,1]'          268896
686   'PrS[11,2]'          107585
687   'PrS[11,3]'           74489.4
688   'PrS[12,1]'          260644
689   'PrS[12,2]'          104033
690   'PrS[12,3]'           71896.5
691   'PrS[13,1]'          248645
692   'PrS[13,2]'           98879.4
693   'PrS[13,3]'           68145.2
694   'PrS[14,1]'          228449
695   'PrS[14,2]'           90238.6
696   'PrS[14,3]'           61884.7
697   'PrS[15,1]'          196848
698   'PrS[15,2]'           76811.2
699   'PrS[15,3]'           52235.4
700   'PrSF[1]'            189475
701   'PrSF[2]'             73696.9
702   'PrSF[3]'             50012.2
703   Vap                   16668.9
;

