solve_message =
'filterSQP (20020316): Optimal solution found, objective = 400.736411177194\
103 iterations (81 for feasibility)\
Evals: obj = 29, constr = 180, grad = 61, Hes = 92'

:            _varname                 _var            :=
1      'F[2]'                      0
2      'F[3]'                      0
3      'F[4]'                      0
4      'F[5]'                      0
5      'F[6]'                      0
6      'F[7]'                      0
7      'F[8]'                    100
8      'F[9]'                      0
9      'F[10]'                     0
10     'F[11]'                     0
11     'F[12]'                     0
12     'F[13]'                     0
13     'F[14]'                     0
14     'V[1,1]'                  194.2557036
15     'V[1,2]'                  194.1761894
16     'V[1,3]'                  194.0779838
17     'V[1,4]'                  194.0216867
18     'V[1,5]'                  194.1536304
19     'V[1,6]'                  194.6358962
20     'V[1,7]'                  195.4722409
21     'V[1,8]'                  197.7930911
22     'V[1,9]'                  199.2723704
23     'V[1,10]'                 200.9320724
24     'V[1,11]'                 202.4744178
25     'V[1,12]'                 203.6757756
26     'V[1,13]'                 204.4866849
27     'V[1,14]'                 205.1327536
28     'V[1,15]'                   0
29     'V[2,1]'                  206.4807076
30     'V[2,2]'                  210.2302282
31     'V[2,3]'                  213.235032
32     'V[2,4]'                  215.0215513
33     'V[2,5]'                  215.8936441
34     'V[2,6]'                  216.2351148
35     'V[2,7]'                  216.2527301
36     'V[2,8]'                  216.0229103
37     'V[2,9]'                  215.8156129
38     'V[2,10]'                 216.3812486
39     'V[2,11]'                 220.8990871
40     'V[2,12]'                 224.6126517
41     'V[2,13]'                 229.1658328
42     'V[2,14]'                 232.5806526
43     'V[2,15]'                   0
44     'y[1,1,1]'                  1.43883484e-05
45     'y[1,1,2]'                  0.02266415128
46     'y[1,1,3]'                  0.9773214604
47     'y[1,2,1]'                  6.748409601e-05
48     'y[1,2,2]'                  0.04486986248
49     'y[1,2,3]'                  0.9550626534
50     'y[1,3,1]'                  0.0003039255625
51     'y[1,3,2]'                  0.08417379333
52     'y[1,3,3]'                  0.9155222811
53     'y[1,4,1]'                  0.001319447244
54     'y[1,4,2]'                  0.1498889396
55     'y[1,4,3]'                  0.8487916131
56     'y[1,5,1]'                  0.005425629141
57     'y[1,5,2]'                  0.2493933737
58     'y[1,5,3]'                  0.7451809972
59     'y[1,6,1]'                  0.02052998965
60     'y[1,6,2]'                  0.3765439444
61     'y[1,6,3]'                  0.602926066
62     'y[1,7,1]'                  0.06877600951
63     'y[1,7,2]'                  0.4949891395
64     'y[1,7,3]'                  0.436234851
65     'y[1,8,1]'                  0.1932094399
66     'y[1,8,2]'                  0.5337305181
67     'y[1,8,3]'                  0.273060042
68     'y[1,9,1]'                  0.1957540549
69     'y[1,9,2]'                  0.5961197688
70     'y[1,9,3]'                  0.2081261763
71     'y[1,10,1]'                 0.1984452151
72     'y[1,10,2]'                 0.6564744145
73     'y[1,10,3]'                 0.1450803704
74     'y[1,11,1]'                 0.201907227
75     'y[1,11,2]'                 0.7052157214
76     'y[1,11,3]'                 0.09287705163
77     'y[1,12,1]'                 0.2089470439
78     'y[1,12,2]'                 0.7359135476
79     'y[1,12,3]'                 0.05513940848
80     'y[1,13,1]'                 0.2284371269
81     'y[1,13,2]'                 0.7411736197
82     'y[1,13,3]'                 0.03038925344
83     'y[1,14,1]'                 0.2848641084
84     'y[1,14,2]'                 0.7000843041
85     'y[1,14,3]'                 0.01505158755
86     'y[1,15,1]'                 0.4279421938
87     'y[1,15,2]'                 0.5661084614
88     'y[1,15,3]'                 0.00594934479
89     'y[2,1,1]'                  5.150438824e-05
90     'y[2,1,2]'                  0.6082813875
91     'y[2,1,3]'                  0.3916671082
92     'y[2,2,1]'                  0.0001721059141
93     'y[2,2,2]'                  0.7811931139
94     'y[2,2,3]'                  0.2186347802
95     'y[2,3,1]'                  0.0005177696348
96     'y[2,3,2]'                  0.8920674094
97     'y[2,3,3]'                  0.107414821
98     'y[2,4,1]'                  0.001462823093
99     'y[2,4,2]'                  0.9494920073
100    'y[2,4,3]'                  0.0490451696
101    'y[2,5,1]'                  0.00399984315
102    'y[2,5,2]'                  0.9742727315
103    'y[2,5,3]'                  0.02172742533
104    'y[2,6,1]'                  0.01074052311
105    'y[2,6,2]'                  0.9796253876
106    'y[2,6,3]'                  0.009634089241
107    'y[2,7,1]'                  0.02837501574
108    'y[2,7,2]'                  0.9672208264
109    'y[2,7,3]'                  0.004404157904
110    'y[2,8,1]'                  0.07285580816
111    'y[2,8,2]'                  0.9249956162
112    'y[2,8,3]'                  0.002148575626
113    'y[2,9,1]'                  0.1602735668
114    'y[2,9,2]'                  0.8384326706
115    'y[2,9,3]'                  0.001293762566
116    'y[2,10,1]'                 0.3075244522
117    'y[2,10,2]'                 0.6915707971
118    'y[2,10,3]'                 0.0009047507093
119    'y[2,11,1]'                 0.4996898572
120    'y[2,11,2]'                 0.4996513992
121    'y[2,11,3]'                 0.0006587435743
122    'y[2,12,1]'                 0.6789557223
123    'y[2,12,2]'                 0.3208750725
124    'y[2,12,3]'                 0.0001692051673
125    'y[2,13,1]'                 0.8345972067
126    'y[2,13,2]'                 0.165368599
127    'y[2,13,3]'                 3.419430954e-05
128    'y[2,14,1]'                 0.928340916
129    'y[2,14,2]'                 0.07165333049
130    'y[2,14,3]'                 5.75352534e-06
131    'y[2,15,1]'                 0.9724048808
132    'y[2,15,2]'                 0.02759425626
133    'y[2,15,3]'                 8.629284062e-07
134    'L[1,1]'                    0
135    'L[1,2]'                  224.1529667
136    'L[1,3]'                  224.0734525
137    'L[1,4]'                  223.9752469
138    'L[1,5]'                  223.9189498
139    'L[1,6]'                  224.0508935
140    'L[1,7]'                  224.5331593
141    'L[1,8]'                  225.369504
142    'L[1,9]'                  127.6903541
143    'L[1,10]'                 129.1696335
144    'L[1,11]'                 130.8293355
145    'L[1,12]'                 132.3716809
146    'L[1,13]'                 133.5730387
147    'L[1,14]'                 134.383948
148    'L[1,15]'                 135.0300167
149    'L[2,1]'                    0
150    'L[2,2]'                  206.8231224
151    'L[2,3]'                  210.572643
152    'L[2,4]'                  213.5774469
153    'L[2,5]'                  215.3639661
154    'L[2,6]'                  216.2360589
155    'L[2,7]'                  216.5775296
156    'L[2,8]'                  216.5951449
157    'L[2,9]'                  256.4419877
158    'L[2,10]'                 256.2346903
159    'L[2,11]'                 256.800326
160    'L[2,12]'                 191.2154275
161    'L[2,13]'                 194.9289922
162    'L[2,14]'                 199.4821732
163    'L[2,15]'                 202.8969931
164    'x[1,1,1]'                  2.708421643e-06
165    'x[1,1,2]'                  0.01051091068
166    'x[1,1,3]'                  0.9894863809
167    'x[1,2,1]'                  1.28304933e-05
168    'x[1,2,2]'                  0.02104316612
169    'x[1,2,3]'                  0.9789440034
170    'x[1,3,1]'                  5.884132572e-05
171    'x[1,3,2]'                  0.04028547905
172    'x[1,3,3]'                  0.9596556796
173    'x[1,4,1]'                  0.0002637176903
174    'x[1,4,2]'                  0.07434092737
175    'x[1,4,3]'                  0.9253953549
176    'x[1,5,1]'                  0.0011436386
177    'x[1,5,2]'                  0.1312794311
178    'x[1,5,3]'                  0.8675769303
179    'x[1,6,1]'                  0.004701996734
180    'x[1,6,2]'                  0.2175169918
181    'x[1,6,3]'                  0.7777810115
182    'x[1,7,1]'                  0.01779672064
183    'x[1,7,2]'                  0.3278055489
184    'x[1,7,3]'                  0.6543977304
185    'x[1,8,1]'                  0.0596526213
186    'x[1,8,2]'                  0.4307188065
187    'x[1,8,3]'                  0.5096285722
188    'x[1,9,1]'                  0.06433981153
189    'x[1,9,2]'                  0.5159548415
190    'x[1,9,3]'                  0.419705347
191    'x[1,10,1]'                 0.06974127942
192    'x[1,10,2]'                 0.6124074576
193    'x[1,10,3]'                 0.317851263
194    'x[1,11,1]'                 0.07547305249
195    'x[1,11,2]'                 0.7048955168
196    'x[1,11,3]'                 0.2196314307
197    'x[1,12,1]'                 0.08220133737
198    'x[1,12,2]'                 0.7788855546
199    'x[1,12,3]'                 0.138913108
200    'x[1,13,1]'                 0.09401247682
201    'x[1,13,2]'                 0.8250318412
202    'x[1,13,3]'                 0.08095568193
203    'x[1,14,1]'                 0.1243633039
204    'x[1,14,2]'                 0.8324981188
205    'x[1,14,3]'                 0.04313857738
206    'x[1,15,1]'                 0.2105831031
207    'x[1,15,2]'                 0.7696397516
208    'x[1,15,3]'                 0.0197771452
209    'x[2,1,1]'                  1.343616731e-05
210    'x[2,1,2]'                  0.4065132132
211    'x[2,1,3]'                  0.5934733506
212    'x[2,2,1]'                  5.144136278e-05
213    'x[2,2,2]'                  0.6079473416
214    'x[2,2,3]'                  0.3920012171
215    'x[2,3,1]'                  0.0001718478992
216    'x[2,3,2]'                  0.7805838422
217    'x[2,3,3]'                  0.2192443099
218    'x[2,4,1]'                  0.0005169610698
219    'x[2,4,2]'                  0.8912889519
220    'x[2,4,3]'                  0.108194087
221    'x[2,5,1]'                  0.001460518661
222    'x[2,5,2]'                  0.9486287061
223    'x[2,5,3]'                  0.04991077528
224    'x[2,6,1]'                  0.003993530582
225    'x[2,6,2]'                  0.9733736712
226    'x[2,6,3]'                  0.02263279825
227    'x[2,7,1]'                  0.0107235633
228    'x[2,7,2]'                  0.9787192821
229    'x[2,7,3]'                  0.01055715458
230    'x[2,8,1]'                  0.02833017898
231    'x[2,8,2]'                  0.9663344049
232    'x[2,8,3]'                  0.005335416156
233    'x[2,9,1]'                  0.06580009571
234    'x[2,9,2]'                  0.9307637225
235    'x[2,9,3]'                  0.003436181826
236    'x[2,10,1]'                 0.1394226583
237    'x[2,10,2]'                 0.8578600909
238    'x[2,10,3]'                 0.002717250729
239    'x[2,11,1]'                 0.2635429231
240    'x[2,11,2]'                 0.734070745
241    'x[2,11,3]'                 0.002386331962
242    'x[2,12,1]'                 0.4263071182
243    'x[2,12,2]'                 0.572932011
244    'x[2,12,3]'                 0.0007608708208
245    'x[2,13,1]'                 0.6342694762
246    'x[2,13,2]'                 0.3655356835
247    'x[2,13,3]'                 0.0001948402134
248    'x[2,14,1]'                 0.8140909328
249    'x[2,14,2]'                 0.1858699131
250    'x[2,14,3]'                 3.915413804e-05
251    'x[2,15,1]'                 0.921894395
252    'x[2,15,2]'                 0.07809913602
253    'x[2,15,3]'                 6.46901556e-06
254    'CC[2]'                     0
255    'CC[3]'                     0
256    'CC[4]'                     0
257    'CC[5]'                     0
258    'CC[6]'                     0
259    'CC[7]'                     0
260    'CC[8]'                     0
261    'CC[9]'                     0
262    'CC[10]'                    0
263    'CC[11]'                   70.10273692
264    'CC[12]'                    0
265    'CC[13]'                    0
266    'CC[14]'                    0
267    'CR[2]'                     0
268    'CR[3]'                     0
269    'CR[4]'                     0
270    'CR[5]'                     0
271    'CR[6]'                     0
272    'CR[7]'                     0
273    'CR[8]'                     0
274    'CR[9]'                     0
275    'CR[10]'                    0
276    'CR[11]'                    0
277    'CR[12]'                    0
278    'CR[13]'                    0
279    'CR[14]'                    0
280    'PC[1]'                     0
281    'PC[2]'                    29.68365952
282    'PR[1]'                    29.89726308
283    'PR[2]'                     0.3424148103
284    'PS[2]'                     0
285    'PS[3]'                     0
286    'PS[4]'                     0
287    'PS[5]'                     0
288    'PS[6]'                     0
289    'PS[7]'                     0
290    'PS[8]'                    40.07666258
291    'PS[9]'                     0
292    'PS[10]'                    0
293    'PS[11]'                    0
294    'PS[12]'                    0
295    'PS[13]'                    0
296    'PS[14]'                    0
297    'T[1,1]'                  369.1671937
298    'T[1,2]'                  368.8080445
299    'T[1,3]'                  368.15808
300    'T[1,4]'                  367.0226877
301    'T[1,5]'                  365.1454384
302    'T[1,6]'                  362.2589963
303    'T[1,7]'                  358.1113931
304    'T[1,8]'                  352.3046808
305    'T[1,9]'                  350.3008452
306    'T[1,10]'                 348.185673
307    'T[1,11]'                 346.2636709
308    'T[1,12]'                 344.6898218
309    'T[1,13]'                 343.3161912
310    'T[1,14]'                 341.5369416
311    'T[1,15]'                 337.995534
312    'T[2,1]'                  357.8393089
313    'T[2,2]'                  353.354265
314    'T[2,3]'                  349.9906472
315    'T[2,4]'                  348.0112519
316    'T[2,5]'                  346.9907268
317    'T[2,6]'                  346.4282906
318    'T[2,7]'                  345.9246058
319    'T[2,8]'                  345.0468301
320    'T[2,9]'                  343.3898298
321    'T[2,10]'                 340.4102202
322    'T[2,11]'                 335.9838388
323    'T[2,12]'                 331.04856
324    'T[2,13]'                 325.8395361
325    'T[2,14]'                 322.0605233
326    'T[2,15]'                 320.0455513
327    TF                        338.1587438
328    'QC[1]'                  2002.187895
329    'QC[2]'                  2141.316109
330    'QR[1]'                  2054.622001
331    'QR[2]'                  2133.041588
332    'H[1,1,1]'                  1.854524388
333    'H[1,1,2]'                  2.289199991
334    'H[1,1,3]'                  2.744627811
335    'H[1,2,1]'                  1.844065827
336    'H[1,2,2]'                  2.276527544
337    'H[1,2,3]'                  2.729316109
338    'H[1,3,1]'                  1.825165882
339    'H[1,3,2]'                  2.253622795
340    'H[1,3,3]'                  2.701644673
341    'H[1,4,1]'                  1.792234858
342    'H[1,4,2]'                  2.21370122
343    'H[1,4,3]'                  2.653426222
344    'H[1,5,1]'                  1.738022951
345    'H[1,5,2]'                  2.147945241
346    'H[1,5,3]'                  2.574035253
347    'H[1,6,1]'                  1.655243133
348    'H[1,6,2]'                  2.047447196
349    'H[1,6,3]'                  2.452773116
350    'H[1,7,1]'                  1.537523426
351    'H[1,7,2]'                  1.904327795
352    'H[1,7,3]'                  2.280240549
353    'H[1,8,1]'                  1.375167349
354    'H[1,8,2]'                  1.706509645
355    'H[1,8,3]'                  2.042071908
356    'H[1,9,1]'                  1.319808972
357    'H[1,9,2]'                  1.638934926
358    'H[1,9,3]'                  1.960794011
359    'H[1,10,1]'                 1.261749313
360    'H[1,10,2]'                 1.567989596
361    'H[1,10,3]'                 1.875505811
362    'H[1,11,1]'                 1.209326698
363    'H[1,11,2]'                 1.503865232
364    'H[1,11,3]'                 1.79845591
365    'H[1,12,1]'                 1.166638002
366    'H[1,12,2]'                 1.451598674
367    'H[1,12,3]'                 1.735680715
368    'H[1,13,1]'                 1.12955561
369    'H[1,13,2]'                 1.406159463
370    'H[1,13,3]'                 1.681124901
371    'H[1,14,1]'                 1.08176712
372    'H[1,14,2]'                 1.347549359
373    'H[1,14,3]'                 1.610781999
374    'H[1,15,1]'                 0.9874714377
375    'H[1,15,2]'                 1.231720883
376    'H[1,15,3]'                 1.471852348
377    'H[2,1,1]'                  1.529851849
378    'H[2,1,2]'                  1.894992215
379    'H[2,1,3]'                  2.268992789
380    'H[2,2,1]'                  1.404300747
381    'H[2,2,2]'                  1.742045738
382    'H[2,2,3]'                  2.084830622
383    'H[2,3,1]'                  1.311270202
384    'H[2,3,2]'                  1.628505853
385    'H[2,3,3]'                  1.948253707
386    'H[2,4,1]'                  1.256978813
387    'H[2,4,2]'                  1.562156905
388    'H[2,4,3]'                  1.868495924
389    'H[2,5,1]'                  1.229119609
390    'H[2,5,2]'                  1.528083966
391    'H[2,5,3]'                  1.827552149
392    'H[2,6,1]'                  1.213804197
393    'H[2,6,2]'                  1.509344752
394    'H[2,6,3]'                  1.80503852
395    'H[2,7,1]'                  1.200111845
396    'H[2,7,2]'                  1.492586659
397    'H[2,7,3]'                  1.78490766
398    'H[2,8,1]'                  1.17630258
399    'H[2,8,2]'                  1.463435575
400    'H[2,8,3]'                  1.749895434
401    'H[2,9,1]'                  1.131539391
402    'H[2,9,2]'                  1.408591188
403    'H[2,9,3]'                  1.684044058
404    'H[2,10,1]'                 1.051647451
405    'H[2,10,2]'                 1.310578159
406    'H[2,10,3]'                 1.566424863
407    'H[2,11,1]'                 0.93439608
408    'H[2,11,2]'                 1.166415625
409    'H[2,11,3]'                 1.393571632
410    'H[2,12,1]'                 0.8056958422
411    'H[2,12,2]'                 1.007708724
412    'H[2,12,3]'                 1.203473928
413    'H[2,13,1]'                 0.6721958394
414    'H[2,13,2]'                 0.842518341
415    'H[2,13,3]'                 1.005813309
416    'H[2,14,1]'                 0.5768572304
417    'H[2,14,2]'                 0.7241668478
418    'H[2,14,3]'                 0.8643154487
419    'H[2,15,1]'                 0.5265446169
420    'H[2,15,2]'                 0.6615736281
421    'H[2,15,3]'                 0.7895169545
422    'HF[1]'                     0.9917930392
423    'HF[2]'                     1.237034729
424    'HF[3]'                     1.478223544
425    'h[1,1,1]'                 -6.413163889
426    'h[1,1,2]'                 -7.191162406
427    'h[1,1,3]'                 -7.832724118
428    'h[1,2,1]'                 -6.429745733
429    'h[1,2,2]'                 -7.209635677
430    'h[1,2,3]'                 -7.853960568
431    'h[1,3,1]'                 -6.459715825
432    'h[1,3,2]'                 -7.243028643
433    'h[1,3,3]'                 -7.892349169
434    'h[1,4,1]'                 -6.511949969
435    'h[1,4,2]'                 -7.301241868
436    'h[1,4,3]'                 -7.959273811
437    'h[1,5,1]'                 -6.59798201
438    'h[1,5,2]'                 -7.39715991
439    'h[1,5,3]'                 -8.06955364
440    'h[1,6,1]'                 -6.729462
441    'h[1,6,2]'                 -7.543843962
442    'h[1,6,3]'                 -8.238222542
443    'h[1,7,1]'                 -6.916698987
444    'h[1,7,2]'                 -7.75294471
445    'h[1,7,3]'                 -8.478718059
446    'h[1,8,1]'                 -7.17551726
447    'h[1,8,2]'                 -8.042432936
448    'h[1,8,3]'                 -8.811806033
449    'h[1,9,1]'                 -7.263942213
450    'h[1,9,2]'                 -8.141465113
451    'h[1,9,3]'                 -8.925797498
452    'h[1,10,1]'                -7.356787762
453    'h[1,10,2]'                -8.245523508
454    'h[1,10,3]'                -9.045602624
455    'h[1,11,1]'                -7.440717199
456    'h[1,11,2]'                -8.339658037
457    'h[1,11,3]'                -9.154009364
458    'h[1,12,1]'                -7.50913488
459    'h[1,12,2]'                -8.416444963
460    'h[1,12,3]'                -9.242459075
461    'h[1,13,1]'                -7.568622252
462    'h[1,13,2]'                -8.483246984
463    'h[1,13,3]'                -9.31942353
464    'h[1,14,1]'                -7.645362691
465    'h[1,14,2]'                -8.569477021
466    'h[1,14,3]'                -9.418795292
467    'h[1,15,1]'                -7.797059333
468    'h[1,15,2]'                -8.740116883
469    'h[1,15,3]'                -9.615527314
470    'h[2,1,1]'                 -6.928912519
471    'h[2,1,2]'                 -7.76659352
472    'h[2,1,3]'                 -8.494418705
473    'h[2,2,1]'                 -7.129019605
474    'h[2,2,2]'                 -7.990384705
475    'h[2,2,3]'                 -8.751905364
476    'h[2,3,1]'                 -7.277589965
477    'h[2,3,2]'                 -8.156756176
478    'h[2,3,3]'                 -8.943400621
479    'h[2,4,1]'                 -7.364421471
480    'h[2,4,2]'                 -8.25408266
481    'h[2,4,3]'                 -9.055458368
482    'h[2,5,1]'                 -7.409017147
483    'h[2,5,2]'                 -8.304095666
484    'h[2,5,3]'                 -9.113052017
485    'h[2,6,1]'                 -7.433544882
486    'h[2,6,2]'                 -8.331611003
487    'h[2,6,3]'                 -9.14474121
488    'h[2,7,1]'                 -7.455480346
489    'h[2,7,2]'                 -8.356223224
490    'h[2,7,3]'                 -9.173088928
491    'h[2,8,1]'                 -7.4936395
492    'h[2,8,2]'                 -8.399050067
493    'h[2,8,3]'                 -9.22242045
494    'h[2,9,1]'                 -7.565438556
495    'h[2,9,2]'                 -8.47967091
496    'h[2,9,3]'                 -9.315303039
497    'h[2,10,1]'                -7.693776875
498    'h[2,10,2]'                -8.623909844
499    'h[2,10,3]'                -9.481538424
500    'h[2,11,1]'                -7.882612371
501    'h[2,11,2]'                -8.83646641
502    'h[2,11,3]'                -9.726664855
503    'h[2,12,1]'                -8.090612788
504    'h[2,12,2]'                -9.071077026
505    'h[2,12,3]'                -9.997474107
506    'h[2,13,1]'                -8.307261955
507    'h[2,13,2]'                -9.316025697
508    'h[2,13,3]'               -10.28054695
509    'h[2,14,1]'                -8.462592167
510    'h[2,14,2]'                -9.492040281
511    'h[2,14,3]'               -10.48419916
512    'h[2,15,1]'                -8.544784364
513    'h[2,15,2]'                -9.585318628
514    'h[2,15,3]'               -10.59221608
515    'hF[1]'                    -7.790098768
516    'hF[2]'                    -8.732281577
517    'hF[3]'                    -9.606491254
518    'tauGamma[1,1,1,1]'     1e-06
519    'tauGamma[1,1,1,2]'     1e-06
520    'tauGamma[1,1,1,3]'     1e-06
521    'tauGamma[1,1,2,1]'     1e-06
522    'tauGamma[1,1,2,2]'     1e-06
523    'tauGamma[1,1,2,3]'     1e-06
524    'tauGamma[1,1,3,1]'     1e-06
525    'tauGamma[1,1,3,2]'     1e-06
526    'tauGamma[1,1,3,3]'     1e-06
527    'tauGamma[1,2,1,1]'     1e-06
528    'tauGamma[1,2,1,2]'     1e-06
529    'tauGamma[1,2,1,3]'     1e-06
530    'tauGamma[1,2,2,1]'     1e-06
531    'tauGamma[1,2,2,2]'     1e-06
532    'tauGamma[1,2,2,3]'     1e-06
533    'tauGamma[1,2,3,1]'     1e-06
534    'tauGamma[1,2,3,2]'     1e-06
535    'tauGamma[1,2,3,3]'     1e-06
536    'tauGamma[1,3,1,1]'     1e-06
537    'tauGamma[1,3,1,2]'     1e-06
538    'tauGamma[1,3,1,3]'     1e-06
539    'tauGamma[1,3,2,1]'     1e-06
540    'tauGamma[1,3,2,2]'     1e-06
541    'tauGamma[1,3,2,3]'     1e-06
542    'tauGamma[1,3,3,1]'     1e-06
543    'tauGamma[1,3,3,2]'     1e-06
544    'tauGamma[1,3,3,3]'     1e-06
545    'tauGamma[1,4,1,1]'     1e-06
546    'tauGamma[1,4,1,2]'     1e-06
547    'tauGamma[1,4,1,3]'     1e-06
548    'tauGamma[1,4,2,1]'     1e-06
549    'tauGamma[1,4,2,2]'     1e-06
550    'tauGamma[1,4,2,3]'     1e-06
551    'tauGamma[1,4,3,1]'     1e-06
552    'tauGamma[1,4,3,2]'     1e-06
553    'tauGamma[1,4,3,3]'     1e-06
554    'tauGamma[1,5,1,1]'     1e-06
555    'tauGamma[1,5,1,2]'     1e-06
556    'tauGamma[1,5,1,3]'     1e-06
557    'tauGamma[1,5,2,1]'     1e-06
558    'tauGamma[1,5,2,2]'     1e-06
559    'tauGamma[1,5,2,3]'     1e-06
560    'tauGamma[1,5,3,1]'     1e-06
561    'tauGamma[1,5,3,2]'     1e-06
562    'tauGamma[1,5,3,3]'     1e-06
563    'tauGamma[1,6,1,1]'     1e-06
564    'tauGamma[1,6,1,2]'     1e-06
565    'tauGamma[1,6,1,3]'     1e-06
566    'tauGamma[1,6,2,1]'     1e-06
567    'tauGamma[1,6,2,2]'     1e-06
568    'tauGamma[1,6,2,3]'     1e-06
569    'tauGamma[1,6,3,1]'     1e-06
570    'tauGamma[1,6,3,2]'     1e-06
571    'tauGamma[1,6,3,3]'     1e-06
572    'tauGamma[1,7,1,1]'     1e-06
573    'tauGamma[1,7,1,2]'     1e-06
574    'tauGamma[1,7,1,3]'     1e-06
575    'tauGamma[1,7,2,1]'     1e-06
576    'tauGamma[1,7,2,2]'     1e-06
577    'tauGamma[1,7,2,3]'     1e-06
578    'tauGamma[1,7,3,1]'     1e-06
579    'tauGamma[1,7,3,2]'     1e-06
580    'tauGamma[1,7,3,3]'     1e-06
581    'tauGamma[1,8,1,1]'     1e-06
582    'tauGamma[1,8,1,2]'     1e-06
583    'tauGamma[1,8,1,3]'     1e-06
584    'tauGamma[1,8,2,1]'     1e-06
585    'tauGamma[1,8,2,2]'     1e-06
586    'tauGamma[1,8,2,3]'     1e-06
587    'tauGamma[1,8,3,1]'     1e-06
588    'tauGamma[1,8,3,2]'     1e-06
589    'tauGamma[1,8,3,3]'     1e-06
590    'tauGamma[1,9,1,1]'     1e-06
591    'tauGamma[1,9,1,2]'     1e-06
592    'tauGamma[1,9,1,3]'     1e-06
593    'tauGamma[1,9,2,1]'     1e-06
594    'tauGamma[1,9,2,2]'     1e-06
595    'tauGamma[1,9,2,3]'     1e-06
596    'tauGamma[1,9,3,1]'     1e-06
597    'tauGamma[1,9,3,2]'     1e-06
598    'tauGamma[1,9,3,3]'     1e-06
599    'tauGamma[1,10,1,1]'    1e-06
600    'tauGamma[1,10,1,2]'    1e-06
601    'tauGamma[1,10,1,3]'    1e-06
602    'tauGamma[1,10,2,1]'    1e-06
603    'tauGamma[1,10,2,2]'    1e-06
604    'tauGamma[1,10,2,3]'    1e-06
605    'tauGamma[1,10,3,1]'    1e-06
606    'tauGamma[1,10,3,2]'    1e-06
607    'tauGamma[1,10,3,3]'    1e-06
608    'tauGamma[1,11,1,1]'    1e-06
609    'tauGamma[1,11,1,2]'    1e-06
610    'tauGamma[1,11,1,3]'    1e-06
611    'tauGamma[1,11,2,1]'    1e-06
612    'tauGamma[1,11,2,2]'    1e-06
613    'tauGamma[1,11,2,3]'    1e-06
614    'tauGamma[1,11,3,1]'    1e-06
615    'tauGamma[1,11,3,2]'    1e-06
616    'tauGamma[1,11,3,3]'    1e-06
617    'tauGamma[1,12,1,1]'    1e-06
618    'tauGamma[1,12,1,2]'    1e-06
619    'tauGamma[1,12,1,3]'    1e-06
620    'tauGamma[1,12,2,1]'    1e-06
621    'tauGamma[1,12,2,2]'    1e-06
622    'tauGamma[1,12,2,3]'    1e-06
623    'tauGamma[1,12,3,1]'    1e-06
624    'tauGamma[1,12,3,2]'    1e-06
625    'tauGamma[1,12,3,3]'    1e-06
626    'tauGamma[1,13,1,1]'    1e-06
627    'tauGamma[1,13,1,2]'    1e-06
628    'tauGamma[1,13,1,3]'    1e-06
629    'tauGamma[1,13,2,1]'    1e-06
630    'tauGamma[1,13,2,2]'    1e-06
631    'tauGamma[1,13,2,3]'    1e-06
632    'tauGamma[1,13,3,1]'    1e-06
633    'tauGamma[1,13,3,2]'    1e-06
634    'tauGamma[1,13,3,3]'    1e-06
635    'tauGamma[1,14,1,1]'    1e-06
636    'tauGamma[1,14,1,2]'    1e-06
637    'tauGamma[1,14,1,3]'    1e-06
638    'tauGamma[1,14,2,1]'    1e-06
639    'tauGamma[1,14,2,2]'    1e-06
640    'tauGamma[1,14,2,3]'    1e-06
641    'tauGamma[1,14,3,1]'    1e-06
642    'tauGamma[1,14,3,2]'    1e-06
643    'tauGamma[1,14,3,3]'    1e-06
644    'tauGamma[1,15,1,1]'    1e-06
645    'tauGamma[1,15,1,2]'    1e-06
646    'tauGamma[1,15,1,3]'    1e-06
647    'tauGamma[1,15,2,1]'    1e-06
648    'tauGamma[1,15,2,2]'    1e-06
649    'tauGamma[1,15,2,3]'    1e-06
650    'tauGamma[1,15,3,1]'    1e-06
651    'tauGamma[1,15,3,2]'    1e-06
652    'tauGamma[1,15,3,3]'    1e-06
653    'tauGamma[2,1,1,1]'     1e-06
654    'tauGamma[2,1,1,2]'     1e-06
655    'tauGamma[2,1,1,3]'     1e-06
656    'tauGamma[2,1,2,1]'     1e-06
657    'tauGamma[2,1,2,2]'     1e-06
658    'tauGamma[2,1,2,3]'     1e-06
659    'tauGamma[2,1,3,1]'     1e-06
660    'tauGamma[2,1,3,2]'     1e-06
661    'tauGamma[2,1,3,3]'     1e-06
662    'tauGamma[2,2,1,1]'     1e-06
663    'tauGamma[2,2,1,2]'     1e-06
664    'tauGamma[2,2,1,3]'     1e-06
665    'tauGamma[2,2,2,1]'     1e-06
666    'tauGamma[2,2,2,2]'     1e-06
667    'tauGamma[2,2,2,3]'     1e-06
668    'tauGamma[2,2,3,1]'     1e-06
669    'tauGamma[2,2,3,2]'     1e-06
670    'tauGamma[2,2,3,3]'     1e-06
671    'tauGamma[2,3,1,1]'     1e-06
672    'tauGamma[2,3,1,2]'     1e-06
673    'tauGamma[2,3,1,3]'     1e-06
674    'tauGamma[2,3,2,1]'     1e-06
675    'tauGamma[2,3,2,2]'     1e-06
676    'tauGamma[2,3,2,3]'     1e-06
677    'tauGamma[2,3,3,1]'     1e-06
678    'tauGamma[2,3,3,2]'     1e-06
679    'tauGamma[2,3,3,3]'     1e-06
680    'tauGamma[2,4,1,1]'     1e-06
681    'tauGamma[2,4,1,2]'     1e-06
682    'tauGamma[2,4,1,3]'     1e-06
683    'tauGamma[2,4,2,1]'     1e-06
684    'tauGamma[2,4,2,2]'     1e-06
685    'tauGamma[2,4,2,3]'     1e-06
686    'tauGamma[2,4,3,1]'     1e-06
687    'tauGamma[2,4,3,2]'     1e-06
688    'tauGamma[2,4,3,3]'     1e-06
689    'tauGamma[2,5,1,1]'     1e-06
690    'tauGamma[2,5,1,2]'     1e-06
691    'tauGamma[2,5,1,3]'     1e-06
692    'tauGamma[2,5,2,1]'     1e-06
693    'tauGamma[2,5,2,2]'     1e-06
694    'tauGamma[2,5,2,3]'     1e-06
695    'tauGamma[2,5,3,1]'     1e-06
696    'tauGamma[2,5,3,2]'     1e-06
697    'tauGamma[2,5,3,3]'     1e-06
698    'tauGamma[2,6,1,1]'     1e-06
699    'tauGamma[2,6,1,2]'     1e-06
700    'tauGamma[2,6,1,3]'     1e-06
701    'tauGamma[2,6,2,1]'     1e-06
702    'tauGamma[2,6,2,2]'     1e-06
703    'tauGamma[2,6,2,3]'     1e-06
704    'tauGamma[2,6,3,1]'     1e-06
705    'tauGamma[2,6,3,2]'     1e-06
706    'tauGamma[2,6,3,3]'     1e-06
707    'tauGamma[2,7,1,1]'     1e-06
708    'tauGamma[2,7,1,2]'     1e-06
709    'tauGamma[2,7,1,3]'     1e-06
710    'tauGamma[2,7,2,1]'     1e-06
711    'tauGamma[2,7,2,2]'     1e-06
712    'tauGamma[2,7,2,3]'     1e-06
713    'tauGamma[2,7,3,1]'     1e-06
714    'tauGamma[2,7,3,2]'     1e-06
715    'tauGamma[2,7,3,3]'     1e-06
716    'tauGamma[2,8,1,1]'     1e-06
717    'tauGamma[2,8,1,2]'     1e-06
718    'tauGamma[2,8,1,3]'     1e-06
719    'tauGamma[2,8,2,1]'     1e-06
720    'tauGamma[2,8,2,2]'     1e-06
721    'tauGamma[2,8,2,3]'     1e-06
722    'tauGamma[2,8,3,1]'     1e-06
723    'tauGamma[2,8,3,2]'     1e-06
724    'tauGamma[2,8,3,3]'     1e-06
725    'tauGamma[2,9,1,1]'     1e-06
726    'tauGamma[2,9,1,2]'     1e-06
727    'tauGamma[2,9,1,3]'     1e-06
728    'tauGamma[2,9,2,1]'     1e-06
729    'tauGamma[2,9,2,2]'     1e-06
730    'tauGamma[2,9,2,3]'     1e-06
731    'tauGamma[2,9,3,1]'     1e-06
732    'tauGamma[2,9,3,2]'     1e-06
733    'tauGamma[2,9,3,3]'     1e-06
734    'tauGamma[2,10,1,1]'    1e-06
735    'tauGamma[2,10,1,2]'    1e-06
736    'tauGamma[2,10,1,3]'    1e-06
737    'tauGamma[2,10,2,1]'    1e-06
738    'tauGamma[2,10,2,2]'    1e-06
739    'tauGamma[2,10,2,3]'    1e-06
740    'tauGamma[2,10,3,1]'    1e-06
741    'tauGamma[2,10,3,2]'    1e-06
742    'tauGamma[2,10,3,3]'    1e-06
743    'tauGamma[2,11,1,1]'    1e-06
744    'tauGamma[2,11,1,2]'    1e-06
745    'tauGamma[2,11,1,3]'    1e-06
746    'tauGamma[2,11,2,1]'    1e-06
747    'tauGamma[2,11,2,2]'    1e-06
748    'tauGamma[2,11,2,3]'    1e-06
749    'tauGamma[2,11,3,1]'    1e-06
750    'tauGamma[2,11,3,2]'    1e-06
751    'tauGamma[2,11,3,3]'    1e-06
752    'tauGamma[2,12,1,1]'    1e-06
753    'tauGamma[2,12,1,2]'    1e-06
754    'tauGamma[2,12,1,3]'    1e-06
755    'tauGamma[2,12,2,1]'    1e-06
756    'tauGamma[2,12,2,2]'    1e-06
757    'tauGamma[2,12,2,3]'    1e-06
758    'tauGamma[2,12,3,1]'    1e-06
759    'tauGamma[2,12,3,2]'    1e-06
760    'tauGamma[2,12,3,3]'    1e-06
761    'tauGamma[2,13,1,1]'    1e-06
762    'tauGamma[2,13,1,2]'    1e-06
763    'tauGamma[2,13,1,3]'    1e-06
764    'tauGamma[2,13,2,1]'    1e-06
765    'tauGamma[2,13,2,2]'    1e-06
766    'tauGamma[2,13,2,3]'    1e-06
767    'tauGamma[2,13,3,1]'    1e-06
768    'tauGamma[2,13,3,2]'    1e-06
769    'tauGamma[2,13,3,3]'    1e-06
770    'tauGamma[2,14,1,1]'    1e-06
771    'tauGamma[2,14,1,2]'    1e-06
772    'tauGamma[2,14,1,3]'    1e-06
773    'tauGamma[2,14,2,1]'    1e-06
774    'tauGamma[2,14,2,2]'    1e-06
775    'tauGamma[2,14,2,3]'    1e-06
776    'tauGamma[2,14,3,1]'    1e-06
777    'tauGamma[2,14,3,2]'    1e-06
778    'tauGamma[2,14,3,3]'    1e-06
779    'tauGamma[2,15,1,1]'    1e-06
780    'tauGamma[2,15,1,2]'    1e-06
781    'tauGamma[2,15,1,3]'    1e-06
782    'tauGamma[2,15,2,1]'    1e-06
783    'tauGamma[2,15,2,2]'    1e-06
784    'tauGamma[2,15,2,3]'    1e-06
785    'tauGamma[2,15,3,1]'    1e-06
786    'tauGamma[2,15,3,2]'    1e-06
787    'tauGamma[2,15,3,3]'    1e-06
788    'PGamma[1,1,1,1]'           1
789    'PGamma[1,1,1,2]'           1
790    'PGamma[1,1,1,3]'           1
791    'PGamma[1,1,2,1]'           1
792    'PGamma[1,1,2,2]'           1
793    'PGamma[1,1,2,3]'           1
794    'PGamma[1,1,3,1]'           1
795    'PGamma[1,1,3,2]'           1
796    'PGamma[1,1,3,3]'           1
797    'PGamma[1,2,1,1]'           1
798    'PGamma[1,2,1,2]'           1
799    'PGamma[1,2,1,3]'           1
800    'PGamma[1,2,2,1]'           1
801    'PGamma[1,2,2,2]'           1
802    'PGamma[1,2,2,3]'           1
803    'PGamma[1,2,3,1]'           1
804    'PGamma[1,2,3,2]'           1
805    'PGamma[1,2,3,3]'           1
806    'PGamma[1,3,1,1]'           1
807    'PGamma[1,3,1,2]'           1
808    'PGamma[1,3,1,3]'           1
809    'PGamma[1,3,2,1]'           1
810    'PGamma[1,3,2,2]'           1
811    'PGamma[1,3,2,3]'           1
812    'PGamma[1,3,3,1]'           1
813    'PGamma[1,3,3,2]'           1
814    'PGamma[1,3,3,3]'           1
815    'PGamma[1,4,1,1]'           1
816    'PGamma[1,4,1,2]'           1
817    'PGamma[1,4,1,3]'           1
818    'PGamma[1,4,2,1]'           1
819    'PGamma[1,4,2,2]'           1
820    'PGamma[1,4,2,3]'           1
821    'PGamma[1,4,3,1]'           1
822    'PGamma[1,4,3,2]'           1
823    'PGamma[1,4,3,3]'           1
824    'PGamma[1,5,1,1]'           1
825    'PGamma[1,5,1,2]'           1
826    'PGamma[1,5,1,3]'           1
827    'PGamma[1,5,2,1]'           1
828    'PGamma[1,5,2,2]'           1
829    'PGamma[1,5,2,3]'           1
830    'PGamma[1,5,3,1]'           1
831    'PGamma[1,5,3,2]'           1
832    'PGamma[1,5,3,3]'           1
833    'PGamma[1,6,1,1]'           1
834    'PGamma[1,6,1,2]'           1
835    'PGamma[1,6,1,3]'           1
836    'PGamma[1,6,2,1]'           1
837    'PGamma[1,6,2,2]'           1
838    'PGamma[1,6,2,3]'           1
839    'PGamma[1,6,3,1]'           1
840    'PGamma[1,6,3,2]'           1
841    'PGamma[1,6,3,3]'           1
842    'PGamma[1,7,1,1]'           1
843    'PGamma[1,7,1,2]'           1
844    'PGamma[1,7,1,3]'           1
845    'PGamma[1,7,2,1]'           1
846    'PGamma[1,7,2,2]'           1
847    'PGamma[1,7,2,3]'           1
848    'PGamma[1,7,3,1]'           1
849    'PGamma[1,7,3,2]'           1
850    'PGamma[1,7,3,3]'           1
851    'PGamma[1,8,1,1]'           1
852    'PGamma[1,8,1,2]'           1
853    'PGamma[1,8,1,3]'           1
854    'PGamma[1,8,2,1]'           1
855    'PGamma[1,8,2,2]'           1
856    'PGamma[1,8,2,3]'           1
857    'PGamma[1,8,3,1]'           1
858    'PGamma[1,8,3,2]'           1
859    'PGamma[1,8,3,3]'           1
860    'PGamma[1,9,1,1]'           1
861    'PGamma[1,9,1,2]'           1
862    'PGamma[1,9,1,3]'           1
863    'PGamma[1,9,2,1]'           1
864    'PGamma[1,9,2,2]'           1
865    'PGamma[1,9,2,3]'           1
866    'PGamma[1,9,3,1]'           1
867    'PGamma[1,9,3,2]'           1
868    'PGamma[1,9,3,3]'           1
869    'PGamma[1,10,1,1]'          1
870    'PGamma[1,10,1,2]'          1
871    'PGamma[1,10,1,3]'          1
872    'PGamma[1,10,2,1]'          1
873    'PGamma[1,10,2,2]'          1
874    'PGamma[1,10,2,3]'          1
875    'PGamma[1,10,3,1]'          1
876    'PGamma[1,10,3,2]'          1
877    'PGamma[1,10,3,3]'          1
878    'PGamma[1,11,1,1]'          1
879    'PGamma[1,11,1,2]'          1
880    'PGamma[1,11,1,3]'          1
881    'PGamma[1,11,2,1]'          1
882    'PGamma[1,11,2,2]'          1
883    'PGamma[1,11,2,3]'          1
884    'PGamma[1,11,3,1]'          1
885    'PGamma[1,11,3,2]'          1
886    'PGamma[1,11,3,3]'          1
887    'PGamma[1,12,1,1]'          1
888    'PGamma[1,12,1,2]'          1
889    'PGamma[1,12,1,3]'          1
890    'PGamma[1,12,2,1]'          1
891    'PGamma[1,12,2,2]'          1
892    'PGamma[1,12,2,3]'          1
893    'PGamma[1,12,3,1]'          1
894    'PGamma[1,12,3,2]'          1
895    'PGamma[1,12,3,3]'          1
896    'PGamma[1,13,1,1]'          1
897    'PGamma[1,13,1,2]'          1
898    'PGamma[1,13,1,3]'          1
899    'PGamma[1,13,2,1]'          1
900    'PGamma[1,13,2,2]'          1
901    'PGamma[1,13,2,3]'          1
902    'PGamma[1,13,3,1]'          1
903    'PGamma[1,13,3,2]'          1
904    'PGamma[1,13,3,3]'          1
905    'PGamma[1,14,1,1]'          1
906    'PGamma[1,14,1,2]'          1
907    'PGamma[1,14,1,3]'          1
908    'PGamma[1,14,2,1]'          1
909    'PGamma[1,14,2,2]'          1
910    'PGamma[1,14,2,3]'          1
911    'PGamma[1,14,3,1]'          1
912    'PGamma[1,14,3,2]'          1
913    'PGamma[1,14,3,3]'          1
914    'PGamma[1,15,1,1]'          1
915    'PGamma[1,15,1,2]'          1
916    'PGamma[1,15,1,3]'          1
917    'PGamma[1,15,2,1]'          1
918    'PGamma[1,15,2,2]'          1
919    'PGamma[1,15,2,3]'          1
920    'PGamma[1,15,3,1]'          1
921    'PGamma[1,15,3,2]'          1
922    'PGamma[1,15,3,3]'          1
923    'PGamma[2,1,1,1]'           1
924    'PGamma[2,1,1,2]'           1
925    'PGamma[2,1,1,3]'           1
926    'PGamma[2,1,2,1]'           1
927    'PGamma[2,1,2,2]'           1
928    'PGamma[2,1,2,3]'           1
929    'PGamma[2,1,3,1]'           1
930    'PGamma[2,1,3,2]'           1
931    'PGamma[2,1,3,3]'           1
932    'PGamma[2,2,1,1]'           1
933    'PGamma[2,2,1,2]'           1
934    'PGamma[2,2,1,3]'           1
935    'PGamma[2,2,2,1]'           1
936    'PGamma[2,2,2,2]'           1
937    'PGamma[2,2,2,3]'           1
938    'PGamma[2,2,3,1]'           1
939    'PGamma[2,2,3,2]'           1
940    'PGamma[2,2,3,3]'           1
941    'PGamma[2,3,1,1]'           1
942    'PGamma[2,3,1,2]'           1
943    'PGamma[2,3,1,3]'           1
944    'PGamma[2,3,2,1]'           1
945    'PGamma[2,3,2,2]'           1
946    'PGamma[2,3,2,3]'           1
947    'PGamma[2,3,3,1]'           1
948    'PGamma[2,3,3,2]'           1
949    'PGamma[2,3,3,3]'           1
950    'PGamma[2,4,1,1]'           1
951    'PGamma[2,4,1,2]'           1
952    'PGamma[2,4,1,3]'           1
953    'PGamma[2,4,2,1]'           1
954    'PGamma[2,4,2,2]'           1
955    'PGamma[2,4,2,3]'           1
956    'PGamma[2,4,3,1]'           1
957    'PGamma[2,4,3,2]'           1
958    'PGamma[2,4,3,3]'           1
959    'PGamma[2,5,1,1]'           1
960    'PGamma[2,5,1,2]'           1
961    'PGamma[2,5,1,3]'           1
962    'PGamma[2,5,2,1]'           1
963    'PGamma[2,5,2,2]'           1
964    'PGamma[2,5,2,3]'           1
965    'PGamma[2,5,3,1]'           1
966    'PGamma[2,5,3,2]'           1
967    'PGamma[2,5,3,3]'           1
968    'PGamma[2,6,1,1]'           1
969    'PGamma[2,6,1,2]'           1
970    'PGamma[2,6,1,3]'           1
971    'PGamma[2,6,2,1]'           1
972    'PGamma[2,6,2,2]'           1
973    'PGamma[2,6,2,3]'           1
974    'PGamma[2,6,3,1]'           1
975    'PGamma[2,6,3,2]'           1
976    'PGamma[2,6,3,3]'           1
977    'PGamma[2,7,1,1]'           1
978    'PGamma[2,7,1,2]'           1
979    'PGamma[2,7,1,3]'           1
980    'PGamma[2,7,2,1]'           1
981    'PGamma[2,7,2,2]'           1
982    'PGamma[2,7,2,3]'           1
983    'PGamma[2,7,3,1]'           1
984    'PGamma[2,7,3,2]'           1
985    'PGamma[2,7,3,3]'           1
986    'PGamma[2,8,1,1]'           1
987    'PGamma[2,8,1,2]'           1
988    'PGamma[2,8,1,3]'           1
989    'PGamma[2,8,2,1]'           1
990    'PGamma[2,8,2,2]'           1
991    'PGamma[2,8,2,3]'           1
992    'PGamma[2,8,3,1]'           1
993    'PGamma[2,8,3,2]'           1
994    'PGamma[2,8,3,3]'           1
995    'PGamma[2,9,1,1]'           1
996    'PGamma[2,9,1,2]'           1
997    'PGamma[2,9,1,3]'           1
998    'PGamma[2,9,2,1]'           1
999    'PGamma[2,9,2,2]'           1
1000   'PGamma[2,9,2,3]'           1
1001   'PGamma[2,9,3,1]'           1
1002   'PGamma[2,9,3,2]'           1
1003   'PGamma[2,9,3,3]'           1
1004   'PGamma[2,10,1,1]'          1
1005   'PGamma[2,10,1,2]'          1
1006   'PGamma[2,10,1,3]'          1
1007   'PGamma[2,10,2,1]'          1
1008   'PGamma[2,10,2,2]'          1
1009   'PGamma[2,10,2,3]'          1
1010   'PGamma[2,10,3,1]'          1
1011   'PGamma[2,10,3,2]'          1
1012   'PGamma[2,10,3,3]'          1
1013   'PGamma[2,11,1,1]'          1
1014   'PGamma[2,11,1,2]'          1
1015   'PGamma[2,11,1,3]'          1
1016   'PGamma[2,11,2,1]'          1
1017   'PGamma[2,11,2,2]'          1
1018   'PGamma[2,11,2,3]'          1
1019   'PGamma[2,11,3,1]'          1
1020   'PGamma[2,11,3,2]'          1
1021   'PGamma[2,11,3,3]'          1
1022   'PGamma[2,12,1,1]'          1
1023   'PGamma[2,12,1,2]'          1
1024   'PGamma[2,12,1,3]'          1
1025   'PGamma[2,12,2,1]'          1
1026   'PGamma[2,12,2,2]'          1
1027   'PGamma[2,12,2,3]'          1
1028   'PGamma[2,12,3,1]'          1
1029   'PGamma[2,12,3,2]'          1
1030   'PGamma[2,12,3,3]'          1
1031   'PGamma[2,13,1,1]'          1
1032   'PGamma[2,13,1,2]'          1
1033   'PGamma[2,13,1,3]'          1
1034   'PGamma[2,13,2,1]'          1
1035   'PGamma[2,13,2,2]'          1
1036   'PGamma[2,13,2,3]'          1
1037   'PGamma[2,13,3,1]'          1
1038   'PGamma[2,13,3,2]'          1
1039   'PGamma[2,13,3,3]'          1
1040   'PGamma[2,14,1,1]'          1
1041   'PGamma[2,14,1,2]'          1
1042   'PGamma[2,14,1,3]'          1
1043   'PGamma[2,14,2,1]'          1
1044   'PGamma[2,14,2,2]'          1
1045   'PGamma[2,14,2,3]'          1
1046   'PGamma[2,14,3,1]'          1
1047   'PGamma[2,14,3,2]'          1
1048   'PGamma[2,14,3,3]'          1
1049   'PGamma[2,15,1,1]'          1
1050   'PGamma[2,15,1,2]'          1
1051   'PGamma[2,15,1,3]'          1
1052   'PGamma[2,15,2,1]'          1
1053   'PGamma[2,15,2,2]'          1
1054   'PGamma[2,15,2,3]'          1
1055   'PGamma[2,15,3,1]'          1
1056   'PGamma[2,15,3,2]'          1
1057   'PGamma[2,15,3,3]'          1
1058   'SGamma1[1,1,1]'        1e-06
1059   'SGamma1[1,1,2]'        1e-06
1060   'SGamma1[1,1,3]'        1e-06
1061   'SGamma1[1,2,1]'        1e-06
1062   'SGamma1[1,2,2]'        1e-06
1063   'SGamma1[1,2,3]'        1e-06
1064   'SGamma1[1,3,1]'        1e-06
1065   'SGamma1[1,3,2]'        1e-06
1066   'SGamma1[1,3,3]'        1e-06
1067   'SGamma1[1,4,1]'        1e-06
1068   'SGamma1[1,4,2]'        1e-06
1069   'SGamma1[1,4,3]'        1e-06
1070   'SGamma1[1,5,1]'        1e-06
1071   'SGamma1[1,5,2]'        1e-06
1072   'SGamma1[1,5,3]'        1e-06
1073   'SGamma1[1,6,1]'        1e-06
1074   'SGamma1[1,6,2]'        1e-06
1075   'SGamma1[1,6,3]'        1e-06
1076   'SGamma1[1,7,1]'        1e-06
1077   'SGamma1[1,7,2]'        1e-06
1078   'SGamma1[1,7,3]'        1e-06
1079   'SGamma1[1,8,1]'        1e-06
1080   'SGamma1[1,8,2]'        1e-06
1081   'SGamma1[1,8,3]'        1e-06
1082   'SGamma1[1,9,1]'        1e-06
1083   'SGamma1[1,9,2]'        1e-06
1084   'SGamma1[1,9,3]'        1e-06
1085   'SGamma1[1,10,1]'       1e-06
1086   'SGamma1[1,10,2]'       1e-06
1087   'SGamma1[1,10,3]'       1e-06
1088   'SGamma1[1,11,1]'       1e-06
1089   'SGamma1[1,11,2]'       1e-06
1090   'SGamma1[1,11,3]'       1e-06
1091   'SGamma1[1,12,1]'       1e-06
1092   'SGamma1[1,12,2]'       1e-06
1093   'SGamma1[1,12,3]'       1e-06
1094   'SGamma1[1,13,1]'       1e-06
1095   'SGamma1[1,13,2]'       1e-06
1096   'SGamma1[1,13,3]'       1e-06
1097   'SGamma1[1,14,1]'       1e-06
1098   'SGamma1[1,14,2]'       1e-06
1099   'SGamma1[1,14,3]'       1e-06
1100   'SGamma1[1,15,1]'       1e-06
1101   'SGamma1[1,15,2]'       1e-06
1102   'SGamma1[1,15,3]'       1e-06
1103   'SGamma1[2,1,1]'        1e-06
1104   'SGamma1[2,1,2]'        1e-06
1105   'SGamma1[2,1,3]'        1e-06
1106   'SGamma1[2,2,1]'        1e-06
1107   'SGamma1[2,2,2]'        1e-06
1108   'SGamma1[2,2,3]'        1e-06
1109   'SGamma1[2,3,1]'        1e-06
1110   'SGamma1[2,3,2]'        1e-06
1111   'SGamma1[2,3,3]'        1e-06
1112   'SGamma1[2,4,1]'        1e-06
1113   'SGamma1[2,4,2]'        1e-06
1114   'SGamma1[2,4,3]'        1e-06
1115   'SGamma1[2,5,1]'        1e-06
1116   'SGamma1[2,5,2]'        1e-06
1117   'SGamma1[2,5,3]'        1e-06
1118   'SGamma1[2,6,1]'        1e-06
1119   'SGamma1[2,6,2]'        1e-06
1120   'SGamma1[2,6,3]'        1e-06
1121   'SGamma1[2,7,1]'        1e-06
1122   'SGamma1[2,7,2]'        1e-06
1123   'SGamma1[2,7,3]'        1e-06
1124   'SGamma1[2,8,1]'        1e-06
1125   'SGamma1[2,8,2]'        1e-06
1126   'SGamma1[2,8,3]'        1e-06
1127   'SGamma1[2,9,1]'        1e-06
1128   'SGamma1[2,9,2]'        1e-06
1129   'SGamma1[2,9,3]'        1e-06
1130   'SGamma1[2,10,1]'       1e-06
1131   'SGamma1[2,10,2]'       1e-06
1132   'SGamma1[2,10,3]'       1e-06
1133   'SGamma1[2,11,1]'       1e-06
1134   'SGamma1[2,11,2]'       1e-06
1135   'SGamma1[2,11,3]'       1e-06
1136   'SGamma1[2,12,1]'       1e-06
1137   'SGamma1[2,12,2]'       1e-06
1138   'SGamma1[2,12,3]'       1e-06
1139   'SGamma1[2,13,1]'       1e-06
1140   'SGamma1[2,13,2]'       1e-06
1141   'SGamma1[2,13,3]'       1e-06
1142   'SGamma1[2,14,1]'       1e-06
1143   'SGamma1[2,14,2]'       1e-06
1144   'SGamma1[2,14,3]'       1e-06
1145   'SGamma1[2,15,1]'       1e-06
1146   'SGamma1[2,15,2]'       1e-06
1147   'SGamma1[2,15,3]'       1e-06
1148   'SGamma2[1,1,1]'            1
1149   'SGamma2[1,1,2]'            1
1150   'SGamma2[1,1,3]'            1
1151   'SGamma2[1,2,1]'            1
1152   'SGamma2[1,2,2]'            1
1153   'SGamma2[1,2,3]'            1
1154   'SGamma2[1,3,1]'            1
1155   'SGamma2[1,3,2]'            1
1156   'SGamma2[1,3,3]'            1
1157   'SGamma2[1,4,1]'            1
1158   'SGamma2[1,4,2]'            1
1159   'SGamma2[1,4,3]'            1
1160   'SGamma2[1,5,1]'            1
1161   'SGamma2[1,5,2]'            1
1162   'SGamma2[1,5,3]'            1
1163   'SGamma2[1,6,1]'            1
1164   'SGamma2[1,6,2]'            1
1165   'SGamma2[1,6,3]'            1
1166   'SGamma2[1,7,1]'            1
1167   'SGamma2[1,7,2]'            1
1168   'SGamma2[1,7,3]'            1
1169   'SGamma2[1,8,1]'            1
1170   'SGamma2[1,8,2]'            1
1171   'SGamma2[1,8,3]'            1
1172   'SGamma2[1,9,1]'            1
1173   'SGamma2[1,9,2]'            1
1174   'SGamma2[1,9,3]'            1
1175   'SGamma2[1,10,1]'           1
1176   'SGamma2[1,10,2]'           1
1177   'SGamma2[1,10,3]'           1
1178   'SGamma2[1,11,1]'           1
1179   'SGamma2[1,11,2]'           1
1180   'SGamma2[1,11,3]'           1
1181   'SGamma2[1,12,1]'           1
1182   'SGamma2[1,12,2]'           1
1183   'SGamma2[1,12,3]'           1
1184   'SGamma2[1,13,1]'           1
1185   'SGamma2[1,13,2]'           1
1186   'SGamma2[1,13,3]'           1
1187   'SGamma2[1,14,1]'           1
1188   'SGamma2[1,14,2]'           1
1189   'SGamma2[1,14,3]'           1
1190   'SGamma2[1,15,1]'           1
1191   'SGamma2[1,15,2]'           1
1192   'SGamma2[1,15,3]'           1
1193   'SGamma2[2,1,1]'            1
1194   'SGamma2[2,1,2]'            1
1195   'SGamma2[2,1,3]'            1
1196   'SGamma2[2,2,1]'            1
1197   'SGamma2[2,2,2]'            1
1198   'SGamma2[2,2,3]'            1
1199   'SGamma2[2,3,1]'            1
1200   'SGamma2[2,3,2]'            1
1201   'SGamma2[2,3,3]'            1
1202   'SGamma2[2,4,1]'            1
1203   'SGamma2[2,4,2]'            1
1204   'SGamma2[2,4,3]'            1
1205   'SGamma2[2,5,1]'            1
1206   'SGamma2[2,5,2]'            1
1207   'SGamma2[2,5,3]'            1
1208   'SGamma2[2,6,1]'            1
1209   'SGamma2[2,6,2]'            1
1210   'SGamma2[2,6,3]'            1
1211   'SGamma2[2,7,1]'            1
1212   'SGamma2[2,7,2]'            1
1213   'SGamma2[2,7,3]'            1
1214   'SGamma2[2,8,1]'            1
1215   'SGamma2[2,8,2]'            1
1216   'SGamma2[2,8,3]'            1
1217   'SGamma2[2,9,1]'            1
1218   'SGamma2[2,9,2]'            1
1219   'SGamma2[2,9,3]'            1
1220   'SGamma2[2,10,1]'           1
1221   'SGamma2[2,10,2]'           1
1222   'SGamma2[2,10,3]'           1
1223   'SGamma2[2,11,1]'           1
1224   'SGamma2[2,11,2]'           1
1225   'SGamma2[2,11,3]'           1
1226   'SGamma2[2,12,1]'           1
1227   'SGamma2[2,12,2]'           1
1228   'SGamma2[2,12,3]'           1
1229   'SGamma2[2,13,1]'           1
1230   'SGamma2[2,13,2]'           1
1231   'SGamma2[2,13,3]'           1
1232   'SGamma2[2,14,1]'           1
1233   'SGamma2[2,14,2]'           1
1234   'SGamma2[2,14,3]'           1
1235   'SGamma2[2,15,1]'           1
1236   'SGamma2[2,15,2]'           1
1237   'SGamma2[2,15,3]'           1
1238   'gamma[1,1,1]'              1.000001
1239   'gamma[1,1,2]'              1.000001
1240   'gamma[1,1,3]'              1.000001
1241   'gamma[1,2,1]'              1.000001
1242   'gamma[1,2,2]'              1.000001
1243   'gamma[1,2,3]'              1.000001
1244   'gamma[1,3,1]'              1.000001
1245   'gamma[1,3,2]'              1.000001
1246   'gamma[1,3,3]'              1.000001
1247   'gamma[1,4,1]'              1.000001
1248   'gamma[1,4,2]'              1.000001
1249   'gamma[1,4,3]'              1.000001
1250   'gamma[1,5,1]'              1.000001
1251   'gamma[1,5,2]'              1.000001
1252   'gamma[1,5,3]'              1.000001
1253   'gamma[1,6,1]'              1.000001
1254   'gamma[1,6,2]'              1.000001
1255   'gamma[1,6,3]'              1.000001
1256   'gamma[1,7,1]'              1.000001
1257   'gamma[1,7,2]'              1.000001
1258   'gamma[1,7,3]'              1.000001
1259   'gamma[1,8,1]'              1.000001
1260   'gamma[1,8,2]'              1.000001
1261   'gamma[1,8,3]'              1.000001
1262   'gamma[1,9,1]'              1.000001
1263   'gamma[1,9,2]'              1.000001
1264   'gamma[1,9,3]'              1.000001
1265   'gamma[1,10,1]'             1.000001
1266   'gamma[1,10,2]'             1.000001
1267   'gamma[1,10,3]'             1.000001
1268   'gamma[1,11,1]'             1.000001
1269   'gamma[1,11,2]'             1.000001
1270   'gamma[1,11,3]'             1.000001
1271   'gamma[1,12,1]'             1.000001
1272   'gamma[1,12,2]'             1.000001
1273   'gamma[1,12,3]'             1.000001
1274   'gamma[1,13,1]'             1.000001
1275   'gamma[1,13,2]'             1.000001
1276   'gamma[1,13,3]'             1.000001
1277   'gamma[1,14,1]'             1.000001
1278   'gamma[1,14,2]'             1.000001
1279   'gamma[1,14,3]'             1.000001
1280   'gamma[1,15,1]'             1.000001
1281   'gamma[1,15,2]'             1.000001
1282   'gamma[1,15,3]'             1.000001
1283   'gamma[2,1,1]'              1.000001
1284   'gamma[2,1,2]'              1.000001
1285   'gamma[2,1,3]'              1.000001
1286   'gamma[2,2,1]'              1.000001
1287   'gamma[2,2,2]'              1.000001
1288   'gamma[2,2,3]'              1.000001
1289   'gamma[2,3,1]'              1.000001
1290   'gamma[2,3,2]'              1.000001
1291   'gamma[2,3,3]'              1.000001
1292   'gamma[2,4,1]'              1.000001
1293   'gamma[2,4,2]'              1.000001
1294   'gamma[2,4,3]'              1.000001
1295   'gamma[2,5,1]'              1.000001
1296   'gamma[2,5,2]'              1.000001
1297   'gamma[2,5,3]'              1.000001
1298   'gamma[2,6,1]'              1.000001
1299   'gamma[2,6,2]'              1.000001
1300   'gamma[2,6,3]'              1.000001
1301   'gamma[2,7,1]'              1.000001
1302   'gamma[2,7,2]'              1.000001
1303   'gamma[2,7,3]'              1.000001
1304   'gamma[2,8,1]'              1.000001
1305   'gamma[2,8,2]'              1.000001
1306   'gamma[2,8,3]'              1.000001
1307   'gamma[2,9,1]'              1.000001
1308   'gamma[2,9,2]'              1.000001
1309   'gamma[2,9,3]'              1.000001
1310   'gamma[2,10,1]'             1.000001
1311   'gamma[2,10,2]'             1.000001
1312   'gamma[2,10,3]'             1.000001
1313   'gamma[2,11,1]'             1.000001
1314   'gamma[2,11,2]'             1.000001
1315   'gamma[2,11,3]'             1.000001
1316   'gamma[2,12,1]'             1.000001
1317   'gamma[2,12,2]'             1.000001
1318   'gamma[2,12,3]'             1.000001
1319   'gamma[2,13,1]'             1.000001
1320   'gamma[2,13,2]'             1.000001
1321   'gamma[2,13,3]'             1.000001
1322   'gamma[2,14,1]'             1.000001
1323   'gamma[2,14,2]'             1.000001
1324   'gamma[2,14,3]'             1.000001
1325   'gamma[2,15,1]'             1.000001
1326   'gamma[2,15,2]'             1.000001
1327   'gamma[2,15,3]'             1.000001
1328   'PrS[1,1,1]'           161484.9683
1329   'PrS[1,1,2]'            65544.54419
1330   'PrS[1,1,3]'            30023.75774
1331   'PrS[1,2,1]'           159880.5057
1332   'PrS[1,2,2]'            64815.83012
1333   'PrS[1,2,3]'            29655.92299
1334   'PrS[1,3,1]'           157008.156
1335   'PrS[1,3,2]'            63513.46402
1336   'PrS[1,3,3]'            28999.52691
1337   'PrS[1,4,1]'           152086.3369
1338   'PrS[1,4,2]'            61288.50751
1339   'PrS[1,4,3]'            27881.18302
1340   'PrS[1,5,1]'           144211.1144
1341   'PrS[1,5,2]'            57746.49868
1342   'PrS[1,5,3]'            26109.05837
1343   'PrS[1,6,1]'           132722.282
1344   'PrS[1,6,2]'            52621.09874
1345   'PrS[1,6,3]'            23563.73644
1346   'PrS[1,7,1]'           117472.0164
1347   'PrS[1,7,2]'            45900.43509
1348   'PrS[1,7,3]'            20263.57215
1349   'PrS[1,8,1]'            98454.65211
1350   'PrS[1,8,2]'            37667.39914
1351   'PrS[1,8,3]'            16287.02702
1352   'PrS[1,9,1]'            92484.3855
1353   'PrS[1,9,2]'            35120.38476
1354   'PrS[1,9,3]'            15073.69197
1355   'PrS[1,10,1]'           86494.43263
1356   'PrS[1,10,2]'           32584.77801
1357   'PrS[1,10,3]'           13874.65353
1358   'PrS[1,11,1]'           81320.00219
1359   'PrS[1,11,2]'           30411.2779
1360   'PrS[1,11,3]'           12854.38675
1361   'PrS[1,12,1]'           77267.12993
1362   'PrS[1,12,2]'           28720.40643
1363   'PrS[1,12,3]'           12065.80514
1364   'PrS[1,13,1]'           73861.58577
1365   'PrS[1,13,2]'           27307.79765
1366   'PrS[1,13,3]'           11410.64327
1367   'PrS[1,14,1]'           69627.83881
1368   'PrS[1,14,2]'           25562.5699
1369   'PrS[1,14,3]'           10606.05617
1370   'PrS[1,15,1]'           61773.04652
1371   'PrS[1,15,2]'           22358.85648
1372   'PrS[1,15,3]'            9144.142169
1373   'PrS[2,1,1]'           116521.5526
1374   'PrS[2,1,2]'            45484.90525
1375   'PrS[2,1,3]'            20061.03391
1376   'PrS[2,2,1]'           101699.9552
1377   'PrS[2,2,2]'            39059.78743
1378   'PrS[2,2,3]'            16953.88636
1379   'PrS[2,3,1]'            91586.14569
1380   'PrS[2,3,2]'            34738.85891
1381   'PrS[2,3,3]'            14892.69554
1382   'PrS[2,4,1]'            86014.44692
1383   'PrS[2,4,2]'            32382.48872
1384   'PrS[2,4,3]'            13779.39492
1385   'PrS[2,5,1]'            83247.89939
1386   'PrS[2,5,2]'            31219.19625
1387   'PrS[2,5,3]'            13232.78886
1388   'PrS[2,6,1]'            81753.40543
1389   'PrS[2,6,2]'            30592.70435
1390   'PrS[2,6,3]'            12939.2721
1391   'PrS[2,7,1]'            80433.02904
1392   'PrS[2,7,2]'            30040.34579
1393   'PrS[2,7,3]'            12680.998
1394   'PrS[2,8,1]'            78172.19282
1395   'PrS[2,8,2]'            29097.09722
1396   'PrS[2,8,3]'            12241.08118
1397   'PrS[2,9,1]'            74041.09102
1398   'PrS[2,9,2]'            27382.06379
1399   'PrS[2,9,3]'            11445.00212
1400   'PrS[2,10,1]'           67047.67573
1401   'PrS[2,10,2]'           24505.16408
1402   'PrS[2,10,3]'           10121.30824
1403   'PrS[2,11,1]'           57635.04126
1404   'PrS[2,11,2]'           20690.29222
1405   'PrS[2,11,3]'            8391.178634
1406   'PrS[2,12,1]'           48412.36529
1407   'PrS[2,12,2]'           17024.34159
1408   'PrS[2,12,3]'            6759.897725
1409   'PrS[2,13,1]'           39998.20923
1410   'PrS[2,13,2]'           13751.83652
1411   'PrS[2,13,3]'            5334.732837
1412   'PrS[2,14,1]'           34663.46773
1413   'PrS[2,14,2]'           11718.30287
1414   'PrS[2,14,3]'            4466.772106
1415   'PrS[2,15,1]'           32062.9434
1416   'PrS[2,15,2]'           10740.13886
1417   'PrS[2,15,3]'            4054.842619
1418   'PrSF[1]'               62118.83661
1419   'PrSF[2]'               22498.90966
1420   'PrSF[3]'                9207.617175
1421   Vap                       400.7364112
1422   Sep                        95
;

