solve_message = 'LOQO 7.00: optimal solution (36 iterations, 56 evaluations)\
primal objective 1516.9729582295317\
  dual objective 1516.9729174156168'

:     _varname         _var         :=
1     'F[2]'         0
2     'F[3]'         0
3     'F[4]'         0
4     'F[5]'         0
5     'F[6]'         0
6     'F[7]'         0
7     'F[8]'       200
8     'F[9]'         0
9     'F[10]'        0
10    'F[11]'        0
11    'F[12]'        0
12    'F[13]'        0
13    'F[14]'        0
14    Vs          1516.97
15    'y[1,1]'       7.57466e-05
16    'y[1,2]'       0.0980938
17    'y[1,3]'       0.90183
18    'y[2,1]'       0.000224082
19    'y[2,2]'       0.142485
20    'y[2,3]'       0.857291
21    'y[3,1]'       0.00064275
22    'y[3,2]'       0.200744
23    'y[3,3]'       0.798613
24    'y[4,1]'       0.00178585
25    'y[4,2]'       0.273293
26    'y[4,3]'       0.724921
27    'y[5,1]'       0.00478121
28    'y[5,2]'       0.35763
29    'y[5,3]'       0.637589
30    'y[6,1]'       0.0122534
31    'y[6,2]'       0.447131
32    'y[6,3]'       0.540615
33    'y[7,1]'       0.0298309
34    'y[7,2]'       0.530328
35    'y[7,3]'       0.439841
36    'y[8,1]'       0.0682372
37    'y[8,2]'       0.590502
38    'y[8,3]'       0.341261
39    'y[9,1]'       0.072353
40    'y[9,2]'       0.660221
41    'y[9,3]'       0.267426
42    'y[10,1]'      0.0797544
43    'y[10,2]'      0.718553
44    'y[10,3]'      0.201693
45    'y[11,1]'      0.0942856
46    'y[11,2]'      0.759346
47    'y[11,3]'      0.146369
48    'y[12,1]'      0.123443
49    'y[12,2]'      0.774793
50    'y[12,3]'      0.101765
51    'y[13,1]'      0.179986
52    'y[13,2]'      0.753111
53    'y[13,3]'      0.0669034
54    'y[14,1]'      0.280172
55    'y[14,2]'      0.67935
56    'y[14,3]'      0.0404778
57    'y[15,1]'      0.431649
58    'y[15,2]'      0.546768
59    'y[15,3]'      0.021583
60    Ls          1577.97
61    'x[1,1]'       2.45258e-05
62    'x[1,2]'       0.0655722
63    'x[1,3]'       0.934403
64    'x[2,1]'       7.37665e-05
65    'x[2,2]'       0.0968366
66    'x[2,3]'       0.90309
67    'x[3,1]'       0.000216367
68    'x[3,2]'       0.139512
69    'x[3,3]'       0.860272
70    'x[4,1]'       0.000618851
71    'x[4,2]'       0.195519
72    'x[4,3]'       0.803863
73    'x[5,1]'       0.00171776
74    'x[5,2]'       0.265263
75    'x[5,3]'       0.733019
76    'x[6,1]'       0.00459733
77    'x[6,2]'       0.346339
78    'x[6,3]'       0.649063
79    'x[7,1]'       0.0117807
80    'x[7,2]'       0.432381
81    'x[7,3]'       0.555839
82    'x[8,1]'       0.0286786
83    'x[8,2]'       0.512362
84    'x[8,3]'       0.45896
85    'x[9,1]'       0.0315793
86    'x[9,2]'       0.594913
87    'x[9,3]'       0.373508
88    'x[10,1]'      0.0361103
89    'x[10,2]'      0.671665
90    'x[10,3]'      0.292225
91    'x[11,1]'      0.0442583
92    'x[11,2]'      0.735881
93    'x[11,3]'      0.219861
94    'x[12,1]'      0.0602552
95    'x[12,2]'      0.780789
96    'x[12,3]'      0.158956
97    'x[13,1]'      0.0923533
98    'x[13,2]'      0.797794
99    'x[13,3]'      0.109853
100   'x[14,1]'      0.1546
101   'x[14,2]'      0.773925
102   'x[14,3]'      0.0714749
103   'x[15,1]'      0.264892
104   'x[15,2]'      0.692724
105   'x[15,3]'      0.0423838
106   PC           138.999
107   PR            61.0015
108   Vap         1516.97
;

