solve_message = 'LOQO 7.00: iteration limit (500 iterations, 4046 evaluations)\
primal objective 10983.708137641674\
  dual objective -11617.004940488394'

:     _varname         _var          :=
1     'F[2]'          0
2     'F[3]'          0
3     'F[4]'          0
4     'F[5]'          0
5     'F[6]'          0
6     'F[7]'          0
7     'F[8]'        200
8     'F[9]'          0
9     'F[10]'         0
10    'F[11]'         0
11    'F[12]'         0
12    'F[13]'         0
13    'F[14]'         0
14    Vs          10983.7
15    'y[1,1]'        0.000971329
16    'y[1,2]'        0.0357889
17    'y[1,3]'        0.960291
18    'y[2,1]'        0.000521624
19    'y[2,2]'        0.0654098
20    'y[2,3]'        0.931291
21    'y[3,1]'        0.00046842
22    'y[3,2]'        0.10873
23    'y[3,3]'        0.889281
24    'y[4,1]'        0.000521872
25    'y[4,2]'        0.169162
26    'y[4,3]'        0.829253
27    'y[5,1]'        0.000912471
28    'y[5,2]'        0.24917
29    'y[5,3]'        0.749102
30    'y[6,1]'        0.0020898
31    'y[6,2]'        0.347601
32    'y[6,3]'        0.649609
33    'y[7,1]'        0.00500509
34    'y[7,2]'        0.457958
35    'y[7,3]'        0.536171
36    'y[8,1]'        0.0124966
37    'y[8,2]'        0.568466
38    'y[8,3]'        0.418532
39    'y[9,1]'        0.0170286
40    'y[9,2]'        0.671245
41    'y[9,3]'        0.311008
42    'y[10,1]'       0.02653
43    'y[10,2]'       0.754489
44    'y[10,3]'       0.218023
45    'y[11,1]'       0.045883
46    'y[11,2]'       0.809166
47    'y[11,3]'       0.143608
48    'y[12,1]'       0.0837381
49    'y[12,2]'       0.826673
50    'y[12,3]'       0.0877936
51    'y[13,1]'       0.153054
52    'y[13,2]'       0.796182
53    'y[13,3]'       0.0483034
54    'y[14,1]'       0.267096
55    'y[14,2]'       0.707105
56    'y[14,3]'       0.0218309
57    'y[15,1]'       0.426562
58    'y[15,2]'       0.563498
59    'y[15,3]'       0.00562909
60    Ls          11106.8
61    'x[1,1]'        0.00158992
62    'x[1,2]'        0.0164419
63    'x[1,3]'        0.972998
64    'x[2,1]'        0.000964928
65    'x[2,2]'        0.0354785
66    'x[2,3]'        0.954977
67    'x[3,1]'        0.000519734
68    'x[3,2]'        0.0647739
69    'x[3,3]'        0.926297
70    'x[4,1]'        0.000466975
71    'x[4,2]'        0.107619
72    'x[4,3]'        0.884745
73    'x[5,1]'        0.00051939
74    'x[5,2]'        0.167388
75    'x[5,3]'        0.825372
76    'x[6,1]'        0.000905329
77    'x[6,2]'        0.246518
78    'x[6,3]'        0.746099
79    'x[7,1]'        0.00206978
80    'x[7,2]'        0.343867
81    'x[7,3]'        0.647696
82    'x[8,1]'        0.00495411
83    'x[8,2]'        0.453009
84    'x[8,3]'        0.535505
85    'x[9,1]'        0.00716738
86    'x[9,2]'        0.565218
87    'x[9,3]'        0.421325
88    'x[10,1]'       0.0117303
89    'x[10,2]'       0.668709
90    'x[10,3]'       0.313058
91    'x[11,1]'       0.021298
92    'x[11,2]'       0.752528
93    'x[11,3]'       0.219436
94    'x[12,1]'       0.0407878
95    'x[12,2]'       0.807578
96    'x[12,3]'       0.144518
97    'x[13,1]'       0.0789116
98    'x[13,2]'       0.825197
99    'x[13,3]'       0.0883322
100   'x[14,1]'       0.148712
101   'x[14,2]'       0.794481
102   'x[14,3]'       0.0485789
103   'x[15,1]'       0.263518
104   'x[15,2]'       0.704771
105   'x[15,3]'       0.0219204
106   PC            140.445
107   PR             60.8161
108   Vap         10983.7
;

