solve_message = 'SNOPT 7.6.1 : Optimal solution found.\
59 iterations, objective 195.54608372674454\
Nonlin evals: constrs = 937, Jac = 936.'

:          _varname              _var          :=
1     'F[2]'                    0
2     'F[3]'                    0
3     'F[4]'                    0
4     'F[5]'                    0
5     'F[6]'                    0
6     'F[7]'                    0
7     'F[8]'                  100
8     'F[9]'                    0
9     'F[10]'                   0
10    'F[11]'                   0
11    'F[12]'                   0
12    'F[13]'                   0
13    'F[14]'                   0
14    'V[1]'                  195.546
15    'V[2]'                  195.458
16    'V[3]'                  195.371
17    'V[4]'                  195.393
18    'V[5]'                  195.732
19    'V[6]'                  196.546
20    'V[7]'                  197.682
21    'V[8]'                  199.877
22    'V[9]'                  201.508
23    'V[10]'                 203.16
24    'V[11]'                 204.553
25    'V[12]'                 205.552
26    'V[13]'                 206.185
27    'V[14]'                 206.707
28    'V[15]'                   0
29    'y[1,1]'                  1.68328e-05
30    'y[1,2]'                  0.02857
31    'y[1,3]'                  0.971413
32    'y[2,1]'                  7.85475e-05
33    'y[2,2]'                  0.0562468
34    'y[2,3]'                  0.943675
35    'y[3,1]'                  0.000350423
36    'y[3,2]'                  0.104432
37    'y[3,3]'                  0.895218
38    'y[4,1]'                  0.00149686
39    'y[4,2]'                  0.182682
40    'y[4,3]'                  0.815821
41    'y[5,1]'                  0.00600293
42    'y[5,2]'                  0.295664
43    'y[5,3]'                  0.698333
44    'y[6,1]'                  0.0219669
45    'y[6,2]'                  0.43016
46    'y[6,3]'                  0.547873
47    'y[7,1]'                  0.0709494
48    'y[7,2]'                  0.54302
49    'y[7,3]'                  0.38603
50    'y[8,1]'                  0.193434
51    'y[8,2]'                  0.566449
52    'y[8,3]'                  0.240116
53    'y[9,1]'                  0.195929
54    'y[9,2]'                  0.629696
55    'y[9,3]'                  0.174375
56    'y[10,1]'                 0.198424
57    'y[10,2]'                 0.685527
58    'y[10,3]'                 0.116049
59    'y[11,1]'                 0.20169
60    'y[11,2]'                 0.726791
61    'y[11,3]'                 0.0715191
62    'y[12,1]'                 0.208689
63    'y[12,2]'                 0.750004
64    'y[12,3]'                 0.0413074
65    'y[13,1]'                 0.228425
66    'y[13,2]'                 0.749222
67    'y[13,3]'                 0.0223524
68    'y[14,1]'                 0.285465
69    'y[14,2]'                 0.703595
70    'y[14,3]'                 0.0109405
71    'y[15,1]'                 0.429184
72    'y[15,2]'                 0.566524
73    'y[15,3]'                 0.00429185
74    'L[1]'                    0
75    'L[2]'                  225.646
76    'L[3]'                  225.558
77    'L[4]'                  225.471
78    'L[5]'                  225.493
79    'L[6]'                  225.832
80    'L[7]'                  226.646
81    'L[8]'                  227.783
82    'L[9]'                  129.977
83    'L[10]'                 131.608
84    'L[11]'                 133.26
85    'L[12]'                 134.653
86    'L[13]'                 135.653
87    'L[14]'                 136.285
88    'L[15]'                 136.807
89    'x[1,1]'                  3.17692e-06
90    'x[1,2]'                  0.013289
91    'x[1,3]'                  0.986708
92    'x[2,1]'                  1.50112e-05
93    'x[2,2]'                  0.0265316
94    'x[2,3]'                  0.973453
95    'x[3,1]'                  6.84895e-05
96    'x[3,2]'                  0.0505142
97    'x[3,3]'                  0.949417
98    'x[4,1]'                  0.000304066
99    'x[4,2]'                  0.0922645
100   'x[4,3]'                  0.907431
101   'x[5,1]'                  0.00129748
102   'x[5,2]'                  0.16007
103   'x[5,3]'                  0.838632
104   'x[6,1]'                  0.00520325
105   'x[6,2]'                  0.258027
106   'x[6,3]'                  0.736769
107   'x[7,1]'                  0.01905
108   'x[7,2]'                  0.374797
109   'x[7,3]'                  0.606153
110   'x[8,1]'                  0.0615743
111   'x[8,2]'                  0.47302
112   'x[8,3]'                  0.465406
113   'x[9,1]'                  0.0666513
114   'x[9,2]'                  0.566409
115   'x[9,3]'                  0.36694
116   'x[10,1]'                 0.0720423
117   'x[10,2]'                 0.663249
118   'x[10,3]'                 0.264709
119   'x[11,1]'                 0.0773814
120   'x[11,2]'                 0.747949
121   'x[11,3]'                 0.17467
122   'x[12,1]'                 0.0835945
123   'x[12,2]'                 0.809988
124   'x[12,3]'                 0.106418
125   'x[13,1]'                 0.0950705
126   'x[13,2]'                 0.844549
127   'x[13,3]'                 0.060381
128   'x[14,1]'                 0.125458
129   'x[14,2]'                 0.842927
130   'x[14,3]'                 0.0316156
131   'x[15,1]'                 0.212033
132   'x[15,2]'                 0.773629
133   'x[15,3]'                 0.0143375
134   PC                       69.8999
135   PR                       30.1001
136   'T[1]'                  369.072
137   'T[2]'                  368.623
138   'T[3]'                  367.819
139   'T[4]'                  366.448
140   'T[5]'                  364.267
141   'T[6]'                  361.104
142   'T[7]'                  356.878
143   'T[8]'                  351.323
144   'T[9]'                  349.21
145   'T[10]'                 347.168
146   'T[11]'                 345.46
147   'T[12]'                 344.138
148   'T[13]'                 342.976
149   'T[14]'                 341.338
150   'T[15]'                 337.88
151   TF                      338.159
152   QC                     2016.27
153   QR                     2068.51
154   'H[1,1]'                  1.85176
155   'H[1,2]'                  2.28585
156   'H[1,3]'                  2.74058
157   'H[2,1]'                  1.83867
158   'H[2,2]'                  2.26999
159   'H[2,3]'                  2.72142
160   'H[3,1]'                  1.81533
161   'H[3,2]'                  2.2417
162   'H[3,3]'                  2.68724
163   'H[4,1]'                  1.77561
164   'H[4,2]'                  2.19354
165   'H[4,3]'                  2.62908
166   'H[5,1]'                  1.71277
167   'H[5,2]'                  2.11729
168   'H[5,3]'                  2.53704
169   'H[6,1]'                  1.62233
170   'H[6,2]'                  2.00746
171   'H[6,3]'                  2.40454
172   'H[7,1]'                  1.5028
173   'H[7,2]'                  1.86206
174   'H[7,3]'                  2.22933
175   'H[8,1]'                  1.348
176   'H[8,2]'                  1.67336
177   'H[8,3]'                  2.00219
178   'H[9,1]'                  1.28983
179   'H[9,2]'                  1.60231
180   'H[9,3]'                  1.91676
181   'H[10,1]'                 1.23395
182   'H[10,2]'                 1.53399
183   'H[10,3]'                 1.83465
184   'H[11,1]'                 1.18749
185   'H[11,2]'                 1.47714
186   'H[11,3]'                 1.76635
187   'H[12,1]'                 1.15173
188   'H[12,2]'                 1.43334
189   'H[12,3]'                 1.71375
190   'H[13,1]'                 1.12039
191   'H[13,2]'                 1.39492
192   'H[13,3]'                 1.66763
193   'H[14,1]'                 1.07643
194   'H[14,2]'                 1.341
195   'H[14,3]'                 1.60293
196   'H[15,1]'                 0.984406
197   'H[15,2]'                 1.22795
198   'H[15,3]'                 1.46733
199   'HF[1]'                   0.991793
200   'HF[2]'                   1.23703
201   'HF[3]'                   1.47822
202   'h[1,1]'                 -6.41754
203   'h[1,2]'                 -7.19604
204   'h[1,3]'                 -7.83833
205   'h[2,1]'                 -6.43829
206   'h[2,2]'                 -7.21916
207   'h[2,3]'                 -7.86491
208   'h[3,1]'                 -6.47531
209   'h[3,2]'                 -7.26041
210   'h[3,3]'                 -7.91233
211   'h[4,1]'                 -6.53833
212   'h[4,2]'                 -7.33065
213   'h[4,3]'                 -7.99308
214   'h[5,1]'                 -6.63808
215   'h[5,2]'                 -7.44189
216   'h[5,3]'                 -8.12098
217   'h[6,1]'                 -6.78178
218   'h[6,2]'                 -7.60225
219   'h[6,3]'                 -8.30539
220   'h[7,1]'                 -6.97199
221   'h[7,2]'                 -7.81475
222   'h[7,3]'                 -8.54981
223   'h[8,1]'                 -7.2189
224   'h[8,2]'                 -8.09101
225   'h[8,3]'                 -8.86772
226   'h[9,1]'                 -7.31187
227   'h[9,2]'                 -8.19518
228   'h[9,3]'                 -8.98763
229   'h[10,1]'                -7.40129
230   'h[10,2]'                -8.29543
231   'h[10,3]'                -9.10307
232   'h[11,1]'                -7.47571
233   'h[11,2]'                -8.37892
234   'h[11,3]'                -9.19923
235   'h[12,1]'                -7.53304
236   'h[12,2]'                -8.44329
237   'h[12,3]'                -9.27338
238   'h[13,1]'                -7.58334
239   'h[13,2]'                -8.49978
240   'h[13,3]'                -9.33847
241   'h[14,1]'                -7.65393
242   'h[14,2]'                -8.57911
243   'h[14,3]'                -9.4299
244   'h[15,1]'                -7.802
245   'h[15,2]'                -8.74568
246   'h[15,3]'                -9.62194
247   'hF[1]'                  -7.7901
248   'hF[2]'                  -8.73228
249   'hF[3]'                  -9.60649
250   'tauGamma[1,1,1]'     1e-06
251   'tauGamma[1,1,2]'     1e-06
252   'tauGamma[1,1,3]'     1e-06
253   'tauGamma[1,2,1]'     1e-06
254   'tauGamma[1,2,2]'     1e-06
255   'tauGamma[1,2,3]'     1e-06
256   'tauGamma[1,3,1]'     1e-06
257   'tauGamma[1,3,2]'     1e-06
258   'tauGamma[1,3,3]'     1e-06
259   'tauGamma[2,1,1]'     1e-06
260   'tauGamma[2,1,2]'     1e-06
261   'tauGamma[2,1,3]'     1e-06
262   'tauGamma[2,2,1]'     1e-06
263   'tauGamma[2,2,2]'     1e-06
264   'tauGamma[2,2,3]'     1e-06
265   'tauGamma[2,3,1]'     1e-06
266   'tauGamma[2,3,2]'     1e-06
267   'tauGamma[2,3,3]'     1e-06
268   'tauGamma[3,1,1]'     1e-06
269   'tauGamma[3,1,2]'     1e-06
270   'tauGamma[3,1,3]'     1e-06
271   'tauGamma[3,2,1]'     1e-06
272   'tauGamma[3,2,2]'     1e-06
273   'tauGamma[3,2,3]'     1e-06
274   'tauGamma[3,3,1]'     1e-06
275   'tauGamma[3,3,2]'     1e-06
276   'tauGamma[3,3,3]'     1e-06
277   'tauGamma[4,1,1]'     1e-06
278   'tauGamma[4,1,2]'     1e-06
279   'tauGamma[4,1,3]'     1e-06
280   'tauGamma[4,2,1]'     1e-06
281   'tauGamma[4,2,2]'     1e-06
282   'tauGamma[4,2,3]'     1e-06
283   'tauGamma[4,3,1]'     1e-06
284   'tauGamma[4,3,2]'     1e-06
285   'tauGamma[4,3,3]'     1e-06
286   'tauGamma[5,1,1]'     1e-06
287   'tauGamma[5,1,2]'     1e-06
288   'tauGamma[5,1,3]'     1e-06
289   'tauGamma[5,2,1]'     1e-06
290   'tauGamma[5,2,2]'     1e-06
291   'tauGamma[5,2,3]'     1e-06
292   'tauGamma[5,3,1]'     1e-06
293   'tauGamma[5,3,2]'     1e-06
294   'tauGamma[5,3,3]'     1e-06
295   'tauGamma[6,1,1]'     1e-06
296   'tauGamma[6,1,2]'     1e-06
297   'tauGamma[6,1,3]'     1e-06
298   'tauGamma[6,2,1]'     1e-06
299   'tauGamma[6,2,2]'     1e-06
300   'tauGamma[6,2,3]'     1e-06
301   'tauGamma[6,3,1]'     1e-06
302   'tauGamma[6,3,2]'     1e-06
303   'tauGamma[6,3,3]'     1e-06
304   'tauGamma[7,1,1]'     1e-06
305   'tauGamma[7,1,2]'     1e-06
306   'tauGamma[7,1,3]'     1e-06
307   'tauGamma[7,2,1]'     1e-06
308   'tauGamma[7,2,2]'     1e-06
309   'tauGamma[7,2,3]'     1e-06
310   'tauGamma[7,3,1]'     1e-06
311   'tauGamma[7,3,2]'     1e-06
312   'tauGamma[7,3,3]'     1e-06
313   'tauGamma[8,1,1]'     1e-06
314   'tauGamma[8,1,2]'     1e-06
315   'tauGamma[8,1,3]'     1e-06
316   'tauGamma[8,2,1]'     1e-06
317   'tauGamma[8,2,2]'     1e-06
318   'tauGamma[8,2,3]'     1e-06
319   'tauGamma[8,3,1]'     1e-06
320   'tauGamma[8,3,2]'     1e-06
321   'tauGamma[8,3,3]'     1e-06
322   'tauGamma[9,1,1]'     1e-06
323   'tauGamma[9,1,2]'     1e-06
324   'tauGamma[9,1,3]'     1e-06
325   'tauGamma[9,2,1]'     1e-06
326   'tauGamma[9,2,2]'     1e-06
327   'tauGamma[9,2,3]'     1e-06
328   'tauGamma[9,3,1]'     1e-06
329   'tauGamma[9,3,2]'     1e-06
330   'tauGamma[9,3,3]'     1e-06
331   'tauGamma[10,1,1]'    1e-06
332   'tauGamma[10,1,2]'    1e-06
333   'tauGamma[10,1,3]'    1e-06
334   'tauGamma[10,2,1]'    1e-06
335   'tauGamma[10,2,2]'    1e-06
336   'tauGamma[10,2,3]'    1e-06
337   'tauGamma[10,3,1]'    1e-06
338   'tauGamma[10,3,2]'    1e-06
339   'tauGamma[10,3,3]'    1e-06
340   'tauGamma[11,1,1]'    1e-06
341   'tauGamma[11,1,2]'    1e-06
342   'tauGamma[11,1,3]'    1e-06
343   'tauGamma[11,2,1]'    1e-06
344   'tauGamma[11,2,2]'    1e-06
345   'tauGamma[11,2,3]'    1e-06
346   'tauGamma[11,3,1]'    1e-06
347   'tauGamma[11,3,2]'    1e-06
348   'tauGamma[11,3,3]'    1e-06
349   'tauGamma[12,1,1]'    1e-06
350   'tauGamma[12,1,2]'    1e-06
351   'tauGamma[12,1,3]'    1e-06
352   'tauGamma[12,2,1]'    1e-06
353   'tauGamma[12,2,2]'    1e-06
354   'tauGamma[12,2,3]'    1e-06
355   'tauGamma[12,3,1]'    1e-06
356   'tauGamma[12,3,2]'    1e-06
357   'tauGamma[12,3,3]'    1e-06
358   'tauGamma[13,1,1]'    1e-06
359   'tauGamma[13,1,2]'    1e-06
360   'tauGamma[13,1,3]'    1e-06
361   'tauGamma[13,2,1]'    1e-06
362   'tauGamma[13,2,2]'    1e-06
363   'tauGamma[13,2,3]'    1e-06
364   'tauGamma[13,3,1]'    1e-06
365   'tauGamma[13,3,2]'    1e-06
366   'tauGamma[13,3,3]'    1e-06
367   'tauGamma[14,1,1]'    1e-06
368   'tauGamma[14,1,2]'    1e-06
369   'tauGamma[14,1,3]'    1e-06
370   'tauGamma[14,2,1]'    1e-06
371   'tauGamma[14,2,2]'    1e-06
372   'tauGamma[14,2,3]'    1e-06
373   'tauGamma[14,3,1]'    1e-06
374   'tauGamma[14,3,2]'    1e-06
375   'tauGamma[14,3,3]'    1e-06
376   'tauGamma[15,1,1]'    1e-06
377   'tauGamma[15,1,2]'    1e-06
378   'tauGamma[15,1,3]'    1e-06
379   'tauGamma[15,2,1]'    1e-06
380   'tauGamma[15,2,2]'    1e-06
381   'tauGamma[15,2,3]'    1e-06
382   'tauGamma[15,3,1]'    1e-06
383   'tauGamma[15,3,2]'    1e-06
384   'tauGamma[15,3,3]'    1e-06
385   'PGamma[1,1,1]'           1
386   'PGamma[1,1,2]'           1
387   'PGamma[1,1,3]'           1
388   'PGamma[1,2,1]'           1
389   'PGamma[1,2,2]'           1
390   'PGamma[1,2,3]'           1
391   'PGamma[1,3,1]'           1
392   'PGamma[1,3,2]'           1
393   'PGamma[1,3,3]'           1
394   'PGamma[2,1,1]'           1
395   'PGamma[2,1,2]'           1
396   'PGamma[2,1,3]'           1
397   'PGamma[2,2,1]'           1
398   'PGamma[2,2,2]'           1
399   'PGamma[2,2,3]'           1
400   'PGamma[2,3,1]'           1
401   'PGamma[2,3,2]'           1
402   'PGamma[2,3,3]'           1
403   'PGamma[3,1,1]'           1
404   'PGamma[3,1,2]'           1
405   'PGamma[3,1,3]'           1
406   'PGamma[3,2,1]'           1
407   'PGamma[3,2,2]'           1
408   'PGamma[3,2,3]'           1
409   'PGamma[3,3,1]'           1
410   'PGamma[3,3,2]'           1
411   'PGamma[3,3,3]'           1
412   'PGamma[4,1,1]'           1
413   'PGamma[4,1,2]'           1
414   'PGamma[4,1,3]'           1
415   'PGamma[4,2,1]'           1
416   'PGamma[4,2,2]'           1
417   'PGamma[4,2,3]'           1
418   'PGamma[4,3,1]'           1
419   'PGamma[4,3,2]'           1
420   'PGamma[4,3,3]'           1
421   'PGamma[5,1,1]'           1
422   'PGamma[5,1,2]'           1
423   'PGamma[5,1,3]'           1
424   'PGamma[5,2,1]'           1
425   'PGamma[5,2,2]'           1
426   'PGamma[5,2,3]'           1
427   'PGamma[5,3,1]'           1
428   'PGamma[5,3,2]'           1
429   'PGamma[5,3,3]'           1
430   'PGamma[6,1,1]'           1
431   'PGamma[6,1,2]'           1
432   'PGamma[6,1,3]'           1
433   'PGamma[6,2,1]'           1
434   'PGamma[6,2,2]'           1
435   'PGamma[6,2,3]'           1
436   'PGamma[6,3,1]'           1
437   'PGamma[6,3,2]'           1
438   'PGamma[6,3,3]'           1
439   'PGamma[7,1,1]'           1
440   'PGamma[7,1,2]'           1
441   'PGamma[7,1,3]'           1
442   'PGamma[7,2,1]'           1
443   'PGamma[7,2,2]'           1
444   'PGamma[7,2,3]'           1
445   'PGamma[7,3,1]'           1
446   'PGamma[7,3,2]'           1
447   'PGamma[7,3,3]'           1
448   'PGamma[8,1,1]'           1
449   'PGamma[8,1,2]'           1
450   'PGamma[8,1,3]'           1
451   'PGamma[8,2,1]'           1
452   'PGamma[8,2,2]'           1
453   'PGamma[8,2,3]'           1
454   'PGamma[8,3,1]'           1
455   'PGamma[8,3,2]'           1
456   'PGamma[8,3,3]'           1
457   'PGamma[9,1,1]'           1
458   'PGamma[9,1,2]'           1
459   'PGamma[9,1,3]'           1
460   'PGamma[9,2,1]'           1
461   'PGamma[9,2,2]'           1
462   'PGamma[9,2,3]'           1
463   'PGamma[9,3,1]'           1
464   'PGamma[9,3,2]'           1
465   'PGamma[9,3,3]'           1
466   'PGamma[10,1,1]'          1
467   'PGamma[10,1,2]'          1
468   'PGamma[10,1,3]'          1
469   'PGamma[10,2,1]'          1
470   'PGamma[10,2,2]'          1
471   'PGamma[10,2,3]'          1
472   'PGamma[10,3,1]'          1
473   'PGamma[10,3,2]'          1
474   'PGamma[10,3,3]'          1
475   'PGamma[11,1,1]'          1
476   'PGamma[11,1,2]'          1
477   'PGamma[11,1,3]'          1
478   'PGamma[11,2,1]'          1
479   'PGamma[11,2,2]'          1
480   'PGamma[11,2,3]'          1
481   'PGamma[11,3,1]'          1
482   'PGamma[11,3,2]'          1
483   'PGamma[11,3,3]'          1
484   'PGamma[12,1,1]'          1
485   'PGamma[12,1,2]'          1
486   'PGamma[12,1,3]'          1
487   'PGamma[12,2,1]'          1
488   'PGamma[12,2,2]'          1
489   'PGamma[12,2,3]'          1
490   'PGamma[12,3,1]'          1
491   'PGamma[12,3,2]'          1
492   'PGamma[12,3,3]'          1
493   'PGamma[13,1,1]'          1
494   'PGamma[13,1,2]'          1
495   'PGamma[13,1,3]'          1
496   'PGamma[13,2,1]'          1
497   'PGamma[13,2,2]'          1
498   'PGamma[13,2,3]'          1
499   'PGamma[13,3,1]'          1
500   'PGamma[13,3,2]'          1
501   'PGamma[13,3,3]'          1
502   'PGamma[14,1,1]'          1
503   'PGamma[14,1,2]'          1
504   'PGamma[14,1,3]'          1
505   'PGamma[14,2,1]'          1
506   'PGamma[14,2,2]'          1
507   'PGamma[14,2,3]'          1
508   'PGamma[14,3,1]'          1
509   'PGamma[14,3,2]'          1
510   'PGamma[14,3,3]'          1
511   'PGamma[15,1,1]'          1
512   'PGamma[15,1,2]'          1
513   'PGamma[15,1,3]'          1
514   'PGamma[15,2,1]'          1
515   'PGamma[15,2,2]'          1
516   'PGamma[15,2,3]'          1
517   'PGamma[15,3,1]'          1
518   'PGamma[15,3,2]'          1
519   'PGamma[15,3,3]'          1
520   'SGamma1[1,1]'        1e-06
521   'SGamma1[1,2]'        1e-06
522   'SGamma1[1,3]'        1e-06
523   'SGamma1[2,1]'        1e-06
524   'SGamma1[2,2]'        1e-06
525   'SGamma1[2,3]'        1e-06
526   'SGamma1[3,1]'        1e-06
527   'SGamma1[3,2]'        1e-06
528   'SGamma1[3,3]'        1e-06
529   'SGamma1[4,1]'        1e-06
530   'SGamma1[4,2]'        1e-06
531   'SGamma1[4,3]'        1e-06
532   'SGamma1[5,1]'        1e-06
533   'SGamma1[5,2]'        1e-06
534   'SGamma1[5,3]'        1e-06
535   'SGamma1[6,1]'        1e-06
536   'SGamma1[6,2]'        1e-06
537   'SGamma1[6,3]'        1e-06
538   'SGamma1[7,1]'        1e-06
539   'SGamma1[7,2]'        1e-06
540   'SGamma1[7,3]'        1e-06
541   'SGamma1[8,1]'        1e-06
542   'SGamma1[8,2]'        1e-06
543   'SGamma1[8,3]'        1e-06
544   'SGamma1[9,1]'        1e-06
545   'SGamma1[9,2]'        1e-06
546   'SGamma1[9,3]'        1e-06
547   'SGamma1[10,1]'       1e-06
548   'SGamma1[10,2]'       1e-06
549   'SGamma1[10,3]'       1e-06
550   'SGamma1[11,1]'       1e-06
551   'SGamma1[11,2]'       1e-06
552   'SGamma1[11,3]'       1e-06
553   'SGamma1[12,1]'       1e-06
554   'SGamma1[12,2]'       1e-06
555   'SGamma1[12,3]'       1e-06
556   'SGamma1[13,1]'       1e-06
557   'SGamma1[13,2]'       1e-06
558   'SGamma1[13,3]'       1e-06
559   'SGamma1[14,1]'       1e-06
560   'SGamma1[14,2]'       1e-06
561   'SGamma1[14,3]'       1e-06
562   'SGamma1[15,1]'       1e-06
563   'SGamma1[15,2]'       1e-06
564   'SGamma1[15,3]'       1e-06
565   'SGamma2[1,1]'            1
566   'SGamma2[1,2]'            1
567   'SGamma2[1,3]'            1
568   'SGamma2[2,1]'            1
569   'SGamma2[2,2]'            1
570   'SGamma2[2,3]'            1
571   'SGamma2[3,1]'            1
572   'SGamma2[3,2]'            1
573   'SGamma2[3,3]'            1
574   'SGamma2[4,1]'            1
575   'SGamma2[4,2]'            1
576   'SGamma2[4,3]'            1
577   'SGamma2[5,1]'            1
578   'SGamma2[5,2]'            1
579   'SGamma2[5,3]'            1
580   'SGamma2[6,1]'            1
581   'SGamma2[6,2]'            1
582   'SGamma2[6,3]'            1
583   'SGamma2[7,1]'            1
584   'SGamma2[7,2]'            1
585   'SGamma2[7,3]'            1
586   'SGamma2[8,1]'            1
587   'SGamma2[8,2]'            1
588   'SGamma2[8,3]'            1
589   'SGamma2[9,1]'            1
590   'SGamma2[9,2]'            1
591   'SGamma2[9,3]'            1
592   'SGamma2[10,1]'           1
593   'SGamma2[10,2]'           1
594   'SGamma2[10,3]'           1
595   'SGamma2[11,1]'           1
596   'SGamma2[11,2]'           1
597   'SGamma2[11,3]'           1
598   'SGamma2[12,1]'           1
599   'SGamma2[12,2]'           1
600   'SGamma2[12,3]'           1
601   'SGamma2[13,1]'           1
602   'SGamma2[13,2]'           1
603   'SGamma2[13,3]'           1
604   'SGamma2[14,1]'           1
605   'SGamma2[14,2]'           1
606   'SGamma2[14,3]'           1
607   'SGamma2[15,1]'           1
608   'SGamma2[15,2]'           1
609   'SGamma2[15,3]'           1
610   'gamma[1,1]'              1
611   'gamma[1,2]'              1
612   'gamma[1,3]'              1
613   'gamma[2,1]'              1
614   'gamma[2,2]'              1
615   'gamma[2,3]'              1
616   'gamma[3,1]'              1
617   'gamma[3,2]'              1
618   'gamma[3,3]'              1
619   'gamma[4,1]'              1
620   'gamma[4,2]'              1
621   'gamma[4,3]'              1
622   'gamma[5,1]'              1
623   'gamma[5,2]'              1
624   'gamma[5,3]'              1
625   'gamma[6,1]'              1
626   'gamma[6,2]'              1
627   'gamma[6,3]'              1
628   'gamma[7,1]'              1
629   'gamma[7,2]'              1
630   'gamma[7,3]'              1
631   'gamma[8,1]'              1
632   'gamma[8,2]'              1
633   'gamma[8,3]'              1
634   'gamma[9,1]'              1
635   'gamma[9,2]'              1
636   'gamma[9,3]'              1
637   'gamma[10,1]'             1
638   'gamma[10,2]'             1
639   'gamma[10,3]'             1
640   'gamma[11,1]'             1
641   'gamma[11,2]'             1
642   'gamma[11,3]'             1
643   'gamma[12,1]'             1
644   'gamma[12,2]'             1
645   'gamma[12,3]'             1
646   'gamma[13,1]'             1
647   'gamma[13,2]'             1
648   'gamma[13,3]'             1
649   'gamma[14,1]'             1
650   'gamma[14,2]'             1
651   'gamma[14,3]'             1
652   'gamma[15,1]'             1
653   'gamma[15,2]'             1
654   'gamma[15,3]'             1
655   'PrS[1,1]'           161060
656   'PrS[1,2]'            65351.5
657   'PrS[1,3]'            29926.3
658   'PrS[2,1]'           159058
659   'PrS[2,2]'            64442.4
660   'PrS[2,3]'            29467.6
661   'PrS[3,1]'           155527
662   'PrS[3,2]'            62843.1
663   'PrS[3,3]'            28662.2
664   'PrS[4,1]'           149641
665   'PrS[4,2]'            60186.4
666   'PrS[4,3]'            27328.7
667   'PrS[5,1]'           140637
668   'PrS[5,2]'            56146.8
669   'PrS[5,3]'            25312.1
670   'PrS[6,1]'           128331
671   'PrS[6,2]'            50676
672   'PrS[6,3]'            22604
673   'PrS[7,1]'           113212
674   'PrS[7,2]'            44041
675   'PrS[7,3]'            19358.7
676   'PrS[8,1]'            95493
677   'PrS[8,2]'            36401.5
678   'PrS[8,3]'            15682.9
679   'PrS[9,1]'            89356.8
680   'PrS[9,2]'            33793.9
681   'PrS[9,3]'            14445.3
682   'PrS[10,1]'           83722.7
683   'PrS[10,2]'           31418.5
684   'PrS[10,3]'           13326.3
685   'PrS[11,1]'           79229
686   'PrS[11,2]'           29537.6
687   'PrS[11,3]'           12446.3
688   'PrS[12,1]'           75885.5
689   'PrS[12,2]'           28146.4
690   'PrS[12,3]'           11799.2
691   'PrS[13,1]'           73035.8
692   'PrS[13,2]'           26966.4
693   'PrS[13,3]'           11252.8
694   'PrS[14,1]'           69165.9
695   'PrS[14,2]'           25372.9
696   'PrS[14,3]'           10519
697   'PrS[15,1]'           61528.6
698   'PrS[15,2]'           22259.9
699   'PrS[15,3]'            9099.32
700   'PrSF[1]'             62118.8
701   'PrSF[2]'             22498.9
702   'PrSF[3]'              9207.62
703   Vap                     195.546
;

