solve_message =
'Knitro 10.3.0: Relative change in infeasible solution estimate < xtol for xtol_iters.\
objective 4.03096189668929e-09; feasibility error 3.17\
22 iterations; 38 function evaluations'

:      _varname         _var         :=
1     'F[2]'          0
2     'F[3]'          0
3     'F[4]'          0
4     'F[5]'          0
5     'F[6]'          0
6     'F[7]'          0
7     'F[8]'        100
8     'F[9]'          0
9     'F[10]'         0
10    'F[11]'         0
11    'F[12]'         0
12    'F[13]'         0
13    'F[14]'         0
14    'Vs[1]'         3.74193e-09
15    'Vs[2]'         2.89031e-10
16    'y[1,1,1]'      0.588815
17    'y[1,1,2]'      0.302071
18    'y[1,1,3]'      0.109113
19    'y[1,2,1]'      0.595013
20    'y[1,2,2]'      0.305251
21    'y[1,2,3]'      0.0997356
22    'y[1,3,1]'      0.595013
23    'y[1,3,2]'      0.305251
24    'y[1,3,3]'      0.0997356
25    'y[1,4,1]'      0.595013
26    'y[1,4,2]'      0.305251
27    'y[1,4,3]'      0.0997356
28    'y[1,5,1]'      0.595013
29    'y[1,5,2]'      0.305251
30    'y[1,5,3]'      0.0997356
31    'y[1,6,1]'      0.595013
32    'y[1,6,2]'      0.305251
33    'y[1,6,3]'      0.0997356
34    'y[1,7,1]'      0.595013
35    'y[1,7,2]'      0.305251
36    'y[1,7,3]'      0.0997356
37    'y[1,8,1]'      0.595013
38    'y[1,8,2]'      0.305251
39    'y[1,8,3]'      0.0997356
40    'y[1,9,1]'      0.585046
41    'y[1,9,2]'      0.284546
42    'y[1,9,3]'      0.130408
43    'y[1,10,1]'     0.574083
44    'y[1,10,2]'     0.277316
45    'y[1,10,3]'     0.148601
46    'y[1,11,1]'     0.565333
47    'y[1,11,2]'     0.27653
48    'y[1,11,3]'     0.158137
49    'y[1,12,1]'     0.55627
50    'y[1,12,2]'     0.280061
51    'y[1,12,3]'     0.163669
52    'y[1,13,1]'     0.543811
53    'y[1,13,2]'     0.289968
54    'y[1,13,3]'     0.166221
55    'y[1,14,1]'     0.537414
56    'y[1,14,2]'     0.305729
57    'y[1,14,3]'     0.156857
58    'y[1,15,1]'     0.610585
59    'y[1,15,2]'     0.271294
60    'y[1,15,3]'     0.11812
61    'y[2,1,1]'      0.162302
62    'y[2,1,2]'      0.305978
63    'y[2,1,3]'      0.531721
64    'y[2,2,1]'      0.252646
65    'y[2,2,2]'      0.356764
66    'y[2,2,3]'      0.39059
67    'y[2,3,1]'      0.335853
68    'y[2,3,2]'      0.36086
69    'y[2,3,3]'      0.303287
70    'y[2,4,1]'      0.420091
71    'y[2,4,2]'      0.329611
72    'y[2,4,3]'      0.250298
73    'y[2,5,1]'      0.498873
74    'y[2,5,2]'      0.285485
75    'y[2,5,3]'      0.215642
76    'y[2,6,1]'      0.536264
77    'y[2,6,2]'      0.298857
78    'y[2,6,3]'      0.164879
79    'y[2,7,1]'      0.5461
80    'y[2,7,2]'      0.325508
81    'y[2,7,3]'      0.128393
82    'y[2,8,1]'      0.555979
83    'y[2,8,2]'      0.340803
84    'y[2,8,3]'      0.103219
85    'y[2,9,1]'      0.580789
86    'y[2,9,2]'      0.328656
87    'y[2,9,3]'      0.0905545
88    'y[2,10,1]'     0.632354
89    'y[2,10,2]'     0.287337
90    'y[2,10,3]'     0.0803096
91    'y[2,11,1]'     0.701588
92    'y[2,11,2]'     0.228217
93    'y[2,11,3]'     0.0701949
94    'y[2,12,1]'     0.673353
95    'y[2,12,2]'     0.254613
96    'y[2,12,3]'     0.072034
97    'y[2,13,1]'     0.663504
98    'y[2,13,2]'     0.266617
99    'y[2,13,3]'     0.0698793
100   'y[2,14,1]'     0.668412
101   'y[2,14,2]'     0.266817
102   'y[2,14,3]'     0.0647718
103   'y[2,15,1]'     0.692505
104   'y[2,15,2]'     0.250228
105   'y[2,15,3]'     0.0572663
106   'Ls[1]'       100
107   'Ls[2]'         1.61488e-09
108   'x[1,1,1]'      0.75
109   'x[1,1,2]'      1
110   'x[1,1,3]'      0.829156
111   'x[1,2,1]'      0.3
112   'x[1,2,2]'      0.4
113   'x[1,2,3]'      0.3
114   'x[1,3,1]'      0.3
115   'x[1,3,2]'      0.4
116   'x[1,3,3]'      0.3
117   'x[1,4,1]'      0.3
118   'x[1,4,2]'      0.4
119   'x[1,4,3]'      0.3
120   'x[1,5,1]'      0.3
121   'x[1,5,2]'      0.4
122   'x[1,5,3]'      0.3
123   'x[1,6,1]'      0.3
124   'x[1,6,2]'      0.4
125   'x[1,6,3]'      0.3
126   'x[1,7,1]'      0.3
127   'x[1,7,2]'      0.4
128   'x[1,7,3]'      0.3
129   'x[1,8,1]'      0.3
130   'x[1,8,2]'      0.4
131   'x[1,8,3]'      0.3
132   'x[1,9,1]'      0.278251
133   'x[1,9,2]'      0.351728
134   'x[1,9,3]'      0.370021
135   'x[1,10,1]'     0.263175
136   'x[1,10,2]'     0.33041
137   'x[1,10,3]'     0.406414
138   'x[1,11,1]'     0.253801
139   'x[1,11,2]'     0.322655
140   'x[1,11,3]'     0.423544
141   'x[1,12,1]'     0.246073
142   'x[1,12,2]'     0.321988
143   'x[1,12,3]'     0.431939
144   'x[1,13,1]'     0.237565
145   'x[1,13,2]'     0.329226
146   'x[1,13,3]'     0.433209
147   'x[1,14,1]'     0.236975
148   'x[1,14,2]'     0.35038
149   'x[1,14,3]'     0.412645
150   'x[1,15,1]'     0.302213
151   'x[1,15,2]'     0.348992
152   'x[1,15,3]'     0.348794
153   'x[2,1,1]'      0.0393007
154   'x[2,1,2]'      0.192564
155   'x[2,1,3]'      0.768135
156   'x[2,2,1]'      0.0719766
157   'x[2,2,2]'      0.264161
158   'x[2,2,3]'      0.663862
159   'x[2,3,1]'      0.108933
160   'x[2,3,2]'      0.304199
161   'x[2,3,3]'      0.586868
162   'x[2,4,1]'      0.151657
163   'x[2,4,2]'      0.309263
164   'x[2,4,3]'      0.53908
165   'x[2,5,1]'      0.197389
166   'x[2,5,2]'      0.29358
167   'x[2,5,3]'      0.509031
168   'x[2,6,1]'      0.233498
169   'x[2,6,2]'      0.338202
170   'x[2,6,3]'      0.428299
171   'x[2,7,1]'      0.253049
172   'x[2,7,2]'      0.392015
173   'x[2,7,3]'      0.354936
174   'x[2,8,1]'      0.270218
175   'x[2,8,2]'      0.430494
176   'x[2,8,3]'      0.299289
177   'x[2,9,1]'      0.294039
178   'x[2,9,2]'      0.432451
179   'x[2,9,3]'      0.27351
180   'x[2,10,1]'     0.340292
181   'x[2,10,2]'     0.401876
182   'x[2,10,3]'     0.257832
183   'x[2,11,1]'     0.409447
184   'x[2,11,2]'     0.346155
185   'x[2,11,3]'     0.244398
186   'x[2,12,1]'     0.381537
187   'x[2,12,2]'     0.374958
188   'x[2,12,3]'     0.243505
189   'x[2,13,1]'     0.374156
190   'x[2,13,2]'     0.390755
191   'x[2,13,3]'     0.23509
192   'x[2,14,1]'     0.382322
193   'x[2,14,2]'     0.396649
194   'x[2,14,3]'     0.221028
195   'x[2,15,1]'     0.411105
196   'x[2,15,2]'     0.386077
197   'x[2,15,3]'     0.202818
198   'CC[2]'         0
199   'CC[3]'         0
200   'CC[4]'         0
201   'CC[5]'         0
202   'CC[6]'         0
203   'CC[7]'         0
204   'CC[8]'         0
205   'CC[9]'         0
206   'CC[10]'        0
207   'CC[11]'        1.08328e-09
208   'CC[12]'        0
209   'CC[13]'        0
210   'CC[14]'        0
211   'CR[2]'         0
212   'CR[3]'         0
213   'CR[4]'         0
214   'CR[5]'         1.39724e-10
215   'CR[6]'         0
216   'CR[7]'         0
217   'CR[8]'         0
218   'CR[9]'         0
219   'CR[10]'        0
220   'CR[11]'        0
221   'CR[12]'        0
222   'CR[13]'        0
223   'CR[14]'        0
224   'PC[1]'         3.11644e-10
225   'PC[2]'         2.96372e-09
226   'PR[1]'        40
227   'PR[2]'         6.33921e-10
228   'PS[2]'         0
229   'PS[3]'         0
230   'PS[4]'         0
231   'PS[5]'         0
232   'PS[6]'         0
233   'PS[7]'         0
234   'PS[8]'         5.04739e-10
235   'PS[9]'         0
236   'PS[10]'        0
237   'PS[11]'        0
238   'PS[12]'        0
239   'PS[13]'        0
240   'PS[14]'        0
241   Vap             4.03096e-09
242   Sep            90
;

