solve_message =
'Knitro 10.3.0: Current infeasible solution estimate cannot be improved.\
objective 1190.2284190737787; feasibility error 8.21\
105 iterations; 150 function evaluations'

:      _varname          _var         :=
1     'F[2]'           0
2     'F[3]'           0
3     'F[4]'           0
4     'F[5]'           0
5     'F[6]'           0
6     'F[7]'           0
7     'F[8]'         100
8     'F[9]'           0
9     'F[10]'          0
10    'F[11]'          0
11    'F[12]'          0
12    'F[13]'          0
13    'F[14]'          0
14    'Vs[1]'         -8.50478e-07
15    'Vs[2]'       1190.23
16    'y[1,1,1]'       0.579204
17    'y[1,1,2]'       0.297141
18    'y[1,1,3]'       0.123655
19    'y[1,2,1]'       0.595013
20    'y[1,2,2]'       0.305251
21    'y[1,2,3]'       0.0997356
22    'y[1,3,1]'       0.595013
23    'y[1,3,2]'       0.305251
24    'y[1,3,3]'       0.0997356
25    'y[1,4,1]'       0.595013
26    'y[1,4,2]'       0.305251
27    'y[1,4,3]'       0.0997356
28    'y[1,5,1]'       0.595013
29    'y[1,5,2]'       0.305251
30    'y[1,5,3]'       0.0997356
31    'y[1,6,1]'       0.595013
32    'y[1,6,2]'       0.305251
33    'y[1,6,3]'       0.0997356
34    'y[1,7,1]'       0.595013
35    'y[1,7,2]'       0.305251
36    'y[1,7,3]'       0.0997356
37    'y[1,8,1]'       0.595013
38    'y[1,8,2]'       0.305251
39    'y[1,8,3]'       0.0997356
40    'y[1,9,1]'       0.593157
41    'y[1,9,2]'       0.285968
42    'y[1,9,3]'       0.120875
43    'y[1,10,1]'      0.619834
44    'y[1,10,2]'      0.266315
45    'y[1,10,3]'      0.11385
46    'y[1,11,1]'      0.603414
47    'y[1,11,2]'      0.273608
48    'y[1,11,3]'      0.122978
49    'y[1,12,1]'      0.604059
50    'y[1,12,2]'      0.267685
51    'y[1,12,3]'      0.128255
52    'y[1,13,1]'      0.59617
53    'y[1,13,2]'      0.274585
54    'y[1,13,3]'      0.129245
55    'y[1,14,1]'      0.625359
56    'y[1,14,2]'      0.26099
57    'y[1,14,3]'      0.11365
58    'y[1,15,1]'      0.688629
59    'y[1,15,2]'      0.227795
60    'y[1,15,3]'      0.0835764
61    'y[2,1,1]'       5.95103e-06
62    'y[2,1,2]'       0.0544956
63    'y[2,1,3]'       0.945502
64    'y[2,2,1]'       3.4129e-05
65    'y[2,2,2]'       0.116842
66    'y[2,2,3]'       0.883127
67    'y[2,3,1]'       0.000177787
68    'y[2,3,2]'       0.232915
69    'y[2,3,3]'       0.766911
70    'y[2,4,1]'       0.000815171
71    'y[2,4,2]'       0.410447
72    'y[2,4,3]'       0.588741
73    'y[2,5,1]'       0.00316755
74    'y[2,5,2]'       0.613488
75    'y[2,5,3]'       0.383347
76    'y[2,6,1]'       0.0104385
77    'y[2,6,2]'       0.777829
78    'y[2,6,3]'       0.211735
79    'y[2,7,1]'       0.0302391
80    'y[2,7,2]'       0.866954
81    'y[2,7,3]'       0.102809
82    'y[2,8,1]'       0.0793603
83    'y[2,8,2]'       0.875415
84    'y[2,8,3]'       0.0452249
85    'y[2,9,1]'       0.187281
86    'y[2,9,2]'       0.794831
87    'y[2,9,3]'       0.0178889
88    'y[2,10,1]'      0.377528
89    'y[2,10,2]'      0.616428
90    'y[2,10,3]'      0.00604415
91    'y[2,11,1]'      0.613178
92    'y[2,11,2]'      0.385177
93    'y[2,11,3]'      0.00164528
94    'y[2,12,1]'      0.805075
95    'y[2,12,2]'      0.194562
96    'y[2,12,3]'      0.000361801
97    'y[2,13,1]'      0.914867
98    'y[2,13,2]'      0.0850641
99    'y[2,13,3]'      6.89573e-05
100   'y[2,14,1]'      0.96545
101   'y[2,14,2]'      0.0345384
102   'y[2,14,3]'      1.25312e-05
103   'y[2,15,1]'      0.98642
104   'y[2,15,2]'      0.0135776
105   'y[2,15,3]'      2.14084e-06
106   'Ls[1]'        100
107   'Ls[2]'       1190.23
108   'x[1,1,1]'       0.75
109   'x[1,1,2]'       1
110   'x[1,1,3]'       0.955249
111   'x[1,2,1]'       0.3
112   'x[1,2,2]'       0.4
113   'x[1,2,3]'       0.3
114   'x[1,3,1]'       0.3
115   'x[1,3,2]'       0.4
116   'x[1,3,3]'       0.3
117   'x[1,4,1]'       0.3
118   'x[1,4,2]'       0.4
119   'x[1,4,3]'       0.3
120   'x[1,5,1]'       0.3
121   'x[1,5,2]'       0.4
122   'x[1,5,3]'       0.3
123   'x[1,6,1]'       0.3
124   'x[1,6,2]'       0.4
125   'x[1,6,3]'       0.3
126   'x[1,7,1]'       0.3
127   'x[1,7,2]'       0.4
128   'x[1,7,3]'       0.3
129   'x[1,8,1]'       0.3
130   'x[1,8,2]'       0.4
131   'x[1,8,3]'       0.3
132   'x[1,9,1]'       0.288208
133   'x[1,9,2]'       0.361243
134   'x[1,9,3]'       0.350549
135   'x[1,10,1]'      0.311282
136   'x[1,10,2]'      0.3476
137   'x[1,10,3]'      0.341117
138   'x[1,11,1]'      0.294539
139   'x[1,11,2]'      0.347205
140   'x[1,11,3]'      0.358256
141   'x[1,12,1]'      0.292524
142   'x[1,12,2]'      0.33691
143   'x[1,12,3]'      0.370566
144   'x[1,13,1]'      0.286436
145   'x[1,13,2]'      0.342969
146   'x[1,13,3]'      0.370595
147   'x[1,14,1]'      0.315562
148   'x[1,14,2]'      0.342284
149   'x[1,14,3]'      0.342154
150   'x[1,15,1]'      0.387007
151   'x[1,15,2]'      0.332748
152   'x[1,15,3]'      0.280245
153   'x[2,1,1]'       8.66001e-07
154   'x[2,1,2]'       0.0244935
155   'x[2,1,3]'       0.975506
156   'x[2,2,1]'       5.9522e-06
157   'x[2,2,2]'       0.0544956
158   'x[2,2,3]'       0.945502
159   'x[2,3,1]'       3.41313e-05
160   'x[2,3,2]'       0.116842
161   'x[2,3,3]'       0.883127
162   'x[2,4,1]'       0.000177791
163   'x[2,4,2]'       0.232915
164   'x[2,4,3]'       0.766911
165   'x[2,5,1]'       0.000815176
166   'x[2,5,2]'       0.410447
167   'x[2,5,3]'       0.588741
168   'x[2,6,1]'       0.00316753
169   'x[2,6,2]'       0.613488
170   'x[2,6,3]'       0.383347
171   'x[2,7,1]'       0.0104385
172   'x[2,7,2]'       0.777829
173   'x[2,7,3]'       0.211735
174   'x[2,8,1]'       0.030239
175   'x[2,8,2]'       0.866954
176   'x[2,8,3]'       0.102809
177   'x[2,9,1]'       0.0793603
178   'x[2,9,2]'       0.875415
179   'x[2,9,3]'       0.0452249
180   'x[2,10,1]'      0.187281
181   'x[2,10,2]'      0.794831
182   'x[2,10,3]'      0.0178889
183   'x[2,11,1]'      0.377528
184   'x[2,11,2]'      0.616428
185   'x[2,11,3]'      0.00604414
186   'x[2,12,1]'      0.613178
187   'x[2,12,2]'      0.385177
188   'x[2,12,3]'      0.00164528
189   'x[2,13,1]'      0.805075
190   'x[2,13,2]'      0.194562
191   'x[2,13,3]'      0.000361795
192   'x[2,14,1]'      0.914867
193   'x[2,14,2]'      0.0850641
194   'x[2,14,3]'      6.89532e-05
195   'x[2,15,1]'      0.96545
196   'x[2,15,2]'      0.0345384
197   'x[2,15,3]'      1.25291e-05
198   'CC[2]'          0
199   'CC[3]'          0
200   'CC[4]'          0
201   'CC[5]'          0
202   'CC[6]'          0
203   'CC[7]'          0
204   'CC[8]'          0
205   'CC[9]'          0
206   'CC[10]'         0
207   'CC[11]'         2.15814e-06
208   'CC[12]'         0
209   'CC[13]'         0
210   'CC[14]'         0
211   'CR[2]'          0
212   'CR[3]'          0
213   'CR[4]'          0
214   'CR[5]'          3.90177e-05
215   'CR[6]'          0
216   'CR[7]'          0
217   'CR[8]'          0
218   'CR[9]'          0
219   'CR[10]'         0
220   'CR[11]'         0
221   'CR[12]'         0
222   'CR[13]'         0
223   'CR[14]'         0
224   'PC[1]'         -6.43652e-07
225   'PC[2]'          1.23221e-05
226   'PR[1]'         40
227   'PR[2]'          1.04361e-06
228   'PS[2]'          0
229   'PS[3]'          0
230   'PS[4]'          0
231   'PS[5]'          0
232   'PS[6]'          0
233   'PS[7]'          0
234   'PS[8]'          4.14125e-06
235   'PS[9]'          0
236   'PS[10]'         0
237   'PS[11]'         0
238   'PS[12]'         0
239   'PS[13]'         0
240   'PS[14]'         0
241   Vap           1190.23
242   Sep             99
;

