solve_message =
'filterSQP (20020316): Optimal solution found, objective = 2094.51879050607\
221 iterations (152 for feasibility)\
Evals: obj = 96, constr = 395, grad = 117, Hes = 188'

:            _varname                 _var            :=
1      'F[2]'                      0
2      'F[3]'                      0
3      'F[4]'                      0
4      'F[5]'                      0
5      'F[6]'                      0
6      'F[7]'                      0
7      'F[8]'                    100
8      'F[9]'                      0
9      'F[10]'                     0
10     'F[11]'                     0
11     'F[12]'                     0
12     'F[13]'                     0
13     'F[14]'                     0
14     'V[1,1]'                  577.2321281
15     'V[1,2]'                  584.966251
16     'V[1,3]'                  589.2457705
17     'V[1,4]'                  590.9653634
18     'V[1,5]'                  591.0368871
19     'V[1,6]'                  590.3176852
20     'V[1,7]'                  591.1809505
21     'V[1,8]'                  598.5485921
22     'V[1,9]'                  614.5921944
23     'V[1,10]'                 628.8343144
24     'V[1,11]'                 636.9835845
25     'V[1,12]'                 640.5211179
26     'V[1,13]'                 641.8653721
27     'V[1,14]'                 642.3493817
28     'V[1,15]'                   0
29     'V[2,1]'                 1517.286662
30     'V[2,2]'                 1516.951594
31     'V[2,3]'                 1516.379621
32     'V[2,4]'                 1515.716956
33     'V[2,5]'                 1517.173809
34     'V[2,6]'                 1520.074231
35     'V[2,7]'                 1530.41359
36     'V[2,8]'                 1551.421307
37     'V[2,9]'                 1578.046528
38     'V[2,10]'                1600.625009
39     'V[2,11]'                1614.854324
40     'V[2,12]'                1622.301632
41     'V[2,13]'                1625.824511
42     'V[2,14]'                1627.403313
43     'V[2,15]'                   0
44     'y[1,1,1]'                  0.001263384778
45     'y[1,1,2]'                  0.7528573864
46     'y[1,1,3]'                  0.2458792289
47     'y[1,2,1]'                  0.003605577028
48     'y[1,2,2]'                  0.8620912957
49     'y[1,2,3]'                  0.1343031273
50     'y[1,3,1]'                  0.009479704027
51     'y[1,3,2]'                  0.9127935451
52     'y[1,3,3]'                  0.07772675087
53     'y[1,4,1]'                  0.02387518666
54     'y[1,4,2]'                  0.9245701615
55     'y[1,4,3]'                  0.05155465187
56     'y[1,5,1]'                  0.05807360547
57     'y[1,5,2]'                  0.9025173657
58     'y[1,5,3]'                  0.03940902887
59     'y[1,6,1]'                  0.1340660429
60     'y[1,6,2]'                  0.8333378048
61     'y[1,6,3]'                  0.03259615226
62     'y[1,7,1]'                  0.2802782076
63     'y[1,7,2]'                  0.6930369467
64     'y[1,7,3]'                  0.02668484569
65     'y[1,8,1]'                  0.4951729998
66     'y[1,8,2]'                  0.4847164633
67     'y[1,8,3]'                  0.02011053687
68     'y[1,9,1]'                  0.7206657432
69     'y[1,9,2]'                  0.2748255786
70     'y[1,9,3]'                  0.004508678224
71     'y[1,10,1]'                 0.8767857973
72     'y[1,10,2]'                 0.1224404164
73     'y[1,10,3]'                 0.0007737863172
74     'y[1,11,1]'                 0.9525757806
75     'y[1,11,2]'                 0.04731079725
76     'y[1,11,3]'                 0.0001134221323
77     'y[1,12,1]'                 0.9828357729
78     'y[1,12,2]'                 0.01714873207
79     'y[1,12,3]'                 1.549499419e-05
80     'y[1,13,1]'                 0.9939398953
81     'y[1,13,2]'                 0.006058044759
82     'y[1,13,3]'                 2.059988966e-06
83     'y[1,14,1]'                 0.997886204
84     'y[1,14,2]'                 0.002113524514
85     'y[1,14,3]'                 2.710015506e-07
86     'y[1,15,1]'                 0.9992726375
87     'y[1,15,2]'                 0.0007273272459
88     'y[1,15,3]'                 3.533995472e-08
89     'y[2,1,1]'                  3.214918215e-08
90     'y[2,1,2]'                  0.00882361336
91     'y[2,1,3]'                  0.9911763545
92     'y[2,2,1]'                  1.683811261e-07
93     'y[2,2,2]'                  0.01886251009
94     'y[2,2,3]'                  0.9811373215
95     'y[2,3,1]'                  8.711053499e-07
96     'y[2,3,2]'                  0.03971251734
97     'y[2,3,3]'                  0.9602866116
98     'y[2,4,1]'                  4.418669117e-06
99     'y[2,4,2]'                  0.08165510666
100    'y[2,4,3]'                  0.9183404745
101    'y[2,5,1]'                  2.158428612e-05
102    'y[2,5,2]'                  0.1608082106
103    'y[2,5,3]'                  0.8391702051
104    'y[2,6,1]'                  2.214270726e-05
105    'y[2,6,2]'                  0.2618284234
106    'y[2,6,3]'                  0.7381494339
107    'y[2,7,1]'                  2.294819401e-05
108    'y[2,7,2]'                  0.4163201827
109    'y[2,7,3]'                  0.5836568691
110    'y[2,8,1]'                  2.397588588e-05
111    'y[2,8,2]'                  0.6024509526
112    'y[2,8,3]'                  0.3975250715
113    'y[2,9,1]'                  2.540551744e-05
114    'y[2,9,2]'                  0.7695150797
115    'y[2,9,3]'                  0.2304595148
116    'y[2,10,1]'                 2.820945097e-05
117    'y[2,10,2]'                 0.8826815955
118    'y[2,10,3]'                 0.1172901951
119    'y[2,11,1]'                 3.528131036e-05
120    'y[2,11,2]'                 0.9449585746
121    'y[2,11,3]'                 0.05500614408
122    'y[2,12,1]'                 5.445097396e-05
123    'y[2,12,2]'                 0.9752437119
124    'y[2,12,3]'                 0.02470183709
125    'y[2,13,1]'                 0.0001070116391
126    'y[2,13,2]'                 0.9890361812
127    'y[2,13,3]'                 0.01085680716
128    'y[2,14,1]'                 0.0002512088514
129    'y[2,14,2]'                 0.9950334248
130    'y[2,14,3]'                 0.004715366303
131    'y[2,15,1]'                 0.0006465168855
132    'y[2,15,2]'                 0.9973265732
133    'y[2,15,3]'                 0.002026909896
134    'L[1,1]'                    0
135    'L[1,2]'                  647.2361471
136    'L[1,3]'                  654.97027
137    'L[1,4]'                  659.2497895
138    'L[1,5]'                  660.9693823
139    'L[1,6]'                  661.040906
140    'L[1,7]'                  660.3217042
141    'L[1,8]'                  661.1849694
142    'L[1,9]'                  568.552611
143    'L[1,10]'                 584.5962134
144    'L[1,11]'                 598.8383334
145    'L[1,12]'                 606.9876035
146    'L[1,13]'                 610.5251368
147    'L[1,14]'                 611.8693911
148    'L[1,15]'                 612.3534007
149    'L[2,1]'                    0
150    'L[2,2]'                 1547.327749
151    'L[2,3]'                 1546.992682
152    'L[2,4]'                 1546.420708
153    'L[2,5]'                 1545.758043
154    'L[2,6]'                 1477.210877
155    'L[2,7]'                 1480.111302
156    'L[2,8]'                 1490.450658
157    'L[2,9]'                 1511.458375
158    'L[2,10]'                1538.083596
159    'L[2,11]'                1560.662077
160    'L[2,12]'                1574.891392
161    'L[2,13]'                1582.3387
162    'L[2,14]'                1585.861579
163    'L[2,15]'                1587.440381
164    'x[1,1,1]'                  0.0003690772518
165    'x[1,1,2]'                  0.5710841132
166    'x[1,1,3]'                  0.4285468088
167    'x[1,2,1]'                  0.001166657917
168    'x[1,2,2]'                  0.733197082
169    'x[1,2,3]'                  0.2656362601
170    'x[1,3,1]'                  0.003259655996
171    'x[1,3,2]'                  0.8309880942
172    'x[1,3,3]'                  0.1657522498
173    'x[1,4,1]'                  0.008512270288
174    'x[1,4,2]'                  0.8765083101
175    'x[1,4,3]'                  0.1149794196
176    'x[1,5,1]'                  0.02138562788
177    'x[1,5,2]'                  0.8871320522
178    'x[1,5,3]'                  0.09148231996
179    'x[1,6,1]'                  0.05196271452
180    'x[1,6,2]'                  0.8674186911
181    'x[1,6,3]'                  0.0806185944
182    'x[1,7,1]'                  0.1198921564
183    'x[1,7,2]'                  0.8055349744
184    'x[1,7,3]'                  0.07457286922
185    'x[1,8,1]'                  0.2506423795
186    'x[1,8,2]'                  0.680124995
187    'x[1,8,3]'                  0.06923262551
188    'x[1,9,1]'                  0.4685774607
189    'x[1,9,2]'                  0.5102510026
190    'x[1,9,3]'                  0.0211715367
191    'x[1,10,1]'                 0.706370257
192    'x[1,10,2]'                 0.2888897237
193    'x[1,10,3]'                 0.004740019385
194    'x[1,11,1]'                 0.8706503969
195    'x[1,11,2]'                 0.1285370593
196    'x[1,11,3]'                 0.0008125437219
197    'x[1,12,1]'                 0.9502681255
198    'x[1,12,2]'                 0.04961284902
199    'x[1,12,3]'                 0.000119025456
200    'x[1,13,1]'                 0.9820282061
201    'x[1,13,2]'                 0.01795553939
202    'x[1,13,3]'                 1.625454931e-05
203    'x[1,14,1]'                 0.9936784655
204    'x[1,14,2]'                 0.006319375206
205    'x[1,14,3]'                 2.159244354e-06
206    'x[1,15,1]'                 0.9978182899
207    'x[1,15,2]'                 0.002181427047
208    'x[1,15,3]'                 2.82545376e-07
209    'x[2,1,1]'                  6.014624558e-09
210    'x[2,1,2]'                  0.004064073828
211    'x[2,1,3]'                  0.99593592
212    'x[2,2,1]'                  3.164178447e-08
213    'x[2,2,2]'                  0.008731207765
214    'x[2,2,3]'                  0.9912687606
215    'x[2,3,1]'                  1.652281271e-07
216    'x[2,3,2]'                  0.0185751389
217    'x[2,3,3]'                  0.9814246954
218    'x[2,4,1]'                  8.542999193e-07
219    'x[2,4,2]'                  0.03902000333
220    'x[2,4,3]'                  0.9609791423
221    'x[2,5,1]'                  4.332911234e-06
222    'x[2,5,2]'                  0.08014716112
223    'x[2,5,3]'                  0.919848506
224    'x[2,6,1]'                  4.678007339e-06
225    'x[2,6,2]'                  0.1381779099
226    'x[2,6,3]'                  0.8618174121
227    'x[2,7,1]'                  5.284635314e-06
228    'x[2,7,2]'                  0.2419700092
229    'x[2,7,3]'                  0.7580247043
230    'x[2,8,1]'                  6.228664915e-06
231    'x[2,8,2]'                  0.4007418616
232    'x[2,8,3]'                  0.5992519096
233    'x[2,9,1]'                  7.515913196e-06
234    'x[2,9,2]'                  0.5920104484
235    'x[2,9,3]'                  0.4079820357
236    'x[2,10,1]'                 9.267622615e-06
237    'x[2,10,2]'                 0.7635960157
238    'x[2,10,3]'                 0.2363947167
239    'x[2,11,1]'                 1.237682567e-05
240    'x[2,11,2]'                 0.8797459507
241    'x[2,11,3]'                 0.1202416724
242    'x[2,12,1]'                 1.977118326e-05
243    'x[2,12,2]'                 0.9436297346
244    'x[2,12,3]'                 0.05635049426
245    'x[2,13,1]'                 3.949798716e-05
246    'x[2,13,2]'                 0.9746859958
247    'x[2,13,3]'                 0.02527450625
248    'x[2,14,1]'                 9.341637221e-05
249    'x[2,14,2]'                 0.9888272674
250    'x[2,14,3]'                 0.01107931622
251    'x[2,15,1]'                 0.0002412571907
252    'x[2,15,2]'                 0.9949756961
253    'x[2,15,3]'                 0.004783046703
254    'CC[2]'                     0
255    'CC[3]'                     0
256    'CC[4]'                     0
257    'CC[5]'                     0
258    'CC[6]'                     0
259    'CC[7]'                     0
260    'CC[8]'                     0
261    'CC[9]'                     0
262    'CC[10]'                    0
263    'CC[11]'                    0
264    'CC[12]'                    0
265    'CC[13]'                    0
266    'CC[14]'                    0
267    'CR[2]'                     0
268    'CR[3]'                     0
269    'CR[4]'                     0
270    'CR[5]'                    70.00401899
271    'CR[6]'                     0
272    'CR[7]'                     0
273    'CR[8]'                     0
274    'CR[9]'                     0
275    'CR[10]'                    0
276    'CR[11]'                    0
277    'CR[12]'                    0
278    'CR[13]'                    0
279    'CR[14]'                    0
280    'PC[1]'                    29.99598106
281    'PC[2]'                    39.96293188
282    'PR[1]'                     0
283    'PR[2]'                    30.04108706
284    'PS[2]'                     0
285    'PS[3]'                     0
286    'PS[4]'                     0
287    'PS[5]'                     0
288    'PS[6]'                     0
289    'PS[7]'                     0
290    'PS[8]'                     0
291    'PS[9]'                     0
292    'PS[10]'                    0
293    'PS[11]'                    0
294    'PS[12]'                    0
295    'PS[13]'                    0
296    'PS[14]'                    0
297    'T[1,1]'                  354.0990966
298    'T[1,2]'                  350.7998778
299    'T[1,3]'                  348.8713105
300    'T[1,4]'                  347.735072
301    'T[1,5]'                  346.7274433
302    'T[1,6]'                  345.1466669
303    'T[1,7]'                  342.1489038
304    'T[1,8]'                  337.1730862
305    'T[1,9]'                  330.080893
306    'T[1,10]'                 324.2863118
307    'T[1,11]'                 320.9871195
308    'T[1,12]'                 319.5427529
309    'T[1,13]'                 318.9910166
310    'T[1,14]'                 318.7919259
311    'T[1,15]'                 318.7215985
312    'T[2,1]'                  369.3884519
313    'T[2,2]'                  369.2283763
314    'T[2,3]'                  368.893159
315    'T[2,4]'                  368.2072153
316    'T[2,5]'                  366.8677881
317    'T[2,6]'                  365.0653396
318    'T[2,7]'                  362.0709091
319    'T[2,8]'                  357.9788979
320    'T[2,9]'                  353.6883947
321    'T[2,10]'                 350.3151545
322    'T[2,11]'                 348.2423516
323    'T[2,12]'                 347.1653966
324    'T[2,13]'                 346.6559105
325    'T[2,14]'                 346.4242608
326    'T[2,15]'                 346.3163964
327    TF                        338.1587438
328    'QC[1]'                  5843.106891
329    'QC[2]'                 16031.91439
330    'QR[1]'                  5876.92671
331    'QR[2]'                 16043.28963
332    'H[1,1,1]'                  1.425032264
333    'H[1,1,2]'                  1.76732267
334    'H[1,1,3]'                  2.11525193
335    'H[1,2,1]'                  1.333563114
336    'H[1,2,2]'                  1.655730543
337    'H[1,2,3]'                  1.980991724
338    'H[1,3,1]'                  1.280527257
339    'H[1,3,2]'                  1.590943488
340    'H[1,3,3]'                  1.90309535
341    'H[1,4,1]'                  1.249430533
342    'H[1,4,2]'                  1.552926854
343    'H[1,4,3]'                  1.857403614
344    'H[1,5,1]'                  1.221946867
345    'H[1,5,2]'                  1.519308437
346    'H[1,5,3]'                  1.817008686
347    'H[1,6,1]'                  1.179007241
348    'H[1,6,2]'                  1.466747752
349    'H[1,6,3]'                  1.753873186
350    'H[1,7,1]'                  1.09817258
351    'H[1,7,2]'                  1.367676527
352    'H[1,7,3]'                  1.634934977
353    'H[1,8,1]'                  0.9657295393
354    'H[1,8,2]'                  1.204978942
355    'H[1,8,3]'                  1.439792838
356    'H[1,9,1]'                  0.7807137612
357    'H[1,9,2]'                  0.9768416325
358    'H[1,9,3]'                  1.166524284
359    'H[1,10,1]'                 0.6328560789
360    'H[1,10,2]'                 0.793722711
361    'H[1,10,3]'                 0.9474632965
362    'H[1,11,1]'                 0.5500097265
363    'H[1,11,2]'                 0.6907782561
364    'H[1,11,3]'                 0.8244133105
365    'H[1,12,1]'                 0.5140467799
366    'H[1,12,2]'                 0.6460101591
367    'H[1,12,3]'                 0.7709223807
368    'H[1,13,1]'                 0.5003586157
369    'H[1,13,2]'                 0.6289573833
370    'H[1,13,3]'                 0.7505500713
371    'H[1,14,1]'                 0.4954260327
372    'H[1,14,2]'                 0.6228105437
373    'H[1,14,3]'                 0.7432070845
374    'H[1,15,1]'                 0.4936844825
375    'H[1,15,2]'                 0.6206400456
376    'H[1,15,3]'                 0.7406142687
377    'H[2,1,1]'                  1.860972847
378    'H[2,1,2]'                  2.297012687
379    'H[2,1,3]'                  2.754068344
380    'H[2,2,1]'                  1.85630712
381    'H[2,2,2]'                  2.291359937
382    'H[2,2,3]'                  2.747237745
383    'H[2,3,1]'                  1.846543425
384    'H[2,3,2]'                  2.279529747
385    'H[2,3,3]'                  2.732943444
386    'H[2,4,1]'                  1.82659343
387    'H[2,4,2]'                  2.255353017
388    'H[2,4,3]'                  2.703734807
389    'H[2,5,1]'                  1.787750465
390    'H[2,5,2]'                  2.208263624
391    'H[2,5,3]'                  2.646859635
392    'H[2,6,1]'                  1.735716382
393    'H[2,6,2]'                  2.145146483
394    'H[2,6,3]'                  2.570657011
395    'H[2,7,1]'                  1.649873306
396    'H[2,7,2]'                  2.040924065
397    'H[2,7,3]'                  2.444905368
398    'H[2,8,1]'                  1.53378686
399    'H[2,8,2]'                  1.899780889
400    'H[2,8,3]'                  2.274762214
401    'H[2,9,1]'                  1.41359499
402    'H[2,9,2]'                  1.753378856
403    'H[2,9,3]'                  2.098469552
404    'H[2,10,1]'                 1.320203059
405    'H[2,10,2]'                 1.639416217
406    'H[2,10,3]'                 1.961372756
407    'H[2,11,1]'                 1.263300065
408    'H[2,11,2]'                 1.569885522
409    'H[2,11,3]'                 1.877784451
410    'H[2,12,1]'                 1.233881519
411    'H[2,12,2]'                 1.533909273
412    'H[2,12,3]'                 1.834551409
413    'H[2,13,1]'                 1.219999103
414    'H[2,13,2]'                 1.516925222
415    'H[2,13,3]'                 1.814145461
416    'H[2,14,1]'                 1.213694562
417    'H[2,14,2]'                 1.509210587
418    'H[2,14,3]'                 1.804877344
419    'H[2,15,1]'                 1.210760527
420    'H[2,15,2]'                 1.505619991
421    'H[2,15,3]'                 1.800563893
422    'HF[1]'                     0.9917930392
423    'HF[2]'                     1.237034729
424    'HF[3]'                     1.478223544
425    'h[1,1,1]'                 -7.095946807
426    'h[1,1,2]'                 -7.953375012
427    'h[1,1,3]'                 -8.709315905
428    'h[1,2,1]'                 -7.241963499
429    'h[1,2,2]'                 -8.116843462
430    'h[1,2,3]'                 -8.897454278
431    'h[1,3,1]'                 -7.326746962
432    'h[1,3,2]'                 -8.211846082
433    'h[1,3,3]'                 -9.006825604
434    'h[1,4,1]'                 -7.376501745
435    'h[1,4,2]'                 -8.267628553
436    'h[1,4,3]'                 -9.071056718
437    'h[1,5,1]'                 -7.420503309
438    'h[1,5,2]'                 -8.316980183
439    'h[1,5,3]'                 -9.127890719
440    'h[1,6,1]'                 -7.48930369
441    'h[1,6,2]'                 -8.394183174
442    'h[1,6,3]'                 -9.216814053
443    'h[1,7,1]'                 -7.619008067
444    'h[1,7,2]'                 -8.539856526
445    'h[1,7,3]'                 -9.384657421
446    'h[1,8,1]'                 -7.832090248
447    'h[1,8,2]'                 -8.779558467
448    'h[1,8,3]'                 -9.661017412
449    'h[1,9,1]'                 -8.131082794
450    'h[1,9,2]'                 -9.11678672
451    'h[1,9,3]'                -10.0502708
452    'h[1,10,1]'                -8.371291681
453    'h[1,10,2]'                -9.388540516
454    'h[1,10,3]'               -10.36442162
455    'h[1,11,1]'                -8.506431505
456    'h[1,11,2]'                -9.541780251
457    'h[1,11,3]'               -10.54179003
458    'h[1,12,1]'                -8.565225791
459    'h[1,12,2]'                -9.608532864
460    'h[1,12,3]'               -10.61910887
461    'h[1,13,1]'                -8.58762556
462    'h[1,13,2]'                -9.63397835
463    'h[1,13,3]'               -10.64859147
464    'h[1,14,1]'                -8.595700359
465    'h[1,14,2]'                -9.643152962
466    'h[1,14,3]'               -10.65922299
467    'h[1,15,1]'                -8.598551709
468    'h[1,15,2]'                -9.646392914
469    'h[1,15,3]'               -10.66297761
470    'h[2,1,1]'                 -6.402940869
471    'h[2,1,2]'                 -7.179774124
472    'h[2,1,3]'                 -7.819632564
473    'h[2,2,1]'                 -6.410337581
474    'h[2,2,2]'                 -7.188013879
475    'h[2,2,3]'                 -7.829104675
476    'h[2,3,1]'                 -6.425817388
477    'h[2,3,2]'                 -7.205259088
478    'h[2,3,3]'                 -7.848929312
479    'h[2,4,1]'                 -6.457451917
480    'h[2,4,2]'                 -7.24050598
481    'h[2,4,3]'                 -7.889449074
482    'h[2,5,1]'                 -6.519064454
483    'h[2,5,2]'                 -7.309172065
484    'h[2,5,3]'                 -7.968391007
485    'h[2,6,1]'                 -6.601643675
486    'h[2,6,2]'                 -7.401243416
487    'h[2,6,3]'                 -8.074248804
488    'h[2,7,1]'                 -6.737995939
489    'h[2,7,2]'                 -7.553368878
490    'h[2,7,3]'                 -8.249176057
491    'h[2,8,1]'                 -6.922647598
492    'h[2,8,2]'                 -7.759592231
493    'h[2,8,3]'                 -8.486364864
494    'h[2,9,1]'                 -7.114191039
495    'h[2,9,2]'                 -7.973789854
496    'h[2,9,3]'                 -8.732808206
497    'h[2,10,1]'                -7.263312389
498    'h[2,10,2]'                -8.140759492
499    'h[2,10,3]'                -8.924985201
500    'h[2,11,1]'                -7.354306431
501    'h[2,11,2]'                -8.242741479
502    'h[2,11,3]'                -9.042399203
503    'h[2,12,1]'                -7.4013926
504    'h[2,12,2]'                -8.295543582
505    'h[2,12,3]'                -9.103203128
506    'h[2,13,1]'                -7.423622699
507    'h[2,13,2]'                -8.320479554
508    'h[2,13,3]'                -9.131920926
509    'h[2,14,1]'                -7.433720493
510    'h[2,14,2]'                -8.331808026
511    'h[2,14,3]'                -9.144968128
512    'h[2,15,1]'                -7.438420331
513    'h[2,15,2]'                -8.337080995
514    'h[2,15,3]'                -9.151041238
515    'hF[1]'                    -7.790098768
516    'hF[2]'                    -8.732281577
517    'hF[3]'                    -9.606491254
518    'tauGamma[1,1,1,1]'     1e-06
519    'tauGamma[1,1,1,2]'     1e-06
520    'tauGamma[1,1,1,3]'     1e-06
521    'tauGamma[1,1,2,1]'     1e-06
522    'tauGamma[1,1,2,2]'     1e-06
523    'tauGamma[1,1,2,3]'     1e-06
524    'tauGamma[1,1,3,1]'     1e-06
525    'tauGamma[1,1,3,2]'     1e-06
526    'tauGamma[1,1,3,3]'     1e-06
527    'tauGamma[1,2,1,1]'     1e-06
528    'tauGamma[1,2,1,2]'     1e-06
529    'tauGamma[1,2,1,3]'     1e-06
530    'tauGamma[1,2,2,1]'     1e-06
531    'tauGamma[1,2,2,2]'     1e-06
532    'tauGamma[1,2,2,3]'     1e-06
533    'tauGamma[1,2,3,1]'     1e-06
534    'tauGamma[1,2,3,2]'     1e-06
535    'tauGamma[1,2,3,3]'     1e-06
536    'tauGamma[1,3,1,1]'     1e-06
537    'tauGamma[1,3,1,2]'     1e-06
538    'tauGamma[1,3,1,3]'     1e-06
539    'tauGamma[1,3,2,1]'     1e-06
540    'tauGamma[1,3,2,2]'     1e-06
541    'tauGamma[1,3,2,3]'     1e-06
542    'tauGamma[1,3,3,1]'     1e-06
543    'tauGamma[1,3,3,2]'     1e-06
544    'tauGamma[1,3,3,3]'     1e-06
545    'tauGamma[1,4,1,1]'     1e-06
546    'tauGamma[1,4,1,2]'     1e-06
547    'tauGamma[1,4,1,3]'     1e-06
548    'tauGamma[1,4,2,1]'     1e-06
549    'tauGamma[1,4,2,2]'     1e-06
550    'tauGamma[1,4,2,3]'     1e-06
551    'tauGamma[1,4,3,1]'     1e-06
552    'tauGamma[1,4,3,2]'     1e-06
553    'tauGamma[1,4,3,3]'     1e-06
554    'tauGamma[1,5,1,1]'     1e-06
555    'tauGamma[1,5,1,2]'     1e-06
556    'tauGamma[1,5,1,3]'     1e-06
557    'tauGamma[1,5,2,1]'     1e-06
558    'tauGamma[1,5,2,2]'     1e-06
559    'tauGamma[1,5,2,3]'     1e-06
560    'tauGamma[1,5,3,1]'     1e-06
561    'tauGamma[1,5,3,2]'     1e-06
562    'tauGamma[1,5,3,3]'     1e-06
563    'tauGamma[1,6,1,1]'     1e-06
564    'tauGamma[1,6,1,2]'     1e-06
565    'tauGamma[1,6,1,3]'     1e-06
566    'tauGamma[1,6,2,1]'     1e-06
567    'tauGamma[1,6,2,2]'     1e-06
568    'tauGamma[1,6,2,3]'     1e-06
569    'tauGamma[1,6,3,1]'     1e-06
570    'tauGamma[1,6,3,2]'     1e-06
571    'tauGamma[1,6,3,3]'     1e-06
572    'tauGamma[1,7,1,1]'     1e-06
573    'tauGamma[1,7,1,2]'     1e-06
574    'tauGamma[1,7,1,3]'     1e-06
575    'tauGamma[1,7,2,1]'     1e-06
576    'tauGamma[1,7,2,2]'     1e-06
577    'tauGamma[1,7,2,3]'     1e-06
578    'tauGamma[1,7,3,1]'     1e-06
579    'tauGamma[1,7,3,2]'     1e-06
580    'tauGamma[1,7,3,3]'     1e-06
581    'tauGamma[1,8,1,1]'     1e-06
582    'tauGamma[1,8,1,2]'     1e-06
583    'tauGamma[1,8,1,3]'     1e-06
584    'tauGamma[1,8,2,1]'     1e-06
585    'tauGamma[1,8,2,2]'     1e-06
586    'tauGamma[1,8,2,3]'     1e-06
587    'tauGamma[1,8,3,1]'     1e-06
588    'tauGamma[1,8,3,2]'     1e-06
589    'tauGamma[1,8,3,3]'     1e-06
590    'tauGamma[1,9,1,1]'     1e-06
591    'tauGamma[1,9,1,2]'     1e-06
592    'tauGamma[1,9,1,3]'     1e-06
593    'tauGamma[1,9,2,1]'     1e-06
594    'tauGamma[1,9,2,2]'     1e-06
595    'tauGamma[1,9,2,3]'     1e-06
596    'tauGamma[1,9,3,1]'     1e-06
597    'tauGamma[1,9,3,2]'     1e-06
598    'tauGamma[1,9,3,3]'     1e-06
599    'tauGamma[1,10,1,1]'    1e-06
600    'tauGamma[1,10,1,2]'    1e-06
601    'tauGamma[1,10,1,3]'    1e-06
602    'tauGamma[1,10,2,1]'    1e-06
603    'tauGamma[1,10,2,2]'    1e-06
604    'tauGamma[1,10,2,3]'    1e-06
605    'tauGamma[1,10,3,1]'    1e-06
606    'tauGamma[1,10,3,2]'    1e-06
607    'tauGamma[1,10,3,3]'    1e-06
608    'tauGamma[1,11,1,1]'    1e-06
609    'tauGamma[1,11,1,2]'    1e-06
610    'tauGamma[1,11,1,3]'    1e-06
611    'tauGamma[1,11,2,1]'    1e-06
612    'tauGamma[1,11,2,2]'    1e-06
613    'tauGamma[1,11,2,3]'    1e-06
614    'tauGamma[1,11,3,1]'    1e-06
615    'tauGamma[1,11,3,2]'    1e-06
616    'tauGamma[1,11,3,3]'    1e-06
617    'tauGamma[1,12,1,1]'    1e-06
618    'tauGamma[1,12,1,2]'    1e-06
619    'tauGamma[1,12,1,3]'    1e-06
620    'tauGamma[1,12,2,1]'    1e-06
621    'tauGamma[1,12,2,2]'    1e-06
622    'tauGamma[1,12,2,3]'    1e-06
623    'tauGamma[1,12,3,1]'    1e-06
624    'tauGamma[1,12,3,2]'    1e-06
625    'tauGamma[1,12,3,3]'    1e-06
626    'tauGamma[1,13,1,1]'    1e-06
627    'tauGamma[1,13,1,2]'    1e-06
628    'tauGamma[1,13,1,3]'    1e-06
629    'tauGamma[1,13,2,1]'    1e-06
630    'tauGamma[1,13,2,2]'    1e-06
631    'tauGamma[1,13,2,3]'    1e-06
632    'tauGamma[1,13,3,1]'    1e-06
633    'tauGamma[1,13,3,2]'    1e-06
634    'tauGamma[1,13,3,3]'    1e-06
635    'tauGamma[1,14,1,1]'    1e-06
636    'tauGamma[1,14,1,2]'    1e-06
637    'tauGamma[1,14,1,3]'    1e-06
638    'tauGamma[1,14,2,1]'    1e-06
639    'tauGamma[1,14,2,2]'    1e-06
640    'tauGamma[1,14,2,3]'    1e-06
641    'tauGamma[1,14,3,1]'    1e-06
642    'tauGamma[1,14,3,2]'    1e-06
643    'tauGamma[1,14,3,3]'    1e-06
644    'tauGamma[1,15,1,1]'    1e-06
645    'tauGamma[1,15,1,2]'    1e-06
646    'tauGamma[1,15,1,3]'    1e-06
647    'tauGamma[1,15,2,1]'    1e-06
648    'tauGamma[1,15,2,2]'    1e-06
649    'tauGamma[1,15,2,3]'    1e-06
650    'tauGamma[1,15,3,1]'    1e-06
651    'tauGamma[1,15,3,2]'    1e-06
652    'tauGamma[1,15,3,3]'    1e-06
653    'tauGamma[2,1,1,1]'     1e-06
654    'tauGamma[2,1,1,2]'     1e-06
655    'tauGamma[2,1,1,3]'     1e-06
656    'tauGamma[2,1,2,1]'     1e-06
657    'tauGamma[2,1,2,2]'     1e-06
658    'tauGamma[2,1,2,3]'     1e-06
659    'tauGamma[2,1,3,1]'     1e-06
660    'tauGamma[2,1,3,2]'     1e-06
661    'tauGamma[2,1,3,3]'     1e-06
662    'tauGamma[2,2,1,1]'     1e-06
663    'tauGamma[2,2,1,2]'     1e-06
664    'tauGamma[2,2,1,3]'     1e-06
665    'tauGamma[2,2,2,1]'     1e-06
666    'tauGamma[2,2,2,2]'     1e-06
667    'tauGamma[2,2,2,3]'     1e-06
668    'tauGamma[2,2,3,1]'     1e-06
669    'tauGamma[2,2,3,2]'     1e-06
670    'tauGamma[2,2,3,3]'     1e-06
671    'tauGamma[2,3,1,1]'     1e-06
672    'tauGamma[2,3,1,2]'     1e-06
673    'tauGamma[2,3,1,3]'     1e-06
674    'tauGamma[2,3,2,1]'     1e-06
675    'tauGamma[2,3,2,2]'     1e-06
676    'tauGamma[2,3,2,3]'     1e-06
677    'tauGamma[2,3,3,1]'     1e-06
678    'tauGamma[2,3,3,2]'     1e-06
679    'tauGamma[2,3,3,3]'     1e-06
680    'tauGamma[2,4,1,1]'     1e-06
681    'tauGamma[2,4,1,2]'     1e-06
682    'tauGamma[2,4,1,3]'     1e-06
683    'tauGamma[2,4,2,1]'     1e-06
684    'tauGamma[2,4,2,2]'     1e-06
685    'tauGamma[2,4,2,3]'     1e-06
686    'tauGamma[2,4,3,1]'     1e-06
687    'tauGamma[2,4,3,2]'     1e-06
688    'tauGamma[2,4,3,3]'     1e-06
689    'tauGamma[2,5,1,1]'     1e-06
690    'tauGamma[2,5,1,2]'     1e-06
691    'tauGamma[2,5,1,3]'     1e-06
692    'tauGamma[2,5,2,1]'     1e-06
693    'tauGamma[2,5,2,2]'     1e-06
694    'tauGamma[2,5,2,3]'     1e-06
695    'tauGamma[2,5,3,1]'     1e-06
696    'tauGamma[2,5,3,2]'     1e-06
697    'tauGamma[2,5,3,3]'     1e-06
698    'tauGamma[2,6,1,1]'     1e-06
699    'tauGamma[2,6,1,2]'     1e-06
700    'tauGamma[2,6,1,3]'     1e-06
701    'tauGamma[2,6,2,1]'     1e-06
702    'tauGamma[2,6,2,2]'     1e-06
703    'tauGamma[2,6,2,3]'     1e-06
704    'tauGamma[2,6,3,1]'     1e-06
705    'tauGamma[2,6,3,2]'     1e-06
706    'tauGamma[2,6,3,3]'     1e-06
707    'tauGamma[2,7,1,1]'     1e-06
708    'tauGamma[2,7,1,2]'     1e-06
709    'tauGamma[2,7,1,3]'     1e-06
710    'tauGamma[2,7,2,1]'     1e-06
711    'tauGamma[2,7,2,2]'     1e-06
712    'tauGamma[2,7,2,3]'     1e-06
713    'tauGamma[2,7,3,1]'     1e-06
714    'tauGamma[2,7,3,2]'     1e-06
715    'tauGamma[2,7,3,3]'     1e-06
716    'tauGamma[2,8,1,1]'     1e-06
717    'tauGamma[2,8,1,2]'     1e-06
718    'tauGamma[2,8,1,3]'     1e-06
719    'tauGamma[2,8,2,1]'     1e-06
720    'tauGamma[2,8,2,2]'     1e-06
721    'tauGamma[2,8,2,3]'     1e-06
722    'tauGamma[2,8,3,1]'     1e-06
723    'tauGamma[2,8,3,2]'     1e-06
724    'tauGamma[2,8,3,3]'     1e-06
725    'tauGamma[2,9,1,1]'     1e-06
726    'tauGamma[2,9,1,2]'     1e-06
727    'tauGamma[2,9,1,3]'     1e-06
728    'tauGamma[2,9,2,1]'     1e-06
729    'tauGamma[2,9,2,2]'     1e-06
730    'tauGamma[2,9,2,3]'     1e-06
731    'tauGamma[2,9,3,1]'     1e-06
732    'tauGamma[2,9,3,2]'     1e-06
733    'tauGamma[2,9,3,3]'     1e-06
734    'tauGamma[2,10,1,1]'    1e-06
735    'tauGamma[2,10,1,2]'    1e-06
736    'tauGamma[2,10,1,3]'    1e-06
737    'tauGamma[2,10,2,1]'    1e-06
738    'tauGamma[2,10,2,2]'    1e-06
739    'tauGamma[2,10,2,3]'    1e-06
740    'tauGamma[2,10,3,1]'    1e-06
741    'tauGamma[2,10,3,2]'    1e-06
742    'tauGamma[2,10,3,3]'    1e-06
743    'tauGamma[2,11,1,1]'    1e-06
744    'tauGamma[2,11,1,2]'    1e-06
745    'tauGamma[2,11,1,3]'    1e-06
746    'tauGamma[2,11,2,1]'    1e-06
747    'tauGamma[2,11,2,2]'    1e-06
748    'tauGamma[2,11,2,3]'    1e-06
749    'tauGamma[2,11,3,1]'    1e-06
750    'tauGamma[2,11,3,2]'    1e-06
751    'tauGamma[2,11,3,3]'    1e-06
752    'tauGamma[2,12,1,1]'    1e-06
753    'tauGamma[2,12,1,2]'    1e-06
754    'tauGamma[2,12,1,3]'    1e-06
755    'tauGamma[2,12,2,1]'    1e-06
756    'tauGamma[2,12,2,2]'    1e-06
757    'tauGamma[2,12,2,3]'    1e-06
758    'tauGamma[2,12,3,1]'    1e-06
759    'tauGamma[2,12,3,2]'    1e-06
760    'tauGamma[2,12,3,3]'    1e-06
761    'tauGamma[2,13,1,1]'    1e-06
762    'tauGamma[2,13,1,2]'    1e-06
763    'tauGamma[2,13,1,3]'    1e-06
764    'tauGamma[2,13,2,1]'    1e-06
765    'tauGamma[2,13,2,2]'    1e-06
766    'tauGamma[2,13,2,3]'    1e-06
767    'tauGamma[2,13,3,1]'    1e-06
768    'tauGamma[2,13,3,2]'    1e-06
769    'tauGamma[2,13,3,3]'    1e-06
770    'tauGamma[2,14,1,1]'    1e-06
771    'tauGamma[2,14,1,2]'    1e-06
772    'tauGamma[2,14,1,3]'    1e-06
773    'tauGamma[2,14,2,1]'    1e-06
774    'tauGamma[2,14,2,2]'    1e-06
775    'tauGamma[2,14,2,3]'    1e-06
776    'tauGamma[2,14,3,1]'    1e-06
777    'tauGamma[2,14,3,2]'    1e-06
778    'tauGamma[2,14,3,3]'    1e-06
779    'tauGamma[2,15,1,1]'    1e-06
780    'tauGamma[2,15,1,2]'    1e-06
781    'tauGamma[2,15,1,3]'    1e-06
782    'tauGamma[2,15,2,1]'    1e-06
783    'tauGamma[2,15,2,2]'    1e-06
784    'tauGamma[2,15,2,3]'    1e-06
785    'tauGamma[2,15,3,1]'    1e-06
786    'tauGamma[2,15,3,2]'    1e-06
787    'tauGamma[2,15,3,3]'    1e-06
788    'PGamma[1,1,1,1]'           1
789    'PGamma[1,1,1,2]'           1
790    'PGamma[1,1,1,3]'           1
791    'PGamma[1,1,2,1]'           1
792    'PGamma[1,1,2,2]'           1
793    'PGamma[1,1,2,3]'           1
794    'PGamma[1,1,3,1]'           1
795    'PGamma[1,1,3,2]'           1
796    'PGamma[1,1,3,3]'           1
797    'PGamma[1,2,1,1]'           1
798    'PGamma[1,2,1,2]'           1
799    'PGamma[1,2,1,3]'           1
800    'PGamma[1,2,2,1]'           1
801    'PGamma[1,2,2,2]'           1
802    'PGamma[1,2,2,3]'           1
803    'PGamma[1,2,3,1]'           1
804    'PGamma[1,2,3,2]'           1
805    'PGamma[1,2,3,3]'           1
806    'PGamma[1,3,1,1]'           1
807    'PGamma[1,3,1,2]'           1
808    'PGamma[1,3,1,3]'           1
809    'PGamma[1,3,2,1]'           1
810    'PGamma[1,3,2,2]'           1
811    'PGamma[1,3,2,3]'           1
812    'PGamma[1,3,3,1]'           1
813    'PGamma[1,3,3,2]'           1
814    'PGamma[1,3,3,3]'           1
815    'PGamma[1,4,1,1]'           1
816    'PGamma[1,4,1,2]'           1
817    'PGamma[1,4,1,3]'           1
818    'PGamma[1,4,2,1]'           1
819    'PGamma[1,4,2,2]'           1
820    'PGamma[1,4,2,3]'           1
821    'PGamma[1,4,3,1]'           1
822    'PGamma[1,4,3,2]'           1
823    'PGamma[1,4,3,3]'           1
824    'PGamma[1,5,1,1]'           1
825    'PGamma[1,5,1,2]'           1
826    'PGamma[1,5,1,3]'           1
827    'PGamma[1,5,2,1]'           1
828    'PGamma[1,5,2,2]'           1
829    'PGamma[1,5,2,3]'           1
830    'PGamma[1,5,3,1]'           1
831    'PGamma[1,5,3,2]'           1
832    'PGamma[1,5,3,3]'           1
833    'PGamma[1,6,1,1]'           1
834    'PGamma[1,6,1,2]'           1
835    'PGamma[1,6,1,3]'           1
836    'PGamma[1,6,2,1]'           1
837    'PGamma[1,6,2,2]'           1
838    'PGamma[1,6,2,3]'           1
839    'PGamma[1,6,3,1]'           1
840    'PGamma[1,6,3,2]'           1
841    'PGamma[1,6,3,3]'           1
842    'PGamma[1,7,1,1]'           1
843    'PGamma[1,7,1,2]'           1
844    'PGamma[1,7,1,3]'           1
845    'PGamma[1,7,2,1]'           1
846    'PGamma[1,7,2,2]'           1
847    'PGamma[1,7,2,3]'           1
848    'PGamma[1,7,3,1]'           1
849    'PGamma[1,7,3,2]'           1
850    'PGamma[1,7,3,3]'           1
851    'PGamma[1,8,1,1]'           1
852    'PGamma[1,8,1,2]'           1
853    'PGamma[1,8,1,3]'           1
854    'PGamma[1,8,2,1]'           1
855    'PGamma[1,8,2,2]'           1
856    'PGamma[1,8,2,3]'           1
857    'PGamma[1,8,3,1]'           1
858    'PGamma[1,8,3,2]'           1
859    'PGamma[1,8,3,3]'           1
860    'PGamma[1,9,1,1]'           1
861    'PGamma[1,9,1,2]'           1
862    'PGamma[1,9,1,3]'           1
863    'PGamma[1,9,2,1]'           1
864    'PGamma[1,9,2,2]'           1
865    'PGamma[1,9,2,3]'           1
866    'PGamma[1,9,3,1]'           1
867    'PGamma[1,9,3,2]'           1
868    'PGamma[1,9,3,3]'           1
869    'PGamma[1,10,1,1]'          1
870    'PGamma[1,10,1,2]'          1
871    'PGamma[1,10,1,3]'          1
872    'PGamma[1,10,2,1]'          1
873    'PGamma[1,10,2,2]'          1
874    'PGamma[1,10,2,3]'          1
875    'PGamma[1,10,3,1]'          1
876    'PGamma[1,10,3,2]'          1
877    'PGamma[1,10,3,3]'          1
878    'PGamma[1,11,1,1]'          1
879    'PGamma[1,11,1,2]'          1
880    'PGamma[1,11,1,3]'          1
881    'PGamma[1,11,2,1]'          1
882    'PGamma[1,11,2,2]'          1
883    'PGamma[1,11,2,3]'          1
884    'PGamma[1,11,3,1]'          1
885    'PGamma[1,11,3,2]'          1
886    'PGamma[1,11,3,3]'          1
887    'PGamma[1,12,1,1]'          1
888    'PGamma[1,12,1,2]'          1
889    'PGamma[1,12,1,3]'          1
890    'PGamma[1,12,2,1]'          1
891    'PGamma[1,12,2,2]'          1
892    'PGamma[1,12,2,3]'          1
893    'PGamma[1,12,3,1]'          1
894    'PGamma[1,12,3,2]'          1
895    'PGamma[1,12,3,3]'          1
896    'PGamma[1,13,1,1]'          1
897    'PGamma[1,13,1,2]'          1
898    'PGamma[1,13,1,3]'          1
899    'PGamma[1,13,2,1]'          1
900    'PGamma[1,13,2,2]'          1
901    'PGamma[1,13,2,3]'          1
902    'PGamma[1,13,3,1]'          1
903    'PGamma[1,13,3,2]'          1
904    'PGamma[1,13,3,3]'          1
905    'PGamma[1,14,1,1]'          1
906    'PGamma[1,14,1,2]'          1
907    'PGamma[1,14,1,3]'          1
908    'PGamma[1,14,2,1]'          1
909    'PGamma[1,14,2,2]'          1
910    'PGamma[1,14,2,3]'          1
911    'PGamma[1,14,3,1]'          1
912    'PGamma[1,14,3,2]'          1
913    'PGamma[1,14,3,3]'          1
914    'PGamma[1,15,1,1]'          1
915    'PGamma[1,15,1,2]'          1
916    'PGamma[1,15,1,3]'          1
917    'PGamma[1,15,2,1]'          1
918    'PGamma[1,15,2,2]'          1
919    'PGamma[1,15,2,3]'          1
920    'PGamma[1,15,3,1]'          1
921    'PGamma[1,15,3,2]'          1
922    'PGamma[1,15,3,3]'          1
923    'PGamma[2,1,1,1]'           1
924    'PGamma[2,1,1,2]'           1
925    'PGamma[2,1,1,3]'           1
926    'PGamma[2,1,2,1]'           1
927    'PGamma[2,1,2,2]'           1
928    'PGamma[2,1,2,3]'           1
929    'PGamma[2,1,3,1]'           1
930    'PGamma[2,1,3,2]'           1
931    'PGamma[2,1,3,3]'           1
932    'PGamma[2,2,1,1]'           1
933    'PGamma[2,2,1,2]'           1
934    'PGamma[2,2,1,3]'           1
935    'PGamma[2,2,2,1]'           1
936    'PGamma[2,2,2,2]'           1
937    'PGamma[2,2,2,3]'           1
938    'PGamma[2,2,3,1]'           1
939    'PGamma[2,2,3,2]'           1
940    'PGamma[2,2,3,3]'           1
941    'PGamma[2,3,1,1]'           1
942    'PGamma[2,3,1,2]'           1
943    'PGamma[2,3,1,3]'           1
944    'PGamma[2,3,2,1]'           1
945    'PGamma[2,3,2,2]'           1
946    'PGamma[2,3,2,3]'           1
947    'PGamma[2,3,3,1]'           1
948    'PGamma[2,3,3,2]'           1
949    'PGamma[2,3,3,3]'           1
950    'PGamma[2,4,1,1]'           1
951    'PGamma[2,4,1,2]'           1
952    'PGamma[2,4,1,3]'           1
953    'PGamma[2,4,2,1]'           1
954    'PGamma[2,4,2,2]'           1
955    'PGamma[2,4,2,3]'           1
956    'PGamma[2,4,3,1]'           1
957    'PGamma[2,4,3,2]'           1
958    'PGamma[2,4,3,3]'           1
959    'PGamma[2,5,1,1]'           1
960    'PGamma[2,5,1,2]'           1
961    'PGamma[2,5,1,3]'           1
962    'PGamma[2,5,2,1]'           1
963    'PGamma[2,5,2,2]'           1
964    'PGamma[2,5,2,3]'           1
965    'PGamma[2,5,3,1]'           1
966    'PGamma[2,5,3,2]'           1
967    'PGamma[2,5,3,3]'           1
968    'PGamma[2,6,1,1]'           1
969    'PGamma[2,6,1,2]'           1
970    'PGamma[2,6,1,3]'           1
971    'PGamma[2,6,2,1]'           1
972    'PGamma[2,6,2,2]'           1
973    'PGamma[2,6,2,3]'           1
974    'PGamma[2,6,3,1]'           1
975    'PGamma[2,6,3,2]'           1
976    'PGamma[2,6,3,3]'           1
977    'PGamma[2,7,1,1]'           1
978    'PGamma[2,7,1,2]'           1
979    'PGamma[2,7,1,3]'           1
980    'PGamma[2,7,2,1]'           1
981    'PGamma[2,7,2,2]'           1
982    'PGamma[2,7,2,3]'           1
983    'PGamma[2,7,3,1]'           1
984    'PGamma[2,7,3,2]'           1
985    'PGamma[2,7,3,3]'           1
986    'PGamma[2,8,1,1]'           1
987    'PGamma[2,8,1,2]'           1
988    'PGamma[2,8,1,3]'           1
989    'PGamma[2,8,2,1]'           1
990    'PGamma[2,8,2,2]'           1
991    'PGamma[2,8,2,3]'           1
992    'PGamma[2,8,3,1]'           1
993    'PGamma[2,8,3,2]'           1
994    'PGamma[2,8,3,3]'           1
995    'PGamma[2,9,1,1]'           1
996    'PGamma[2,9,1,2]'           1
997    'PGamma[2,9,1,3]'           1
998    'PGamma[2,9,2,1]'           1
999    'PGamma[2,9,2,2]'           1
1000   'PGamma[2,9,2,3]'           1
1001   'PGamma[2,9,3,1]'           1
1002   'PGamma[2,9,3,2]'           1
1003   'PGamma[2,9,3,3]'           1
1004   'PGamma[2,10,1,1]'          1
1005   'PGamma[2,10,1,2]'          1
1006   'PGamma[2,10,1,3]'          1
1007   'PGamma[2,10,2,1]'          1
1008   'PGamma[2,10,2,2]'          1
1009   'PGamma[2,10,2,3]'          1
1010   'PGamma[2,10,3,1]'          1
1011   'PGamma[2,10,3,2]'          1
1012   'PGamma[2,10,3,3]'          1
1013   'PGamma[2,11,1,1]'          1
1014   'PGamma[2,11,1,2]'          1
1015   'PGamma[2,11,1,3]'          1
1016   'PGamma[2,11,2,1]'          1
1017   'PGamma[2,11,2,2]'          1
1018   'PGamma[2,11,2,3]'          1
1019   'PGamma[2,11,3,1]'          1
1020   'PGamma[2,11,3,2]'          1
1021   'PGamma[2,11,3,3]'          1
1022   'PGamma[2,12,1,1]'          1
1023   'PGamma[2,12,1,2]'          1
1024   'PGamma[2,12,1,3]'          1
1025   'PGamma[2,12,2,1]'          1
1026   'PGamma[2,12,2,2]'          1
1027   'PGamma[2,12,2,3]'          1
1028   'PGamma[2,12,3,1]'          1
1029   'PGamma[2,12,3,2]'          1
1030   'PGamma[2,12,3,3]'          1
1031   'PGamma[2,13,1,1]'          1
1032   'PGamma[2,13,1,2]'          1
1033   'PGamma[2,13,1,3]'          1
1034   'PGamma[2,13,2,1]'          1
1035   'PGamma[2,13,2,2]'          1
1036   'PGamma[2,13,2,3]'          1
1037   'PGamma[2,13,3,1]'          1
1038   'PGamma[2,13,3,2]'          1
1039   'PGamma[2,13,3,3]'          1
1040   'PGamma[2,14,1,1]'          1
1041   'PGamma[2,14,1,2]'          1
1042   'PGamma[2,14,1,3]'          1
1043   'PGamma[2,14,2,1]'          1
1044   'PGamma[2,14,2,2]'          1
1045   'PGamma[2,14,2,3]'          1
1046   'PGamma[2,14,3,1]'          1
1047   'PGamma[2,14,3,2]'          1
1048   'PGamma[2,14,3,3]'          1
1049   'PGamma[2,15,1,1]'          1
1050   'PGamma[2,15,1,2]'          1
1051   'PGamma[2,15,1,3]'          1
1052   'PGamma[2,15,2,1]'          1
1053   'PGamma[2,15,2,2]'          1
1054   'PGamma[2,15,2,3]'          1
1055   'PGamma[2,15,3,1]'          1
1056   'PGamma[2,15,3,2]'          1
1057   'PGamma[2,15,3,3]'          1
1058   'SGamma1[1,1,1]'            9.999999992e-07
1059   'SGamma1[1,1,2]'            9.999999992e-07
1060   'SGamma1[1,1,3]'            9.999999992e-07
1061   'SGamma1[1,2,1]'        1e-06
1062   'SGamma1[1,2,2]'        1e-06
1063   'SGamma1[1,2,3]'        1e-06
1064   'SGamma1[1,3,1]'        1e-06
1065   'SGamma1[1,3,2]'        1e-06
1066   'SGamma1[1,3,3]'        1e-06
1067   'SGamma1[1,4,1]'        1e-06
1068   'SGamma1[1,4,2]'        1e-06
1069   'SGamma1[1,4,3]'        1e-06
1070   'SGamma1[1,5,1]'        1e-06
1071   'SGamma1[1,5,2]'        1e-06
1072   'SGamma1[1,5,3]'        1e-06
1073   'SGamma1[1,6,1]'        1e-06
1074   'SGamma1[1,6,2]'        1e-06
1075   'SGamma1[1,6,3]'        1e-06
1076   'SGamma1[1,7,1]'        1e-06
1077   'SGamma1[1,7,2]'        1e-06
1078   'SGamma1[1,7,3]'        1e-06
1079   'SGamma1[1,8,1]'        1e-06
1080   'SGamma1[1,8,2]'        1e-06
1081   'SGamma1[1,8,3]'        1e-06
1082   'SGamma1[1,9,1]'        1e-06
1083   'SGamma1[1,9,2]'        1e-06
1084   'SGamma1[1,9,3]'        1e-06
1085   'SGamma1[1,10,1]'       1e-06
1086   'SGamma1[1,10,2]'       1e-06
1087   'SGamma1[1,10,3]'       1e-06
1088   'SGamma1[1,11,1]'       1e-06
1089   'SGamma1[1,11,2]'       1e-06
1090   'SGamma1[1,11,3]'       1e-06
1091   'SGamma1[1,12,1]'       1e-06
1092   'SGamma1[1,12,2]'       1e-06
1093   'SGamma1[1,12,3]'       1e-06
1094   'SGamma1[1,13,1]'       1e-06
1095   'SGamma1[1,13,2]'       1e-06
1096   'SGamma1[1,13,3]'       1e-06
1097   'SGamma1[1,14,1]'       1e-06
1098   'SGamma1[1,14,2]'       1e-06
1099   'SGamma1[1,14,3]'       1e-06
1100   'SGamma1[1,15,1]'           9.999999995e-07
1101   'SGamma1[1,15,2]'           9.999999995e-07
1102   'SGamma1[1,15,3]'           9.999999995e-07
1103   'SGamma1[2,1,1]'            9.999999999e-07
1104   'SGamma1[2,1,2]'            9.999999999e-07
1105   'SGamma1[2,1,3]'            9.999999999e-07
1106   'SGamma1[2,2,1]'        1e-06
1107   'SGamma1[2,2,2]'        1e-06
1108   'SGamma1[2,2,3]'        1e-06
1109   'SGamma1[2,3,1]'            9.999999995e-07
1110   'SGamma1[2,3,2]'            9.999999995e-07
1111   'SGamma1[2,3,3]'            9.999999995e-07
1112   'SGamma1[2,4,1]'        1e-06
1113   'SGamma1[2,4,2]'        1e-06
1114   'SGamma1[2,4,3]'        1e-06
1115   'SGamma1[2,5,1]'        1e-06
1116   'SGamma1[2,5,2]'        1e-06
1117   'SGamma1[2,5,3]'        1e-06
1118   'SGamma1[2,6,1]'        1e-06
1119   'SGamma1[2,6,2]'        1e-06
1120   'SGamma1[2,6,3]'        1e-06
1121   'SGamma1[2,7,1]'            9.999999982e-07
1122   'SGamma1[2,7,2]'            9.999999982e-07
1123   'SGamma1[2,7,3]'            9.999999982e-07
1124   'SGamma1[2,8,1]'            9.999999999e-07
1125   'SGamma1[2,8,2]'            9.999999999e-07
1126   'SGamma1[2,8,3]'            9.999999999e-07
1127   'SGamma1[2,9,1]'        1e-06
1128   'SGamma1[2,9,2]'        1e-06
1129   'SGamma1[2,9,3]'        1e-06
1130   'SGamma1[2,10,1]'       1e-06
1131   'SGamma1[2,10,2]'       1e-06
1132   'SGamma1[2,10,3]'       1e-06
1133   'SGamma1[2,11,1]'       1e-06
1134   'SGamma1[2,11,2]'       1e-06
1135   'SGamma1[2,11,3]'       1e-06
1136   'SGamma1[2,12,1]'       1e-06
1137   'SGamma1[2,12,2]'       1e-06
1138   'SGamma1[2,12,3]'       1e-06
1139   'SGamma1[2,13,1]'       1e-06
1140   'SGamma1[2,13,2]'       1e-06
1141   'SGamma1[2,13,3]'       1e-06
1142   'SGamma1[2,14,1]'       1e-06
1143   'SGamma1[2,14,2]'       1e-06
1144   'SGamma1[2,14,3]'       1e-06
1145   'SGamma1[2,15,1]'       1e-06
1146   'SGamma1[2,15,2]'       1e-06
1147   'SGamma1[2,15,3]'       1e-06
1148   'SGamma2[1,1,1]'            0.9999999992
1149   'SGamma2[1,1,2]'            0.9999999992
1150   'SGamma2[1,1,3]'            0.9999999992
1151   'SGamma2[1,2,1]'            1
1152   'SGamma2[1,2,2]'            1
1153   'SGamma2[1,2,3]'            1
1154   'SGamma2[1,3,1]'            1
1155   'SGamma2[1,3,2]'            1
1156   'SGamma2[1,3,3]'            1
1157   'SGamma2[1,4,1]'            1
1158   'SGamma2[1,4,2]'            1
1159   'SGamma2[1,4,3]'            1
1160   'SGamma2[1,5,1]'            1
1161   'SGamma2[1,5,2]'            1
1162   'SGamma2[1,5,3]'            1
1163   'SGamma2[1,6,1]'            1
1164   'SGamma2[1,6,2]'            1
1165   'SGamma2[1,6,3]'            1
1166   'SGamma2[1,7,1]'            1
1167   'SGamma2[1,7,2]'            1
1168   'SGamma2[1,7,3]'            1
1169   'SGamma2[1,8,1]'            1
1170   'SGamma2[1,8,2]'            1
1171   'SGamma2[1,8,3]'            1
1172   'SGamma2[1,9,1]'            1
1173   'SGamma2[1,9,2]'            1
1174   'SGamma2[1,9,3]'            1
1175   'SGamma2[1,10,1]'           1
1176   'SGamma2[1,10,2]'           1
1177   'SGamma2[1,10,3]'           1
1178   'SGamma2[1,11,1]'           1
1179   'SGamma2[1,11,2]'           1
1180   'SGamma2[1,11,3]'           1
1181   'SGamma2[1,12,1]'           1
1182   'SGamma2[1,12,2]'           1
1183   'SGamma2[1,12,3]'           1
1184   'SGamma2[1,13,1]'           1
1185   'SGamma2[1,13,2]'           1
1186   'SGamma2[1,13,3]'           1
1187   'SGamma2[1,14,1]'           1
1188   'SGamma2[1,14,2]'           1
1189   'SGamma2[1,14,3]'           1
1190   'SGamma2[1,15,1]'           0.9999999995
1191   'SGamma2[1,15,2]'           0.9999999995
1192   'SGamma2[1,15,3]'           0.9999999995
1193   'SGamma2[2,1,1]'            0.9999999999
1194   'SGamma2[2,1,2]'            0.9999999999
1195   'SGamma2[2,1,3]'            0.9999999999
1196   'SGamma2[2,2,1]'            1
1197   'SGamma2[2,2,2]'            1
1198   'SGamma2[2,2,3]'            1
1199   'SGamma2[2,3,1]'            0.9999999995
1200   'SGamma2[2,3,2]'            0.9999999995
1201   'SGamma2[2,3,3]'            0.9999999995
1202   'SGamma2[2,4,1]'            1
1203   'SGamma2[2,4,2]'            1
1204   'SGamma2[2,4,3]'            1
1205   'SGamma2[2,5,1]'            1
1206   'SGamma2[2,5,2]'            1
1207   'SGamma2[2,5,3]'            1
1208   'SGamma2[2,6,1]'            1
1209   'SGamma2[2,6,2]'            1
1210   'SGamma2[2,6,3]'            1
1211   'SGamma2[2,7,1]'            0.9999999982
1212   'SGamma2[2,7,2]'            0.9999999982
1213   'SGamma2[2,7,3]'            0.9999999982
1214   'SGamma2[2,8,1]'            0.9999999999
1215   'SGamma2[2,8,2]'            0.9999999999
1216   'SGamma2[2,8,3]'            0.9999999999
1217   'SGamma2[2,9,1]'            1
1218   'SGamma2[2,9,2]'            1
1219   'SGamma2[2,9,3]'            1
1220   'SGamma2[2,10,1]'           1
1221   'SGamma2[2,10,2]'           1
1222   'SGamma2[2,10,3]'           1
1223   'SGamma2[2,11,1]'           1
1224   'SGamma2[2,11,2]'           1
1225   'SGamma2[2,11,3]'           1
1226   'SGamma2[2,12,1]'           1
1227   'SGamma2[2,12,2]'           1
1228   'SGamma2[2,12,3]'           1
1229   'SGamma2[2,13,1]'           1
1230   'SGamma2[2,13,2]'           1
1231   'SGamma2[2,13,3]'           1
1232   'SGamma2[2,14,1]'           1
1233   'SGamma2[2,14,2]'           1
1234   'SGamma2[2,14,3]'           1
1235   'SGamma2[2,15,1]'           1
1236   'SGamma2[2,15,2]'           1
1237   'SGamma2[2,15,3]'           1
1238   'gamma[1,1,1]'              1.000001
1239   'gamma[1,1,2]'              1.000001
1240   'gamma[1,1,3]'              1.000001
1241   'gamma[1,2,1]'              1.000001
1242   'gamma[1,2,2]'              1.000001
1243   'gamma[1,2,3]'              1.000001
1244   'gamma[1,3,1]'              1.000001
1245   'gamma[1,3,2]'              1.000001
1246   'gamma[1,3,3]'              1.000001
1247   'gamma[1,4,1]'              1.000001
1248   'gamma[1,4,2]'              1.000001
1249   'gamma[1,4,3]'              1.000001
1250   'gamma[1,5,1]'              1.000001
1251   'gamma[1,5,2]'              1.000001
1252   'gamma[1,5,3]'              1.000001
1253   'gamma[1,6,1]'              1.000001
1254   'gamma[1,6,2]'              1.000001
1255   'gamma[1,6,3]'              1.000001
1256   'gamma[1,7,1]'              1.000001
1257   'gamma[1,7,2]'              1.000001
1258   'gamma[1,7,3]'              1.000001
1259   'gamma[1,8,1]'              1.000001
1260   'gamma[1,8,2]'              1.000001
1261   'gamma[1,8,3]'              1.000001
1262   'gamma[1,9,1]'              1.000001
1263   'gamma[1,9,2]'              1.000001
1264   'gamma[1,9,3]'              1.000001
1265   'gamma[1,10,1]'             1.000001
1266   'gamma[1,10,2]'             1.000001
1267   'gamma[1,10,3]'             1.000001
1268   'gamma[1,11,1]'             1.000001
1269   'gamma[1,11,2]'             1.000001
1270   'gamma[1,11,3]'             1.000001
1271   'gamma[1,12,1]'             1.000001
1272   'gamma[1,12,2]'             1.000001
1273   'gamma[1,12,3]'             1.000001
1274   'gamma[1,13,1]'             1.000001
1275   'gamma[1,13,2]'             1.000001
1276   'gamma[1,13,3]'             1.000001
1277   'gamma[1,14,1]'             1.000001
1278   'gamma[1,14,2]'             1.000001
1279   'gamma[1,14,3]'             1.000001
1280   'gamma[1,15,1]'             1.000001
1281   'gamma[1,15,2]'             1.000001
1282   'gamma[1,15,3]'             1.000001
1283   'gamma[2,1,1]'              1.000001
1284   'gamma[2,1,2]'              1.000001
1285   'gamma[2,1,3]'              1.000001
1286   'gamma[2,2,1]'              1.000001
1287   'gamma[2,2,2]'              1.000001
1288   'gamma[2,2,3]'              1.000001
1289   'gamma[2,3,1]'              1.000001
1290   'gamma[2,3,2]'              1.000001
1291   'gamma[2,3,3]'              1.000001
1292   'gamma[2,4,1]'              1.000001
1293   'gamma[2,4,2]'              1.000001
1294   'gamma[2,4,3]'              1.000001
1295   'gamma[2,5,1]'              1.000001
1296   'gamma[2,5,2]'              1.000001
1297   'gamma[2,5,3]'              1.000001
1298   'gamma[2,6,1]'              1.000001
1299   'gamma[2,6,2]'              1.000001
1300   'gamma[2,6,3]'              1.000001
1301   'gamma[2,7,1]'              1.000001
1302   'gamma[2,7,2]'              1.000001
1303   'gamma[2,7,3]'              1.000001
1304   'gamma[2,8,1]'              1.000001
1305   'gamma[2,8,2]'              1.000001
1306   'gamma[2,8,3]'              1.000001
1307   'gamma[2,9,1]'              1.000001
1308   'gamma[2,9,2]'              1.000001
1309   'gamma[2,9,3]'              1.000001
1310   'gamma[2,10,1]'             1.000001
1311   'gamma[2,10,2]'             1.000001
1312   'gamma[2,10,3]'             1.000001
1313   'gamma[2,11,1]'             1.000001
1314   'gamma[2,11,2]'             1.000001
1315   'gamma[2,11,3]'             1.000001
1316   'gamma[2,12,1]'             1.000001
1317   'gamma[2,12,2]'             1.000001
1318   'gamma[2,12,3]'             1.000001
1319   'gamma[2,13,1]'             1.000001
1320   'gamma[2,13,2]'             1.000001
1321   'gamma[2,13,3]'             1.000001
1322   'gamma[2,14,1]'             1.000001
1323   'gamma[2,14,2]'             1.000001
1324   'gamma[2,14,3]'             1.000001
1325   'gamma[2,15,1]'             1.000001
1326   'gamma[2,15,2]'             1.000001
1327   'gamma[2,15,3]'             1.000001
1328   'PrS[1,1,1]'           104053.2848
1329   'PrS[1,1,2]'            40072.83514
1330   'PrS[1,1,3]'            17440.58346
1331   'PrS[1,2,1]'            93943.92008
1332   'PrS[1,2,2]'            35741.26875
1333   'PrS[1,2,3]'            15368.66702
1334   'PrS[1,3,1]'            88401.66428
1335   'PrS[1,3,2]'            33389.90562
1336   'PrS[1,3,3]'            14254.38599
1337   'PrS[1,4,1]'            85258.71901
1338   'PrS[1,4,2]'            32064.26346
1339   'PrS[1,4,3]'            13629.66494
1340   'PrS[1,5,1]'            82545.65482
1341   'PrS[1,5,2]'            30924.64546
1342   'PrS[1,5,3]'            13094.71336
1343   'PrS[1,6,1]'            78426.78161
1344   'PrS[1,6,2]'            29203.15282
1345   'PrS[1,6,3]'            12290.47163
1346   'PrS[1,7,1]'            71061.76545
1347   'PrS[1,7,2]'            26152.27171
1348   'PrS[1,7,3]'            10877.30423
1349   'PrS[1,8,1]'            60053.71573
1350   'PrS[1,8,2]'            21663.8913
1351   'PrS[1,8,3]'             8829.788395
1352   'PrS[1,9,1]'            46750.89362
1353   'PrS[1,9,2]'            16372.33857
1354   'PrS[1,9,3]'             6473.427565
1355   'PrS[1,10,1]'           37731.01905
1356   'PrS[1,10,2]'           12883.38951
1357   'PrS[1,10,3]'            4962.246806
1358   'PrS[1,11,1]'           33257.77308
1359   'PrS[1,11,2]'           11188.43491
1360   'PrS[1,11,3]'            4243.151137
1361   'PrS[1,12,1]'           31439.25354
1362   'PrS[1,12,2]'           10506.9165
1363   'PrS[1,12,3]'            3957.209076
1364   'PrS[1,13,1]'           30766.18122
1365   'PrS[1,13,2]'           10255.84514
1366   'PrS[1,13,3]'            3852.3647
1367   'PrS[1,14,1]'           30526.1879
1368   'PrS[1,14,2]'           10166.47929
1369   'PrS[1,14,3]'            3815.113089
1370   'PrS[1,15,1]'           30441.77475
1371   'PrS[1,15,2]'           10135.06635
1372   'PrS[1,15,3]'            3802.027181
1373   'PrS[2,1,1]'           162479.5814
1374   'PrS[2,1,2]'            65996.71419
1375   'PrS[2,1,3]'            30252.20047
1376   'PrS[2,2,1]'           161759.5293
1377   'PrS[2,2,2]'            65669.33151
1378   'PrS[2,2,3]'            30086.78685
1379   'PrS[2,3,1]'           160259.6292
1380   'PrS[2,3,2]'            64987.94141
1381   'PrS[2,3,3]'            29742.76399
1382   'PrS[2,4,1]'           157223.8942
1383   'PrS[2,4,2]'            63611.18428
1384   'PrS[2,4,3]'            29048.73314
1385   'PrS[2,5,1]'           151424.2147
1386   'PrS[2,5,2]'            60989.842
1387   'PrS[2,5,3]'            27731.3608
1388   'PrS[2,6,1]'           143882.2605
1389   'PrS[2,6,2]'            57599.08763
1390   'PrS[2,6,3]'            26035.5322
1391   'PrS[2,7,1]'           131999.0857
1392   'PrS[2,7,2]'            52300.20091
1393   'PrS[2,7,3]'            23405.16323
1394   'PrS[2,8,1]'           117008.4235
1395   'PrS[2,8,2]'            45697.70786
1396   'PrS[2,8,3]'            20164.73554
1397   'PrS[2,9,1]'           102750.4475
1398   'PrS[2,9,2]'            39511.65272
1399   'PrS[2,9,3]'            17170.81999
1400   'PrS[2,10,1]'           92525.98685
1401   'PrS[2,10,2]'           35138.0657
1402   'PrS[2,10,3]'           15082.0847
1403   'PrS[2,11,1]'           86650.85767
1404   'PrS[2,11,2]'           32650.73232
1405   'PrS[2,11,3]'           13905.72469
1406   'PrS[2,12,1]'           83716.37669
1407   'PrS[2,12,2]'           31415.86154
1408   'PrS[2,12,3]'           13325.05335
1409   'PrS[2,13,1]'           82355.6662
1410   'PrS[2,13,2]'           30845.00791
1411   'PrS[2,13,3]'           13057.40505
1412   'PrS[2,14,1]'           81742.77424
1413   'PrS[2,14,2]'           30588.25265
1414   'PrS[2,14,3]'           12937.18863
1415   'PrS[2,15,1]'           81458.61816
1416   'PrS[2,15,2]'           30469.29117
1417   'PrS[2,15,3]'           12881.52422
1418   'PrSF[1]'               62118.83661
1419   'PrSF[2]'               22498.90966
1420   'PrSF[3]'                9207.617175
1421   Vap                      2094.518791
1422   Sep                        99.5
;

