solve_message = 'LOQO 7.00: iteration limit (500 iterations, 3482 evaluations)\
primal objective 8386.078467763797\
  dual objective -14611.843141527037'

:          _varname              _var          :=
1     'F[2]'                    0
2     'F[3]'                    0
3     'F[4]'                    0
4     'F[5]'                    0
5     'F[6]'                    0
6     'F[7]'                    0
7     'F[8]'                  200
8     'F[9]'                    0
9     'F[10]'                   0
10    'F[11]'                   0
11    'F[12]'                   0
12    'F[13]'                   0
13    'F[14]'                   0
14    'V[1]'                 8386.08
15    'V[2]'                 8696.21
16    'V[3]'                 8756.66
17    'V[4]'                 8796.99
18    'V[5]'                 8831.33
19    'V[6]'                 8872.59
20    'V[7]'                 8929.16
21    'V[8]'                 9002.58
22    'V[9]'                 9083.17
23    'V[10]'                9153.37
24    'V[11]'                9207.13
25    'V[12]'                9244.49
26    'V[13]'                9268.81
27    'V[14]'                9283.99
28    'V[15]'                   0
29    'y[1,1]'                  0.0143092
30    'y[1,2]'                  0.735924
31    'y[1,3]'                  0.260465
32    'y[2,1]'                  0.0286495
33    'y[2,2]'                  0.82101
34    'y[2,3]'                  0.136189
35    'y[3,1]'                  0.0544193
36    'y[3,2]'                  0.863154
37    'y[3,3]'                  0.0681886
38    'y[4,1]'                  0.0976409
39    'y[4,2]'                  0.854658
40    'y[4,3]'                  0.0334633
41    'y[5,1]'                  0.166091
42    'y[5,2]'                  0.802767
43    'y[5,3]'                  0.0169035
44    'y[6,1]'                  0.265408
45    'y[6,2]'                  0.711081
46    'y[6,3]'                  0.00927145
47    'y[7,1]'                  0.392629
48    'y[7,2]'                  0.58737
49    'y[7,3]'                  0.00576036
50    'y[8,1]'                  0.532228
51    'y[8,2]'                  0.449454
52    'y[8,3]'                  0.00407524
53    'y[9,1]'                  0.665141
54    'y[9,2]'                  0.319368
55    'y[9,3]'                  0.00124451
56    'y[10,1]'                 0.772859
57    'y[10,2]'                 0.212543
58    'y[10,3]'                 0.000350323
59    'y[11,1]'                 0.850734
60    'y[11,2]'                 0.134924
61    'y[11,3]'                 9.23806e-05
62    'y[12,1]'                 0.902732
63    'y[12,2]'                 0.0829951
64    'y[12,3]'                 2.2894e-05
65    'y[13,1]'                 0.935712
66    'y[13,2]'                 0.0500334
67    'y[13,3]'                 5.14277e-06
68    'y[14,1]'                 0.955973
69    'y[14,2]'                 0.0297763
70    'y[14,3]'                 8.83186e-07
71    'y[15,1]'                 0.968178
72    'y[15,2]'                 0.0175666
73    'y[15,3]'                 2.62209e-08
74    'L[1]'                    0
75    'L[2]'                 8495.54
76    'L[3]'                 8590.3
77    'L[4]'                 8648.31
78    'L[5]'                 8687.48
79    'L[6]'                 8720.81
80    'L[7]'                 8760.86
81    'L[8]'                 8815.79
82    'L[9]'                 8689.89
83    'L[10]'                8768.14
84    'L[11]'                8836.31
85    'L[12]'                8888.52
86    'L[13]'                8924.8
87    'L[14]'                8948.42
88    'L[15]'                8963.17
89    'x[1,1]'                  0.00627279
90    'x[1,2]'                  0.573742
91    'x[1,3]'                  0.434212
92    'x[2,1]'                  0.0142286
93    'x[2,2]'                  0.735805
94    'x[2,3]'                  0.264115
95    'x[3,1]'                  0.0291075
96    'x[3,2]'                  0.840369
97    'x[3,3]'                  0.144759
98    'x[4,1]'                  0.0552111
99    'x[4,2]'                  0.883149
100   'x[4,3]'                  0.0758753
101   'x[5,1]'                  0.0989909
102   'x[5,2]'                  0.874564
103   'x[5,3]'                  0.0406808
104   'x[6,1]'                  0.168328
105   'x[6,2]'                  0.822024
106   'x[6,3]'                  0.0238849
107   'x[7,1]'                  0.268944
108   'x[7,2]'                  0.72917
109   'x[7,3]'                  0.0161247
110   'x[8,1]'                  0.39785
111   'x[8,2]'                  0.603863
112   'x[8,3]'                  0.0125269
113   'x[9,1]'                  0.544599
114   'x[9,2]'                  0.465433
115   'x[9,3]'                  0.00421165
116   'x[10,1]'                 0.682294
117   'x[10,2]'                 0.330668
118   'x[10,3]'                 0.00128283
119   'x[11,1]'                 0.793875
120   'x[11,2]'                 0.220013
121   'x[11,3]'                 0.000358366
122   'x[12,1]'                 0.874536
123   'x[12,2]'                 0.139618
124   'x[12,3]'                 9.23197e-05
125   'x[13,1]'                 0.92839
126   'x[13,2]'                 0.0858358
127   'x[13,3]'                 2.12571e-05
128   'x[14,1]'                 0.962545
129   'x[14,2]'                 0.0516988
130   'x[14,3]'                 3.70837e-06
131   'x[15,1]'                 0.983528
132   'x[15,2]'                 0.0307196
133   'x[15,3]'                 1.09948e-07
134   PC                       61.3006
135   PR                      137.934
136   'T[1]'                  377.317
137   'T[2]'                  373.496
138   'T[3]'                  371.272
139   'T[4]'                  369.691
140   'T[5]'                  368.296
141   'T[6]'                  366.733
142   'T[7]'                  364.849
143   'T[8]'                  362.741
144   'T[9]'                  360.548
145   'T[10]'                 358.737
146   'T[11]'                 357.395
147   'T[12]'                 356.481
148   'T[13]'                 355.892
149   'T[14]'                 355.528
150   'T[15]'                 355.307
151   TF                      368.932
152   QC                   100649
153   QR                   100667
154   'H[1,1]'                  2.11575
155   'H[1,2]'                  2.03391
156   'H[1,3]'                  2.55051
157   'H[2,1]'                  2.00594
158   'H[2,2]'                  1.92889
159   'H[2,3]'                  2.41756
160   'H[3,1]'                  1.9424
161   'H[3,2]'                  1.86809
162   'H[3,3]'                  2.34065
163   'H[4,1]'                  1.89742
164   'H[4,2]'                  1.82505
165   'H[4,3]'                  2.28623
166   'H[5,1]'                  1.85784
167   'H[5,2]'                  1.78717
168   'H[5,3]'                  2.23836
169   'H[6,1]'                  1.81362
170   'H[6,2]'                  1.74483
171   'H[6,3]'                  2.18488
172   'H[7,1]'                  1.76051
173   'H[7,2]'                  1.69399
174   'H[7,3]'                  2.12067
175   'H[8,1]'                  1.70133
176   'H[8,2]'                  1.63732
177   'H[8,3]'                  2.04915
178   'H[9,1]'                  1.64001
179   'H[9,2]'                  1.57858
180   'H[9,3]'                  1.97506
181   'H[10,1]'                 1.58958
182   'H[10,2]'                 1.53026
183   'H[10,3]'                 1.91414
184   'H[11,1]'                 1.55232
185   'H[11,2]'                 1.49456
186   'H[11,3]'                 1.86914
187   'H[12,1]'                 1.52699
188   'H[12,2]'                 1.47028
189   'H[12,3]'                 1.83856
190   'H[13,1]'                 1.51073
191   'H[13,2]'                 1.4547
192   'H[13,3]'                 1.81893
193   'H[14,1]'                 1.50066
194   'H[14,2]'                 1.44504
195   'H[14,3]'                 1.80677
196   'H[15,1]'                 1.49456
197   'H[15,2]'                 1.43919
198   'H[15,3]'                 1.79941
199   'HF[1]'                   1.87586
200   'HF[2]'                   1.80442
201   'HF[3]'                   2.26016
202   'h[1,1]'                 -8.19809
203   'h[1,2]'                 -9.36813
204   'h[1,3]'                 -9.90694
205   'h[2,1]'                 -8.425
206   'h[2,2]'                 -9.56977
207   'h[2,3]'                -10.1561
208   'h[3,1]'                 -8.5558
209   'h[3,2]'                 -9.68616
210   'h[3,3]'                -10.2999
211   'h[4,1]'                 -8.64816
212   'h[4,2]'                 -9.7684
213   'h[4,3]'                -10.4014
214   'h[5,1]'                 -8.72928
215   'h[5,2]'                 -9.84068
216   'h[5,3]'                -10.4906
217   'h[6,1]'                 -8.81976
218   'h[6,2]'                 -9.92135
219   'h[6,3]'                -10.5901
220   'h[7,1]'                 -8.92819
221   'h[7,2]'                -10.0181
222   'h[7,3]'                -10.7094
223   'h[8,1]'                 -9.04876
224   'h[8,2]'                -10.1257
225   'h[8,3]'                -10.8421
226   'h[9,1]'                 -9.17339
227   'h[9,2]'                -10.2371
228   'h[9,3]'                -10.9793
229   'h[10,1]'                -9.27566
230   'h[10,2]'               -10.3285
231   'h[10,3]'               -11.0919
232   'h[11,1]'                -9.35111
233   'h[11,2]'               -10.396
234   'h[11,3]'               -11.175
235   'h[12,1]'                -9.40233
236   'h[12,2]'               -10.4418
237   'h[12,3]'               -11.2314
238   'h[13,1]'                -9.43519
239   'h[13,2]'               -10.4713
240   'h[13,3]'               -11.2676
241   'h[14,1]'                -9.45553
242   'h[14,2]'               -10.4895
243   'h[14,3]'               -11.29
244   'h[15,1]'                -9.46785
245   'h[15,2]'               -10.5005
246   'h[15,3]'               -11.3036
247   'hF[1]'                  -8.69236
248   'hF[2]'                  -9.80778
249   'hF[3]'                 -10.45
250   'tauGamma[1,1,1]'     1e-06
251   'tauGamma[1,1,2]'         0.0242629
252   'tauGamma[1,1,3]'     1e-06
253   'tauGamma[1,2,1]'         0.0245736
254   'tauGamma[1,2,2]'     1e-06
255   'tauGamma[1,2,3]'     1e-06
256   'tauGamma[1,3,1]'     1e-06
257   'tauGamma[1,3,2]'     1e-06
258   'tauGamma[1,3,3]'     1e-06
259   'tauGamma[2,1,1]'     1e-06
260   'tauGamma[2,1,2]'         0.0245111
261   'tauGamma[2,1,3]'     1e-06
262   'tauGamma[2,2,1]'         0.024825
263   'tauGamma[2,2,2]'     1e-06
264   'tauGamma[2,2,3]'     1e-06
265   'tauGamma[2,3,1]'     1e-06
266   'tauGamma[2,3,2]'     1e-06
267   'tauGamma[2,3,3]'     1e-06
268   'tauGamma[3,1,1]'     1e-06
269   'tauGamma[3,1,2]'         0.024658
270   'tauGamma[3,1,3]'     1e-06
271   'tauGamma[3,2,1]'         0.0249738
272   'tauGamma[3,2,2]'     1e-06
273   'tauGamma[3,2,3]'     1e-06
274   'tauGamma[3,3,1]'     1e-06
275   'tauGamma[3,3,2]'     1e-06
276   'tauGamma[3,3,3]'     1e-06
277   'tauGamma[4,1,1]'     1e-06
278   'tauGamma[4,1,2]'         0.0247634
279   'tauGamma[4,1,3]'     1e-06
280   'tauGamma[4,2,1]'         0.0250806
281   'tauGamma[4,2,2]'     1e-06
282   'tauGamma[4,2,3]'     1e-06
283   'tauGamma[4,3,1]'     1e-06
284   'tauGamma[4,3,2]'     1e-06
285   'tauGamma[4,3,3]'     1e-06
286   'tauGamma[5,1,1]'     1e-06
287   'tauGamma[5,1,2]'         0.0248572
288   'tauGamma[5,1,3]'     1e-06
289   'tauGamma[5,2,1]'         0.0251756
290   'tauGamma[5,2,2]'     1e-06
291   'tauGamma[5,2,3]'     1e-06
292   'tauGamma[5,3,1]'     1e-06
293   'tauGamma[5,3,2]'     1e-06
294   'tauGamma[5,3,3]'     1e-06
295   'tauGamma[6,1,1]'     1e-06
296   'tauGamma[6,1,2]'         0.0249632
297   'tauGamma[6,1,3]'     1e-06
298   'tauGamma[6,2,1]'         0.0252829
299   'tauGamma[6,2,2]'     1e-06
300   'tauGamma[6,2,3]'     1e-06
301   'tauGamma[6,3,1]'     1e-06
302   'tauGamma[6,3,2]'     1e-06
303   'tauGamma[6,3,3]'     1e-06
304   'tauGamma[7,1,1]'     1e-06
305   'tauGamma[7,1,2]'         0.0250921
306   'tauGamma[7,1,3]'     1e-06
307   'tauGamma[7,2,1]'         0.0254134
308   'tauGamma[7,2,2]'     1e-06
309   'tauGamma[7,2,3]'     1e-06
310   'tauGamma[7,3,1]'     1e-06
311   'tauGamma[7,3,2]'     1e-06
312   'tauGamma[7,3,3]'     1e-06
313   'tauGamma[8,1,1]'     1e-06
314   'tauGamma[8,1,2]'         0.0252379
315   'tauGamma[8,1,3]'     1e-06
316   'tauGamma[8,2,1]'         0.0255611
317   'tauGamma[8,2,2]'     1e-06
318   'tauGamma[8,2,3]'     1e-06
319   'tauGamma[8,3,1]'     1e-06
320   'tauGamma[8,3,2]'     1e-06
321   'tauGamma[8,3,3]'     1e-06
322   'tauGamma[9,1,1]'     1e-06
323   'tauGamma[9,1,2]'         0.0253914
324   'tauGamma[9,1,3]'     1e-06
325   'tauGamma[9,2,1]'         0.0257166
326   'tauGamma[9,2,2]'     1e-06
327   'tauGamma[9,2,3]'     1e-06
328   'tauGamma[9,3,1]'     1e-06
329   'tauGamma[9,3,2]'     1e-06
330   'tauGamma[9,3,3]'     1e-06
331   'tauGamma[10,1,1]'    1e-06
332   'tauGamma[10,1,2]'        0.0255196
333   'tauGamma[10,1,3]'    1e-06
334   'tauGamma[10,2,1]'        0.0258464
335   'tauGamma[10,2,2]'    1e-06
336   'tauGamma[10,2,3]'    1e-06
337   'tauGamma[10,3,1]'    1e-06
338   'tauGamma[10,3,2]'    1e-06
339   'tauGamma[10,3,3]'    1e-06
340   'tauGamma[11,1,1]'    1e-06
341   'tauGamma[11,1,2]'        0.0256154
342   'tauGamma[11,1,3]'    1e-06
343   'tauGamma[11,2,1]'        0.0259434
344   'tauGamma[11,2,2]'    1e-06
345   'tauGamma[11,2,3]'    1e-06
346   'tauGamma[11,3,1]'    1e-06
347   'tauGamma[11,3,2]'    1e-06
348   'tauGamma[11,3,3]'    1e-06
349   'tauGamma[12,1,1]'    1e-06
350   'tauGamma[12,1,2]'        0.0256811
351   'tauGamma[12,1,3]'    1e-06
352   'tauGamma[12,2,1]'        0.02601
353   'tauGamma[12,2,2]'    1e-06
354   'tauGamma[12,2,3]'    1e-06
355   'tauGamma[12,3,1]'    1e-06
356   'tauGamma[12,3,2]'    1e-06
357   'tauGamma[12,3,3]'    1e-06
358   'tauGamma[13,1,1]'    1e-06
359   'tauGamma[13,1,2]'        0.0257235
360   'tauGamma[13,1,3]'    1e-06
361   'tauGamma[13,2,1]'        0.026053
362   'tauGamma[13,2,2]'    1e-06
363   'tauGamma[13,2,3]'    1e-06
364   'tauGamma[13,3,1]'    1e-06
365   'tauGamma[13,3,2]'    1e-06
366   'tauGamma[13,3,3]'    1e-06
367   'tauGamma[14,1,1]'    1e-06
368   'tauGamma[14,1,2]'        0.0257499
369   'tauGamma[14,1,3]'    1e-06
370   'tauGamma[14,2,1]'        0.0260797
371   'tauGamma[14,2,2]'    1e-06
372   'tauGamma[14,2,3]'    1e-06
373   'tauGamma[14,3,1]'    1e-06
374   'tauGamma[14,3,2]'    1e-06
375   'tauGamma[14,3,3]'    1e-06
376   'tauGamma[15,1,1]'    1e-06
377   'tauGamma[15,1,2]'        0.0257659
378   'tauGamma[15,1,3]'    1e-06
379   'tauGamma[15,2,1]'        0.0260959
380   'tauGamma[15,2,2]'    1e-06
381   'tauGamma[15,2,3]'    1e-06
382   'tauGamma[15,3,1]'    1e-06
383   'tauGamma[15,3,2]'    1e-06
384   'tauGamma[15,3,3]'    1e-06
385   'PGamma[1,1,1]'           1
386   'PGamma[1,1,2]'           0.992748
387   'PGamma[1,1,3]'           1
388   'PGamma[1,2,1]'           0.992655
389   'PGamma[1,2,2]'           1
390   'PGamma[1,2,3]'           1
391   'PGamma[1,3,1]'           1
392   'PGamma[1,3,2]'           1
393   'PGamma[1,3,3]'           1
394   'PGamma[2,1,1]'           1
395   'PGamma[2,1,2]'           0.992674
396   'PGamma[2,1,3]'           1
397   'PGamma[2,2,1]'           0.99258
398   'PGamma[2,2,2]'           1
399   'PGamma[2,2,3]'           1
400   'PGamma[2,3,1]'           1
401   'PGamma[2,3,2]'           1
402   'PGamma[2,3,3]'           1
403   'PGamma[3,1,1]'           1
404   'PGamma[3,1,2]'           0.99263
405   'PGamma[3,1,3]'           1
406   'PGamma[3,2,1]'           0.992536
407   'PGamma[3,2,2]'           1
408   'PGamma[3,2,3]'           1
409   'PGamma[3,3,1]'           1
410   'PGamma[3,3,2]'           1
411   'PGamma[3,3,3]'           1
412   'PGamma[4,1,1]'           1
413   'PGamma[4,1,2]'           0.992599
414   'PGamma[4,1,3]'           1
415   'PGamma[4,2,1]'           0.992504
416   'PGamma[4,2,2]'           1
417   'PGamma[4,2,3]'           1
418   'PGamma[4,3,1]'           1
419   'PGamma[4,3,2]'           1
420   'PGamma[4,3,3]'           1
421   'PGamma[5,1,1]'           1
422   'PGamma[5,1,2]'           0.992571
423   'PGamma[5,1,3]'           1
424   'PGamma[5,2,1]'           0.992476
425   'PGamma[5,2,2]'           1
426   'PGamma[5,2,3]'           1
427   'PGamma[5,3,1]'           1
428   'PGamma[5,3,2]'           1
429   'PGamma[5,3,3]'           1
430   'PGamma[6,1,1]'           1
431   'PGamma[6,1,2]'           0.992539
432   'PGamma[6,1,3]'           1
433   'PGamma[6,2,1]'           0.992444
434   'PGamma[6,2,2]'           1
435   'PGamma[6,2,3]'           1
436   'PGamma[6,3,1]'           1
437   'PGamma[6,3,2]'           1
438   'PGamma[6,3,3]'           1
439   'PGamma[7,1,1]'           1
440   'PGamma[7,1,2]'           0.992501
441   'PGamma[7,1,3]'           1
442   'PGamma[7,2,1]'           0.992405
443   'PGamma[7,2,2]'           1
444   'PGamma[7,2,3]'           1
445   'PGamma[7,3,1]'           1
446   'PGamma[7,3,2]'           1
447   'PGamma[7,3,3]'           1
448   'PGamma[8,1,1]'           1
449   'PGamma[8,1,2]'           0.992457
450   'PGamma[8,1,3]'           1
451   'PGamma[8,2,1]'           0.992361
452   'PGamma[8,2,2]'           1
453   'PGamma[8,2,3]'           1
454   'PGamma[8,3,1]'           1
455   'PGamma[8,3,2]'           1
456   'PGamma[8,3,3]'           1
457   'PGamma[9,1,1]'           1
458   'PGamma[9,1,2]'           0.992412
459   'PGamma[9,1,3]'           1
460   'PGamma[9,2,1]'           0.992315
461   'PGamma[9,2,2]'           1
462   'PGamma[9,2,3]'           1
463   'PGamma[9,3,1]'           1
464   'PGamma[9,3,2]'           1
465   'PGamma[9,3,3]'           1
466   'PGamma[10,1,1]'          1
467   'PGamma[10,1,2]'          0.992373
468   'PGamma[10,1,3]'          1
469   'PGamma[10,2,1]'          0.992276
470   'PGamma[10,2,2]'          1
471   'PGamma[10,2,3]'          1
472   'PGamma[10,3,1]'          1
473   'PGamma[10,3,2]'          1
474   'PGamma[10,3,3]'          1
475   'PGamma[11,1,1]'          1
476   'PGamma[11,1,2]'          0.992345
477   'PGamma[11,1,3]'          1
478   'PGamma[11,2,1]'          0.992247
479   'PGamma[11,2,2]'          1
480   'PGamma[11,2,3]'          1
481   'PGamma[11,3,1]'          1
482   'PGamma[11,3,2]'          1
483   'PGamma[11,3,3]'          1
484   'PGamma[12,1,1]'          1
485   'PGamma[12,1,2]'          0.992325
486   'PGamma[12,1,3]'          1
487   'PGamma[12,2,1]'          0.992227
488   'PGamma[12,2,2]'          1
489   'PGamma[12,2,3]'          1
490   'PGamma[12,3,1]'          1
491   'PGamma[12,3,2]'          1
492   'PGamma[12,3,3]'          1
493   'PGamma[13,1,1]'          1
494   'PGamma[13,1,2]'          0.992313
495   'PGamma[13,1,3]'          1
496   'PGamma[13,2,1]'          0.992215
497   'PGamma[13,2,2]'          1
498   'PGamma[13,2,3]'          1
499   'PGamma[13,3,1]'          1
500   'PGamma[13,3,2]'          1
501   'PGamma[13,3,3]'          1
502   'PGamma[14,1,1]'          1
503   'PGamma[14,1,2]'          0.992305
504   'PGamma[14,1,3]'          1
505   'PGamma[14,2,1]'          0.992207
506   'PGamma[14,2,2]'          1
507   'PGamma[14,2,3]'          1
508   'PGamma[14,3,1]'          1
509   'PGamma[14,3,2]'          1
510   'PGamma[14,3,3]'          1
511   'PGamma[15,1,1]'          1
512   'PGamma[15,1,2]'          0.9923
513   'PGamma[15,1,3]'          1
514   'PGamma[15,2,1]'          0.992202
515   'PGamma[15,2,2]'          1
516   'PGamma[15,2,3]'          1
517   'PGamma[15,3,1]'          1
518   'PGamma[15,3,2]'          1
519   'PGamma[15,3,3]'          1
520   'SGamma1[1,1]'            0.0139958
521   'SGamma1[1,2]'            0.0001521
522   'SGamma1[1,3]'            1.01423e-06
523   'SGamma1[2,1]'            0.0181311
524   'SGamma1[2,2]'            0.000347204
525   'SGamma1[2,3]'            1.01415e-06
526   'SGamma1[3,1]'            0.0208307
527   'SGamma1[3,2]'            0.000713427
528   'SGamma1[3,3]'            1.01423e-06
529   'SGamma1[4,1]'            0.021984
530   'SGamma1[4,2]'            0.00135805
531   'SGamma1[4,3]'            1.01424e-06
532   'SGamma1[5,1]'            0.0218521
533   'SGamma1[5,2]'            0.00244327
534   'SGamma1[5,3]'            1.01424e-06
535   'SGamma1[6,1]'            0.0206263
536   'SGamma1[6,2]'            0.00417151
537   'SGamma1[6,3]'            1.01424e-06
538   'SGamma1[7,1]'            0.0183902
539   'SGamma1[7,2]'            0.0066985
540   'SGamma1[7,3]'            1.01424e-06
541   'SGamma1[8,1]'            0.0153179
542   'SGamma1[8,2]'            0.00996577
543   'SGamma1[8,3]'            1.01424e-06
544   'SGamma1[9,1]'            0.0118779
545   'SGamma1[9,2]'            0.0137237
546   'SGamma1[9,3]'            1.01424e-06
547   'SGamma1[10,1]'           0.00848125
548   'SGamma1[10,2]'           0.0172794
549   'SGamma1[10,3]'           1.01425e-06
550   'SGamma1[11,1]'           0.00566444
551   'SGamma1[11,2]'           0.02018
552   'SGamma1[11,3]'           1.01425e-06
553   'SGamma1[12,1]'           0.00360412
554   'SGamma1[12,2]'           0.0222868
555   'SGamma1[12,3]'           1.01425e-06
556   'SGamma1[13,1]'           0.0022198
557   'SGamma1[13,2]'           0.023698
558   'SGamma1[13,3]'           1.01425e-06
559   'SGamma1[14,1]'           0.00133874
560   'SGamma1[14,2]'           0.0245948
561   'SGamma1[14,3]'           1.01425e-06
562   'SGamma1[15,1]'           0.000796387
563   'SGamma1[15,2]'           0.0251464
564   'SGamma1[15,3]'           1.01425e-06
565   'SGamma2[1,1]'            1.01001
566   'SGamma2[1,2]'            1.01418
567   'SGamma2[1,3]'            1.01423
568   'SGamma2[2,1]'            1.00869
569   'SGamma2[2,2]'            1.01404
570   'SGamma2[2,3]'            1.01415
571   'SGamma2[3,1]'            1.00796
572   'SGamma2[3,2]'            1.01402
573   'SGamma2[3,3]'            1.01423
574   'SGamma2[4,1]'            1.00762
575   'SGamma2[4,2]'            1.01383
576   'SGamma2[4,3]'            1.01424
577   'SGamma2[5,1]'            1.00766
578   'SGamma2[5,2]'            1.0135
579   'SGamma2[5,3]'            1.01424
580   'SGamma2[6,1]'            1.00803
581   'SGamma2[6,2]'            1.01298
582   'SGamma2[6,3]'            1.01424
583   'SGamma2[7,1]'            1.0087
584   'SGamma2[7,2]'            1.01222
585   'SGamma2[7,3]'            1.01424
586   'SGamma2[8,1]'            1.00963
587   'SGamma2[8,2]'            1.01124
588   'SGamma2[8,3]'            1.01424
589   'SGamma2[9,1]'            1.01067
590   'SGamma2[9,2]'            1.01011
591   'SGamma2[9,3]'            1.01424
592   'SGamma2[10,1]'           1.01169
593   'SGamma2[10,2]'           1.00904
594   'SGamma2[10,3]'           1.01425
595   'SGamma2[11,1]'           1.01254
596   'SGamma2[11,2]'           1.00817
597   'SGamma2[11,3]'           1.01425
598   'SGamma2[12,1]'           1.01316
599   'SGamma2[12,2]'           1.00753
600   'SGamma2[12,3]'           1.01425
601   'SGamma2[13,1]'           1.01358
602   'SGamma2[13,2]'           1.00711
603   'SGamma2[13,3]'           1.01425
604   'SGamma2[14,1]'           1.01384
605   'SGamma2[14,2]'           1.00684
606   'SGamma2[14,3]'           1.01425
607   'SGamma2[15,1]'           1.01401
608   'SGamma2[15,2]'           1.00667
609   'SGamma2[15,3]'           1.01425
610   'gamma[1,1]'              1.02769
611   'gamma[1,2]'              1.00013
612   'gamma[1,3]'              0.999831
613   'gamma[2,1]'              1.03575
614   'gamma[2,2]'              1.00019
615   'gamma[2,3]'              0.9995
616   'gamma[3,1]'              1.04058
617   'gamma[3,2]'              1.00024
618   'gamma[3,3]'              0.998823
619   'gamma[4,1]'              1.04172
620   'gamma[4,2]'              1.00035
621   'gamma[4,3]'              0.997642
622   'gamma[5,1]'              1.03954
623   'gamma[5,2]'              1.00067
624   'gamma[5,3]'              0.9958
625   'gamma[6,1]'              1.03441
626   'gamma[6,2]'              1.00158
627   'gamma[6,3]'              0.993266
628   'gamma[7,1]'              1.02694
629   'gamma[7,2]'              1.00376
630   'gamma[7,3]'              0.99042
631   'gamma[8,1]'              1.01848
632   'gamma[8,2]'              1.00807
633   'gamma[8,3]'              0.988209
634   'gamma[9,1]'              1.01088
635   'gamma[9,2]'              1.0149
636   'gamma[9,3]'              0.987488
637   'gamma[10,1]'             1.00548
638   'gamma[10,2]'             1.02347
639   'gamma[10,3]'             0.9888
640   'gamma[11,1]'             1.00242
641   'gamma[11,2]'             1.03198
642   'gamma[11,3]'             0.991286
643   'gamma[12,1]'             1.00098
644   'gamma[12,2]'             1.03903
645   'gamma[12,3]'             0.993885
646   'gamma[13,1]'             1.00037
647   'gamma[13,2]'             1.04416
648   'gamma[13,3]'             0.995999
649   'gamma[14,1]'             1.00014
650   'gamma[14,2]'             1.04759
651   'gamma[14,3]'             0.997497
652   'gamma[15,1]'             1.00005
653   'gamma[15,2]'             1.04977
654   'gamma[15,3]'             0.998479
655   'PrS[1,1]'           224894
656   'PrS[1,2]'           129949
657   'PrS[1,3]'            60790.5
658   'PrS[2,1]'           196972
659   'PrS[2,2]'           113037
660   'PrS[2,3]'            52273.5
661   'PrS[3,1]'           182052
662   'PrS[3,2]'           104047
663   'PrS[3,3]'            47785.9
664   'PrS[4,1]'           172019
665   'PrS[4,2]'            98021.1
666   'PrS[4,3]'            44795.3
667   'PrS[5,1]'           163542
668   'PrS[5,2]'            92943.4
669   'PrS[5,3]'            42286.4
670   'PrS[6,1]'           154449
671   'PrS[6,2]'            87510.6
672   'PrS[6,3]'            39614.3
673   'PrS[7,1]'           144043
674   'PrS[7,2]'            81313.6
675   'PrS[7,3]'            36582.7
676   'PrS[8,1]'           133086
677   'PrS[8,2]'            74811.9
678   'PrS[8,3]'            33422.1
679   'PrS[9,1]'           122418
680   'PrS[9,2]'            68506.7
681   'PrS[9,3]'            30378.5
682   'PrS[10,1]'          114147
683   'PrS[10,2]'           63637.3
684   'PrS[10,3]'           28043.5
685   'PrS[11,1]'          108318
686   'PrS[11,2]'           60215.7
687   'PrS[11,3]'           26411.6
688   'PrS[12,1]'          104488
689   'PrS[12,2]'           57973.1
690   'PrS[12,3]'           25346.1
691   'PrS[13,1]'          102085
692   'PrS[13,2]'           56567.9
693   'PrS[13,3]'           24680.1
694   'PrS[14,1]'          100619
695   'PrS[14,2]'           55711.2
696   'PrS[14,3]'           24274.8
697   'PrS[15,1]'           99738.6
698   'PrS[15,2]'           55197.1
699   'PrS[15,3]'           24031.9
700   'PrSF[1]'            167362
701   'PrSF[2]'             95229.8
702   'PrSF[3]'             43414.8
703   Vap                    8386.08
;

