solve_message =
'CONOPT 3.17A: Locally infeasible; objective 1440122.3558902543\
104 iterations; evals: nf = 3, ng = 0, nc = 2058, nJ = 169, nH = 0, nHv = 40'

:      _varname           _var           :=
1     'F[2]'              0
2     'F[3]'              0
3     'F[4]'              0
4     'F[5]'              0
5     'F[6]'              0
6     'F[7]'              0
7     'F[8]'            100
8     'F[9]'              0
9     'F[10]'             0
10    'F[11]'             0
11    'F[12]'             0
12    'F[13]'             0
13    'F[14]'             0
14    'Vs[1]'           120.68
15    'Vs[2]'       1440000
16    'y[1,1,1]'          0.0195899
17    'y[1,1,2]'          0.737947
18    'y[1,1,3]'          0.242463
19    'y[1,2,1]'          0.0444876
20    'y[1,2,2]'          0.796003
21    'y[1,2,3]'          0.159509
22    'y[1,3,1]'          0.0871105
23    'y[1,3,2]'          0.788369
24    'y[1,3,3]'          0.12452
25    'y[1,4,1]'          0.155147
26    'y[1,4,2]'          0.737611
27    'y[1,4,3]'          0.107242
28    'y[1,5,1]'          0.252096
29    'y[1,5,2]'          0.653047
30    'y[1,5,3]'          0.0948569
31    'y[1,6,1]'          0.369636
32    'y[1,6,2]'          0.547066
33    'y[1,6,3]'          0.0832974
34    'y[1,7,1]'          0.486985
35    'y[1,7,2]'          0.440385
36    'y[1,7,3]'          0.0726303
37    'y[1,8,1]'          0.583434
38    'y[1,8,2]'          0.352502
39    'y[1,8,3]'          0.0640636
40    'y[1,9,1]'          0.698974
41    'y[1,9,2]'          0.278833
42    'y[1,9,3]'          0.0221923
43    'y[1,10,1]'         0.804461
44    'y[1,10,2]'         0.188945
45    'y[1,10,3]'         0.00659465
46    'y[1,11,1]'         0.884408
47    'y[1,11,2]'         0.113844
48    'y[1,11,3]'         0.00174781
49    'y[1,12,1]'         0.93644
50    'y[1,12,2]'         0.0631312
51    'y[1,12,3]'         0.00042892
52    'y[1,13,1]'         0.966916
53    'y[1,13,2]'         0.0329835
54    'y[1,13,3]'         0.000100292
55    'y[1,14,1]'         0.98365
56    'y[1,14,2]'         0.0163272
57    'y[1,14,3]'         2.264e-05
58    'y[1,15,1]'         0.992508
59    'y[1,15,2]'         0.00748699
60    'y[1,15,3]'         4.83173e-06
61    'y[2,1,1]'          0.00136296
62    'y[2,1,2]'          0.752584
63    'y[2,1,3]'          0.246053
64    'y[2,2,1]'          0.00410307
65    'y[2,2,2]'          0.87173
66    'y[2,2,3]'          0.124167
67    'y[2,3,1]'          0.0113868
68    'y[2,3,2]'          0.930845
69    'y[2,3,3]'          0.0577687
70    'y[2,4,1]'          0.0300255
71    'y[2,4,2]'          0.944432
72    'y[2,4,3]'          0.0255424
73    'y[2,5,1]'          0.0754973
74    'y[2,5,2]'          0.913729
75    'y[2,5,3]'          0.0107741
76    'y[2,6,1]'          0.176037
77    'y[2,6,2]'          0.819752
78    'y[2,6,3]'          0.00421092
79    'y[2,7,1]'          0.357687
80    'y[2,7,2]'          0.640878
81    'y[2,7,3]'          0.00143417
82    'y[2,8,1]'          0.591695
83    'y[2,8,2]'          0.407908
84    'y[2,8,3]'          0.000397667
85    'y[2,9,1]'          0.790287
86    'y[2,9,2]'          0.209624
87    'y[2,9,3]'          8.90287e-05
88    'y[2,10,1]'         0.907377
89    'y[2,10,2]'         0.0926055
90    'y[2,10,3]'         1.71339e-05
91    'y[2,11,1]'         0.962213
92    'y[2,11,2]'         0.0377844
93    'y[2,11,3]'         3.04555e-06
94    'y[2,12,1]'         0.985115
95    'y[2,12,2]'         0.0148843
96    'y[2,12,3]'         5.22655e-07
97    'y[2,13,1]'         0.99422
98    'y[2,13,2]'         0.00577997
99    'y[2,13,3]'         8.84185e-08
100   'y[2,14,1]'         0.997768
101   'y[2,14,2]'         0.00223189
102   'y[2,14,3]'         1.48738e-08
103   'y[2,15,1]'         0.99914
104   'y[2,15,2]'         0.000859938
105   'y[2,15,3]'         2.49661e-09
106   'Ls[1]'           190.863
107   'Ls[2]'       1440070
108   'x[1,1,1]'          0.00578891
109   'x[1,1,2]'          0.566759
110   'x[1,1,3]'          0.427453
111   'x[1,2,1]'          0.0145151
112   'x[1,2,2]'          0.674998
113   'x[1,2,3]'          0.310487
114   'x[1,3,1]'          0.0302576
115   'x[1,3,2]'          0.711707
116   'x[1,3,3]'          0.258036
117   'x[1,4,1]'          0.0572074
118   'x[1,4,2]'          0.70688
119   'x[1,4,3]'          0.235913
120   'x[1,5,1]'          0.100226
121   'x[1,5,2]'          0.674786
122   'x[1,5,3]'          0.224988
123   'x[1,6,1]'          0.161525
124   'x[1,6,2]'          0.621318
125   'x[1,6,3]'          0.217157
126   'x[1,7,1]'          0.235844
127   'x[1,7,2]'          0.554307
128   'x[1,7,3]'          0.209848
129   'x[1,8,1]'          0.310042
130   'x[1,8,2]'          0.486854
131   'x[1,8,3]'          0.203103
132   'x[1,9,1]'          0.449194
133   'x[1,9,2]'          0.465721
134   'x[1,9,3]'          0.0850849
135   'x[1,10,1]'         0.602649
136   'x[1,10,2]'         0.367877
137   'x[1,10,3]'         0.0294733
138   'x[1,11,1]'         0.742752
139   'x[1,11,2]'         0.248491
140   'x[1,11,3]'         0.00875714
141   'x[1,12,1]'         0.848934
142   'x[1,12,2]'         0.148746
143   'x[1,12,3]'         0.00231978
144   'x[1,13,1]'         0.918041
145   'x[1,13,2]'         0.0813912
146   'x[1,13,3]'         0.000568087
147   'x[1,14,1]'         0.958518
148   'x[1,14,2]'         0.0413503
149   'x[1,14,3]'         0.000131617
150   'x[1,15,1]'         0.980743
151   'x[1,15,2]'         0.0192281
152   'x[1,15,3]'         2.8484e-05
153   'x[2,1,1]'          0.000397914
154   'x[2,1,2]'          0.571043
155   'x[2,1,3]'          0.428559
156   'x[2,2,1]'          0.00136292
157   'x[2,2,2]'          0.752576
158   'x[2,2,3]'          0.246062
159   'x[2,3,1]'          0.00410289
160   'x[2,3,2]'          0.871715
161   'x[2,3,3]'          0.124182
162   'x[2,4,1]'          0.0113862
163   'x[2,4,2]'          0.930827
164   'x[2,4,3]'          0.0577867
165   'x[2,5,1]'          0.030024
166   'x[2,5,2]'          0.944414
167   'x[2,5,3]'          0.025562
168   'x[2,6,1]'          0.0754971
169   'x[2,6,2]'          0.913729
170   'x[2,6,3]'          0.0107741
171   'x[2,7,1]'          0.176037
172   'x[2,7,2]'          0.819753
173   'x[2,7,3]'          0.00421092
174   'x[2,8,1]'          0.357687
175   'x[2,8,2]'          0.640879
176   'x[2,8,3]'          0.00143417
177   'x[2,9,1]'          0.591694
178   'x[2,9,2]'          0.407908
179   'x[2,9,3]'          0.000397667
180   'x[2,10,1]'         0.790287
181   'x[2,10,2]'         0.209624
182   'x[2,10,3]'         8.90288e-05
183   'x[2,11,1]'         0.907377
184   'x[2,11,2]'         0.0926057
185   'x[2,11,3]'         1.7134e-05
186   'x[2,12,1]'         0.962212
187   'x[2,12,2]'         0.0377852
188   'x[2,12,3]'         3.04562e-06
189   'x[2,13,1]'         0.985115
190   'x[2,13,2]'         0.0148846
191   'x[2,13,3]'         5.22666e-07
192   'x[2,14,1]'         0.99422
193   'x[2,14,2]'         0.00578008
194   'x[2,14,3]'         8.84202e-08
195   'x[2,15,1]'         0.997768
196   'x[2,15,2]'         0.00223192
197   'x[2,15,3]'         1.48741e-08
198   'CC[2]'             0
199   'CC[3]'             0
200   'CC[4]'             0
201   'CC[5]'             0
202   'CC[6]'             0
203   'CC[7]'             0
204   'CC[8]'             0
205   'CC[9]'             0
206   'CC[10]'            0
207   'CC[11]'           29.8171
208   'CC[12]'            0
209   'CC[13]'            0
210   'CC[14]'            0
211   'CR[2]'             0
212   'CR[3]'             0
213   'CR[4]'             0
214   'CR[5]'            70.1829
215   'CR[6]'             0
216   'CR[7]'             0
217   'CR[8]'             0
218   'CR[9]'             0
219   'CR[10]'            0
220   'CR[11]'            0
221   'CR[12]'            0
222   'CR[13]'            0
223   'CR[14]'            0
224   'PC[1]'             0
225   'PC[2]'            29.9979
226   'PR[1]'             0
227   'PR[2]'            70.0021
228   'PS[2]'             0
229   'PS[3]'             0
230   'PS[4]'             0
231   'PS[5]'             0
232   'PS[6]'             0
233   'PS[7]'             0
234   'PS[8]'             0
235   'PS[9]'             0
236   'PS[10]'            0
237   'PS[11]'            0
238   'PS[12]'            0
239   'PS[13]'            0
240   'PS[14]'            0
241   Vap           1440120
242   Sep                65.6302
;

