solve_message =
'Knitro 10.3.0: Relative change in infeasible solution estimate < xtol for xtol_iters.\
objective 10091.706612680537; feasibility error 0.0658\
253 iterations; 916 function evaluations'

:            _varname               _var          :=
1      'F[2]'                      0
2      'F[3]'                      0
3      'F[4]'                      0
4      'F[5]'                      0
5      'F[6]'                      0
6      'F[7]'                      0
7      'F[8]'                    100
8      'F[9]'                      0
9      'F[10]'                     0
10     'F[11]'                     0
11     'F[12]'                     0
12     'F[13]'                     0
13     'F[14]'                     0
14     'V[1,1]'                  143.945
15     'V[1,2]'                  144.338
16     'V[1,3]'                  145.212
17     'V[1,4]'                  146.431
18     'V[1,5]'                  147.586
19     'V[1,6]'                  148.278
20     'V[1,7]'                  148.375
21     'V[1,8]'                  148.625
22     'V[1,9]'                  149.406
23     'V[1,10]'                 150.127
24     'V[1,11]'                 150.725
25     'V[1,12]'                 151.176
26     'V[1,13]'                 151.497
27     'V[1,14]'                 151.811
28     'V[1,15]'                   0
29     'V[2,1]'                 9947.76
30     'V[2,2]'                 9914.73
31     'V[2,3]'                 9990.09
32     'V[2,4]'                10141.4
33     'V[2,5]'                10324.4
34     'V[2,6]'                10470.3
35     'V[2,7]'                10463
36     'V[2,8]'                10650.4
37     'V[2,9]'                10592.9
38     'V[2,10]'               10611.8
39     'V[2,11]'               10741.3
40     'V[2,12]'               11009.6
41     'V[2,13]'               11272.5
42     'V[2,14]'               11443.8
43     'V[2,15]'                   0
44     'y[1,1,1]'                  0.000127702
45     'y[1,1,2]'                  0.177213
46     'y[1,1,3]'                  0.82266
47     'y[1,2,1]'                  0.000505256
48     'y[1,2,2]'                  0.298267
49     'y[1,2,3]'                  0.701228
50     'y[1,3,1]'                  0.00178258
51     'y[1,3,2]'                  0.439218
52     'y[1,3,3]'                  0.558999
53     'y[1,4,1]'                  0.00570387
54     'y[1,4,2]'                  0.573057
55     'y[1,4,3]'                  0.421239
56     'y[1,5,1]'                  0.0167386
57     'y[1,5,2]'                  0.673133
58     'y[1,5,3]'                  0.310128
59     'y[1,6,1]'                  0.0455337
60     'y[1,6,2]'                  0.722973
61     'y[1,6,3]'                  0.231493
62     'y[1,7,1]'                  0.114338
63     'y[1,7,2]'                  0.708598
64     'y[1,7,3]'                  0.177063
65     'y[1,8,1]'                  0.255666
66     'y[1,8,2]'                  0.610318
67     'y[1,8,3]'                  0.134016
68     'y[1,9,1]'                  0.257342
69     'y[1,9,2]'                  0.643298
70     'y[1,9,3]'                  0.0993593
71     'y[1,10,1]'                 0.258948
72     'y[1,10,2]'                 0.671489
73     'y[1,10,3]'                 0.0695638
74     'y[1,11,1]'                 0.260982
75     'y[1,11,2]'                 0.692797
76     'y[1,11,3]'                 0.0462213
77     'y[1,12,1]'                 0.265383
78     'y[1,12,2]'                 0.705397
79     'y[1,12,3]'                 0.02922
80     'y[1,13,1]'                 0.278723
81     'y[1,13,2]'                 0.703854
82     'y[1,13,3]'                 0.0174237
83     'y[1,14,1]'                 0.321655
84     'y[1,14,2]'                 0.668933
85     'y[1,14,3]'                 0.00941178
86     'y[1,15,1]'                 0.445344
87     'y[1,15,2]'                 0.550623
88     'y[1,15,3]'                 0.00403375
89     'y[2,1,1]'                  6.60012e-06
90     'y[2,1,2]'                  0.124445
91     'y[2,1,3]'                  0.875549
92     'y[2,2,1]'                  3.15433e-05
93     'y[2,2,2]'                  0.238642
94     'y[2,2,3]'                  0.761327
95     'y[2,3,1]'                  0.000136993
96     'y[2,3,2]'                  0.411059
97     'y[2,3,3]'                  0.588804
98     'y[2,4,1]'                  0.000522089
99     'y[2,4,2]'                  0.611568
100    'y[2,4,3]'                  0.38791
101    'y[2,5,1]'                  0.00173742
102    'y[2,5,2]'                  0.781652
103    'y[2,5,3]'                  0.216611
104    'y[2,6,1]'                  0.00521419
105    'y[2,6,2]'                  0.889255
106    'y[2,6,3]'                  0.105531
107    'y[2,7,1]'                  0.0146278
108    'y[2,7,2]'                  0.938113
109    'y[2,7,3]'                  0.0472591
110    'y[2,8,1]'                  0.0394839
111    'y[2,8,2]'                  0.94068
112    'y[2,8,3]'                  0.019836
113    'y[2,9,1]'                  0.100432
114    'y[2,9,2]'                  0.891685
115    'y[2,9,3]'                  0.00788332
116    'y[2,10,1]'                 0.233164
117    'y[2,10,2]'                 0.76403
118    'y[2,10,3]'                 0.00280637
119    'y[2,11,1]'                 0.456984
120    'y[2,11,2]'                 0.542201
121    'y[2,11,3]'                 0.000814986
122    'y[2,12,1]'                 0.704952
123    'y[2,12,2]'                 0.294872
124    'y[2,12,3]'                 0.000175393
125    'y[2,13,1]'                 0.874592
126    'y[2,13,2]'                 0.125379
127    'y[2,13,3]'                 2.87305e-05
128    'y[2,14,1]'                 0.953885
129    'y[2,14,2]'                 0.0461106
130    'y[2,14,3]'                 4.00694e-06
131    'y[2,15,1]'                 1
132    'y[2,15,2]'                 0.0162099
133    'y[2,15,3]'                 5.31714e-07
134    'L[1,1]'                    0
135    'L[1,2]'                  176.583
136    'L[1,3]'                  176.976
137    'L[1,4]'                  177.85
138    'L[1,5]'                  179.069
139    'L[1,6]'                  180.224
140    'L[1,7]'                  180.916
141    'L[1,8]'                  181.013
142    'L[1,9]'                   81.2637
143    'L[1,10]'                  82.0438
144    'L[1,11]'                  82.7652
145    'L[1,12]'                  83.363
146    'L[1,13]'                  83.814
147    'L[1,14]'                  84.1352
148    'L[1,15]'                  84.4496
149    'L[2,1]'                    0
150    'L[2,2]'                 9977.68
151    'L[2,3]'                 9944.65
152    'L[2,4]'                10020
153    'L[2,5]'                10171.3
154    'L[2,6]'                10321.7
155    'L[2,7]'                10467.6
156    'L[2,8]'                 9814.38
157    'L[2,9]'                10687.9
158    'L[2,10]'               10630.4
159    'L[2,11]'               10649.2
160    'L[2,12]'               10711.4
161    'L[2,13]'               10979.7
162    'L[2,14]'               11242.6
163    'L[2,15]'               11413.9
164    'x[1,1,1]'                  2.58446e-05
165    'x[1,1,2]'                  0.0891302
166    'x[1,1,3]'                  0.910844
167    'x[1,2,1]'                  0.000108876
168    'x[1,2,2]'                  0.160932
169    'x[1,2,3]'                  0.838959
170    'x[1,3,1]'                  0.000416843
171    'x[1,3,2]'                  0.259697
172    'x[1,3,3]'                  0.739886
173    'x[1,4,1]'                  0.00146019
174    'x[1,4,2]'                  0.374972
175    'x[1,4,3]'                  0.623568
176    'x[1,5,1]'                  0.00466896
177    'x[1,5,2]'                  0.484854
178    'x[1,5,3]'                  0.510477
179    'x[1,6,1]'                  0.013712
180    'x[1,6,2]'                  0.567372
181    'x[1,6,3]'                  0.418916
182    'x[1,7,1]'                  0.0373239
183    'x[1,7,2]'                  0.608625
184    'x[1,7,3]'                  0.354051
185    'x[1,8,1]'                  0.0937268
186    'x[1,8,2]'                  0.596903
187    'x[1,8,3]'                  0.30937
188    'x[1,9,1]'                  0.0984371
189    'x[1,9,2]'                  0.659802
190    'x[1,9,3]'                  0.241761
191    'x[1,10,1]'                 0.102985
192    'x[1,10,2]'                 0.719389
193    'x[1,10,3]'                 0.177626
194    'x[1,11,1]'                 0.107242
195    'x[1,11,2]'                 0.76986
196    'x[1,11,3]'                 0.122898
197    'x[1,12,1]'                 0.112007
198    'x[1,12,2]'                 0.807682
199    'x[1,12,3]'                 0.0803112
200    'x[1,13,1]'                 0.120747
201    'x[1,13,2]'                 0.82979
202    'x[1,13,3]'                 0.0494624
203    'x[1,14,1]'                 0.145319
204    'x[1,14,2]'                 0.826536
205    'x[1,14,3]'                 0.0281442
206    'x[1,15,1]'                 0.222994
207    'x[1,15,2]'                 0.763305
208    'x[1,15,3]'                 0.0137016
209    'x[2,1,1]'                  1.35175e-06
210    'x[2,1,2]'                  0.0634308
211    'x[2,1,3]'                  0.983772
212    'x[2,2,1]'                  6.5842e-06
213    'x[2,2,2]'                  0.124253
214    'x[2,2,3]'                  0.87574
215    'x[2,3,1]'                  3.14523e-05
216    'x[2,3,2]'                  0.238106
217    'x[2,3,3]'                  0.761862
218    'x[2,4,1]'                  0.000136587
219    'x[2,4,2]'                  0.410013
220    'x[2,4,3]'                  0.589851
221    'x[2,5,1]'                  0.000520557
222    'x[2,5,2]'                  0.609947
223    'x[2,5,3]'                  0.389532
224    'x[2,6,1]'                  0.0017378
225    'x[2,6,2]'                  0.781751
226    'x[2,6,3]'                  0.216511
227    'x[2,7,1]'                  0.00521547
228    'x[2,7,2]'                  0.889381
229    'x[2,7,3]'                  0.105404
230    'x[2,8,1]'                  0.0155945
231    'x[2,8,2]'                  1
232    'x[2,8,3]'                  0.0502171
233    'x[2,9,1]'                  0.0394004
234    'x[2,9,2]'                  0.940808
235    'x[2,9,3]'                  0.0197919
236    'x[2,10,1]'                 0.100133
237    'x[2,10,2]'                 0.891986
238    'x[2,10,3]'                 0.00788109
239    'x[2,11,1]'                 0.232398
240    'x[2,11,2]'                 0.76478
241    'x[2,11,3]'                 0.00282201
242    'x[2,12,1]'                 0.455513
243    'x[2,12,2]'                 0.543669
244    'x[2,12,3]'                 0.000817259
245    'x[2,13,1]'                 0.704193
246    'x[2,13,2]'                 0.295632
247    'x[2,13,3]'                 0.000175869
248    'x[2,14,1]'                 0.874301
249    'x[2,14,2]'                 0.12567
250    'x[2,14,3]'                 2.88055e-05
251    'x[2,15,1]'                 0.953806
252    'x[2,15,2]'                 0.0461896
253    'x[2,15,3]'                 4.01606e-06
254    'CC[2]'                     0
255    'CC[3]'                     0
256    'CC[4]'                     0
257    'CC[5]'                     0
258    'CC[6]'                     0
259    'CC[7]'                     0
260    'CC[8]'                     0
261    'CC[9]'                     0
262    'CC[10]'                    0
263    'CC[11]'                   67.3618
264    'CC[12]'                    0
265    'CC[13]'                    0
266    'CC[14]'                    0
267    'CR[2]'                     0
268    'CR[3]'                     0
269    'CR[4]'                     0
270    'CR[5]'                    32.6382
271    'CR[6]'                     0
272    'CR[7]'                     0
273    'CR[8]'                     0
274    'CR[9]'                     0
275    'CR[10]'                    0
276    'CR[11]'                    0
277    'CR[12]'                    0
278    'CR[13]'                    0
279    'CR[14]'                    0
280    'PC[1]'                     2.23404e-09
281    'PC[2]'                    29.4119
282    'PR[1]'                     6.59559e-10
283    'PR[2]'                    28.5699
284    'PS[2]'                     0
285    'PS[3]'                     0
286    'PS[4]'                     0
287    'PS[5]'                     0
288    'PS[6]'                     0
289    'PS[7]'                     0
290    'PS[8]'                    37.711
291    'PS[9]'                     0
292    'PS[10]'                    0
293    'PS[11]'                    0
294    'PS[12]'                    0
295    'PS[13]'                    0
296    'PS[14]'                    0
297    'T[1,1]'                  366.58
298    'T[1,2]'                  364.373
299    'T[1,3]'                  361.544
300    'T[1,4]'                  358.472
301    'T[1,5]'                  355.616
302    'T[1,6]'                  353.111
303    'T[1,7]'                  350.519
304    'T[1,8]'                  346.867
305    'T[1,9]'                  345.552
306    'T[1,10]'                 344.358
307    'T[1,11]'                 343.363
308    'T[1,12]'                 342.553
309    'T[1,13]'                 341.768
310    'T[1,14]'                 340.514
311    'T[1,15]'                 337.488
312    'T[2,1]'                  366.158
313    'T[2,2]'                  365.489
314    'T[2,3]'                  362.175
315    'T[2,4]'                  357.744
316    'T[2,5]'                  353.276
317    'T[2,6]'                  349.859
318    'T[2,7]'                  347.734
319    'T[2,8]'                  344.569
320    'T[2,9]'                  344.775
321    'T[2,10]'                 342.03
322    'T[2,11]'                 337.037
323    'T[2,12]'                 330.253
324    'T[2,13]'                 324.302
325    'T[2,14]'                 320.915
326    'T[2,15]'                 319.891
327    TF                        338.159
328    'QC[1]'                  1472.79
329    'QC[2]'                104754
330    'QR[1]'                  1523.02
331    'QR[2]'                104741
332    'H[1,1,1]'                  1.77942
333    'H[1,1,2]'                  2.19816
334    'H[1,1,3]'                  2.63466
335    'H[1,2,1]'                  1.71581
336    'H[1,2,2]'                  2.12099
337    'H[1,2,3]'                  2.5415
338    'H[1,3,1]'                  1.63486
339    'H[1,3,2]'                  2.02268
340    'H[1,3,3]'                  2.42291
341    'H[1,4,1]'                  1.54769
342    'H[1,4,2]'                  1.9167
343    'H[1,4,3]'                  2.29515
344    'H[1,5,1]'                  1.4674
345    'H[1,5,2]'                  1.81895
346    'H[1,5,3]'                  2.17741
347    'H[1,6,1]'                  1.39755
348    'H[1,6,2]'                  1.73381
349    'H[1,6,3]'                  2.07493
350    'H[1,7,1]'                  1.32582
351    'H[1,7,2]'                  1.64627
352    'H[1,7,3]'                  1.96962
353    'H[1,8,1]'                  1.22575
354    'H[1,8,2]'                  1.52396
355    'H[1,8,3]'                  1.8226
356    'H[1,9,1]'                  1.19
357    'H[1,9,2]'                  1.48021
358    'H[1,9,3]'                  1.77004
359    'H[1,10,1]'                 1.15765
360    'H[1,10,2]'                 1.44059
361    'H[1,10,3]'                 1.72247
362    'H[1,11,1]'                 1.13081
363    'H[1,11,2]'                 1.40769
364    'H[1,11,3]'                 1.68297
365    'H[1,12,1]'                 1.10903
366    'H[1,12,2]'                 1.38099
367    'H[1,12,3]'                 1.65092
368    'H[1,13,1]'                 1.08796
369    'H[1,13,2]'                 1.35515
370    'H[1,13,3]'                 1.6199
371    'H[1,14,1]'                 1.05442
372    'H[1,14,2]'                 1.31399
373    'H[1,14,3]'                 1.57052
374    'H[1,15,1]'                 0.974043
375    'H[1,15,2]'                 1.21521
376    'H[1,15,3]'                 1.45205
377    'H[2,1,1]'                  1.76724
378    'H[2,1,2]'                  2.18339
379    'H[2,1,3]'                  2.61682
380    'H[2,2,1]'                  1.74791
381    'H[2,2,2]'                  2.15995
382    'H[2,2,3]'                  2.58852
383    'H[2,3,1]'                  1.65284
384    'H[2,3,2]'                  2.04453
385    'H[2,3,3]'                  2.44925
386    'H[2,4,1]'                  1.52717
387    'H[2,4,2]'                  1.89173
388    'H[2,4,3]'                  2.26506
389    'H[2,5,1]'                  1.40213
390    'H[2,5,2]'                  1.73939
391    'H[2,5,3]'                  2.08164
392    'H[2,6,1]'                  1.30764
393    'H[2,6,2]'                  1.62407
394    'H[2,6,3]'                  1.94292
395    'H[2,7,1]'                  1.2494
396    'H[2,7,2]'                  1.55289
397    'H[2,7,3]'                  1.85736
398    'H[2,8,1]'                  1.16338
399    'H[2,8,2]'                  1.44761
400    'H[2,8,3]'                  1.73089
401    'H[2,9,1]'                  1.16895
402    'H[2,9,2]'                  1.45443
403    'H[2,9,3]'                  1.73909
404    'H[2,10,1]'                 1.09499
405    'H[2,10,2]'                 1.36377
406    'H[2,10,3]'                 1.63024
407    'H[2,11,1]'                 0.96214
408    'H[2,11,2]'                 1.20056
409    'H[2,11,3]'                 1.4345
410    'H[2,12,1]'                 0.785152
411    'H[2,12,2]'                 0.982327
412    'H[2,12,3]'                 1.17309
413    'H[2,13,1]'                 0.633245
414    'H[2,13,2]'                 0.794206
415    'H[2,13,3]'                 0.948041
416    'H[2,14,1]'                 0.548199
417    'H[2,14,2]'                 0.688525
418    'H[2,14,3]'                 0.821721
419    'H[2,15,1]'                 0.52269
420    'H[2,15,2]'                 0.656774
421    'H[2,15,3]'                 0.783782
422    'HF[1]'                     0.991793
423    'HF[2]'                     1.23703
424    'HF[3]'                     1.47822
425    'h[1,1,1]'                 -6.53229
426    'h[1,1,2]'                 -7.32391
427    'h[1,1,3]'                 -7.98534
428    'h[1,2,1]'                 -6.63325
429    'h[1,2,2]'                 -7.4365
430    'h[1,2,3]'                 -8.11479
431    'h[1,3,1]'                 -6.76186
432    'h[1,3,2]'                 -7.58001
433    'h[1,3,3]'                 -8.27981
434    'h[1,4,1]'                 -6.90051
435    'h[1,4,2]'                 -7.73485
436    'h[1,4,3]'                 -8.45791
437    'h[1,5,1]'                 -7.0284
438    'h[1,5,2]'                 -7.87781
439    'h[1,5,3]'                 -8.62237
440    'h[1,6,1]'                 -7.13979
441    'h[1,6,2]'                 -8.00244
442    'h[1,6,3]'                 -8.76578
443    'h[1,7,1]'                 -7.25434
444    'h[1,7,2]'                 -8.13071
445    'h[1,7,3]'                 -8.91342
446    'h[1,8,1]'                 -7.41441
447    'h[1,8,2]'                 -8.31014
448    'h[1,8,3]'                 -9.12002
449    'h[1,9,1]'                 -7.47168
450    'h[1,9,2]'                 -8.3744
451    'h[1,9,3]'                 -9.19403
452    'h[1,10,1]'                -7.52354
453    'h[1,10,2]'                -8.43262
454    'h[1,10,3]'                -9.26109
455    'h[1,11,1]'                -7.56661
456    'h[1,11,2]'                -8.48099
457    'h[1,11,3]'                -9.31682
458    'h[1,12,1]'                -7.60157
459    'h[1,12,2]'                -8.52026
460    'h[1,12,3]'                -9.36208
461    'h[1,13,1]'                -7.63541
462    'h[1,13,2]'                -8.55829
463    'h[1,13,3]'                -9.4059
464    'h[1,14,1]'                -7.68931
465    'h[1,14,2]'                -8.61889
466    'h[1,14,3]'                -9.47575
467    'h[1,15,1]'                -7.81869
468    'h[1,15,2]'                -8.76447
469    'h[1,15,3]'                -9.64362
470    'h[2,1,1]'                 -6.55161
471    'h[2,1,2]'                 -7.34546
472    'h[2,1,3]'                 -8.01011
473    'h[2,2,1]'                 -6.58228
474    'h[2,2,2]'                 -7.37965
475    'h[2,2,3]'                 -8.04942
476    'h[2,3,1]'                 -6.73328
477    'h[2,3,2]'                 -7.54811
478    'h[2,3,3]'                 -8.24313
479    'h[2,4,1]'                 -6.93318
480    'h[2,4,2]'                 -7.77136
481    'h[2,4,3]'                 -8.49991
482    'h[2,5,1]'                 -7.13249
483    'h[2,5,2]'                 -7.99427
484    'h[2,5,3]'                 -8.75638
485    'h[2,6,1]'                 -7.28339
486    'h[2,6,2]'                 -8.16326
487    'h[2,6,3]'                 -8.95088
488    'h[2,7,1]'                 -7.37655
489    'h[2,7,2]'                 -8.26768
490    'h[2,7,3]'                 -9.07112
491    'h[2,8,1]'                 -7.51436
492    'h[2,8,2]'                 -8.42231
493    'h[2,8,3]'                 -9.24921
494    'h[2,9,1]'                 -7.50542
495    'h[2,9,2]'                 -8.41228
496    'h[2,9,3]'                 -9.23766
497    'h[2,10,1]'                -7.62413
498    'h[2,10,2]'                -8.54561
499    'h[2,10,3]'                -9.39129
500    'h[2,11,1]'                -7.83788
501    'h[2,11,2]'                -8.78607
502    'h[2,11,3]'                -9.66853
503    'h[2,12,1]'                -8.12389
504    'h[2,12,2]'                -9.10866
505    'h[2,12,3]'               -10.0409
506    'h[2,13,1]'                -8.37066
507    'h[2,13,2]'                -9.38782
508    'h[2,13,3]'               -10.3636
509    'h[2,14,1]'                -8.50939
510    'h[2,14,2]'                -9.54514
511    'h[2,14,3]'               -10.5457
512    'h[2,15,1]'                -8.55109
513    'h[2,15,2]'                -9.59248
514    'h[2,15,3]'               -10.6005
515    'hF[1]'                    -7.7901
516    'hF[2]'                    -8.73228
517    'hF[3]'                    -9.60649
518    'tauGamma[1,1,1,1]'     1e-06
519    'tauGamma[1,1,1,2]'     1e-06
520    'tauGamma[1,1,1,3]'     1e-06
521    'tauGamma[1,1,2,1]'     1e-06
522    'tauGamma[1,1,2,2]'     1e-06
523    'tauGamma[1,1,2,3]'     1e-06
524    'tauGamma[1,1,3,1]'     1e-06
525    'tauGamma[1,1,3,2]'     1e-06
526    'tauGamma[1,1,3,3]'     1e-06
527    'tauGamma[1,2,1,1]'     1e-06
528    'tauGamma[1,2,1,2]'     1e-06
529    'tauGamma[1,2,1,3]'     1e-06
530    'tauGamma[1,2,2,1]'     1e-06
531    'tauGamma[1,2,2,2]'     1e-06
532    'tauGamma[1,2,2,3]'     1e-06
533    'tauGamma[1,2,3,1]'     1e-06
534    'tauGamma[1,2,3,2]'     1e-06
535    'tauGamma[1,2,3,3]'     1e-06
536    'tauGamma[1,3,1,1]'     1e-06
537    'tauGamma[1,3,1,2]'     1e-06
538    'tauGamma[1,3,1,3]'     1e-06
539    'tauGamma[1,3,2,1]'     1e-06
540    'tauGamma[1,3,2,2]'     1e-06
541    'tauGamma[1,3,2,3]'     1e-06
542    'tauGamma[1,3,3,1]'     1e-06
543    'tauGamma[1,3,3,2]'     1e-06
544    'tauGamma[1,3,3,3]'     1e-06
545    'tauGamma[1,4,1,1]'     1e-06
546    'tauGamma[1,4,1,2]'     1e-06
547    'tauGamma[1,4,1,3]'     1e-06
548    'tauGamma[1,4,2,1]'     1e-06
549    'tauGamma[1,4,2,2]'     1e-06
550    'tauGamma[1,4,2,3]'     1e-06
551    'tauGamma[1,4,3,1]'     1e-06
552    'tauGamma[1,4,3,2]'     1e-06
553    'tauGamma[1,4,3,3]'     1e-06
554    'tauGamma[1,5,1,1]'     1e-06
555    'tauGamma[1,5,1,2]'     1e-06
556    'tauGamma[1,5,1,3]'     1e-06
557    'tauGamma[1,5,2,1]'     1e-06
558    'tauGamma[1,5,2,2]'     1e-06
559    'tauGamma[1,5,2,3]'     1e-06
560    'tauGamma[1,5,3,1]'     1e-06
561    'tauGamma[1,5,3,2]'     1e-06
562    'tauGamma[1,5,3,3]'     1e-06
563    'tauGamma[1,6,1,1]'     1e-06
564    'tauGamma[1,6,1,2]'     1e-06
565    'tauGamma[1,6,1,3]'     1e-06
566    'tauGamma[1,6,2,1]'     1e-06
567    'tauGamma[1,6,2,2]'     1e-06
568    'tauGamma[1,6,2,3]'     1e-06
569    'tauGamma[1,6,3,1]'     1e-06
570    'tauGamma[1,6,3,2]'     1e-06
571    'tauGamma[1,6,3,3]'     1e-06
572    'tauGamma[1,7,1,1]'     1e-06
573    'tauGamma[1,7,1,2]'     1e-06
574    'tauGamma[1,7,1,3]'     1e-06
575    'tauGamma[1,7,2,1]'     1e-06
576    'tauGamma[1,7,2,2]'     1e-06
577    'tauGamma[1,7,2,3]'     1e-06
578    'tauGamma[1,7,3,1]'     1e-06
579    'tauGamma[1,7,3,2]'     1e-06
580    'tauGamma[1,7,3,3]'     1e-06
581    'tauGamma[1,8,1,1]'     1e-06
582    'tauGamma[1,8,1,2]'     1e-06
583    'tauGamma[1,8,1,3]'     1e-06
584    'tauGamma[1,8,2,1]'     1e-06
585    'tauGamma[1,8,2,2]'     1e-06
586    'tauGamma[1,8,2,3]'     1e-06
587    'tauGamma[1,8,3,1]'     1e-06
588    'tauGamma[1,8,3,2]'     1e-06
589    'tauGamma[1,8,3,3]'     1e-06
590    'tauGamma[1,9,1,1]'     1e-06
591    'tauGamma[1,9,1,2]'     1e-06
592    'tauGamma[1,9,1,3]'     1e-06
593    'tauGamma[1,9,2,1]'     1e-06
594    'tauGamma[1,9,2,2]'     1e-06
595    'tauGamma[1,9,2,3]'     1e-06
596    'tauGamma[1,9,3,1]'     1e-06
597    'tauGamma[1,9,3,2]'     1e-06
598    'tauGamma[1,9,3,3]'     1e-06
599    'tauGamma[1,10,1,1]'    1e-06
600    'tauGamma[1,10,1,2]'    1e-06
601    'tauGamma[1,10,1,3]'    1e-06
602    'tauGamma[1,10,2,1]'    1e-06
603    'tauGamma[1,10,2,2]'    1e-06
604    'tauGamma[1,10,2,3]'    1e-06
605    'tauGamma[1,10,3,1]'    1e-06
606    'tauGamma[1,10,3,2]'    1e-06
607    'tauGamma[1,10,3,3]'    1e-06
608    'tauGamma[1,11,1,1]'    1e-06
609    'tauGamma[1,11,1,2]'    1e-06
610    'tauGamma[1,11,1,3]'    1e-06
611    'tauGamma[1,11,2,1]'    1e-06
612    'tauGamma[1,11,2,2]'    1e-06
613    'tauGamma[1,11,2,3]'    1e-06
614    'tauGamma[1,11,3,1]'    1e-06
615    'tauGamma[1,11,3,2]'    1e-06
616    'tauGamma[1,11,3,3]'    1e-06
617    'tauGamma[1,12,1,1]'    1e-06
618    'tauGamma[1,12,1,2]'    1e-06
619    'tauGamma[1,12,1,3]'    1e-06
620    'tauGamma[1,12,2,1]'    1e-06
621    'tauGamma[1,12,2,2]'    1e-06
622    'tauGamma[1,12,2,3]'    1e-06
623    'tauGamma[1,12,3,1]'    1e-06
624    'tauGamma[1,12,3,2]'    1e-06
625    'tauGamma[1,12,3,3]'    1e-06
626    'tauGamma[1,13,1,1]'    1e-06
627    'tauGamma[1,13,1,2]'    1e-06
628    'tauGamma[1,13,1,3]'    1e-06
629    'tauGamma[1,13,2,1]'    1e-06
630    'tauGamma[1,13,2,2]'    1e-06
631    'tauGamma[1,13,2,3]'    1e-06
632    'tauGamma[1,13,3,1]'    1e-06
633    'tauGamma[1,13,3,2]'    1e-06
634    'tauGamma[1,13,3,3]'    1e-06
635    'tauGamma[1,14,1,1]'    1e-06
636    'tauGamma[1,14,1,2]'    1e-06
637    'tauGamma[1,14,1,3]'    1e-06
638    'tauGamma[1,14,2,1]'    1e-06
639    'tauGamma[1,14,2,2]'    1e-06
640    'tauGamma[1,14,2,3]'    1e-06
641    'tauGamma[1,14,3,1]'    1e-06
642    'tauGamma[1,14,3,2]'    1e-06
643    'tauGamma[1,14,3,3]'    1e-06
644    'tauGamma[1,15,1,1]'    1e-06
645    'tauGamma[1,15,1,2]'    1e-06
646    'tauGamma[1,15,1,3]'    1e-06
647    'tauGamma[1,15,2,1]'    1e-06
648    'tauGamma[1,15,2,2]'    1e-06
649    'tauGamma[1,15,2,3]'    1e-06
650    'tauGamma[1,15,3,1]'    1e-06
651    'tauGamma[1,15,3,2]'    1e-06
652    'tauGamma[1,15,3,3]'    1e-06
653    'tauGamma[2,1,1,1]'     1e-06
654    'tauGamma[2,1,1,2]'     1e-06
655    'tauGamma[2,1,1,3]'     1e-06
656    'tauGamma[2,1,2,1]'     1e-06
657    'tauGamma[2,1,2,2]'     1e-06
658    'tauGamma[2,1,2,3]'     1e-06
659    'tauGamma[2,1,3,1]'     1e-06
660    'tauGamma[2,1,3,2]'     1e-06
661    'tauGamma[2,1,3,3]'     1e-06
662    'tauGamma[2,2,1,1]'     1e-06
663    'tauGamma[2,2,1,2]'     1e-06
664    'tauGamma[2,2,1,3]'     1e-06
665    'tauGamma[2,2,2,1]'     1e-06
666    'tauGamma[2,2,2,2]'     1e-06
667    'tauGamma[2,2,2,3]'     1e-06
668    'tauGamma[2,2,3,1]'     1e-06
669    'tauGamma[2,2,3,2]'     1e-06
670    'tauGamma[2,2,3,3]'     1e-06
671    'tauGamma[2,3,1,1]'     1e-06
672    'tauGamma[2,3,1,2]'     1e-06
673    'tauGamma[2,3,1,3]'     1e-06
674    'tauGamma[2,3,2,1]'     1e-06
675    'tauGamma[2,3,2,2]'     1e-06
676    'tauGamma[2,3,2,3]'     1e-06
677    'tauGamma[2,3,3,1]'     1e-06
678    'tauGamma[2,3,3,2]'     1e-06
679    'tauGamma[2,3,3,3]'     1e-06
680    'tauGamma[2,4,1,1]'     1e-06
681    'tauGamma[2,4,1,2]'     1e-06
682    'tauGamma[2,4,1,3]'     1e-06
683    'tauGamma[2,4,2,1]'     1e-06
684    'tauGamma[2,4,2,2]'     1e-06
685    'tauGamma[2,4,2,3]'     1e-06
686    'tauGamma[2,4,3,1]'     1e-06
687    'tauGamma[2,4,3,2]'     1e-06
688    'tauGamma[2,4,3,3]'     1e-06
689    'tauGamma[2,5,1,1]'     1e-06
690    'tauGamma[2,5,1,2]'     1e-06
691    'tauGamma[2,5,1,3]'     1e-06
692    'tauGamma[2,5,2,1]'     1e-06
693    'tauGamma[2,5,2,2]'     1e-06
694    'tauGamma[2,5,2,3]'     1e-06
695    'tauGamma[2,5,3,1]'     1e-06
696    'tauGamma[2,5,3,2]'     1e-06
697    'tauGamma[2,5,3,3]'     1e-06
698    'tauGamma[2,6,1,1]'     1e-06
699    'tauGamma[2,6,1,2]'     1e-06
700    'tauGamma[2,6,1,3]'     1e-06
701    'tauGamma[2,6,2,1]'     1e-06
702    'tauGamma[2,6,2,2]'     1e-06
703    'tauGamma[2,6,2,3]'     1e-06
704    'tauGamma[2,6,3,1]'     1e-06
705    'tauGamma[2,6,3,2]'     1e-06
706    'tauGamma[2,6,3,3]'     1e-06
707    'tauGamma[2,7,1,1]'     1e-06
708    'tauGamma[2,7,1,2]'     1e-06
709    'tauGamma[2,7,1,3]'     1e-06
710    'tauGamma[2,7,2,1]'     1e-06
711    'tauGamma[2,7,2,2]'     1e-06
712    'tauGamma[2,7,2,3]'     1e-06
713    'tauGamma[2,7,3,1]'     1e-06
714    'tauGamma[2,7,3,2]'     1e-06
715    'tauGamma[2,7,3,3]'     1e-06
716    'tauGamma[2,8,1,1]'     1e-06
717    'tauGamma[2,8,1,2]'     1e-06
718    'tauGamma[2,8,1,3]'     1e-06
719    'tauGamma[2,8,2,1]'     1e-06
720    'tauGamma[2,8,2,2]'     1e-06
721    'tauGamma[2,8,2,3]'     1e-06
722    'tauGamma[2,8,3,1]'     1e-06
723    'tauGamma[2,8,3,2]'     1e-06
724    'tauGamma[2,8,3,3]'     1e-06
725    'tauGamma[2,9,1,1]'     1e-06
726    'tauGamma[2,9,1,2]'     1e-06
727    'tauGamma[2,9,1,3]'     1e-06
728    'tauGamma[2,9,2,1]'     1e-06
729    'tauGamma[2,9,2,2]'     1e-06
730    'tauGamma[2,9,2,3]'     1e-06
731    'tauGamma[2,9,3,1]'     1e-06
732    'tauGamma[2,9,3,2]'     1e-06
733    'tauGamma[2,9,3,3]'     1e-06
734    'tauGamma[2,10,1,1]'    1e-06
735    'tauGamma[2,10,1,2]'    1e-06
736    'tauGamma[2,10,1,3]'    1e-06
737    'tauGamma[2,10,2,1]'    1e-06
738    'tauGamma[2,10,2,2]'    1e-06
739    'tauGamma[2,10,2,3]'    1e-06
740    'tauGamma[2,10,3,1]'    1e-06
741    'tauGamma[2,10,3,2]'    1e-06
742    'tauGamma[2,10,3,3]'    1e-06
743    'tauGamma[2,11,1,1]'    1e-06
744    'tauGamma[2,11,1,2]'    1e-06
745    'tauGamma[2,11,1,3]'    1e-06
746    'tauGamma[2,11,2,1]'    1e-06
747    'tauGamma[2,11,2,2]'    1e-06
748    'tauGamma[2,11,2,3]'    1e-06
749    'tauGamma[2,11,3,1]'    1e-06
750    'tauGamma[2,11,3,2]'    1e-06
751    'tauGamma[2,11,3,3]'    1e-06
752    'tauGamma[2,12,1,1]'    1e-06
753    'tauGamma[2,12,1,2]'    1e-06
754    'tauGamma[2,12,1,3]'    1e-06
755    'tauGamma[2,12,2,1]'    1e-06
756    'tauGamma[2,12,2,2]'    1e-06
757    'tauGamma[2,12,2,3]'    1e-06
758    'tauGamma[2,12,3,1]'    1e-06
759    'tauGamma[2,12,3,2]'    1e-06
760    'tauGamma[2,12,3,3]'    1e-06
761    'tauGamma[2,13,1,1]'    1e-06
762    'tauGamma[2,13,1,2]'    1e-06
763    'tauGamma[2,13,1,3]'    1e-06
764    'tauGamma[2,13,2,1]'    1e-06
765    'tauGamma[2,13,2,2]'    1e-06
766    'tauGamma[2,13,2,3]'    1e-06
767    'tauGamma[2,13,3,1]'    1e-06
768    'tauGamma[2,13,3,2]'    1e-06
769    'tauGamma[2,13,3,3]'    1e-06
770    'tauGamma[2,14,1,1]'    1e-06
771    'tauGamma[2,14,1,2]'    1e-06
772    'tauGamma[2,14,1,3]'    1e-06
773    'tauGamma[2,14,2,1]'    1e-06
774    'tauGamma[2,14,2,2]'    1e-06
775    'tauGamma[2,14,2,3]'    1e-06
776    'tauGamma[2,14,3,1]'    1e-06
777    'tauGamma[2,14,3,2]'    1e-06
778    'tauGamma[2,14,3,3]'    1e-06
779    'tauGamma[2,15,1,1]'    1e-06
780    'tauGamma[2,15,1,2]'    1e-06
781    'tauGamma[2,15,1,3]'    1e-06
782    'tauGamma[2,15,2,1]'    1e-06
783    'tauGamma[2,15,2,2]'    1e-06
784    'tauGamma[2,15,2,3]'    1e-06
785    'tauGamma[2,15,3,1]'    1e-06
786    'tauGamma[2,15,3,2]'    1e-06
787    'tauGamma[2,15,3,3]'    1e-06
788    'PGamma[1,1,1,1]'           1
789    'PGamma[1,1,1,2]'           1
790    'PGamma[1,1,1,3]'           1
791    'PGamma[1,1,2,1]'           1
792    'PGamma[1,1,2,2]'           1
793    'PGamma[1,1,2,3]'           1
794    'PGamma[1,1,3,1]'           1
795    'PGamma[1,1,3,2]'           1
796    'PGamma[1,1,3,3]'           1
797    'PGamma[1,2,1,1]'           1
798    'PGamma[1,2,1,2]'           1
799    'PGamma[1,2,1,3]'           1
800    'PGamma[1,2,2,1]'           1
801    'PGamma[1,2,2,2]'           1
802    'PGamma[1,2,2,3]'           1
803    'PGamma[1,2,3,1]'           1
804    'PGamma[1,2,3,2]'           1
805    'PGamma[1,2,3,3]'           1
806    'PGamma[1,3,1,1]'           1
807    'PGamma[1,3,1,2]'           1
808    'PGamma[1,3,1,3]'           1
809    'PGamma[1,3,2,1]'           1
810    'PGamma[1,3,2,2]'           1
811    'PGamma[1,3,2,3]'           1
812    'PGamma[1,3,3,1]'           1
813    'PGamma[1,3,3,2]'           1
814    'PGamma[1,3,3,3]'           1
815    'PGamma[1,4,1,1]'           1
816    'PGamma[1,4,1,2]'           1
817    'PGamma[1,4,1,3]'           1
818    'PGamma[1,4,2,1]'           1
819    'PGamma[1,4,2,2]'           1
820    'PGamma[1,4,2,3]'           1
821    'PGamma[1,4,3,1]'           1
822    'PGamma[1,4,3,2]'           1
823    'PGamma[1,4,3,3]'           1
824    'PGamma[1,5,1,1]'           1
825    'PGamma[1,5,1,2]'           1
826    'PGamma[1,5,1,3]'           1
827    'PGamma[1,5,2,1]'           1
828    'PGamma[1,5,2,2]'           1
829    'PGamma[1,5,2,3]'           1
830    'PGamma[1,5,3,1]'           1
831    'PGamma[1,5,3,2]'           1
832    'PGamma[1,5,3,3]'           1
833    'PGamma[1,6,1,1]'           1
834    'PGamma[1,6,1,2]'           1
835    'PGamma[1,6,1,3]'           1
836    'PGamma[1,6,2,1]'           1
837    'PGamma[1,6,2,2]'           1
838    'PGamma[1,6,2,3]'           1
839    'PGamma[1,6,3,1]'           1
840    'PGamma[1,6,3,2]'           1
841    'PGamma[1,6,3,3]'           1
842    'PGamma[1,7,1,1]'           1
843    'PGamma[1,7,1,2]'           1
844    'PGamma[1,7,1,3]'           1
845    'PGamma[1,7,2,1]'           1
846    'PGamma[1,7,2,2]'           1
847    'PGamma[1,7,2,3]'           1
848    'PGamma[1,7,3,1]'           1
849    'PGamma[1,7,3,2]'           1
850    'PGamma[1,7,3,3]'           1
851    'PGamma[1,8,1,1]'           1
852    'PGamma[1,8,1,2]'           1
853    'PGamma[1,8,1,3]'           1
854    'PGamma[1,8,2,1]'           1
855    'PGamma[1,8,2,2]'           1
856    'PGamma[1,8,2,3]'           1
857    'PGamma[1,8,3,1]'           1
858    'PGamma[1,8,3,2]'           1
859    'PGamma[1,8,3,3]'           1
860    'PGamma[1,9,1,1]'           1
861    'PGamma[1,9,1,2]'           1
862    'PGamma[1,9,1,3]'           1
863    'PGamma[1,9,2,1]'           1
864    'PGamma[1,9,2,2]'           1
865    'PGamma[1,9,2,3]'           1
866    'PGamma[1,9,3,1]'           1
867    'PGamma[1,9,3,2]'           1
868    'PGamma[1,9,3,3]'           1
869    'PGamma[1,10,1,1]'          1
870    'PGamma[1,10,1,2]'          1
871    'PGamma[1,10,1,3]'          1
872    'PGamma[1,10,2,1]'          1
873    'PGamma[1,10,2,2]'          1
874    'PGamma[1,10,2,3]'          1
875    'PGamma[1,10,3,1]'          1
876    'PGamma[1,10,3,2]'          1
877    'PGamma[1,10,3,3]'          1
878    'PGamma[1,11,1,1]'          1
879    'PGamma[1,11,1,2]'          1
880    'PGamma[1,11,1,3]'          1
881    'PGamma[1,11,2,1]'          1
882    'PGamma[1,11,2,2]'          1
883    'PGamma[1,11,2,3]'          1
884    'PGamma[1,11,3,1]'          1
885    'PGamma[1,11,3,2]'          1
886    'PGamma[1,11,3,3]'          1
887    'PGamma[1,12,1,1]'          1
888    'PGamma[1,12,1,2]'          1
889    'PGamma[1,12,1,3]'          1
890    'PGamma[1,12,2,1]'          1
891    'PGamma[1,12,2,2]'          1
892    'PGamma[1,12,2,3]'          1
893    'PGamma[1,12,3,1]'          1
894    'PGamma[1,12,3,2]'          1
895    'PGamma[1,12,3,3]'          1
896    'PGamma[1,13,1,1]'          1
897    'PGamma[1,13,1,2]'          1
898    'PGamma[1,13,1,3]'          1
899    'PGamma[1,13,2,1]'          1
900    'PGamma[1,13,2,2]'          1
901    'PGamma[1,13,2,3]'          1
902    'PGamma[1,13,3,1]'          1
903    'PGamma[1,13,3,2]'          1
904    'PGamma[1,13,3,3]'          1
905    'PGamma[1,14,1,1]'          1
906    'PGamma[1,14,1,2]'          1
907    'PGamma[1,14,1,3]'          1
908    'PGamma[1,14,2,1]'          1
909    'PGamma[1,14,2,2]'          1
910    'PGamma[1,14,2,3]'          1
911    'PGamma[1,14,3,1]'          1
912    'PGamma[1,14,3,2]'          1
913    'PGamma[1,14,3,3]'          1
914    'PGamma[1,15,1,1]'          1
915    'PGamma[1,15,1,2]'          1
916    'PGamma[1,15,1,3]'          1
917    'PGamma[1,15,2,1]'          1
918    'PGamma[1,15,2,2]'          1
919    'PGamma[1,15,2,3]'          1
920    'PGamma[1,15,3,1]'          1
921    'PGamma[1,15,3,2]'          1
922    'PGamma[1,15,3,3]'          1
923    'PGamma[2,1,1,1]'           1
924    'PGamma[2,1,1,2]'           1
925    'PGamma[2,1,1,3]'           1
926    'PGamma[2,1,2,1]'           1
927    'PGamma[2,1,2,2]'           1
928    'PGamma[2,1,2,3]'           1
929    'PGamma[2,1,3,1]'           1
930    'PGamma[2,1,3,2]'           1
931    'PGamma[2,1,3,3]'           1
932    'PGamma[2,2,1,1]'           1
933    'PGamma[2,2,1,2]'           1
934    'PGamma[2,2,1,3]'           1
935    'PGamma[2,2,2,1]'           1
936    'PGamma[2,2,2,2]'           1
937    'PGamma[2,2,2,3]'           1
938    'PGamma[2,2,3,1]'           1
939    'PGamma[2,2,3,2]'           1
940    'PGamma[2,2,3,3]'           1
941    'PGamma[2,3,1,1]'           1
942    'PGamma[2,3,1,2]'           1
943    'PGamma[2,3,1,3]'           1
944    'PGamma[2,3,2,1]'           1
945    'PGamma[2,3,2,2]'           1
946    'PGamma[2,3,2,3]'           1
947    'PGamma[2,3,3,1]'           1
948    'PGamma[2,3,3,2]'           1
949    'PGamma[2,3,3,3]'           1
950    'PGamma[2,4,1,1]'           1
951    'PGamma[2,4,1,2]'           1
952    'PGamma[2,4,1,3]'           1
953    'PGamma[2,4,2,1]'           1
954    'PGamma[2,4,2,2]'           1
955    'PGamma[2,4,2,3]'           1
956    'PGamma[2,4,3,1]'           1
957    'PGamma[2,4,3,2]'           1
958    'PGamma[2,4,3,3]'           1
959    'PGamma[2,5,1,1]'           1
960    'PGamma[2,5,1,2]'           1
961    'PGamma[2,5,1,3]'           1
962    'PGamma[2,5,2,1]'           1
963    'PGamma[2,5,2,2]'           1
964    'PGamma[2,5,2,3]'           1
965    'PGamma[2,5,3,1]'           1
966    'PGamma[2,5,3,2]'           1
967    'PGamma[2,5,3,3]'           1
968    'PGamma[2,6,1,1]'           1
969    'PGamma[2,6,1,2]'           1
970    'PGamma[2,6,1,3]'           1
971    'PGamma[2,6,2,1]'           1
972    'PGamma[2,6,2,2]'           1
973    'PGamma[2,6,2,3]'           1
974    'PGamma[2,6,3,1]'           1
975    'PGamma[2,6,3,2]'           1
976    'PGamma[2,6,3,3]'           1
977    'PGamma[2,7,1,1]'           1
978    'PGamma[2,7,1,2]'           1
979    'PGamma[2,7,1,3]'           1
980    'PGamma[2,7,2,1]'           1
981    'PGamma[2,7,2,2]'           1
982    'PGamma[2,7,2,3]'           1
983    'PGamma[2,7,3,1]'           1
984    'PGamma[2,7,3,2]'           1
985    'PGamma[2,7,3,3]'           1
986    'PGamma[2,8,1,1]'           1
987    'PGamma[2,8,1,2]'           1
988    'PGamma[2,8,1,3]'           1
989    'PGamma[2,8,2,1]'           1
990    'PGamma[2,8,2,2]'           1
991    'PGamma[2,8,2,3]'           1
992    'PGamma[2,8,3,1]'           1
993    'PGamma[2,8,3,2]'           1
994    'PGamma[2,8,3,3]'           1
995    'PGamma[2,9,1,1]'           1
996    'PGamma[2,9,1,2]'           1
997    'PGamma[2,9,1,3]'           1
998    'PGamma[2,9,2,1]'           1
999    'PGamma[2,9,2,2]'           1
1000   'PGamma[2,9,2,3]'           1
1001   'PGamma[2,9,3,1]'           1
1002   'PGamma[2,9,3,2]'           1
1003   'PGamma[2,9,3,3]'           1
1004   'PGamma[2,10,1,1]'          1
1005   'PGamma[2,10,1,2]'          1
1006   'PGamma[2,10,1,3]'          1
1007   'PGamma[2,10,2,1]'          1
1008   'PGamma[2,10,2,2]'          1
1009   'PGamma[2,10,2,3]'          1
1010   'PGamma[2,10,3,1]'          1
1011   'PGamma[2,10,3,2]'          1
1012   'PGamma[2,10,3,3]'          1
1013   'PGamma[2,11,1,1]'          1
1014   'PGamma[2,11,1,2]'          1
1015   'PGamma[2,11,1,3]'          1
1016   'PGamma[2,11,2,1]'          1
1017   'PGamma[2,11,2,2]'          1
1018   'PGamma[2,11,2,3]'          1
1019   'PGamma[2,11,3,1]'          1
1020   'PGamma[2,11,3,2]'          1
1021   'PGamma[2,11,3,3]'          1
1022   'PGamma[2,12,1,1]'          1
1023   'PGamma[2,12,1,2]'          1
1024   'PGamma[2,12,1,3]'          1
1025   'PGamma[2,12,2,1]'          1
1026   'PGamma[2,12,2,2]'          1
1027   'PGamma[2,12,2,3]'          1
1028   'PGamma[2,12,3,1]'          1
1029   'PGamma[2,12,3,2]'          1
1030   'PGamma[2,12,3,3]'          1
1031   'PGamma[2,13,1,1]'          1
1032   'PGamma[2,13,1,2]'          1
1033   'PGamma[2,13,1,3]'          1
1034   'PGamma[2,13,2,1]'          1
1035   'PGamma[2,13,2,2]'          1
1036   'PGamma[2,13,2,3]'          1
1037   'PGamma[2,13,3,1]'          1
1038   'PGamma[2,13,3,2]'          1
1039   'PGamma[2,13,3,3]'          1
1040   'PGamma[2,14,1,1]'          1
1041   'PGamma[2,14,1,2]'          1
1042   'PGamma[2,14,1,3]'          1
1043   'PGamma[2,14,2,1]'          1
1044   'PGamma[2,14,2,2]'          1
1045   'PGamma[2,14,2,3]'          1
1046   'PGamma[2,14,3,1]'          1
1047   'PGamma[2,14,3,2]'          1
1048   'PGamma[2,14,3,3]'          1
1049   'PGamma[2,15,1,1]'          1
1050   'PGamma[2,15,1,2]'          1
1051   'PGamma[2,15,1,3]'          1
1052   'PGamma[2,15,2,1]'          1
1053   'PGamma[2,15,2,2]'          1
1054   'PGamma[2,15,2,3]'          1
1055   'PGamma[2,15,3,1]'          1
1056   'PGamma[2,15,3,2]'          1
1057   'PGamma[2,15,3,3]'          1
1058   'SGamma1[1,1,1]'        1e-06
1059   'SGamma1[1,1,2]'        1e-06
1060   'SGamma1[1,1,3]'        1e-06
1061   'SGamma1[1,2,1]'        1e-06
1062   'SGamma1[1,2,2]'        1e-06
1063   'SGamma1[1,2,3]'        1e-06
1064   'SGamma1[1,3,1]'        1e-06
1065   'SGamma1[1,3,2]'        1e-06
1066   'SGamma1[1,3,3]'        1e-06
1067   'SGamma1[1,4,1]'        1e-06
1068   'SGamma1[1,4,2]'        1e-06
1069   'SGamma1[1,4,3]'        1e-06
1070   'SGamma1[1,5,1]'        1e-06
1071   'SGamma1[1,5,2]'        1e-06
1072   'SGamma1[1,5,3]'        1e-06
1073   'SGamma1[1,6,1]'        1e-06
1074   'SGamma1[1,6,2]'        1e-06
1075   'SGamma1[1,6,3]'        1e-06
1076   'SGamma1[1,7,1]'        1e-06
1077   'SGamma1[1,7,2]'        1e-06
1078   'SGamma1[1,7,3]'        1e-06
1079   'SGamma1[1,8,1]'        1e-06
1080   'SGamma1[1,8,2]'        1e-06
1081   'SGamma1[1,8,3]'        1e-06
1082   'SGamma1[1,9,1]'        1e-06
1083   'SGamma1[1,9,2]'        1e-06
1084   'SGamma1[1,9,3]'        1e-06
1085   'SGamma1[1,10,1]'       1e-06
1086   'SGamma1[1,10,2]'       1e-06
1087   'SGamma1[1,10,3]'       1e-06
1088   'SGamma1[1,11,1]'       1e-06
1089   'SGamma1[1,11,2]'       1e-06
1090   'SGamma1[1,11,3]'       1e-06
1091   'SGamma1[1,12,1]'       1e-06
1092   'SGamma1[1,12,2]'       1e-06
1093   'SGamma1[1,12,3]'       1e-06
1094   'SGamma1[1,13,1]'       1e-06
1095   'SGamma1[1,13,2]'       1e-06
1096   'SGamma1[1,13,3]'       1e-06
1097   'SGamma1[1,14,1]'       1e-06
1098   'SGamma1[1,14,2]'       1e-06
1099   'SGamma1[1,14,3]'       1e-06
1100   'SGamma1[1,15,1]'       1e-06
1101   'SGamma1[1,15,2]'       1e-06
1102   'SGamma1[1,15,3]'       1e-06
1103   'SGamma1[2,1,1]'            1.0472e-06
1104   'SGamma1[2,1,2]'            1.0472e-06
1105   'SGamma1[2,1,3]'            1.0472e-06
1106   'SGamma1[2,2,1]'        1e-06
1107   'SGamma1[2,2,2]'        1e-06
1108   'SGamma1[2,2,3]'        1e-06
1109   'SGamma1[2,3,1]'        1e-06
1110   'SGamma1[2,3,2]'        1e-06
1111   'SGamma1[2,3,3]'        1e-06
1112   'SGamma1[2,4,1]'        1e-06
1113   'SGamma1[2,4,2]'        1e-06
1114   'SGamma1[2,4,3]'        1e-06
1115   'SGamma1[2,5,1]'        1e-06
1116   'SGamma1[2,5,2]'        1e-06
1117   'SGamma1[2,5,3]'        1e-06
1118   'SGamma1[2,6,1]'        1e-06
1119   'SGamma1[2,6,2]'        1e-06
1120   'SGamma1[2,6,3]'        1e-06
1121   'SGamma1[2,7,1]'        1e-06
1122   'SGamma1[2,7,2]'        1e-06
1123   'SGamma1[2,7,3]'        1e-06
1124   'SGamma1[2,8,1]'            1.06581e-06
1125   'SGamma1[2,8,2]'            1.06581e-06
1126   'SGamma1[2,8,3]'            1.06581e-06
1127   'SGamma1[2,9,1]'        1e-06
1128   'SGamma1[2,9,2]'        1e-06
1129   'SGamma1[2,9,3]'        1e-06
1130   'SGamma1[2,10,1]'       1e-06
1131   'SGamma1[2,10,2]'       1e-06
1132   'SGamma1[2,10,3]'       1e-06
1133   'SGamma1[2,11,1]'       1e-06
1134   'SGamma1[2,11,2]'       1e-06
1135   'SGamma1[2,11,3]'       1e-06
1136   'SGamma1[2,12,1]'       1e-06
1137   'SGamma1[2,12,2]'       1e-06
1138   'SGamma1[2,12,3]'       1e-06
1139   'SGamma1[2,13,1]'       1e-06
1140   'SGamma1[2,13,2]'       1e-06
1141   'SGamma1[2,13,3]'       1e-06
1142   'SGamma1[2,14,1]'       1e-06
1143   'SGamma1[2,14,2]'       1e-06
1144   'SGamma1[2,14,3]'       1e-06
1145   'SGamma1[2,15,1]'       1e-06
1146   'SGamma1[2,15,2]'       1e-06
1147   'SGamma1[2,15,3]'       1e-06
1148   'SGamma2[1,1,1]'            1
1149   'SGamma2[1,1,2]'            1
1150   'SGamma2[1,1,3]'            1
1151   'SGamma2[1,2,1]'            1
1152   'SGamma2[1,2,2]'            1
1153   'SGamma2[1,2,3]'            1
1154   'SGamma2[1,3,1]'            1
1155   'SGamma2[1,3,2]'            1
1156   'SGamma2[1,3,3]'            1
1157   'SGamma2[1,4,1]'            1
1158   'SGamma2[1,4,2]'            1
1159   'SGamma2[1,4,3]'            1
1160   'SGamma2[1,5,1]'            1
1161   'SGamma2[1,5,2]'            1
1162   'SGamma2[1,5,3]'            1
1163   'SGamma2[1,6,1]'            1
1164   'SGamma2[1,6,2]'            1
1165   'SGamma2[1,6,3]'            1
1166   'SGamma2[1,7,1]'            1
1167   'SGamma2[1,7,2]'            1
1168   'SGamma2[1,7,3]'            1
1169   'SGamma2[1,8,1]'            1
1170   'SGamma2[1,8,2]'            1
1171   'SGamma2[1,8,3]'            1
1172   'SGamma2[1,9,1]'            1
1173   'SGamma2[1,9,2]'            1
1174   'SGamma2[1,9,3]'            1
1175   'SGamma2[1,10,1]'           1
1176   'SGamma2[1,10,2]'           1
1177   'SGamma2[1,10,3]'           1
1178   'SGamma2[1,11,1]'           1
1179   'SGamma2[1,11,2]'           1
1180   'SGamma2[1,11,3]'           1
1181   'SGamma2[1,12,1]'           1
1182   'SGamma2[1,12,2]'           1
1183   'SGamma2[1,12,3]'           1
1184   'SGamma2[1,13,1]'           1
1185   'SGamma2[1,13,2]'           1
1186   'SGamma2[1,13,3]'           1
1187   'SGamma2[1,14,1]'           1
1188   'SGamma2[1,14,2]'           1
1189   'SGamma2[1,14,3]'           1
1190   'SGamma2[1,15,1]'           1
1191   'SGamma2[1,15,2]'           1
1192   'SGamma2[1,15,3]'           1
1193   'SGamma2[2,1,1]'            1.0472
1194   'SGamma2[2,1,2]'            1.0472
1195   'SGamma2[2,1,3]'            1.0472
1196   'SGamma2[2,2,1]'            1
1197   'SGamma2[2,2,2]'            1
1198   'SGamma2[2,2,3]'            1
1199   'SGamma2[2,3,1]'            1
1200   'SGamma2[2,3,2]'            1
1201   'SGamma2[2,3,3]'            1
1202   'SGamma2[2,4,1]'            1
1203   'SGamma2[2,4,2]'            1
1204   'SGamma2[2,4,3]'            1
1205   'SGamma2[2,5,1]'            1
1206   'SGamma2[2,5,2]'            1
1207   'SGamma2[2,5,3]'            1
1208   'SGamma2[2,6,1]'            1
1209   'SGamma2[2,6,2]'            1
1210   'SGamma2[2,6,3]'            1
1211   'SGamma2[2,7,1]'            1
1212   'SGamma2[2,7,2]'            1
1213   'SGamma2[2,7,3]'            1
1214   'SGamma2[2,8,1]'            1.06581
1215   'SGamma2[2,8,2]'            1.06581
1216   'SGamma2[2,8,3]'            1.06581
1217   'SGamma2[2,9,1]'            1
1218   'SGamma2[2,9,2]'            1
1219   'SGamma2[2,9,3]'            1
1220   'SGamma2[2,10,1]'           1
1221   'SGamma2[2,10,2]'           1
1222   'SGamma2[2,10,3]'           1
1223   'SGamma2[2,11,1]'           1
1224   'SGamma2[2,11,2]'           1
1225   'SGamma2[2,11,3]'           1
1226   'SGamma2[2,12,1]'           1
1227   'SGamma2[2,12,2]'           1
1228   'SGamma2[2,12,3]'           1
1229   'SGamma2[2,13,1]'           1
1230   'SGamma2[2,13,2]'           1
1231   'SGamma2[2,13,3]'           1
1232   'SGamma2[2,14,1]'           1
1233   'SGamma2[2,14,2]'           1
1234   'SGamma2[2,14,3]'           1
1235   'SGamma2[2,15,1]'           1
1236   'SGamma2[2,15,2]'           1
1237   'SGamma2[2,15,3]'           1
1238   'gamma[1,1,1]'              1
1239   'gamma[1,1,2]'              1
1240   'gamma[1,1,3]'              1
1241   'gamma[1,2,1]'              1
1242   'gamma[1,2,2]'              1
1243   'gamma[1,2,3]'              1
1244   'gamma[1,3,1]'              1
1245   'gamma[1,3,2]'              1
1246   'gamma[1,3,3]'              1
1247   'gamma[1,4,1]'              1
1248   'gamma[1,4,2]'              1
1249   'gamma[1,4,3]'              1
1250   'gamma[1,5,1]'              1
1251   'gamma[1,5,2]'              1
1252   'gamma[1,5,3]'              1
1253   'gamma[1,6,1]'              1
1254   'gamma[1,6,2]'              1
1255   'gamma[1,6,3]'              1
1256   'gamma[1,7,1]'              1
1257   'gamma[1,7,2]'              1
1258   'gamma[1,7,3]'              1
1259   'gamma[1,8,1]'              1
1260   'gamma[1,8,2]'              1
1261   'gamma[1,8,3]'              1
1262   'gamma[1,9,1]'              1
1263   'gamma[1,9,2]'              1
1264   'gamma[1,9,3]'              1
1265   'gamma[1,10,1]'             1
1266   'gamma[1,10,2]'             1
1267   'gamma[1,10,3]'             1
1268   'gamma[1,11,1]'             1
1269   'gamma[1,11,2]'             1
1270   'gamma[1,11,3]'             1
1271   'gamma[1,12,1]'             1
1272   'gamma[1,12,2]'             1
1273   'gamma[1,12,3]'             1
1274   'gamma[1,13,1]'             1
1275   'gamma[1,13,2]'             1
1276   'gamma[1,13,3]'             1
1277   'gamma[1,14,1]'             1
1278   'gamma[1,14,2]'             1
1279   'gamma[1,14,3]'             1
1280   'gamma[1,15,1]'             1
1281   'gamma[1,15,2]'             1
1282   'gamma[1,15,3]'             1
1283   'gamma[2,1,1]'              1
1284   'gamma[2,1,2]'              1
1285   'gamma[2,1,3]'              1
1286   'gamma[2,2,1]'              1
1287   'gamma[2,2,2]'              1
1288   'gamma[2,2,3]'              1
1289   'gamma[2,3,1]'              1
1290   'gamma[2,3,2]'              1
1291   'gamma[2,3,3]'              1
1292   'gamma[2,4,1]'              1
1293   'gamma[2,4,2]'              1
1294   'gamma[2,4,3]'              1
1295   'gamma[2,5,1]'              1
1296   'gamma[2,5,2]'              1
1297   'gamma[2,5,3]'              1
1298   'gamma[2,6,1]'              1
1299   'gamma[2,6,2]'              1
1300   'gamma[2,6,3]'              1
1301   'gamma[2,7,1]'              1
1302   'gamma[2,7,2]'              1
1303   'gamma[2,7,3]'              1
1304   'gamma[2,8,1]'              1
1305   'gamma[2,8,2]'              1
1306   'gamma[2,8,3]'              1
1307   'gamma[2,9,1]'              1
1308   'gamma[2,9,2]'              1
1309   'gamma[2,9,3]'              1
1310   'gamma[2,10,1]'             1
1311   'gamma[2,10,2]'             1
1312   'gamma[2,10,3]'             1
1313   'gamma[2,11,1]'             1
1314   'gamma[2,11,2]'             1
1315   'gamma[2,11,3]'             1
1316   'gamma[2,12,1]'             1
1317   'gamma[2,12,2]'             1
1318   'gamma[2,12,3]'             1
1319   'gamma[2,13,1]'             1
1320   'gamma[2,13,2]'             1
1321   'gamma[2,13,3]'             1
1322   'gamma[2,14,1]'             1
1323   'gamma[2,14,2]'             1
1324   'gamma[2,14,3]'             1
1325   'gamma[2,15,1]'             1
1326   'gamma[2,15,2]'             1
1327   'gamma[2,15,3]'             1
1328   'PrS[1,1,1]'           150199
1329   'PrS[1,1,2]'            60437.6
1330   'PrS[1,1,3]'            27454.5
1331   'PrS[1,2,1]'           141065
1332   'PrS[1,2,2]'            56337.7
1333   'PrS[1,2,3]'            25407.2
1334   'PrS[1,3,1]'           129991
1335   'PrS[1,3,2]'            51410.3
1336   'PrS[1,3,3]'            22965.9
1337   'PrS[1,4,1]'           118740
1338   'PrS[1,4,2]'            46455.5
1339   'PrS[1,4,3]'            20534.4
1340   'PrS[1,5,1]'           108978
1341   'PrS[1,5,2]'            42201.5
1342   'PrS[1,5,3]'            18467.2
1343   'PrS[1,6,1]'           100942
1344   'PrS[1,6,2]'            38734
1345   'PrS[1,6,3]'            16797.6
1346   'PrS[1,7,1]'            93119.9
1347   'PrS[1,7,2]'            35390.6
1348   'PrS[1,7,3]'            15202
1349   'PrS[1,8,1]'            82917.7
1350   'PrS[1,8,2]'            31080.7
1351   'PrS[1,8,3]'            13167.8
1352   'PrS[1,9,1]'            79467.6
1353   'PrS[1,9,2]'            29637.2
1354   'PrS[1,9,3]'            12492.8
1355   'PrS[1,10,1]'           76432.4
1356   'PrS[1,10,2]'           28373.4
1357   'PrS[1,10,3]'           11904.6
1358   'PrS[1,11,1]'           73974.9
1359   'PrS[1,11,2]'           27354.7
1360   'PrS[1,11,3]'           11432.3
1361   'PrS[1,12,1]'           72021.9
1362   'PrS[1,12,2]'           26547.9
1363   'PrS[1,12,3]'           11059.7
1364   'PrS[1,13,1]'           70166.9
1365   'PrS[1,13,2]'           25784.1
1366   'PrS[1,13,3]'           10707.9
1367   'PrS[1,14,1]'           67282.8
1368   'PrS[1,14,2]'           24601.3
1369   'PrS[1,14,3]'           10165.3
1370   'PrS[1,15,1]'           60707.1
1371   'PrS[1,15,2]'           21927.7
1372   'PrS[1,15,3]'            8949.01
1373   'PrS[2,1,1]'           148420
1374   'PrS[2,1,2]'            59636.7
1375   'PrS[2,1,3]'            27053.5
1376   'PrS[2,2,1]'           145627
1377   'PrS[2,2,2]'            58381.7
1378   'PrS[2,2,3]'            26426.1
1379   'PrS[2,3,1]'           132398
1380   'PrS[2,3,2]'            52477.2
1381   'PrS[2,3,3]'            23492.6
1382   'PrS[2,4,1]'           116191
1383   'PrS[2,4,2]'            45340.4
1384   'PrS[2,4,3]'            19990.6
1385   'PrS[2,5,1]'           101455
1386   'PrS[2,5,2]'            38954.6
1387   'PrS[2,5,3]'            16903.4
1388   'PrS[2,6,1]'            91206.2
1389   'PrS[2,6,2]'            34577.6
1390   'PrS[2,6,3]'            14816.3
1391   'PrS[2,7,1]'            85255.8
1392   'PrS[2,7,2]'            32063.1
1393   'PrS[2,7,3]'            13629.1
1394   'PrS[2,8,1]'            76963.8
1395   'PrS[2,8,2]'            28594.3
1396   'PrS[2,8,3]'            12007.2
1397   'PrS[2,9,1]'            77483.3
1398   'PrS[2,9,2]'            28810.3
1399   'PrS[2,9,3]'            12107.6
1400   'PrS[2,10,1]'           70781.6
1401   'PrS[2,10,2]'           26036.9
1402   'PrS[2,10,3]'           10824.2
1403   'PrS[2,11,1]'           59773.1
1404   'PrS[2,11,2]'           21550.7
1405   'PrS[2,11,3]'            8778.68
1406   'PrS[2,12,1]'           47043.1
1407   'PrS[2,12,2]'           16486.8
1408   'PrS[2,12,3]'            6523.64
1409   'PrS[2,13,1]'           37753
1410   'PrS[2,13,2]'           12891.8
1411   'PrS[2,13,3]'            4965.83
1412   'PrS[2,14,1]'           33164.4
1413   'PrS[2,14,2]'           11153.3
1414   'PrS[2,14,3]'            4228.38
1415   'PrS[2,15,1]'           31869.6
1416   'PrS[2,15,2]'           10667.8
1417   'PrS[2,15,3]'            4024.53
1418   'PrSF[1]'               62118.8
1419   'PrSF[2]'               22498.9
1420   'PrSF[3]'                9207.62
1421   Vap                     10091.7
1422   Sep                        95
;

