solve_message =
'Knitro 10.3.0: Convergence to an infeasible point. Problem may be locally infeasible.\
objective 19776.9692973712; feasibility error 0.0852\
491 iterations; 1505 function evaluations'

:          _varname              _var          :=
1     'F[2]'                    0
2     'F[3]'                    0
3     'F[4]'                    0
4     'F[5]'                    0
5     'F[6]'                    0
6     'F[7]'                    0
7     'F[8]'                  200
8     'F[9]'                    0
9     'F[10]'                   0
10    'F[11]'                   0
11    'F[12]'                   0
12    'F[13]'                   0
13    'F[14]'                   0
14    'V[1]'                19777
15    'V[2]'                20005.8
16    'V[3]'                20193.9
17    'V[4]'                20312.8
18    'V[5]'                20366.4
19    'V[6]'                20387.4
20    'V[7]'                20436.3
21    'V[8]'                20586.1
22    'V[9]'                20872.3
23    'V[10]'               21232
24    'V[11]'               21574
25    'V[12]'               21836.1
26    'V[13]'               22008.9
27    'V[14]'               22112.4
28    'V[15]'                   0
29    'y[1,1]'                  0.0105129
30    'y[1,2]'                  0.689663
31    'y[1,3]'                  0.299824
32    'y[2,1]'                  0.0211176
33    'y[2,2]'                  0.783675
34    'y[2,3]'                  0.195207
35    'y[3,1]'                  0.0401793
36    'y[3,2]'                  0.839843
37    'y[3,3]'                  0.119978
38    'y[4,1]'                  0.0730401
39    'y[4,2]'                  0.856419
40    'y[4,3]'                  0.0705409
41    'y[5,1]'                  0.127127
42    'y[5,2]'                  0.832823
43    'y[5,3]'                  0.0400506
44    'y[6,1]'                  0.210613
45    'y[6,2]'                  0.767296
46    'y[6,3]'                  0.0220913
47    'y[7,1]'                  0.327804
48    'y[7,2]'                  0.66026
49    'y[7,3]'                  0.0119362
50    'y[8,1]'                  0.471841
51    'y[8,2]'                  0.521703
52    'y[8,3]'                  0.00645646
53    'y[9,1]'                  0.622819
54    'y[9,2]'                  0.374641
55    'y[9,3]'                  0.00253983
56    'y[10,1]'                 0.754722
57    'y[10,2]'                 0.244378
58    'y[10,3]'                 0.000899725
59    'y[11,1]'                 0.852374
60    'y[11,2]'                 0.147333
61    'y[11,3]'                 0.000292495
62    'y[12,1]'                 0.915892
63    'y[12,2]'                 0.0840187
64    'y[12,3]'                 8.94936e-05
65    'y[13,1]'                 0.953717
66    'y[13,2]'                 0.0462569
67    'y[13,3]'                 2.63546e-05
68    'y[14,1]'                 0.975049
69    'y[14,2]'                 0.0249433
70    'y[14,3]'                 7.58863e-06
71    'y[15,1]'                 0.986709
72    'y[15,2]'                 0.013289
73    'y[15,3]'                 2.15689e-06
74    'L[1]'                    0
75    'L[2]'                19916.9
76    'L[3]'                20145.7
77    'L[4]'                20333.8
78    'L[5]'                20452.6
79    'L[6]'                20506.2
80    'L[7]'                20527.2
81    'L[8]'                20576.1
82    'L[9]'                20525.9
83    'L[10]'               20812.1
84    'L[11]'               21171.8
85    'L[12]'               21513.8
86    'L[13]'               21775.9
87    'L[14]'               21948.7
88    'L[15]'               22052.2
89    'x[1,1]'                  0.00489991
90    'x[1,2]'                  0.566178
91    'x[1,3]'                  0.428922
92    'x[2,1]'                  0.0104734
93    'x[2,2]'                  0.688796
94    'x[2,3]'                  0.300731
95    'x[3,1]'                  0.021005
96    'x[3,2]'                  0.782165
97    'x[3,3]'                  0.19683
98    'x[4,1]'                  0.0399366
99    'x[4,2]'                  0.83796
100   'x[4,3]'                  0.122103
101   'x[5,1]'                  0.0725702
102   'x[5,2]'                  0.854438
103   'x[5,3]'                  0.0729923
104   'x[6,1]'                  0.126289
105   'x[6,2]'                  0.831007
106   'x[6,3]'                  0.0427035
107   'x[7,1]'                  0.209208
108   'x[7,2]'                  0.765928
109   'x[7,3]'                  0.0248638
110   'x[8,1]'                  0.325606
111   'x[8,2]'                  0.659623
112   'x[8,3]'                  0.0147711
113   'x[9,1]'                  0.470331
114   'x[9,2]'                  0.523194
115   'x[9,3]'                  0.00647539
116   'x[10,1]'                 0.621766
117   'x[10,2]'                 0.375686
118   'x[10,3]'                 0.00254717
119   'x[11,1]'                 0.754063
120   'x[11,2]'                 0.245035
121   'x[11,3]'                 0.000902278
122   'x[12,1]'                 0.851998
123   'x[12,2]'                 0.147708
124   'x[12,3]'                 0.000293307
125   'x[13,1]'                 0.915696
126   'x[13,2]'                 0.0842142
127   'x[13,3]'                 8.9735e-05
128   'x[14,1]'                 0.953626
129   'x[14,2]'                 0.0463474
130   'x[14,3]'                 2.6421e-05
131   'x[15,1]'                 0.975017
132   'x[15,2]'                 0.0249751
133   'x[15,3]'                 7.60346e-06
134   PC                       60.2001
135   PR                      139.885
136   'T[1]'                  461.028
137   'T[2]'                  457.922
138   'T[3]'                  455.323
139   'T[4]'                  453.135
140   'T[5]'                  451.055
141   'T[6]'                  448.707
142   'T[7]'                  445.769
143   'T[8]'                  442.148
144   'T[9]'                  438.052
145   'T[10]'                 434.178
146   'T[11]'                 431.066
147   'T[12]'                 428.901
148   'T[13]'                 427.551
149   'T[14]'                 426.768
150   'T[15]'                 426.332
151   TF                      447.618
152   QC                   199913
153   QR                    2e+05
154   'H[1,1]'                 10.4059
155   'H[1,2]'                 11.6675
156   'H[1,3]'                 12.9289
157   'H[2,1]'                 10.1735
158   'H[2,2]'                 11.4069
159   'H[2,3]'                 12.6401
160   'H[3,1]'                  9.98012
161   'H[3,2]'                 11.19
162   'H[3,3]'                 12.3998
163   'H[4,1]'                  9.81788
164   'H[4,2]'                 11.008
165   'H[4,3]'                 12.1981
166   'H[5,1]'                  9.6643
167   'H[5,2]'                 10.8357
168   'H[5,3]'                 12.0072
169   'H[6,1]'                  9.49155
170   'H[6,2]'                 10.642
171   'H[6,3]'                 11.7925
172   'H[7,1]'                  9.27638
173   'H[7,2]'                 10.4007
174   'H[7,3]'                 11.5251
175   'H[8,1]'                  9.01273
176   'H[8,2]'                 10.105
177   'H[8,3]'                 11.1974
178   'H[9,1]'                  8.71659
179   'H[9,2]'                  9.77283
180   'H[9,3]'                 10.8293
181   'H[10,1]'                 8.43852
182   'H[10,2]'                 9.46095
183   'H[10,3]'                10.4837
184   'H[11,1]'                 8.21651
185   'H[11,2]'                 9.21195
186   'H[11,3]'                10.2078
187   'H[12,1]'                 8.06289
188   'H[12,2]'                 9.03966
189   'H[12,3]'                10.0168
190   'H[13,1]'                 7.96738
191   'H[13,2]'                 8.93254
192   'H[13,3]'                 9.89813
193   'H[14,1]'                 7.91206
194   'H[14,2]'                 8.8705
195   'H[14,3]'                 9.82937
196   'H[15,1]'                 7.88135
197   'H[15,2]'                 8.83606
198   'H[15,3]'                 9.7912
199   'HF[1]'                   9.41167
200   'HF[2]'                  10.5524
201   'HF[3]'                  11.6932
202   'h[1,1]'                  2.31003
203   'h[1,2]'                  2.24534
204   'h[1,3]'                  2.33012
205   'h[2,1]'                  1.99253
206   'h[2,2]'                  1.90341
207   'h[2,3]'                  1.96282
208   'h[3,1]'                  1.72899
209   'h[3,2]'                  1.61925
210   'h[3,3]'                  1.65729
211   'h[4,1]'                  1.50841
212   'h[4,2]'                  1.3812
213   'h[4,3]'                  1.40113
214   'h[5,1]'                  1.3
215   'h[5,2]'                  1.15608
216   'h[5,3]'                  1.15874
217   'h[6,1]'                  1.06602
218   'h[6,2]'                  0.90315
219   'h[6,3]'                  0.886208
220   'h[7,1]'                  0.775193
221   'h[7,2]'                  0.588472
222   'h[7,3]'                  0.546881
223   'h[8,1]'                  0.419741
224   'h[8,2]'                  0.203446
225   'h[8,3]'                  0.131298
226   'h[9,1]'                  0.0215516
227   'h[9,2]'                 -0.228394
228   'h[9,3]'                 -0.335327
229   'h[10,1]'                -0.351387
230   'h[10,2]'                -0.633321
231   'h[10,3]'                -0.773354
232   'h[11,1]'                -0.648524
233   'h[11,2]'                -0.956255
234   'h[11,3]'                -1.12302
235   'h[12,1]'                -0.853828
236   'h[12,2]'                -1.17954
237   'h[12,3]'                -1.36495
238   'h[13,1]'                -0.981343
239   'h[13,2]'                -1.31828
240   'h[13,3]'                -1.51535
241   'h[14,1]'                -1.05517
242   'h[14,2]'                -1.39863
243   'h[14,3]'                -1.60247
244   'h[15,1]'                -1.09614
245   'h[15,2]'                -1.44322
246   'h[15,3]'                -1.65083
247   'hF[1]'                   0.957971
248   'hF[2]'                   0.786278
249   'hF[3]'                   0.760216
250   'tauGamma[1,1,1]'     1e-06
251   'tauGamma[1,1,2]'     1e-06
252   'tauGamma[1,1,3]'     1e-06
253   'tauGamma[1,2,1]'     1e-06
254   'tauGamma[1,2,2]'     1e-06
255   'tauGamma[1,2,3]'     1e-06
256   'tauGamma[1,3,1]'     1e-06
257   'tauGamma[1,3,2]'     1e-06
258   'tauGamma[1,3,3]'     1e-06
259   'tauGamma[2,1,1]'     1e-06
260   'tauGamma[2,1,2]'     1e-06
261   'tauGamma[2,1,3]'     1e-06
262   'tauGamma[2,2,1]'     1e-06
263   'tauGamma[2,2,2]'     1e-06
264   'tauGamma[2,2,3]'     1e-06
265   'tauGamma[2,3,1]'     1e-06
266   'tauGamma[2,3,2]'     1e-06
267   'tauGamma[2,3,3]'     1e-06
268   'tauGamma[3,1,1]'     1e-06
269   'tauGamma[3,1,2]'     1e-06
270   'tauGamma[3,1,3]'     1e-06
271   'tauGamma[3,2,1]'     1e-06
272   'tauGamma[3,2,2]'     1e-06
273   'tauGamma[3,2,3]'     1e-06
274   'tauGamma[3,3,1]'     1e-06
275   'tauGamma[3,3,2]'     1e-06
276   'tauGamma[3,3,3]'     1e-06
277   'tauGamma[4,1,1]'     1e-06
278   'tauGamma[4,1,2]'     1e-06
279   'tauGamma[4,1,3]'     1e-06
280   'tauGamma[4,2,1]'     1e-06
281   'tauGamma[4,2,2]'     1e-06
282   'tauGamma[4,2,3]'     1e-06
283   'tauGamma[4,3,1]'     1e-06
284   'tauGamma[4,3,2]'     1e-06
285   'tauGamma[4,3,3]'     1e-06
286   'tauGamma[5,1,1]'     1e-06
287   'tauGamma[5,1,2]'     1e-06
288   'tauGamma[5,1,3]'     1e-06
289   'tauGamma[5,2,1]'     1e-06
290   'tauGamma[5,2,2]'     1e-06
291   'tauGamma[5,2,3]'     1e-06
292   'tauGamma[5,3,1]'     1e-06
293   'tauGamma[5,3,2]'     1e-06
294   'tauGamma[5,3,3]'     1e-06
295   'tauGamma[6,1,1]'     1e-06
296   'tauGamma[6,1,2]'     1e-06
297   'tauGamma[6,1,3]'     1e-06
298   'tauGamma[6,2,1]'     1e-06
299   'tauGamma[6,2,2]'     1e-06
300   'tauGamma[6,2,3]'     1e-06
301   'tauGamma[6,3,1]'     1e-06
302   'tauGamma[6,3,2]'     1e-06
303   'tauGamma[6,3,3]'     1e-06
304   'tauGamma[7,1,1]'     1e-06
305   'tauGamma[7,1,2]'     1e-06
306   'tauGamma[7,1,3]'     1e-06
307   'tauGamma[7,2,1]'     1e-06
308   'tauGamma[7,2,2]'     1e-06
309   'tauGamma[7,2,3]'     1e-06
310   'tauGamma[7,3,1]'     1e-06
311   'tauGamma[7,3,2]'     1e-06
312   'tauGamma[7,3,3]'     1e-06
313   'tauGamma[8,1,1]'     1e-06
314   'tauGamma[8,1,2]'     1e-06
315   'tauGamma[8,1,3]'     1e-06
316   'tauGamma[8,2,1]'     1e-06
317   'tauGamma[8,2,2]'     1e-06
318   'tauGamma[8,2,3]'     1e-06
319   'tauGamma[8,3,1]'     1e-06
320   'tauGamma[8,3,2]'     1e-06
321   'tauGamma[8,3,3]'     1e-06
322   'tauGamma[9,1,1]'     1e-06
323   'tauGamma[9,1,2]'     1e-06
324   'tauGamma[9,1,3]'     1e-06
325   'tauGamma[9,2,1]'     1e-06
326   'tauGamma[9,2,2]'     1e-06
327   'tauGamma[9,2,3]'     1e-06
328   'tauGamma[9,3,1]'     1e-06
329   'tauGamma[9,3,2]'     1e-06
330   'tauGamma[9,3,3]'     1e-06
331   'tauGamma[10,1,1]'    1e-06
332   'tauGamma[10,1,2]'    1e-06
333   'tauGamma[10,1,3]'    1e-06
334   'tauGamma[10,2,1]'    1e-06
335   'tauGamma[10,2,2]'    1e-06
336   'tauGamma[10,2,3]'    1e-06
337   'tauGamma[10,3,1]'    1e-06
338   'tauGamma[10,3,2]'    1e-06
339   'tauGamma[10,3,3]'    1e-06
340   'tauGamma[11,1,1]'    1e-06
341   'tauGamma[11,1,2]'    1e-06
342   'tauGamma[11,1,3]'    1e-06
343   'tauGamma[11,2,1]'    1e-06
344   'tauGamma[11,2,2]'    1e-06
345   'tauGamma[11,2,3]'    1e-06
346   'tauGamma[11,3,1]'    1e-06
347   'tauGamma[11,3,2]'    1e-06
348   'tauGamma[11,3,3]'    1e-06
349   'tauGamma[12,1,1]'    1e-06
350   'tauGamma[12,1,2]'    1e-06
351   'tauGamma[12,1,3]'    1e-06
352   'tauGamma[12,2,1]'    1e-06
353   'tauGamma[12,2,2]'    1e-06
354   'tauGamma[12,2,3]'    1e-06
355   'tauGamma[12,3,1]'    1e-06
356   'tauGamma[12,3,2]'    1e-06
357   'tauGamma[12,3,3]'    1e-06
358   'tauGamma[13,1,1]'    1e-06
359   'tauGamma[13,1,2]'    1e-06
360   'tauGamma[13,1,3]'    1e-06
361   'tauGamma[13,2,1]'    1e-06
362   'tauGamma[13,2,2]'    1e-06
363   'tauGamma[13,2,3]'    1e-06
364   'tauGamma[13,3,1]'    1e-06
365   'tauGamma[13,3,2]'    1e-06
366   'tauGamma[13,3,3]'    1e-06
367   'tauGamma[14,1,1]'    1e-06
368   'tauGamma[14,1,2]'    1e-06
369   'tauGamma[14,1,3]'    1e-06
370   'tauGamma[14,2,1]'    1e-06
371   'tauGamma[14,2,2]'    1e-06
372   'tauGamma[14,2,3]'    1e-06
373   'tauGamma[14,3,1]'    1e-06
374   'tauGamma[14,3,2]'    1e-06
375   'tauGamma[14,3,3]'    1e-06
376   'tauGamma[15,1,1]'    1e-06
377   'tauGamma[15,1,2]'    1e-06
378   'tauGamma[15,1,3]'    1e-06
379   'tauGamma[15,2,1]'    1e-06
380   'tauGamma[15,2,2]'    1e-06
381   'tauGamma[15,2,3]'    1e-06
382   'tauGamma[15,3,1]'    1e-06
383   'tauGamma[15,3,2]'    1e-06
384   'tauGamma[15,3,3]'    1e-06
385   'PGamma[1,1,1]'           1
386   'PGamma[1,1,2]'           1
387   'PGamma[1,1,3]'           1
388   'PGamma[1,2,1]'           1
389   'PGamma[1,2,2]'           1
390   'PGamma[1,2,3]'           1
391   'PGamma[1,3,1]'           1
392   'PGamma[1,3,2]'           1
393   'PGamma[1,3,3]'           1
394   'PGamma[2,1,1]'           1
395   'PGamma[2,1,2]'           1
396   'PGamma[2,1,3]'           1
397   'PGamma[2,2,1]'           1
398   'PGamma[2,2,2]'           1
399   'PGamma[2,2,3]'           1
400   'PGamma[2,3,1]'           1
401   'PGamma[2,3,2]'           1
402   'PGamma[2,3,3]'           1
403   'PGamma[3,1,1]'           1
404   'PGamma[3,1,2]'           1
405   'PGamma[3,1,3]'           1
406   'PGamma[3,2,1]'           1
407   'PGamma[3,2,2]'           1
408   'PGamma[3,2,3]'           1
409   'PGamma[3,3,1]'           1
410   'PGamma[3,3,2]'           1
411   'PGamma[3,3,3]'           1
412   'PGamma[4,1,1]'           1
413   'PGamma[4,1,2]'           1
414   'PGamma[4,1,3]'           1
415   'PGamma[4,2,1]'           1
416   'PGamma[4,2,2]'           1
417   'PGamma[4,2,3]'           1
418   'PGamma[4,3,1]'           1
419   'PGamma[4,3,2]'           1
420   'PGamma[4,3,3]'           1
421   'PGamma[5,1,1]'           1
422   'PGamma[5,1,2]'           1
423   'PGamma[5,1,3]'           1
424   'PGamma[5,2,1]'           1
425   'PGamma[5,2,2]'           1
426   'PGamma[5,2,3]'           1
427   'PGamma[5,3,1]'           1
428   'PGamma[5,3,2]'           1
429   'PGamma[5,3,3]'           1
430   'PGamma[6,1,1]'           1
431   'PGamma[6,1,2]'           1
432   'PGamma[6,1,3]'           1
433   'PGamma[6,2,1]'           1
434   'PGamma[6,2,2]'           1
435   'PGamma[6,2,3]'           1
436   'PGamma[6,3,1]'           1
437   'PGamma[6,3,2]'           1
438   'PGamma[6,3,3]'           1
439   'PGamma[7,1,1]'           1
440   'PGamma[7,1,2]'           1
441   'PGamma[7,1,3]'           1
442   'PGamma[7,2,1]'           1
443   'PGamma[7,2,2]'           1
444   'PGamma[7,2,3]'           1
445   'PGamma[7,3,1]'           1
446   'PGamma[7,3,2]'           1
447   'PGamma[7,3,3]'           1
448   'PGamma[8,1,1]'           1
449   'PGamma[8,1,2]'           1
450   'PGamma[8,1,3]'           1
451   'PGamma[8,2,1]'           1
452   'PGamma[8,2,2]'           1
453   'PGamma[8,2,3]'           1
454   'PGamma[8,3,1]'           1
455   'PGamma[8,3,2]'           1
456   'PGamma[8,3,3]'           1
457   'PGamma[9,1,1]'           1
458   'PGamma[9,1,2]'           1
459   'PGamma[9,1,3]'           1
460   'PGamma[9,2,1]'           1
461   'PGamma[9,2,2]'           1
462   'PGamma[9,2,3]'           1
463   'PGamma[9,3,1]'           1
464   'PGamma[9,3,2]'           1
465   'PGamma[9,3,3]'           1
466   'PGamma[10,1,1]'          1
467   'PGamma[10,1,2]'          1
468   'PGamma[10,1,3]'          1
469   'PGamma[10,2,1]'          1
470   'PGamma[10,2,2]'          1
471   'PGamma[10,2,3]'          1
472   'PGamma[10,3,1]'          1
473   'PGamma[10,3,2]'          1
474   'PGamma[10,3,3]'          1
475   'PGamma[11,1,1]'          1
476   'PGamma[11,1,2]'          1
477   'PGamma[11,1,3]'          1
478   'PGamma[11,2,1]'          1
479   'PGamma[11,2,2]'          1
480   'PGamma[11,2,3]'          1
481   'PGamma[11,3,1]'          1
482   'PGamma[11,3,2]'          1
483   'PGamma[11,3,3]'          1
484   'PGamma[12,1,1]'          1
485   'PGamma[12,1,2]'          1
486   'PGamma[12,1,3]'          1
487   'PGamma[12,2,1]'          1
488   'PGamma[12,2,2]'          1
489   'PGamma[12,2,3]'          1
490   'PGamma[12,3,1]'          1
491   'PGamma[12,3,2]'          1
492   'PGamma[12,3,3]'          1
493   'PGamma[13,1,1]'          1
494   'PGamma[13,1,2]'          1
495   'PGamma[13,1,3]'          1
496   'PGamma[13,2,1]'          1
497   'PGamma[13,2,2]'          1
498   'PGamma[13,2,3]'          1
499   'PGamma[13,3,1]'          1
500   'PGamma[13,3,2]'          1
501   'PGamma[13,3,3]'          1
502   'PGamma[14,1,1]'          1
503   'PGamma[14,1,2]'          1
504   'PGamma[14,1,3]'          1
505   'PGamma[14,2,1]'          1
506   'PGamma[14,2,2]'          1
507   'PGamma[14,2,3]'          1
508   'PGamma[14,3,1]'          1
509   'PGamma[14,3,2]'          1
510   'PGamma[14,3,3]'          1
511   'PGamma[15,1,1]'          1
512   'PGamma[15,1,2]'          1
513   'PGamma[15,1,3]'          1
514   'PGamma[15,2,1]'          1
515   'PGamma[15,2,2]'          1
516   'PGamma[15,2,3]'          1
517   'PGamma[15,3,1]'          1
518   'PGamma[15,3,2]'          1
519   'PGamma[15,3,3]'          1
520   'SGamma1[1,1]'        1e-06
521   'SGamma1[1,2]'        1e-06
522   'SGamma1[1,3]'        1e-06
523   'SGamma1[2,1]'        1e-06
524   'SGamma1[2,2]'        1e-06
525   'SGamma1[2,3]'        1e-06
526   'SGamma1[3,1]'        1e-06
527   'SGamma1[3,2]'        1e-06
528   'SGamma1[3,3]'        1e-06
529   'SGamma1[4,1]'        1e-06
530   'SGamma1[4,2]'        1e-06
531   'SGamma1[4,3]'        1e-06
532   'SGamma1[5,1]'        1e-06
533   'SGamma1[5,2]'        1e-06
534   'SGamma1[5,3]'        1e-06
535   'SGamma1[6,1]'        1e-06
536   'SGamma1[6,2]'        1e-06
537   'SGamma1[6,3]'        1e-06
538   'SGamma1[7,1]'        1e-06
539   'SGamma1[7,2]'        1e-06
540   'SGamma1[7,3]'        1e-06
541   'SGamma1[8,1]'        1e-06
542   'SGamma1[8,2]'        1e-06
543   'SGamma1[8,3]'        1e-06
544   'SGamma1[9,1]'        1e-06
545   'SGamma1[9,2]'        1e-06
546   'SGamma1[9,3]'        1e-06
547   'SGamma1[10,1]'       1e-06
548   'SGamma1[10,2]'       1e-06
549   'SGamma1[10,3]'       1e-06
550   'SGamma1[11,1]'       1e-06
551   'SGamma1[11,2]'       1e-06
552   'SGamma1[11,3]'       1e-06
553   'SGamma1[12,1]'       1e-06
554   'SGamma1[12,2]'       1e-06
555   'SGamma1[12,3]'       1e-06
556   'SGamma1[13,1]'       1e-06
557   'SGamma1[13,2]'       1e-06
558   'SGamma1[13,3]'       1e-06
559   'SGamma1[14,1]'       1e-06
560   'SGamma1[14,2]'       1e-06
561   'SGamma1[14,3]'       1e-06
562   'SGamma1[15,1]'       1e-06
563   'SGamma1[15,2]'       1e-06
564   'SGamma1[15,3]'       1e-06
565   'SGamma2[1,1]'            1
566   'SGamma2[1,2]'            1
567   'SGamma2[1,3]'            1
568   'SGamma2[2,1]'            1
569   'SGamma2[2,2]'            1
570   'SGamma2[2,3]'            1
571   'SGamma2[3,1]'            1
572   'SGamma2[3,2]'            1
573   'SGamma2[3,3]'            1
574   'SGamma2[4,1]'            1
575   'SGamma2[4,2]'            1
576   'SGamma2[4,3]'            1
577   'SGamma2[5,1]'            1
578   'SGamma2[5,2]'            1
579   'SGamma2[5,3]'            1
580   'SGamma2[6,1]'            1
581   'SGamma2[6,2]'            1
582   'SGamma2[6,3]'            1
583   'SGamma2[7,1]'            1
584   'SGamma2[7,2]'            1
585   'SGamma2[7,3]'            1
586   'SGamma2[8,1]'            1
587   'SGamma2[8,2]'            1
588   'SGamma2[8,3]'            1
589   'SGamma2[9,1]'            1
590   'SGamma2[9,2]'            1
591   'SGamma2[9,3]'            1
592   'SGamma2[10,1]'           1
593   'SGamma2[10,2]'           1
594   'SGamma2[10,3]'           1
595   'SGamma2[11,1]'           1
596   'SGamma2[11,2]'           1
597   'SGamma2[11,3]'           1
598   'SGamma2[12,1]'           1
599   'SGamma2[12,2]'           1
600   'SGamma2[12,3]'           1
601   'SGamma2[13,1]'           1
602   'SGamma2[13,2]'           1
603   'SGamma2[13,3]'           1
604   'SGamma2[14,1]'           1
605   'SGamma2[14,2]'           1
606   'SGamma2[14,3]'           1
607   'SGamma2[15,1]'           1
608   'SGamma2[15,2]'           1
609   'SGamma2[15,3]'           1
610   'gamma[1,1]'              1
611   'gamma[1,2]'              1
612   'gamma[1,3]'              1
613   'gamma[2,1]'              1
614   'gamma[2,2]'              1
615   'gamma[2,3]'              1
616   'gamma[3,1]'              1
617   'gamma[3,2]'              1
618   'gamma[3,3]'              1
619   'gamma[4,1]'              1
620   'gamma[4,2]'              1
621   'gamma[4,3]'              1
622   'gamma[5,1]'              1
623   'gamma[5,2]'              1
624   'gamma[5,3]'              1
625   'gamma[6,1]'              1
626   'gamma[6,2]'              1
627   'gamma[6,3]'              1
628   'gamma[7,1]'              1
629   'gamma[7,2]'              1
630   'gamma[7,3]'              1
631   'gamma[8,1]'              1
632   'gamma[8,2]'              1
633   'gamma[8,3]'              1
634   'gamma[9,1]'              1
635   'gamma[9,2]'              1
636   'gamma[9,3]'              1
637   'gamma[10,1]'             1
638   'gamma[10,2]'             1
639   'gamma[10,3]'             1
640   'gamma[11,1]'             1
641   'gamma[11,2]'             1
642   'gamma[11,3]'             1
643   'gamma[12,1]'             1
644   'gamma[12,2]'             1
645   'gamma[12,3]'             1
646   'gamma[13,1]'             1
647   'gamma[13,2]'             1
648   'gamma[13,3]'             1
649   'gamma[14,1]'             1
650   'gamma[14,2]'             1
651   'gamma[14,3]'             1
652   'gamma[15,1]'             1
653   'gamma[15,2]'             1
654   'gamma[15,3]'             1
655   'PrS[1,1]'           434790
656   'PrS[1,2]'           246848
657   'PrS[1,3]'           141656
658   'PrS[2,1]'           408602
659   'PrS[2,2]'           230564
660   'PrS[2,3]'           131542
661   'PrS[3,1]'           387638
662   'PrS[3,2]'           217594
663   'PrS[3,3]'           123525
664   'PrS[4,1]'           370626
665   'PrS[4,2]'           207114
666   'PrS[4,3]'           117074
667   'PrS[5,1]'           354997
668   'PrS[5,2]'           197523
669   'PrS[5,3]'           111193
670   'PrS[6,1]'           337960
671   'PrS[6,2]'           187113
672   'PrS[6,3]'           104835
673   'PrS[7,1]'           317528
674   'PrS[7,2]'           174692
675   'PrS[7,3]'            97285
676   'PrS[8,1]'           293663
677   'PrS[8,2]'           160278
678   'PrS[8,3]'            88578.1
679   'PrS[9,1]'           268352
680   'PrS[9,2]'           145111
681   'PrS[9,3]'            79485
682   'PrS[10,1]'          245984
683   'PrS[10,2]'          131820
684   'PrS[10,3]'           71581.1
685   'PrS[11,1]'          229070
686   'PrS[11,2]'          121848
687   'PrS[11,3]'           65693.8
688   'PrS[12,1]'          217847
689   'PrS[12,2]'          115270
690   'PrS[12,3]'           61832.3
691   'PrS[13,1]'          211064
692   'PrS[13,2]'          111311
693   'PrS[13,3]'           59516.9
694   'PrS[14,1]'          207202
695   'PrS[14,2]'          109062
696   'PrS[14,3]'           58205.1
697   'PrS[15,1]'          205080
698   'PrS[15,2]'          107828
699   'PrS[15,3]'           57486.1
700   'PrSF[1]'            330273
701   'PrSF[2]'            182432
702   'PrSF[3]'            101984
703   Vap                   19777
;

