solve_message =
'filterSQP (20020316): Nonlinear constraints locally infeasible\
16 iterations (11 for feasibility)\
Evals: obj = 7, constr = 19, grad = 17, Hes = 17'

:     _varname        _var         :=
1     'F[2]'        0
2     'F[3]'        0
3     'F[4]'        0
4     'F[5]'        0
5     'F[6]'        0
6     'F[7]'        0
7     'F[8]'        0
8     'F[9]'        0
9     'F[10]'       0
10    'F[11]'       0
11    'F[12]'       0
12    'F[13]'       0
13    'F[14]'       0
14    'F[15]'     200
15    'F[16]'       0
16    'F[17]'       0
17    'F[18]'       0
18    'F[19]'       0
19    'F[20]'       0
20    'F[21]'       0
21    'F[22]'       0
22    'F[23]'       0
23    'F[24]'       0
24    'F[25]'       0
25    'F[26]'       0
26    'F[27]'       0
27    'F[28]'       0
28    'F[29]'       0
29    Vs          262.794
30    'y[1,1]'      0.046875
31    'y[1,2]'      0.692708
32    'y[1,3]'      0.260417
33    'y[2,1]'      0.0760153
34    'y[2,2]'      0.746945
35    'y[2,3]'      0.177039
36    'y[3,1]'      0.108685
37    'y[3,2]'      0.751345
38    'y[3,3]'      0.13997
39    'y[4,1]'      0.144806
40    'y[4,2]'      0.731848
41    'y[4,3]'      0.123346
42    'y[5,1]'      0.183895
43    'y[5,2]'      0.701117
44    'y[5,3]'      0.114988
45    'y[6,1]'      0.22492
46    'y[6,2]'      0.665262
47    'y[6,3]'      0.109819
48    'y[7,1]'      0.266434
49    'y[7,2]'      0.627677
50    'y[7,3]'      0.105888
51    'y[8,1]'      0.306837
52    'y[8,2]'      0.590643
53    'y[8,3]'      0.10252
54    'y[9,1]'      0.344656
55    'y[9,2]'      0.555822
56    'y[9,3]'      0.0995228
57    'y[10,1]'     0.378772
58    'y[10,2]'     0.524356
59    'y[10,3]'     0.0968721
60    'y[11,1]'     0.408534
61    'y[11,2]'     0.496888
62    'y[11,3]'     0.0945773
63    'y[12,1]'     0.433746
64    'y[12,2]'     0.473615
65    'y[12,3]'     0.092639
66    'y[13,1]'     0.454575
67    'y[13,2]'     0.454385
68    'y[13,3]'     0.0910394
69    'y[14,1]'     0.471432
70    'y[14,2]'     0.438823
71    'y[14,3]'     0.0897456
72    'y[15,1]'     0.484846
73    'y[15,2]'     0.426438
74    'y[15,3]'     0.0887161
75    'y[16,1]'     0.503217
76    'y[16,2]'     0.450501
77    'y[16,3]'     0.0462816
78    'y[17,1]'     0.517671
79    'y[17,2]'     0.459085
80    'y[17,3]'     0.023244
81    'y[18,1]'     0.531258
82    'y[18,2]'     0.457337
83    'y[18,3]'     0.0114045
84    'y[19,1]'     0.546304
85    'y[19,2]'     0.448191
86    'y[19,3]'     0.0055053
87    'y[20,1]'     0.564532
88    'y[20,2]'     0.432847
89    'y[20,3]'     0.00262078
90    'y[21,1]'     0.587241
91    'y[21,2]'     0.411529
92    'y[21,3]'     0.00122973
93    'y[22,1]'     0.615325
94    'y[22,2]'     0.384107
95    'y[22,3]'     0.00056751
96    'y[23,1]'     0.649148
97    'y[23,2]'     0.350596
98    'y[23,3]'     0.000256799
99    'y[24,1]'     0.688343
100   'y[24,2]'     0.311544
101   'y[24,3]'     0.000113552
102   'y[25,1]'     0.73168
103   'y[25,2]'     0.268271
104   'y[25,3]'     4.89111e-05
105   'y[26,1]'     0.777136
106   'y[26,2]'     0.222843
107   'y[26,3]'     2.04693e-05
108   'y[27,1]'     0.822239
109   'y[27,2]'     0.177753
110   'y[27,3]'     8.30479e-06
111   'y[28,1]'     0.864583
112   'y[28,2]'     0.135414
113   'y[28,3]'     3.25568e-06
114   'y[29,1]'     0.902321
115   'y[29,2]'     0.0976777
116   'y[29,3]'     1.2217e-06
117   'y[30,1]'     0.934426
118   'y[30,2]'     0.0655737
119   'y[30,3]'     4.25267e-07
120   Ls          401.794
121   'x[1,1]'      0.021589
122   'x[1,2]'      0.54692
123   'x[1,3]'      0.431779
124   'x[2,1]'      0.0381252
125   'x[2,2]'      0.642219
126   'x[2,3]'      0.319656
127   'x[3,1]'      0.0571844
128   'x[3,2]'      0.677692
129   'x[3,3]'      0.265123
130   'x[4,1]'      0.0785518
131   'x[4,2]'      0.68057
132   'x[4,3]'      0.240878
133   'x[5,1]'      0.102177
134   'x[5,2]'      0.667818
135   'x[5,3]'      0.230005
136   'x[6,1]'      0.127743
137   'x[6,2]'      0.647719
138   'x[6,3]'      0.224538
139   'x[7,1]'      0.154576
140   'x[7,2]'      0.624267
141   'x[7,3]'      0.221157
142   'x[8,1]'      0.181728
143   'x[8,2]'      0.599685
144   'x[8,3]'      0.218587
145   'x[9,1]'      0.208154
146   'x[9,2]'      0.575463
147   'x[9,3]'      0.216383
148   'x[10,1]'     0.232889
149   'x[10,2]'     0.552688
150   'x[10,3]'     0.214423
151   'x[11,1]'     0.255203
152   'x[11,2]'     0.532107
153   'x[11,3]'     0.21269
154   'x[12,1]'     0.274669
155   'x[12,2]'     0.514142
156   'x[12,3]'     0.211189
157   'x[13,1]'     0.291158
158   'x[13,2]'     0.498921
159   'x[13,3]'     0.209921
160   'x[14,1]'     0.304782
161   'x[14,2]'     0.486343
162   'x[14,3]'     0.208875
163   'x[15,1]'     0.315807
164   'x[15,2]'     0.476164
165   'x[15,3]'     0.208029
166   'x[16,1]'     0.348943
167   'x[16,2]'     0.535523
168   'x[16,3]'     0.115534
169   'x[17,1]'     0.372867
170   'x[17,2]'     0.566861
171   'x[17,3]'     0.0602718
172   'x[18,1]'     0.391691
173   'x[18,2]'     0.578039
174   'x[18,3]'     0.0302703
175   'x[19,1]'     0.409385
176   'x[19,2]'     0.575763
177   'x[19,3]'     0.0148519
178   'x[20,1]'     0.428979
179   'x[20,2]'     0.563852
180   'x[20,3]'     0.00716936
181   'x[21,1]'     0.452718
182   'x[21,2]'     0.54387
183   'x[21,3]'     0.00341288
184   'x[22,1]'     0.482291
185   'x[22,2]'     0.516108
186   'x[22,3]'     0.00160133
187   'x[23,1]'     0.518864
188   'x[23,2]'     0.480397
189   'x[23,3]'     0.000738934
190   'x[24,1]'     0.562911
191   'x[24,2]'     0.436755
192   'x[24,3]'     0.000334298
193   'x[25,1]'     0.613954
194   'x[25,2]'     0.385898
195   'x[25,3]'     0.000147749
196   'x[26,1]'     0.670392
197   'x[26,2]'     0.329545
198   'x[26,3]'     6.35679e-05
199   'x[27,1]'     0.729589
200   'x[27,2]'     0.270384
201   'x[27,3]'     2.65284e-05
202   'x[28,1]'     0.788326
203   'x[28,2]'     0.211664
204   'x[28,3]'     1.06867e-05
205   'x[29,1]'     0.84347
206   'x[29,2]'     0.156526
207   'x[29,3]'     4.11128e-06
208   'x[30,1]'     0.892616
209   'x[30,2]'     0.107382
210   'x[30,3]'     1.46246e-06
211   PC           61
212   PR          138.96
213   Vap         262.794
;

