solve_message =
'filterSQP (20020316): Optimal solution found, objective = 357.34044689400093\
9 iterations (4 for feasibility)\
Evals: obj = 7, constr = 10, grad = 10, Hes = 10'

:     _varname        _var         :=
1     'F[2]'        0
2     'F[3]'        0
3     'F[4]'        0
4     'F[5]'        0
5     'F[6]'        0
6     'F[7]'        0
7     'F[8]'        0
8     'F[9]'        0
9     'F[10]'       0
10    'F[11]'       0
11    'F[12]'       0
12    'F[13]'       0
13    'F[14]'       0
14    'F[15]'     200
15    'F[16]'       0
16    'F[17]'       0
17    'F[18]'       0
18    'F[19]'       0
19    'F[20]'       0
20    'F[21]'       0
21    'F[22]'       0
22    'F[23]'       0
23    'F[24]'       0
24    'F[25]'       0
25    'F[26]'       0
26    'F[27]'       0
27    'F[28]'       0
28    'F[29]'       0
29    Vs          357.34
30    'y[1,1]'      0.00945378
31    'y[1,2]'      0.727941
32    'y[1,3]'      0.262605
33    'y[2,1]'      0.0162609
34    'y[2,2]'      0.809068
35    'y[2,3]'      0.174671
36    'y[3,1]'      0.0251138
37    'y[3,2]'      0.841673
38    'y[3,3]'      0.133214
39    'y[4,1]'      0.0366674
40    'y[4,2]'      0.848861
41    'y[4,3]'      0.114472
42    'y[5,1]'      0.0517326
43    'y[5,2]'      0.842447
44    'y[5,3]'      0.10582
45    'y[6,1]'      0.0712001
46    'y[6,2]'      0.827441
47    'y[6,3]'      0.101359
48    'y[7,1]'      0.0959394
49    'y[7,2]'      0.805598
50    'y[7,3]'      0.0984627
51    'y[8,1]'      0.126641
52    'y[8,2]'      0.77737
53    'y[8,3]'      0.0959895
54    'y[9,1]'      0.163594
55    'y[9,2]'      0.74295
56    'y[9,3]'      0.0934556
57    'y[10,1]'     0.20645
58    'y[10,2]'     0.702862
59    'y[10,3]'     0.0906886
60    'y[11,1]'     0.254047
61    'y[11,2]'     0.658273
62    'y[11,3]'     0.0876802
63    'y[12,1]'     0.304435
64    'y[12,2]'     0.611046
65    'y[12,3]'     0.0845192
66    'y[13,1]'     0.355135
67    'y[13,2]'     0.563518
68    'y[13,3]'     0.0813473
69    'y[14,1]'     0.403609
70    'y[14,2]'     0.518073
71    'y[14,3]'     0.0783176
72    'y[15,1]'     0.447742
73    'y[15,2]'     0.476697
74    'y[15,3]'     0.0755602
75    'y[16,1]'     0.48598
76    'y[16,2]'     0.477786
77    'y[16,3]'     0.0362334
78    'y[17,1]'     0.526584
79    'y[17,2]'     0.45684
80    'y[17,3]'     0.0165753
81    'y[18,1]'     0.571863
82    'y[18,2]'     0.420831
83    'y[18,3]'     0.00730663
84    'y[19,1]'     0.622289
85    'y[19,2]'     0.374597
86    'y[19,3]'     0.00311366
87    'y[20,1]'     0.676513
88    'y[20,2]'     0.322204
89    'y[20,3]'     0.00128298
90    'y[21,1]'     0.731814
91    'y[21,2]'     0.267675
92    'y[21,3]'     0.000511098
93    'y[22,1]'     0.784919
94    'y[22,2]'     0.214884
95    'y[22,3]'     0.000197026
96    'y[23,1]'     0.83293
97    'y[23,2]'     0.166996
98    'y[23,3]'     7.36782e-05
99    'y[24,1]'     0.873984
100   'y[24,2]'     0.125989
101   'y[24,3]'     2.68267e-05
102   'y[25,1]'     0.907436
103   'y[25,2]'     0.0925543
104   'y[25,3]'     9.55178e-06
105   'y[26,1]'     0.933635
106   'y[26,2]'     0.0663615
107   'y[26,3]'     3.33965e-06
108   'y[27,1]'     0.953522
109   'y[27,2]'     0.0464766
110   'y[27,3]'     1.15025e-06
111   'y[28,1]'     0.968263
112   'y[28,2]'     0.031737
113   'y[28,3]'     3.9057e-07
114   'y[29,1]'     0.978996
115   'y[29,2]'     0.021004
116   'y[29,3]'     1.30059e-07
117   'y[30,1]'     0.986711
118   'y[30,2]'     0.013289
119   'y[30,3]'     4.15014e-08
120   Ls          497.14
121   'x[1,1]'      0.00429185
122   'x[1,2]'      0.566524
123   'x[1,3]'      0.429185
124   'x[2,1]'      0.0080022
125   'x[2,2]'      0.682549
126   'x[2,3]'      0.309449
127   'x[3,1]'      0.0128951
128   'x[3,2]'      0.740863
129   'x[3,3]'      0.246242
130   'x[4,1]'      0.0192585
131   'x[4,2]'      0.764298
132   'x[4,3]'      0.216443
133   'x[5,1]'      0.0275631
134   'x[5,2]'      0.769465
135   'x[5,3]'      0.202972
136   'x[6,1]'      0.0383919
137   'x[6,2]'      0.764855
138   'x[6,3]'      0.196753
139   'x[7,1]'      0.052385
140   'x[7,2]'      0.754069
141   'x[7,3]'      0.193546
142   'x[8,1]'      0.0701674
143   'x[8,2]'      0.738368
144   'x[8,3]'      0.191464
145   'x[9,1]'      0.0922352
146   'x[9,2]'      0.718078
147   'x[9,3]'      0.189687
148   'x[10,1]'     0.118797
149   'x[10,2]'     0.693338
150   'x[10,3]'     0.187865
151   'x[11,1]'     0.149601
152   'x[11,2]'     0.664522
153   'x[11,3]'     0.185876
154   'x[12,1]'     0.183814
155   'x[12,2]'     0.632472
156   'x[12,3]'     0.183714
157   'x[13,1]'     0.220032
158   'x[13,2]'     0.598526
159   'x[13,3]'     0.181442
160   'x[14,1]'     0.256475
161   'x[14,2]'     0.564363
162   'x[14,3]'     0.179162
163   'x[15,1]'     0.291318
164   'x[15,2]'     0.531698
165   'x[15,3]'     0.176984
166   'x[16,1]'     0.338549
167   'x[16,2]'     0.570583
168   'x[16,3]'     0.0908685
169   'x[17,1]'     0.384534
170   'x[17,2]'     0.571892
171   'x[17,3]'     0.0435742
172   'x[18,1]'     0.433364
173   'x[18,2]'     0.546703
174   'x[18,3]'     0.0199334
175   'x[19,1]'     0.487815
176   'x[19,2]'     0.503398
177   'x[19,3]'     0.00878693
178   'x[20,1]'     0.548458
179   'x[20,2]'     0.447798
180   'x[20,3]'     0.00374448
181   'x[21,1]'     0.613667
182   'x[21,2]'     0.38479
183   'x[21,3]'     0.00154291
184   'x[22,1]'     0.680172
185   'x[22,2]'     0.319213
186   'x[22,3]'     0.000614637
187   'x[23,1]'     0.744037
188   'x[23,2]'     0.255727
189   'x[23,3]'     0.000236934
190   'x[24,1]'     0.801774
191   'x[24,2]'     0.198137
192   'x[24,3]'     8.85969e-05
193   'x[25,1]'     0.851146
194   'x[25,2]'     0.148822
195   'x[25,3]'     3.22533e-05
196   'x[26,1]'     0.891375
197   'x[26,2]'     0.108613
198   'x[26,3]'     1.14785e-05
199   'x[27,1]'     0.922882
200   'x[27,2]'     0.0771139
201   'x[27,3]'     4.00784e-06
202   'x[28,1]'     0.946798
203   'x[28,2]'     0.0532003
204   'x[28,3]'     1.37488e-06
205   'x[29,1]'     0.964525
206   'x[29,2]'     0.0354746
207   'x[29,3]'     4.6129e-07
208   'x[30,1]'     0.977433
209   'x[30,2]'     0.022567
210   'x[30,3]'     1.48e-07
211   PC           60.2
212   PR          139.8
213   Vap         357.34
;

