solve_message = 'MINOS 5.51: infeasible problem (or bad starting guess).\
509 iterations\
Nonlin evals: constrs = 241, Jac = 241.'

:     _varname        _var        :=
1     'F[2]'        0
2     'F[3]'        0
3     'F[4]'        0
4     'F[5]'        0
5     'F[6]'        0
6     'F[7]'        0
7     'F[8]'      200
8     'F[9]'        0
9     'F[10]'       0
10    'F[11]'       0
11    'F[12]'       0
12    'F[13]'       0
13    'F[14]'       0
14    Vs          139
15    'y[1,1]'      0.00163325
16    'y[1,2]'      0.0974389
17    'y[1,3]'      0.900928
18    'y[2,1]'      0
19    'y[2,2]'      0.155898
20    'y[2,3]'      0.844102
21    'y[3,1]'      0.0518258
22    'y[3,2]'      0.194105
23    'y[3,3]'      0.754069
24    'y[4,1]'      0.102659
25    'y[4,2]'      0.236629
26    'y[4,3]'      0.660712
27    'y[5,1]'      0.101018
28    'y[5,2]'      0.244878
29    'y[5,3]'      0.654104
30    'y[6,1]'      0.181822
31    'y[6,2]'      0.221118
32    'y[6,3]'      0.597059
33    'y[7,1]'      0.298701
34    'y[7,2]'      0.173037
35    'y[7,3]'      0.528262
36    'y[8,1]'      0.431701
37    'y[8,2]'      0.546754
38    'y[8,3]'      0.0215453
39    'y[9,1]'      0.431701
40    'y[9,2]'      0.546754
41    'y[9,3]'      0.0215449
42    'y[10,1]'     0.431701
43    'y[10,2]'     0.546754
44    'y[10,3]'     0.0215446
45    'y[11,1]'     0.431701
46    'y[11,2]'     0.546755
47    'y[11,3]'     0.0215442
48    'y[12,1]'     0.431701
49    'y[12,2]'     0.546755
50    'y[12,3]'     0.0215438
51    'y[13,1]'     0.431701
52    'y[13,2]'     0.546756
53    'y[13,3]'     0.0215434
54    'y[14,1]'     0.431701
55    'y[14,2]'     0.546755
56    'y[14,3]'     0.0215434
57    'y[15,1]'     0.431701
58    'y[15,2]'     0.546756
59    'y[15,3]'     0.0215432
60    Ls          200
61    'x[1,1]'      0
62    'x[1,2]'      0.0659138
63    'x[1,3]'      0.934086
64    'x[2,1]'      0.00177682
65    'x[2,2]'      0.0872669
66    'x[2,3]'      0.910956
67    'x[3,1]'      0.00112928
68    'x[3,2]'      0.127804
69    'x[3,3]'      0.871067
70    'x[4,1]'      0.0367276
71    'x[4,2]'      0.155041
72    'x[4,3]'      0.808231
73    'x[5,1]'      0.071388
74    'x[5,2]'      0.185109
75    'x[5,3]'      0.743503
76    'x[6,1]'      0.069741
77    'x[6,2]'      0.191729
78    'x[6,3]'      0.73853
79    'x[7,1]'      0.12556
80    'x[7,2]'      0.17633
81    'x[7,3]'      0.69811
82    'x[8,1]'      0.206945
83    'x[8,2]'      0.143036
84    'x[8,3]'      0.650019
85    'x[9,1]'      0.264848
86    'x[9,2]'      0.692687
87    'x[9,3]'      0.0424647
88    'x[10,1]'     0.264847
89    'x[10,2]'     0.692687
90    'x[10,3]'     0.042466
91    'x[11,1]'     0.264845
92    'x[11,2]'     0.692684
93    'x[11,3]'     0.0424711
94    'x[12,1]'     0.264848
95    'x[12,2]'     0.692685
96    'x[12,3]'     0.0424667
97    'x[13,1]'     0.264845
98    'x[13,2]'     0.692683
99    'x[13,3]'     0.0424716
100   'x[14,1]'     0.264849
101   'x[14,2]'     0.692686
102   'x[14,3]'     0.0424652
103   'x[15,1]'     0.264846
104   'x[15,2]'     0.692683
105   'x[15,3]'     0.0424714
106   PC          139
107   PR           61
;

