solve_message = 'MINOS 5.51: infeasible problem (or bad starting guess).\
843 iterations\
Nonlin evals: constrs = 335, Jac = 335.'

:     _varname        _var        :=
1     'F[2]'        0
2     'F[3]'        0
3     'F[4]'        0
4     'F[5]'        0
5     'F[6]'        0
6     'F[7]'        0
7     'F[8]'        0
8     'F[9]'        0
9     'F[10]'       0
10    'F[11]'       0
11    'F[12]'       0
12    'F[13]'       0
13    'F[14]'       0
14    'F[15]'     200
15    'F[16]'       0
16    'F[17]'       0
17    'F[18]'       0
18    'F[19]'       0
19    'F[20]'       0
20    'F[21]'       0
21    'F[22]'       0
22    'F[23]'       0
23    'F[24]'       0
24    'F[25]'       0
25    'F[26]'       0
26    'F[27]'       0
27    'F[28]'       0
28    'F[29]'       0
29    Vs          174.093
30    'y[1,1]'      0.0468863
31    'y[1,2]'      0.586593
32    'y[1,3]'      0.366521
33    'y[2,1]'      0.0820501
34    'y[2,2]'      0.614864
35    'y[2,3]'      0.303085
36    'y[3,1]'      0.125445
37    'y[3,2]'      0.607074
38    'y[3,3]'      0.267481
39    'y[4,1]'      0.173764
40    'y[4,2]'      0.580432
41    'y[4,3]'      0.245804
42    'y[5,1]'      0.225666
43    'y[5,2]'      0.544479
44    'y[5,3]'      0.229856
45    'y[6,1]'      0.277341
46    'y[6,2]'      0.506208
47    'y[6,3]'      0.21645
48    'y[7,1]'      0.324411
49    'y[7,2]'      0.470238
50    'y[7,3]'      0.20535
51    'y[8,1]'      0.365023
52    'y[8,2]'      0.438554
53    'y[8,3]'      0.196423
54    'y[9,1]'      0.398701
55    'y[9,2]'      0.412033
56    'y[9,3]'      0.189266
57    'y[10,1]'     0.425176
58    'y[10,2]'     0.391206
59    'y[10,3]'     0.183619
60    'y[11,1]'     0.445175
61    'y[11,2]'     0.375022
62    'y[11,3]'     0.179803
63    'y[12,1]'     0.460732
64    'y[12,2]'     0.362432
65    'y[12,3]'     0.176836
66    'y[13,1]'     0.47396
67    'y[13,2]'     0.351562
68    'y[13,3]'     0.174478
69    'y[14,1]'     0.487149
70    'y[14,2]'     0.340559
71    'y[14,3]'     0.172292
72    'y[15,1]'     0.498324
73    'y[15,2]'     0.331418
74    'y[15,3]'     0.170258
75    'y[16,1]'     0.507937
76    'y[16,2]'     0.309904
77    'y[16,3]'     0.182159
78    'y[17,1]'     0.532567
79    'y[17,2]'     0.289459
80    'y[17,3]'     0.177973
81    'y[18,1]'     0.577533
82    'y[18,2]'     0.281199
83    'y[18,3]'     0.141268
84    'y[19,1]'     0.620071
85    'y[19,2]'     0.314786
86    'y[19,3]'     0.0651433
87    'y[20,1]'     0.626451
88    'y[20,2]'     0.324386
89    'y[20,3]'     0.0491628
90    'y[21,1]'     0.634538
91    'y[21,2]'     0.335995
92    'y[21,3]'     0.0294669
93    'y[22,1]'     0.644839
94    'y[22,2]'     0.349397
95    'y[22,3]'     0.00576404
96    'y[23,1]'     0.658513
97    'y[23,2]'     0.363429
98    'y[23,3]'    -0.0219422
99    'y[24,1]'     0.677383
100   'y[24,2]'     0.375738
101   'y[24,3]'    -0.053121
102   'y[25,1]'     0.704659
103   'y[25,2]'     0.381596
104   'y[25,3]'    -0.0862549
105   'y[26,1]'     0.745245
106   'y[26,2]'     0.372802
107   'y[26,3]'    -0.118047
108   'y[27,1]'     0.803961
109   'y[27,2]'     0.337982
110   'y[27,3]'    -0.141943
111   'y[28,1]'     0.877022
112   'y[28,2]'     0.268997
113   'y[28,3]'    -0.146018
114   'y[29,1]'     0.957561
115   'y[29,2]'     0.18052
116   'y[29,3]'    -0.13808
117   'y[30,1]'     1.08567
118   'y[30,2]'     0.0901574
119   'y[30,3]'    -0.175824
120   Ls          325.248
121   'x[1,1]'      0.0191663
122   'x[1,2]'      0.495764
123   'x[1,3]'      0.485069
124   'x[2,1]'      0.0351623
125   'x[2,2]'      0.54548
126   'x[2,3]'      0.419357
127   'x[3,1]'      0.0560076
128   'x[3,2]'      0.559912
129   'x[3,3]'      0.384081
130   'x[4,1]'      0.0804289
131   'x[4,2]'      0.554839
132   'x[4,3]'      0.364732
133   'x[5,1]'      0.108202
134   'x[5,2]'      0.539
135   'x[5,3]'      0.352797
136   'x[6,1]'      0.137689
137   'x[6,2]'      0.51886
138   'x[6,3]'      0.343451
139   'x[7,1]'      0.166324
140   'x[7,2]'      0.497861
141   'x[7,3]'      0.335815
142   'x[8,1]'      0.192484
143   'x[8,2]'      0.477543
144   'x[8,3]'      0.329972
145   'x[9,1]'      0.21525
146   'x[9,2]'      0.459274
147   'x[9,3]'      0.325476
148   'x[10,1]'     0.233924
149   'x[10,2]'     0.443961
150   'x[10,3]'     0.322114
151   'x[11,1]'     0.248626
152   'x[11,2]'     0.43111
153   'x[11,3]'     0.320264
154   'x[12,1]'     0.260499
155   'x[12,2]'     0.420614
156   'x[12,3]'     0.318887
157   'x[13,1]'     0.270663
158   'x[13,2]'     0.411551
159   'x[13,3]'     0.317786
160   'x[14,1]'     0.280223
161   'x[14,2]'     0.403114
162   'x[14,3]'     0.316663
163   'x[15,1]'     0.28857
164   'x[15,2]'     0.396009
165   'x[15,3]'     0.315421
166   'x[16,1]'     0.294015
167   'x[16,2]'     0.369079
168   'x[16,3]'     0.336907
169   'x[17,1]'     0.315042
170   'x[17,2]'     0.348573
171   'x[17,3]'     0.336384
172   'x[18,1]'     0.360436
173   'x[18,2]'     0.348295
174   'x[18,3]'     0.291269
175   'x[19,1]'     0.42112
176   'x[19,2]'     0.414478
177   'x[19,3]'     0.164402
178   'x[20,1]'     0.4311
179   'x[20,2]'     0.450046
180   'x[20,3]'     0.118854
181   'x[21,1]'     0.445218
182   'x[21,2]'     0.47121
183   'x[21,3]'     0.0835717
184   'x[22,1]'     0.4629
185   'x[22,2]'     0.496304
186   'x[22,3]'     0.0407962
187   'x[23,1]'     0.485418
188   'x[23,2]'     0.524198
189   'x[23,3]'    -0.00961571
190   'x[24,1]'     0.514695
191   'x[24,2]'     0.552347
192   'x[24,3]'    -0.0670415
193   'x[25,1]'     0.554082
194   'x[25,2]'     0.575126
195   'x[25,3]'    -0.129208
196   'x[26,1]'     0.60902
197   'x[26,2]'     0.582022
198   'x[26,3]'    -0.191041
199   'x[27,1]'     0.686276
200   'x[27,2]'     0.556281
201   'x[27,3]'    -0.242557
202   'x[28,1]'     0.786762
203   'x[28,2]'     0.478337
204   'x[28,3]'    -0.265099
205   'x[29,1]'     0.879177
206   'x[29,2]'     0.346684
207   'x[29,3]'    -0.225861
208   'x[30,1]'     1.11175
209   'x[30,2]'     0.228747
210   'x[30,3]'    -0.3405
211   PC           48.8453
212   PR          151.155
;

