solve_message = 'MINOS 5.51: infeasible problem (or bad starting guess).\
677 iterations\
Nonlin evals: constrs = 223, Jac = 223.'

:     _varname        _var         :=
1     'F[2]'        0
2     'F[3]'        0
3     'F[4]'        0
4     'F[5]'        0
5     'F[6]'        0
6     'F[7]'        0
7     'F[8]'        0
8     'F[9]'        0
9     'F[10]'       0
10    'F[11]'       0
11    'F[12]'       0
12    'F[13]'       0
13    'F[14]'       0
14    'F[15]'     200
15    'F[16]'       0
16    'F[17]'       0
17    'F[18]'       0
18    'F[19]'       0
19    'F[20]'       0
20    'F[21]'       0
21    'F[22]'       0
22    'F[23]'       0
23    'F[24]'       0
24    'F[25]'       0
25    'F[26]'       0
26    'F[27]'       0
27    'F[28]'       0
28    'F[29]'       0
29    Vs          225.602
30    'y[1,1]'      0.0103963
31    'y[1,2]'      0.664716
32    'y[1,3]'      0.324888
33    'y[2,1]'      0.0189042
34    'y[2,2]'      0.713414
35    'y[2,3]'      0.267681
36    'y[3,1]'      0.0306323
37    'y[3,2]'      0.732503
38    'y[3,3]'      0.236865
39    'y[4,1]'      0.0466861
40    'y[4,2]'      0.733693
41    'y[4,3]'      0.219621
42    'y[5,1]'      0.0684545
43    'y[5,2]'      0.722799
44    'y[5,3]'      0.208746
45    'y[6,1]'      0.0975293
46    'y[6,2]'      0.702145
47    'y[6,3]'      0.200325
48    'y[7,1]'      0.135261
49    'y[7,2]'      0.672475
50    'y[7,3]'      0.192264
51    'y[8,1]'      0.181844
52    'y[8,2]'      0.634555
53    'y[8,3]'      0.183601
54    'y[9,1]'      0.235399
55    'y[9,2]'      0.590406
56    'y[9,3]'      0.174195
57    'y[10,1]'     0.291784
58    'y[10,2]'     0.543701
59    'y[10,3]'     0.164515
60    'y[11,1]'     0.345966
61    'y[11,2]'     0.498745
62    'y[11,3]'     0.155289
63    'y[12,1]'     0.394021
64    'y[12,2]'     0.458861
65    'y[12,3]'     0.147118
66    'y[13,1]'     0.434013
67    'y[13,2]'     0.425685
68    'y[13,3]'     0.140302
69    'y[14,1]'     0.465727
70    'y[14,2]'     0.399377
71    'y[14,3]'     0.134896
72    'y[15,1]'     0.489983
73    'y[15,2]'     0.379266
74    'y[15,3]'     0.13075
75    'y[16,1]'     0.504665
76    'y[16,2]'     0.4046
77    'y[16,3]'     0.0907351
78    'y[17,1]'     0.520611
79    'y[17,2]'     0.418407
80    'y[17,3]'     0.0609817
81    'y[18,1]'     0.539579
82    'y[18,2]'     0.420616
83    'y[18,3]'     0.039805
84    'y[19,1]'     0.563719
85    'y[19,2]'     0.411055
86    'y[19,3]'     0.0252266
87    'y[20,1]'     0.595271
88    'y[20,2]'     0.389265
89    'y[20,3]'     0.0154642
90    'y[21,1]'     0.635999
91    'y[21,2]'     0.354908
92    'y[21,3]'     0.0090929
93    'y[22,1]'     0.686209
94    'y[22,2]'     0.308726
95    'y[22,3]'     0.00506473
96    'y[23,1]'     0.743681
97    'y[23,2]'     0.253694
98    'y[23,3]'     0.00262461
99    'y[24,1]'     0.803253
100   'y[24,2]'     0.195511
101   'y[24,3]'     0.00123574
102   'y[25,1]'     0.858274
103   'y[25,2]'     0.141218
104   'y[25,3]'     0.000508439
105   'y[26,1]'     0.903542
106   'y[26,2]'     0.0962841
107   'y[26,3]'     0.000173675
108   'y[27,1]'     0.937203
109   'y[27,2]'     0.0627451
110   'y[27,3]'     5.16746e-05
111   'y[28,1]'     0.9606
112   'y[28,2]'     0.0393796
113   'y[28,3]'     2.03181e-05
114   'y[29,1]'     0.976315
115   'y[29,2]'     0.0236846
116   'y[29,3]'     2.18629e-07
117   'y[30,1]'     0.986719
118   'y[30,2]'     0.0132892
119   'y[30,3]'    -7.69334e-06
120   Ls          365.402
121   'x[1,1]'      0.00429183
122   'x[1,2]'      0.566522
123   'x[1,3]'      0.429186
124   'x[2,1]'      0.00805008
125   'x[2,2]'      0.62719
126   'x[2,3]'      0.36476
127   'x[3,1]'      0.0133109
128   'x[3,2]'      0.657263
129   'x[3,3]'      0.329426
130   'x[4,1]'      0.0205946
131   'x[4,2]'      0.669017
132   'x[4,3]'      0.310388
133   'x[5,1]'      0.0305973
134   'x[5,2]'      0.669679
135   'x[5,3]'      0.299724
136   'x[6,1]'      0.0441936
137   'x[6,2]'      0.662825
138   'x[6,3]'      0.292982
139   'x[7,1]'      0.0623616
140   'x[7,2]'      0.649895
141   'x[7,3]'      0.287743
142   'x[8,1]'      0.0858945
143   'x[8,2]'      0.63138
144   'x[8,3]'      0.282725
145   'x[9,1]'      0.114849
146   'x[9,2]'      0.60781
147   'x[9,3]'      0.277341
148   'x[10,1]'     0.148042
149   'x[10,2]'     0.580445
150   'x[10,3]'     0.271514
151   'x[11,1]'     0.182856
152   'x[11,2]'     0.551609
153   'x[11,3]'     0.265535
154   'x[12,1]'     0.216198
155   'x[12,2]'     0.523939
156   'x[12,3]'     0.259862
157   'x[13,1]'     0.245698
158   'x[13,2]'     0.499455
159   'x[13,3]'     0.254846
160   'x[14,1]'     0.270219
161   'x[14,2]'     0.479105
162   'x[14,3]'     0.250677
163   'x[15,1]'     0.28964
164   'x[15,2]'     0.463005
165   'x[15,3]'     0.247355
166   'x[16,1]'     0.309525
167   'x[16,2]'     0.512397
168   'x[16,3]'     0.178079
169   'x[17,1]'     0.329589
170   'x[17,2]'     0.546874
171   'x[17,3]'     0.123537
172   'x[18,1]'     0.351435
173   'x[18,2]'     0.565584
174   'x[18,3]'     0.0829808
175   'x[19,1]'     0.377454
176   'x[19,2]'     0.568431
177   'x[19,3]'     0.0541157
178   'x[20,1]'     0.41058
179   'x[20,2]'     0.555165
180   'x[20,3]'     0.0342546
181   'x[21,1]'     0.453886
182   'x[21,2]'     0.525162
183   'x[21,3]'     0.0209524
184   'x[22,1]'     0.509758
185   'x[22,2]'     0.477964
186   'x[22,3]'     0.0122781
187   'x[23,1]'     0.578578
188   'x[23,2]'     0.414625
189   'x[23,3]'     0.00679771
190   'x[24,1]'     0.657207
191   'x[24,2]'     0.339309
192   'x[24,3]'     0.00348415
193   'x[25,1]'     0.738507
194   'x[25,2]'     0.259893
195   'x[25,3]'     0.00160015
196   'x[26,1]'     0.813376
197   'x[26,2]'     0.185996
198   'x[26,3]'     0.000628361
199   'x[27,1]'     0.874685
200   'x[27,2]'     0.125128
201   'x[27,3]'     0.000187606
202   'x[28,1]'     0.920093
203   'x[28,2]'     0.0798421
204   'x[28,3]'     6.49636e-05
205   'x[29,1]'     0.951586
206   'x[29,2]'     0.0484096
207   'x[29,3]'     4.56058e-06
208   'x[30,1]'     0.972736
209   'x[30,2]'     0.0272871
210   'x[30,3]'    -2.33552e-05
211   PC           60.1995
212   PR          139.8
;

