solve_message = 'MINOS 5.51: infeasible problem (or bad starting guess).\
918 iterations\
Nonlin evals: constrs = 354, Jac = 354.'

:     _varname       _var        :=
1     'F[2]'        0
2     'F[3]'        0
3     'F[4]'        0
4     'F[5]'        0
5     'F[6]'        0
6     'F[7]'        0
7     'F[8]'        0
8     'F[9]'        0
9     'F[10]'       0
10    'F[11]'       0
11    'F[12]'       0
12    'F[13]'       0
13    'F[14]'       0
14    'F[15]'     200
15    'F[16]'       0
16    'F[17]'       0
17    'F[18]'       0
18    'F[19]'       0
19    'F[20]'       0
20    'F[21]'       0
21    'F[22]'       0
22    'F[23]'       0
23    'F[24]'       0
24    'F[25]'       0
25    'F[26]'       0
26    'F[27]'       0
27    'F[28]'       0
28    'F[29]'       0
29    Vs          148.473
30    'y[1,1]'      0.0879305
31    'y[1,2]'      0.283387
32    'y[1,3]'      0.628682
33    'y[2,1]'      0.0798119
34    'y[2,2]'      0.39228
35    'y[2,3]'      0.527909
36    'y[3,1]'      0.154786
37    'y[3,2]'      0.302234
38    'y[3,3]'      0.54298
39    'y[4,1]'      0.182969
40    'y[4,2]'      0.233518
41    'y[4,3]'      0.583513
42    'y[5,1]'      0.262575
43    'y[5,2]'      0.158828
44    'y[5,3]'      0.578596
45    'y[6,1]'      0.432887
46    'y[6,2]'      0.0912425
47    'y[6,3]'      0.475871
48    'y[7,1]'      0.629411
49    'y[7,2]'      0.0498801
50    'y[7,3]'      0.320709
51    'y[8,1]'      0.750597
52    'y[8,2]'      0.0311405
53    'y[8,3]'      0.218262
54    'y[9,1]'      0.813591
55    'y[9,2]'      0.0226983
56    'y[9,3]'      0.163711
57    'y[10,1]'     0.833847
58    'y[10,2]'     0.0195117
59    'y[10,3]'     0.146642
60    'y[11,1]'     0.835052
61    'y[11,2]'     0.0185699
62    'y[11,3]'     0.146378
63    'y[12,1]'     0.830057
64    'y[12,2]'     0.0184862
65    'y[12,3]'     0.151457
66    'y[13,1]'     0.824277
67    'y[13,2]'     0.0186722
68    'y[13,3]'     0.15705
69    'y[14,1]'     0.819536
70    'y[14,2]'     0.0188961
71    'y[14,3]'     0.161568
72    'y[15,1]'     0.54282
73    'y[15,2]'     0.439673
74    'y[15,3]'     0.0175067
75    'y[16,1]'     0.542861
76    'y[16,2]'     0.439609
77    'y[16,3]'     0.0175295
78    'y[17,1]'     0.5429
79    'y[17,2]'     0.439547
80    'y[17,3]'     0.0175536
81    'y[18,1]'     0.542937
82    'y[18,2]'     0.439485
83    'y[18,3]'     0.0175783
84    'y[19,1]'     0.542977
85    'y[19,2]'     0.439425
86    'y[19,3]'     0.0175983
87    'y[20,1]'     0.543019
88    'y[20,2]'     0.439362
89    'y[20,3]'     0.0176182
90    'y[21,1]'     0.543021
91    'y[21,2]'     0.439359
92    'y[21,3]'     0.0176202
93    'y[22,1]'     0.543027
94    'y[22,2]'     0.439327
95    'y[22,3]'     0.0176459
96    'y[23,1]'     0.543053
97    'y[23,2]'     0.4393
98    'y[23,3]'     0.0176472
99    'y[24,1]'     0.543096
100   'y[24,2]'     0.439238
101   'y[24,3]'     0.0176658
102   'y[25,1]'     0.543151
103   'y[25,2]'     0.439183
104   'y[25,3]'     0.0176661
105   'y[26,1]'     0.543231
106   'y[26,2]'     0.439102
107   'y[26,3]'     0.0176673
108   'y[27,1]'     0.543319
109   'y[27,2]'     0.439033
110   'y[27,3]'     0.0176476
111   'y[28,1]'     0.543351
112   'y[28,2]'     0.438989
113   'y[28,3]'     0.0176595
114   'y[29,1]'     0.543356
115   'y[29,2]'     0.438954
116   'y[29,3]'     0.0176902
117   'y[30,1]'     0.543278
118   'y[30,2]'     0.438983
119   'y[30,3]'     0.0177394
120   Ls          200
121   'x[1,1]'      0.0488184
122   'x[1,2]'      0.0608357
123   'x[1,3]'      0.890346
124   'x[2,1]'      0
125   'x[2,2]'      0.303749
126   'x[2,3]'      0.696251
127   'x[3,1]'      0.0621532
128   'x[3,2]'      0.304201
129   'x[3,3]'      0.633645
130   'x[4,1]'      0.0686472
131   'x[4,2]'      0.215444
132   'x[4,3]'      0.715909
133   'x[5,1]'      0.0963206
134   'x[5,2]'      0.170005
135   'x[5,3]'      0.733674
136   'x[6,1]'      0.167455
137   'x[6,2]'      0.105557
138   'x[6,3]'      0.726988
139   'x[7,1]'      0.319339
140   'x[7,2]'      0.0691503
141   'x[7,3]'      0.61151
142   'x[8,1]'      0.456637
143   'x[8,2]'      0.0468693
144   'x[8,3]'      0.496494
145   'x[9,1]'      0.552108
146   'x[9,2]'      0.0367747
147   'x[9,3]'      0.411117
148   'x[10,1]'     0.594585
149   'x[10,2]'     0.0322271
150   'x[10,3]'     0.373188
151   'x[11,1]'     0.603557
152   'x[11,2]'     0.0305105
153   'x[11,3]'     0.365932
154   'x[12,1]'     0.599249
155   'x[12,2]'     0.0300032
156   'x[12,3]'     0.370748
157   'x[13,1]'     0.591891
158   'x[13,2]'     0.0299581
159   'x[13,3]'     0.378151
160   'x[14,1]'     0.585314
161   'x[14,2]'     0.0300583
162   'x[14,3]'     0.384628
163   'x[15,1]'     0.580451
164   'x[15,2]'     0.0301789
165   'x[15,3]'     0.38937
166   'x[16,1]'     0.324827
167   'x[16,2]'     0.636082
168   'x[16,3]'     0.0390912
169   'x[17,1]'     0.324903
170   'x[17,2]'     0.635985
171   'x[17,3]'     0.0391117
172   'x[18,1]'     0.324966
173   'x[18,2]'     0.6359
174   'x[18,3]'     0.0391335
175   'x[19,1]'     0.325037
176   'x[19,2]'     0.635812
177   'x[19,3]'     0.0391506
178   'x[20,1]'     0.32518
179   'x[20,2]'     0.635655
180   'x[20,3]'     0.0391642
181   'x[21,1]'     0.325258
182   'x[21,2]'     0.635579
183   'x[21,3]'     0.0391623
184   'x[22,1]'     0.325224
185   'x[22,2]'     0.635587
186   'x[22,3]'     0.0391891
187   'x[23,1]'     0.325161
188   'x[23,2]'     0.635645
189   'x[23,3]'     0.0391944
190   'x[24,1]'     0.325178
191   'x[24,2]'     0.635609
192   'x[24,3]'     0.039213
193   'x[25,1]'     0.325295
194   'x[25,2]'     0.635496
195   'x[25,3]'     0.0392095
196   'x[26,1]'     0.325384
197   'x[26,2]'     0.635407
198   'x[26,3]'     0.0392091
199   'x[27,1]'     0.32552
200   'x[27,2]'     0.635294
201   'x[27,3]'     0.0391862
202   'x[28,1]'     0.325702
203   'x[28,2]'     0.635108
204   'x[28,3]'     0.0391903
205   'x[29,1]'     0.325695
206   'x[29,2]'     0.635084
207   'x[29,3]'     0.0392209
208   'x[30,1]'     0.325325
209   'x[30,2]'     0.635391
210   'x[30,3]'     0.0392835
211   PC          148.473
212   PR           51.5268
;

