solve_message = 'LANCELOT: too many iterations.\
1000 iterations; objective 20.340983575500914\
M = 273, N = 275, nslacks = 2, NEL = 802, NG = 140720308486418\
NFCALL = 1001, NGCALL = 849'

:           _varname              _var          :=
1      'F[2]'                    0
2      'F[3]'                    0
3      'F[4]'                    0
4      'F[5]'                    0
5      'F[6]'                    0
6      'F[7]'                    0
7      'F[8]'                    0
8      'F[9]'                    0
9      'F[10]'                   0
10     'F[11]'                   0
11     'F[12]'                   0
12     'F[13]'                   0
13     'F[14]'                   0
14     'F[15]'                 100
15     'F[16]'                   0
16     'F[17]'                   0
17     'F[18]'                   0
18     'F[19]'                   0
19     'F[20]'                   0
20     'F[21]'                   0
21     'F[22]'                   0
22     'F[23]'                   0
23     'F[24]'                   0
24     'F[25]'                   0
25     'F[26]'                   0
26     'F[27]'                   0
27     'F[28]'                   0
28     'F[29]'                   0
29     'V[1]'                   20.3506
30     'V[2]'                  173.415
31     'V[3]'                   59.4371
32     'V[4]'                   54.3399
33     'V[5]'                   54.884
34     'V[6]'                   55.4279
35     'V[7]'                   55.8692
36     'V[8]'                   56.3092
37     'V[9]'                   56.6842
38     'V[10]'                  57.0555
39     'V[11]'                  57.4083
40     'V[12]'                  57.7589
41     'V[13]'                  58.1475
42     'V[14]'                  58.722
43     'V[15]'                  62.7976
44     'V[16]'                  60.2468
45     'V[17]'                  59.6335
46     'V[18]'                  59.4729
47     'V[19]'                  59.5338
48     'V[20]'                  59.707
49     'V[21]'                  59.9459
50     'V[22]'                  60.16
51     'V[23]'                  60.4484
52     'V[24]'                  60.7657
53     'V[25]'                  61.1356
54     'V[26]'                  61.5056
55     'V[27]'                  61.9467
56     'V[28]'                  62.5057
57     'V[29]'                  63.8332
58     'V[30]'                   0
59     'y[1,1]'                  0.319381
60     'y[1,2]'                  1
61     'y[1,3]'                  0.35282
62     'y[2,1]'                  0.110154
63     'y[2,2]'                  0.184289
64     'y[2,3]'                  0.0425759
65     'y[3,1]'                  0.409343
66     'y[3,2]'                  0.441464
67     'y[3,3]'                  0.0975584
68     'y[4,1]'                  0.510459
69     'y[4,2]'                  0.420225
70     'y[4,3]'                  0.0979474
71     'y[5,1]'                  0.548445
72     'y[5,2]'                  0.381134
73     'y[5,3]'                  0.0921731
74     'y[6,1]'                  0.570561
75     'y[6,2]'                  0.356405
76     'y[6,3]'                  0.0880619
77     'y[7,1]'                  0.583443
78     'y[7,2]'                  0.340914
79     'y[7,3]'                  0.085322
80     'y[8,1]'                  0.590771
81     'y[8,2]'                  0.330846
82     'y[8,3]'                  0.0834331
83     'y[9,1]'                  0.595398
84     'y[9,2]'                  0.324103
85     'y[9,3]'                  0.0821081
86     'y[10,1]'                 0.598219
87     'y[10,2]'                 0.319106
88     'y[10,3]'                 0.0810721
89     'y[11,1]'                 0.599853
90     'y[11,2]'                 0.315002
91     'y[11,3]'                 0.0801751
92     'y[12,1]'                 0.600088
93     'y[12,2]'                 0.311096
94     'y[12,3]'                 0.0792766
95     'y[13,1]'                 0.598041
96     'y[13,2]'                 0.306687
97     'y[13,3]'                 0.0782002
98     'y[14,1]'                 0.591918
99     'y[14,2]'                 0.30083
100    'y[14,3]'                 0.0766927
101    'y[15,1]'                 0.579881
102    'y[15,2]'                 0.292704
103    'y[15,3]'                 0.0745308
104    'y[16,1]'                 0.619233
105    'y[16,2]'                 0.3336
106    'y[16,3]'                 0.0410611
107    'y[17,1]'                 0.636849
108    'y[17,2]'                 0.354299
109    'y[17,3]'                 0.0203857
110    'y[18,1]'                 0.64655
111    'y[18,2]'                 0.363872
112    'y[18,3]'                 0.00942179
113    'y[19,1]'                 0.652067
114    'y[19,2]'                 0.367253
115    'y[19,3]'                 0.00405672
116    'y[20,1]'                 0.655486
117    'y[20,2]'                 0.367355
118    'y[20,3]'                 0.00156657
119    'y[21,1]'                 0.657996
120    'y[21,2]'                 0.365716
121    'y[21,3]'                 0.000499113
122    'y[22,1]'                 0.660845
123    'y[22,2]'                 0.363211
124    'y[22,3]'                 0.000100189
125    'y[23,1]'                 0.663722
126    'y[23,2]'                 0.359339
127    'y[23,3]'                 1.3937e-10
128    'y[24,1]'                 0.668058
129    'y[24,2]'                 0.353605
130    'y[24,3]'                 0
131    'y[25,1]'                 0.675485
132    'y[25,2]'                 0.344316
133    'y[25,3]'                 1.91716e-05
134    'y[26,1]'                 0.689763
135    'y[26,2]'                 0.328759
136    'y[26,3]'                 6.22506e-05
137    'y[27,1]'                 0.715557
138    'y[27,2]'                 0.30185
139    'y[27,3]'                 0.000100821
140    'y[28,1]'                 0.759433
141    'y[28,2]'                 0.257531
142    'y[28,3]'                 0.000122071
143    'y[29,1]'                 0.827349
144    'y[29,2]'                 0.193388
145    'y[29,3]'                 0.000109682
146    'y[30,1]'                 0.956342
147    'y[30,2]'                 0.123351
148    'y[30,3]'                 7.16769e-05
149    'L[1]'                    0
150    'L[2]'                   79.0329
151    'L[3]'                  125.471
152    'L[4]'                  133.596
153    'L[5]'                  133.017
154    'L[6]'                  132.19
155    'L[7]'                  131.006
156    'L[8]'                  129.473
157    'L[9]'                  128.098
158    'L[10]'                 126.79
159    'L[11]'                 125.608
160    'L[12]'                 124.376
161    'L[13]'                 122.906
162    'L[14]'                 120.978
163    'L[15]'                 118.594
164    'L[16]'                  29.3888
165    'L[17]'                  30.1282
166    'L[18]'                  30.6471
167    'L[19]'                  30.8812
168    'L[20]'                  30.9611
169    'L[21]'                  30.9676
170    'L[22]'                  30.9753
171    'L[23]'                  30.9401
172    'L[24]'                  30.9276
173    'L[25]'                  30.9548
174    'L[26]'                  31.1076
175    'L[27]'                  31.4413
176    'L[28]'                  32.102
177    'L[29]'                  33.3262
178    'L[30]'                  42.37
179    'x[1,1]'                  0.0688476
180    'x[1,2]'                  0.539782
181    'x[1,3]'                  0.422312
182    'x[2,1]'                  0.145389
183    'x[2,2]'                  0.754905
184    'x[2,3]'                  0.481224
185    'x[3,1]'                  0.191293
186    'x[3,2]'                  0.566493
187    'x[3,3]'                  0.304206
188    'x[4,1]'                  0.218083
189    'x[4,2]'                  0.487759
190    'x[4,3]'                  0.2733
191    'x[5,1]'                  0.243952
192    'x[5,2]'                  0.462799
193    'x[5,3]'                  0.270361
194    'x[6,1]'                  0.262643
195    'x[6,2]'                  0.449694
196    'x[6,3]'                  0.269512
197    'x[7,1]'                  0.27594
198    'x[7,2]'                  0.443369
199    'x[7,3]'                  0.27003
200    'x[8,1]'                  0.285982
201    'x[8,2]'                  0.441621
202    'x[8,3]'                  0.271775
203    'x[9,1]'                  0.29354
204    'x[9,2]'                  0.44156
205    'x[9,3]'                  0.273589
206    'x[10,1]'                 0.299636
207    'x[10,2]'                 0.442519
208    'x[10,3]'                 0.275489
209    'x[11,1]'                 0.304742
210    'x[11,2]'                 0.443805
211    'x[11,3]'                 0.277266
212    'x[12,1]'                 0.309421
213    'x[12,2]'                 0.445642
214    'x[12,3]'                 0.27925
215    'x[13,1]'                 0.314116
216    'x[13,2]'                 0.448499
217    'x[13,3]'                 0.281839
218    'x[14,1]'                 0.31917
219    'x[14,2]'                 0.453044
220    'x[14,3]'                 0.285548
221    'x[15,1]'                 0.324434
222    'x[15,2]'                 0.459381
223    'x[15,3]'                 0.290488
224    'x[16,1]'                 0.339978
225    'x[16,2]'                 0.512638
226    'x[16,3]'                 0.15634
227    'x[17,1]'                 0.35543
228    'x[17,2]'                 0.554522
229    'x[17,3]'                 0.079212
230    'x[18,1]'                 0.36509
231    'x[18,2]'                 0.577005
232    'x[18,3]'                 0.0371447
233    'x[19,1]'                 0.37131
234    'x[19,2]'                 0.58786
235    'x[19,3]'                 0.0161607
236    'x[20,1]'                 0.37573
237    'x[20,2]'                 0.592383
238    'x[20,3]'                 0.00629201
239    'x[21,1]'                 0.379313
240    'x[21,2]'                 0.593491
241    'x[21,3]'                 0.00201879
242    'x[22,1]'                 0.382467
243    'x[22,2]'                 0.592042
244    'x[22,3]'                 0.000407231
245    'x[23,1]'                 0.386313
246    'x[23,2]'                 0.58945
247    'x[23,3]'                 0
248    'x[24,1]'                 0.391555
249    'x[24,2]'                 0.584581
250    'x[24,3]'                 0
251    'x[25,1]'                 0.399852
252    'x[25,2]'                 0.57557
253    'x[25,3]'                 8.01357e-05
254    'x[26,1]'                 0.413775
255    'x[26,2]'                 0.557808
256    'x[26,3]'                 0.000264527
257    'x[27,1]'                 0.438643
258    'x[27,2]'                 0.524702
259    'x[27,3]'                 0.000440083
260    'x[28,1]'                 0.48234
261    'x[28,2]'                 0.465766
262    'x[28,3]'                 0.000556784
263    'x[29,1]'                 0.552576
264    'x[29,2]'                 0.369989
265    'x[29,3]'                 0.000532462
266    'x[30,1]'                 0.555755
267    'x[30,2]'                 0.201987
268    'x[30,3]'                 0.000292825
269    PC                       30.8233
270    PR                       73.0935
271    'T[1]'                  364.36
272    'T[2]'                  311.822
273    'T[3]'                  339.513
274    'T[4]'                  342.186
275    'T[5]'                  340.978
276    'T[6]'                  339.959
277    'T[7]'                  339.159
278    'T[8]'                  338.475
279    'T[9]'                  337.94
280    'T[10]'                 337.479
281    'T[11]'                 337.067
282    'T[12]'                 336.636
283    'T[13]'                 336.103
284    'T[14]'                 335.348
285    'T[15]'                 334.294
286    'T[16]'                 334.831
287    'T[17]'                 334.364
288    'T[18]'                 334.031
289    'T[19]'                 333.793
290    'T[20]'                 333.605
291    'T[21]'                 333.445
292    'T[22]'                 333.333
293    'T[23]'                 333.173
294    'T[24]'                 332.976
295    'T[25]'                 332.697
296    'T[26]'                 332.323
297    'T[27]'                 331.717
298    'T[28]'                 330.73
299    'T[29]'                 329.342
300    'T[30]'                 333.217
301    TF                      338.159
302    QC                      587.172
303    QR                      611.027
304    'H[1,1]'                  1.71543
305    'H[1,2]'                  2.12053
306    'H[1,3]'                  2.54095
307    'H[2,1]'                  0.324982
308    'H[2,2]'                  0.409796
309    'H[2,3]'                  0.488863
310    'H[3,1]'                  1.02773
311    'H[3,2]'                  1.2812
312    'H[3,3]'                  1.53119
313    'H[4,1]'                  1.09918
314    'H[4,2]'                  1.36891
315    'H[4,3]'                  1.63641
316    'H[5,1]'                  1.06682
317    'H[5,2]'                  1.3292
318    'H[5,3]'                  1.58876
319    'H[6,1]'                  1.03961
320    'H[6,2]'                  1.29579
321    'H[6,3]'                  1.54869
322    'H[7,1]'                  1.01833
323    'H[7,2]'                  1.26966
324    'H[7,3]'                  1.51734
325    'H[8,1]'                  1.00018
326    'H[8,2]'                  1.24735
327    'H[8,3]'                  1.49059
328    'H[9,1]'                  0.986009
329    'H[9,2]'                  1.22992
330    'H[9,3]'                  1.4697
331    'H[10,1]'                 0.9738
332    'H[10,2]'                 1.21491
333    'H[10,3]'                 1.45169
334    'H[11,1]'                 0.962924
335    'H[11,2]'                 1.20153
336    'H[11,3]'                 1.43566
337    'H[12,1]'                 0.951575
338    'H[12,2]'                 1.18756
339    'H[12,3]'                 1.41892
340    'H[13,1]'                 0.937524
341    'H[13,2]'                 1.17027
342    'H[13,3]'                 1.39819
343    'H[14,1]'                 0.91769
344    'H[14,2]'                 1.14584
345    'H[14,3]'                 1.36892
346    'H[15,1]'                 0.890075
347    'H[15,2]'                 1.11182
348    'H[15,3]'                 1.32815
349    'H[16,1]'                 0.90415
350    'H[16,2]'                 1.12916
351    'H[16,3]'                 1.34893
352    'H[17,1]'                 0.891909
353    'H[17,2]'                 1.11408
354    'H[17,3]'                 1.33086
355    'H[18,1]'                 0.883212
356    'H[18,2]'                 1.10336
357    'H[18,3]'                 1.31802
358    'H[19,1]'                 0.876988
359    'H[19,2]'                 1.09569
360    'H[19,3]'                 1.30883
361    'H[20,1]'                 0.872105
362    'H[20,2]'                 1.08966
363    'H[20,3]'                 1.30162
364    'H[21,1]'                 0.867919
365    'H[21,2]'                 1.0845
366    'H[21,3]'                 1.29543
367    'H[22,1]'                 0.865
368    'H[22,2]'                 1.0809
369    'H[22,3]'                 1.29112
370    'H[23,1]'                 0.860834
371    'H[23,2]'                 1.07576
372    'H[23,3]'                 1.28497
373    'H[24,1]'                 0.855715
374    'H[24,2]'                 1.06945
375    'H[24,3]'                 1.2774
376    'H[25,1]'                 0.848451
377    'H[25,2]'                 1.06049
378    'H[25,3]'                 1.26667
379    'H[26,1]'                 0.838729
380    'H[26,2]'                 1.04849
381    'H[26,3]'                 1.25231
382    'H[27,1]'                 0.823
383    'H[27,2]'                 1.02908
384    'H[27,3]'                 1.22906
385    'H[28,1]'                 0.79746
386    'H[28,2]'                 0.997536
387    'H[28,3]'                 1.1913
388    'H[29,1]'                 0.761688
389    'H[29,2]'                 0.953321
390    'H[29,3]'                 1.13837
391    'H[30,1]'                 0.86199
392    'H[30,2]'                 1.07719
393    'H[30,3]'                 1.28667
394    'HF[1]'                   0.991793
395    'HF[2]'                   1.23703
396    'HF[3]'                   1.47822
397    'h[1,1]'                 -6.63385
398    'h[1,2]'                 -7.43716
399    'h[1,3]'                 -8.11554
400    'h[2,1]'                 -8.87573
401    'h[2,2]'                 -9.96196
402    'h[2,3]'                -11.0291
403    'h[3,1]'                 -7.73225
404    'h[3,2]'                 -8.66718
405    'h[3,3]'                 -9.53142
406    'h[4,1]'                 -7.61739
407    'h[4,2]'                 -8.53804
408    'h[4,3]'                 -9.38257
409    'h[5,1]'                 -7.66939
410    'h[5,2]'                 -8.59649
411    'h[5,3]'                 -9.44993
412    'h[6,1]'                 -7.71314
413    'h[6,2]'                 -8.64569
414    'h[6,3]'                 -9.50665
415    'h[7,1]'                 -7.74737
416    'h[7,2]'                 -8.68419
417    'h[7,3]'                 -9.55104
418    'h[8,1]'                 -7.77659
419    'h[8,2]'                 -8.71707
420    'h[8,3]'                 -9.58895
421    'h[9,1]'                 -7.79941
422    'h[9,2]'                 -8.74277
423    'h[9,3]'                 -9.61859
424    'h[10,1]'                -7.81908
425    'h[10,2]'                -8.76491
426    'h[10,3]'                -9.64413
427    'h[11,1]'                -7.83661
428    'h[11,2]'                -8.78465
429    'h[11,3]'                -9.66689
430    'h[12,1]'                -7.85491
431    'h[12,2]'                -8.80526
432    'h[12,3]'                -9.69066
433    'h[13,1]'                -7.87757
434    'h[13,2]'                -8.83078
435    'h[13,3]'                -9.72011
436    'h[14,1]'                -7.90957
437    'h[14,2]'                -8.86684
438    'h[14,3]'                -9.76171
439    'h[15,1]'                -7.95415
440    'h[15,2]'                -8.9171
441    'h[15,3]'                -9.81971
442    'h[16,1]'                -7.93142
443    'h[16,2]'                -8.89148
444    'h[16,3]'                -9.79014
445    'h[17,1]'                -7.95119
446    'h[17,2]'                -8.91376
447    'h[17,3]'                -9.81585
448    'h[18,1]'                -7.96524
449    'h[18,2]'                -8.9296
450    'h[18,3]'                -9.83414
451    'h[19,1]'                -7.97529
452    'h[19,2]'                -8.94094
453    'h[19,3]'                -9.84722
454    'h[20,1]'                -7.98319
455    'h[20,2]'                -8.94984
456    'h[20,3]'                -9.8575
457    'h[21,1]'                -7.98995
458    'h[21,2]'                -8.95747
459    'h[21,3]'                -9.8663
460    'h[22,1]'                -7.99467
461    'h[22,2]'                -8.96279
462    'h[22,3]'                -9.87245
463    'h[23,1]'                -8.0014
464    'h[23,2]'                -8.97039
465    'h[23,3]'                -9.88122
466    'h[24,1]'                -8.00968
467    'h[24,2]'                -8.97973
468    'h[24,3]'                -9.89199
469    'h[25,1]'                -8.02142
470    'h[25,2]'                -8.99298
471    'h[25,3]'                -9.90729
472    'h[26,1]'                -8.03715
473    'h[26,2]'                -9.01072
474    'h[26,3]'                -9.92778
475    'h[27,1]'                -8.0626
476    'h[27,2]'                -9.03945
477    'h[27,3]'                -9.96095
478    'h[28,1]'                -8.10395
479    'h[28,2]'                -9.08614
480    'h[28,3]'               -10.0149
481    'h[29,1]'                -8.16192
482    'h[29,2]'                -9.15164
483    'h[29,3]'               -10.0905
484    'h[30,1]'                -7.99953
485    'h[30,2]'                -8.96828
486    'h[30,3]'                -9.87878
487    'hF[1]'                  -7.7901
488    'hF[2]'                  -8.73228
489    'hF[3]'                  -9.60649
490    'tauGamma[1,1,1]'     1e-06
491    'tauGamma[1,1,2]'     1e-06
492    'tauGamma[1,1,3]'     1e-06
493    'tauGamma[1,2,1]'     1e-06
494    'tauGamma[1,2,2]'     1e-06
495    'tauGamma[1,2,3]'     1e-06
496    'tauGamma[1,3,1]'     1e-06
497    'tauGamma[1,3,2]'     1e-06
498    'tauGamma[1,3,3]'     1e-06
499    'tauGamma[2,1,1]'     1e-06
500    'tauGamma[2,1,2]'     1e-06
501    'tauGamma[2,1,3]'     1e-06
502    'tauGamma[2,2,1]'     1e-06
503    'tauGamma[2,2,2]'     1e-06
504    'tauGamma[2,2,3]'     1e-06
505    'tauGamma[2,3,1]'     1e-06
506    'tauGamma[2,3,2]'     1e-06
507    'tauGamma[2,3,3]'     1e-06
508    'tauGamma[3,1,1]'     1e-06
509    'tauGamma[3,1,2]'     1e-06
510    'tauGamma[3,1,3]'     1e-06
511    'tauGamma[3,2,1]'     1e-06
512    'tauGamma[3,2,2]'     1e-06
513    'tauGamma[3,2,3]'     1e-06
514    'tauGamma[3,3,1]'     1e-06
515    'tauGamma[3,3,2]'     1e-06
516    'tauGamma[3,3,3]'     1e-06
517    'tauGamma[4,1,1]'     1e-06
518    'tauGamma[4,1,2]'     1e-06
519    'tauGamma[4,1,3]'     1e-06
520    'tauGamma[4,2,1]'     1e-06
521    'tauGamma[4,2,2]'     1e-06
522    'tauGamma[4,2,3]'     1e-06
523    'tauGamma[4,3,1]'     1e-06
524    'tauGamma[4,3,2]'     1e-06
525    'tauGamma[4,3,3]'     1e-06
526    'tauGamma[5,1,1]'     1e-06
527    'tauGamma[5,1,2]'     1e-06
528    'tauGamma[5,1,3]'     1e-06
529    'tauGamma[5,2,1]'     1e-06
530    'tauGamma[5,2,2]'     1e-06
531    'tauGamma[5,2,3]'     1e-06
532    'tauGamma[5,3,1]'     1e-06
533    'tauGamma[5,3,2]'     1e-06
534    'tauGamma[5,3,3]'     1e-06
535    'tauGamma[6,1,1]'     1e-06
536    'tauGamma[6,1,2]'     1e-06
537    'tauGamma[6,1,3]'     1e-06
538    'tauGamma[6,2,1]'     1e-06
539    'tauGamma[6,2,2]'     1e-06
540    'tauGamma[6,2,3]'     1e-06
541    'tauGamma[6,3,1]'     1e-06
542    'tauGamma[6,3,2]'     1e-06
543    'tauGamma[6,3,3]'     1e-06
544    'tauGamma[7,1,1]'     1e-06
545    'tauGamma[7,1,2]'     1e-06
546    'tauGamma[7,1,3]'     1e-06
547    'tauGamma[7,2,1]'     1e-06
548    'tauGamma[7,2,2]'     1e-06
549    'tauGamma[7,2,3]'     1e-06
550    'tauGamma[7,3,1]'     1e-06
551    'tauGamma[7,3,2]'     1e-06
552    'tauGamma[7,3,3]'     1e-06
553    'tauGamma[8,1,1]'     1e-06
554    'tauGamma[8,1,2]'     1e-06
555    'tauGamma[8,1,3]'     1e-06
556    'tauGamma[8,2,1]'     1e-06
557    'tauGamma[8,2,2]'     1e-06
558    'tauGamma[8,2,3]'     1e-06
559    'tauGamma[8,3,1]'     1e-06
560    'tauGamma[8,3,2]'     1e-06
561    'tauGamma[8,3,3]'     1e-06
562    'tauGamma[9,1,1]'     1e-06
563    'tauGamma[9,1,2]'     1e-06
564    'tauGamma[9,1,3]'     1e-06
565    'tauGamma[9,2,1]'     1e-06
566    'tauGamma[9,2,2]'     1e-06
567    'tauGamma[9,2,3]'     1e-06
568    'tauGamma[9,3,1]'     1e-06
569    'tauGamma[9,3,2]'     1e-06
570    'tauGamma[9,3,3]'     1e-06
571    'tauGamma[10,1,1]'    1e-06
572    'tauGamma[10,1,2]'    1e-06
573    'tauGamma[10,1,3]'    1e-06
574    'tauGamma[10,2,1]'    1e-06
575    'tauGamma[10,2,2]'    1e-06
576    'tauGamma[10,2,3]'    1e-06
577    'tauGamma[10,3,1]'    1e-06
578    'tauGamma[10,3,2]'    1e-06
579    'tauGamma[10,3,3]'    1e-06
580    'tauGamma[11,1,1]'    1e-06
581    'tauGamma[11,1,2]'    1e-06
582    'tauGamma[11,1,3]'    1e-06
583    'tauGamma[11,2,1]'    1e-06
584    'tauGamma[11,2,2]'    1e-06
585    'tauGamma[11,2,3]'    1e-06
586    'tauGamma[11,3,1]'    1e-06
587    'tauGamma[11,3,2]'    1e-06
588    'tauGamma[11,3,3]'    1e-06
589    'tauGamma[12,1,1]'    1e-06
590    'tauGamma[12,1,2]'    1e-06
591    'tauGamma[12,1,3]'    1e-06
592    'tauGamma[12,2,1]'    1e-06
593    'tauGamma[12,2,2]'    1e-06
594    'tauGamma[12,2,3]'    1e-06
595    'tauGamma[12,3,1]'    1e-06
596    'tauGamma[12,3,2]'    1e-06
597    'tauGamma[12,3,3]'    1e-06
598    'tauGamma[13,1,1]'    1e-06
599    'tauGamma[13,1,2]'    1e-06
600    'tauGamma[13,1,3]'    1e-06
601    'tauGamma[13,2,1]'    1e-06
602    'tauGamma[13,2,2]'    1e-06
603    'tauGamma[13,2,3]'    1e-06
604    'tauGamma[13,3,1]'    1e-06
605    'tauGamma[13,3,2]'    1e-06
606    'tauGamma[13,3,3]'    1e-06
607    'tauGamma[14,1,1]'    1e-06
608    'tauGamma[14,1,2]'    1e-06
609    'tauGamma[14,1,3]'    1e-06
610    'tauGamma[14,2,1]'    1e-06
611    'tauGamma[14,2,2]'    1e-06
612    'tauGamma[14,2,3]'    1e-06
613    'tauGamma[14,3,1]'    1e-06
614    'tauGamma[14,3,2]'    1e-06
615    'tauGamma[14,3,3]'    1e-06
616    'tauGamma[15,1,1]'    1e-06
617    'tauGamma[15,1,2]'    1e-06
618    'tauGamma[15,1,3]'    1e-06
619    'tauGamma[15,2,1]'    1e-06
620    'tauGamma[15,2,2]'    1e-06
621    'tauGamma[15,2,3]'    1e-06
622    'tauGamma[15,3,1]'    1e-06
623    'tauGamma[15,3,2]'    1e-06
624    'tauGamma[15,3,3]'    1e-06
625    'tauGamma[16,1,1]'    1e-06
626    'tauGamma[16,1,2]'    1e-06
627    'tauGamma[16,1,3]'    1e-06
628    'tauGamma[16,2,1]'    1e-06
629    'tauGamma[16,2,2]'    1e-06
630    'tauGamma[16,2,3]'    1e-06
631    'tauGamma[16,3,1]'    1e-06
632    'tauGamma[16,3,2]'    1e-06
633    'tauGamma[16,3,3]'    1e-06
634    'tauGamma[17,1,1]'    1e-06
635    'tauGamma[17,1,2]'    1e-06
636    'tauGamma[17,1,3]'    1e-06
637    'tauGamma[17,2,1]'    1e-06
638    'tauGamma[17,2,2]'    1e-06
639    'tauGamma[17,2,3]'    1e-06
640    'tauGamma[17,3,1]'    1e-06
641    'tauGamma[17,3,2]'    1e-06
642    'tauGamma[17,3,3]'    1e-06
643    'tauGamma[18,1,1]'    1e-06
644    'tauGamma[18,1,2]'    1e-06
645    'tauGamma[18,1,3]'    1e-06
646    'tauGamma[18,2,1]'    1e-06
647    'tauGamma[18,2,2]'    1e-06
648    'tauGamma[18,2,3]'    1e-06
649    'tauGamma[18,3,1]'    1e-06
650    'tauGamma[18,3,2]'    1e-06
651    'tauGamma[18,3,3]'    1e-06
652    'tauGamma[19,1,1]'    1e-06
653    'tauGamma[19,1,2]'    1e-06
654    'tauGamma[19,1,3]'    1e-06
655    'tauGamma[19,2,1]'    1e-06
656    'tauGamma[19,2,2]'    1e-06
657    'tauGamma[19,2,3]'    1e-06
658    'tauGamma[19,3,1]'    1e-06
659    'tauGamma[19,3,2]'    1e-06
660    'tauGamma[19,3,3]'    1e-06
661    'tauGamma[20,1,1]'    1e-06
662    'tauGamma[20,1,2]'    1e-06
663    'tauGamma[20,1,3]'    1e-06
664    'tauGamma[20,2,1]'    1e-06
665    'tauGamma[20,2,2]'    1e-06
666    'tauGamma[20,2,3]'    1e-06
667    'tauGamma[20,3,1]'    1e-06
668    'tauGamma[20,3,2]'    1e-06
669    'tauGamma[20,3,3]'    1e-06
670    'tauGamma[21,1,1]'    1e-06
671    'tauGamma[21,1,2]'    1e-06
672    'tauGamma[21,1,3]'    1e-06
673    'tauGamma[21,2,1]'    1e-06
674    'tauGamma[21,2,2]'    1e-06
675    'tauGamma[21,2,3]'    1e-06
676    'tauGamma[21,3,1]'    1e-06
677    'tauGamma[21,3,2]'    1e-06
678    'tauGamma[21,3,3]'    1e-06
679    'tauGamma[22,1,1]'    1e-06
680    'tauGamma[22,1,2]'    1e-06
681    'tauGamma[22,1,3]'    1e-06
682    'tauGamma[22,2,1]'    1e-06
683    'tauGamma[22,2,2]'    1e-06
684    'tauGamma[22,2,3]'    1e-06
685    'tauGamma[22,3,1]'    1e-06
686    'tauGamma[22,3,2]'    1e-06
687    'tauGamma[22,3,3]'    1e-06
688    'tauGamma[23,1,1]'    1e-06
689    'tauGamma[23,1,2]'    1e-06
690    'tauGamma[23,1,3]'    1e-06
691    'tauGamma[23,2,1]'    1e-06
692    'tauGamma[23,2,2]'    1e-06
693    'tauGamma[23,2,3]'    1e-06
694    'tauGamma[23,3,1]'    1e-06
695    'tauGamma[23,3,2]'    1e-06
696    'tauGamma[23,3,3]'    1e-06
697    'tauGamma[24,1,1]'    1e-06
698    'tauGamma[24,1,2]'    1e-06
699    'tauGamma[24,1,3]'    1e-06
700    'tauGamma[24,2,1]'    1e-06
701    'tauGamma[24,2,2]'    1e-06
702    'tauGamma[24,2,3]'    1e-06
703    'tauGamma[24,3,1]'    1e-06
704    'tauGamma[24,3,2]'    1e-06
705    'tauGamma[24,3,3]'    1e-06
706    'tauGamma[25,1,1]'    1e-06
707    'tauGamma[25,1,2]'    1e-06
708    'tauGamma[25,1,3]'    1e-06
709    'tauGamma[25,2,1]'    1e-06
710    'tauGamma[25,2,2]'    1e-06
711    'tauGamma[25,2,3]'    1e-06
712    'tauGamma[25,3,1]'    1e-06
713    'tauGamma[25,3,2]'    1e-06
714    'tauGamma[25,3,3]'    1e-06
715    'tauGamma[26,1,1]'    1e-06
716    'tauGamma[26,1,2]'    1e-06
717    'tauGamma[26,1,3]'    1e-06
718    'tauGamma[26,2,1]'    1e-06
719    'tauGamma[26,2,2]'    1e-06
720    'tauGamma[26,2,3]'    1e-06
721    'tauGamma[26,3,1]'    1e-06
722    'tauGamma[26,3,2]'    1e-06
723    'tauGamma[26,3,3]'    1e-06
724    'tauGamma[27,1,1]'    1e-06
725    'tauGamma[27,1,2]'    1e-06
726    'tauGamma[27,1,3]'    1e-06
727    'tauGamma[27,2,1]'    1e-06
728    'tauGamma[27,2,2]'    1e-06
729    'tauGamma[27,2,3]'    1e-06
730    'tauGamma[27,3,1]'    1e-06
731    'tauGamma[27,3,2]'    1e-06
732    'tauGamma[27,3,3]'    1e-06
733    'tauGamma[28,1,1]'    1e-06
734    'tauGamma[28,1,2]'    1e-06
735    'tauGamma[28,1,3]'    1e-06
736    'tauGamma[28,2,1]'    1e-06
737    'tauGamma[28,2,2]'    1e-06
738    'tauGamma[28,2,3]'    1e-06
739    'tauGamma[28,3,1]'    1e-06
740    'tauGamma[28,3,2]'    1e-06
741    'tauGamma[28,3,3]'    1e-06
742    'tauGamma[29,1,1]'    1e-06
743    'tauGamma[29,1,2]'    1e-06
744    'tauGamma[29,1,3]'    1e-06
745    'tauGamma[29,2,1]'    1e-06
746    'tauGamma[29,2,2]'    1e-06
747    'tauGamma[29,2,3]'    1e-06
748    'tauGamma[29,3,1]'    1e-06
749    'tauGamma[29,3,2]'    1e-06
750    'tauGamma[29,3,3]'    1e-06
751    'tauGamma[30,1,1]'    1e-06
752    'tauGamma[30,1,2]'    1e-06
753    'tauGamma[30,1,3]'    1e-06
754    'tauGamma[30,2,1]'    1e-06
755    'tauGamma[30,2,2]'    1e-06
756    'tauGamma[30,2,3]'    1e-06
757    'tauGamma[30,3,1]'    1e-06
758    'tauGamma[30,3,2]'    1e-06
759    'tauGamma[30,3,3]'    1e-06
760    'PGamma[1,1,1]'           1
761    'PGamma[1,1,2]'           1
762    'PGamma[1,1,3]'           1
763    'PGamma[1,2,1]'           1
764    'PGamma[1,2,2]'           1
765    'PGamma[1,2,3]'           1
766    'PGamma[1,3,1]'           1
767    'PGamma[1,3,2]'           1
768    'PGamma[1,3,3]'           1
769    'PGamma[2,1,1]'           1
770    'PGamma[2,1,2]'           1
771    'PGamma[2,1,3]'           1
772    'PGamma[2,2,1]'           1
773    'PGamma[2,2,2]'           1
774    'PGamma[2,2,3]'           1
775    'PGamma[2,3,1]'           1
776    'PGamma[2,3,2]'           1
777    'PGamma[2,3,3]'           1
778    'PGamma[3,1,1]'           1
779    'PGamma[3,1,2]'           1
780    'PGamma[3,1,3]'           1
781    'PGamma[3,2,1]'           1
782    'PGamma[3,2,2]'           1
783    'PGamma[3,2,3]'           1
784    'PGamma[3,3,1]'           1
785    'PGamma[3,3,2]'           1
786    'PGamma[3,3,3]'           1
787    'PGamma[4,1,1]'           1
788    'PGamma[4,1,2]'           1
789    'PGamma[4,1,3]'           1
790    'PGamma[4,2,1]'           1
791    'PGamma[4,2,2]'           1
792    'PGamma[4,2,3]'           1
793    'PGamma[4,3,1]'           1
794    'PGamma[4,3,2]'           1
795    'PGamma[4,3,3]'           1
796    'PGamma[5,1,1]'           1
797    'PGamma[5,1,2]'           1
798    'PGamma[5,1,3]'           1
799    'PGamma[5,2,1]'           1
800    'PGamma[5,2,2]'           1
801    'PGamma[5,2,3]'           1
802    'PGamma[5,3,1]'           1
803    'PGamma[5,3,2]'           1
804    'PGamma[5,3,3]'           1
805    'PGamma[6,1,1]'           1
806    'PGamma[6,1,2]'           1
807    'PGamma[6,1,3]'           1
808    'PGamma[6,2,1]'           1
809    'PGamma[6,2,2]'           1
810    'PGamma[6,2,3]'           1
811    'PGamma[6,3,1]'           1
812    'PGamma[6,3,2]'           1
813    'PGamma[6,3,3]'           1
814    'PGamma[7,1,1]'           1
815    'PGamma[7,1,2]'           1
816    'PGamma[7,1,3]'           1
817    'PGamma[7,2,1]'           1
818    'PGamma[7,2,2]'           1
819    'PGamma[7,2,3]'           1
820    'PGamma[7,3,1]'           1
821    'PGamma[7,3,2]'           1
822    'PGamma[7,3,3]'           1
823    'PGamma[8,1,1]'           1
824    'PGamma[8,1,2]'           1
825    'PGamma[8,1,3]'           1
826    'PGamma[8,2,1]'           1
827    'PGamma[8,2,2]'           1
828    'PGamma[8,2,3]'           1
829    'PGamma[8,3,1]'           1
830    'PGamma[8,3,2]'           1
831    'PGamma[8,3,3]'           1
832    'PGamma[9,1,1]'           1
833    'PGamma[9,1,2]'           1
834    'PGamma[9,1,3]'           1
835    'PGamma[9,2,1]'           1
836    'PGamma[9,2,2]'           1
837    'PGamma[9,2,3]'           1
838    'PGamma[9,3,1]'           1
839    'PGamma[9,3,2]'           1
840    'PGamma[9,3,3]'           1
841    'PGamma[10,1,1]'          1
842    'PGamma[10,1,2]'          1
843    'PGamma[10,1,3]'          1
844    'PGamma[10,2,1]'          1
845    'PGamma[10,2,2]'          1
846    'PGamma[10,2,3]'          1
847    'PGamma[10,3,1]'          1
848    'PGamma[10,3,2]'          1
849    'PGamma[10,3,3]'          1
850    'PGamma[11,1,1]'          1
851    'PGamma[11,1,2]'          1
852    'PGamma[11,1,3]'          1
853    'PGamma[11,2,1]'          1
854    'PGamma[11,2,2]'          1
855    'PGamma[11,2,3]'          1
856    'PGamma[11,3,1]'          1
857    'PGamma[11,3,2]'          1
858    'PGamma[11,3,3]'          1
859    'PGamma[12,1,1]'          1
860    'PGamma[12,1,2]'          1
861    'PGamma[12,1,3]'          1
862    'PGamma[12,2,1]'          1
863    'PGamma[12,2,2]'          1
864    'PGamma[12,2,3]'          1
865    'PGamma[12,3,1]'          1
866    'PGamma[12,3,2]'          1
867    'PGamma[12,3,3]'          1
868    'PGamma[13,1,1]'          1
869    'PGamma[13,1,2]'          1
870    'PGamma[13,1,3]'          1
871    'PGamma[13,2,1]'          1
872    'PGamma[13,2,2]'          1
873    'PGamma[13,2,3]'          1
874    'PGamma[13,3,1]'          1
875    'PGamma[13,3,2]'          1
876    'PGamma[13,3,3]'          1
877    'PGamma[14,1,1]'          1
878    'PGamma[14,1,2]'          1
879    'PGamma[14,1,3]'          1
880    'PGamma[14,2,1]'          1
881    'PGamma[14,2,2]'          1
882    'PGamma[14,2,3]'          1
883    'PGamma[14,3,1]'          1
884    'PGamma[14,3,2]'          1
885    'PGamma[14,3,3]'          1
886    'PGamma[15,1,1]'          1
887    'PGamma[15,1,2]'          1
888    'PGamma[15,1,3]'          1
889    'PGamma[15,2,1]'          1
890    'PGamma[15,2,2]'          1
891    'PGamma[15,2,3]'          1
892    'PGamma[15,3,1]'          1
893    'PGamma[15,3,2]'          1
894    'PGamma[15,3,3]'          1
895    'PGamma[16,1,1]'          1
896    'PGamma[16,1,2]'          1
897    'PGamma[16,1,3]'          1
898    'PGamma[16,2,1]'          1
899    'PGamma[16,2,2]'          1
900    'PGamma[16,2,3]'          1
901    'PGamma[16,3,1]'          1
902    'PGamma[16,3,2]'          1
903    'PGamma[16,3,3]'          1
904    'PGamma[17,1,1]'          1
905    'PGamma[17,1,2]'          1
906    'PGamma[17,1,3]'          1
907    'PGamma[17,2,1]'          1
908    'PGamma[17,2,2]'          1
909    'PGamma[17,2,3]'          1
910    'PGamma[17,3,1]'          1
911    'PGamma[17,3,2]'          1
912    'PGamma[17,3,3]'          1
913    'PGamma[18,1,1]'          1
914    'PGamma[18,1,2]'          1
915    'PGamma[18,1,3]'          1
916    'PGamma[18,2,1]'          1
917    'PGamma[18,2,2]'          1
918    'PGamma[18,2,3]'          1
919    'PGamma[18,3,1]'          1
920    'PGamma[18,3,2]'          1
921    'PGamma[18,3,3]'          1
922    'PGamma[19,1,1]'          1
923    'PGamma[19,1,2]'          1
924    'PGamma[19,1,3]'          1
925    'PGamma[19,2,1]'          1
926    'PGamma[19,2,2]'          1
927    'PGamma[19,2,3]'          1
928    'PGamma[19,3,1]'          1
929    'PGamma[19,3,2]'          1
930    'PGamma[19,3,3]'          1
931    'PGamma[20,1,1]'          1
932    'PGamma[20,1,2]'          1
933    'PGamma[20,1,3]'          1
934    'PGamma[20,2,1]'          1
935    'PGamma[20,2,2]'          1
936    'PGamma[20,2,3]'          1
937    'PGamma[20,3,1]'          1
938    'PGamma[20,3,2]'          1
939    'PGamma[20,3,3]'          1
940    'PGamma[21,1,1]'          1
941    'PGamma[21,1,2]'          1
942    'PGamma[21,1,3]'          1
943    'PGamma[21,2,1]'          1
944    'PGamma[21,2,2]'          1
945    'PGamma[21,2,3]'          1
946    'PGamma[21,3,1]'          1
947    'PGamma[21,3,2]'          1
948    'PGamma[21,3,3]'          1
949    'PGamma[22,1,1]'          1
950    'PGamma[22,1,2]'          1
951    'PGamma[22,1,3]'          1
952    'PGamma[22,2,1]'          1
953    'PGamma[22,2,2]'          1
954    'PGamma[22,2,3]'          1
955    'PGamma[22,3,1]'          1
956    'PGamma[22,3,2]'          1
957    'PGamma[22,3,3]'          1
958    'PGamma[23,1,1]'          1
959    'PGamma[23,1,2]'          1
960    'PGamma[23,1,3]'          1
961    'PGamma[23,2,1]'          1
962    'PGamma[23,2,2]'          1
963    'PGamma[23,2,3]'          1
964    'PGamma[23,3,1]'          1
965    'PGamma[23,3,2]'          1
966    'PGamma[23,3,3]'          1
967    'PGamma[24,1,1]'          1
968    'PGamma[24,1,2]'          1
969    'PGamma[24,1,3]'          1
970    'PGamma[24,2,1]'          1
971    'PGamma[24,2,2]'          1
972    'PGamma[24,2,3]'          1
973    'PGamma[24,3,1]'          1
974    'PGamma[24,3,2]'          1
975    'PGamma[24,3,3]'          1
976    'PGamma[25,1,1]'          1
977    'PGamma[25,1,2]'          1
978    'PGamma[25,1,3]'          1
979    'PGamma[25,2,1]'          1
980    'PGamma[25,2,2]'          1
981    'PGamma[25,2,3]'          1
982    'PGamma[25,3,1]'          1
983    'PGamma[25,3,2]'          1
984    'PGamma[25,3,3]'          1
985    'PGamma[26,1,1]'          1
986    'PGamma[26,1,2]'          1
987    'PGamma[26,1,3]'          1
988    'PGamma[26,2,1]'          1
989    'PGamma[26,2,2]'          1
990    'PGamma[26,2,3]'          1
991    'PGamma[26,3,1]'          1
992    'PGamma[26,3,2]'          1
993    'PGamma[26,3,3]'          1
994    'PGamma[27,1,1]'          1
995    'PGamma[27,1,2]'          1
996    'PGamma[27,1,3]'          1
997    'PGamma[27,2,1]'          1
998    'PGamma[27,2,2]'          1
999    'PGamma[27,2,3]'          1
1000   'PGamma[27,3,1]'          1
1001   'PGamma[27,3,2]'          1
1002   'PGamma[27,3,3]'          1
1003   'PGamma[28,1,1]'          1
1004   'PGamma[28,1,2]'          1
1005   'PGamma[28,1,3]'          1
1006   'PGamma[28,2,1]'          1
1007   'PGamma[28,2,2]'          1
1008   'PGamma[28,2,3]'          1
1009   'PGamma[28,3,1]'          1
1010   'PGamma[28,3,2]'          1
1011   'PGamma[28,3,3]'          1
1012   'PGamma[29,1,1]'          1
1013   'PGamma[29,1,2]'          1
1014   'PGamma[29,1,3]'          1
1015   'PGamma[29,2,1]'          1
1016   'PGamma[29,2,2]'          1
1017   'PGamma[29,2,3]'          1
1018   'PGamma[29,3,1]'          1
1019   'PGamma[29,3,2]'          1
1020   'PGamma[29,3,3]'          1
1021   'PGamma[30,1,1]'          1
1022   'PGamma[30,1,2]'          1
1023   'PGamma[30,1,3]'          1
1024   'PGamma[30,2,1]'          1
1025   'PGamma[30,2,2]'          1
1026   'PGamma[30,2,3]'          1
1027   'PGamma[30,3,1]'          1
1028   'PGamma[30,3,2]'          1
1029   'PGamma[30,3,3]'          1
1030   'SGamma1[1,1]'            1.03094e-06
1031   'SGamma1[1,2]'            1.03094e-06
1032   'SGamma1[1,3]'            1.03094e-06
1033   'SGamma1[2,1]'            1.38152e-06
1034   'SGamma1[2,2]'            1.38152e-06
1035   'SGamma1[2,3]'            1.38152e-06
1036   'SGamma1[3,1]'            1.06199e-06
1037   'SGamma1[3,2]'            1.06199e-06
1038   'SGamma1[3,3]'            1.06199e-06
1039   'SGamma1[4,1]'            9.79142e-07
1040   'SGamma1[4,2]'            9.79142e-07
1041   'SGamma1[4,3]'            9.79142e-07
1042   'SGamma1[5,1]'            9.77112e-07
1043   'SGamma1[5,2]'            9.77112e-07
1044   'SGamma1[5,3]'            9.77112e-07
1045   'SGamma1[6,1]'            9.81848e-07
1046   'SGamma1[6,2]'            9.81848e-07
1047   'SGamma1[6,3]'            9.81848e-07
1048   'SGamma1[7,1]'            9.89339e-07
1049   'SGamma1[7,2]'            9.89339e-07
1050   'SGamma1[7,3]'            9.89339e-07
1051   'SGamma1[8,1]'            9.99378e-07
1052   'SGamma1[8,2]'            9.99378e-07
1053   'SGamma1[8,3]'            9.99378e-07
1054   'SGamma1[9,1]'            1.00869e-06
1055   'SGamma1[9,2]'            1.00869e-06
1056   'SGamma1[9,3]'            1.00869e-06
1057   'SGamma1[10,1]'           1.01764e-06
1058   'SGamma1[10,2]'           1.01764e-06
1059   'SGamma1[10,3]'           1.01764e-06
1060   'SGamma1[11,1]'           1.02581e-06
1061   'SGamma1[11,2]'           1.02581e-06
1062   'SGamma1[11,3]'           1.02581e-06
1063   'SGamma1[12,1]'           1.03431e-06
1064   'SGamma1[12,2]'           1.03431e-06
1065   'SGamma1[12,3]'           1.03431e-06
1066   'SGamma1[13,1]'           1.04445e-06
1067   'SGamma1[13,2]'           1.04445e-06
1068   'SGamma1[13,3]'           1.04445e-06
1069   'SGamma1[14,1]'           1.05776e-06
1070   'SGamma1[14,2]'           1.05776e-06
1071   'SGamma1[14,3]'           1.05776e-06
1072   'SGamma1[15,1]'           1.0743e-06
1073   'SGamma1[15,2]'           1.0743e-06
1074   'SGamma1[15,3]'           1.0743e-06
1075   'SGamma1[16,1]'           1.00896e-06
1076   'SGamma1[16,2]'           1.00896e-06
1077   'SGamma1[16,3]'           1.00896e-06
1078   'SGamma1[17,1]'           9.89164e-07
1079   'SGamma1[17,2]'           9.89164e-07
1080   'SGamma1[17,3]'           9.89164e-07
1081   'SGamma1[18,1]'           9.7924e-07
1082   'SGamma1[18,2]'           9.7924e-07
1083   'SGamma1[18,3]'           9.7924e-07
1084   'SGamma1[19,1]'           9.75331e-07
1085   'SGamma1[19,2]'           9.75331e-07
1086   'SGamma1[19,3]'           9.75331e-07
1087   'SGamma1[20,1]'           9.74406e-07
1088   'SGamma1[20,2]'           9.74406e-07
1089   'SGamma1[20,3]'           9.74406e-07
1090   'SGamma1[21,1]'           9.74823e-07
1091   'SGamma1[21,2]'           9.74823e-07
1092   'SGamma1[21,3]'           9.74823e-07
1093   'SGamma1[22,1]'           9.74917e-07
1094   'SGamma1[22,2]'           9.74917e-07
1095   'SGamma1[22,3]'           9.74917e-07
1096   'SGamma1[23,1]'           9.75763e-07
1097   'SGamma1[23,2]'           9.75763e-07
1098   'SGamma1[23,3]'           9.75763e-07
1099   'SGamma1[24,1]'           9.76137e-07
1100   'SGamma1[24,2]'           9.76137e-07
1101   'SGamma1[24,3]'           9.76137e-07
1102   'SGamma1[25,1]'           9.75503e-07
1103   'SGamma1[25,2]'           9.75503e-07
1104   'SGamma1[25,3]'           9.75503e-07
1105   'SGamma1[26,1]'           9.71848e-07
1106   'SGamma1[26,2]'           9.71848e-07
1107   'SGamma1[26,3]'           9.71848e-07
1108   'SGamma1[27,1]'           9.63786e-07
1109   'SGamma1[27,2]'           9.63786e-07
1110   'SGamma1[27,3]'           9.63786e-07
1111   'SGamma1[28,1]'           9.48662e-07
1112   'SGamma1[28,2]'           9.48662e-07
1113   'SGamma1[28,3]'           9.48662e-07
1114   'SGamma1[29,1]'           9.23098e-07
1115   'SGamma1[29,2]'           9.23098e-07
1116   'SGamma1[29,3]'           9.23098e-07
1117   'SGamma1[30,1]'           7.58035e-07
1118   'SGamma1[30,2]'           7.58035e-07
1119   'SGamma1[30,3]'           7.58035e-07
1120   'SGamma2[1,1]'            1.03094
1121   'SGamma2[1,2]'            1.03094
1122   'SGamma2[1,3]'            1.03094
1123   'SGamma2[2,1]'            1.38152
1124   'SGamma2[2,2]'            1.38152
1125   'SGamma2[2,3]'            1.38152
1126   'SGamma2[3,1]'            1.06199
1127   'SGamma2[3,2]'            1.06199
1128   'SGamma2[3,3]'            1.06199
1129   'SGamma2[4,1]'            0.979142
1130   'SGamma2[4,2]'            0.979142
1131   'SGamma2[4,3]'            0.979142
1132   'SGamma2[5,1]'            0.977112
1133   'SGamma2[5,2]'            0.977112
1134   'SGamma2[5,3]'            0.977112
1135   'SGamma2[6,1]'            0.981848
1136   'SGamma2[6,2]'            0.981848
1137   'SGamma2[6,3]'            0.981848
1138   'SGamma2[7,1]'            0.989339
1139   'SGamma2[7,2]'            0.989339
1140   'SGamma2[7,3]'            0.989339
1141   'SGamma2[8,1]'            0.999378
1142   'SGamma2[8,2]'            0.999378
1143   'SGamma2[8,3]'            0.999378
1144   'SGamma2[9,1]'            1.00869
1145   'SGamma2[9,2]'            1.00869
1146   'SGamma2[9,3]'            1.00869
1147   'SGamma2[10,1]'           1.01764
1148   'SGamma2[10,2]'           1.01764
1149   'SGamma2[10,3]'           1.01764
1150   'SGamma2[11,1]'           1.02581
1151   'SGamma2[11,2]'           1.02581
1152   'SGamma2[11,3]'           1.02581
1153   'SGamma2[12,1]'           1.03431
1154   'SGamma2[12,2]'           1.03431
1155   'SGamma2[12,3]'           1.03431
1156   'SGamma2[13,1]'           1.04445
1157   'SGamma2[13,2]'           1.04445
1158   'SGamma2[13,3]'           1.04445
1159   'SGamma2[14,1]'           1.05776
1160   'SGamma2[14,2]'           1.05776
1161   'SGamma2[14,3]'           1.05776
1162   'SGamma2[15,1]'           1.0743
1163   'SGamma2[15,2]'           1.0743
1164   'SGamma2[15,3]'           1.0743
1165   'SGamma2[16,1]'           1.00896
1166   'SGamma2[16,2]'           1.00896
1167   'SGamma2[16,3]'           1.00896
1168   'SGamma2[17,1]'           0.989164
1169   'SGamma2[17,2]'           0.989164
1170   'SGamma2[17,3]'           0.989164
1171   'SGamma2[18,1]'           0.97924
1172   'SGamma2[18,2]'           0.97924
1173   'SGamma2[18,3]'           0.97924
1174   'SGamma2[19,1]'           0.975331
1175   'SGamma2[19,2]'           0.975331
1176   'SGamma2[19,3]'           0.975331
1177   'SGamma2[20,1]'           0.974406
1178   'SGamma2[20,2]'           0.974406
1179   'SGamma2[20,3]'           0.974406
1180   'SGamma2[21,1]'           0.974823
1181   'SGamma2[21,2]'           0.974823
1182   'SGamma2[21,3]'           0.974823
1183   'SGamma2[22,1]'           0.974917
1184   'SGamma2[22,2]'           0.974917
1185   'SGamma2[22,3]'           0.974917
1186   'SGamma2[23,1]'           0.975763
1187   'SGamma2[23,2]'           0.975763
1188   'SGamma2[23,3]'           0.975763
1189   'SGamma2[24,1]'           0.976137
1190   'SGamma2[24,2]'           0.976137
1191   'SGamma2[24,3]'           0.976137
1192   'SGamma2[25,1]'           0.975503
1193   'SGamma2[25,2]'           0.975503
1194   'SGamma2[25,3]'           0.975503
1195   'SGamma2[26,1]'           0.971848
1196   'SGamma2[26,2]'           0.971848
1197   'SGamma2[26,3]'           0.971848
1198   'SGamma2[27,1]'           0.963786
1199   'SGamma2[27,2]'           0.963786
1200   'SGamma2[27,3]'           0.963786
1201   'SGamma2[28,1]'           0.948662
1202   'SGamma2[28,2]'           0.948662
1203   'SGamma2[28,3]'           0.948662
1204   'SGamma2[29,1]'           0.923098
1205   'SGamma2[29,2]'           0.923098
1206   'SGamma2[29,3]'           0.923098
1207   'SGamma2[30,1]'           0.758035
1208   'SGamma2[30,2]'           0.758035
1209   'SGamma2[30,3]'           0.758035
1210   'gamma[1,1]'              1
1211   'gamma[1,2]'              1
1212   'gamma[1,3]'              1
1213   'gamma[2,1]'              1
1214   'gamma[2,2]'              1
1215   'gamma[2,3]'              1
1216   'gamma[3,1]'              1
1217   'gamma[3,2]'              1
1218   'gamma[3,3]'              1
1219   'gamma[4,1]'              1
1220   'gamma[4,2]'              1
1221   'gamma[4,3]'              1
1222   'gamma[5,1]'              1
1223   'gamma[5,2]'              1
1224   'gamma[5,3]'              1
1225   'gamma[6,1]'              1
1226   'gamma[6,2]'              1
1227   'gamma[6,3]'              1
1228   'gamma[7,1]'              1
1229   'gamma[7,2]'              1
1230   'gamma[7,3]'              1
1231   'gamma[8,1]'              1
1232   'gamma[8,2]'              1
1233   'gamma[8,3]'              1
1234   'gamma[9,1]'              1
1235   'gamma[9,2]'              1
1236   'gamma[9,3]'              1
1237   'gamma[10,1]'             1
1238   'gamma[10,2]'             1
1239   'gamma[10,3]'             1
1240   'gamma[11,1]'             1
1241   'gamma[11,2]'             1
1242   'gamma[11,3]'             1
1243   'gamma[12,1]'             1
1244   'gamma[12,2]'             1
1245   'gamma[12,3]'             1
1246   'gamma[13,1]'             1
1247   'gamma[13,2]'             1
1248   'gamma[13,3]'             1
1249   'gamma[14,1]'             1
1250   'gamma[14,2]'             1
1251   'gamma[14,3]'             1
1252   'gamma[15,1]'             1
1253   'gamma[15,2]'             1
1254   'gamma[15,3]'             1
1255   'gamma[16,1]'             1
1256   'gamma[16,2]'             1
1257   'gamma[16,3]'             1
1258   'gamma[17,1]'             1
1259   'gamma[17,2]'             1
1260   'gamma[17,3]'             1
1261   'gamma[18,1]'             1
1262   'gamma[18,2]'             1
1263   'gamma[18,3]'             1
1264   'gamma[19,1]'             1
1265   'gamma[19,2]'             1
1266   'gamma[19,3]'             1
1267   'gamma[20,1]'             1
1268   'gamma[20,2]'             1
1269   'gamma[20,3]'             1
1270   'gamma[21,1]'             1
1271   'gamma[21,2]'             1
1272   'gamma[21,3]'             1
1273   'gamma[22,1]'             1
1274   'gamma[22,2]'             1
1275   'gamma[22,3]'             1
1276   'gamma[23,1]'             1
1277   'gamma[23,2]'             1
1278   'gamma[23,3]'             1
1279   'gamma[24,1]'             1
1280   'gamma[24,2]'             1
1281   'gamma[24,3]'             1
1282   'gamma[25,1]'             1
1283   'gamma[25,2]'             1
1284   'gamma[25,3]'             1
1285   'gamma[26,1]'             1
1286   'gamma[26,2]'             1
1287   'gamma[26,3]'             1
1288   'gamma[27,1]'             1
1289   'gamma[27,2]'             1
1290   'gamma[27,3]'             1
1291   'gamma[28,1]'             1
1292   'gamma[28,2]'             1
1293   'gamma[28,3]'             1
1294   'gamma[29,1]'             1
1295   'gamma[29,2]'             1
1296   'gamma[29,3]'             1
1297   'gamma[30,1]'             1
1298   'gamma[30,2]'             1
1299   'gamma[30,3]'             1
1300   'PrS[1,1]'           141012
1301   'PrS[1,2]'            56314.3
1302   'PrS[1,3]'            25395.5
1303   'PrS[2,1]'            23030.7
1304   'PrS[2,2]'             7420.7
1305   'PrS[2,3]'             2689.39
1306   'PrS[3,1]'            65046.8
1307   'PrS[3,2]'            23688.5
1308   'PrS[3,3]'             9748.41
1309   'PrS[4,1]'            71150.2
1310   'PrS[4,2]'            26188.7
1311   'PrS[4,3]'            10894.1
1312   'PrS[5,1]'            68338.5
1313   'PrS[5,2]'            25033.6
1314   'PrS[5,3]'            10363.3
1315   'PrS[6,1]'            66035
1316   'PrS[6,2]'            24091.5
1317   'PrS[6,3]'             9932.25
1318   'PrS[7,1]'            64272.1
1319   'PrS[7,2]'            23373.1
1320   'PrS[7,3]'             9604.74
1321   'PrS[8,1]'            62794.1
1322   'PrS[8,2]'            22772.7
1323   'PrS[8,3]'             9331.81
1324   'PrS[9,1]'            61656.3
1325   'PrS[9,2]'            22311.6
1326   'PrS[9,3]'             9122.74
1327   'PrS[10,1]'           60688
1328   'PrS[10,2]'           21920
1329   'PrS[10,3]'            8945.51
1330   'PrS[11,1]'           59834.3
1331   'PrS[11,2]'           21575.4
1332   'PrS[11,3]'            8789.82
1333   'PrS[12,1]'           58952.5
1334   'PrS[12,2]'           21220
1335   'PrS[12,3]'            8629.57
1336   'PrS[13,1]'           57873.4
1337   'PrS[13,2]'           20786
1338   'PrS[13,3]'            8434.21
1339   'PrS[14,1]'           56373.7
1340   'PrS[14,2]'           20184.5
1341   'PrS[14,3]'            8164.17
1342   'PrS[15,1]'           54331.3
1343   'PrS[15,2]'           19368.4
1344   'PrS[15,3]'            7799.12
1345   'PrS[16,1]'           55365.7
1346   'PrS[16,2]'           19781.2
1347   'PrS[16,3]'            7983.59
1348   'PrS[17,1]'           54465.3
1349   'PrS[17,2]'           19421.8
1350   'PrS[17,3]'            7822.96
1351   'PrS[18,1]'           53831.9
1352   'PrS[18,2]'           19169.3
1353   'PrS[18,3]'            7710.34
1354   'PrS[19,1]'           53381.7
1355   'PrS[19,2]'           18990.1
1356   'PrS[19,3]'            7630.49
1357   'PrS[20,1]'           53030.4
1358   'PrS[20,2]'           18850.4
1359   'PrS[20,3]'            7568.29
1360   'PrS[21,1]'           52730.6
1361   'PrS[21,2]'           18731.3
1362   'PrS[21,3]'            7515.28
1363   'PrS[22,1]'           52522.2
1364   'PrS[22,2]'           18648.5
1365   'PrS[22,3]'            7478.48
1366   'PrS[23,1]'           52225.7
1367   'PrS[23,2]'           18530.8
1368   'PrS[23,3]'            7426.18
1369   'PrS[24,1]'           51863.1
1370   'PrS[24,2]'           18387
1371   'PrS[24,3]'            7362.31
1372   'PrS[25,1]'           51351.6
1373   'PrS[25,2]'           18184.3
1374   'PrS[25,3]'            7272.39
1375   'PrS[26,1]'           50672.5
1376   'PrS[26,2]'           17915.6
1377   'PrS[26,3]'            7153.35
1378   'PrS[27,1]'           49587.3
1379   'PrS[27,2]'           17487
1380   'PrS[27,3]'            6963.9
1381   'PrS[28,1]'           47860.1
1382   'PrS[28,2]'           16807.3
1383   'PrS[28,3]'            6664.42
1384   'PrS[29,1]'           45512.9
1385   'PrS[29,2]'           15888.3
1386   'PrS[29,3]'            6261.53
1387   'PrS[30,1]'           52307.9
1388   'PrS[30,2]'           18563.4
1389   'PrS[30,3]'            7440.66
1390   'PrSF[1]'             62118.8
1391   'PrSF[2]'             22498.9
1392   'PrSF[3]'              9207.62
1393   Vap                      20.3506
;

