solve_message = 'LANCELOT: too many iterations.\
1000 iterations; objective 32.036107602233145\
M = 273, N = 275, nslacks = 2, NEL = 802, NG = 140724603453714\
NFCALL = 1001, NGCALL = 832'

:           _varname              _var          :=
1      'F[2]'                    0
2      'F[3]'                    0
3      'F[4]'                    0
4      'F[5]'                    0
5      'F[6]'                    0
6      'F[7]'                    0
7      'F[8]'                    0
8      'F[9]'                    0
9      'F[10]'                   0
10     'F[11]'                   0
11     'F[12]'                   0
12     'F[13]'                   0
13     'F[14]'                   0
14     'F[15]'                 100
15     'F[16]'                   0
16     'F[17]'                   0
17     'F[18]'                   0
18     'F[19]'                   0
19     'F[20]'                   0
20     'F[21]'                   0
21     'F[22]'                   0
22     'F[23]'                   0
23     'F[24]'                   0
24     'F[25]'                   0
25     'F[26]'                   0
26     'F[27]'                   0
27     'F[28]'                   0
28     'F[29]'                   0
29     'V[1]'                   32.0361
30     'V[2]'                  136.85
31     'V[3]'                   71.7926
32     'V[4]'                   68.2824
33     'V[5]'                   68.841
34     'V[6]'                   69.5299
35     'V[7]'                   70.2374
36     'V[8]'                   70.936
37     'V[9]'                   71.6787
38     'V[10]'                  72.5055
39     'V[11]'                  73.4762
40     'V[12]'                  74.542
41     'V[13]'                  75.8399
42     'V[14]'                  80.2461
43     'V[15]'                 121.41
44     'V[16]'                  77.4616
45     'V[17]'                  74.2525
46     'V[18]'                  74.4197
47     'V[19]'                  74.7066
48     'V[20]'                  75.0261
49     'V[21]'                  75.3428
50     'V[22]'                  75.6653
51     'V[23]'                  76.0016
52     'V[24]'                  76.3494
53     'V[25]'                  76.7068
54     'V[26]'                  77.0724
55     'V[27]'                  77.4449
56     'V[28]'                  77.836
57     'V[29]'                  78.2206
58     'V[30]'                   0
59     'y[1,1]'                  0.000484116
60     'y[1,2]'                  0.600538
61     'y[1,3]'                  1
62     'y[2,1]'                  0.000257093
63     'y[2,2]'                  0.27394
64     'y[2,3]'                  0.245132
65     'y[3,1]'                  0.000487232
66     'y[3,2]'                  0.597793
67     'y[3,3]'                  0.353151
68     'y[4,1]'                  0.000398339
69     'y[4,2]'                  0.689208
70     'y[4,3]'                  0.315049
71     'y[5,1]'                  0.000243922
72     'y[5,2]'                  0.725178
73     'y[5,3]'                  0.281454
74     'y[6,1]'                  0.00010025
75     'y[6,2]'                  0.745781
76     'y[6,3]'                  0.260336
77     'y[7,1]'                  0
78     'y[7,2]'                  0.758044
79     'y[7,3]'                  0.246383
80     'y[8,1]'                  0
81     'y[8,2]'                  0.765389
82     'y[8,3]'                  0.236209
83     'y[9,1]'                  0.000959456
84     'y[9,2]'                  0.768578
85     'y[9,3]'                  0.227624
86     'y[10,1]'                 0.0043646
87     'y[10,2]'                 0.766778
88     'y[10,3]'                 0.219189
89     'y[11,1]'                 0.013473
90     'y[11,2]'                 0.756618
91     'y[11,3]'                 0.209521
92     'y[12,1]'                 0.0353308
93     'y[12,2]'                 0.730231
94     'y[12,3]'                 0.196635
95     'y[13,1]'                 0.0827899
96     'y[13,2]'                 0.667683
97     'y[13,3]'                 0.176054
98     'y[14,1]'                 0.166128
99     'y[14,2]'                 0.529121
100    'y[14,3]'                 0.13867
101    'y[15,1]'                 0.252721
102    'y[15,2]'                 0.309687
103    'y[15,3]'                 0.0831047
104    'y[16,1]'                 0.388563
105    'y[16,2]'                 0.465376
106    'y[16,3]'                 0.116017
107    'y[17,1]'                 0.403912
108    'y[17,2]'                 0.485806
109    'y[17,3]'                 0.118484
110    'y[18,1]'                 0.402662
111    'y[18,2]'                 0.488661
112    'y[18,3]'                 0.117758
113    'y[19,1]'                 0.400848
114    'y[19,2]'                 0.490882
115    'y[19,3]'                 0.116919
116    'y[20,1]'                 0.398864
117    'y[20,2]'                 0.492903
118    'y[20,3]'                 0.11605
119    'y[21,1]'                 0.396891
120    'y[21,2]'                 0.494905
121    'y[21,3]'                 0.115206
122    'y[22,1]'                 0.394921
123    'y[22,2]'                 0.496861
124    'y[22,3]'                 0.114389
125    'y[23,1]'                 0.392885
126    'y[23,2]'                 0.498724
127    'y[23,3]'                 0.113564
128    'y[24,1]'                 0.390808
129    'y[24,2]'                 0.500517
130    'y[24,3]'                 0.112724
131    'y[25,1]'                 0.388702
132    'y[25,2]'                 0.502236
133    'y[25,3]'                 0.111892
134    'y[26,1]'                 0.386577
135    'y[26,2]'                 0.503867
136    'y[26,3]'                 0.111055
137    'y[27,1]'                 0.384428
138    'y[27,2]'                 0.505446
139    'y[27,3]'                 0.110235
140    'y[28,1]'                 0.382213
141    'y[28,2]'                 0.506921
142    'y[28,3]'                 0.10942
143    'y[29,1]'                 0.380674
144    'y[29,2]'                 0.509605
145    'y[29,3]'                 0.108654
146    'y[30,1]'                 0.459346
147    'y[30,2]'                 0.611683
148    'y[30,3]'                 0.125654
149    'L[1]'                    0
150    'L[2]'                   63.5881
151    'L[3]'                   98.7082
152    'L[4]'                  100.334
153    'L[5]'                  100.534
154    'L[6]'                  100.716
155    'L[7]'                  100.671
156    'L[8]'                  100.423
157    'L[9]'                   99.9067
158    'L[10]'                  99.0816
159    'L[11]'                  97.8971
160    'L[12]'                  96.2235
161    'L[13]'                  93.2624
162    'L[14]'                  86.6731
163    'L[15]'                  72.9626
164    'L[16]'                   5.75943
165    'L[17]'                   2.49182
166    'L[18]'                   1.92563
167    'L[19]'                   1.86094
168    'L[20]'                   1.82086
169    'L[21]'                   1.78443
170    'L[22]'                   1.74813
171    'L[23]'                   1.7115
172    'L[24]'                   1.67582
173    'L[25]'                   1.6413
174    'L[26]'                   1.60732
175    'L[27]'                   1.5742
176    'L[28]'                   1.54164
177    'L[29]'                   1.51369
178    'L[30]'                   2.68294
179    'x[1,1]'                  7.45094e-05
180    'x[1,2]'                  0.222296
181    'x[1,3]'                  0.789754
182    'x[2,1]'                  0.000143893
183    'x[2,2]'                  0.430108
184    'x[2,3]'                  0.955847
185    'x[3,1]'                  0.000144252
186    'x[3,2]'                  0.460293
187    'x[3,3]'                  0.625773
188    'x[4,1]'                  0.00011287
189    'x[4,2]'                  0.505244
190    'x[4,3]'                  0.528759
191    'x[5,1]'                  7.05237e-05
192    'x[5,2]'                  0.543747
193    'x[5,3]'                  0.484306
194    'x[6,1]'                  2.94589e-05
195    'x[6,2]'                  0.569449
196    'x[6,3]'                  0.457054
197    'x[7,1]'                  0
198    'x[7,2]'                  0.587162
199    'x[7,3]'                  0.43946
200    'x[8,1]'                  0
201    'x[8,2]'                  0.6007
202    'x[8,3]'                  0.427484
203    'x[9,1]'                  0.000292951
204    'x[9,2]'                  0.612565
205    'x[9,3]'                  0.419021
206    'x[10,1]'                 0.00135759
207    'x[10,2]'                 0.623947
208    'x[10,3]'                 0.412858
209    'x[11,1]'                 0.00430729
210    'x[11,2]'                 0.634879
211    'x[11,3]'                 0.408277
212    'x[12,1]'                 0.01181
213    'x[12,2]'                 0.644077
214    'x[12,3]'                 0.404899
215    'x[13,1]'                 0.0302326
216    'x[13,2]'                 0.650165
217    'x[13,3]'                 0.404459
218    'x[14,1]'                 0.0750425
219    'x[14,2]'                 0.653665
220    'x[14,3]'                 0.414586
221    'x[15,1]'                 0.186309
222    'x[15,2]'                 0.661665
223    'x[15,3]'                 0.456011
224    'x[16,1]'                 0.169432
225    'x[16,2]'                 0.552654
226    'x[16,3]'                 0.332016
227    'x[17,1]'                 0.163394
228    'x[17,2]'                 0.530464
229    'x[17,3]'                 0.308983
230    'x[18,1]'                 0.16238
231    'x[18,2]'                 0.53172
232    'x[18,3]'                 0.305904
233    'x[19,1]'                 0.161706
234    'x[19,2]'                 0.534347
235    'x[19,3]'                 0.303856
236    'x[20,1]'                 0.161041
237    'x[20,2]'                 0.537055
238    'x[20,3]'                 0.301915
239    'x[21,1]'                 0.160379
240    'x[21,2]'                 0.539741
241    'x[21,3]'                 0.300031
242    'x[22,1]'                 0.159723
243    'x[22,2]'                 0.542406
244    'x[22,3]'                 0.298225
245    'x[23,1]'                 0.159059
246    'x[23,2]'                 0.545054
247    'x[23,3]'                 0.296444
248    'x[24,1]'                 0.158404
249    'x[24,2]'                 0.547732
250    'x[24,3]'                 0.294679
251    'x[25,1]'                 0.157749
252    'x[25,2]'                 0.550388
253    'x[25,3]'                 0.292962
254    'x[26,1]'                 0.157097
255    'x[26,2]'                 0.553003
256    'x[26,3]'                 0.291252
257    'x[27,1]'                 0.156449
258    'x[27,2]'                 0.55563
259    'x[27,3]'                 0.289618
260    'x[28,1]'                 0.155797
261    'x[28,2]'                 0.558253
262    'x[28,3]'                 0.288048
263    'x[29,1]'                 0.154914
264    'x[29,2]'                 0.560174
265    'x[29,3]'                 0.285447
266    'x[30,1]'                 0.102992
267    'x[30,2]'                 0.34504
268    'x[30,3]'                 0.157893
269    PC                       64.188
270    PR                       36.9988
271    'T[1]'                  376.588
272    'T[2]'                  334.283
273    'T[3]'                  353.664
274    'T[4]'                  355.099
275    'T[5]'                  354.438
276    'T[6]'                  353.907
277    'T[7]'                  353.491
278    'T[8]'                  353.109
279    'T[9]'                  352.664
280    'T[10]'                 352.066
281    'T[11]'                 351.185
282    'T[12]'                 349.765
283    'T[13]'                 346.988
284    'T[14]'                 340.519
285    'T[15]'                 326.656
286    'T[16]'                 341.573
287    'T[17]'                 343.839
288    'T[18]'                 343.934
289    'T[19]'                 343.923
290    'T[20]'                 343.897
291    'T[21]'                 343.872
292    'T[22]'                 343.845
293    'T[23]'                 343.815
294    'T[24]'                 343.779
295    'T[25]'                 343.741
296    'T[26]'                 343.7
297    'T[27]'                 343.656
298    'T[28]'                 343.607
299    'T[29]'                 343.657
300    'T[30]'                 362.993
301    TF                      338.159
302    QC                      675.344
303    QR                      716.248
304    'H[1,1]'                  2.07301
305    'H[1,2]'                  2.5536
306    'H[1,3]'                  3.06441
307    'H[2,1]'                  0.889803
308    'H[2,2]'                  1.11148
309    'H[2,3]'                  1.32775
310    'H[3,1]'                  1.4129
311    'H[3,2]'                  1.75253
312    'H[3,3]'                  2.09745
313    'H[4,1]'                  1.45293
314    'H[4,2]'                  1.80132
315    'H[4,3]'                  2.15618
316    'H[5,1]'                  1.43447
317    'H[5,2]'                  1.77882
318    'H[5,3]'                  2.1291
319    'H[6,1]'                  1.41969
320    'H[6,2]'                  1.76081
321    'H[6,3]'                  2.10742
322    'H[7,1]'                  1.4081
323    'H[7,2]'                  1.74668
324    'H[7,3]'                  2.09041
325    'H[8,1]'                  1.3975
326    'H[8,2]'                  1.73375
327    'H[8,3]'                  2.07484
328    'H[9,1]'                  1.38513
329    'H[9,2]'                  1.71866
330    'H[9,3]'                  2.05669
331    'H[10,1]'                 1.36854
332    'H[10,2]'                 1.69843
333    'H[10,3]'                 2.03235
334    'H[11,1]'                 1.34419
335    'H[11,2]'                 1.6687
336    'H[11,3]'                 1.99659
337    'H[12,1]'                 1.30507
338    'H[12,2]'                 1.62093
339    'H[12,3]'                 1.93914
340    'H[13,1]'                 1.22905
341    'H[13,2]'                 1.528
342    'H[13,3]'                 1.82746
343    'H[14,1]'                 1.05455
344    'H[14,2]'                 1.31415
345    'H[14,3]'                 1.5707
346    'H[15,1]'                 0.692957
347    'H[15,2]'                 0.868247
348    'H[15,3]'                 1.03659
349    'H[16,1]'                 1.08273
350    'H[16,2]'                 1.34873
351    'H[16,3]'                 1.6122
352    'H[17,1]'                 1.14364
353    'H[17,2]'                 1.42343
354    'H[17,3]'                 1.70185
355    'H[18,1]'                 1.14621
356    'H[18,2]'                 1.42657
357    'H[18,3]'                 1.70563
358    'H[19,1]'                 1.14592
359    'H[19,2]'                 1.42622
360    'H[19,3]'                 1.70521
361    'H[20,1]'                 1.14523
362    'H[20,2]'                 1.42537
363    'H[20,3]'                 1.70418
364    'H[21,1]'                 1.14454
365    'H[21,2]'                 1.42452
366    'H[21,3]'                 1.70317
367    'H[22,1]'                 1.14382
368    'H[22,2]'                 1.42364
369    'H[22,3]'                 1.70211
370    'H[23,1]'                 1.14299
371    'H[23,2]'                 1.42263
372    'H[23,3]'                 1.70089
373    'H[24,1]'                 1.14203
374    'H[24,2]'                 1.42145
375    'H[24,3]'                 1.69948
376    'H[25,1]'                 1.14099
377    'H[25,2]'                 1.42018
378    'H[25,3]'                 1.69796
379    'H[26,1]'                 1.1399
380    'H[26,2]'                 1.41884
381    'H[26,3]'                 1.69634
382    'H[27,1]'                 1.13872
383    'H[27,2]'                 1.41739
384    'H[27,3]'                 1.69461
385    'H[28,1]'                 1.1374
386    'H[28,2]'                 1.41578
387    'H[28,3]'                 1.69267
388    'H[29,1]'                 1.13875
389    'H[29,2]'                 1.41743
390    'H[29,3]'                 1.69466
391    'H[30,1]'                 1.67622
392    'H[30,2]'                 2.07293
393    'H[30,3]'                 2.48351
394    'HF[1]'                   0.991793
395    'HF[2]'                   1.23703
396    'HF[3]'                   1.47822
397    'h[1,1]'                 -6.06712
398    'h[1,2]'                 -6.80601
399    'h[1,3]'                 -7.39002
400    'h[2,1]'                 -7.95459
401    'h[2,2]'                 -8.9176
402    'h[2,3]'                 -9.82028
403    'h[3,1]'                 -7.1153
404    'h[3,2]'                 -7.97503
405    'h[3,3]'                 -8.73423
406    'h[4,1]'                 -7.05147
407    'h[4,2]'                 -7.90361
408    'h[4,3]'                 -8.65206
409    'h[5,1]'                 -7.0809
410    'h[5,2]'                 -7.93654
411    'h[5,3]'                 -8.68994
412    'h[6,1]'                 -7.10446
413    'h[6,2]'                 -7.9629
414    'h[6,3]'                 -8.72028
415    'h[7,1]'                 -7.12296
416    'h[7,2]'                 -7.9836
417    'h[7,3]'                 -8.7441
418    'h[8,1]'                 -7.13988
419    'h[8,2]'                 -8.00254
420    'h[8,3]'                 -8.76589
421    'h[9,1]'                 -7.15962
422    'h[9,2]'                 -8.02463
423    'h[9,3]'                 -8.79132
424    'h[10,1]'                -7.18609
425    'h[10,2]'                -8.05427
426    'h[10,3]'                -8.82543
427    'h[11,1]'                -7.22499
428    'h[11,2]'                -8.09783
429    'h[11,3]'                -8.87557
430    'h[12,1]'                -7.28751
431    'h[12,2]'                -8.16787
432    'h[12,3]'                -8.95619
433    'h[13,1]'                -7.40912
434    'h[13,2]'                -8.30421
435    'h[13,3]'                -9.11319
436    'h[14,1]'                -7.6891
437    'h[14,2]'                -8.61866
438    'h[14,3]'                -9.47548
439    'h[15,1]'                -8.27351
440    'h[15,2]'                -9.27782
441    'h[15,3]'               -10.2364
442    'h[16,1]'                -7.64381
443    'h[16,2]'                -8.56774
444    'h[16,3]'                -9.41679
445    'h[17,1]'                -7.54602
446    'h[17,2]'                -8.45786
447    'h[17,3]'                -9.29017
448    'h[18,1]'                -7.5419
449    'h[18,2]'                -8.45323
450    'h[18,3]'                -9.28484
451    'h[19,1]'                -7.54236
452    'h[19,2]'                -8.45375
453    'h[19,3]'                -9.28544
454    'h[20,1]'                -7.54348
455    'h[20,2]'                -8.455
456    'h[20,3]'                -9.28688
457    'h[21,1]'                -7.54458
458    'h[21,2]'                -8.45624
459    'h[21,3]'                -9.28831
460    'h[22,1]'                -7.54573
461    'h[22,2]'                -8.45754
462    'h[22,3]'                -9.2898
463    'h[23,1]'                -7.54706
464    'h[23,2]'                -8.45903
465    'h[23,3]'                -9.29152
466    'h[24,1]'                -7.54861
467    'h[24,2]'                -8.46077
468    'h[24,3]'                -9.29352
469    'h[25,1]'                -7.55027
470    'h[25,2]'                -8.46263
471    'h[25,3]'                -9.29567
472    'h[26,1]'                -7.55203
473    'h[26,2]'                -8.46461
474    'h[26,3]'                -9.29795
475    'h[27,1]'                -7.55392
476    'h[27,2]'                -8.46673
477    'h[27,3]'                -9.3004
478    'h[28,1]'                -7.55603
479    'h[28,2]'                -8.4691
480    'h[28,3]'                -9.30313
481    'h[29,1]'                -7.55386
482    'h[29,2]'                -8.46667
483    'h[29,3]'                -9.30032
484    'h[30,1]'                -6.69613
485    'h[30,2]'                -7.50664
486    'h[30,3]'                -8.19544
487    'hF[1]'                  -7.7901
488    'hF[2]'                  -8.73228
489    'hF[3]'                  -9.60649
490    'tauGamma[1,1,1]'     1e-06
491    'tauGamma[1,1,2]'     1e-06
492    'tauGamma[1,1,3]'     1e-06
493    'tauGamma[1,2,1]'     1e-06
494    'tauGamma[1,2,2]'     1e-06
495    'tauGamma[1,2,3]'     1e-06
496    'tauGamma[1,3,1]'     1e-06
497    'tauGamma[1,3,2]'     1e-06
498    'tauGamma[1,3,3]'     1e-06
499    'tauGamma[2,1,1]'     1e-06
500    'tauGamma[2,1,2]'     1e-06
501    'tauGamma[2,1,3]'     1e-06
502    'tauGamma[2,2,1]'     1e-06
503    'tauGamma[2,2,2]'     1e-06
504    'tauGamma[2,2,3]'     1e-06
505    'tauGamma[2,3,1]'     1e-06
506    'tauGamma[2,3,2]'     1e-06
507    'tauGamma[2,3,3]'     1e-06
508    'tauGamma[3,1,1]'     1e-06
509    'tauGamma[3,1,2]'     1e-06
510    'tauGamma[3,1,3]'     1e-06
511    'tauGamma[3,2,1]'     1e-06
512    'tauGamma[3,2,2]'     1e-06
513    'tauGamma[3,2,3]'     1e-06
514    'tauGamma[3,3,1]'     1e-06
515    'tauGamma[3,3,2]'     1e-06
516    'tauGamma[3,3,3]'     1e-06
517    'tauGamma[4,1,1]'     1e-06
518    'tauGamma[4,1,2]'     1e-06
519    'tauGamma[4,1,3]'     1e-06
520    'tauGamma[4,2,1]'     1e-06
521    'tauGamma[4,2,2]'     1e-06
522    'tauGamma[4,2,3]'     1e-06
523    'tauGamma[4,3,1]'     1e-06
524    'tauGamma[4,3,2]'     1e-06
525    'tauGamma[4,3,3]'     1e-06
526    'tauGamma[5,1,1]'     1e-06
527    'tauGamma[5,1,2]'     1e-06
528    'tauGamma[5,1,3]'     1e-06
529    'tauGamma[5,2,1]'     1e-06
530    'tauGamma[5,2,2]'     1e-06
531    'tauGamma[5,2,3]'     1e-06
532    'tauGamma[5,3,1]'     1e-06
533    'tauGamma[5,3,2]'     1e-06
534    'tauGamma[5,3,3]'     1e-06
535    'tauGamma[6,1,1]'     1e-06
536    'tauGamma[6,1,2]'     1e-06
537    'tauGamma[6,1,3]'     1e-06
538    'tauGamma[6,2,1]'     1e-06
539    'tauGamma[6,2,2]'     1e-06
540    'tauGamma[6,2,3]'     1e-06
541    'tauGamma[6,3,1]'     1e-06
542    'tauGamma[6,3,2]'     1e-06
543    'tauGamma[6,3,3]'     1e-06
544    'tauGamma[7,1,1]'     1e-06
545    'tauGamma[7,1,2]'     1e-06
546    'tauGamma[7,1,3]'     1e-06
547    'tauGamma[7,2,1]'     1e-06
548    'tauGamma[7,2,2]'     1e-06
549    'tauGamma[7,2,3]'     1e-06
550    'tauGamma[7,3,1]'     1e-06
551    'tauGamma[7,3,2]'     1e-06
552    'tauGamma[7,3,3]'     1e-06
553    'tauGamma[8,1,1]'     1e-06
554    'tauGamma[8,1,2]'     1e-06
555    'tauGamma[8,1,3]'     1e-06
556    'tauGamma[8,2,1]'     1e-06
557    'tauGamma[8,2,2]'     1e-06
558    'tauGamma[8,2,3]'     1e-06
559    'tauGamma[8,3,1]'     1e-06
560    'tauGamma[8,3,2]'     1e-06
561    'tauGamma[8,3,3]'     1e-06
562    'tauGamma[9,1,1]'     1e-06
563    'tauGamma[9,1,2]'     1e-06
564    'tauGamma[9,1,3]'     1e-06
565    'tauGamma[9,2,1]'     1e-06
566    'tauGamma[9,2,2]'     1e-06
567    'tauGamma[9,2,3]'     1e-06
568    'tauGamma[9,3,1]'     1e-06
569    'tauGamma[9,3,2]'     1e-06
570    'tauGamma[9,3,3]'     1e-06
571    'tauGamma[10,1,1]'    1e-06
572    'tauGamma[10,1,2]'    1e-06
573    'tauGamma[10,1,3]'    1e-06
574    'tauGamma[10,2,1]'    1e-06
575    'tauGamma[10,2,2]'    1e-06
576    'tauGamma[10,2,3]'    1e-06
577    'tauGamma[10,3,1]'    1e-06
578    'tauGamma[10,3,2]'    1e-06
579    'tauGamma[10,3,3]'    1e-06
580    'tauGamma[11,1,1]'    1e-06
581    'tauGamma[11,1,2]'    1e-06
582    'tauGamma[11,1,3]'    1e-06
583    'tauGamma[11,2,1]'    1e-06
584    'tauGamma[11,2,2]'    1e-06
585    'tauGamma[11,2,3]'    1e-06
586    'tauGamma[11,3,1]'    1e-06
587    'tauGamma[11,3,2]'    1e-06
588    'tauGamma[11,3,3]'    1e-06
589    'tauGamma[12,1,1]'    1e-06
590    'tauGamma[12,1,2]'    1e-06
591    'tauGamma[12,1,3]'    1e-06
592    'tauGamma[12,2,1]'    1e-06
593    'tauGamma[12,2,2]'    1e-06
594    'tauGamma[12,2,3]'    1e-06
595    'tauGamma[12,3,1]'    1e-06
596    'tauGamma[12,3,2]'    1e-06
597    'tauGamma[12,3,3]'    1e-06
598    'tauGamma[13,1,1]'    1e-06
599    'tauGamma[13,1,2]'    1e-06
600    'tauGamma[13,1,3]'    1e-06
601    'tauGamma[13,2,1]'    1e-06
602    'tauGamma[13,2,2]'    1e-06
603    'tauGamma[13,2,3]'    1e-06
604    'tauGamma[13,3,1]'    1e-06
605    'tauGamma[13,3,2]'    1e-06
606    'tauGamma[13,3,3]'    1e-06
607    'tauGamma[14,1,1]'    1e-06
608    'tauGamma[14,1,2]'    1e-06
609    'tauGamma[14,1,3]'    1e-06
610    'tauGamma[14,2,1]'    1e-06
611    'tauGamma[14,2,2]'    1e-06
612    'tauGamma[14,2,3]'    1e-06
613    'tauGamma[14,3,1]'    1e-06
614    'tauGamma[14,3,2]'    1e-06
615    'tauGamma[14,3,3]'    1e-06
616    'tauGamma[15,1,1]'    1e-06
617    'tauGamma[15,1,2]'    1e-06
618    'tauGamma[15,1,3]'    1e-06
619    'tauGamma[15,2,1]'    1e-06
620    'tauGamma[15,2,2]'    1e-06
621    'tauGamma[15,2,3]'    1e-06
622    'tauGamma[15,3,1]'    1e-06
623    'tauGamma[15,3,2]'    1e-06
624    'tauGamma[15,3,3]'    1e-06
625    'tauGamma[16,1,1]'    1e-06
626    'tauGamma[16,1,2]'    1e-06
627    'tauGamma[16,1,3]'    1e-06
628    'tauGamma[16,2,1]'    1e-06
629    'tauGamma[16,2,2]'    1e-06
630    'tauGamma[16,2,3]'    1e-06
631    'tauGamma[16,3,1]'    1e-06
632    'tauGamma[16,3,2]'    1e-06
633    'tauGamma[16,3,3]'    1e-06
634    'tauGamma[17,1,1]'    1e-06
635    'tauGamma[17,1,2]'    1e-06
636    'tauGamma[17,1,3]'    1e-06
637    'tauGamma[17,2,1]'    1e-06
638    'tauGamma[17,2,2]'    1e-06
639    'tauGamma[17,2,3]'    1e-06
640    'tauGamma[17,3,1]'    1e-06
641    'tauGamma[17,3,2]'    1e-06
642    'tauGamma[17,3,3]'    1e-06
643    'tauGamma[18,1,1]'    1e-06
644    'tauGamma[18,1,2]'    1e-06
645    'tauGamma[18,1,3]'    1e-06
646    'tauGamma[18,2,1]'    1e-06
647    'tauGamma[18,2,2]'    1e-06
648    'tauGamma[18,2,3]'    1e-06
649    'tauGamma[18,3,1]'    1e-06
650    'tauGamma[18,3,2]'    1e-06
651    'tauGamma[18,3,3]'    1e-06
652    'tauGamma[19,1,1]'    1e-06
653    'tauGamma[19,1,2]'    1e-06
654    'tauGamma[19,1,3]'    1e-06
655    'tauGamma[19,2,1]'    1e-06
656    'tauGamma[19,2,2]'    1e-06
657    'tauGamma[19,2,3]'    1e-06
658    'tauGamma[19,3,1]'    1e-06
659    'tauGamma[19,3,2]'    1e-06
660    'tauGamma[19,3,3]'    1e-06
661    'tauGamma[20,1,1]'    1e-06
662    'tauGamma[20,1,2]'    1e-06
663    'tauGamma[20,1,3]'    1e-06
664    'tauGamma[20,2,1]'    1e-06
665    'tauGamma[20,2,2]'    1e-06
666    'tauGamma[20,2,3]'    1e-06
667    'tauGamma[20,3,1]'    1e-06
668    'tauGamma[20,3,2]'    1e-06
669    'tauGamma[20,3,3]'    1e-06
670    'tauGamma[21,1,1]'    1e-06
671    'tauGamma[21,1,2]'    1e-06
672    'tauGamma[21,1,3]'    1e-06
673    'tauGamma[21,2,1]'    1e-06
674    'tauGamma[21,2,2]'    1e-06
675    'tauGamma[21,2,3]'    1e-06
676    'tauGamma[21,3,1]'    1e-06
677    'tauGamma[21,3,2]'    1e-06
678    'tauGamma[21,3,3]'    1e-06
679    'tauGamma[22,1,1]'    1e-06
680    'tauGamma[22,1,2]'    1e-06
681    'tauGamma[22,1,3]'    1e-06
682    'tauGamma[22,2,1]'    1e-06
683    'tauGamma[22,2,2]'    1e-06
684    'tauGamma[22,2,3]'    1e-06
685    'tauGamma[22,3,1]'    1e-06
686    'tauGamma[22,3,2]'    1e-06
687    'tauGamma[22,3,3]'    1e-06
688    'tauGamma[23,1,1]'    1e-06
689    'tauGamma[23,1,2]'    1e-06
690    'tauGamma[23,1,3]'    1e-06
691    'tauGamma[23,2,1]'    1e-06
692    'tauGamma[23,2,2]'    1e-06
693    'tauGamma[23,2,3]'    1e-06
694    'tauGamma[23,3,1]'    1e-06
695    'tauGamma[23,3,2]'    1e-06
696    'tauGamma[23,3,3]'    1e-06
697    'tauGamma[24,1,1]'    1e-06
698    'tauGamma[24,1,2]'    1e-06
699    'tauGamma[24,1,3]'    1e-06
700    'tauGamma[24,2,1]'    1e-06
701    'tauGamma[24,2,2]'    1e-06
702    'tauGamma[24,2,3]'    1e-06
703    'tauGamma[24,3,1]'    1e-06
704    'tauGamma[24,3,2]'    1e-06
705    'tauGamma[24,3,3]'    1e-06
706    'tauGamma[25,1,1]'    1e-06
707    'tauGamma[25,1,2]'    1e-06
708    'tauGamma[25,1,3]'    1e-06
709    'tauGamma[25,2,1]'    1e-06
710    'tauGamma[25,2,2]'    1e-06
711    'tauGamma[25,2,3]'    1e-06
712    'tauGamma[25,3,1]'    1e-06
713    'tauGamma[25,3,2]'    1e-06
714    'tauGamma[25,3,3]'    1e-06
715    'tauGamma[26,1,1]'    1e-06
716    'tauGamma[26,1,2]'    1e-06
717    'tauGamma[26,1,3]'    1e-06
718    'tauGamma[26,2,1]'    1e-06
719    'tauGamma[26,2,2]'    1e-06
720    'tauGamma[26,2,3]'    1e-06
721    'tauGamma[26,3,1]'    1e-06
722    'tauGamma[26,3,2]'    1e-06
723    'tauGamma[26,3,3]'    1e-06
724    'tauGamma[27,1,1]'    1e-06
725    'tauGamma[27,1,2]'    1e-06
726    'tauGamma[27,1,3]'    1e-06
727    'tauGamma[27,2,1]'    1e-06
728    'tauGamma[27,2,2]'    1e-06
729    'tauGamma[27,2,3]'    1e-06
730    'tauGamma[27,3,1]'    1e-06
731    'tauGamma[27,3,2]'    1e-06
732    'tauGamma[27,3,3]'    1e-06
733    'tauGamma[28,1,1]'    1e-06
734    'tauGamma[28,1,2]'    1e-06
735    'tauGamma[28,1,3]'    1e-06
736    'tauGamma[28,2,1]'    1e-06
737    'tauGamma[28,2,2]'    1e-06
738    'tauGamma[28,2,3]'    1e-06
739    'tauGamma[28,3,1]'    1e-06
740    'tauGamma[28,3,2]'    1e-06
741    'tauGamma[28,3,3]'    1e-06
742    'tauGamma[29,1,1]'    1e-06
743    'tauGamma[29,1,2]'    1e-06
744    'tauGamma[29,1,3]'    1e-06
745    'tauGamma[29,2,1]'    1e-06
746    'tauGamma[29,2,2]'    1e-06
747    'tauGamma[29,2,3]'    1e-06
748    'tauGamma[29,3,1]'    1e-06
749    'tauGamma[29,3,2]'    1e-06
750    'tauGamma[29,3,3]'    1e-06
751    'tauGamma[30,1,1]'    1e-06
752    'tauGamma[30,1,2]'    1e-06
753    'tauGamma[30,1,3]'    1e-06
754    'tauGamma[30,2,1]'    1e-06
755    'tauGamma[30,2,2]'    1e-06
756    'tauGamma[30,2,3]'    1e-06
757    'tauGamma[30,3,1]'    1e-06
758    'tauGamma[30,3,2]'    1e-06
759    'tauGamma[30,3,3]'    1e-06
760    'PGamma[1,1,1]'           1
761    'PGamma[1,1,2]'           1
762    'PGamma[1,1,3]'           1
763    'PGamma[1,2,1]'           1
764    'PGamma[1,2,2]'           1
765    'PGamma[1,2,3]'           1
766    'PGamma[1,3,1]'           1
767    'PGamma[1,3,2]'           1
768    'PGamma[1,3,3]'           1
769    'PGamma[2,1,1]'           1
770    'PGamma[2,1,2]'           1
771    'PGamma[2,1,3]'           1
772    'PGamma[2,2,1]'           1
773    'PGamma[2,2,2]'           1
774    'PGamma[2,2,3]'           1
775    'PGamma[2,3,1]'           1
776    'PGamma[2,3,2]'           1
777    'PGamma[2,3,3]'           1
778    'PGamma[3,1,1]'           1
779    'PGamma[3,1,2]'           1
780    'PGamma[3,1,3]'           1
781    'PGamma[3,2,1]'           1
782    'PGamma[3,2,2]'           1
783    'PGamma[3,2,3]'           1
784    'PGamma[3,3,1]'           1
785    'PGamma[3,3,2]'           1
786    'PGamma[3,3,3]'           1
787    'PGamma[4,1,1]'           1
788    'PGamma[4,1,2]'           1
789    'PGamma[4,1,3]'           1
790    'PGamma[4,2,1]'           1
791    'PGamma[4,2,2]'           1
792    'PGamma[4,2,3]'           1
793    'PGamma[4,3,1]'           1
794    'PGamma[4,3,2]'           1
795    'PGamma[4,3,3]'           1
796    'PGamma[5,1,1]'           1
797    'PGamma[5,1,2]'           1
798    'PGamma[5,1,3]'           1
799    'PGamma[5,2,1]'           1
800    'PGamma[5,2,2]'           1
801    'PGamma[5,2,3]'           1
802    'PGamma[5,3,1]'           1
803    'PGamma[5,3,2]'           1
804    'PGamma[5,3,3]'           1
805    'PGamma[6,1,1]'           1
806    'PGamma[6,1,2]'           1
807    'PGamma[6,1,3]'           1
808    'PGamma[6,2,1]'           1
809    'PGamma[6,2,2]'           1
810    'PGamma[6,2,3]'           1
811    'PGamma[6,3,1]'           1
812    'PGamma[6,3,2]'           1
813    'PGamma[6,3,3]'           1
814    'PGamma[7,1,1]'           1
815    'PGamma[7,1,2]'           1
816    'PGamma[7,1,3]'           1
817    'PGamma[7,2,1]'           1
818    'PGamma[7,2,2]'           1
819    'PGamma[7,2,3]'           1
820    'PGamma[7,3,1]'           1
821    'PGamma[7,3,2]'           1
822    'PGamma[7,3,3]'           1
823    'PGamma[8,1,1]'           1
824    'PGamma[8,1,2]'           1
825    'PGamma[8,1,3]'           1
826    'PGamma[8,2,1]'           1
827    'PGamma[8,2,2]'           1
828    'PGamma[8,2,3]'           1
829    'PGamma[8,3,1]'           1
830    'PGamma[8,3,2]'           1
831    'PGamma[8,3,3]'           1
832    'PGamma[9,1,1]'           1
833    'PGamma[9,1,2]'           1
834    'PGamma[9,1,3]'           1
835    'PGamma[9,2,1]'           1
836    'PGamma[9,2,2]'           1
837    'PGamma[9,2,3]'           1
838    'PGamma[9,3,1]'           1
839    'PGamma[9,3,2]'           1
840    'PGamma[9,3,3]'           1
841    'PGamma[10,1,1]'          1
842    'PGamma[10,1,2]'          1
843    'PGamma[10,1,3]'          1
844    'PGamma[10,2,1]'          1
845    'PGamma[10,2,2]'          1
846    'PGamma[10,2,3]'          1
847    'PGamma[10,3,1]'          1
848    'PGamma[10,3,2]'          1
849    'PGamma[10,3,3]'          1
850    'PGamma[11,1,1]'          1
851    'PGamma[11,1,2]'          1
852    'PGamma[11,1,3]'          1
853    'PGamma[11,2,1]'          1
854    'PGamma[11,2,2]'          1
855    'PGamma[11,2,3]'          1
856    'PGamma[11,3,1]'          1
857    'PGamma[11,3,2]'          1
858    'PGamma[11,3,3]'          1
859    'PGamma[12,1,1]'          1
860    'PGamma[12,1,2]'          1
861    'PGamma[12,1,3]'          1
862    'PGamma[12,2,1]'          1
863    'PGamma[12,2,2]'          1
864    'PGamma[12,2,3]'          1
865    'PGamma[12,3,1]'          1
866    'PGamma[12,3,2]'          1
867    'PGamma[12,3,3]'          1
868    'PGamma[13,1,1]'          1
869    'PGamma[13,1,2]'          1
870    'PGamma[13,1,3]'          1
871    'PGamma[13,2,1]'          1
872    'PGamma[13,2,2]'          1
873    'PGamma[13,2,3]'          1
874    'PGamma[13,3,1]'          1
875    'PGamma[13,3,2]'          1
876    'PGamma[13,3,3]'          1
877    'PGamma[14,1,1]'          1
878    'PGamma[14,1,2]'          1
879    'PGamma[14,1,3]'          1
880    'PGamma[14,2,1]'          1
881    'PGamma[14,2,2]'          1
882    'PGamma[14,2,3]'          1
883    'PGamma[14,3,1]'          1
884    'PGamma[14,3,2]'          1
885    'PGamma[14,3,3]'          1
886    'PGamma[15,1,1]'          1
887    'PGamma[15,1,2]'          1
888    'PGamma[15,1,3]'          1
889    'PGamma[15,2,1]'          1
890    'PGamma[15,2,2]'          1
891    'PGamma[15,2,3]'          1
892    'PGamma[15,3,1]'          1
893    'PGamma[15,3,2]'          1
894    'PGamma[15,3,3]'          1
895    'PGamma[16,1,1]'          1
896    'PGamma[16,1,2]'          1
897    'PGamma[16,1,3]'          1
898    'PGamma[16,2,1]'          1
899    'PGamma[16,2,2]'          1
900    'PGamma[16,2,3]'          1
901    'PGamma[16,3,1]'          1
902    'PGamma[16,3,2]'          1
903    'PGamma[16,3,3]'          1
904    'PGamma[17,1,1]'          1
905    'PGamma[17,1,2]'          1
906    'PGamma[17,1,3]'          1
907    'PGamma[17,2,1]'          1
908    'PGamma[17,2,2]'          1
909    'PGamma[17,2,3]'          1
910    'PGamma[17,3,1]'          1
911    'PGamma[17,3,2]'          1
912    'PGamma[17,3,3]'          1
913    'PGamma[18,1,1]'          1
914    'PGamma[18,1,2]'          1
915    'PGamma[18,1,3]'          1
916    'PGamma[18,2,1]'          1
917    'PGamma[18,2,2]'          1
918    'PGamma[18,2,3]'          1
919    'PGamma[18,3,1]'          1
920    'PGamma[18,3,2]'          1
921    'PGamma[18,3,3]'          1
922    'PGamma[19,1,1]'          1
923    'PGamma[19,1,2]'          1
924    'PGamma[19,1,3]'          1
925    'PGamma[19,2,1]'          1
926    'PGamma[19,2,2]'          1
927    'PGamma[19,2,3]'          1
928    'PGamma[19,3,1]'          1
929    'PGamma[19,3,2]'          1
930    'PGamma[19,3,3]'          1
931    'PGamma[20,1,1]'          1
932    'PGamma[20,1,2]'          1
933    'PGamma[20,1,3]'          1
934    'PGamma[20,2,1]'          1
935    'PGamma[20,2,2]'          1
936    'PGamma[20,2,3]'          1
937    'PGamma[20,3,1]'          1
938    'PGamma[20,3,2]'          1
939    'PGamma[20,3,3]'          1
940    'PGamma[21,1,1]'          1
941    'PGamma[21,1,2]'          1
942    'PGamma[21,1,3]'          1
943    'PGamma[21,2,1]'          1
944    'PGamma[21,2,2]'          1
945    'PGamma[21,2,3]'          1
946    'PGamma[21,3,1]'          1
947    'PGamma[21,3,2]'          1
948    'PGamma[21,3,3]'          1
949    'PGamma[22,1,1]'          1
950    'PGamma[22,1,2]'          1
951    'PGamma[22,1,3]'          1
952    'PGamma[22,2,1]'          1
953    'PGamma[22,2,2]'          1
954    'PGamma[22,2,3]'          1
955    'PGamma[22,3,1]'          1
956    'PGamma[22,3,2]'          1
957    'PGamma[22,3,3]'          1
958    'PGamma[23,1,1]'          1
959    'PGamma[23,1,2]'          1
960    'PGamma[23,1,3]'          1
961    'PGamma[23,2,1]'          1
962    'PGamma[23,2,2]'          1
963    'PGamma[23,2,3]'          1
964    'PGamma[23,3,1]'          1
965    'PGamma[23,3,2]'          1
966    'PGamma[23,3,3]'          1
967    'PGamma[24,1,1]'          1
968    'PGamma[24,1,2]'          1
969    'PGamma[24,1,3]'          1
970    'PGamma[24,2,1]'          1
971    'PGamma[24,2,2]'          1
972    'PGamma[24,2,3]'          1
973    'PGamma[24,3,1]'          1
974    'PGamma[24,3,2]'          1
975    'PGamma[24,3,3]'          1
976    'PGamma[25,1,1]'          1
977    'PGamma[25,1,2]'          1
978    'PGamma[25,1,3]'          1
979    'PGamma[25,2,1]'          1
980    'PGamma[25,2,2]'          1
981    'PGamma[25,2,3]'          1
982    'PGamma[25,3,1]'          1
983    'PGamma[25,3,2]'          1
984    'PGamma[25,3,3]'          1
985    'PGamma[26,1,1]'          1
986    'PGamma[26,1,2]'          1
987    'PGamma[26,1,3]'          1
988    'PGamma[26,2,1]'          1
989    'PGamma[26,2,2]'          1
990    'PGamma[26,2,3]'          1
991    'PGamma[26,3,1]'          1
992    'PGamma[26,3,2]'          1
993    'PGamma[26,3,3]'          1
994    'PGamma[27,1,1]'          1
995    'PGamma[27,1,2]'          1
996    'PGamma[27,1,3]'          1
997    'PGamma[27,2,1]'          1
998    'PGamma[27,2,2]'          1
999    'PGamma[27,2,3]'          1
1000   'PGamma[27,3,1]'          1
1001   'PGamma[27,3,2]'          1
1002   'PGamma[27,3,3]'          1
1003   'PGamma[28,1,1]'          1
1004   'PGamma[28,1,2]'          1
1005   'PGamma[28,1,3]'          1
1006   'PGamma[28,2,1]'          1
1007   'PGamma[28,2,2]'          1
1008   'PGamma[28,2,3]'          1
1009   'PGamma[28,3,1]'          1
1010   'PGamma[28,3,2]'          1
1011   'PGamma[28,3,3]'          1
1012   'PGamma[29,1,1]'          1
1013   'PGamma[29,1,2]'          1
1014   'PGamma[29,1,3]'          1
1015   'PGamma[29,2,1]'          1
1016   'PGamma[29,2,2]'          1
1017   'PGamma[29,2,3]'          1
1018   'PGamma[29,3,1]'          1
1019   'PGamma[29,3,2]'          1
1020   'PGamma[29,3,3]'          1
1021   'PGamma[30,1,1]'          1
1022   'PGamma[30,1,2]'          1
1023   'PGamma[30,1,3]'          1
1024   'PGamma[30,2,1]'          1
1025   'PGamma[30,2,2]'          1
1026   'PGamma[30,2,3]'          1
1027   'PGamma[30,3,1]'          1
1028   'PGamma[30,3,2]'          1
1029   'PGamma[30,3,3]'          1
1030   'SGamma1[1,1]'            1.01213e-06
1031   'SGamma1[1,2]'            1.01213e-06
1032   'SGamma1[1,3]'            1.01213e-06
1033   'SGamma1[2,1]'            1.3861e-06
1034   'SGamma1[2,2]'            1.3861e-06
1035   'SGamma1[2,3]'            1.3861e-06
1036   'SGamma1[3,1]'            1.08621e-06
1037   'SGamma1[3,2]'            1.08621e-06
1038   'SGamma1[3,3]'            1.08621e-06
1039   'SGamma1[4,1]'            1.03412e-06
1040   'SGamma1[4,2]'            1.03412e-06
1041   'SGamma1[4,3]'            1.03412e-06
1042   'SGamma1[5,1]'            1.02812e-06
1043   'SGamma1[5,2]'            1.02812e-06
1044   'SGamma1[5,3]'            1.02812e-06
1045   'SGamma1[6,1]'            1.02653e-06
1046   'SGamma1[6,2]'            1.02653e-06
1047   'SGamma1[6,3]'            1.02653e-06
1048   'SGamma1[7,1]'            1.02662e-06
1049   'SGamma1[7,2]'            1.02662e-06
1050   'SGamma1[7,3]'            1.02662e-06
1051   'SGamma1[8,1]'            1.02818e-06
1052   'SGamma1[8,2]'            1.02818e-06
1053   'SGamma1[8,3]'            1.02818e-06
1054   'SGamma1[9,1]'            1.03188e-06
1055   'SGamma1[9,2]'            1.03188e-06
1056   'SGamma1[9,3]'            1.03188e-06
1057   'SGamma1[10,1]'           1.03816e-06
1058   'SGamma1[10,2]'           1.03816e-06
1059   'SGamma1[10,3]'           1.03816e-06
1060   'SGamma1[11,1]'           1.04746e-06
1061   'SGamma1[11,2]'           1.04746e-06
1062   'SGamma1[11,3]'           1.04746e-06
1063   'SGamma1[12,1]'           1.06079e-06
1064   'SGamma1[12,2]'           1.06079e-06
1065   'SGamma1[12,3]'           1.06079e-06
1066   'SGamma1[13,1]'           1.08486e-06
1067   'SGamma1[13,2]'           1.08486e-06
1068   'SGamma1[13,3]'           1.08486e-06
1069   'SGamma1[14,1]'           1.14329e-06
1070   'SGamma1[14,2]'           1.14329e-06
1071   'SGamma1[14,3]'           1.14329e-06
1072   'SGamma1[15,1]'           1.30399e-06
1073   'SGamma1[15,2]'           1.30399e-06
1074   'SGamma1[15,3]'           1.30399e-06
1075   'SGamma1[16,1]'           1.0541e-06
1076   'SGamma1[16,2]'           1.0541e-06
1077   'SGamma1[16,3]'           1.0541e-06
1078   'SGamma1[17,1]'           1.00284e-06
1079   'SGamma1[17,2]'           1.00284e-06
1080   'SGamma1[17,3]'           1.00284e-06
1081   'SGamma1[18,1]'       1e-06
1082   'SGamma1[18,2]'       1e-06
1083   'SGamma1[18,3]'       1e-06
1084   'SGamma1[19,1]'           9.99909e-07
1085   'SGamma1[19,2]'           9.99909e-07
1086   'SGamma1[19,3]'           9.99909e-07
1087   'SGamma1[20,1]'           1.00001e-06
1088   'SGamma1[20,2]'           1.00001e-06
1089   'SGamma1[20,3]'           1.00001e-06
1090   'SGamma1[21,1]'           1.00015e-06
1091   'SGamma1[21,2]'           1.00015e-06
1092   'SGamma1[21,3]'           1.00015e-06
1093   'SGamma1[22,1]'           1.00035e-06
1094   'SGamma1[22,2]'           1.00035e-06
1095   'SGamma1[22,3]'           1.00035e-06
1096   'SGamma1[23,1]'           1.00056e-06
1097   'SGamma1[23,2]'           1.00056e-06
1098   'SGamma1[23,3]'           1.00056e-06
1099   'SGamma1[24,1]'           1.00082e-06
1100   'SGamma1[24,2]'           1.00082e-06
1101   'SGamma1[24,3]'           1.00082e-06
1102   'SGamma1[25,1]'           1.0011e-06
1103   'SGamma1[25,2]'           1.0011e-06
1104   'SGamma1[25,3]'           1.0011e-06
1105   'SGamma1[26,1]'           1.00135e-06
1106   'SGamma1[26,2]'           1.00135e-06
1107   'SGamma1[26,3]'           1.00135e-06
1108   'SGamma1[27,1]'           1.0017e-06
1109   'SGamma1[27,2]'           1.0017e-06
1110   'SGamma1[27,3]'           1.0017e-06
1111   'SGamma1[28,1]'           1.0021e-06
1112   'SGamma1[28,2]'           1.0021e-06
1113   'SGamma1[28,3]'           1.0021e-06
1114   'SGamma1[29,1]'           1.00054e-06
1115   'SGamma1[29,2]'           1.00054e-06
1116   'SGamma1[29,3]'           1.00054e-06
1117   'SGamma1[30,1]'           6.05925e-07
1118   'SGamma1[30,2]'           6.05925e-07
1119   'SGamma1[30,3]'           6.05925e-07
1120   'SGamma2[1,1]'            1.01213
1121   'SGamma2[1,2]'            1.01213
1122   'SGamma2[1,3]'            1.01213
1123   'SGamma2[2,1]'            1.3861
1124   'SGamma2[2,2]'            1.3861
1125   'SGamma2[2,3]'            1.3861
1126   'SGamma2[3,1]'            1.08621
1127   'SGamma2[3,2]'            1.08621
1128   'SGamma2[3,3]'            1.08621
1129   'SGamma2[4,1]'            1.03412
1130   'SGamma2[4,2]'            1.03412
1131   'SGamma2[4,3]'            1.03412
1132   'SGamma2[5,1]'            1.02812
1133   'SGamma2[5,2]'            1.02812
1134   'SGamma2[5,3]'            1.02812
1135   'SGamma2[6,1]'            1.02653
1136   'SGamma2[6,2]'            1.02653
1137   'SGamma2[6,3]'            1.02653
1138   'SGamma2[7,1]'            1.02662
1139   'SGamma2[7,2]'            1.02662
1140   'SGamma2[7,3]'            1.02662
1141   'SGamma2[8,1]'            1.02818
1142   'SGamma2[8,2]'            1.02818
1143   'SGamma2[8,3]'            1.02818
1144   'SGamma2[9,1]'            1.03188
1145   'SGamma2[9,2]'            1.03188
1146   'SGamma2[9,3]'            1.03188
1147   'SGamma2[10,1]'           1.03816
1148   'SGamma2[10,2]'           1.03816
1149   'SGamma2[10,3]'           1.03816
1150   'SGamma2[11,1]'           1.04746
1151   'SGamma2[11,2]'           1.04746
1152   'SGamma2[11,3]'           1.04746
1153   'SGamma2[12,1]'           1.06079
1154   'SGamma2[12,2]'           1.06079
1155   'SGamma2[12,3]'           1.06079
1156   'SGamma2[13,1]'           1.08486
1157   'SGamma2[13,2]'           1.08486
1158   'SGamma2[13,3]'           1.08486
1159   'SGamma2[14,1]'           1.14329
1160   'SGamma2[14,2]'           1.14329
1161   'SGamma2[14,3]'           1.14329
1162   'SGamma2[15,1]'           1.30399
1163   'SGamma2[15,2]'           1.30399
1164   'SGamma2[15,3]'           1.30399
1165   'SGamma2[16,1]'           1.0541
1166   'SGamma2[16,2]'           1.0541
1167   'SGamma2[16,3]'           1.0541
1168   'SGamma2[17,1]'           1.00284
1169   'SGamma2[17,2]'           1.00284
1170   'SGamma2[17,3]'           1.00284
1171   'SGamma2[18,1]'           1
1172   'SGamma2[18,2]'           1
1173   'SGamma2[18,3]'           1
1174   'SGamma2[19,1]'           0.999909
1175   'SGamma2[19,2]'           0.999909
1176   'SGamma2[19,3]'           0.999909
1177   'SGamma2[20,1]'           1.00001
1178   'SGamma2[20,2]'           1.00001
1179   'SGamma2[20,3]'           1.00001
1180   'SGamma2[21,1]'           1.00015
1181   'SGamma2[21,2]'           1.00015
1182   'SGamma2[21,3]'           1.00015
1183   'SGamma2[22,1]'           1.00035
1184   'SGamma2[22,2]'           1.00035
1185   'SGamma2[22,3]'           1.00035
1186   'SGamma2[23,1]'           1.00056
1187   'SGamma2[23,2]'           1.00056
1188   'SGamma2[23,3]'           1.00056
1189   'SGamma2[24,1]'           1.00082
1190   'SGamma2[24,2]'           1.00082
1191   'SGamma2[24,3]'           1.00082
1192   'SGamma2[25,1]'           1.0011
1193   'SGamma2[25,2]'           1.0011
1194   'SGamma2[25,3]'           1.0011
1195   'SGamma2[26,1]'           1.00135
1196   'SGamma2[26,2]'           1.00135
1197   'SGamma2[26,3]'           1.00135
1198   'SGamma2[27,1]'           1.0017
1199   'SGamma2[27,2]'           1.0017
1200   'SGamma2[27,3]'           1.0017
1201   'SGamma2[28,1]'           1.0021
1202   'SGamma2[28,2]'           1.0021
1203   'SGamma2[28,3]'           1.0021
1204   'SGamma2[29,1]'           1.00054
1205   'SGamma2[29,2]'           1.00054
1206   'SGamma2[29,3]'           1.00054
1207   'SGamma2[30,1]'           0.605925
1208   'SGamma2[30,2]'           0.605925
1209   'SGamma2[30,3]'           0.605925
1210   'gamma[1,1]'              1
1211   'gamma[1,2]'              1
1212   'gamma[1,3]'              1
1213   'gamma[2,1]'              1
1214   'gamma[2,2]'              1
1215   'gamma[2,3]'              1
1216   'gamma[3,1]'              1
1217   'gamma[3,2]'              1
1218   'gamma[3,3]'              1
1219   'gamma[4,1]'              1
1220   'gamma[4,2]'              1
1221   'gamma[4,3]'              1
1222   'gamma[5,1]'              1
1223   'gamma[5,2]'              1
1224   'gamma[5,3]'              1
1225   'gamma[6,1]'              1
1226   'gamma[6,2]'              1
1227   'gamma[6,3]'              1
1228   'gamma[7,1]'              1
1229   'gamma[7,2]'              1
1230   'gamma[7,3]'              1
1231   'gamma[8,1]'              1
1232   'gamma[8,2]'              1
1233   'gamma[8,3]'              1
1234   'gamma[9,1]'              1
1235   'gamma[9,2]'              1
1236   'gamma[9,3]'              1
1237   'gamma[10,1]'             1
1238   'gamma[10,2]'             1
1239   'gamma[10,3]'             1
1240   'gamma[11,1]'             1
1241   'gamma[11,2]'             1
1242   'gamma[11,3]'             1
1243   'gamma[12,1]'             1
1244   'gamma[12,2]'             1
1245   'gamma[12,3]'             1
1246   'gamma[13,1]'             1
1247   'gamma[13,2]'             1
1248   'gamma[13,3]'             1
1249   'gamma[14,1]'             1
1250   'gamma[14,2]'             1
1251   'gamma[14,3]'             1
1252   'gamma[15,1]'             1
1253   'gamma[15,2]'             1
1254   'gamma[15,3]'             1
1255   'gamma[16,1]'             1
1256   'gamma[16,2]'             1
1257   'gamma[16,3]'             1
1258   'gamma[17,1]'             1
1259   'gamma[17,2]'             1
1260   'gamma[17,3]'             1
1261   'gamma[18,1]'             1
1262   'gamma[18,2]'             1
1263   'gamma[18,3]'             1
1264   'gamma[19,1]'             1
1265   'gamma[19,2]'             1
1266   'gamma[19,3]'             1
1267   'gamma[20,1]'             1
1268   'gamma[20,2]'             1
1269   'gamma[20,3]'             1
1270   'gamma[21,1]'             1
1271   'gamma[21,2]'             1
1272   'gamma[21,3]'             1
1273   'gamma[22,1]'             1
1274   'gamma[22,2]'             1
1275   'gamma[22,3]'             1
1276   'gamma[23,1]'             1
1277   'gamma[23,2]'             1
1278   'gamma[23,3]'             1
1279   'gamma[24,1]'             1
1280   'gamma[24,2]'             1
1281   'gamma[24,3]'             1
1282   'gamma[25,1]'             1
1283   'gamma[25,2]'             1
1284   'gamma[25,3]'             1
1285   'gamma[26,1]'             1
1286   'gamma[26,2]'             1
1287   'gamma[26,3]'             1
1288   'gamma[27,1]'             1
1289   'gamma[27,2]'             1
1290   'gamma[27,3]'             1
1291   'gamma[28,1]'             1
1292   'gamma[28,2]'             1
1293   'gamma[28,3]'             1
1294   'gamma[29,1]'             1
1295   'gamma[29,2]'             1
1296   'gamma[29,3]'             1
1297   'gamma[30,1]'             1
1298   'gamma[30,2]'             1
1299   'gamma[30,3]'             1
1300   'PrS[1,1]'           197504
1301   'PrS[1,2]'            82119.3
1302   'PrS[1,3]'            38489.8
1303   'PrS[2,1]'            54311.4
1304   'PrS[2,2]'            19360.4
1305   'PrS[2,3]'             7795.58
1306   'PrS[3,1]'           102672
1307   'PrS[3,2]'            39477.9
1308   'PrS[3,3]'            17154.6
1309   'PrS[4,1]'           107278
1310   'PrS[4,2]'            41465.5
1311   'PrS[4,3]'            18111.7
1312   'PrS[5,1]'           105137
1313   'PrS[5,2]'            40540.1
1314   'PrS[5,3]'            17665.5
1315   'PrS[6,1]'           103444
1316   'PrS[6,2]'            39810.1
1317   'PrS[6,3]'            17314.3
1318   'PrS[7,1]'           102128
1319   'PrS[7,2]'            39244
1320   'PrS[7,3]'            17042.3
1321   'PrS[8,1]'           100935
1322   'PrS[8,2]'            38731.3
1323   'PrS[8,3]'            16796.3
1324   'PrS[9,1]'            99556
1325   'PrS[9,2]'            38139.3
1326   'PrS[9,3]'            16512.8
1327   'PrS[10,1]'           97726.9
1328   'PrS[10,2]'           37355.9
1329   'PrS[10,3]'           16138.2
1330   'PrS[11,1]'           95082
1331   'PrS[11,2]'           36226.2
1332   'PrS[11,3]'           15599.4
1333   'PrS[12,1]'           90937.3
1334   'PrS[12,2]'           34463.5
1335   'PrS[12,3]'           14762.2
1336   'PrS[13,1]'           83241.5
1337   'PrS[13,2]'           31216.5
1338   'PrS[13,3]'           13231.5
1339   'PrS[14,1]'           67293.6
1340   'PrS[14,2]'           24605.8
1341   'PrS[14,3]'           10167.3
1342   'PrS[15,1]'           41232.8
1343   'PrS[15,2]'           14227.3
1344   'PrS[15,3]'            5539.73
1345   'PrS[16,1]'           69711.5
1346   'PrS[16,2]'           25596.9
1347   'PrS[16,3]'           10621.8
1348   'PrS[17,1]'           75143
1349   'PrS[17,2]'           27838.4
1350   'PrS[17,3]'           11656.3
1351   'PrS[18,1]'           75378.1
1352   'PrS[18,2]'           27935.9
1353   'PrS[18,3]'           11701.5
1354   'PrS[19,1]'           75351.5
1355   'PrS[19,2]'           27924.9
1356   'PrS[19,3]'           11696.4
1357   'PrS[20,1]'           75287.8
1358   'PrS[20,2]'           27898.5
1359   'PrS[20,3]'           11684.2
1360   'PrS[21,1]'           75224.9
1361   'PrS[21,2]'           27872.4
1362   'PrS[21,3]'           11672.1
1363   'PrS[22,1]'           75159
1364   'PrS[22,2]'           27845.1
1365   'PrS[22,3]'           11659.4
1366   'PrS[23,1]'           75083.3
1367   'PrS[23,2]'           27813.7
1368   'PrS[23,3]'           11644.9
1369   'PrS[24,1]'           74995.2
1370   'PrS[24,2]'           27777.2
1371   'PrS[24,3]'           11628
1372   'PrS[25,1]'           74900.8
1373   'PrS[25,2]'           27738
1374   'PrS[25,3]'           11609.8
1375   'PrS[26,1]'           74800.7
1376   'PrS[26,2]'           27696.6
1377   'PrS[26,3]'           11590.6
1378   'PrS[27,1]'           74693.1
1379   'PrS[27,2]'           27652
1380   'PrS[27,3]'           11570
1381   'PrS[28,1]'           74573.4
1382   'PrS[28,2]'           27602.4
1383   'PrS[28,3]'           11547
1384   'PrS[29,1]'           74696.4
1385   'PrS[29,2]'           27653.4
1386   'PrS[29,3]'           11570.6
1387   'PrS[30,1]'          135573
1388   'PrS[30,2]'           53888.2
1389   'PrS[30,3]'           24190.8
1390   'PrSF[1]'             62118.8
1391   'PrSF[2]'             22498.9
1392   'PrSF[3]'              9207.62
1393   Vap                      32.0361
;

