solve_message = 'LANCELOT: too many iterations.\
1000 iterations; objective 24.21560220459661\
M = 273, N = 275, nslacks = 2, NEL = 802, NG = 140728898421010\
NFCALL = 1001, NGCALL = 813'

:           _varname              _var          :=
1      'F[2]'                    0
2      'F[3]'                    0
3      'F[4]'                    0
4      'F[5]'                    0
5      'F[6]'                    0
6      'F[7]'                    0
7      'F[8]'                    0
8      'F[9]'                    0
9      'F[10]'                   0
10     'F[11]'                   0
11     'F[12]'                   0
12     'F[13]'                   0
13     'F[14]'                   0
14     'F[15]'                 100
15     'F[16]'                   0
16     'F[17]'                   0
17     'F[18]'                   0
18     'F[19]'                   0
19     'F[20]'                   0
20     'F[21]'                   0
21     'F[22]'                   0
22     'F[23]'                   0
23     'F[24]'                   0
24     'F[25]'                   0
25     'F[26]'                   0
26     'F[27]'                   0
27     'F[28]'                   0
28     'F[29]'                   0
29     'V[1]'                   24.2156
30     'V[2]'                  123.392
31     'V[3]'                   54.3215
32     'V[4]'                   49.6954
33     'V[5]'                   49.6564
34     'V[6]'                   50.1138
35     'V[7]'                   50.7406
36     'V[8]'                   51.7435
37     'V[9]'                   52.6017
38     'V[10]'                  53.3371
39     'V[11]'                  53.8786
40     'V[12]'                  54.3203
41     'V[13]'                  54.8322
42     'V[14]'                  55.7356
43     'V[15]'                  58.8283
44     'V[16]'                  54.484
45     'V[17]'                  54.2244
46     'V[18]'                  54.405
47     'V[19]'                  54.6974
48     'V[20]'                  55.0034
49     'V[21]'                  55.3008
50     'V[22]'                  55.5623
51     'V[23]'                  55.8341
52     'V[24]'                  56.0761
53     'V[25]'                  56.3445
54     'V[26]'                  56.5613
55     'V[27]'                  56.8068
56     'V[28]'                  57.1026
57     'V[29]'                  57.861
58     'V[30]'                   0
59     'y[1,1]'                  0.070681
60     'y[1,2]'                  1
61     'y[1,3]'                  0.382965
62     'y[2,1]'                  0.0438672
63     'y[2,2]'                  0.32459
64     'y[2,3]'                  0.0832047
65     'y[3,1]'                  0.15377
66     'y[3,2]'                  0.676157
67     'y[3,3]'                  0.157059
68     'y[4,1]'                  0.234262
69     'y[4,2]'                  0.677526
70     'y[4,3]'                  0.159552
71     'y[5,1]'                  0.305652
72     'y[5,2]'                  0.618278
73     'y[5,3]'                  0.149445
74     'y[6,1]'                  0.372055
75     'y[6,2]'                  0.554878
76     'y[6,3]'                  0.1379
77     'y[7,1]'                  0.427965
78     'y[7,2]'                  0.495592
79     'y[7,3]'                  0.126732
80     'y[8,1]'                  0.469951
81     'y[8,2]'                  0.443733
82     'y[8,3]'                  0.116563
83     'y[9,1]'                  0.50214
84     'y[9,2]'                  0.403538
85     'y[9,3]'                  0.108546
86     'y[10,1]'                 0.526648
87     'y[10,2]'                 0.373291
88     'y[10,3]'                 0.102473
89     'y[11,1]'                 0.545921
90     'y[11,2]'                 0.350673
91     'y[11,3]'                 0.0979337
92     'y[12,1]'                 0.560168
93     'y[12,2]'                 0.332856
94     'y[12,3]'                 0.0942822
95     'y[13,1]'                 0.568618
96     'y[13,2]'                 0.317499
97     'y[13,3]'                 0.0909974
98     'y[14,1]'                 0.571326
99     'y[14,2]'                 0.303402
100    'y[14,3]'                 0.0878134
101    'y[15,1]'                 0.574863
102    'y[15,2]'                 0.292882
103    'y[15,3]'                 0.0855023
104    'y[16,1]'                 0.621362
105    'y[16,2]'                 0.319842
106    'y[16,3]'                 0.0803831
107    'y[17,1]'                 0.627774
108    'y[17,2]'                 0.327641
109    'y[17,3]'                 0.0728731
110    'y[18,1]'                 0.629166
111    'y[18,2]'                 0.332373
112    'y[18,3]'                 0.0659501
113    'y[19,1]'                 0.629285
114    'y[19,2]'                 0.335911
115    'y[19,3]'                 0.0598143
116    'y[20,1]'                 0.629181
117    'y[20,2]'                 0.33915
118    'y[20,3]'                 0.0543315
119    'y[21,1]'                 0.629171
120    'y[21,2]'                 0.342462
121    'y[21,3]'                 0.0491622
122    'y[22,1]'                 0.629452
123    'y[22,2]'                 0.346045
124    'y[22,3]'                 0.0441354
125    'y[23,1]'                 0.629742
126    'y[23,2]'                 0.349763
127    'y[23,3]'                 0.0391652
128    'y[24,1]'                 0.630639
129    'y[24,2]'                 0.353542
130    'y[24,3]'                 0.0341665
131    'y[25,1]'                 0.631953
132    'y[25,2]'                 0.357031
133    'y[25,3]'                 0.0291306
134    'y[26,1]'                 0.63534
135    'y[26,2]'                 0.359829
136    'y[26,3]'                 0.023988
137    'y[27,1]'                 0.642791
138    'y[27,2]'                 0.358613
139    'y[27,3]'                 0.0187163
140    'y[28,1]'                 0.661234
141    'y[28,2]'                 0.346809
142    'y[28,3]'                 0.0134711
143    'y[29,1]'                 0.709077
144    'y[29,2]'                 0.311063
145    'y[29,3]'                 0.00841362
146    'y[30,1]'                 0.849615
147    'y[30,2]'                 0.240843
148    'y[30,3]'                 0.00414685
149    'L[1]'                    0
150    'L[2]'                   73.5316
151    'L[3]'                  115.467
152    'L[4]'                  119.386
153    'L[5]'                  119.671
154    'L[6]'                  120.245
155    'L[7]'                  120.781
156    'L[8]'                  120.236
157    'L[9]'                  119.364
158    'L[10]'                 118.064
159    'L[11]'                 116.748
160    'L[12]'                 115.348
161    'L[13]'                 113.789
162    'L[14]'                 112.039
163    'L[15]'                 110.744
164    'L[16]'                  22.4173
165    'L[17]'                  22.3514
166    'L[18]'                  22.6018
167    'L[19]'                  22.8272
168    'L[20]'                  23.0132
169    'L[21]'                  23.1639
170    'L[22]'                  23.2813
171    'L[23]'                  23.335
172    'L[24]'                  23.3589
173    'L[25]'                  23.3113
174    'L[26]'                  23.2715
175    'L[27]'                  23.2331
176    'L[28]'                  23.3073
177    'L[29]'                  23.8669
178    'L[30]'                  30.8543
179    'x[1,1]'                  0.0159337
180    'x[1,2]'                  0.567511
181    'x[1,3]'                  0.48445
182    'x[2,1]'                  0.0382892
183    'x[2,2]'                  0.837611
184    'x[2,3]'                  0.562959
185    'x[3,1]'                  0.0568387
186    'x[3,2]'                  0.66743
187    'x[3,3]'                  0.366288
188    'x[4,1]'                  0.0802856
189    'x[4,2]'                  0.614518
190    'x[4,3]'                  0.338849
191    'x[5,1]'                  0.108662
192    'x[5,2]'                  0.584256
193    'x[5,3]'                  0.332115
194    'x[6,1]'                  0.13883
195    'x[6,2]'                  0.553539
196    'x[6,3]'                  0.325392
197    'x[7,1]'                  0.168183
198    'x[7,2]'                  0.523897
199    'x[7,3]'                  0.31885
200    'x[8,1]'                  0.195823
201    'x[8,2]'                  0.500848
202    'x[8,3]'                  0.315332
203    'x[9,1]'                  0.220476
204    'x[9,2]'                  0.482941
205    'x[9,3]'                  0.31331
206    'x[10,1]'                 0.242095
207    'x[10,2]'                 0.470276
208    'x[10,3]'                 0.313084
209    'x[11,1]'                 0.260618
210    'x[11,2]'                 0.460855
211    'x[11,3]'                 0.313555
212    'x[12,1]'                 0.276563
213    'x[12,2]'                 0.454205
214    'x[12,3]'                 0.314706
215    'x[13,1]'                 0.290404
216    'x[13,2]'                 0.449975
217    'x[13,3]'                 0.31676
218    'x[14,1]'                 0.302623
219    'x[14,2]'                 0.447897
220    'x[14,3]'                 0.319809
221    'x[15,1]'                 0.312942
222    'x[15,2]'                 0.445801
223    'x[15,3]'                 0.322132
224    'x[16,1]'                 0.297434
225    'x[16,2]'                 0.421606
226    'x[16,3]'                 0.258225
227    'x[17,1]'                 0.297655
228    'x[17,2]'                 0.427311
229    'x[17,3]'                 0.231353
230    'x[18,1]'                 0.299489
231    'x[18,2]'                 0.435392
232    'x[18,3]'                 0.210397
233    'x[19,1]'                 0.301682
234    'x[19,2]'                 0.443538
235    'x[19,3]'                 0.19251
236    'x[20,1]'                 0.303977
237    'x[20,2]'                 0.451711
238    'x[20,3]'                 0.17655
239    'x[21,1]'                 0.306454
240    'x[21,2]'                 0.46029
241    'x[21,3]'                 0.16137
242    'x[22,1]'                 0.309241
243    'x[22,2]'                 0.469604
244    'x[22,3]'                 0.146424
245    'x[23,1]'                 0.312734
246    'x[23,2]'                 0.480403
247    'x[23,3]'                 0.13168
248    'x[24,1]'                 0.316993
249    'x[24,2]'                 0.492214
250    'x[24,3]'                 0.11661
251    'x[25,1]'                 0.32258
252    'x[25,2]'                 0.505704
253    'x[25,3]'                 0.101337
254    'x[26,1]'                 0.329653
255    'x[26,2]'                 0.519069
256    'x[26,3]'                 0.0851549
257    'x[27,1]'                 0.340534
258    'x[27,2]'                 0.5295
259    'x[27,3]'                 0.0681771
260    'x[28,1]'                 0.360228
261    'x[28,2]'                 0.528324
262    'x[28,3]'                 0.0507999
263    'x[29,1]'                 0.399806
264    'x[29,2]'                 0.492448
265    'x[29,3]'                 0.0331098
266    'x[30,1]'                 0.412425
267    'x[30,2]'                 0.322481
268    'x[30,3]'                 0.0135546
269    PC                       33.4215
270    PR                       66.4035
271    'T[1]'                  362.806
272    'T[2]'                  322.182
273    'T[3]'                  346.611
274    'T[4]'                  348.976
275    'T[5]'                  347.825
276    'T[6]'                  346.318
277    'T[7]'                  344.723
278    'T[8]'                  342.94
279    'T[9]'                  341.366
280    'T[10]'                 339.999
281    'T[11]'                 338.884
282    'T[12]'                 337.899
283    'T[13]'                 336.913
284    'T[14]'                 335.86
285    'T[15]'                 335.075
286    'T[16]'                 338.805
287    'T[17]'                 339.085
288    'T[18]'                 338.969
289    'T[19]'                 338.76
290    'T[20]'                 338.533
291    'T[21]'                 338.295
292    'T[22]'                 338.043
293    'T[23]'                 337.728
294    'T[24]'                 337.376
295    'T[25]'                 336.929
296    'T[26]'                 336.456
297    'T[27]'                 335.855
298    'T[28]'                 335.054
299    'T[29]'                 334.073
300    'T[30]'                 338.394
301    TF                      338.159
302    QC                      539.038
303    QR                      563.341
304    'H[1,1]'                  1.67087
305    'H[1,2]'                  2.06643
306    'H[1,3]'                  2.47567
307    'H[2,1]'                  0.579905
308    'H[2,2]'                  0.727955
309    'H[2,3]'                  0.868843
310    'H[3,1]'                  1.21877
311    'H[3,2]'                  1.51543
312    'H[3,3]'                  1.81234
313    'H[4,1]'                  1.2834
314    'H[4,2]'                  1.59445
315    'H[4,3]'                  1.90731
316    'H[5,1]'                  1.25189
317    'H[5,2]'                  1.55593
318    'H[5,3]'                  1.86101
319    'H[6,1]'                  1.2108
320    'H[6,2]'                  1.50567
321    'H[6,3]'                  1.80063
322    'H[7,1]'                  1.16753
323    'H[7,2]'                  1.4527
324    'H[7,3]'                  1.737
325    'H[8,1]'                  1.11943
326    'H[8,2]'                  1.39375
327    'H[8,3]'                  1.66623
328    'H[9,1]'                  1.07719
329    'H[9,2]'                  1.34193
330    'H[9,3]'                  1.60404
331    'H[10,1]'                 1.04069
332    'H[10,2]'                 1.29713
333    'H[10,3]'                 1.55029
334    'H[11,1]'                 1.01103
335    'H[11,2]'                 1.26068
336    'H[11,3]'                 1.50657
337    'H[12,1]'                 0.984913
338    'H[12,2]'                 1.22858
339    'H[12,3]'                 1.46808
340    'H[13,1]'                 0.958878
341    'H[13,2]'                 1.19655
342    'H[13,3]'                 1.42969
343    'H[14,1]'                 0.931141
344    'H[14,2]'                 1.16241
345    'H[14,3]'                 1.38877
346    'H[15,1]'                 0.91053
347    'H[15,2]'                 1.13702
348    'H[15,3]'                 1.35835
349    'H[16,1]'                 1.00892
350    'H[16,2]'                 1.25809
351    'H[16,3]'                 1.50347
352    'H[17,1]'                 1.01636
353    'H[17,2]'                 1.26723
354    'H[17,3]'                 1.51444
355    'H[18,1]'                 1.01329
356    'H[18,2]'                 1.26346
357    'H[18,3]'                 1.50991
358    'H[19,1]'                 1.00774
359    'H[19,2]'                 1.25664
360    'H[19,3]'                 1.50173
361    'H[20,1]'                 1.00171
362    'H[20,2]'                 1.24923
363    'H[20,3]'                 1.49285
364    'H[21,1]'                 0.995396
365    'H[21,2]'                 1.24146
366    'H[21,3]'                 1.48353
367    'H[22,1]'                 0.988726
368    'H[22,2]'                 1.23326
369    'H[22,3]'                 1.4737
370    'H[23,1]'                 0.980404
371    'H[23,2]'                 1.22303
372    'H[23,3]'                 1.46143
373    'H[24,1]'                 0.971084
374    'H[24,2]'                 1.21157
375    'H[24,3]'                 1.44769
376    'H[25,1]'                 0.959282
377    'H[25,2]'                 1.19705
378    'H[25,3]'                 1.43028
379    'H[26,1]'                 0.946809
380    'H[26,2]'                 1.1817
381    'H[26,3]'                 1.41189
382    'H[27,1]'                 0.931015
383    'H[27,2]'                 1.16225
384    'H[27,3]'                 1.38858
385    'H[28,1]'                 0.909972
386    'H[28,2]'                 1.13634
387    'H[28,3]'                 1.35753
388    'H[29,1]'                 0.884309
389    'H[29,2]'                 1.10471
390    'H[29,3]'                 1.31964
391    'H[30,1]'                 0.998029
392    'H[30,2]'                 1.2447
393    'H[30,3]'                 1.48742
394    'HF[1]'                   0.991793
395    'HF[2]'                   1.23703
396    'HF[3]'                   1.47822
397    'h[1,1]'                 -6.70463
398    'h[1,2]'                 -7.51613
399    'h[1,3]'                 -8.20636
400    'h[2,1]'                 -8.45762
401    'h[2,2]'                 -9.4864
402    'h[2,3]'                -10.4777
403    'h[3,1]'                 -7.42559
404    'h[3,2]'                 -8.32268
405    'h[3,3]'                 -9.13446
406    'h[4,1]'                 -7.32216
407    'h[4,2]'                 -8.2067
408    'h[4,3]'                 -9.0009
409    'h[5,1]'                 -7.37257
410    'h[5,2]'                 -8.26322
411    'h[5,3]'                 -9.06598
412    'h[6,1]'                 -7.43835
413    'h[6,2]'                 -8.337
414    'h[6,3]'                 -9.15095
415    'h[7,1]'                 -7.5077
416    'h[7,2]'                 -8.41483
417    'h[7,3]'                 -9.2406
418    'h[8,1]'                 -7.58487
419    'h[8,2]'                 -8.5015
420    'h[8,3]'                 -9.34046
421    'h[9,1]'                 -7.65272
422    'h[9,2]'                 -8.57775
423    'h[9,3]'                 -9.42833
424    'h[10,1]'                -7.71139
425    'h[10,2]'                -8.64372
426    'h[10,3]'                -9.50438
427    'h[11,1]'                -7.75913
428    'h[11,2]'                -8.69743
429    'h[11,3]'                -9.5663
430    'h[12,1]'                -7.80118
431    'h[12,2]'                -8.74476
432    'h[12,3]'                -9.62088
433    'h[13,1]'                -7.84313
434    'h[13,2]'                -8.79199
435    'h[13,3]'                -9.67536
436    'h[14,1]'                -7.88786
437    'h[14,2]'                -8.84238
438    'h[14,3]'                -9.73349
439    'h[15,1]'                -7.92112
440    'h[15,2]'                -8.87987
441    'h[15,3]'                -9.77674
442    'h[16,1]'                -7.76252
443    'h[16,2]'                -8.70124
444    'h[16,3]'                -9.5707
445    'h[17,1]'                -7.75054
446    'h[17,2]'                -8.68777
447    'h[17,3]'                -9.55516
448    'h[18,1]'                -7.75549
449    'h[18,2]'                -8.69333
450    'h[18,3]'                -9.56157
451    'h[19,1]'                -7.76442
452    'h[19,2]'                -8.70338
453    'h[19,3]'                -9.57316
454    'h[20,1]'                -7.77413
455    'h[20,2]'                -8.7143
456    'h[20,3]'                -9.58576
457    'h[21,1]'                -7.7843
458    'h[21,2]'                -8.72575
459    'h[21,3]'                -9.59896
460    'h[22,1]'                -7.79504
461    'h[22,2]'                -8.73784
462    'h[22,3]'                -9.6129
463    'h[23,1]'                -7.80844
464    'h[23,2]'                -8.75293
465    'h[23,3]'                -9.63031
466    'h[24,1]'                -7.82346
467    'h[24,2]'                -8.76984
468    'h[24,3]'                -9.64981
469    'h[25,1]'                -7.84248
470    'h[25,2]'                -8.79126
471    'h[25,3]'                -9.67452
472    'h[26,1]'                -7.86259
473    'h[26,2]'                -8.81391
474    'h[26,3]'                -9.70064
475    'h[27,1]'                -7.88807
476    'h[27,2]'                -8.84261
477    'h[27,3]'                -9.73376
478    'h[28,1]'                -7.92203
479    'h[28,2]'                -8.88088
480    'h[28,3]'                -9.77791
481    'h[29,1]'                -7.96347
482    'h[29,2]'                -8.9276
483    'h[29,3]'                -9.83183
484    'h[30,1]'                -7.78006
485    'h[30,2]'                -8.72098
486    'h[30,3]'                -9.59346
487    'hF[1]'                  -7.7901
488    'hF[2]'                  -8.73228
489    'hF[3]'                  -9.60649
490    'tauGamma[1,1,1]'     1e-06
491    'tauGamma[1,1,2]'     1e-06
492    'tauGamma[1,1,3]'     1e-06
493    'tauGamma[1,2,1]'     1e-06
494    'tauGamma[1,2,2]'     1e-06
495    'tauGamma[1,2,3]'     1e-06
496    'tauGamma[1,3,1]'     1e-06
497    'tauGamma[1,3,2]'     1e-06
498    'tauGamma[1,3,3]'     1e-06
499    'tauGamma[2,1,1]'     1e-06
500    'tauGamma[2,1,2]'     1e-06
501    'tauGamma[2,1,3]'     1e-06
502    'tauGamma[2,2,1]'     1e-06
503    'tauGamma[2,2,2]'     1e-06
504    'tauGamma[2,2,3]'     1e-06
505    'tauGamma[2,3,1]'     1e-06
506    'tauGamma[2,3,2]'     1e-06
507    'tauGamma[2,3,3]'     1e-06
508    'tauGamma[3,1,1]'     1e-06
509    'tauGamma[3,1,2]'     1e-06
510    'tauGamma[3,1,3]'     1e-06
511    'tauGamma[3,2,1]'     1e-06
512    'tauGamma[3,2,2]'     1e-06
513    'tauGamma[3,2,3]'     1e-06
514    'tauGamma[3,3,1]'     1e-06
515    'tauGamma[3,3,2]'     1e-06
516    'tauGamma[3,3,3]'     1e-06
517    'tauGamma[4,1,1]'     1e-06
518    'tauGamma[4,1,2]'     1e-06
519    'tauGamma[4,1,3]'     1e-06
520    'tauGamma[4,2,1]'     1e-06
521    'tauGamma[4,2,2]'     1e-06
522    'tauGamma[4,2,3]'     1e-06
523    'tauGamma[4,3,1]'     1e-06
524    'tauGamma[4,3,2]'     1e-06
525    'tauGamma[4,3,3]'     1e-06
526    'tauGamma[5,1,1]'     1e-06
527    'tauGamma[5,1,2]'     1e-06
528    'tauGamma[5,1,3]'     1e-06
529    'tauGamma[5,2,1]'     1e-06
530    'tauGamma[5,2,2]'     1e-06
531    'tauGamma[5,2,3]'     1e-06
532    'tauGamma[5,3,1]'     1e-06
533    'tauGamma[5,3,2]'     1e-06
534    'tauGamma[5,3,3]'     1e-06
535    'tauGamma[6,1,1]'     1e-06
536    'tauGamma[6,1,2]'     1e-06
537    'tauGamma[6,1,3]'     1e-06
538    'tauGamma[6,2,1]'     1e-06
539    'tauGamma[6,2,2]'     1e-06
540    'tauGamma[6,2,3]'     1e-06
541    'tauGamma[6,3,1]'     1e-06
542    'tauGamma[6,3,2]'     1e-06
543    'tauGamma[6,3,3]'     1e-06
544    'tauGamma[7,1,1]'     1e-06
545    'tauGamma[7,1,2]'     1e-06
546    'tauGamma[7,1,3]'     1e-06
547    'tauGamma[7,2,1]'     1e-06
548    'tauGamma[7,2,2]'     1e-06
549    'tauGamma[7,2,3]'     1e-06
550    'tauGamma[7,3,1]'     1e-06
551    'tauGamma[7,3,2]'     1e-06
552    'tauGamma[7,3,3]'     1e-06
553    'tauGamma[8,1,1]'     1e-06
554    'tauGamma[8,1,2]'     1e-06
555    'tauGamma[8,1,3]'     1e-06
556    'tauGamma[8,2,1]'     1e-06
557    'tauGamma[8,2,2]'     1e-06
558    'tauGamma[8,2,3]'     1e-06
559    'tauGamma[8,3,1]'     1e-06
560    'tauGamma[8,3,2]'     1e-06
561    'tauGamma[8,3,3]'     1e-06
562    'tauGamma[9,1,1]'     1e-06
563    'tauGamma[9,1,2]'     1e-06
564    'tauGamma[9,1,3]'     1e-06
565    'tauGamma[9,2,1]'     1e-06
566    'tauGamma[9,2,2]'     1e-06
567    'tauGamma[9,2,3]'     1e-06
568    'tauGamma[9,3,1]'     1e-06
569    'tauGamma[9,3,2]'     1e-06
570    'tauGamma[9,3,3]'     1e-06
571    'tauGamma[10,1,1]'    1e-06
572    'tauGamma[10,1,2]'    1e-06
573    'tauGamma[10,1,3]'    1e-06
574    'tauGamma[10,2,1]'    1e-06
575    'tauGamma[10,2,2]'    1e-06
576    'tauGamma[10,2,3]'    1e-06
577    'tauGamma[10,3,1]'    1e-06
578    'tauGamma[10,3,2]'    1e-06
579    'tauGamma[10,3,3]'    1e-06
580    'tauGamma[11,1,1]'    1e-06
581    'tauGamma[11,1,2]'    1e-06
582    'tauGamma[11,1,3]'    1e-06
583    'tauGamma[11,2,1]'    1e-06
584    'tauGamma[11,2,2]'    1e-06
585    'tauGamma[11,2,3]'    1e-06
586    'tauGamma[11,3,1]'    1e-06
587    'tauGamma[11,3,2]'    1e-06
588    'tauGamma[11,3,3]'    1e-06
589    'tauGamma[12,1,1]'    1e-06
590    'tauGamma[12,1,2]'    1e-06
591    'tauGamma[12,1,3]'    1e-06
592    'tauGamma[12,2,1]'    1e-06
593    'tauGamma[12,2,2]'    1e-06
594    'tauGamma[12,2,3]'    1e-06
595    'tauGamma[12,3,1]'    1e-06
596    'tauGamma[12,3,2]'    1e-06
597    'tauGamma[12,3,3]'    1e-06
598    'tauGamma[13,1,1]'    1e-06
599    'tauGamma[13,1,2]'    1e-06
600    'tauGamma[13,1,3]'    1e-06
601    'tauGamma[13,2,1]'    1e-06
602    'tauGamma[13,2,2]'    1e-06
603    'tauGamma[13,2,3]'    1e-06
604    'tauGamma[13,3,1]'    1e-06
605    'tauGamma[13,3,2]'    1e-06
606    'tauGamma[13,3,3]'    1e-06
607    'tauGamma[14,1,1]'    1e-06
608    'tauGamma[14,1,2]'    1e-06
609    'tauGamma[14,1,3]'    1e-06
610    'tauGamma[14,2,1]'    1e-06
611    'tauGamma[14,2,2]'    1e-06
612    'tauGamma[14,2,3]'    1e-06
613    'tauGamma[14,3,1]'    1e-06
614    'tauGamma[14,3,2]'    1e-06
615    'tauGamma[14,3,3]'    1e-06
616    'tauGamma[15,1,1]'    1e-06
617    'tauGamma[15,1,2]'    1e-06
618    'tauGamma[15,1,3]'    1e-06
619    'tauGamma[15,2,1]'    1e-06
620    'tauGamma[15,2,2]'    1e-06
621    'tauGamma[15,2,3]'    1e-06
622    'tauGamma[15,3,1]'    1e-06
623    'tauGamma[15,3,2]'    1e-06
624    'tauGamma[15,3,3]'    1e-06
625    'tauGamma[16,1,1]'    1e-06
626    'tauGamma[16,1,2]'    1e-06
627    'tauGamma[16,1,3]'    1e-06
628    'tauGamma[16,2,1]'    1e-06
629    'tauGamma[16,2,2]'    1e-06
630    'tauGamma[16,2,3]'    1e-06
631    'tauGamma[16,3,1]'    1e-06
632    'tauGamma[16,3,2]'    1e-06
633    'tauGamma[16,3,3]'    1e-06
634    'tauGamma[17,1,1]'    1e-06
635    'tauGamma[17,1,2]'    1e-06
636    'tauGamma[17,1,3]'    1e-06
637    'tauGamma[17,2,1]'    1e-06
638    'tauGamma[17,2,2]'    1e-06
639    'tauGamma[17,2,3]'    1e-06
640    'tauGamma[17,3,1]'    1e-06
641    'tauGamma[17,3,2]'    1e-06
642    'tauGamma[17,3,3]'    1e-06
643    'tauGamma[18,1,1]'    1e-06
644    'tauGamma[18,1,2]'    1e-06
645    'tauGamma[18,1,3]'    1e-06
646    'tauGamma[18,2,1]'    1e-06
647    'tauGamma[18,2,2]'    1e-06
648    'tauGamma[18,2,3]'    1e-06
649    'tauGamma[18,3,1]'    1e-06
650    'tauGamma[18,3,2]'    1e-06
651    'tauGamma[18,3,3]'    1e-06
652    'tauGamma[19,1,1]'    1e-06
653    'tauGamma[19,1,2]'    1e-06
654    'tauGamma[19,1,3]'    1e-06
655    'tauGamma[19,2,1]'    1e-06
656    'tauGamma[19,2,2]'    1e-06
657    'tauGamma[19,2,3]'    1e-06
658    'tauGamma[19,3,1]'    1e-06
659    'tauGamma[19,3,2]'    1e-06
660    'tauGamma[19,3,3]'    1e-06
661    'tauGamma[20,1,1]'    1e-06
662    'tauGamma[20,1,2]'    1e-06
663    'tauGamma[20,1,3]'    1e-06
664    'tauGamma[20,2,1]'    1e-06
665    'tauGamma[20,2,2]'    1e-06
666    'tauGamma[20,2,3]'    1e-06
667    'tauGamma[20,3,1]'    1e-06
668    'tauGamma[20,3,2]'    1e-06
669    'tauGamma[20,3,3]'    1e-06
670    'tauGamma[21,1,1]'    1e-06
671    'tauGamma[21,1,2]'    1e-06
672    'tauGamma[21,1,3]'    1e-06
673    'tauGamma[21,2,1]'    1e-06
674    'tauGamma[21,2,2]'    1e-06
675    'tauGamma[21,2,3]'    1e-06
676    'tauGamma[21,3,1]'    1e-06
677    'tauGamma[21,3,2]'    1e-06
678    'tauGamma[21,3,3]'    1e-06
679    'tauGamma[22,1,1]'    1e-06
680    'tauGamma[22,1,2]'    1e-06
681    'tauGamma[22,1,3]'    1e-06
682    'tauGamma[22,2,1]'    1e-06
683    'tauGamma[22,2,2]'    1e-06
684    'tauGamma[22,2,3]'    1e-06
685    'tauGamma[22,3,1]'    1e-06
686    'tauGamma[22,3,2]'    1e-06
687    'tauGamma[22,3,3]'    1e-06
688    'tauGamma[23,1,1]'    1e-06
689    'tauGamma[23,1,2]'    1e-06
690    'tauGamma[23,1,3]'    1e-06
691    'tauGamma[23,2,1]'    1e-06
692    'tauGamma[23,2,2]'    1e-06
693    'tauGamma[23,2,3]'    1e-06
694    'tauGamma[23,3,1]'    1e-06
695    'tauGamma[23,3,2]'    1e-06
696    'tauGamma[23,3,3]'    1e-06
697    'tauGamma[24,1,1]'    1e-06
698    'tauGamma[24,1,2]'    1e-06
699    'tauGamma[24,1,3]'    1e-06
700    'tauGamma[24,2,1]'    1e-06
701    'tauGamma[24,2,2]'    1e-06
702    'tauGamma[24,2,3]'    1e-06
703    'tauGamma[24,3,1]'    1e-06
704    'tauGamma[24,3,2]'    1e-06
705    'tauGamma[24,3,3]'    1e-06
706    'tauGamma[25,1,1]'    1e-06
707    'tauGamma[25,1,2]'    1e-06
708    'tauGamma[25,1,3]'    1e-06
709    'tauGamma[25,2,1]'    1e-06
710    'tauGamma[25,2,2]'    1e-06
711    'tauGamma[25,2,3]'    1e-06
712    'tauGamma[25,3,1]'    1e-06
713    'tauGamma[25,3,2]'    1e-06
714    'tauGamma[25,3,3]'    1e-06
715    'tauGamma[26,1,1]'    1e-06
716    'tauGamma[26,1,2]'    1e-06
717    'tauGamma[26,1,3]'    1e-06
718    'tauGamma[26,2,1]'    1e-06
719    'tauGamma[26,2,2]'    1e-06
720    'tauGamma[26,2,3]'    1e-06
721    'tauGamma[26,3,1]'    1e-06
722    'tauGamma[26,3,2]'    1e-06
723    'tauGamma[26,3,3]'    1e-06
724    'tauGamma[27,1,1]'    1e-06
725    'tauGamma[27,1,2]'    1e-06
726    'tauGamma[27,1,3]'    1e-06
727    'tauGamma[27,2,1]'    1e-06
728    'tauGamma[27,2,2]'    1e-06
729    'tauGamma[27,2,3]'    1e-06
730    'tauGamma[27,3,1]'    1e-06
731    'tauGamma[27,3,2]'    1e-06
732    'tauGamma[27,3,3]'    1e-06
733    'tauGamma[28,1,1]'    1e-06
734    'tauGamma[28,1,2]'    1e-06
735    'tauGamma[28,1,3]'    1e-06
736    'tauGamma[28,2,1]'    1e-06
737    'tauGamma[28,2,2]'    1e-06
738    'tauGamma[28,2,3]'    1e-06
739    'tauGamma[28,3,1]'    1e-06
740    'tauGamma[28,3,2]'    1e-06
741    'tauGamma[28,3,3]'    1e-06
742    'tauGamma[29,1,1]'    1e-06
743    'tauGamma[29,1,2]'    1e-06
744    'tauGamma[29,1,3]'    1e-06
745    'tauGamma[29,2,1]'    1e-06
746    'tauGamma[29,2,2]'    1e-06
747    'tauGamma[29,2,3]'    1e-06
748    'tauGamma[29,3,1]'    1e-06
749    'tauGamma[29,3,2]'    1e-06
750    'tauGamma[29,3,3]'    1e-06
751    'tauGamma[30,1,1]'    1e-06
752    'tauGamma[30,1,2]'    1e-06
753    'tauGamma[30,1,3]'    1e-06
754    'tauGamma[30,2,1]'    1e-06
755    'tauGamma[30,2,2]'    1e-06
756    'tauGamma[30,2,3]'    1e-06
757    'tauGamma[30,3,1]'    1e-06
758    'tauGamma[30,3,2]'    1e-06
759    'tauGamma[30,3,3]'    1e-06
760    'PGamma[1,1,1]'           1
761    'PGamma[1,1,2]'           1
762    'PGamma[1,1,3]'           1
763    'PGamma[1,2,1]'           1
764    'PGamma[1,2,2]'           1
765    'PGamma[1,2,3]'           1
766    'PGamma[1,3,1]'           1
767    'PGamma[1,3,2]'           1
768    'PGamma[1,3,3]'           1
769    'PGamma[2,1,1]'           1
770    'PGamma[2,1,2]'           1
771    'PGamma[2,1,3]'           1
772    'PGamma[2,2,1]'           1
773    'PGamma[2,2,2]'           1
774    'PGamma[2,2,3]'           1
775    'PGamma[2,3,1]'           1
776    'PGamma[2,3,2]'           1
777    'PGamma[2,3,3]'           1
778    'PGamma[3,1,1]'           1
779    'PGamma[3,1,2]'           1
780    'PGamma[3,1,3]'           1
781    'PGamma[3,2,1]'           1
782    'PGamma[3,2,2]'           1
783    'PGamma[3,2,3]'           1
784    'PGamma[3,3,1]'           1
785    'PGamma[3,3,2]'           1
786    'PGamma[3,3,3]'           1
787    'PGamma[4,1,1]'           1
788    'PGamma[4,1,2]'           1
789    'PGamma[4,1,3]'           1
790    'PGamma[4,2,1]'           1
791    'PGamma[4,2,2]'           1
792    'PGamma[4,2,3]'           1
793    'PGamma[4,3,1]'           1
794    'PGamma[4,3,2]'           1
795    'PGamma[4,3,3]'           1
796    'PGamma[5,1,1]'           1
797    'PGamma[5,1,2]'           1
798    'PGamma[5,1,3]'           1
799    'PGamma[5,2,1]'           1
800    'PGamma[5,2,2]'           1
801    'PGamma[5,2,3]'           1
802    'PGamma[5,3,1]'           1
803    'PGamma[5,3,2]'           1
804    'PGamma[5,3,3]'           1
805    'PGamma[6,1,1]'           1
806    'PGamma[6,1,2]'           1
807    'PGamma[6,1,3]'           1
808    'PGamma[6,2,1]'           1
809    'PGamma[6,2,2]'           1
810    'PGamma[6,2,3]'           1
811    'PGamma[6,3,1]'           1
812    'PGamma[6,3,2]'           1
813    'PGamma[6,3,3]'           1
814    'PGamma[7,1,1]'           1
815    'PGamma[7,1,2]'           1
816    'PGamma[7,1,3]'           1
817    'PGamma[7,2,1]'           1
818    'PGamma[7,2,2]'           1
819    'PGamma[7,2,3]'           1
820    'PGamma[7,3,1]'           1
821    'PGamma[7,3,2]'           1
822    'PGamma[7,3,3]'           1
823    'PGamma[8,1,1]'           1
824    'PGamma[8,1,2]'           1
825    'PGamma[8,1,3]'           1
826    'PGamma[8,2,1]'           1
827    'PGamma[8,2,2]'           1
828    'PGamma[8,2,3]'           1
829    'PGamma[8,3,1]'           1
830    'PGamma[8,3,2]'           1
831    'PGamma[8,3,3]'           1
832    'PGamma[9,1,1]'           1
833    'PGamma[9,1,2]'           1
834    'PGamma[9,1,3]'           1
835    'PGamma[9,2,1]'           1
836    'PGamma[9,2,2]'           1
837    'PGamma[9,2,3]'           1
838    'PGamma[9,3,1]'           1
839    'PGamma[9,3,2]'           1
840    'PGamma[9,3,3]'           1
841    'PGamma[10,1,1]'          1
842    'PGamma[10,1,2]'          1
843    'PGamma[10,1,3]'          1
844    'PGamma[10,2,1]'          1
845    'PGamma[10,2,2]'          1
846    'PGamma[10,2,3]'          1
847    'PGamma[10,3,1]'          1
848    'PGamma[10,3,2]'          1
849    'PGamma[10,3,3]'          1
850    'PGamma[11,1,1]'          1
851    'PGamma[11,1,2]'          1
852    'PGamma[11,1,3]'          1
853    'PGamma[11,2,1]'          1
854    'PGamma[11,2,2]'          1
855    'PGamma[11,2,3]'          1
856    'PGamma[11,3,1]'          1
857    'PGamma[11,3,2]'          1
858    'PGamma[11,3,3]'          1
859    'PGamma[12,1,1]'          1
860    'PGamma[12,1,2]'          1
861    'PGamma[12,1,3]'          1
862    'PGamma[12,2,1]'          1
863    'PGamma[12,2,2]'          1
864    'PGamma[12,2,3]'          1
865    'PGamma[12,3,1]'          1
866    'PGamma[12,3,2]'          1
867    'PGamma[12,3,3]'          1
868    'PGamma[13,1,1]'          1
869    'PGamma[13,1,2]'          1
870    'PGamma[13,1,3]'          1
871    'PGamma[13,2,1]'          1
872    'PGamma[13,2,2]'          1
873    'PGamma[13,2,3]'          1
874    'PGamma[13,3,1]'          1
875    'PGamma[13,3,2]'          1
876    'PGamma[13,3,3]'          1
877    'PGamma[14,1,1]'          1
878    'PGamma[14,1,2]'          1
879    'PGamma[14,1,3]'          1
880    'PGamma[14,2,1]'          1
881    'PGamma[14,2,2]'          1
882    'PGamma[14,2,3]'          1
883    'PGamma[14,3,1]'          1
884    'PGamma[14,3,2]'          1
885    'PGamma[14,3,3]'          1
886    'PGamma[15,1,1]'          1
887    'PGamma[15,1,2]'          1
888    'PGamma[15,1,3]'          1
889    'PGamma[15,2,1]'          1
890    'PGamma[15,2,2]'          1
891    'PGamma[15,2,3]'          1
892    'PGamma[15,3,1]'          1
893    'PGamma[15,3,2]'          1
894    'PGamma[15,3,3]'          1
895    'PGamma[16,1,1]'          1
896    'PGamma[16,1,2]'          1
897    'PGamma[16,1,3]'          1
898    'PGamma[16,2,1]'          1
899    'PGamma[16,2,2]'          1
900    'PGamma[16,2,3]'          1
901    'PGamma[16,3,1]'          1
902    'PGamma[16,3,2]'          1
903    'PGamma[16,3,3]'          1
904    'PGamma[17,1,1]'          1
905    'PGamma[17,1,2]'          1
906    'PGamma[17,1,3]'          1
907    'PGamma[17,2,1]'          1
908    'PGamma[17,2,2]'          1
909    'PGamma[17,2,3]'          1
910    'PGamma[17,3,1]'          1
911    'PGamma[17,3,2]'          1
912    'PGamma[17,3,3]'          1
913    'PGamma[18,1,1]'          1
914    'PGamma[18,1,2]'          1
915    'PGamma[18,1,3]'          1
916    'PGamma[18,2,1]'          1
917    'PGamma[18,2,2]'          1
918    'PGamma[18,2,3]'          1
919    'PGamma[18,3,1]'          1
920    'PGamma[18,3,2]'          1
921    'PGamma[18,3,3]'          1
922    'PGamma[19,1,1]'          1
923    'PGamma[19,1,2]'          1
924    'PGamma[19,1,3]'          1
925    'PGamma[19,2,1]'          1
926    'PGamma[19,2,2]'          1
927    'PGamma[19,2,3]'          1
928    'PGamma[19,3,1]'          1
929    'PGamma[19,3,2]'          1
930    'PGamma[19,3,3]'          1
931    'PGamma[20,1,1]'          1
932    'PGamma[20,1,2]'          1
933    'PGamma[20,1,3]'          1
934    'PGamma[20,2,1]'          1
935    'PGamma[20,2,2]'          1
936    'PGamma[20,2,3]'          1
937    'PGamma[20,3,1]'          1
938    'PGamma[20,3,2]'          1
939    'PGamma[20,3,3]'          1
940    'PGamma[21,1,1]'          1
941    'PGamma[21,1,2]'          1
942    'PGamma[21,1,3]'          1
943    'PGamma[21,2,1]'          1
944    'PGamma[21,2,2]'          1
945    'PGamma[21,2,3]'          1
946    'PGamma[21,3,1]'          1
947    'PGamma[21,3,2]'          1
948    'PGamma[21,3,3]'          1
949    'PGamma[22,1,1]'          1
950    'PGamma[22,1,2]'          1
951    'PGamma[22,1,3]'          1
952    'PGamma[22,2,1]'          1
953    'PGamma[22,2,2]'          1
954    'PGamma[22,2,3]'          1
955    'PGamma[22,3,1]'          1
956    'PGamma[22,3,2]'          1
957    'PGamma[22,3,3]'          1
958    'PGamma[23,1,1]'          1
959    'PGamma[23,1,2]'          1
960    'PGamma[23,1,3]'          1
961    'PGamma[23,2,1]'          1
962    'PGamma[23,2,2]'          1
963    'PGamma[23,2,3]'          1
964    'PGamma[23,3,1]'          1
965    'PGamma[23,3,2]'          1
966    'PGamma[23,3,3]'          1
967    'PGamma[24,1,1]'          1
968    'PGamma[24,1,2]'          1
969    'PGamma[24,1,3]'          1
970    'PGamma[24,2,1]'          1
971    'PGamma[24,2,2]'          1
972    'PGamma[24,2,3]'          1
973    'PGamma[24,3,1]'          1
974    'PGamma[24,3,2]'          1
975    'PGamma[24,3,3]'          1
976    'PGamma[25,1,1]'          1
977    'PGamma[25,1,2]'          1
978    'PGamma[25,1,3]'          1
979    'PGamma[25,2,1]'          1
980    'PGamma[25,2,2]'          1
981    'PGamma[25,2,3]'          1
982    'PGamma[25,3,1]'          1
983    'PGamma[25,3,2]'          1
984    'PGamma[25,3,3]'          1
985    'PGamma[26,1,1]'          1
986    'PGamma[26,1,2]'          1
987    'PGamma[26,1,3]'          1
988    'PGamma[26,2,1]'          1
989    'PGamma[26,2,2]'          1
990    'PGamma[26,2,3]'          1
991    'PGamma[26,3,1]'          1
992    'PGamma[26,3,2]'          1
993    'PGamma[26,3,3]'          1
994    'PGamma[27,1,1]'          1
995    'PGamma[27,1,2]'          1
996    'PGamma[27,1,3]'          1
997    'PGamma[27,2,1]'          1
998    'PGamma[27,2,2]'          1
999    'PGamma[27,2,3]'          1
1000   'PGamma[27,3,1]'          1
1001   'PGamma[27,3,2]'          1
1002   'PGamma[27,3,3]'          1
1003   'PGamma[28,1,1]'          1
1004   'PGamma[28,1,2]'          1
1005   'PGamma[28,1,3]'          1
1006   'PGamma[28,2,1]'          1
1007   'PGamma[28,2,2]'          1
1008   'PGamma[28,2,3]'          1
1009   'PGamma[28,3,1]'          1
1010   'PGamma[28,3,2]'          1
1011   'PGamma[28,3,3]'          1
1012   'PGamma[29,1,1]'          1
1013   'PGamma[29,1,2]'          1
1014   'PGamma[29,1,3]'          1
1015   'PGamma[29,2,1]'          1
1016   'PGamma[29,2,2]'          1
1017   'PGamma[29,2,3]'          1
1018   'PGamma[29,3,1]'          1
1019   'PGamma[29,3,2]'          1
1020   'PGamma[29,3,3]'          1
1021   'PGamma[30,1,1]'          1
1022   'PGamma[30,1,2]'          1
1023   'PGamma[30,1,3]'          1
1024   'PGamma[30,2,1]'          1
1025   'PGamma[30,2,2]'          1
1026   'PGamma[30,2,3]'          1
1027   'PGamma[30,3,1]'          1
1028   'PGamma[30,3,2]'          1
1029   'PGamma[30,3,3]'          1
1030   'SGamma1[1,1]'            1.06789e-06
1031   'SGamma1[1,2]'            1.06789e-06
1032   'SGamma1[1,3]'            1.06789e-06
1033   'SGamma1[2,1]'            1.43886e-06
1034   'SGamma1[2,2]'            1.43886e-06
1035   'SGamma1[2,3]'            1.43886e-06
1036   'SGamma1[3,1]'            1.09056e-06
1037   'SGamma1[3,2]'            1.09056e-06
1038   'SGamma1[3,3]'            1.09056e-06
1039   'SGamma1[4,1]'            1.03365e-06
1040   'SGamma1[4,2]'            1.03365e-06
1041   'SGamma1[4,3]'            1.03365e-06
1042   'SGamma1[5,1]'            1.02503e-06
1043   'SGamma1[5,2]'            1.02503e-06
1044   'SGamma1[5,3]'            1.02503e-06
1045   'SGamma1[6,1]'            1.01776e-06
1046   'SGamma1[6,2]'            1.01776e-06
1047   'SGamma1[6,3]'            1.01776e-06
1048   'SGamma1[7,1]'            1.01093e-06
1049   'SGamma1[7,2]'            1.01093e-06
1050   'SGamma1[7,3]'            1.01093e-06
1051   'SGamma1[8,1]'            1.012e-06
1052   'SGamma1[8,2]'            1.012e-06
1053   'SGamma1[8,3]'            1.012e-06
1054   'SGamma1[9,1]'            1.01673e-06
1055   'SGamma1[9,2]'            1.01673e-06
1056   'SGamma1[9,3]'            1.01673e-06
1057   'SGamma1[10,1]'           1.02545e-06
1058   'SGamma1[10,2]'           1.02545e-06
1059   'SGamma1[10,3]'           1.02545e-06
1060   'SGamma1[11,1]'           1.03503e-06
1061   'SGamma1[11,2]'           1.03503e-06
1062   'SGamma1[11,3]'           1.03503e-06
1063   'SGamma1[12,1]'           1.04547e-06
1064   'SGamma1[12,2]'           1.04547e-06
1065   'SGamma1[12,3]'           1.04547e-06
1066   'SGamma1[13,1]'           1.05714e-06
1067   'SGamma1[13,2]'           1.05714e-06
1068   'SGamma1[13,3]'           1.05714e-06
1069   'SGamma1[14,1]'           1.07033e-06
1070   'SGamma1[14,2]'           1.07033e-06
1071   'SGamma1[14,3]'           1.07033e-06
1072   'SGamma1[15,1]'           1.08087e-06
1073   'SGamma1[15,2]'           1.08087e-06
1074   'SGamma1[15,3]'           1.08087e-06
1075   'SGamma1[16,1]'           9.77265e-07
1076   'SGamma1[16,2]'           9.77265e-07
1077   'SGamma1[16,3]'           9.77265e-07
1078   'SGamma1[17,1]'           9.56319e-07
1079   'SGamma1[17,2]'           9.56319e-07
1080   'SGamma1[17,3]'           9.56319e-07
1081   'SGamma1[18,1]'           9.45277e-07
1082   'SGamma1[18,2]'           9.45277e-07
1083   'SGamma1[18,3]'           9.45277e-07
1084   'SGamma1[19,1]'           9.3773e-07
1085   'SGamma1[19,2]'           9.3773e-07
1086   'SGamma1[19,3]'           9.3773e-07
1087   'SGamma1[20,1]'           9.32237e-07
1088   'SGamma1[20,2]'           9.32237e-07
1089   'SGamma1[20,3]'           9.32237e-07
1090   'SGamma1[21,1]'           9.28113e-07
1091   'SGamma1[21,2]'           9.28113e-07
1092   'SGamma1[21,3]'           9.28113e-07
1093   'SGamma1[22,1]'           9.25269e-07
1094   'SGamma1[22,2]'           9.25269e-07
1095   'SGamma1[22,3]'           9.25269e-07
1096   'SGamma1[23,1]'           9.24818e-07
1097   'SGamma1[23,2]'           9.24818e-07
1098   'SGamma1[23,3]'           9.24818e-07
1099   'SGamma1[24,1]'           9.25817e-07
1100   'SGamma1[24,2]'           9.25817e-07
1101   'SGamma1[24,3]'           9.25817e-07
1102   'SGamma1[25,1]'           9.29621e-07
1103   'SGamma1[25,2]'           9.29621e-07
1104   'SGamma1[25,3]'           9.29621e-07
1105   'SGamma1[26,1]'           9.33878e-07
1106   'SGamma1[26,2]'           9.33878e-07
1107   'SGamma1[26,3]'           9.33878e-07
1108   'SGamma1[27,1]'           9.38211e-07
1109   'SGamma1[27,2]'           9.38211e-07
1110   'SGamma1[27,3]'           9.38211e-07
1111   'SGamma1[28,1]'           9.39352e-07
1112   'SGamma1[28,2]'           9.39352e-07
1113   'SGamma1[28,3]'           9.39352e-07
1114   'SGamma1[29,1]'           9.25364e-07
1115   'SGamma1[29,2]'           9.25364e-07
1116   'SGamma1[29,3]'           9.25364e-07
1117   'SGamma1[30,1]'           7.48461e-07
1118   'SGamma1[30,2]'           7.48461e-07
1119   'SGamma1[30,3]'           7.48461e-07
1120   'SGamma2[1,1]'            1.06789
1121   'SGamma2[1,2]'            1.06789
1122   'SGamma2[1,3]'            1.06789
1123   'SGamma2[2,1]'            1.43886
1124   'SGamma2[2,2]'            1.43886
1125   'SGamma2[2,3]'            1.43886
1126   'SGamma2[3,1]'            1.09056
1127   'SGamma2[3,2]'            1.09056
1128   'SGamma2[3,3]'            1.09056
1129   'SGamma2[4,1]'            1.03365
1130   'SGamma2[4,2]'            1.03365
1131   'SGamma2[4,3]'            1.03365
1132   'SGamma2[5,1]'            1.02503
1133   'SGamma2[5,2]'            1.02503
1134   'SGamma2[5,3]'            1.02503
1135   'SGamma2[6,1]'            1.01776
1136   'SGamma2[6,2]'            1.01776
1137   'SGamma2[6,3]'            1.01776
1138   'SGamma2[7,1]'            1.01093
1139   'SGamma2[7,2]'            1.01093
1140   'SGamma2[7,3]'            1.01093
1141   'SGamma2[8,1]'            1.012
1142   'SGamma2[8,2]'            1.012
1143   'SGamma2[8,3]'            1.012
1144   'SGamma2[9,1]'            1.01673
1145   'SGamma2[9,2]'            1.01673
1146   'SGamma2[9,3]'            1.01673
1147   'SGamma2[10,1]'           1.02545
1148   'SGamma2[10,2]'           1.02545
1149   'SGamma2[10,3]'           1.02545
1150   'SGamma2[11,1]'           1.03503
1151   'SGamma2[11,2]'           1.03503
1152   'SGamma2[11,3]'           1.03503
1153   'SGamma2[12,1]'           1.04547
1154   'SGamma2[12,2]'           1.04547
1155   'SGamma2[12,3]'           1.04547
1156   'SGamma2[13,1]'           1.05714
1157   'SGamma2[13,2]'           1.05714
1158   'SGamma2[13,3]'           1.05714
1159   'SGamma2[14,1]'           1.07033
1160   'SGamma2[14,2]'           1.07033
1161   'SGamma2[14,3]'           1.07033
1162   'SGamma2[15,1]'           1.08087
1163   'SGamma2[15,2]'           1.08087
1164   'SGamma2[15,3]'           1.08087
1165   'SGamma2[16,1]'           0.977265
1166   'SGamma2[16,2]'           0.977265
1167   'SGamma2[16,3]'           0.977265
1168   'SGamma2[17,1]'           0.956319
1169   'SGamma2[17,2]'           0.956319
1170   'SGamma2[17,3]'           0.956319
1171   'SGamma2[18,1]'           0.945277
1172   'SGamma2[18,2]'           0.945277
1173   'SGamma2[18,3]'           0.945277
1174   'SGamma2[19,1]'           0.93773
1175   'SGamma2[19,2]'           0.93773
1176   'SGamma2[19,3]'           0.93773
1177   'SGamma2[20,1]'           0.932237
1178   'SGamma2[20,2]'           0.932237
1179   'SGamma2[20,3]'           0.932237
1180   'SGamma2[21,1]'           0.928113
1181   'SGamma2[21,2]'           0.928113
1182   'SGamma2[21,3]'           0.928113
1183   'SGamma2[22,1]'           0.925269
1184   'SGamma2[22,2]'           0.925269
1185   'SGamma2[22,3]'           0.925269
1186   'SGamma2[23,1]'           0.924818
1187   'SGamma2[23,2]'           0.924818
1188   'SGamma2[23,3]'           0.924818
1189   'SGamma2[24,1]'           0.925817
1190   'SGamma2[24,2]'           0.925817
1191   'SGamma2[24,3]'           0.925817
1192   'SGamma2[25,1]'           0.929621
1193   'SGamma2[25,2]'           0.929621
1194   'SGamma2[25,3]'           0.929621
1195   'SGamma2[26,1]'           0.933878
1196   'SGamma2[26,2]'           0.933878
1197   'SGamma2[26,3]'           0.933878
1198   'SGamma2[27,1]'           0.938211
1199   'SGamma2[27,2]'           0.938211
1200   'SGamma2[27,3]'           0.938211
1201   'SGamma2[28,1]'           0.939352
1202   'SGamma2[28,2]'           0.939352
1203   'SGamma2[28,3]'           0.939352
1204   'SGamma2[29,1]'           0.925364
1205   'SGamma2[29,2]'           0.925364
1206   'SGamma2[29,3]'           0.925364
1207   'SGamma2[30,1]'           0.748461
1208   'SGamma2[30,2]'           0.748461
1209   'SGamma2[30,3]'           0.748461
1210   'gamma[1,1]'              1
1211   'gamma[1,2]'              1
1212   'gamma[1,3]'              1
1213   'gamma[2,1]'              1
1214   'gamma[2,2]'              1
1215   'gamma[2,3]'              1
1216   'gamma[3,1]'              1
1217   'gamma[3,2]'              1
1218   'gamma[3,3]'              1
1219   'gamma[4,1]'              1
1220   'gamma[4,2]'              1
1221   'gamma[4,3]'              1
1222   'gamma[5,1]'              1
1223   'gamma[5,2]'              1
1224   'gamma[5,3]'              1
1225   'gamma[6,1]'              1
1226   'gamma[6,2]'              1
1227   'gamma[6,3]'              1
1228   'gamma[7,1]'              1
1229   'gamma[7,2]'              1
1230   'gamma[7,3]'              1
1231   'gamma[8,1]'              1
1232   'gamma[8,2]'              1
1233   'gamma[8,3]'              1
1234   'gamma[9,1]'              1
1235   'gamma[9,2]'              1
1236   'gamma[9,3]'              1
1237   'gamma[10,1]'             1
1238   'gamma[10,2]'             1
1239   'gamma[10,3]'             1
1240   'gamma[11,1]'             1
1241   'gamma[11,2]'             1
1242   'gamma[11,3]'             1
1243   'gamma[12,1]'             1
1244   'gamma[12,2]'             1
1245   'gamma[12,3]'             1
1246   'gamma[13,1]'             1
1247   'gamma[13,2]'             1
1248   'gamma[13,3]'             1
1249   'gamma[14,1]'             1
1250   'gamma[14,2]'             1
1251   'gamma[14,3]'             1
1252   'gamma[15,1]'             1
1253   'gamma[15,2]'             1
1254   'gamma[15,3]'             1
1255   'gamma[16,1]'             1
1256   'gamma[16,2]'             1
1257   'gamma[16,3]'             1
1258   'gamma[17,1]'             1
1259   'gamma[17,2]'             1
1260   'gamma[17,3]'             1
1261   'gamma[18,1]'             1
1262   'gamma[18,2]'             1
1263   'gamma[18,3]'             1
1264   'gamma[19,1]'             1
1265   'gamma[19,2]'             1
1266   'gamma[19,3]'             1
1267   'gamma[20,1]'             1
1268   'gamma[20,2]'             1
1269   'gamma[20,3]'             1
1270   'gamma[21,1]'             1
1271   'gamma[21,2]'             1
1272   'gamma[21,3]'             1
1273   'gamma[22,1]'             1
1274   'gamma[22,2]'             1
1275   'gamma[22,3]'             1
1276   'gamma[23,1]'             1
1277   'gamma[23,2]'             1
1278   'gamma[23,3]'             1
1279   'gamma[24,1]'             1
1280   'gamma[24,2]'             1
1281   'gamma[24,3]'             1
1282   'gamma[25,1]'             1
1283   'gamma[25,2]'             1
1284   'gamma[25,3]'             1
1285   'gamma[26,1]'             1
1286   'gamma[26,2]'             1
1287   'gamma[26,3]'             1
1288   'gamma[27,1]'             1
1289   'gamma[27,2]'             1
1290   'gamma[27,3]'             1
1291   'gamma[28,1]'             1
1292   'gamma[28,2]'             1
1293   'gamma[28,3]'             1
1294   'gamma[29,1]'             1
1295   'gamma[29,2]'             1
1296   'gamma[29,3]'             1
1297   'gamma[30,1]'             1
1298   'gamma[30,2]'             1
1299   'gamma[30,3]'             1
1300   'PrS[1,1]'           134842
1301   'PrS[1,2]'            53562.8
1302   'PrS[1,3]'            24029.6
1303   'PrS[2,1]'            34825.7
1304   'PrS[2,2]'            11779.6
1305   'PrS[2,3]'             4492.72
1306   'PrS[3,1]'            82236.3
1307   'PrS[3,2]'            30795
1308   'PrS[3,3]'            13034
1309   'PrS[4,1]'            88695.6
1310   'PrS[4,2]'            33514.2
1311   'PrS[4,3]'            14313.1
1312   'PrS[5,1]'            85504
1313   'PrS[5,2]'            32167.5
1314   'PrS[5,3]'            13678.2
1315   'PrS[6,1]'            81462.7
1316   'PrS[6,2]'            30471
1317   'PrS[6,3]'            12882.3
1318   'PrS[7,1]'            77350.7
1319   'PrS[7,2]'            28755.2
1320   'PrS[7,3]'            12082
1321   'PrS[8,1]'            72950.2
1322   'PrS[8,2]'            26931.1
1323   'PrS[8,3]'            11236.5
1324   'PrS[9,1]'            69231.1
1325   'PrS[9,2]'            25399.7
1326   'PrS[9,3]'            10531.2
1327   'PrS[10,1]'           66126
1328   'PrS[10,2]'           24128.6
1329   'PrS[10,3]'            9949.2
1330   'PrS[11,1]'           63674.2
1331   'PrS[11,2]'           23130
1332   'PrS[11,3]'            9494.15
1333   'PrS[12,1]'           61569
1334   'PrS[12,2]'           22276.3
1335   'PrS[12,3]'            9106.73
1336   'PrS[13,1]'           59518.9
1337   'PrS[13,2]'           21448.2
1338   'PrS[13,3]'            8732.44
1339   'PrS[14,1]'           57387.7
1340   'PrS[14,2]'           20591
1341   'PrS[14,3]'            8346.57
1342   'PrS[15,1]'           55839.1
1343   'PrS[15,2]'           19970.5
1344   'PrS[15,3]'            8068.3
1345   'PrS[16,1]'           63502.6
1346   'PrS[16,2]'           23060.3
1347   'PrS[16,3]'            9462.47
1348   'PrS[17,1]'           64110.3
1349   'PrS[17,2]'           23307.3
1350   'PrS[17,3]'            9574.79
1351   'PrS[18,1]'           63858.9
1352   'PrS[18,2]'           23205.1
1353   'PrS[18,3]'            9528.29
1354   'PrS[19,1]'           63406.7
1355   'PrS[19,2]'           23021.4
1356   'PrS[19,3]'            9444.76
1357   'PrS[20,1]'           62917.6
1358   'PrS[20,2]'           22822.8
1359   'PrS[20,3]'            9354.56
1360   'PrS[21,1]'           62408.1
1361   'PrS[21,2]'           22616.2
1362   'PrS[21,3]'            9260.79
1363   'PrS[22,1]'           61873.3
1364   'PrS[22,2]'           22399.4
1365   'PrS[22,3]'            9162.53
1366   'PrS[23,1]'           61210.4
1367   'PrS[23,2]'           22131.2
1368   'PrS[23,3]'            9041.04
1369   'PrS[24,1]'           60474
1370   'PrS[24,2]'           21833.5
1371   'PrS[24,3]'            8906.43
1372   'PrS[25,1]'           59550.4
1373   'PrS[25,2]'           21460.9
1374   'PrS[25,3]'            8738.16
1375   'PrS[26,1]'           58584.9
1376   'PrS[26,2]'           21072.1
1377   'PrS[26,3]'            8562.93
1378   'PrS[27,1]'           57378.2
1379   'PrS[27,2]'           20587.2
1380   'PrS[27,3]'            8344.85
1381   'PrS[28,1]'           55797.5
1382   'PrS[28,2]'           19953.9
1383   'PrS[28,3]'            8060.86
1384   'PrS[29,1]'           53911.5
1385   'PrS[29,2]'           19201.1
1386   'PrS[29,3]'            7724.48
1387   'PrS[30,1]'           62620.2
1388   'PrS[30,2]'           22702.1
1389   'PrS[30,3]'            9299.79
1390   'PrSF[1]'             62118.8
1391   'PrSF[2]'             22498.9
1392   'PrSF[3]'              9207.62
1393   Vap                      24.2156
;

