solve_message = 'LANCELOT: too many iterations.\
1000 iterations; objective 43.50113961705803\
M = 138, N = 140, nslacks = 2, NEL = 397, NG = 140720308486283\
NFCALL = 1001, NGCALL = 924'

:          _varname              _var          :=
1     'F[2]'                    0
2     'F[3]'                    0
3     'F[4]'                    0
4     'F[5]'                    0
5     'F[6]'                    0
6     'F[7]'                    0
7     'F[8]'                  100
8     'F[9]'                    0
9     'F[10]'                   0
10    'F[11]'                   0
11    'F[12]'                   0
12    'F[13]'                   0
13    'F[14]'                   0
14    'V[1]'                   43.5011
15    'V[2]'                  195.119
16    'V[3]'                   92.6656
17    'V[4]'                   86.5211
18    'V[5]'                   87.9415
19    'V[6]'                   90.186
20    'V[7]'                  100.443
21    'V[8]'                  183.006
22    'V[9]'                  109.124
23    'V[10]'                  94.4019
24    'V[11]'                  90.3676
25    'V[12]'                  89.301
26    'V[13]'                  89.3392
27    'V[14]'                  90.16
28    'V[15]'                   0
29    'y[1,1]'                  0
30    'y[1,2]'                  0.481009
31    'y[1,3]'                  1
32    'y[2,1]'                  0.000188361
33    'y[2,2]'                  0.22206
34    'y[2,3]'                  0.234166
35    'y[3,1]'                  0.00214504
36    'y[3,2]'                  0.55849
37    'y[3,3]'                  0.360011
38    'y[4,1]'                  0.00839221
39    'y[4,2]'                  0.668247
40    'y[4,3]'                  0.306174
41    'y[5,1]'                  0.024327
42    'y[5,2]'                  0.690928
43    'y[5,3]'                  0.250178
44    'y[6,1]'                  0.0608554
45    'y[6,2]'                  0.654401
46    'y[6,3]'                  0.202937
47    'y[7,1]'                  0.124715
48    'y[7,2]'                  0.509314
49    'y[7,3]'                  0.14391
50    'y[8,1]'                  0.17967
51    'y[8,2]'                  0.265255
52    'y[8,3]'                  0.0719059
53    'y[9,1]'                  0.297765
54    'y[9,2]'                  0.433247
55    'y[9,3]'                  0.108879
56    'y[10,1]'                 0.342327
57    'y[10,2]'                 0.499123
58    'y[10,3]'                 0.120242
59    'y[11,1]'                 0.356586
60    'y[11,2]'                 0.524631
61    'y[11,3]'                 0.122202
62    'y[12,1]'                 0.360341
63    'y[12,2]'                 0.537118
64    'y[12,3]'                 0.120356
65    'y[13,1]'                 0.360886
66    'y[13,2]'                 0.547106
67    'y[13,3]'                 0.115115
68    'y[14,1]'                 0.37472
69    'y[14,2]'                 0.575191
70    'y[14,3]'                 0.106341
71    'y[15,1]'                 0.491848
72    'y[15,2]'                 0.65026
73    'y[15,3]'                 0.0926901
74    'L[1]'                    0
75    'L[2]'                   72.0752
76    'L[3]'                  109.221
77    'L[4]'                  110.419
78    'L[5]'                  108.148
79    'L[6]'                  104.213
80    'L[7]'                   96.0149
81    'L[8]'                   81.4021
82    'L[9]'                   20.3
83    'L[10]'                  18.7483
84    'L[11]'                  18.2052
85    'L[12]'                  17.9606
86    'L[13]'                  17.8592
87    'L[14]'                  18.4965
88    'L[15]'                  57.2859
89    'x[1,1]'                  0
90    'x[1,2]'                  0.175767
91    'x[1,3]'                  0.778606
92    'x[2,1]'                  0.000113445
93    'x[2,2]'                  0.378448
94    'x[2,3]'                  0.999978
95    'x[3,1]'                  0.000664294
96    'x[3,2]'                  0.452241
97    'x[3,3]'                  0.674451
98    'x[4,1]'                  0.00251232
99    'x[4,2]'                  0.520963
100   'x[4,3]'                  0.550021
101   'x[5,1]'                  0.00784241
102   'x[5,2]'                  0.585195
103   'x[5,3]'                  0.49256
104   'x[6,1]'                  0.0220784
105   'x[6,2]'                  0.632603
106   'x[6,3]'                  0.462473
107   'x[7,1]'                  0.0592071
108   'x[7,2]'                  0.665185
109   'x[7,3]'                  0.457588
110   'x[8,1]'                  0.156715
111   'x[8,2]'                  0.68396
112   'x[8,3]'                  0.486091
113   'x[9,1]'                  0.15463
114   'x[9,2]'                  0.625574
115   'x[9,3]'                  0.386916
116   'x[10,1]'                 0.148011
117   'x[10,2]'                 0.587136
118   'x[10,3]'                 0.340512
119   'x[11,1]'                 0.143731
120   'x[11,2]'                 0.570554
121   'x[11,3]'                 0.317261
122   'x[12,1]'                 0.14168
123   'x[12,2]'                 0.568122
124   'x[12,3]'                 0.303002
125   'x[13,1]'                 0.141202
126   'x[13,2]'                 0.575523
127   'x[13,3]'                 0.288054
128   'x[14,1]'                 0.14096
129   'x[14,2]'                 0.579018
130   'x[14,3]'                 0.253449
131   'x[15,1]'                 0.0728756
132   'x[15,2]'                 0.230671
133   'x[15,3]'                 0.069851
134   PC                       60.1562
135   PR                       37.4048
136   'T[1]'                  377.024
137   'T[2]'                  332.212
138   'T[3]'                  352.206
139   'T[4]'                  353.303
140   'T[5]'                  350.918
141   'T[6]'                  347.191
142   'T[7]'                  339.048
143   'T[8]'                  322.2
144   'T[9]'                  336.431
145   'T[10]'                 341.827
146   'T[11]'                 343.948
147   'T[12]'                 344.707
148   'T[13]'                 344.857
149   'T[14]'                 346.068
150   'T[15]'                 378.029
151   TF                      338.159
152   QC                      760.201
153   QR                      890.794
154   'H[1,1]'                  2.08598
155   'H[1,2]'                  2.56927
156   'H[1,3]'                  3.08339
157   'H[2,1]'                  0.835836
158   'H[2,2]'                  1.04492
159   'H[2,3]'                  1.24803
160   'H[3,1]'                  1.37244
161   'H[3,2]'                  1.70319
162   'H[3,3]'                  2.03807
163   'H[4,1]'                  1.40289
164   'H[4,2]'                  1.74032
165   'H[4,3]'                  2.08275
166   'H[5,1]'                  1.33683
167   'H[5,2]'                  1.65971
168   'H[5,3]'                  1.98578
169   'H[6,1]'                  1.23458
170   'H[6,2]'                  1.53477
171   'H[6,3]'                  1.83558
172   'H[7,1]'                  1.01538
173   'H[7,2]'                  1.26602
174   'H[7,3]'                  1.51299
175   'H[8,1]'                  0.580361
176   'H[8,2]'                  0.728522
177   'H[8,3]'                  0.869521
178   'H[9,1]'                  0.946162
179   'H[9,2]'                  1.1809
180   'H[9,3]'                  1.41093
181   'H[10,1]'                 1.08954
182   'H[10,2]'                 1.35709
183   'H[10,3]'                 1.62223
184   'H[11,1]'                 1.1466
185   'H[11,2]'                 1.42705
186   'H[11,3]'                 1.70621
187   'H[12,1]'                 1.16711
188   'H[12,2]'                 1.45217
189   'H[12,3]'                 1.73637
190   'H[13,1]'                 1.17117
191   'H[13,2]'                 1.45715
192   'H[13,3]'                 1.74235
193   'H[14,1]'                 1.204
194   'H[14,2]'                 1.49735
195   'H[14,3]'                 1.79063
196   'H[15,1]'                 2.11595
197   'H[15,2]'                 2.60548
198   'H[15,3]'                 3.12724
199   'HF[1]'                   0.991793
200   'HF[2]'                   1.23703
201   'HF[3]'                   1.47822
202   'h[1,1]'                 -6.0466
203   'h[1,2]'                 -6.78319
204   'h[1,3]'                 -7.3638
205   'h[2,1]'                 -8.04183
206   'h[2,2]'                 -9.016
207   'h[2,3]'                 -9.93388
208   'h[3,1]'                 -7.17987
209   'h[3,2]'                 -8.0473
210   'h[3,3]'                 -8.81741
211   'h[4,1]'                 -7.13128
212   'h[4,2]'                 -7.99291
213   'h[4,3]'                 -8.75481
214   'h[5,1]'                 -7.23675
215   'h[5,2]'                 -8.11101
216   'h[5,3]'                 -8.89073
217   'h[6,1]'                 -7.40027
218   'h[6,2]'                 -8.29429
219   'h[6,3]'                 -9.10175
220   'h[7,1]'                 -7.75213
221   'h[7,2]'                 -8.68955
222   'h[7,3]'                 -9.55721
223   'h[8,1]'                 -8.45687
224   'h[8,2]'                 -9.48556
225   'h[8,3]'                -10.4767
226   'h[9,1]'                 -7.86364
227   'h[9,2]'                 -8.81509
228   'h[9,3]'                 -9.702
229   'h[10,1]'                -7.63287
230   'h[10,2]'                -8.55544
231   'h[10,3]'                -9.40261
232   'h[11,1]'                -7.54127
233   'h[11,2]'                -8.45252
234   'h[11,3]'                -9.28402
235   'h[12,1]'                -7.50838
236   'h[12,2]'                -8.4156
237   'h[12,3]'                -9.24149
238   'h[13,1]'                -7.50187
239   'h[13,2]'                -8.40829
240   'h[13,3]'                -9.23306
241   'h[14,1]'                -7.44925
242   'h[14,2]'                -8.34923
243   'h[14,3]'                -9.16503
244   'h[15,1]'                -5.99918
245   'h[15,2]'                -6.73047
246   'h[15,3]'                -7.30321
247   'hF[1]'                  -7.7901
248   'hF[2]'                  -8.73228
249   'hF[3]'                  -9.60649
250   'tauGamma[1,1,1]'     1e-06
251   'tauGamma[1,1,2]'     1e-06
252   'tauGamma[1,1,3]'     1e-06
253   'tauGamma[1,2,1]'     1e-06
254   'tauGamma[1,2,2]'     1e-06
255   'tauGamma[1,2,3]'     1e-06
256   'tauGamma[1,3,1]'     1e-06
257   'tauGamma[1,3,2]'     1e-06
258   'tauGamma[1,3,3]'     1e-06
259   'tauGamma[2,1,1]'     1e-06
260   'tauGamma[2,1,2]'     1e-06
261   'tauGamma[2,1,3]'     1e-06
262   'tauGamma[2,2,1]'     1e-06
263   'tauGamma[2,2,2]'     1e-06
264   'tauGamma[2,2,3]'     1e-06
265   'tauGamma[2,3,1]'     1e-06
266   'tauGamma[2,3,2]'     1e-06
267   'tauGamma[2,3,3]'     1e-06
268   'tauGamma[3,1,1]'     1e-06
269   'tauGamma[3,1,2]'     1e-06
270   'tauGamma[3,1,3]'     1e-06
271   'tauGamma[3,2,1]'     1e-06
272   'tauGamma[3,2,2]'     1e-06
273   'tauGamma[3,2,3]'     1e-06
274   'tauGamma[3,3,1]'     1e-06
275   'tauGamma[3,3,2]'     1e-06
276   'tauGamma[3,3,3]'     1e-06
277   'tauGamma[4,1,1]'     1e-06
278   'tauGamma[4,1,2]'     1e-06
279   'tauGamma[4,1,3]'     1e-06
280   'tauGamma[4,2,1]'     1e-06
281   'tauGamma[4,2,2]'     1e-06
282   'tauGamma[4,2,3]'     1e-06
283   'tauGamma[4,3,1]'     1e-06
284   'tauGamma[4,3,2]'     1e-06
285   'tauGamma[4,3,3]'     1e-06
286   'tauGamma[5,1,1]'     1e-06
287   'tauGamma[5,1,2]'     1e-06
288   'tauGamma[5,1,3]'     1e-06
289   'tauGamma[5,2,1]'     1e-06
290   'tauGamma[5,2,2]'     1e-06
291   'tauGamma[5,2,3]'     1e-06
292   'tauGamma[5,3,1]'     1e-06
293   'tauGamma[5,3,2]'     1e-06
294   'tauGamma[5,3,3]'     1e-06
295   'tauGamma[6,1,1]'     1e-06
296   'tauGamma[6,1,2]'     1e-06
297   'tauGamma[6,1,3]'     1e-06
298   'tauGamma[6,2,1]'     1e-06
299   'tauGamma[6,2,2]'     1e-06
300   'tauGamma[6,2,3]'     1e-06
301   'tauGamma[6,3,1]'     1e-06
302   'tauGamma[6,3,2]'     1e-06
303   'tauGamma[6,3,3]'     1e-06
304   'tauGamma[7,1,1]'     1e-06
305   'tauGamma[7,1,2]'     1e-06
306   'tauGamma[7,1,3]'     1e-06
307   'tauGamma[7,2,1]'     1e-06
308   'tauGamma[7,2,2]'     1e-06
309   'tauGamma[7,2,3]'     1e-06
310   'tauGamma[7,3,1]'     1e-06
311   'tauGamma[7,3,2]'     1e-06
312   'tauGamma[7,3,3]'     1e-06
313   'tauGamma[8,1,1]'     1e-06
314   'tauGamma[8,1,2]'     1e-06
315   'tauGamma[8,1,3]'     1e-06
316   'tauGamma[8,2,1]'     1e-06
317   'tauGamma[8,2,2]'     1e-06
318   'tauGamma[8,2,3]'     1e-06
319   'tauGamma[8,3,1]'     1e-06
320   'tauGamma[8,3,2]'     1e-06
321   'tauGamma[8,3,3]'     1e-06
322   'tauGamma[9,1,1]'     1e-06
323   'tauGamma[9,1,2]'     1e-06
324   'tauGamma[9,1,3]'     1e-06
325   'tauGamma[9,2,1]'     1e-06
326   'tauGamma[9,2,2]'     1e-06
327   'tauGamma[9,2,3]'     1e-06
328   'tauGamma[9,3,1]'     1e-06
329   'tauGamma[9,3,2]'     1e-06
330   'tauGamma[9,3,3]'     1e-06
331   'tauGamma[10,1,1]'    1e-06
332   'tauGamma[10,1,2]'    1e-06
333   'tauGamma[10,1,3]'    1e-06
334   'tauGamma[10,2,1]'    1e-06
335   'tauGamma[10,2,2]'    1e-06
336   'tauGamma[10,2,3]'    1e-06
337   'tauGamma[10,3,1]'    1e-06
338   'tauGamma[10,3,2]'    1e-06
339   'tauGamma[10,3,3]'    1e-06
340   'tauGamma[11,1,1]'    1e-06
341   'tauGamma[11,1,2]'    1e-06
342   'tauGamma[11,1,3]'    1e-06
343   'tauGamma[11,2,1]'    1e-06
344   'tauGamma[11,2,2]'    1e-06
345   'tauGamma[11,2,3]'    1e-06
346   'tauGamma[11,3,1]'    1e-06
347   'tauGamma[11,3,2]'    1e-06
348   'tauGamma[11,3,3]'    1e-06
349   'tauGamma[12,1,1]'    1e-06
350   'tauGamma[12,1,2]'    1e-06
351   'tauGamma[12,1,3]'    1e-06
352   'tauGamma[12,2,1]'    1e-06
353   'tauGamma[12,2,2]'    1e-06
354   'tauGamma[12,2,3]'    1e-06
355   'tauGamma[12,3,1]'    1e-06
356   'tauGamma[12,3,2]'    1e-06
357   'tauGamma[12,3,3]'    1e-06
358   'tauGamma[13,1,1]'    1e-06
359   'tauGamma[13,1,2]'    1e-06
360   'tauGamma[13,1,3]'    1e-06
361   'tauGamma[13,2,1]'    1e-06
362   'tauGamma[13,2,2]'    1e-06
363   'tauGamma[13,2,3]'    1e-06
364   'tauGamma[13,3,1]'    1e-06
365   'tauGamma[13,3,2]'    1e-06
366   'tauGamma[13,3,3]'    1e-06
367   'tauGamma[14,1,1]'    1e-06
368   'tauGamma[14,1,2]'    1e-06
369   'tauGamma[14,1,3]'    1e-06
370   'tauGamma[14,2,1]'    1e-06
371   'tauGamma[14,2,2]'    1e-06
372   'tauGamma[14,2,3]'    1e-06
373   'tauGamma[14,3,1]'    1e-06
374   'tauGamma[14,3,2]'    1e-06
375   'tauGamma[14,3,3]'    1e-06
376   'tauGamma[15,1,1]'    1e-06
377   'tauGamma[15,1,2]'    1e-06
378   'tauGamma[15,1,3]'    1e-06
379   'tauGamma[15,2,1]'    1e-06
380   'tauGamma[15,2,2]'    1e-06
381   'tauGamma[15,2,3]'    1e-06
382   'tauGamma[15,3,1]'    1e-06
383   'tauGamma[15,3,2]'    1e-06
384   'tauGamma[15,3,3]'    1e-06
385   'PGamma[1,1,1]'           1
386   'PGamma[1,1,2]'           1
387   'PGamma[1,1,3]'           1
388   'PGamma[1,2,1]'           1
389   'PGamma[1,2,2]'           1
390   'PGamma[1,2,3]'           1
391   'PGamma[1,3,1]'           1
392   'PGamma[1,3,2]'           1
393   'PGamma[1,3,3]'           1
394   'PGamma[2,1,1]'           1
395   'PGamma[2,1,2]'           1
396   'PGamma[2,1,3]'           1
397   'PGamma[2,2,1]'           1
398   'PGamma[2,2,2]'           1
399   'PGamma[2,2,3]'           1
400   'PGamma[2,3,1]'           1
401   'PGamma[2,3,2]'           1
402   'PGamma[2,3,3]'           1
403   'PGamma[3,1,1]'           1
404   'PGamma[3,1,2]'           1
405   'PGamma[3,1,3]'           1
406   'PGamma[3,2,1]'           1
407   'PGamma[3,2,2]'           1
408   'PGamma[3,2,3]'           1
409   'PGamma[3,3,1]'           1
410   'PGamma[3,3,2]'           1
411   'PGamma[3,3,3]'           1
412   'PGamma[4,1,1]'           1
413   'PGamma[4,1,2]'           1
414   'PGamma[4,1,3]'           1
415   'PGamma[4,2,1]'           1
416   'PGamma[4,2,2]'           1
417   'PGamma[4,2,3]'           1
418   'PGamma[4,3,1]'           1
419   'PGamma[4,3,2]'           1
420   'PGamma[4,3,3]'           1
421   'PGamma[5,1,1]'           1
422   'PGamma[5,1,2]'           1
423   'PGamma[5,1,3]'           1
424   'PGamma[5,2,1]'           1
425   'PGamma[5,2,2]'           1
426   'PGamma[5,2,3]'           1
427   'PGamma[5,3,1]'           1
428   'PGamma[5,3,2]'           1
429   'PGamma[5,3,3]'           1
430   'PGamma[6,1,1]'           1
431   'PGamma[6,1,2]'           1
432   'PGamma[6,1,3]'           1
433   'PGamma[6,2,1]'           1
434   'PGamma[6,2,2]'           1
435   'PGamma[6,2,3]'           1
436   'PGamma[6,3,1]'           1
437   'PGamma[6,3,2]'           1
438   'PGamma[6,3,3]'           1
439   'PGamma[7,1,1]'           1
440   'PGamma[7,1,2]'           1
441   'PGamma[7,1,3]'           1
442   'PGamma[7,2,1]'           1
443   'PGamma[7,2,2]'           1
444   'PGamma[7,2,3]'           1
445   'PGamma[7,3,1]'           1
446   'PGamma[7,3,2]'           1
447   'PGamma[7,3,3]'           1
448   'PGamma[8,1,1]'           1
449   'PGamma[8,1,2]'           1
450   'PGamma[8,1,3]'           1
451   'PGamma[8,2,1]'           1
452   'PGamma[8,2,2]'           1
453   'PGamma[8,2,3]'           1
454   'PGamma[8,3,1]'           1
455   'PGamma[8,3,2]'           1
456   'PGamma[8,3,3]'           1
457   'PGamma[9,1,1]'           1
458   'PGamma[9,1,2]'           1
459   'PGamma[9,1,3]'           1
460   'PGamma[9,2,1]'           1
461   'PGamma[9,2,2]'           1
462   'PGamma[9,2,3]'           1
463   'PGamma[9,3,1]'           1
464   'PGamma[9,3,2]'           1
465   'PGamma[9,3,3]'           1
466   'PGamma[10,1,1]'          1
467   'PGamma[10,1,2]'          1
468   'PGamma[10,1,3]'          1
469   'PGamma[10,2,1]'          1
470   'PGamma[10,2,2]'          1
471   'PGamma[10,2,3]'          1
472   'PGamma[10,3,1]'          1
473   'PGamma[10,3,2]'          1
474   'PGamma[10,3,3]'          1
475   'PGamma[11,1,1]'          1
476   'PGamma[11,1,2]'          1
477   'PGamma[11,1,3]'          1
478   'PGamma[11,2,1]'          1
479   'PGamma[11,2,2]'          1
480   'PGamma[11,2,3]'          1
481   'PGamma[11,3,1]'          1
482   'PGamma[11,3,2]'          1
483   'PGamma[11,3,3]'          1
484   'PGamma[12,1,1]'          1
485   'PGamma[12,1,2]'          1
486   'PGamma[12,1,3]'          1
487   'PGamma[12,2,1]'          1
488   'PGamma[12,2,2]'          1
489   'PGamma[12,2,3]'          1
490   'PGamma[12,3,1]'          1
491   'PGamma[12,3,2]'          1
492   'PGamma[12,3,3]'          1
493   'PGamma[13,1,1]'          1
494   'PGamma[13,1,2]'          1
495   'PGamma[13,1,3]'          1
496   'PGamma[13,2,1]'          1
497   'PGamma[13,2,2]'          1
498   'PGamma[13,2,3]'          1
499   'PGamma[13,3,1]'          1
500   'PGamma[13,3,2]'          1
501   'PGamma[13,3,3]'          1
502   'PGamma[14,1,1]'          1
503   'PGamma[14,1,2]'          1
504   'PGamma[14,1,3]'          1
505   'PGamma[14,2,1]'          1
506   'PGamma[14,2,2]'          1
507   'PGamma[14,2,3]'          1
508   'PGamma[14,3,1]'          1
509   'PGamma[14,3,2]'          1
510   'PGamma[14,3,3]'          1
511   'PGamma[15,1,1]'          1
512   'PGamma[15,1,2]'          1
513   'PGamma[15,1,3]'          1
514   'PGamma[15,2,1]'          1
515   'PGamma[15,2,2]'          1
516   'PGamma[15,2,3]'          1
517   'PGamma[15,3,1]'          1
518   'PGamma[15,3,2]'          1
519   'PGamma[15,3,3]'          1
520   'SGamma1[1,1]'            9.54374e-07
521   'SGamma1[1,2]'            9.54374e-07
522   'SGamma1[1,3]'            9.54374e-07
523   'SGamma1[2,1]'            1.37854e-06
524   'SGamma1[2,2]'            1.37854e-06
525   'SGamma1[2,3]'            1.37854e-06
526   'SGamma1[3,1]'            1.12736e-06
527   'SGamma1[3,2]'            1.12736e-06
528   'SGamma1[3,3]'            1.12736e-06
529   'SGamma1[4,1]'            1.0735e-06
530   'SGamma1[4,2]'            1.0735e-06
531   'SGamma1[4,3]'            1.0735e-06
532   'SGamma1[5,1]'            1.0856e-06
533   'SGamma1[5,2]'            1.0856e-06
534   'SGamma1[5,3]'            1.0856e-06
535   'SGamma1[6,1]'            1.11716e-06
536   'SGamma1[6,2]'            1.11716e-06
537   'SGamma1[6,3]'            1.11716e-06
538   'SGamma1[7,1]'            1.18198e-06
539   'SGamma1[7,2]'            1.18198e-06
540   'SGamma1[7,3]'            1.18198e-06
541   'SGamma1[8,1]'            1.32677e-06
542   'SGamma1[8,2]'            1.32677e-06
543   'SGamma1[8,3]'            1.32677e-06
544   'SGamma1[9,1]'            1.16712e-06
545   'SGamma1[9,2]'            1.16712e-06
546   'SGamma1[9,3]'            1.16712e-06
547   'SGamma1[10,1]'           1.07566e-06
548   'SGamma1[10,2]'           1.07566e-06
549   'SGamma1[10,3]'           1.07566e-06
550   'SGamma1[11,1]'           1.03155e-06
551   'SGamma1[11,2]'           1.03155e-06
552   'SGamma1[11,3]'           1.03155e-06
553   'SGamma1[12,1]'           1.0128e-06
554   'SGamma1[12,2]'           1.0128e-06
555   'SGamma1[12,3]'           1.0128e-06
556   'SGamma1[13,1]'           1.00478e-06
557   'SGamma1[13,2]'           1.00478e-06
558   'SGamma1[13,3]'           1.00478e-06
559   'SGamma1[14,1]'           9.73428e-07
560   'SGamma1[14,2]'           9.73428e-07
561   'SGamma1[14,3]'           9.73428e-07
562   'SGamma1[15,1]'           3.73398e-07
563   'SGamma1[15,2]'           3.73398e-07
564   'SGamma1[15,3]'           3.73398e-07
565   'SGamma2[1,1]'            0.954374
566   'SGamma2[1,2]'            0.954374
567   'SGamma2[1,3]'            0.954374
568   'SGamma2[2,1]'            1.37854
569   'SGamma2[2,2]'            1.37854
570   'SGamma2[2,3]'            1.37854
571   'SGamma2[3,1]'            1.12736
572   'SGamma2[3,2]'            1.12736
573   'SGamma2[3,3]'            1.12736
574   'SGamma2[4,1]'            1.0735
575   'SGamma2[4,2]'            1.0735
576   'SGamma2[4,3]'            1.0735
577   'SGamma2[5,1]'            1.0856
578   'SGamma2[5,2]'            1.0856
579   'SGamma2[5,3]'            1.0856
580   'SGamma2[6,1]'            1.11716
581   'SGamma2[6,2]'            1.11716
582   'SGamma2[6,3]'            1.11716
583   'SGamma2[7,1]'            1.18198
584   'SGamma2[7,2]'            1.18198
585   'SGamma2[7,3]'            1.18198
586   'SGamma2[8,1]'            1.32677
587   'SGamma2[8,2]'            1.32677
588   'SGamma2[8,3]'            1.32677
589   'SGamma2[9,1]'            1.16712
590   'SGamma2[9,2]'            1.16712
591   'SGamma2[9,3]'            1.16712
592   'SGamma2[10,1]'           1.07566
593   'SGamma2[10,2]'           1.07566
594   'SGamma2[10,3]'           1.07566
595   'SGamma2[11,1]'           1.03155
596   'SGamma2[11,2]'           1.03155
597   'SGamma2[11,3]'           1.03155
598   'SGamma2[12,1]'           1.0128
599   'SGamma2[12,2]'           1.0128
600   'SGamma2[12,3]'           1.0128
601   'SGamma2[13,1]'           1.00478
602   'SGamma2[13,2]'           1.00478
603   'SGamma2[13,3]'           1.00478
604   'SGamma2[14,1]'           0.973428
605   'SGamma2[14,2]'           0.973428
606   'SGamma2[14,3]'           0.973428
607   'SGamma2[15,1]'           0.373398
608   'SGamma2[15,2]'           0.373398
609   'SGamma2[15,3]'           0.373398
610   'gamma[1,1]'              1
611   'gamma[1,2]'              1
612   'gamma[1,3]'              1
613   'gamma[2,1]'              1
614   'gamma[2,2]'              1
615   'gamma[2,3]'              1
616   'gamma[3,1]'              1
617   'gamma[3,2]'              1
618   'gamma[3,3]'              1
619   'gamma[4,1]'              1
620   'gamma[4,2]'              1
621   'gamma[4,3]'              1
622   'gamma[5,1]'              1
623   'gamma[5,2]'              1
624   'gamma[5,3]'              1
625   'gamma[6,1]'              1
626   'gamma[6,2]'              1
627   'gamma[6,3]'              1
628   'gamma[7,1]'              1
629   'gamma[7,2]'              1
630   'gamma[7,3]'              1
631   'gamma[8,1]'              1
632   'gamma[8,2]'              1
633   'gamma[8,3]'              1
634   'gamma[9,1]'              1
635   'gamma[9,2]'              1
636   'gamma[9,3]'              1
637   'gamma[10,1]'             1
638   'gamma[10,2]'             1
639   'gamma[10,3]'             1
640   'gamma[11,1]'             1
641   'gamma[11,2]'             1
642   'gamma[11,3]'             1
643   'gamma[12,1]'             1
644   'gamma[12,2]'             1
645   'gamma[12,3]'             1
646   'gamma[13,1]'             1
647   'gamma[13,2]'             1
648   'gamma[13,3]'             1
649   'gamma[14,1]'             1
650   'gamma[14,2]'             1
651   'gamma[14,3]'             1
652   'gamma[15,1]'             1
653   'gamma[15,2]'             1
654   'gamma[15,3]'             1
655   'PrS[1,1]'           199795
656   'PrS[1,2]'            83186.5
657   'PrS[1,3]'            39040.9
658   'PrS[2,1]'            50471.7
659   'PrS[2,2]'            17836.2
660   'PrS[2,3]'             7118.22
661   'PrS[3,1]'            98154.9
662   'PrS[3,2]'            37539.1
663   'PrS[3,3]'            16225.7
664   'PrS[4,1]'           101541
665   'PrS[4,2]'            38991.3
666   'PrS[4,3]'            16921
667   'PrS[5,1]'            94292.4
668   'PrS[5,2]'            35889.7
669   'PrS[5,3]'            15439.3
670   'PrS[6,1]'            83785.5
671   'PrS[6,2]'            31444.9
672   'PrS[6,3]'            13338.7
673   'PrS[7,1]'            64029.7
674   'PrS[7,2]'            23274.5
675   'PrS[7,3]'             9559.88
676   'PrS[8,1]'            34850
677   'PrS[8,2]'            11788.8
678   'PrS[8,3]'             4496.61
679   'PrS[9,1]'            58535.2
680   'PrS[9,2]'            21052.1
681   'PrS[9,3]'             8553.91
682   'PrS[10,1]'           70304.8
683   'PrS[10,2]'           25840.8
684   'PrS[10,3]'           10734
685   'PrS[11,1]'           75414.1
686   'PrS[11,2]'           27950.8
687   'PrS[11,3]'           11708.5
688   'PrS[12,1]'           77310.9
689   'PrS[12,2]'           28738.6
690   'PrS[12,3]'           12074.3
691   'PrS[13,1]'           77690.5
692   'PrS[13,2]'           28896.6
693   'PrS[13,3]'           12147.7
694   'PrS[14,1]'           80806.7
695   'PrS[14,2]'           30196.6
696   'PrS[14,3]'           12754
697   'PrS[15,1]'          205157
698   'PrS[15,2]'           85690.3
699   'PrS[15,3]'           40336.5
700   'PrSF[1]'             62118.8
701   'PrSF[2]'             22498.9
702   'PrSF[3]'              9207.62
703   Vap                      43.5011
;

