solve_message =
'Knitro 10.3.0: Convergence to an infeasible point. Problem may be locally infeasible.\
objective 35064.27303314129; feasibility error 0.625\
306 iterations; 765 function evaluations'

:            _varname               _var          :=
1      'F[2]'                      0
2      'F[3]'                      0
3      'F[4]'                      0
4      'F[5]'                      0
5      'F[6]'                      0
6      'F[7]'                      0
7      'F[8]'                    100
8      'F[9]'                      0
9      'F[10]'                     0
10     'F[11]'                     0
11     'F[12]'                     0
12     'F[13]'                     0
13     'F[14]'                     0
14     'V[1,1]'                14264.2
15     'V[1,2]'                14257.8
16     'V[1,3]'                14253.7
17     'V[1,4]'                14247.4
18     'V[1,5]'                14243.4
19     'V[1,6]'                14263.2
20     'V[1,7]'                14355.4
21     'V[1,8]'                14559.6
22     'V[1,9]'                14822.7
23     'V[1,10]'               15043.2
24     'V[1,11]'               15175.2
25     'V[1,12]'               15232.2
26     'V[1,13]'               15243.5
27     'V[1,14]'               15263.4
28     'V[1,15]'                   0
29     'V[2,1]'                20800.1
30     'V[2,2]'                21107.4
31     'V[2,3]'                21294.1
32     'V[2,4]'                21388.5
33     'V[2,5]'                21430.5
34     'V[2,6]'                21445.9
35     'V[2,7]'                21398.1
36     'V[2,8]'                21460.9
37     'V[2,9]'                21399.9
38     'V[2,10]'               21413.1
39     'V[2,11]'               21644.1
40     'V[2,12]'               22171.1
41     'V[2,13]'               22712
42     'V[2,14]'               23074.9
43     'V[2,15]'                   0
44     'y[1,1,1]'                  5.45343e-08
45     'y[1,1,2]'                  0.00556305
46     'y[1,1,3]'                  0.994437
47     'y[1,2,1]'                  2.90584e-07
48     'y[1,2,2]'                  0.0120452
49     'y[1,2,3]'                  0.987955
50     'y[1,3,1]'                  1.53839e-06
51     'y[1,3,2]'                  0.025888
52     'y[1,3,3]'                  0.97411
53     'y[1,4,1]'                  8.03854e-06
54     'y[1,4,2]'                  0.0548213
55     'y[1,4,3]'                  0.945171
56     'y[1,5,1]'                  4.0893e-05
57     'y[1,5,2]'                  0.112648
58     'y[1,5,3]'                  0.887311
59     'y[1,6,1]'                  0.000197509
60     'y[1,6,2]'                  0.218398
61     'y[1,6,3]'                  0.781405
62     'y[1,7,1]'                  0.000872118
63     'y[1,7,2]'                  0.382963
64     'y[1,7,3]'                  0.616165
65     'y[1,8,1]'                  0.00338733
66     'y[1,8,2]'                  0.581697
67     'y[1,8,3]'                  0.414915
68     'y[1,9,1]'                  0.0045217
69     'y[1,9,2]'                  0.759002
70     'y[1,9,3]'                  0.236477
71     'y[1,10,1]'                 0.00761256
72     'y[1,10,2]'                 0.875007
73     'y[1,10,3]'                 0.117381
74     'y[1,11,1]'                 0.0159284
75     'y[1,11,2]'                 0.930797
76     'y[1,11,3]'                 0.0532747
77     'y[1,12,1]'                 0.0377321
78     'y[1,12,2]'                 0.93946
79     'y[1,12,3]'                 0.0228075
80     'y[1,13,1]'                 0.0921846
81     'y[1,13,2]'                 0.898616
82     'y[1,13,3]'                 0.00919924
83     'y[1,14,1]'                 0.213911
84     'y[1,14,2]'                 0.782744
85     'y[1,14,3]'                 0.00334471
86     'y[1,15,1]'                 0.428614
87     'y[1,15,2]'                 0.570389
88     'y[1,15,3]'                 0.000997621
89     'y[2,1,1]'                  3.1425e-05
90     'y[2,1,2]'                  0.770813
91     'y[2,1,3]'                  0.229155
92     'y[2,2,1]'                  9.52485e-05
93     'y[2,2,2]'                  0.886802
94     'y[2,2,3]'                  0.113103
95     'y[2,3,1]'                  0.000270422
96     'y[2,3,2]'                  0.948247
97     'y[2,3,3]'                  0.0514825
98     'y[2,4,1]'                  0.000742554
99     'y[2,4,2]'                  0.976772
100    'y[2,4,3]'                  0.0224853
101    'y[2,5,1]'                  0.0020068
102    'y[2,5,2]'                  0.988364
103    'y[2,5,3]'                  0.0096289
104    'y[2,6,1]'                  0.0053772
105    'y[2,6,2]'                  0.990543
106    'y[2,6,3]'                  0.00407986
107    'y[2,7,1]'                  0.0142949
108    'y[2,7,2]'                  0.983993
109    'y[2,7,3]'                  0.00171186
110    'y[2,8,1]'                  0.0375198
111    'y[2,8,2]'                  0.961776
112    'y[2,8,3]'                  0.000704295
113    'y[2,9,1]'                  0.0948946
114    'y[2,9,2]'                  0.904826
115    'y[2,9,3]'                  0.000278987
116    'y[2,10,1]'                 0.221453
117    'y[2,10,2]'                 0.778446
118    'y[2,10,3]'                 0.00010079
119    'y[2,11,1]'                 0.440113
120    'y[2,11,2]'                 0.559856
121    'y[2,11,3]'                 3.04568e-05
122    'y[2,12,1]'                 0.690604
123    'y[2,12,2]'                 0.309389
124    'y[2,12,3]'                 6.67277e-06
125    'y[2,13,1]'                 0.86695
126    'y[2,13,2]'                 0.133049
127    'y[2,13,3]'                 1.10694e-06
128    'y[2,14,1]'                 0.950829
129    'y[2,14,2]'                 0.0491706
130    'y[2,14,3]'                 1.55216e-07
131    'y[2,15,1]'                 1
132    'y[2,15,2]'                 0.017332
133    'y[2,15,3]'                 2.06544e-08
134    'L[1,1]'                    0
135    'L[1,2]'                14294.2
136    'L[1,3]'                14287.8
137    'L[1,4]'                14283.7
138    'L[1,5]'                14277.4
139    'L[1,6]'                14273.4
140    'L[1,7]'                14293.2
141    'L[1,8]'                14385.4
142    'L[1,9]'                14489.6
143    'L[1,10]'               14752.7
144    'L[1,11]'               14973.2
145    'L[1,12]'               15105.2
146    'L[1,13]'               15162.3
147    'L[1,14]'               15173.5
148    'L[1,15]'               15193.4
149    'L[2,1]'                    0
150    'L[2,2]'                20800.1
151    'L[2,3]'                21107.4
152    'L[2,4]'                21294.1
153    'L[2,5]'                21387.9
154    'L[2,6]'                21429.8
155    'L[2,7]'                21445.2
156    'L[2,8]'                21054.9
157    'L[2,9]'                21501
158    'L[2,10]'               21440
159    'L[2,11]'               21453.1
160    'L[2,12]'               21614.2
161    'L[2,13]'               22141.2
162    'L[2,14]'               22682.1
163    'L[2,15]'               23045
164    'x[1,1,1]'                  1.0209e-08
165    'x[1,1,2]'                  0.00256412
166    'x[1,1,3]'                  1
167    'x[1,2,1]'                  5.44412e-08
168    'x[1,2,2]'                  0.00555674
169    'x[1,2,3]'                  0.994443
170    'x[1,3,1]'                  2.89995e-07
171    'x[1,3,2]'                  0.0120253
172    'x[1,3,3]'                  0.987974
173    'x[1,4,1]'                  1.53517e-06
174    'x[1,4,2]'                  0.025839
175    'x[1,4,3]'                  0.974159
176    'x[1,5,1]'                  8.02166e-06
177    'x[1,5,2]'                  0.0547114
178    'x[1,5,3]'                  0.945281
179    'x[1,6,1]'                  4.0807e-05
180    'x[1,6,2]'                  0.112417
181    'x[1,6,3]'                  0.887543
182    'x[1,7,1]'                  0.000197094
183    'x[1,7,2]'                  0.217944
184    'x[1,7,3]'                  0.781859
185    'x[1,8,1]'                  0.000870299
186    'x[1,8,2]'                  0.382169
187    'x[1,8,3]'                  0.61696
188    'x[1,9,1]'                  0.00133325
189    'x[1,9,2]'                  0.581752
190    'x[1,9,3]'                  0.416915
191    'x[1,10,1]'                 0.00250963
192    'x[1,10,2]'                 0.759896
193    'x[1,10,3]'                 0.237594
194    'x[1,11,1]'                 0.00564457
195    'x[1,11,2]'                 0.87643
196    'x[1,11,3]'                 0.117925
197    'x[1,12,1]'                 0.0140161
198    'x[1,12,2]'                 0.932467
199    'x[1,12,3]'                 0.0535169
200    'x[1,13,1]'                 0.0359277
201    'x[1,13,2]'                 0.941164
202    'x[1,13,3]'                 0.0229082
203    'x[1,14,1]'                 0.0906327
204    'x[1,14,2]'                 0.90013
205    'x[1,14,3]'                 0.00923707
206    'x[1,15,1]'                 0.212922
207    'x[1,15,2]'                 0.783723
208    'x[1,15,3]'                 0.00335552
209    'x[2,1,1]'                  9.30713e-06
210    'x[2,1,2]'                  0.593754
211    'x[2,1,3]'                  0.406237
212    'x[2,2,1]'                  3.1425e-05
213    'x[2,2,2]'                  0.770813
214    'x[2,2,3]'                  0.229155
215    'x[2,3,1]'                  9.52485e-05
216    'x[2,3,2]'                  0.886802
217    'x[2,3,3]'                  0.113103
218    'x[2,4,1]'                  0.000270422
219    'x[2,4,2]'                  0.948247
220    'x[2,4,3]'                  0.0514825
221    'x[2,5,1]'                  0.000742576
222    'x[2,5,2]'                  0.976771
223    'x[2,5,3]'                  0.0224859
224    'x[2,6,1]'                  0.00200686
225    'x[2,6,2]'                  0.988364
226    'x[2,6,3]'                  0.00962923
227    'x[2,7,1]'                  0.00537738
228    'x[2,7,2]'                  0.990543
229    'x[2,7,3]'                  0.00408
230    'x[2,8,1]'                  0.0145279
231    'x[2,8,2]'                  1
232    'x[2,8,3]'                  0.00173976
233    'x[2,9,1]'                  0.037477
234    'x[2,9,2]'                  0.961817
235    'x[2,9,3]'                  0.00070623
236    'x[2,10,1]'                 0.0947445
237    'x[2,10,2]'                 0.904974
238    'x[2,10,3]'                 0.000281722
239    'x[2,11,1]'                 0.221067
240    'x[2,11,2]'                 0.77883
241    'x[2,11,3]'                 0.000103857
242    'x[2,12,1]'                 0.439362
243    'x[2,12,2]'                 0.560608
244    'x[2,12,3]'                 3.0499e-05
245    'x[2,13,1]'                 0.690209
246    'x[2,13,2]'                 0.309784
247    'x[2,13,3]'                 6.68176e-06
248    'x[2,14,1]'                 0.866797
249    'x[2,14,2]'                 0.133202
250    'x[2,14,3]'                 1.10837e-06
251    'x[2,15,1]'                 0.950788
252    'x[2,15,2]'                 0.0492123
253    'x[2,15,3]'                 1.55391e-07
254    'CC[2]'                     0
255    'CC[3]'                     0
256    'CC[4]'                     0
257    'CC[5]'                     0
258    'CC[6]'                     0
259    'CC[7]'                     0
260    'CC[8]'                     0
261    'CC[9]'                     0
262    'CC[10]'                    0
263    'CC[11]'                   69.9931
264    'CC[12]'                    0
265    'CC[13]'                    0
266    'CC[14]'                    0
267    'CR[2]'                     0
268    'CR[3]'                     0
269    'CR[4]'                     0
270    'CR[5]'                     9.86314e-11
271    'CR[6]'                     0
272    'CR[7]'                     0
273    'CR[8]'                     0
274    'CR[9]'                     0
275    'CR[10]'                    0
276    'CR[11]'                    0
277    'CR[12]'                    0
278    'CR[13]'                    0
279    'CR[14]'                    0
280    'PC[1]'                     2.20057e-10
281    'PC[2]'                    29.4169
282    'PR[1]'                    29.9302
283    'PR[2]'                     2.43572e-09
284    'PS[2]'                     0
285    'PS[3]'                     0
286    'PS[4]'                     0
287    'PS[5]'                     0
288    'PS[6]'                     0
289    'PS[7]'                     0
290    'PS[8]'                    40.1353
291    'PS[9]'                     0
292    'PS[10]'                    0
293    'PS[11]'                    0
294    'PS[12]'                    0
295    'PS[13]'                    0
296    'PS[14]'                    0
297    'T[1,1]'                  369.365
298    'T[1,2]'                  369.337
299    'T[1,3]'                  369.116
300    'T[1,4]'                  368.648
301    'T[1,5]'                  367.689
302    'T[1,6]'                  365.849
303    'T[1,7]'                  362.719
304    'T[1,8]'                  358.35
305    'T[1,9]'                  353.797
306    'T[1,10]'                 350.205
307    'T[1,11]'                 347.925
308    'T[1,12]'                 346.458
309    'T[1,13]'                 344.977
310    'T[1,14]'                 342.437
311    'T[1,15]'                 337.719
312    'T[2,1]'                  353.652
313    'T[2,2]'                  350.18
314    'T[2,3]'                  348.116
315    'T[2,4]'                  347.073
316    'T[2,5]'                  346.578
317    'T[2,6]'                  346.312
318    'T[2,7]'                  346.068
319    'T[2,8]'                  345.177
320    'T[2,9]'                  344.571
321    'T[2,10]'                 342.144
322    'T[2,11]'                 337.397
323    'T[2,12]'                 330.683
324    'T[2,13]'                 324.601
325    'T[2,14]'                 321.054
326    'T[2,15]'                 319.972
327    TF                        338.159
328    'QC[1]'                150716
329    'QC[2]'                211311
330    'QR[1]'                150768
331    'QR[2]'                211297
332    'H[1,1,1]'                  1.8603
333    'H[1,1,2]'                  2.2962
334    'H[1,1,3]'                  2.75309
335    'H[1,2,1]'                  1.85948
336    'H[1,2,2]'                  2.2952
337    'H[1,2,3]'                  2.75188
338    'H[1,3,1]'                  1.85303
339    'H[1,3,2]'                  2.28739
340    'H[1,3,3]'                  2.74244
341    'H[1,4,1]'                  1.8394
342    'H[1,4,2]'                  2.27087
343    'H[1,4,3]'                  2.72249
344    'H[1,5,1]'                  1.81155
345    'H[1,5,2]'                  2.23712
346    'H[1,5,3]'                  2.68171
347    'H[1,6,1]'                  1.75831
348    'H[1,6,2]'                  2.17256
349    'H[1,6,3]'                  2.60375
350    'H[1,7,1]'                  1.6684
351    'H[1,7,2]'                  2.06343
352    'H[1,7,3]'                  2.47205
353    'H[1,8,1]'                  1.54426
354    'H[1,8,2]'                  1.91253
355    'H[1,8,3]'                  2.29012
356    'H[1,9,1]'                  1.41661
357    'H[1,9,2]'                  1.75706
358    'H[1,9,3]'                  2.10289
359    'H[1,10,1]'                 1.31717
360    'H[1,10,2]'                 1.63571
361    'H[1,10,3]'                 1.95692
362    'H[1,11,1]'                 1.25463
363    'H[1,11,2]'                 1.55928
364    'H[1,11,3]'                 1.86504
365    'H[1,12,1]'                 1.21461
366    'H[1,12,2]'                 1.51033
367    'H[1,12,3]'                 1.80622
368    'H[1,13,1]'                 1.17442
369    'H[1,13,2]'                 1.46112
370    'H[1,13,3]'                 1.74712
371    'H[1,14,1]'                 1.1059
372    'H[1,14,2]'                 1.37715
373    'H[1,14,3]'                 1.64631
374    'H[1,15,1]'                 0.980152
375    'H[1,15,2]'                 1.22272
376    'H[1,15,3]'                 1.46106
377    'H[2,1,1]'                  1.41258
378    'H[2,1,2]'                  1.75214
379    'H[2,1,3]'                  2.09698
380    'H[2,2,1]'                  1.31649
381    'H[2,2,2]'                  1.63488
382    'H[2,2,3]'                  1.95591
383    'H[2,3,1]'                  1.25984
384    'H[2,3,2]'                  1.56565
385    'H[2,3,3]'                  1.8727
386    'H[2,4,1]'                  1.23137
387    'H[2,4,2]'                  1.53083
388    'H[2,4,3]'                  1.83085
389    'H[2,5,1]'                  1.21787
390    'H[2,5,2]'                  1.51432
391    'H[2,5,3]'                  1.81102
392    'H[2,6,1]'                  1.21064
393    'H[2,6,2]'                  1.50547
394    'H[2,6,3]'                  1.80039
395    'H[2,7,1]'                  1.204
396    'H[2,7,2]'                  1.49735
397    'H[2,7,3]'                  1.79063
398    'H[2,8,1]'                  1.17983
399    'H[2,8,2]'                  1.46776
400    'H[2,8,3]'                  1.75509
401    'H[2,9,1]'                  1.16343
402    'H[2,9,2]'                  1.44767
403    'H[2,9,3]'                  1.73097
404    'H[2,10,1]'                 1.09804
405    'H[2,10,2]'                 1.36751
406    'H[2,10,3]'                 1.63474
407    'H[2,11,1]'                 0.971633
408    'H[2,11,2]'                 1.21224
409    'H[2,11,3]'                 1.4485
410    'H[2,12,1]'                 0.796257
411    'H[2,12,2]'                 0.996049
412    'H[2,12,3]'                 1.18952
413    'H[2,13,1]'                 0.6408
414    'H[2,13,2]'                 0.803581
415    'H[2,13,3]'                 0.95925
416    'H[2,14,1]'                 0.551687
417    'H[2,14,2]'                 0.692865
418    'H[2,14,3]'                 0.826907
419    'H[2,15,1]'                 0.52471
420    'H[2,15,2]'                 0.659289
421    'H[2,15,3]'                 0.786788
422    'HF[1]'                     0.991793
423    'HF[2]'                     1.23703
424    'HF[3]'                     1.47822
425    'h[1,1,1]'                 -6.404
426    'h[1,1,2]'                 -7.18096
427    'h[1,1,3]'                 -7.821
428    'h[1,2,1]'                 -6.40531
429    'h[1,2,2]'                 -7.18241
430    'h[1,2,3]'                 -7.82267
431    'h[1,3,1]'                 -6.41554
432    'h[1,3,2]'                 -7.19381
433    'h[1,3,3]'                 -7.83576
434    'h[1,4,1]'                 -6.43714
435    'h[1,4,2]'                 -7.21788
436    'h[1,4,3]'                 -7.86343
437    'h[1,5,1]'                 -6.48131
438    'h[1,5,2]'                 -7.26709
439    'h[1,5,3]'                 -7.92001
440    'h[1,6,1]'                 -6.56578
441    'h[1,6,2]'                 -7.36125
442    'h[1,6,3]'                 -8.02826
443    'h[1,7,1]'                 -6.70856
444    'h[1,7,2]'                 -7.52051
445    'h[1,7,3]'                 -8.21139
446    'h[1,8,1]'                 -6.90597
447    'h[1,8,2]'                 -7.74095
448    'h[1,8,3]'                 -8.46493
449    'h[1,9,1]'                 -7.10938
450    'h[1,9,2]'                 -7.96841
451    'h[1,9,3]'                 -8.72661
452    'h[1,10,1]'                -7.26816
453    'h[1,10,2]'                -8.14619
454    'h[1,10,3]'                -8.93124
455    'h[1,11,1]'                -7.36819
456    'h[1,11,2]'                -8.2583
457    'h[1,11,3]'                -9.06032
458    'h[1,12,1]'                -7.43225
459    'h[1,12,2]'                -8.33016
460    'h[1,12,3]'                -9.14307
461    'h[1,13,1]'                -7.49666
462    'h[1,13,2]'                -8.40245
463    'h[1,13,3]'                -9.22633
464    'h[1,14,1]'                -7.6066
465    'h[1,14,2]'                -8.52592
466    'h[1,14,3]'                -9.36859
467    'h[1,15,1]'                -7.80885
468    'h[1,15,2]'                -8.75339
469    'h[1,15,3]'                -9.63084
470    'h[2,1,1]'                 -7.11581
471    'h[2,1,2]'                 -7.9756
472    'h[2,1,3]'                 -8.7349
473    'h[2,2,1]'                 -7.26925
474    'h[2,2,2]'                 -8.14741
475    'h[2,2,3]'                 -8.93265
476    'h[2,3,1]'                 -7.35984
477    'h[2,3,2]'                 -8.24895
478    'h[2,3,3]'                 -9.04955
479    'h[2,4,1]'                 -7.40542
480    'h[2,4,2]'                 -8.30006
481    'h[2,4,3]'                 -9.1084
482    'h[2,5,1]'                 -7.42703
483    'h[2,5,2]'                 -8.3243
484    'h[2,5,3]'                 -9.13632
485    'h[2,6,1]'                 -7.43861
486    'h[2,6,2]'                 -8.33729
487    'h[2,6,3]'                 -9.15129
488    'h[2,7,1]'                 -7.44925
489    'h[2,7,2]'                 -8.34923
490    'h[2,7,3]'                 -9.16504
491    'h[2,8,1]'                 -7.48798
492    'h[2,8,2]'                 -8.3927
493    'h[2,8,3]'                 -9.2151
494    'h[2,9,1]'                 -7.51427
495    'h[2,9,2]'                 -8.42221
496    'h[2,9,3]'                 -9.2491
497    'h[2,10,1]'                -7.61922
498    'h[2,10,2]'                -8.54009
499    'h[2,10,3]'                -9.38493
500    'h[2,11,1]'                -7.82258
501    'h[2,11,2]'                -8.76885
502    'h[2,11,3]'                -9.64866
503    'h[2,12,1]'                -8.1059
504    'h[2,12,2]'                -9.08834
505    'h[2,12,3]'               -10.0174
506    'h[2,13,1]'                -8.35835
507    'h[2,13,2]'                -9.37388
508    'h[2,13,3]'               -10.3475
509    'h[2,14,1]'                -8.50369
510    'h[2,14,2]'                -9.53867
511    'h[2,14,3]'               -10.5382
512    'h[2,15,1]'                -8.54778
513    'h[2,15,2]'                -9.58873
514    'h[2,15,3]'               -10.5962
515    'hF[1]'                    -7.7901
516    'hF[2]'                    -8.73228
517    'hF[3]'                    -9.60649
518    'tauGamma[1,1,1,1]'     1e-06
519    'tauGamma[1,1,1,2]'     1e-06
520    'tauGamma[1,1,1,3]'     1e-06
521    'tauGamma[1,1,2,1]'     1e-06
522    'tauGamma[1,1,2,2]'     1e-06
523    'tauGamma[1,1,2,3]'     1e-06
524    'tauGamma[1,1,3,1]'     1e-06
525    'tauGamma[1,1,3,2]'     1e-06
526    'tauGamma[1,1,3,3]'     1e-06
527    'tauGamma[1,2,1,1]'     1e-06
528    'tauGamma[1,2,1,2]'     1e-06
529    'tauGamma[1,2,1,3]'     1e-06
530    'tauGamma[1,2,2,1]'     1e-06
531    'tauGamma[1,2,2,2]'     1e-06
532    'tauGamma[1,2,2,3]'     1e-06
533    'tauGamma[1,2,3,1]'     1e-06
534    'tauGamma[1,2,3,2]'     1e-06
535    'tauGamma[1,2,3,3]'     1e-06
536    'tauGamma[1,3,1,1]'     1e-06
537    'tauGamma[1,3,1,2]'     1e-06
538    'tauGamma[1,3,1,3]'     1e-06
539    'tauGamma[1,3,2,1]'     1e-06
540    'tauGamma[1,3,2,2]'     1e-06
541    'tauGamma[1,3,2,3]'     1e-06
542    'tauGamma[1,3,3,1]'     1e-06
543    'tauGamma[1,3,3,2]'     1e-06
544    'tauGamma[1,3,3,3]'     1e-06
545    'tauGamma[1,4,1,1]'     1e-06
546    'tauGamma[1,4,1,2]'     1e-06
547    'tauGamma[1,4,1,3]'     1e-06
548    'tauGamma[1,4,2,1]'     1e-06
549    'tauGamma[1,4,2,2]'     1e-06
550    'tauGamma[1,4,2,3]'     1e-06
551    'tauGamma[1,4,3,1]'     1e-06
552    'tauGamma[1,4,3,2]'     1e-06
553    'tauGamma[1,4,3,3]'     1e-06
554    'tauGamma[1,5,1,1]'     1e-06
555    'tauGamma[1,5,1,2]'     1e-06
556    'tauGamma[1,5,1,3]'     1e-06
557    'tauGamma[1,5,2,1]'     1e-06
558    'tauGamma[1,5,2,2]'     1e-06
559    'tauGamma[1,5,2,3]'     1e-06
560    'tauGamma[1,5,3,1]'     1e-06
561    'tauGamma[1,5,3,2]'     1e-06
562    'tauGamma[1,5,3,3]'     1e-06
563    'tauGamma[1,6,1,1]'     1e-06
564    'tauGamma[1,6,1,2]'     1e-06
565    'tauGamma[1,6,1,3]'     1e-06
566    'tauGamma[1,6,2,1]'     1e-06
567    'tauGamma[1,6,2,2]'     1e-06
568    'tauGamma[1,6,2,3]'     1e-06
569    'tauGamma[1,6,3,1]'     1e-06
570    'tauGamma[1,6,3,2]'     1e-06
571    'tauGamma[1,6,3,3]'     1e-06
572    'tauGamma[1,7,1,1]'     1e-06
573    'tauGamma[1,7,1,2]'     1e-06
574    'tauGamma[1,7,1,3]'     1e-06
575    'tauGamma[1,7,2,1]'     1e-06
576    'tauGamma[1,7,2,2]'     1e-06
577    'tauGamma[1,7,2,3]'     1e-06
578    'tauGamma[1,7,3,1]'     1e-06
579    'tauGamma[1,7,3,2]'     1e-06
580    'tauGamma[1,7,3,3]'     1e-06
581    'tauGamma[1,8,1,1]'     1e-06
582    'tauGamma[1,8,1,2]'     1e-06
583    'tauGamma[1,8,1,3]'     1e-06
584    'tauGamma[1,8,2,1]'     1e-06
585    'tauGamma[1,8,2,2]'     1e-06
586    'tauGamma[1,8,2,3]'     1e-06
587    'tauGamma[1,8,3,1]'     1e-06
588    'tauGamma[1,8,3,2]'     1e-06
589    'tauGamma[1,8,3,3]'     1e-06
590    'tauGamma[1,9,1,1]'     1e-06
591    'tauGamma[1,9,1,2]'     1e-06
592    'tauGamma[1,9,1,3]'     1e-06
593    'tauGamma[1,9,2,1]'     1e-06
594    'tauGamma[1,9,2,2]'     1e-06
595    'tauGamma[1,9,2,3]'     1e-06
596    'tauGamma[1,9,3,1]'     1e-06
597    'tauGamma[1,9,3,2]'     1e-06
598    'tauGamma[1,9,3,3]'     1e-06
599    'tauGamma[1,10,1,1]'    1e-06
600    'tauGamma[1,10,1,2]'    1e-06
601    'tauGamma[1,10,1,3]'    1e-06
602    'tauGamma[1,10,2,1]'    1e-06
603    'tauGamma[1,10,2,2]'    1e-06
604    'tauGamma[1,10,2,3]'    1e-06
605    'tauGamma[1,10,3,1]'    1e-06
606    'tauGamma[1,10,3,2]'    1e-06
607    'tauGamma[1,10,3,3]'    1e-06
608    'tauGamma[1,11,1,1]'    1e-06
609    'tauGamma[1,11,1,2]'    1e-06
610    'tauGamma[1,11,1,3]'    1e-06
611    'tauGamma[1,11,2,1]'    1e-06
612    'tauGamma[1,11,2,2]'    1e-06
613    'tauGamma[1,11,2,3]'    1e-06
614    'tauGamma[1,11,3,1]'    1e-06
615    'tauGamma[1,11,3,2]'    1e-06
616    'tauGamma[1,11,3,3]'    1e-06
617    'tauGamma[1,12,1,1]'    1e-06
618    'tauGamma[1,12,1,2]'    1e-06
619    'tauGamma[1,12,1,3]'    1e-06
620    'tauGamma[1,12,2,1]'    1e-06
621    'tauGamma[1,12,2,2]'    1e-06
622    'tauGamma[1,12,2,3]'    1e-06
623    'tauGamma[1,12,3,1]'    1e-06
624    'tauGamma[1,12,3,2]'    1e-06
625    'tauGamma[1,12,3,3]'    1e-06
626    'tauGamma[1,13,1,1]'    1e-06
627    'tauGamma[1,13,1,2]'    1e-06
628    'tauGamma[1,13,1,3]'    1e-06
629    'tauGamma[1,13,2,1]'    1e-06
630    'tauGamma[1,13,2,2]'    1e-06
631    'tauGamma[1,13,2,3]'    1e-06
632    'tauGamma[1,13,3,1]'    1e-06
633    'tauGamma[1,13,3,2]'    1e-06
634    'tauGamma[1,13,3,3]'    1e-06
635    'tauGamma[1,14,1,1]'    1e-06
636    'tauGamma[1,14,1,2]'    1e-06
637    'tauGamma[1,14,1,3]'    1e-06
638    'tauGamma[1,14,2,1]'    1e-06
639    'tauGamma[1,14,2,2]'    1e-06
640    'tauGamma[1,14,2,3]'    1e-06
641    'tauGamma[1,14,3,1]'    1e-06
642    'tauGamma[1,14,3,2]'    1e-06
643    'tauGamma[1,14,3,3]'    1e-06
644    'tauGamma[1,15,1,1]'    1e-06
645    'tauGamma[1,15,1,2]'    1e-06
646    'tauGamma[1,15,1,3]'    1e-06
647    'tauGamma[1,15,2,1]'    1e-06
648    'tauGamma[1,15,2,2]'    1e-06
649    'tauGamma[1,15,2,3]'    1e-06
650    'tauGamma[1,15,3,1]'    1e-06
651    'tauGamma[1,15,3,2]'    1e-06
652    'tauGamma[1,15,3,3]'    1e-06
653    'tauGamma[2,1,1,1]'     1e-06
654    'tauGamma[2,1,1,2]'     1e-06
655    'tauGamma[2,1,1,3]'     1e-06
656    'tauGamma[2,1,2,1]'     1e-06
657    'tauGamma[2,1,2,2]'     1e-06
658    'tauGamma[2,1,2,3]'     1e-06
659    'tauGamma[2,1,3,1]'     1e-06
660    'tauGamma[2,1,3,2]'     1e-06
661    'tauGamma[2,1,3,3]'     1e-06
662    'tauGamma[2,2,1,1]'     1e-06
663    'tauGamma[2,2,1,2]'     1e-06
664    'tauGamma[2,2,1,3]'     1e-06
665    'tauGamma[2,2,2,1]'     1e-06
666    'tauGamma[2,2,2,2]'     1e-06
667    'tauGamma[2,2,2,3]'     1e-06
668    'tauGamma[2,2,3,1]'     1e-06
669    'tauGamma[2,2,3,2]'     1e-06
670    'tauGamma[2,2,3,3]'     1e-06
671    'tauGamma[2,3,1,1]'     1e-06
672    'tauGamma[2,3,1,2]'     1e-06
673    'tauGamma[2,3,1,3]'     1e-06
674    'tauGamma[2,3,2,1]'     1e-06
675    'tauGamma[2,3,2,2]'     1e-06
676    'tauGamma[2,3,2,3]'     1e-06
677    'tauGamma[2,3,3,1]'     1e-06
678    'tauGamma[2,3,3,2]'     1e-06
679    'tauGamma[2,3,3,3]'     1e-06
680    'tauGamma[2,4,1,1]'     1e-06
681    'tauGamma[2,4,1,2]'     1e-06
682    'tauGamma[2,4,1,3]'     1e-06
683    'tauGamma[2,4,2,1]'     1e-06
684    'tauGamma[2,4,2,2]'     1e-06
685    'tauGamma[2,4,2,3]'     1e-06
686    'tauGamma[2,4,3,1]'     1e-06
687    'tauGamma[2,4,3,2]'     1e-06
688    'tauGamma[2,4,3,3]'     1e-06
689    'tauGamma[2,5,1,1]'     1e-06
690    'tauGamma[2,5,1,2]'     1e-06
691    'tauGamma[2,5,1,3]'     1e-06
692    'tauGamma[2,5,2,1]'     1e-06
693    'tauGamma[2,5,2,2]'     1e-06
694    'tauGamma[2,5,2,3]'     1e-06
695    'tauGamma[2,5,3,1]'     1e-06
696    'tauGamma[2,5,3,2]'     1e-06
697    'tauGamma[2,5,3,3]'     1e-06
698    'tauGamma[2,6,1,1]'     1e-06
699    'tauGamma[2,6,1,2]'     1e-06
700    'tauGamma[2,6,1,3]'     1e-06
701    'tauGamma[2,6,2,1]'     1e-06
702    'tauGamma[2,6,2,2]'     1e-06
703    'tauGamma[2,6,2,3]'     1e-06
704    'tauGamma[2,6,3,1]'     1e-06
705    'tauGamma[2,6,3,2]'     1e-06
706    'tauGamma[2,6,3,3]'     1e-06
707    'tauGamma[2,7,1,1]'     1e-06
708    'tauGamma[2,7,1,2]'     1e-06
709    'tauGamma[2,7,1,3]'     1e-06
710    'tauGamma[2,7,2,1]'     1e-06
711    'tauGamma[2,7,2,2]'     1e-06
712    'tauGamma[2,7,2,3]'     1e-06
713    'tauGamma[2,7,3,1]'     1e-06
714    'tauGamma[2,7,3,2]'     1e-06
715    'tauGamma[2,7,3,3]'     1e-06
716    'tauGamma[2,8,1,1]'     1e-06
717    'tauGamma[2,8,1,2]'     1e-06
718    'tauGamma[2,8,1,3]'     1e-06
719    'tauGamma[2,8,2,1]'     1e-06
720    'tauGamma[2,8,2,2]'     1e-06
721    'tauGamma[2,8,2,3]'     1e-06
722    'tauGamma[2,8,3,1]'     1e-06
723    'tauGamma[2,8,3,2]'     1e-06
724    'tauGamma[2,8,3,3]'     1e-06
725    'tauGamma[2,9,1,1]'     1e-06
726    'tauGamma[2,9,1,2]'     1e-06
727    'tauGamma[2,9,1,3]'     1e-06
728    'tauGamma[2,9,2,1]'     1e-06
729    'tauGamma[2,9,2,2]'     1e-06
730    'tauGamma[2,9,2,3]'     1e-06
731    'tauGamma[2,9,3,1]'     1e-06
732    'tauGamma[2,9,3,2]'     1e-06
733    'tauGamma[2,9,3,3]'     1e-06
734    'tauGamma[2,10,1,1]'    1e-06
735    'tauGamma[2,10,1,2]'    1e-06
736    'tauGamma[2,10,1,3]'    1e-06
737    'tauGamma[2,10,2,1]'    1e-06
738    'tauGamma[2,10,2,2]'    1e-06
739    'tauGamma[2,10,2,3]'    1e-06
740    'tauGamma[2,10,3,1]'    1e-06
741    'tauGamma[2,10,3,2]'    1e-06
742    'tauGamma[2,10,3,3]'    1e-06
743    'tauGamma[2,11,1,1]'    1e-06
744    'tauGamma[2,11,1,2]'    1e-06
745    'tauGamma[2,11,1,3]'    1e-06
746    'tauGamma[2,11,2,1]'    1e-06
747    'tauGamma[2,11,2,2]'    1e-06
748    'tauGamma[2,11,2,3]'    1e-06
749    'tauGamma[2,11,3,1]'    1e-06
750    'tauGamma[2,11,3,2]'    1e-06
751    'tauGamma[2,11,3,3]'    1e-06
752    'tauGamma[2,12,1,1]'    1e-06
753    'tauGamma[2,12,1,2]'    1e-06
754    'tauGamma[2,12,1,3]'    1e-06
755    'tauGamma[2,12,2,1]'    1e-06
756    'tauGamma[2,12,2,2]'    1e-06
757    'tauGamma[2,12,2,3]'    1e-06
758    'tauGamma[2,12,3,1]'    1e-06
759    'tauGamma[2,12,3,2]'    1e-06
760    'tauGamma[2,12,3,3]'    1e-06
761    'tauGamma[2,13,1,1]'    1e-06
762    'tauGamma[2,13,1,2]'    1e-06
763    'tauGamma[2,13,1,3]'    1e-06
764    'tauGamma[2,13,2,1]'    1e-06
765    'tauGamma[2,13,2,2]'    1e-06
766    'tauGamma[2,13,2,3]'    1e-06
767    'tauGamma[2,13,3,1]'    1e-06
768    'tauGamma[2,13,3,2]'    1e-06
769    'tauGamma[2,13,3,3]'    1e-06
770    'tauGamma[2,14,1,1]'    1e-06
771    'tauGamma[2,14,1,2]'    1e-06
772    'tauGamma[2,14,1,3]'    1e-06
773    'tauGamma[2,14,2,1]'    1e-06
774    'tauGamma[2,14,2,2]'    1e-06
775    'tauGamma[2,14,2,3]'    1e-06
776    'tauGamma[2,14,3,1]'    1e-06
777    'tauGamma[2,14,3,2]'    1e-06
778    'tauGamma[2,14,3,3]'    1e-06
779    'tauGamma[2,15,1,1]'    1e-06
780    'tauGamma[2,15,1,2]'    1e-06
781    'tauGamma[2,15,1,3]'    1e-06
782    'tauGamma[2,15,2,1]'    1e-06
783    'tauGamma[2,15,2,2]'    1e-06
784    'tauGamma[2,15,2,3]'    1e-06
785    'tauGamma[2,15,3,1]'    1e-06
786    'tauGamma[2,15,3,2]'    1e-06
787    'tauGamma[2,15,3,3]'    1e-06
788    'PGamma[1,1,1,1]'           1
789    'PGamma[1,1,1,2]'           1
790    'PGamma[1,1,1,3]'           1
791    'PGamma[1,1,2,1]'           1
792    'PGamma[1,1,2,2]'           1
793    'PGamma[1,1,2,3]'           1
794    'PGamma[1,1,3,1]'           1
795    'PGamma[1,1,3,2]'           1
796    'PGamma[1,1,3,3]'           1
797    'PGamma[1,2,1,1]'           1
798    'PGamma[1,2,1,2]'           1
799    'PGamma[1,2,1,3]'           1
800    'PGamma[1,2,2,1]'           1
801    'PGamma[1,2,2,2]'           1
802    'PGamma[1,2,2,3]'           1
803    'PGamma[1,2,3,1]'           1
804    'PGamma[1,2,3,2]'           1
805    'PGamma[1,2,3,3]'           1
806    'PGamma[1,3,1,1]'           1
807    'PGamma[1,3,1,2]'           1
808    'PGamma[1,3,1,3]'           1
809    'PGamma[1,3,2,1]'           1
810    'PGamma[1,3,2,2]'           1
811    'PGamma[1,3,2,3]'           1
812    'PGamma[1,3,3,1]'           1
813    'PGamma[1,3,3,2]'           1
814    'PGamma[1,3,3,3]'           1
815    'PGamma[1,4,1,1]'           1
816    'PGamma[1,4,1,2]'           1
817    'PGamma[1,4,1,3]'           1
818    'PGamma[1,4,2,1]'           1
819    'PGamma[1,4,2,2]'           1
820    'PGamma[1,4,2,3]'           1
821    'PGamma[1,4,3,1]'           1
822    'PGamma[1,4,3,2]'           1
823    'PGamma[1,4,3,3]'           1
824    'PGamma[1,5,1,1]'           1
825    'PGamma[1,5,1,2]'           1
826    'PGamma[1,5,1,3]'           1
827    'PGamma[1,5,2,1]'           1
828    'PGamma[1,5,2,2]'           1
829    'PGamma[1,5,2,3]'           1
830    'PGamma[1,5,3,1]'           1
831    'PGamma[1,5,3,2]'           1
832    'PGamma[1,5,3,3]'           1
833    'PGamma[1,6,1,1]'           1
834    'PGamma[1,6,1,2]'           1
835    'PGamma[1,6,1,3]'           1
836    'PGamma[1,6,2,1]'           1
837    'PGamma[1,6,2,2]'           1
838    'PGamma[1,6,2,3]'           1
839    'PGamma[1,6,3,1]'           1
840    'PGamma[1,6,3,2]'           1
841    'PGamma[1,6,3,3]'           1
842    'PGamma[1,7,1,1]'           1
843    'PGamma[1,7,1,2]'           1
844    'PGamma[1,7,1,3]'           1
845    'PGamma[1,7,2,1]'           1
846    'PGamma[1,7,2,2]'           1
847    'PGamma[1,7,2,3]'           1
848    'PGamma[1,7,3,1]'           1
849    'PGamma[1,7,3,2]'           1
850    'PGamma[1,7,3,3]'           1
851    'PGamma[1,8,1,1]'           1
852    'PGamma[1,8,1,2]'           1
853    'PGamma[1,8,1,3]'           1
854    'PGamma[1,8,2,1]'           1
855    'PGamma[1,8,2,2]'           1
856    'PGamma[1,8,2,3]'           1
857    'PGamma[1,8,3,1]'           1
858    'PGamma[1,8,3,2]'           1
859    'PGamma[1,8,3,3]'           1
860    'PGamma[1,9,1,1]'           1
861    'PGamma[1,9,1,2]'           1
862    'PGamma[1,9,1,3]'           1
863    'PGamma[1,9,2,1]'           1
864    'PGamma[1,9,2,2]'           1
865    'PGamma[1,9,2,3]'           1
866    'PGamma[1,9,3,1]'           1
867    'PGamma[1,9,3,2]'           1
868    'PGamma[1,9,3,3]'           1
869    'PGamma[1,10,1,1]'          1
870    'PGamma[1,10,1,2]'          1
871    'PGamma[1,10,1,3]'          1
872    'PGamma[1,10,2,1]'          1
873    'PGamma[1,10,2,2]'          1
874    'PGamma[1,10,2,3]'          1
875    'PGamma[1,10,3,1]'          1
876    'PGamma[1,10,3,2]'          1
877    'PGamma[1,10,3,3]'          1
878    'PGamma[1,11,1,1]'          1
879    'PGamma[1,11,1,2]'          1
880    'PGamma[1,11,1,3]'          1
881    'PGamma[1,11,2,1]'          1
882    'PGamma[1,11,2,2]'          1
883    'PGamma[1,11,2,3]'          1
884    'PGamma[1,11,3,1]'          1
885    'PGamma[1,11,3,2]'          1
886    'PGamma[1,11,3,3]'          1
887    'PGamma[1,12,1,1]'          1
888    'PGamma[1,12,1,2]'          1
889    'PGamma[1,12,1,3]'          1
890    'PGamma[1,12,2,1]'          1
891    'PGamma[1,12,2,2]'          1
892    'PGamma[1,12,2,3]'          1
893    'PGamma[1,12,3,1]'          1
894    'PGamma[1,12,3,2]'          1
895    'PGamma[1,12,3,3]'          1
896    'PGamma[1,13,1,1]'          1
897    'PGamma[1,13,1,2]'          1
898    'PGamma[1,13,1,3]'          1
899    'PGamma[1,13,2,1]'          1
900    'PGamma[1,13,2,2]'          1
901    'PGamma[1,13,2,3]'          1
902    'PGamma[1,13,3,1]'          1
903    'PGamma[1,13,3,2]'          1
904    'PGamma[1,13,3,3]'          1
905    'PGamma[1,14,1,1]'          1
906    'PGamma[1,14,1,2]'          1
907    'PGamma[1,14,1,3]'          1
908    'PGamma[1,14,2,1]'          1
909    'PGamma[1,14,2,2]'          1
910    'PGamma[1,14,2,3]'          1
911    'PGamma[1,14,3,1]'          1
912    'PGamma[1,14,3,2]'          1
913    'PGamma[1,14,3,3]'          1
914    'PGamma[1,15,1,1]'          1
915    'PGamma[1,15,1,2]'          1
916    'PGamma[1,15,1,3]'          1
917    'PGamma[1,15,2,1]'          1
918    'PGamma[1,15,2,2]'          1
919    'PGamma[1,15,2,3]'          1
920    'PGamma[1,15,3,1]'          1
921    'PGamma[1,15,3,2]'          1
922    'PGamma[1,15,3,3]'          1
923    'PGamma[2,1,1,1]'           1
924    'PGamma[2,1,1,2]'           1
925    'PGamma[2,1,1,3]'           1
926    'PGamma[2,1,2,1]'           1
927    'PGamma[2,1,2,2]'           1
928    'PGamma[2,1,2,3]'           1
929    'PGamma[2,1,3,1]'           1
930    'PGamma[2,1,3,2]'           1
931    'PGamma[2,1,3,3]'           1
932    'PGamma[2,2,1,1]'           1
933    'PGamma[2,2,1,2]'           1
934    'PGamma[2,2,1,3]'           1
935    'PGamma[2,2,2,1]'           1
936    'PGamma[2,2,2,2]'           1
937    'PGamma[2,2,2,3]'           1
938    'PGamma[2,2,3,1]'           1
939    'PGamma[2,2,3,2]'           1
940    'PGamma[2,2,3,3]'           1
941    'PGamma[2,3,1,1]'           1
942    'PGamma[2,3,1,2]'           1
943    'PGamma[2,3,1,3]'           1
944    'PGamma[2,3,2,1]'           1
945    'PGamma[2,3,2,2]'           1
946    'PGamma[2,3,2,3]'           1
947    'PGamma[2,3,3,1]'           1
948    'PGamma[2,3,3,2]'           1
949    'PGamma[2,3,3,3]'           1
950    'PGamma[2,4,1,1]'           1
951    'PGamma[2,4,1,2]'           1
952    'PGamma[2,4,1,3]'           1
953    'PGamma[2,4,2,1]'           1
954    'PGamma[2,4,2,2]'           1
955    'PGamma[2,4,2,3]'           1
956    'PGamma[2,4,3,1]'           1
957    'PGamma[2,4,3,2]'           1
958    'PGamma[2,4,3,3]'           1
959    'PGamma[2,5,1,1]'           1
960    'PGamma[2,5,1,2]'           1
961    'PGamma[2,5,1,3]'           1
962    'PGamma[2,5,2,1]'           1
963    'PGamma[2,5,2,2]'           1
964    'PGamma[2,5,2,3]'           1
965    'PGamma[2,5,3,1]'           1
966    'PGamma[2,5,3,2]'           1
967    'PGamma[2,5,3,3]'           1
968    'PGamma[2,6,1,1]'           1
969    'PGamma[2,6,1,2]'           1
970    'PGamma[2,6,1,3]'           1
971    'PGamma[2,6,2,1]'           1
972    'PGamma[2,6,2,2]'           1
973    'PGamma[2,6,2,3]'           1
974    'PGamma[2,6,3,1]'           1
975    'PGamma[2,6,3,2]'           1
976    'PGamma[2,6,3,3]'           1
977    'PGamma[2,7,1,1]'           1
978    'PGamma[2,7,1,2]'           1
979    'PGamma[2,7,1,3]'           1
980    'PGamma[2,7,2,1]'           1
981    'PGamma[2,7,2,2]'           1
982    'PGamma[2,7,2,3]'           1
983    'PGamma[2,7,3,1]'           1
984    'PGamma[2,7,3,2]'           1
985    'PGamma[2,7,3,3]'           1
986    'PGamma[2,8,1,1]'           1
987    'PGamma[2,8,1,2]'           1
988    'PGamma[2,8,1,3]'           1
989    'PGamma[2,8,2,1]'           1
990    'PGamma[2,8,2,2]'           1
991    'PGamma[2,8,2,3]'           1
992    'PGamma[2,8,3,1]'           1
993    'PGamma[2,8,3,2]'           1
994    'PGamma[2,8,3,3]'           1
995    'PGamma[2,9,1,1]'           1
996    'PGamma[2,9,1,2]'           1
997    'PGamma[2,9,1,3]'           1
998    'PGamma[2,9,2,1]'           1
999    'PGamma[2,9,2,2]'           1
1000   'PGamma[2,9,2,3]'           1
1001   'PGamma[2,9,3,1]'           1
1002   'PGamma[2,9,3,2]'           1
1003   'PGamma[2,9,3,3]'           1
1004   'PGamma[2,10,1,1]'          1
1005   'PGamma[2,10,1,2]'          1
1006   'PGamma[2,10,1,3]'          1
1007   'PGamma[2,10,2,1]'          1
1008   'PGamma[2,10,2,2]'          1
1009   'PGamma[2,10,2,3]'          1
1010   'PGamma[2,10,3,1]'          1
1011   'PGamma[2,10,3,2]'          1
1012   'PGamma[2,10,3,3]'          1
1013   'PGamma[2,11,1,1]'          1
1014   'PGamma[2,11,1,2]'          1
1015   'PGamma[2,11,1,3]'          1
1016   'PGamma[2,11,2,1]'          1
1017   'PGamma[2,11,2,2]'          1
1018   'PGamma[2,11,2,3]'          1
1019   'PGamma[2,11,3,1]'          1
1020   'PGamma[2,11,3,2]'          1
1021   'PGamma[2,11,3,3]'          1
1022   'PGamma[2,12,1,1]'          1
1023   'PGamma[2,12,1,2]'          1
1024   'PGamma[2,12,1,3]'          1
1025   'PGamma[2,12,2,1]'          1
1026   'PGamma[2,12,2,2]'          1
1027   'PGamma[2,12,2,3]'          1
1028   'PGamma[2,12,3,1]'          1
1029   'PGamma[2,12,3,2]'          1
1030   'PGamma[2,12,3,3]'          1
1031   'PGamma[2,13,1,1]'          1
1032   'PGamma[2,13,1,2]'          1
1033   'PGamma[2,13,1,3]'          1
1034   'PGamma[2,13,2,1]'          1
1035   'PGamma[2,13,2,2]'          1
1036   'PGamma[2,13,2,3]'          1
1037   'PGamma[2,13,3,1]'          1
1038   'PGamma[2,13,3,2]'          1
1039   'PGamma[2,13,3,3]'          1
1040   'PGamma[2,14,1,1]'          1
1041   'PGamma[2,14,1,2]'          1
1042   'PGamma[2,14,1,3]'          1
1043   'PGamma[2,14,2,1]'          1
1044   'PGamma[2,14,2,2]'          1
1045   'PGamma[2,14,2,3]'          1
1046   'PGamma[2,14,3,1]'          1
1047   'PGamma[2,14,3,2]'          1
1048   'PGamma[2,14,3,3]'          1
1049   'PGamma[2,15,1,1]'          1
1050   'PGamma[2,15,1,2]'          1
1051   'PGamma[2,15,1,3]'          1
1052   'PGamma[2,15,2,1]'          1
1053   'PGamma[2,15,2,2]'          1
1054   'PGamma[2,15,2,3]'          1
1055   'PGamma[2,15,3,1]'          1
1056   'PGamma[2,15,3,2]'          1
1057   'PGamma[2,15,3,3]'          1
1058   'SGamma1[1,1,1]'            1.00256e-06
1059   'SGamma1[1,1,2]'            1.00256e-06
1060   'SGamma1[1,1,3]'            1.00256e-06
1061   'SGamma1[1,2,1]'        1e-06
1062   'SGamma1[1,2,2]'        1e-06
1063   'SGamma1[1,2,3]'        1e-06
1064   'SGamma1[1,3,1]'        1e-06
1065   'SGamma1[1,3,2]'        1e-06
1066   'SGamma1[1,3,3]'        1e-06
1067   'SGamma1[1,4,1]'        1e-06
1068   'SGamma1[1,4,2]'        1e-06
1069   'SGamma1[1,4,3]'        1e-06
1070   'SGamma1[1,5,1]'        1e-06
1071   'SGamma1[1,5,2]'        1e-06
1072   'SGamma1[1,5,3]'        1e-06
1073   'SGamma1[1,6,1]'        1e-06
1074   'SGamma1[1,6,2]'        1e-06
1075   'SGamma1[1,6,3]'        1e-06
1076   'SGamma1[1,7,1]'        1e-06
1077   'SGamma1[1,7,2]'        1e-06
1078   'SGamma1[1,7,3]'        1e-06
1079   'SGamma1[1,8,1]'        1e-06
1080   'SGamma1[1,8,2]'        1e-06
1081   'SGamma1[1,8,3]'        1e-06
1082   'SGamma1[1,9,1]'        1e-06
1083   'SGamma1[1,9,2]'        1e-06
1084   'SGamma1[1,9,3]'        1e-06
1085   'SGamma1[1,10,1]'       1e-06
1086   'SGamma1[1,10,2]'       1e-06
1087   'SGamma1[1,10,3]'       1e-06
1088   'SGamma1[1,11,1]'       1e-06
1089   'SGamma1[1,11,2]'       1e-06
1090   'SGamma1[1,11,3]'       1e-06
1091   'SGamma1[1,12,1]'       1e-06
1092   'SGamma1[1,12,2]'       1e-06
1093   'SGamma1[1,12,3]'       1e-06
1094   'SGamma1[1,13,1]'       1e-06
1095   'SGamma1[1,13,2]'       1e-06
1096   'SGamma1[1,13,3]'       1e-06
1097   'SGamma1[1,14,1]'       1e-06
1098   'SGamma1[1,14,2]'       1e-06
1099   'SGamma1[1,14,3]'       1e-06
1100   'SGamma1[1,15,1]'       1e-06
1101   'SGamma1[1,15,2]'       1e-06
1102   'SGamma1[1,15,3]'       1e-06
1103   'SGamma1[2,1,1]'        1e-06
1104   'SGamma1[2,1,2]'        1e-06
1105   'SGamma1[2,1,3]'        1e-06
1106   'SGamma1[2,2,1]'        1e-06
1107   'SGamma1[2,2,2]'        1e-06
1108   'SGamma1[2,2,3]'        1e-06
1109   'SGamma1[2,3,1]'        1e-06
1110   'SGamma1[2,3,2]'        1e-06
1111   'SGamma1[2,3,3]'        1e-06
1112   'SGamma1[2,4,1]'        1e-06
1113   'SGamma1[2,4,2]'        1e-06
1114   'SGamma1[2,4,3]'        1e-06
1115   'SGamma1[2,5,1]'        1e-06
1116   'SGamma1[2,5,2]'        1e-06
1117   'SGamma1[2,5,3]'        1e-06
1118   'SGamma1[2,6,1]'        1e-06
1119   'SGamma1[2,6,2]'        1e-06
1120   'SGamma1[2,6,3]'        1e-06
1121   'SGamma1[2,7,1]'        1e-06
1122   'SGamma1[2,7,2]'        1e-06
1123   'SGamma1[2,7,3]'        1e-06
1124   'SGamma1[2,8,1]'            1.01627e-06
1125   'SGamma1[2,8,2]'            1.01627e-06
1126   'SGamma1[2,8,3]'            1.01627e-06
1127   'SGamma1[2,9,1]'        1e-06
1128   'SGamma1[2,9,2]'        1e-06
1129   'SGamma1[2,9,3]'        1e-06
1130   'SGamma1[2,10,1]'       1e-06
1131   'SGamma1[2,10,2]'       1e-06
1132   'SGamma1[2,10,3]'       1e-06
1133   'SGamma1[2,11,1]'       1e-06
1134   'SGamma1[2,11,2]'       1e-06
1135   'SGamma1[2,11,3]'       1e-06
1136   'SGamma1[2,12,1]'       1e-06
1137   'SGamma1[2,12,2]'       1e-06
1138   'SGamma1[2,12,3]'       1e-06
1139   'SGamma1[2,13,1]'       1e-06
1140   'SGamma1[2,13,2]'       1e-06
1141   'SGamma1[2,13,3]'       1e-06
1142   'SGamma1[2,14,1]'       1e-06
1143   'SGamma1[2,14,2]'       1e-06
1144   'SGamma1[2,14,3]'       1e-06
1145   'SGamma1[2,15,1]'       1e-06
1146   'SGamma1[2,15,2]'       1e-06
1147   'SGamma1[2,15,3]'       1e-06
1148   'SGamma2[1,1,1]'            1.00256
1149   'SGamma2[1,1,2]'            1.00256
1150   'SGamma2[1,1,3]'            1.00256
1151   'SGamma2[1,2,1]'            1
1152   'SGamma2[1,2,2]'            1
1153   'SGamma2[1,2,3]'            1
1154   'SGamma2[1,3,1]'            1
1155   'SGamma2[1,3,2]'            1
1156   'SGamma2[1,3,3]'            1
1157   'SGamma2[1,4,1]'            1
1158   'SGamma2[1,4,2]'            1
1159   'SGamma2[1,4,3]'            1
1160   'SGamma2[1,5,1]'            1
1161   'SGamma2[1,5,2]'            1
1162   'SGamma2[1,5,3]'            1
1163   'SGamma2[1,6,1]'            1
1164   'SGamma2[1,6,2]'            1
1165   'SGamma2[1,6,3]'            1
1166   'SGamma2[1,7,1]'            1
1167   'SGamma2[1,7,2]'            1
1168   'SGamma2[1,7,3]'            1
1169   'SGamma2[1,8,1]'            1
1170   'SGamma2[1,8,2]'            1
1171   'SGamma2[1,8,3]'            1
1172   'SGamma2[1,9,1]'            1
1173   'SGamma2[1,9,2]'            1
1174   'SGamma2[1,9,3]'            1
1175   'SGamma2[1,10,1]'           1
1176   'SGamma2[1,10,2]'           1
1177   'SGamma2[1,10,3]'           1
1178   'SGamma2[1,11,1]'           1
1179   'SGamma2[1,11,2]'           1
1180   'SGamma2[1,11,3]'           1
1181   'SGamma2[1,12,1]'           1
1182   'SGamma2[1,12,2]'           1
1183   'SGamma2[1,12,3]'           1
1184   'SGamma2[1,13,1]'           1
1185   'SGamma2[1,13,2]'           1
1186   'SGamma2[1,13,3]'           1
1187   'SGamma2[1,14,1]'           1
1188   'SGamma2[1,14,2]'           1
1189   'SGamma2[1,14,3]'           1
1190   'SGamma2[1,15,1]'           1
1191   'SGamma2[1,15,2]'           1
1192   'SGamma2[1,15,3]'           1
1193   'SGamma2[2,1,1]'            1
1194   'SGamma2[2,1,2]'            1
1195   'SGamma2[2,1,3]'            1
1196   'SGamma2[2,2,1]'            1
1197   'SGamma2[2,2,2]'            1
1198   'SGamma2[2,2,3]'            1
1199   'SGamma2[2,3,1]'            1
1200   'SGamma2[2,3,2]'            1
1201   'SGamma2[2,3,3]'            1
1202   'SGamma2[2,4,1]'            1
1203   'SGamma2[2,4,2]'            1
1204   'SGamma2[2,4,3]'            1
1205   'SGamma2[2,5,1]'            1
1206   'SGamma2[2,5,2]'            1
1207   'SGamma2[2,5,3]'            1
1208   'SGamma2[2,6,1]'            1
1209   'SGamma2[2,6,2]'            1
1210   'SGamma2[2,6,3]'            1
1211   'SGamma2[2,7,1]'            1
1212   'SGamma2[2,7,2]'            1
1213   'SGamma2[2,7,3]'            1
1214   'SGamma2[2,8,1]'            1.01627
1215   'SGamma2[2,8,2]'            1.01627
1216   'SGamma2[2,8,3]'            1.01627
1217   'SGamma2[2,9,1]'            1
1218   'SGamma2[2,9,2]'            1
1219   'SGamma2[2,9,3]'            1
1220   'SGamma2[2,10,1]'           1
1221   'SGamma2[2,10,2]'           1
1222   'SGamma2[2,10,3]'           1
1223   'SGamma2[2,11,1]'           1
1224   'SGamma2[2,11,2]'           1
1225   'SGamma2[2,11,3]'           1
1226   'SGamma2[2,12,1]'           1
1227   'SGamma2[2,12,2]'           1
1228   'SGamma2[2,12,3]'           1
1229   'SGamma2[2,13,1]'           1
1230   'SGamma2[2,13,2]'           1
1231   'SGamma2[2,13,3]'           1
1232   'SGamma2[2,14,1]'           1
1233   'SGamma2[2,14,2]'           1
1234   'SGamma2[2,14,3]'           1
1235   'SGamma2[2,15,1]'           1
1236   'SGamma2[2,15,2]'           1
1237   'SGamma2[2,15,3]'           1
1238   'gamma[1,1,1]'              1
1239   'gamma[1,1,2]'              1
1240   'gamma[1,1,3]'              1
1241   'gamma[1,2,1]'              1
1242   'gamma[1,2,2]'              1
1243   'gamma[1,2,3]'              1
1244   'gamma[1,3,1]'              1
1245   'gamma[1,3,2]'              1
1246   'gamma[1,3,3]'              1
1247   'gamma[1,4,1]'              1
1248   'gamma[1,4,2]'              1
1249   'gamma[1,4,3]'              1
1250   'gamma[1,5,1]'              1
1251   'gamma[1,5,2]'              1
1252   'gamma[1,5,3]'              1
1253   'gamma[1,6,1]'              1
1254   'gamma[1,6,2]'              1
1255   'gamma[1,6,3]'              1
1256   'gamma[1,7,1]'              1
1257   'gamma[1,7,2]'              1
1258   'gamma[1,7,3]'              1
1259   'gamma[1,8,1]'              1
1260   'gamma[1,8,2]'              1
1261   'gamma[1,8,3]'              1
1262   'gamma[1,9,1]'              1
1263   'gamma[1,9,2]'              1
1264   'gamma[1,9,3]'              1
1265   'gamma[1,10,1]'             1
1266   'gamma[1,10,2]'             1
1267   'gamma[1,10,3]'             1
1268   'gamma[1,11,1]'             1
1269   'gamma[1,11,2]'             1
1270   'gamma[1,11,3]'             1
1271   'gamma[1,12,1]'             1
1272   'gamma[1,12,2]'             1
1273   'gamma[1,12,3]'             1
1274   'gamma[1,13,1]'             1
1275   'gamma[1,13,2]'             1
1276   'gamma[1,13,3]'             1
1277   'gamma[1,14,1]'             1
1278   'gamma[1,14,2]'             1
1279   'gamma[1,14,3]'             1
1280   'gamma[1,15,1]'             1
1281   'gamma[1,15,2]'             1
1282   'gamma[1,15,3]'             1
1283   'gamma[2,1,1]'              1
1284   'gamma[2,1,2]'              1
1285   'gamma[2,1,3]'              1
1286   'gamma[2,2,1]'              1
1287   'gamma[2,2,2]'              1
1288   'gamma[2,2,3]'              1
1289   'gamma[2,3,1]'              1
1290   'gamma[2,3,2]'              1
1291   'gamma[2,3,3]'              1
1292   'gamma[2,4,1]'              1
1293   'gamma[2,4,2]'              1
1294   'gamma[2,4,3]'              1
1295   'gamma[2,5,1]'              1
1296   'gamma[2,5,2]'              1
1297   'gamma[2,5,3]'              1
1298   'gamma[2,6,1]'              1
1299   'gamma[2,6,2]'              1
1300   'gamma[2,6,3]'              1
1301   'gamma[2,7,1]'              1
1302   'gamma[2,7,2]'              1
1303   'gamma[2,7,3]'              1
1304   'gamma[2,8,1]'              1
1305   'gamma[2,8,2]'              1
1306   'gamma[2,8,3]'              1
1307   'gamma[2,9,1]'              1
1308   'gamma[2,9,2]'              1
1309   'gamma[2,9,3]'              1
1310   'gamma[2,10,1]'             1
1311   'gamma[2,10,2]'             1
1312   'gamma[2,10,3]'             1
1313   'gamma[2,11,1]'             1
1314   'gamma[2,11,2]'             1
1315   'gamma[2,11,3]'             1
1316   'gamma[2,12,1]'             1
1317   'gamma[2,12,2]'             1
1318   'gamma[2,12,3]'             1
1319   'gamma[2,13,1]'             1
1320   'gamma[2,13,2]'             1
1321   'gamma[2,13,3]'             1
1322   'gamma[2,14,1]'             1
1323   'gamma[2,14,2]'             1
1324   'gamma[2,14,3]'             1
1325   'gamma[2,15,1]'             1
1326   'gamma[2,15,2]'             1
1327   'gamma[2,15,3]'             1
1328   'PrS[1,1,1]'           162376
1329   'PrS[1,1,2]'            65949.6
1330   'PrS[1,1,3]'            30228.4
1331   'PrS[1,2,1]'           162249
1332   'PrS[1,2,2]'            65891.7
1333   'PrS[1,2,3]'            30199.1
1334   'PrS[1,3,1]'           161255
1335   'PrS[1,3,2]'            65439.9
1336   'PrS[1,3,3]'            29970.9
1337   'PrS[1,4,1]'           159168
1338   'PrS[1,4,2]'            64492.6
1339   'PrS[1,4,3]'            29492.9
1340   'PrS[1,5,1]'           154961
1341   'PrS[1,5,2]'            62586.9
1342   'PrS[1,5,3]'            28533.3
1343   'PrS[1,6,1]'           147126
1344   'PrS[1,6,2]'            59054.7
1345   'PrS[1,6,3]'            26762.4
1346   'PrS[1,7,1]'           134505
1347   'PrS[1,7,2]'            53413.2
1348   'PrS[1,7,3]'            23955.6
1349   'PrS[1,8,1]'           118311
1350   'PrS[1,8,2]'            46267.8
1351   'PrS[1,8,3]'            20442.8
1352   'PrS[1,9,1]'           103093
1353   'PrS[1,9,2]'            39659
1354   'PrS[1,9,3]'            17241.6
1355   'PrS[1,10,1]'           92206.1
1356   'PrS[1,10,2]'           35002.1
1357   'PrS[1,10,3]'           15017.6
1358   'PrS[1,11,1]'           85778.4
1359   'PrS[1,11,2]'           32283.1
1360   'PrS[1,11,3]'           13732.6
1361   'PrS[1,12,1]'           81831.6
1362   'PrS[1,12,2]'           30625.4
1363   'PrS[1,12,3]'           12954.6
1364   'PrS[1,13,1]'           77994.9
1365   'PrS[1,13,2]'           29023.3
1366   'PrS[1,13,3]'           12206.7
1367   'PrS[1,14,1]'           71744
1368   'PrS[1,14,2]'           26433.3
1369   'PrS[1,14,3]'           11006.8
1370   'PrS[1,15,1]'           61190.4
1371   'PrS[1,15,2]'           22123.1
1372   'PrS[1,15,3]'            9037.38
1373   'PrS[2,1,1]'           102635
1374   'PrS[2,1,2]'            39462.1
1375   'PrS[2,1,3]'            17147
1376   'PrS[2,2,1]'            92134.1
1377   'PrS[2,2,2]'            34971.6
1378   'PrS[2,2,3]'            15003.1
1379   'PrS[2,3,1]'            86302
1380   'PrS[2,3,2]'            32503.7
1381   'PrS[2,3,3]'            13836.4
1382   'PrS[2,4,1]'            83468.7
1383   'PrS[2,4,2]'            31311.9
1384   'PrS[2,4,3]'            13276.3
1385   'PrS[2,5,1]'            82148.6
1386   'PrS[2,5,2]'            30758.2
1387   'PrS[2,5,3]'            13016.8
1388   'PrS[2,6,1]'            81447.1
1389   'PrS[2,6,2]'            30464.5
1390   'PrS[2,6,3]'            12879.3
1391   'PrS[2,7,1]'            80806.5
1392   'PrS[2,7,2]'            30196.5
1393   'PrS[2,7,3]'            12754
1394   'PrS[2,8,1]'            78504.5
1395   'PrS[2,8,2]'            29235.6
1396   'PrS[2,8,3]'            12305.6
1397   'PrS[2,9,1]'            76968.7
1398   'PrS[2,9,2]'            28596.3
1399   'PrS[2,9,3]'            12008.1
1400   'PrS[2,10,1]'           71050.2
1401   'PrS[2,10,2]'           26147.5
1402   'PrS[2,10,3]'           10875.1
1403   'PrS[2,11,1]'           60517.2
1404   'PrS[2,11,2]'           21851
1405   'PrS[2,11,3]'            8914.32
1406   'PrS[2,12,1]'           47779.8
1407   'PrS[2,12,2]'           16775.8
1408   'PrS[2,12,3]'            6650.55
1409   'PrS[2,13,1]'           38181.3
1410   'PrS[2,13,2]'           13055.4
1411   'PrS[2,13,3]'            5035.81
1412   'PrS[2,14,1]'           33344.4
1413   'PrS[2,14,2]'           11221
1414   'PrS[2,14,3]'            4256.86
1415   'PrS[2,15,1]'           31970.8
1416   'PrS[2,15,2]'           10705.7
1417   'PrS[2,15,3]'            4040.39
1418   'PrSF[1]'               62118.8
1419   'PrSF[2]'               22498.9
1420   'PrSF[3]'                9207.62
1421   Vap                     35064.3
1422   Sep                        99.5
;

