solve_message =
'filterSQP (20020316): QP infeasible (ifail = 4), objective = 271.45394266234086\
8 iterations (7 for feasibility)\
Evals: obj = 1, constr = 9, grad = 9, Hes = 8'

:     _varname        _var         :=
1     'F[2]'        0
2     'F[3]'        0
3     'F[4]'        0
4     'F[5]'        0
5     'F[6]'        0
6     'F[7]'        0
7     'F[8]'      200
8     'F[9]'        0
9     'F[10]'       0
10    'F[11]'       0
11    'F[12]'       0
12    'F[13]'       0
13    'F[14]'       0
14    Vs          271.454
15    'y[1,1]'      0.0123713
16    'y[1,2]'      0.644134
17    'y[1,3]'      0.343495
18    'y[2,1]'      0.0269768
19    'y[2,2]'      0.682962
20    'y[2,3]'      0.290061
21    'y[3,1]'      0.0525321
22    'y[3,2]'      0.691993
23    'y[3,3]'      0.255475
24    'y[4,1]'      0.0951852
25    'y[4,2]'      0.674712
26    'y[4,3]'      0.230103
27    'y[5,1]'      0.161277
28    'y[5,2]'      0.63126
29    'y[5,3]'      0.207463
30    'y[6,1]'      0.252854
31    'y[6,2]'      0.563099
32    'y[6,3]'      0.184048
33    'y[7,1]'      0.361919
34    'y[7,2]'      0.478458
35    'y[7,3]'      0.159623
36    'y[8,1]'      0.470665
37    'y[8,2]'      0.392696
38    'y[8,3]'      0.136638
39    'y[9,1]'      0.567847
40    'y[9,2]'      0.346635
41    'y[9,3]'      0.0855182
42    'y[10,1]'     0.686627
43    'y[10,2]'     0.266694
44    'y[10,3]'     0.0466788
45    'y[11,1]'     0.799971
46    'y[11,2]'     0.177903
47    'y[11,3]'     0.0221264
48    'y[12,1]'     0.885522
49    'y[12,2]'     0.105154
50    'y[12,3]'     0.00932365
51    'y[13,1]'     0.939573
52    'y[13,2]'     0.0568153
53    'y[13,3]'     0.00361143
54    'y[14,1]'     0.970088
55    'y[14,2]'     0.0285985
56    'y[14,3]'     0.00131346
57    'y[15,1]'     0.986274
58    'y[15,2]'     0.0132831
59    'y[15,3]'     0.000443127
60    Ls          411.227
61    'x[1,1]'      0.00429266
62    'x[1,2]'      0.566632
63    'x[1,3]'      0.429076
64    'x[2,1]'      0.00962544
65    'x[2,2]'      0.617791
66    'x[2,3]'      0.372583
67    'x[3,1]'      0.0192666
68    'x[3,2]'      0.643422
69    'x[3,3]'      0.337311
70    'x[4,1]'      0.0361358
71    'x[4,2]'      0.649384
72    'x[4,3]'      0.314481
73    'x[5,1]'      0.0642914
74    'x[5,2]'      0.637976
75    'x[5,3]'      0.297732
76    'x[6,1]'      0.107919
77    'x[6,2]'      0.609293
78    'x[6,3]'      0.282788
79    'x[7,1]'      0.168369
80    'x[7,2]'      0.5643
81    'x[7,3]'      0.267331
82    'x[8,1]'      0.240364
83    'x[8,2]'      0.508428
84    'x[8,3]'      0.251208
85    'x[9,1]'      0.323651
86    'x[9,2]'      0.500878
87    'x[9,3]'      0.175471
88    'x[10,1]'     0.448542
89    'x[10,2]'     0.441682
90    'x[10,3]'     0.109775
91    'x[11,1]'     0.60119
92    'x[11,2]'     0.338948
93    'x[11,3]'     0.0598619
94    'x[12,1]'     0.746851
95    'x[12,2]'     0.22484
96    'x[12,3]'     0.0283089
97    'x[13,1]'     0.856796
98    'x[13,2]'     0.131349
99    'x[13,3]'     0.0118557
100   'x[14,1]'     0.926258
101   'x[14,2]'     0.0692275
102   'x[14,3]'     0.0045148
103   'x[15,1]'     0.965473
104   'x[15,2]'     0.0329654
105   'x[15,3]'     0.00156161
106   PC           60.2267
107   PR          139.773
108   Vap         271.454
;

