solve_message = 'CONOPT 3.17A: Locally infeasible; objective 196235.5592461287\
65 iterations; evals: nf = 4, ng = 0, nc = 1236, nJ = 106, nH = 0, nHv = 39'

:            _varname               _var           :=
1      'F[2]'                       0
2      'F[3]'                       0
3      'F[4]'                       0
4      'F[5]'                       0
5      'F[6]'                       0
6      'F[7]'                       0
7      'F[8]'                     200
8      'F[9]'                       0
9      'F[10]'                      0
10     'F[11]'                      0
11     'F[12]'                      0
12     'F[13]'                      0
13     'F[14]'                      0
14     'V[1,1]'                196235
15     'V[1,2]'                196130
16     'V[1,3]'                195831
17     'V[1,4]'                194994
18     'V[1,5]'                192816
19     'V[1,6]'                188144
20     'V[1,7]'                182260
21     'V[1,8]'                183294
22     'V[1,9]'                196167
23     'V[1,10]'               210453
24     'V[1,11]'               217685
25     'V[1,12]'               219710
26     'V[1,13]'               219713
27     'V[1,14]'               219556
28     'V[1,15]'                    0
29     'V[2,1]'                     0.469277
30     'V[2,2]'                     0.468219
31     'V[2,3]'                     0.465066
32     'V[2,4]'                     0.456205
33     'V[2,5]'                     0.436634
34     'V[2,6]'                     0.417541
35     'V[2,7]'                     0.4384
36     'V[2,8]'                     0.493584
37     'V[2,9]'                     0.534023
38     'V[2,10]'                    0.553879
39     'V[2,11]'                    0.564362
40     'V[2,12]'                    0.570197
41     'V[2,13]'                    0.573315
42     'V[2,14]'                    0.574904
43     'V[2,15]'                    0
44     'y[1,1,1]'                   7.67945e-08
45     'y[1,1,2]'                   0.000550155
46     'y[1,1,3]'                   0.99945
47     'y[1,2,1]'                   3.94714e-07
48     'y[1,2,2]'                   0.00159415
49     'y[1,2,3]'                   0.998405
50     'y[1,3,1]'                   2.02555e-06
51     'y[1,3,2]'                   0.00461122
52     'y[1,3,3]'                   0.995387
53     'y[1,4,1]'                   1.03483e-05
54     'y[1,4,2]'                   0.0132737
55     'y[1,4,3]'                   0.986716
56     'y[1,5,1]'                   5.22003e-05
57     'y[1,5,2]'                   0.0376843
58     'y[1,5,3]'                   0.962264
59     'y[1,6,1]'                   0.000254197
60     'y[1,6,2]'                   0.102962
61     'y[1,6,3]'                   0.896784
62     'y[1,7,1]'                   0.00113109
63     'y[1,7,2]'                   0.254996
64     'y[1,7,3]'                   0.743873
65     'y[1,8,1]'                   0.00416407
66     'y[1,8,2]'                   0.513483
67     'y[1,8,3]'                   0.482353
68     'y[1,9,1]'                   0.010797
69     'y[1,9,2]'                   0.769504
70     'y[1,9,3]'                   0.219699
71     'y[1,10,1]'                  0.0236088
72     'y[1,10,2]'                  0.901952
73     'y[1,10,3]'                  0.0744389
74     'y[1,11,1]'                  0.0467956
75     'y[1,11,2]'                  0.931554
76     'y[1,11,3]'                  0.02165
77     'y[1,12,1]'                  0.0883708
78     'y[1,12,2]'                  0.905775
79     'y[1,12,3]'                  0.00585401
80     'y[1,13,1]'                  0.160072
81     'y[1,13,2]'                  0.838437
82     'y[1,13,3]'                  0.00149156
83     'y[1,14,1]'                  0.273436
84     'y[1,14,2]'                  0.726214
85     'y[1,14,3]'                  0.000350706
86     'y[1,15,1]'                  0.428575
87     'y[1,15,2]'                  0.571352
88     'y[1,15,3]'                  7.34009e-05
89     'y[2,1,1]'                   3.97212e-05
90     'y[2,1,2]'                   0.00211456
91     'y[2,1,3]'                   0.997846
92     'y[2,2,1]'                   0.000203715
93     'y[2,2,2]'                   0.00611226
94     'y[2,2,3]'                   0.993684
95     'y[2,3,1]'                   0.0010381
96     'y[2,3,2]'                   0.0175451
97     'y[2,3,3]'                   0.981417
98     'y[2,4,1]'                   0.00518878
99     'y[2,4,2]'                   0.0493155
100    'y[2,4,3]'                   0.945496
101    'y[2,5,1]'                   0.0244763
102    'y[2,5,2]'                   0.130151
103    'y[2,5,3]'                   0.845373
104    'y[2,6,1]'                   0.0982881
105    'y[2,6,2]'                   0.28818
106    'y[2,6,3]'                   0.613532
107    'y[2,7,1]'                   0.279464
108    'y[2,7,2]'                   0.437193
109    'y[2,7,3]'                   0.283343
110    'y[2,8,1]'                   0.515079
111    'y[2,8,2]'                   0.411321
112    'y[2,8,3]'                   0.0736001
113    'y[2,9,1]'                   0.707651
114    'y[2,9,2]'                   0.279458
115    'y[2,9,3]'                   0.0128911
116    'y[2,10,1]'                  0.837321
117    'y[2,10,2]'                  0.160833
118    'y[2,10,3]'                  0.00184592
119    'y[2,11,1]'                  0.915036
120    'y[2,11,2]'                  0.0847264
121    'y[2,11,3]'                  0.000237387
122    'y[2,12,1]'                  0.957445
123    'y[2,12,2]'                  0.0425258
124    'y[2,12,3]'                  2.87843e-05
125    'y[2,13,1]'                  0.979188
126    'y[2,13,2]'                  0.0208082
127    'y[2,13,3]'                  3.38385e-06
128    'y[2,14,1]'                  0.989948
129    'y[2,14,2]'                  0.0100517
130    'y[2,14,3]'                  3.91635e-07
131    'y[2,15,1]'                  0.995175
132    'y[2,15,2]'                  0.00482506
133    'y[2,15,3]'                  4.498e-08
134    'L[1,1]'                     0
135    'L[1,2]'                196295
136    'L[1,3]'                196190
137    'L[1,4]'                195891
138    'L[1,5]'                195054
139    'L[1,6]'                192876
140    'L[1,7]'                188204
141    'L[1,8]'                182320
142    'L[1,9]'                183154
143    'L[1,10]'               196027
144    'L[1,11]'               210313
145    'L[1,12]'               217545
146    'L[1,13]'               219570
147    'L[1,14]'               219573
148    'L[1,15]'               219416
149    'L[2,1]'                     0
150    'L[2,2]'                     0.469277
151    'L[2,3]'                     0.468219
152    'L[2,4]'                     0.465066
153    'L[2,5]'                     0.456205
154    'L[2,6]'                     0.436634
155    'L[2,7]'                     0.417541
156    'L[2,8]'                     0.4384
157    'L[2,9]'                     0.493584
158    'L[2,10]'                    0.534023
159    'L[2,11]'                    0.553879
160    'L[2,12]'                    0.564362
161    'L[2,13]'                    0.570197
162    'L[2,14]'                    0.573315
163    'L[2,15]'                    0.574904
164    'x[1,1,1]'                   1.49293e-08
165    'x[1,1,2]'                   0.000189715
166    'x[1,1,3]'                   0.99981
167    'x[1,2,1]'                   7.67756e-08
168    'x[1,2,2]'                   0.000550045
169    'x[1,2,3]'                   0.99945
170    'x[1,3,1]'                   3.94598e-07
171    'x[1,3,2]'                   0.00159372
172    'x[1,3,3]'                   0.998406
173    'x[1,4,1]'                   2.02494e-06
174    'x[1,4,2]'                   0.00460987
175    'x[1,4,3]'                   0.995388
176    'x[1,5,1]'                   1.03451e-05
177    'x[1,5,2]'                   0.0132696
178    'x[1,5,3]'                   0.98672
179    'x[1,6,1]'                   5.2184e-05
180    'x[1,6,2]'                   0.0376726
181    'x[1,6,3]'                   0.962275
182    'x[1,7,1]'                   0.000254116
183    'x[1,7,2]'                   0.102929
184    'x[1,7,3]'                   0.896817
185    'x[1,8,1]'                   0.00113072
186    'x[1,8,2]'                   0.254912
187    'x[1,8,3]'                   0.743957
188    'x[1,9,1]'                   0.00383966
189    'x[1,9,2]'                   0.513438
190    'x[1,9,3]'                   0.482722
191    'x[1,10,1]'                  0.0104986
192    'x[1,10,2]'                  0.769646
193    'x[1,10,3]'                  0.219856
194    'x[1,11,1]'                  0.0233392
195    'x[1,11,2]'                  0.902172
196    'x[1,11,3]'                  0.0744884
197    'x[1,12,1]'                  0.0465499
198    'x[1,12,2]'                  0.931786
199    'x[1,12,3]'                  0.0216639
200    'x[1,13,1]'                  0.0881539
201    'x[1,13,2]'                  0.905988
202    'x[1,13,3]'                  0.0058577
203    'x[1,14,1]'                  0.159901
204    'x[1,14,2]'                  0.838607
205    'x[1,14,3]'                  0.00149246
206    'x[1,15,1]'                  0.273337
207    'x[1,15,2]'                  0.726313
208    'x[1,15,3]'                  0.000350882
209    'x[2,1,1]'                   7.7284e-06
210    'x[2,1,2]'                   0.000729838
211    'x[2,1,3]'                   0.999262
212    'x[2,2,1]'                   3.97212e-05
213    'x[2,2,2]'                   0.00211456
214    'x[2,2,3]'                   0.997846
215    'x[2,3,1]'                   0.000203715
216    'x[2,3,2]'                   0.00611226
217    'x[2,3,3]'                   0.993684
218    'x[2,4,1]'                   0.0010381
219    'x[2,4,2]'                   0.0175451
220    'x[2,4,3]'                   0.981417
221    'x[2,5,1]'                   0.00518878
222    'x[2,5,2]'                   0.0493155
223    'x[2,5,3]'                   0.945496
224    'x[2,6,1]'                   0.0244763
225    'x[2,6,2]'                   0.130151
226    'x[2,6,3]'                   0.845373
227    'x[2,7,1]'                   0.0982881
228    'x[2,7,2]'                   0.28818
229    'x[2,7,3]'                   0.613532
230    'x[2,8,1]'                   0.279464
231    'x[2,8,2]'                   0.437193
232    'x[2,8,3]'                   0.283343
233    'x[2,9,1]'                   0.515079
234    'x[2,9,2]'                   0.411321
235    'x[2,9,3]'                   0.0736001
236    'x[2,10,1]'                  0.707651
237    'x[2,10,2]'                  0.279458
238    'x[2,10,3]'                  0.0128911
239    'x[2,11,1]'                  0.837321
240    'x[2,11,2]'                  0.160833
241    'x[2,11,3]'                  0.00184592
242    'x[2,12,1]'                  0.915036
243    'x[2,12,2]'                  0.0847264
244    'x[2,12,3]'                  0.000237387
245    'x[2,13,1]'                  0.957445
246    'x[2,13,2]'                  0.0425258
247    'x[2,13,3]'                  2.87843e-05
248    'x[2,14,1]'                  0.979188
249    'x[2,14,2]'                  0.0208082
250    'x[2,14,3]'                  3.38385e-06
251    'x[2,15,1]'                  0.989948
252    'x[2,15,2]'                  0.0100517
253    'x[2,15,3]'                  3.91635e-07
254    'CC[2]'                      0
255    'CC[3]'                      0
256    'CC[4]'                      0
257    'CC[5]'                      0
258    'CC[6]'                      0
259    'CC[7]'                      0
260    'CC[8]'                      0
261    'CC[9]'                      0
262    'CC[10]'                     0
263    'CC[11]'                     7.28357e-16
264    'CC[12]'                     0
265    'CC[13]'                     0
266    'CC[14]'                     0
267    'CR[2]'                      0
268    'CR[3]'                      0
269    'CR[4]'                      0
270    'CR[5]'                      2.05703e-17
271    'CR[6]'                      0
272    'CR[7]'                      0
273    'CR[8]'                      0
274    'CR[9]'                      0
275    'CR[10]'                     0
276    'CR[11]'                     0
277    'CR[12]'                     0
278    'CR[13]'                     0
279    'CR[14]'                     0
280    'PC[1]'                    139.999
281    'PC[2]'                      0
282    'PR[1]'                     60.0011
283    'PR[2]'                      0
284    'PS[2]'                      0
285    'PS[3]'                      0
286    'PS[4]'                      0
287    'PS[5]'                      0
288    'PS[6]'                      0
289    'PS[7]'                      0
290    'PS[8]'                      0
291    'PS[9]'                      0
292    'PS[10]'                     0
293    'PS[11]'                     0
294    'PS[12]'                     0
295    'PS[13]'                     0
296    'PS[14]'                     0
297    'T[1,1]'                   476.762
298    'T[1,2]'                   476.73
299    'T[1,3]'                   476.64
300    'T[1,4]'                   476.378
301    'T[1,5]'                   475.633
302    'T[1,6]'                   473.579
303    'T[1,7]'                   468.399
304    'T[1,8]'                   457.874
305    'T[1,9]'                   443.7
306    'T[1,10]'                  432.636
307    'T[1,11]'                  427.184
308    'T[1,12]'                  424.64
309    'T[1,13]'                  422.594
310    'T[1,14]'                  419.866
311    'T[1,15]'                  415.992
312    'T[2,1]'                   476.713
313    'T[2,2]'                   476.587
314    'T[2,3]'                   476.211
315    'T[2,4]'                   475.079
316    'T[2,5]'                   471.72
317    'T[2,6]'                   462.622
318    'T[2,7]'                   444.264
319    'T[2,8]'                   423.277
320    'T[2,9]'                   410.241
321    'T[2,10]'                  403.952
322    'T[2,11]'                  400.693
323    'T[2,12]'                  398.937
324    'T[2,13]'                  398.02
325    'T[2,14]'                  397.56
326    'T[2,15]'                  397.334
327    TF                         422.969
328    'QC[1]'                1999710
329    'QC[2]'                      4.78691
330    'QR[1]'                  2e+06
331    'QR[2]'                      4.78691
332    'H[1,1,1]'                  10.2003
333    'H[1,1,2]'                  11.6012
334    'H[1,1,3]'                  14.4146
335    'H[1,2,1]'                  10.1981
336    'H[1,2,2]'                  11.5988
337    'H[1,2,3]'                  14.4116
338    'H[1,3,1]'                  10.192
339    'H[1,3,2]'                  11.5918
340    'H[1,3,3]'                  14.4029
341    'H[1,4,1]'                  10.1743
342    'H[1,4,2]'                  11.5717
343    'H[1,4,3]'                  14.3779
344    'H[1,5,1]'                  10.124
345    'H[1,5,2]'                  11.5145
346    'H[1,5,3]'                  14.3067
347    'H[1,6,1]'                   9.98546
348    'H[1,6,2]'                  11.3569
349    'H[1,6,3]'                  14.1109
350    'H[1,7,1]'                   9.63828
351    'H[1,7,2]'                  10.962
352    'H[1,7,3]'                  13.6201
353    'H[1,8,1]'                   8.94187
354    'H[1,8,2]'                  10.17
355    'H[1,8,3]'                  12.6357
356    'H[1,9,1]'                   8.02358
357    'H[1,9,2]'                   9.12552
358    'H[1,9,3]'                  11.3376
359    'H[1,10,1]'                  7.32269
360    'H[1,10,2]'                  8.32834
361    'H[1,10,3]'                 10.3468
362    'H[1,11,1]'                  6.98255
363    'H[1,11,2]'                  7.94148
364    'H[1,11,3]'                  9.86593
365    'H[1,12,1]'                  6.82501
366    'H[1,12,2]'                  7.7623
367    'H[1,12,3]'                  9.64323
368    'H[1,13,1]'                  6.69882
369    'H[1,13,2]'                  7.61877
370    'H[1,13,3]'                  9.46485
371    'H[1,14,1]'                  6.53141
372    'H[1,14,2]'                  7.42836
373    'H[1,14,3]'                  9.22819
374    'H[1,15,1]'                  6.29515
375    'H[1,15,2]'                  7.15965
376    'H[1,15,3]'                  8.89422
377    'H[2,1,1]'                  10.197
378    'H[2,1,2]'                  11.5975
379    'H[2,1,3]'                  14.4099
380    'H[2,2,1]'                  10.1885
381    'H[2,2,2]'                  11.5878
382    'H[2,2,3]'                  14.3979
383    'H[2,3,1]'                  10.163
384    'H[2,3,2]'                  11.5588
385    'H[2,3,3]'                  14.3619
386    'H[2,4,1]'                  10.0866
387    'H[2,4,2]'                  11.4719
388    'H[2,4,3]'                  14.2539
389    'H[2,5,1]'                   9.86058
390    'H[2,5,2]'                  11.2149
391    'H[2,5,3]'                  13.9344
392    'H[2,6,1]'                   9.25451
393    'H[2,6,2]'                  10.5255
394    'H[2,6,3]'                  13.0776
395    'H[2,7,1]'                   8.05971
396    'H[2,7,2]'                   9.16661
397    'H[2,7,3]'                  11.3886
398    'H[2,8,1]'                   6.74092
399    'H[2,8,2]'                   7.66665
400    'H[2,8,3]'                   9.52435
401    'H[2,9,1]'                   5.94781
402    'H[2,9,2]'                   6.7646
403    'H[2,9,3]'                   8.40323
404    'H[2,10,1]'                  5.57246
405    'H[2,10,2]'                  6.33769
406    'H[2,10,3]'                  7.87267
407    'H[2,11,1]'                  5.37984
408    'H[2,11,2]'                  6.11861
409    'H[2,11,3]'                  7.6004
410    'H[2,12,1]'                  5.27659
411    'H[2,12,2]'                  6.00117
412    'H[2,12,3]'                  7.45446
413    'H[2,13,1]'                  5.22286
414    'H[2,13,2]'                  5.94006
415    'H[2,13,3]'                  7.37851
416    'H[2,14,1]'                  5.19589
417    'H[2,14,2]'                  5.9094
418    'H[2,14,3]'                  7.3404
419    'H[2,15,1]'                  5.18269
420    'H[2,15,2]'                  5.89437
421    'H[2,15,3]'                  7.32173
422    'HF[1]'                      6.72192
423    'HF[2]'                      7.64505
424    'HF[3]'                      9.4975
425    'h[1,1,1]'                   4.11881
426    'h[1,1,2]'                   3.9612
427    'h[1,1,3]'                   4.22514
428    'h[1,2,1]'                   4.11554
429    'h[1,2,2]'                   3.95784
430    'h[1,2,3]'                   4.22131
431    'h[1,3,1]'                   4.10608
432    'h[1,3,2]'                   3.9481
433    'h[1,3,3]'                   4.21022
434    'h[1,4,1]'                   4.07882
435    'h[1,4,2]'                   3.92005
436    'h[1,4,3]'                   4.17825
437    'h[1,5,1]'                   4.00131
438    'h[1,5,2]'                   3.84022
439    'h[1,5,3]'                   4.08722
440    'h[1,6,1]'                   3.78887
441    'h[1,6,2]'                   3.62102
442    'h[1,6,3]'                   3.83695
443    'h[1,7,1]'                   3.26138
444    'h[1,7,2]'                   3.07427
445    'h[1,7,3]'                   3.21053
446    'h[1,8,1]'                   2.22191
447    'h[1,8,2]'                   1.98765
448    'h[1,8,3]'                   1.95716
449    'h[1,9,1]'                   0.881982
450    'h[1,9,2]'                   0.571687
451    'h[1,9,3]'                   0.30906
452    'h[1,10,1]'                 -0.122124
453    'h[1,10,2]'                 -0.498916
454    'h[1,10,3]'                 -0.94689
455    'h[1,11,1]'                 -0.604597
456    'h[1,11,2]'                 -1.01591
457    'h[1,11,3]'                 -1.55614
458    'h[1,12,1]'                 -0.827116
459    'h[1,12,2]'                 -1.25488
460    'h[1,12,3]'                 -1.83833
461    'h[1,13,1]'                 -1.00494
462    'h[1,13,2]'                 -1.44609
463    'h[1,13,3]'                 -2.06438
464    'h[1,14,1]'                 -1.24032
465    'h[1,14,2]'                 -1.6995
466    'h[1,14,3]'                 -2.36429
467    'h[1,15,1]'                 -1.5715
468    'h[1,15,2]'                 -2.05662
469    'h[1,15,3]'                 -2.78761
470    'h[2,1,1]'                   4.11376
471    'h[2,1,2]'                   3.95601
472    'h[2,1,3]'                   4.21922
473    'h[2,2,1]'                   4.10059
474    'h[2,2,2]'                   3.94246
475    'h[2,2,3]'                   4.20378
476    'h[2,3,1]'                   4.06137
477    'h[2,3,2]'                   3.90208
478    'h[2,3,3]'                   4.15776
479    'h[2,4,1]'                   3.94386
480    'h[2,4,2]'                   3.781
481    'h[2,4,3]'                   4.01966
482    'h[2,5,1]'                   3.59834
483    'h[2,5,2]'                   3.42394
484    'h[2,5,3]'                   3.61149
485    'h[2,6,1]'                   2.68573
486    'h[2,6,2]'                   2.47392
487    'h[2,6,3]'                   2.51937
488    'h[2,7,1]'                   0.934136
489    'h[2,7,2]'                   0.627084
490    'h[2,7,3]'                   0.373829
491    'h[2,8,1]'                  -0.945664
492    'h[2,8,2]'                  -1.38233
493    'h[2,8,3]'                  -1.98897
494    'h[2,9,1]'                  -2.05641
495    'h[2,9,2]'                  -2.58074
496    'h[2,9,3]'                  -3.41022
497    'h[2,10,1]'                 -2.57799
498    'h[2,10,2]'                 -3.14606
499    'h[2,10,3]'                 -4.08351
500    'h[2,11,1]'                 -2.84475
501    'h[2,11,2]'                 -3.4358
502    'h[2,11,3]'                 -4.42926
503    'h[2,12,1]'                 -2.98751
504    'h[2,12,2]'                 -3.59102
505    'h[2,12,3]'                 -4.61468
506    'h[2,13,1]'                 -3.06174
507    'h[2,13,2]'                 -3.67178
508    'h[2,13,3]'                 -4.71119
509    'h[2,14,1]'                 -3.09897
510    'h[2,14,2]'                 -3.71229
511    'h[2,14,3]'                 -4.75963
512    'h[2,15,1]'                 -3.11721
513    'h[2,15,2]'                 -3.73214
514    'h[2,15,3]'                 -4.78335
515    'hF[1]'                     -0.972416
516    'hF[2]'                     -1.4111
517    'hF[3]'                     -2.02299
518    'tauGamma[1,1,1,1]'      1e-06
519    'tauGamma[1,1,1,2]'      1e-06
520    'tauGamma[1,1,1,3]'      1e-06
521    'tauGamma[1,1,2,1]'      1e-06
522    'tauGamma[1,1,2,2]'      1e-06
523    'tauGamma[1,1,2,3]'      1e-06
524    'tauGamma[1,1,3,1]'      1e-06
525    'tauGamma[1,1,3,2]'      1e-06
526    'tauGamma[1,1,3,3]'      1e-06
527    'tauGamma[1,2,1,1]'      1e-06
528    'tauGamma[1,2,1,2]'      1e-06
529    'tauGamma[1,2,1,3]'      1e-06
530    'tauGamma[1,2,2,1]'      1e-06
531    'tauGamma[1,2,2,2]'      1e-06
532    'tauGamma[1,2,2,3]'      1e-06
533    'tauGamma[1,2,3,1]'      1e-06
534    'tauGamma[1,2,3,2]'      1e-06
535    'tauGamma[1,2,3,3]'      1e-06
536    'tauGamma[1,3,1,1]'      1e-06
537    'tauGamma[1,3,1,2]'      1e-06
538    'tauGamma[1,3,1,3]'      1e-06
539    'tauGamma[1,3,2,1]'      1e-06
540    'tauGamma[1,3,2,2]'      1e-06
541    'tauGamma[1,3,2,3]'      1e-06
542    'tauGamma[1,3,3,1]'      1e-06
543    'tauGamma[1,3,3,2]'      1e-06
544    'tauGamma[1,3,3,3]'      1e-06
545    'tauGamma[1,4,1,1]'      1e-06
546    'tauGamma[1,4,1,2]'      1e-06
547    'tauGamma[1,4,1,3]'      1e-06
548    'tauGamma[1,4,2,1]'      1e-06
549    'tauGamma[1,4,2,2]'      1e-06
550    'tauGamma[1,4,2,3]'      1e-06
551    'tauGamma[1,4,3,1]'      1e-06
552    'tauGamma[1,4,3,2]'      1e-06
553    'tauGamma[1,4,3,3]'      1e-06
554    'tauGamma[1,5,1,1]'      1e-06
555    'tauGamma[1,5,1,2]'      1e-06
556    'tauGamma[1,5,1,3]'      1e-06
557    'tauGamma[1,5,2,1]'      1e-06
558    'tauGamma[1,5,2,2]'      1e-06
559    'tauGamma[1,5,2,3]'      1e-06
560    'tauGamma[1,5,3,1]'      1e-06
561    'tauGamma[1,5,3,2]'      1e-06
562    'tauGamma[1,5,3,3]'      1e-06
563    'tauGamma[1,6,1,1]'      1e-06
564    'tauGamma[1,6,1,2]'      1e-06
565    'tauGamma[1,6,1,3]'      1e-06
566    'tauGamma[1,6,2,1]'      1e-06
567    'tauGamma[1,6,2,2]'      1e-06
568    'tauGamma[1,6,2,3]'      1e-06
569    'tauGamma[1,6,3,1]'      1e-06
570    'tauGamma[1,6,3,2]'      1e-06
571    'tauGamma[1,6,3,3]'      1e-06
572    'tauGamma[1,7,1,1]'      1e-06
573    'tauGamma[1,7,1,2]'      1e-06
574    'tauGamma[1,7,1,3]'      1e-06
575    'tauGamma[1,7,2,1]'      1e-06
576    'tauGamma[1,7,2,2]'      1e-06
577    'tauGamma[1,7,2,3]'      1e-06
578    'tauGamma[1,7,3,1]'      1e-06
579    'tauGamma[1,7,3,2]'      1e-06
580    'tauGamma[1,7,3,3]'      1e-06
581    'tauGamma[1,8,1,1]'      1e-06
582    'tauGamma[1,8,1,2]'      1e-06
583    'tauGamma[1,8,1,3]'      1e-06
584    'tauGamma[1,8,2,1]'      1e-06
585    'tauGamma[1,8,2,2]'      1e-06
586    'tauGamma[1,8,2,3]'      1e-06
587    'tauGamma[1,8,3,1]'      1e-06
588    'tauGamma[1,8,3,2]'      1e-06
589    'tauGamma[1,8,3,3]'      1e-06
590    'tauGamma[1,9,1,1]'      1e-06
591    'tauGamma[1,9,1,2]'      1e-06
592    'tauGamma[1,9,1,3]'      1e-06
593    'tauGamma[1,9,2,1]'      1e-06
594    'tauGamma[1,9,2,2]'      1e-06
595    'tauGamma[1,9,2,3]'      1e-06
596    'tauGamma[1,9,3,1]'      1e-06
597    'tauGamma[1,9,3,2]'      1e-06
598    'tauGamma[1,9,3,3]'      1e-06
599    'tauGamma[1,10,1,1]'     1e-06
600    'tauGamma[1,10,1,2]'     1e-06
601    'tauGamma[1,10,1,3]'     1e-06
602    'tauGamma[1,10,2,1]'     1e-06
603    'tauGamma[1,10,2,2]'     1e-06
604    'tauGamma[1,10,2,3]'     1e-06
605    'tauGamma[1,10,3,1]'     1e-06
606    'tauGamma[1,10,3,2]'     1e-06
607    'tauGamma[1,10,3,3]'     1e-06
608    'tauGamma[1,11,1,1]'     1e-06
609    'tauGamma[1,11,1,2]'     1e-06
610    'tauGamma[1,11,1,3]'     1e-06
611    'tauGamma[1,11,2,1]'     1e-06
612    'tauGamma[1,11,2,2]'     1e-06
613    'tauGamma[1,11,2,3]'     1e-06
614    'tauGamma[1,11,3,1]'     1e-06
615    'tauGamma[1,11,3,2]'     1e-06
616    'tauGamma[1,11,3,3]'     1e-06
617    'tauGamma[1,12,1,1]'     1e-06
618    'tauGamma[1,12,1,2]'     1e-06
619    'tauGamma[1,12,1,3]'     1e-06
620    'tauGamma[1,12,2,1]'     1e-06
621    'tauGamma[1,12,2,2]'     1e-06
622    'tauGamma[1,12,2,3]'     1e-06
623    'tauGamma[1,12,3,1]'     1e-06
624    'tauGamma[1,12,3,2]'     1e-06
625    'tauGamma[1,12,3,3]'     1e-06
626    'tauGamma[1,13,1,1]'     1e-06
627    'tauGamma[1,13,1,2]'     1e-06
628    'tauGamma[1,13,1,3]'     1e-06
629    'tauGamma[1,13,2,1]'     1e-06
630    'tauGamma[1,13,2,2]'     1e-06
631    'tauGamma[1,13,2,3]'     1e-06
632    'tauGamma[1,13,3,1]'     1e-06
633    'tauGamma[1,13,3,2]'     1e-06
634    'tauGamma[1,13,3,3]'     1e-06
635    'tauGamma[1,14,1,1]'     1e-06
636    'tauGamma[1,14,1,2]'     1e-06
637    'tauGamma[1,14,1,3]'     1e-06
638    'tauGamma[1,14,2,1]'     1e-06
639    'tauGamma[1,14,2,2]'     1e-06
640    'tauGamma[1,14,2,3]'     1e-06
641    'tauGamma[1,14,3,1]'     1e-06
642    'tauGamma[1,14,3,2]'     1e-06
643    'tauGamma[1,14,3,3]'     1e-06
644    'tauGamma[1,15,1,1]'     1e-06
645    'tauGamma[1,15,1,2]'     1e-06
646    'tauGamma[1,15,1,3]'     1e-06
647    'tauGamma[1,15,2,1]'     1e-06
648    'tauGamma[1,15,2,2]'     1e-06
649    'tauGamma[1,15,2,3]'     1e-06
650    'tauGamma[1,15,3,1]'     1e-06
651    'tauGamma[1,15,3,2]'     1e-06
652    'tauGamma[1,15,3,3]'     1e-06
653    'tauGamma[2,1,1,1]'      1e-06
654    'tauGamma[2,1,1,2]'      1e-06
655    'tauGamma[2,1,1,3]'      1e-06
656    'tauGamma[2,1,2,1]'      1e-06
657    'tauGamma[2,1,2,2]'      1e-06
658    'tauGamma[2,1,2,3]'      1e-06
659    'tauGamma[2,1,3,1]'      1e-06
660    'tauGamma[2,1,3,2]'      1e-06
661    'tauGamma[2,1,3,3]'      1e-06
662    'tauGamma[2,2,1,1]'      1e-06
663    'tauGamma[2,2,1,2]'      1e-06
664    'tauGamma[2,2,1,3]'      1e-06
665    'tauGamma[2,2,2,1]'      1e-06
666    'tauGamma[2,2,2,2]'      1e-06
667    'tauGamma[2,2,2,3]'      1e-06
668    'tauGamma[2,2,3,1]'      1e-06
669    'tauGamma[2,2,3,2]'      1e-06
670    'tauGamma[2,2,3,3]'      1e-06
671    'tauGamma[2,3,1,1]'      1e-06
672    'tauGamma[2,3,1,2]'      1e-06
673    'tauGamma[2,3,1,3]'      1e-06
674    'tauGamma[2,3,2,1]'      1e-06
675    'tauGamma[2,3,2,2]'      1e-06
676    'tauGamma[2,3,2,3]'      1e-06
677    'tauGamma[2,3,3,1]'      1e-06
678    'tauGamma[2,3,3,2]'      1e-06
679    'tauGamma[2,3,3,3]'      1e-06
680    'tauGamma[2,4,1,1]'      1e-06
681    'tauGamma[2,4,1,2]'      1e-06
682    'tauGamma[2,4,1,3]'      1e-06
683    'tauGamma[2,4,2,1]'      1e-06
684    'tauGamma[2,4,2,2]'      1e-06
685    'tauGamma[2,4,2,3]'      1e-06
686    'tauGamma[2,4,3,1]'      1e-06
687    'tauGamma[2,4,3,2]'      1e-06
688    'tauGamma[2,4,3,3]'      1e-06
689    'tauGamma[2,5,1,1]'      1e-06
690    'tauGamma[2,5,1,2]'      1e-06
691    'tauGamma[2,5,1,3]'      1e-06
692    'tauGamma[2,5,2,1]'      1e-06
693    'tauGamma[2,5,2,2]'      1e-06
694    'tauGamma[2,5,2,3]'      1e-06
695    'tauGamma[2,5,3,1]'      1e-06
696    'tauGamma[2,5,3,2]'      1e-06
697    'tauGamma[2,5,3,3]'      1e-06
698    'tauGamma[2,6,1,1]'      1e-06
699    'tauGamma[2,6,1,2]'      1e-06
700    'tauGamma[2,6,1,3]'      1e-06
701    'tauGamma[2,6,2,1]'      1e-06
702    'tauGamma[2,6,2,2]'      1e-06
703    'tauGamma[2,6,2,3]'      1e-06
704    'tauGamma[2,6,3,1]'      1e-06
705    'tauGamma[2,6,3,2]'      1e-06
706    'tauGamma[2,6,3,3]'      1e-06
707    'tauGamma[2,7,1,1]'      1e-06
708    'tauGamma[2,7,1,2]'      1e-06
709    'tauGamma[2,7,1,3]'      1e-06
710    'tauGamma[2,7,2,1]'      1e-06
711    'tauGamma[2,7,2,2]'      1e-06
712    'tauGamma[2,7,2,3]'      1e-06
713    'tauGamma[2,7,3,1]'      1e-06
714    'tauGamma[2,7,3,2]'      1e-06
715    'tauGamma[2,7,3,3]'      1e-06
716    'tauGamma[2,8,1,1]'      1e-06
717    'tauGamma[2,8,1,2]'      1e-06
718    'tauGamma[2,8,1,3]'      1e-06
719    'tauGamma[2,8,2,1]'      1e-06
720    'tauGamma[2,8,2,2]'      1e-06
721    'tauGamma[2,8,2,3]'      1e-06
722    'tauGamma[2,8,3,1]'      1e-06
723    'tauGamma[2,8,3,2]'      1e-06
724    'tauGamma[2,8,3,3]'      1e-06
725    'tauGamma[2,9,1,1]'      1e-06
726    'tauGamma[2,9,1,2]'      1e-06
727    'tauGamma[2,9,1,3]'      1e-06
728    'tauGamma[2,9,2,1]'      1e-06
729    'tauGamma[2,9,2,2]'      1e-06
730    'tauGamma[2,9,2,3]'      1e-06
731    'tauGamma[2,9,3,1]'      1e-06
732    'tauGamma[2,9,3,2]'      1e-06
733    'tauGamma[2,9,3,3]'      1e-06
734    'tauGamma[2,10,1,1]'     1e-06
735    'tauGamma[2,10,1,2]'     1e-06
736    'tauGamma[2,10,1,3]'     1e-06
737    'tauGamma[2,10,2,1]'     1e-06
738    'tauGamma[2,10,2,2]'     1e-06
739    'tauGamma[2,10,2,3]'     1e-06
740    'tauGamma[2,10,3,1]'     1e-06
741    'tauGamma[2,10,3,2]'     1e-06
742    'tauGamma[2,10,3,3]'     1e-06
743    'tauGamma[2,11,1,1]'     1e-06
744    'tauGamma[2,11,1,2]'     1e-06
745    'tauGamma[2,11,1,3]'     1e-06
746    'tauGamma[2,11,2,1]'     1e-06
747    'tauGamma[2,11,2,2]'     1e-06
748    'tauGamma[2,11,2,3]'     1e-06
749    'tauGamma[2,11,3,1]'     1e-06
750    'tauGamma[2,11,3,2]'     1e-06
751    'tauGamma[2,11,3,3]'     1e-06
752    'tauGamma[2,12,1,1]'     1e-06
753    'tauGamma[2,12,1,2]'     1e-06
754    'tauGamma[2,12,1,3]'     1e-06
755    'tauGamma[2,12,2,1]'     1e-06
756    'tauGamma[2,12,2,2]'     1e-06
757    'tauGamma[2,12,2,3]'     1e-06
758    'tauGamma[2,12,3,1]'     1e-06
759    'tauGamma[2,12,3,2]'     1e-06
760    'tauGamma[2,12,3,3]'     1e-06
761    'tauGamma[2,13,1,1]'     1e-06
762    'tauGamma[2,13,1,2]'     1e-06
763    'tauGamma[2,13,1,3]'     1e-06
764    'tauGamma[2,13,2,1]'     1e-06
765    'tauGamma[2,13,2,2]'     1e-06
766    'tauGamma[2,13,2,3]'     1e-06
767    'tauGamma[2,13,3,1]'     1e-06
768    'tauGamma[2,13,3,2]'     1e-06
769    'tauGamma[2,13,3,3]'     1e-06
770    'tauGamma[2,14,1,1]'     1e-06
771    'tauGamma[2,14,1,2]'     1e-06
772    'tauGamma[2,14,1,3]'     1e-06
773    'tauGamma[2,14,2,1]'     1e-06
774    'tauGamma[2,14,2,2]'     1e-06
775    'tauGamma[2,14,2,3]'     1e-06
776    'tauGamma[2,14,3,1]'     1e-06
777    'tauGamma[2,14,3,2]'     1e-06
778    'tauGamma[2,14,3,3]'     1e-06
779    'tauGamma[2,15,1,1]'     1e-06
780    'tauGamma[2,15,1,2]'     1e-06
781    'tauGamma[2,15,1,3]'     1e-06
782    'tauGamma[2,15,2,1]'     1e-06
783    'tauGamma[2,15,2,2]'     1e-06
784    'tauGamma[2,15,2,3]'     1e-06
785    'tauGamma[2,15,3,1]'     1e-06
786    'tauGamma[2,15,3,2]'     1e-06
787    'tauGamma[2,15,3,3]'     1e-06
788    'PGamma[1,1,1,1]'            1
789    'PGamma[1,1,1,2]'            1
790    'PGamma[1,1,1,3]'            1
791    'PGamma[1,1,2,1]'            1
792    'PGamma[1,1,2,2]'            1
793    'PGamma[1,1,2,3]'            1
794    'PGamma[1,1,3,1]'            1
795    'PGamma[1,1,3,2]'            1
796    'PGamma[1,1,3,3]'            1
797    'PGamma[1,2,1,1]'            1
798    'PGamma[1,2,1,2]'            1
799    'PGamma[1,2,1,3]'            1
800    'PGamma[1,2,2,1]'            1
801    'PGamma[1,2,2,2]'            1
802    'PGamma[1,2,2,3]'            1
803    'PGamma[1,2,3,1]'            1
804    'PGamma[1,2,3,2]'            1
805    'PGamma[1,2,3,3]'            1
806    'PGamma[1,3,1,1]'            1
807    'PGamma[1,3,1,2]'            1
808    'PGamma[1,3,1,3]'            1
809    'PGamma[1,3,2,1]'            1
810    'PGamma[1,3,2,2]'            1
811    'PGamma[1,3,2,3]'            1
812    'PGamma[1,3,3,1]'            1
813    'PGamma[1,3,3,2]'            1
814    'PGamma[1,3,3,3]'            1
815    'PGamma[1,4,1,1]'            1
816    'PGamma[1,4,1,2]'            1
817    'PGamma[1,4,1,3]'            1
818    'PGamma[1,4,2,1]'            1
819    'PGamma[1,4,2,2]'            1
820    'PGamma[1,4,2,3]'            1
821    'PGamma[1,4,3,1]'            1
822    'PGamma[1,4,3,2]'            1
823    'PGamma[1,4,3,3]'            1
824    'PGamma[1,5,1,1]'            1
825    'PGamma[1,5,1,2]'            1
826    'PGamma[1,5,1,3]'            1
827    'PGamma[1,5,2,1]'            1
828    'PGamma[1,5,2,2]'            1
829    'PGamma[1,5,2,3]'            1
830    'PGamma[1,5,3,1]'            1
831    'PGamma[1,5,3,2]'            1
832    'PGamma[1,5,3,3]'            1
833    'PGamma[1,6,1,1]'            1
834    'PGamma[1,6,1,2]'            1
835    'PGamma[1,6,1,3]'            1
836    'PGamma[1,6,2,1]'            1
837    'PGamma[1,6,2,2]'            1
838    'PGamma[1,6,2,3]'            1
839    'PGamma[1,6,3,1]'            1
840    'PGamma[1,6,3,2]'            1
841    'PGamma[1,6,3,3]'            1
842    'PGamma[1,7,1,1]'            1
843    'PGamma[1,7,1,2]'            1
844    'PGamma[1,7,1,3]'            1
845    'PGamma[1,7,2,1]'            1
846    'PGamma[1,7,2,2]'            1
847    'PGamma[1,7,2,3]'            1
848    'PGamma[1,7,3,1]'            1
849    'PGamma[1,7,3,2]'            1
850    'PGamma[1,7,3,3]'            1
851    'PGamma[1,8,1,1]'            1
852    'PGamma[1,8,1,2]'            1
853    'PGamma[1,8,1,3]'            1
854    'PGamma[1,8,2,1]'            1
855    'PGamma[1,8,2,2]'            1
856    'PGamma[1,8,2,3]'            1
857    'PGamma[1,8,3,1]'            1
858    'PGamma[1,8,3,2]'            1
859    'PGamma[1,8,3,3]'            1
860    'PGamma[1,9,1,1]'            1
861    'PGamma[1,9,1,2]'            1
862    'PGamma[1,9,1,3]'            1
863    'PGamma[1,9,2,1]'            1
864    'PGamma[1,9,2,2]'            1
865    'PGamma[1,9,2,3]'            1
866    'PGamma[1,9,3,1]'            1
867    'PGamma[1,9,3,2]'            1
868    'PGamma[1,9,3,3]'            1
869    'PGamma[1,10,1,1]'           1
870    'PGamma[1,10,1,2]'           1
871    'PGamma[1,10,1,3]'           1
872    'PGamma[1,10,2,1]'           1
873    'PGamma[1,10,2,2]'           1
874    'PGamma[1,10,2,3]'           1
875    'PGamma[1,10,3,1]'           1
876    'PGamma[1,10,3,2]'           1
877    'PGamma[1,10,3,3]'           1
878    'PGamma[1,11,1,1]'           1
879    'PGamma[1,11,1,2]'           1
880    'PGamma[1,11,1,3]'           1
881    'PGamma[1,11,2,1]'           1
882    'PGamma[1,11,2,2]'           1
883    'PGamma[1,11,2,3]'           1
884    'PGamma[1,11,3,1]'           1
885    'PGamma[1,11,3,2]'           1
886    'PGamma[1,11,3,3]'           1
887    'PGamma[1,12,1,1]'           1
888    'PGamma[1,12,1,2]'           1
889    'PGamma[1,12,1,3]'           1
890    'PGamma[1,12,2,1]'           1
891    'PGamma[1,12,2,2]'           1
892    'PGamma[1,12,2,3]'           1
893    'PGamma[1,12,3,1]'           1
894    'PGamma[1,12,3,2]'           1
895    'PGamma[1,12,3,3]'           1
896    'PGamma[1,13,1,1]'           1
897    'PGamma[1,13,1,2]'           1
898    'PGamma[1,13,1,3]'           1
899    'PGamma[1,13,2,1]'           1
900    'PGamma[1,13,2,2]'           1
901    'PGamma[1,13,2,3]'           1
902    'PGamma[1,13,3,1]'           1
903    'PGamma[1,13,3,2]'           1
904    'PGamma[1,13,3,3]'           1
905    'PGamma[1,14,1,1]'           1
906    'PGamma[1,14,1,2]'           1
907    'PGamma[1,14,1,3]'           1
908    'PGamma[1,14,2,1]'           1
909    'PGamma[1,14,2,2]'           1
910    'PGamma[1,14,2,3]'           1
911    'PGamma[1,14,3,1]'           1
912    'PGamma[1,14,3,2]'           1
913    'PGamma[1,14,3,3]'           1
914    'PGamma[1,15,1,1]'           1
915    'PGamma[1,15,1,2]'           1
916    'PGamma[1,15,1,3]'           1
917    'PGamma[1,15,2,1]'           1
918    'PGamma[1,15,2,2]'           1
919    'PGamma[1,15,2,3]'           1
920    'PGamma[1,15,3,1]'           1
921    'PGamma[1,15,3,2]'           1
922    'PGamma[1,15,3,3]'           1
923    'PGamma[2,1,1,1]'            1
924    'PGamma[2,1,1,2]'            1
925    'PGamma[2,1,1,3]'            1
926    'PGamma[2,1,2,1]'            1
927    'PGamma[2,1,2,2]'            1
928    'PGamma[2,1,2,3]'            1
929    'PGamma[2,1,3,1]'            1
930    'PGamma[2,1,3,2]'            1
931    'PGamma[2,1,3,3]'            1
932    'PGamma[2,2,1,1]'            1
933    'PGamma[2,2,1,2]'            1
934    'PGamma[2,2,1,3]'            1
935    'PGamma[2,2,2,1]'            1
936    'PGamma[2,2,2,2]'            1
937    'PGamma[2,2,2,3]'            1
938    'PGamma[2,2,3,1]'            1
939    'PGamma[2,2,3,2]'            1
940    'PGamma[2,2,3,3]'            1
941    'PGamma[2,3,1,1]'            1
942    'PGamma[2,3,1,2]'            1
943    'PGamma[2,3,1,3]'            1
944    'PGamma[2,3,2,1]'            1
945    'PGamma[2,3,2,2]'            1
946    'PGamma[2,3,2,3]'            1
947    'PGamma[2,3,3,1]'            1
948    'PGamma[2,3,3,2]'            1
949    'PGamma[2,3,3,3]'            1
950    'PGamma[2,4,1,1]'            1
951    'PGamma[2,4,1,2]'            1
952    'PGamma[2,4,1,3]'            1
953    'PGamma[2,4,2,1]'            1
954    'PGamma[2,4,2,2]'            1
955    'PGamma[2,4,2,3]'            1
956    'PGamma[2,4,3,1]'            1
957    'PGamma[2,4,3,2]'            1
958    'PGamma[2,4,3,3]'            1
959    'PGamma[2,5,1,1]'            1
960    'PGamma[2,5,1,2]'            1
961    'PGamma[2,5,1,3]'            1
962    'PGamma[2,5,2,1]'            1
963    'PGamma[2,5,2,2]'            1
964    'PGamma[2,5,2,3]'            1
965    'PGamma[2,5,3,1]'            1
966    'PGamma[2,5,3,2]'            1
967    'PGamma[2,5,3,3]'            1
968    'PGamma[2,6,1,1]'            1
969    'PGamma[2,6,1,2]'            1
970    'PGamma[2,6,1,3]'            1
971    'PGamma[2,6,2,1]'            1
972    'PGamma[2,6,2,2]'            1
973    'PGamma[2,6,2,3]'            1
974    'PGamma[2,6,3,1]'            1
975    'PGamma[2,6,3,2]'            1
976    'PGamma[2,6,3,3]'            1
977    'PGamma[2,7,1,1]'            1
978    'PGamma[2,7,1,2]'            1
979    'PGamma[2,7,1,3]'            1
980    'PGamma[2,7,2,1]'            1
981    'PGamma[2,7,2,2]'            1
982    'PGamma[2,7,2,3]'            1
983    'PGamma[2,7,3,1]'            1
984    'PGamma[2,7,3,2]'            1
985    'PGamma[2,7,3,3]'            1
986    'PGamma[2,8,1,1]'            1
987    'PGamma[2,8,1,2]'            1
988    'PGamma[2,8,1,3]'            1
989    'PGamma[2,8,2,1]'            1
990    'PGamma[2,8,2,2]'            1
991    'PGamma[2,8,2,3]'            1
992    'PGamma[2,8,3,1]'            1
993    'PGamma[2,8,3,2]'            1
994    'PGamma[2,8,3,3]'            1
995    'PGamma[2,9,1,1]'            1
996    'PGamma[2,9,1,2]'            1
997    'PGamma[2,9,1,3]'            1
998    'PGamma[2,9,2,1]'            1
999    'PGamma[2,9,2,2]'            1
1000   'PGamma[2,9,2,3]'            1
1001   'PGamma[2,9,3,1]'            1
1002   'PGamma[2,9,3,2]'            1
1003   'PGamma[2,9,3,3]'            1
1004   'PGamma[2,10,1,1]'           1
1005   'PGamma[2,10,1,2]'           1
1006   'PGamma[2,10,1,3]'           1
1007   'PGamma[2,10,2,1]'           1
1008   'PGamma[2,10,2,2]'           1
1009   'PGamma[2,10,2,3]'           1
1010   'PGamma[2,10,3,1]'           1
1011   'PGamma[2,10,3,2]'           1
1012   'PGamma[2,10,3,3]'           1
1013   'PGamma[2,11,1,1]'           1
1014   'PGamma[2,11,1,2]'           1
1015   'PGamma[2,11,1,3]'           1
1016   'PGamma[2,11,2,1]'           1
1017   'PGamma[2,11,2,2]'           1
1018   'PGamma[2,11,2,3]'           1
1019   'PGamma[2,11,3,1]'           1
1020   'PGamma[2,11,3,2]'           1
1021   'PGamma[2,11,3,3]'           1
1022   'PGamma[2,12,1,1]'           1
1023   'PGamma[2,12,1,2]'           1
1024   'PGamma[2,12,1,3]'           1
1025   'PGamma[2,12,2,1]'           1
1026   'PGamma[2,12,2,2]'           1
1027   'PGamma[2,12,2,3]'           1
1028   'PGamma[2,12,3,1]'           1
1029   'PGamma[2,12,3,2]'           1
1030   'PGamma[2,12,3,3]'           1
1031   'PGamma[2,13,1,1]'           1
1032   'PGamma[2,13,1,2]'           1
1033   'PGamma[2,13,1,3]'           1
1034   'PGamma[2,13,2,1]'           1
1035   'PGamma[2,13,2,2]'           1
1036   'PGamma[2,13,2,3]'           1
1037   'PGamma[2,13,3,1]'           1
1038   'PGamma[2,13,3,2]'           1
1039   'PGamma[2,13,3,3]'           1
1040   'PGamma[2,14,1,1]'           1
1041   'PGamma[2,14,1,2]'           1
1042   'PGamma[2,14,1,3]'           1
1043   'PGamma[2,14,2,1]'           1
1044   'PGamma[2,14,2,2]'           1
1045   'PGamma[2,14,2,3]'           1
1046   'PGamma[2,14,3,1]'           1
1047   'PGamma[2,14,3,2]'           1
1048   'PGamma[2,14,3,3]'           1
1049   'PGamma[2,15,1,1]'           1
1050   'PGamma[2,15,1,2]'           1
1051   'PGamma[2,15,1,3]'           1
1052   'PGamma[2,15,2,1]'           1
1053   'PGamma[2,15,2,2]'           1
1054   'PGamma[2,15,2,3]'           1
1055   'PGamma[2,15,3,1]'           1
1056   'PGamma[2,15,3,2]'           1
1057   'PGamma[2,15,3,3]'           1
1058   'SGamma1[1,1,1]'         1e-06
1059   'SGamma1[1,1,2]'         1e-06
1060   'SGamma1[1,1,3]'         1e-06
1061   'SGamma1[1,2,1]'         1e-06
1062   'SGamma1[1,2,2]'         1e-06
1063   'SGamma1[1,2,3]'         1e-06
1064   'SGamma1[1,3,1]'         1e-06
1065   'SGamma1[1,3,2]'         1e-06
1066   'SGamma1[1,3,3]'         1e-06
1067   'SGamma1[1,4,1]'         1e-06
1068   'SGamma1[1,4,2]'         1e-06
1069   'SGamma1[1,4,3]'         1e-06
1070   'SGamma1[1,5,1]'         1e-06
1071   'SGamma1[1,5,2]'         1e-06
1072   'SGamma1[1,5,3]'         1e-06
1073   'SGamma1[1,6,1]'         1e-06
1074   'SGamma1[1,6,2]'         1e-06
1075   'SGamma1[1,6,3]'         1e-06
1076   'SGamma1[1,7,1]'         1e-06
1077   'SGamma1[1,7,2]'         1e-06
1078   'SGamma1[1,7,3]'         1e-06
1079   'SGamma1[1,8,1]'         1e-06
1080   'SGamma1[1,8,2]'         1e-06
1081   'SGamma1[1,8,3]'         1e-06
1082   'SGamma1[1,9,1]'         1e-06
1083   'SGamma1[1,9,2]'         1e-06
1084   'SGamma1[1,9,3]'         1e-06
1085   'SGamma1[1,10,1]'        1e-06
1086   'SGamma1[1,10,2]'        1e-06
1087   'SGamma1[1,10,3]'        1e-06
1088   'SGamma1[1,11,1]'        1e-06
1089   'SGamma1[1,11,2]'        1e-06
1090   'SGamma1[1,11,3]'        1e-06
1091   'SGamma1[1,12,1]'        1e-06
1092   'SGamma1[1,12,2]'        1e-06
1093   'SGamma1[1,12,3]'        1e-06
1094   'SGamma1[1,13,1]'        1e-06
1095   'SGamma1[1,13,2]'        1e-06
1096   'SGamma1[1,13,3]'        1e-06
1097   'SGamma1[1,14,1]'        1e-06
1098   'SGamma1[1,14,2]'        1e-06
1099   'SGamma1[1,14,3]'        1e-06
1100   'SGamma1[1,15,1]'        1e-06
1101   'SGamma1[1,15,2]'        1e-06
1102   'SGamma1[1,15,3]'        1e-06
1103   'SGamma1[2,1,1]'         1e-06
1104   'SGamma1[2,1,2]'         1e-06
1105   'SGamma1[2,1,3]'         1e-06
1106   'SGamma1[2,2,1]'         1e-06
1107   'SGamma1[2,2,2]'         1e-06
1108   'SGamma1[2,2,3]'         1e-06
1109   'SGamma1[2,3,1]'         1e-06
1110   'SGamma1[2,3,2]'         1e-06
1111   'SGamma1[2,3,3]'         1e-06
1112   'SGamma1[2,4,1]'         1e-06
1113   'SGamma1[2,4,2]'         1e-06
1114   'SGamma1[2,4,3]'         1e-06
1115   'SGamma1[2,5,1]'         1e-06
1116   'SGamma1[2,5,2]'         1e-06
1117   'SGamma1[2,5,3]'         1e-06
1118   'SGamma1[2,6,1]'         1e-06
1119   'SGamma1[2,6,2]'         1e-06
1120   'SGamma1[2,6,3]'         1e-06
1121   'SGamma1[2,7,1]'         1e-06
1122   'SGamma1[2,7,2]'         1e-06
1123   'SGamma1[2,7,3]'         1e-06
1124   'SGamma1[2,8,1]'         1e-06
1125   'SGamma1[2,8,2]'         1e-06
1126   'SGamma1[2,8,3]'         1e-06
1127   'SGamma1[2,9,1]'         1e-06
1128   'SGamma1[2,9,2]'         1e-06
1129   'SGamma1[2,9,3]'         1e-06
1130   'SGamma1[2,10,1]'        1e-06
1131   'SGamma1[2,10,2]'        1e-06
1132   'SGamma1[2,10,3]'        1e-06
1133   'SGamma1[2,11,1]'        1e-06
1134   'SGamma1[2,11,2]'        1e-06
1135   'SGamma1[2,11,3]'        1e-06
1136   'SGamma1[2,12,1]'        1e-06
1137   'SGamma1[2,12,2]'        1e-06
1138   'SGamma1[2,12,3]'        1e-06
1139   'SGamma1[2,13,1]'        1e-06
1140   'SGamma1[2,13,2]'        1e-06
1141   'SGamma1[2,13,3]'        1e-06
1142   'SGamma1[2,14,1]'        1e-06
1143   'SGamma1[2,14,2]'        1e-06
1144   'SGamma1[2,14,3]'        1e-06
1145   'SGamma1[2,15,1]'        1e-06
1146   'SGamma1[2,15,2]'        1e-06
1147   'SGamma1[2,15,3]'        1e-06
1148   'SGamma2[1,1,1]'             1
1149   'SGamma2[1,1,2]'             1
1150   'SGamma2[1,1,3]'             1
1151   'SGamma2[1,2,1]'             1
1152   'SGamma2[1,2,2]'             1
1153   'SGamma2[1,2,3]'             1
1154   'SGamma2[1,3,1]'             1
1155   'SGamma2[1,3,2]'             1
1156   'SGamma2[1,3,3]'             1
1157   'SGamma2[1,4,1]'             1
1158   'SGamma2[1,4,2]'             1
1159   'SGamma2[1,4,3]'             1
1160   'SGamma2[1,5,1]'             1
1161   'SGamma2[1,5,2]'             1
1162   'SGamma2[1,5,3]'             1
1163   'SGamma2[1,6,1]'             1
1164   'SGamma2[1,6,2]'             1
1165   'SGamma2[1,6,3]'             1
1166   'SGamma2[1,7,1]'             1
1167   'SGamma2[1,7,2]'             1
1168   'SGamma2[1,7,3]'             1
1169   'SGamma2[1,8,1]'             1
1170   'SGamma2[1,8,2]'             1
1171   'SGamma2[1,8,3]'             1
1172   'SGamma2[1,9,1]'             1
1173   'SGamma2[1,9,2]'             1
1174   'SGamma2[1,9,3]'             1
1175   'SGamma2[1,10,1]'            1
1176   'SGamma2[1,10,2]'            1
1177   'SGamma2[1,10,3]'            1
1178   'SGamma2[1,11,1]'            1
1179   'SGamma2[1,11,2]'            1
1180   'SGamma2[1,11,3]'            1
1181   'SGamma2[1,12,1]'            1
1182   'SGamma2[1,12,2]'            1
1183   'SGamma2[1,12,3]'            1
1184   'SGamma2[1,13,1]'            1
1185   'SGamma2[1,13,2]'            1
1186   'SGamma2[1,13,3]'            1
1187   'SGamma2[1,14,1]'            1
1188   'SGamma2[1,14,2]'            1
1189   'SGamma2[1,14,3]'            1
1190   'SGamma2[1,15,1]'            1
1191   'SGamma2[1,15,2]'            1
1192   'SGamma2[1,15,3]'            1
1193   'SGamma2[2,1,1]'             1
1194   'SGamma2[2,1,2]'             1
1195   'SGamma2[2,1,3]'             1
1196   'SGamma2[2,2,1]'             1
1197   'SGamma2[2,2,2]'             1
1198   'SGamma2[2,2,3]'             1
1199   'SGamma2[2,3,1]'             1
1200   'SGamma2[2,3,2]'             1
1201   'SGamma2[2,3,3]'             1
1202   'SGamma2[2,4,1]'             1
1203   'SGamma2[2,4,2]'             1
1204   'SGamma2[2,4,3]'             1
1205   'SGamma2[2,5,1]'             1
1206   'SGamma2[2,5,2]'             1
1207   'SGamma2[2,5,3]'             1
1208   'SGamma2[2,6,1]'             1
1209   'SGamma2[2,6,2]'             1
1210   'SGamma2[2,6,3]'             1
1211   'SGamma2[2,7,1]'             1
1212   'SGamma2[2,7,2]'             1
1213   'SGamma2[2,7,3]'             1
1214   'SGamma2[2,8,1]'             1
1215   'SGamma2[2,8,2]'             1
1216   'SGamma2[2,8,3]'             1
1217   'SGamma2[2,9,1]'             1
1218   'SGamma2[2,9,2]'             1
1219   'SGamma2[2,9,3]'             1
1220   'SGamma2[2,10,1]'            1
1221   'SGamma2[2,10,2]'            1
1222   'SGamma2[2,10,3]'            1
1223   'SGamma2[2,11,1]'            1
1224   'SGamma2[2,11,2]'            1
1225   'SGamma2[2,11,3]'            1
1226   'SGamma2[2,12,1]'            1
1227   'SGamma2[2,12,2]'            1
1228   'SGamma2[2,12,3]'            1
1229   'SGamma2[2,13,1]'            1
1230   'SGamma2[2,13,2]'            1
1231   'SGamma2[2,13,3]'            1
1232   'SGamma2[2,14,1]'            1
1233   'SGamma2[2,14,2]'            1
1234   'SGamma2[2,14,3]'            1
1235   'SGamma2[2,15,1]'            1
1236   'SGamma2[2,15,2]'            1
1237   'SGamma2[2,15,3]'            1
1238   'gamma[1,1,1]'               1
1239   'gamma[1,1,2]'               1
1240   'gamma[1,1,3]'               1
1241   'gamma[1,2,1]'               1
1242   'gamma[1,2,2]'               1
1243   'gamma[1,2,3]'               1
1244   'gamma[1,3,1]'               1
1245   'gamma[1,3,2]'               1
1246   'gamma[1,3,3]'               1
1247   'gamma[1,4,1]'               1
1248   'gamma[1,4,2]'               1
1249   'gamma[1,4,3]'               1
1250   'gamma[1,5,1]'               1
1251   'gamma[1,5,2]'               1
1252   'gamma[1,5,3]'               1
1253   'gamma[1,6,1]'               1
1254   'gamma[1,6,2]'               1
1255   'gamma[1,6,3]'               1
1256   'gamma[1,7,1]'               1
1257   'gamma[1,7,2]'               1
1258   'gamma[1,7,3]'               1
1259   'gamma[1,8,1]'               1
1260   'gamma[1,8,2]'               1
1261   'gamma[1,8,3]'               1
1262   'gamma[1,9,1]'               1
1263   'gamma[1,9,2]'               1
1264   'gamma[1,9,3]'               1
1265   'gamma[1,10,1]'              1
1266   'gamma[1,10,2]'              1
1267   'gamma[1,10,3]'              1
1268   'gamma[1,11,1]'              1
1269   'gamma[1,11,2]'              1
1270   'gamma[1,11,3]'              1
1271   'gamma[1,12,1]'              1
1272   'gamma[1,12,2]'              1
1273   'gamma[1,12,3]'              1
1274   'gamma[1,13,1]'              1
1275   'gamma[1,13,2]'              1
1276   'gamma[1,13,3]'              1
1277   'gamma[1,14,1]'              1
1278   'gamma[1,14,2]'              1
1279   'gamma[1,14,3]'              1
1280   'gamma[1,15,1]'              1
1281   'gamma[1,15,2]'              1
1282   'gamma[1,15,3]'              1
1283   'gamma[2,1,1]'               1
1284   'gamma[2,1,2]'               1
1285   'gamma[2,1,3]'               1
1286   'gamma[2,2,1]'               1
1287   'gamma[2,2,2]'               1
1288   'gamma[2,2,3]'               1
1289   'gamma[2,3,1]'               1
1290   'gamma[2,3,2]'               1
1291   'gamma[2,3,3]'               1
1292   'gamma[2,4,1]'               1
1293   'gamma[2,4,2]'               1
1294   'gamma[2,4,3]'               1
1295   'gamma[2,5,1]'               1
1296   'gamma[2,5,2]'               1
1297   'gamma[2,5,3]'               1
1298   'gamma[2,6,1]'               1
1299   'gamma[2,6,2]'               1
1300   'gamma[2,6,3]'               1
1301   'gamma[2,7,1]'               1
1302   'gamma[2,7,2]'               1
1303   'gamma[2,7,3]'               1
1304   'gamma[2,8,1]'               1
1305   'gamma[2,8,2]'               1
1306   'gamma[2,8,3]'               1
1307   'gamma[2,9,1]'               1
1308   'gamma[2,9,2]'               1
1309   'gamma[2,9,3]'               1
1310   'gamma[2,10,1]'              1
1311   'gamma[2,10,2]'              1
1312   'gamma[2,10,3]'              1
1313   'gamma[2,11,1]'              1
1314   'gamma[2,11,2]'              1
1315   'gamma[2,11,3]'              1
1316   'gamma[2,12,1]'              1
1317   'gamma[2,12,2]'              1
1318   'gamma[2,12,3]'              1
1319   'gamma[2,13,1]'              1
1320   'gamma[2,13,2]'              1
1321   'gamma[2,13,3]'              1
1322   'gamma[2,14,1]'              1
1323   'gamma[2,14,2]'              1
1324   'gamma[2,14,3]'              1
1325   'gamma[2,15,1]'              1
1326   'gamma[2,15,2]'              1
1327   'gamma[2,15,3]'              1
1328   'PrS[1,1,1]'           1042410
1329   'PrS[1,1,2]'            587664
1330   'PrS[1,1,3]'            202577
1331   'PrS[1,2,1]'           1041850
1332   'PrS[1,2,2]'            587324
1333   'PrS[1,2,3]'            202438
1334   'PrS[1,3,1]'           1040240
1335   'PrS[1,3,2]'            586340
1336   'PrS[1,3,3]'            202037
1337   'PrS[1,4,1]'           1035630
1338   'PrS[1,4,2]'            583510
1339   'PrS[1,4,3]'            200884
1340   'PrS[1,5,1]'           1022550
1341   'PrS[1,5,2]'            575503
1342   'PrS[1,5,3]'            197627
1343   'PrS[1,6,1]'            987142
1344   'PrS[1,6,2]'            553857
1345   'PrS[1,6,3]'            188858
1346   'PrS[1,7,1]'            902012
1347   'PrS[1,7,2]'            502043
1348   'PrS[1,7,3]'            168090
1349   'PrS[1,8,1]'            746291
1350   'PrS[1,8,2]'            408208
1351   'PrS[1,8,3]'            131390
1352   'PrS[1,9,1]'            569845
1353   'PrS[1,9,2]'            303717
1354   'PrS[1,9,3]'             92230.9
1355   'PrS[1,10,1]'           455708
1356   'PrS[1,10,2]'           237486
1357   'PrS[1,10,3]'            68613.3
1358   'PrS[1,11,1]'           406317
1359   'PrS[1,11,2]'           209250
1360   'PrS[1,11,3]'            58900
1361   'PrS[1,12,1]'           384713
1362   'PrS[1,12,2]'           196993
1363   'PrS[1,12,3]'            54760
1364   'PrS[1,13,1]'           367976
1365   'PrS[1,13,2]'           187540
1366   'PrS[1,13,3]'            51601.1
1367   'PrS[1,14,1]'           346538
1368   'PrS[1,14,2]'           175490
1369   'PrS[1,14,3]'            47619.6
1370   'PrS[1,15,1]'           317742
1371   'PrS[1,15,2]'           159414
1372   'PrS[1,15,3]'            42392.2
1373   'PrS[2,1,1]'           1041550
1374   'PrS[2,1,2]'            587139
1375   'PrS[2,1,3]'            202362
1376   'PrS[2,2,1]'           1039310
1377   'PrS[2,2,2]'            585770
1378   'PrS[2,2,3]'            201805
1379   'PrS[2,3,1]'           1032670
1380   'PrS[2,3,2]'            581702
1381   'PrS[2,3,3]'            200148
1382   'PrS[2,4,1]'           1012910
1383   'PrS[2,4,2]'            569605
1384   'PrS[2,4,3]'            195233
1385   'PrS[2,5,1]'            955930
1386   'PrS[2,5,2]'            534822
1387   'PrS[2,5,3]'            181190
1388   'PrS[2,6,1]'            813771
1389   'PrS[2,6,2]'            448707
1390   'PrS[2,6,3]'            147074
1391   'PrS[2,7,1]'            576196
1392   'PrS[2,7,2]'            307437
1393   'PrS[2,7,3]'             93588.3
1394   'PrS[2,8,1]'            373503
1395   'PrS[2,8,2]'            190658
1396   'PrS[2,8,3]'             52639.5
1397   'PrS[2,9,1]'            278414
1398   'PrS[2,9,2]'            137684
1399   'PrS[2,9,3]'             35494.1
1400   'PrS[2,10,1]'           239784
1401   'PrS[2,10,2]'           116628
1402   'PrS[2,10,3]'            29018.2
1403   'PrS[2,11,1]'           221459
1404   'PrS[2,11,2]'           106755
1405   'PrS[2,11,3]'            26060.9
1406   'PrS[2,12,1]'           212042
1407   'PrS[2,12,2]'           101714
1408   'PrS[2,12,3]'            24572.2
1409   'PrS[2,13,1]'           207252
1410   'PrS[2,13,2]'            99157.9
1411   'PrS[2,13,3]'            23823.3
1412   'PrS[2,14,1]'           204877
1413   'PrS[2,14,2]'            97892.7
1414   'PrS[2,14,3]'            23454
1415   'PrS[2,15,1]'           203720
1416   'PrS[2,15,2]'            97277.1
1417   'PrS[2,15,3]'            23274.7
1418   'PrSF[1]'               371002
1419   'PrSF[2]'               189246
1420   'PrSF[3]'                52169.1
1421   Vap                     196236
1422   Sep                        131.394
;

