solve_message = 'MINOS 5.51: infeasible problem (or bad starting guess).\
609 iterations\
Nonlin evals: constrs = 414, Jac = 414.'

:          _varname             _var          :=
1     'F[2]'                    0
2     'F[3]'                    0
3     'F[4]'                    0
4     'F[5]'                    0
5     'F[6]'                    0
6     'F[7]'                    0
7     'F[8]'                  200
8     'F[9]'                    0
9     'F[10]'                   0
10    'F[11]'                   0
11    'F[12]'                   0
12    'F[13]'                   0
13    'F[14]'                   0
14    'V[1]'                  176.909
15    'V[2]'                  177.891
16    'V[3]'                  178.772
17    'V[4]'                  179.547
18    'V[5]'                  180.174
19    'V[6]'                  180.643
20    'V[7]'                  198.584
21    'V[8]'                  199.652
22    'V[9]'                  199.651
23    'V[10]'                 199.651
24    'V[11]'                 199.651
25    'V[12]'                 199.652
26    'V[13]'                 199.656
27    'V[14]'                 199.684
28    'V[15]'                   0
29    'y[1,1]'                 -0.364954
30    'y[1,2]'                  0.676924
31    'y[1,3]'                  0.68803
32    'y[2,1]'                 -0.341554
33    'y[2,2]'                  0.857217
34    'y[2,3]'                  0.484338
35    'y[3,1]'                 -0.223372
36    'y[3,2]'                  0.862696
37    'y[3,3]'                  0.360676
38    'y[4,1]'                 -0.0472656
39    'y[4,2]'                  0.759013
40    'y[4,3]'                  0.288252
41    'y[5,1]'                  0.117471
42    'y[5,2]'                  0.634478
43    'y[5,3]'                  0.248051
44    'y[6,1]'                  0.245896
45    'y[6,2]'                  0.529904
46    'y[6,3]'                  0.2242
47    'y[7,1]'                  0.336515
48    'y[7,2]'                  0.454012
49    'y[7,3]'                  0.209474
50    'y[8,1]'                  0.439944
51    'y[8,2]'                  0.413126
52    'y[8,3]'                  0.146931
53    'y[9,1]'                  0.438889
54    'y[9,2]'                  0.41195
55    'y[9,3]'                  0.149161
56    'y[10,1]'                 0.440513
57    'y[10,2]'                 0.410041
58    'y[10,3]'                 0.149446
59    'y[11,1]'                 0.441447
60    'y[11,2]'                 0.409112
61    'y[11,3]'                 0.149441
62    'y[12,1]'                 0.441842
63    'y[12,2]'                 0.408835
64    'y[12,3]'                 0.149322
65    'y[13,1]'                 0.442431
66    'y[13,2]'                 0.408508
67    'y[13,3]'                 0.149061
68    'y[14,1]'                 0.442448
69    'y[14,2]'                 0.407905
70    'y[14,3]'                 0.149646
71    'y[15,1]'                 0.440104
72    'y[15,2]'                 0.396486
73    'y[15,3]'                 0.16341
74    'L[1]'                    0
75    'L[2]'                  207.964
76    'L[3]'                  208.946
77    'L[4]'                  209.827
78    'L[5]'                  210.602
79    'L[6]'                  211.229
80    'L[7]'                  211.698
81    'L[8]'                  208.211
82    'L[9]'                    9.27864
83    'L[10]'                   9.27789
84    'L[11]'                   9.27818
85    'L[12]'                   9.27841
86    'L[13]'                   9.27875
87    'L[14]'                   9.28263
88    'L[15]'                   9.31141
89    'x[1,1]'                 -0.209737
90    'x[1,2]'                  0.326835
91    'x[1,3]'                  0.882902
92    'x[2,1]'                 -0.245605
93    'x[2,2]'                  0.525484
94    'x[2,3]'                  0.720122
95    'x[3,1]'                 -0.198076
96    'x[3,2]'                  0.613826
97    'x[3,3]'                  0.58425
98    'x[4,1]'                 -0.105046
99    'x[4,2]'                  0.598416
100   'x[4,3]'                  0.50663
101   'x[5,1]'                  0
102   'x[5,2]'                  0.533287
103   'x[5,3]'                  0.466713
104   'x[6,1]'                  0.0896343
105   'x[6,2]'                  0.465107
106   'x[6,3]'                  0.445259
107   'x[7,1]'                  0.156153
108   'x[7,2]'                  0.411051
109   'x[7,3]'                  0.432796
110   'x[8,1]'                  0.250319
111   'x[8,2]'                  0.418794
112   'x[8,3]'                  0.330887
113   'x[9,1]'                  0.248601
114   'x[9,2]'                  0.41606
115   'x[9,3]'                  0.335338
116   'x[10,1]'                 0.24976
117   'x[10,2]'                 0.414077
118   'x[10,3]'                 0.336163
119   'x[11,1]'                 0.25049
120   'x[11,2]'                 0.413221
121   'x[11,3]'                 0.336289
122   'x[12,1]'                 0.250844
123   'x[12,2]'                 0.413053
124   'x[12,3]'                 0.336103
125   'x[13,1]'                 0.251381
126   'x[13,2]'                 0.412924
127   'x[13,3]'                 0.335695
128   'x[14,1]'                 0.250916
129   'x[14,2]'                 0.411732
130   'x[14,3]'                 0.337353
131   'x[15,1]'                 0.239588
132   'x[15,2]'                 0.38676
133   'x[15,3]'                 0.373652
134   PC                      190.373
135   PR                       31.0552
136   'T[1]'                  391.374
137   'T[2]'                  387.69
138   'T[3]'                  383.667
139   'T[4]'                  379.985
140   'T[5]'                  377.032
141   'T[6]'                  374.851
142   'T[7]'                  373.34
143   'T[8]'                  370.058
144   'T[9]'                  370.15
145   'T[10]'                 370.14
146   'T[11]'                 370.129
147   'T[12]'                 370.12
148   'T[13]'                 370.104
149   'T[14]'                 370.13
150   'T[15]'                 370.741
151   TF                      368.932
152   QC                     2252.86
153   QR                     2143.61
154   'H[1,1]'                  2.52689
155   'H[1,2]'                  2.42687
156   'H[1,3]'                  3.04912
157   'H[2,1]'                  2.41803
158   'H[2,2]'                  2.32286
159   'H[2,3]'                  2.91699
160   'H[3,1]'                  2.30005
161   'H[3,2]'                  2.21011
162   'H[3,3]'                  2.77388
163   'H[4,1]'                  2.1929
164   'H[4,2]'                  2.10768
165   'H[4,3]'                  2.64399
166   'H[5,1]'                  2.1075
167   'H[5,2]'                  2.02602
168   'H[5,3]'                  2.54053
169   'H[6,1]'                  2.04479
170   'H[6,2]'                  1.96604
171   'H[6,3]'                  2.46458
172   'H[7,1]'                  2.00146
173   'H[7,2]'                  1.9246
174   'H[7,3]'                  2.41213
175   'H[8,1]'                  1.90786
176   'H[8,2]'                  1.83504
177   'H[8,3]'                  2.29886
178   'H[9,1]'                  1.91047
179   'H[9,2]'                  1.83753
180   'H[9,3]'                  2.30202
181   'H[10,1]'                 1.91019
182   'H[10,2]'                 1.83726
183   'H[10,3]'                 2.30168
184   'H[11,1]'                 1.90985
185   'H[11,2]'                 1.83695
186   'H[11,3]'                 2.30127
187   'H[12,1]'                 1.9096
188   'H[12,2]'                 1.8367
189   'H[12,3]'                 2.30096
190   'H[13,1]'                 1.90915
191   'H[13,2]'                 1.83627
192   'H[13,3]'                 2.30042
193   'H[14,1]'                 1.90989
194   'H[14,2]'                 1.83698
195   'H[14,3]'                 2.30132
196   'H[15,1]'                 1.92728
197   'H[15,2]'                 1.85362
198   'H[15,3]'                 2.32236
199   'HF[1]'                   1.87586
200   'HF[2]'                   1.80442
201   'HF[3]'                   2.26016
202   'h[1,1]'                 -7.33734
203   'h[1,2]'                 -8.60631
204   'h[1,3]'                 -8.96408
205   'h[2,1]'                 -7.56707
206   'h[2,2]'                 -8.80913
207   'h[2,3]'                 -9.21529
208   'h[3,1]'                 -7.81452
209   'h[3,2]'                 -9.02801
210   'h[3,3]'                 -9.48625
211   'h[4,1]'                 -8.03795
212   'h[4,2]'                 -9.22601
213   'h[4,3]'                 -9.73121
214   'h[5,1]'                 -8.21517
215   'h[5,2]'                 -9.38329
216   'h[5,3]'                 -9.92569
217   'h[6,1]'                 -8.34486
218   'h[6,2]'                 -9.49852
219   'h[6,3]'                -10.0681
220   'h[7,1]'                 -8.43424
221   'h[7,2]'                 -9.57799
222   'h[7,3]'                -10.1663
223   'h[8,1]'                 -8.62673
224   'h[8,2]'                 -9.74932
225   'h[8,3]'                -10.3778
226   'h[9,1]'                 -8.62138
227   'h[9,2]'                 -9.74455
228   'h[9,3]'                -10.3719
229   'h[10,1]'                -8.62196
230   'h[10,2]'                -9.74507
231   'h[10,3]'               -10.3726
232   'h[11,1]'                -8.62264
233   'h[11,2]'                -9.74568
234   'h[11,3]'               -10.3733
235   'h[12,1]'                -8.62317
236   'h[12,2]'                -9.74614
237   'h[12,3]'               -10.3739
238   'h[13,1]'                -8.62409
239   'h[13,2]'                -9.74697
240   'h[13,3]'               -10.3749
241   'h[14,1]'                -8.62257
242   'h[14,2]'                -9.74561
243   'h[14,3]'               -10.3732
244   'h[15,1]'                -8.58686
245   'h[15,2]'                -9.71381
246   'h[15,3]'               -10.334
247   'hF[1]'                  -8.69236
248   'hF[2]'                  -9.80778
249   'hF[3]'                 -10.45
250   'tauGamma[1,1,1]'     1e-06
251   'tauGamma[1,1,2]'         0.0233915
252   'tauGamma[1,1,3]'     1e-06
253   'tauGamma[1,2,1]'         0.023691
254   'tauGamma[1,2,2]'     1e-06
255   'tauGamma[1,2,3]'     1e-06
256   'tauGamma[1,3,1]'     1e-06
257   'tauGamma[1,3,2]'     1e-06
258   'tauGamma[1,3,3]'     1e-06
259   'tauGamma[2,1,1]'     1e-06
260   'tauGamma[2,1,2]'         0.0236138
261   'tauGamma[2,1,3]'     1e-06
262   'tauGamma[2,2,1]'         0.0239162
263   'tauGamma[2,2,2]'     1e-06
264   'tauGamma[2,2,3]'     1e-06
265   'tauGamma[2,3,1]'     1e-06
266   'tauGamma[2,3,2]'     1e-06
267   'tauGamma[2,3,3]'     1e-06
268   'tauGamma[3,1,1]'     1e-06
269   'tauGamma[3,1,2]'         0.0238614
270   'tauGamma[3,1,3]'     1e-06
271   'tauGamma[3,2,1]'         0.0241669
272   'tauGamma[3,2,2]'     1e-06
273   'tauGamma[3,2,3]'     1e-06
274   'tauGamma[3,3,1]'     1e-06
275   'tauGamma[3,3,2]'     1e-06
276   'tauGamma[3,3,3]'     1e-06
277   'tauGamma[4,1,1]'     1e-06
278   'tauGamma[4,1,2]'         0.0240926
279   'tauGamma[4,1,3]'     1e-06
280   'tauGamma[4,2,1]'         0.0244011
281   'tauGamma[4,2,2]'     1e-06
282   'tauGamma[4,2,3]'     1e-06
283   'tauGamma[4,3,1]'     1e-06
284   'tauGamma[4,3,2]'     1e-06
285   'tauGamma[4,3,3]'     1e-06
286   'tauGamma[5,1,1]'     1e-06
287   'tauGamma[5,1,2]'         0.0242813
288   'tauGamma[5,1,3]'     1e-06
289   'tauGamma[5,2,1]'         0.0245923
290   'tauGamma[5,2,2]'     1e-06
291   'tauGamma[5,2,3]'     1e-06
292   'tauGamma[5,3,1]'     1e-06
293   'tauGamma[5,3,2]'     1e-06
294   'tauGamma[5,3,3]'     1e-06
295   'tauGamma[6,1,1]'     1e-06
296   'tauGamma[6,1,2]'         0.0244225
297   'tauGamma[6,1,3]'     1e-06
298   'tauGamma[6,2,1]'         0.0247353
299   'tauGamma[6,2,2]'     1e-06
300   'tauGamma[6,2,3]'     1e-06
301   'tauGamma[6,3,1]'     1e-06
302   'tauGamma[6,3,2]'     1e-06
303   'tauGamma[6,3,3]'     1e-06
304   'tauGamma[7,1,1]'     1e-06
305   'tauGamma[7,1,2]'         0.0245214
306   'tauGamma[7,1,3]'     1e-06
307   'tauGamma[7,2,1]'         0.0248354
308   'tauGamma[7,2,2]'     1e-06
309   'tauGamma[7,2,3]'     1e-06
310   'tauGamma[7,3,1]'     1e-06
311   'tauGamma[7,3,2]'     1e-06
312   'tauGamma[7,3,3]'     1e-06
313   'tauGamma[8,1,1]'     1e-06
314   'tauGamma[8,1,2]'         0.0247388
315   'tauGamma[8,1,3]'     1e-06
316   'tauGamma[8,2,1]'         0.0250557
317   'tauGamma[8,2,2]'     1e-06
318   'tauGamma[8,2,3]'     1e-06
319   'tauGamma[8,3,1]'     1e-06
320   'tauGamma[8,3,2]'     1e-06
321   'tauGamma[8,3,3]'     1e-06
322   'tauGamma[9,1,1]'     1e-06
323   'tauGamma[9,1,2]'         0.0247327
324   'tauGamma[9,1,3]'     1e-06
325   'tauGamma[9,2,1]'         0.0250495
326   'tauGamma[9,2,2]'     1e-06
327   'tauGamma[9,2,3]'     1e-06
328   'tauGamma[9,3,1]'     1e-06
329   'tauGamma[9,3,2]'     1e-06
330   'tauGamma[9,3,3]'     1e-06
331   'tauGamma[10,1,1]'    1e-06
332   'tauGamma[10,1,2]'        0.0247334
333   'tauGamma[10,1,3]'    1e-06
334   'tauGamma[10,2,1]'        0.0250501
335   'tauGamma[10,2,2]'    1e-06
336   'tauGamma[10,2,3]'    1e-06
337   'tauGamma[10,3,1]'    1e-06
338   'tauGamma[10,3,2]'    1e-06
339   'tauGamma[10,3,3]'    1e-06
340   'tauGamma[11,1,1]'    1e-06
341   'tauGamma[11,1,2]'        0.0247342
342   'tauGamma[11,1,3]'    1e-06
343   'tauGamma[11,2,1]'        0.0250509
344   'tauGamma[11,2,2]'    1e-06
345   'tauGamma[11,2,3]'    1e-06
346   'tauGamma[11,3,1]'    1e-06
347   'tauGamma[11,3,2]'    1e-06
348   'tauGamma[11,3,3]'    1e-06
349   'tauGamma[12,1,1]'    1e-06
350   'tauGamma[12,1,2]'        0.0247348
351   'tauGamma[12,1,3]'    1e-06
352   'tauGamma[12,2,1]'        0.0250515
353   'tauGamma[12,2,2]'    1e-06
354   'tauGamma[12,2,3]'    1e-06
355   'tauGamma[12,3,1]'    1e-06
356   'tauGamma[12,3,2]'    1e-06
357   'tauGamma[12,3,3]'    1e-06
358   'tauGamma[13,1,1]'    1e-06
359   'tauGamma[13,1,2]'        0.0247358
360   'tauGamma[13,1,3]'    1e-06
361   'tauGamma[13,2,1]'        0.0250526
362   'tauGamma[13,2,2]'    1e-06
363   'tauGamma[13,2,3]'    1e-06
364   'tauGamma[13,3,1]'    1e-06
365   'tauGamma[13,3,2]'    1e-06
366   'tauGamma[13,3,3]'    1e-06
367   'tauGamma[14,1,1]'    1e-06
368   'tauGamma[14,1,2]'        0.0247341
369   'tauGamma[14,1,3]'    1e-06
370   'tauGamma[14,2,1]'        0.0250508
371   'tauGamma[14,2,2]'    1e-06
372   'tauGamma[14,2,3]'    1e-06
373   'tauGamma[14,3,1]'    1e-06
374   'tauGamma[14,3,2]'    1e-06
375   'tauGamma[14,3,3]'    1e-06
376   'tauGamma[15,1,1]'    1e-06
377   'tauGamma[15,1,2]'        0.0246933
378   'tauGamma[15,1,3]'    1e-06
379   'tauGamma[15,2,1]'        0.0250095
380   'tauGamma[15,2,2]'    1e-06
381   'tauGamma[15,2,3]'    1e-06
382   'tauGamma[15,3,1]'    1e-06
383   'tauGamma[15,3,2]'    1e-06
384   'tauGamma[15,3,3]'    1e-06
385   'PGamma[1,1,1]'           1
386   'PGamma[1,1,2]'           0.993007
387   'PGamma[1,1,3]'           1
388   'PGamma[1,2,1]'           0.992918
389   'PGamma[1,2,2]'           1
390   'PGamma[1,2,3]'           1
391   'PGamma[1,3,1]'           1
392   'PGamma[1,3,2]'           1
393   'PGamma[1,3,3]'           1
394   'PGamma[2,1,1]'           1
395   'PGamma[2,1,2]'           0.992941
396   'PGamma[2,1,3]'           1
397   'PGamma[2,2,1]'           0.992851
398   'PGamma[2,2,2]'           1
399   'PGamma[2,2,3]'           1
400   'PGamma[2,3,1]'           1
401   'PGamma[2,3,2]'           1
402   'PGamma[2,3,3]'           1
403   'PGamma[3,1,1]'           1
404   'PGamma[3,1,2]'           0.992867
405   'PGamma[3,1,3]'           1
406   'PGamma[3,2,1]'           0.992776
407   'PGamma[3,2,2]'           1
408   'PGamma[3,2,3]'           1
409   'PGamma[3,3,1]'           1
410   'PGamma[3,3,2]'           1
411   'PGamma[3,3,3]'           1
412   'PGamma[4,1,1]'           1
413   'PGamma[4,1,2]'           0.992798
414   'PGamma[4,1,3]'           1
415   'PGamma[4,2,1]'           0.992706
416   'PGamma[4,2,2]'           1
417   'PGamma[4,2,3]'           1
418   'PGamma[4,3,1]'           1
419   'PGamma[4,3,2]'           1
420   'PGamma[4,3,3]'           1
421   'PGamma[5,1,1]'           1
422   'PGamma[5,1,2]'           0.992742
423   'PGamma[5,1,3]'           1
424   'PGamma[5,2,1]'           0.992649
425   'PGamma[5,2,2]'           1
426   'PGamma[5,2,3]'           1
427   'PGamma[5,3,1]'           1
428   'PGamma[5,3,2]'           1
429   'PGamma[5,3,3]'           1
430   'PGamma[6,1,1]'           1
431   'PGamma[6,1,2]'           0.9927
432   'PGamma[6,1,3]'           1
433   'PGamma[6,2,1]'           0.992607
434   'PGamma[6,2,2]'           1
435   'PGamma[6,2,3]'           1
436   'PGamma[6,3,1]'           1
437   'PGamma[6,3,2]'           1
438   'PGamma[6,3,3]'           1
439   'PGamma[7,1,1]'           1
440   'PGamma[7,1,2]'           0.992671
441   'PGamma[7,1,3]'           1
442   'PGamma[7,2,1]'           0.992577
443   'PGamma[7,2,2]'           1
444   'PGamma[7,2,3]'           1
445   'PGamma[7,3,1]'           1
446   'PGamma[7,3,2]'           1
447   'PGamma[7,3,3]'           1
448   'PGamma[8,1,1]'           1
449   'PGamma[8,1,2]'           0.992606
450   'PGamma[8,1,3]'           1
451   'PGamma[8,2,1]'           0.992511
452   'PGamma[8,2,2]'           1
453   'PGamma[8,2,3]'           1
454   'PGamma[8,3,1]'           1
455   'PGamma[8,3,2]'           1
456   'PGamma[8,3,3]'           1
457   'PGamma[9,1,1]'           1
458   'PGamma[9,1,2]'           0.992608
459   'PGamma[9,1,3]'           1
460   'PGamma[9,2,1]'           0.992513
461   'PGamma[9,2,2]'           1
462   'PGamma[9,2,3]'           1
463   'PGamma[9,3,1]'           1
464   'PGamma[9,3,2]'           1
465   'PGamma[9,3,3]'           1
466   'PGamma[10,1,1]'          1
467   'PGamma[10,1,2]'          0.992607
468   'PGamma[10,1,3]'          1
469   'PGamma[10,2,1]'          0.992513
470   'PGamma[10,2,2]'          1
471   'PGamma[10,2,3]'          1
472   'PGamma[10,3,1]'          1
473   'PGamma[10,3,2]'          1
474   'PGamma[10,3,3]'          1
475   'PGamma[11,1,1]'          1
476   'PGamma[11,1,2]'          0.992607
477   'PGamma[11,1,3]'          1
478   'PGamma[11,2,1]'          0.992513
479   'PGamma[11,2,2]'          1
480   'PGamma[11,2,3]'          1
481   'PGamma[11,3,1]'          1
482   'PGamma[11,3,2]'          1
483   'PGamma[11,3,3]'          1
484   'PGamma[12,1,1]'          1
485   'PGamma[12,1,2]'          0.992607
486   'PGamma[12,1,3]'          1
487   'PGamma[12,2,1]'          0.992513
488   'PGamma[12,2,2]'          1
489   'PGamma[12,2,3]'          1
490   'PGamma[12,3,1]'          1
491   'PGamma[12,3,2]'          1
492   'PGamma[12,3,3]'          1
493   'PGamma[13,1,1]'          1
494   'PGamma[13,1,2]'          0.992607
495   'PGamma[13,1,3]'          1
496   'PGamma[13,2,1]'          0.992512
497   'PGamma[13,2,2]'          1
498   'PGamma[13,2,3]'          1
499   'PGamma[13,3,1]'          1
500   'PGamma[13,3,2]'          1
501   'PGamma[13,3,3]'          1
502   'PGamma[14,1,1]'          1
503   'PGamma[14,1,2]'          0.992607
504   'PGamma[14,1,3]'          1
505   'PGamma[14,2,1]'          0.992513
506   'PGamma[14,2,2]'          1
507   'PGamma[14,2,3]'          1
508   'PGamma[14,3,1]'          1
509   'PGamma[14,3,2]'          1
510   'PGamma[14,3,3]'          1
511   'PGamma[15,1,1]'          1
512   'PGamma[15,1,2]'          0.992619
513   'PGamma[15,1,3]'          1
514   'PGamma[15,2,1]'          0.992525
515   'PGamma[15,2,2]'          1
516   'PGamma[15,2,3]'          1
517   'PGamma[15,3,1]'          1
518   'PGamma[15,3,2]'          1
519   'PGamma[15,3,3]'          1
520   'SGamma1[1,1]'            0.00768889
521   'SGamma1[1,2]'           -0.00487053
522   'SGamma1[1,3]'        1e-06
523   'SGamma1[2,1]'            0.0124782
524   'SGamma1[2,2]'           -0.00575748
525   'SGamma1[2,3]'        1e-06
526   'SGamma1[3,1]'            0.0147275
527   'SGamma1[3,2]'           -0.00469146
528   'SGamma1[3,3]'        1e-06
529   'SGamma1[4,1]'            0.0144959
530   'SGamma1[4,2]'           -0.00251149
531   'SGamma1[4,3]'        1e-06
532   'SGamma1[5,1]'            0.0130188
533   'SGamma1[5,2]'        1e-06
534   'SGamma1[5,3]'        1e-06
535   'SGamma1[6,1]'            0.01142
536   'SGamma1[6,2]'            0.00217402
537   'SGamma1[6,3]'        1e-06
538   'SGamma1[7,1]'            0.0101335
539   'SGamma1[7,2]'            0.00380186
540   'SGamma1[7,3]'        1e-06
541   'SGamma1[8,1]'            0.0104151
542   'SGamma1[8,2]'            0.00614756
543   'SGamma1[8,3]'        1e-06
544   'SGamma1[9,1]'            0.0103446
545   'SGamma1[9,2]'            0.00610388
546   'SGamma1[9,3]'        1e-06
547   'SGamma1[10,1]'           0.0102956
548   'SGamma1[10,2]'           0.00613248
549   'SGamma1[10,3]'       1e-06
550   'SGamma1[11,1]'           0.0102747
551   'SGamma1[11,2]'           0.0061506
552   'SGamma1[11,3]'       1e-06
553   'SGamma1[12,1]'           0.0102707
554   'SGamma1[12,2]'           0.00615945
555   'SGamma1[12,3]'       1e-06
556   'SGamma1[13,1]'           0.010268
557   'SGamma1[13,2]'           0.00617289
558   'SGamma1[13,3]'       1e-06
559   'SGamma1[14,1]'           0.0102376
560   'SGamma1[14,2]'           0.00616104
561   'SGamma1[14,3]'       1e-06
562   'SGamma1[15,1]'           0.009601
563   'SGamma1[15,2]'           0.00587331
564   'SGamma1[15,3]'       1e-06
565   'SGamma2[1,1]'            0.997685
566   'SGamma2[1,2]'            1.00147
567   'SGamma2[1,3]'            1
568   'SGamma2[2,1]'            0.996243
569   'SGamma2[2,2]'            1.00173
570   'SGamma2[2,3]'            1
571   'SGamma2[3,1]'            0.995566
572   'SGamma2[3,2]'            1.00141
573   'SGamma2[3,3]'            1
574   'SGamma2[4,1]'            0.995635
575   'SGamma2[4,2]'            1.00076
576   'SGamma2[4,3]'            1
577   'SGamma2[5,1]'            0.99608
578   'SGamma2[5,2]'            1
579   'SGamma2[5,3]'            1
580   'SGamma2[6,1]'            0.996561
581   'SGamma2[6,2]'            0.999346
582   'SGamma2[6,3]'            1
583   'SGamma2[7,1]'            0.996949
584   'SGamma2[7,2]'            0.998855
585   'SGamma2[7,3]'            1
586   'SGamma2[8,1]'            0.996864
587   'SGamma2[8,2]'            0.998149
588   'SGamma2[8,3]'            1
589   'SGamma2[9,1]'            0.996885
590   'SGamma2[9,2]'            0.998162
591   'SGamma2[9,3]'            1
592   'SGamma2[10,1]'           0.9969
593   'SGamma2[10,2]'           0.998154
594   'SGamma2[10,3]'           1
595   'SGamma2[11,1]'           0.996906
596   'SGamma2[11,2]'           0.998148
597   'SGamma2[11,3]'           1
598   'SGamma2[12,1]'           0.996907
599   'SGamma2[12,2]'           0.998146
600   'SGamma2[12,3]'           1
601   'SGamma2[13,1]'           0.996908
602   'SGamma2[13,2]'           0.998141
603   'SGamma2[13,3]'           1
604   'SGamma2[14,1]'           0.996917
605   'SGamma2[14,2]'           0.998145
606   'SGamma2[14,3]'           1
607   'SGamma2[15,1]'           0.997109
608   'SGamma2[15,2]'           0.998232
609   'SGamma2[15,3]'           1
610   'gamma[1,1]'              1.01866
611   'gamma[1,2]'              0.993409
612   'gamma[1,3]'              1.00321
613   'gamma[2,1]'              1.03139
614   'gamma[2,2]'              0.994495
615   'gamma[2,3]'              1.00612
616   'gamma[3,1]'              1.03573
617   'gamma[3,2]'              0.996343
618   'gamma[3,3]'              1.00583
619   'gamma[4,1]'              1.0324
620   'gamma[4,2]'              0.997963
621   'gamma[4,3]'              1.00304
622   'gamma[5,1]'              1.02626
623   'gamma[5,2]'              1
624   'gamma[5,3]'              1
625   'gamma[6,1]'              1.02092
626   'gamma[6,2]'              1.00235
627   'gamma[6,3]'              0.99796
628   'gamma[7,1]'              1.01718
629   'gamma[7,2]'              1.00453
630   'gamma[7,3]'              0.996848
631   'gamma[8,1]'              1.01568
632   'gamma[8,2]'              1.00724
633   'gamma[8,3]'              0.994808
634   'gamma[9,1]'              1.01561
635   'gamma[9,2]'              1.00722
636   'gamma[9,3]'              0.994878
637   'gamma[10,1]'             1.01551
638   'gamma[10,2]'             1.00728
639   'gamma[10,3]'             0.994879
640   'gamma[11,1]'             1.01547
641   'gamma[11,2]'             1.00732
642   'gamma[11,3]'             0.994874
643   'gamma[12,1]'             1.01545
644   'gamma[12,2]'             1.00733
645   'gamma[12,3]'             0.994869
646   'gamma[13,1]'             1.01544
647   'gamma[13,2]'             1.00735
648   'gamma[13,3]'             0.994859
649   'gamma[14,1]'             1.0154
650   'gamma[14,2]'             1.00735
651   'gamma[14,3]'             0.994884
652   'gamma[15,1]'             1.01466
653   'gamma[15,2]'             1.0073
654   'gamma[15,3]'             0.995419
655   'PrS[1,1]'           356129
656   'PrS[1,2]'           210670
657   'PrS[1,3]'           102478
658   'PrS[2,1]'           317003
659   'PrS[2,2]'           186419
660   'PrS[2,3]'            89802.1
661   'PrS[3,1]'           278261
662   'PrS[3,2]'           162552
663   'PrS[3,3]'            77445.2
664   'PrS[4,1]'           246211
665   'PrS[4,2]'           142931
666   'PrS[4,3]'            67387.6
667   'PrS[5,1]'           222700
668   'PrS[5,2]'           128617
669   'PrS[5,3]'            60116.1
670   'PrS[6,1]'           206534
671   'PrS[6,2]'           118816
672   'PrS[6,3]'            55173.4
673   'PrS[7,1]'           195891
674   'PrS[7,2]'           112384
675   'PrS[7,3]'            51946.7
676   'PrS[8,1]'           174311
677   'PrS[8,2]'            99395.7
678   'PrS[8,3]'            45476.3
679   'PrS[9,1]'           174886
680   'PrS[9,2]'            99741.1
681   'PrS[9,3]'            45647.5
682   'PrS[10,1]'          174824
683   'PrS[10,2]'           99703.6
684   'PrS[10,3]'           45628.9
685   'PrS[11,1]'          174750
686   'PrS[11,2]'           99659.6
687   'PrS[11,3]'           45607.1
688   'PrS[12,1]'          174694
689   'PrS[12,2]'           99625.6
690   'PrS[12,3]'           45590.2
691   'PrS[13,1]'          174594
692   'PrS[13,2]'           99565.9
693   'PrS[13,3]'           45560.6
694   'PrS[14,1]'          174758
695   'PrS[14,2]'           99664.4
696   'PrS[14,3]'           45609.5
697   'PrS[15,1]'          178633
698   'PrS[15,2]'          101991
699   'PrS[15,3]'           46764.1
700   'PrSF[1]'            167362
701   'PrSF[2]'             95229.8
702   'PrSF[3]'             43414.8
;

