solve_message = 'MINOS 5.51: infeasible problem (or bad starting guess).\
530 iterations\
Nonlin evals: constrs = 379, Jac = 379.'

:          _varname              _var          :=
1     'F[2]'                    0
2     'F[3]'                    0
3     'F[4]'                    0
4     'F[5]'                    0
5     'F[6]'                    0
6     'F[7]'                    0
7     'F[8]'                  200
8     'F[9]'                    0
9     'F[10]'                   0
10    'F[11]'                   0
11    'F[12]'                   0
12    'F[13]'                   0
13    'F[14]'                   0
14    'V[1]'                  314.298
15    'V[2]'                  316.27
16    'V[3]'                  318.002
17    'V[4]'                  317.563
18    'V[5]'                  319.117
19    'V[6]'                  318.883
20    'V[7]'                  320.308
21    'V[8]'                  321.142
22    'V[9]'                  321.934
23    'V[10]'                 323.242
24    'V[11]'                 323.445
25    'V[12]'                 321.252
26    'V[13]'                 323.358
27    'V[14]'                 350.789
28    'V[15]'                   0
29    'y[1,1]'                  0.0148075
30    'y[1,2]'                  0.702986
31    'y[1,3]'                  0.282206
32    'y[2,1]'                  0.0231471
33    'y[2,2]'                  0.788415
34    'y[2,3]'                  0.188438
35    'y[3,1]'                  0.0365931
36    'y[3,2]'                  0.821538
37    'y[3,3]'                  0.141868
38    'y[4,1]'                  0.0671496
39    'y[4,2]'                  0.80892
40    'y[4,3]'                  0.12393
41    'y[5,1]'                  0.131529
42    'y[5,2]'                  0.757578
43    'y[5,3]'                  0.110893
44    'y[6,1]'                  0.199167
45    'y[6,2]'                  0.704614
46    'y[6,3]'                  0.096219
47    'y[7,1]'                  0.266785
48    'y[7,2]'                  0.643767
49    'y[7,3]'                  0.0894479
50    'y[8,1]'                  0.342487
51    'y[8,2]'                  0.572472
52    'y[8,3]'                  0.0850418
53    'y[9,1]'                  0.308328
54    'y[9,2]'                  0.64799
55    'y[9,3]'                  0.0436821
56    'y[10,1]'                 0.298065
57    'y[10,2]'                 0.701935
58    'y[10,3]'                 0
59    'y[11,1]'                 0.251437
60    'y[11,2]'                 0.746539
61    'y[11,3]'                 0.00202423
62    'y[12,1]'                 0.199449
63    'y[12,2]'                 0.796218
64    'y[12,3]'                 0.00433307
65    'y[13,1]'                 0.269183
66    'y[13,2]'                 0.727486
67    'y[13,3]'                 0.00333049
68    'y[14,1]'                 0.444841
69    'y[14,2]'                 0.554405
70    'y[14,3]'                 0.000753891
71    'y[15,1]'                 0.205437
72    'y[15,2]'                 0.794465
73    'y[15,3]'                 9.75301e-05
74    'L[1]'                    0
75    'L[2]'                  454.096
76    'L[3]'                  456.069
77    'L[4]'                  457.801
78    'L[5]'                  457.361
79    'L[6]'                  458.916
80    'L[7]'                  458.681
81    'L[8]'                  460.107
82    'L[9]'                  260.94
83    'L[10]'                 261.732
84    'L[11]'                 263.04
85    'L[12]'                 263.243
86    'L[13]'                 261.05
87    'L[14]'                 263.156
88    'L[15]'                 290.588
89    'x[1,1]'                  0.00726129
90    'x[1,2]'                  0.516504
91    'x[1,3]'                  0.476234
92    'x[2,1]'                  0.0101635
93    'x[2,2]'                  0.649459
94    'x[2,3]'                  0.340378
95    'x[3,1]'                  0.0204983
96    'x[3,2]'                  0.706886
97    'x[3,3]'                  0.272616
98    'x[4,1]'                  0.0334693
99    'x[4,2]'                  0.725461
100   'x[4,3]'                  0.24107
101   'x[5,1]'                  0.0648599
102   'x[5,2]'                  0.707487
103   'x[5,3]'                  0.227653
104   'x[6,1]'                  0.106783
105   'x[6,2]'                  0.688899
106   'x[6,3]'                  0.204319
107   'x[7,1]'                  0.155545
108   'x[7,2]'                  0.635685
109   'x[7,3]'                  0.208769
110   'x[8,1]'                  0.194891
111   'x[8,2]'                  0.60204
112   'x[8,3]'                  0.203069
113   'x[9,1]'                  0.204977
114   'x[9,2]'                  0.672582
115   'x[9,3]'                  0.122441
116   'x[10,1]'                 0.181942
117   'x[10,2]'                 0.760642
118   'x[10,3]'                 0.0574156
119   'x[11,1]'                 0.175068
120   'x[11,2]'                 0.783693
121   'x[11,3]'                 0.0412386
122   'x[12,1]'                 0.117098
123   'x[12,2]'                 0.857458
124   'x[12,3]'                 0.0254435
125   'x[13,1]'                 0.0943895
126   'x[13,2]'                 0.89585
127   'x[13,3]'                 0.00976084
128   'x[14,1]'                 0.081423
129   'x[14,2]'                 0.915082
130   'x[14,3]'                 0.00349522
131   'x[15,1]'                 0.373966
132   'x[15,2]'                 0.62526
133   'x[15,3]'                 0.000774755
134   PC                      110.286
135   PR                      139.798
136   'T[1]'                  378.158
137   'T[2]'                  375.674
138   'T[3]'                  374.204
139   'T[4]'                  373.465
140   'T[5]'                  372.261
141   'T[6]'                  371.191
142   'T[7]'                  369.983
143   'T[8]'                  369.182
144   'T[9]'                  368.062
145   'T[10]'                 367.037
146   'T[11]'                 367.411
147   'T[12]'                 368.303
148   'T[13]'                 367.142
149   'T[14]'                 367.189
150   'T[15]'                 387.771
151   TF                      368.932
152   QC                     4288.82
153   QR                     3730.28
154   'H[1,1]'                  2.14001
155   'H[1,2]'                  2.05711
156   'H[1,3]'                  2.57991
157   'H[2,1]'                  2.06843
158   'H[2,2]'                  1.98865
159   'H[2,3]'                  2.49321
160   'H[3,1]'                  2.02622
161   'H[3,2]'                  1.94828
162   'H[3,3]'                  2.4421
163   'H[4,1]'                  2.00504
164   'H[4,2]'                  1.92802
165   'H[4,3]'                  2.41647
166   'H[5,1]'                  1.97062
167   'H[5,2]'                  1.89509
168   'H[5,3]'                  2.3748
169   'H[6,1]'                  1.94009
170   'H[6,2]'                  1.86588
171   'H[6,3]'                  2.33786
172   'H[7,1]'                  1.9057
173   'H[7,2]'                  1.83297
174   'H[7,3]'                  2.29625
175   'H[8,1]'                  1.88296
176   'H[8,2]'                  1.81121
177   'H[8,3]'                  2.26874
178   'H[9,1]'                  1.85121
179   'H[9,2]'                  1.78082
180   'H[9,3]'                  2.23034
181   'H[10,1]'                 1.82221
182   'H[10,2]'                 1.75306
183   'H[10,3]'                 2.19527
184   'H[11,1]'                 1.83279
185   'H[11,2]'                 1.76319
186   'H[11,3]'                 2.20806
187   'H[12,1]'                 1.85805
188   'H[12,2]'                 1.78736
189   'H[12,3]'                 2.23861
190   'H[13,1]'                 1.82518
191   'H[13,2]'                 1.7559
192   'H[13,3]'                 2.19886
193   'H[14,1]'                 1.82652
194   'H[14,2]'                 1.75718
195   'H[14,3]'                 2.20048
196   'H[15,1]'                 2.4204
197   'H[15,2]'                 2.32513
198   'H[15,3]'                 2.91986
199   'HF[1]'                   1.87586
200   'HF[2]'                   1.80442
201   'HF[3]'                   2.26016
202   'h[1,1]'                 -8.14779
203   'h[1,2]'                 -9.32347
204   'h[1,3]'                 -9.85173
205   'h[2,1]'                 -8.29602
206   'h[2,2]'                 -9.45511
207   'h[2,3]'                -10.0145
208   'h[3,1]'                 -8.38318
209   'h[3,2]'                 -9.53259
210   'h[3,3]'                -10.1102
211   'h[4,1]'                 -8.42686
212   'h[4,2]'                 -9.57142
213   'h[4,3]'                -10.1582
214   'h[5,1]'                 -8.49775
215   'h[5,2]'                 -9.6345
216   'h[5,3]'                -10.2361
217   'h[6,1]'                 -8.56054
218   'h[6,2]'                 -9.69037
219   'h[6,3]'                -10.3051
220   'h[7,1]'                 -8.63116
221   'h[7,2]'                 -9.75326
222   'h[7,3]'                -10.3827
223   'h[8,1]'                 -8.67782
224   'h[8,2]'                 -9.79482
225   'h[8,3]'                -10.434
226   'h[9,1]'                 -8.74285
227   'h[9,2]'                 -9.85278
228   'h[9,3]'                -10.5055
229   'h[10,1]'                -8.8022
230   'h[10,2]'                -9.90568
231   'h[10,3]'               -10.5708
232   'h[11,1]'                -8.78055
233   'h[11,2]'                -9.88638
234   'h[11,3]'               -10.547
235   'h[12,1]'                -8.72886
236   'h[12,2]'                -9.84031
237   'h[12,3]'               -10.4901
238   'h[13,1]'                -8.79612
239   'h[13,2]'                -9.90026
240   'h[13,3]'               -10.5641
241   'h[14,1]'                -8.79339
242   'h[14,2]'                -9.89783
243   'h[14,3]'               -10.5611
244   'h[15,1]'                -7.56208
245   'h[15,2]'                -8.80472
246   'h[15,3]'                -9.20983
247   'hF[1]'                  -8.69236
248   'hF[2]'                  -9.80778
249   'hF[3]'                 -10.45
250   'tauGamma[1,1,1]'     1e-06
251   'tauGamma[1,1,2]'         0.024209
252   'tauGamma[1,1,3]'     1e-06
253   'tauGamma[1,2,1]'         0.024519
254   'tauGamma[1,2,2]'     1e-06
255   'tauGamma[1,2,3]'     1e-06
256   'tauGamma[1,3,1]'     1e-06
257   'tauGamma[1,3,2]'     1e-06
258   'tauGamma[1,3,3]'     1e-06
259   'tauGamma[2,1,1]'     1e-06
260   'tauGamma[2,1,2]'         0.024369
261   'tauGamma[2,1,3]'     1e-06
262   'tauGamma[2,2,1]'         0.0246811
263   'tauGamma[2,2,2]'     1e-06
264   'tauGamma[2,2,3]'     1e-06
265   'tauGamma[2,3,1]'     1e-06
266   'tauGamma[2,3,2]'     1e-06
267   'tauGamma[2,3,3]'     1e-06
268   'tauGamma[3,1,1]'     1e-06
269   'tauGamma[3,1,2]'         0.0244648
270   'tauGamma[3,1,3]'     1e-06
271   'tauGamma[3,2,1]'         0.0247781
272   'tauGamma[3,2,2]'     1e-06
273   'tauGamma[3,2,3]'     1e-06
274   'tauGamma[3,3,1]'     1e-06
275   'tauGamma[3,3,2]'     1e-06
276   'tauGamma[3,3,3]'     1e-06
277   'tauGamma[4,1,1]'     1e-06
278   'tauGamma[4,1,2]'         0.0245132
279   'tauGamma[4,1,3]'     1e-06
280   'tauGamma[4,2,1]'         0.0248271
281   'tauGamma[4,2,2]'     1e-06
282   'tauGamma[4,2,3]'     1e-06
283   'tauGamma[4,3,1]'     1e-06
284   'tauGamma[4,3,2]'     1e-06
285   'tauGamma[4,3,3]'     1e-06
286   'tauGamma[5,1,1]'     1e-06
287   'tauGamma[5,1,2]'         0.0245925
288   'tauGamma[5,1,3]'     1e-06
289   'tauGamma[5,2,1]'         0.0249074
290   'tauGamma[5,2,2]'     1e-06
291   'tauGamma[5,2,3]'     1e-06
292   'tauGamma[5,3,1]'     1e-06
293   'tauGamma[5,3,2]'     1e-06
294   'tauGamma[5,3,3]'     1e-06
295   'tauGamma[6,1,1]'     1e-06
296   'tauGamma[6,1,2]'         0.0246634
297   'tauGamma[6,1,3]'     1e-06
298   'tauGamma[6,2,1]'         0.0249792
299   'tauGamma[6,2,2]'     1e-06
300   'tauGamma[6,2,3]'     1e-06
301   'tauGamma[6,3,1]'     1e-06
302   'tauGamma[6,3,2]'     1e-06
303   'tauGamma[6,3,3]'     1e-06
304   'tauGamma[7,1,1]'     1e-06
305   'tauGamma[7,1,2]'         0.0247439
306   'tauGamma[7,1,3]'     1e-06
307   'tauGamma[7,2,1]'         0.0250608
308   'tauGamma[7,2,2]'     1e-06
309   'tauGamma[7,2,3]'     1e-06
310   'tauGamma[7,3,1]'     1e-06
311   'tauGamma[7,3,2]'     1e-06
312   'tauGamma[7,3,3]'     1e-06
313   'tauGamma[8,1,1]'     1e-06
314   'tauGamma[8,1,2]'         0.0247976
315   'tauGamma[8,1,3]'     1e-06
316   'tauGamma[8,2,1]'         0.0251152
317   'tauGamma[8,2,2]'     1e-06
318   'tauGamma[8,2,3]'     1e-06
319   'tauGamma[8,3,1]'     1e-06
320   'tauGamma[8,3,2]'     1e-06
321   'tauGamma[8,3,3]'     1e-06
322   'tauGamma[9,1,1]'     1e-06
323   'tauGamma[9,1,2]'         0.024873
324   'tauGamma[9,1,3]'     1e-06
325   'tauGamma[9,2,1]'         0.0251916
326   'tauGamma[9,2,2]'     1e-06
327   'tauGamma[9,2,3]'     1e-06
328   'tauGamma[9,3,1]'     1e-06
329   'tauGamma[9,3,2]'     1e-06
330   'tauGamma[9,3,3]'     1e-06
331   'tauGamma[10,1,1]'    1e-06
332   'tauGamma[10,1,2]'        0.0249425
333   'tauGamma[10,1,3]'    1e-06
334   'tauGamma[10,2,1]'        0.0252619
335   'tauGamma[10,2,2]'    1e-06
336   'tauGamma[10,2,3]'    1e-06
337   'tauGamma[10,3,1]'    1e-06
338   'tauGamma[10,3,2]'    1e-06
339   'tauGamma[10,3,3]'    1e-06
340   'tauGamma[11,1,1]'    1e-06
341   'tauGamma[11,1,2]'        0.0249171
342   'tauGamma[11,1,3]'    1e-06
343   'tauGamma[11,2,1]'        0.0252362
344   'tauGamma[11,2,2]'    1e-06
345   'tauGamma[11,2,3]'    1e-06
346   'tauGamma[11,3,1]'    1e-06
347   'tauGamma[11,3,2]'    1e-06
348   'tauGamma[11,3,3]'    1e-06
349   'tauGamma[12,1,1]'    1e-06
350   'tauGamma[12,1,2]'        0.0248567
351   'tauGamma[12,1,3]'    1e-06
352   'tauGamma[12,2,1]'        0.0251751
353   'tauGamma[12,2,2]'    1e-06
354   'tauGamma[12,2,3]'    1e-06
355   'tauGamma[12,3,1]'    1e-06
356   'tauGamma[12,3,2]'    1e-06
357   'tauGamma[12,3,3]'    1e-06
358   'tauGamma[13,1,1]'    1e-06
359   'tauGamma[13,1,2]'        0.0249354
360   'tauGamma[13,1,3]'    1e-06
361   'tauGamma[13,2,1]'        0.0252547
362   'tauGamma[13,2,2]'    1e-06
363   'tauGamma[13,2,3]'    1e-06
364   'tauGamma[13,3,1]'    1e-06
365   'tauGamma[13,3,2]'    1e-06
366   'tauGamma[13,3,3]'    1e-06
367   'tauGamma[14,1,1]'    1e-06
368   'tauGamma[14,1,2]'        0.0249321
369   'tauGamma[14,1,3]'    1e-06
370   'tauGamma[14,2,1]'        0.0252514
371   'tauGamma[14,2,2]'    1e-06
372   'tauGamma[14,2,3]'    1e-06
373   'tauGamma[14,3,1]'    1e-06
374   'tauGamma[14,3,2]'    1e-06
375   'tauGamma[14,3,3]'    1e-06
376   'tauGamma[15,1,1]'    1e-06
377   'tauGamma[15,1,2]'        0.0236088
378   'tauGamma[15,1,3]'    1e-06
379   'tauGamma[15,2,1]'        0.0239112
380   'tauGamma[15,2,2]'    1e-06
381   'tauGamma[15,2,3]'    1e-06
382   'tauGamma[15,3,1]'    1e-06
383   'tauGamma[15,3,2]'    1e-06
384   'tauGamma[15,3,3]'    1e-06
385   'PGamma[1,1,1]'           1
386   'PGamma[1,1,2]'           0.992764
387   'PGamma[1,1,3]'           1
388   'PGamma[1,2,1]'           0.992671
389   'PGamma[1,2,2]'           1
390   'PGamma[1,2,3]'           1
391   'PGamma[1,3,1]'           1
392   'PGamma[1,3,2]'           1
393   'PGamma[1,3,3]'           1
394   'PGamma[2,1,1]'           1
395   'PGamma[2,1,2]'           0.992716
396   'PGamma[2,1,3]'           1
397   'PGamma[2,2,1]'           0.992623
398   'PGamma[2,2,2]'           1
399   'PGamma[2,2,3]'           1
400   'PGamma[2,3,1]'           1
401   'PGamma[2,3,2]'           1
402   'PGamma[2,3,3]'           1
403   'PGamma[3,1,1]'           1
404   'PGamma[3,1,2]'           0.992687
405   'PGamma[3,1,3]'           1
406   'PGamma[3,2,1]'           0.992594
407   'PGamma[3,2,2]'           1
408   'PGamma[3,2,3]'           1
409   'PGamma[3,3,1]'           1
410   'PGamma[3,3,2]'           1
411   'PGamma[3,3,3]'           1
412   'PGamma[4,1,1]'           1
413   'PGamma[4,1,2]'           0.992673
414   'PGamma[4,1,3]'           1
415   'PGamma[4,2,1]'           0.99258
416   'PGamma[4,2,2]'           1
417   'PGamma[4,2,3]'           1
418   'PGamma[4,3,1]'           1
419   'PGamma[4,3,2]'           1
420   'PGamma[4,3,3]'           1
421   'PGamma[5,1,1]'           1
422   'PGamma[5,1,2]'           0.992649
423   'PGamma[5,1,3]'           1
424   'PGamma[5,2,1]'           0.992556
425   'PGamma[5,2,2]'           1
426   'PGamma[5,2,3]'           1
427   'PGamma[5,3,1]'           1
428   'PGamma[5,3,2]'           1
429   'PGamma[5,3,3]'           1
430   'PGamma[6,1,1]'           1
431   'PGamma[6,1,2]'           0.992628
432   'PGamma[6,1,3]'           1
433   'PGamma[6,2,1]'           0.992534
434   'PGamma[6,2,2]'           1
435   'PGamma[6,2,3]'           1
436   'PGamma[6,3,1]'           1
437   'PGamma[6,3,2]'           1
438   'PGamma[6,3,3]'           1
439   'PGamma[7,1,1]'           1
440   'PGamma[7,1,2]'           0.992604
441   'PGamma[7,1,3]'           1
442   'PGamma[7,2,1]'           0.99251
443   'PGamma[7,2,2]'           1
444   'PGamma[7,2,3]'           1
445   'PGamma[7,3,1]'           1
446   'PGamma[7,3,2]'           1
447   'PGamma[7,3,3]'           1
448   'PGamma[8,1,1]'           1
449   'PGamma[8,1,2]'           0.992588
450   'PGamma[8,1,3]'           1
451   'PGamma[8,2,1]'           0.992494
452   'PGamma[8,2,2]'           1
453   'PGamma[8,2,3]'           1
454   'PGamma[8,3,1]'           1
455   'PGamma[8,3,2]'           1
456   'PGamma[8,3,3]'           1
457   'PGamma[9,1,1]'           1
458   'PGamma[9,1,2]'           0.992566
459   'PGamma[9,1,3]'           1
460   'PGamma[9,2,1]'           0.992471
461   'PGamma[9,2,2]'           1
462   'PGamma[9,2,3]'           1
463   'PGamma[9,3,1]'           1
464   'PGamma[9,3,2]'           1
465   'PGamma[9,3,3]'           1
466   'PGamma[10,1,1]'          1
467   'PGamma[10,1,2]'          0.992545
468   'PGamma[10,1,3]'          1
469   'PGamma[10,2,1]'          0.99245
470   'PGamma[10,2,2]'          1
471   'PGamma[10,2,3]'          1
472   'PGamma[10,3,1]'          1
473   'PGamma[10,3,2]'          1
474   'PGamma[10,3,3]'          1
475   'PGamma[11,1,1]'          1
476   'PGamma[11,1,2]'          0.992553
477   'PGamma[11,1,3]'          1
478   'PGamma[11,2,1]'          0.992458
479   'PGamma[11,2,2]'          1
480   'PGamma[11,2,3]'          1
481   'PGamma[11,3,1]'          1
482   'PGamma[11,3,2]'          1
483   'PGamma[11,3,3]'          1
484   'PGamma[12,1,1]'          1
485   'PGamma[12,1,2]'          0.992571
486   'PGamma[12,1,3]'          1
487   'PGamma[12,2,1]'          0.992476
488   'PGamma[12,2,2]'          1
489   'PGamma[12,2,3]'          1
490   'PGamma[12,3,1]'          1
491   'PGamma[12,3,2]'          1
492   'PGamma[12,3,3]'          1
493   'PGamma[13,1,1]'          1
494   'PGamma[13,1,2]'          0.992547
495   'PGamma[13,1,3]'          1
496   'PGamma[13,2,1]'          0.992452
497   'PGamma[13,2,2]'          1
498   'PGamma[13,2,3]'          1
499   'PGamma[13,3,1]'          1
500   'PGamma[13,3,2]'          1
501   'PGamma[13,3,3]'          1
502   'PGamma[14,1,1]'          1
503   'PGamma[14,1,2]'          0.992548
504   'PGamma[14,1,3]'          1
505   'PGamma[14,2,1]'          0.992453
506   'PGamma[14,2,2]'          1
507   'PGamma[14,2,3]'          1
508   'PGamma[14,3,1]'          1
509   'PGamma[14,3,2]'          1
510   'PGamma[14,3,3]'          1
511   'PGamma[15,1,1]'          1
512   'PGamma[15,1,2]'          0.992942
513   'PGamma[15,1,3]'          1
514   'PGamma[15,2,1]'          0.992852
515   'PGamma[15,2,2]'          1
516   'PGamma[15,2,3]'          1
517   'PGamma[15,3,1]'          1
518   'PGamma[15,3,2]'          1
519   'PGamma[15,3,3]'          1
520   'SGamma1[1,1]'            0.0125718
521   'SGamma1[1,2]'            0.000175509
522   'SGamma1[1,3]'        1e-06
523   'SGamma1[2,1]'            0.0159115
524   'SGamma1[2,2]'            0.000246861
525   'SGamma1[2,3]'        1e-06
526   'SGamma1[3,1]'            0.0173858
527   'SGamma1[3,2]'            0.000498797
528   'SGamma1[3,3]'        1e-06
529   'SGamma1[4,1]'            0.0178777
530   'SGamma1[4,2]'            0.000815396
531   'SGamma1[4,3]'        1e-06
532   'SGamma1[5,1]'            0.0174908
533   'SGamma1[5,2]'            0.00158428
534   'SGamma1[5,3]'        1e-06
535   'SGamma1[6,1]'            0.01708
536   'SGamma1[6,2]'            0.0026151
537   'SGamma1[6,3]'        1e-06
538   'SGamma1[7,1]'            0.0158118
539   'SGamma1[7,2]'            0.00382117
540   'SGamma1[7,3]'        1e-06
541   'SGamma1[8,1]'            0.0150072
542   'SGamma1[8,2]'            0.00479781
543   'SGamma1[8,3]'        1e-06
544   'SGamma1[9,1]'            0.0168161
545   'SGamma1[9,2]'            0.00506129
546   'SGamma1[9,3]'        1e-06
547   'SGamma1[10,1]'           0.0190705
548   'SGamma1[10,2]'           0.00450507
549   'SGamma1[10,3]'       1e-06
550   'SGamma1[11,1]'           0.0196285
551   'SGamma1[11,2]'           0.00433053
552   'SGamma1[11,3]'       1e-06
553   'SGamma1[12,1]'           0.0214243
554   'SGamma1[12,2]'           0.00288994
555   'SGamma1[12,3]'       1e-06
556   'SGamma1[13,1]'           0.0224537
557   'SGamma1[13,2]'           0.002337
558   'SGamma1[13,3]'       1e-06
559   'SGamma1[14,1]'           0.0229328
560   'SGamma1[14,2]'           0.00201584
561   'SGamma1[14,3]'       1e-06
562   'SGamma1[15,1]'           0.0148442
563   'SGamma1[15,2]'           0.00876721
564   'SGamma1[15,3]'       1e-06
565   'SGamma2[1,1]'            0.996215
566   'SGamma2[1,2]'            0.999947
567   'SGamma2[1,3]'            1
568   'SGamma2[2,1]'            0.995209
569   'SGamma2[2,2]'            0.999926
570   'SGamma2[2,3]'            1
571   'SGamma2[3,1]'            0.994765
572   'SGamma2[3,2]'            0.99985
573   'SGamma2[3,3]'            1
574   'SGamma2[4,1]'            0.994617
575   'SGamma2[4,2]'            0.999755
576   'SGamma2[4,3]'            1
577   'SGamma2[5,1]'            0.994733
578   'SGamma2[5,2]'            0.999523
579   'SGamma2[5,3]'            1
580   'SGamma2[6,1]'            0.994857
581   'SGamma2[6,2]'            0.999213
582   'SGamma2[6,3]'            1
583   'SGamma2[7,1]'            0.995239
584   'SGamma2[7,2]'            0.99885
585   'SGamma2[7,3]'            1
586   'SGamma2[8,1]'            0.995481
587   'SGamma2[8,2]'            0.998556
588   'SGamma2[8,3]'            1
589   'SGamma2[9,1]'            0.994936
590   'SGamma2[9,2]'            0.998476
591   'SGamma2[9,3]'            1
592   'SGamma2[10,1]'           0.994257
593   'SGamma2[10,2]'           0.998644
594   'SGamma2[10,3]'           1
595   'SGamma2[11,1]'           0.994089
596   'SGamma2[11,2]'           0.998696
597   'SGamma2[11,3]'           1
598   'SGamma2[12,1]'           0.993548
599   'SGamma2[12,2]'           0.99913
600   'SGamma2[12,3]'           1
601   'SGamma2[13,1]'           0.993238
602   'SGamma2[13,2]'           0.999297
603   'SGamma2[13,3]'           1
604   'SGamma2[14,1]'           0.993094
605   'SGamma2[14,2]'           0.999393
606   'SGamma2[14,3]'           1
607   'SGamma2[15,1]'           0.995531
608   'SGamma2[15,2]'           0.997361
609   'SGamma2[15,3]'           1
610   'gamma[1,1]'              1.02516
611   'gamma[1,2]'              1.00017
612   'gamma[1,3]'              0.999819
613   'gamma[2,1]'              1.03188
614   'gamma[2,2]'              1.00018
615   'gamma[2,3]'              0.999678
616   'gamma[3,1]'              1.03452
617   'gamma[3,2]'              1.0003
618   'gamma[3,3]'              0.999289
619   'gamma[4,1]'              1.03504
620   'gamma[4,2]'              1.00045
621   'gamma[4,3]'              0.998806
622   'gamma[5,1]'              1.03314
623   'gamma[5,2]'              1.00094
624   'gamma[5,3]'              0.997736
625   'gamma[6,1]'              1.03088
626   'gamma[6,2]'              1.00165
627   'gamma[6,3]'              0.996361
628   'gamma[7,1]'              1.02698
629   'gamma[7,2]'              1.00282
630   'gamma[7,3]'              0.995096
631   'gamma[8,1]'              1.02438
632   'gamma[8,2]'              1.00387
633   'gamma[8,3]'              0.994171
634   'gamma[9,1]'              1.02702
635   'gamma[9,2]'              1.00336
636   'gamma[9,3]'              0.993129
637   'gamma[10,1]'             1.03161
638   'gamma[10,2]'             1.00218
639   'gamma[10,3]'             0.99308
640   'gamma[11,1]'             1.03283
641   'gamma[11,2]'             1.0019
642   'gamma[11,3]'             0.993146
643   'gamma[12,1]'             1.03845
644   'gamma[12,2]'             1.00083
645   'gamma[12,3]'             0.994991
646   'gamma[13,1]'             1.0414
647   'gamma[13,2]'             1.00049
648   'gamma[13,3]'             0.995766
649   'gamma[14,1]'             1.04292
650   'gamma[14,2]'             1.00035
651   'gamma[14,3]'             0.996269
652   'gamma[15,1]'             1.01871
653   'gamma[15,2]'             1.00666
654   'gamma[15,3]'             0.988951
655   'PrS[1,1]'           231444
656   'PrS[1,2]'           133932
657   'PrS[1,3]'            62809.3
658   'PrS[2,1]'           212520
659   'PrS[2,2]'           122441
660   'PrS[2,3]'            56998
661   'PrS[3,1]'           201921
662   'PrS[3,2]'           116026
663   'PrS[3,3]'            53772.2
664   'PrS[4,1]'           196755
665   'PrS[4,2]'           112906
666   'PrS[4,3]'            52207.8
667   'PrS[5,1]'           188570
668   'PrS[5,2]'           107969
669   'PrS[5,3]'            49740.5
670   'PrS[6,1]'           181528
671   'PrS[6,2]'           103731
672   'PrS[6,3]'            47629.1
673   'PrS[7,1]'           173835
674   'PrS[7,2]'            99110.3
675   'PrS[7,3]'            45334.8
676   'PrS[8,1]'           168884
677   'PrS[8,2]'            96141.7
678   'PrS[8,3]'            43865.4
679   'PrS[9,1]'           162154
680   'PrS[9,2]'            92113
681   'PrS[9,3]'            41877.1
682   'PrS[10,1]'          156184
683   'PrS[10,2]'           88546.5
684   'PrS[10,3]'           40122.8
685   'PrS[11,1]'          158343
686   'PrS[11,2]'           89835.4
687   'PrS[11,3]'           40756.2
688   'PrS[12,1]'          163585
689   'PrS[12,2]'           92969.1
690   'PrS[12,3]'           42299.1
691   'PrS[13,1]'          156788
692   'PrS[13,2]'           88907
693   'PrS[13,3]'           40299.9
694   'PrS[14,1]'          157060
695   'PrS[14,2]'           89069.5
696   'PrS[14,3]'           40379.7
697   'PrS[15,1]'          317820
698   'PrS[15,2]'          186924
699   'PrS[15,3]'           90064.9
700   'PrSF[1]'            167362
701   'PrSF[2]'             95229.8
702   'PrSF[3]'             43414.8
;

