solve_message = 'MINOS 5.51: infeasible problem (or bad starting guess).\
1369 iterations\
Nonlin evals: constrs = 422, Jac = 422.'

:           _varname              _var          :=
1      'F[2]'                    0
2      'F[3]'                    0
3      'F[4]'                    0
4      'F[5]'                    0
5      'F[6]'                    0
6      'F[7]'                    0
7      'F[8]'                    0
8      'F[9]'                    0
9      'F[10]'                   0
10     'F[11]'                   0
11     'F[12]'                   0
12     'F[13]'                   0
13     'F[14]'                   0
14     'F[15]'                 200
15     'F[16]'                   0
16     'F[17]'                   0
17     'F[18]'                   0
18     'F[19]'                   0
19     'F[20]'                   0
20     'F[21]'                   0
21     'F[22]'                   0
22     'F[23]'                   0
23     'F[24]'                   0
24     'F[25]'                   0
25     'F[26]'                   0
26     'F[27]'                   0
27     'F[28]'                   0
28     'F[29]'                   0
29     'V[1]'                  150.22
30     'V[2]'                  151.301
31     'V[3]'                  151.998
32     'V[4]'                  152.452
33     'V[5]'                  152.77
34     'V[6]'                  152.999
35     'V[7]'                  153.162
36     'V[8]'                  153.281
37     'V[9]'                  153.369
38     'V[10]'                 153.432
39     'V[11]'                 153.476
40     'V[12]'                 153.506
41     'V[13]'                 153.527
42     'V[14]'                 153.541
43     'V[15]'                 153.795
44     'V[16]'                 188.06
45     'V[17]'                 188.053
46     'V[18]'                 188.044
47     'V[19]'                 188.04
48     'V[20]'                 188.043
49     'V[21]'                 188.068
50     'V[22]'                 188.07
51     'V[23]'                 188.068
52     'V[24]'                 188.078
53     'V[25]'                 188.098
54     'V[26]'                 188.098
55     'V[27]'                 188.117
56     'V[28]'                 188.134
57     'V[29]'                 188.187
58     'V[30]'                   0
59     'y[1,1]'                  0.0318365
60     'y[1,2]'                  0.606844
61     'y[1,3]'                  0.36132
62     'y[2,1]'                  0.104205
63     'y[2,2]'                  0.649349
64     'y[2,3]'                  0.246446
65     'y[3,1]'                  0.187197
66     'y[3,2]'                  0.621306
67     'y[3,3]'                  0.191497
68     'y[4,1]'                  0.263693
69     'y[4,2]'                  0.57105
70     'y[4,3]'                  0.165257
71     'y[5,1]'                  0.32696
72     'y[5,2]'                  0.521684
73     'y[5,3]'                  0.151356
74     'y[6,1]'                  0.375976
75     'y[6,2]'                  0.481
76     'y[6,3]'                  0.143024
77     'y[7,1]'                  0.412346
78     'y[7,2]'                  0.450044
79     'y[7,3]'                  0.13761
80     'y[8,1]'                  0.437069
81     'y[8,2]'                  0.428977
82     'y[8,3]'                  0.133955
83     'y[9,1]'                  0.455396
84     'y[9,2]'                  0.413112
85     'y[9,3]'                  0.131493
86     'y[10,1]'                 0.468671
87     'y[10,2]'                 0.401556
88     'y[10,3]'                 0.129774
89     'y[11,1]'                 0.47812
90     'y[11,2]'                 0.393297
91     'y[11,3]'                 0.128583
92     'y[12,1]'                 0.484603
93     'y[12,2]'                 0.387628
94     'y[12,3]'                 0.127769
95     'y[13,1]'                 0.489018
96     'y[13,2]'                 0.383723
97     'y[13,3]'                 0.127259
98     'y[14,1]'                 0.491958
99     'y[14,2]'                 0.381091
100    'y[14,3]'                 0.126952
101    'y[15,1]'                 0.494793
102    'y[15,2]'                 0.379474
103    'y[15,3]'                 0.125733
104    'y[16,1]'                 0.320044
105    'y[16,2]'                 0.616267
106    'y[16,3]'                 0.0636888
107    'y[17,1]'                 0.318134
108    'y[17,2]'                 0.614735
109    'y[17,3]'                 0.0671314
110    'y[18,1]'                 0.318901
111    'y[18,2]'                 0.61369
112    'y[18,3]'                 0.0674097
113    'y[19,1]'                 0.319571
114    'y[19,2]'                 0.613266
115    'y[19,3]'                 0.0671625
116    'y[20,1]'                 0.321643
117    'y[20,2]'                 0.611387
118    'y[20,3]'                 0.0669696
119    'y[21,1]'                 0.323947
120    'y[21,2]'                 0.610495
121    'y[21,3]'                 0.0655586
122    'y[22,1]'                 0.324246
123    'y[22,2]'                 0.608404
124    'y[22,3]'                 0.0673493
125    'y[23,1]'                 0.32562
126    'y[23,2]'                 0.606562
127    'y[23,3]'                 0.0678188
128    'y[24,1]'                 0.326554
129    'y[24,2]'                 0.606462
130    'y[24,3]'                 0.0669844
131    'y[25,1]'                 0.331789
132    'y[25,2]'                 0.601624
133    'y[25,3]'                 0.0665874
134    'y[26,1]'                 0.336531
135    'y[26,2]'                 0.594766
136    'y[26,3]'                 0.0687031
137    'y[27,1]'                 0.337051
138    'y[27,2]'                 0.595605
139    'y[27,3]'                 0.067344
140    'y[28,1]'                 0.340555
141    'y[28,2]'                 0.591818
142    'y[28,3]'                 0.0676269
143    'y[29,1]'                 0.345907
144    'y[29,2]'                 0.588739
145    'y[29,3]'                 0.0653534
146    'y[30,1]'                 0.424991
147    'y[30,2]'                 0.569715
148    'y[30,3]'                 0.00529406
149    'L[1]'                    0
150    'L[2]'                  251.944
151    'L[3]'                  253.025
152    'L[4]'                  253.722
153    'L[5]'                  254.176
154    'L[6]'                  254.493
155    'L[7]'                  254.723
156    'L[8]'                  254.886
157    'L[9]'                  255.005
158    'L[10]'                 255.092
159    'L[11]'                 255.155
160    'L[12]'                 255.199
161    'L[13]'                 255.23
162    'L[14]'                 255.25
163    'L[15]'                 255.265
164    'L[16]'                  55.5189
165    'L[17]'                  49.2671
166    'L[18]'                  49.2599
167    'L[19]'                  49.251
168    'L[20]'                  49.2474
169    'L[21]'                  49.2505
170    'L[22]'                  49.2752
171    'L[23]'                  49.277
172    'L[24]'                  49.2755
173    'L[25]'                  49.2849
174    'L[26]'                  49.305
175    'L[27]'                  49.3054
176    'L[28]'                  49.3244
177    'L[29]'                  49.3408
178    'L[30]'                  49.3937
179    'x[1,1]'                  0
180    'x[1,2]'                  0.438086
181    'x[1,3]'                  0.561914
182    'x[2,1]'                  0.0310937
183    'x[2,2]'                  0.533085
184    'x[2,3]'                  0.435821
185    'x[3,1]'                  0.0785002
186    'x[3,2]'                  0.553803
187    'x[3,3]'                  0.367697
188    'x[4,1]'                  0.127884
189    'x[4,2]'                  0.536157
190    'x[4,3]'                  0.335959
191    'x[5,1]'                  0.17161
192    'x[5,2]'                  0.507357
193    'x[5,3]'                  0.321033
194    'x[6,1]'                  0.207033
195    'x[6,2]'                  0.479777
196    'x[6,3]'                  0.31319
197    'x[7,1]'                  0.234117
198    'x[7,2]'                  0.457336
199    'x[7,3]'                  0.308547
200    'x[8,1]'                  0.252813
201    'x[8,2]'                  0.441864
202    'x[8,3]'                  0.305322
203    'x[9,1]'                  0.266871
204    'x[9,2]'                  0.42975
205    'x[9,3]'                  0.303379
206    'x[10,1]'                 0.277172
207    'x[10,2]'                 0.420754
208    'x[10,3]'                 0.302074
209    'x[11,1]'                 0.284558
210    'x[11,2]'                 0.414247
211    'x[11,3]'                 0.301195
212    'x[12,1]'                 0.289647
213    'x[12,2]'                 0.40976
214    'x[12,3]'                 0.300592
215    'x[13,1]'                 0.293106
216    'x[13,2]'                 0.406629
217    'x[13,3]'                 0.300265
218    'x[14,1]'                 0.295401
219    'x[14,2]'                 0.40449
220    'x[14,3]'                 0.300109
221    'x[15,1]'                 0.297936
222    'x[15,2]'                 0.403879
223    'x[15,3]'                 0.298185
224    'x[16,1]'                 0.189848
225    'x[16,2]'                 0.657916
226    'x[16,3]'                 0.152235
227    'x[17,1]'                 0.186543
228    'x[17,2]'                 0.655819
229    'x[17,3]'                 0.157639
230    'x[18,1]'                 0.187173
231    'x[18,2]'                 0.654338
232    'x[18,3]'                 0.158489
233    'x[19,1]'                 0.18793
234    'x[19,2]'                 0.653744
235    'x[19,3]'                 0.158326
236    'x[20,1]'                 0.18968
237    'x[20,2]'                 0.651888
238    'x[20,3]'                 0.158431
239    'x[21,1]'                 0.191917
240    'x[21,2]'                 0.652026
241    'x[21,3]'                 0.156056
242    'x[22,1]'                 0.191178
243    'x[22,2]'                 0.649756
244    'x[22,3]'                 0.159067
245    'x[23,1]'                 0.192081
246    'x[23,2]'                 0.647698
247    'x[23,3]'                 0.16022
248    'x[24,1]'                 0.193183
249    'x[24,2]'                 0.647956
250    'x[24,3]'                 0.158861
251    'x[25,1]'                 0.197355
252    'x[25,2]'                 0.643667
253    'x[25,3]'                 0.158978
254    'x[26,1]'                 0.200084
255    'x[26,2]'                 0.636304
256    'x[26,3]'                 0.163611
257    'x[27,1]'                 0.200959
258    'x[27,2]'                 0.637998
259    'x[27,3]'                 0.161043
260    'x[28,1]'                 0.20343
261    'x[28,2]'                 0.634594
262    'x[28,3]'                 0.161975
263    'x[29,1]'                 0.208137
264    'x[29,2]'                 0.633705
265    'x[29,3]'                 0.158158
266    'x[30,1]'                 0.28614
267    'x[30,2]'                 0.665079
268    'x[30,3]'                 0.0487806
269    PC                      138.793
270    PR                      101.724
271    'T[1]'                  379.88
272    'T[2]'                  376.544
273    'T[3]'                  374.228
274    'T[4]'                  372.633
275    'T[5]'                  371.493
276    'T[6]'                  370.664
277    'T[7]'                  370.064
278    'T[8]'                  369.654
279    'T[9]'                  369.355
280    'T[10]'                 369.14
281    'T[11]'                 368.987
282    'T[12]'                 368.882
283    'T[13]'                 368.812
284    'T[14]'                 368.767
285    'T[15]'                 368.692
286    'T[16]'                 368.683
287    'T[17]'                 368.821
288    'T[18]'                 368.822
289    'T[19]'                 368.806
290    'T[20]'                 368.775
291    'T[21]'                 368.701
292    'T[22]'                 368.758
293    'T[23]'                 368.758
294    'T[24]'                 368.719
295    'T[25]'                 368.645
296    'T[26]'                 368.661
297    'T[27]'                 368.609
298    'T[28]'                 368.578
299    'T[29]'                 368.438
300    'T[30]'                 365.44
301    TF                      368.932
302    QC                     2148.22
303    QR                     1793.09
304    'H[1,1]'                  2.18984
305    'H[1,2]'                  2.10476
306    'H[1,3]'                  2.64028
307    'H[2,1]'                  2.09346
308    'H[2,2]'                  2.01259
309    'H[2,3]'                  2.52352
310    'H[3,1]'                  2.0269
311    'H[3,2]'                  1.94893
312    'H[3,3]'                  2.44292
313    'H[4,1]'                  1.98124
314    'H[4,2]'                  1.90525
315    'H[4,3]'                  2.38765
316    'H[5,1]'                  1.94872
317    'H[5,2]'                  1.87413
318    'H[5,3]'                  2.3483
319    'H[6,1]'                  1.9251
320    'H[6,2]'                  1.85154
321    'H[6,3]'                  2.31972
322    'H[7,1]'                  1.90802
323    'H[7,2]'                  1.83519
324    'H[7,3]'                  2.29906
325    'H[8,1]'                  1.89635
326    'H[8,2]'                  1.82403
327    'H[8,3]'                  2.28494
328    'H[9,1]'                  1.88788
329    'H[9,2]'                  1.81592
330    'H[9,3]'                  2.27469
331    'H[10,1]'                 1.88177
332    'H[10,2]'                 1.81007
333    'H[10,3]'                 2.2673
334    'H[11,1]'                 1.87744
335    'H[11,2]'                 1.80592
336    'H[11,3]'                 2.26206
337    'H[12,1]'                 1.87447
338    'H[12,2]'                 1.80308
339    'H[12,3]'                 2.25846
340    'H[13,1]'                 1.87248
341    'H[13,2]'                 1.80118
342    'H[13,3]'                 2.25606
343    'H[14,1]'                 1.87119
344    'H[14,2]'                 1.79994
345    'H[14,3]'                 2.2545
346    'H[15,1]'                 1.86906
347    'H[15,2]'                 1.79791
348    'H[15,3]'                 2.25193
349    'H[16,1]'                 1.8688
350    'H[16,2]'                 1.79766
351    'H[16,3]'                 2.25162
352    'H[17,1]'                 1.87273
353    'H[17,2]'                 1.80142
354    'H[17,3]'                 2.25637
355    'H[18,1]'                 1.87275
356    'H[18,2]'                 1.80143
357    'H[18,3]'                 2.25638
358    'H[19,1]'                 1.87229
359    'H[19,2]'                 1.801
360    'H[19,3]'                 2.25583
361    'H[20,1]'                 1.87142
362    'H[20,2]'                 1.80017
363    'H[20,3]'                 2.25478
364    'H[21,1]'                 1.86931
365    'H[21,2]'                 1.79814
366    'H[21,3]'                 2.25222
367    'H[22,1]'                 1.87092
368    'H[22,2]'                 1.79969
369    'H[22,3]'                 2.25418
370    'H[23,1]'                 1.87092
371    'H[23,2]'                 1.79969
372    'H[23,3]'                 2.25418
373    'H[24,1]'                 1.86983
374    'H[24,2]'                 1.79864
375    'H[24,3]'                 2.25285
376    'H[25,1]'                 1.86773
377    'H[25,2]'                 1.79663
378    'H[25,3]'                 2.25032
379    'H[26,1]'                 1.86819
380    'H[26,2]'                 1.79707
381    'H[26,3]'                 2.25088
382    'H[27,1]'                 1.86672
383    'H[27,2]'                 1.79567
384    'H[27,3]'                 2.2491
385    'H[28,1]'                 1.86584
386    'H[28,2]'                 1.79482
387    'H[28,3]'                 2.24803
388    'H[29,1]'                 1.86187
389    'H[29,2]'                 1.79102
390    'H[29,3]'                 2.24323
391    'H[30,1]'                 1.77714
392    'H[30,2]'                 1.70992
393    'H[30,3]'                 2.14078
394    'HF[1]'                   1.87587
395    'HF[2]'                   1.80442
396    'HF[3]'                   2.26016
397    'h[1,1]'                 -8.04431
398    'h[1,2]'                 -9.23165
399    'h[1,3]'                 -9.73818
400    'h[2,1]'                 -8.24425
401    'h[2,2]'                 -9.40911
402    'h[2,3]'                 -9.9576
403    'h[3,1]'                 -8.38179
404    'h[3,2]'                 -9.53135
405    'h[3,3]'                -10.1087
406    'h[4,1]'                 -8.4759
407    'h[4,2]'                 -9.61505
408    'h[4,3]'                -10.212
409    'h[5,1]'                 -8.54281
410    'h[5,2]'                 -9.67459
411    'h[5,3]'                -10.2856
412    'h[6,1]'                 -8.59134
413    'h[6,2]'                 -9.7178
414    'h[6,3]'                -10.3389
415    'h[7,1]'                 -8.6264
416    'h[7,2]'                 -9.74902
417    'h[7,3]'                -10.3775
418    'h[8,1]'                 -8.65034
419    'h[8,2]'                 -9.77035
420    'h[8,3]'                -10.4038
421    'h[9,1]'                 -8.66772
422    'h[9,2]'                 -9.78583
423    'h[9,3]'                -10.4229
424    'h[10,1]'                -8.68025
425    'h[10,2]'                -9.79699
426    'h[10,3]'               -10.4367
427    'h[11,1]'                -8.68913
428    'h[11,2]'                -9.8049
429    'h[11,3]'               -10.4464
430    'h[12,1]'                -8.69522
431    'h[12,2]'                -9.81033
432    'h[12,3]'               -10.4531
433    'h[13,1]'                -8.69929
434    'h[13,2]'                -9.81396
435    'h[13,3]'               -10.4576
436    'h[14,1]'                -8.70194
437    'h[14,2]'                -9.81632
438    'h[14,3]'               -10.4605
439    'h[15,1]'                -8.7063
440    'h[15,2]'                -9.8202
441    'h[15,3]'               -10.4653
442    'h[16,1]'                -8.70683
443    'h[16,2]'                -9.82067
444    'h[16,3]'               -10.4659
445    'h[17,1]'                -8.69877
446    'h[17,2]'                -9.81349
447    'h[17,3]'               -10.457
448    'h[18,1]'                -8.69875
449    'h[18,2]'                -9.81347
450    'h[18,3]'               -10.457
451    'h[19,1]'                -8.69968
452    'h[19,2]'                -9.81431
453    'h[19,3]'               -10.458
454    'h[20,1]'                -8.70146
455    'h[20,2]'                -9.81589
456    'h[20,3]'               -10.46
457    'h[21,1]'                -8.7058
458    'h[21,2]'                -9.81975
459    'h[21,3]'               -10.4648
460    'h[22,1]'                -8.70248
461    'h[22,2]'                -9.8168
462    'h[22,3]'               -10.4611
463    'h[23,1]'                -8.70248
464    'h[23,2]'                -9.8168
465    'h[23,3]'               -10.4611
466    'h[24,1]'                -8.70473
467    'h[24,2]'                -9.8188
468    'h[24,3]'               -10.4636
469    'h[25,1]'                -8.70902
470    'h[25,2]'                -9.82263
471    'h[25,3]'               -10.4683
472    'h[26,1]'                -8.70808
473    'h[26,2]'                -9.82179
474    'h[26,3]'               -10.4673
475    'h[27,1]'                -8.71109
476    'h[27,2]'                -9.82447
477    'h[27,3]'               -10.4706
478    'h[28,1]'                -8.7129
479    'h[28,2]'                -9.82608
480    'h[28,3]'               -10.4726
481    'h[29,1]'                -8.72103
482    'h[29,2]'                -9.83333
483    'h[29,3]'               -10.4815
484    'h[30,1]'                -8.89426
485    'h[30,2]'                -9.9878
486    'h[30,3]'               -10.6721
487    'hF[1]'                  -8.69235
488    'hF[2]'                  -9.80777
489    'hF[3]'                 -10.45
490    'tauGamma[1,1,1]'     1e-06
491    'tauGamma[1,1,2]'         0.0240992
492    'tauGamma[1,1,3]'     1e-06
493    'tauGamma[1,2,1]'         0.0244079
494    'tauGamma[1,2,2]'     1e-06
495    'tauGamma[1,2,3]'     1e-06
496    'tauGamma[1,3,1]'     1e-06
497    'tauGamma[1,3,2]'     1e-06
498    'tauGamma[1,3,3]'     1e-06
499    'tauGamma[2,1,1]'     1e-06
500    'tauGamma[2,1,2]'         0.0243127
501    'tauGamma[2,1,3]'     1e-06
502    'tauGamma[2,2,1]'         0.0246241
503    'tauGamma[2,2,2]'     1e-06
504    'tauGamma[2,2,3]'     1e-06
505    'tauGamma[2,3,1]'     1e-06
506    'tauGamma[2,3,2]'     1e-06
507    'tauGamma[2,3,3]'     1e-06
508    'tauGamma[3,1,1]'     1e-06
509    'tauGamma[3,1,2]'         0.0244632
510    'tauGamma[3,1,3]'     1e-06
511    'tauGamma[3,2,1]'         0.0247765
512    'tauGamma[3,2,2]'     1e-06
513    'tauGamma[3,2,3]'     1e-06
514    'tauGamma[3,3,1]'     1e-06
515    'tauGamma[3,3,2]'     1e-06
516    'tauGamma[3,3,3]'     1e-06
517    'tauGamma[4,1,1]'     1e-06
518    'tauGamma[4,1,2]'         0.0245679
519    'tauGamma[4,1,3]'     1e-06
520    'tauGamma[4,2,1]'         0.0248826
521    'tauGamma[4,2,2]'     1e-06
522    'tauGamma[4,2,3]'     1e-06
523    'tauGamma[4,3,1]'     1e-06
524    'tauGamma[4,3,2]'     1e-06
525    'tauGamma[4,3,3]'     1e-06
526    'tauGamma[5,1,1]'     1e-06
527    'tauGamma[5,1,2]'         0.0246433
528    'tauGamma[5,1,3]'     1e-06
529    'tauGamma[5,2,1]'         0.0249589
530    'tauGamma[5,2,2]'     1e-06
531    'tauGamma[5,2,3]'     1e-06
532    'tauGamma[5,3,1]'     1e-06
533    'tauGamma[5,3,2]'     1e-06
534    'tauGamma[5,3,3]'     1e-06
535    'tauGamma[6,1,1]'     1e-06
536    'tauGamma[6,1,2]'         0.0246984
537    'tauGamma[6,1,3]'     1e-06
538    'tauGamma[6,2,1]'         0.0250147
539    'tauGamma[6,2,2]'     1e-06
540    'tauGamma[6,2,3]'     1e-06
541    'tauGamma[6,3,1]'     1e-06
542    'tauGamma[6,3,2]'     1e-06
543    'tauGamma[6,3,3]'     1e-06
544    'tauGamma[7,1,1]'     1e-06
545    'tauGamma[7,1,2]'         0.0247385
546    'tauGamma[7,1,3]'     1e-06
547    'tauGamma[7,2,1]'         0.0250553
548    'tauGamma[7,2,2]'     1e-06
549    'tauGamma[7,2,3]'     1e-06
550    'tauGamma[7,3,1]'     1e-06
551    'tauGamma[7,3,2]'     1e-06
552    'tauGamma[7,3,3]'     1e-06
553    'tauGamma[8,1,1]'     1e-06
554    'tauGamma[8,1,2]'         0.0247659
555    'tauGamma[8,1,3]'     1e-06
556    'tauGamma[8,2,1]'         0.0250831
557    'tauGamma[8,2,2]'     1e-06
558    'tauGamma[8,2,3]'     1e-06
559    'tauGamma[8,3,1]'     1e-06
560    'tauGamma[8,3,2]'     1e-06
561    'tauGamma[8,3,3]'     1e-06
562    'tauGamma[9,1,1]'     1e-06
563    'tauGamma[9,1,2]'         0.0247859
564    'tauGamma[9,1,3]'     1e-06
565    'tauGamma[9,2,1]'         0.0251034
566    'tauGamma[9,2,2]'     1e-06
567    'tauGamma[9,2,3]'     1e-06
568    'tauGamma[9,3,1]'     1e-06
569    'tauGamma[9,3,2]'     1e-06
570    'tauGamma[9,3,3]'     1e-06
571    'tauGamma[10,1,1]'    1e-06
572    'tauGamma[10,1,2]'        0.0248004
573    'tauGamma[10,1,3]'    1e-06
574    'tauGamma[10,2,1]'        0.025118
575    'tauGamma[10,2,2]'    1e-06
576    'tauGamma[10,2,3]'    1e-06
577    'tauGamma[10,3,1]'    1e-06
578    'tauGamma[10,3,2]'    1e-06
579    'tauGamma[10,3,3]'    1e-06
580    'tauGamma[11,1,1]'    1e-06
581    'tauGamma[11,1,2]'        0.0248107
582    'tauGamma[11,1,3]'    1e-06
583    'tauGamma[11,2,1]'        0.0251284
584    'tauGamma[11,2,2]'    1e-06
585    'tauGamma[11,2,3]'    1e-06
586    'tauGamma[11,3,1]'    1e-06
587    'tauGamma[11,3,2]'    1e-06
588    'tauGamma[11,3,3]'    1e-06
589    'tauGamma[12,1,1]'    1e-06
590    'tauGamma[12,1,2]'        0.0248177
591    'tauGamma[12,1,3]'    1e-06
592    'tauGamma[12,2,1]'        0.0251355
593    'tauGamma[12,2,2]'    1e-06
594    'tauGamma[12,2,3]'    1e-06
595    'tauGamma[12,3,1]'    1e-06
596    'tauGamma[12,3,2]'    1e-06
597    'tauGamma[12,3,3]'    1e-06
598    'tauGamma[13,1,1]'    1e-06
599    'tauGamma[13,1,2]'        0.0248224
600    'tauGamma[13,1,3]'    1e-06
601    'tauGamma[13,2,1]'        0.0251403
602    'tauGamma[13,2,2]'    1e-06
603    'tauGamma[13,2,3]'    1e-06
604    'tauGamma[13,3,1]'    1e-06
605    'tauGamma[13,3,2]'    1e-06
606    'tauGamma[13,3,3]'    1e-06
607    'tauGamma[14,1,1]'    1e-06
608    'tauGamma[14,1,2]'        0.0248255
609    'tauGamma[14,1,3]'    1e-06
610    'tauGamma[14,2,1]'        0.0251434
611    'tauGamma[14,2,2]'    1e-06
612    'tauGamma[14,2,3]'    1e-06
613    'tauGamma[14,3,1]'    1e-06
614    'tauGamma[14,3,2]'    1e-06
615    'tauGamma[14,3,3]'    1e-06
616    'tauGamma[15,1,1]'    1e-06
617    'tauGamma[15,1,2]'        0.0248305
618    'tauGamma[15,1,3]'    1e-06
619    'tauGamma[15,2,1]'        0.0251485
620    'tauGamma[15,2,2]'    1e-06
621    'tauGamma[15,2,3]'    1e-06
622    'tauGamma[15,3,1]'    1e-06
623    'tauGamma[15,3,2]'    1e-06
624    'tauGamma[15,3,3]'    1e-06
625    'tauGamma[16,1,1]'    1e-06
626    'tauGamma[16,1,2]'        0.0248311
627    'tauGamma[16,1,3]'    1e-06
628    'tauGamma[16,2,1]'        0.0251491
629    'tauGamma[16,2,2]'    1e-06
630    'tauGamma[16,2,3]'    1e-06
631    'tauGamma[16,3,1]'    1e-06
632    'tauGamma[16,3,2]'    1e-06
633    'tauGamma[16,3,3]'    1e-06
634    'tauGamma[17,1,1]'    1e-06
635    'tauGamma[17,1,2]'        0.0248218
636    'tauGamma[17,1,3]'    1e-06
637    'tauGamma[17,2,1]'        0.0251397
638    'tauGamma[17,2,2]'    1e-06
639    'tauGamma[17,2,3]'    1e-06
640    'tauGamma[17,3,1]'    1e-06
641    'tauGamma[17,3,2]'    1e-06
642    'tauGamma[17,3,3]'    1e-06
643    'tauGamma[18,1,1]'    1e-06
644    'tauGamma[18,1,2]'        0.0248218
645    'tauGamma[18,1,3]'    1e-06
646    'tauGamma[18,2,1]'        0.0251397
647    'tauGamma[18,2,2]'    1e-06
648    'tauGamma[18,2,3]'    1e-06
649    'tauGamma[18,3,1]'    1e-06
650    'tauGamma[18,3,2]'    1e-06
651    'tauGamma[18,3,3]'    1e-06
652    'tauGamma[19,1,1]'    1e-06
653    'tauGamma[19,1,2]'        0.0248229
654    'tauGamma[19,1,3]'    1e-06
655    'tauGamma[19,2,1]'        0.0251408
656    'tauGamma[19,2,2]'    1e-06
657    'tauGamma[19,2,3]'    1e-06
658    'tauGamma[19,3,1]'    1e-06
659    'tauGamma[19,3,2]'    1e-06
660    'tauGamma[19,3,3]'    1e-06
661    'tauGamma[20,1,1]'    1e-06
662    'tauGamma[20,1,2]'        0.0248249
663    'tauGamma[20,1,3]'    1e-06
664    'tauGamma[20,2,1]'        0.0251428
665    'tauGamma[20,2,2]'    1e-06
666    'tauGamma[20,2,3]'    1e-06
667    'tauGamma[20,3,1]'    1e-06
668    'tauGamma[20,3,2]'    1e-06
669    'tauGamma[20,3,3]'    1e-06
670    'tauGamma[21,1,1]'    1e-06
671    'tauGamma[21,1,2]'        0.0248299
672    'tauGamma[21,1,3]'    1e-06
673    'tauGamma[21,2,1]'        0.0251479
674    'tauGamma[21,2,2]'    1e-06
675    'tauGamma[21,2,3]'    1e-06
676    'tauGamma[21,3,1]'    1e-06
677    'tauGamma[21,3,2]'    1e-06
678    'tauGamma[21,3,3]'    1e-06
679    'tauGamma[22,1,1]'    1e-06
680    'tauGamma[22,1,2]'        0.0248261
681    'tauGamma[22,1,3]'    1e-06
682    'tauGamma[22,2,1]'        0.025144
683    'tauGamma[22,2,2]'    1e-06
684    'tauGamma[22,2,3]'    1e-06
685    'tauGamma[22,3,1]'    1e-06
686    'tauGamma[22,3,2]'    1e-06
687    'tauGamma[22,3,3]'    1e-06
688    'tauGamma[23,1,1]'    1e-06
689    'tauGamma[23,1,2]'        0.0248261
690    'tauGamma[23,1,3]'    1e-06
691    'tauGamma[23,2,1]'        0.025144
692    'tauGamma[23,2,2]'    1e-06
693    'tauGamma[23,2,3]'    1e-06
694    'tauGamma[23,3,1]'    1e-06
695    'tauGamma[23,3,2]'    1e-06
696    'tauGamma[23,3,3]'    1e-06
697    'tauGamma[24,1,1]'    1e-06
698    'tauGamma[24,1,2]'        0.0248287
699    'tauGamma[24,1,3]'    1e-06
700    'tauGamma[24,2,1]'        0.0251467
701    'tauGamma[24,2,2]'    1e-06
702    'tauGamma[24,2,3]'    1e-06
703    'tauGamma[24,3,1]'    1e-06
704    'tauGamma[24,3,2]'    1e-06
705    'tauGamma[24,3,3]'    1e-06
706    'tauGamma[25,1,1]'    1e-06
707    'tauGamma[25,1,2]'        0.0248337
708    'tauGamma[25,1,3]'    1e-06
709    'tauGamma[25,2,1]'        0.0251517
710    'tauGamma[25,2,2]'    1e-06
711    'tauGamma[25,2,3]'    1e-06
712    'tauGamma[25,3,1]'    1e-06
713    'tauGamma[25,3,2]'    1e-06
714    'tauGamma[25,3,3]'    1e-06
715    'tauGamma[26,1,1]'    1e-06
716    'tauGamma[26,1,2]'        0.0248326
717    'tauGamma[26,1,3]'    1e-06
718    'tauGamma[26,2,1]'        0.0251506
719    'tauGamma[26,2,2]'    1e-06
720    'tauGamma[26,2,3]'    1e-06
721    'tauGamma[26,3,1]'    1e-06
722    'tauGamma[26,3,2]'    1e-06
723    'tauGamma[26,3,3]'    1e-06
724    'tauGamma[27,1,1]'    1e-06
725    'tauGamma[27,1,2]'        0.0248361
726    'tauGamma[27,1,3]'    1e-06
727    'tauGamma[27,2,1]'        0.0251542
728    'tauGamma[27,2,2]'    1e-06
729    'tauGamma[27,2,3]'    1e-06
730    'tauGamma[27,3,1]'    1e-06
731    'tauGamma[27,3,2]'    1e-06
732    'tauGamma[27,3,3]'    1e-06
733    'tauGamma[28,1,1]'    1e-06
734    'tauGamma[28,1,2]'        0.0248382
735    'tauGamma[28,1,3]'    1e-06
736    'tauGamma[28,2,1]'        0.0251563
737    'tauGamma[28,2,2]'    1e-06
738    'tauGamma[28,2,3]'    1e-06
739    'tauGamma[28,3,1]'    1e-06
740    'tauGamma[28,3,2]'    1e-06
741    'tauGamma[28,3,3]'    1e-06
742    'tauGamma[29,1,1]'    1e-06
743    'tauGamma[29,1,2]'        0.0248476
744    'tauGamma[29,1,3]'    1e-06
745    'tauGamma[29,2,1]'        0.0251658
746    'tauGamma[29,2,2]'    1e-06
747    'tauGamma[29,2,3]'    1e-06
748    'tauGamma[29,3,1]'    1e-06
749    'tauGamma[29,3,2]'    1e-06
750    'tauGamma[29,3,3]'    1e-06
751    'tauGamma[30,1,1]'    1e-06
752    'tauGamma[30,1,2]'        0.0250515
753    'tauGamma[30,1,3]'    1e-06
754    'tauGamma[30,2,1]'        0.0253723
755    'tauGamma[30,2,2]'    1e-06
756    'tauGamma[30,2,3]'    1e-06
757    'tauGamma[30,3,1]'    1e-06
758    'tauGamma[30,3,2]'    1e-06
759    'tauGamma[30,3,3]'    1e-06
760    'PGamma[1,1,1]'           1
761    'PGamma[1,1,2]'           0.992796
762    'PGamma[1,1,3]'           1
763    'PGamma[1,2,1]'           0.992704
764    'PGamma[1,2,2]'           1
765    'PGamma[1,2,3]'           1
766    'PGamma[1,3,1]'           1
767    'PGamma[1,3,2]'           1
768    'PGamma[1,3,3]'           1
769    'PGamma[2,1,1]'           1
770    'PGamma[2,1,2]'           0.992733
771    'PGamma[2,1,3]'           1
772    'PGamma[2,2,1]'           0.99264
773    'PGamma[2,2,2]'           1
774    'PGamma[2,2,3]'           1
775    'PGamma[2,3,1]'           1
776    'PGamma[2,3,2]'           1
777    'PGamma[2,3,3]'           1
778    'PGamma[3,1,1]'           1
779    'PGamma[3,1,2]'           0.992688
780    'PGamma[3,1,3]'           1
781    'PGamma[3,2,1]'           0.992595
782    'PGamma[3,2,2]'           1
783    'PGamma[3,2,3]'           1
784    'PGamma[3,3,1]'           1
785    'PGamma[3,3,2]'           1
786    'PGamma[3,3,3]'           1
787    'PGamma[4,1,1]'           1
788    'PGamma[4,1,2]'           0.992657
789    'PGamma[4,1,3]'           1
790    'PGamma[4,2,1]'           0.992563
791    'PGamma[4,2,2]'           1
792    'PGamma[4,2,3]'           1
793    'PGamma[4,3,1]'           1
794    'PGamma[4,3,2]'           1
795    'PGamma[4,3,3]'           1
796    'PGamma[5,1,1]'           1
797    'PGamma[5,1,2]'           0.992634
798    'PGamma[5,1,3]'           1
799    'PGamma[5,2,1]'           0.99254
800    'PGamma[5,2,2]'           1
801    'PGamma[5,2,3]'           1
802    'PGamma[5,3,1]'           1
803    'PGamma[5,3,2]'           1
804    'PGamma[5,3,3]'           1
805    'PGamma[6,1,1]'           1
806    'PGamma[6,1,2]'           0.992618
807    'PGamma[6,1,3]'           1
808    'PGamma[6,2,1]'           0.992524
809    'PGamma[6,2,2]'           1
810    'PGamma[6,2,3]'           1
811    'PGamma[6,3,1]'           1
812    'PGamma[6,3,2]'           1
813    'PGamma[6,3,3]'           1
814    'PGamma[7,1,1]'           1
815    'PGamma[7,1,2]'           0.992606
816    'PGamma[7,1,3]'           1
817    'PGamma[7,2,1]'           0.992512
818    'PGamma[7,2,2]'           1
819    'PGamma[7,2,3]'           1
820    'PGamma[7,3,1]'           1
821    'PGamma[7,3,2]'           1
822    'PGamma[7,3,3]'           1
823    'PGamma[8,1,1]'           1
824    'PGamma[8,1,2]'           0.992598
825    'PGamma[8,1,3]'           1
826    'PGamma[8,2,1]'           0.992503
827    'PGamma[8,2,2]'           1
828    'PGamma[8,2,3]'           1
829    'PGamma[8,3,1]'           1
830    'PGamma[8,3,2]'           1
831    'PGamma[8,3,3]'           1
832    'PGamma[9,1,1]'           1
833    'PGamma[9,1,2]'           0.992592
834    'PGamma[9,1,3]'           1
835    'PGamma[9,2,1]'           0.992497
836    'PGamma[9,2,2]'           1
837    'PGamma[9,2,3]'           1
838    'PGamma[9,3,1]'           1
839    'PGamma[9,3,2]'           1
840    'PGamma[9,3,3]'           1
841    'PGamma[10,1,1]'          1
842    'PGamma[10,1,2]'          0.992587
843    'PGamma[10,1,3]'          1
844    'PGamma[10,2,1]'          0.992493
845    'PGamma[10,2,2]'          1
846    'PGamma[10,2,3]'          1
847    'PGamma[10,3,1]'          1
848    'PGamma[10,3,2]'          1
849    'PGamma[10,3,3]'          1
850    'PGamma[11,1,1]'          1
851    'PGamma[11,1,2]'          0.992584
852    'PGamma[11,1,3]'          1
853    'PGamma[11,2,1]'          0.99249
854    'PGamma[11,2,2]'          1
855    'PGamma[11,2,3]'          1
856    'PGamma[11,3,1]'          1
857    'PGamma[11,3,2]'          1
858    'PGamma[11,3,3]'          1
859    'PGamma[12,1,1]'          1
860    'PGamma[12,1,2]'          0.992582
861    'PGamma[12,1,3]'          1
862    'PGamma[12,2,1]'          0.992488
863    'PGamma[12,2,2]'          1
864    'PGamma[12,2,3]'          1
865    'PGamma[12,3,1]'          1
866    'PGamma[12,3,2]'          1
867    'PGamma[12,3,3]'          1
868    'PGamma[13,1,1]'          1
869    'PGamma[13,1,2]'          0.992581
870    'PGamma[13,1,3]'          1
871    'PGamma[13,2,1]'          0.992486
872    'PGamma[13,2,2]'          1
873    'PGamma[13,2,3]'          1
874    'PGamma[13,3,1]'          1
875    'PGamma[13,3,2]'          1
876    'PGamma[13,3,3]'          1
877    'PGamma[14,1,1]'          1
878    'PGamma[14,1,2]'          0.99258
879    'PGamma[14,1,3]'          1
880    'PGamma[14,2,1]'          0.992485
881    'PGamma[14,2,2]'          1
882    'PGamma[14,2,3]'          1
883    'PGamma[14,3,1]'          1
884    'PGamma[14,3,2]'          1
885    'PGamma[14,3,3]'          1
886    'PGamma[15,1,1]'          1
887    'PGamma[15,1,2]'          0.992579
888    'PGamma[15,1,3]'          1
889    'PGamma[15,2,1]'          0.992484
890    'PGamma[15,2,2]'          1
891    'PGamma[15,2,3]'          1
892    'PGamma[15,3,1]'          1
893    'PGamma[15,3,2]'          1
894    'PGamma[15,3,3]'          1
895    'PGamma[16,1,1]'          1
896    'PGamma[16,1,2]'          0.992578
897    'PGamma[16,1,3]'          1
898    'PGamma[16,2,1]'          0.992484
899    'PGamma[16,2,2]'          1
900    'PGamma[16,2,3]'          1
901    'PGamma[16,3,1]'          1
902    'PGamma[16,3,2]'          1
903    'PGamma[16,3,3]'          1
904    'PGamma[17,1,1]'          1
905    'PGamma[17,1,2]'          0.992581
906    'PGamma[17,1,3]'          1
907    'PGamma[17,2,1]'          0.992486
908    'PGamma[17,2,2]'          1
909    'PGamma[17,2,3]'          1
910    'PGamma[17,3,1]'          1
911    'PGamma[17,3,2]'          1
912    'PGamma[17,3,3]'          1
913    'PGamma[18,1,1]'          1
914    'PGamma[18,1,2]'          0.992581
915    'PGamma[18,1,3]'          1
916    'PGamma[18,2,1]'          0.992486
917    'PGamma[18,2,2]'          1
918    'PGamma[18,2,3]'          1
919    'PGamma[18,3,1]'          1
920    'PGamma[18,3,2]'          1
921    'PGamma[18,3,3]'          1
922    'PGamma[19,1,1]'          1
923    'PGamma[19,1,2]'          0.992581
924    'PGamma[19,1,3]'          1
925    'PGamma[19,2,1]'          0.992486
926    'PGamma[19,2,2]'          1
927    'PGamma[19,2,3]'          1
928    'PGamma[19,3,1]'          1
929    'PGamma[19,3,2]'          1
930    'PGamma[19,3,3]'          1
931    'PGamma[20,1,1]'          1
932    'PGamma[20,1,2]'          0.99258
933    'PGamma[20,1,3]'          1
934    'PGamma[20,2,1]'          0.992486
935    'PGamma[20,2,2]'          1
936    'PGamma[20,2,3]'          1
937    'PGamma[20,3,1]'          1
938    'PGamma[20,3,2]'          1
939    'PGamma[20,3,3]'          1
940    'PGamma[21,1,1]'          1
941    'PGamma[21,1,2]'          0.992579
942    'PGamma[21,1,3]'          1
943    'PGamma[21,2,1]'          0.992484
944    'PGamma[21,2,2]'          1
945    'PGamma[21,2,3]'          1
946    'PGamma[21,3,1]'          1
947    'PGamma[21,3,2]'          1
948    'PGamma[21,3,3]'          1
949    'PGamma[22,1,1]'          1
950    'PGamma[22,1,2]'          0.99258
951    'PGamma[22,1,3]'          1
952    'PGamma[22,2,1]'          0.992485
953    'PGamma[22,2,2]'          1
954    'PGamma[22,2,3]'          1
955    'PGamma[22,3,1]'          1
956    'PGamma[22,3,2]'          1
957    'PGamma[22,3,3]'          1
958    'PGamma[23,1,1]'          1
959    'PGamma[23,1,2]'          0.99258
960    'PGamma[23,1,3]'          1
961    'PGamma[23,2,1]'          0.992485
962    'PGamma[23,2,2]'          1
963    'PGamma[23,2,3]'          1
964    'PGamma[23,3,1]'          1
965    'PGamma[23,3,2]'          1
966    'PGamma[23,3,3]'          1
967    'PGamma[24,1,1]'          1
968    'PGamma[24,1,2]'          0.992579
969    'PGamma[24,1,3]'          1
970    'PGamma[24,2,1]'          0.992484
971    'PGamma[24,2,2]'          1
972    'PGamma[24,2,3]'          1
973    'PGamma[24,3,1]'          1
974    'PGamma[24,3,2]'          1
975    'PGamma[24,3,3]'          1
976    'PGamma[25,1,1]'          1
977    'PGamma[25,1,2]'          0.992578
978    'PGamma[25,1,3]'          1
979    'PGamma[25,2,1]'          0.992483
980    'PGamma[25,2,2]'          1
981    'PGamma[25,2,3]'          1
982    'PGamma[25,3,1]'          1
983    'PGamma[25,3,2]'          1
984    'PGamma[25,3,3]'          1
985    'PGamma[26,1,1]'          1
986    'PGamma[26,1,2]'          0.992578
987    'PGamma[26,1,3]'          1
988    'PGamma[26,2,1]'          0.992483
989    'PGamma[26,2,2]'          1
990    'PGamma[26,2,3]'          1
991    'PGamma[26,3,1]'          1
992    'PGamma[26,3,2]'          1
993    'PGamma[26,3,3]'          1
994    'PGamma[27,1,1]'          1
995    'PGamma[27,1,2]'          0.992577
996    'PGamma[27,1,3]'          1
997    'PGamma[27,2,1]'          0.992482
998    'PGamma[27,2,2]'          1
999    'PGamma[27,2,3]'          1
1000   'PGamma[27,3,1]'          1
1001   'PGamma[27,3,2]'          1
1002   'PGamma[27,3,3]'          1
1003   'PGamma[28,1,1]'          1
1004   'PGamma[28,1,2]'          0.992576
1005   'PGamma[28,1,3]'          1
1006   'PGamma[28,2,1]'          0.992482
1007   'PGamma[28,2,2]'          1
1008   'PGamma[28,2,3]'          1
1009   'PGamma[28,3,1]'          1
1010   'PGamma[28,3,2]'          1
1011   'PGamma[28,3,3]'          1
1012   'PGamma[29,1,1]'          1
1013   'PGamma[29,1,2]'          0.992573
1014   'PGamma[29,1,3]'          1
1015   'PGamma[29,2,1]'          0.992479
1016   'PGamma[29,2,2]'          1
1017   'PGamma[29,2,3]'          1
1018   'PGamma[29,3,1]'          1
1019   'PGamma[29,3,2]'          1
1020   'PGamma[29,3,3]'          1
1021   'PGamma[30,1,1]'          1
1022   'PGamma[30,1,2]'          0.992513
1023   'PGamma[30,1,3]'          1
1024   'PGamma[30,2,1]'          0.992417
1025   'PGamma[30,2,2]'          1
1026   'PGamma[30,2,3]'          1
1027   'PGamma[30,3,1]'          1
1028   'PGamma[30,3,2]'          1
1029   'PGamma[30,3,3]'          1
1030   'SGamma1[1,1]'            0.0106153
1031   'SGamma1[1,2]'        1e-06
1032   'SGamma1[1,3]'        1e-06
1033   'SGamma1[2,1]'            0.0130306
1034   'SGamma1[2,2]'            0.000751447
1035   'SGamma1[2,3]'        1e-06
1036   'SGamma1[3,1]'            0.0136201
1037   'SGamma1[3,2]'            0.00190725
1038   'SGamma1[3,3]'        1e-06
1039   'SGamma1[4,1]'            0.0132422
1040   'SGamma1[4,2]'            0.00311964
1041   'SGamma1[4,3]'        1e-06
1042   'SGamma1[5,1]'            0.0125691
1043   'SGamma1[5,2]'            0.00419872
1044   'SGamma1[5,3]'        1e-06
1045   'SGamma1[6,1]'            0.0119123
1046   'SGamma1[6,2]'            0.00507642
1047   'SGamma1[6,3]'        1e-06
1048   'SGamma1[7,1]'            0.0113734
1049   'SGamma1[7,2]'            0.00574962
1050   'SGamma1[7,3]'        1e-06
1051   'SGamma1[8,1]'            0.0110008
1052   'SGamma1[8,2]'            0.00621556
1053   'SGamma1[8,3]'        1e-06
1054   'SGamma1[9,1]'            0.0107078
1055   'SGamma1[9,2]'            0.00656637
1056   'SGamma1[9,3]'        1e-06
1057   'SGamma1[10,1]'           0.0104897
1058   'SGamma1[10,2]'           0.00682374
1059   'SGamma1[10,3]'       1e-06
1060   'SGamma1[11,1]'           0.0103318
1061   'SGamma1[11,2]'           0.00700843
1062   'SGamma1[11,3]'       1e-06
1063   'SGamma1[12,1]'           0.0102228
1064   'SGamma1[12,2]'           0.00713577
1065   'SGamma1[12,3]'       1e-06
1066   'SGamma1[13,1]'           0.0101465
1067   'SGamma1[13,2]'           0.00722233
1068   'SGamma1[13,3]'       1e-06
1069   'SGamma1[14,1]'           0.0100944
1070   'SGamma1[14,2]'           0.00727975
1071   'SGamma1[14,3]'       1e-06
1072   'SGamma1[15,1]'           0.0100812
1073   'SGamma1[15,2]'           0.00734371
1074   'SGamma1[15,3]'       1e-06
1075   'SGamma1[16,1]'           0.016422
1076   'SGamma1[16,2]'           0.00467997
1077   'SGamma1[16,3]'       1e-06
1078   'SGamma1[17,1]'           0.0163635
1079   'SGamma1[17,2]'           0.00459679
1080   'SGamma1[17,3]'       1e-06
1081   'SGamma1[18,1]'           0.0163266
1082   'SGamma1[18,2]'           0.0046123
1083   'SGamma1[18,3]'       1e-06
1084   'SGamma1[19,1]'           0.0163125
1085   'SGamma1[19,2]'           0.00463116
1086   'SGamma1[19,3]'       1e-06
1087   'SGamma1[20,1]'           0.0162675
1088   'SGamma1[20,2]'           0.00467467
1089   'SGamma1[20,3]'       1e-06
1090   'SGamma1[21,1]'           0.0162742
1091   'SGamma1[21,2]'           0.00473074
1092   'SGamma1[21,3]'       1e-06
1093   'SGamma1[22,1]'           0.0162151
1094   'SGamma1[22,2]'           0.00471179
1095   'SGamma1[22,3]'       1e-06
1096   'SGamma1[23,1]'           0.0161637
1097   'SGamma1[23,2]'           0.00473405
1098   'SGamma1[23,3]'       1e-06
1099   'SGamma1[24,1]'           0.0161718
1100   'SGamma1[24,2]'           0.00476171
1101   'SGamma1[24,3]'       1e-06
1102   'SGamma1[25,1]'           0.016068
1103   'SGamma1[25,2]'           0.00486548
1104   'SGamma1[25,3]'       1e-06
1105   'SGamma1[26,1]'           0.0158835
1106   'SGamma1[26,2]'           0.00493254
1107   'SGamma1[26,3]'       1e-06
1108   'SGamma1[27,1]'           0.015928
1109   'SGamma1[27,2]'           0.00495478
1110   'SGamma1[27,3]'       1e-06
1111   'SGamma1[28,1]'           0.0158444
1112   'SGamma1[28,2]'           0.00501613
1113   'SGamma1[28,3]'       1e-06
1114   'SGamma1[29,1]'           0.0158281
1115   'SGamma1[29,2]'           0.00513409
1116   'SGamma1[29,3]'       1e-06
1117   'SGamma1[30,1]'           0.016747
1118   'SGamma1[30,2]'           0.00711529
1119   'SGamma1[30,3]'       1e-06
1120   'SGamma2[1,1]'            0.996804
1121   'SGamma2[1,2]'            1
1122   'SGamma2[1,3]'            1
1123   'SGamma2[2,1]'            0.996076
1124   'SGamma2[2,2]'            0.999774
1125   'SGamma2[2,3]'            1
1126   'SGamma2[3,1]'            0.995899
1127   'SGamma2[3,2]'            0.999426
1128   'SGamma2[3,3]'            1
1129   'SGamma2[4,1]'            0.996013
1130   'SGamma2[4,2]'            0.999061
1131   'SGamma2[4,3]'            1
1132   'SGamma2[5,1]'            0.996215
1133   'SGamma2[5,2]'            0.998736
1134   'SGamma2[5,3]'            1
1135   'SGamma2[6,1]'            0.996413
1136   'SGamma2[6,2]'            0.998472
1137   'SGamma2[6,3]'            1
1138   'SGamma2[7,1]'            0.996575
1139   'SGamma2[7,2]'            0.998269
1140   'SGamma2[7,3]'            1
1141   'SGamma2[8,1]'            0.996687
1142   'SGamma2[8,2]'            0.998129
1143   'SGamma2[8,3]'            1
1144   'SGamma2[9,1]'            0.996776
1145   'SGamma2[9,2]'            0.998023
1146   'SGamma2[9,3]'            1
1147   'SGamma2[10,1]'           0.996841
1148   'SGamma2[10,2]'           0.997945
1149   'SGamma2[10,3]'           1
1150   'SGamma2[11,1]'           0.996889
1151   'SGamma2[11,2]'           0.99789
1152   'SGamma2[11,3]'           1
1153   'SGamma2[12,1]'           0.996922
1154   'SGamma2[12,2]'           0.997851
1155   'SGamma2[12,3]'           1
1156   'SGamma2[13,1]'           0.996945
1157   'SGamma2[13,2]'           0.997825
1158   'SGamma2[13,3]'           1
1159   'SGamma2[14,1]'           0.99696
1160   'SGamma2[14,2]'           0.997808
1161   'SGamma2[14,3]'           1
1162   'SGamma2[15,1]'           0.996964
1163   'SGamma2[15,2]'           0.997789
1164   'SGamma2[15,3]'           1
1165   'SGamma2[16,1]'           0.995055
1166   'SGamma2[16,2]'           0.998591
1167   'SGamma2[16,3]'           1
1168   'SGamma2[17,1]'           0.995072
1169   'SGamma2[17,2]'           0.998616
1170   'SGamma2[17,3]'           1
1171   'SGamma2[18,1]'           0.995084
1172   'SGamma2[18,2]'           0.998611
1173   'SGamma2[18,3]'           1
1174   'SGamma2[19,1]'           0.995088
1175   'SGamma2[19,2]'           0.998606
1176   'SGamma2[19,3]'           1
1177   'SGamma2[20,1]'           0.995101
1178   'SGamma2[20,2]'           0.998593
1179   'SGamma2[20,3]'           1
1180   'SGamma2[21,1]'           0.995099
1181   'SGamma2[21,2]'           0.998576
1182   'SGamma2[21,3]'           1
1183   'SGamma2[22,1]'           0.995117
1184   'SGamma2[22,2]'           0.998581
1185   'SGamma2[22,3]'           1
1186   'SGamma2[23,1]'           0.995133
1187   'SGamma2[23,2]'           0.998575
1188   'SGamma2[23,3]'           1
1189   'SGamma2[24,1]'           0.99513
1190   'SGamma2[24,2]'           0.998566
1191   'SGamma2[24,3]'           1
1192   'SGamma2[25,1]'           0.995161
1193   'SGamma2[25,2]'           0.998535
1194   'SGamma2[25,3]'           1
1195   'SGamma2[26,1]'           0.995217
1196   'SGamma2[26,2]'           0.998515
1197   'SGamma2[26,3]'           1
1198   'SGamma2[27,1]'           0.995204
1199   'SGamma2[27,2]'           0.998508
1200   'SGamma2[27,3]'           1
1201   'SGamma2[28,1]'           0.995229
1202   'SGamma2[28,2]'           0.99849
1203   'SGamma2[28,3]'           1
1204   'SGamma2[29,1]'           0.995234
1205   'SGamma2[29,2]'           0.998454
1206   'SGamma2[29,3]'           1
1207   'SGamma2[30,1]'           0.994957
1208   'SGamma2[30,2]'           0.997858
1209   'SGamma2[30,3]'           1
1210   'gamma[1,1]'              1.02136
1211   'gamma[1,2]'              1
1212   'gamma[1,3]'              1
1213   'gamma[2,1]'              1.02546
1214   'gamma[2,2]'              1.00071
1215   'gamma[2,3]'              0.999193
1216   'gamma[3,1]'              1.02532
1217   'gamma[3,2]'              1.00172
1218   'gamma[3,3]'              0.997868
1219   'gamma[4,1]'              1.02328
1220   'gamma[4,2]'              1.00293
1221   'gamma[4,3]'              0.996625
1222   'gamma[5,1]'              1.02097
1223   'gamma[5,2]'              1.00419
1224   'gamma[5,3]'              0.995702
1225   'gamma[6,1]'              1.019
1226   'gamma[6,2]'              1.00535
1227   'gamma[6,3]'              0.995087
1228   'gamma[7,1]'              1.01751
1229   'gamma[7,2]'              1.00632
1230   'gamma[7,3]'              0.994696
1231   'gamma[8,1]'              1.01652
1232   'gamma[8,2]'              1.00703
1233   'gamma[8,3]'              0.994461
1234   'gamma[9,1]'              1.01577
1235   'gamma[9,2]'              1.00759
1236   'gamma[9,3]'              0.994309
1237   'gamma[10,1]'             1.01523
1238   'gamma[10,2]'             1.00801
1239   'gamma[10,3]'             0.99421
1240   'gamma[11,1]'             1.01484
1241   'gamma[11,2]'             1.00833
1242   'gamma[11,3]'             0.994145
1243   'gamma[12,1]'             1.01458
1244   'gamma[12,2]'             1.00854
1245   'gamma[12,3]'             0.994103
1246   'gamma[13,1]'             1.0144
1247   'gamma[13,2]'             1.00869
1248   'gamma[13,3]'             0.994077
1249   'gamma[14,1]'             1.01428
1250   'gamma[14,2]'             1.00879
1251   'gamma[14,3]'             0.994062
1252   'gamma[15,1]'             1.01421
1253   'gamma[15,2]'             1.00888
1254   'gamma[15,3]'             0.994019
1255   'gamma[16,1]'             1.02688
1256   'gamma[16,2]'             1.00324
1257   'gamma[16,3]'             0.993785
1258   'gamma[17,1]'             1.0269
1259   'gamma[17,2]'             1.0032
1260   'gamma[17,3]'             0.993915
1261   'gamma[18,1]'             1.02681
1262   'gamma[18,2]'             1.00323
1263   'gamma[18,3]'             0.993908
1264   'gamma[19,1]'             1.02677
1265   'gamma[19,2]'             1.00325
1266   'gamma[19,3]'             0.993889
1267   'gamma[20,1]'             1.02663
1268   'gamma[20,2]'             1.0033
1269   'gamma[20,3]'             0.993849
1270   'gamma[21,1]'             1.02657
1271   'gamma[21,2]'             1.00333
1272   'gamma[21,3]'             0.993774
1273   'gamma[22,1]'             1.0265
1274   'gamma[22,2]'             1.00334
1275   'gamma[22,3]'             0.99382
1276   'gamma[23,1]'             1.02638
1277   'gamma[23,2]'             1.00338
1278   'gamma[23,3]'             0.993811
1279   'gamma[24,1]'             1.02636
1280   'gamma[24,2]'             1.00339
1281   'gamma[24,3]'             0.993772
1282   'gamma[25,1]'             1.02605
1283   'gamma[25,2]'             1.00351
1284   'gamma[25,3]'             0.993679
1285   'gamma[26,1]'             1.02566
1286   'gamma[26,2]'             1.00363
1287   'gamma[26,3]'             0.993665
1288   'gamma[27,1]'             1.0257
1289   'gamma[27,2]'             1.00363
1290   'gamma[27,3]'             0.99362
1291   'gamma[28,1]'             1.02549
1292   'gamma[28,2]'             1.00371
1293   'gamma[28,3]'             0.993576
1294   'gamma[29,1]'             1.02531
1295   'gamma[29,2]'             1.00381
1296   'gamma[29,3]'             0.993434
1297   'gamma[30,1]'             1.02413
1298   'gamma[30,2]'             1.00483
1299   'gamma[30,3]'             0.990455
1300   'PrS[1,1]'           245339
1301   'PrS[1,2]'           142399
1302   'PrS[1,3]'            67116.3
1303   'PrS[2,1]'           219001
1304   'PrS[2,2]'           126371
1305   'PrS[2,3]'            58980.7
1306   'PrS[3,1]'           202088
1307   'PrS[3,2]'           116127
1308   'PrS[3,3]'            53822.6
1309   'PrS[4,1]'           191066
1310   'PrS[4,2]'           109474
1311   'PrS[4,3]'            50491.6
1312   'PrS[5,1]'           183497
1313   'PrS[5,2]'           104915
1314   'PrS[5,3]'            48218.3
1315   'PrS[6,1]'           178144
1316   'PrS[6,2]'           101697
1317   'PrS[6,3]'            46618.1
1318   'PrS[7,1]'           174346
1319   'PrS[7,2]'            99417.2
1320   'PrS[7,3]'            45486.9
1321   'PrS[8,1]'           171787
1322   'PrS[8,2]'            97881.8
1323   'PrS[8,3]'            44726.3
1324   'PrS[9,1]'           169947
1325   'PrS[9,2]'            96778.3
1326   'PrS[9,3]'            44180.3
1327   'PrS[10,1]'          168629
1328   'PrS[10,2]'           95988.8
1329   'PrS[10,3]'           43789.9
1330   'PrS[11,1]'          167699
1331   'PrS[11,2]'           95431.9
1332   'PrS[11,3]'           43514.6
1333   'PrS[12,1]'          167063
1334   'PrS[12,2]'           95051
1335   'PrS[12,3]'           43326.5
1336   'PrS[13,1]'          166640
1337   'PrS[13,2]'           94797.3
1338   'PrS[13,3]'           43201.2
1339   'PrS[14,1]'          166365
1340   'PrS[14,2]'           94632.6
1341   'PrS[14,3]'           43119.8
1342   'PrS[15,1]'          165912
1343   'PrS[15,2]'           94361.8
1344   'PrS[15,3]'           42986.1
1345   'PrS[16,1]'          165858
1346   'PrS[16,2]'           94329
1347   'PrS[16,3]'           42970
1348   'PrS[17,1]'          166694
1349   'PrS[17,2]'           94829.9
1350   'PrS[17,3]'           43217.3
1351   'PrS[18,1]'          166697
1352   'PrS[18,2]'           94831.3
1353   'PrS[18,3]'           43218
1354   'PrS[19,1]'          166599
1355   'PrS[19,2]'           94773
1356   'PrS[19,3]'           43189.2
1357   'PrS[20,1]'          166415
1358   'PrS[20,2]'           94662.5
1359   'PrS[20,3]'           43134.6
1360   'PrS[21,1]'          165964
1361   'PrS[21,2]'           94392.9
1362   'PrS[21,3]'           43001.5
1363   'PrS[22,1]'          166308
1364   'PrS[22,2]'           94598.7
1365   'PrS[22,3]'           43103.1
1366   'PrS[23,1]'          166308
1367   'PrS[23,2]'           94598.8
1368   'PrS[23,3]'           43103.2
1369   'PrS[24,1]'          166075
1370   'PrS[24,2]'           94459.1
1371   'PrS[24,3]'           43034.2
1372   'PrS[25,1]'          165630
1373   'PrS[25,2]'           94192.7
1374   'PrS[25,3]'           42902.7
1375   'PrS[26,1]'          165728
1376   'PrS[26,2]'           94251.3
1377   'PrS[26,3]'           42931.6
1378   'PrS[27,1]'          165416
1379   'PrS[27,2]'           94064.8
1380   'PrS[27,3]'           42839.6
1381   'PrS[28,1]'          165229
1382   'PrS[28,2]'           93952.8
1383   'PrS[28,3]'           42784.3
1384   'PrS[29,1]'          164390
1385   'PrS[29,2]'           93450.7
1386   'PrS[29,3]'           42536.6
1387   'PrS[30,1]'          147243
1388   'PrS[30,2]'           83216.8
1389   'PrS[30,3]'           37511.8
1390   'PrSF[1]'            167363
1391   'PrSF[2]'             95230.6
1392   'PrSF[3]'             43415.2
;

