solve_message =
'filterSQP (20020316): Optimal solution found, objective = 283.7148832722776\
58 iterations (55 for feasibility)\
Evals: obj = 6, constr = 130, grad = 38, Hes = 59'

:          _varname              _var          :=
1     'F[2]'                    0
2     'F[3]'                    0
3     'F[4]'                    0
4     'F[5]'                    0
5     'F[6]'                    0
6     'F[7]'                    0
7     'F[8]'                  200
8     'F[9]'                    0
9     'F[10]'                   0
10    'F[11]'                   0
11    'F[12]'                   0
12    'F[13]'                   0
13    'F[14]'                   0
14    'V[1]'                  283.715
15    'V[2]'                  284.117
16    'V[3]'                  284.194
17    'V[4]'                  284.036
18    'V[5]'                  283.75
19    'V[6]'                  283.528
20    'V[7]'                  283.632
21    'V[8]'                  284.117
22    'V[9]'                  285.648
23    'V[10]'                 288.085
24    'V[11]'                 291.627
25    'V[12]'                 295.521
26    'V[13]'                 298.609
27    'V[14]'                 300.486
28    'V[15]'                   0
29    'y[1,1]'                  0.0116817
30    'y[1,2]'                  0.64625
31    'y[1,3]'                  0.342068
32    'y[2,1]'                  0.024483
33    'y[2,2]'                  0.686987
34    'y[2,3]'                  0.28853
35    'y[3,1]'                  0.0461145
36    'y[3,2]'                  0.699134
37    'y[3,3]'                  0.254752
38    'y[4,1]'                  0.0814115
39    'y[4,2]'                  0.68755
40    'y[4,3]'                  0.231039
41    'y[5,1]'                  0.135964
42    'y[5,2]'                  0.653138
43    'y[5,3]'                  0.210899
44    'y[6,1]'                  0.213648
45    'y[6,2]'                  0.596004
46    'y[6,3]'                  0.190348
47    'y[7,1]'                  0.312331
48    'y[7,2]'                  0.519783
49    'y[7,3]'                  0.167886
50    'y[8,1]'                  0.420943
51    'y[8,2]'                  0.434486
52    'y[8,3]'                  0.144571
53    'y[9,1]'                  0.49788
54    'y[9,2]'                  0.40634
55    'y[9,3]'                  0.0957795
56    'y[10,1]'                 0.610664
57    'y[10,2]'                 0.333664
58    'y[10,3]'                 0.0556724
59    'y[11,1]'                 0.741
60    'y[11,2]'                 0.231827
61    'y[11,3]'                 0.0271737
62    'y[12,1]'                 0.853482
63    'y[12,2]'                 0.135477
64    'y[12,3]'                 0.0110417
65    'y[13,1]'                 0.927307
66    'y[13,2]'                 0.0688126
67    'y[13,3]'                 0.00388018
68    'y[14,1]'                 0.967138
69    'y[14,2]'                 0.0316242
70    'y[14,3]'                 0.00123732
71    'y[15,1]'                 0.986353
72    'y[15,2]'                 0.0132842
73    'y[15,3]'                 0.000362534
74    'L[1]'                    0
75    'L[2]'                  423.493
76    'L[3]'                  423.895
77    'L[4]'                  423.972
78    'L[5]'                  423.814
79    'L[6]'                  423.528
80    'L[7]'                  423.306
81    'L[8]'                  423.41
82    'L[9]'                  223.895
83    'L[10]'                 225.426
84    'L[11]'                 227.864
85    'L[12]'                 231.406
86    'L[13]'                 235.299
87    'L[14]'                 238.387
88    'L[15]'                 240.264
89    'x[1,1]'                  0.00429252
90    'x[1,2]'                  0.566612
91    'x[1,3]'                  0.429095
92    'x[2,1]'                  0.00924282
93    'x[2,2]'                  0.619965
94    'x[2,3]'                  0.370792
95    'x[3,1]'                  0.0178252
96    'x[3,2]'                  0.647294
97    'x[3,3]'                  0.334881
98    'x[4,1]'                  0.0323264
99    'x[4,2]'                  0.655443
100   'x[4,3]'                  0.312231
101   'x[5,1]'                  0.0559769
102   'x[5,2]'                  0.647663
103   'x[5,3]'                  0.29636
104   'x[6,1]'                  0.0925078
105   'x[6,2]'                  0.624581
106   'x[6,3]'                  0.282911
107   'x[7,1]'                  0.144518
108   'x[7,2]'                  0.586299
109   'x[7,3]'                  0.269184
110   'x[8,1]'                  0.21064
111   'x[8,2]'                  0.535242
112   'x[8,3]'                  0.254117
113   'x[9,1]'                  0.268863
114   'x[9,2]'                  0.547778
115   'x[9,3]'                  0.183359
116   'x[10,1]'                 0.367387
117   'x[10,2]'                 0.511344
118   'x[10,3]'                 0.12127
119   'x[11,1]'                 0.511374
120   'x[11,2]'                 0.418336
121   'x[11,3]'                 0.0702902
122   'x[12,1]'                 0.677148
123   'x[12,2]'                 0.288701
124   'x[12,3]'                 0.0341511
125   'x[13,1]'                 0.819475
126   'x[13,2]'                 0.16675
127   'x[13,3]'                 0.0137749
128   'x[14,1]'                 0.912391
129   'x[14,2]'                 0.0828402
130   'x[14,3]'                 0.00476881
131   'x[15,1]'                 0.962322
132   'x[15,2]'                 0.0362211
133   'x[15,3]'                 0.00145659
134   PC                       60.2218
135   PR                      139.778
136   'T[1]'                  384.403
137   'T[2]'                  383.63
138   'T[3]'                  382.93
139   'T[4]'                  382.117
140   'T[5]'                  381.014
141   'T[6]'                  379.476
142   'T[7]'                  377.455
143   'T[8]'                  375.082
144   'T[9]'                  372.786
145   'T[10]'                 369.57
146   'T[11]'                 365.609
147   'T[12]'                 361.748
148   'T[13]'                 358.878
149   'T[14]'                 357.185
150   'T[15]'                 356.328
151   TF                      372.396
152   QC                     3307.62
153   QR                     3345.99
154   'H[1,1]'                  2.32156
155   'H[1,2]'                  1.34905
156   'H[1,3]'                  2.79996
157   'H[2,1]'                  2.29898
158   'H[2,2]'                  1.33894
159   'H[2,3]'                  2.77257
160   'H[3,1]'                  2.27855
161   'H[3,2]'                  1.32975
162   'H[3,3]'                  2.74781
163   'H[4,1]'                  2.25486
164   'H[4,2]'                  1.31904
165   'H[4,3]'                  2.71908
166   'H[5,1]'                  2.22278
167   'H[5,2]'                  1.30446
168   'H[5,3]'                  2.6802
169   'H[6,1]'                  2.17814
170   'H[6,2]'                  1.28402
171   'H[6,3]'                  2.62611
172   'H[7,1]'                  2.1197
173   'H[7,2]'                  1.25696
174   'H[7,3]'                  2.55531
175   'H[8,1]'                  2.05139
176   'H[8,2]'                  1.22493
177   'H[8,3]'                  2.47258
178   'H[9,1]'                  1.98562
179   'H[9,2]'                  1.19365
180   'H[9,3]'                  2.39296
181   'H[10,1]'                 1.89398
182   'H[10,2]'                 1.14934
183   'H[10,3]'                 2.28207
184   'H[11,1]'                 1.78193
185   'H[11,2]'                 1.09398
186   'H[11,3]'                 2.14656
187   'H[12,1]'                 1.67354
188   'H[12,2]'                 1.03915
189   'H[12,3]'                 2.01556
190   'H[13,1]'                 1.5935
191   'H[13,2]'                 0.997833
192   'H[13,3]'                 1.91887
193   'H[14,1]'                 1.54651
194   'H[14,2]'                 0.973234
195   'H[14,3]'                 1.86212
196   'H[15,1]'                 1.52277
197   'H[15,2]'                 0.96071
198   'H[15,3]'                 1.83346
199   'HF[1]'                   1.97448
200   'HF[2]'                   1.18831
201   'HF[3]'                   2.37948
202   'h[1,1]'                 -7.76952
203   'h[1,2]'                -10.1415
204   'h[1,3]'                 -9.43695
205   'h[2,1]'                 -7.81677
206   'h[2,2]'                -10.179
207   'h[2,3]'                 -9.48872
208   'h[3,1]'                 -7.85945
209   'h[3,2]'                -10.2129
210   'h[3,3]'                 -9.53549
211   'h[4,1]'                 -7.9089
212   'h[4,2]'                -10.2523
213   'h[4,3]'                 -9.5897
214   'h[5,1]'                 -7.97577
215   'h[5,2]'                -10.3057
216   'h[5,3]'                 -9.66302
217   'h[6,1]'                 -8.06863
218   'h[6,2]'                -10.38
219   'h[6,3]'                 -9.76486
220   'h[7,1]'                 -8.1899
221   'h[7,2]'                -10.4776
222   'h[7,3]'                 -9.89794
223   'h[8,1]'                 -8.33122
224   'h[8,2]'                -10.5918
225   'h[8,3]'                -10.0531
226   'h[9,1]'                 -8.46687
227   'h[9,2]'                -10.7021
228   'h[9,3]'                -10.2021
229   'h[10,1]'                -8.65521
230   'h[10,2]'               -10.8562
231   'h[10,3]'               -10.4091
232   'h[11,1]'                -8.8845
233   'h[11,2]'               -11.0454
234   'h[11,3]'               -10.6613
235   'h[12,1]'                -9.10529
236   'h[12,2]'               -11.2294
237   'h[12,3]'               -10.9043
238   'h[13,1]'                -9.26773
239   'h[13,2]'               -11.3659
240   'h[13,3]'               -11.0831
241   'h[14,1]'                -9.36287
242   'h[14,2]'               -11.4463
243   'h[14,3]'               -11.1879
244   'h[15,1]'                -9.41088
245   'h[15,2]'               -11.4869
246   'h[15,3]'               -11.2408
247   'hF[1]'                  -8.4898
248   'hF[2]'                 -10.7208
249   'hF[3]'                 -10.2273
250   'tauGamma[1,1,1]'     1e-06
251   'tauGamma[1,1,2]'        -0.373255
252   'tauGamma[1,1,3]'     1e-06
253   'tauGamma[1,2,1]'         0.391964
254   'tauGamma[1,2,2]'     1e-06
255   'tauGamma[1,2,3]'         0.136951
256   'tauGamma[1,3,1]'     1e-06
257   'tauGamma[1,3,2]'        -0.0882044
258   'tauGamma[1,3,3]'     1e-06
259   'tauGamma[2,1,1]'     1e-06
260   'tauGamma[2,1,2]'        -0.374007
261   'tauGamma[2,1,3]'     1e-06
262   'tauGamma[2,2,1]'         0.392754
263   'tauGamma[2,2,2]'     1e-06
264   'tauGamma[2,2,3]'         0.127789
265   'tauGamma[2,3,1]'     1e-06
266   'tauGamma[2,3,2]'        -0.0758549
267   'tauGamma[2,3,3]'     1e-06
268   'tauGamma[3,1,1]'     1e-06
269   'tauGamma[3,1,2]'        -0.374691
270   'tauGamma[3,1,3]'     1e-06
271   'tauGamma[3,2,1]'         0.393472
272   'tauGamma[3,2,2]'     1e-06
273   'tauGamma[3,2,3]'         0.119461
274   'tauGamma[3,3,1]'     1e-06
275   'tauGamma[3,3,2]'        -0.0646299
276   'tauGamma[3,3,3]'     1e-06
277   'tauGamma[4,1,1]'     1e-06
278   'tauGamma[4,1,2]'        -0.375488
279   'tauGamma[4,1,3]'     1e-06
280   'tauGamma[4,2,1]'         0.394309
281   'tauGamma[4,2,2]'     1e-06
282   'tauGamma[4,2,3]'         0.109748
283   'tauGamma[4,3,1]'     1e-06
284   'tauGamma[4,3,2]'        -0.0515368
285   'tauGamma[4,3,3]'     1e-06
286   'tauGamma[5,1,1]'     1e-06
287   'tauGamma[5,1,2]'        -0.376575
288   'tauGamma[5,1,3]'     1e-06
289   'tauGamma[5,2,1]'         0.39545
290   'tauGamma[5,2,2]'     1e-06
291   'tauGamma[5,2,3]'         0.0965033
292   'tauGamma[5,3,1]'     1e-06
293   'tauGamma[5,3,2]'        -0.0336846
294   'tauGamma[5,3,3]'     1e-06
295   'tauGamma[6,1,1]'     1e-06
296   'tauGamma[6,1,2]'        -0.378101
297   'tauGamma[6,1,3]'     1e-06
298   'tauGamma[6,2,1]'         0.397053
299   'tauGamma[6,2,2]'     1e-06
300   'tauGamma[6,2,3]'         0.0779007
301   'tauGamma[6,3,1]'     1e-06
302   'tauGamma[6,3,2]'        -0.00860992
303   'tauGamma[6,3,3]'     1e-06
304   'tauGamma[7,1,1]'     1e-06
305   'tauGamma[7,1,2]'        -0.380126
306   'tauGamma[7,1,3]'     1e-06
307   'tauGamma[7,2,1]'         0.39918
308   'tauGamma[7,2,2]'     1e-06
309   'tauGamma[7,2,3]'         0.0532268
310   'tauGamma[7,3,1]'     1e-06
311   'tauGamma[7,3,2]'         0.0246482
312   'tauGamma[7,3,3]'     1e-06
313   'tauGamma[8,1,1]'     1e-06
314   'tauGamma[8,1,2]'        -0.382531
315   'tauGamma[8,1,3]'     1e-06
316   'tauGamma[8,2,1]'         0.401705
317   'tauGamma[8,2,2]'     1e-06
318   'tauGamma[8,2,3]'         0.0239222
319   'tauGamma[8,3,1]'     1e-06
320   'tauGamma[8,3,2]'         0.0641482
321   'tauGamma[8,3,3]'     1e-06
322   'tauGamma[9,1,1]'     1e-06
323   'tauGamma[9,1,2]'        -0.384887
324   'tauGamma[9,1,3]'     1e-06
325   'tauGamma[9,2,1]'         0.404179
326   'tauGamma[9,2,2]'     1e-06
327   'tauGamma[9,2,3]'        -0.00478069
328   'tauGamma[9,3,1]'     1e-06
329   'tauGamma[9,3,2]'         0.102837
330   'tauGamma[9,3,3]'     1e-06
331   'tauGamma[10,1,1]'    1e-06
332   'tauGamma[10,1,2]'       -0.388236
333   'tauGamma[10,1,3]'    1e-06
334   'tauGamma[10,2,1]'        0.407696
335   'tauGamma[10,2,2]'    1e-06
336   'tauGamma[10,2,3]'       -0.0455921
337   'tauGamma[10,3,1]'    1e-06
338   'tauGamma[10,3,2]'        0.157847
339   'tauGamma[10,3,3]'    1e-06
340   'tauGamma[11,1,1]'    1e-06
341   'tauGamma[11,1,2]'       -0.392442
342   'tauGamma[11,1,3]'    1e-06
343   'tauGamma[11,2,1]'        0.412113
344   'tauGamma[11,2,2]'    1e-06
345   'tauGamma[11,2,3]'       -0.0968391
346   'tauGamma[11,3,1]'    1e-06
347   'tauGamma[11,3,2]'        0.226923
348   'tauGamma[11,3,3]'    1e-06
349   'tauGamma[12,1,1]'    1e-06
350   'tauGamma[12,1,2]'       -0.39663
351   'tauGamma[12,1,3]'    1e-06
352   'tauGamma[12,2,1]'        0.416511
353   'tauGamma[12,2,2]'    1e-06
354   'tauGamma[12,2,3]'       -0.147878
355   'tauGamma[12,3,1]'    1e-06
356   'tauGamma[12,3,2]'        0.295719
357   'tauGamma[12,3,3]'    1e-06
358   'tauGamma[13,1,1]'    1e-06
359   'tauGamma[13,1,2]'       -0.399803
360   'tauGamma[13,1,3]'    1e-06
361   'tauGamma[13,2,1]'        0.419842
362   'tauGamma[13,2,2]'    1e-06
363   'tauGamma[13,2,3]'       -0.186532
364   'tauGamma[13,3,1]'    1e-06
365   'tauGamma[13,3,2]'        0.347821
366   'tauGamma[13,3,3]'    1e-06
367   'tauGamma[14,1,1]'    1e-06
368   'tauGamma[14,1,2]'       -0.401698
369   'tauGamma[14,1,3]'    1e-06
370   'tauGamma[14,2,1]'        0.421832
371   'tauGamma[14,2,2]'    1e-06
372   'tauGamma[14,2,3]'       -0.209622
373   'tauGamma[14,3,1]'    1e-06
374   'tauGamma[14,3,2]'        0.378945
375   'tauGamma[14,3,3]'    1e-06
376   'tauGamma[15,1,1]'    1e-06
377   'tauGamma[15,1,2]'       -0.402664
378   'tauGamma[15,1,3]'    1e-06
379   'tauGamma[15,2,1]'        0.422847
380   'tauGamma[15,2,2]'    1e-06
381   'tauGamma[15,2,3]'       -0.221401
382   'tauGamma[15,3,1]'    1e-06
383   'tauGamma[15,3,2]'        0.394822
384   'tauGamma[15,3,3]'    1e-06
385   'PGamma[1,1,1]'           1
386   'PGamma[1,1,2]'           1.11849
387   'PGamma[1,1,3]'           1
388   'PGamma[1,2,1]'           0.889061
389   'PGamma[1,2,2]'           1
390   'PGamma[1,2,3]'           0.972982
391   'PGamma[1,3,1]'           1
392   'PGamma[1,3,2]'           1.0178
393   'PGamma[1,3,3]'           1
394   'PGamma[2,1,1]'           1
395   'PGamma[2,1,2]'           1.11874
396   'PGamma[2,1,3]'           1
397   'PGamma[2,2,1]'           0.888851
398   'PGamma[2,2,2]'           1
399   'PGamma[2,2,3]'           0.974766
400   'PGamma[2,3,1]'           1
401   'PGamma[2,3,2]'           1.01529
402   'PGamma[2,3,3]'           1
403   'PGamma[3,1,1]'           1
404   'PGamma[3,1,2]'           1.11897
405   'PGamma[3,1,3]'           1
406   'PGamma[3,2,1]'           0.888659
407   'PGamma[3,2,2]'           1
408   'PGamma[3,2,3]'           0.976391
409   'PGamma[3,3,1]'           1
410   'PGamma[3,3,2]'           1.01301
411   'PGamma[3,3,3]'           1
412   'PGamma[4,1,1]'           1
413   'PGamma[4,1,2]'           1.11924
414   'PGamma[4,1,3]'           1
415   'PGamma[4,2,1]'           0.888436
416   'PGamma[4,2,2]'           1
417   'PGamma[4,2,3]'           0.97829
418   'PGamma[4,3,1]'           1
419   'PGamma[4,3,2]'           1.01036
420   'PGamma[4,3,3]'           1
421   'PGamma[5,1,1]'           1
422   'PGamma[5,1,2]'           1.1196
423   'PGamma[5,1,3]'           1
424   'PGamma[5,2,1]'           0.888132
425   'PGamma[5,2,2]'           1
426   'PGamma[5,2,3]'           0.980884
427   'PGamma[5,3,1]'           1
428   'PGamma[5,3,2]'           1.00676
429   'PGamma[5,3,3]'           1
430   'PGamma[6,1,1]'           1
431   'PGamma[6,1,2]'           1.12011
432   'PGamma[6,1,3]'           1
433   'PGamma[6,2,1]'           0.887705
434   'PGamma[6,2,2]'           1
435   'PGamma[6,2,3]'           0.984541
436   'PGamma[6,3,1]'           1
437   'PGamma[6,3,2]'           1.00172
438   'PGamma[6,3,3]'           1
439   'PGamma[7,1,1]'           1
440   'PGamma[7,1,2]'           1.12079
441   'PGamma[7,1,3]'           1
442   'PGamma[7,2,1]'           0.887139
443   'PGamma[7,2,2]'           1
444   'PGamma[7,2,3]'           0.989411
445   'PGamma[7,3,1]'           1
446   'PGamma[7,3,2]'           0.995082
447   'PGamma[7,3,3]'           1
448   'PGamma[8,1,1]'           1
449   'PGamma[8,1,2]'           1.1216
450   'PGamma[8,1,3]'           1
451   'PGamma[8,2,1]'           0.886467
452   'PGamma[8,2,2]'           1
453   'PGamma[8,2,3]'           0.995227
454   'PGamma[8,3,1]'           1
455   'PGamma[8,3,2]'           0.987252
456   'PGamma[8,3,3]'           1
457   'PGamma[9,1,1]'           1
458   'PGamma[9,1,2]'           1.1224
459   'PGamma[9,1,3]'           1
460   'PGamma[9,2,1]'           0.885809
461   'PGamma[9,2,2]'           1
462   'PGamma[9,2,3]'           1.00096
463   'PGamma[9,3,1]'           1
464   'PGamma[9,3,2]'           0.979643
465   'PGamma[9,3,3]'           1
466   'PGamma[10,1,1]'          1
467   'PGamma[10,1,2]'          1.12352
468   'PGamma[10,1,3]'          1
469   'PGamma[10,2,1]'          0.884875
470   'PGamma[10,2,2]'          1
471   'PGamma[10,2,3]'          1.00916
472   'PGamma[10,3,1]'          1
473   'PGamma[10,3,2]'          0.968924
474   'PGamma[10,3,3]'          1
475   'PGamma[11,1,1]'          1
476   'PGamma[11,1,2]'          1.12494
477   'PGamma[11,1,3]'          1
478   'PGamma[11,2,1]'          0.883703
479   'PGamma[11,2,2]'          1
480   'PGamma[11,2,3]'          1.01956
481   'PGamma[11,3,1]'          1
482   'PGamma[11,3,2]'          0.95563
483   'PGamma[11,3,3]'          1
484   'PGamma[12,1,1]'          1
485   'PGamma[12,1,2]'          1.12636
486   'PGamma[12,1,3]'          1
487   'PGamma[12,2,1]'          0.882538
488   'PGamma[12,2,2]'          1
489   'PGamma[12,2,3]'          1.03002
490   'PGamma[12,3,1]'          1
491   'PGamma[12,3,2]'          0.942571
492   'PGamma[12,3,3]'          1
493   'PGamma[13,1,1]'          1
494   'PGamma[13,1,2]'          1.12743
495   'PGamma[13,1,3]'          1
496   'PGamma[13,2,1]'          0.881657
497   'PGamma[13,2,2]'          1
498   'PGamma[13,2,3]'          1.03801
499   'PGamma[13,3,1]'          1
500   'PGamma[13,3,2]'          0.9328
501   'PGamma[13,3,3]'          1
502   'PGamma[14,1,1]'          1
503   'PGamma[14,1,2]'          1.12807
504   'PGamma[14,1,3]'          1
505   'PGamma[14,2,1]'          0.88113
506   'PGamma[14,2,2]'          1
507   'PGamma[14,2,3]'          1.04282
508   'PGamma[14,3,1]'          1
509   'PGamma[14,3,2]'          0.927012
510   'PGamma[14,3,3]'          1
511   'PGamma[15,1,1]'          1
512   'PGamma[15,1,2]'          1.1284
513   'PGamma[15,1,3]'          1
514   'PGamma[15,2,1]'          0.880862
515   'PGamma[15,2,2]'          1
516   'PGamma[15,2,3]'          1.04528
517   'PGamma[15,3,1]'          1
518   'PGamma[15,3,2]'          0.924073
519   'PGamma[15,3,3]'          1
520   'SGamma1[1,1]'            0.197454
521   'SGamma1[1,2]'           -0.0403132
522   'SGamma1[1,3]'            0.0755019
523   'SGamma1[2,1]'            0.21643
524   'SGamma1[2,2]'           -0.0324231
525   'SGamma1[2,3]'            0.077226
526   'SGamma1[3,1]'            0.226335
527   'SGamma1[3,2]'           -0.0293978
528   'SGamma1[3,3]'            0.0755013
529   'SGamma1[4,1]'            0.229614
530   'SGamma1[4,2]'           -0.0298429
531   'SGamma1[4,3]'            0.070372
532   'SGamma1[5,1]'            0.227467
533   'SGamma1[5,2]'           -0.0336502
534   'SGamma1[5,3]'            0.0613073
535   'SGamma1[6,1]'            0.220144
536   'SGamma1[6,2]'           -0.041618
537   'SGamma1[6,3]'            0.0479035
538   'SGamma1[7,1]'            0.207625
539   'SGamma1[7,2]'           -0.054968
540   'SGamma1[7,3]'            0.0308768
541   'SGamma1[8,1]'            0.190599
542   'SGamma1[8,2]'           -0.0742809
543   'SGamma1[8,3]'            0.0127435
544   'SGamma1[9,1]'            0.196119
545   'SGamma1[9,2]'           -0.0976748
546   'SGamma1[9,3]'           -0.00262081
547   'SGamma1[10,1]'           0.184473
548   'SGamma1[10,2]'          -0.141704
549   'SGamma1[10,3]'          -0.0235263
550   'SGamma1[11,1]'           0.152352
551   'SGamma1[11,2]'          -0.210515
552   'SGamma1[11,3]'          -0.041303
553   'SGamma1[12,1]'           0.106123
554   'SGamma1[12,2]'          -0.292995
555   'SGamma1[12,3]'          -0.0439733
556   'SGamma1[13,1]'           0.0617245
557   'SGamma1[13,2]'          -0.364909
558   'SGamma1[13,3]'          -0.0322856
559   'SGamma1[14,1]'           0.0307917
560   'SGamma1[14,2]'          -0.411769
561   'SGamma1[14,3]'          -0.0181078
562   'SGamma1[15,1]'           0.0134923
563   'SGamma1[15,2]'          -0.436715
564   'SGamma1[15,3]'          -0.00838153
565   'SGamma2[1,1]'            0.937141
566   'SGamma2[1,2]'            1.00815
567   'SGamma2[1,3]'            0.984691
568   'SGamma2[2,1]'            0.931091
569   'SGamma2[2,2]'            1.00677
570   'SGamma2[2,3]'            0.984356
571   'SGamma2[3,1]'            0.92793
572   'SGamma2[3,2]'            1.00648
573   'SGamma2[3,3]'            0.984718
574   'SGamma2[4,1]'            0.926876
575   'SGamma2[4,2]'            1.00709
576   'SGamma2[4,3]'            0.98577
577   'SGamma2[5,1]'            0.927547
578   'SGamma2[5,2]'            1.0087
579   'SGamma2[5,3]'            0.98762
580   'SGamma2[6,1]'            0.929863
581   'SGamma2[6,2]'            1.0116
582   'SGamma2[6,3]'            0.990344
583   'SGamma2[7,1]'            0.93383
584   'SGamma2[7,2]'            1.01613
585   'SGamma2[7,3]'            0.993792
586   'SGamma2[8,1]'            0.939232
587   'SGamma2[8,2]'            1.02238
588   'SGamma2[8,3]'            0.997445
589   'SGamma2[9,1]'            0.937449
590   'SGamma2[9,2]'            1.02918
591   'SGamma2[9,3]'            1.00052
592   'SGamma2[10,1]'           0.941132
593   'SGamma2[10,2]'           1.04161
594   'SGamma2[10,3]'           1.00468
595   'SGamma2[11,1]'           0.951349
596   'SGamma2[11,2]'           1.06077
597   'SGamma2[11,3]'           1.00818
598   'SGamma2[12,1]'           0.966089
599   'SGamma2[12,2]'           1.0836
600   'SGamma2[12,3]'           1.00867
601   'SGamma2[13,1]'           0.980266
602   'SGamma2[13,2]'           1.1035
603   'SGamma2[13,3]'           1.00634
604   'SGamma2[14,1]'           0.990153
605   'SGamma2[14,2]'           1.1165
606   'SGamma2[14,3]'           1.00355
607   'SGamma2[15,1]'           0.995685
608   'SGamma2[15,2]'           1.12345
609   'SGamma2[15,3]'           1.00164
610   'gamma[1,1]'              0.967364
611   'gamma[1,2]'              1.00882
612   'gamma[1,3]'              1.01483
613   'gamma[2,1]'              0.965716
614   'gamma[2,2]'              1.00718
615   'gamma[2,3]'              1.01949
616   'gamma[3,1]'              0.965152
617   'gamma[3,2]'              1.00636
618   'gamma[3,3]'              1.0231
619   'gamma[4,1]'              0.965167
620   'gamma[4,2]'              1.0061
621   'gamma[4,3]'              1.02607
622   'gamma[5,1]'              0.965684
623   'gamma[5,2]'              1.00626
624   'gamma[5,3]'              1.02885
625   'gamma[6,1]'              0.966903
626   'gamma[6,2]'              1.00675
627   'gamma[6,3]'              1.03161
628   'gamma[7,1]'              0.969159
629   'gamma[7,2]'              1.00736
630   'gamma[7,3]'              1.03402
631   'gamma[8,1]'              0.972592
632   'gamma[8,2]'              1.00776
633   'gamma[8,3]'              1.03533
634   'gamma[9,1]'              0.976727
635   'gamma[9,2]'              1.00476
636   'gamma[9,3]'              1.04182
637   'gamma[10,1]'             0.983363
638   'gamma[10,2]'             1.00116
639   'gamma[10,3]'             1.04361
640   'gamma[11,1]'             0.9909
641   'gamma[11,2]'             0.995537
642   'gamma[11,3]'             1.03678
643   'gamma[12,1]'             0.996453
644   'gamma[12,2]'             0.987785
645   'gamma[12,3]'             1.02332
646   'gamma[13,1]'             0.998993
647   'gamma[13,2]'             0.98032
648   'gamma[13,3]'             1.01142
649   'gamma[14,1]'             0.999776
650   'gamma[14,2]'             0.975175
651   'gamma[14,3]'             1.00483
652   'gamma[15,1]'             0.99996
653   'gamma[15,2]'             0.972326
654   'gamma[15,3]'             1.00189
655   'PrS[1,1]'           285050
656   'PrS[1,2]'           114556
657   'PrS[1,3]'            79594.6
658   'PrS[2,1]'           277924
659   'PrS[2,2]'           111478
660   'PrS[2,3]'            77338
661   'PrS[3,1]'           271596
662   'PrS[3,2]'           108748
663   'PrS[3,3]'            75340
664   'PrS[4,1]'           264389
665   'PrS[4,2]'           105644
666   'PrS[4,3]'            73071.8
667   'PrS[5,1]'           254856
668   'PrS[5,2]'           101545
669   'PrS[5,3]'            70084.2
670   'PrS[6,1]'           242022
671   'PrS[6,2]'            96041
672   'PrS[6,3]'            66084.5
673   'PrS[7,1]'           225952
674   'PrS[7,2]'            89173.2
675   'PrS[7,3]'            61115.5
676   'PrS[8,1]'           208194
677   'PrS[8,2]'            81618.1
678   'PrS[8,3]'            55678.1
679   'PrS[9,1]'           192105
680   'PrS[9,2]'            74806.7
681   'PrS[9,3]'            50803.8
682   'PrS[10,1]'          171270
683   'PrS[10,2]'           66040
684   'PrS[10,3]'           44572.4
685   'PrS[11,1]'          148172
686   'PrS[11,2]'           56402.3
687   'PrS[11,3]'           37781.9
688   'PrS[12,1]'          128165
689   'PrS[12,2]'           48136
690   'PrS[12,3]'           32013.7
691   'PrS[13,1]'          114774
692   'PrS[13,2]'           42653.1
693   'PrS[13,3]'           28219.4
694   'PrS[14,1]'          107429
695   'PrS[14,2]'           39665.5
696   'PrS[14,3]'           26163.6
697   'PrS[15,1]'          103859
698   'PrS[15,2]'           38218.9
699   'PrS[15,3]'           25171.3
700   'PrSF[1]'            189475
701   'PrSF[2]'             73696.9
702   'PrSF[3]'             50012.2
703   Vap                     283.715
;

