solve_message =
'filterSQP (20020316): SQP termination with iter > maxiter, objective = 944.4257089532756\
1001 iterations (1000 for feasibility)\
Evals: obj = 1, constr = 2472, grad = 501, Hes = 1001'

:           _varname              _var          :=
1      'F[2]'                    0
2      'F[3]'                    0
3      'F[4]'                    0
4      'F[5]'                    0
5      'F[6]'                    0
6      'F[7]'                    0
7      'F[8]'                    0
8      'F[9]'                    0
9      'F[10]'                   0
10     'F[11]'                   0
11     'F[12]'                   0
12     'F[13]'                   0
13     'F[14]'                   0
14     'F[15]'                 200
15     'F[16]'                   0
16     'F[17]'                   0
17     'F[18]'                   0
18     'F[19]'                   0
19     'F[20]'                   0
20     'F[21]'                   0
21     'F[22]'                   0
22     'F[23]'                   0
23     'F[24]'                   0
24     'F[25]'                   0
25     'F[26]'                   0
26     'F[27]'                   0
27     'F[28]'                   0
28     'F[29]'                   0
29     'V[1]'                  944.33
30     'V[2]'                  944.523
31     'V[3]'                  944.782
32     'V[4]'                  945.129
33     'V[5]'                  945.592
34     'V[6]'                  946.204
35     'V[7]'                  947.005
36     'V[8]'                  948.035
37     'V[9]'                  949.328
38     'V[10]'                 950.885
39     'V[11]'                 952.654
40     'V[12]'                 954.484
41     'V[13]'                 956.103
42     'V[14]'                 957.134
43     'V[15]'                 958.649
44     'V[16]'                 960.364
45     'V[17]'                 962.062
46     'V[18]'                 963.681
47     'V[19]'                 965.175
48     'V[20]'                 966.515
49     'V[21]'                 967.69
50     'V[22]'                 968.7
51     'V[23]'                 969.554
52     'V[24]'                 970.259
53     'V[25]'                 970.819
54     'V[26]'                 971.219
55     'V[27]'                 971.428
56     'V[28]'                 971.51
57     'V[29]'                 972.323
58     'V[30]'                   0
59     'y[1,1]'                  2.31517e-08
60     'y[1,2]'                  0.0252992
61     'y[1,3]'                  0.974701
62     'y[2,1]'                  7.63261e-08
63     'y[2,2]'                  0.0354159
64     'y[2,3]'                  0.964584
65     'y[3,1]'                  2.47444e-07
66     'y[3,2]'                  0.0488004
67     'y[3,3]'                  0.951199
68     'y[4,1]'                  7.9472e-07
69     'y[4,2]'                  0.0663564
70     'y[4,3]'                  0.933643
71     'y[5,1]'                  2.53091e-06
72     'y[5,2]'                  0.0891218
73     'y[5,3]'                  0.910876
74     'y[6,1]'                  7.98112e-06
75     'y[6,2]'                  0.118199
76     'y[6,3]'                  0.881793
77     'y[7,1]'                  2.48617e-05
78     'y[7,2]'                  0.154608
79     'y[7,3]'                  0.845367
80     'y[8,1]'                  7.62727e-05
81     'y[8,2]'                  0.199051
82     'y[8,3]'                  0.800873
83     'y[9,1]'                  0.000229678
84     'y[9,2]'                  0.251577
85     'y[9,3]'                  0.748193
86     'y[10,1]'                 0.000676558
87     'y[10,2]'                 0.311228
88     'y[10,3]'                 0.688096
89     'y[11,1]'                 0.00194338
90     'y[11,2]'                 0.375738
91     'y[11,3]'                 0.622318
92     'y[12,1]'                 0.00542773
93     'y[12,2]'                 0.44133
94     'y[12,3]'                 0.553242
95     'y[13,1]'                 0.014687
96     'y[13,2]'                 0.502282
97     'y[13,3]'                 0.483031
98     'y[14,1]'                 0.0382265
99     'y[14,2]'                 0.549413
100    'y[14,3]'                 0.412361
101    'y[15,1]'                 0.0940631
102    'y[15,2]'                 0.566641
103    'y[15,3]'                 0.339296
104    'y[16,1]'                 0.0946828
105    'y[16,2]'                 0.608505
106    'y[16,3]'                 0.296812
107    'y[17,1]'                 0.0952417
108    'y[17,2]'                 0.648871
109    'y[17,3]'                 0.255887
110    'y[18,1]'                 0.0957289
111    'y[18,2]'                 0.686569
112    'y[18,3]'                 0.217702
113    'y[19,1]'                 0.0961447
114    'y[19,2]'                 0.720801
115    'y[19,3]'                 0.183054
116    'y[20,1]'                 0.0965011
117    'y[20,2]'                 0.751153
118    'y[20,3]'                 0.152346
119    'y[21,1]'                 0.0968277
120    'y[21,2]'                 0.777522
121    'y[21,3]'                 0.125651
122    'y[22,1]'                 0.0971898
123    'y[22,2]'                 0.800012
124    'y[22,3]'                 0.102798
125    'y[23,1]'                 0.0977416
126    'y[23,2]'                 0.818792
127    'y[23,3]'                 0.0834668
128    'y[24,1]'                 0.0988655
129    'y[24,2]'                 0.833883
130    'y[24,3]'                 0.0672517
131    'y[25,1]'                 0.101528
132    'y[25,2]'                 0.844761
133    'y[25,3]'                 0.0537107
134    'y[26,1]'                 0.108169
135    'y[26,2]'                 0.849448
136    'y[26,3]'                 0.0423835
137    'y[27,1]'                 0.124802
138    'y[27,2]'                 0.842412
139    'y[27,3]'                 0.0327866
140    'y[28,1]'                 0.165275
141    'y[28,2]'                 0.810323
142    'y[28,3]'                 0.0244026
143    'y[29,1]'                 0.256233
144    'y[29,2]'                 0.727026
145    'y[29,3]'                 0.0167414
146    'y[30,1]'                 0.427646
147    'y[30,2]'                 0.562663
148    'y[30,3]'                 0.00969121
149    'L[1]'                    0
150    'L[2]'                 1004.03
151    'L[3]'                 1004.22
152    'L[4]'                 1004.48
153    'L[5]'                 1004.83
154    'L[6]'                 1005.29
155    'L[7]'                 1005.9
156    'L[8]'                 1006.7
157    'L[9]'                 1007.73
158    'L[10]'                1009.02
159    'L[11]'                1010.58
160    'L[12]'                1012.35
161    'L[13]'                1014.18
162    'L[14]'                1015.8
163    'L[15]'                1016.83
164    'L[16]'                 818.346
165    'L[17]'                 820.061
166    'L[18]'                 821.759
167    'L[19]'                 823.378
168    'L[20]'                 824.872
169    'L[21]'                 826.212
170    'L[22]'                 827.387
171    'L[23]'                 828.397
172    'L[24]'                 829.251
173    'L[25]'                 829.956
174    'L[26]'                 830.516
175    'L[27]'                 830.916
176    'L[28]'                 831.125
177    'L[29]'                 831.207
178    'L[30]'                 832.02
179    'x[1,1]'                  6.7048e-09
180    'x[1,2]'                  0.0177013
181    'x[1,3]'                  0.982299
182    'x[2,1]'                  2.21738e-08
183    'x[2,2]'                  0.0248474
184    'x[2,3]'                  0.975153
185    'x[3,1]'                  7.21875e-08
186    'x[3,2]'                  0.0343629
187    'x[3,3]'                  0.965637
188    'x[4,1]'                  2.33137e-07
189    'x[4,2]'                  0.0469522
190    'x[4,3]'                  0.953048
191    'x[5,1]'                  7.47904e-07
192    'x[5,2]'                  0.0634658
193    'x[5,3]'                  0.936533
194    'x[6,1]'                  2.38101e-06
195    'x[6,2]'                  0.0848807
196    'x[6,3]'                  0.915117
197    'x[7,1]'                  7.50787e-06
198    'x[7,2]'                  0.112234
199    'x[7,3]'                  0.887758
200    'x[8,1]'                  2.33879e-05
201    'x[8,2]'                  0.14649
202    'x[8,3]'                  0.853487
203    'x[9,1]'                  7.17548e-05
204    'x[9,2]'                  0.188308
205    'x[9,3]'                  0.81162
206    'x[10,1]'                 0.00021609
207    'x[10,2]'                 0.23774
208    'x[10,3]'                 0.762043
209    'x[11,1]'                 0.000636593
210    'x[11,2]'                 0.293889
211    'x[11,3]'                 0.705475
212    'x[12,1]'                 0.00182878
213    'x[12,2]'                 0.354625
214    'x[12,3]'                 0.643546
215    'x[13,1]'                 0.00510824
216    'x[13,2]'                 0.416395
217    'x[13,3]'                 0.578497
218    'x[14,1]'                 0.0138238
219    'x[14,2]'                 0.473804
220    'x[14,3]'                 0.512373
221    'x[15,1]'                 0.0359823
222    'x[15,2]'                 0.518197
223    'x[15,3]'                 0.445821
224    'x[16,1]'                 0.0368715
225    'x[16,2]'                 0.567323
226    'x[16,3]'                 0.395806
227    'x[17,1]'                 0.0377168
228    'x[17,2]'                 0.616348
229    'x[17,3]'                 0.345935
230    'x[18,1]'                 0.0384888
231    'x[18,2]'                 0.66359
232    'x[18,3]'                 0.297921
233    'x[19,1]'                 0.0391707
234    'x[19,2]'                 0.707682
235    'x[19,3]'                 0.253147
236    'x[20,1]'                 0.0397596
237    'x[20,2]'                 0.747699
238    'x[20,3]'                 0.212541
239    'x[21,1]'                 0.0402681
240    'x[21,2]'                 0.783161
241    'x[21,3]'                 0.176571
242    'x[22,1]'                 0.0407299
243    'x[22,2]'                 0.813956
244    'x[22,3]'                 0.145314
245    'x[23,1]'                 0.0412217
246    'x[23,2]'                 0.840211
247    'x[23,3]'                 0.118567
248    'x[24,1]'                 0.0419245
249    'x[24,2]'                 0.862126
250    'x[24,3]'                 0.095949
251    'x[25,1]'                 0.0432857
252    'x[25,2]'                 0.879732
253    'x[25,3]'                 0.0769822
254    'x[26,1]'                 0.0464353
255    'x[26,2]'                 0.892418
256    'x[26,3]'                 0.0611471
257    'x[27,1]'                 0.0542241
258    'x[27,2]'                 0.897872
259    'x[27,3]'                 0.0479036
260    'x[28,1]'                 0.0736785
261    'x[28,2]'                 0.889636
262    'x[28,3]'                 0.0366853
263    'x[29,1]'                 0.120988
264    'x[29,2]'                 0.852126
265    'x[29,3]'                 0.0268858
266    'x[30,1]'                 0.227327
267    'x[30,2]'                 0.754743
268    'x[30,3]'                 0.0179302
269    PC                      140.303
270    PR                       59.697
271    'T[1]'                  390.836
272    'T[2]'                  390.748
273    'T[3]'                  390.63
274    'T[4]'                  390.475
275    'T[5]'                  390.272
276    'T[6]'                  390.01
277    'T[7]'                  389.676
278    'T[8]'                  389.26
279    'T[9]'                  388.756
280    'T[10]'                 388.164
281    'T[11]'                 387.491
282    'T[12]'                 386.737
283    'T[13]'                 385.875
284    'T[14]'                 384.783
285    'T[15]'                 383.148
286    'T[16]'                 382.656
287    'T[17]'                 382.181
288    'T[18]'                 381.74
289    'T[19]'                 381.341
290    'T[20]'                 380.99
291    'T[21]'                 380.687
292    'T[22]'                 380.427
293    'T[23]'                 380.205
294    'T[24]'                 380.009
295    'T[25]'                 379.816
296    'T[26]'                 379.58
297    'T[27]'                 379.188
298    'T[28]'                 378.382
299    'T[29]'                 376.619
300    'T[30]'                 373.067
301    TF                      372.396
302    QC                    11270.7
303    QR                    11348.6
304    'H[1,1]'                  2.51094
305    'H[1,2]'                  1.43213
306    'H[1,3]'                  3.02976
307    'H[2,1]'                  2.50833
308    'H[2,2]'                  1.431
309    'H[2,3]'                  3.02659
310    'H[3,1]'                  2.50485
311    'H[3,2]'                  1.4295
312    'H[3,3]'                  3.02237
313    'H[4,1]'                  2.50026
314    'H[4,2]'                  1.42752
315    'H[4,3]'                  3.01679
316    'H[5,1]'                  2.49425
317    'H[5,2]'                  1.42493
318    'H[5,3]'                  3.00949
319    'H[6,1]'                  2.48648
320    'H[6,2]'                  1.42157
321    'H[6,3]'                  3.00006
322    'H[7,1]'                  2.4766
323    'H[7,2]'                  1.41729
324    'H[7,3]'                  2.98807
325    'H[8,1]'                  2.46432
326    'H[8,2]'                  1.41196
327    'H[8,3]'                  2.97316
328    'H[9,1]'                  2.44945
329    'H[9,2]'                  1.40549
330    'H[9,3]'                  2.95511
331    'H[10,1]'                 2.43201
332    'H[10,2]'                 1.39788
333    'H[10,3]'                 2.93394
334    'H[11,1]'                 2.41217
335    'H[11,2]'                 1.38919
336    'H[11,3]'                 2.90987
337    'H[12,1]'                 2.39001
338    'H[12,2]'                 1.37944
339    'H[12,3]'                 2.88299
340    'H[13,1]'                 2.36468
341    'H[13,2]'                 1.36824
342    'H[13,3]'                 2.85226
343    'H[14,1]'                 2.33268
344    'H[14,2]'                 1.35402
345    'H[14,3]'                 2.81344
346    'H[15,1]'                 2.2849
347    'H[15,2]'                 1.33261
348    'H[15,3]'                 2.7555
349    'H[16,1]'                 2.27054
350    'H[16,2]'                 1.32613
351    'H[16,3]'                 2.7381
352    'H[17,1]'                 2.25673
353    'H[17,2]'                 1.31988
354    'H[17,3]'                 2.72135
355    'H[18,1]'                 2.24388
356    'H[18,2]'                 1.31406
357    'H[18,3]'                 2.70577
358    'H[19,1]'                 2.23228
359    'H[19,2]'                 1.30879
360    'H[19,3]'                 2.69172
361    'H[20,1]'                 2.22208
362    'H[20,2]'                 1.30414
363    'H[20,3]'                 2.67935
364    'H[21,1]'                 2.21326
365    'H[21,2]'                 1.30011
366    'H[21,3]'                 2.66866
367    'H[22,1]'                 2.20573
368    'H[22,2]'                 1.29667
369    'H[22,3]'                 2.65953
370    'H[23,1]'                 2.19928
371    'H[23,2]'                 1.29372
372    'H[23,3]'                 2.65172
373    'H[24,1]'                 2.19359
374    'H[24,2]'                 1.29111
375    'H[24,3]'                 2.64482
376    'H[25,1]'                 2.188
377    'H[25,2]'                 1.28855
378    'H[25,3]'                 2.63805
379    'H[26,1]'                 2.18115
380    'H[26,2]'                 1.2854
381    'H[26,3]'                 2.62975
382    'H[27,1]'                 2.16981
383    'H[27,2]'                 1.28017
384    'H[27,3]'                 2.616
385    'H[28,1]'                 2.14649
386    'H[28,2]'                 1.2694
387    'H[28,3]'                 2.58776
388    'H[29,1]'                 2.09563
389    'H[29,2]'                 1.24572
390    'H[29,3]'                 2.52614
391    'H[30,1]'                 1.99366
392    'H[30,2]'                 1.19749
393    'H[30,3]'                 2.40269
394    'HF[1]'                   1.97448
395    'HF[2]'                   1.18831
396    'HF[3]'                   2.37948
397    'h[1,1]'                 -7.37108
398    'h[1,2]'                 -9.82783
399    'h[1,3]'                 -9.00095
400    'h[2,1]'                 -7.37661
401    'h[2,2]'                 -9.83215
402    'h[2,3]'                 -9.00699
403    'h[3,1]'                 -7.38396
404    'h[3,2]'                 -9.8379
405    'h[3,3]'                 -9.01503
406    'h[4,1]'                 -7.39367
407    'h[4,2]'                 -9.84549
408    'h[4,3]'                 -9.02564
409    'h[5,1]'                 -7.40638
410    'h[5,2]'                 -9.85542
411    'h[5,3]'                 -9.03953
412    'h[6,1]'                 -7.42279
413    'h[6,2]'                 -9.86827
414    'h[6,3]'                 -9.05747
415    'h[7,1]'                 -7.44364
416    'h[7,2]'                 -9.8846
417    'h[7,3]'                 -9.08027
418    'h[8,1]'                 -7.46956
419    'h[8,2]'                 -9.90491
420    'h[8,3]'                 -9.10861
421    'h[9,1]'                 -7.50091
422    'h[9,2]'                 -9.92951
423    'h[9,3]'                 -9.14291
424    'h[10,1]'                -7.53766
425    'h[10,2]'                -9.95839
426    'h[10,3]'                -9.18311
427    'h[11,1]'                -7.57941
428    'h[11,2]'                -9.99123
429    'h[11,3]'                -9.22879
430    'h[12,1]'                -7.62599
431    'h[12,2]'               -10.0279
432    'h[12,3]'                -9.27977
433    'h[13,1]'                -7.67916
434    'h[13,2]'               -10.0699
435    'h[13,3]'                -9.33799
436    'h[14,1]'                -7.74625
437    'h[14,2]'               -10.123
438    'h[14,3]'                -9.41145
439    'h[15,1]'                -7.8462
440    'h[15,2]'               -10.2024
441    'h[15,3]'                -9.52096
442    'h[16,1]'                -7.87617
443    'h[16,2]'               -10.2262
444    'h[16,3]'                -9.55382
445    'h[17,1]'                -7.90501
446    'h[17,2]'               -10.2492
447    'h[17,3]'                -9.58543
448    'h[18,1]'                -7.93181
449    'h[18,2]'               -10.2706
450    'h[18,3]'                -9.61481
451    'h[19,1]'                -7.95597
452    'h[19,2]'               -10.2899
453    'h[19,3]'                -9.6413
454    'h[20,1]'                -7.97723
455    'h[20,2]'               -10.3069
456    'h[20,3]'                -9.66462
457    'h[21,1]'                -7.99559
458    'h[21,2]'               -10.3215
459    'h[21,3]'                -9.68475
460    'h[22,1]'                -8.01127
461    'h[22,2]'               -10.3341
462    'h[22,3]'                -9.70195
463    'h[23,1]'                -8.02468
464    'h[23,2]'               -10.3448
465    'h[23,3]'                -9.71665
466    'h[24,1]'                -8.03652
467    'h[24,2]'               -10.3543
468    'h[24,3]'                -9.72964
469    'h[25,1]'                -8.04813
470    'h[25,2]'               -10.3636
471    'h[25,3]'                -9.74238
472    'h[26,1]'                -8.06238
473    'h[26,2]'               -10.375
474    'h[26,3]'                -9.75801
475    'h[27,1]'                -8.08595
476    'h[27,2]'               -10.3939
477    'h[27,3]'                -9.78387
478    'h[28,1]'                -8.13435
479    'h[28,2]'               -10.4328
480    'h[28,3]'                -9.83698
481    'h[29,1]'                -8.23976
482    'h[29,2]'               -10.5178
483    'h[29,3]'                -9.95268
484    'h[30,1]'                -8.45031
485    'h[30,2]'               -10.6886
486    'h[30,3]'               -10.1839
487    'hF[1]'                  -8.4898
488    'hF[2]'                 -10.7208
489    'hF[3]'                 -10.2273
490    'tauGamma[1,1,1]'     1e-06
491    'tauGamma[1,1,2]'        -0.367112
492    'tauGamma[1,1,3]'     1e-06
493    'tauGamma[1,2,1]'         0.385513
494    'tauGamma[1,2,2]'     1e-06
495    'tauGamma[1,2,3]'         0.211815
496    'tauGamma[1,3,1]'     1e-06
497    'tauGamma[1,3,2]'        -0.189114
498    'tauGamma[1,3,3]'     1e-06
499    'tauGamma[2,1,1]'     1e-06
500    'tauGamma[2,1,2]'        -0.367194
501    'tauGamma[2,1,3]'     1e-06
502    'tauGamma[2,2,1]'         0.3856
503    'tauGamma[2,2,2]'     1e-06
504    'tauGamma[2,2,3]'         0.210804
505    'tauGamma[2,3,1]'     1e-06
506    'tauGamma[2,3,2]'        -0.187752
507    'tauGamma[2,3,3]'     1e-06
508    'tauGamma[3,1,1]'     1e-06
509    'tauGamma[3,1,2]'        -0.367305
510    'tauGamma[3,1,3]'     1e-06
511    'tauGamma[3,2,1]'         0.385716
512    'tauGamma[3,2,2]'     1e-06
513    'tauGamma[3,2,3]'         0.209459
514    'tauGamma[3,3,1]'     1e-06
515    'tauGamma[3,3,2]'        -0.185939
516    'tauGamma[3,3,3]'     1e-06
517    'tauGamma[4,1,1]'     1e-06
518    'tauGamma[4,1,2]'        -0.367451
519    'tauGamma[4,1,3]'     1e-06
520    'tauGamma[4,2,1]'         0.385869
521    'tauGamma[4,2,2]'     1e-06
522    'tauGamma[4,2,3]'         0.207681
523    'tauGamma[4,3,1]'     1e-06
524    'tauGamma[4,3,2]'        -0.183542
525    'tauGamma[4,3,3]'     1e-06
526    'tauGamma[5,1,1]'     1e-06
527    'tauGamma[5,1,2]'        -0.367642
528    'tauGamma[5,1,3]'     1e-06
529    'tauGamma[5,2,1]'         0.38607
530    'tauGamma[5,2,2]'     1e-06
531    'tauGamma[5,2,3]'         0.205351
532    'tauGamma[5,3,1]'     1e-06
533    'tauGamma[5,3,2]'        -0.180401
534    'tauGamma[5,3,3]'     1e-06
535    'tauGamma[6,1,1]'     1e-06
536    'tauGamma[6,1,2]'        -0.36789
537    'tauGamma[6,1,3]'     1e-06
538    'tauGamma[6,2,1]'         0.38633
539    'tauGamma[6,2,2]'     1e-06
540    'tauGamma[6,2,3]'         0.202334
541    'tauGamma[6,3,1]'     1e-06
542    'tauGamma[6,3,2]'        -0.176335
543    'tauGamma[6,3,3]'     1e-06
544    'tauGamma[7,1,1]'     1e-06
545    'tauGamma[7,1,2]'        -0.368205
546    'tauGamma[7,1,3]'     1e-06
547    'tauGamma[7,2,1]'         0.386661
548    'tauGamma[7,2,2]'     1e-06
549    'tauGamma[7,2,3]'         0.198492
550    'tauGamma[7,3,1]'     1e-06
551    'tauGamma[7,3,2]'        -0.171156
552    'tauGamma[7,3,3]'     1e-06
553    'tauGamma[8,1,1]'     1e-06
554    'tauGamma[8,1,2]'        -0.368598
555    'tauGamma[8,1,3]'     1e-06
556    'tauGamma[8,2,1]'         0.387074
557    'tauGamma[8,2,2]'     1e-06
558    'tauGamma[8,2,3]'         0.1937
559    'tauGamma[8,3,1]'     1e-06
560    'tauGamma[8,3,2]'        -0.164698
561    'tauGamma[8,3,3]'     1e-06
562    'tauGamma[9,1,1]'     1e-06
563    'tauGamma[9,1,2]'        -0.369076
564    'tauGamma[9,1,3]'     1e-06
565    'tauGamma[9,2,1]'         0.387575
566    'tauGamma[9,2,2]'     1e-06
567    'tauGamma[9,2,3]'         0.18788
568    'tauGamma[9,3,1]'     1e-06
569    'tauGamma[9,3,2]'        -0.156852
570    'tauGamma[9,3,3]'     1e-06
571    'tauGamma[10,1,1]'    1e-06
572    'tauGamma[10,1,2]'       -0.369638
573    'tauGamma[10,1,3]'    1e-06
574    'tauGamma[10,2,1]'        0.388166
575    'tauGamma[10,2,2]'    1e-06
576    'tauGamma[10,2,3]'        0.181026
577    'tauGamma[10,3,1]'    1e-06
578    'tauGamma[10,3,2]'       -0.147613
579    'tauGamma[10,3,3]'    1e-06
580    'tauGamma[11,1,1]'    1e-06
581    'tauGamma[11,1,2]'       -0.370281
582    'tauGamma[11,1,3]'    1e-06
583    'tauGamma[11,2,1]'        0.388841
584    'tauGamma[11,2,2]'    1e-06
585    'tauGamma[11,2,3]'        0.173196
586    'tauGamma[11,3,1]'    1e-06
587    'tauGamma[11,3,2]'       -0.137059
588    'tauGamma[11,3,3]'    1e-06
589    'tauGamma[12,1,1]'    1e-06
590    'tauGamma[12,1,2]'       -0.371002
591    'tauGamma[12,1,3]'    1e-06
592    'tauGamma[12,2,1]'        0.389598
593    'tauGamma[12,2,2]'    1e-06
594    'tauGamma[12,2,3]'        0.164405
595    'tauGamma[12,3,1]'    1e-06
596    'tauGamma[12,3,2]'       -0.12521
597    'tauGamma[12,3,3]'    1e-06
598    'tauGamma[13,1,1]'    1e-06
599    'tauGamma[13,1,2]'       -0.371832
600    'tauGamma[13,1,3]'    1e-06
601    'tauGamma[13,2,1]'        0.390469
602    'tauGamma[13,2,2]'    1e-06
603    'tauGamma[13,2,3]'        0.154299
604    'tauGamma[13,3,1]'    1e-06
605    'tauGamma[13,3,2]'       -0.111588
606    'tauGamma[13,3,3]'    1e-06
607    'tauGamma[14,1,1]'    1e-06
608    'tauGamma[14,1,2]'       -0.372887
609    'tauGamma[14,1,3]'    1e-06
610    'tauGamma[14,2,1]'        0.391577
611    'tauGamma[14,2,2]'    1e-06
612    'tauGamma[14,2,3]'        0.14144
613    'tauGamma[14,3,1]'    1e-06
614    'tauGamma[14,3,2]'       -0.0942557
615    'tauGamma[14,3,3]'    1e-06
616    'tauGamma[15,1,1]'    1e-06
617    'tauGamma[15,1,2]'       -0.374478
618    'tauGamma[15,1,3]'    1e-06
619    'tauGamma[15,2,1]'        0.393248
620    'tauGamma[15,2,2]'    1e-06
621    'tauGamma[15,2,3]'        0.122053
622    'tauGamma[15,3,1]'    1e-06
623    'tauGamma[15,3,2]'       -0.068123
624    'tauGamma[15,3,3]'    1e-06
625    'tauGamma[16,1,1]'    1e-06
626    'tauGamma[16,1,2]'       -0.37496
627    'tauGamma[16,1,3]'    1e-06
628    'tauGamma[16,2,1]'        0.393754
629    'tauGamma[16,2,2]'    1e-06
630    'tauGamma[16,2,3]'        0.116184
631    'tauGamma[16,3,1]'    1e-06
632    'tauGamma[16,3,2]'       -0.0602121
633    'tauGamma[16,3,3]'    1e-06
634    'tauGamma[17,1,1]'    1e-06
635    'tauGamma[17,1,2]'       -0.375425
636    'tauGamma[17,1,3]'    1e-06
637    'tauGamma[17,2,1]'        0.394243
638    'tauGamma[17,2,2]'    1e-06
639    'tauGamma[17,2,3]'        0.110515
640    'tauGamma[17,3,1]'    1e-06
641    'tauGamma[17,3,2]'       -0.0525707
642    'tauGamma[17,3,3]'    1e-06
643    'tauGamma[18,1,1]'    1e-06
644    'tauGamma[18,1,2]'       -0.375859
645    'tauGamma[18,1,3]'    1e-06
646    'tauGamma[18,2,1]'        0.394698
647    'tauGamma[18,2,2]'    1e-06
648    'tauGamma[18,2,3]'        0.105226
649    'tauGamma[18,3,1]'    1e-06
650    'tauGamma[18,3,2]'       -0.0454415
651    'tauGamma[18,3,3]'    1e-06
652    'tauGamma[19,1,1]'    1e-06
653    'tauGamma[19,1,2]'       -0.376252
654    'tauGamma[19,1,3]'    1e-06
655    'tauGamma[19,2,1]'        0.395111
656    'tauGamma[19,2,2]'    1e-06
657    'tauGamma[19,2,3]'        0.100438
658    'tauGamma[19,3,1]'    1e-06
659    'tauGamma[19,3,2]'       -0.0389886
660    'tauGamma[19,3,3]'    1e-06
661    'tauGamma[20,1,1]'    1e-06
662    'tauGamma[20,1,2]'       -0.376599
663    'tauGamma[20,1,3]'    1e-06
664    'tauGamma[20,2,1]'        0.395475
665    'tauGamma[20,2,2]'    1e-06
666    'tauGamma[20,2,3]'        0.0962124
667    'tauGamma[20,3,1]'    1e-06
668    'tauGamma[20,3,2]'       -0.0332925
669    'tauGamma[20,3,3]'    1e-06
670    'tauGamma[21,1,1]'    1e-06
671    'tauGamma[21,1,2]'       -0.376899
672    'tauGamma[21,1,3]'    1e-06
673    'tauGamma[21,2,1]'        0.395791
674    'tauGamma[21,2,2]'    1e-06
675    'tauGamma[21,2,3]'        0.092553
676    'tauGamma[21,3,1]'    1e-06
677    'tauGamma[21,3,2]'       -0.02836
678    'tauGamma[21,3,3]'    1e-06
679    'tauGamma[22,1,1]'    1e-06
680    'tauGamma[22,1,2]'       -0.377156
681    'tauGamma[22,1,3]'    1e-06
682    'tauGamma[22,2,1]'        0.396061
683    'tauGamma[22,2,2]'    1e-06
684    'tauGamma[22,2,3]'        0.089421
685    'tauGamma[22,3,1]'    1e-06
686    'tauGamma[22,3,2]'       -0.0241383
687    'tauGamma[22,3,3]'    1e-06
688    'tauGamma[23,1,1]'    1e-06
689    'tauGamma[23,1,2]'       -0.377376
690    'tauGamma[23,1,3]'    1e-06
691    'tauGamma[23,2,1]'        0.396292
692    'tauGamma[23,2,2]'    1e-06
693    'tauGamma[23,2,3]'        0.0867365
694    'tauGamma[23,3,1]'    1e-06
695    'tauGamma[23,3,2]'       -0.0205198
696    'tauGamma[23,3,3]'    1e-06
697    'tauGamma[24,1,1]'    1e-06
698    'tauGamma[24,1,2]'       -0.377571
699    'tauGamma[24,1,3]'    1e-06
700    'tauGamma[24,2,1]'        0.396497
701    'tauGamma[24,2,2]'    1e-06
702    'tauGamma[24,2,3]'        0.0843606
703    'tauGamma[24,3,1]'    1e-06
704    'tauGamma[24,3,2]'       -0.0173174
705    'tauGamma[24,3,3]'    1e-06
706    'tauGamma[25,1,1]'    1e-06
707    'tauGamma[25,1,2]'       -0.377763
708    'tauGamma[25,1,3]'    1e-06
709    'tauGamma[25,2,1]'        0.396698
710    'tauGamma[25,2,2]'    1e-06
711    'tauGamma[25,2,3]'        0.0820283
712    'tauGamma[25,3,1]'    1e-06
713    'tauGamma[25,3,2]'       -0.0141736
714    'tauGamma[25,3,3]'    1e-06
715    'tauGamma[26,1,1]'    1e-06
716    'tauGamma[26,1,2]'       -0.377998
717    'tauGamma[26,1,3]'    1e-06
718    'tauGamma[26,2,1]'        0.396945
719    'tauGamma[26,2,2]'    1e-06
720    'tauGamma[26,2,3]'        0.0791608
721    'tauGamma[26,3,1]'    1e-06
722    'tauGamma[26,3,2]'       -0.0103084
723    'tauGamma[26,3,3]'    1e-06
724    'tauGamma[27,1,1]'    1e-06
725    'tauGamma[27,1,2]'       -0.378389
726    'tauGamma[27,1,3]'    1e-06
727    'tauGamma[27,2,1]'        0.397355
728    'tauGamma[27,2,2]'    1e-06
729    'tauGamma[27,2,3]'        0.0744022
730    'tauGamma[27,3,1]'    1e-06
731    'tauGamma[27,3,2]'       -0.00389428
732    'tauGamma[27,3,3]'    1e-06
733    'tauGamma[28,1,1]'    1e-06
734    'tauGamma[28,1,2]'       -0.379195
735    'tauGamma[28,1,3]'    1e-06
736    'tauGamma[28,2,1]'        0.398201
737    'tauGamma[28,2,2]'    1e-06
738    'tauGamma[28,2,3]'        0.064582
739    'tauGamma[28,3,1]'    1e-06
740    'tauGamma[28,3,2]'        0.00934238
741    'tauGamma[28,3,3]'    1e-06
742    'tauGamma[29,1,1]'    1e-06
743    'tauGamma[29,1,2]'       -0.380969
744    'tauGamma[29,1,3]'    1e-06
745    'tauGamma[29,2,1]'        0.400065
746    'tauGamma[29,2,2]'    1e-06
747    'tauGamma[29,2,3]'        0.0429557
748    'tauGamma[29,3,1]'    1e-06
749    'tauGamma[29,3,2]'        0.0384928
750    'tauGamma[29,3,3]'    1e-06
751    'tauGamma[30,1,1]'    1e-06
752    'tauGamma[30,1,2]'       -0.384597
753    'tauGamma[30,1,3]'    1e-06
754    'tauGamma[30,2,1]'        0.403874
755    'tauGamma[30,2,2]'    1e-06
756    'tauGamma[30,2,3]'       -0.0012469
757    'tauGamma[30,3,1]'    1e-06
758    'tauGamma[30,3,2]'        0.0980739
759    'tauGamma[30,3,3]'    1e-06
760    'PGamma[1,1,1]'           1
761    'PGamma[1,1,2]'           1.11643
762    'PGamma[1,1,3]'           1
763    'PGamma[1,2,1]'           0.890784
764    'PGamma[1,2,2]'           1
765    'PGamma[1,2,3]'           0.958522
766    'PGamma[1,3,1]'           1
767    'PGamma[1,3,2]'           1.03855
768    'PGamma[1,3,3]'           1
769    'PGamma[2,1,1]'           1
770    'PGamma[2,1,2]'           1.11645
771    'PGamma[2,1,3]'           1
772    'PGamma[2,2,1]'           0.89076
773    'PGamma[2,2,2]'           1
774    'PGamma[2,2,3]'           0.958716
775    'PGamma[2,3,1]'           1
776    'PGamma[2,3,2]'           1.03826
777    'PGamma[2,3,3]'           1
778    'PGamma[3,1,1]'           1
779    'PGamma[3,1,2]'           1.11649
780    'PGamma[3,1,3]'           1
781    'PGamma[3,2,1]'           0.890729
782    'PGamma[3,2,2]'           1
783    'PGamma[3,2,3]'           0.958973
784    'PGamma[3,3,1]'           1
785    'PGamma[3,3,2]'           1.03789
786    'PGamma[3,3,3]'           1
787    'PGamma[4,1,1]'           1
788    'PGamma[4,1,2]'           1.11654
789    'PGamma[4,1,3]'           1
790    'PGamma[4,2,1]'           0.890688
791    'PGamma[4,2,2]'           1
792    'PGamma[4,2,3]'           0.959315
793    'PGamma[4,3,1]'           1
794    'PGamma[4,3,2]'           1.03739
795    'PGamma[4,3,3]'           1
796    'PGamma[5,1,1]'           1
797    'PGamma[5,1,2]'           1.1166
798    'PGamma[5,1,3]'           1
799    'PGamma[5,2,1]'           0.890635
800    'PGamma[5,2,2]'           1
801    'PGamma[5,2,3]'           0.959762
802    'PGamma[5,3,1]'           1
803    'PGamma[5,3,2]'           1.03674
804    'PGamma[5,3,3]'           1
805    'PGamma[6,1,1]'           1
806    'PGamma[6,1,2]'           1.11669
807    'PGamma[6,1,3]'           1
808    'PGamma[6,2,1]'           0.890565
809    'PGamma[6,2,2]'           1
810    'PGamma[6,2,3]'           0.960341
811    'PGamma[6,3,1]'           1
812    'PGamma[6,3,2]'           1.0359
813    'PGamma[6,3,3]'           1
814    'PGamma[7,1,1]'           1
815    'PGamma[7,1,2]'           1.11679
816    'PGamma[7,1,3]'           1
817    'PGamma[7,2,1]'           0.890477
818    'PGamma[7,2,2]'           1
819    'PGamma[7,2,3]'           0.961079
820    'PGamma[7,3,1]'           1
821    'PGamma[7,3,2]'           1.03482
822    'PGamma[7,3,3]'           1
823    'PGamma[8,1,1]'           1
824    'PGamma[8,1,2]'           1.11693
825    'PGamma[8,1,3]'           1
826    'PGamma[8,2,1]'           0.890367
827    'PGamma[8,2,2]'           1
828    'PGamma[8,2,3]'           0.962001
829    'PGamma[8,3,1]'           1
830    'PGamma[8,3,2]'           1.03349
831    'PGamma[8,3,3]'           1
832    'PGamma[9,1,1]'           1
833    'PGamma[9,1,2]'           1.11709
834    'PGamma[9,1,3]'           1
835    'PGamma[9,2,1]'           0.890233
836    'PGamma[9,2,2]'           1
837    'PGamma[9,2,3]'           0.963121
838    'PGamma[9,3,1]'           1
839    'PGamma[9,3,2]'           1.03187
840    'PGamma[9,3,3]'           1
841    'PGamma[10,1,1]'          1
842    'PGamma[10,1,2]'          1.11727
843    'PGamma[10,1,3]'          1
844    'PGamma[10,2,1]'          0.890075
845    'PGamma[10,2,2]'          1
846    'PGamma[10,2,3]'          0.964442
847    'PGamma[10,3,1]'          1
848    'PGamma[10,3,2]'          1.02996
849    'PGamma[10,3,3]'          1
850    'PGamma[11,1,1]'          1
851    'PGamma[11,1,2]'          1.11749
852    'PGamma[11,1,3]'          1
853    'PGamma[11,2,1]'          0.889895
854    'PGamma[11,2,2]'          1
855    'PGamma[11,2,3]'          0.965954
856    'PGamma[11,3,1]'          1
857    'PGamma[11,3,2]'          1.02779
858    'PGamma[11,3,3]'          1
859    'PGamma[12,1,1]'          1
860    'PGamma[12,1,2]'          1.11773
861    'PGamma[12,1,3]'          1
862    'PGamma[12,2,1]'          0.889692
863    'PGamma[12,2,2]'          1
864    'PGamma[12,2,3]'          0.967654
865    'PGamma[12,3,1]'          1
866    'PGamma[12,3,2]'          1.02536
867    'PGamma[12,3,3]'          1
868    'PGamma[13,1,1]'          1
869    'PGamma[13,1,2]'          1.11801
870    'PGamma[13,1,3]'          1
871    'PGamma[13,2,1]'          0.88946
872    'PGamma[13,2,2]'          1
873    'PGamma[13,2,3]'          0.969611
874    'PGamma[13,3,1]'          1
875    'PGamma[13,3,2]'          1.02257
876    'PGamma[13,3,3]'          1
877    'PGamma[14,1,1]'          1
878    'PGamma[14,1,2]'          1.11836
879    'PGamma[14,1,3]'          1
880    'PGamma[14,2,1]'          0.889164
881    'PGamma[14,2,2]'          1
882    'PGamma[14,2,3]'          0.972108
883    'PGamma[14,3,1]'          1
884    'PGamma[14,3,2]'          1.01903
885    'PGamma[14,3,3]'          1
886    'PGamma[15,1,1]'          1
887    'PGamma[15,1,2]'          1.1189
888    'PGamma[15,1,3]'          1
889    'PGamma[15,2,1]'          0.888719
890    'PGamma[15,2,2]'          1
891    'PGamma[15,2,3]'          0.975885
892    'PGamma[15,3,1]'          1
893    'PGamma[15,3,2]'          1.01372
894    'PGamma[15,3,3]'          1
895    'PGamma[16,1,1]'          1
896    'PGamma[16,1,2]'          1.11906
897    'PGamma[16,1,3]'          1
898    'PGamma[16,2,1]'          0.888584
899    'PGamma[16,2,2]'          1
900    'PGamma[16,2,3]'          0.977031
901    'PGamma[16,3,1]'          1
902    'PGamma[16,3,2]'          1.01212
903    'PGamma[16,3,3]'          1
904    'PGamma[17,1,1]'          1
905    'PGamma[17,1,2]'          1.11921
906    'PGamma[17,1,3]'          1
907    'PGamma[17,2,1]'          0.888454
908    'PGamma[17,2,2]'          1
909    'PGamma[17,2,3]'          0.97814
910    'PGamma[17,3,1]'          1
911    'PGamma[17,3,2]'          1.01057
912    'PGamma[17,3,3]'          1
913    'PGamma[18,1,1]'          1
914    'PGamma[18,1,2]'          1.11936
915    'PGamma[18,1,3]'          1
916    'PGamma[18,2,1]'          0.888332
917    'PGamma[18,2,2]'          1
918    'PGamma[18,2,3]'          0.979175
919    'PGamma[18,3,1]'          1
920    'PGamma[18,3,2]'          1.00913
921    'PGamma[18,3,3]'          1
922    'PGamma[19,1,1]'          1
923    'PGamma[19,1,2]'          1.11949
924    'PGamma[19,1,3]'          1
925    'PGamma[19,2,1]'          0.888222
926    'PGamma[19,2,2]'          1
927    'PGamma[19,2,3]'          0.980113
928    'PGamma[19,3,1]'          1
929    'PGamma[19,3,2]'          1.00783
930    'PGamma[19,3,3]'          1
931    'PGamma[20,1,1]'          1
932    'PGamma[20,1,2]'          1.11961
933    'PGamma[20,1,3]'          1
934    'PGamma[20,2,1]'          0.888125
935    'PGamma[20,2,2]'          1
936    'PGamma[20,2,3]'          0.980941
937    'PGamma[20,3,1]'          1
938    'PGamma[20,3,2]'          1.00668
939    'PGamma[20,3,3]'          1
940    'PGamma[21,1,1]'          1
941    'PGamma[21,1,2]'          1.11971
942    'PGamma[21,1,3]'          1
943    'PGamma[21,2,1]'          0.888041
944    'PGamma[21,2,2]'          1
945    'PGamma[21,2,3]'          0.98166
946    'PGamma[21,3,1]'          1
947    'PGamma[21,3,2]'          1.00569
948    'PGamma[21,3,3]'          1
949    'PGamma[22,1,1]'          1
950    'PGamma[22,1,2]'          1.1198
951    'PGamma[22,1,3]'          1
952    'PGamma[22,2,1]'          0.887969
953    'PGamma[22,2,2]'          1
954    'PGamma[22,2,3]'          0.982275
955    'PGamma[22,3,1]'          1
956    'PGamma[22,3,2]'          1.00484
957    'PGamma[22,3,3]'          1
958    'PGamma[23,1,1]'          1
959    'PGamma[23,1,2]'          1.11987
960    'PGamma[23,1,3]'          1
961    'PGamma[23,2,1]'          0.887908
962    'PGamma[23,2,2]'          1
963    'PGamma[23,2,3]'          0.982802
964    'PGamma[23,3,1]'          1
965    'PGamma[23,3,2]'          1.00411
966    'PGamma[23,3,3]'          1
967    'PGamma[24,1,1]'          1
968    'PGamma[24,1,2]'          1.11994
969    'PGamma[24,1,3]'          1
970    'PGamma[24,2,1]'          0.887853
971    'PGamma[24,2,2]'          1
972    'PGamma[24,2,3]'          0.983269
973    'PGamma[24,3,1]'          1
974    'PGamma[24,3,2]'          1.00347
975    'PGamma[24,3,3]'          1
976    'PGamma[25,1,1]'          1
977    'PGamma[25,1,2]'          1.12
978    'PGamma[25,1,3]'          1
979    'PGamma[25,2,1]'          0.8878
980    'PGamma[25,2,2]'          1
981    'PGamma[25,2,3]'          0.983728
982    'PGamma[25,3,1]'          1
983    'PGamma[25,3,2]'          1.00284
984    'PGamma[25,3,3]'          1
985    'PGamma[26,1,1]'          1
986    'PGamma[26,1,2]'          1.12008
987    'PGamma[26,1,3]'          1
988    'PGamma[26,2,1]'          0.887734
989    'PGamma[26,2,2]'          1
990    'PGamma[26,2,3]'          0.984293
991    'PGamma[26,3,1]'          1
992    'PGamma[26,3,2]'          1.00206
993    'PGamma[26,3,3]'          1
994    'PGamma[27,1,1]'          1
995    'PGamma[27,1,2]'          1.12021
996    'PGamma[27,1,3]'          1
997    'PGamma[27,2,1]'          0.887625
998    'PGamma[27,2,2]'          1
999    'PGamma[27,2,3]'          0.98523
1000   'PGamma[27,3,1]'          1
1001   'PGamma[27,3,2]'          1.00078
1002   'PGamma[27,3,3]'          1
1003   'PGamma[28,1,1]'          1
1004   'PGamma[28,1,2]'          1.12048
1005   'PGamma[28,1,3]'          1
1006   'PGamma[28,2,1]'          0.887399
1007   'PGamma[28,2,2]'          1
1008   'PGamma[28,2,3]'          0.987167
1009   'PGamma[28,3,1]'          1
1010   'PGamma[28,3,2]'          0.998133
1011   'PGamma[28,3,3]'          1
1012   'PGamma[29,1,1]'          1
1013   'PGamma[29,1,2]'          1.12108
1014   'PGamma[29,1,3]'          1
1015   'PGamma[29,2,1]'          0.886903
1016   'PGamma[29,2,2]'          1
1017   'PGamma[29,2,3]'          0.991446
1018   'PGamma[29,3,1]'          1
1019   'PGamma[29,3,2]'          0.992331
1020   'PGamma[29,3,3]'          1
1021   'PGamma[30,1,1]'          1
1022   'PGamma[30,1,2]'          1.1223
1023   'PGamma[30,1,3]'          1
1024   'PGamma[30,2,1]'          0.88589
1025   'PGamma[30,2,2]'          1
1026   'PGamma[30,2,3]'          1.00025
1027   'PGamma[30,3,1]'          1
1028   'PGamma[30,3,2]'          0.980576
1029   'PGamma[30,3,3]'          1
1030   'SGamma1[1,1]'            0.00607976
1031   'SGamma1[1,2]'           -0.192927
1032   'SGamma1[1,3]'            0.00359486
1033   'SGamma1[2,1]'            0.00853549
1034   'SGamma1[2,2]'           -0.190092
1035   'SGamma1[2,3]'            0.00502267
1036   'SGamma1[3,1]'            0.0118069
1037   'SGamma1[3,2]'           -0.186352
1038   'SGamma1[3,3]'            0.00690329
1039   'SGamma1[4,1]'            0.0161379
1040   'SGamma1[4,2]'           -0.181465
1041   'SGamma1[4,3]'            0.0093553
1042   'SGamma1[5,1]'            0.0218235
1043   'SGamma1[5,2]'           -0.175159
1044   'SGamma1[5,3]'            0.0125093
1045   'SGamma1[6,1]'            0.0292043
1046   'SGamma1[6,2]'           -0.167161
1047   'SGamma1[6,3]'            0.0164941
1048   'SGamma1[7,1]'            0.0386446
1049   'SGamma1[7,2]'           -0.15724
1050   'SGamma1[7,3]'            0.0214115
1051   'SGamma1[8,1]'            0.0504867
1052   'SGamma1[8,2]'           -0.145284
1053   'SGamma1[8,3]'            0.0272977
1054   'SGamma1[9,1]'            0.0649731
1055   'SGamma1[9,2]'           -0.131391
1056   'SGamma1[9,3]'            0.0340754
1057   'SGamma1[10,1]'           0.0821393
1058   'SGamma1[10,2]'          -0.115947
1059   'SGamma1[10,3]'           0.0415076
1060   'SGamma1[11,1]'           0.101694
1061   'SGamma1[11,2]'          -0.099642
1062   'SGamma1[11,3]'           0.049168
1063   'SGamma1[12,1]'           0.122922
1064   'SGamma1[12,2]'          -0.0833799
1065   'SGamma1[12,3]'           0.056417
1066   'SGamma1[13,1]'           0.144617
1067   'SGamma1[13,2]'          -0.0681334
1068   'SGamma1[13,3]'           0.0622974
1069   'SGamma1[14,1]'           0.164968
1070   'SGamma1[14,2]'          -0.0549774
1071   'SGamma1[14,3]'           0.0651463
1072   'SGamma1[15,1]'           0.181104
1073   'SGamma1[15,2]'          -0.0458634
1074   'SGamma1[15,3]'           0.0617226
1075   'SGamma1[16,1]'           0.198497
1076   'SGamma1[16,2]'          -0.0395918
1077   'SGamma1[16,3]'           0.0644002
1078   'SGamma1[17,1]'           0.215886
1079   'SGamma1[17,2]'          -0.0342255
1080   'SGamma1[17,3]'           0.0666269
1081   'SGamma1[18,1]'           0.232671
1082   'SGamma1[18,2]'          -0.029854
1083   'SGamma1[18,3]'           0.0683729
1084   'SGamma1[19,1]'           0.248359
1085   'SGamma1[19,2]'          -0.0264455
1086   'SGamma1[19,3]'           0.0696652
1087   'SGamma1[20,1]'           0.262616
1088   'SGamma1[20,2]'          -0.0238869
1089   'SGamma1[20,3]'           0.0705672
1090   'SGamma1[21,1]'           0.275264
1091   'SGamma1[21,2]'          -0.0220291
1092   'SGamma1[21,3]'           0.0711548
1093   'SGamma1[22,1]'           0.28626
1094   'SGamma1[22,2]'          -0.0207256
1095   'SGamma1[22,3]'           0.0714949
1096   'SGamma1[23,1]'           0.295646
1097   'SGamma1[23,2]'          -0.0198629
1098   'SGamma1[23,3]'           0.0716238
1099   'SGamma1[24,1]'           0.303495
1100   'SGamma1[24,2]'          -0.0193945
1101   'SGamma1[24,3]'           0.0715129
1102   'SGamma1[25,1]'           0.309831
1103   'SGamma1[25,2]'          -0.0194073
1104   'SGamma1[25,3]'           0.0709888
1105   'SGamma1[26,1]'           0.314471
1106   'SGamma1[26,2]'          -0.0202909
1107   'SGamma1[26,3]'           0.0695349
1108   'SGamma1[27,1]'           0.316681
1109   'SGamma1[27,2]'          -0.02317
1110   'SGamma1[27,3]'           0.0658171
1111   'SGamma1[28,1]'           0.314365
1112   'SGamma1[28,2]'          -0.0309616
1113   'SGamma1[28,3]'           0.0567173
1114   'SGamma1[29,1]'           0.302351
1115   'SGamma1[29,2]'          -0.0506457
1116   'SGamma1[29,3]'           0.0362907
1117   'SGamma1[30,1]'           0.270038
1118   'SGamma1[30,2]'          -0.0963968
1119   'SGamma1[30,3]'          -0.000941079
1120   'SGamma2[1,1]'            0.998067
1121   'SGamma2[1,2]'            1.03786
1122   'SGamma2[1,3]'            0.999266
1123   'SGamma2[2,1]'            0.997286
1124   'SGamma2[2,2]'            1.03731
1125   'SGamma2[2,3]'            0.998974
1126   'SGamma2[3,1]'            0.996245
1127   'SGamma2[3,2]'            1.03659
1128   'SGamma2[3,3]'            0.99859
1129   'SGamma2[4,1]'            0.994868
1130   'SGamma2[4,2]'            1.03563
1131   'SGamma2[4,3]'            0.99809
1132   'SGamma2[5,1]'            0.993059
1133   'SGamma2[5,2]'            1.03441
1134   'SGamma2[5,3]'            0.997446
1135   'SGamma2[6,1]'            0.990711
1136   'SGamma2[6,2]'            1.03285
1137   'SGamma2[6,3]'            0.996634
1138   'SGamma2[7,1]'            0.987708
1139   'SGamma2[7,2]'            1.03092
1140   'SGamma2[7,3]'            0.995632
1141   'SGamma2[8,1]'            0.98394
1142   'SGamma2[8,2]'            1.02858
1143   'SGamma2[8,3]'            0.994433
1144   'SGamma2[9,1]'            0.97933
1145   'SGamma2[9,2]'            1.02587
1146   'SGamma2[9,3]'            0.993055
1147   'SGamma2[10,1]'           0.973866
1148   'SGamma2[10,2]'           1.02286
1149   'SGamma2[10,3]'           0.991547
1150   'SGamma2[11,1]'           0.967641
1151   'SGamma2[11,2]'           1.01968
1152   'SGamma2[11,3]'           0.989994
1153   'SGamma2[12,1]'           0.960882
1154   'SGamma2[12,2]'           1.01653
1155   'SGamma2[12,3]'           0.988529
1156   'SGamma2[13,1]'           0.953972
1157   'SGamma2[13,2]'           1.01366
1158   'SGamma2[13,3]'           0.987346
1159   'SGamma2[14,1]'           0.947486
1160   'SGamma2[14,2]'           1.01139
1161   'SGamma2[14,3]'           0.986785
1162   'SGamma2[15,1]'           0.942334
1163   'SGamma2[15,2]'           1.01039
1164   'SGamma2[15,3]'           0.987504
1165   'SGamma2[16,1]'           0.936791
1166   'SGamma2[16,2]'           1.00919
1167   'SGamma2[16,3]'           0.986969
1168   'SGamma2[17,1]'           0.931249
1169   'SGamma2[17,2]'           1.00815
1170   'SGamma2[17,3]'           0.986526
1171   'SGamma2[18,1]'           0.925898
1172   'SGamma2[18,2]'           1.00731
1173   'SGamma2[18,3]'           0.986181
1174   'SGamma2[19,1]'           0.920897
1175   'SGamma2[19,2]'           1.00666
1176   'SGamma2[19,3]'           0.985926
1177   'SGamma2[20,1]'           0.916351
1178   'SGamma2[20,2]'           1.00618
1179   'SGamma2[20,3]'           0.98575
1180   'SGamma2[21,1]'           0.912318
1181   'SGamma2[21,2]'           1.00582
1182   'SGamma2[21,3]'           0.985637
1183   'SGamma2[22,1]'           0.908812
1184   'SGamma2[22,2]'           1.00558
1185   'SGamma2[22,3]'           0.985572
1186   'SGamma2[23,1]'           0.905819
1187   'SGamma2[23,2]'           1.00543
1188   'SGamma2[23,3]'           0.98555
1189   'SGamma2[24,1]'           0.903315
1190   'SGamma2[24,2]'           1.00536
1191   'SGamma2[24,3]'           0.985576
1192   'SGamma2[25,1]'           0.901294
1193   'SGamma2[25,2]'           1.00541
1194   'SGamma2[25,3]'           0.985685
1195   'SGamma2[26,1]'           0.899812
1196   'SGamma2[26,2]'           1.0057
1197   'SGamma2[26,3]'           0.985982
1198   'SGamma2[27,1]'           0.899101
1199   'SGamma2[27,2]'           1.00656
1200   'SGamma2[27,3]'           0.986738
1201   'SGamma2[28,1]'           0.899826
1202   'SGamma2[28,2]'           1.00881
1203   'SGamma2[28,3]'           0.988583
1204   'SGamma2[29,1]'           0.903627
1205   'SGamma2[29,2]'           1.01444
1206   'SGamma2[29,3]'           0.992711
1207   'SGamma2[30,1]'           0.913876
1208   'SGamma2[30,2]'           1.02745
1209   'SGamma2[30,3]'           1.00019
1210   'gamma[1,1]'              0.999106
1211   'gamma[1,2]'              1.01357
1212   'gamma[1,3]'              1
1213   'gamma[2,1]'              0.998733
1214   'gamma[2,2]'              1.01381
1215   'gamma[2,3]'              1.00001
1216   'gamma[3,1]'              0.998228
1217   'gamma[3,2]'              1.01411
1218   'gamma[3,3]'              1.00002
1219   'gamma[4,1]'              0.997544
1220   'gamma[4,2]'              1.01448
1221   'gamma[4,3]'              1.00003
1222   'gamma[5,1]'              0.996621
1223   'gamma[5,2]'              1.01492
1224   'gamma[5,3]'              1.00006
1225   'gamma[6,1]'              0.995385
1226   'gamma[6,2]'              1.0154
1227   'gamma[6,3]'              1.00012
1228   'gamma[7,1]'              0.993747
1229   'gamma[7,2]'              1.01588
1230   'gamma[7,3]'              1.00023
1231   'gamma[8,1]'              0.991621
1232   'gamma[8,2]'              1.01627
1233   'gamma[8,3]'              1.00044
1234   'gamma[9,1]'              0.988941
1235   'gamma[9,2]'              1.01647
1236   'gamma[9,3]'              1.00082
1237   'gamma[10,1]'             0.985704
1238   'gamma[10,2]'             1.01633
1239   'gamma[10,3]'             1.00147
1240   'gamma[11,1]'             0.982012
1241   'gamma[11,2]'             1.01577
1242   'gamma[11,3]'             1.00255
1243   'gamma[12,1]'             0.978091
1244   'gamma[12,2]'             1.01476
1245   'gamma[12,3]'             1.00424
1246   'gamma[13,1]'             0.974254
1247   'gamma[13,2]'             1.01344
1248   'gamma[13,3]'             1.0067
1249   'gamma[14,1]'             0.970843
1250   'gamma[14,2]'             1.01207
1251   'gamma[14,3]'             1.01021
1252   'gamma[15,1]'             0.968299
1253   'gamma[15,2]'             1.01101
1254   'gamma[15,3]'             1.01524
1255   'gamma[16,1]'             0.966746
1256   'gamma[16,2]'             1.00918
1257   'gamma[16,3]'             1.01898
1258   'gamma[17,1]'             0.965701
1259   'gamma[17,2]'             1.00742
1260   'gamma[17,3]'             1.02323
1261   'gamma[18,1]'             0.965216
1262   'gamma[18,2]'             1.00582
1263   'gamma[18,3]'             1.02781
1264   'gamma[19,1]'             0.96526
1265   'gamma[19,2]'             1.00444
1266   'gamma[19,3]'             1.03255
1267   'gamma[20,1]'             0.965744
1268   'gamma[20,2]'             1.00331
1269   'gamma[20,3]'             1.03725
1270   'gamma[21,1]'             0.966543
1271   'gamma[21,2]'             1.00242
1272   'gamma[21,3]'             1.04173
1273   'gamma[22,1]'             0.967535
1274   'gamma[22,2]'             1.00175
1275   'gamma[22,3]'             1.04588
1276   'gamma[23,1]'             0.968614
1277   'gamma[23,2]'             1.00124
1278   'gamma[23,3]'             1.04963
1279   'gamma[24,1]'             0.969706
1280   'gamma[24,2]'             1.00088
1281   'gamma[24,3]'             1.05296
1282   'gamma[25,1]'             0.970775
1283   'gamma[25,2]'             1.00061
1284   'gamma[25,3]'             1.05589
1285   'gamma[26,1]'             0.971838
1286   'gamma[26,2]'             1.00043
1287   'gamma[26,3]'             1.05854
1288   'gamma[27,1]'             0.973006
1289   'gamma[27,2]'             1.0003
1290   'gamma[27,3]'             1.06109
1291   'gamma[28,1]'             0.974593
1292   'gamma[28,2]'             1.00019
1293   'gamma[28,3]'             1.06383
1294   'gamma[29,1]'             0.977324
1295   'gamma[29,2]'             0.999959
1296   'gamma[29,3]'             1.06659
1297   'gamma[30,1]'             0.982438
1298   'gamma[30,2]'             0.998978
1299   'gamma[30,3]'             1.06588
1300   'PrS[1,1]'           350188
1301   'PrS[1,2]'           142878
1302   'PrS[1,3]'           100541
1303   'PrS[2,1]'           349221
1304   'PrS[2,2]'           142455
1305   'PrS[2,3]'           100226
1306   'PrS[3,1]'           347938
1307   'PrS[3,2]'           141895
1308   'PrS[3,3]'            99808.3
1309   'PrS[4,1]'           346248
1310   'PrS[4,2]'           141156
1311   'PrS[4,3]'            99258.7
1312   'PrS[5,1]'           344046
1313   'PrS[5,2]'           140194
1314   'PrS[5,3]'            98542.9
1315   'PrS[6,1]'           341215
1316   'PrS[6,2]'           138958
1317   'PrS[6,3]'            97623.5
1318   'PrS[7,1]'           337641
1319   'PrS[7,2]'           137398
1320   'PrS[7,3]'            96464.3
1321   'PrS[8,1]'           333234
1322   'PrS[8,2]'           135476
1323   'PrS[8,3]'            95037
1324   'PrS[9,1]'           327955
1325   'PrS[9,2]'           133176
1326   'PrS[9,3]'            93330.5
1327   'PrS[10,1]'          321840
1328   'PrS[10,2]'          130514
1329   'PrS[10,3]'           91358.1
1330   'PrS[11,1]'          314989
1331   'PrS[11,2]'          127534
1332   'PrS[11,3]'           89153.8
1333   'PrS[12,1]'          307463
1334   'PrS[12,2]'          124265
1335   'PrS[12,3]'           86739.5
1336   'PrS[13,1]'          299023
1337   'PrS[13,2]'          120604
1338   'PrS[13,3]'           84041
1339   'PrS[14,1]'          288605
1340   'PrS[14,2]'          116093
1341   'PrS[14,3]'           80723.2
1342   'PrS[15,1]'          273550
1343   'PrS[15,2]'          109591
1344   'PrS[15,3]'           75956.4
1345   'PrS[16,1]'          269143
1346   'PrS[16,2]'          107691
1347   'PrS[16,3]'           74567.3
1348   'PrS[17,1]'          264951
1349   'PrS[17,2]'          105886
1350   'PrS[17,3]'           73248.5
1351   'PrS[18,1]'          261096
1352   'PrS[18,2]'          104227
1353   'PrS[18,3]'           72038.3
1354   'PrS[19,1]'          257654
1355   'PrS[19,2]'          102747
1356   'PrS[19,3]'           70959.4
1357   'PrS[20,1]'          254651
1358   'PrS[20,2]'          101457
1359   'PrS[20,3]'           70019.9
1360   'PrS[21,1]'          252078
1361   'PrS[21,2]'          100352
1362   'PrS[21,3]'           69216
1363   'PrS[22,1]'          249895
1364   'PrS[22,2]'           99415.6
1365   'PrS[22,3]'           68534.9
1366   'PrS[23,1]'          248039
1367   'PrS[23,2]'           98619.4
1368   'PrS[23,3]'           67956.3
1369   'PrS[24,1]'          246407
1370   'PrS[24,2]'           97919.8
1371   'PrS[24,3]'           67448.1
1372   'PrS[25,1]'          244815
1373   'PrS[25,2]'           97237.5
1374   'PrS[25,3]'           66952.7
1375   'PrS[26,1]'          242871
1376   'PrS[26,2]'           96404.8
1377   'PrS[26,3]'           66348.4
1378   'PrS[27,1]'          239678
1379   'PrS[27,2]'           95037.8
1380   'PrS[27,3]'           65357.2
1381   'PrS[28,1]'          233216
1382   'PrS[28,2]'           92274.2
1383   'PrS[28,3]'           63356.2
1384   'PrS[29,1]'          219569
1385   'PrS[29,2]'           86453.1
1386   'PrS[29,3]'           59154.2
1387   'PrS[30,1]'          194019
1388   'PrS[30,2]'           75615.4
1389   'PrS[30,3]'           51381
1390   'PrSF[1]'            189475
1391   'PrSF[2]'             73696.9
1392   'PrSF[3]'             50012.2
1393   Vap                     944.33
;

