solve_message =
'Knitro 10.3.0: Relative change in infeasible solution estimate < xtol for xtol_iters.\
objective 69.45248530372709; feasibility error 0.667\
611 iterations; 656 function evaluations'

:     _varname        _var        :=
1     'F[2]'        0
2     'F[3]'        0
3     'F[4]'        0
4     'F[5]'        0
5     'F[6]'        0
6     'F[7]'        0
7     'F[8]'      100
8     'F[9]'        0
9     'F[10]'       0
10    'F[11]'       0
11    'F[12]'       0
12    'F[13]'       0
13    'F[14]'       0
14    Vs           69.4525
15    'y[1,1]'      0.00467164
16    'y[1,2]'      0.085551
17    'y[1,3]'      0.909777
18    'y[2,1]'      0.0110721
19    'y[2,2]'      0.102846
20    'y[2,3]'      0.886082
21    'y[3,1]'      0.0239948
22    'y[3,2]'      0.116896
23    'y[3,3]'      0.859109
24    'y[4,1]'      0.0493353
25    'y[4,2]'      0.126714
26    'y[4,3]'      0.823951
27    'y[5,1]'      0.0964836
28    'y[5,2]'      0.130506
29    'y[5,3]'      0.773011
30    'y[6,1]'      0.176449
31    'y[6,2]'      0.125856
32    'y[6,3]'      0.697695
33    'y[7,1]'      0.293183
34    'y[7,2]'      0.111365
35    'y[7,3]'      0.595451
36    'y[8,1]'      0.431266
37    'y[8,2]'      0.547137
38    'y[8,3]'      0.0215975
39    'y[9,1]'      0.431266
40    'y[9,2]'      0.547137
41    'y[9,3]'      0.0215975
42    'y[10,1]'     0.431266
43    'y[10,2]'     0.547137
44    'y[10,3]'     0.0215975
45    'y[11,1]'     0.431266
46    'y[11,2]'     0.547137
47    'y[11,3]'     0.0215975
48    'y[12,1]'     0.431266
49    'y[12,2]'     0.547137
50    'y[12,3]'     0.0215975
51    'y[13,1]'     0.431266
52    'y[13,2]'     0.547137
53    'y[13,3]'     0.0215975
54    'y[14,1]'     0.431266
55    'y[14,2]'     0.547137
56    'y[14,3]'     0.0215975
57    'y[15,1]'     0.431266
58    'y[15,2]'     0.547137
59    'y[15,3]'     0.0215975
60    Ls          100
61    'x[1,1]'      0.00155544
62    'x[1,2]'      0.0654718
63    'x[1,3]'      0.932973
64    'x[2,1]'      0.00371971
65    'x[2,2]'      0.0794173
66    'x[2,3]'      0.916863
67    'x[3,1]'      0.00816499
68    'x[3,2]'      0.0914294
69    'x[3,3]'      0.900406
70    'x[4,1]'      0.0171401
71    'x[4,2]'      0.101187
72    'x[4,3]'      0.881673
73    'x[5,1]'      0.0347397
74    'x[5,2]'      0.108006
75    'x[5,3]'      0.857254
76    'x[6,1]'      0.0674854
77    'x[6,2]'      0.110639
78    'x[6,3]'      0.821875
79    'x[7,1]'      0.123024
80    'x[7,2]'      0.10741
81    'x[7,3]'      0.769566
82    'x[8,1]'      0.204098
83    'x[8,2]'      0.097346
84    'x[8,3]'      0.698556
85    'x[9,1]'      0.245682
86    'x[9,2]'      0.716423
87    'x[9,3]'      0.037895
88    'x[10,1]'     0.245682
89    'x[10,2]'     0.716423
90    'x[10,3]'     0.037895
91    'x[11,1]'     0.245682
92    'x[11,2]'     0.716423
93    'x[11,3]'     0.037895
94    'x[12,1]'     0.245682
95    'x[12,2]'     0.716423
96    'x[12,3]'     0.037895
97    'x[13,1]'     0.245682
98    'x[13,2]'     0.716423
99    'x[13,3]'     0.037895
100   'x[14,1]'     0.245682
101   'x[14,2]'     0.716423
102   'x[14,3]'     0.037895
103   'x[15,1]'     0.245682
104   'x[15,2]'     0.716423
105   'x[15,3]'     0.037895
106   PC           69.4525
107   PR           30.5475
108   Vap          69.4525
;

