solve_message =
'Knitro 10.3.0: Convergence to an infeasible point. Problem may be locally infeasible.\
objective 69.89981703112637; feasibility error 0.767\
36 iterations; 38 function evaluations'

:     _varname        _var         :=
1     'F[2]'        0
2     'F[3]'        0
3     'F[4]'        0
4     'F[5]'        0
5     'F[6]'        0
6     'F[7]'        0
7     'F[8]'        0
8     'F[9]'        0
9     'F[10]'       0
10    'F[11]'       0
11    'F[12]'       0
12    'F[13]'       0
13    'F[14]'       0
14    'F[15]'     100
15    'F[16]'       0
16    'F[17]'       0
17    'F[18]'       0
18    'F[19]'       0
19    'F[20]'       0
20    'F[21]'       0
21    'F[22]'       0
22    'F[23]'       0
23    'F[24]'       0
24    'F[25]'       0
25    'F[26]'       0
26    'F[27]'       0
27    'F[28]'       0
28    'F[29]'       0
29    Vs           69.8998
30    'y[1,1]'      1.86378e-05
31    'y[1,2]'      0.0177269
32    'y[1,3]'      0.982254
33    'y[2,1]'      4.55061e-05
34    'y[2,2]'      0.0218416
35    'y[2,3]'      0.978113
36    'y[3,1]'      0.000102925
37    'y[3,2]'      0.0256483
38    'y[3,3]'      0.974249
39    'y[4,1]'      0.000225508
40    'y[4,2]'      0.0291618
41    'y[4,3]'      0.970613
42    'y[5,1]'      0.000486936
43    'y[5,2]'      0.0323953
44    'y[5,3]'      0.967118
45    'y[6,1]'      0.00104377
46    'y[6,2]'      0.0353578
47    'y[6,3]'      0.963598
48    'y[7,1]'      0.00222764
49    'y[7,2]'      0.0380488
50    'y[7,3]'      0.959724
51    'y[8,1]'      0.00473692
52    'y[8,2]'      0.0404468
53    'y[8,3]'      0.954816
54    'y[9,1]'      0.0100247
55    'y[9,2]'      0.0424859
56    'y[9,3]'      0.947489
57    'y[10,1]'     0.0210402
58    'y[10,2]'     0.0440089
59    'y[10,3]'     0.934951
60    'y[11,1]'     0.0434601
61    'y[11,2]'     0.0446859
62    'y[11,3]'     0.911854
63    'y[12,1]'     0.0870295
64    'y[12,2]'     0.0439143
65    'y[12,3]'     0.869056
66    'y[13,1]'     0.164603
67    'y[13,2]'     0.0408428
68    'y[13,3]'     0.794555
69    'y[14,1]'     0.283417
70    'y[14,2]'     0.0348817
71    'y[14,3]'     0.681702
72    'y[15,1]'     0.429183
73    'y[15,2]'     0.566525
74    'y[15,3]'     0.00429186
75    'y[16,1]'     0.429183
76    'y[16,2]'     0.566525
77    'y[16,3]'     0.00429186
78    'y[17,1]'     0.429183
79    'y[17,2]'     0.566525
80    'y[17,3]'     0.00429186
81    'y[18,1]'     0.429183
82    'y[18,2]'     0.566525
83    'y[18,3]'     0.00429186
84    'y[19,1]'     0.429183
85    'y[19,2]'     0.566525
86    'y[19,3]'     0.00429186
87    'y[20,1]'     0.429183
88    'y[20,2]'     0.566525
89    'y[20,3]'     0.00429186
90    'y[21,1]'     0.429183
91    'y[21,2]'     0.566525
92    'y[21,3]'     0.00429186
93    'y[22,1]'     0.429183
94    'y[22,2]'     0.566525
95    'y[22,3]'     0.00429186
96    'y[23,1]'     0.429183
97    'y[23,2]'     0.566525
98    'y[23,3]'     0.00429186
99    'y[24,1]'     0.429183
100   'y[24,2]'     0.566525
101   'y[24,3]'     0.00429186
102   'y[25,1]'     0.429183
103   'y[25,2]'     0.566525
104   'y[25,3]'     0.00429186
105   'y[26,1]'     0.429183
106   'y[26,2]'     0.566525
107   'y[26,3]'     0.00429186
108   'y[27,1]'     0.429183
109   'y[27,2]'     0.566525
110   'y[27,3]'     0.00429186
111   'y[28,1]'     0.429183
112   'y[28,2]'     0.566525
113   'y[28,3]'     0.00429186
114   'y[29,1]'     0.429183
115   'y[29,2]'     0.566525
116   'y[29,3]'     0.00429186
117   'y[30,1]'     0.429183
118   'y[30,2]'     0.566525
119   'y[30,3]'     0.00429186
120   Ls          100
121   'x[1,1]'      6.07866e-06
122   'x[1,2]'      0.013289
123   'x[1,3]'      0.986705
124   'x[2,1]'      1.48575e-05
125   'x[2,2]'      0.0163911
126   'x[2,3]'      0.983594
127   'x[3,1]'      3.36384e-05
128   'x[3,2]'      0.0192673
129   'x[3,3]'      0.980699
130   'x[4,1]'      7.37739e-05
131   'x[4,2]'      0.0219281
132   'x[4,3]'      0.977998
133   'x[5,1]'      0.000159459
134   'x[5,2]'      0.024384
135   'x[5,3]'      0.975457
136   'x[6,1]'      0.000342197
137   'x[6,2]'      0.0266442
138   'x[6,3]'      0.973014
139   'x[7,1]'      0.000731421
140   'x[7,2]'      0.028715
141   'x[7,3]'      0.970554
142   'x[8,1]'      0.00155895
143   'x[8,2]'      0.030596
144   'x[8,3]'      0.967845
145   'x[9,1]'      0.00331293
146   'x[9,2]'      0.0322722
147   'x[9,3]'      0.964415
148   'x[10,1]'     0.0070091
149   'x[10,2]'     0.0336975
150   'x[10,3]'     0.959293
151   'x[11,1]'     0.0147089
152   'x[11,2]'     0.0347621
153   'x[11,3]'     0.950529
154   'x[12,1]'     0.0303804
155   'x[12,2]'     0.0352354
156   'x[12,3]'     0.934384
157   'x[13,1]'     0.0608353
158   'x[13,2]'     0.034696
159   'x[13,3]'     0.904469
160   'x[14,1]'     0.115059
161   'x[14,2]'     0.032549
162   'x[14,3]'     0.852392
163   'x[15,1]'     0.198109
164   'x[15,2]'     0.0283822
165   'x[15,3]'     0.773508
166   'x[16,1]'     0.246012
167   'x[16,2]'     0.746411
168   'x[16,3]'     0.0075772
169   'x[17,1]'     0.246012
170   'x[17,2]'     0.746411
171   'x[17,3]'     0.0075772
172   'x[18,1]'     0.246012
173   'x[18,2]'     0.746411
174   'x[18,3]'     0.0075772
175   'x[19,1]'     0.246012
176   'x[19,2]'     0.746411
177   'x[19,3]'     0.0075772
178   'x[20,1]'     0.246012
179   'x[20,2]'     0.746411
180   'x[20,3]'     0.0075772
181   'x[21,1]'     0.246012
182   'x[21,2]'     0.746411
183   'x[21,3]'     0.0075772
184   'x[22,1]'     0.246012
185   'x[22,2]'     0.746411
186   'x[22,3]'     0.0075772
187   'x[23,1]'     0.246012
188   'x[23,2]'     0.746411
189   'x[23,3]'     0.0075772
190   'x[24,1]'     0.246012
191   'x[24,2]'     0.746411
192   'x[24,3]'     0.0075772
193   'x[25,1]'     0.246012
194   'x[25,2]'     0.746411
195   'x[25,3]'     0.0075772
196   'x[26,1]'     0.246012
197   'x[26,2]'     0.746411
198   'x[26,3]'     0.0075772
199   'x[27,1]'     0.246012
200   'x[27,2]'     0.746411
201   'x[27,3]'     0.0075772
202   'x[28,1]'     0.246012
203   'x[28,2]'     0.746411
204   'x[28,3]'     0.0075772
205   'x[29,1]'     0.246012
206   'x[29,2]'     0.746411
207   'x[29,3]'     0.0075772
208   'x[30,1]'     0.246012
209   'x[30,2]'     0.746411
210   'x[30,3]'     0.0075772
211   PC           69.8998
212   PR           30.1002
213   Vap          69.8998
;

