solve_message = 'Knitro 10.3.0: Locally optimal or satisfactory solution.\
objective 99.7123549893412; feasibility error 1.73e-10\
187 iterations; 209 function evaluations'

:     _varname        _var         :=
1     'F[2]'        0
2     'F[3]'        0
3     'F[4]'        0
4     'F[5]'        0
5     'F[6]'        0
6     'F[7]'        0
7     'F[8]'        0
8     'F[9]'        0
9     'F[10]'       0
10    'F[11]'       0
11    'F[12]'       0
12    'F[13]'       0
13    'F[14]'       0
14    'F[15]'     100
15    'F[16]'       0
16    'F[17]'       0
17    'F[18]'       0
18    'F[19]'       0
19    'F[20]'       0
20    'F[21]'       0
21    'F[22]'       0
22    'F[23]'       0
23    'F[24]'       0
24    'F[25]'       0
25    'F[26]'       0
26    'F[27]'       0
27    'F[28]'       0
28    'F[29]'       0
29    Vs           99.7124
30    'y[1,1]'      0.011002
31    'y[1,2]'      0.631827
32    'y[1,3]'      0.357171
33    'y[2,1]'      0.0207467
34    'y[2,2]'      0.662901
35    'y[2,3]'      0.316353
36    'y[3,1]'      0.0346627
37    'y[3,2]'      0.672944
38    'y[3,3]'      0.292394
39    'y[4,1]'      0.0541384
40    'y[4,2]'      0.669062
41    'y[4,3]'      0.2768
42    'y[5,1]'      0.0806525
43    'y[5,2]'      0.654664
44    'y[5,3]'      0.264683
45    'y[6,1]'      0.115414
46    'y[6,2]'      0.631287
47    'y[6,3]'      0.253299
48    'y[7,1]'      0.158793
49    'y[7,2]'      0.599961
50    'y[7,3]'      0.241246
51    'y[8,1]'      0.209694
52    'y[8,2]'      0.56221
53    'y[8,3]'      0.228096
54    'y[9,1]'      0.265277
55    'y[9,2]'      0.520545
56    'y[9,3]'      0.214178
57    'y[10,1]'     0.321396
58    'y[10,2]'     0.47829
59    'y[10,3]'     0.200314
60    'y[11,1]'     0.373744
61    'y[11,2]'     0.438798
62    'y[11,3]'     0.187458
63    'y[12,1]'     0.41909
64    'y[12,2]'     0.404557
65    'y[12,3]'     0.176352
66    'y[13,1]'     0.455918
67    'y[13,2]'     0.376737
68    'y[13,3]'     0.167344
69    'y[14,1]'     0.484294
70    'y[14,2]'     0.355298
71    'y[14,3]'     0.160408
72    'y[15,1]'     0.505282
73    'y[15,2]'     0.339439
74    'y[15,3]'     0.15528
75    'y[16,1]'     0.513729
76    'y[16,2]'     0.361431
77    'y[16,3]'     0.12484
78    'y[17,1]'     0.524094
79    'y[17,2]'     0.377524
80    'y[17,3]'     0.0983812
81    'y[18,1]'     0.5378
82    'y[18,2]'     0.386292
83    'y[18,3]'     0.0759077
84    'y[19,1]'     0.556848
85    'y[19,2]'     0.385979
86    'y[19,3]'     0.0571731
87    'y[20,1]'     0.583675
88    'y[20,2]'     0.374513
89    'y[20,3]'     0.0418119
90    'y[21,1]'     0.620567
91    'y[21,2]'     0.34998
92    'y[21,3]'     0.0294536
93    'y[22,1]'     0.668438
94    'y[22,2]'     0.311774
95    'y[22,3]'     0.0197877
96    'y[23,1]'     0.72536
97    'y[23,2]'     0.262083
98    'y[23,3]'     0.0125562
99    'y[24,1]'     0.786071
100   'y[24,2]'     0.206451
101   'y[24,3]'     0.00747816
102   'y[25,1]'     0.84363
103   'y[25,2]'     0.152191
104   'y[25,3]'     0.00417875
105   'y[26,1]'     0.892387
106   'y[26,2]'     0.105411
107   'y[26,3]'     0.00220252
108   'y[27,1]'     0.929897
109   'y[27,2]'     0.069
110   'y[27,3]'     0.00110331
111   'y[28,1]'     0.956676
112   'y[28,2]'     0.0427967
113   'y[28,3]'     0.000527524
114   'y[29,1]'     0.974794
115   'y[29,2]'     0.024967
116   'y[29,3]'     0.000239063
117   'y[30,1]'     0.986613
118   'y[30,2]'     0.0132877
119   'y[30,3]'     9.89844e-05
120   Ls          169.609
121   'x[1,1]'      0.00429203
122   'x[1,2]'      0.566548
123   'x[1,3]'      0.42916
124   'x[2,1]'      0.00823676
125   'x[2,2]'      0.604925
126   'x[2,3]'      0.386838
127   'x[3,1]'      0.0139656
128   'x[3,2]'      0.623193
129   'x[3,3]'      0.362841
130   'x[4,1]'      0.0221468
131   'x[4,2]'      0.629097
132   'x[4,3]'      0.348756
133   'x[5,1]'      0.0335964
134   'x[5,2]'      0.626815
135   'x[5,3]'      0.339588
136   'x[6,1]'      0.0491839
137   'x[6,2]'      0.618351
138   'x[6,3]'      0.332465
139   'x[7,1]'      0.0696203
140   'x[7,2]'      0.604607
141   'x[7,3]'      0.325772
142   'x[8,1]'      0.0951223
143   'x[8,2]'      0.586191
144   'x[8,3]'      0.318686
145   'x[9,1]'      0.125047
146   'x[9,2]'      0.563997
147   'x[9,3]'      0.310956
148   'x[10,1]'     0.157724
149   'x[10,2]'     0.539503
150   'x[10,3]'     0.302773
151   'x[11,1]'     0.190716
152   'x[11,2]'     0.514662
153   'x[11,3]'     0.294623
154   'x[12,1]'     0.221491
155   'x[12,2]'     0.491444
156   'x[12,3]'     0.287065
157   'x[13,1]'     0.24815
158   'x[13,2]'     0.471315
159   'x[13,3]'     0.280536
160   'x[14,1]'     0.2698
161   'x[14,2]'     0.454959
162   'x[14,3]'     0.27524
163   'x[15,1]'     0.286482
164   'x[15,2]'     0.442355
165   'x[15,3]'     0.271163
166   'x[16,1]'     0.297127
167   'x[16,2]'     0.480484
168   'x[16,3]'     0.222389
169   'x[17,1]'     0.309227
170   'x[17,2]'     0.511988
171   'x[17,3]'     0.178785
172   'x[18,1]'     0.324075
173   'x[18,2]'     0.535041
174   'x[18,3]'     0.140884
175   'x[19,1]'     0.343708
176   'x[19,2]'     0.5476
177   'x[19,3]'     0.108692
178   'x[20,1]'     0.370993
179   'x[20,2]'     0.547152
180   'x[20,3]'     0.0818551
181   'x[21,1]'     0.409422
182   'x[21,2]'     0.530727
183   'x[21,3]'     0.0598509
184   'x[22,1]'     0.462268
185   'x[22,2]'     0.495584
186   'x[22,3]'     0.0421481
187   'x[23,1]'     0.530842
188   'x[23,2]'     0.440856
189   'x[23,3]'     0.0283022
190   'x[24,1]'     0.61238
191   'x[24,2]'     0.369676
192   'x[24,3]'     0.0179434
193   'x[25,1]'     0.699345
194   'x[25,2]'     0.289985
195   'x[25,3]'     0.0106693
196   'x[26,1]'     0.781796
197   'x[26,2]'     0.212261
198   'x[26,3]'     0.00594307
199   'x[27,1]'     0.851638
200   'x[27,2]'     0.14525
201   'x[27,3]'     0.00311221
202   'x[28,1]'     0.905369
203   'x[28,2]'     0.0930931
204   'x[28,3]'     0.00153764
205   'x[29,1]'     0.943729
206   'x[29,2]'     0.0555581
207   'x[29,3]'     0.000712848
208   'x[30,1]'     0.969683
209   'x[30,2]'     0.0300178
210   'x[30,3]'     0.00029964
211   PC           30.103
212   PR           69.897
213   Vap          99.7124
;

